Test signal = /testbench/cpu/l3/cpu(0)/u0/leon3x0/vhdl/p0/iu/r.d.cwp
oldval = 111
pos1: 2 pos0: -1 posU: -1
newval = 110
force in 4748129
606,240 ns >> iteration no: 0
4,038,140 ns >> iteration no: 1
Signal value: 101
oldval = 101
pos1: 2 pos0: 1 posU: -1
newval = 100
Error detected -> Trying to recover
Successful recovery -> Returning to normal execution
7,494,340 ns >> iteration no: 2
10,926,690 ns >> iteration no: 3
14,358,790 ns >> iteration no: 4
17,790,340 ns >> prog fin.
compare to golden: 1
======================================
progstatus: 1
execerr: 1
latent: 1
program execution success!
total iterations: 5
>>>>>>>>>>>>>>> 17790340000
======================================
