Test signal = /testbench/cpu/l3/cpu(0)/u0/leon3x0/vhdl/p0/iu/r.a.rsel2
oldval = 100
pos1: 0 pos0: 2 posU: -1
newval = 000
force in 11239626
606,240 ns >> iteration no: 0
4,038,140 ns >> iteration no: 1
7,470,515 ns >> iteration no: 2
10,902,715 ns >> iteration no: 3
Signal value: 011
oldval = 011
pos1: 2 pos0: 0 posU: -1
newval = 010
Error detected -> Trying to recover
Successful recovery -> Returning to normal execution
14,358,665 ns >> iteration no: 4
17,789,815 ns >> prog fin.
compare to golden: 1
======================================
progstatus: 1
execerr: 1
latent: 1
program execution success!
total iterations: 5
>>>>>>>>>>>>>>> 17789815000
======================================
