Test signal = /testbench/cpu/l3/cpu(0)/u0/leon3x0/vhdl/p0/iu/r.d.inull
oldval = 1
pos1: 0 pos0: -1 posU: -1
newval = 0
force in 11439650
606,240 ns >> iteration no: 0
4,038,140 ns >> iteration no: 1
7,470,515 ns >> iteration no: 2
10,902,715 ns >> iteration no: 3
Signal value: 0
oldval = 0
pos1: -1 pos0: 0 posU: -1
newval = 1
12,092,515 ns >> prog exec ERROR.
compare to golden: 1
======================================
progstatus: -1
execerr: 0
latent: 1
program error!
>>>>>>>>>>>>>>> 12092515000
======================================
