Test signal = /testbench/cpu/l3/cpu(0)/u0/leon3x0/vhdl/p0/iu/r.a.rsel1
oldval = 000
pos1: -1 pos0: 2 posU: -1
newval = 001
force in 117272
606,240 ns >> iteration no: 0
Signal value: 010
oldval = 010
pos1: 1 pos0: 2 posU: -1
newval = 000
Error detected -> Trying to recover
Successful recovery -> Returning to normal execution
4,060,565 ns >> iteration no: 1
7,492,815 ns >> iteration no: 2
10,925,040 ns >> iteration no: 3
14,357,515 ns >> iteration no: 4
17,788,940 ns >> prog fin.
compare to golden: 1
======================================
progstatus: 1
execerr: 1
latent: 1
program execution success!
total iterations: 5
>>>>>>>>>>>>>>> 17788940000
======================================
