Test signal = /testbench/cpu/l3/cpu(0)/u0/leon3x0/vhdl/p0/iu/r.d.cnt
oldval = 00
pos1: -1 pos0: 1 posU: -1
newval = 01
force in 15221155
606,240 ns >> iteration no: 0
4,038,140 ns >> iteration no: 1
7,470,515 ns >> iteration no: 2
10,902,715 ns >> iteration no: 3
14,334,665 ns >> iteration no: 4
Signal value: 01
oldval = 01
pos1: 1 pos0: 0 posU: -1
newval = 00
Error detected -> Trying to recover
Successful recovery -> Returning to normal execution
17,789,965 ns >> prog fin.
compare to golden: 1
======================================
progstatus: 1
execerr: 1
latent: 1
program execution success!
total iterations: 5
>>>>>>>>>>>>>>> 17789965000
======================================
