Test signal = /testbench/cpu/l3/cpu(0)/u0/leon3x0/vhdl/p0/iu/r.d.pc
oldval = 01000000000000000000001011100000
pos1: 26 pos0: 31 posU: -1
newval = 01000000000000000000001011000000
force in 432833
596,490 ns >> iteration no: 0
616,940 ns >> iteration no: 1
637,240 ns >> iteration no: 2
657,540 ns >> iteration no: 3
678,015 ns >> iteration no: 4
698,640 ns >> iteration no: 5
719,065 ns >> iteration no: 6
739,365 ns >> iteration no: 7
759,565 ns >> iteration no: 8
780,015 ns >> iteration no: 9
800,440 ns >> iteration no: 10
820,965 ns >> iteration no: 11
841,440 ns >> iteration no: 12
861,765 ns >> iteration no: 13
882,065 ns >> iteration no: 14
902,490 ns >> iteration no: 15
922,990 ns >> iteration no: 16
943,440 ns >> iteration no: 17
963,740 ns >> iteration no: 18
984,040 ns >> iteration no: 19
1,004,515 ns >> iteration no: 20
Signal value: 01000000000000000000001001010100
oldval = 01000000000000000000001001010100
pos1: 29 pos0: 31 posU: -1
newval = 01000000000000000000001001010000
Error detected -> Trying to recover
Successful recovery -> Returning to normal execution
1,027,365 ns >> iteration no: 21
1,047,565 ns >> iteration no: 22
1,068,015 ns >> iteration no: 23
1,088,440 ns >> iteration no: 24
1,108,965 ns >> iteration no: 25
1,129,440 ns >> iteration no: 26
1,149,765 ns >> iteration no: 27
1,170,065 ns >> iteration no: 28
1,190,490 ns >> iteration no: 29
1,210,990 ns >> iteration no: 30
1,231,440 ns >> iteration no: 31
1,251,740 ns >> iteration no: 32
1,272,040 ns >> iteration no: 33
1,292,515 ns >> iteration no: 34
1,313,140 ns >> iteration no: 35
1,333,615 ns >> iteration no: 36
1,353,915 ns >> iteration no: 37
1,374,140 ns >> iteration no: 38
1,394,590 ns >> iteration no: 39
1,415,065 ns >> iteration no: 40
1,435,690 ns >> iteration no: 41
1,455,990 ns >> iteration no: 42
1,476,265 ns >> iteration no: 43
1,496,565 ns >> iteration no: 44
1,516,990 ns >> iteration no: 45
1,537,465 ns >> iteration no: 46
1,557,915 ns >> iteration no: 47
1,578,190 ns >> iteration no: 48
1,598,490 ns >> iteration no: 49
1,618,015 ns >> prog fin.
compare to golden: 1
======================================
progstatus: 1
execerr: 1
latent: 1
program execution success!
total iterations: 50
>>>>>>>>>>>>>>> 1618015000
======================================
