Test signal = /testbench/cpu/l3/cpu(0)/u0/leon3x0/vhdl/p0/iu/r.x.nerror
oldval = 0
pos1: -1 pos0: 0 posU: -1
newval = 1
force in 84365
596,490 ns >> iteration no: 0
616,940 ns >> iteration no: 1
637,240 ns >> iteration no: 2
657,540 ns >> iteration no: 3
Signal value: 0
oldval = 0
pos1: -1 pos0: 0 posU: -1
newval = 1
compare to golden: 1
======================================
progstatus: 0
execerr: 0
latent: 1
progstatus default value, probably error!
>>>>>>>>>>>>>>> 663455000
======================================
