Test signal = /testbench/cpu/l3/cpu(0)/u0/leon3x0/vhdl/p0/iu/r.e.op2
oldval = 00000000000000000000000000000000
pos1: -1 pos0: 31 posU: -1
newval = 00000000000000000000000000000001
force in 274789
596,490 ns >> iteration no: 0
616,940 ns >> iteration no: 1
637,240 ns >> iteration no: 2
657,540 ns >> iteration no: 3
678,015 ns >> iteration no: 4
698,640 ns >> iteration no: 5
719,065 ns >> iteration no: 6
739,365 ns >> iteration no: 7
759,565 ns >> iteration no: 8
780,015 ns >> iteration no: 9
800,440 ns >> iteration no: 10
820,965 ns >> iteration no: 11
841,440 ns >> iteration no: 12
Signal value: 00000000000000000000000000000000
oldval = 00000000000000000000000000000000
pos1: -1 pos0: 31 posU: -1
newval = 00000000000000000000000000000001
compare to golden: 1
======================================
progstatus: 0
execerr: 0
latent: 1
progstatus default value, probably error!
>>>>>>>>>>>>>>> 882690000
======================================
