Test signal = /testbench/cpu/l3/cpu(0)/u0/leon3x0/vhdl/p0/iu/r.a.wunf
oldval = 0
pos1: -1 pos0: 0 posU: -1
newval = 1
force in 188632
596,490 ns >> iteration no: 0
616,940 ns >> iteration no: 1
637,240 ns >> iteration no: 2
657,540 ns >> iteration no: 3
678,015 ns >> iteration no: 4
698,640 ns >> iteration no: 5
719,065 ns >> iteration no: 6
739,365 ns >> iteration no: 7
759,565 ns >> iteration no: 8
Signal value: 0
oldval = 0
pos1: -1 pos0: 0 posU: -1
newval = 1
806,715 ns >> iteration no: 9
827,265 ns >> iteration no: 10
847,740 ns >> iteration no: 11
868,165 ns >> iteration no: 12
888,465 ns >> iteration no: 13
908,890 ns >> iteration no: 14
929,390 ns >> iteration no: 15
949,840 ns >> iteration no: 16
970,140 ns >> iteration no: 17
990,440 ns >> iteration no: 18
1,010,915 ns >> iteration no: 19
1,031,540 ns >> iteration no: 20
1,052,015 ns >> iteration no: 21
1,072,315 ns >> iteration no: 22
1,092,540 ns >> iteration no: 23
1,112,990 ns >> iteration no: 24
1,133,465 ns >> iteration no: 25
1,154,090 ns >> iteration no: 26
1,174,390 ns >> iteration no: 27
1,194,665 ns >> iteration no: 28
1,214,965 ns >> iteration no: 29
1,235,390 ns >> iteration no: 30
1,255,865 ns >> iteration no: 31
1,276,315 ns >> iteration no: 32
1,296,590 ns >> iteration no: 33
1,316,890 ns >> iteration no: 34
1,337,365 ns >> iteration no: 35
1,357,990 ns >> iteration no: 36
1,378,440 ns >> iteration no: 37
1,398,740 ns >> iteration no: 38
1,418,965 ns >> iteration no: 39
1,439,415 ns >> iteration no: 40
1,459,890 ns >> iteration no: 41
1,480,490 ns >> iteration no: 42
1,500,790 ns >> iteration no: 43
1,521,065 ns >> iteration no: 44
1,541,365 ns >> iteration no: 45
1,561,790 ns >> iteration no: 46
1,582,265 ns >> iteration no: 47
1,602,715 ns >> iteration no: 48
1,622,990 ns >> iteration no: 49
1,642,340 ns >> prog fin.
compare to golden: 1
======================================
progstatus: 1
execerr: 0
latent: 1
program execution success!
total iterations: 50
>>>>>>>>>>>>>>> 1642340000
======================================
