Test signal = /testbench/cpu/l3/cpu(0)/u0/leon3x0/vhdl/p0/iu/r.d.annul
oldval = 0
pos1: -1 pos0: 0 posU: -1
newval = 1
force in 160499
596,490 ns >> iteration no: 0
616,940 ns >> iteration no: 1
637,240 ns >> iteration no: 2
657,540 ns >> iteration no: 3
678,015 ns >> iteration no: 4
698,640 ns >> iteration no: 5
719,065 ns >> iteration no: 6
739,365 ns >> iteration no: 7
Signal value: 0
oldval = 0
pos1: -1 pos0: 0 posU: -1
newval = 1
Error detected -> Trying to recover
Successful recovery -> Returning to normal execution
763,865 ns >> iteration no: 8
784,165 ns >> iteration no: 9
804,365 ns >> iteration no: 10
824,815 ns >> iteration no: 11
845,240 ns >> iteration no: 12
865,765 ns >> iteration no: 13
886,240 ns >> iteration no: 14
906,565 ns >> iteration no: 15
926,865 ns >> iteration no: 16
947,290 ns >> iteration no: 17
967,790 ns >> iteration no: 18
988,240 ns >> iteration no: 19
1,008,540 ns >> iteration no: 20
1,028,840 ns >> iteration no: 21
1,049,315 ns >> iteration no: 22
1,069,940 ns >> iteration no: 23
1,090,415 ns >> iteration no: 24
1,110,715 ns >> iteration no: 25
1,130,940 ns >> iteration no: 26
1,151,390 ns >> iteration no: 27
1,171,865 ns >> iteration no: 28
1,192,490 ns >> iteration no: 29
1,212,790 ns >> iteration no: 30
1,233,065 ns >> iteration no: 31
1,253,365 ns >> iteration no: 32
1,273,790 ns >> iteration no: 33
1,294,265 ns >> iteration no: 34
1,314,715 ns >> iteration no: 35
1,334,990 ns >> iteration no: 36
1,355,290 ns >> iteration no: 37
1,375,765 ns >> iteration no: 38
1,396,390 ns >> iteration no: 39
1,416,840 ns >> iteration no: 40
1,437,140 ns >> iteration no: 41
1,457,365 ns >> iteration no: 42
1,477,815 ns >> iteration no: 43
1,498,290 ns >> iteration no: 44
1,518,890 ns >> iteration no: 45
1,539,190 ns >> iteration no: 46
1,559,465 ns >> iteration no: 47
1,579,765 ns >> iteration no: 48
1,600,190 ns >> iteration no: 49
1,619,615 ns >> prog fin.
compare to golden: 1
======================================
progstatus: 1
execerr: 1
latent: 1
program execution success!
total iterations: 50
>>>>>>>>>>>>>>> 1619615000
======================================
