Test signal = /testbench/cpu/l3/cpu(0)/u0/leon3x0/vhdl/p0/iu/r.d.annul
oldval = 0
pos1: -1 pos0: 0 posU: -1
newval = 1
force in 212419
596,490 ns >> iteration no: 0
616,940 ns >> iteration no: 1
637,240 ns >> iteration no: 2
657,540 ns >> iteration no: 3
678,015 ns >> iteration no: 4
698,640 ns >> iteration no: 5
719,065 ns >> iteration no: 6
739,365 ns >> iteration no: 7
759,565 ns >> iteration no: 8
780,015 ns >> iteration no: 9
Signal value: 0
oldval = 0
pos1: -1 pos0: 0 posU: -1
newval = 1
800,040 ns >> iteration no: 10
820,540 ns >> iteration no: 11
840,990 ns >> iteration no: 12
861,290 ns >> iteration no: 13
881,590 ns >> iteration no: 14
902,065 ns >> iteration no: 15
922,690 ns >> iteration no: 16
943,115 ns >> iteration no: 17
963,415 ns >> iteration no: 18
983,615 ns >> iteration no: 19
1,004,040 ns >> iteration no: 20
1,024,465 ns >> iteration no: 21
1,044,990 ns >> iteration no: 22
1,065,440 ns >> iteration no: 23
1,085,765 ns >> iteration no: 24
1,106,065 ns >> iteration no: 25
1,126,490 ns >> iteration no: 26
1,146,990 ns >> iteration no: 27
1,167,440 ns >> iteration no: 28
1,187,740 ns >> iteration no: 29
1,208,040 ns >> iteration no: 30
1,228,515 ns >> iteration no: 31
1,249,140 ns >> iteration no: 32
1,269,615 ns >> iteration no: 33
1,289,915 ns >> iteration no: 34
1,310,140 ns >> iteration no: 35
1,330,590 ns >> iteration no: 36
1,351,065 ns >> iteration no: 37
1,371,690 ns >> iteration no: 38
1,391,990 ns >> iteration no: 39
1,412,265 ns >> iteration no: 40
1,432,565 ns >> iteration no: 41
1,452,990 ns >> iteration no: 42
1,473,465 ns >> iteration no: 43
1,493,915 ns >> iteration no: 44
1,514,190 ns >> iteration no: 45
1,534,490 ns >> iteration no: 46
1,554,965 ns >> iteration no: 47
1,575,590 ns >> iteration no: 48
1,596,040 ns >> iteration no: 49
1,616,340 ns >> iteration no: 50
1,636,565 ns >> iteration no: 51
1,657,015 ns >> iteration no: 52
1,677,490 ns >> iteration no: 53
1,698,090 ns >> iteration no: 54
1,715,640 ns >> time limit reached...
compare to golden: 1
======================================
progstatus: -2
execerr: 0
latent: 1
time limit!
>>>>>>>>>>>>>>> 1715640000
======================================
