Test signal = /testbench/cpu/l3/u0/leon3x0/vhdl/p0/iu/r.f.branch
oldval = 0
pos1: -1 pos0: 0 posU: -1
newval = 1
force in 1003308
586290000 >> iteration no: 0
Signal value: 1
oldval = 1
pos1: 0 pos0: -1 posU: -1
newval = 0
1584990000 >> Requesting for the AHB bus...
1585590000 >> AHB granted, starting recovery...
1604790000 >> Recovery done, continuing...
1605490000 >> Requesting for the AHB bus...
1606265000 >> AHB granted, starting recovery...
1625465000 >> Recovery done, continuing...
1626165000 >> Requesting for the AHB bus...
1627090000 >> AHB granted, starting recovery...
1646290000 >> Recovery done, continuing...
1646990000 >> Requesting for the AHB bus...
1647765000 >> AHB granted, starting recovery...
1666965000 >> Recovery done, continuing...
1667665000 >> Requesting for the AHB bus...
1668440000 >> AHB granted, starting recovery...
1687640000 >> Recovery done, continuing...
1688340000 >> Requesting for the AHB bus...
1689115000 >> AHB granted, starting recovery...
1708315000 >> Recovery done, continuing...
1709015000 >> Requesting for the AHB bus...
1709790000 >> AHB granted, starting recovery...
1728990000 >> Recovery done, continuing...
1729690000 >> Requesting for the AHB bus...
1730465000 >> AHB granted, starting recovery...
1749665000 >> Recovery done, continuing...
1750365000 >> Requesting for the AHB bus...
1751140000 >> AHB granted, starting recovery...
1770340000 >> Recovery done, continuing...
1771040000 >> Requesting for the AHB bus...
1771815000 >> AHB granted, starting recovery...
1791015000 >> Recovery done, continuing...
1791715000 >> Requesting for the AHB bus...
1792490000 >> AHB granted, starting recovery...
1811690000 >> Recovery done, continuing...
1812390000 >> Requesting for the AHB bus...
1813165000 >> AHB granted, starting recovery...
1832365000 >> Recovery done, continuing...
1833065000 >> Requesting for the AHB bus...
1833840000 >> AHB granted, starting recovery...
1853040000 >> Recovery done, continuing...
1853740000 >> Requesting for the AHB bus...
1854515000 >> AHB granted, starting recovery...
1873715000 >> Recovery done, continuing...
1874415000 >> Requesting for the AHB bus...
1875190000 >> AHB granted, starting recovery...
1894390000 >> Recovery done, continuing...
1895265000 >> Requesting for the AHB bus...
1896040000 >> AHB granted, starting recovery...
1915240000 >> Recovery done, continuing...
1915940000 >> Requesting for the AHB bus...
1916715000 >> AHB granted, starting recovery...
1935915000 >> Recovery done, continuing...
1936615000 >> Requesting for the AHB bus...
1937390000 >> AHB granted, starting recovery...
1956590000 >> Recovery done, continuing...
1957290000 >> Requesting for the AHB bus...
1958065000 >> AHB granted, starting recovery...
1977265000 >> Recovery done, continuing...
1977965000 >> Requesting for the AHB bus...
1978915000 >> AHB granted, starting recovery...
1998115000 >> Recovery done, continuing...
1998815000 >> Requesting for the AHB bus...
1999590000 >> AHB granted, starting recovery...
2018790000 >> Recovery done, continuing...
2019490000 >> Requesting for the AHB bus...
2020265000 >> AHB granted, starting recovery...
2039465000 >> Recovery done, continuing...
2040165000 >> Requesting for the AHB bus...
2040940000 >> AHB granted, starting recovery...
2060140000 >> Recovery done, continuing...
2060840000 >> Requesting for the AHB bus...
2061615000 >> AHB granted, starting recovery...
2080815000 >> Recovery done, continuing...
2081515000 >> Requesting for the AHB bus...
2082290000 >> AHB granted, starting recovery...
2101490000 >> Recovery done, continuing...
2102190000 >> Requesting for the AHB bus...
2102965000 >> AHB granted, starting recovery...
2122165000 >> Recovery done, continuing...
2122865000 >> Requesting for the AHB bus...
2123640000 >> AHB granted, starting recovery...
2142840000 >> Recovery done, continuing...
2143540000 >> Requesting for the AHB bus...
2144315000 >> AHB granted, starting recovery...
2163515000 >> Recovery done, continuing...
2164340000 >> Requesting for the AHB bus...
2165115000 >> AHB granted, starting recovery...
2184315000 >> Recovery done, continuing...
2185015000 >> Requesting for the AHB bus...
2185790000 >> AHB granted, starting recovery...
2204990000 >> Recovery done, continuing...
2205690000 >> Requesting for the AHB bus...
2206465000 >> AHB granted, starting recovery...
2225665000 >> Recovery done, continuing...
2226365000 >> Requesting for the AHB bus...
2227140000 >> AHB granted, starting recovery...
2246340000 >> Recovery done, continuing...
2247215000 >> Requesting for the AHB bus...
2247990000 >> AHB granted, starting recovery...
2267190000 >> Recovery done, continuing...
2267890000 >> Requesting for the AHB bus...
2268665000 >> AHB granted, starting recovery...
2287865000 >> Recovery done, continuing...
2288565000 >> Requesting for the AHB bus...
2289340000 >> AHB granted, starting recovery...
2308540000 >> Recovery done, continuing...
2309240000 >> Requesting for the AHB bus...
2310015000 >> AHB granted, starting recovery...
2329215000 >> Recovery done, continuing...
2329915000 >> Requesting for the AHB bus...
2330690000 >> AHB granted, starting recovery...
2349890000 >> Recovery done, continuing...
2350590000 >> Requesting for the AHB bus...
2351365000 >> AHB granted, starting recovery...
2370565000 >> Recovery done, continuing...
2371265000 >> Requesting for the AHB bus...
2372040000 >> AHB granted, starting recovery...
2391240000 >> Recovery done, continuing...
2391940000 >> Requesting for the AHB bus...
2392715000 >> AHB granted, starting recovery...
2411915000 >> Recovery done, continuing...
2412615000 >> Requesting for the AHB bus...
2413390000 >> AHB granted, starting recovery...
2432590000 >> Recovery done, continuing...
2433290000 >> Requesting for the AHB bus...
2434065000 >> AHB granted, starting recovery...
2453265000 >> Recovery done, continuing...
2453965000 >> Requesting for the AHB bus...
2454740000 >> AHB granted, starting recovery...
2473940000 >> Recovery done, continuing...
2474640000 >> Requesting for the AHB bus...
2475415000 >> AHB granted, starting recovery...
2494615000 >> Recovery done, continuing...
2495315000 >> Requesting for the AHB bus...
2496090000 >> AHB granted, starting recovery...
2515290000 >> Recovery done, continuing...
2516165000 >> Requesting for the AHB bus...
2516940000 >> AHB granted, starting recovery...
2536140000 >> Recovery done, continuing...
2536840000 >> Requesting for the AHB bus...
2537615000 >> AHB granted, starting recovery...
2556815000 >> Recovery done, continuing...
2557515000 >> Requesting for the AHB bus...
2558290000 >> AHB granted, starting recovery...
2577490000 >> Recovery done, continuing...
2578190000 >> Requesting for the AHB bus...
2578965000 >> AHB granted, starting recovery...
2598165000 >> Recovery done, continuing...
2598865000 >> Requesting for the AHB bus...
2599790000 >> AHB granted, starting recovery...
2618990000 >> Recovery done, continuing...
2619690000 >> Requesting for the AHB bus...
2620465000 >> AHB granted, starting recovery...
2639665000 >> Recovery done, continuing...
2640365000 >> Requesting for the AHB bus...
2641140000 >> AHB granted, starting recovery...
2660340000 >> Recovery done, continuing...
2661040000 >> Requesting for the AHB bus...
2661815000 >> AHB granted, starting recovery...
2681015000 >> Recovery done, continuing...
2681715000 >> Requesting for the AHB bus...
2682490000 >> AHB granted, starting recovery...
2701690000 >> Recovery done, continuing...
2702390000 >> Requesting for the AHB bus...
2703165000 >> AHB granted, starting recovery...
2722365000 >> Recovery done, continuing...
2723065000 >> Requesting for the AHB bus...
2723840000 >> AHB granted, starting recovery...
2743040000 >> Recovery done, continuing...
2743740000 >> Requesting for the AHB bus...
2744515000 >> AHB granted, starting recovery...
2763715000 >> Recovery done, continuing...
2764415000 >> Requesting for the AHB bus...
2765190000 >> AHB granted, starting recovery...
2784390000 >> Recovery done, continuing...
2785140000 >> Requesting for the AHB bus...
2785915000 >> AHB granted, starting recovery...
2805115000 >> Recovery done, continuing...
2805815000 >> Requesting for the AHB bus...
2806590000 >> AHB granted, starting recovery...
2825790000 >> Recovery done, continuing...
2826490000 >> Requesting for the AHB bus...
2827265000 >> AHB granted, starting recovery...
2846465000 >> Recovery done, continuing...
2847165000 >> Requesting for the AHB bus...
2847940000 >> AHB granted, starting recovery...
2867140000 >> Recovery done, continuing...
2868015000 >> Requesting for the AHB bus...
2868790000 >> AHB granted, starting recovery...
2887990000 >> Recovery done, continuing...
2888690000 >> Requesting for the AHB bus...
2889465000 >> AHB granted, starting recovery...
2908665000 >> Recovery done, continuing...
2909365000 >> Requesting for the AHB bus...
2910140000 >> AHB granted, starting recovery...
2929340000 >> Recovery done, continuing...
2930040000 >> Requesting for the AHB bus...
2930815000 >> AHB granted, starting recovery...
2950015000 >> Recovery done, continuing...
2950715000 >> Requesting for the AHB bus...
2951490000 >> AHB granted, starting recovery...
2970690000 >> Recovery done, continuing...
2971390000 >> Requesting for the AHB bus...
2972165000 >> AHB granted, starting recovery...
2991365000 >> Recovery done, continuing...
2992065000 >> Requesting for the AHB bus...
2992840000 >> AHB granted, starting recovery...
3012040000 >> Recovery done, continuing...
3012740000 >> Requesting for the AHB bus...
3013515000 >> AHB granted, starting recovery...
3032715000 >> Recovery done, continuing...
3033415000 >> Requesting for the AHB bus...
3034190000 >> AHB granted, starting recovery...
3053390000 >> Recovery done, continuing...
3054090000 >> Requesting for the AHB bus...
3054865000 >> AHB granted, starting recovery...
3074065000 >> Recovery done, continuing...
3074765000 >> Requesting for the AHB bus...
3075540000 >> AHB granted, starting recovery...
3094740000 >> Recovery done, continuing...
3095440000 >> Requesting for the AHB bus...
3096215000 >> AHB granted, starting recovery...
3115415000 >> Recovery done, continuing...
3116115000 >> Requesting for the AHB bus...
3116890000 >> AHB granted, starting recovery...
3136090000 >> Recovery done, continuing...
3136965000 >> Requesting for the AHB bus...
3137740000 >> AHB granted, starting recovery...
3156940000 >> Recovery done, continuing...
3157640000 >> Requesting for the AHB bus...
3158415000 >> AHB granted, starting recovery...
3177615000 >> Recovery done, continuing...
3178315000 >> Requesting for the AHB bus...
3179090000 >> AHB granted, starting recovery...
3198290000 >> Recovery done, continuing...
3198990000 >> Requesting for the AHB bus...
3199765000 >> AHB granted, starting recovery...
3218965000 >> Recovery done, continuing...
3219665000 >> Requesting for the AHB bus...
3220590000 >> AHB granted, starting recovery...
3239790000 >> Recovery done, continuing...
3240490000 >> Requesting for the AHB bus...
3241265000 >> AHB granted, starting recovery...
3260465000 >> Recovery done, continuing...
3261165000 >> Requesting for the AHB bus...
3261940000 >> AHB granted, starting recovery...
3281140000 >> Recovery done, continuing...
3281840000 >> Requesting for the AHB bus...
3282615000 >> AHB granted, starting recovery...
3301815000 >> Recovery done, continuing...
3302515000 >> Requesting for the AHB bus...
3303290000 >> AHB granted, starting recovery...
3322490000 >> Recovery done, continuing...
3323190000 >> Requesting for the AHB bus...
3323965000 >> AHB granted, starting recovery...
3343165000 >> Recovery done, continuing...
3343865000 >> Requesting for the AHB bus...
3344640000 >> AHB granted, starting recovery...
3363840000 >> Recovery done, continuing...
3364540000 >> Requesting for the AHB bus...
3365315000 >> AHB granted, starting recovery...
3384515000 >> Recovery done, continuing...
3385215000 >> Requesting for the AHB bus...
3385990000 >> AHB granted, starting recovery...
3405190000 >> Recovery done, continuing...
3405940000 >> Requesting for the AHB bus...
3406715000 >> AHB granted, starting recovery...
3425915000 >> Recovery done, continuing...
3426615000 >> Requesting for the AHB bus...
3427390000 >> AHB granted, starting recovery...
3446590000 >> Recovery done, continuing...
3447290000 >> Requesting for the AHB bus...
3448065000 >> AHB granted, starting recovery...
3467265000 >> Recovery done, continuing...
3467965000 >> Requesting for the AHB bus...
3468740000 >> AHB granted, starting recovery...
3487940000 >> Recovery done, continuing...
3488815000 >> Requesting for the AHB bus...
3489590000 >> AHB granted, starting recovery...
3508790000 >> Recovery done, continuing...
3509490000 >> Requesting for the AHB bus...
3510265000 >> AHB granted, starting recovery...
3529465000 >> Recovery done, continuing...
3530165000 >> Requesting for the AHB bus...
3530940000 >> AHB granted, starting recovery...
3550140000 >> Recovery done, continuing...
3550840000 >> Requesting for the AHB bus...
3551615000 >> AHB granted, starting recovery...
3570815000 >> Recovery done, continuing...
3571515000 >> Requesting for the AHB bus...
3572290000 >> AHB granted, starting recovery...
3591490000 >> Recovery done, continuing...
3592190000 >> Requesting for the AHB bus...
3592965000 >> AHB granted, starting recovery...
3612165000 >> Recovery done, continuing...
3612865000 >> Requesting for the AHB bus...
3613640000 >> AHB granted, starting recovery...
3632840000 >> Recovery done, continuing...
3633540000 >> Requesting for the AHB bus...
3634315000 >> AHB granted, starting recovery...
3653515000 >> Recovery done, continuing...
3654215000 >> Requesting for the AHB bus...
3654990000 >> AHB granted, starting recovery...
3674190000 >> Recovery done, continuing...
3674890000 >> Requesting for the AHB bus...
3675665000 >> AHB granted, starting recovery...
3694865000 >> Recovery done, continuing...
3695565000 >> Requesting for the AHB bus...
3696340000 >> AHB granted, starting recovery...
3715540000 >> Recovery done, continuing...
3716240000 >> Requesting for the AHB bus...
3717015000 >> AHB granted, starting recovery...
3736215000 >> Recovery done, continuing...
3736915000 >> Requesting for the AHB bus...
3737690000 >> AHB granted, starting recovery...
3756890000 >> Recovery done, continuing...
3757765000 >> Requesting for the AHB bus...
3758540000 >> AHB granted, starting recovery...
3777740000 >> Recovery done, continuing...
3778440000 >> Requesting for the AHB bus...
3779215000 >> AHB granted, starting recovery...
3798415000 >> Recovery done, continuing...
3799115000 >> Requesting for the AHB bus...
3799890000 >> AHB granted, starting recovery...
3819090000 >> Recovery done, continuing...
3819790000 >> Requesting for the AHB bus...
3820565000 >> AHB granted, starting recovery...
3839765000 >> Recovery done, continuing...
3840465000 >> Requesting for the AHB bus...
3841390000 >> AHB granted, starting recovery...
3860590000 >> Recovery done, continuing...
3861290000 >> Requesting for the AHB bus...
3862065000 >> AHB granted, starting recovery...
3881265000 >> Recovery done, continuing...
3881965000 >> Requesting for the AHB bus...
3882740000 >> AHB granted, starting recovery...
3901940000 >> Recovery done, continuing...
3902640000 >> Requesting for the AHB bus...
3903415000 >> AHB granted, starting recovery...
3922615000 >> Recovery done, continuing...
3923315000 >> Requesting for the AHB bus...
3924090000 >> AHB granted, starting recovery...
3943290000 >> Recovery done, continuing...
3943990000 >> Requesting for the AHB bus...
3944765000 >> AHB granted, starting recovery...
3963965000 >> Recovery done, continuing...
3964665000 >> Requesting for the AHB bus...
3965440000 >> AHB granted, starting recovery...
3984640000 >> Recovery done, continuing...
3985340000 >> Requesting for the AHB bus...
3986115000 >> AHB granted, starting recovery...
4005315000 >> Recovery done, continuing...
4006015000 >> Requesting for the AHB bus...
4006790000 >> AHB granted, starting recovery...
4025990000 >> Recovery done, continuing...
4026740000 >> Requesting for the AHB bus...
4027515000 >> AHB granted, starting recovery...
4046715000 >> Recovery done, continuing...
4047415000 >> Requesting for the AHB bus...
4048190000 >> AHB granted, starting recovery...
4067390000 >> Recovery done, continuing...
4068090000 >> Requesting for the AHB bus...
4068865000 >> AHB granted, starting recovery...
4088065000 >> Recovery done, continuing...
4088765000 >> Requesting for the AHB bus...
4089540000 >> AHB granted, starting recovery...
4108740000 >> Recovery done, continuing...
4109615000 >> Requesting for the AHB bus...
4110390000 >> AHB granted, starting recovery...
4129590000 >> Recovery done, continuing...
4130290000 >> Requesting for the AHB bus...
4131065000 >> AHB granted, starting recovery...
4150265000 >> Recovery done, continuing...
4150965000 >> Requesting for the AHB bus...
4151740000 >> AHB granted, starting recovery...
4170940000 >> Recovery done, continuing...
4171640000 >> Requesting for the AHB bus...
4172415000 >> AHB granted, starting recovery...
4191615000 >> Recovery done, continuing...
4192315000 >> Requesting for the AHB bus...
4193090000 >> AHB granted, starting recovery...
4212290000 >> Recovery done, continuing...
4212990000 >> Requesting for the AHB bus...
4213765000 >> AHB granted, starting recovery...
4232965000 >> Recovery done, continuing...
4233665000 >> Requesting for the AHB bus...
4234440000 >> AHB granted, starting recovery...
4253640000 >> Recovery done, continuing...
4254340000 >> Requesting for the AHB bus...
4255115000 >> AHB granted, starting recovery...
4274315000 >> Recovery done, continuing...
4275015000 >> Requesting for the AHB bus...
4275790000 >> AHB granted, starting recovery...
4294990000 >> Recovery done, continuing...
4295690000 >> Requesting for the AHB bus...
4296465000 >> AHB granted, starting recovery...
4315665000 >> Recovery done, continuing...
4316365000 >> Requesting for the AHB bus...
4317140000 >> AHB granted, starting recovery...
4336340000 >> Recovery done, continuing...
4337040000 >> Requesting for the AHB bus...
4337815000 >> AHB granted, starting recovery...
4357015000 >> Recovery done, continuing...
4357715000 >> Requesting for the AHB bus...
4358490000 >> AHB granted, starting recovery...
4377690000 >> Recovery done, continuing...
4378565000 >> Requesting for the AHB bus...
4379340000 >> AHB granted, starting recovery...
4398540000 >> Recovery done, continuing...
4399240000 >> Requesting for the AHB bus...
4400015000 >> AHB granted, starting recovery...
4419215000 >> Recovery done, continuing...
4419915000 >> Requesting for the AHB bus...
4420690000 >> AHB granted, starting recovery...
4439890000 >> Recovery done, continuing...
4440590000 >> Requesting for the AHB bus...
4441365000 >> AHB granted, starting recovery...
4460565000 >> Recovery done, continuing...
4461265000 >> Requesting for the AHB bus...
4462190000 >> AHB granted, starting recovery...
4481390000 >> Recovery done, continuing...
4482090000 >> Requesting for the AHB bus...
4482865000 >> AHB granted, starting recovery...
4502065000 >> Recovery done, continuing...
4502765000 >> Requesting for the AHB bus...
4503540000 >> AHB granted, starting recovery...
4522740000 >> Recovery done, continuing...
4523440000 >> Requesting for the AHB bus...
4524215000 >> AHB granted, starting recovery...
4543415000 >> Recovery done, continuing...
4544115000 >> Requesting for the AHB bus...
4544890000 >> AHB granted, starting recovery...
4564090000 >> Recovery done, continuing...
4564790000 >> Requesting for the AHB bus...
4565565000 >> AHB granted, starting recovery...
4584765000 >> Recovery done, continuing...
4585465000 >> Requesting for the AHB bus...
4586240000 >> AHB granted, starting recovery...
4605440000 >> Recovery done, continuing...
4606140000 >> Requesting for the AHB bus...
4606915000 >> AHB granted, starting recovery...
4626115000 >> Recovery done, continuing...
4626815000 >> Requesting for the AHB bus...
4627590000 >> AHB granted, starting recovery...
4646790000 >> Recovery done, continuing...
4647540000 >> Requesting for the AHB bus...
4648315000 >> AHB granted, starting recovery...
4667515000 >> Recovery done, continuing...
4668215000 >> Requesting for the AHB bus...
4668990000 >> AHB granted, starting recovery...
4688190000 >> Recovery done, continuing...
4688890000 >> Requesting for the AHB bus...
4689665000 >> AHB granted, starting recovery...
4708865000 >> Recovery done, continuing...
4709565000 >> Requesting for the AHB bus...
4710340000 >> AHB granted, starting recovery...
4729540000 >> Recovery done, continuing...
4730415000 >> Requesting for the AHB bus...
4731190000 >> AHB granted, starting recovery...
4750390000 >> Recovery done, continuing...
4751090000 >> Requesting for the AHB bus...
4751865000 >> AHB granted, starting recovery...
4771065000 >> Recovery done, continuing...
4771765000 >> Requesting for the AHB bus...
4772540000 >> AHB granted, starting recovery...
4791740000 >> Recovery done, continuing...
4792440000 >> Requesting for the AHB bus...
4793215000 >> AHB granted, starting recovery...
4812415000 >> Recovery done, continuing...
4813115000 >> Requesting for the AHB bus...
4813890000 >> AHB granted, starting recovery...
4833090000 >> Recovery done, continuing...
4833790000 >> Requesting for the AHB bus...
4834565000 >> AHB granted, starting recovery...
4853765000 >> Recovery done, continuing...
4854465000 >> Requesting for the AHB bus...
4855240000 >> AHB granted, starting recovery...
4874440000 >> Recovery done, continuing...
4875140000 >> Requesting for the AHB bus...
4875915000 >> AHB granted, starting recovery...
4895115000 >> Recovery done, continuing...
4895815000 >> Requesting for the AHB bus...
4896590000 >> AHB granted, starting recovery...
4915790000 >> Recovery done, continuing...
4916490000 >> Requesting for the AHB bus...
4917265000 >> AHB granted, starting recovery...
4936465000 >> Recovery done, continuing...
4937165000 >> Requesting for the AHB bus...
4937940000 >> AHB granted, starting recovery...
4957140000 >> Recovery done, continuing...
4957840000 >> Requesting for the AHB bus...
4958615000 >> AHB granted, starting recovery...
4977815000 >> Recovery done, continuing...
4978515000 >> Requesting for the AHB bus...
4979290000 >> AHB granted, starting recovery...
4998490000 >> Recovery done, continuing...
4999365000 >> Requesting for the AHB bus...
5000140000 >> AHB granted, starting recovery...
5019340000 >> Recovery done, continuing...
5020040000 >> Requesting for the AHB bus...
5020815000 >> AHB granted, starting recovery...
5040015000 >> Recovery done, continuing...
5040715000 >> Requesting for the AHB bus...
5041490000 >> AHB granted, starting recovery...
5060690000 >> Recovery done, continuing...
5061390000 >> Requesting for the AHB bus...
5062165000 >> AHB granted, starting recovery...
5081365000 >> Recovery done, continuing...
5082065000 >> Requesting for the AHB bus...
5082990000 >> AHB granted, starting recovery...
5102190000 >> Recovery done, continuing...
5102890000 >> Requesting for the AHB bus...
5103665000 >> AHB granted, starting recovery...
5122865000 >> Recovery done, continuing...
5123565000 >> Requesting for the AHB bus...
5124340000 >> AHB granted, starting recovery...
5143540000 >> Recovery done, continuing...
5144240000 >> Requesting for the AHB bus...
5145015000 >> AHB granted, starting recovery...
5164215000 >> Recovery done, continuing...
5164915000 >> Requesting for the AHB bus...
5165690000 >> AHB granted, starting recovery...
5184890000 >> Recovery done, continuing...
5185590000 >> Requesting for the AHB bus...
5186365000 >> AHB granted, starting recovery...
5205565000 >> Recovery done, continuing...
5206265000 >> Requesting for the AHB bus...
5207040000 >> AHB granted, starting recovery...
5226240000 >> Recovery done, continuing...
5226940000 >> Requesting for the AHB bus...
5227715000 >> AHB granted, starting recovery...
5246915000 >> Recovery done, continuing...
5247615000 >> Requesting for the AHB bus...
5248390000 >> AHB granted, starting recovery...
5267590000 >> Recovery done, continuing...
5268340000 >> Requesting for the AHB bus...
5269115000 >> AHB granted, starting recovery...
5288315000 >> Recovery done, continuing...
5289015000 >> Requesting for the AHB bus...
5289790000 >> AHB granted, starting recovery...
5308990000 >> Recovery done, continuing...
5309690000 >> Requesting for the AHB bus...
5310465000 >> AHB granted, starting recovery...
5329665000 >> Recovery done, continuing...
5330365000 >> Requesting for the AHB bus...
5331140000 >> AHB granted, starting recovery...
5350340000 >> Recovery done, continuing...
5351215000 >> Requesting for the AHB bus...
5351990000 >> AHB granted, starting recovery...
5371190000 >> Recovery done, continuing...
5371890000 >> Requesting for the AHB bus...
5372665000 >> AHB granted, starting recovery...
5391865000 >> Recovery done, continuing...
5392565000 >> Requesting for the AHB bus...
5393340000 >> AHB granted, starting recovery...
5412540000 >> Recovery done, continuing...
5413240000 >> Requesting for the AHB bus...
5414015000 >> AHB granted, starting recovery...
5433215000 >> Recovery done, continuing...
5433915000 >> Requesting for the AHB bus...
5434690000 >> AHB granted, starting recovery...
5453890000 >> Recovery done, continuing...
5454590000 >> Requesting for the AHB bus...
5455365000 >> AHB granted, starting recovery...
5474565000 >> Recovery done, continuing...
5475265000 >> Requesting for the AHB bus...
5476040000 >> AHB granted, starting recovery...
5495240000 >> Recovery done, continuing...
5495940000 >> Requesting for the AHB bus...
5496715000 >> AHB granted, starting recovery...
5515915000 >> Recovery done, continuing...
5516615000 >> Requesting for the AHB bus...
5517390000 >> AHB granted, starting recovery...
5536590000 >> Recovery done, continuing...
5537290000 >> Requesting for the AHB bus...
5538065000 >> AHB granted, starting recovery...
5557265000 >> Recovery done, continuing...
5557965000 >> Requesting for the AHB bus...
5558740000 >> AHB granted, starting recovery...
5577940000 >> Recovery done, continuing...
5578640000 >> Requesting for the AHB bus...
5579415000 >> AHB granted, starting recovery...
5598615000 >> Recovery done, continuing...
5599315000 >> Requesting for the AHB bus...
5600090000 >> AHB granted, starting recovery...
5619290000 >> Recovery done, continuing...
5620165000 >> Requesting for the AHB bus...
5620940000 >> AHB granted, starting recovery...
5640140000 >> Recovery done, continuing...
5640840000 >> Requesting for the AHB bus...
5641615000 >> AHB granted, starting recovery...
5660815000 >> Recovery done, continuing...
5661515000 >> Requesting for the AHB bus...
5662290000 >> AHB granted, starting recovery...
5681490000 >> Recovery done, continuing...
5682190000 >> Requesting for the AHB bus...
5682965000 >> AHB granted, starting recovery...
5702165000 >> Recovery done, continuing...
5702865000 >> Requesting for the AHB bus...
5703790000 >> AHB granted, starting recovery...
5722990000 >> Recovery done, continuing...
5723690000 >> Requesting for the AHB bus...
5724465000 >> AHB granted, starting recovery...
5743665000 >> Recovery done, continuing...
5744365000 >> Requesting for the AHB bus...
5745140000 >> AHB granted, starting recovery...
5745715000 >> time limit reached...
/testbench/cpu/l3/u0/leon3x0/vhdl/p0/iu/r.w.wreg:1
/testbench/cpu/l3/u0/leon3x0/vhdl/p0/iu/r.m.irqen:1
/testbench/cpu/l3/u0/leon3x0/vhdl/p0/iu/r.m.icc:1001
/testbench/cpu/l3/u0/leon3x0/vhdl/p0/iu/r.a.ticc:0
/testbench/cpu/l3/u0/leon3x0/vhdl/p0/iu/r.a.step:0
/testbench/cpu/l3/u0/leon3x0/vhdl/p0/iu/r.m.irqen2:1
/testbench/cpu/l3/u0/leon3x0/vhdl/p0/iu/r.d.pc:01000000000000000000001000100000
/testbench/cpu/l3/u0/leon3x0/vhdl/p0/iu/r.d.rexpl:{{00000000000000000000000000000000} {00} {0} 0 0 {0000000000000000000} 0 0 0 0 0 0}
/testbench/cpu/l3/u0/leon3x0/vhdl/p0/iu/r.d.mexc:0
/testbench/cpu/l3/u0/leon3x0/vhdl/p0/iu/r.a.aw:0
/testbench/cpu/l3/u0/leon3x0/vhdl/p0/iu/r.e.ctrl:{{01000000000000000000001000011100} {11000010000001111011111111111100} {00} {10000001} {000000} 0 0 1 0 0 1 1 0 0}
/testbench/cpu/l3/u0/leon3x0/vhdl/p0/iu/r.a.divstart:0
/testbench/cpu/l3/u0/leon3x0/vhdl/p0/iu/r.e.shleft:0
/testbench/cpu/l3/u0/leon3x0/vhdl/p0/iu/r.a.bp:0
/testbench/cpu/l3/u0/leon3x0/vhdl/p0/iu/r.w.twcwp:000
/testbench/cpu/l3/u0/leon3x0/vhdl/p0/iu/r.a.jmpl:0
/testbench/cpu/l3/u0/leon3x0/vhdl/p0/iu/r.m.casa:0
/testbench/cpu/l3/u0/leon3x0/vhdl/p0/iu/r.m.werr:0
/testbench/cpu/l3/u0/leon3x0/vhdl/p0/iu/r.e.su:1
/testbench/cpu/l3/u0/leon3x0/vhdl/p0/iu/r.e.et:1
/testbench/cpu/l3/u0/leon3x0/vhdl/p0/iu/r.a.ldcheck1:1
/testbench/cpu/l3/u0/leon3x0/vhdl/p0/iu/r.d.stwin:000
/testbench/cpu/l3/u0/leon3x0/vhdl/p0/iu/r.a.ldcheck2:0
/testbench/cpu/l3/u0/leon3x0/vhdl/p0/iu/r.x.intack:0
/testbench/cpu/l3/u0/leon3x0/vhdl/p0/iu/r.m.ctrl:{{01000000000000000000001000011000} {11000010001001111011111111111100} {01} {10000001} {000000} 0 0 0 0 0 0 0 0 0}
/testbench/cpu/l3/u0/leon3x0/vhdl/p0/iu/r.a.cwp:101
/testbench/cpu/l3/u0/leon3x0/vhdl/p0/iu/r.e.sari:0
/testbench/cpu/l3/u0/leon3x0/vhdl/p0/iu/r.d.paw:0
/testbench/cpu/l3/u0/leon3x0/vhdl/p0/iu/r.d.aw:0
/testbench/cpu/l3/u0/leon3x0/vhdl/p0/iu/r.d.awp:000
/testbench/cpu/l3/u0/leon3x0/vhdl/p0/iu/r.x.ctrl:{{01000000000000000000001000011000} {11000010001001111011111111111100} {00} {10000001} {000000} 0 0 0 0 0 0 1 0 0}
/testbench/cpu/l3/u0/leon3x0/vhdl/p0/iu/r.m.rexnalign:0
/testbench/cpu/l3/u0/leon3x0/vhdl/p0/iu/r.m.su:1
/testbench/cpu/l3/u0/leon3x0/vhdl/p0/iu/r.m.wcwp:0
/testbench/cpu/l3/u0/leon3x0/vhdl/p0/iu/r.d.divrdy:0
/testbench/cpu/l3/u0/leon3x0/vhdl/p0/iu/r.e.cwp:101
/testbench/cpu/l3/u0/leon3x0/vhdl/p0/iu/r.w.except:0
/testbench/cpu/l3/u0/leon3x0/vhdl/p0/iu/r.x.nerror:0
/testbench/cpu/l3/u0/leon3x0/vhdl/p0/iu/r.a.bpimiss:0
/testbench/cpu/l3/u0/leon3x0/vhdl/p0/iu/r.a.nobp:0
/testbench/cpu/l3/u0/leon3x0/vhdl/p0/iu/r.d.rexcnt:0
/testbench/cpu/l3/u0/leon3x0/vhdl/p0/iu/r.w.s:{{101} {1001} {00000000} {01000000000000000000} {00000010} {0000} 0 0 1 1 1 {00000000000000000000000000000000} {UUUUUUUUUUUUUUUUUUUUUUUUUUUUUUUU} 1 0 0 1 1 1 0 0 {000} {000} {111}}
/testbench/cpu/l3/u0/leon3x0/vhdl/p0/iu/r.d.pv:1
/testbench/cpu/l3/u0/leon3x0/vhdl/p0/iu/r.a.ldchkra:1
/testbench/cpu/l3/u0/leon3x0/vhdl/p0/iu/r.a.rfa1:10000001
/testbench/cpu/l3/u0/leon3x0/vhdl/p0/iu/r.a.rfa2:01011000
/testbench/cpu/l3/u0/leon3x0/vhdl/p0/iu/r.a.imm:00000000000000000000000000001000
/testbench/cpu/l3/u0/leon3x0/vhdl/p0/iu/r.w.wa:10000001
/testbench/cpu/l3/u0/leon3x0/vhdl/p0/iu/r.m.casaz:0
/testbench/cpu/l3/u0/leon3x0/vhdl/p0/iu/r.x.dci:{0 1 0 0 0 0 {10} {00001011}}
/testbench/cpu/l3/u0/leon3x0/vhdl/p0/iu/r.x.mac:0
/testbench/cpu/l3/u0/leon3x0/vhdl/p0/iu/r.m.divz:0
/testbench/cpu/l3/u0/leon3x0/vhdl/p0/iu/r.d.inst:{{10000000101000000110000000001000}}
/testbench/cpu/l3/u0/leon3x0/vhdl/p0/iu/r.e.rfe1:1
/testbench/cpu/l3/u0/leon3x0/vhdl/p0/iu/r.a.wovf:0
/testbench/cpu/l3/u0/leon3x0/vhdl/p0/iu/r.e.rfe2:0
/testbench/cpu/l3/u0/leon3x0/vhdl/p0/iu/r.e.op1:01000000000011111111111010100000
/testbench/cpu/l3/u0/leon3x0/vhdl/p0/iu/r.m.nalign:0
/testbench/cpu/l3/u0/leon3x0/vhdl/p0/iu/r.e.op2:11111111111111111111111111111100
/testbench/cpu/l3/u0/leon3x0/vhdl/p0/iu/r.d.rexen:0
/testbench/cpu/l3/u0/leon3x0/vhdl/p0/iu/r.a.ctrl:{{01000000000000000000001000100000} {10000000101000000110000000001000} {00} {10000000} {000000} 0 1 0 0 0 0 0 0 0}
/testbench/cpu/l3/u0/leon3x0/vhdl/p0/iu/r.x.ipend:0
/testbench/cpu/l3/u0/leon3x0/vhdl/p0/iu/r.e.ldbp1:0
/testbench/cpu/l3/u0/leon3x0/vhdl/p0/iu/r.e.aluadd:1
/testbench/cpu/l3/u0/leon3x0/vhdl/p0/iu/r.d.set:0
/testbench/cpu/l3/u0/leon3x0/vhdl/p0/iu/r.d.inull:0
/testbench/cpu/l3/u0/leon3x0/vhdl/p0/iu/r.e.ldbp2:0
/testbench/cpu/l3/u0/leon3x0/vhdl/p0/iu/r.d.cnt:00
/testbench/cpu/l3/u0/leon3x0/vhdl/p0/iu/r.a.su:1
/testbench/cpu/l3/u0/leon3x0/vhdl/p0/iu/r.a.et:1
/testbench/cpu/l3/u0/leon3x0/vhdl/p0/iu/r.e.mul:0
/testbench/cpu/l3/u0/leon3x0/vhdl/p0/iu/r.e.alusel:00
/testbench/cpu/l3/u0/leon3x0/vhdl/p0/iu/r.e.aw:U
/testbench/cpu/l3/u0/leon3x0/vhdl/p0/iu/r.e.mac:0
/testbench/cpu/l3/u0/leon3x0/vhdl/p0/iu/r.a.decill:0
/testbench/cpu/l3/u0/leon3x0/vhdl/p0/iu/r.x.icc:1001
/testbench/cpu/l3/u0/leon3x0/vhdl/p0/iu/r.x.result:01000000000011111111111010011100
/testbench/cpu/l3/u0/leon3x0/vhdl/p0/iu/r.e.bp:0
/testbench/cpu/l3/u0/leon3x0/vhdl/p0/iu/r.a.rs1:00001
/testbench/cpu/l3/u0/leon3x0/vhdl/p0/iu/r.e.jmpl:0
/testbench/cpu/l3/u0/leon3x0/vhdl/p0/iu/r.a.rsel1:001
/testbench/cpu/l3/u0/leon3x0/vhdl/p0/iu/r.x.y:00000000000000000000000000000000
/testbench/cpu/l3/u0/leon3x0/vhdl/p0/iu/r.a.rsel2:100
/testbench/cpu/l3/u0/leon3x0/vhdl/p0/iu/r.a.awp:000
/testbench/cpu/l3/u0/leon3x0/vhdl/p0/iu/r.a.paw:0
/testbench/cpu/l3/u0/leon3x0/vhdl/p0/iu/r.x.data:{{00000000000000000000000000000111}}
/testbench/cpu/l3/u0/leon3x0/vhdl/p0/iu/r.m.mul:0
/testbench/cpu/l3/u0/leon3x0/vhdl/p0/iu/r.e.rd:UUUUU
/testbench/cpu/l3/u0/leon3x0/vhdl/p0/iu/r.e.invop2:0
/testbench/cpu/l3/u0/leon3x0/vhdl/p0/iu/r.m.wawp:0
/testbench/cpu/l3/u0/leon3x0/vhdl/p0/iu/r.d.cwpmax:111
/testbench/cpu/l3/u0/leon3x0/vhdl/p0/iu/r.f.branch:0
/testbench/cpu/l3/u0/leon3x0/vhdl/p0/iu/r.d.pcheld:1
/testbench/cpu/l3/u0/leon3x0/vhdl/p0/iu/r.m.dci:{0 0 0 1 0 0 {10} {00001011}}
/testbench/cpu/l3/u0/leon3x0/vhdl/p0/iu/r.e.paw:U
/testbench/cpu/l3/u0/leon3x0/vhdl/p0/iu/r.e.awp:UUU
/testbench/cpu/l3/u0/leon3x0/vhdl/p0/iu/r.e.shcnt:11100
/testbench/cpu/l3/u0/leon3x0/vhdl/p0/iu/r.w.result:00000000000000000000000000001000
/testbench/cpu/l3/u0/leon3x0/vhdl/p0/iu/r.m.mac:0
/testbench/cpu/l3/u0/leon3x0/vhdl/p0/iu/r.m.y:00000000000000000000000000000000
/testbench/cpu/l3/u0/leon3x0/vhdl/p0/iu/r.d.cwp:101
/testbench/cpu/l3/u0/leon3x0/vhdl/p0/iu/r.x.laddr:00
/testbench/cpu/l3/u0/leon3x0/vhdl/p0/iu/r.e.mulstep:0
/testbench/cpu/l3/u0/leon3x0/vhdl/p0/iu/r.e.ymsb:0
/testbench/cpu/l3/u0/leon3x0/vhdl/p0/iu/r.d.rexbuf:00000000000000000000000000000000
/testbench/cpu/l3/u0/leon3x0/vhdl/p0/iu/r.x.npc:100
/testbench/cpu/l3/u0/leon3x0/vhdl/p0/iu/r.f.pc:01000000000000000000001000100100
/testbench/cpu/l3/u0/leon3x0/vhdl/p0/iu/r.d.annul:0
/testbench/cpu/l3/u0/leon3x0/vhdl/p0/iu/r.x.rstate:run
/testbench/cpu/l3/u0/leon3x0/vhdl/p0/iu/r.x.set:0
/testbench/cpu/l3/u0/leon3x0/vhdl/p0/iu/r.m.result:00000000000000000000000000001000
/testbench/cpu/l3/u0/leon3x0/vhdl/p0/iu/r.e.icc:UUUU
/testbench/cpu/l3/u0/leon3x0/vhdl/p0/iu/r.a.getpc:0
/testbench/cpu/l3/u0/leon3x0/vhdl/p0/iu/r.a.ldchkex:1
/testbench/cpu/l3/u0/leon3x0/vhdl/p0/iu/r.x.mexc:0
/testbench/cpu/l3/u0/leon3x0/vhdl/p0/iu/r.a.mulstart:0
/testbench/cpu/l3/u0/leon3x0/vhdl/p0/iu/r.d.rexpos:10
/testbench/cpu/l3/u0/leon3x0/vhdl/p0/iu/r.x.annul_all:0
/testbench/cpu/l3/u0/leon3x0/vhdl/p0/iu/r.e.aluop:000
/testbench/cpu/l3/u0/leon3x0/vhdl/p0/iu/r.x.debug:0
/testbench/cpu/l3/u0/leon3x0/vhdl/p0/iu/r.a.rfe1:0
/testbench/cpu/l3/u0/leon3x0/vhdl/p0/iu/r.d.step:0
/testbench/cpu/l3/u0/leon3x0/vhdl/p0/iu/r.a.rfe2:0
/testbench/cpu/l3/u0/leon3x0/vhdl/p0/iu/r.e.alucin:0
/testbench/cpu/l3/u0/leon3x0/vhdl/p0/iu/r.a.wunf:0
compare to golden: 1
======================================
progstatus: -2
execerr: 202
latent: 1
time limit!
>>>>>>>>>>>>>>> 5745715000
======================================
