Test signal = /testbench/cpu/l3/u0/leon3x0/vhdl/p0/iu/r.d.annul
oldval = 0
pos1: -1 pos0: 0 posU: -1
newval = 1
force in 1329973
586290000 >> iteration no: 0
1598340000 >> iteration no: 1
Signal value: 0
oldval = 0
pos1: -1 pos0: 0 posU: -1
newval = 1
1912990000 >> Requesting for the AHB bus...
1913915000 >> AHB granted, starting recovery...
1933115000 >> Recovery done, continuing...
1933915000 >> Requesting for the AHB bus...
1934515000 >> Requesting for the AHB bus...
1934915000 >> AHB granted, starting recovery...
1954115000 >> Recovery done, continuing...
1954790000 >> Requesting for the AHB bus...
1955390000 >> Requesting for the AHB bus...
1955790000 >> AHB granted, starting recovery...
1974990000 >> Recovery done, continuing...
1975665000 >> Requesting for the AHB bus...
1976265000 >> Requesting for the AHB bus...
1976665000 >> AHB granted, starting recovery...
1995865000 >> Recovery done, continuing...
1996540000 >> Requesting for the AHB bus...
1997140000 >> Requesting for the AHB bus...
1997540000 >> AHB granted, starting recovery...
2016740000 >> Recovery done, continuing...
2017415000 >> Requesting for the AHB bus...
2018015000 >> Requesting for the AHB bus...
2018415000 >> AHB granted, starting recovery...
2037615000 >> Recovery done, continuing...
2038290000 >> Requesting for the AHB bus...
2038890000 >> Requesting for the AHB bus...
2039290000 >> AHB granted, starting recovery...
2058490000 >> Recovery done, continuing...
2059165000 >> Requesting for the AHB bus...
2059765000 >> Requesting for the AHB bus...
2060165000 >> AHB granted, starting recovery...
2079365000 >> Recovery done, continuing...
2080040000 >> Requesting for the AHB bus...
2080815000 >> Requesting for the AHB bus...
2081215000 >> AHB granted, starting recovery...
2100415000 >> Recovery done, continuing...
2101090000 >> Requesting for the AHB bus...
2101690000 >> Requesting for the AHB bus...
2102090000 >> AHB granted, starting recovery...
2121290000 >> Recovery done, continuing...
2121965000 >> Requesting for the AHB bus...
2122565000 >> Requesting for the AHB bus...
2122965000 >> AHB granted, starting recovery...
2142165000 >> Recovery done, continuing...
2142840000 >> Requesting for the AHB bus...
2143440000 >> Requesting for the AHB bus...
2143840000 >> AHB granted, starting recovery...
2163040000 >> Recovery done, continuing...
2163715000 >> Requesting for the AHB bus...
2164490000 >> Requesting for the AHB bus...
2164890000 >> AHB granted, starting recovery...
2184090000 >> Recovery done, continuing...
2184765000 >> Requesting for the AHB bus...
2185365000 >> Requesting for the AHB bus...
2185765000 >> AHB granted, starting recovery...
2204965000 >> Recovery done, continuing...
2205640000 >> Requesting for the AHB bus...
2206240000 >> Requesting for the AHB bus...
2206640000 >> AHB granted, starting recovery...
2225840000 >> Recovery done, continuing...
2226515000 >> Requesting for the AHB bus...
2227115000 >> Requesting for the AHB bus...
2227515000 >> AHB granted, starting recovery...
2246715000 >> Recovery done, continuing...
2247515000 >> Requesting for the AHB bus...
2248115000 >> Requesting for the AHB bus...
2248515000 >> AHB granted, starting recovery...
2267715000 >> Recovery done, continuing...
2268390000 >> Requesting for the AHB bus...
2268990000 >> Requesting for the AHB bus...
2269390000 >> AHB granted, starting recovery...
2288590000 >> Recovery done, continuing...
2289265000 >> Requesting for the AHB bus...
2289865000 >> Requesting for the AHB bus...
2290265000 >> AHB granted, starting recovery...
2309465000 >> Recovery done, continuing...
2310140000 >> Requesting for the AHB bus...
2310740000 >> Requesting for the AHB bus...
2311140000 >> AHB granted, starting recovery...
2330340000 >> Recovery done, continuing...
2331015000 >> Requesting for the AHB bus...
2331615000 >> Requesting for the AHB bus...
2332015000 >> AHB granted, starting recovery...
2351215000 >> Recovery done, continuing...
2351890000 >> Requesting for the AHB bus...
2352490000 >> Requesting for the AHB bus...
2352890000 >> AHB granted, starting recovery...
2372090000 >> Recovery done, continuing...
2372765000 >> Requesting for the AHB bus...
2373365000 >> Requesting for the AHB bus...
2373765000 >> AHB granted, starting recovery...
2392965000 >> Recovery done, continuing...
2393640000 >> Requesting for the AHB bus...
2394415000 >> Requesting for the AHB bus...
2394815000 >> AHB granted, starting recovery...
2414015000 >> Recovery done, continuing...
2414690000 >> Requesting for the AHB bus...
2415290000 >> Requesting for the AHB bus...
2415690000 >> AHB granted, starting recovery...
2434890000 >> Recovery done, continuing...
2435565000 >> Requesting for the AHB bus...
2436165000 >> Requesting for the AHB bus...
2436565000 >> AHB granted, starting recovery...
2455765000 >> Recovery done, continuing...
2456440000 >> Requesting for the AHB bus...
2457040000 >> Requesting for the AHB bus...
2457440000 >> AHB granted, starting recovery...
2476640000 >> Recovery done, continuing...
2477315000 >> Requesting for the AHB bus...
2478090000 >> Requesting for the AHB bus...
2478490000 >> AHB granted, starting recovery...
2497690000 >> Recovery done, continuing...
2498365000 >> Requesting for the AHB bus...
2498965000 >> Requesting for the AHB bus...
2499365000 >> AHB granted, starting recovery...
2518565000 >> Recovery done, continuing...
2519240000 >> Requesting for the AHB bus...
2519840000 >> Requesting for the AHB bus...
2520240000 >> AHB granted, starting recovery...
2539440000 >> Recovery done, continuing...
2540115000 >> Requesting for the AHB bus...
2540715000 >> Requesting for the AHB bus...
2541115000 >> AHB granted, starting recovery...
2560315000 >> Recovery done, continuing...
2561115000 >> Requesting for the AHB bus...
2561715000 >> Requesting for the AHB bus...
2562115000 >> AHB granted, starting recovery...
2581315000 >> Recovery done, continuing...
2581990000 >> Requesting for the AHB bus...
2582590000 >> Requesting for the AHB bus...
2582990000 >> AHB granted, starting recovery...
2602190000 >> Recovery done, continuing...
2602865000 >> Requesting for the AHB bus...
2603465000 >> Requesting for the AHB bus...
2603865000 >> AHB granted, starting recovery...
2623065000 >> Recovery done, continuing...
2623740000 >> Requesting for the AHB bus...
2624340000 >> Requesting for the AHB bus...
2624740000 >> AHB granted, starting recovery...
2643940000 >> Recovery done, continuing...
2644615000 >> Requesting for the AHB bus...
2645215000 >> Requesting for the AHB bus...
2645615000 >> AHB granted, starting recovery...
2664815000 >> Recovery done, continuing...
2665490000 >> Requesting for the AHB bus...
2666090000 >> Requesting for the AHB bus...
2666490000 >> AHB granted, starting recovery...
2685690000 >> Recovery done, continuing...
2686365000 >> Requesting for the AHB bus...
2686965000 >> Requesting for the AHB bus...
2687365000 >> AHB granted, starting recovery...
2706565000 >> Recovery done, continuing...
2707240000 >> Requesting for the AHB bus...
2708015000 >> Requesting for the AHB bus...
2708415000 >> AHB granted, starting recovery...
2727615000 >> Recovery done, continuing...
2728290000 >> Requesting for the AHB bus...
2728890000 >> Requesting for the AHB bus...
2729290000 >> AHB granted, starting recovery...
2748490000 >> Recovery done, continuing...
2749165000 >> Requesting for the AHB bus...
2749765000 >> Requesting for the AHB bus...
2750165000 >> AHB granted, starting recovery...
2769365000 >> Recovery done, continuing...
2770040000 >> Requesting for the AHB bus...
2770640000 >> Requesting for the AHB bus...
2771040000 >> AHB granted, starting recovery...
2790240000 >> Recovery done, continuing...
2790915000 >> Requesting for the AHB bus...
2791690000 >> Requesting for the AHB bus...
2792090000 >> AHB granted, starting recovery...
2811290000 >> Recovery done, continuing...
2811965000 >> Requesting for the AHB bus...
2812565000 >> Requesting for the AHB bus...
2812965000 >> AHB granted, starting recovery...
2832165000 >> Recovery done, continuing...
2832840000 >> Requesting for the AHB bus...
2833440000 >> Requesting for the AHB bus...
2833840000 >> AHB granted, starting recovery...
2853040000 >> Recovery done, continuing...
2853715000 >> Requesting for the AHB bus...
2854315000 >> Requesting for the AHB bus...
2854715000 >> AHB granted, starting recovery...
2873915000 >> Recovery done, continuing...
2874715000 >> Requesting for the AHB bus...
2875315000 >> Requesting for the AHB bus...
2875715000 >> AHB granted, starting recovery...
2894915000 >> Recovery done, continuing...
2895590000 >> Requesting for the AHB bus...
2896190000 >> Requesting for the AHB bus...
2896590000 >> AHB granted, starting recovery...
2915790000 >> Recovery done, continuing...
2916465000 >> Requesting for the AHB bus...
2917065000 >> Requesting for the AHB bus...
2917465000 >> AHB granted, starting recovery...
2936665000 >> Recovery done, continuing...
2937340000 >> Requesting for the AHB bus...
2937940000 >> Requesting for the AHB bus...
2938340000 >> AHB granted, starting recovery...
2957540000 >> Recovery done, continuing...
2958215000 >> Requesting for the AHB bus...
2958815000 >> Requesting for the AHB bus...
2959215000 >> AHB granted, starting recovery...
2978415000 >> Recovery done, continuing...
2979090000 >> Requesting for the AHB bus...
2979690000 >> Requesting for the AHB bus...
2980090000 >> AHB granted, starting recovery...
2999290000 >> Recovery done, continuing...
2999965000 >> Requesting for the AHB bus...
3000565000 >> Requesting for the AHB bus...
3000965000 >> AHB granted, starting recovery...
3020165000 >> Recovery done, continuing...
3020840000 >> Requesting for the AHB bus...
3021615000 >> Requesting for the AHB bus...
3022015000 >> AHB granted, starting recovery...
3041215000 >> Recovery done, continuing...
3041890000 >> Requesting for the AHB bus...
3042490000 >> Requesting for the AHB bus...
3042890000 >> AHB granted, starting recovery...
3062090000 >> Recovery done, continuing...
3062765000 >> Requesting for the AHB bus...
3063365000 >> Requesting for the AHB bus...
3063765000 >> AHB granted, starting recovery...
3082965000 >> Recovery done, continuing...
3083640000 >> Requesting for the AHB bus...
3084240000 >> Requesting for the AHB bus...
3084640000 >> AHB granted, starting recovery...
3103840000 >> Recovery done, continuing...
3104515000 >> Requesting for the AHB bus...
3105290000 >> Requesting for the AHB bus...
3105690000 >> AHB granted, starting recovery...
3124890000 >> Recovery done, continuing...
3125565000 >> Requesting for the AHB bus...
3126165000 >> Requesting for the AHB bus...
3126565000 >> AHB granted, starting recovery...
3145765000 >> Recovery done, continuing...
3146440000 >> Requesting for the AHB bus...
3147040000 >> Requesting for the AHB bus...
3147440000 >> AHB granted, starting recovery...
3166640000 >> Recovery done, continuing...
3167315000 >> Requesting for the AHB bus...
3167915000 >> Requesting for the AHB bus...
3168315000 >> AHB granted, starting recovery...
3187515000 >> Recovery done, continuing...
3188315000 >> Requesting for the AHB bus...
3188915000 >> Requesting for the AHB bus...
3189315000 >> AHB granted, starting recovery...
3208515000 >> Recovery done, continuing...
3209190000 >> Requesting for the AHB bus...
3209790000 >> Requesting for the AHB bus...
3210190000 >> AHB granted, starting recovery...
3229390000 >> Recovery done, continuing...
3230065000 >> Requesting for the AHB bus...
3230665000 >> Requesting for the AHB bus...
3231065000 >> AHB granted, starting recovery...
3250265000 >> Recovery done, continuing...
3250940000 >> Requesting for the AHB bus...
3251540000 >> Requesting for the AHB bus...
3251940000 >> AHB granted, starting recovery...
3271140000 >> Recovery done, continuing...
3271815000 >> Requesting for the AHB bus...
3272415000 >> Requesting for the AHB bus...
3272815000 >> AHB granted, starting recovery...
3292015000 >> Recovery done, continuing...
3292690000 >> Requesting for the AHB bus...
3293290000 >> Requesting for the AHB bus...
3293690000 >> AHB granted, starting recovery...
3312890000 >> Recovery done, continuing...
3313565000 >> Requesting for the AHB bus...
3314165000 >> Requesting for the AHB bus...
3314565000 >> AHB granted, starting recovery...
3333765000 >> Recovery done, continuing...
3334440000 >> Requesting for the AHB bus...
3335215000 >> Requesting for the AHB bus...
3335615000 >> AHB granted, starting recovery...
3354815000 >> Recovery done, continuing...
3355490000 >> Requesting for the AHB bus...
3356090000 >> Requesting for the AHB bus...
3356490000 >> AHB granted, starting recovery...
3375690000 >> Recovery done, continuing...
3376365000 >> Requesting for the AHB bus...
3376965000 >> Requesting for the AHB bus...
3377365000 >> AHB granted, starting recovery...
3396565000 >> Recovery done, continuing...
3397240000 >> Requesting for the AHB bus...
3397840000 >> Requesting for the AHB bus...
3398240000 >> AHB granted, starting recovery...
3417440000 >> Recovery done, continuing...
3418115000 >> Requesting for the AHB bus...
3418890000 >> Requesting for the AHB bus...
3419290000 >> AHB granted, starting recovery...
3438490000 >> Recovery done, continuing...
3439165000 >> Requesting for the AHB bus...
3439765000 >> Requesting for the AHB bus...
3440165000 >> AHB granted, starting recovery...
3459365000 >> Recovery done, continuing...
3460040000 >> Requesting for the AHB bus...
3460640000 >> Requesting for the AHB bus...
3461040000 >> AHB granted, starting recovery...
3480240000 >> Recovery done, continuing...
3480915000 >> Requesting for the AHB bus...
3481515000 >> Requesting for the AHB bus...
3481915000 >> AHB granted, starting recovery...
3501115000 >> Recovery done, continuing...
3501915000 >> Requesting for the AHB bus...
3502515000 >> Requesting for the AHB bus...
3502915000 >> AHB granted, starting recovery...
3522115000 >> Recovery done, continuing...
3522790000 >> Requesting for the AHB bus...
3523390000 >> Requesting for the AHB bus...
3523790000 >> AHB granted, starting recovery...
3542990000 >> Recovery done, continuing...
3543665000 >> Requesting for the AHB bus...
3544265000 >> Requesting for the AHB bus...
3544665000 >> AHB granted, starting recovery...
3563865000 >> Recovery done, continuing...
3564540000 >> Requesting for the AHB bus...
3565140000 >> Requesting for the AHB bus...
3565540000 >> AHB granted, starting recovery...
3584740000 >> Recovery done, continuing...
3585415000 >> Requesting for the AHB bus...
3586015000 >> Requesting for the AHB bus...
3586415000 >> AHB granted, starting recovery...
3605615000 >> Recovery done, continuing...
3606290000 >> Requesting for the AHB bus...
3606890000 >> Requesting for the AHB bus...
3607290000 >> AHB granted, starting recovery...
3626490000 >> Recovery done, continuing...
3627165000 >> Requesting for the AHB bus...
3627765000 >> Requesting for the AHB bus...
3628165000 >> AHB granted, starting recovery...
3647365000 >> Recovery done, continuing...
3648040000 >> Requesting for the AHB bus...
3648815000 >> Requesting for the AHB bus...
3649215000 >> AHB granted, starting recovery...
3668415000 >> Recovery done, continuing...
3669090000 >> Requesting for the AHB bus...
3669690000 >> Requesting for the AHB bus...
3670090000 >> AHB granted, starting recovery...
3689290000 >> Recovery done, continuing...
3689965000 >> Requesting for the AHB bus...
3690565000 >> Requesting for the AHB bus...
3690965000 >> AHB granted, starting recovery...
3710165000 >> Recovery done, continuing...
3710840000 >> Requesting for the AHB bus...
3711440000 >> Requesting for the AHB bus...
3711840000 >> AHB granted, starting recovery...
3731040000 >> Recovery done, continuing...
3731715000 >> Requesting for the AHB bus...
3732490000 >> Requesting for the AHB bus...
3732890000 >> AHB granted, starting recovery...
3752090000 >> Recovery done, continuing...
3752765000 >> Requesting for the AHB bus...
3753365000 >> Requesting for the AHB bus...
3753765000 >> AHB granted, starting recovery...
3772965000 >> Recovery done, continuing...
3773640000 >> Requesting for the AHB bus...
3774240000 >> Requesting for the AHB bus...
3774640000 >> AHB granted, starting recovery...
3793840000 >> Recovery done, continuing...
3794515000 >> Requesting for the AHB bus...
3795115000 >> Requesting for the AHB bus...
3795515000 >> AHB granted, starting recovery...
3814715000 >> Recovery done, continuing...
3815515000 >> Requesting for the AHB bus...
3816115000 >> Requesting for the AHB bus...
3816515000 >> AHB granted, starting recovery...
3835715000 >> Recovery done, continuing...
3836390000 >> Requesting for the AHB bus...
3836990000 >> Requesting for the AHB bus...
3837390000 >> AHB granted, starting recovery...
3856590000 >> Recovery done, continuing...
3857265000 >> Requesting for the AHB bus...
3857865000 >> Requesting for the AHB bus...
3858265000 >> AHB granted, starting recovery...
3877465000 >> Recovery done, continuing...
3878140000 >> Requesting for the AHB bus...
3878740000 >> Requesting for the AHB bus...
3879140000 >> AHB granted, starting recovery...
3898340000 >> Recovery done, continuing...
3899015000 >> Requesting for the AHB bus...
3899615000 >> Requesting for the AHB bus...
3900015000 >> AHB granted, starting recovery...
3919215000 >> Recovery done, continuing...
3919890000 >> Requesting for the AHB bus...
3920490000 >> Requesting for the AHB bus...
3920890000 >> AHB granted, starting recovery...
3940090000 >> Recovery done, continuing...
3940765000 >> Requesting for the AHB bus...
3941365000 >> Requesting for the AHB bus...
3941765000 >> AHB granted, starting recovery...
3960965000 >> Recovery done, continuing...
3961640000 >> Requesting for the AHB bus...
3962415000 >> Requesting for the AHB bus...
3962815000 >> AHB granted, starting recovery...
3982015000 >> Recovery done, continuing...
3982690000 >> Requesting for the AHB bus...
3983290000 >> Requesting for the AHB bus...
3983690000 >> AHB granted, starting recovery...
4002890000 >> Recovery done, continuing...
4003565000 >> Requesting for the AHB bus...
4004165000 >> Requesting for the AHB bus...
4004565000 >> AHB granted, starting recovery...
4023765000 >> Recovery done, continuing...
4024440000 >> Requesting for the AHB bus...
4025040000 >> Requesting for the AHB bus...
4025440000 >> AHB granted, starting recovery...
4044640000 >> Recovery done, continuing...
4045315000 >> Requesting for the AHB bus...
4046090000 >> Requesting for the AHB bus...
4046490000 >> AHB granted, starting recovery...
4065690000 >> Recovery done, continuing...
4066365000 >> Requesting for the AHB bus...
4066965000 >> Requesting for the AHB bus...
4067365000 >> AHB granted, starting recovery...
4086565000 >> Recovery done, continuing...
4087240000 >> Requesting for the AHB bus...
4087840000 >> Requesting for the AHB bus...
4088240000 >> AHB granted, starting recovery...
4107440000 >> Recovery done, continuing...
4108115000 >> Requesting for the AHB bus...
4108715000 >> Requesting for the AHB bus...
4109115000 >> AHB granted, starting recovery...
4128315000 >> Recovery done, continuing...
4129115000 >> Requesting for the AHB bus...
4129715000 >> Requesting for the AHB bus...
4130115000 >> AHB granted, starting recovery...
4149315000 >> Recovery done, continuing...
4149990000 >> Requesting for the AHB bus...
4150590000 >> Requesting for the AHB bus...
4150990000 >> AHB granted, starting recovery...
4170190000 >> Recovery done, continuing...
4170865000 >> Requesting for the AHB bus...
4171465000 >> Requesting for the AHB bus...
4171865000 >> AHB granted, starting recovery...
4191065000 >> Recovery done, continuing...
4191740000 >> Requesting for the AHB bus...
4192340000 >> Requesting for the AHB bus...
4192740000 >> AHB granted, starting recovery...
4211940000 >> Recovery done, continuing...
4212615000 >> Requesting for the AHB bus...
4213215000 >> Requesting for the AHB bus...
4213615000 >> AHB granted, starting recovery...
4232815000 >> Recovery done, continuing...
4233490000 >> Requesting for the AHB bus...
4234090000 >> Requesting for the AHB bus...
4234490000 >> AHB granted, starting recovery...
4253690000 >> Recovery done, continuing...
4254365000 >> Requesting for the AHB bus...
4254965000 >> Requesting for the AHB bus...
4255365000 >> AHB granted, starting recovery...
4274565000 >> Recovery done, continuing...
4275240000 >> Requesting for the AHB bus...
4276015000 >> Requesting for the AHB bus...
4276415000 >> AHB granted, starting recovery...
4295615000 >> Recovery done, continuing...
4296290000 >> Requesting for the AHB bus...
4296890000 >> Requesting for the AHB bus...
4297290000 >> AHB granted, starting recovery...
4316490000 >> Recovery done, continuing...
4317165000 >> Requesting for the AHB bus...
4317765000 >> Requesting for the AHB bus...
4318165000 >> AHB granted, starting recovery...
4337365000 >> Recovery done, continuing...
4338040000 >> Requesting for the AHB bus...
4338640000 >> Requesting for the AHB bus...
4339040000 >> AHB granted, starting recovery...
4358240000 >> Recovery done, continuing...
4358915000 >> Requesting for the AHB bus...
4359690000 >> Requesting for the AHB bus...
4360090000 >> AHB granted, starting recovery...
4379290000 >> Recovery done, continuing...
4379965000 >> Requesting for the AHB bus...
4380565000 >> Requesting for the AHB bus...
4380965000 >> AHB granted, starting recovery...
4400165000 >> Recovery done, continuing...
4400840000 >> Requesting for the AHB bus...
4401440000 >> Requesting for the AHB bus...
4401840000 >> AHB granted, starting recovery...
4421040000 >> Recovery done, continuing...
4421715000 >> Requesting for the AHB bus...
4422315000 >> Requesting for the AHB bus...
4422715000 >> AHB granted, starting recovery...
4441915000 >> Recovery done, continuing...
4442715000 >> Requesting for the AHB bus...
4443315000 >> Requesting for the AHB bus...
4443715000 >> AHB granted, starting recovery...
4462915000 >> Recovery done, continuing...
4463590000 >> Requesting for the AHB bus...
4464190000 >> Requesting for the AHB bus...
4464590000 >> AHB granted, starting recovery...
4483790000 >> Recovery done, continuing...
4484465000 >> Requesting for the AHB bus...
4485065000 >> Requesting for the AHB bus...
4485465000 >> AHB granted, starting recovery...
4504665000 >> Recovery done, continuing...
4505340000 >> Requesting for the AHB bus...
4505940000 >> Requesting for the AHB bus...
4506340000 >> AHB granted, starting recovery...
4525540000 >> Recovery done, continuing...
4526215000 >> Requesting for the AHB bus...
4526815000 >> Requesting for the AHB bus...
4527215000 >> AHB granted, starting recovery...
4546415000 >> Recovery done, continuing...
4547090000 >> Requesting for the AHB bus...
4547690000 >> Requesting for the AHB bus...
4548090000 >> AHB granted, starting recovery...
4567290000 >> Recovery done, continuing...
4567965000 >> Requesting for the AHB bus...
4568565000 >> Requesting for the AHB bus...
4568965000 >> AHB granted, starting recovery...
4588165000 >> Recovery done, continuing...
4588840000 >> Requesting for the AHB bus...
4589615000 >> Requesting for the AHB bus...
4590015000 >> AHB granted, starting recovery...
4609215000 >> Recovery done, continuing...
4609890000 >> Requesting for the AHB bus...
4610490000 >> Requesting for the AHB bus...
4610890000 >> AHB granted, starting recovery...
4630090000 >> Recovery done, continuing...
4630765000 >> Requesting for the AHB bus...
4631365000 >> Requesting for the AHB bus...
4631765000 >> AHB granted, starting recovery...
4650965000 >> Recovery done, continuing...
4651640000 >> Requesting for the AHB bus...
4652240000 >> Requesting for the AHB bus...
4652640000 >> AHB granted, starting recovery...
4671840000 >> Recovery done, continuing...
4672515000 >> Requesting for the AHB bus...
4673290000 >> Requesting for the AHB bus...
4673690000 >> AHB granted, starting recovery...
4692890000 >> Recovery done, continuing...
4693565000 >> Requesting for the AHB bus...
4694165000 >> Requesting for the AHB bus...
4694565000 >> AHB granted, starting recovery...
4713765000 >> Recovery done, continuing...
4714440000 >> Requesting for the AHB bus...
4715040000 >> Requesting for the AHB bus...
4715440000 >> AHB granted, starting recovery...
4734640000 >> Recovery done, continuing...
4735315000 >> Requesting for the AHB bus...
4735915000 >> Requesting for the AHB bus...
4736315000 >> AHB granted, starting recovery...
4755515000 >> Recovery done, continuing...
4756315000 >> Requesting for the AHB bus...
4756915000 >> Requesting for the AHB bus...
4757315000 >> AHB granted, starting recovery...
4776515000 >> Recovery done, continuing...
4777190000 >> Requesting for the AHB bus...
4777790000 >> Requesting for the AHB bus...
4778190000 >> AHB granted, starting recovery...
4797390000 >> Recovery done, continuing...
4798065000 >> Requesting for the AHB bus...
4798665000 >> Requesting for the AHB bus...
4799065000 >> AHB granted, starting recovery...
4818265000 >> Recovery done, continuing...
4818940000 >> Requesting for the AHB bus...
4819540000 >> Requesting for the AHB bus...
4819940000 >> AHB granted, starting recovery...
4839140000 >> Recovery done, continuing...
4839815000 >> Requesting for the AHB bus...
4840415000 >> Requesting for the AHB bus...
4840815000 >> AHB granted, starting recovery...
4860015000 >> Recovery done, continuing...
4860690000 >> Requesting for the AHB bus...
4861290000 >> Requesting for the AHB bus...
4861690000 >> AHB granted, starting recovery...
4880890000 >> Recovery done, continuing...
4881565000 >> Requesting for the AHB bus...
4882165000 >> Requesting for the AHB bus...
4882565000 >> AHB granted, starting recovery...
4901765000 >> Recovery done, continuing...
4902440000 >> Requesting for the AHB bus...
4903215000 >> Requesting for the AHB bus...
4903615000 >> AHB granted, starting recovery...
4922815000 >> Recovery done, continuing...
4923490000 >> Requesting for the AHB bus...
4924090000 >> Requesting for the AHB bus...
4924490000 >> AHB granted, starting recovery...
4943690000 >> Recovery done, continuing...
4944365000 >> Requesting for the AHB bus...
4944965000 >> Requesting for the AHB bus...
4945365000 >> AHB granted, starting recovery...
4964565000 >> Recovery done, continuing...
4965240000 >> Requesting for the AHB bus...
4965840000 >> Requesting for the AHB bus...
4966240000 >> AHB granted, starting recovery...
4985440000 >> Recovery done, continuing...
4986115000 >> Requesting for the AHB bus...
4986890000 >> Requesting for the AHB bus...
4987290000 >> AHB granted, starting recovery...
5006490000 >> Recovery done, continuing...
5007165000 >> Requesting for the AHB bus...
5007765000 >> Requesting for the AHB bus...
5008165000 >> AHB granted, starting recovery...
5027365000 >> Recovery done, continuing...
5028040000 >> Requesting for the AHB bus...
5028640000 >> Requesting for the AHB bus...
5029040000 >> AHB granted, starting recovery...
5048240000 >> Recovery done, continuing...
5048915000 >> Requesting for the AHB bus...
5049515000 >> Requesting for the AHB bus...
5049915000 >> AHB granted, starting recovery...
5069115000 >> Recovery done, continuing...
5069915000 >> Requesting for the AHB bus...
5070515000 >> Requesting for the AHB bus...
5070915000 >> AHB granted, starting recovery...
5090115000 >> Recovery done, continuing...
5090790000 >> Requesting for the AHB bus...
5091390000 >> Requesting for the AHB bus...
5091790000 >> AHB granted, starting recovery...
5110990000 >> Recovery done, continuing...
5111665000 >> Requesting for the AHB bus...
5112265000 >> Requesting for the AHB bus...
5112665000 >> AHB granted, starting recovery...
5131865000 >> Recovery done, continuing...
5132540000 >> Requesting for the AHB bus...
5133140000 >> Requesting for the AHB bus...
5133540000 >> AHB granted, starting recovery...
5152740000 >> Recovery done, continuing...
5153415000 >> Requesting for the AHB bus...
5154015000 >> Requesting for the AHB bus...
5154415000 >> AHB granted, starting recovery...
5173615000 >> Recovery done, continuing...
5174290000 >> Requesting for the AHB bus...
5174890000 >> Requesting for the AHB bus...
5175290000 >> AHB granted, starting recovery...
5194490000 >> Recovery done, continuing...
5195165000 >> Requesting for the AHB bus...
5195765000 >> Requesting for the AHB bus...
5196165000 >> AHB granted, starting recovery...
5215365000 >> Recovery done, continuing...
5216040000 >> Requesting for the AHB bus...
5216815000 >> Requesting for the AHB bus...
5217215000 >> AHB granted, starting recovery...
5236415000 >> Recovery done, continuing...
5237090000 >> Requesting for the AHB bus...
5237690000 >> Requesting for the AHB bus...
5238090000 >> AHB granted, starting recovery...
5257290000 >> Recovery done, continuing...
5257965000 >> Requesting for the AHB bus...
5258565000 >> Requesting for the AHB bus...
5258965000 >> AHB granted, starting recovery...
5278165000 >> Recovery done, continuing...
5278840000 >> Requesting for the AHB bus...
5279440000 >> Requesting for the AHB bus...
5279840000 >> AHB granted, starting recovery...
5299040000 >> Recovery done, continuing...
5299715000 >> Requesting for the AHB bus...
5300490000 >> Requesting for the AHB bus...
5300890000 >> AHB granted, starting recovery...
5320090000 >> Recovery done, continuing...
5320765000 >> Requesting for the AHB bus...
5321365000 >> Requesting for the AHB bus...
5321765000 >> AHB granted, starting recovery...
5340965000 >> Recovery done, continuing...
5341640000 >> Requesting for the AHB bus...
5342240000 >> Requesting for the AHB bus...
5342640000 >> AHB granted, starting recovery...
5361840000 >> Recovery done, continuing...
5362515000 >> Requesting for the AHB bus...
5363115000 >> Requesting for the AHB bus...
5363515000 >> AHB granted, starting recovery...
5382715000 >> Recovery done, continuing...
5383515000 >> Requesting for the AHB bus...
5384115000 >> Requesting for the AHB bus...
5384515000 >> AHB granted, starting recovery...
5403715000 >> Recovery done, continuing...
5404390000 >> Requesting for the AHB bus...
5404990000 >> Requesting for the AHB bus...
5405390000 >> AHB granted, starting recovery...
5424590000 >> Recovery done, continuing...
5425265000 >> Requesting for the AHB bus...
5425865000 >> Requesting for the AHB bus...
5426265000 >> AHB granted, starting recovery...
5445465000 >> Recovery done, continuing...
5446140000 >> Requesting for the AHB bus...
5446740000 >> Requesting for the AHB bus...
5447140000 >> AHB granted, starting recovery...
5466340000 >> Recovery done, continuing...
5467015000 >> Requesting for the AHB bus...
5467615000 >> Requesting for the AHB bus...
5468015000 >> AHB granted, starting recovery...
5487215000 >> Recovery done, continuing...
5487890000 >> Requesting for the AHB bus...
5488490000 >> Requesting for the AHB bus...
5488890000 >> AHB granted, starting recovery...
5508090000 >> Recovery done, continuing...
5508765000 >> Requesting for the AHB bus...
5509365000 >> Requesting for the AHB bus...
5509765000 >> AHB granted, starting recovery...
5528965000 >> Recovery done, continuing...
5529640000 >> Requesting for the AHB bus...
5530415000 >> Requesting for the AHB bus...
5530815000 >> AHB granted, starting recovery...
5550015000 >> Recovery done, continuing...
5550690000 >> Requesting for the AHB bus...
5551290000 >> Requesting for the AHB bus...
5551690000 >> AHB granted, starting recovery...
5570890000 >> Recovery done, continuing...
5571565000 >> Requesting for the AHB bus...
5572165000 >> Requesting for the AHB bus...
5572565000 >> AHB granted, starting recovery...
5591765000 >> Recovery done, continuing...
5592440000 >> Requesting for the AHB bus...
5593040000 >> Requesting for the AHB bus...
5593440000 >> AHB granted, starting recovery...
5612640000 >> Recovery done, continuing...
5613315000 >> Requesting for the AHB bus...
5614090000 >> Requesting for the AHB bus...
5614490000 >> AHB granted, starting recovery...
5633690000 >> Recovery done, continuing...
5634365000 >> Requesting for the AHB bus...
5634965000 >> Requesting for the AHB bus...
5635365000 >> AHB granted, starting recovery...
5654565000 >> Recovery done, continuing...
5655240000 >> Requesting for the AHB bus...
5655840000 >> Requesting for the AHB bus...
5656240000 >> AHB granted, starting recovery...
5675440000 >> Recovery done, continuing...
5676115000 >> Requesting for the AHB bus...
5676715000 >> Requesting for the AHB bus...
5677115000 >> AHB granted, starting recovery...
5696315000 >> Recovery done, continuing...
5697115000 >> Requesting for the AHB bus...
5697715000 >> Requesting for the AHB bus...
5698115000 >> AHB granted, starting recovery...
5717315000 >> Recovery done, continuing...
5717990000 >> Requesting for the AHB bus...
5718590000 >> Requesting for the AHB bus...
5718990000 >> AHB granted, starting recovery...
5738190000 >> Recovery done, continuing...
5738865000 >> Requesting for the AHB bus...
5739465000 >> Requesting for the AHB bus...
5739865000 >> AHB granted, starting recovery...
5745715000 >> time limit reached...
/testbench/cpu/l3/u0/leon3x0/vhdl/p0/iu/r.w.wreg:0
/testbench/cpu/l3/u0/leon3x0/vhdl/p0/iu/r.m.irqen:1
/testbench/cpu/l3/u0/leon3x0/vhdl/p0/iu/r.m.icc:0000
/testbench/cpu/l3/u0/leon3x0/vhdl/p0/iu/r.a.ticc:0
/testbench/cpu/l3/u0/leon3x0/vhdl/p0/iu/r.a.step:0
/testbench/cpu/l3/u0/leon3x0/vhdl/p0/iu/r.m.irqen2:1
/testbench/cpu/l3/u0/leon3x0/vhdl/p0/iu/r.d.pc:01000000000000000000001101000100
/testbench/cpu/l3/u0/leon3x0/vhdl/p0/iu/r.d.rexpl:{{00000000000000000000000000000000} {00} {0} 0 0 {0000000000000000000} 0 0 0 0 0 0}
/testbench/cpu/l3/u0/leon3x0/vhdl/p0/iu/r.d.mexc:0
/testbench/cpu/l3/u0/leon3x0/vhdl/p0/iu/r.a.aw:0
/testbench/cpu/l3/u0/leon3x0/vhdl/p0/iu/r.e.ctrl:{{01000000000000000000001101000000} {11000100000001111010000001000100} {00} {10000010} {000000} 0 0 1 0 0 1 1 0 0}
/testbench/cpu/l3/u0/leon3x0/vhdl/p0/iu/r.a.divstart:0
/testbench/cpu/l3/u0/leon3x0/vhdl/p0/iu/r.e.shleft:0
/testbench/cpu/l3/u0/leon3x0/vhdl/p0/iu/r.a.bp:0
/testbench/cpu/l3/u0/leon3x0/vhdl/p0/iu/r.w.twcwp:000
/testbench/cpu/l3/u0/leon3x0/vhdl/p0/iu/r.a.jmpl:0
/testbench/cpu/l3/u0/leon3x0/vhdl/p0/iu/r.m.casa:0
/testbench/cpu/l3/u0/leon3x0/vhdl/p0/iu/r.m.werr:0
/testbench/cpu/l3/u0/leon3x0/vhdl/p0/iu/r.e.su:1
/testbench/cpu/l3/u0/leon3x0/vhdl/p0/iu/r.e.et:1
/testbench/cpu/l3/u0/leon3x0/vhdl/p0/iu/r.a.ldcheck1:1
/testbench/cpu/l3/u0/leon3x0/vhdl/p0/iu/r.d.stwin:000
/testbench/cpu/l3/u0/leon3x0/vhdl/p0/iu/r.a.ldcheck2:1
/testbench/cpu/l3/u0/leon3x0/vhdl/p0/iu/r.x.intack:0
/testbench/cpu/l3/u0/leon3x0/vhdl/p0/iu/r.m.ctrl:{{01000000000000000000001100111100} {11000010000001111011111111111000} {00} {10000001} {000000} 0 0 1 0 0 1 1 0 0}
/testbench/cpu/l3/u0/leon3x0/vhdl/p0/iu/r.a.cwp:101
/testbench/cpu/l3/u0/leon3x0/vhdl/p0/iu/r.e.sari:0
/testbench/cpu/l3/u0/leon3x0/vhdl/p0/iu/r.d.paw:0
/testbench/cpu/l3/u0/leon3x0/vhdl/p0/iu/r.d.aw:0
/testbench/cpu/l3/u0/leon3x0/vhdl/p0/iu/r.d.awp:000
/testbench/cpu/l3/u0/leon3x0/vhdl/p0/iu/r.x.ctrl:{{01000000000000000000001100111000} {11000100001010000100000000000000} {01} {10000010} {000000} 0 0 0 0 0 0 0 0 0}
/testbench/cpu/l3/u0/leon3x0/vhdl/p0/iu/r.m.rexnalign:0
/testbench/cpu/l3/u0/leon3x0/vhdl/p0/iu/r.m.su:1
/testbench/cpu/l3/u0/leon3x0/vhdl/p0/iu/r.m.wcwp:0
/testbench/cpu/l3/u0/leon3x0/vhdl/p0/iu/r.d.divrdy:0
/testbench/cpu/l3/u0/leon3x0/vhdl/p0/iu/r.e.cwp:101
/testbench/cpu/l3/u0/leon3x0/vhdl/p0/iu/r.w.except:0
/testbench/cpu/l3/u0/leon3x0/vhdl/p0/iu/r.x.nerror:0
/testbench/cpu/l3/u0/leon3x0/vhdl/p0/iu/r.a.bpimiss:0
/testbench/cpu/l3/u0/leon3x0/vhdl/p0/iu/r.a.nobp:0
/testbench/cpu/l3/u0/leon3x0/vhdl/p0/iu/r.d.rexcnt:0
/testbench/cpu/l3/u0/leon3x0/vhdl/p0/iu/r.w.s:{{101} {0000} {00000000} {01000000000000000000} {00000010} {0000} 0 0 1 1 1 {00000000000000000000000000000000} {UUUUUUUUUUUUUUUUUUUUUUUUUUUUUUUU} 1 0 0 1 1 1 0 0 {000} {000} {111}}
/testbench/cpu/l3/u0/leon3x0/vhdl/p0/iu/r.d.pv:1
/testbench/cpu/l3/u0/leon3x0/vhdl/p0/iu/r.a.ldchkra:1
/testbench/cpu/l3/u0/leon3x0/vhdl/p0/iu/r.a.rfa1:10000010
/testbench/cpu/l3/u0/leon3x0/vhdl/p0/iu/r.a.rfa2:10000001
/testbench/cpu/l3/u0/leon3x0/vhdl/p0/iu/r.a.imm:00000000000000000000000000000001
/testbench/cpu/l3/u0/leon3x0/vhdl/p0/iu/r.w.wa:10000010
/testbench/cpu/l3/u0/leon3x0/vhdl/p0/iu/r.m.casaz:0
/testbench/cpu/l3/u0/leon3x0/vhdl/p0/iu/r.x.dci:{0 0 0 1 0 0 {00} {00001011}}
/testbench/cpu/l3/u0/leon3x0/vhdl/p0/iu/r.x.mac:0
/testbench/cpu/l3/u0/leon3x0/vhdl/p0/iu/r.m.divz:0
/testbench/cpu/l3/u0/leon3x0/vhdl/p0/iu/r.d.inst:{{10000010000000001000000000000001}}
/testbench/cpu/l3/u0/leon3x0/vhdl/p0/iu/r.e.rfe1:1
/testbench/cpu/l3/u0/leon3x0/vhdl/p0/iu/r.a.wovf:0
/testbench/cpu/l3/u0/leon3x0/vhdl/p0/iu/r.e.rfe2:0
/testbench/cpu/l3/u0/leon3x0/vhdl/p0/iu/r.e.op1:01000000000011111111111010100000
/testbench/cpu/l3/u0/leon3x0/vhdl/p0/iu/r.m.nalign:0
/testbench/cpu/l3/u0/leon3x0/vhdl/p0/iu/r.e.op2:00000000000000000000000001000100
/testbench/cpu/l3/u0/leon3x0/vhdl/p0/iu/r.d.rexen:0
/testbench/cpu/l3/u0/leon3x0/vhdl/p0/iu/r.a.ctrl:{{01000000000000000000001101000100} {10000010000000001000000000000001} {00} {10000001} {000000} 0 1 0 0 0 0 0 0 0}
/testbench/cpu/l3/u0/leon3x0/vhdl/p0/iu/r.x.ipend:0
/testbench/cpu/l3/u0/leon3x0/vhdl/p0/iu/r.e.ldbp1:0
/testbench/cpu/l3/u0/leon3x0/vhdl/p0/iu/r.e.aluadd:1
/testbench/cpu/l3/u0/leon3x0/vhdl/p0/iu/r.d.set:0
/testbench/cpu/l3/u0/leon3x0/vhdl/p0/iu/r.d.inull:0
/testbench/cpu/l3/u0/leon3x0/vhdl/p0/iu/r.e.ldbp2:0
/testbench/cpu/l3/u0/leon3x0/vhdl/p0/iu/r.d.cnt:00
/testbench/cpu/l3/u0/leon3x0/vhdl/p0/iu/r.a.su:1
/testbench/cpu/l3/u0/leon3x0/vhdl/p0/iu/r.a.et:1
/testbench/cpu/l3/u0/leon3x0/vhdl/p0/iu/r.e.mul:0
/testbench/cpu/l3/u0/leon3x0/vhdl/p0/iu/r.e.alusel:00
/testbench/cpu/l3/u0/leon3x0/vhdl/p0/iu/r.e.aw:U
/testbench/cpu/l3/u0/leon3x0/vhdl/p0/iu/r.e.mac:0
/testbench/cpu/l3/u0/leon3x0/vhdl/p0/iu/r.a.decill:0
/testbench/cpu/l3/u0/leon3x0/vhdl/p0/iu/r.x.icc:0000
/testbench/cpu/l3/u0/leon3x0/vhdl/p0/iu/r.x.result:01001101010011010100110101001101
/testbench/cpu/l3/u0/leon3x0/vhdl/p0/iu/r.e.bp:0
/testbench/cpu/l3/u0/leon3x0/vhdl/p0/iu/r.a.rs1:00010
/testbench/cpu/l3/u0/leon3x0/vhdl/p0/iu/r.e.jmpl:0
/testbench/cpu/l3/u0/leon3x0/vhdl/p0/iu/r.a.rsel1:001
/testbench/cpu/l3/u0/leon3x0/vhdl/p0/iu/r.x.y:00000000000000000000000000000000
/testbench/cpu/l3/u0/leon3x0/vhdl/p0/iu/r.a.rsel2:010
/testbench/cpu/l3/u0/leon3x0/vhdl/p0/iu/r.a.awp:000
/testbench/cpu/l3/u0/leon3x0/vhdl/p0/iu/r.a.paw:0
/testbench/cpu/l3/u0/leon3x0/vhdl/p0/iu/r.x.data:{{00000000000000000000000000000000}}
/testbench/cpu/l3/u0/leon3x0/vhdl/p0/iu/r.m.mul:0
/testbench/cpu/l3/u0/leon3x0/vhdl/p0/iu/r.e.rd:UUUUU
/testbench/cpu/l3/u0/leon3x0/vhdl/p0/iu/r.e.invop2:0
/testbench/cpu/l3/u0/leon3x0/vhdl/p0/iu/r.m.wawp:0
/testbench/cpu/l3/u0/leon3x0/vhdl/p0/iu/r.d.cwpmax:111
/testbench/cpu/l3/u0/leon3x0/vhdl/p0/iu/r.f.branch:0
/testbench/cpu/l3/u0/leon3x0/vhdl/p0/iu/r.d.pcheld:1
/testbench/cpu/l3/u0/leon3x0/vhdl/p0/iu/r.m.dci:{0 1 1 0 0 0 {10} {00001011}}
/testbench/cpu/l3/u0/leon3x0/vhdl/p0/iu/r.e.paw:U
/testbench/cpu/l3/u0/leon3x0/vhdl/p0/iu/r.e.awp:UUU
/testbench/cpu/l3/u0/leon3x0/vhdl/p0/iu/r.e.shcnt:00100
/testbench/cpu/l3/u0/leon3x0/vhdl/p0/iu/r.w.result:01000000000000000001111001001100
/testbench/cpu/l3/u0/leon3x0/vhdl/p0/iu/r.m.mac:0
/testbench/cpu/l3/u0/leon3x0/vhdl/p0/iu/r.m.y:00000000000000000000000000000000
/testbench/cpu/l3/u0/leon3x0/vhdl/p0/iu/r.d.cwp:101
/testbench/cpu/l3/u0/leon3x0/vhdl/p0/iu/r.x.laddr:01
/testbench/cpu/l3/u0/leon3x0/vhdl/p0/iu/r.e.mulstep:0
/testbench/cpu/l3/u0/leon3x0/vhdl/p0/iu/r.e.ymsb:0
/testbench/cpu/l3/u0/leon3x0/vhdl/p0/iu/r.d.rexbuf:00000000000000000000000000000000
/testbench/cpu/l3/u0/leon3x0/vhdl/p0/iu/r.x.npc:100
/testbench/cpu/l3/u0/leon3x0/vhdl/p0/iu/r.f.pc:01000000000000000000001101001000
/testbench/cpu/l3/u0/leon3x0/vhdl/p0/iu/r.d.annul:0
/testbench/cpu/l3/u0/leon3x0/vhdl/p0/iu/r.x.rstate:run
/testbench/cpu/l3/u0/leon3x0/vhdl/p0/iu/r.x.set:0
/testbench/cpu/l3/u0/leon3x0/vhdl/p0/iu/r.m.result:01000000000011111111111010011000
/testbench/cpu/l3/u0/leon3x0/vhdl/p0/iu/r.e.icc:UUUU
/testbench/cpu/l3/u0/leon3x0/vhdl/p0/iu/r.a.getpc:0
/testbench/cpu/l3/u0/leon3x0/vhdl/p0/iu/r.a.ldchkex:1
/testbench/cpu/l3/u0/leon3x0/vhdl/p0/iu/r.x.mexc:0
/testbench/cpu/l3/u0/leon3x0/vhdl/p0/iu/r.a.mulstart:0
/testbench/cpu/l3/u0/leon3x0/vhdl/p0/iu/r.d.rexpos:10
/testbench/cpu/l3/u0/leon3x0/vhdl/p0/iu/r.x.annul_all:0
/testbench/cpu/l3/u0/leon3x0/vhdl/p0/iu/r.e.aluop:000
/testbench/cpu/l3/u0/leon3x0/vhdl/p0/iu/r.x.debug:0
/testbench/cpu/l3/u0/leon3x0/vhdl/p0/iu/r.a.rfe1:0
/testbench/cpu/l3/u0/leon3x0/vhdl/p0/iu/r.d.step:0
/testbench/cpu/l3/u0/leon3x0/vhdl/p0/iu/r.a.rfe2:0
/testbench/cpu/l3/u0/leon3x0/vhdl/p0/iu/r.e.alucin:0
/testbench/cpu/l3/u0/leon3x0/vhdl/p0/iu/r.a.wunf:0
compare to golden: 1
======================================
progstatus: -2
execerr: 184
latent: 1
time limit!
>>>>>>>>>>>>>>> 5745715000
======================================
