Test signal = /testbench/cpu/l3/u0/leon3x0/vhdl/p0/iu/r.d.pv
oldval = 1
pos1: 0 pos0: -1 posU: -1
newval = 0
force in 3337461
586290000 >> iteration no: 0
1598340000 >> iteration no: 1
2610390000 >> iteration no: 2
3622265000 >> iteration no: 3
Signal value: 1
oldval = 1
pos1: 0 pos0: -1 posU: -1
newval = 0
3920690000 >> Requesting for the AHB bus...
3921240000 >> Requesting for the AHB bus...
3921690000 >> AHB granted, starting recovery...
3940890000 >> Recovery done, continuing...
3941565000 >> Requesting for the AHB bus...
3942115000 >> Requesting for the AHB bus...
3942565000 >> AHB granted, starting recovery...
3961765000 >> Recovery done, continuing...
3962615000 >> Requesting for the AHB bus...
3963165000 >> Requesting for the AHB bus...
3963615000 >> AHB granted, starting recovery...
3982815000 >> Recovery done, continuing...
3983490000 >> Requesting for the AHB bus...
3984040000 >> Requesting for the AHB bus...
3984490000 >> AHB granted, starting recovery...
4003690000 >> Recovery done, continuing...
4004365000 >> Requesting for the AHB bus...
4004915000 >> Requesting for the AHB bus...
4005365000 >> AHB granted, starting recovery...
4024565000 >> Recovery done, continuing...
4025240000 >> Requesting for the AHB bus...
4025790000 >> Requesting for the AHB bus...
4026240000 >> AHB granted, starting recovery...
4045440000 >> Recovery done, continuing...
4046115000 >> Requesting for the AHB bus...
4046665000 >> Requesting for the AHB bus...
4047115000 >> AHB granted, starting recovery...
4066315000 >> Recovery done, continuing...
4066990000 >> Requesting for the AHB bus...
4067540000 >> Requesting for the AHB bus...
4067990000 >> AHB granted, starting recovery...
4087190000 >> Recovery done, continuing...
4087865000 >> Requesting for the AHB bus...
4088415000 >> Requesting for the AHB bus...
4088865000 >> AHB granted, starting recovery...
4108065000 >> Recovery done, continuing...
4108740000 >> Requesting for the AHB bus...
4109290000 >> Requesting for the AHB bus...
4109740000 >> AHB granted, starting recovery...
4128940000 >> Recovery done, continuing...
4129615000 >> Requesting for the AHB bus...
4130165000 >> Requesting for the AHB bus...
4130615000 >> AHB granted, starting recovery...
4149815000 >> Recovery done, continuing...
4150490000 >> Requesting for the AHB bus...
4151040000 >> Requesting for the AHB bus...
4151490000 >> AHB granted, starting recovery...
4170690000 >> Recovery done, continuing...
4171365000 >> Requesting for the AHB bus...
4171915000 >> Requesting for the AHB bus...
4172365000 >> AHB granted, starting recovery...
4191565000 >> Recovery done, continuing...
4192240000 >> Requesting for the AHB bus...
4192965000 >> Requesting for the AHB bus...
4193415000 >> AHB granted, starting recovery...
4212615000 >> Recovery done, continuing...
4213290000 >> Requesting for the AHB bus...
4213840000 >> Requesting for the AHB bus...
4214290000 >> AHB granted, starting recovery...
4233490000 >> Recovery done, continuing...
4234165000 >> Requesting for the AHB bus...
4234715000 >> Requesting for the AHB bus...
4235165000 >> AHB granted, starting recovery...
4254365000 >> Recovery done, continuing...
4255040000 >> Requesting for the AHB bus...
4255590000 >> Requesting for the AHB bus...
4256040000 >> AHB granted, starting recovery...
4275240000 >> Recovery done, continuing...
4276090000 >> Requesting for the AHB bus...
4276640000 >> Requesting for the AHB bus...
4277090000 >> AHB granted, starting recovery...
4296290000 >> Recovery done, continuing...
4296965000 >> Requesting for the AHB bus...
4297515000 >> Requesting for the AHB bus...
4297965000 >> AHB granted, starting recovery...
4317165000 >> Recovery done, continuing...
4317840000 >> Requesting for the AHB bus...
4318390000 >> Requesting for the AHB bus...
4318840000 >> AHB granted, starting recovery...
4338040000 >> Recovery done, continuing...
4338715000 >> Requesting for the AHB bus...
4339265000 >> Requesting for the AHB bus...
4339715000 >> AHB granted, starting recovery...
4358915000 >> Recovery done, continuing...
4359590000 >> Requesting for the AHB bus...
4360140000 >> Requesting for the AHB bus...
4360590000 >> AHB granted, starting recovery...
4379790000 >> Recovery done, continuing...
4380465000 >> Requesting for the AHB bus...
4381015000 >> Requesting for the AHB bus...
4381465000 >> AHB granted, starting recovery...
4400665000 >> Recovery done, continuing...
4401340000 >> Requesting for the AHB bus...
4401890000 >> Requesting for the AHB bus...
4402340000 >> AHB granted, starting recovery...
4421540000 >> Recovery done, continuing...
4422215000 >> Requesting for the AHB bus...
4422765000 >> Requesting for the AHB bus...
4423215000 >> AHB granted, starting recovery...
4442415000 >> Recovery done, continuing...
4443090000 >> Requesting for the AHB bus...
4443640000 >> Requesting for the AHB bus...
4444090000 >> AHB granted, starting recovery...
4463290000 >> Recovery done, continuing...
4463965000 >> Requesting for the AHB bus...
4464515000 >> Requesting for the AHB bus...
4464965000 >> AHB granted, starting recovery...
4484165000 >> Recovery done, continuing...
4484840000 >> Requesting for the AHB bus...
4485390000 >> Requesting for the AHB bus...
4485840000 >> AHB granted, starting recovery...
4505040000 >> Recovery done, continuing...
4505715000 >> Requesting for the AHB bus...
4506440000 >> Requesting for the AHB bus...
4506890000 >> AHB granted, starting recovery...
4526090000 >> Recovery done, continuing...
4526765000 >> Requesting for the AHB bus...
4527315000 >> Requesting for the AHB bus...
4527765000 >> AHB granted, starting recovery...
4546965000 >> Recovery done, continuing...
4547640000 >> Requesting for the AHB bus...
4548190000 >> Requesting for the AHB bus...
4548640000 >> AHB granted, starting recovery...
4567840000 >> Recovery done, continuing...
4568515000 >> Requesting for the AHB bus...
4569065000 >> Requesting for the AHB bus...
4569515000 >> AHB granted, starting recovery...
4588715000 >> Recovery done, continuing...
4589390000 >> Requesting for the AHB bus...
4590115000 >> Requesting for the AHB bus...
4590565000 >> AHB granted, starting recovery...
4609765000 >> Recovery done, continuing...
4610440000 >> Requesting for the AHB bus...
4610990000 >> Requesting for the AHB bus...
4611440000 >> AHB granted, starting recovery...
4630640000 >> Recovery done, continuing...
4631315000 >> Requesting for the AHB bus...
4631865000 >> Requesting for the AHB bus...
4632315000 >> AHB granted, starting recovery...
4651515000 >> Recovery done, continuing...
4652190000 >> Requesting for the AHB bus...
4652740000 >> Requesting for the AHB bus...
4653190000 >> AHB granted, starting recovery...
4672390000 >> Recovery done, continuing...
4673115000 >> Requesting for the AHB bus...
4673665000 >> Requesting for the AHB bus...
4674115000 >> AHB granted, starting recovery...
4693315000 >> Recovery done, continuing...
4693990000 >> Requesting for the AHB bus...
4694540000 >> Requesting for the AHB bus...
4694990000 >> AHB granted, starting recovery...
4714190000 >> Recovery done, continuing...
4714865000 >> Requesting for the AHB bus...
4715415000 >> Requesting for the AHB bus...
4715865000 >> AHB granted, starting recovery...
4735065000 >> Recovery done, continuing...
4735740000 >> Requesting for the AHB bus...
4736290000 >> Requesting for the AHB bus...
4736740000 >> AHB granted, starting recovery...
4755940000 >> Recovery done, continuing...
4756615000 >> Requesting for the AHB bus...
4757165000 >> Requesting for the AHB bus...
4757615000 >> AHB granted, starting recovery...
4776815000 >> Recovery done, continuing...
4777490000 >> Requesting for the AHB bus...
4778040000 >> Requesting for the AHB bus...
4778490000 >> AHB granted, starting recovery...
4797690000 >> Recovery done, continuing...
4798365000 >> Requesting for the AHB bus...
4798915000 >> Requesting for the AHB bus...
4799365000 >> AHB granted, starting recovery...
4818565000 >> Recovery done, continuing...
4819240000 >> Requesting for the AHB bus...
4819965000 >> Requesting for the AHB bus...
4820415000 >> AHB granted, starting recovery...
4839615000 >> Recovery done, continuing...
4840290000 >> Requesting for the AHB bus...
4840840000 >> Requesting for the AHB bus...
4841290000 >> AHB granted, starting recovery...
4860490000 >> Recovery done, continuing...
4861165000 >> Requesting for the AHB bus...
4861715000 >> Requesting for the AHB bus...
4862165000 >> AHB granted, starting recovery...
4881365000 >> Recovery done, continuing...
4882040000 >> Requesting for the AHB bus...
4882590000 >> Requesting for the AHB bus...
4883040000 >> AHB granted, starting recovery...
4902240000 >> Recovery done, continuing...
4902915000 >> Requesting for the AHB bus...
4903640000 >> Requesting for the AHB bus...
4904090000 >> AHB granted, starting recovery...
4923290000 >> Recovery done, continuing...
4923965000 >> Requesting for the AHB bus...
4924515000 >> Requesting for the AHB bus...
4924965000 >> AHB granted, starting recovery...
4944165000 >> Recovery done, continuing...
4944840000 >> Requesting for the AHB bus...
4945390000 >> Requesting for the AHB bus...
4945840000 >> AHB granted, starting recovery...
4965040000 >> Recovery done, continuing...
4965715000 >> Requesting for the AHB bus...
4966265000 >> Requesting for the AHB bus...
4966715000 >> AHB granted, starting recovery...
4985915000 >> Recovery done, continuing...
4986715000 >> Requesting for the AHB bus...
4987265000 >> Requesting for the AHB bus...
4987715000 >> AHB granted, starting recovery...
5006915000 >> Recovery done, continuing...
5007590000 >> Requesting for the AHB bus...
5008140000 >> Requesting for the AHB bus...
5008590000 >> AHB granted, starting recovery...
5027790000 >> Recovery done, continuing...
5028465000 >> Requesting for the AHB bus...
5029015000 >> Requesting for the AHB bus...
5029465000 >> AHB granted, starting recovery...
5048665000 >> Recovery done, continuing...
5049340000 >> Requesting for the AHB bus...
5049890000 >> Requesting for the AHB bus...
5050340000 >> AHB granted, starting recovery...
5069540000 >> Recovery done, continuing...
5070215000 >> Requesting for the AHB bus...
5070765000 >> Requesting for the AHB bus...
5071215000 >> AHB granted, starting recovery...
5090415000 >> Recovery done, continuing...
5091090000 >> Requesting for the AHB bus...
5091640000 >> Requesting for the AHB bus...
5092090000 >> AHB granted, starting recovery...
5111290000 >> Recovery done, continuing...
5111965000 >> Requesting for the AHB bus...
5112515000 >> Requesting for the AHB bus...
5112965000 >> AHB granted, starting recovery...
5132165000 >> Recovery done, continuing...
5132840000 >> Requesting for the AHB bus...
5133565000 >> Requesting for the AHB bus...
5134015000 >> AHB granted, starting recovery...
5153215000 >> Recovery done, continuing...
5153890000 >> Requesting for the AHB bus...
5154440000 >> Requesting for the AHB bus...
5154890000 >> AHB granted, starting recovery...
5174090000 >> Recovery done, continuing...
5174765000 >> Requesting for the AHB bus...
5175315000 >> Requesting for the AHB bus...
5175765000 >> AHB granted, starting recovery...
5194965000 >> Recovery done, continuing...
5195640000 >> Requesting for the AHB bus...
5196190000 >> Requesting for the AHB bus...
5196640000 >> AHB granted, starting recovery...
5215840000 >> Recovery done, continuing...
5216515000 >> Requesting for the AHB bus...
5217240000 >> Requesting for the AHB bus...
5217690000 >> AHB granted, starting recovery...
5236890000 >> Recovery done, continuing...
5237565000 >> Requesting for the AHB bus...
5238115000 >> Requesting for the AHB bus...
5238565000 >> AHB granted, starting recovery...
5257765000 >> Recovery done, continuing...
5258440000 >> Requesting for the AHB bus...
5258990000 >> Requesting for the AHB bus...
5259440000 >> AHB granted, starting recovery...
5278640000 >> Recovery done, continuing...
5279315000 >> Requesting for the AHB bus...
5279865000 >> Requesting for the AHB bus...
5280315000 >> AHB granted, starting recovery...
5299515000 >> Recovery done, continuing...
5300315000 >> Requesting for the AHB bus...
5300865000 >> Requesting for the AHB bus...
5301315000 >> AHB granted, starting recovery...
5320515000 >> Recovery done, continuing...
5321190000 >> Requesting for the AHB bus...
5321740000 >> Requesting for the AHB bus...
5322190000 >> AHB granted, starting recovery...
5341390000 >> Recovery done, continuing...
5342065000 >> Requesting for the AHB bus...
5342615000 >> Requesting for the AHB bus...
5343065000 >> AHB granted, starting recovery...
5362265000 >> Recovery done, continuing...
5362940000 >> Requesting for the AHB bus...
5363490000 >> Requesting for the AHB bus...
5363940000 >> AHB granted, starting recovery...
5383140000 >> Recovery done, continuing...
5383815000 >> Requesting for the AHB bus...
5384365000 >> Requesting for the AHB bus...
5384815000 >> AHB granted, starting recovery...
5404015000 >> Recovery done, continuing...
5404690000 >> Requesting for the AHB bus...
5405240000 >> Requesting for the AHB bus...
5405690000 >> AHB granted, starting recovery...
5424890000 >> Recovery done, continuing...
5425565000 >> Requesting for the AHB bus...
5426115000 >> Requesting for the AHB bus...
5426565000 >> AHB granted, starting recovery...
5445765000 >> Recovery done, continuing...
5446440000 >> Requesting for the AHB bus...
5447165000 >> Requesting for the AHB bus...
5447615000 >> AHB granted, starting recovery...
5466815000 >> Recovery done, continuing...
5467490000 >> Requesting for the AHB bus...
5468040000 >> Requesting for the AHB bus...
5468490000 >> AHB granted, starting recovery...
5487690000 >> Recovery done, continuing...
5488365000 >> Requesting for the AHB bus...
5488915000 >> Requesting for the AHB bus...
5489365000 >> AHB granted, starting recovery...
5508565000 >> Recovery done, continuing...
5509240000 >> Requesting for the AHB bus...
5509790000 >> Requesting for the AHB bus...
5510240000 >> AHB granted, starting recovery...
5529440000 >> Recovery done, continuing...
5530115000 >> Requesting for the AHB bus...
5530840000 >> Requesting for the AHB bus...
5531290000 >> AHB granted, starting recovery...
5550490000 >> Recovery done, continuing...
5551165000 >> Requesting for the AHB bus...
5551715000 >> Requesting for the AHB bus...
5552165000 >> AHB granted, starting recovery...
5571365000 >> Recovery done, continuing...
5572040000 >> Requesting for the AHB bus...
5572590000 >> Requesting for the AHB bus...
5573040000 >> AHB granted, starting recovery...
5592240000 >> Recovery done, continuing...
5592915000 >> Requesting for the AHB bus...
5593465000 >> Requesting for the AHB bus...
5593915000 >> AHB granted, starting recovery...
5613115000 >> Recovery done, continuing...
5613915000 >> Requesting for the AHB bus...
5614465000 >> Requesting for the AHB bus...
5614915000 >> AHB granted, starting recovery...
5634115000 >> Recovery done, continuing...
5634790000 >> Requesting for the AHB bus...
5635340000 >> Requesting for the AHB bus...
5635790000 >> AHB granted, starting recovery...
5654990000 >> Recovery done, continuing...
5655665000 >> Requesting for the AHB bus...
5656215000 >> Requesting for the AHB bus...
5656665000 >> AHB granted, starting recovery...
5675865000 >> Recovery done, continuing...
5676540000 >> Requesting for the AHB bus...
5677090000 >> Requesting for the AHB bus...
5677540000 >> AHB granted, starting recovery...
5696740000 >> Recovery done, continuing...
5697415000 >> Requesting for the AHB bus...
5697965000 >> Requesting for the AHB bus...
5698415000 >> AHB granted, starting recovery...
5717615000 >> Recovery done, continuing...
5718290000 >> Requesting for the AHB bus...
5718840000 >> Requesting for the AHB bus...
5719290000 >> AHB granted, starting recovery...
5738490000 >> Recovery done, continuing...
5739165000 >> Requesting for the AHB bus...
5739715000 >> Requesting for the AHB bus...
5740165000 >> AHB granted, starting recovery...
5745715000 >> time limit reached...
/testbench/cpu/l3/u0/leon3x0/vhdl/p0/iu/r.w.wreg:0
/testbench/cpu/l3/u0/leon3x0/vhdl/p0/iu/r.m.irqen:1
/testbench/cpu/l3/u0/leon3x0/vhdl/p0/iu/r.m.icc:0000
/testbench/cpu/l3/u0/leon3x0/vhdl/p0/iu/r.a.ticc:0
/testbench/cpu/l3/u0/leon3x0/vhdl/p0/iu/r.a.step:0
/testbench/cpu/l3/u0/leon3x0/vhdl/p0/iu/r.m.irqen2:1
/testbench/cpu/l3/u0/leon3x0/vhdl/p0/iu/r.d.pc:01000000000000000000001101000100
/testbench/cpu/l3/u0/leon3x0/vhdl/p0/iu/r.d.rexpl:{{00000000000000000000000000000000} {00} {0} 0 0 {0000000000000000000} 0 0 0 0 0 0}
/testbench/cpu/l3/u0/leon3x0/vhdl/p0/iu/r.d.mexc:0
/testbench/cpu/l3/u0/leon3x0/vhdl/p0/iu/r.a.aw:0
/testbench/cpu/l3/u0/leon3x0/vhdl/p0/iu/r.e.ctrl:{{01000000000000000000001101000000} {11000100000001111010000001000100} {00} {10000010} {000000} 0 0 1 0 0 1 0 0 0}
/testbench/cpu/l3/u0/leon3x0/vhdl/p0/iu/r.a.divstart:0
/testbench/cpu/l3/u0/leon3x0/vhdl/p0/iu/r.e.shleft:0
/testbench/cpu/l3/u0/leon3x0/vhdl/p0/iu/r.a.bp:0
/testbench/cpu/l3/u0/leon3x0/vhdl/p0/iu/r.w.twcwp:000
/testbench/cpu/l3/u0/leon3x0/vhdl/p0/iu/r.a.jmpl:0
/testbench/cpu/l3/u0/leon3x0/vhdl/p0/iu/r.m.casa:0
/testbench/cpu/l3/u0/leon3x0/vhdl/p0/iu/r.m.werr:0
/testbench/cpu/l3/u0/leon3x0/vhdl/p0/iu/r.e.su:1
/testbench/cpu/l3/u0/leon3x0/vhdl/p0/iu/r.e.et:1
/testbench/cpu/l3/u0/leon3x0/vhdl/p0/iu/r.a.ldcheck1:1
/testbench/cpu/l3/u0/leon3x0/vhdl/p0/iu/r.d.stwin:000
/testbench/cpu/l3/u0/leon3x0/vhdl/p0/iu/r.a.ldcheck2:1
/testbench/cpu/l3/u0/leon3x0/vhdl/p0/iu/r.x.intack:0
/testbench/cpu/l3/u0/leon3x0/vhdl/p0/iu/r.m.ctrl:{{01000000000000000000001100111100} {11000010000001111011111111111000} {00} {10000001} {000000} 0 0 1 0 0 1 1 0 0}
/testbench/cpu/l3/u0/leon3x0/vhdl/p0/iu/r.a.cwp:101
/testbench/cpu/l3/u0/leon3x0/vhdl/p0/iu/r.e.sari:0
/testbench/cpu/l3/u0/leon3x0/vhdl/p0/iu/r.d.paw:0
/testbench/cpu/l3/u0/leon3x0/vhdl/p0/iu/r.d.aw:0
/testbench/cpu/l3/u0/leon3x0/vhdl/p0/iu/r.d.awp:000
/testbench/cpu/l3/u0/leon3x0/vhdl/p0/iu/r.x.ctrl:{{01000000000000000000001100111000} {11000100001010000100000000000000} {01} {10000010} {000000} 0 0 0 0 0 0 0 0 0}
/testbench/cpu/l3/u0/leon3x0/vhdl/p0/iu/r.m.rexnalign:0
/testbench/cpu/l3/u0/leon3x0/vhdl/p0/iu/r.m.su:1
/testbench/cpu/l3/u0/leon3x0/vhdl/p0/iu/r.m.wcwp:0
/testbench/cpu/l3/u0/leon3x0/vhdl/p0/iu/r.d.divrdy:0
/testbench/cpu/l3/u0/leon3x0/vhdl/p0/iu/r.e.cwp:101
/testbench/cpu/l3/u0/leon3x0/vhdl/p0/iu/r.w.except:0
/testbench/cpu/l3/u0/leon3x0/vhdl/p0/iu/r.x.nerror:0
/testbench/cpu/l3/u0/leon3x0/vhdl/p0/iu/r.a.bpimiss:0
/testbench/cpu/l3/u0/leon3x0/vhdl/p0/iu/r.a.nobp:0
/testbench/cpu/l3/u0/leon3x0/vhdl/p0/iu/r.d.rexcnt:0
/testbench/cpu/l3/u0/leon3x0/vhdl/p0/iu/r.w.s:{{101} {0000} {00000000} {01000000000000000000} {00000010} {0000} 0 0 1 1 1 {00000000000000000000000000000000} {UUUUUUUUUUUUUUUUUUUUUUUUUUUUUUUU} 1 0 0 1 1 1 0 0 {000} {000} {111}}
/testbench/cpu/l3/u0/leon3x0/vhdl/p0/iu/r.d.pv:1
/testbench/cpu/l3/u0/leon3x0/vhdl/p0/iu/r.a.ldchkra:1
/testbench/cpu/l3/u0/leon3x0/vhdl/p0/iu/r.a.rfa1:10000010
/testbench/cpu/l3/u0/leon3x0/vhdl/p0/iu/r.a.rfa2:10000001
/testbench/cpu/l3/u0/leon3x0/vhdl/p0/iu/r.a.imm:00000000000000000000000000000001
/testbench/cpu/l3/u0/leon3x0/vhdl/p0/iu/r.w.wa:10000010
/testbench/cpu/l3/u0/leon3x0/vhdl/p0/iu/r.m.casaz:0
/testbench/cpu/l3/u0/leon3x0/vhdl/p0/iu/r.x.dci:{0 0 0 1 0 0 {00} {00001011}}
/testbench/cpu/l3/u0/leon3x0/vhdl/p0/iu/r.x.mac:0
/testbench/cpu/l3/u0/leon3x0/vhdl/p0/iu/r.m.divz:0
/testbench/cpu/l3/u0/leon3x0/vhdl/p0/iu/r.d.inst:{{10000010000000001000000000000001}}
/testbench/cpu/l3/u0/leon3x0/vhdl/p0/iu/r.e.rfe1:1
/testbench/cpu/l3/u0/leon3x0/vhdl/p0/iu/r.a.wovf:0
/testbench/cpu/l3/u0/leon3x0/vhdl/p0/iu/r.e.rfe2:0
/testbench/cpu/l3/u0/leon3x0/vhdl/p0/iu/r.e.op1:01000000000011111111111010100000
/testbench/cpu/l3/u0/leon3x0/vhdl/p0/iu/r.m.nalign:0
/testbench/cpu/l3/u0/leon3x0/vhdl/p0/iu/r.e.op2:00000000000000000000000001000100
/testbench/cpu/l3/u0/leon3x0/vhdl/p0/iu/r.d.rexen:0
/testbench/cpu/l3/u0/leon3x0/vhdl/p0/iu/r.a.ctrl:{{01000000000000000000001101000100} {10000010000000001000000000000001} {00} {10000001} {000000} 0 1 0 0 0 0 0 0 0}
/testbench/cpu/l3/u0/leon3x0/vhdl/p0/iu/r.x.ipend:0
/testbench/cpu/l3/u0/leon3x0/vhdl/p0/iu/r.e.ldbp1:0
/testbench/cpu/l3/u0/leon3x0/vhdl/p0/iu/r.e.aluadd:1
/testbench/cpu/l3/u0/leon3x0/vhdl/p0/iu/r.d.set:0
/testbench/cpu/l3/u0/leon3x0/vhdl/p0/iu/r.d.inull:0
/testbench/cpu/l3/u0/leon3x0/vhdl/p0/iu/r.e.ldbp2:0
/testbench/cpu/l3/u0/leon3x0/vhdl/p0/iu/r.d.cnt:00
/testbench/cpu/l3/u0/leon3x0/vhdl/p0/iu/r.a.su:1
/testbench/cpu/l3/u0/leon3x0/vhdl/p0/iu/r.a.et:1
/testbench/cpu/l3/u0/leon3x0/vhdl/p0/iu/r.e.mul:0
/testbench/cpu/l3/u0/leon3x0/vhdl/p0/iu/r.e.alusel:00
/testbench/cpu/l3/u0/leon3x0/vhdl/p0/iu/r.e.aw:U
/testbench/cpu/l3/u0/leon3x0/vhdl/p0/iu/r.e.mac:0
/testbench/cpu/l3/u0/leon3x0/vhdl/p0/iu/r.a.decill:0
/testbench/cpu/l3/u0/leon3x0/vhdl/p0/iu/r.x.icc:0000
/testbench/cpu/l3/u0/leon3x0/vhdl/p0/iu/r.x.result:00000100000001000000010000000100
/testbench/cpu/l3/u0/leon3x0/vhdl/p0/iu/r.e.bp:0
/testbench/cpu/l3/u0/leon3x0/vhdl/p0/iu/r.a.rs1:00010
/testbench/cpu/l3/u0/leon3x0/vhdl/p0/iu/r.e.jmpl:0
/testbench/cpu/l3/u0/leon3x0/vhdl/p0/iu/r.a.rsel1:001
/testbench/cpu/l3/u0/leon3x0/vhdl/p0/iu/r.x.y:00000000000000000000000000000000
/testbench/cpu/l3/u0/leon3x0/vhdl/p0/iu/r.a.rsel2:010
/testbench/cpu/l3/u0/leon3x0/vhdl/p0/iu/r.a.awp:000
/testbench/cpu/l3/u0/leon3x0/vhdl/p0/iu/r.a.paw:0
/testbench/cpu/l3/u0/leon3x0/vhdl/p0/iu/r.x.data:{{00000000000000000000000000000100}}
/testbench/cpu/l3/u0/leon3x0/vhdl/p0/iu/r.m.mul:0
/testbench/cpu/l3/u0/leon3x0/vhdl/p0/iu/r.e.rd:UUUUU
/testbench/cpu/l3/u0/leon3x0/vhdl/p0/iu/r.e.invop2:0
/testbench/cpu/l3/u0/leon3x0/vhdl/p0/iu/r.m.wawp:0
/testbench/cpu/l3/u0/leon3x0/vhdl/p0/iu/r.d.cwpmax:111
/testbench/cpu/l3/u0/leon3x0/vhdl/p0/iu/r.f.branch:0
/testbench/cpu/l3/u0/leon3x0/vhdl/p0/iu/r.d.pcheld:1
/testbench/cpu/l3/u0/leon3x0/vhdl/p0/iu/r.m.dci:{0 1 1 0 0 0 {10} {00001011}}
/testbench/cpu/l3/u0/leon3x0/vhdl/p0/iu/r.e.paw:U
/testbench/cpu/l3/u0/leon3x0/vhdl/p0/iu/r.e.awp:UUU
/testbench/cpu/l3/u0/leon3x0/vhdl/p0/iu/r.e.shcnt:00100
/testbench/cpu/l3/u0/leon3x0/vhdl/p0/iu/r.w.result:01000000000000000001111001001011
/testbench/cpu/l3/u0/leon3x0/vhdl/p0/iu/r.m.mac:0
/testbench/cpu/l3/u0/leon3x0/vhdl/p0/iu/r.m.y:00000000000000000000000000000000
/testbench/cpu/l3/u0/leon3x0/vhdl/p0/iu/r.d.cwp:101
/testbench/cpu/l3/u0/leon3x0/vhdl/p0/iu/r.x.laddr:00
/testbench/cpu/l3/u0/leon3x0/vhdl/p0/iu/r.e.mulstep:0
/testbench/cpu/l3/u0/leon3x0/vhdl/p0/iu/r.e.ymsb:0
/testbench/cpu/l3/u0/leon3x0/vhdl/p0/iu/r.d.rexbuf:00000000000000000000000000000000
/testbench/cpu/l3/u0/leon3x0/vhdl/p0/iu/r.x.npc:100
/testbench/cpu/l3/u0/leon3x0/vhdl/p0/iu/r.f.pc:01000000000000000000001101001000
/testbench/cpu/l3/u0/leon3x0/vhdl/p0/iu/r.d.annul:0
/testbench/cpu/l3/u0/leon3x0/vhdl/p0/iu/r.x.rstate:run
/testbench/cpu/l3/u0/leon3x0/vhdl/p0/iu/r.x.set:0
/testbench/cpu/l3/u0/leon3x0/vhdl/p0/iu/r.m.result:01000000000011111111111010011000
/testbench/cpu/l3/u0/leon3x0/vhdl/p0/iu/r.e.icc:UUUU
/testbench/cpu/l3/u0/leon3x0/vhdl/p0/iu/r.a.getpc:0
/testbench/cpu/l3/u0/leon3x0/vhdl/p0/iu/r.a.ldchkex:1
/testbench/cpu/l3/u0/leon3x0/vhdl/p0/iu/r.x.mexc:0
/testbench/cpu/l3/u0/leon3x0/vhdl/p0/iu/r.a.mulstart:0
/testbench/cpu/l3/u0/leon3x0/vhdl/p0/iu/r.d.rexpos:10
/testbench/cpu/l3/u0/leon3x0/vhdl/p0/iu/r.x.annul_all:0
/testbench/cpu/l3/u0/leon3x0/vhdl/p0/iu/r.e.aluop:000
/testbench/cpu/l3/u0/leon3x0/vhdl/p0/iu/r.x.debug:0
/testbench/cpu/l3/u0/leon3x0/vhdl/p0/iu/r.a.rfe1:0
/testbench/cpu/l3/u0/leon3x0/vhdl/p0/iu/r.d.step:0
/testbench/cpu/l3/u0/leon3x0/vhdl/p0/iu/r.a.rfe2:0
/testbench/cpu/l3/u0/leon3x0/vhdl/p0/iu/r.e.alucin:0
/testbench/cpu/l3/u0/leon3x0/vhdl/p0/iu/r.a.wunf:0
compare to golden: 1
======================================
progstatus: -2
execerr: 88
latent: 1
time limit!
>>>>>>>>>>>>>>> 5745715000
======================================
