Test signal = /testbench/cpu/l3/u0/leon3x0/vhdl/p0/iu/r.m.werr
oldval = 0
pos1: -1 pos0: 0 posU: -1
newval = 1
force in 1083635
586290000 >> iteration no: 0
1598340000 >> iteration no: 1
Signal value: 0
oldval = 0
pos1: -1 pos0: 0 posU: -1
newval = 1
1665340000 >> Requesting for the AHB bus...
1666090000 >> AHB granted, starting recovery...
1685290000 >> Recovery done, continuing...
1685340000 >> Requesting for the AHB bus...
1686390000 >> AHB granted, starting recovery...
1705590000 >> Recovery done, continuing...
1705640000 >> Requesting for the AHB bus...
1706690000 >> AHB granted, starting recovery...
1725890000 >> Recovery done, continuing...
1725940000 >> Requesting for the AHB bus...
1726990000 >> AHB granted, starting recovery...
1746190000 >> Recovery done, continuing...
1746240000 >> Requesting for the AHB bus...
1747290000 >> AHB granted, starting recovery...
1766490000 >> Recovery done, continuing...
1766540000 >> Requesting for the AHB bus...
1767765000 >> AHB granted, starting recovery...
1786965000 >> Recovery done, continuing...
1787015000 >> Requesting for the AHB bus...
1788065000 >> AHB granted, starting recovery...
1807265000 >> Recovery done, continuing...
1807315000 >> Requesting for the AHB bus...
1808365000 >> AHB granted, starting recovery...
1827565000 >> Recovery done, continuing...
1827615000 >> Requesting for the AHB bus...
1828665000 >> AHB granted, starting recovery...
1847865000 >> Recovery done, continuing...
1847915000 >> Requesting for the AHB bus...
1848965000 >> AHB granted, starting recovery...
1868165000 >> Recovery done, continuing...
1868215000 >> Requesting for the AHB bus...
1869265000 >> AHB granted, starting recovery...
1888465000 >> Recovery done, continuing...
1888515000 >> Requesting for the AHB bus...
1889565000 >> AHB granted, starting recovery...
1908765000 >> Recovery done, continuing...
1908815000 >> Requesting for the AHB bus...
1909865000 >> AHB granted, starting recovery...
1929065000 >> Recovery done, continuing...
1929115000 >> Requesting for the AHB bus...
1930165000 >> AHB granted, starting recovery...
1949365000 >> Recovery done, continuing...
1949415000 >> Requesting for the AHB bus...
1950465000 >> AHB granted, starting recovery...
1969665000 >> Recovery done, continuing...
1969715000 >> Requesting for the AHB bus...
1970765000 >> AHB granted, starting recovery...
1989965000 >> Recovery done, continuing...
1990015000 >> Requesting for the AHB bus...
1991065000 >> AHB granted, starting recovery...
2010265000 >> Recovery done, continuing...
2010315000 >> Requesting for the AHB bus...
2011365000 >> AHB granted, starting recovery...
2030565000 >> Recovery done, continuing...
2030615000 >> Requesting for the AHB bus...
2031665000 >> AHB granted, starting recovery...
2050865000 >> Recovery done, continuing...
2050915000 >> Requesting for the AHB bus...
2051965000 >> AHB granted, starting recovery...
2071165000 >> Recovery done, continuing...
2071215000 >> Requesting for the AHB bus...
2072265000 >> AHB granted, starting recovery...
2091465000 >> Recovery done, continuing...
2091515000 >> Requesting for the AHB bus...
2092565000 >> AHB granted, starting recovery...
2111765000 >> Recovery done, continuing...
2111815000 >> Requesting for the AHB bus...
2112865000 >> AHB granted, starting recovery...
2132065000 >> Recovery done, continuing...
2132115000 >> Requesting for the AHB bus...
2133165000 >> AHB granted, starting recovery...
2152365000 >> Recovery done, continuing...
2152415000 >> Requesting for the AHB bus...
2153465000 >> AHB granted, starting recovery...
2172665000 >> Recovery done, continuing...
2172715000 >> Requesting for the AHB bus...
2173765000 >> AHB granted, starting recovery...
2192965000 >> Recovery done, continuing...
2193015000 >> Requesting for the AHB bus...
2194065000 >> AHB granted, starting recovery...
2213265000 >> Recovery done, continuing...
2213315000 >> Requesting for the AHB bus...
2214365000 >> AHB granted, starting recovery...
2233565000 >> Recovery done, continuing...
2233615000 >> Requesting for the AHB bus...
2234840000 >> AHB granted, starting recovery...
2254040000 >> Recovery done, continuing...
2254090000 >> Requesting for the AHB bus...
2255140000 >> AHB granted, starting recovery...
2274340000 >> Recovery done, continuing...
2274390000 >> Requesting for the AHB bus...
2275440000 >> AHB granted, starting recovery...
2294640000 >> Recovery done, continuing...
2294690000 >> Requesting for the AHB bus...
2295740000 >> AHB granted, starting recovery...
2314940000 >> Recovery done, continuing...
2314990000 >> Requesting for the AHB bus...
2316040000 >> AHB granted, starting recovery...
2335240000 >> Recovery done, continuing...
2335290000 >> Requesting for the AHB bus...
2336340000 >> AHB granted, starting recovery...
2355540000 >> Recovery done, continuing...
2355590000 >> Requesting for the AHB bus...
2356740000 >> AHB granted, starting recovery...
2375940000 >> Recovery done, continuing...
2375990000 >> Requesting for the AHB bus...
2377040000 >> AHB granted, starting recovery...
2396240000 >> Recovery done, continuing...
2396290000 >> Requesting for the AHB bus...
2397340000 >> AHB granted, starting recovery...
2416540000 >> Recovery done, continuing...
2416590000 >> Requesting for the AHB bus...
2417640000 >> AHB granted, starting recovery...
2436840000 >> Recovery done, continuing...
2436890000 >> Requesting for the AHB bus...
2437940000 >> AHB granted, starting recovery...
2457140000 >> Recovery done, continuing...
2457190000 >> Requesting for the AHB bus...
2458240000 >> AHB granted, starting recovery...
2477440000 >> Recovery done, continuing...
2477490000 >> Requesting for the AHB bus...
2478540000 >> AHB granted, starting recovery...
2497740000 >> Recovery done, continuing...
2497790000 >> Requesting for the AHB bus...
2498840000 >> AHB granted, starting recovery...
2518040000 >> Recovery done, continuing...
2518090000 >> Requesting for the AHB bus...
2519140000 >> AHB granted, starting recovery...
2538340000 >> Recovery done, continuing...
2538390000 >> Requesting for the AHB bus...
2539440000 >> AHB granted, starting recovery...
2558640000 >> Recovery done, continuing...
2558690000 >> Requesting for the AHB bus...
2559740000 >> AHB granted, starting recovery...
2578940000 >> Recovery done, continuing...
2578990000 >> Requesting for the AHB bus...
2580040000 >> AHB granted, starting recovery...
2599240000 >> Recovery done, continuing...
2599290000 >> Requesting for the AHB bus...
2600340000 >> AHB granted, starting recovery...
2619540000 >> Recovery done, continuing...
2619590000 >> Requesting for the AHB bus...
2620640000 >> AHB granted, starting recovery...
2639840000 >> Recovery done, continuing...
2639890000 >> Requesting for the AHB bus...
2640940000 >> AHB granted, starting recovery...
2660140000 >> Recovery done, continuing...
2660190000 >> Requesting for the AHB bus...
2661240000 >> AHB granted, starting recovery...
2680440000 >> Recovery done, continuing...
2680490000 >> Requesting for the AHB bus...
2681540000 >> AHB granted, starting recovery...
2700740000 >> Recovery done, continuing...
2700790000 >> Requesting for the AHB bus...
2702015000 >> AHB granted, starting recovery...
2721215000 >> Recovery done, continuing...
2721265000 >> Requesting for the AHB bus...
2722315000 >> AHB granted, starting recovery...
2741515000 >> Recovery done, continuing...
2741565000 >> Requesting for the AHB bus...
2742615000 >> AHB granted, starting recovery...
2761815000 >> Recovery done, continuing...
2761865000 >> Requesting for the AHB bus...
2762915000 >> AHB granted, starting recovery...
2782115000 >> Recovery done, continuing...
2782165000 >> Requesting for the AHB bus...
2783215000 >> AHB granted, starting recovery...
2802415000 >> Recovery done, continuing...
2802465000 >> Requesting for the AHB bus...
2803515000 >> AHB granted, starting recovery...
2822715000 >> Recovery done, continuing...
2822765000 >> Requesting for the AHB bus...
2823940000 >> AHB granted, starting recovery...
2843140000 >> Recovery done, continuing...
2843190000 >> Requesting for the AHB bus...
2844240000 >> AHB granted, starting recovery...
2863440000 >> Recovery done, continuing...
2863490000 >> Requesting for the AHB bus...
2864540000 >> AHB granted, starting recovery...
2883740000 >> Recovery done, continuing...
2883790000 >> Requesting for the AHB bus...
2884840000 >> AHB granted, starting recovery...
2904040000 >> Recovery done, continuing...
2904090000 >> Requesting for the AHB bus...
2905140000 >> AHB granted, starting recovery...
2924340000 >> Recovery done, continuing...
2924390000 >> Requesting for the AHB bus...
2925440000 >> AHB granted, starting recovery...
2944640000 >> Recovery done, continuing...
2944690000 >> Requesting for the AHB bus...
2945740000 >> AHB granted, starting recovery...
2964940000 >> Recovery done, continuing...
2964990000 >> Requesting for the AHB bus...
2966040000 >> AHB granted, starting recovery...
2985240000 >> Recovery done, continuing...
2985290000 >> Requesting for the AHB bus...
2986340000 >> AHB granted, starting recovery...
3005540000 >> Recovery done, continuing...
3005590000 >> Requesting for the AHB bus...
3006640000 >> AHB granted, starting recovery...
3025840000 >> Recovery done, continuing...
3025890000 >> Requesting for the AHB bus...
3026940000 >> AHB granted, starting recovery...
3046140000 >> Recovery done, continuing...
3046190000 >> Requesting for the AHB bus...
3047240000 >> AHB granted, starting recovery...
3066440000 >> Recovery done, continuing...
3066490000 >> Requesting for the AHB bus...
3067540000 >> AHB granted, starting recovery...
3086740000 >> Recovery done, continuing...
3086790000 >> Requesting for the AHB bus...
3087840000 >> AHB granted, starting recovery...
3107040000 >> Recovery done, continuing...
3107090000 >> Requesting for the AHB bus...
3108140000 >> AHB granted, starting recovery...
3127340000 >> Recovery done, continuing...
3127390000 >> Requesting for the AHB bus...
3128440000 >> AHB granted, starting recovery...
3147640000 >> Recovery done, continuing...
3147690000 >> Requesting for the AHB bus...
3148740000 >> AHB granted, starting recovery...
3167940000 >> Recovery done, continuing...
3167990000 >> Requesting for the AHB bus...
3169215000 >> AHB granted, starting recovery...
3188415000 >> Recovery done, continuing...
3188465000 >> Requesting for the AHB bus...
3189515000 >> AHB granted, starting recovery...
3208715000 >> Recovery done, continuing...
3208765000 >> Requesting for the AHB bus...
3209815000 >> AHB granted, starting recovery...
3229015000 >> Recovery done, continuing...
3229065000 >> Requesting for the AHB bus...
3230115000 >> AHB granted, starting recovery...
3249315000 >> Recovery done, continuing...
3249365000 >> Requesting for the AHB bus...
3250415000 >> AHB granted, starting recovery...
3269615000 >> Recovery done, continuing...
3269665000 >> Requesting for the AHB bus...
3270715000 >> AHB granted, starting recovery...
3289915000 >> Recovery done, continuing...
3289965000 >> Requesting for the AHB bus...
3291140000 >> AHB granted, starting recovery...
3310340000 >> Recovery done, continuing...
3310390000 >> Requesting for the AHB bus...
3311440000 >> AHB granted, starting recovery...
3330640000 >> Recovery done, continuing...
3330690000 >> Requesting for the AHB bus...
3331740000 >> AHB granted, starting recovery...
3350940000 >> Recovery done, continuing...
3350990000 >> Requesting for the AHB bus...
3352040000 >> AHB granted, starting recovery...
3371240000 >> Recovery done, continuing...
3371290000 >> Requesting for the AHB bus...
3372340000 >> AHB granted, starting recovery...
3391540000 >> Recovery done, continuing...
3391590000 >> Requesting for the AHB bus...
3392640000 >> AHB granted, starting recovery...
3411840000 >> Recovery done, continuing...
3411890000 >> Requesting for the AHB bus...
3412940000 >> AHB granted, starting recovery...
3432140000 >> Recovery done, continuing...
3432190000 >> Requesting for the AHB bus...
3433240000 >> AHB granted, starting recovery...
3452440000 >> Recovery done, continuing...
3452490000 >> Requesting for the AHB bus...
3453540000 >> AHB granted, starting recovery...
3472740000 >> Recovery done, continuing...
3472790000 >> Requesting for the AHB bus...
3473840000 >> AHB granted, starting recovery...
3493040000 >> Recovery done, continuing...
3493090000 >> Requesting for the AHB bus...
3494140000 >> AHB granted, starting recovery...
3513340000 >> Recovery done, continuing...
3513390000 >> Requesting for the AHB bus...
3514440000 >> AHB granted, starting recovery...
3533640000 >> Recovery done, continuing...
3533690000 >> Requesting for the AHB bus...
3534740000 >> AHB granted, starting recovery...
3553940000 >> Recovery done, continuing...
3553990000 >> Requesting for the AHB bus...
3555040000 >> AHB granted, starting recovery...
3574240000 >> Recovery done, continuing...
3574290000 >> Requesting for the AHB bus...
3575340000 >> AHB granted, starting recovery...
3594540000 >> Recovery done, continuing...
3594590000 >> Requesting for the AHB bus...
3595640000 >> AHB granted, starting recovery...
3614840000 >> Recovery done, continuing...
3614890000 >> Requesting for the AHB bus...
3615940000 >> AHB granted, starting recovery...
3635140000 >> Recovery done, continuing...
3635190000 >> Requesting for the AHB bus...
3636415000 >> AHB granted, starting recovery...
3655615000 >> Recovery done, continuing...
3655665000 >> Requesting for the AHB bus...
3656715000 >> AHB granted, starting recovery...
3675915000 >> Recovery done, continuing...
3675965000 >> Requesting for the AHB bus...
3677015000 >> AHB granted, starting recovery...
3696215000 >> Recovery done, continuing...
3696265000 >> Requesting for the AHB bus...
3697315000 >> AHB granted, starting recovery...
3716515000 >> Recovery done, continuing...
3716565000 >> Requesting for the AHB bus...
3717615000 >> AHB granted, starting recovery...
3736815000 >> Recovery done, continuing...
3736865000 >> Requesting for the AHB bus...
3737915000 >> AHB granted, starting recovery...
3757115000 >> Recovery done, continuing...
3757165000 >> Requesting for the AHB bus...
3758340000 >> AHB granted, starting recovery...
3777540000 >> Recovery done, continuing...
3777590000 >> Requesting for the AHB bus...
3778640000 >> AHB granted, starting recovery...
3797840000 >> Recovery done, continuing...
3797890000 >> Requesting for the AHB bus...
3798940000 >> AHB granted, starting recovery...
3818140000 >> Recovery done, continuing...
3818190000 >> Requesting for the AHB bus...
3819240000 >> AHB granted, starting recovery...
3838440000 >> Recovery done, continuing...
3838490000 >> Requesting for the AHB bus...
3839540000 >> AHB granted, starting recovery...
3858740000 >> Recovery done, continuing...
3858790000 >> Requesting for the AHB bus...
3859840000 >> AHB granted, starting recovery...
3879040000 >> Recovery done, continuing...
3879090000 >> Requesting for the AHB bus...
3880140000 >> AHB granted, starting recovery...
3899340000 >> Recovery done, continuing...
3899390000 >> Requesting for the AHB bus...
3900440000 >> AHB granted, starting recovery...
3919640000 >> Recovery done, continuing...
3919690000 >> Requesting for the AHB bus...
3920740000 >> AHB granted, starting recovery...
3939940000 >> Recovery done, continuing...
3939990000 >> Requesting for the AHB bus...
3941040000 >> AHB granted, starting recovery...
3960240000 >> Recovery done, continuing...
3960290000 >> Requesting for the AHB bus...
3961340000 >> AHB granted, starting recovery...
3980540000 >> Recovery done, continuing...
3980590000 >> Requesting for the AHB bus...
3981640000 >> AHB granted, starting recovery...
4000840000 >> Recovery done, continuing...
4000890000 >> Requesting for the AHB bus...
4001940000 >> AHB granted, starting recovery...
4021140000 >> Recovery done, continuing...
4021190000 >> Requesting for the AHB bus...
4022240000 >> AHB granted, starting recovery...
4041440000 >> Recovery done, continuing...
4041490000 >> Requesting for the AHB bus...
4042540000 >> AHB granted, starting recovery...
4061740000 >> Recovery done, continuing...
4061790000 >> Requesting for the AHB bus...
4062840000 >> AHB granted, starting recovery...
4082040000 >> Recovery done, continuing...
4082090000 >> Requesting for the AHB bus...
4083140000 >> AHB granted, starting recovery...
4102340000 >> Recovery done, continuing...
4102390000 >> Requesting for the AHB bus...
4103615000 >> AHB granted, starting recovery...
4122815000 >> Recovery done, continuing...
4122865000 >> Requesting for the AHB bus...
4123915000 >> AHB granted, starting recovery...
4143115000 >> Recovery done, continuing...
4143165000 >> Requesting for the AHB bus...
4144215000 >> AHB granted, starting recovery...
4163415000 >> Recovery done, continuing...
4163465000 >> Requesting for the AHB bus...
4164515000 >> AHB granted, starting recovery...
4183715000 >> Recovery done, continuing...
4183765000 >> Requesting for the AHB bus...
4184815000 >> AHB granted, starting recovery...
4204015000 >> Recovery done, continuing...
4204065000 >> Requesting for the AHB bus...
4205115000 >> AHB granted, starting recovery...
4224315000 >> Recovery done, continuing...
4224365000 >> Requesting for the AHB bus...
4225540000 >> AHB granted, starting recovery...
4244740000 >> Recovery done, continuing...
4244790000 >> Requesting for the AHB bus...
4245840000 >> AHB granted, starting recovery...
4265040000 >> Recovery done, continuing...
4265090000 >> Requesting for the AHB bus...
4266140000 >> AHB granted, starting recovery...
4285340000 >> Recovery done, continuing...
4285390000 >> Requesting for the AHB bus...
4286440000 >> AHB granted, starting recovery...
4305640000 >> Recovery done, continuing...
4305690000 >> Requesting for the AHB bus...
4306740000 >> AHB granted, starting recovery...
4325940000 >> Recovery done, continuing...
4325990000 >> Requesting for the AHB bus...
4327040000 >> AHB granted, starting recovery...
4346240000 >> Recovery done, continuing...
4346290000 >> Requesting for the AHB bus...
4347340000 >> AHB granted, starting recovery...
4366540000 >> Recovery done, continuing...
4366590000 >> Requesting for the AHB bus...
4367640000 >> AHB granted, starting recovery...
4386840000 >> Recovery done, continuing...
4386890000 >> Requesting for the AHB bus...
4387940000 >> AHB granted, starting recovery...
4407140000 >> Recovery done, continuing...
4407190000 >> Requesting for the AHB bus...
4408240000 >> AHB granted, starting recovery...
4427440000 >> Recovery done, continuing...
4427490000 >> Requesting for the AHB bus...
4428540000 >> AHB granted, starting recovery...
4447740000 >> Recovery done, continuing...
4447790000 >> Requesting for the AHB bus...
4448840000 >> AHB granted, starting recovery...
4468040000 >> Recovery done, continuing...
4468090000 >> Requesting for the AHB bus...
4469140000 >> AHB granted, starting recovery...
4488340000 >> Recovery done, continuing...
4488390000 >> Requesting for the AHB bus...
4489440000 >> AHB granted, starting recovery...
4508640000 >> Recovery done, continuing...
4508690000 >> Requesting for the AHB bus...
4509740000 >> AHB granted, starting recovery...
4528940000 >> Recovery done, continuing...
4528990000 >> Requesting for the AHB bus...
4530040000 >> AHB granted, starting recovery...
4549240000 >> Recovery done, continuing...
4549290000 >> Requesting for the AHB bus...
4550340000 >> AHB granted, starting recovery...
4569540000 >> Recovery done, continuing...
4569590000 >> Requesting for the AHB bus...
4570815000 >> AHB granted, starting recovery...
4590015000 >> Recovery done, continuing...
4590065000 >> Requesting for the AHB bus...
4591115000 >> AHB granted, starting recovery...
4610315000 >> Recovery done, continuing...
4610365000 >> Requesting for the AHB bus...
4611415000 >> AHB granted, starting recovery...
4630615000 >> Recovery done, continuing...
4630665000 >> Requesting for the AHB bus...
4631715000 >> AHB granted, starting recovery...
4650915000 >> Recovery done, continuing...
4650965000 >> Requesting for the AHB bus...
4652015000 >> AHB granted, starting recovery...
4671215000 >> Recovery done, continuing...
4671265000 >> Requesting for the AHB bus...
4672315000 >> AHB granted, starting recovery...
4691515000 >> Recovery done, continuing...
4691565000 >> Requesting for the AHB bus...
4692740000 >> AHB granted, starting recovery...
4711940000 >> Recovery done, continuing...
4711990000 >> Requesting for the AHB bus...
4713040000 >> AHB granted, starting recovery...
4732240000 >> Recovery done, continuing...
4732290000 >> Requesting for the AHB bus...
4733340000 >> AHB granted, starting recovery...
4752540000 >> Recovery done, continuing...
4752590000 >> Requesting for the AHB bus...
4753640000 >> AHB granted, starting recovery...
4772840000 >> Recovery done, continuing...
4772890000 >> Requesting for the AHB bus...
4773940000 >> AHB granted, starting recovery...
4793140000 >> Recovery done, continuing...
4793190000 >> Requesting for the AHB bus...
4794240000 >> AHB granted, starting recovery...
4813440000 >> Recovery done, continuing...
4813490000 >> Requesting for the AHB bus...
4814540000 >> AHB granted, starting recovery...
4833740000 >> Recovery done, continuing...
4833790000 >> Requesting for the AHB bus...
4834840000 >> AHB granted, starting recovery...
4854040000 >> Recovery done, continuing...
4854090000 >> Requesting for the AHB bus...
4855140000 >> AHB granted, starting recovery...
4874340000 >> Recovery done, continuing...
4874390000 >> Requesting for the AHB bus...
4875440000 >> AHB granted, starting recovery...
4894640000 >> Recovery done, continuing...
4894690000 >> Requesting for the AHB bus...
4895740000 >> AHB granted, starting recovery...
4914940000 >> Recovery done, continuing...
4914990000 >> Requesting for the AHB bus...
4916040000 >> AHB granted, starting recovery...
4935240000 >> Recovery done, continuing...
4935290000 >> Requesting for the AHB bus...
4936340000 >> AHB granted, starting recovery...
4955540000 >> Recovery done, continuing...
4955590000 >> Requesting for the AHB bus...
4956640000 >> AHB granted, starting recovery...
4975840000 >> Recovery done, continuing...
4975890000 >> Requesting for the AHB bus...
4976940000 >> AHB granted, starting recovery...
4996140000 >> Recovery done, continuing...
4996190000 >> Requesting for the AHB bus...
4997240000 >> AHB granted, starting recovery...
5016440000 >> Recovery done, continuing...
5016490000 >> Requesting for the AHB bus...
5017540000 >> AHB granted, starting recovery...
5036740000 >> Recovery done, continuing...
5036790000 >> Requesting for the AHB bus...
5038015000 >> AHB granted, starting recovery...
5057215000 >> Recovery done, continuing...
5057265000 >> Requesting for the AHB bus...
5058315000 >> AHB granted, starting recovery...
5077515000 >> Recovery done, continuing...
5077565000 >> Requesting for the AHB bus...
5078615000 >> AHB granted, starting recovery...
5097815000 >> Recovery done, continuing...
5097865000 >> Requesting for the AHB bus...
5098915000 >> AHB granted, starting recovery...
5118115000 >> Recovery done, continuing...
5118165000 >> Requesting for the AHB bus...
5119215000 >> AHB granted, starting recovery...
5138415000 >> Recovery done, continuing...
5138465000 >> Requesting for the AHB bus...
5139515000 >> AHB granted, starting recovery...
5158715000 >> Recovery done, continuing...
5158765000 >> Requesting for the AHB bus...
5159940000 >> AHB granted, starting recovery...
5179140000 >> Recovery done, continuing...
5179190000 >> Requesting for the AHB bus...
5180240000 >> AHB granted, starting recovery...
5199440000 >> Recovery done, continuing...
5199490000 >> Requesting for the AHB bus...
5200540000 >> AHB granted, starting recovery...
5219740000 >> Recovery done, continuing...
5219790000 >> Requesting for the AHB bus...
5220840000 >> AHB granted, starting recovery...
5240040000 >> Recovery done, continuing...
5240090000 >> Requesting for the AHB bus...
5241140000 >> AHB granted, starting recovery...
5260340000 >> Recovery done, continuing...
5260390000 >> Requesting for the AHB bus...
5261440000 >> AHB granted, starting recovery...
5280640000 >> Recovery done, continuing...
5280690000 >> Requesting for the AHB bus...
5281740000 >> AHB granted, starting recovery...
5300940000 >> Recovery done, continuing...
5300990000 >> Requesting for the AHB bus...
5302040000 >> AHB granted, starting recovery...
5321240000 >> Recovery done, continuing...
5321290000 >> Requesting for the AHB bus...
5322340000 >> AHB granted, starting recovery...
5341540000 >> Recovery done, continuing...
5341590000 >> Requesting for the AHB bus...
5342640000 >> AHB granted, starting recovery...
5361840000 >> Recovery done, continuing...
5361890000 >> Requesting for the AHB bus...
5362940000 >> AHB granted, starting recovery...
5382140000 >> Recovery done, continuing...
5382190000 >> Requesting for the AHB bus...
5383240000 >> AHB granted, starting recovery...
5402440000 >> Recovery done, continuing...
5402490000 >> Requesting for the AHB bus...
5403540000 >> AHB granted, starting recovery...
5422740000 >> Recovery done, continuing...
5422790000 >> Requesting for the AHB bus...
5423840000 >> AHB granted, starting recovery...
5443040000 >> Recovery done, continuing...
5443090000 >> Requesting for the AHB bus...
5444140000 >> AHB granted, starting recovery...
5463340000 >> Recovery done, continuing...
5463390000 >> Requesting for the AHB bus...
5464440000 >> AHB granted, starting recovery...
5483640000 >> Recovery done, continuing...
5483690000 >> Requesting for the AHB bus...
5484740000 >> AHB granted, starting recovery...
5503940000 >> Recovery done, continuing...
5503990000 >> Requesting for the AHB bus...
5505215000 >> AHB granted, starting recovery...
5524415000 >> Recovery done, continuing...
5524465000 >> Requesting for the AHB bus...
5525515000 >> AHB granted, starting recovery...
5544715000 >> Recovery done, continuing...
5544765000 >> Requesting for the AHB bus...
5545815000 >> AHB granted, starting recovery...
5565015000 >> Recovery done, continuing...
5565065000 >> Requesting for the AHB bus...
5566115000 >> AHB granted, starting recovery...
5585315000 >> Recovery done, continuing...
5585365000 >> Requesting for the AHB bus...
5586415000 >> AHB granted, starting recovery...
5605615000 >> Recovery done, continuing...
5605665000 >> Requesting for the AHB bus...
5606715000 >> AHB granted, starting recovery...
5625915000 >> Recovery done, continuing...
5625965000 >> Requesting for the AHB bus...
5627140000 >> AHB granted, starting recovery...
5646340000 >> Recovery done, continuing...
5646390000 >> Requesting for the AHB bus...
5647440000 >> AHB granted, starting recovery...
5666640000 >> Recovery done, continuing...
5666690000 >> Requesting for the AHB bus...
5667740000 >> AHB granted, starting recovery...
5686940000 >> Recovery done, continuing...
5686990000 >> Requesting for the AHB bus...
5688040000 >> AHB granted, starting recovery...
5707240000 >> Recovery done, continuing...
5707290000 >> Requesting for the AHB bus...
5708340000 >> AHB granted, starting recovery...
5727540000 >> Recovery done, continuing...
5727590000 >> Requesting for the AHB bus...
5728640000 >> AHB granted, starting recovery...
5745715000 >> time limit reached...
/testbench/cpu/l3/u0/leon3x0/vhdl/p0/iu/r.w.wreg:1
/testbench/cpu/l3/u0/leon3x0/vhdl/p0/iu/r.m.irqen:1
/testbench/cpu/l3/u0/leon3x0/vhdl/p0/iu/r.m.icc:0000
/testbench/cpu/l3/u0/leon3x0/vhdl/p0/iu/r.a.ticc:0
/testbench/cpu/l3/u0/leon3x0/vhdl/p0/iu/r.a.step:0
/testbench/cpu/l3/u0/leon3x0/vhdl/p0/iu/r.m.irqen2:1
/testbench/cpu/l3/u0/leon3x0/vhdl/p0/iu/r.d.pc:01000000000000000000001011011100
/testbench/cpu/l3/u0/leon3x0/vhdl/p0/iu/r.d.rexpl:{{00000000000000000000000000000000} {00} {0} 0 0 {0000000000000000000} 0 0 0 0 0 0}
/testbench/cpu/l3/u0/leon3x0/vhdl/p0/iu/r.d.mexc:0
/testbench/cpu/l3/u0/leon3x0/vhdl/p0/iu/r.a.aw:0
/testbench/cpu/l3/u0/leon3x0/vhdl/p0/iu/r.e.ctrl:{{01000000000000000000001011010100} {11000010000001111011111111110100} {00} {10000001} {000000} 0 0 1 0 0 1 1 0 0}
/testbench/cpu/l3/u0/leon3x0/vhdl/p0/iu/r.a.divstart:0
/testbench/cpu/l3/u0/leon3x0/vhdl/p0/iu/r.e.shleft:0
/testbench/cpu/l3/u0/leon3x0/vhdl/p0/iu/r.a.bp:0
/testbench/cpu/l3/u0/leon3x0/vhdl/p0/iu/r.w.twcwp:000
/testbench/cpu/l3/u0/leon3x0/vhdl/p0/iu/r.a.jmpl:0
/testbench/cpu/l3/u0/leon3x0/vhdl/p0/iu/r.m.casa:0
/testbench/cpu/l3/u0/leon3x0/vhdl/p0/iu/r.m.werr:0
/testbench/cpu/l3/u0/leon3x0/vhdl/p0/iu/r.e.su:1
/testbench/cpu/l3/u0/leon3x0/vhdl/p0/iu/r.e.et:1
/testbench/cpu/l3/u0/leon3x0/vhdl/p0/iu/r.a.ldcheck1:1
/testbench/cpu/l3/u0/leon3x0/vhdl/p0/iu/r.d.stwin:000
/testbench/cpu/l3/u0/leon3x0/vhdl/p0/iu/r.a.ldcheck2:0
/testbench/cpu/l3/u0/leon3x0/vhdl/p0/iu/r.x.intack:0
/testbench/cpu/l3/u0/leon3x0/vhdl/p0/iu/r.m.ctrl:{{01000000000000000000001011010000} {11000010001001111011111111111000} {01} {10000001} {000000} 0 0 0 0 0 0 0 0 0}
/testbench/cpu/l3/u0/leon3x0/vhdl/p0/iu/r.a.cwp:101
/testbench/cpu/l3/u0/leon3x0/vhdl/p0/iu/r.e.sari:0
/testbench/cpu/l3/u0/leon3x0/vhdl/p0/iu/r.d.paw:0
/testbench/cpu/l3/u0/leon3x0/vhdl/p0/iu/r.d.aw:0
/testbench/cpu/l3/u0/leon3x0/vhdl/p0/iu/r.d.awp:000
/testbench/cpu/l3/u0/leon3x0/vhdl/p0/iu/r.x.ctrl:{{01000000000000000000001011010000} {11000010001001111011111111111000} {00} {10000001} {000000} 0 0 0 0 0 0 1 0 0}
/testbench/cpu/l3/u0/leon3x0/vhdl/p0/iu/r.m.rexnalign:0
/testbench/cpu/l3/u0/leon3x0/vhdl/p0/iu/r.m.su:1
/testbench/cpu/l3/u0/leon3x0/vhdl/p0/iu/r.m.wcwp:0
/testbench/cpu/l3/u0/leon3x0/vhdl/p0/iu/r.d.divrdy:0
/testbench/cpu/l3/u0/leon3x0/vhdl/p0/iu/r.e.cwp:101
/testbench/cpu/l3/u0/leon3x0/vhdl/p0/iu/r.w.except:0
/testbench/cpu/l3/u0/leon3x0/vhdl/p0/iu/r.x.nerror:0
/testbench/cpu/l3/u0/leon3x0/vhdl/p0/iu/r.a.bpimiss:0
/testbench/cpu/l3/u0/leon3x0/vhdl/p0/iu/r.a.nobp:0
/testbench/cpu/l3/u0/leon3x0/vhdl/p0/iu/r.d.rexcnt:0
/testbench/cpu/l3/u0/leon3x0/vhdl/p0/iu/r.w.s:{{101} {0000} {00000000} {01000000000000000000} {00000010} {0000} 0 0 1 1 1 {00000000000000000000000000000000} {UUUUUUUUUUUUUUUUUUUUUUUUUUUUUUUU} 1 0 0 1 1 1 0 0 {000} {000} {111}}
/testbench/cpu/l3/u0/leon3x0/vhdl/p0/iu/r.d.pv:1
/testbench/cpu/l3/u0/leon3x0/vhdl/p0/iu/r.a.ldchkra:1
/testbench/cpu/l3/u0/leon3x0/vhdl/p0/iu/r.a.rfa1:01101110
/testbench/cpu/l3/u0/leon3x0/vhdl/p0/iu/r.a.rfa2:10000100
/testbench/cpu/l3/u0/leon3x0/vhdl/p0/iu/r.a.imm:00000000000000000000000001000100
/testbench/cpu/l3/u0/leon3x0/vhdl/p0/iu/r.w.wa:10000001
/testbench/cpu/l3/u0/leon3x0/vhdl/p0/iu/r.m.casaz:0
/testbench/cpu/l3/u0/leon3x0/vhdl/p0/iu/r.x.dci:{0 1 0 0 0 0 {10} {00001011}}
/testbench/cpu/l3/u0/leon3x0/vhdl/p0/iu/r.x.mac:0
/testbench/cpu/l3/u0/leon3x0/vhdl/p0/iu/r.m.divz:0
/testbench/cpu/l3/u0/leon3x0/vhdl/p0/iu/r.d.inst:{{10000010000000001000000000000001}}
/testbench/cpu/l3/u0/leon3x0/vhdl/p0/iu/r.e.rfe1:1
/testbench/cpu/l3/u0/leon3x0/vhdl/p0/iu/r.a.wovf:0
/testbench/cpu/l3/u0/leon3x0/vhdl/p0/iu/r.e.rfe2:0
/testbench/cpu/l3/u0/leon3x0/vhdl/p0/iu/r.e.op1:01000000000011111111111010100000
/testbench/cpu/l3/u0/leon3x0/vhdl/p0/iu/r.m.nalign:1
/testbench/cpu/l3/u0/leon3x0/vhdl/p0/iu/r.e.op2:11111111111111111111111111110100
/testbench/cpu/l3/u0/leon3x0/vhdl/p0/iu/r.d.rexen:0
/testbench/cpu/l3/u0/leon3x0/vhdl/p0/iu/r.a.ctrl:{{01000000000000000000001011011000} {11000100000001111010000001000100} {00} {10000010} {000000} 0 0 1 0 0 1 1 0 0}
/testbench/cpu/l3/u0/leon3x0/vhdl/p0/iu/r.x.ipend:0
/testbench/cpu/l3/u0/leon3x0/vhdl/p0/iu/r.e.ldbp1:0
/testbench/cpu/l3/u0/leon3x0/vhdl/p0/iu/r.e.aluadd:1
/testbench/cpu/l3/u0/leon3x0/vhdl/p0/iu/r.d.set:0
/testbench/cpu/l3/u0/leon3x0/vhdl/p0/iu/r.d.inull:0
/testbench/cpu/l3/u0/leon3x0/vhdl/p0/iu/r.e.ldbp2:0
/testbench/cpu/l3/u0/leon3x0/vhdl/p0/iu/r.d.cnt:00
/testbench/cpu/l3/u0/leon3x0/vhdl/p0/iu/r.a.su:1
/testbench/cpu/l3/u0/leon3x0/vhdl/p0/iu/r.a.et:1
/testbench/cpu/l3/u0/leon3x0/vhdl/p0/iu/r.e.mul:0
/testbench/cpu/l3/u0/leon3x0/vhdl/p0/iu/r.e.alusel:00
/testbench/cpu/l3/u0/leon3x0/vhdl/p0/iu/r.e.aw:U
/testbench/cpu/l3/u0/leon3x0/vhdl/p0/iu/r.e.mac:0
/testbench/cpu/l3/u0/leon3x0/vhdl/p0/iu/r.a.decill:0
/testbench/cpu/l3/u0/leon3x0/vhdl/p0/iu/r.x.icc:0000
/testbench/cpu/l3/u0/leon3x0/vhdl/p0/iu/r.x.result:01000000000011111111111010011000
/testbench/cpu/l3/u0/leon3x0/vhdl/p0/iu/r.e.bp:0
/testbench/cpu/l3/u0/leon3x0/vhdl/p0/iu/r.a.rs1:11110
/testbench/cpu/l3/u0/leon3x0/vhdl/p0/iu/r.e.jmpl:0
/testbench/cpu/l3/u0/leon3x0/vhdl/p0/iu/r.a.rsel1:000
/testbench/cpu/l3/u0/leon3x0/vhdl/p0/iu/r.x.y:00000000000000000000000000000000
/testbench/cpu/l3/u0/leon3x0/vhdl/p0/iu/r.a.rsel2:100
/testbench/cpu/l3/u0/leon3x0/vhdl/p0/iu/r.a.awp:000
/testbench/cpu/l3/u0/leon3x0/vhdl/p0/iu/r.a.paw:0
/testbench/cpu/l3/u0/leon3x0/vhdl/p0/iu/r.x.data:{{00000000000000000000000000000000}}
/testbench/cpu/l3/u0/leon3x0/vhdl/p0/iu/r.m.mul:0
/testbench/cpu/l3/u0/leon3x0/vhdl/p0/iu/r.e.rd:UUUUU
/testbench/cpu/l3/u0/leon3x0/vhdl/p0/iu/r.e.invop2:0
/testbench/cpu/l3/u0/leon3x0/vhdl/p0/iu/r.m.wawp:0
/testbench/cpu/l3/u0/leon3x0/vhdl/p0/iu/r.d.cwpmax:111
/testbench/cpu/l3/u0/leon3x0/vhdl/p0/iu/r.f.branch:0
/testbench/cpu/l3/u0/leon3x0/vhdl/p0/iu/r.d.pcheld:0
/testbench/cpu/l3/u0/leon3x0/vhdl/p0/iu/r.m.dci:{0 0 0 1 0 0 {10} {00001011}}
/testbench/cpu/l3/u0/leon3x0/vhdl/p0/iu/r.e.paw:U
/testbench/cpu/l3/u0/leon3x0/vhdl/p0/iu/r.e.awp:UUU
/testbench/cpu/l3/u0/leon3x0/vhdl/p0/iu/r.e.shcnt:10100
/testbench/cpu/l3/u0/leon3x0/vhdl/p0/iu/r.w.result:00000000000000000000000000000001
/testbench/cpu/l3/u0/leon3x0/vhdl/p0/iu/r.m.mac:0
/testbench/cpu/l3/u0/leon3x0/vhdl/p0/iu/r.m.y:00000000000000000000000000000000
/testbench/cpu/l3/u0/leon3x0/vhdl/p0/iu/r.d.cwp:101
/testbench/cpu/l3/u0/leon3x0/vhdl/p0/iu/r.x.laddr:00
/testbench/cpu/l3/u0/leon3x0/vhdl/p0/iu/r.e.mulstep:0
/testbench/cpu/l3/u0/leon3x0/vhdl/p0/iu/r.e.ymsb:0
/testbench/cpu/l3/u0/leon3x0/vhdl/p0/iu/r.d.rexbuf:00000000000000000000000000000000
/testbench/cpu/l3/u0/leon3x0/vhdl/p0/iu/r.x.npc:100
/testbench/cpu/l3/u0/leon3x0/vhdl/p0/iu/r.f.pc:01000000000000000000001011100000
/testbench/cpu/l3/u0/leon3x0/vhdl/p0/iu/r.d.annul:0
/testbench/cpu/l3/u0/leon3x0/vhdl/p0/iu/r.x.rstate:run
/testbench/cpu/l3/u0/leon3x0/vhdl/p0/iu/r.x.set:0
/testbench/cpu/l3/u0/leon3x0/vhdl/p0/iu/r.m.result:00000000000000000000000000000001
/testbench/cpu/l3/u0/leon3x0/vhdl/p0/iu/r.e.icc:UUUU
/testbench/cpu/l3/u0/leon3x0/vhdl/p0/iu/r.a.getpc:0
/testbench/cpu/l3/u0/leon3x0/vhdl/p0/iu/r.a.ldchkex:1
/testbench/cpu/l3/u0/leon3x0/vhdl/p0/iu/r.x.mexc:0
/testbench/cpu/l3/u0/leon3x0/vhdl/p0/iu/r.a.mulstart:0
/testbench/cpu/l3/u0/leon3x0/vhdl/p0/iu/r.d.rexpos:10
/testbench/cpu/l3/u0/leon3x0/vhdl/p0/iu/r.x.annul_all:0
/testbench/cpu/l3/u0/leon3x0/vhdl/p0/iu/r.e.aluop:000
/testbench/cpu/l3/u0/leon3x0/vhdl/p0/iu/r.x.debug:0
/testbench/cpu/l3/u0/leon3x0/vhdl/p0/iu/r.a.rfe1:1
/testbench/cpu/l3/u0/leon3x0/vhdl/p0/iu/r.d.step:0
/testbench/cpu/l3/u0/leon3x0/vhdl/p0/iu/r.a.rfe2:0
/testbench/cpu/l3/u0/leon3x0/vhdl/p0/iu/r.e.alucin:0
/testbench/cpu/l3/u0/leon3x0/vhdl/p0/iu/r.a.wunf:0
compare to golden: 1
======================================
progstatus: -2
execerr: 201
latent: 1
time limit!
>>>>>>>>>>>>>>> 5745715000
======================================
