Test signal = /testbench/cpu/l3/u0/leon3x0/vhdl/p0/iu/r.a.imm
oldval = 00000000000000000000000000000000
pos1: -1 pos0: 31 posU: -1
newval = 00000000000000000000000000000001
force in 1009312
586290000 >> iteration no: 0
Signal value: 11111111111111111111111111111100
oldval = 11111111111111111111111111111100
pos1: 29 pos0: 31 posU: -1
newval = 11111111111111111111111111111000
1591365000 >> Requesting for the AHB bus...
1592465000 >> AHB granted, starting recovery...
1611665000 >> Recovery done, continuing...
1611740000 >> Requesting for the AHB bus...
1612765000 >> AHB granted, starting recovery...
1631965000 >> Recovery done, continuing...
1632040000 >> Requesting for the AHB bus...
1633240000 >> AHB granted, starting recovery...
1652440000 >> Recovery done, continuing...
1652515000 >> Requesting for the AHB bus...
1653540000 >> AHB granted, starting recovery...
1672740000 >> Recovery done, continuing...
1672815000 >> Requesting for the AHB bus...
1673840000 >> AHB granted, starting recovery...
1693040000 >> Recovery done, continuing...
1693115000 >> Requesting for the AHB bus...
1694140000 >> AHB granted, starting recovery...
1713340000 >> Recovery done, continuing...
1713415000 >> Requesting for the AHB bus...
1714440000 >> AHB granted, starting recovery...
1733640000 >> Recovery done, continuing...
1733715000 >> Requesting for the AHB bus...
1734740000 >> AHB granted, starting recovery...
1753940000 >> Recovery done, continuing...
1754015000 >> Requesting for the AHB bus...
1755140000 >> AHB granted, starting recovery...
1774340000 >> Recovery done, continuing...
1774415000 >> Requesting for the AHB bus...
1775440000 >> AHB granted, starting recovery...
1794640000 >> Recovery done, continuing...
1794715000 >> Requesting for the AHB bus...
1795740000 >> AHB granted, starting recovery...
1814940000 >> Recovery done, continuing...
1815015000 >> Requesting for the AHB bus...
1816040000 >> AHB granted, starting recovery...
1835240000 >> Recovery done, continuing...
1835315000 >> Requesting for the AHB bus...
1836340000 >> AHB granted, starting recovery...
1855540000 >> Recovery done, continuing...
1855615000 >> Requesting for the AHB bus...
1856640000 >> AHB granted, starting recovery...
1875840000 >> Recovery done, continuing...
1875915000 >> Requesting for the AHB bus...
1876940000 >> AHB granted, starting recovery...
1896140000 >> Recovery done, continuing...
1896215000 >> Requesting for the AHB bus...
1897240000 >> AHB granted, starting recovery...
1916440000 >> Recovery done, continuing...
1916515000 >> Requesting for the AHB bus...
1917540000 >> AHB granted, starting recovery...
1936740000 >> Recovery done, continuing...
1936815000 >> Requesting for the AHB bus...
1937840000 >> AHB granted, starting recovery...
1957040000 >> Recovery done, continuing...
1957115000 >> Requesting for the AHB bus...
1958140000 >> AHB granted, starting recovery...
1977340000 >> Recovery done, continuing...
1977415000 >> Requesting for the AHB bus...
1978440000 >> AHB granted, starting recovery...
1997640000 >> Recovery done, continuing...
1997715000 >> Requesting for the AHB bus...
1998740000 >> AHB granted, starting recovery...
2017940000 >> Recovery done, continuing...
2018015000 >> Requesting for the AHB bus...
2019040000 >> AHB granted, starting recovery...
2038240000 >> Recovery done, continuing...
2038315000 >> Requesting for the AHB bus...
2039340000 >> AHB granted, starting recovery...
2058540000 >> Recovery done, continuing...
2058615000 >> Requesting for the AHB bus...
2059640000 >> AHB granted, starting recovery...
2078840000 >> Recovery done, continuing...
2078915000 >> Requesting for the AHB bus...
2079940000 >> AHB granted, starting recovery...
2099140000 >> Recovery done, continuing...
2099215000 >> Requesting for the AHB bus...
2100415000 >> AHB granted, starting recovery...
2119615000 >> Recovery done, continuing...
2119690000 >> Requesting for the AHB bus...
2120715000 >> AHB granted, starting recovery...
2139915000 >> Recovery done, continuing...
2139990000 >> Requesting for the AHB bus...
2141015000 >> AHB granted, starting recovery...
2160215000 >> Recovery done, continuing...
2160290000 >> Requesting for the AHB bus...
2161315000 >> AHB granted, starting recovery...
2180515000 >> Recovery done, continuing...
2180590000 >> Requesting for the AHB bus...
2181615000 >> AHB granted, starting recovery...
2200815000 >> Recovery done, continuing...
2200890000 >> Requesting for the AHB bus...
2201915000 >> AHB granted, starting recovery...
2221115000 >> Recovery done, continuing...
2221190000 >> Requesting for the AHB bus...
2222340000 >> AHB granted, starting recovery...
2241540000 >> Recovery done, continuing...
2241615000 >> Requesting for the AHB bus...
2242640000 >> AHB granted, starting recovery...
2261840000 >> Recovery done, continuing...
2261915000 >> Requesting for the AHB bus...
2262940000 >> AHB granted, starting recovery...
2282140000 >> Recovery done, continuing...
2282215000 >> Requesting for the AHB bus...
2283240000 >> AHB granted, starting recovery...
2302440000 >> Recovery done, continuing...
2302515000 >> Requesting for the AHB bus...
2303540000 >> AHB granted, starting recovery...
2322740000 >> Recovery done, continuing...
2322815000 >> Requesting for the AHB bus...
2323840000 >> AHB granted, starting recovery...
2343040000 >> Recovery done, continuing...
2343115000 >> Requesting for the AHB bus...
2344140000 >> AHB granted, starting recovery...
2363340000 >> Recovery done, continuing...
2363415000 >> Requesting for the AHB bus...
2364440000 >> AHB granted, starting recovery...
2383640000 >> Recovery done, continuing...
2383715000 >> Requesting for the AHB bus...
2384740000 >> AHB granted, starting recovery...
2403940000 >> Recovery done, continuing...
2404015000 >> Requesting for the AHB bus...
2405040000 >> AHB granted, starting recovery...
2424240000 >> Recovery done, continuing...
2424315000 >> Requesting for the AHB bus...
2425340000 >> AHB granted, starting recovery...
2444540000 >> Recovery done, continuing...
2444615000 >> Requesting for the AHB bus...
2445640000 >> AHB granted, starting recovery...
2464840000 >> Recovery done, continuing...
2464915000 >> Requesting for the AHB bus...
2465940000 >> AHB granted, starting recovery...
2485140000 >> Recovery done, continuing...
2485215000 >> Requesting for the AHB bus...
2486240000 >> AHB granted, starting recovery...
2505440000 >> Recovery done, continuing...
2505515000 >> Requesting for the AHB bus...
2506540000 >> AHB granted, starting recovery...
2525740000 >> Recovery done, continuing...
2525815000 >> Requesting for the AHB bus...
2526840000 >> AHB granted, starting recovery...
2546040000 >> Recovery done, continuing...
2546115000 >> Requesting for the AHB bus...
2547140000 >> AHB granted, starting recovery...
2566340000 >> Recovery done, continuing...
2566415000 >> Requesting for the AHB bus...
2567615000 >> AHB granted, starting recovery...
2586815000 >> Recovery done, continuing...
2586890000 >> Requesting for the AHB bus...
2587915000 >> AHB granted, starting recovery...
2607115000 >> Recovery done, continuing...
2607190000 >> Requesting for the AHB bus...
2608215000 >> AHB granted, starting recovery...
2627415000 >> Recovery done, continuing...
2627490000 >> Requesting for the AHB bus...
2628515000 >> AHB granted, starting recovery...
2647715000 >> Recovery done, continuing...
2647790000 >> Requesting for the AHB bus...
2648815000 >> AHB granted, starting recovery...
2668015000 >> Recovery done, continuing...
2668090000 >> Requesting for the AHB bus...
2669115000 >> AHB granted, starting recovery...
2688315000 >> Recovery done, continuing...
2688390000 >> Requesting for the AHB bus...
2689540000 >> AHB granted, starting recovery...
2708740000 >> Recovery done, continuing...
2708815000 >> Requesting for the AHB bus...
2709840000 >> AHB granted, starting recovery...
2729040000 >> Recovery done, continuing...
2729115000 >> Requesting for the AHB bus...
2730140000 >> AHB granted, starting recovery...
2749340000 >> Recovery done, continuing...
2749415000 >> Requesting for the AHB bus...
2750440000 >> AHB granted, starting recovery...
2769640000 >> Recovery done, continuing...
2769715000 >> Requesting for the AHB bus...
2770740000 >> AHB granted, starting recovery...
2789940000 >> Recovery done, continuing...
2790015000 >> Requesting for the AHB bus...
2791040000 >> AHB granted, starting recovery...
2810240000 >> Recovery done, continuing...
2810315000 >> Requesting for the AHB bus...
2811340000 >> AHB granted, starting recovery...
2830540000 >> Recovery done, continuing...
2830615000 >> Requesting for the AHB bus...
2831640000 >> AHB granted, starting recovery...
2850840000 >> Recovery done, continuing...
2850915000 >> Requesting for the AHB bus...
2851940000 >> AHB granted, starting recovery...
2871140000 >> Recovery done, continuing...
2871215000 >> Requesting for the AHB bus...
2872240000 >> AHB granted, starting recovery...
2891440000 >> Recovery done, continuing...
2891515000 >> Requesting for the AHB bus...
2892540000 >> AHB granted, starting recovery...
2911740000 >> Recovery done, continuing...
2911815000 >> Requesting for the AHB bus...
2912840000 >> AHB granted, starting recovery...
2932040000 >> Recovery done, continuing...
2932115000 >> Requesting for the AHB bus...
2933140000 >> AHB granted, starting recovery...
2952340000 >> Recovery done, continuing...
2952415000 >> Requesting for the AHB bus...
2953440000 >> AHB granted, starting recovery...
2972640000 >> Recovery done, continuing...
2972715000 >> Requesting for the AHB bus...
2973740000 >> AHB granted, starting recovery...
2992940000 >> Recovery done, continuing...
2993015000 >> Requesting for the AHB bus...
2994040000 >> AHB granted, starting recovery...
3013240000 >> Recovery done, continuing...
3013315000 >> Requesting for the AHB bus...
3014340000 >> AHB granted, starting recovery...
3033540000 >> Recovery done, continuing...
3033615000 >> Requesting for the AHB bus...
3034815000 >> AHB granted, starting recovery...
3054015000 >> Recovery done, continuing...
3054090000 >> Requesting for the AHB bus...
3055115000 >> AHB granted, starting recovery...
3074315000 >> Recovery done, continuing...
3074390000 >> Requesting for the AHB bus...
3075415000 >> AHB granted, starting recovery...
3094615000 >> Recovery done, continuing...
3094690000 >> Requesting for the AHB bus...
3095715000 >> AHB granted, starting recovery...
3114915000 >> Recovery done, continuing...
3114990000 >> Requesting for the AHB bus...
3116015000 >> AHB granted, starting recovery...
3135215000 >> Recovery done, continuing...
3135290000 >> Requesting for the AHB bus...
3136315000 >> AHB granted, starting recovery...
3155515000 >> Recovery done, continuing...
3155590000 >> Requesting for the AHB bus...
3156740000 >> AHB granted, starting recovery...
3175940000 >> Recovery done, continuing...
3176015000 >> Requesting for the AHB bus...
3177040000 >> AHB granted, starting recovery...
3196240000 >> Recovery done, continuing...
3196315000 >> Requesting for the AHB bus...
3197340000 >> AHB granted, starting recovery...
3216540000 >> Recovery done, continuing...
3216615000 >> Requesting for the AHB bus...
3217640000 >> AHB granted, starting recovery...
3236840000 >> Recovery done, continuing...
3236915000 >> Requesting for the AHB bus...
3237940000 >> AHB granted, starting recovery...
3257140000 >> Recovery done, continuing...
3257215000 >> Requesting for the AHB bus...
3258240000 >> AHB granted, starting recovery...
3277440000 >> Recovery done, continuing...
3277515000 >> Requesting for the AHB bus...
3278540000 >> AHB granted, starting recovery...
3297740000 >> Recovery done, continuing...
3297815000 >> Requesting for the AHB bus...
3298840000 >> AHB granted, starting recovery...
3318040000 >> Recovery done, continuing...
3318115000 >> Requesting for the AHB bus...
3319140000 >> AHB granted, starting recovery...
3338340000 >> Recovery done, continuing...
3338415000 >> Requesting for the AHB bus...
3339440000 >> AHB granted, starting recovery...
3358640000 >> Recovery done, continuing...
3358715000 >> Requesting for the AHB bus...
3359740000 >> AHB granted, starting recovery...
3378940000 >> Recovery done, continuing...
3379015000 >> Requesting for the AHB bus...
3380040000 >> AHB granted, starting recovery...
3399240000 >> Recovery done, continuing...
3399315000 >> Requesting for the AHB bus...
3400340000 >> AHB granted, starting recovery...
3419540000 >> Recovery done, continuing...
3419615000 >> Requesting for the AHB bus...
3420640000 >> AHB granted, starting recovery...
3439840000 >> Recovery done, continuing...
3439915000 >> Requesting for the AHB bus...
3440940000 >> AHB granted, starting recovery...
3460140000 >> Recovery done, continuing...
3460215000 >> Requesting for the AHB bus...
3461240000 >> AHB granted, starting recovery...
3480440000 >> Recovery done, continuing...
3480515000 >> Requesting for the AHB bus...
3481540000 >> AHB granted, starting recovery...
3500740000 >> Recovery done, continuing...
3500815000 >> Requesting for the AHB bus...
3502015000 >> AHB granted, starting recovery...
3521215000 >> Recovery done, continuing...
3521290000 >> Requesting for the AHB bus...
3522315000 >> AHB granted, starting recovery...
3541515000 >> Recovery done, continuing...
3541590000 >> Requesting for the AHB bus...
3542615000 >> AHB granted, starting recovery...
3561815000 >> Recovery done, continuing...
3561890000 >> Requesting for the AHB bus...
3562915000 >> AHB granted, starting recovery...
3582115000 >> Recovery done, continuing...
3582190000 >> Requesting for the AHB bus...
3583215000 >> AHB granted, starting recovery...
3602415000 >> Recovery done, continuing...
3602490000 >> Requesting for the AHB bus...
3603515000 >> AHB granted, starting recovery...
3622715000 >> Recovery done, continuing...
3622790000 >> Requesting for the AHB bus...
3623940000 >> AHB granted, starting recovery...
3643140000 >> Recovery done, continuing...
3643215000 >> Requesting for the AHB bus...
3644240000 >> AHB granted, starting recovery...
3663440000 >> Recovery done, continuing...
3663515000 >> Requesting for the AHB bus...
3664540000 >> AHB granted, starting recovery...
3683740000 >> Recovery done, continuing...
3683815000 >> Requesting for the AHB bus...
3684840000 >> AHB granted, starting recovery...
3704040000 >> Recovery done, continuing...
3704115000 >> Requesting for the AHB bus...
3705140000 >> AHB granted, starting recovery...
3724340000 >> Recovery done, continuing...
3724415000 >> Requesting for the AHB bus...
3725440000 >> AHB granted, starting recovery...
3744640000 >> Recovery done, continuing...
3744715000 >> Requesting for the AHB bus...
3745740000 >> AHB granted, starting recovery...
3764940000 >> Recovery done, continuing...
3765015000 >> Requesting for the AHB bus...
3766040000 >> AHB granted, starting recovery...
3785240000 >> Recovery done, continuing...
3785315000 >> Requesting for the AHB bus...
3786340000 >> AHB granted, starting recovery...
3805540000 >> Recovery done, continuing...
3805615000 >> Requesting for the AHB bus...
3806640000 >> AHB granted, starting recovery...
3825840000 >> Recovery done, continuing...
3825915000 >> Requesting for the AHB bus...
3826940000 >> AHB granted, starting recovery...
3846140000 >> Recovery done, continuing...
3846215000 >> Requesting for the AHB bus...
3847240000 >> AHB granted, starting recovery...
3866440000 >> Recovery done, continuing...
3866515000 >> Requesting for the AHB bus...
3867540000 >> AHB granted, starting recovery...
3886740000 >> Recovery done, continuing...
3886815000 >> Requesting for the AHB bus...
3887840000 >> AHB granted, starting recovery...
3907040000 >> Recovery done, continuing...
3907115000 >> Requesting for the AHB bus...
3908140000 >> AHB granted, starting recovery...
3927340000 >> Recovery done, continuing...
3927415000 >> Requesting for the AHB bus...
3928440000 >> AHB granted, starting recovery...
3947640000 >> Recovery done, continuing...
3947715000 >> Requesting for the AHB bus...
3948740000 >> AHB granted, starting recovery...
3967940000 >> Recovery done, continuing...
3968015000 >> Requesting for the AHB bus...
3969215000 >> AHB granted, starting recovery...
3988415000 >> Recovery done, continuing...
3988490000 >> Requesting for the AHB bus...
3989515000 >> AHB granted, starting recovery...
4008715000 >> Recovery done, continuing...
4008790000 >> Requesting for the AHB bus...
4009815000 >> AHB granted, starting recovery...
4029015000 >> Recovery done, continuing...
4029090000 >> Requesting for the AHB bus...
4030115000 >> AHB granted, starting recovery...
4049315000 >> Recovery done, continuing...
4049390000 >> Requesting for the AHB bus...
4050415000 >> AHB granted, starting recovery...
4069615000 >> Recovery done, continuing...
4069690000 >> Requesting for the AHB bus...
4070715000 >> AHB granted, starting recovery...
4089915000 >> Recovery done, continuing...
4089990000 >> Requesting for the AHB bus...
4091140000 >> AHB granted, starting recovery...
4110340000 >> Recovery done, continuing...
4110415000 >> Requesting for the AHB bus...
4111440000 >> AHB granted, starting recovery...
4130640000 >> Recovery done, continuing...
4130715000 >> Requesting for the AHB bus...
4131740000 >> AHB granted, starting recovery...
4150940000 >> Recovery done, continuing...
4151015000 >> Requesting for the AHB bus...
4152040000 >> AHB granted, starting recovery...
4171240000 >> Recovery done, continuing...
4171315000 >> Requesting for the AHB bus...
4172340000 >> AHB granted, starting recovery...
4191540000 >> Recovery done, continuing...
4191615000 >> Requesting for the AHB bus...
4192640000 >> AHB granted, starting recovery...
4211840000 >> Recovery done, continuing...
4211915000 >> Requesting for the AHB bus...
4212940000 >> AHB granted, starting recovery...
4232140000 >> Recovery done, continuing...
4232215000 >> Requesting for the AHB bus...
4233240000 >> AHB granted, starting recovery...
4252440000 >> Recovery done, continuing...
4252515000 >> Requesting for the AHB bus...
4253540000 >> AHB granted, starting recovery...
4272740000 >> Recovery done, continuing...
4272815000 >> Requesting for the AHB bus...
4273840000 >> AHB granted, starting recovery...
4293040000 >> Recovery done, continuing...
4293115000 >> Requesting for the AHB bus...
4294140000 >> AHB granted, starting recovery...
4313340000 >> Recovery done, continuing...
4313415000 >> Requesting for the AHB bus...
4314440000 >> AHB granted, starting recovery...
4333640000 >> Recovery done, continuing...
4333715000 >> Requesting for the AHB bus...
4334740000 >> AHB granted, starting recovery...
4353940000 >> Recovery done, continuing...
4354015000 >> Requesting for the AHB bus...
4355040000 >> AHB granted, starting recovery...
4374240000 >> Recovery done, continuing...
4374315000 >> Requesting for the AHB bus...
4375340000 >> AHB granted, starting recovery...
4394540000 >> Recovery done, continuing...
4394615000 >> Requesting for the AHB bus...
4395640000 >> AHB granted, starting recovery...
4414840000 >> Recovery done, continuing...
4414915000 >> Requesting for the AHB bus...
4415940000 >> AHB granted, starting recovery...
4435140000 >> Recovery done, continuing...
4435215000 >> Requesting for the AHB bus...
4436415000 >> AHB granted, starting recovery...
4455615000 >> Recovery done, continuing...
4455690000 >> Requesting for the AHB bus...
4456715000 >> AHB granted, starting recovery...
4475915000 >> Recovery done, continuing...
4475990000 >> Requesting for the AHB bus...
4477015000 >> AHB granted, starting recovery...
4496215000 >> Recovery done, continuing...
4496290000 >> Requesting for the AHB bus...
4497315000 >> AHB granted, starting recovery...
4516515000 >> Recovery done, continuing...
4516590000 >> Requesting for the AHB bus...
4517615000 >> AHB granted, starting recovery...
4536815000 >> Recovery done, continuing...
4536890000 >> Requesting for the AHB bus...
4537915000 >> AHB granted, starting recovery...
4557115000 >> Recovery done, continuing...
4557190000 >> Requesting for the AHB bus...
4558340000 >> AHB granted, starting recovery...
4577540000 >> Recovery done, continuing...
4577615000 >> Requesting for the AHB bus...
4578640000 >> AHB granted, starting recovery...
4597840000 >> Recovery done, continuing...
4597915000 >> Requesting for the AHB bus...
4598940000 >> AHB granted, starting recovery...
4618140000 >> Recovery done, continuing...
4618215000 >> Requesting for the AHB bus...
4619240000 >> AHB granted, starting recovery...
4638440000 >> Recovery done, continuing...
4638515000 >> Requesting for the AHB bus...
4639540000 >> AHB granted, starting recovery...
4658740000 >> Recovery done, continuing...
4658815000 >> Requesting for the AHB bus...
4659840000 >> AHB granted, starting recovery...
4679040000 >> Recovery done, continuing...
4679115000 >> Requesting for the AHB bus...
4680140000 >> AHB granted, starting recovery...
4699340000 >> Recovery done, continuing...
4699415000 >> Requesting for the AHB bus...
4700440000 >> AHB granted, starting recovery...
4719640000 >> Recovery done, continuing...
4719715000 >> Requesting for the AHB bus...
4720740000 >> AHB granted, starting recovery...
4739940000 >> Recovery done, continuing...
4740015000 >> Requesting for the AHB bus...
4741040000 >> AHB granted, starting recovery...
4760240000 >> Recovery done, continuing...
4760315000 >> Requesting for the AHB bus...
4761340000 >> AHB granted, starting recovery...
4780540000 >> Recovery done, continuing...
4780615000 >> Requesting for the AHB bus...
4781640000 >> AHB granted, starting recovery...
4800840000 >> Recovery done, continuing...
4800915000 >> Requesting for the AHB bus...
4801940000 >> AHB granted, starting recovery...
4821140000 >> Recovery done, continuing...
4821215000 >> Requesting for the AHB bus...
4822240000 >> AHB granted, starting recovery...
4841440000 >> Recovery done, continuing...
4841515000 >> Requesting for the AHB bus...
4842540000 >> AHB granted, starting recovery...
4861740000 >> Recovery done, continuing...
4861815000 >> Requesting for the AHB bus...
4862840000 >> AHB granted, starting recovery...
4882040000 >> Recovery done, continuing...
4882115000 >> Requesting for the AHB bus...
4883140000 >> AHB granted, starting recovery...
4902340000 >> Recovery done, continuing...
4902415000 >> Requesting for the AHB bus...
4903615000 >> AHB granted, starting recovery...
4922815000 >> Recovery done, continuing...
4922890000 >> Requesting for the AHB bus...
4923915000 >> AHB granted, starting recovery...
4943115000 >> Recovery done, continuing...
4943190000 >> Requesting for the AHB bus...
4944215000 >> AHB granted, starting recovery...
4963415000 >> Recovery done, continuing...
4963490000 >> Requesting for the AHB bus...
4964515000 >> AHB granted, starting recovery...
4983715000 >> Recovery done, continuing...
4983790000 >> Requesting for the AHB bus...
4984815000 >> AHB granted, starting recovery...
5004015000 >> Recovery done, continuing...
5004090000 >> Requesting for the AHB bus...
5005115000 >> AHB granted, starting recovery...
5024315000 >> Recovery done, continuing...
5024390000 >> Requesting for the AHB bus...
5025540000 >> AHB granted, starting recovery...
5044740000 >> Recovery done, continuing...
5044815000 >> Requesting for the AHB bus...
5045840000 >> AHB granted, starting recovery...
5065040000 >> Recovery done, continuing...
5065115000 >> Requesting for the AHB bus...
5066140000 >> AHB granted, starting recovery...
5085340000 >> Recovery done, continuing...
5085415000 >> Requesting for the AHB bus...
5086440000 >> AHB granted, starting recovery...
5105640000 >> Recovery done, continuing...
5105715000 >> Requesting for the AHB bus...
5106740000 >> AHB granted, starting recovery...
5125940000 >> Recovery done, continuing...
5126015000 >> Requesting for the AHB bus...
5127040000 >> AHB granted, starting recovery...
5146240000 >> Recovery done, continuing...
5146315000 >> Requesting for the AHB bus...
5147340000 >> AHB granted, starting recovery...
5166540000 >> Recovery done, continuing...
5166615000 >> Requesting for the AHB bus...
5167640000 >> AHB granted, starting recovery...
5186840000 >> Recovery done, continuing...
5186915000 >> Requesting for the AHB bus...
5187940000 >> AHB granted, starting recovery...
5207140000 >> Recovery done, continuing...
5207215000 >> Requesting for the AHB bus...
5208240000 >> AHB granted, starting recovery...
5227440000 >> Recovery done, continuing...
5227515000 >> Requesting for the AHB bus...
5228540000 >> AHB granted, starting recovery...
5247740000 >> Recovery done, continuing...
5247815000 >> Requesting for the AHB bus...
5248840000 >> AHB granted, starting recovery...
5268040000 >> Recovery done, continuing...
5268115000 >> Requesting for the AHB bus...
5269140000 >> AHB granted, starting recovery...
5288340000 >> Recovery done, continuing...
5288415000 >> Requesting for the AHB bus...
5289440000 >> AHB granted, starting recovery...
5308640000 >> Recovery done, continuing...
5308715000 >> Requesting for the AHB bus...
5309740000 >> AHB granted, starting recovery...
5328940000 >> Recovery done, continuing...
5329015000 >> Requesting for the AHB bus...
5330040000 >> AHB granted, starting recovery...
5349240000 >> Recovery done, continuing...
5349315000 >> Requesting for the AHB bus...
5350340000 >> AHB granted, starting recovery...
5369540000 >> Recovery done, continuing...
5369615000 >> Requesting for the AHB bus...
5370815000 >> AHB granted, starting recovery...
5390015000 >> Recovery done, continuing...
5390090000 >> Requesting for the AHB bus...
5391115000 >> AHB granted, starting recovery...
5410315000 >> Recovery done, continuing...
5410390000 >> Requesting for the AHB bus...
5411415000 >> AHB granted, starting recovery...
5430615000 >> Recovery done, continuing...
5430690000 >> Requesting for the AHB bus...
5431715000 >> AHB granted, starting recovery...
5450915000 >> Recovery done, continuing...
5450990000 >> Requesting for the AHB bus...
5452015000 >> AHB granted, starting recovery...
5471215000 >> Recovery done, continuing...
5471290000 >> Requesting for the AHB bus...
5472315000 >> AHB granted, starting recovery...
5491515000 >> Recovery done, continuing...
5491590000 >> Requesting for the AHB bus...
5492740000 >> AHB granted, starting recovery...
5511940000 >> Recovery done, continuing...
5512015000 >> Requesting for the AHB bus...
5513040000 >> AHB granted, starting recovery...
5532240000 >> Recovery done, continuing...
5532315000 >> Requesting for the AHB bus...
5533340000 >> AHB granted, starting recovery...
5552540000 >> Recovery done, continuing...
5552615000 >> Requesting for the AHB bus...
5553640000 >> AHB granted, starting recovery...
5572840000 >> Recovery done, continuing...
5572915000 >> Requesting for the AHB bus...
5573940000 >> AHB granted, starting recovery...
5593140000 >> Recovery done, continuing...
5593215000 >> Requesting for the AHB bus...
5594240000 >> AHB granted, starting recovery...
5613440000 >> Recovery done, continuing...
5613515000 >> Requesting for the AHB bus...
5614540000 >> AHB granted, starting recovery...
5633740000 >> Recovery done, continuing...
5633815000 >> Requesting for the AHB bus...
5634840000 >> AHB granted, starting recovery...
5654040000 >> Recovery done, continuing...
5654115000 >> Requesting for the AHB bus...
5655140000 >> AHB granted, starting recovery...
5674340000 >> Recovery done, continuing...
5674415000 >> Requesting for the AHB bus...
5675440000 >> AHB granted, starting recovery...
5694640000 >> Recovery done, continuing...
5694715000 >> Requesting for the AHB bus...
5695740000 >> AHB granted, starting recovery...
5714940000 >> Recovery done, continuing...
5715015000 >> Requesting for the AHB bus...
5716040000 >> AHB granted, starting recovery...
5735240000 >> Recovery done, continuing...
5735315000 >> Requesting for the AHB bus...
5736340000 >> AHB granted, starting recovery...
5745715000 >> time limit reached...
/testbench/cpu/l3/u0/leon3x0/vhdl/p0/iu/r.w.wreg:1
/testbench/cpu/l3/u0/leon3x0/vhdl/p0/iu/r.m.irqen:1
/testbench/cpu/l3/u0/leon3x0/vhdl/p0/iu/r.m.icc:1001
/testbench/cpu/l3/u0/leon3x0/vhdl/p0/iu/r.a.ticc:0
/testbench/cpu/l3/u0/leon3x0/vhdl/p0/iu/r.a.step:0
/testbench/cpu/l3/u0/leon3x0/vhdl/p0/iu/r.m.irqen2:1
/testbench/cpu/l3/u0/leon3x0/vhdl/p0/iu/r.d.pc:01000000000000000000001000100000
/testbench/cpu/l3/u0/leon3x0/vhdl/p0/iu/r.d.rexpl:{{00000000000000000000000000000000} {00} {0} 0 0 {0000000000000000000} 0 0 0 0 0 0}
/testbench/cpu/l3/u0/leon3x0/vhdl/p0/iu/r.d.mexc:0
/testbench/cpu/l3/u0/leon3x0/vhdl/p0/iu/r.a.aw:0
/testbench/cpu/l3/u0/leon3x0/vhdl/p0/iu/r.e.ctrl:{{01000000000000000000001000011100} {11000010000001111011111111111100} {00} {10000001} {000000} 0 0 1 0 0 1 1 0 0}
/testbench/cpu/l3/u0/leon3x0/vhdl/p0/iu/r.a.divstart:0
/testbench/cpu/l3/u0/leon3x0/vhdl/p0/iu/r.e.shleft:0
/testbench/cpu/l3/u0/leon3x0/vhdl/p0/iu/r.a.bp:0
/testbench/cpu/l3/u0/leon3x0/vhdl/p0/iu/r.w.twcwp:000
/testbench/cpu/l3/u0/leon3x0/vhdl/p0/iu/r.a.jmpl:0
/testbench/cpu/l3/u0/leon3x0/vhdl/p0/iu/r.m.casa:0
/testbench/cpu/l3/u0/leon3x0/vhdl/p0/iu/r.m.werr:0
/testbench/cpu/l3/u0/leon3x0/vhdl/p0/iu/r.e.su:1
/testbench/cpu/l3/u0/leon3x0/vhdl/p0/iu/r.e.et:1
/testbench/cpu/l3/u0/leon3x0/vhdl/p0/iu/r.a.ldcheck1:1
/testbench/cpu/l3/u0/leon3x0/vhdl/p0/iu/r.d.stwin:000
/testbench/cpu/l3/u0/leon3x0/vhdl/p0/iu/r.a.ldcheck2:0
/testbench/cpu/l3/u0/leon3x0/vhdl/p0/iu/r.x.intack:0
/testbench/cpu/l3/u0/leon3x0/vhdl/p0/iu/r.m.ctrl:{{01000000000000000000001000011000} {11000010001001111011111111111100} {01} {10000001} {000000} 0 0 0 0 0 0 0 0 0}
/testbench/cpu/l3/u0/leon3x0/vhdl/p0/iu/r.a.cwp:101
/testbench/cpu/l3/u0/leon3x0/vhdl/p0/iu/r.e.sari:0
/testbench/cpu/l3/u0/leon3x0/vhdl/p0/iu/r.d.paw:0
/testbench/cpu/l3/u0/leon3x0/vhdl/p0/iu/r.d.aw:0
/testbench/cpu/l3/u0/leon3x0/vhdl/p0/iu/r.d.awp:000
/testbench/cpu/l3/u0/leon3x0/vhdl/p0/iu/r.x.ctrl:{{01000000000000000000001000011000} {11000010001001111011111111111100} {00} {10000001} {000000} 0 0 0 0 0 0 1 0 0}
/testbench/cpu/l3/u0/leon3x0/vhdl/p0/iu/r.m.rexnalign:0
/testbench/cpu/l3/u0/leon3x0/vhdl/p0/iu/r.m.su:1
/testbench/cpu/l3/u0/leon3x0/vhdl/p0/iu/r.m.wcwp:0
/testbench/cpu/l3/u0/leon3x0/vhdl/p0/iu/r.d.divrdy:0
/testbench/cpu/l3/u0/leon3x0/vhdl/p0/iu/r.e.cwp:101
/testbench/cpu/l3/u0/leon3x0/vhdl/p0/iu/r.w.except:0
/testbench/cpu/l3/u0/leon3x0/vhdl/p0/iu/r.x.nerror:0
/testbench/cpu/l3/u0/leon3x0/vhdl/p0/iu/r.a.bpimiss:0
/testbench/cpu/l3/u0/leon3x0/vhdl/p0/iu/r.a.nobp:0
/testbench/cpu/l3/u0/leon3x0/vhdl/p0/iu/r.d.rexcnt:0
/testbench/cpu/l3/u0/leon3x0/vhdl/p0/iu/r.w.s:{{101} {1001} {00000000} {01000000000000000000} {00000010} {0000} 0 0 1 1 1 {00000000000000000000000000000000} {UUUUUUUUUUUUUUUUUUUUUUUUUUUUUUUU} 1 0 0 1 1 1 0 0 {000} {000} {111}}
/testbench/cpu/l3/u0/leon3x0/vhdl/p0/iu/r.d.pv:1
/testbench/cpu/l3/u0/leon3x0/vhdl/p0/iu/r.a.ldchkra:1
/testbench/cpu/l3/u0/leon3x0/vhdl/p0/iu/r.a.rfa1:10000001
/testbench/cpu/l3/u0/leon3x0/vhdl/p0/iu/r.a.rfa2:01011000
/testbench/cpu/l3/u0/leon3x0/vhdl/p0/iu/r.a.imm:00000000000000000000000000001000
/testbench/cpu/l3/u0/leon3x0/vhdl/p0/iu/r.w.wa:10000001
/testbench/cpu/l3/u0/leon3x0/vhdl/p0/iu/r.m.casaz:0
/testbench/cpu/l3/u0/leon3x0/vhdl/p0/iu/r.x.dci:{0 1 0 0 0 0 {10} {00001011}}
/testbench/cpu/l3/u0/leon3x0/vhdl/p0/iu/r.x.mac:0
/testbench/cpu/l3/u0/leon3x0/vhdl/p0/iu/r.m.divz:0
/testbench/cpu/l3/u0/leon3x0/vhdl/p0/iu/r.d.inst:{{10000000101000000110000000001000}}
/testbench/cpu/l3/u0/leon3x0/vhdl/p0/iu/r.e.rfe1:1
/testbench/cpu/l3/u0/leon3x0/vhdl/p0/iu/r.a.wovf:0
/testbench/cpu/l3/u0/leon3x0/vhdl/p0/iu/r.e.rfe2:0
/testbench/cpu/l3/u0/leon3x0/vhdl/p0/iu/r.e.op1:01000000000011111111111010100000
/testbench/cpu/l3/u0/leon3x0/vhdl/p0/iu/r.m.nalign:1
/testbench/cpu/l3/u0/leon3x0/vhdl/p0/iu/r.e.op2:11111111111111111111111111111000
/testbench/cpu/l3/u0/leon3x0/vhdl/p0/iu/r.d.rexen:0
/testbench/cpu/l3/u0/leon3x0/vhdl/p0/iu/r.a.ctrl:{{01000000000000000000001000100000} {10000000101000000110000000001000} {00} {10000000} {000000} 0 1 0 0 0 0 0 0 0}
/testbench/cpu/l3/u0/leon3x0/vhdl/p0/iu/r.x.ipend:0
/testbench/cpu/l3/u0/leon3x0/vhdl/p0/iu/r.e.ldbp1:0
/testbench/cpu/l3/u0/leon3x0/vhdl/p0/iu/r.e.aluadd:1
/testbench/cpu/l3/u0/leon3x0/vhdl/p0/iu/r.d.set:0
/testbench/cpu/l3/u0/leon3x0/vhdl/p0/iu/r.d.inull:0
/testbench/cpu/l3/u0/leon3x0/vhdl/p0/iu/r.e.ldbp2:0
/testbench/cpu/l3/u0/leon3x0/vhdl/p0/iu/r.d.cnt:00
/testbench/cpu/l3/u0/leon3x0/vhdl/p0/iu/r.a.su:1
/testbench/cpu/l3/u0/leon3x0/vhdl/p0/iu/r.a.et:1
/testbench/cpu/l3/u0/leon3x0/vhdl/p0/iu/r.e.mul:0
/testbench/cpu/l3/u0/leon3x0/vhdl/p0/iu/r.e.alusel:00
/testbench/cpu/l3/u0/leon3x0/vhdl/p0/iu/r.e.aw:U
/testbench/cpu/l3/u0/leon3x0/vhdl/p0/iu/r.e.mac:0
/testbench/cpu/l3/u0/leon3x0/vhdl/p0/iu/r.a.decill:0
/testbench/cpu/l3/u0/leon3x0/vhdl/p0/iu/r.x.icc:1001
/testbench/cpu/l3/u0/leon3x0/vhdl/p0/iu/r.x.result:01000000000011111111111010011100
/testbench/cpu/l3/u0/leon3x0/vhdl/p0/iu/r.e.bp:0
/testbench/cpu/l3/u0/leon3x0/vhdl/p0/iu/r.a.rs1:00001
/testbench/cpu/l3/u0/leon3x0/vhdl/p0/iu/r.e.jmpl:0
/testbench/cpu/l3/u0/leon3x0/vhdl/p0/iu/r.a.rsel1:001
/testbench/cpu/l3/u0/leon3x0/vhdl/p0/iu/r.x.y:00000000000000000000000000000000
/testbench/cpu/l3/u0/leon3x0/vhdl/p0/iu/r.a.rsel2:100
/testbench/cpu/l3/u0/leon3x0/vhdl/p0/iu/r.a.awp:000
/testbench/cpu/l3/u0/leon3x0/vhdl/p0/iu/r.a.paw:0
/testbench/cpu/l3/u0/leon3x0/vhdl/p0/iu/r.x.data:{{00000000000000000000000000001000}}
/testbench/cpu/l3/u0/leon3x0/vhdl/p0/iu/r.m.mul:0
/testbench/cpu/l3/u0/leon3x0/vhdl/p0/iu/r.e.rd:UUUUU
/testbench/cpu/l3/u0/leon3x0/vhdl/p0/iu/r.e.invop2:0
/testbench/cpu/l3/u0/leon3x0/vhdl/p0/iu/r.m.wawp:0
/testbench/cpu/l3/u0/leon3x0/vhdl/p0/iu/r.d.cwpmax:111
/testbench/cpu/l3/u0/leon3x0/vhdl/p0/iu/r.f.branch:0
/testbench/cpu/l3/u0/leon3x0/vhdl/p0/iu/r.d.pcheld:1
/testbench/cpu/l3/u0/leon3x0/vhdl/p0/iu/r.m.dci:{0 0 0 1 0 0 {10} {00001011}}
/testbench/cpu/l3/u0/leon3x0/vhdl/p0/iu/r.e.paw:U
/testbench/cpu/l3/u0/leon3x0/vhdl/p0/iu/r.e.awp:UUU
/testbench/cpu/l3/u0/leon3x0/vhdl/p0/iu/r.e.shcnt:11000
/testbench/cpu/l3/u0/leon3x0/vhdl/p0/iu/r.w.result:00000000000000000000000000001001
/testbench/cpu/l3/u0/leon3x0/vhdl/p0/iu/r.m.mac:0
/testbench/cpu/l3/u0/leon3x0/vhdl/p0/iu/r.m.y:00000000000000000000000000000000
/testbench/cpu/l3/u0/leon3x0/vhdl/p0/iu/r.d.cwp:101
/testbench/cpu/l3/u0/leon3x0/vhdl/p0/iu/r.x.laddr:00
/testbench/cpu/l3/u0/leon3x0/vhdl/p0/iu/r.e.mulstep:0
/testbench/cpu/l3/u0/leon3x0/vhdl/p0/iu/r.e.ymsb:0
/testbench/cpu/l3/u0/leon3x0/vhdl/p0/iu/r.d.rexbuf:00000000000000000000000000000000
/testbench/cpu/l3/u0/leon3x0/vhdl/p0/iu/r.x.npc:100
/testbench/cpu/l3/u0/leon3x0/vhdl/p0/iu/r.f.pc:01000000000000000000001000100100
/testbench/cpu/l3/u0/leon3x0/vhdl/p0/iu/r.d.annul:0
/testbench/cpu/l3/u0/leon3x0/vhdl/p0/iu/r.x.rstate:run
/testbench/cpu/l3/u0/leon3x0/vhdl/p0/iu/r.x.set:0
/testbench/cpu/l3/u0/leon3x0/vhdl/p0/iu/r.m.result:00000000000000000000000000001001
/testbench/cpu/l3/u0/leon3x0/vhdl/p0/iu/r.e.icc:UUUU
/testbench/cpu/l3/u0/leon3x0/vhdl/p0/iu/r.a.getpc:0
/testbench/cpu/l3/u0/leon3x0/vhdl/p0/iu/r.a.ldchkex:1
/testbench/cpu/l3/u0/leon3x0/vhdl/p0/iu/r.x.mexc:0
/testbench/cpu/l3/u0/leon3x0/vhdl/p0/iu/r.a.mulstart:0
/testbench/cpu/l3/u0/leon3x0/vhdl/p0/iu/r.d.rexpos:10
/testbench/cpu/l3/u0/leon3x0/vhdl/p0/iu/r.x.annul_all:0
/testbench/cpu/l3/u0/leon3x0/vhdl/p0/iu/r.e.aluop:000
/testbench/cpu/l3/u0/leon3x0/vhdl/p0/iu/r.x.debug:0
/testbench/cpu/l3/u0/leon3x0/vhdl/p0/iu/r.a.rfe1:0
/testbench/cpu/l3/u0/leon3x0/vhdl/p0/iu/r.d.step:0
/testbench/cpu/l3/u0/leon3x0/vhdl/p0/iu/r.a.rfe2:0
/testbench/cpu/l3/u0/leon3x0/vhdl/p0/iu/r.e.alucin:0
/testbench/cpu/l3/u0/leon3x0/vhdl/p0/iu/r.a.wunf:0
compare to golden: 1
======================================
progstatus: -2
execerr: 205
latent: 1
time limit!
>>>>>>>>>>>>>>> 5745715000
======================================
