Test signal = /testbench/cpu/l3/u0/leon3x0/vhdl/p0/iu/r.e.alusel
oldval = 10
pos1: 0 pos0: 1 posU: -1
newval = 00
force in 1869603
586290000 >> iteration no: 0
1598340000 >> iteration no: 1
Signal value: 00
oldval = 00
pos1: -1 pos0: 1 posU: -1
newval = 01
2451790000 >> Requesting for the AHB bus...
2452915000 >> AHB granted, starting recovery...
2472115000 >> Recovery done, continuing...
2472465000 >> Requesting for the AHB bus...
2473590000 >> AHB granted, starting recovery...
2492790000 >> Recovery done, continuing...
2493140000 >> Requesting for the AHB bus...
2494265000 >> AHB granted, starting recovery...
2513465000 >> Recovery done, continuing...
2513815000 >> Requesting for the AHB bus...
2514940000 >> AHB granted, starting recovery...
2534140000 >> Recovery done, continuing...
2534490000 >> Requesting for the AHB bus...
2535615000 >> AHB granted, starting recovery...
2554815000 >> Recovery done, continuing...
2555165000 >> Requesting for the AHB bus...
2556290000 >> AHB granted, starting recovery...
2575490000 >> Recovery done, continuing...
2575840000 >> Requesting for the AHB bus...
2576965000 >> AHB granted, starting recovery...
2596165000 >> Recovery done, continuing...
2596515000 >> Requesting for the AHB bus...
2597640000 >> AHB granted, starting recovery...
2616840000 >> Recovery done, continuing...
2617190000 >> Requesting for the AHB bus...
2618315000 >> AHB granted, starting recovery...
2637515000 >> Recovery done, continuing...
2637865000 >> Requesting for the AHB bus...
2638990000 >> AHB granted, starting recovery...
2658190000 >> Recovery done, continuing...
2658540000 >> Requesting for the AHB bus...
2659665000 >> AHB granted, starting recovery...
2678865000 >> Recovery done, continuing...
2679215000 >> Requesting for the AHB bus...
2680340000 >> AHB granted, starting recovery...
2699540000 >> Recovery done, continuing...
2699890000 >> Requesting for the AHB bus...
2701015000 >> AHB granted, starting recovery...
2720215000 >> Recovery done, continuing...
2720565000 >> Requesting for the AHB bus...
2721690000 >> AHB granted, starting recovery...
2740890000 >> Recovery done, continuing...
2741240000 >> Requesting for the AHB bus...
2742365000 >> AHB granted, starting recovery...
2761565000 >> Recovery done, continuing...
2761915000 >> Requesting for the AHB bus...
2763040000 >> AHB granted, starting recovery...
2782240000 >> Recovery done, continuing...
2782590000 >> Requesting for the AHB bus...
2783715000 >> AHB granted, starting recovery...
2802915000 >> Recovery done, continuing...
2803265000 >> Requesting for the AHB bus...
2804390000 >> AHB granted, starting recovery...
2823590000 >> Recovery done, continuing...
2823940000 >> Requesting for the AHB bus...
2825065000 >> AHB granted, starting recovery...
2844265000 >> Recovery done, continuing...
2844615000 >> Requesting for the AHB bus...
2845740000 >> AHB granted, starting recovery...
2864940000 >> Recovery done, continuing...
2865290000 >> Requesting for the AHB bus...
2866415000 >> AHB granted, starting recovery...
2885615000 >> Recovery done, continuing...
2885965000 >> Requesting for the AHB bus...
2887090000 >> AHB granted, starting recovery...
2906290000 >> Recovery done, continuing...
2906640000 >> Requesting for the AHB bus...
2907765000 >> AHB granted, starting recovery...
2926965000 >> Recovery done, continuing...
2927315000 >> Requesting for the AHB bus...
2928440000 >> AHB granted, starting recovery...
2947640000 >> Recovery done, continuing...
2947990000 >> Requesting for the AHB bus...
2949115000 >> AHB granted, starting recovery...
2968315000 >> Recovery done, continuing...
2968665000 >> Requesting for the AHB bus...
2969790000 >> AHB granted, starting recovery...
2988990000 >> Recovery done, continuing...
2989340000 >> Requesting for the AHB bus...
2990465000 >> AHB granted, starting recovery...
3009665000 >> Recovery done, continuing...
3010015000 >> Requesting for the AHB bus...
3011140000 >> AHB granted, starting recovery...
3030340000 >> Recovery done, continuing...
3030690000 >> Requesting for the AHB bus...
3031815000 >> AHB granted, starting recovery...
3051015000 >> Recovery done, continuing...
3051365000 >> Requesting for the AHB bus...
3052490000 >> AHB granted, starting recovery...
3071690000 >> Recovery done, continuing...
3072040000 >> Requesting for the AHB bus...
3073165000 >> AHB granted, starting recovery...
3092365000 >> Recovery done, continuing...
3092715000 >> Requesting for the AHB bus...
3093840000 >> AHB granted, starting recovery...
3113040000 >> Recovery done, continuing...
3113390000 >> Requesting for the AHB bus...
3114515000 >> AHB granted, starting recovery...
3133715000 >> Recovery done, continuing...
3134065000 >> Requesting for the AHB bus...
3135190000 >> AHB granted, starting recovery...
3154390000 >> Recovery done, continuing...
3154740000 >> Requesting for the AHB bus...
3155865000 >> AHB granted, starting recovery...
3175065000 >> Recovery done, continuing...
3175415000 >> Requesting for the AHB bus...
3176540000 >> AHB granted, starting recovery...
3195740000 >> Recovery done, continuing...
3196090000 >> Requesting for the AHB bus...
3197215000 >> AHB granted, starting recovery...
3216415000 >> Recovery done, continuing...
3216765000 >> Requesting for the AHB bus...
3217890000 >> AHB granted, starting recovery...
3237090000 >> Recovery done, continuing...
3237440000 >> Requesting for the AHB bus...
3238565000 >> AHB granted, starting recovery...
3257765000 >> Recovery done, continuing...
3258115000 >> Requesting for the AHB bus...
3259240000 >> AHB granted, starting recovery...
3278440000 >> Recovery done, continuing...
3278790000 >> Requesting for the AHB bus...
3279915000 >> AHB granted, starting recovery...
3299115000 >> Recovery done, continuing...
3299465000 >> Requesting for the AHB bus...
3300590000 >> AHB granted, starting recovery...
3319790000 >> Recovery done, continuing...
3320140000 >> Requesting for the AHB bus...
3321265000 >> AHB granted, starting recovery...
3340465000 >> Recovery done, continuing...
3340815000 >> Requesting for the AHB bus...
3341940000 >> AHB granted, starting recovery...
3361140000 >> Recovery done, continuing...
3361490000 >> Requesting for the AHB bus...
3362615000 >> AHB granted, starting recovery...
3381815000 >> Recovery done, continuing...
3382165000 >> Requesting for the AHB bus...
3383290000 >> AHB granted, starting recovery...
3402490000 >> Recovery done, continuing...
3402840000 >> Requesting for the AHB bus...
3403965000 >> AHB granted, starting recovery...
3423165000 >> Recovery done, continuing...
3423515000 >> Requesting for the AHB bus...
3424640000 >> AHB granted, starting recovery...
3443840000 >> Recovery done, continuing...
3444190000 >> Requesting for the AHB bus...
3445315000 >> AHB granted, starting recovery...
3464515000 >> Recovery done, continuing...
3464865000 >> Requesting for the AHB bus...
3465990000 >> AHB granted, starting recovery...
3485190000 >> Recovery done, continuing...
3485540000 >> Requesting for the AHB bus...
3486665000 >> AHB granted, starting recovery...
3505865000 >> Recovery done, continuing...
3506215000 >> Requesting for the AHB bus...
3507340000 >> AHB granted, starting recovery...
3526540000 >> Recovery done, continuing...
3526890000 >> Requesting for the AHB bus...
3528015000 >> AHB granted, starting recovery...
3547215000 >> Recovery done, continuing...
3547565000 >> Requesting for the AHB bus...
3548690000 >> AHB granted, starting recovery...
3567890000 >> Recovery done, continuing...
3568240000 >> Requesting for the AHB bus...
3569365000 >> AHB granted, starting recovery...
3588565000 >> Recovery done, continuing...
3588915000 >> Requesting for the AHB bus...
3590040000 >> AHB granted, starting recovery...
3609240000 >> Recovery done, continuing...
3609590000 >> Requesting for the AHB bus...
3610715000 >> AHB granted, starting recovery...
3629915000 >> Recovery done, continuing...
3630265000 >> Requesting for the AHB bus...
3631390000 >> AHB granted, starting recovery...
3650590000 >> Recovery done, continuing...
3650940000 >> Requesting for the AHB bus...
3652065000 >> AHB granted, starting recovery...
3671265000 >> Recovery done, continuing...
3671615000 >> Requesting for the AHB bus...
3672740000 >> AHB granted, starting recovery...
3691940000 >> Recovery done, continuing...
3692290000 >> Requesting for the AHB bus...
3693415000 >> AHB granted, starting recovery...
3712615000 >> Recovery done, continuing...
3712965000 >> Requesting for the AHB bus...
3714090000 >> AHB granted, starting recovery...
3733290000 >> Recovery done, continuing...
3733640000 >> Requesting for the AHB bus...
3734765000 >> AHB granted, starting recovery...
3753965000 >> Recovery done, continuing...
3754315000 >> Requesting for the AHB bus...
3755440000 >> AHB granted, starting recovery...
3774640000 >> Recovery done, continuing...
3774990000 >> Requesting for the AHB bus...
3776115000 >> AHB granted, starting recovery...
3795315000 >> Recovery done, continuing...
3795665000 >> Requesting for the AHB bus...
3796790000 >> AHB granted, starting recovery...
3815990000 >> Recovery done, continuing...
3816340000 >> Requesting for the AHB bus...
3817465000 >> AHB granted, starting recovery...
3836665000 >> Recovery done, continuing...
3837015000 >> Requesting for the AHB bus...
3838140000 >> AHB granted, starting recovery...
3857340000 >> Recovery done, continuing...
3857690000 >> Requesting for the AHB bus...
3858815000 >> AHB granted, starting recovery...
3878015000 >> Recovery done, continuing...
3878365000 >> Requesting for the AHB bus...
3879490000 >> AHB granted, starting recovery...
3898690000 >> Recovery done, continuing...
3899040000 >> Requesting for the AHB bus...
3900165000 >> AHB granted, starting recovery...
3919365000 >> Recovery done, continuing...
3919715000 >> Requesting for the AHB bus...
3920840000 >> AHB granted, starting recovery...
3940040000 >> Recovery done, continuing...
3940390000 >> Requesting for the AHB bus...
3941515000 >> AHB granted, starting recovery...
3960715000 >> Recovery done, continuing...
3961065000 >> Requesting for the AHB bus...
3962190000 >> AHB granted, starting recovery...
3981390000 >> Recovery done, continuing...
3981740000 >> Requesting for the AHB bus...
3982865000 >> AHB granted, starting recovery...
4002065000 >> Recovery done, continuing...
4002415000 >> Requesting for the AHB bus...
4003540000 >> AHB granted, starting recovery...
4022740000 >> Recovery done, continuing...
4023090000 >> Requesting for the AHB bus...
4024215000 >> AHB granted, starting recovery...
4043415000 >> Recovery done, continuing...
4043765000 >> Requesting for the AHB bus...
4044890000 >> AHB granted, starting recovery...
4064090000 >> Recovery done, continuing...
4064440000 >> Requesting for the AHB bus...
4065565000 >> AHB granted, starting recovery...
4084765000 >> Recovery done, continuing...
4085115000 >> Requesting for the AHB bus...
4086240000 >> AHB granted, starting recovery...
4105440000 >> Recovery done, continuing...
4105790000 >> Requesting for the AHB bus...
4106915000 >> AHB granted, starting recovery...
4126115000 >> Recovery done, continuing...
4126465000 >> Requesting for the AHB bus...
4127590000 >> AHB granted, starting recovery...
4146790000 >> Recovery done, continuing...
4147140000 >> Requesting for the AHB bus...
4148265000 >> AHB granted, starting recovery...
4167465000 >> Recovery done, continuing...
4167815000 >> Requesting for the AHB bus...
4168940000 >> AHB granted, starting recovery...
4188140000 >> Recovery done, continuing...
4188490000 >> Requesting for the AHB bus...
4189615000 >> AHB granted, starting recovery...
4208815000 >> Recovery done, continuing...
4209165000 >> Requesting for the AHB bus...
4210290000 >> AHB granted, starting recovery...
4229490000 >> Recovery done, continuing...
4229840000 >> Requesting for the AHB bus...
4230965000 >> AHB granted, starting recovery...
4250165000 >> Recovery done, continuing...
4250515000 >> Requesting for the AHB bus...
4251640000 >> AHB granted, starting recovery...
4270840000 >> Recovery done, continuing...
4271190000 >> Requesting for the AHB bus...
4272315000 >> AHB granted, starting recovery...
4291515000 >> Recovery done, continuing...
4291865000 >> Requesting for the AHB bus...
4292990000 >> AHB granted, starting recovery...
4312190000 >> Recovery done, continuing...
4312540000 >> Requesting for the AHB bus...
4313665000 >> AHB granted, starting recovery...
4332865000 >> Recovery done, continuing...
4333215000 >> Requesting for the AHB bus...
4334340000 >> AHB granted, starting recovery...
4353540000 >> Recovery done, continuing...
4353890000 >> Requesting for the AHB bus...
4355015000 >> AHB granted, starting recovery...
4374215000 >> Recovery done, continuing...
4374565000 >> Requesting for the AHB bus...
4375690000 >> AHB granted, starting recovery...
4394890000 >> Recovery done, continuing...
4395240000 >> Requesting for the AHB bus...
4396365000 >> AHB granted, starting recovery...
4415565000 >> Recovery done, continuing...
4415915000 >> Requesting for the AHB bus...
4417040000 >> AHB granted, starting recovery...
4436240000 >> Recovery done, continuing...
4436590000 >> Requesting for the AHB bus...
4437715000 >> AHB granted, starting recovery...
4456915000 >> Recovery done, continuing...
4457265000 >> Requesting for the AHB bus...
4458390000 >> AHB granted, starting recovery...
4477590000 >> Recovery done, continuing...
4477940000 >> Requesting for the AHB bus...
4479065000 >> AHB granted, starting recovery...
4498265000 >> Recovery done, continuing...
4498615000 >> Requesting for the AHB bus...
4499740000 >> AHB granted, starting recovery...
4518940000 >> Recovery done, continuing...
4519290000 >> Requesting for the AHB bus...
4520415000 >> AHB granted, starting recovery...
4539615000 >> Recovery done, continuing...
4539965000 >> Requesting for the AHB bus...
4541090000 >> AHB granted, starting recovery...
4560290000 >> Recovery done, continuing...
4560640000 >> Requesting for the AHB bus...
4561765000 >> AHB granted, starting recovery...
4580965000 >> Recovery done, continuing...
4581315000 >> Requesting for the AHB bus...
4582440000 >> AHB granted, starting recovery...
4601640000 >> Recovery done, continuing...
4601990000 >> Requesting for the AHB bus...
4603115000 >> AHB granted, starting recovery...
4622315000 >> Recovery done, continuing...
4622665000 >> Requesting for the AHB bus...
4623790000 >> AHB granted, starting recovery...
4642990000 >> Recovery done, continuing...
4643340000 >> Requesting for the AHB bus...
4644465000 >> AHB granted, starting recovery...
4663665000 >> Recovery done, continuing...
4664015000 >> Requesting for the AHB bus...
4665140000 >> AHB granted, starting recovery...
4684340000 >> Recovery done, continuing...
4684690000 >> Requesting for the AHB bus...
4685815000 >> AHB granted, starting recovery...
4705015000 >> Recovery done, continuing...
4705365000 >> Requesting for the AHB bus...
4706490000 >> AHB granted, starting recovery...
4725690000 >> Recovery done, continuing...
4726040000 >> Requesting for the AHB bus...
4727165000 >> AHB granted, starting recovery...
4746365000 >> Recovery done, continuing...
4746715000 >> Requesting for the AHB bus...
4747840000 >> AHB granted, starting recovery...
4767040000 >> Recovery done, continuing...
4767390000 >> Requesting for the AHB bus...
4768515000 >> AHB granted, starting recovery...
4787715000 >> Recovery done, continuing...
4788065000 >> Requesting for the AHB bus...
4789190000 >> AHB granted, starting recovery...
4808390000 >> Recovery done, continuing...
4808740000 >> Requesting for the AHB bus...
4809865000 >> AHB granted, starting recovery...
4829065000 >> Recovery done, continuing...
4829415000 >> Requesting for the AHB bus...
4830540000 >> AHB granted, starting recovery...
4849740000 >> Recovery done, continuing...
4850090000 >> Requesting for the AHB bus...
4851215000 >> AHB granted, starting recovery...
4870415000 >> Recovery done, continuing...
4870765000 >> Requesting for the AHB bus...
4871890000 >> AHB granted, starting recovery...
4891090000 >> Recovery done, continuing...
4891440000 >> Requesting for the AHB bus...
4892565000 >> AHB granted, starting recovery...
4911765000 >> Recovery done, continuing...
4912115000 >> Requesting for the AHB bus...
4913240000 >> AHB granted, starting recovery...
4932440000 >> Recovery done, continuing...
4932790000 >> Requesting for the AHB bus...
4933915000 >> AHB granted, starting recovery...
4953115000 >> Recovery done, continuing...
4953465000 >> Requesting for the AHB bus...
4954590000 >> AHB granted, starting recovery...
4973790000 >> Recovery done, continuing...
4974140000 >> Requesting for the AHB bus...
4975265000 >> AHB granted, starting recovery...
4994465000 >> Recovery done, continuing...
4994815000 >> Requesting for the AHB bus...
4995940000 >> AHB granted, starting recovery...
5015140000 >> Recovery done, continuing...
5015490000 >> Requesting for the AHB bus...
5016615000 >> AHB granted, starting recovery...
5035815000 >> Recovery done, continuing...
5036165000 >> Requesting for the AHB bus...
5037290000 >> AHB granted, starting recovery...
5056490000 >> Recovery done, continuing...
5056840000 >> Requesting for the AHB bus...
5057965000 >> AHB granted, starting recovery...
5077165000 >> Recovery done, continuing...
5077515000 >> Requesting for the AHB bus...
5078640000 >> AHB granted, starting recovery...
5097840000 >> Recovery done, continuing...
5098190000 >> Requesting for the AHB bus...
5099315000 >> AHB granted, starting recovery...
5118515000 >> Recovery done, continuing...
5118865000 >> Requesting for the AHB bus...
5119990000 >> AHB granted, starting recovery...
5139190000 >> Recovery done, continuing...
5139540000 >> Requesting for the AHB bus...
5140665000 >> AHB granted, starting recovery...
5159865000 >> Recovery done, continuing...
5160215000 >> Requesting for the AHB bus...
5161340000 >> AHB granted, starting recovery...
5180540000 >> Recovery done, continuing...
5180890000 >> Requesting for the AHB bus...
5182015000 >> AHB granted, starting recovery...
5201215000 >> Recovery done, continuing...
5201565000 >> Requesting for the AHB bus...
5202690000 >> AHB granted, starting recovery...
5221890000 >> Recovery done, continuing...
5222240000 >> Requesting for the AHB bus...
5223365000 >> AHB granted, starting recovery...
5242565000 >> Recovery done, continuing...
5242915000 >> Requesting for the AHB bus...
5244040000 >> AHB granted, starting recovery...
5263240000 >> Recovery done, continuing...
5263590000 >> Requesting for the AHB bus...
5264715000 >> AHB granted, starting recovery...
5283915000 >> Recovery done, continuing...
5284265000 >> Requesting for the AHB bus...
5285390000 >> AHB granted, starting recovery...
5304590000 >> Recovery done, continuing...
5304940000 >> Requesting for the AHB bus...
5306065000 >> AHB granted, starting recovery...
5325265000 >> Recovery done, continuing...
5325615000 >> Requesting for the AHB bus...
5326740000 >> AHB granted, starting recovery...
5345940000 >> Recovery done, continuing...
5346290000 >> Requesting for the AHB bus...
5347415000 >> AHB granted, starting recovery...
5366615000 >> Recovery done, continuing...
5366965000 >> Requesting for the AHB bus...
5368090000 >> AHB granted, starting recovery...
5387290000 >> Recovery done, continuing...
5387640000 >> Requesting for the AHB bus...
5388765000 >> AHB granted, starting recovery...
5407965000 >> Recovery done, continuing...
5408315000 >> Requesting for the AHB bus...
5409440000 >> AHB granted, starting recovery...
5428640000 >> Recovery done, continuing...
5428990000 >> Requesting for the AHB bus...
5430115000 >> AHB granted, starting recovery...
5449315000 >> Recovery done, continuing...
5449665000 >> Requesting for the AHB bus...
5450790000 >> AHB granted, starting recovery...
5469990000 >> Recovery done, continuing...
5470340000 >> Requesting for the AHB bus...
5471465000 >> AHB granted, starting recovery...
5490665000 >> Recovery done, continuing...
5491015000 >> Requesting for the AHB bus...
5492140000 >> AHB granted, starting recovery...
5511340000 >> Recovery done, continuing...
5511690000 >> Requesting for the AHB bus...
5512815000 >> AHB granted, starting recovery...
5532015000 >> Recovery done, continuing...
5532365000 >> Requesting for the AHB bus...
5533490000 >> AHB granted, starting recovery...
5552690000 >> Recovery done, continuing...
5553040000 >> Requesting for the AHB bus...
5554165000 >> AHB granted, starting recovery...
5573365000 >> Recovery done, continuing...
5573715000 >> Requesting for the AHB bus...
5574840000 >> AHB granted, starting recovery...
5594040000 >> Recovery done, continuing...
5594390000 >> Requesting for the AHB bus...
5595515000 >> AHB granted, starting recovery...
5614715000 >> Recovery done, continuing...
5615065000 >> Requesting for the AHB bus...
5616190000 >> AHB granted, starting recovery...
5635390000 >> Recovery done, continuing...
5635740000 >> Requesting for the AHB bus...
5636865000 >> AHB granted, starting recovery...
5656065000 >> Recovery done, continuing...
5656415000 >> Requesting for the AHB bus...
5657540000 >> AHB granted, starting recovery...
5676740000 >> Recovery done, continuing...
5677090000 >> Requesting for the AHB bus...
5678215000 >> AHB granted, starting recovery...
5697415000 >> Recovery done, continuing...
5697765000 >> Requesting for the AHB bus...
5698890000 >> AHB granted, starting recovery...
5718090000 >> Recovery done, continuing...
5718440000 >> Requesting for the AHB bus...
5719565000 >> AHB granted, starting recovery...
5738765000 >> Recovery done, continuing...
5739115000 >> Requesting for the AHB bus...
5740240000 >> AHB granted, starting recovery...
5745715000 >> time limit reached...
/testbench/cpu/l3/u0/leon3x0/vhdl/p0/iu/r.w.wreg:0
/testbench/cpu/l3/u0/leon3x0/vhdl/p0/iu/r.m.irqen:1
/testbench/cpu/l3/u0/leon3x0/vhdl/p0/iu/r.m.icc:0000
/testbench/cpu/l3/u0/leon3x0/vhdl/p0/iu/r.a.ticc:0
/testbench/cpu/l3/u0/leon3x0/vhdl/p0/iu/r.a.step:0
/testbench/cpu/l3/u0/leon3x0/vhdl/p0/iu/r.m.irqen2:1
/testbench/cpu/l3/u0/leon3x0/vhdl/p0/iu/r.d.pc:01000000000000000000001101000100
/testbench/cpu/l3/u0/leon3x0/vhdl/p0/iu/r.d.rexpl:{{00000000000000000000000000000000} {00} {0} 0 0 {0000000000000000000} 0 0 0 0 0 0}
/testbench/cpu/l3/u0/leon3x0/vhdl/p0/iu/r.d.mexc:0
/testbench/cpu/l3/u0/leon3x0/vhdl/p0/iu/r.a.aw:0
/testbench/cpu/l3/u0/leon3x0/vhdl/p0/iu/r.e.ctrl:{{01000000000000000000001101000000} {11000100000001111010000001000100} {00} {10000010} {000000} 0 0 1 0 0 1 1 0 0}
/testbench/cpu/l3/u0/leon3x0/vhdl/p0/iu/r.a.divstart:0
/testbench/cpu/l3/u0/leon3x0/vhdl/p0/iu/r.e.shleft:0
/testbench/cpu/l3/u0/leon3x0/vhdl/p0/iu/r.a.bp:0
/testbench/cpu/l3/u0/leon3x0/vhdl/p0/iu/r.w.twcwp:000
/testbench/cpu/l3/u0/leon3x0/vhdl/p0/iu/r.a.jmpl:0
/testbench/cpu/l3/u0/leon3x0/vhdl/p0/iu/r.m.casa:0
/testbench/cpu/l3/u0/leon3x0/vhdl/p0/iu/r.m.werr:0
/testbench/cpu/l3/u0/leon3x0/vhdl/p0/iu/r.e.su:1
/testbench/cpu/l3/u0/leon3x0/vhdl/p0/iu/r.e.et:1
/testbench/cpu/l3/u0/leon3x0/vhdl/p0/iu/r.a.ldcheck1:1
/testbench/cpu/l3/u0/leon3x0/vhdl/p0/iu/r.d.stwin:000
/testbench/cpu/l3/u0/leon3x0/vhdl/p0/iu/r.a.ldcheck2:1
/testbench/cpu/l3/u0/leon3x0/vhdl/p0/iu/r.x.intack:0
/testbench/cpu/l3/u0/leon3x0/vhdl/p0/iu/r.m.ctrl:{{01000000000000000000001100111100} {11000010000001111011111111111000} {00} {10000001} {000000} 0 0 1 0 0 1 1 0 0}
/testbench/cpu/l3/u0/leon3x0/vhdl/p0/iu/r.a.cwp:101
/testbench/cpu/l3/u0/leon3x0/vhdl/p0/iu/r.e.sari:0
/testbench/cpu/l3/u0/leon3x0/vhdl/p0/iu/r.d.paw:0
/testbench/cpu/l3/u0/leon3x0/vhdl/p0/iu/r.d.aw:0
/testbench/cpu/l3/u0/leon3x0/vhdl/p0/iu/r.d.awp:000
/testbench/cpu/l3/u0/leon3x0/vhdl/p0/iu/r.x.ctrl:{{01000000000000000000001100111000} {11000100001010000100000000000000} {01} {10000010} {000000} 0 0 0 0 0 0 0 0 0}
/testbench/cpu/l3/u0/leon3x0/vhdl/p0/iu/r.m.rexnalign:0
/testbench/cpu/l3/u0/leon3x0/vhdl/p0/iu/r.m.su:1
/testbench/cpu/l3/u0/leon3x0/vhdl/p0/iu/r.m.wcwp:0
/testbench/cpu/l3/u0/leon3x0/vhdl/p0/iu/r.d.divrdy:0
/testbench/cpu/l3/u0/leon3x0/vhdl/p0/iu/r.e.cwp:101
/testbench/cpu/l3/u0/leon3x0/vhdl/p0/iu/r.w.except:0
/testbench/cpu/l3/u0/leon3x0/vhdl/p0/iu/r.x.nerror:0
/testbench/cpu/l3/u0/leon3x0/vhdl/p0/iu/r.a.bpimiss:0
/testbench/cpu/l3/u0/leon3x0/vhdl/p0/iu/r.a.nobp:0
/testbench/cpu/l3/u0/leon3x0/vhdl/p0/iu/r.d.rexcnt:0
/testbench/cpu/l3/u0/leon3x0/vhdl/p0/iu/r.w.s:{{101} {0000} {00000000} {01000000000000000000} {00000010} {0000} 0 0 1 1 1 {00000000000000000000000000000000} {UUUUUUUUUUUUUUUUUUUUUUUUUUUUUUUU} 1 0 0 1 1 1 0 0 {000} {000} {111}}
/testbench/cpu/l3/u0/leon3x0/vhdl/p0/iu/r.d.pv:1
/testbench/cpu/l3/u0/leon3x0/vhdl/p0/iu/r.a.ldchkra:1
/testbench/cpu/l3/u0/leon3x0/vhdl/p0/iu/r.a.rfa1:10000010
/testbench/cpu/l3/u0/leon3x0/vhdl/p0/iu/r.a.rfa2:10000001
/testbench/cpu/l3/u0/leon3x0/vhdl/p0/iu/r.a.imm:00000000000000000000000000000001
/testbench/cpu/l3/u0/leon3x0/vhdl/p0/iu/r.w.wa:10000010
/testbench/cpu/l3/u0/leon3x0/vhdl/p0/iu/r.m.casaz:0
/testbench/cpu/l3/u0/leon3x0/vhdl/p0/iu/r.x.dci:{0 0 0 1 0 0 {00} {00001011}}
/testbench/cpu/l3/u0/leon3x0/vhdl/p0/iu/r.x.mac:0
/testbench/cpu/l3/u0/leon3x0/vhdl/p0/iu/r.m.divz:0
/testbench/cpu/l3/u0/leon3x0/vhdl/p0/iu/r.d.inst:{{10000010000000001000000000000001}}
/testbench/cpu/l3/u0/leon3x0/vhdl/p0/iu/r.e.rfe1:1
/testbench/cpu/l3/u0/leon3x0/vhdl/p0/iu/r.a.wovf:0
/testbench/cpu/l3/u0/leon3x0/vhdl/p0/iu/r.e.rfe2:0
/testbench/cpu/l3/u0/leon3x0/vhdl/p0/iu/r.e.op1:01000000000011111111111010100000
/testbench/cpu/l3/u0/leon3x0/vhdl/p0/iu/r.m.nalign:0
/testbench/cpu/l3/u0/leon3x0/vhdl/p0/iu/r.e.op2:00000000000000000000000001000100
/testbench/cpu/l3/u0/leon3x0/vhdl/p0/iu/r.d.rexen:0
/testbench/cpu/l3/u0/leon3x0/vhdl/p0/iu/r.a.ctrl:{{01000000000000000000001101000100} {10000010000000001000000000000001} {00} {10000001} {000000} 0 1 0 0 0 0 0 0 0}
/testbench/cpu/l3/u0/leon3x0/vhdl/p0/iu/r.x.ipend:0
/testbench/cpu/l3/u0/leon3x0/vhdl/p0/iu/r.e.ldbp1:0
/testbench/cpu/l3/u0/leon3x0/vhdl/p0/iu/r.e.aluadd:1
/testbench/cpu/l3/u0/leon3x0/vhdl/p0/iu/r.d.set:0
/testbench/cpu/l3/u0/leon3x0/vhdl/p0/iu/r.d.inull:0
/testbench/cpu/l3/u0/leon3x0/vhdl/p0/iu/r.e.ldbp2:0
/testbench/cpu/l3/u0/leon3x0/vhdl/p0/iu/r.d.cnt:00
/testbench/cpu/l3/u0/leon3x0/vhdl/p0/iu/r.a.su:1
/testbench/cpu/l3/u0/leon3x0/vhdl/p0/iu/r.a.et:1
/testbench/cpu/l3/u0/leon3x0/vhdl/p0/iu/r.e.mul:0
/testbench/cpu/l3/u0/leon3x0/vhdl/p0/iu/r.e.alusel:00
/testbench/cpu/l3/u0/leon3x0/vhdl/p0/iu/r.e.aw:U
/testbench/cpu/l3/u0/leon3x0/vhdl/p0/iu/r.e.mac:0
/testbench/cpu/l3/u0/leon3x0/vhdl/p0/iu/r.a.decill:0
/testbench/cpu/l3/u0/leon3x0/vhdl/p0/iu/r.x.icc:0000
/testbench/cpu/l3/u0/leon3x0/vhdl/p0/iu/r.x.result:00000000000000000000000000000000
/testbench/cpu/l3/u0/leon3x0/vhdl/p0/iu/r.e.bp:0
/testbench/cpu/l3/u0/leon3x0/vhdl/p0/iu/r.a.rs1:00010
/testbench/cpu/l3/u0/leon3x0/vhdl/p0/iu/r.e.jmpl:0
/testbench/cpu/l3/u0/leon3x0/vhdl/p0/iu/r.a.rsel1:001
/testbench/cpu/l3/u0/leon3x0/vhdl/p0/iu/r.x.y:00000000000000000000000000000000
/testbench/cpu/l3/u0/leon3x0/vhdl/p0/iu/r.a.rsel2:010
/testbench/cpu/l3/u0/leon3x0/vhdl/p0/iu/r.a.awp:000
/testbench/cpu/l3/u0/leon3x0/vhdl/p0/iu/r.a.paw:0
/testbench/cpu/l3/u0/leon3x0/vhdl/p0/iu/r.x.data:{{00000000000000000000000000000000}}
/testbench/cpu/l3/u0/leon3x0/vhdl/p0/iu/r.m.mul:0
/testbench/cpu/l3/u0/leon3x0/vhdl/p0/iu/r.e.rd:UUUUU
/testbench/cpu/l3/u0/leon3x0/vhdl/p0/iu/r.e.invop2:0
/testbench/cpu/l3/u0/leon3x0/vhdl/p0/iu/r.m.wawp:0
/testbench/cpu/l3/u0/leon3x0/vhdl/p0/iu/r.d.cwpmax:111
/testbench/cpu/l3/u0/leon3x0/vhdl/p0/iu/r.f.branch:0
/testbench/cpu/l3/u0/leon3x0/vhdl/p0/iu/r.d.pcheld:1
/testbench/cpu/l3/u0/leon3x0/vhdl/p0/iu/r.m.dci:{0 1 1 0 0 0 {10} {00001011}}
/testbench/cpu/l3/u0/leon3x0/vhdl/p0/iu/r.e.paw:U
/testbench/cpu/l3/u0/leon3x0/vhdl/p0/iu/r.e.awp:UUU
/testbench/cpu/l3/u0/leon3x0/vhdl/p0/iu/r.e.shcnt:00100
/testbench/cpu/l3/u0/leon3x0/vhdl/p0/iu/r.w.result:01000000000000000001111001001010
/testbench/cpu/l3/u0/leon3x0/vhdl/p0/iu/r.m.mac:0
/testbench/cpu/l3/u0/leon3x0/vhdl/p0/iu/r.m.y:00000000000000000000000000000000
/testbench/cpu/l3/u0/leon3x0/vhdl/p0/iu/r.d.cwp:101
/testbench/cpu/l3/u0/leon3x0/vhdl/p0/iu/r.x.laddr:00
/testbench/cpu/l3/u0/leon3x0/vhdl/p0/iu/r.e.mulstep:0
/testbench/cpu/l3/u0/leon3x0/vhdl/p0/iu/r.e.ymsb:0
/testbench/cpu/l3/u0/leon3x0/vhdl/p0/iu/r.d.rexbuf:00000000000000000000000000000000
/testbench/cpu/l3/u0/leon3x0/vhdl/p0/iu/r.x.npc:100
/testbench/cpu/l3/u0/leon3x0/vhdl/p0/iu/r.f.pc:01000000000000000000001101001000
/testbench/cpu/l3/u0/leon3x0/vhdl/p0/iu/r.d.annul:0
/testbench/cpu/l3/u0/leon3x0/vhdl/p0/iu/r.x.rstate:run
/testbench/cpu/l3/u0/leon3x0/vhdl/p0/iu/r.x.set:0
/testbench/cpu/l3/u0/leon3x0/vhdl/p0/iu/r.m.result:00000000000000000000000001000000
/testbench/cpu/l3/u0/leon3x0/vhdl/p0/iu/r.e.icc:UUUU
/testbench/cpu/l3/u0/leon3x0/vhdl/p0/iu/r.a.getpc:0
/testbench/cpu/l3/u0/leon3x0/vhdl/p0/iu/r.a.ldchkex:1
/testbench/cpu/l3/u0/leon3x0/vhdl/p0/iu/r.x.mexc:0
/testbench/cpu/l3/u0/leon3x0/vhdl/p0/iu/r.a.mulstart:0
/testbench/cpu/l3/u0/leon3x0/vhdl/p0/iu/r.d.rexpos:10
/testbench/cpu/l3/u0/leon3x0/vhdl/p0/iu/r.x.annul_all:0
/testbench/cpu/l3/u0/leon3x0/vhdl/p0/iu/r.e.aluop:000
/testbench/cpu/l3/u0/leon3x0/vhdl/p0/iu/r.x.debug:0
/testbench/cpu/l3/u0/leon3x0/vhdl/p0/iu/r.a.rfe1:0
/testbench/cpu/l3/u0/leon3x0/vhdl/p0/iu/r.d.step:0
/testbench/cpu/l3/u0/leon3x0/vhdl/p0/iu/r.a.rfe2:0
/testbench/cpu/l3/u0/leon3x0/vhdl/p0/iu/r.e.alucin:0
/testbench/cpu/l3/u0/leon3x0/vhdl/p0/iu/r.a.wunf:0
compare to golden: 1
======================================
progstatus: -2
execerr: 160
latent: 1
time limit!
>>>>>>>>>>>>>>> 5745715000
======================================
