Test signal = /testbench/cpu/l3/u0/leon3x0/vhdl/p0/iu/r.e.alusel
oldval = 10
pos1: 0 pos0: 1 posU: -1
newval = 00
force in 700004
586290000 >> iteration no: 0
Signal value: 00
oldval = 00
pos1: -1 pos0: 1 posU: -1
newval = 01
1282215000 >> Requesting for the AHB bus...
1283340000 >> AHB granted, starting recovery...
1302540000 >> Recovery done, continuing...
1302890000 >> Requesting for the AHB bus...
1304015000 >> AHB granted, starting recovery...
1323215000 >> Recovery done, continuing...
1323565000 >> Requesting for the AHB bus...
1324690000 >> AHB granted, starting recovery...
1343890000 >> Recovery done, continuing...
1344240000 >> Requesting for the AHB bus...
1345365000 >> AHB granted, starting recovery...
1364565000 >> Recovery done, continuing...
1364915000 >> Requesting for the AHB bus...
1366040000 >> AHB granted, starting recovery...
1385240000 >> Recovery done, continuing...
1385590000 >> Requesting for the AHB bus...
1386715000 >> AHB granted, starting recovery...
1405915000 >> Recovery done, continuing...
1406265000 >> Requesting for the AHB bus...
1407390000 >> AHB granted, starting recovery...
1426590000 >> Recovery done, continuing...
1426940000 >> Requesting for the AHB bus...
1428065000 >> AHB granted, starting recovery...
1447265000 >> Recovery done, continuing...
1447615000 >> Requesting for the AHB bus...
1448740000 >> AHB granted, starting recovery...
1467940000 >> Recovery done, continuing...
1468290000 >> Requesting for the AHB bus...
1469415000 >> AHB granted, starting recovery...
1488615000 >> Recovery done, continuing...
1488965000 >> Requesting for the AHB bus...
1490090000 >> AHB granted, starting recovery...
1509290000 >> Recovery done, continuing...
1509640000 >> Requesting for the AHB bus...
1510765000 >> AHB granted, starting recovery...
1529965000 >> Recovery done, continuing...
1530390000 >> Requesting for the AHB bus...
1531515000 >> AHB granted, starting recovery...
1550715000 >> Recovery done, continuing...
1551065000 >> Requesting for the AHB bus...
1552190000 >> AHB granted, starting recovery...
1571390000 >> Recovery done, continuing...
1571740000 >> Requesting for the AHB bus...
1572865000 >> AHB granted, starting recovery...
1592065000 >> Recovery done, continuing...
1592415000 >> Requesting for the AHB bus...
1593540000 >> AHB granted, starting recovery...
1612740000 >> Recovery done, continuing...
1613090000 >> Requesting for the AHB bus...
1614215000 >> AHB granted, starting recovery...
1633415000 >> Recovery done, continuing...
1633765000 >> Requesting for the AHB bus...
1634890000 >> AHB granted, starting recovery...
1654090000 >> Recovery done, continuing...
1654440000 >> Requesting for the AHB bus...
1655565000 >> AHB granted, starting recovery...
1674765000 >> Recovery done, continuing...
1675115000 >> Requesting for the AHB bus...
1676240000 >> AHB granted, starting recovery...
1695440000 >> Recovery done, continuing...
1695790000 >> Requesting for the AHB bus...
1696915000 >> AHB granted, starting recovery...
1716115000 >> Recovery done, continuing...
1716465000 >> Requesting for the AHB bus...
1717590000 >> AHB granted, starting recovery...
1736790000 >> Recovery done, continuing...
1737140000 >> Requesting for the AHB bus...
1738265000 >> AHB granted, starting recovery...
1757465000 >> Recovery done, continuing...
1757815000 >> Requesting for the AHB bus...
1758940000 >> AHB granted, starting recovery...
1778140000 >> Recovery done, continuing...
1778490000 >> Requesting for the AHB bus...
1779615000 >> AHB granted, starting recovery...
1798815000 >> Recovery done, continuing...
1799190000 >> Requesting for the AHB bus...
1800315000 >> AHB granted, starting recovery...
1819515000 >> Recovery done, continuing...
1819865000 >> Requesting for the AHB bus...
1820990000 >> AHB granted, starting recovery...
1840190000 >> Recovery done, continuing...
1840540000 >> Requesting for the AHB bus...
1841665000 >> AHB granted, starting recovery...
1860865000 >> Recovery done, continuing...
1861215000 >> Requesting for the AHB bus...
1862340000 >> AHB granted, starting recovery...
1881540000 >> Recovery done, continuing...
1881890000 >> Requesting for the AHB bus...
1883015000 >> AHB granted, starting recovery...
1902215000 >> Recovery done, continuing...
1902565000 >> Requesting for the AHB bus...
1903690000 >> AHB granted, starting recovery...
1922890000 >> Recovery done, continuing...
1923240000 >> Requesting for the AHB bus...
1924365000 >> AHB granted, starting recovery...
1943565000 >> Recovery done, continuing...
1943915000 >> Requesting for the AHB bus...
1945040000 >> AHB granted, starting recovery...
1964240000 >> Recovery done, continuing...
1964590000 >> Requesting for the AHB bus...
1965715000 >> AHB granted, starting recovery...
1984915000 >> Recovery done, continuing...
1985265000 >> Requesting for the AHB bus...
1986390000 >> AHB granted, starting recovery...
2005590000 >> Recovery done, continuing...
2005940000 >> Requesting for the AHB bus...
2007065000 >> AHB granted, starting recovery...
2026265000 >> Recovery done, continuing...
2026615000 >> Requesting for the AHB bus...
2027740000 >> AHB granted, starting recovery...
2046940000 >> Recovery done, continuing...
2047290000 >> Requesting for the AHB bus...
2048415000 >> AHB granted, starting recovery...
2067615000 >> Recovery done, continuing...
2067990000 >> Requesting for the AHB bus...
2069115000 >> AHB granted, starting recovery...
2088315000 >> Recovery done, continuing...
2088665000 >> Requesting for the AHB bus...
2089790000 >> AHB granted, starting recovery...
2108990000 >> Recovery done, continuing...
2109340000 >> Requesting for the AHB bus...
2110465000 >> AHB granted, starting recovery...
2129665000 >> Recovery done, continuing...
2130015000 >> Requesting for the AHB bus...
2131140000 >> AHB granted, starting recovery...
2150340000 >> Recovery done, continuing...
2150690000 >> Requesting for the AHB bus...
2151815000 >> AHB granted, starting recovery...
2171015000 >> Recovery done, continuing...
2171365000 >> Requesting for the AHB bus...
2172490000 >> AHB granted, starting recovery...
2191690000 >> Recovery done, continuing...
2192040000 >> Requesting for the AHB bus...
2193165000 >> AHB granted, starting recovery...
2212365000 >> Recovery done, continuing...
2212715000 >> Requesting for the AHB bus...
2213840000 >> AHB granted, starting recovery...
2233040000 >> Recovery done, continuing...
2233390000 >> Requesting for the AHB bus...
2234515000 >> AHB granted, starting recovery...
2253715000 >> Recovery done, continuing...
2254065000 >> Requesting for the AHB bus...
2255190000 >> AHB granted, starting recovery...
2274390000 >> Recovery done, continuing...
2274740000 >> Requesting for the AHB bus...
2275865000 >> AHB granted, starting recovery...
2295065000 >> Recovery done, continuing...
2295415000 >> Requesting for the AHB bus...
2296540000 >> AHB granted, starting recovery...
2315740000 >> Recovery done, continuing...
2316090000 >> Requesting for the AHB bus...
2317215000 >> AHB granted, starting recovery...
2336415000 >> Recovery done, continuing...
2336790000 >> Requesting for the AHB bus...
2337915000 >> AHB granted, starting recovery...
2357115000 >> Recovery done, continuing...
2357465000 >> Requesting for the AHB bus...
2358590000 >> AHB granted, starting recovery...
2377790000 >> Recovery done, continuing...
2378140000 >> Requesting for the AHB bus...
2379265000 >> AHB granted, starting recovery...
2398465000 >> Recovery done, continuing...
2398815000 >> Requesting for the AHB bus...
2399940000 >> AHB granted, starting recovery...
2419140000 >> Recovery done, continuing...
2419490000 >> Requesting for the AHB bus...
2420615000 >> AHB granted, starting recovery...
2439815000 >> Recovery done, continuing...
2440165000 >> Requesting for the AHB bus...
2441290000 >> AHB granted, starting recovery...
2460490000 >> Recovery done, continuing...
2460840000 >> Requesting for the AHB bus...
2461965000 >> AHB granted, starting recovery...
2481165000 >> Recovery done, continuing...
2481515000 >> Requesting for the AHB bus...
2482640000 >> AHB granted, starting recovery...
2501840000 >> Recovery done, continuing...
2502190000 >> Requesting for the AHB bus...
2503315000 >> AHB granted, starting recovery...
2522515000 >> Recovery done, continuing...
2522865000 >> Requesting for the AHB bus...
2523990000 >> AHB granted, starting recovery...
2543190000 >> Recovery done, continuing...
2543540000 >> Requesting for the AHB bus...
2544665000 >> AHB granted, starting recovery...
2563865000 >> Recovery done, continuing...
2564215000 >> Requesting for the AHB bus...
2565340000 >> AHB granted, starting recovery...
2584540000 >> Recovery done, continuing...
2584890000 >> Requesting for the AHB bus...
2586015000 >> AHB granted, starting recovery...
2605215000 >> Recovery done, continuing...
2605590000 >> Requesting for the AHB bus...
2606715000 >> AHB granted, starting recovery...
2625915000 >> Recovery done, continuing...
2626265000 >> Requesting for the AHB bus...
2627390000 >> AHB granted, starting recovery...
2646590000 >> Recovery done, continuing...
2646940000 >> Requesting for the AHB bus...
2648065000 >> AHB granted, starting recovery...
2667265000 >> Recovery done, continuing...
2667615000 >> Requesting for the AHB bus...
2668740000 >> AHB granted, starting recovery...
2687940000 >> Recovery done, continuing...
2688290000 >> Requesting for the AHB bus...
2689415000 >> AHB granted, starting recovery...
2708615000 >> Recovery done, continuing...
2708965000 >> Requesting for the AHB bus...
2710090000 >> AHB granted, starting recovery...
2729290000 >> Recovery done, continuing...
2729640000 >> Requesting for the AHB bus...
2730765000 >> AHB granted, starting recovery...
2749965000 >> Recovery done, continuing...
2750315000 >> Requesting for the AHB bus...
2751440000 >> AHB granted, starting recovery...
2770640000 >> Recovery done, continuing...
2770990000 >> Requesting for the AHB bus...
2772115000 >> AHB granted, starting recovery...
2791315000 >> Recovery done, continuing...
2791665000 >> Requesting for the AHB bus...
2792790000 >> AHB granted, starting recovery...
2811990000 >> Recovery done, continuing...
2812340000 >> Requesting for the AHB bus...
2813465000 >> AHB granted, starting recovery...
2832665000 >> Recovery done, continuing...
2833015000 >> Requesting for the AHB bus...
2834140000 >> AHB granted, starting recovery...
2853340000 >> Recovery done, continuing...
2853690000 >> Requesting for the AHB bus...
2854815000 >> AHB granted, starting recovery...
2874015000 >> Recovery done, continuing...
2874390000 >> Requesting for the AHB bus...
2875515000 >> AHB granted, starting recovery...
2894715000 >> Recovery done, continuing...
2895065000 >> Requesting for the AHB bus...
2896190000 >> AHB granted, starting recovery...
2915390000 >> Recovery done, continuing...
2915740000 >> Requesting for the AHB bus...
2916865000 >> AHB granted, starting recovery...
2936065000 >> Recovery done, continuing...
2936415000 >> Requesting for the AHB bus...
2937540000 >> AHB granted, starting recovery...
2956740000 >> Recovery done, continuing...
2957090000 >> Requesting for the AHB bus...
2958215000 >> AHB granted, starting recovery...
2977415000 >> Recovery done, continuing...
2977765000 >> Requesting for the AHB bus...
2978890000 >> AHB granted, starting recovery...
2998090000 >> Recovery done, continuing...
2998440000 >> Requesting for the AHB bus...
2999565000 >> AHB granted, starting recovery...
3018765000 >> Recovery done, continuing...
3019115000 >> Requesting for the AHB bus...
3020240000 >> AHB granted, starting recovery...
3039440000 >> Recovery done, continuing...
3039790000 >> Requesting for the AHB bus...
3040915000 >> AHB granted, starting recovery...
3060115000 >> Recovery done, continuing...
3060465000 >> Requesting for the AHB bus...
3061590000 >> AHB granted, starting recovery...
3080790000 >> Recovery done, continuing...
3081140000 >> Requesting for the AHB bus...
3082265000 >> AHB granted, starting recovery...
3101465000 >> Recovery done, continuing...
3101815000 >> Requesting for the AHB bus...
3102940000 >> AHB granted, starting recovery...
3122140000 >> Recovery done, continuing...
3122490000 >> Requesting for the AHB bus...
3123615000 >> AHB granted, starting recovery...
3142815000 >> Recovery done, continuing...
3143190000 >> Requesting for the AHB bus...
3144315000 >> AHB granted, starting recovery...
3163515000 >> Recovery done, continuing...
3163865000 >> Requesting for the AHB bus...
3164990000 >> AHB granted, starting recovery...
3184190000 >> Recovery done, continuing...
3184540000 >> Requesting for the AHB bus...
3185665000 >> AHB granted, starting recovery...
3204865000 >> Recovery done, continuing...
3205215000 >> Requesting for the AHB bus...
3206340000 >> AHB granted, starting recovery...
3225540000 >> Recovery done, continuing...
3225890000 >> Requesting for the AHB bus...
3227015000 >> AHB granted, starting recovery...
3246215000 >> Recovery done, continuing...
3246565000 >> Requesting for the AHB bus...
3247690000 >> AHB granted, starting recovery...
3266890000 >> Recovery done, continuing...
3267240000 >> Requesting for the AHB bus...
3268365000 >> AHB granted, starting recovery...
3287565000 >> Recovery done, continuing...
3287915000 >> Requesting for the AHB bus...
3289040000 >> AHB granted, starting recovery...
3308240000 >> Recovery done, continuing...
3308590000 >> Requesting for the AHB bus...
3309715000 >> AHB granted, starting recovery...
3328915000 >> Recovery done, continuing...
3329265000 >> Requesting for the AHB bus...
3330390000 >> AHB granted, starting recovery...
3349590000 >> Recovery done, continuing...
3349940000 >> Requesting for the AHB bus...
3351065000 >> AHB granted, starting recovery...
3370265000 >> Recovery done, continuing...
3370615000 >> Requesting for the AHB bus...
3371740000 >> AHB granted, starting recovery...
3390940000 >> Recovery done, continuing...
3391290000 >> Requesting for the AHB bus...
3392415000 >> AHB granted, starting recovery...
3411615000 >> Recovery done, continuing...
3411990000 >> Requesting for the AHB bus...
3413115000 >> AHB granted, starting recovery...
3432315000 >> Recovery done, continuing...
3432665000 >> Requesting for the AHB bus...
3433790000 >> AHB granted, starting recovery...
3452990000 >> Recovery done, continuing...
3453340000 >> Requesting for the AHB bus...
3454465000 >> AHB granted, starting recovery...
3473665000 >> Recovery done, continuing...
3474015000 >> Requesting for the AHB bus...
3475140000 >> AHB granted, starting recovery...
3494340000 >> Recovery done, continuing...
3494690000 >> Requesting for the AHB bus...
3495815000 >> AHB granted, starting recovery...
3515015000 >> Recovery done, continuing...
3515365000 >> Requesting for the AHB bus...
3516490000 >> AHB granted, starting recovery...
3535690000 >> Recovery done, continuing...
3536040000 >> Requesting for the AHB bus...
3537165000 >> AHB granted, starting recovery...
3556365000 >> Recovery done, continuing...
3556715000 >> Requesting for the AHB bus...
3557840000 >> AHB granted, starting recovery...
3577040000 >> Recovery done, continuing...
3577390000 >> Requesting for the AHB bus...
3578515000 >> AHB granted, starting recovery...
3597715000 >> Recovery done, continuing...
3598065000 >> Requesting for the AHB bus...
3599190000 >> AHB granted, starting recovery...
3618390000 >> Recovery done, continuing...
3618740000 >> Requesting for the AHB bus...
3619865000 >> AHB granted, starting recovery...
3639065000 >> Recovery done, continuing...
3639415000 >> Requesting for the AHB bus...
3640540000 >> AHB granted, starting recovery...
3659740000 >> Recovery done, continuing...
3660090000 >> Requesting for the AHB bus...
3661215000 >> AHB granted, starting recovery...
3680415000 >> Recovery done, continuing...
3680790000 >> Requesting for the AHB bus...
3681915000 >> AHB granted, starting recovery...
3701115000 >> Recovery done, continuing...
3701465000 >> Requesting for the AHB bus...
3702590000 >> AHB granted, starting recovery...
3721790000 >> Recovery done, continuing...
3722140000 >> Requesting for the AHB bus...
3723265000 >> AHB granted, starting recovery...
3742465000 >> Recovery done, continuing...
3742815000 >> Requesting for the AHB bus...
3743940000 >> AHB granted, starting recovery...
3763140000 >> Recovery done, continuing...
3763490000 >> Requesting for the AHB bus...
3764615000 >> AHB granted, starting recovery...
3783815000 >> Recovery done, continuing...
3784165000 >> Requesting for the AHB bus...
3785290000 >> AHB granted, starting recovery...
3804490000 >> Recovery done, continuing...
3804840000 >> Requesting for the AHB bus...
3805965000 >> AHB granted, starting recovery...
3825165000 >> Recovery done, continuing...
3825515000 >> Requesting for the AHB bus...
3826640000 >> AHB granted, starting recovery...
3845840000 >> Recovery done, continuing...
3846190000 >> Requesting for the AHB bus...
3847315000 >> AHB granted, starting recovery...
3866515000 >> Recovery done, continuing...
3866865000 >> Requesting for the AHB bus...
3867990000 >> AHB granted, starting recovery...
3887190000 >> Recovery done, continuing...
3887540000 >> Requesting for the AHB bus...
3888665000 >> AHB granted, starting recovery...
3907865000 >> Recovery done, continuing...
3908215000 >> Requesting for the AHB bus...
3909340000 >> AHB granted, starting recovery...
3928540000 >> Recovery done, continuing...
3928890000 >> Requesting for the AHB bus...
3930015000 >> AHB granted, starting recovery...
3949215000 >> Recovery done, continuing...
3949590000 >> Requesting for the AHB bus...
3950715000 >> AHB granted, starting recovery...
3969915000 >> Recovery done, continuing...
3970265000 >> Requesting for the AHB bus...
3971390000 >> AHB granted, starting recovery...
3990590000 >> Recovery done, continuing...
3990940000 >> Requesting for the AHB bus...
3992065000 >> AHB granted, starting recovery...
4011265000 >> Recovery done, continuing...
4011615000 >> Requesting for the AHB bus...
4012740000 >> AHB granted, starting recovery...
4031940000 >> Recovery done, continuing...
4032290000 >> Requesting for the AHB bus...
4033415000 >> AHB granted, starting recovery...
4052615000 >> Recovery done, continuing...
4052965000 >> Requesting for the AHB bus...
4054090000 >> AHB granted, starting recovery...
4073290000 >> Recovery done, continuing...
4073640000 >> Requesting for the AHB bus...
4074765000 >> AHB granted, starting recovery...
4093965000 >> Recovery done, continuing...
4094315000 >> Requesting for the AHB bus...
4095440000 >> AHB granted, starting recovery...
4114640000 >> Recovery done, continuing...
4114990000 >> Requesting for the AHB bus...
4116115000 >> AHB granted, starting recovery...
4135315000 >> Recovery done, continuing...
4135665000 >> Requesting for the AHB bus...
4136790000 >> AHB granted, starting recovery...
4155990000 >> Recovery done, continuing...
4156340000 >> Requesting for the AHB bus...
4157465000 >> AHB granted, starting recovery...
4176665000 >> Recovery done, continuing...
4177015000 >> Requesting for the AHB bus...
4178140000 >> AHB granted, starting recovery...
4197340000 >> Recovery done, continuing...
4197690000 >> Requesting for the AHB bus...
4198815000 >> AHB granted, starting recovery...
4218015000 >> Recovery done, continuing...
4218390000 >> Requesting for the AHB bus...
4219515000 >> AHB granted, starting recovery...
4238715000 >> Recovery done, continuing...
4239065000 >> Requesting for the AHB bus...
4240190000 >> AHB granted, starting recovery...
4259390000 >> Recovery done, continuing...
4259740000 >> Requesting for the AHB bus...
4260865000 >> AHB granted, starting recovery...
4280065000 >> Recovery done, continuing...
4280415000 >> Requesting for the AHB bus...
4281540000 >> AHB granted, starting recovery...
4300740000 >> Recovery done, continuing...
4301090000 >> Requesting for the AHB bus...
4302215000 >> AHB granted, starting recovery...
4321415000 >> Recovery done, continuing...
4321765000 >> Requesting for the AHB bus...
4322890000 >> AHB granted, starting recovery...
4342090000 >> Recovery done, continuing...
4342440000 >> Requesting for the AHB bus...
4343565000 >> AHB granted, starting recovery...
4362765000 >> Recovery done, continuing...
4363115000 >> Requesting for the AHB bus...
4364240000 >> AHB granted, starting recovery...
4383440000 >> Recovery done, continuing...
4383790000 >> Requesting for the AHB bus...
4384915000 >> AHB granted, starting recovery...
4404115000 >> Recovery done, continuing...
4404465000 >> Requesting for the AHB bus...
4405590000 >> AHB granted, starting recovery...
4424790000 >> Recovery done, continuing...
4425140000 >> Requesting for the AHB bus...
4426265000 >> AHB granted, starting recovery...
4445465000 >> Recovery done, continuing...
4445815000 >> Requesting for the AHB bus...
4446940000 >> AHB granted, starting recovery...
4466140000 >> Recovery done, continuing...
4466490000 >> Requesting for the AHB bus...
4467615000 >> AHB granted, starting recovery...
4486815000 >> Recovery done, continuing...
4487190000 >> Requesting for the AHB bus...
4488315000 >> AHB granted, starting recovery...
4507515000 >> Recovery done, continuing...
4507865000 >> Requesting for the AHB bus...
4508990000 >> AHB granted, starting recovery...
4528190000 >> Recovery done, continuing...
4528540000 >> Requesting for the AHB bus...
4529665000 >> AHB granted, starting recovery...
4548865000 >> Recovery done, continuing...
4549215000 >> Requesting for the AHB bus...
4550340000 >> AHB granted, starting recovery...
4569540000 >> Recovery done, continuing...
4569890000 >> Requesting for the AHB bus...
4571015000 >> AHB granted, starting recovery...
4590215000 >> Recovery done, continuing...
4590565000 >> Requesting for the AHB bus...
4591690000 >> AHB granted, starting recovery...
4610890000 >> Recovery done, continuing...
4611240000 >> Requesting for the AHB bus...
4612365000 >> AHB granted, starting recovery...
4631565000 >> Recovery done, continuing...
4631915000 >> Requesting for the AHB bus...
4633040000 >> AHB granted, starting recovery...
4652240000 >> Recovery done, continuing...
4652590000 >> Requesting for the AHB bus...
4653715000 >> AHB granted, starting recovery...
4672915000 >> Recovery done, continuing...
4673265000 >> Requesting for the AHB bus...
4674390000 >> AHB granted, starting recovery...
4693590000 >> Recovery done, continuing...
4693940000 >> Requesting for the AHB bus...
4695065000 >> AHB granted, starting recovery...
4714265000 >> Recovery done, continuing...
4714615000 >> Requesting for the AHB bus...
4715740000 >> AHB granted, starting recovery...
4734940000 >> Recovery done, continuing...
4735290000 >> Requesting for the AHB bus...
4736415000 >> AHB granted, starting recovery...
4755615000 >> Recovery done, continuing...
4755990000 >> Requesting for the AHB bus...
4757115000 >> AHB granted, starting recovery...
4776315000 >> Recovery done, continuing...
4776665000 >> Requesting for the AHB bus...
4777790000 >> AHB granted, starting recovery...
4796990000 >> Recovery done, continuing...
4797340000 >> Requesting for the AHB bus...
4798465000 >> AHB granted, starting recovery...
4817665000 >> Recovery done, continuing...
4818015000 >> Requesting for the AHB bus...
4819140000 >> AHB granted, starting recovery...
4838340000 >> Recovery done, continuing...
4838690000 >> Requesting for the AHB bus...
4839815000 >> AHB granted, starting recovery...
4859015000 >> Recovery done, continuing...
4859365000 >> Requesting for the AHB bus...
4860490000 >> AHB granted, starting recovery...
4879690000 >> Recovery done, continuing...
4880040000 >> Requesting for the AHB bus...
4881165000 >> AHB granted, starting recovery...
4900365000 >> Recovery done, continuing...
4900715000 >> Requesting for the AHB bus...
4901840000 >> AHB granted, starting recovery...
4921040000 >> Recovery done, continuing...
4921390000 >> Requesting for the AHB bus...
4922515000 >> AHB granted, starting recovery...
4941715000 >> Recovery done, continuing...
4942065000 >> Requesting for the AHB bus...
4943190000 >> AHB granted, starting recovery...
4962390000 >> Recovery done, continuing...
4962740000 >> Requesting for the AHB bus...
4963865000 >> AHB granted, starting recovery...
4983065000 >> Recovery done, continuing...
4983415000 >> Requesting for the AHB bus...
4984540000 >> AHB granted, starting recovery...
5003740000 >> Recovery done, continuing...
5004090000 >> Requesting for the AHB bus...
5005215000 >> AHB granted, starting recovery...
5024415000 >> Recovery done, continuing...
5024790000 >> Requesting for the AHB bus...
5025915000 >> AHB granted, starting recovery...
5045115000 >> Recovery done, continuing...
5045465000 >> Requesting for the AHB bus...
5046590000 >> AHB granted, starting recovery...
5065790000 >> Recovery done, continuing...
5066140000 >> Requesting for the AHB bus...
5067265000 >> AHB granted, starting recovery...
5086465000 >> Recovery done, continuing...
5086815000 >> Requesting for the AHB bus...
5087940000 >> AHB granted, starting recovery...
5107140000 >> Recovery done, continuing...
5107490000 >> Requesting for the AHB bus...
5108615000 >> AHB granted, starting recovery...
5127815000 >> Recovery done, continuing...
5128165000 >> Requesting for the AHB bus...
5129290000 >> AHB granted, starting recovery...
5148490000 >> Recovery done, continuing...
5148840000 >> Requesting for the AHB bus...
5149965000 >> AHB granted, starting recovery...
5169165000 >> Recovery done, continuing...
5169515000 >> Requesting for the AHB bus...
5170640000 >> AHB granted, starting recovery...
5189840000 >> Recovery done, continuing...
5190190000 >> Requesting for the AHB bus...
5191315000 >> AHB granted, starting recovery...
5210515000 >> Recovery done, continuing...
5210865000 >> Requesting for the AHB bus...
5211990000 >> AHB granted, starting recovery...
5231190000 >> Recovery done, continuing...
5231540000 >> Requesting for the AHB bus...
5232665000 >> AHB granted, starting recovery...
5251865000 >> Recovery done, continuing...
5252215000 >> Requesting for the AHB bus...
5253340000 >> AHB granted, starting recovery...
5272540000 >> Recovery done, continuing...
5272890000 >> Requesting for the AHB bus...
5274015000 >> AHB granted, starting recovery...
5293215000 >> Recovery done, continuing...
5293590000 >> Requesting for the AHB bus...
5294715000 >> AHB granted, starting recovery...
5313915000 >> Recovery done, continuing...
5314265000 >> Requesting for the AHB bus...
5315390000 >> AHB granted, starting recovery...
5334590000 >> Recovery done, continuing...
5334940000 >> Requesting for the AHB bus...
5336065000 >> AHB granted, starting recovery...
5355265000 >> Recovery done, continuing...
5355615000 >> Requesting for the AHB bus...
5356740000 >> AHB granted, starting recovery...
5375940000 >> Recovery done, continuing...
5376290000 >> Requesting for the AHB bus...
5377415000 >> AHB granted, starting recovery...
5396615000 >> Recovery done, continuing...
5396965000 >> Requesting for the AHB bus...
5398090000 >> AHB granted, starting recovery...
5417290000 >> Recovery done, continuing...
5417640000 >> Requesting for the AHB bus...
5418765000 >> AHB granted, starting recovery...
5437965000 >> Recovery done, continuing...
5438315000 >> Requesting for the AHB bus...
5439440000 >> AHB granted, starting recovery...
5458640000 >> Recovery done, continuing...
5458990000 >> Requesting for the AHB bus...
5460115000 >> AHB granted, starting recovery...
5479315000 >> Recovery done, continuing...
5479665000 >> Requesting for the AHB bus...
5480790000 >> AHB granted, starting recovery...
5499990000 >> Recovery done, continuing...
5500340000 >> Requesting for the AHB bus...
5501465000 >> AHB granted, starting recovery...
5520665000 >> Recovery done, continuing...
5521015000 >> Requesting for the AHB bus...
5522140000 >> AHB granted, starting recovery...
5541340000 >> Recovery done, continuing...
5541690000 >> Requesting for the AHB bus...
5542815000 >> AHB granted, starting recovery...
5562015000 >> Recovery done, continuing...
5562390000 >> Requesting for the AHB bus...
5563515000 >> AHB granted, starting recovery...
5582715000 >> Recovery done, continuing...
5583065000 >> Requesting for the AHB bus...
5584190000 >> AHB granted, starting recovery...
5603390000 >> Recovery done, continuing...
5603740000 >> Requesting for the AHB bus...
5604865000 >> AHB granted, starting recovery...
5624065000 >> Recovery done, continuing...
5624415000 >> Requesting for the AHB bus...
5625540000 >> AHB granted, starting recovery...
5644740000 >> Recovery done, continuing...
5645090000 >> Requesting for the AHB bus...
5646215000 >> AHB granted, starting recovery...
5665415000 >> Recovery done, continuing...
5665765000 >> Requesting for the AHB bus...
5666890000 >> AHB granted, starting recovery...
5686090000 >> Recovery done, continuing...
5686440000 >> Requesting for the AHB bus...
5687565000 >> AHB granted, starting recovery...
5706765000 >> Recovery done, continuing...
5707115000 >> Requesting for the AHB bus...
5708240000 >> AHB granted, starting recovery...
5727440000 >> Recovery done, continuing...
5727790000 >> Requesting for the AHB bus...
5728915000 >> AHB granted, starting recovery...
5745715000 >> time limit reached...
/testbench/cpu/l3/u0/leon3x0/vhdl/p0/iu/r.w.wreg:0
/testbench/cpu/l3/u0/leon3x0/vhdl/p0/iu/r.m.irqen:1
/testbench/cpu/l3/u0/leon3x0/vhdl/p0/iu/r.m.icc:0000
/testbench/cpu/l3/u0/leon3x0/vhdl/p0/iu/r.a.ticc:0
/testbench/cpu/l3/u0/leon3x0/vhdl/p0/iu/r.a.step:0
/testbench/cpu/l3/u0/leon3x0/vhdl/p0/iu/r.m.irqen2:1
/testbench/cpu/l3/u0/leon3x0/vhdl/p0/iu/r.d.pc:01000000000000000000001101000100
/testbench/cpu/l3/u0/leon3x0/vhdl/p0/iu/r.d.rexpl:{{00000000000000000000000000000000} {00} {0} 0 0 {0000000000000000000} 0 0 0 0 0 0}
/testbench/cpu/l3/u0/leon3x0/vhdl/p0/iu/r.d.mexc:0
/testbench/cpu/l3/u0/leon3x0/vhdl/p0/iu/r.a.aw:0
/testbench/cpu/l3/u0/leon3x0/vhdl/p0/iu/r.e.ctrl:{{01000000000000000000001101000000} {11000100000001111010000001000100} {00} {10000010} {000000} 0 0 1 0 0 1 1 0 0}
/testbench/cpu/l3/u0/leon3x0/vhdl/p0/iu/r.a.divstart:0
/testbench/cpu/l3/u0/leon3x0/vhdl/p0/iu/r.e.shleft:0
/testbench/cpu/l3/u0/leon3x0/vhdl/p0/iu/r.a.bp:0
/testbench/cpu/l3/u0/leon3x0/vhdl/p0/iu/r.w.twcwp:000
/testbench/cpu/l3/u0/leon3x0/vhdl/p0/iu/r.a.jmpl:0
/testbench/cpu/l3/u0/leon3x0/vhdl/p0/iu/r.m.casa:0
/testbench/cpu/l3/u0/leon3x0/vhdl/p0/iu/r.m.werr:0
/testbench/cpu/l3/u0/leon3x0/vhdl/p0/iu/r.e.su:1
/testbench/cpu/l3/u0/leon3x0/vhdl/p0/iu/r.e.et:1
/testbench/cpu/l3/u0/leon3x0/vhdl/p0/iu/r.a.ldcheck1:1
/testbench/cpu/l3/u0/leon3x0/vhdl/p0/iu/r.d.stwin:000
/testbench/cpu/l3/u0/leon3x0/vhdl/p0/iu/r.a.ldcheck2:1
/testbench/cpu/l3/u0/leon3x0/vhdl/p0/iu/r.x.intack:0
/testbench/cpu/l3/u0/leon3x0/vhdl/p0/iu/r.m.ctrl:{{01000000000000000000001100111100} {11000010000001111011111111111000} {00} {10000001} {000000} 0 0 1 0 0 1 1 0 0}
/testbench/cpu/l3/u0/leon3x0/vhdl/p0/iu/r.a.cwp:101
/testbench/cpu/l3/u0/leon3x0/vhdl/p0/iu/r.e.sari:0
/testbench/cpu/l3/u0/leon3x0/vhdl/p0/iu/r.d.paw:0
/testbench/cpu/l3/u0/leon3x0/vhdl/p0/iu/r.d.aw:0
/testbench/cpu/l3/u0/leon3x0/vhdl/p0/iu/r.d.awp:000
/testbench/cpu/l3/u0/leon3x0/vhdl/p0/iu/r.x.ctrl:{{01000000000000000000001100111000} {11000100001010000100000000000000} {01} {10000010} {000000} 0 0 0 0 0 0 0 0 0}
/testbench/cpu/l3/u0/leon3x0/vhdl/p0/iu/r.m.rexnalign:0
/testbench/cpu/l3/u0/leon3x0/vhdl/p0/iu/r.m.su:1
/testbench/cpu/l3/u0/leon3x0/vhdl/p0/iu/r.m.wcwp:0
/testbench/cpu/l3/u0/leon3x0/vhdl/p0/iu/r.d.divrdy:0
/testbench/cpu/l3/u0/leon3x0/vhdl/p0/iu/r.e.cwp:101
/testbench/cpu/l3/u0/leon3x0/vhdl/p0/iu/r.w.except:0
/testbench/cpu/l3/u0/leon3x0/vhdl/p0/iu/r.x.nerror:0
/testbench/cpu/l3/u0/leon3x0/vhdl/p0/iu/r.a.bpimiss:0
/testbench/cpu/l3/u0/leon3x0/vhdl/p0/iu/r.a.nobp:0
/testbench/cpu/l3/u0/leon3x0/vhdl/p0/iu/r.d.rexcnt:0
/testbench/cpu/l3/u0/leon3x0/vhdl/p0/iu/r.w.s:{{101} {0000} {00000000} {01000000000000000000} {00000010} {0000} 0 0 1 1 1 {00000000000000000000000000000000} {UUUUUUUUUUUUUUUUUUUUUUUUUUUUUUUU} 1 0 0 1 1 1 0 0 {000} {000} {111}}
/testbench/cpu/l3/u0/leon3x0/vhdl/p0/iu/r.d.pv:1
/testbench/cpu/l3/u0/leon3x0/vhdl/p0/iu/r.a.ldchkra:1
/testbench/cpu/l3/u0/leon3x0/vhdl/p0/iu/r.a.rfa1:10000010
/testbench/cpu/l3/u0/leon3x0/vhdl/p0/iu/r.a.rfa2:10000001
/testbench/cpu/l3/u0/leon3x0/vhdl/p0/iu/r.a.imm:00000000000000000000000000000001
/testbench/cpu/l3/u0/leon3x0/vhdl/p0/iu/r.w.wa:10000010
/testbench/cpu/l3/u0/leon3x0/vhdl/p0/iu/r.m.casaz:0
/testbench/cpu/l3/u0/leon3x0/vhdl/p0/iu/r.x.dci:{0 0 0 1 0 0 {00} {00001011}}
/testbench/cpu/l3/u0/leon3x0/vhdl/p0/iu/r.x.mac:0
/testbench/cpu/l3/u0/leon3x0/vhdl/p0/iu/r.m.divz:0
/testbench/cpu/l3/u0/leon3x0/vhdl/p0/iu/r.d.inst:{{10000010000000001000000000000001}}
/testbench/cpu/l3/u0/leon3x0/vhdl/p0/iu/r.e.rfe1:1
/testbench/cpu/l3/u0/leon3x0/vhdl/p0/iu/r.a.wovf:0
/testbench/cpu/l3/u0/leon3x0/vhdl/p0/iu/r.e.rfe2:0
/testbench/cpu/l3/u0/leon3x0/vhdl/p0/iu/r.e.op1:01000000000011111111111010100000
/testbench/cpu/l3/u0/leon3x0/vhdl/p0/iu/r.m.nalign:0
/testbench/cpu/l3/u0/leon3x0/vhdl/p0/iu/r.e.op2:00000000000000000000000001000100
/testbench/cpu/l3/u0/leon3x0/vhdl/p0/iu/r.d.rexen:0
/testbench/cpu/l3/u0/leon3x0/vhdl/p0/iu/r.a.ctrl:{{01000000000000000000001101000100} {10000010000000001000000000000001} {00} {10000001} {000000} 0 1 0 0 0 0 0 0 0}
/testbench/cpu/l3/u0/leon3x0/vhdl/p0/iu/r.x.ipend:0
/testbench/cpu/l3/u0/leon3x0/vhdl/p0/iu/r.e.ldbp1:0
/testbench/cpu/l3/u0/leon3x0/vhdl/p0/iu/r.e.aluadd:1
/testbench/cpu/l3/u0/leon3x0/vhdl/p0/iu/r.d.set:0
/testbench/cpu/l3/u0/leon3x0/vhdl/p0/iu/r.d.inull:0
/testbench/cpu/l3/u0/leon3x0/vhdl/p0/iu/r.e.ldbp2:0
/testbench/cpu/l3/u0/leon3x0/vhdl/p0/iu/r.d.cnt:00
/testbench/cpu/l3/u0/leon3x0/vhdl/p0/iu/r.a.su:1
/testbench/cpu/l3/u0/leon3x0/vhdl/p0/iu/r.a.et:1
/testbench/cpu/l3/u0/leon3x0/vhdl/p0/iu/r.e.mul:0
/testbench/cpu/l3/u0/leon3x0/vhdl/p0/iu/r.e.alusel:00
/testbench/cpu/l3/u0/leon3x0/vhdl/p0/iu/r.e.aw:U
/testbench/cpu/l3/u0/leon3x0/vhdl/p0/iu/r.e.mac:0
/testbench/cpu/l3/u0/leon3x0/vhdl/p0/iu/r.a.decill:0
/testbench/cpu/l3/u0/leon3x0/vhdl/p0/iu/r.x.icc:0000
/testbench/cpu/l3/u0/leon3x0/vhdl/p0/iu/r.x.result:00000001000000010000000100000001
/testbench/cpu/l3/u0/leon3x0/vhdl/p0/iu/r.e.bp:0
/testbench/cpu/l3/u0/leon3x0/vhdl/p0/iu/r.a.rs1:00010
/testbench/cpu/l3/u0/leon3x0/vhdl/p0/iu/r.e.jmpl:0
/testbench/cpu/l3/u0/leon3x0/vhdl/p0/iu/r.a.rsel1:001
/testbench/cpu/l3/u0/leon3x0/vhdl/p0/iu/r.x.y:00000000000000000000000000000000
/testbench/cpu/l3/u0/leon3x0/vhdl/p0/iu/r.a.rsel2:010
/testbench/cpu/l3/u0/leon3x0/vhdl/p0/iu/r.a.awp:000
/testbench/cpu/l3/u0/leon3x0/vhdl/p0/iu/r.a.paw:0
/testbench/cpu/l3/u0/leon3x0/vhdl/p0/iu/r.x.data:{{00000000000000000000000000000001}}
/testbench/cpu/l3/u0/leon3x0/vhdl/p0/iu/r.m.mul:0
/testbench/cpu/l3/u0/leon3x0/vhdl/p0/iu/r.e.rd:UUUUU
/testbench/cpu/l3/u0/leon3x0/vhdl/p0/iu/r.e.invop2:0
/testbench/cpu/l3/u0/leon3x0/vhdl/p0/iu/r.m.wawp:0
/testbench/cpu/l3/u0/leon3x0/vhdl/p0/iu/r.d.cwpmax:111
/testbench/cpu/l3/u0/leon3x0/vhdl/p0/iu/r.f.branch:0
/testbench/cpu/l3/u0/leon3x0/vhdl/p0/iu/r.d.pcheld:1
/testbench/cpu/l3/u0/leon3x0/vhdl/p0/iu/r.m.dci:{0 1 1 0 0 0 {10} {00001011}}
/testbench/cpu/l3/u0/leon3x0/vhdl/p0/iu/r.e.paw:U
/testbench/cpu/l3/u0/leon3x0/vhdl/p0/iu/r.e.awp:UUU
/testbench/cpu/l3/u0/leon3x0/vhdl/p0/iu/r.e.shcnt:00100
/testbench/cpu/l3/u0/leon3x0/vhdl/p0/iu/r.w.result:01000000000000000001111001001011
/testbench/cpu/l3/u0/leon3x0/vhdl/p0/iu/r.m.mac:0
/testbench/cpu/l3/u0/leon3x0/vhdl/p0/iu/r.m.y:00000000000000000000000000000000
/testbench/cpu/l3/u0/leon3x0/vhdl/p0/iu/r.d.cwp:101
/testbench/cpu/l3/u0/leon3x0/vhdl/p0/iu/r.x.laddr:01
/testbench/cpu/l3/u0/leon3x0/vhdl/p0/iu/r.e.mulstep:0
/testbench/cpu/l3/u0/leon3x0/vhdl/p0/iu/r.e.ymsb:0
/testbench/cpu/l3/u0/leon3x0/vhdl/p0/iu/r.d.rexbuf:00000000000000000000000000000000
/testbench/cpu/l3/u0/leon3x0/vhdl/p0/iu/r.x.npc:100
/testbench/cpu/l3/u0/leon3x0/vhdl/p0/iu/r.f.pc:01000000000000000000001101001000
/testbench/cpu/l3/u0/leon3x0/vhdl/p0/iu/r.d.annul:0
/testbench/cpu/l3/u0/leon3x0/vhdl/p0/iu/r.x.rstate:run
/testbench/cpu/l3/u0/leon3x0/vhdl/p0/iu/r.x.set:0
/testbench/cpu/l3/u0/leon3x0/vhdl/p0/iu/r.m.result:00000000000000000000000001000000
/testbench/cpu/l3/u0/leon3x0/vhdl/p0/iu/r.e.icc:UUUU
/testbench/cpu/l3/u0/leon3x0/vhdl/p0/iu/r.a.getpc:0
/testbench/cpu/l3/u0/leon3x0/vhdl/p0/iu/r.a.ldchkex:1
/testbench/cpu/l3/u0/leon3x0/vhdl/p0/iu/r.x.mexc:0
/testbench/cpu/l3/u0/leon3x0/vhdl/p0/iu/r.a.mulstart:0
/testbench/cpu/l3/u0/leon3x0/vhdl/p0/iu/r.d.rexpos:10
/testbench/cpu/l3/u0/leon3x0/vhdl/p0/iu/r.x.annul_all:0
/testbench/cpu/l3/u0/leon3x0/vhdl/p0/iu/r.e.aluop:000
/testbench/cpu/l3/u0/leon3x0/vhdl/p0/iu/r.x.debug:0
/testbench/cpu/l3/u0/leon3x0/vhdl/p0/iu/r.a.rfe1:0
/testbench/cpu/l3/u0/leon3x0/vhdl/p0/iu/r.d.step:0
/testbench/cpu/l3/u0/leon3x0/vhdl/p0/iu/r.a.rfe2:0
/testbench/cpu/l3/u0/leon3x0/vhdl/p0/iu/r.e.alucin:0
/testbench/cpu/l3/u0/leon3x0/vhdl/p0/iu/r.a.wunf:0
compare to golden: 1
======================================
progstatus: -2
execerr: 216
latent: 1
time limit!
>>>>>>>>>>>>>>> 5745715000
======================================
