Test signal = /testbench/cpu/l3/u0/leon3x0/vhdl/p0/iu/r.a.rsel1
oldval = 101
pos1: 2 pos0: 1 posU: -1
newval = 100
force in 223036
586290000 >> iteration no: 0
Signal value: 000
oldval = 000
pos1: -1 pos0: 2 posU: -1
newval = 001
805465000 >> Requesting for the AHB bus...
806040000 >> AHB granted, starting recovery...
825240000 >> Recovery done, continuing...
825590000 >> Requesting for the AHB bus...
826165000 >> AHB granted, starting recovery...
845365000 >> Recovery done, continuing...
845715000 >> Requesting for the AHB bus...
846290000 >> AHB granted, starting recovery...
865490000 >> Recovery done, continuing...
865840000 >> Requesting for the AHB bus...
866415000 >> AHB granted, starting recovery...
885615000 >> Recovery done, continuing...
885965000 >> Requesting for the AHB bus...
886540000 >> AHB granted, starting recovery...
905740000 >> Recovery done, continuing...
906090000 >> Requesting for the AHB bus...
906665000 >> AHB granted, starting recovery...
925865000 >> Recovery done, continuing...
926215000 >> Requesting for the AHB bus...
926790000 >> AHB granted, starting recovery...
945990000 >> Recovery done, continuing...
946340000 >> Requesting for the AHB bus...
946915000 >> AHB granted, starting recovery...
966115000 >> Recovery done, continuing...
966465000 >> Requesting for the AHB bus...
967040000 >> AHB granted, starting recovery...
986240000 >> Recovery done, continuing...
986590000 >> Requesting for the AHB bus...
987165000 >> AHB granted, starting recovery...
1006365000 >> Recovery done, continuing...
1006715000 >> Requesting for the AHB bus...
1007290000 >> AHB granted, starting recovery...
1026490000 >> Recovery done, continuing...
1026840000 >> Requesting for the AHB bus...
1027415000 >> AHB granted, starting recovery...
1046615000 >> Recovery done, continuing...
1046965000 >> Requesting for the AHB bus...
1047540000 >> AHB granted, starting recovery...
1066740000 >> Recovery done, continuing...
1067090000 >> Requesting for the AHB bus...
1067665000 >> AHB granted, starting recovery...
1086865000 >> Recovery done, continuing...
1087215000 >> Requesting for the AHB bus...
1087790000 >> AHB granted, starting recovery...
1106990000 >> Recovery done, continuing...
1107340000 >> Requesting for the AHB bus...
1107915000 >> AHB granted, starting recovery...
1127115000 >> Recovery done, continuing...
1127465000 >> Requesting for the AHB bus...
1128040000 >> AHB granted, starting recovery...
1147240000 >> Recovery done, continuing...
1147590000 >> Requesting for the AHB bus...
1148165000 >> AHB granted, starting recovery...
1167365000 >> Recovery done, continuing...
1167715000 >> Requesting for the AHB bus...
1168290000 >> AHB granted, starting recovery...
1187490000 >> Recovery done, continuing...
1187840000 >> Requesting for the AHB bus...
1188415000 >> AHB granted, starting recovery...
1207615000 >> Recovery done, continuing...
1207965000 >> Requesting for the AHB bus...
1208540000 >> AHB granted, starting recovery...
1227740000 >> Recovery done, continuing...
1228090000 >> Requesting for the AHB bus...
1228665000 >> AHB granted, starting recovery...
1247865000 >> Recovery done, continuing...
1248215000 >> Requesting for the AHB bus...
1248790000 >> AHB granted, starting recovery...
1267990000 >> Recovery done, continuing...
1268340000 >> Requesting for the AHB bus...
1268915000 >> AHB granted, starting recovery...
1288115000 >> Recovery done, continuing...
1288465000 >> Requesting for the AHB bus...
1289040000 >> AHB granted, starting recovery...
1308240000 >> Recovery done, continuing...
1308590000 >> Requesting for the AHB bus...
1309165000 >> AHB granted, starting recovery...
1328365000 >> Recovery done, continuing...
1328715000 >> Requesting for the AHB bus...
1329290000 >> AHB granted, starting recovery...
1348490000 >> Recovery done, continuing...
1348840000 >> Requesting for the AHB bus...
1349415000 >> AHB granted, starting recovery...
1368615000 >> Recovery done, continuing...
1368965000 >> Requesting for the AHB bus...
1369540000 >> AHB granted, starting recovery...
1388740000 >> Recovery done, continuing...
1389090000 >> Requesting for the AHB bus...
1389665000 >> AHB granted, starting recovery...
1408865000 >> Recovery done, continuing...
1409215000 >> Requesting for the AHB bus...
1409790000 >> AHB granted, starting recovery...
1428990000 >> Recovery done, continuing...
1429340000 >> Requesting for the AHB bus...
1429915000 >> AHB granted, starting recovery...
1449115000 >> Recovery done, continuing...
1449465000 >> Requesting for the AHB bus...
1450040000 >> AHB granted, starting recovery...
1469240000 >> Recovery done, continuing...
1469590000 >> Requesting for the AHB bus...
1470165000 >> AHB granted, starting recovery...
1489365000 >> Recovery done, continuing...
1489715000 >> Requesting for the AHB bus...
1490290000 >> AHB granted, starting recovery...
1509490000 >> Recovery done, continuing...
1509840000 >> Requesting for the AHB bus...
1510415000 >> AHB granted, starting recovery...
1529615000 >> Recovery done, continuing...
1529965000 >> Requesting for the AHB bus...
1530540000 >> AHB granted, starting recovery...
1549740000 >> Recovery done, continuing...
1550090000 >> Requesting for the AHB bus...
1550665000 >> AHB granted, starting recovery...
1569865000 >> Recovery done, continuing...
1570215000 >> Requesting for the AHB bus...
1570790000 >> AHB granted, starting recovery...
1589990000 >> Recovery done, continuing...
1590340000 >> Requesting for the AHB bus...
1590915000 >> AHB granted, starting recovery...
1610115000 >> Recovery done, continuing...
1610465000 >> Requesting for the AHB bus...
1611040000 >> AHB granted, starting recovery...
1630240000 >> Recovery done, continuing...
1630590000 >> Requesting for the AHB bus...
1631165000 >> AHB granted, starting recovery...
1650365000 >> Recovery done, continuing...
1650715000 >> Requesting for the AHB bus...
1651290000 >> AHB granted, starting recovery...
1670490000 >> Recovery done, continuing...
1670840000 >> Requesting for the AHB bus...
1671415000 >> AHB granted, starting recovery...
1690615000 >> Recovery done, continuing...
1690965000 >> Requesting for the AHB bus...
1691540000 >> AHB granted, starting recovery...
1710740000 >> Recovery done, continuing...
1711090000 >> Requesting for the AHB bus...
1711665000 >> AHB granted, starting recovery...
1730865000 >> Recovery done, continuing...
1731215000 >> Requesting for the AHB bus...
1731790000 >> AHB granted, starting recovery...
1750990000 >> Recovery done, continuing...
1751340000 >> Requesting for the AHB bus...
1751915000 >> AHB granted, starting recovery...
1771115000 >> Recovery done, continuing...
1771465000 >> Requesting for the AHB bus...
1772040000 >> AHB granted, starting recovery...
1791240000 >> Recovery done, continuing...
1791590000 >> Requesting for the AHB bus...
1792165000 >> AHB granted, starting recovery...
1811365000 >> Recovery done, continuing...
1811715000 >> Requesting for the AHB bus...
1812290000 >> AHB granted, starting recovery...
1831490000 >> Recovery done, continuing...
1831840000 >> Requesting for the AHB bus...
1832415000 >> AHB granted, starting recovery...
1851615000 >> Recovery done, continuing...
1851965000 >> Requesting for the AHB bus...
1852540000 >> AHB granted, starting recovery...
1871740000 >> Recovery done, continuing...
1872090000 >> Requesting for the AHB bus...
1872665000 >> AHB granted, starting recovery...
1891865000 >> Recovery done, continuing...
1892215000 >> Requesting for the AHB bus...
1892790000 >> AHB granted, starting recovery...
1911990000 >> Recovery done, continuing...
1912340000 >> Requesting for the AHB bus...
1912915000 >> AHB granted, starting recovery...
1932115000 >> Recovery done, continuing...
1932465000 >> Requesting for the AHB bus...
1933040000 >> AHB granted, starting recovery...
1952240000 >> Recovery done, continuing...
1952590000 >> Requesting for the AHB bus...
1953165000 >> AHB granted, starting recovery...
1972365000 >> Recovery done, continuing...
1972715000 >> Requesting for the AHB bus...
1973290000 >> AHB granted, starting recovery...
1992490000 >> Recovery done, continuing...
1992840000 >> Requesting for the AHB bus...
1993415000 >> AHB granted, starting recovery...
2012615000 >> Recovery done, continuing...
2012965000 >> Requesting for the AHB bus...
2013540000 >> AHB granted, starting recovery...
2032740000 >> Recovery done, continuing...
2033090000 >> Requesting for the AHB bus...
2033665000 >> AHB granted, starting recovery...
2052865000 >> Recovery done, continuing...
2053215000 >> Requesting for the AHB bus...
2053790000 >> AHB granted, starting recovery...
2072990000 >> Recovery done, continuing...
2073340000 >> Requesting for the AHB bus...
2073915000 >> AHB granted, starting recovery...
2093115000 >> Recovery done, continuing...
2093590000 >> Requesting for the AHB bus...
2094165000 >> AHB granted, starting recovery...
2113365000 >> Recovery done, continuing...
2113715000 >> Requesting for the AHB bus...
2114290000 >> AHB granted, starting recovery...
2133490000 >> Recovery done, continuing...
2133840000 >> Requesting for the AHB bus...
2134415000 >> AHB granted, starting recovery...
2153615000 >> Recovery done, continuing...
2153965000 >> Requesting for the AHB bus...
2154540000 >> AHB granted, starting recovery...
2173740000 >> Recovery done, continuing...
2174090000 >> Requesting for the AHB bus...
2174665000 >> AHB granted, starting recovery...
2193865000 >> Recovery done, continuing...
2194215000 >> Requesting for the AHB bus...
2194790000 >> AHB granted, starting recovery...
2213990000 >> Recovery done, continuing...
2214340000 >> Requesting for the AHB bus...
2214915000 >> AHB granted, starting recovery...
2234115000 >> Recovery done, continuing...
2234465000 >> Requesting for the AHB bus...
2235040000 >> AHB granted, starting recovery...
2254240000 >> Recovery done, continuing...
2254590000 >> Requesting for the AHB bus...
2255165000 >> AHB granted, starting recovery...
2274365000 >> Recovery done, continuing...
2274715000 >> Requesting for the AHB bus...
2275290000 >> AHB granted, starting recovery...
2294490000 >> Recovery done, continuing...
2294840000 >> Requesting for the AHB bus...
2295415000 >> AHB granted, starting recovery...
2314615000 >> Recovery done, continuing...
2314965000 >> Requesting for the AHB bus...
2315540000 >> AHB granted, starting recovery...
2334740000 >> Recovery done, continuing...
2335090000 >> Requesting for the AHB bus...
2335665000 >> AHB granted, starting recovery...
2354865000 >> Recovery done, continuing...
2355215000 >> Requesting for the AHB bus...
2355790000 >> AHB granted, starting recovery...
2374990000 >> Recovery done, continuing...
2375340000 >> Requesting for the AHB bus...
2375915000 >> AHB granted, starting recovery...
2395115000 >> Recovery done, continuing...
2395465000 >> Requesting for the AHB bus...
2396040000 >> AHB granted, starting recovery...
2415240000 >> Recovery done, continuing...
2415590000 >> Requesting for the AHB bus...
2416165000 >> AHB granted, starting recovery...
2435365000 >> Recovery done, continuing...
2435715000 >> Requesting for the AHB bus...
2436290000 >> AHB granted, starting recovery...
2455490000 >> Recovery done, continuing...
2455840000 >> Requesting for the AHB bus...
2456415000 >> AHB granted, starting recovery...
2475615000 >> Recovery done, continuing...
2475965000 >> Requesting for the AHB bus...
2476540000 >> AHB granted, starting recovery...
2495740000 >> Recovery done, continuing...
2496090000 >> Requesting for the AHB bus...
2496665000 >> AHB granted, starting recovery...
2515865000 >> Recovery done, continuing...
2516215000 >> Requesting for the AHB bus...
2516790000 >> AHB granted, starting recovery...
2535990000 >> Recovery done, continuing...
2536340000 >> Requesting for the AHB bus...
2536915000 >> AHB granted, starting recovery...
2556115000 >> Recovery done, continuing...
2556465000 >> Requesting for the AHB bus...
2557040000 >> AHB granted, starting recovery...
2576240000 >> Recovery done, continuing...
2576590000 >> Requesting for the AHB bus...
2577165000 >> AHB granted, starting recovery...
2596365000 >> Recovery done, continuing...
2596715000 >> Requesting for the AHB bus...
2597290000 >> AHB granted, starting recovery...
2616490000 >> Recovery done, continuing...
2616840000 >> Requesting for the AHB bus...
2617415000 >> AHB granted, starting recovery...
2636615000 >> Recovery done, continuing...
2636965000 >> Requesting for the AHB bus...
2637540000 >> AHB granted, starting recovery...
2656740000 >> Recovery done, continuing...
2657090000 >> Requesting for the AHB bus...
2657665000 >> AHB granted, starting recovery...
2676865000 >> Recovery done, continuing...
2677215000 >> Requesting for the AHB bus...
2677790000 >> AHB granted, starting recovery...
2696990000 >> Recovery done, continuing...
2697340000 >> Requesting for the AHB bus...
2697915000 >> AHB granted, starting recovery...
2717115000 >> Recovery done, continuing...
2717465000 >> Requesting for the AHB bus...
2718040000 >> AHB granted, starting recovery...
2737240000 >> Recovery done, continuing...
2737590000 >> Requesting for the AHB bus...
2738165000 >> AHB granted, starting recovery...
2757365000 >> Recovery done, continuing...
2757715000 >> Requesting for the AHB bus...
2758290000 >> AHB granted, starting recovery...
2777490000 >> Recovery done, continuing...
2777840000 >> Requesting for the AHB bus...
2778415000 >> AHB granted, starting recovery...
2797615000 >> Recovery done, continuing...
2797965000 >> Requesting for the AHB bus...
2798540000 >> AHB granted, starting recovery...
2817740000 >> Recovery done, continuing...
2818090000 >> Requesting for the AHB bus...
2818665000 >> AHB granted, starting recovery...
2837865000 >> Recovery done, continuing...
2838215000 >> Requesting for the AHB bus...
2838790000 >> AHB granted, starting recovery...
2857990000 >> Recovery done, continuing...
2858340000 >> Requesting for the AHB bus...
2858915000 >> AHB granted, starting recovery...
2878115000 >> Recovery done, continuing...
2878465000 >> Requesting for the AHB bus...
2879040000 >> AHB granted, starting recovery...
2898240000 >> Recovery done, continuing...
2898590000 >> Requesting for the AHB bus...
2899165000 >> AHB granted, starting recovery...
2918365000 >> Recovery done, continuing...
2918715000 >> Requesting for the AHB bus...
2919290000 >> AHB granted, starting recovery...
2938490000 >> Recovery done, continuing...
2938840000 >> Requesting for the AHB bus...
2939415000 >> AHB granted, starting recovery...
2958615000 >> Recovery done, continuing...
2958965000 >> Requesting for the AHB bus...
2959540000 >> AHB granted, starting recovery...
2978740000 >> Recovery done, continuing...
2979090000 >> Requesting for the AHB bus...
2979665000 >> AHB granted, starting recovery...
2998865000 >> Recovery done, continuing...
2999215000 >> Requesting for the AHB bus...
2999790000 >> AHB granted, starting recovery...
3018990000 >> Recovery done, continuing...
3019340000 >> Requesting for the AHB bus...
3019915000 >> AHB granted, starting recovery...
3039115000 >> Recovery done, continuing...
3039465000 >> Requesting for the AHB bus...
3040040000 >> AHB granted, starting recovery...
3059240000 >> Recovery done, continuing...
3059590000 >> Requesting for the AHB bus...
3060165000 >> AHB granted, starting recovery...
3079365000 >> Recovery done, continuing...
3079715000 >> Requesting for the AHB bus...
3080290000 >> AHB granted, starting recovery...
3099490000 >> Recovery done, continuing...
3099840000 >> Requesting for the AHB bus...
3100415000 >> AHB granted, starting recovery...
3119615000 >> Recovery done, continuing...
3119965000 >> Requesting for the AHB bus...
3120540000 >> AHB granted, starting recovery...
3139740000 >> Recovery done, continuing...
3140090000 >> Requesting for the AHB bus...
3140665000 >> AHB granted, starting recovery...
3159865000 >> Recovery done, continuing...
3160215000 >> Requesting for the AHB bus...
3160790000 >> AHB granted, starting recovery...
3179990000 >> Recovery done, continuing...
3180340000 >> Requesting for the AHB bus...
3180915000 >> AHB granted, starting recovery...
3200115000 >> Recovery done, continuing...
3200465000 >> Requesting for the AHB bus...
3201040000 >> AHB granted, starting recovery...
3220240000 >> Recovery done, continuing...
3220590000 >> Requesting for the AHB bus...
3221165000 >> AHB granted, starting recovery...
3240365000 >> Recovery done, continuing...
3240715000 >> Requesting for the AHB bus...
3241290000 >> AHB granted, starting recovery...
3260490000 >> Recovery done, continuing...
3260840000 >> Requesting for the AHB bus...
3261415000 >> AHB granted, starting recovery...
3280615000 >> Recovery done, continuing...
3280965000 >> Requesting for the AHB bus...
3281540000 >> AHB granted, starting recovery...
3300740000 >> Recovery done, continuing...
3301090000 >> Requesting for the AHB bus...
3301665000 >> AHB granted, starting recovery...
3320865000 >> Recovery done, continuing...
3321215000 >> Requesting for the AHB bus...
3321790000 >> AHB granted, starting recovery...
3340990000 >> Recovery done, continuing...
3341340000 >> Requesting for the AHB bus...
3341915000 >> AHB granted, starting recovery...
3361115000 >> Recovery done, continuing...
3361465000 >> Requesting for the AHB bus...
3362040000 >> AHB granted, starting recovery...
3381240000 >> Recovery done, continuing...
3381590000 >> Requesting for the AHB bus...
3382165000 >> AHB granted, starting recovery...
3401365000 >> Recovery done, continuing...
3401715000 >> Requesting for the AHB bus...
3402290000 >> AHB granted, starting recovery...
3421490000 >> Recovery done, continuing...
3421840000 >> Requesting for the AHB bus...
3422415000 >> AHB granted, starting recovery...
3441615000 >> Recovery done, continuing...
3441965000 >> Requesting for the AHB bus...
3442540000 >> AHB granted, starting recovery...
3461740000 >> Recovery done, continuing...
3462090000 >> Requesting for the AHB bus...
3462665000 >> AHB granted, starting recovery...
3481865000 >> Recovery done, continuing...
3482390000 >> Requesting for the AHB bus...
3482965000 >> AHB granted, starting recovery...
3502165000 >> Recovery done, continuing...
3502515000 >> Requesting for the AHB bus...
3503090000 >> AHB granted, starting recovery...
3522290000 >> Recovery done, continuing...
3522640000 >> Requesting for the AHB bus...
3523215000 >> AHB granted, starting recovery...
3542415000 >> Recovery done, continuing...
3542765000 >> Requesting for the AHB bus...
3543340000 >> AHB granted, starting recovery...
3562540000 >> Recovery done, continuing...
3562890000 >> Requesting for the AHB bus...
3563465000 >> AHB granted, starting recovery...
3582665000 >> Recovery done, continuing...
3583015000 >> Requesting for the AHB bus...
3583590000 >> AHB granted, starting recovery...
3602790000 >> Recovery done, continuing...
3603140000 >> Requesting for the AHB bus...
3603715000 >> AHB granted, starting recovery...
3622915000 >> Recovery done, continuing...
3623265000 >> Requesting for the AHB bus...
3623840000 >> AHB granted, starting recovery...
3643040000 >> Recovery done, continuing...
3643390000 >> Requesting for the AHB bus...
3643965000 >> AHB granted, starting recovery...
3663165000 >> Recovery done, continuing...
3663515000 >> Requesting for the AHB bus...
3664090000 >> AHB granted, starting recovery...
3683290000 >> Recovery done, continuing...
3683640000 >> Requesting for the AHB bus...
3684215000 >> AHB granted, starting recovery...
3703415000 >> Recovery done, continuing...
3703765000 >> Requesting for the AHB bus...
3704340000 >> AHB granted, starting recovery...
3723540000 >> Recovery done, continuing...
3723890000 >> Requesting for the AHB bus...
3724465000 >> AHB granted, starting recovery...
3743665000 >> Recovery done, continuing...
3744015000 >> Requesting for the AHB bus...
3744590000 >> AHB granted, starting recovery...
3763790000 >> Recovery done, continuing...
3764140000 >> Requesting for the AHB bus...
3764715000 >> AHB granted, starting recovery...
3783915000 >> Recovery done, continuing...
3784265000 >> Requesting for the AHB bus...
3784840000 >> AHB granted, starting recovery...
3804040000 >> Recovery done, continuing...
3804390000 >> Requesting for the AHB bus...
3804965000 >> AHB granted, starting recovery...
3824165000 >> Recovery done, continuing...
3824515000 >> Requesting for the AHB bus...
3825090000 >> AHB granted, starting recovery...
3844290000 >> Recovery done, continuing...
3844640000 >> Requesting for the AHB bus...
3845215000 >> AHB granted, starting recovery...
3864415000 >> Recovery done, continuing...
3864765000 >> Requesting for the AHB bus...
3865340000 >> AHB granted, starting recovery...
3884540000 >> Recovery done, continuing...
3884890000 >> Requesting for the AHB bus...
3885465000 >> AHB granted, starting recovery...
3904665000 >> Recovery done, continuing...
3905015000 >> Requesting for the AHB bus...
3905590000 >> AHB granted, starting recovery...
3924790000 >> Recovery done, continuing...
3925140000 >> Requesting for the AHB bus...
3925715000 >> AHB granted, starting recovery...
3944915000 >> Recovery done, continuing...
3945265000 >> Requesting for the AHB bus...
3945840000 >> AHB granted, starting recovery...
3965040000 >> Recovery done, continuing...
3965390000 >> Requesting for the AHB bus...
3965965000 >> AHB granted, starting recovery...
3985165000 >> Recovery done, continuing...
3985515000 >> Requesting for the AHB bus...
3986090000 >> AHB granted, starting recovery...
4005290000 >> Recovery done, continuing...
4005640000 >> Requesting for the AHB bus...
4006215000 >> AHB granted, starting recovery...
4025415000 >> Recovery done, continuing...
4025765000 >> Requesting for the AHB bus...
4026340000 >> AHB granted, starting recovery...
4045540000 >> Recovery done, continuing...
4045890000 >> Requesting for the AHB bus...
4046465000 >> AHB granted, starting recovery...
4065665000 >> Recovery done, continuing...
4066015000 >> Requesting for the AHB bus...
4066590000 >> AHB granted, starting recovery...
4085790000 >> Recovery done, continuing...
4086140000 >> Requesting for the AHB bus...
4086715000 >> AHB granted, starting recovery...
4105915000 >> Recovery done, continuing...
4106265000 >> Requesting for the AHB bus...
4106840000 >> AHB granted, starting recovery...
4126040000 >> Recovery done, continuing...
4126390000 >> Requesting for the AHB bus...
4126965000 >> AHB granted, starting recovery...
4146165000 >> Recovery done, continuing...
4146515000 >> Requesting for the AHB bus...
4147090000 >> AHB granted, starting recovery...
4166290000 >> Recovery done, continuing...
4166640000 >> Requesting for the AHB bus...
4167215000 >> AHB granted, starting recovery...
4186415000 >> Recovery done, continuing...
4186765000 >> Requesting for the AHB bus...
4187340000 >> AHB granted, starting recovery...
4206540000 >> Recovery done, continuing...
4206890000 >> Requesting for the AHB bus...
4207465000 >> AHB granted, starting recovery...
4226665000 >> Recovery done, continuing...
4227015000 >> Requesting for the AHB bus...
4227590000 >> AHB granted, starting recovery...
4246790000 >> Recovery done, continuing...
4247140000 >> Requesting for the AHB bus...
4247715000 >> AHB granted, starting recovery...
4266915000 >> Recovery done, continuing...
4267265000 >> Requesting for the AHB bus...
4267840000 >> AHB granted, starting recovery...
4287040000 >> Recovery done, continuing...
4287390000 >> Requesting for the AHB bus...
4287965000 >> AHB granted, starting recovery...
4307165000 >> Recovery done, continuing...
4307515000 >> Requesting for the AHB bus...
4308090000 >> AHB granted, starting recovery...
4327290000 >> Recovery done, continuing...
4327640000 >> Requesting for the AHB bus...
4328215000 >> AHB granted, starting recovery...
4347415000 >> Recovery done, continuing...
4347765000 >> Requesting for the AHB bus...
4348340000 >> AHB granted, starting recovery...
4367540000 >> Recovery done, continuing...
4367890000 >> Requesting for the AHB bus...
4368465000 >> AHB granted, starting recovery...
4387665000 >> Recovery done, continuing...
4388015000 >> Requesting for the AHB bus...
4388590000 >> AHB granted, starting recovery...
4407790000 >> Recovery done, continuing...
4408140000 >> Requesting for the AHB bus...
4408715000 >> AHB granted, starting recovery...
4427915000 >> Recovery done, continuing...
4428265000 >> Requesting for the AHB bus...
4428840000 >> AHB granted, starting recovery...
4448040000 >> Recovery done, continuing...
4448390000 >> Requesting for the AHB bus...
4448965000 >> AHB granted, starting recovery...
4468165000 >> Recovery done, continuing...
4468515000 >> Requesting for the AHB bus...
4469090000 >> AHB granted, starting recovery...
4488290000 >> Recovery done, continuing...
4488640000 >> Requesting for the AHB bus...
4489215000 >> AHB granted, starting recovery...
4508415000 >> Recovery done, continuing...
4508765000 >> Requesting for the AHB bus...
4509340000 >> AHB granted, starting recovery...
4528540000 >> Recovery done, continuing...
4528890000 >> Requesting for the AHB bus...
4529465000 >> AHB granted, starting recovery...
4548665000 >> Recovery done, continuing...
4549015000 >> Requesting for the AHB bus...
4549590000 >> AHB granted, starting recovery...
4568790000 >> Recovery done, continuing...
4569140000 >> Requesting for the AHB bus...
4569715000 >> AHB granted, starting recovery...
4588915000 >> Recovery done, continuing...
4589265000 >> Requesting for the AHB bus...
4589840000 >> AHB granted, starting recovery...
4609040000 >> Recovery done, continuing...
4609390000 >> Requesting for the AHB bus...
4609965000 >> AHB granted, starting recovery...
4629165000 >> Recovery done, continuing...
4629515000 >> Requesting for the AHB bus...
4630090000 >> AHB granted, starting recovery...
4649290000 >> Recovery done, continuing...
4649640000 >> Requesting for the AHB bus...
4650215000 >> AHB granted, starting recovery...
4669415000 >> Recovery done, continuing...
4669765000 >> Requesting for the AHB bus...
4670340000 >> AHB granted, starting recovery...
4689540000 >> Recovery done, continuing...
4689890000 >> Requesting for the AHB bus...
4690465000 >> AHB granted, starting recovery...
4709665000 >> Recovery done, continuing...
4710015000 >> Requesting for the AHB bus...
4710590000 >> AHB granted, starting recovery...
4729790000 >> Recovery done, continuing...
4730140000 >> Requesting for the AHB bus...
4730715000 >> AHB granted, starting recovery...
4749915000 >> Recovery done, continuing...
4750265000 >> Requesting for the AHB bus...
4750840000 >> AHB granted, starting recovery...
4770040000 >> Recovery done, continuing...
4770390000 >> Requesting for the AHB bus...
4770965000 >> AHB granted, starting recovery...
4790165000 >> Recovery done, continuing...
4790515000 >> Requesting for the AHB bus...
4791090000 >> AHB granted, starting recovery...
4810290000 >> Recovery done, continuing...
4810640000 >> Requesting for the AHB bus...
4811215000 >> AHB granted, starting recovery...
4830415000 >> Recovery done, continuing...
4830765000 >> Requesting for the AHB bus...
4831340000 >> AHB granted, starting recovery...
4850540000 >> Recovery done, continuing...
4850890000 >> Requesting for the AHB bus...
4851465000 >> AHB granted, starting recovery...
4870665000 >> Recovery done, continuing...
4871190000 >> Requesting for the AHB bus...
4871765000 >> AHB granted, starting recovery...
4890965000 >> Recovery done, continuing...
4891315000 >> Requesting for the AHB bus...
4891890000 >> AHB granted, starting recovery...
4911090000 >> Recovery done, continuing...
4911440000 >> Requesting for the AHB bus...
4912015000 >> AHB granted, starting recovery...
4931215000 >> Recovery done, continuing...
4931565000 >> Requesting for the AHB bus...
4932140000 >> AHB granted, starting recovery...
4951340000 >> Recovery done, continuing...
4951690000 >> Requesting for the AHB bus...
4952265000 >> AHB granted, starting recovery...
4971465000 >> Recovery done, continuing...
4971815000 >> Requesting for the AHB bus...
4972390000 >> AHB granted, starting recovery...
4991590000 >> Recovery done, continuing...
4991940000 >> Requesting for the AHB bus...
4992515000 >> AHB granted, starting recovery...
5011715000 >> Recovery done, continuing...
5012065000 >> Requesting for the AHB bus...
5012640000 >> AHB granted, starting recovery...
5031840000 >> Recovery done, continuing...
5032190000 >> Requesting for the AHB bus...
5032765000 >> AHB granted, starting recovery...
5051965000 >> Recovery done, continuing...
5052315000 >> Requesting for the AHB bus...
5052890000 >> AHB granted, starting recovery...
5072090000 >> Recovery done, continuing...
5072440000 >> Requesting for the AHB bus...
5073015000 >> AHB granted, starting recovery...
5092215000 >> Recovery done, continuing...
5092565000 >> Requesting for the AHB bus...
5093140000 >> AHB granted, starting recovery...
5112340000 >> Recovery done, continuing...
5112690000 >> Requesting for the AHB bus...
5113265000 >> AHB granted, starting recovery...
5132465000 >> Recovery done, continuing...
5132815000 >> Requesting for the AHB bus...
5133390000 >> AHB granted, starting recovery...
5152590000 >> Recovery done, continuing...
5152940000 >> Requesting for the AHB bus...
5153515000 >> AHB granted, starting recovery...
5172715000 >> Recovery done, continuing...
5173065000 >> Requesting for the AHB bus...
5173640000 >> AHB granted, starting recovery...
5192840000 >> Recovery done, continuing...
5193190000 >> Requesting for the AHB bus...
5193765000 >> AHB granted, starting recovery...
5212965000 >> Recovery done, continuing...
5213315000 >> Requesting for the AHB bus...
5213890000 >> AHB granted, starting recovery...
5233090000 >> Recovery done, continuing...
5233440000 >> Requesting for the AHB bus...
5234015000 >> AHB granted, starting recovery...
5253215000 >> Recovery done, continuing...
5253565000 >> Requesting for the AHB bus...
5254140000 >> AHB granted, starting recovery...
5273340000 >> Recovery done, continuing...
5273690000 >> Requesting for the AHB bus...
5274265000 >> AHB granted, starting recovery...
5293465000 >> Recovery done, continuing...
5293815000 >> Requesting for the AHB bus...
5294390000 >> AHB granted, starting recovery...
5313590000 >> Recovery done, continuing...
5313940000 >> Requesting for the AHB bus...
5314515000 >> AHB granted, starting recovery...
5333715000 >> Recovery done, continuing...
5334065000 >> Requesting for the AHB bus...
5334640000 >> AHB granted, starting recovery...
5353840000 >> Recovery done, continuing...
5354190000 >> Requesting for the AHB bus...
5354765000 >> AHB granted, starting recovery...
5373965000 >> Recovery done, continuing...
5374315000 >> Requesting for the AHB bus...
5374890000 >> AHB granted, starting recovery...
5394090000 >> Recovery done, continuing...
5394440000 >> Requesting for the AHB bus...
5395015000 >> AHB granted, starting recovery...
5414215000 >> Recovery done, continuing...
5414565000 >> Requesting for the AHB bus...
5415140000 >> AHB granted, starting recovery...
5434340000 >> Recovery done, continuing...
5434690000 >> Requesting for the AHB bus...
5435265000 >> AHB granted, starting recovery...
5454465000 >> Recovery done, continuing...
5454815000 >> Requesting for the AHB bus...
5455390000 >> AHB granted, starting recovery...
5474590000 >> Recovery done, continuing...
5474940000 >> Requesting for the AHB bus...
5475515000 >> AHB granted, starting recovery...
5494715000 >> Recovery done, continuing...
5495065000 >> Requesting for the AHB bus...
5495640000 >> AHB granted, starting recovery...
5514840000 >> Recovery done, continuing...
5515190000 >> Requesting for the AHB bus...
5515765000 >> AHB granted, starting recovery...
5534965000 >> Recovery done, continuing...
5535315000 >> Requesting for the AHB bus...
5535890000 >> AHB granted, starting recovery...
5555090000 >> Recovery done, continuing...
5555440000 >> Requesting for the AHB bus...
5556015000 >> AHB granted, starting recovery...
5575215000 >> Recovery done, continuing...
5575565000 >> Requesting for the AHB bus...
5576140000 >> AHB granted, starting recovery...
5595340000 >> Recovery done, continuing...
5595690000 >> Requesting for the AHB bus...
5596265000 >> AHB granted, starting recovery...
5615465000 >> Recovery done, continuing...
5615815000 >> Requesting for the AHB bus...
5616390000 >> AHB granted, starting recovery...
5635590000 >> Recovery done, continuing...
5635940000 >> Requesting for the AHB bus...
5636515000 >> AHB granted, starting recovery...
5655715000 >> Recovery done, continuing...
5656065000 >> Requesting for the AHB bus...
5656640000 >> AHB granted, starting recovery...
5675840000 >> Recovery done, continuing...
5676190000 >> Requesting for the AHB bus...
5676765000 >> AHB granted, starting recovery...
5695965000 >> Recovery done, continuing...
5696315000 >> Requesting for the AHB bus...
5696890000 >> AHB granted, starting recovery...
5716090000 >> Recovery done, continuing...
5716440000 >> Requesting for the AHB bus...
5717015000 >> AHB granted, starting recovery...
5736215000 >> Recovery done, continuing...
5736565000 >> Requesting for the AHB bus...
5737140000 >> AHB granted, starting recovery...
5745715000 >> time limit reached...
/testbench/cpu/l3/u0/leon3x0/vhdl/p0/iu/r.w.wreg:0
/testbench/cpu/l3/u0/leon3x0/vhdl/p0/iu/r.m.irqen:1
/testbench/cpu/l3/u0/leon3x0/vhdl/p0/iu/r.m.icc:0000
/testbench/cpu/l3/u0/leon3x0/vhdl/p0/iu/r.a.ticc:0
/testbench/cpu/l3/u0/leon3x0/vhdl/p0/iu/r.a.step:0
/testbench/cpu/l3/u0/leon3x0/vhdl/p0/iu/r.m.irqen2:1
/testbench/cpu/l3/u0/leon3x0/vhdl/p0/iu/r.d.pc:01000000000000000000001101000100
/testbench/cpu/l3/u0/leon3x0/vhdl/p0/iu/r.d.rexpl:{{00000000000000000000000000000000} {00} {0} 0 0 {0000000000000000000} 0 0 0 0 0 0}
/testbench/cpu/l3/u0/leon3x0/vhdl/p0/iu/r.d.mexc:0
/testbench/cpu/l3/u0/leon3x0/vhdl/p0/iu/r.a.aw:0
/testbench/cpu/l3/u0/leon3x0/vhdl/p0/iu/r.e.ctrl:{{01000000000000000000001101000000} {11000100000001111010000001000100} {00} {10000010} {000000} 0 0 1 0 0 1 1 0 0}
/testbench/cpu/l3/u0/leon3x0/vhdl/p0/iu/r.a.divstart:0
/testbench/cpu/l3/u0/leon3x0/vhdl/p0/iu/r.e.shleft:0
/testbench/cpu/l3/u0/leon3x0/vhdl/p0/iu/r.a.bp:0
/testbench/cpu/l3/u0/leon3x0/vhdl/p0/iu/r.w.twcwp:000
/testbench/cpu/l3/u0/leon3x0/vhdl/p0/iu/r.a.jmpl:0
/testbench/cpu/l3/u0/leon3x0/vhdl/p0/iu/r.m.casa:0
/testbench/cpu/l3/u0/leon3x0/vhdl/p0/iu/r.m.werr:0
/testbench/cpu/l3/u0/leon3x0/vhdl/p0/iu/r.e.su:1
/testbench/cpu/l3/u0/leon3x0/vhdl/p0/iu/r.e.et:1
/testbench/cpu/l3/u0/leon3x0/vhdl/p0/iu/r.a.ldcheck1:1
/testbench/cpu/l3/u0/leon3x0/vhdl/p0/iu/r.d.stwin:000
/testbench/cpu/l3/u0/leon3x0/vhdl/p0/iu/r.a.ldcheck2:1
/testbench/cpu/l3/u0/leon3x0/vhdl/p0/iu/r.x.intack:0
/testbench/cpu/l3/u0/leon3x0/vhdl/p0/iu/r.m.ctrl:{{01000000000000000000001100111100} {11000010000001111011111111111000} {00} {10000001} {000000} 0 0 1 0 0 1 1 0 0}
/testbench/cpu/l3/u0/leon3x0/vhdl/p0/iu/r.a.cwp:101
/testbench/cpu/l3/u0/leon3x0/vhdl/p0/iu/r.e.sari:0
/testbench/cpu/l3/u0/leon3x0/vhdl/p0/iu/r.d.paw:0
/testbench/cpu/l3/u0/leon3x0/vhdl/p0/iu/r.d.aw:0
/testbench/cpu/l3/u0/leon3x0/vhdl/p0/iu/r.d.awp:000
/testbench/cpu/l3/u0/leon3x0/vhdl/p0/iu/r.x.ctrl:{{01000000000000000000001100111000} {11000100001010000100000000000000} {01} {10000010} {000000} 0 0 0 0 0 0 0 0 0}
/testbench/cpu/l3/u0/leon3x0/vhdl/p0/iu/r.m.rexnalign:0
/testbench/cpu/l3/u0/leon3x0/vhdl/p0/iu/r.m.su:1
/testbench/cpu/l3/u0/leon3x0/vhdl/p0/iu/r.m.wcwp:0
/testbench/cpu/l3/u0/leon3x0/vhdl/p0/iu/r.d.divrdy:0
/testbench/cpu/l3/u0/leon3x0/vhdl/p0/iu/r.e.cwp:101
/testbench/cpu/l3/u0/leon3x0/vhdl/p0/iu/r.w.except:0
/testbench/cpu/l3/u0/leon3x0/vhdl/p0/iu/r.x.nerror:0
/testbench/cpu/l3/u0/leon3x0/vhdl/p0/iu/r.a.bpimiss:0
/testbench/cpu/l3/u0/leon3x0/vhdl/p0/iu/r.a.nobp:0
/testbench/cpu/l3/u0/leon3x0/vhdl/p0/iu/r.d.rexcnt:0
/testbench/cpu/l3/u0/leon3x0/vhdl/p0/iu/r.w.s:{{101} {0000} {00000000} {01000000000000000000} {00000010} {0000} 0 0 1 1 1 {00000000000000000000000000000000} {UUUUUUUUUUUUUUUUUUUUUUUUUUUUUUUU} 1 0 0 1 1 1 0 0 {000} {000} {111}}
/testbench/cpu/l3/u0/leon3x0/vhdl/p0/iu/r.d.pv:1
/testbench/cpu/l3/u0/leon3x0/vhdl/p0/iu/r.a.ldchkra:1
/testbench/cpu/l3/u0/leon3x0/vhdl/p0/iu/r.a.rfa1:10000010
/testbench/cpu/l3/u0/leon3x0/vhdl/p0/iu/r.a.rfa2:10000001
/testbench/cpu/l3/u0/leon3x0/vhdl/p0/iu/r.a.imm:00000000000000000000000000000001
/testbench/cpu/l3/u0/leon3x0/vhdl/p0/iu/r.w.wa:10000010
/testbench/cpu/l3/u0/leon3x0/vhdl/p0/iu/r.m.casaz:0
/testbench/cpu/l3/u0/leon3x0/vhdl/p0/iu/r.x.dci:{0 0 0 1 0 0 {00} {00001011}}
/testbench/cpu/l3/u0/leon3x0/vhdl/p0/iu/r.x.mac:0
/testbench/cpu/l3/u0/leon3x0/vhdl/p0/iu/r.m.divz:0
/testbench/cpu/l3/u0/leon3x0/vhdl/p0/iu/r.d.inst:{{10000010000000001000000000000001}}
/testbench/cpu/l3/u0/leon3x0/vhdl/p0/iu/r.e.rfe1:1
/testbench/cpu/l3/u0/leon3x0/vhdl/p0/iu/r.a.wovf:0
/testbench/cpu/l3/u0/leon3x0/vhdl/p0/iu/r.e.rfe2:0
/testbench/cpu/l3/u0/leon3x0/vhdl/p0/iu/r.e.op1:01000000000011111111111010100000
/testbench/cpu/l3/u0/leon3x0/vhdl/p0/iu/r.m.nalign:0
/testbench/cpu/l3/u0/leon3x0/vhdl/p0/iu/r.e.op2:00000000000000000000000001000100
/testbench/cpu/l3/u0/leon3x0/vhdl/p0/iu/r.d.rexen:0
/testbench/cpu/l3/u0/leon3x0/vhdl/p0/iu/r.a.ctrl:{{01000000000000000000001101000100} {10000010000000001000000000000001} {00} {10000001} {000000} 0 1 0 0 0 0 0 0 0}
/testbench/cpu/l3/u0/leon3x0/vhdl/p0/iu/r.x.ipend:0
/testbench/cpu/l3/u0/leon3x0/vhdl/p0/iu/r.e.ldbp1:0
/testbench/cpu/l3/u0/leon3x0/vhdl/p0/iu/r.e.aluadd:1
/testbench/cpu/l3/u0/leon3x0/vhdl/p0/iu/r.d.set:0
/testbench/cpu/l3/u0/leon3x0/vhdl/p0/iu/r.d.inull:0
/testbench/cpu/l3/u0/leon3x0/vhdl/p0/iu/r.e.ldbp2:0
/testbench/cpu/l3/u0/leon3x0/vhdl/p0/iu/r.d.cnt:00
/testbench/cpu/l3/u0/leon3x0/vhdl/p0/iu/r.a.su:1
/testbench/cpu/l3/u0/leon3x0/vhdl/p0/iu/r.a.et:1
/testbench/cpu/l3/u0/leon3x0/vhdl/p0/iu/r.e.mul:0
/testbench/cpu/l3/u0/leon3x0/vhdl/p0/iu/r.e.alusel:00
/testbench/cpu/l3/u0/leon3x0/vhdl/p0/iu/r.e.aw:U
/testbench/cpu/l3/u0/leon3x0/vhdl/p0/iu/r.e.mac:0
/testbench/cpu/l3/u0/leon3x0/vhdl/p0/iu/r.a.decill:0
/testbench/cpu/l3/u0/leon3x0/vhdl/p0/iu/r.x.icc:0000
/testbench/cpu/l3/u0/leon3x0/vhdl/p0/iu/r.x.result:00000000000000000000000000000000
/testbench/cpu/l3/u0/leon3x0/vhdl/p0/iu/r.e.bp:0
/testbench/cpu/l3/u0/leon3x0/vhdl/p0/iu/r.a.rs1:00010
/testbench/cpu/l3/u0/leon3x0/vhdl/p0/iu/r.e.jmpl:0
/testbench/cpu/l3/u0/leon3x0/vhdl/p0/iu/r.a.rsel1:001
/testbench/cpu/l3/u0/leon3x0/vhdl/p0/iu/r.x.y:00000000000000000000000000000000
/testbench/cpu/l3/u0/leon3x0/vhdl/p0/iu/r.a.rsel2:010
/testbench/cpu/l3/u0/leon3x0/vhdl/p0/iu/r.a.awp:000
/testbench/cpu/l3/u0/leon3x0/vhdl/p0/iu/r.a.paw:0
/testbench/cpu/l3/u0/leon3x0/vhdl/p0/iu/r.x.data:{{00000000000000000000000000000000}}
/testbench/cpu/l3/u0/leon3x0/vhdl/p0/iu/r.m.mul:0
/testbench/cpu/l3/u0/leon3x0/vhdl/p0/iu/r.e.rd:UUUUU
/testbench/cpu/l3/u0/leon3x0/vhdl/p0/iu/r.e.invop2:0
/testbench/cpu/l3/u0/leon3x0/vhdl/p0/iu/r.m.wawp:0
/testbench/cpu/l3/u0/leon3x0/vhdl/p0/iu/r.d.cwpmax:111
/testbench/cpu/l3/u0/leon3x0/vhdl/p0/iu/r.f.branch:0
/testbench/cpu/l3/u0/leon3x0/vhdl/p0/iu/r.d.pcheld:1
/testbench/cpu/l3/u0/leon3x0/vhdl/p0/iu/r.m.dci:{0 1 1 0 0 0 {10} {00001011}}
/testbench/cpu/l3/u0/leon3x0/vhdl/p0/iu/r.e.paw:U
/testbench/cpu/l3/u0/leon3x0/vhdl/p0/iu/r.e.awp:UUU
/testbench/cpu/l3/u0/leon3x0/vhdl/p0/iu/r.e.shcnt:00100
/testbench/cpu/l3/u0/leon3x0/vhdl/p0/iu/r.w.result:01000000000000000001111001010000
/testbench/cpu/l3/u0/leon3x0/vhdl/p0/iu/r.m.mac:0
/testbench/cpu/l3/u0/leon3x0/vhdl/p0/iu/r.m.y:00000000000000000000000000000000
/testbench/cpu/l3/u0/leon3x0/vhdl/p0/iu/r.d.cwp:101
/testbench/cpu/l3/u0/leon3x0/vhdl/p0/iu/r.x.laddr:00
/testbench/cpu/l3/u0/leon3x0/vhdl/p0/iu/r.e.mulstep:0
/testbench/cpu/l3/u0/leon3x0/vhdl/p0/iu/r.e.ymsb:0
/testbench/cpu/l3/u0/leon3x0/vhdl/p0/iu/r.d.rexbuf:00000000000000000000000000000000
/testbench/cpu/l3/u0/leon3x0/vhdl/p0/iu/r.x.npc:100
/testbench/cpu/l3/u0/leon3x0/vhdl/p0/iu/r.f.pc:01000000000000000000001101001000
/testbench/cpu/l3/u0/leon3x0/vhdl/p0/iu/r.d.annul:0
/testbench/cpu/l3/u0/leon3x0/vhdl/p0/iu/r.x.rstate:run
/testbench/cpu/l3/u0/leon3x0/vhdl/p0/iu/r.x.set:0
/testbench/cpu/l3/u0/leon3x0/vhdl/p0/iu/r.m.result:11111111111111111111111111111000
/testbench/cpu/l3/u0/leon3x0/vhdl/p0/iu/r.e.icc:UUUU
/testbench/cpu/l3/u0/leon3x0/vhdl/p0/iu/r.a.getpc:0
/testbench/cpu/l3/u0/leon3x0/vhdl/p0/iu/r.a.ldchkex:1
/testbench/cpu/l3/u0/leon3x0/vhdl/p0/iu/r.x.mexc:0
/testbench/cpu/l3/u0/leon3x0/vhdl/p0/iu/r.a.mulstart:0
/testbench/cpu/l3/u0/leon3x0/vhdl/p0/iu/r.d.rexpos:10
/testbench/cpu/l3/u0/leon3x0/vhdl/p0/iu/r.x.annul_all:0
/testbench/cpu/l3/u0/leon3x0/vhdl/p0/iu/r.e.aluop:000
/testbench/cpu/l3/u0/leon3x0/vhdl/p0/iu/r.x.debug:0
/testbench/cpu/l3/u0/leon3x0/vhdl/p0/iu/r.a.rfe1:0
/testbench/cpu/l3/u0/leon3x0/vhdl/p0/iu/r.d.step:0
/testbench/cpu/l3/u0/leon3x0/vhdl/p0/iu/r.a.rfe2:0
/testbench/cpu/l3/u0/leon3x0/vhdl/p0/iu/r.e.alucin:0
/testbench/cpu/l3/u0/leon3x0/vhdl/p0/iu/r.a.wunf:0
compare to golden: 1
======================================
progstatus: -2
execerr: 246
latent: 1
time limit!
>>>>>>>>>>>>>>> 5745715000
======================================
