Test signal = /testbench/cpu/l3/u0/leon3x0/vhdl/p0/iu/r.f.pc
oldval = 01000000000000000000010011000100
pos1: 29 pos0: 31 posU: -1
newval = 01000000000000000000010011000000
force in 487828
586290000 >> iteration no: 0
Signal value: 01000000000000000000001101000100
oldval = 01000000000000000000001101000100
pos1: 29 pos0: 31 posU: -1
newval = 01000000000000000000001101000000
1070015000 >> Requesting for the AHB bus...
1070940000 >> AHB granted, starting recovery...
1090140000 >> Recovery done, continuing...
1090490000 >> Requesting for the AHB bus...
1091065000 >> Requesting for the AHB bus...
1091490000 >> AHB granted, starting recovery...
1110690000 >> Recovery done, continuing...
1111040000 >> Requesting for the AHB bus...
1111615000 >> Requesting for the AHB bus...
1112040000 >> AHB granted, starting recovery...
1131240000 >> Recovery done, continuing...
1131590000 >> Requesting for the AHB bus...
1132165000 >> Requesting for the AHB bus...
1132590000 >> AHB granted, starting recovery...
1151790000 >> Recovery done, continuing...
1152140000 >> Requesting for the AHB bus...
1152890000 >> Requesting for the AHB bus...
1153315000 >> AHB granted, starting recovery...
1172515000 >> Recovery done, continuing...
1172865000 >> Requesting for the AHB bus...
1173440000 >> Requesting for the AHB bus...
1173865000 >> AHB granted, starting recovery...
1193065000 >> Recovery done, continuing...
1193415000 >> Requesting for the AHB bus...
1193990000 >> Requesting for the AHB bus...
1194415000 >> AHB granted, starting recovery...
1213615000 >> Recovery done, continuing...
1213965000 >> Requesting for the AHB bus...
1214540000 >> Requesting for the AHB bus...
1214965000 >> AHB granted, starting recovery...
1234165000 >> Recovery done, continuing...
1234515000 >> Requesting for the AHB bus...
1235090000 >> Requesting for the AHB bus...
1235515000 >> AHB granted, starting recovery...
1254715000 >> Recovery done, continuing...
1255190000 >> Requesting for the AHB bus...
1255765000 >> Requesting for the AHB bus...
1256190000 >> AHB granted, starting recovery...
1275390000 >> Recovery done, continuing...
1275740000 >> Requesting for the AHB bus...
1276315000 >> Requesting for the AHB bus...
1276740000 >> AHB granted, starting recovery...
1295940000 >> Recovery done, continuing...
1296290000 >> Requesting for the AHB bus...
1296865000 >> Requesting for the AHB bus...
1297290000 >> AHB granted, starting recovery...
1316490000 >> Recovery done, continuing...
1316840000 >> Requesting for the AHB bus...
1317415000 >> Requesting for the AHB bus...
1317840000 >> AHB granted, starting recovery...
1337040000 >> Recovery done, continuing...
1337390000 >> Requesting for the AHB bus...
1337965000 >> Requesting for the AHB bus...
1338390000 >> AHB granted, starting recovery...
1357590000 >> Recovery done, continuing...
1357940000 >> Requesting for the AHB bus...
1358515000 >> Requesting for the AHB bus...
1358940000 >> AHB granted, starting recovery...
1378140000 >> Recovery done, continuing...
1378490000 >> Requesting for the AHB bus...
1379065000 >> Requesting for the AHB bus...
1379490000 >> AHB granted, starting recovery...
1398690000 >> Recovery done, continuing...
1399040000 >> Requesting for the AHB bus...
1399615000 >> Requesting for the AHB bus...
1400040000 >> AHB granted, starting recovery...
1419240000 >> Recovery done, continuing...
1419590000 >> Requesting for the AHB bus...
1420165000 >> Requesting for the AHB bus...
1420590000 >> AHB granted, starting recovery...
1439790000 >> Recovery done, continuing...
1440140000 >> Requesting for the AHB bus...
1440890000 >> Requesting for the AHB bus...
1441315000 >> AHB granted, starting recovery...
1460515000 >> Recovery done, continuing...
1460865000 >> Requesting for the AHB bus...
1461440000 >> Requesting for the AHB bus...
1461865000 >> AHB granted, starting recovery...
1481065000 >> Recovery done, continuing...
1481415000 >> Requesting for the AHB bus...
1481990000 >> Requesting for the AHB bus...
1482415000 >> AHB granted, starting recovery...
1501615000 >> Recovery done, continuing...
1501965000 >> Requesting for the AHB bus...
1502540000 >> Requesting for the AHB bus...
1502965000 >> AHB granted, starting recovery...
1522165000 >> Recovery done, continuing...
1522515000 >> Requesting for the AHB bus...
1523090000 >> Requesting for the AHB bus...
1523515000 >> AHB granted, starting recovery...
1542715000 >> Recovery done, continuing...
1543190000 >> Requesting for the AHB bus...
1543765000 >> Requesting for the AHB bus...
1544190000 >> AHB granted, starting recovery...
1563390000 >> Recovery done, continuing...
1563740000 >> Requesting for the AHB bus...
1564315000 >> Requesting for the AHB bus...
1564740000 >> AHB granted, starting recovery...
1583940000 >> Recovery done, continuing...
1584290000 >> Requesting for the AHB bus...
1584865000 >> Requesting for the AHB bus...
1585290000 >> AHB granted, starting recovery...
1604490000 >> Recovery done, continuing...
1604840000 >> Requesting for the AHB bus...
1605415000 >> Requesting for the AHB bus...
1605840000 >> AHB granted, starting recovery...
1625040000 >> Recovery done, continuing...
1625390000 >> Requesting for the AHB bus...
1625965000 >> Requesting for the AHB bus...
1626390000 >> AHB granted, starting recovery...
1645590000 >> Recovery done, continuing...
1645940000 >> Requesting for the AHB bus...
1646515000 >> Requesting for the AHB bus...
1646940000 >> AHB granted, starting recovery...
1666140000 >> Recovery done, continuing...
1666490000 >> Requesting for the AHB bus...
1667065000 >> Requesting for the AHB bus...
1667490000 >> AHB granted, starting recovery...
1686690000 >> Recovery done, continuing...
1687040000 >> Requesting for the AHB bus...
1687615000 >> Requesting for the AHB bus...
1688040000 >> AHB granted, starting recovery...
1707240000 >> Recovery done, continuing...
1707590000 >> Requesting for the AHB bus...
1708165000 >> Requesting for the AHB bus...
1708590000 >> AHB granted, starting recovery...
1727790000 >> Recovery done, continuing...
1728140000 >> Requesting for the AHB bus...
1728890000 >> Requesting for the AHB bus...
1729315000 >> AHB granted, starting recovery...
1748515000 >> Recovery done, continuing...
1748865000 >> Requesting for the AHB bus...
1749440000 >> Requesting for the AHB bus...
1749865000 >> AHB granted, starting recovery...
1769065000 >> Recovery done, continuing...
1769415000 >> Requesting for the AHB bus...
1769990000 >> Requesting for the AHB bus...
1770415000 >> AHB granted, starting recovery...
1789615000 >> Recovery done, continuing...
1789965000 >> Requesting for the AHB bus...
1790540000 >> Requesting for the AHB bus...
1790965000 >> AHB granted, starting recovery...
1810165000 >> Recovery done, continuing...
1810515000 >> Requesting for the AHB bus...
1811090000 >> Requesting for the AHB bus...
1811515000 >> AHB granted, starting recovery...
1830715000 >> Recovery done, continuing...
1831190000 >> Requesting for the AHB bus...
1831765000 >> Requesting for the AHB bus...
1832190000 >> AHB granted, starting recovery...
1851390000 >> Recovery done, continuing...
1851740000 >> Requesting for the AHB bus...
1852315000 >> Requesting for the AHB bus...
1852740000 >> AHB granted, starting recovery...
1871940000 >> Recovery done, continuing...
1872290000 >> Requesting for the AHB bus...
1872865000 >> Requesting for the AHB bus...
1873290000 >> AHB granted, starting recovery...
1892490000 >> Recovery done, continuing...
1892840000 >> Requesting for the AHB bus...
1893415000 >> Requesting for the AHB bus...
1893840000 >> AHB granted, starting recovery...
1913040000 >> Recovery done, continuing...
1913390000 >> Requesting for the AHB bus...
1913965000 >> Requesting for the AHB bus...
1914390000 >> AHB granted, starting recovery...
1933590000 >> Recovery done, continuing...
1933940000 >> Requesting for the AHB bus...
1934515000 >> Requesting for the AHB bus...
1934940000 >> AHB granted, starting recovery...
1954140000 >> Recovery done, continuing...
1954490000 >> Requesting for the AHB bus...
1955065000 >> Requesting for the AHB bus...
1955490000 >> AHB granted, starting recovery...
1974690000 >> Recovery done, continuing...
1975040000 >> Requesting for the AHB bus...
1975615000 >> Requesting for the AHB bus...
1976040000 >> AHB granted, starting recovery...
1995240000 >> Recovery done, continuing...
1995590000 >> Requesting for the AHB bus...
1996165000 >> Requesting for the AHB bus...
1996590000 >> AHB granted, starting recovery...
2015790000 >> Recovery done, continuing...
2016140000 >> Requesting for the AHB bus...
2016890000 >> Requesting for the AHB bus...
2017315000 >> AHB granted, starting recovery...
2036515000 >> Recovery done, continuing...
2036865000 >> Requesting for the AHB bus...
2037440000 >> Requesting for the AHB bus...
2037865000 >> AHB granted, starting recovery...
2057065000 >> Recovery done, continuing...
2057415000 >> Requesting for the AHB bus...
2057990000 >> Requesting for the AHB bus...
2058415000 >> AHB granted, starting recovery...
2077615000 >> Recovery done, continuing...
2077965000 >> Requesting for the AHB bus...
2078540000 >> Requesting for the AHB bus...
2078965000 >> AHB granted, starting recovery...
2098165000 >> Recovery done, continuing...
2098515000 >> Requesting for the AHB bus...
2099090000 >> Requesting for the AHB bus...
2099515000 >> AHB granted, starting recovery...
2118715000 >> Recovery done, continuing...
2119190000 >> Requesting for the AHB bus...
2119765000 >> Requesting for the AHB bus...
2120190000 >> AHB granted, starting recovery...
2139390000 >> Recovery done, continuing...
2139740000 >> Requesting for the AHB bus...
2140315000 >> Requesting for the AHB bus...
2140740000 >> AHB granted, starting recovery...
2159940000 >> Recovery done, continuing...
2160290000 >> Requesting for the AHB bus...
2160865000 >> Requesting for the AHB bus...
2161290000 >> AHB granted, starting recovery...
2180490000 >> Recovery done, continuing...
2180840000 >> Requesting for the AHB bus...
2181415000 >> Requesting for the AHB bus...
2181840000 >> AHB granted, starting recovery...
2201040000 >> Recovery done, continuing...
2201390000 >> Requesting for the AHB bus...
2201965000 >> Requesting for the AHB bus...
2202390000 >> AHB granted, starting recovery...
2221590000 >> Recovery done, continuing...
2221940000 >> Requesting for the AHB bus...
2222515000 >> Requesting for the AHB bus...
2222940000 >> AHB granted, starting recovery...
2242140000 >> Recovery done, continuing...
2242490000 >> Requesting for the AHB bus...
2243065000 >> Requesting for the AHB bus...
2243490000 >> AHB granted, starting recovery...
2262690000 >> Recovery done, continuing...
2263040000 >> Requesting for the AHB bus...
2263615000 >> Requesting for the AHB bus...
2264040000 >> AHB granted, starting recovery...
2283240000 >> Recovery done, continuing...
2283590000 >> Requesting for the AHB bus...
2284165000 >> Requesting for the AHB bus...
2284590000 >> AHB granted, starting recovery...
2303790000 >> Recovery done, continuing...
2304140000 >> Requesting for the AHB bus...
2304890000 >> Requesting for the AHB bus...
2305315000 >> AHB granted, starting recovery...
2324515000 >> Recovery done, continuing...
2324865000 >> Requesting for the AHB bus...
2325440000 >> Requesting for the AHB bus...
2325865000 >> AHB granted, starting recovery...
2345065000 >> Recovery done, continuing...
2345415000 >> Requesting for the AHB bus...
2345990000 >> Requesting for the AHB bus...
2346415000 >> AHB granted, starting recovery...
2365615000 >> Recovery done, continuing...
2365965000 >> Requesting for the AHB bus...
2366540000 >> Requesting for the AHB bus...
2366965000 >> AHB granted, starting recovery...
2386165000 >> Recovery done, continuing...
2386515000 >> Requesting for the AHB bus...
2387090000 >> Requesting for the AHB bus...
2387515000 >> AHB granted, starting recovery...
2406715000 >> Recovery done, continuing...
2407190000 >> Requesting for the AHB bus...
2407765000 >> Requesting for the AHB bus...
2408190000 >> AHB granted, starting recovery...
2427390000 >> Recovery done, continuing...
2427740000 >> Requesting for the AHB bus...
2428315000 >> Requesting for the AHB bus...
2428740000 >> AHB granted, starting recovery...
2447940000 >> Recovery done, continuing...
2448290000 >> Requesting for the AHB bus...
2448865000 >> Requesting for the AHB bus...
2449290000 >> AHB granted, starting recovery...
2468490000 >> Recovery done, continuing...
2468840000 >> Requesting for the AHB bus...
2469415000 >> Requesting for the AHB bus...
2469840000 >> AHB granted, starting recovery...
2489040000 >> Recovery done, continuing...
2489390000 >> Requesting for the AHB bus...
2489965000 >> Requesting for the AHB bus...
2490390000 >> AHB granted, starting recovery...
2509590000 >> Recovery done, continuing...
2509940000 >> Requesting for the AHB bus...
2510515000 >> Requesting for the AHB bus...
2510940000 >> AHB granted, starting recovery...
2530140000 >> Recovery done, continuing...
2530490000 >> Requesting for the AHB bus...
2531065000 >> Requesting for the AHB bus...
2531490000 >> AHB granted, starting recovery...
2550690000 >> Recovery done, continuing...
2551040000 >> Requesting for the AHB bus...
2551615000 >> Requesting for the AHB bus...
2552040000 >> AHB granted, starting recovery...
2571240000 >> Recovery done, continuing...
2571590000 >> Requesting for the AHB bus...
2572165000 >> Requesting for the AHB bus...
2572590000 >> AHB granted, starting recovery...
2591790000 >> Recovery done, continuing...
2592140000 >> Requesting for the AHB bus...
2592890000 >> Requesting for the AHB bus...
2593315000 >> AHB granted, starting recovery...
2612515000 >> Recovery done, continuing...
2612865000 >> Requesting for the AHB bus...
2613440000 >> Requesting for the AHB bus...
2613865000 >> AHB granted, starting recovery...
2633065000 >> Recovery done, continuing...
2633415000 >> Requesting for the AHB bus...
2633990000 >> Requesting for the AHB bus...
2634415000 >> AHB granted, starting recovery...
2653615000 >> Recovery done, continuing...
2653965000 >> Requesting for the AHB bus...
2654540000 >> Requesting for the AHB bus...
2654965000 >> AHB granted, starting recovery...
2674165000 >> Recovery done, continuing...
2674515000 >> Requesting for the AHB bus...
2675090000 >> Requesting for the AHB bus...
2675515000 >> AHB granted, starting recovery...
2694715000 >> Recovery done, continuing...
2695190000 >> Requesting for the AHB bus...
2695765000 >> Requesting for the AHB bus...
2696190000 >> AHB granted, starting recovery...
2715390000 >> Recovery done, continuing...
2715740000 >> Requesting for the AHB bus...
2716315000 >> Requesting for the AHB bus...
2716740000 >> AHB granted, starting recovery...
2735940000 >> Recovery done, continuing...
2736290000 >> Requesting for the AHB bus...
2736865000 >> Requesting for the AHB bus...
2737290000 >> AHB granted, starting recovery...
2756490000 >> Recovery done, continuing...
2756840000 >> Requesting for the AHB bus...
2757415000 >> Requesting for the AHB bus...
2757840000 >> AHB granted, starting recovery...
2777040000 >> Recovery done, continuing...
2777390000 >> Requesting for the AHB bus...
2777965000 >> Requesting for the AHB bus...
2778390000 >> AHB granted, starting recovery...
2797590000 >> Recovery done, continuing...
2797940000 >> Requesting for the AHB bus...
2798515000 >> Requesting for the AHB bus...
2798940000 >> AHB granted, starting recovery...
2818140000 >> Recovery done, continuing...
2818490000 >> Requesting for the AHB bus...
2819065000 >> Requesting for the AHB bus...
2819490000 >> AHB granted, starting recovery...
2838690000 >> Recovery done, continuing...
2839040000 >> Requesting for the AHB bus...
2839615000 >> Requesting for the AHB bus...
2840040000 >> AHB granted, starting recovery...
2859240000 >> Recovery done, continuing...
2859590000 >> Requesting for the AHB bus...
2860165000 >> Requesting for the AHB bus...
2860590000 >> AHB granted, starting recovery...
2879790000 >> Recovery done, continuing...
2880140000 >> Requesting for the AHB bus...
2880890000 >> Requesting for the AHB bus...
2881315000 >> AHB granted, starting recovery...
2900515000 >> Recovery done, continuing...
2900865000 >> Requesting for the AHB bus...
2901440000 >> Requesting for the AHB bus...
2901865000 >> AHB granted, starting recovery...
2921065000 >> Recovery done, continuing...
2921415000 >> Requesting for the AHB bus...
2921990000 >> Requesting for the AHB bus...
2922415000 >> AHB granted, starting recovery...
2941615000 >> Recovery done, continuing...
2941965000 >> Requesting for the AHB bus...
2942540000 >> Requesting for the AHB bus...
2942965000 >> AHB granted, starting recovery...
2962165000 >> Recovery done, continuing...
2962515000 >> Requesting for the AHB bus...
2963090000 >> Requesting for the AHB bus...
2963515000 >> AHB granted, starting recovery...
2982715000 >> Recovery done, continuing...
2983190000 >> Requesting for the AHB bus...
2983765000 >> Requesting for the AHB bus...
2984190000 >> AHB granted, starting recovery...
3003390000 >> Recovery done, continuing...
3003740000 >> Requesting for the AHB bus...
3004315000 >> Requesting for the AHB bus...
3004740000 >> AHB granted, starting recovery...
3023940000 >> Recovery done, continuing...
3024290000 >> Requesting for the AHB bus...
3024865000 >> Requesting for the AHB bus...
3025290000 >> AHB granted, starting recovery...
3044490000 >> Recovery done, continuing...
3044840000 >> Requesting for the AHB bus...
3045415000 >> Requesting for the AHB bus...
3045840000 >> AHB granted, starting recovery...
3065040000 >> Recovery done, continuing...
3065390000 >> Requesting for the AHB bus...
3065965000 >> Requesting for the AHB bus...
3066390000 >> AHB granted, starting recovery...
3085590000 >> Recovery done, continuing...
3085940000 >> Requesting for the AHB bus...
3086515000 >> Requesting for the AHB bus...
3086940000 >> AHB granted, starting recovery...
3106140000 >> Recovery done, continuing...
3106490000 >> Requesting for the AHB bus...
3107065000 >> Requesting for the AHB bus...
3107490000 >> AHB granted, starting recovery...
3126690000 >> Recovery done, continuing...
3127040000 >> Requesting for the AHB bus...
3127615000 >> Requesting for the AHB bus...
3128040000 >> AHB granted, starting recovery...
3147240000 >> Recovery done, continuing...
3147590000 >> Requesting for the AHB bus...
3148165000 >> Requesting for the AHB bus...
3148590000 >> AHB granted, starting recovery...
3167790000 >> Recovery done, continuing...
3168140000 >> Requesting for the AHB bus...
3168890000 >> Requesting for the AHB bus...
3169315000 >> AHB granted, starting recovery...
3188515000 >> Recovery done, continuing...
3188865000 >> Requesting for the AHB bus...
3189440000 >> Requesting for the AHB bus...
3189865000 >> AHB granted, starting recovery...
3209065000 >> Recovery done, continuing...
3209415000 >> Requesting for the AHB bus...
3209990000 >> Requesting for the AHB bus...
3210415000 >> AHB granted, starting recovery...
3229615000 >> Recovery done, continuing...
3229965000 >> Requesting for the AHB bus...
3230540000 >> Requesting for the AHB bus...
3230965000 >> AHB granted, starting recovery...
3250165000 >> Recovery done, continuing...
3250515000 >> Requesting for the AHB bus...
3251090000 >> Requesting for the AHB bus...
3251515000 >> AHB granted, starting recovery...
3270715000 >> Recovery done, continuing...
3271190000 >> Requesting for the AHB bus...
3271765000 >> Requesting for the AHB bus...
3272190000 >> AHB granted, starting recovery...
3291390000 >> Recovery done, continuing...
3291740000 >> Requesting for the AHB bus...
3292315000 >> Requesting for the AHB bus...
3292740000 >> AHB granted, starting recovery...
3311940000 >> Recovery done, continuing...
3312290000 >> Requesting for the AHB bus...
3312865000 >> Requesting for the AHB bus...
3313290000 >> AHB granted, starting recovery...
3332490000 >> Recovery done, continuing...
3332840000 >> Requesting for the AHB bus...
3333415000 >> Requesting for the AHB bus...
3333840000 >> AHB granted, starting recovery...
3353040000 >> Recovery done, continuing...
3353390000 >> Requesting for the AHB bus...
3353965000 >> Requesting for the AHB bus...
3354390000 >> AHB granted, starting recovery...
3373590000 >> Recovery done, continuing...
3373940000 >> Requesting for the AHB bus...
3374515000 >> Requesting for the AHB bus...
3374940000 >> AHB granted, starting recovery...
3394140000 >> Recovery done, continuing...
3394490000 >> Requesting for the AHB bus...
3395065000 >> Requesting for the AHB bus...
3395490000 >> AHB granted, starting recovery...
3414690000 >> Recovery done, continuing...
3415040000 >> Requesting for the AHB bus...
3415615000 >> Requesting for the AHB bus...
3416040000 >> AHB granted, starting recovery...
3435240000 >> Recovery done, continuing...
3435590000 >> Requesting for the AHB bus...
3436165000 >> Requesting for the AHB bus...
3436590000 >> AHB granted, starting recovery...
3455790000 >> Recovery done, continuing...
3456140000 >> Requesting for the AHB bus...
3456890000 >> Requesting for the AHB bus...
3457315000 >> AHB granted, starting recovery...
3476515000 >> Recovery done, continuing...
3476865000 >> Requesting for the AHB bus...
3477440000 >> Requesting for the AHB bus...
3477865000 >> AHB granted, starting recovery...
3497065000 >> Recovery done, continuing...
3497415000 >> Requesting for the AHB bus...
3497990000 >> Requesting for the AHB bus...
3498415000 >> AHB granted, starting recovery...
3517615000 >> Recovery done, continuing...
3517965000 >> Requesting for the AHB bus...
3518540000 >> Requesting for the AHB bus...
3518965000 >> AHB granted, starting recovery...
3538165000 >> Recovery done, continuing...
3538515000 >> Requesting for the AHB bus...
3539090000 >> Requesting for the AHB bus...
3539515000 >> AHB granted, starting recovery...
3558715000 >> Recovery done, continuing...
3559190000 >> Requesting for the AHB bus...
3559765000 >> Requesting for the AHB bus...
3560190000 >> AHB granted, starting recovery...
3579390000 >> Recovery done, continuing...
3579740000 >> Requesting for the AHB bus...
3580315000 >> Requesting for the AHB bus...
3580740000 >> AHB granted, starting recovery...
3599940000 >> Recovery done, continuing...
3600290000 >> Requesting for the AHB bus...
3600865000 >> Requesting for the AHB bus...
3601290000 >> AHB granted, starting recovery...
3620490000 >> Recovery done, continuing...
3620840000 >> Requesting for the AHB bus...
3621415000 >> Requesting for the AHB bus...
3621840000 >> AHB granted, starting recovery...
3641040000 >> Recovery done, continuing...
3641390000 >> Requesting for the AHB bus...
3641965000 >> Requesting for the AHB bus...
3642390000 >> AHB granted, starting recovery...
3661590000 >> Recovery done, continuing...
3661940000 >> Requesting for the AHB bus...
3662515000 >> Requesting for the AHB bus...
3662940000 >> AHB granted, starting recovery...
3682140000 >> Recovery done, continuing...
3682490000 >> Requesting for the AHB bus...
3683065000 >> Requesting for the AHB bus...
3683490000 >> AHB granted, starting recovery...
3702690000 >> Recovery done, continuing...
3703040000 >> Requesting for the AHB bus...
3703615000 >> Requesting for the AHB bus...
3704040000 >> AHB granted, starting recovery...
3723240000 >> Recovery done, continuing...
3723590000 >> Requesting for the AHB bus...
3724165000 >> Requesting for the AHB bus...
3724590000 >> AHB granted, starting recovery...
3743790000 >> Recovery done, continuing...
3744140000 >> Requesting for the AHB bus...
3744890000 >> Requesting for the AHB bus...
3745315000 >> AHB granted, starting recovery...
3764515000 >> Recovery done, continuing...
3764865000 >> Requesting for the AHB bus...
3765440000 >> Requesting for the AHB bus...
3765865000 >> AHB granted, starting recovery...
3785065000 >> Recovery done, continuing...
3785415000 >> Requesting for the AHB bus...
3785990000 >> Requesting for the AHB bus...
3786415000 >> AHB granted, starting recovery...
3805615000 >> Recovery done, continuing...
3805965000 >> Requesting for the AHB bus...
3806540000 >> Requesting for the AHB bus...
3806965000 >> AHB granted, starting recovery...
3826165000 >> Recovery done, continuing...
3826515000 >> Requesting for the AHB bus...
3827090000 >> Requesting for the AHB bus...
3827515000 >> AHB granted, starting recovery...
3846715000 >> Recovery done, continuing...
3847190000 >> Requesting for the AHB bus...
3847765000 >> Requesting for the AHB bus...
3848190000 >> AHB granted, starting recovery...
3867390000 >> Recovery done, continuing...
3867740000 >> Requesting for the AHB bus...
3868315000 >> Requesting for the AHB bus...
3868740000 >> AHB granted, starting recovery...
3887940000 >> Recovery done, continuing...
3888290000 >> Requesting for the AHB bus...
3888865000 >> Requesting for the AHB bus...
3889290000 >> AHB granted, starting recovery...
3908490000 >> Recovery done, continuing...
3908840000 >> Requesting for the AHB bus...
3909415000 >> Requesting for the AHB bus...
3909840000 >> AHB granted, starting recovery...
3929040000 >> Recovery done, continuing...
3929390000 >> Requesting for the AHB bus...
3929965000 >> Requesting for the AHB bus...
3930390000 >> AHB granted, starting recovery...
3949590000 >> Recovery done, continuing...
3949940000 >> Requesting for the AHB bus...
3950515000 >> Requesting for the AHB bus...
3950940000 >> AHB granted, starting recovery...
3970140000 >> Recovery done, continuing...
3970490000 >> Requesting for the AHB bus...
3971065000 >> Requesting for the AHB bus...
3971490000 >> AHB granted, starting recovery...
3990690000 >> Recovery done, continuing...
3991040000 >> Requesting for the AHB bus...
3991615000 >> Requesting for the AHB bus...
3992040000 >> AHB granted, starting recovery...
4011240000 >> Recovery done, continuing...
4011590000 >> Requesting for the AHB bus...
4012165000 >> Requesting for the AHB bus...
4012590000 >> AHB granted, starting recovery...
4031790000 >> Recovery done, continuing...
4032140000 >> Requesting for the AHB bus...
4032890000 >> Requesting for the AHB bus...
4033315000 >> AHB granted, starting recovery...
4052515000 >> Recovery done, continuing...
4052865000 >> Requesting for the AHB bus...
4053440000 >> Requesting for the AHB bus...
4053865000 >> AHB granted, starting recovery...
4073065000 >> Recovery done, continuing...
4073415000 >> Requesting for the AHB bus...
4073990000 >> Requesting for the AHB bus...
4074415000 >> AHB granted, starting recovery...
4093615000 >> Recovery done, continuing...
4093965000 >> Requesting for the AHB bus...
4094540000 >> Requesting for the AHB bus...
4094965000 >> AHB granted, starting recovery...
4114165000 >> Recovery done, continuing...
4114515000 >> Requesting for the AHB bus...
4115090000 >> Requesting for the AHB bus...
4115515000 >> AHB granted, starting recovery...
4134715000 >> Recovery done, continuing...
4135190000 >> Requesting for the AHB bus...
4135765000 >> Requesting for the AHB bus...
4136190000 >> AHB granted, starting recovery...
4155390000 >> Recovery done, continuing...
4155740000 >> Requesting for the AHB bus...
4156315000 >> Requesting for the AHB bus...
4156740000 >> AHB granted, starting recovery...
4175940000 >> Recovery done, continuing...
4176290000 >> Requesting for the AHB bus...
4176865000 >> Requesting for the AHB bus...
4177290000 >> AHB granted, starting recovery...
4196490000 >> Recovery done, continuing...
4196840000 >> Requesting for the AHB bus...
4197415000 >> Requesting for the AHB bus...
4197840000 >> AHB granted, starting recovery...
4217040000 >> Recovery done, continuing...
4217390000 >> Requesting for the AHB bus...
4217965000 >> Requesting for the AHB bus...
4218390000 >> AHB granted, starting recovery...
4237590000 >> Recovery done, continuing...
4237940000 >> Requesting for the AHB bus...
4238515000 >> Requesting for the AHB bus...
4238940000 >> AHB granted, starting recovery...
4258140000 >> Recovery done, continuing...
4258490000 >> Requesting for the AHB bus...
4259065000 >> Requesting for the AHB bus...
4259490000 >> AHB granted, starting recovery...
4278690000 >> Recovery done, continuing...
4279040000 >> Requesting for the AHB bus...
4279615000 >> Requesting for the AHB bus...
4280040000 >> AHB granted, starting recovery...
4299240000 >> Recovery done, continuing...
4299590000 >> Requesting for the AHB bus...
4300165000 >> Requesting for the AHB bus...
4300590000 >> AHB granted, starting recovery...
4319790000 >> Recovery done, continuing...
4320140000 >> Requesting for the AHB bus...
4320890000 >> Requesting for the AHB bus...
4321315000 >> AHB granted, starting recovery...
4340515000 >> Recovery done, continuing...
4340865000 >> Requesting for the AHB bus...
4341440000 >> Requesting for the AHB bus...
4341865000 >> AHB granted, starting recovery...
4361065000 >> Recovery done, continuing...
4361415000 >> Requesting for the AHB bus...
4361990000 >> Requesting for the AHB bus...
4362415000 >> AHB granted, starting recovery...
4381615000 >> Recovery done, continuing...
4381965000 >> Requesting for the AHB bus...
4382540000 >> Requesting for the AHB bus...
4382965000 >> AHB granted, starting recovery...
4402165000 >> Recovery done, continuing...
4402515000 >> Requesting for the AHB bus...
4403090000 >> Requesting for the AHB bus...
4403515000 >> AHB granted, starting recovery...
4422715000 >> Recovery done, continuing...
4423190000 >> Requesting for the AHB bus...
4423765000 >> Requesting for the AHB bus...
4424190000 >> AHB granted, starting recovery...
4443390000 >> Recovery done, continuing...
4443740000 >> Requesting for the AHB bus...
4444315000 >> Requesting for the AHB bus...
4444740000 >> AHB granted, starting recovery...
4463940000 >> Recovery done, continuing...
4464290000 >> Requesting for the AHB bus...
4464865000 >> Requesting for the AHB bus...
4465290000 >> AHB granted, starting recovery...
4484490000 >> Recovery done, continuing...
4484840000 >> Requesting for the AHB bus...
4485415000 >> Requesting for the AHB bus...
4485840000 >> AHB granted, starting recovery...
4505040000 >> Recovery done, continuing...
4505390000 >> Requesting for the AHB bus...
4505965000 >> Requesting for the AHB bus...
4506390000 >> AHB granted, starting recovery...
4525590000 >> Recovery done, continuing...
4525940000 >> Requesting for the AHB bus...
4526515000 >> Requesting for the AHB bus...
4526940000 >> AHB granted, starting recovery...
4546140000 >> Recovery done, continuing...
4546490000 >> Requesting for the AHB bus...
4547065000 >> Requesting for the AHB bus...
4547490000 >> AHB granted, starting recovery...
4566690000 >> Recovery done, continuing...
4567040000 >> Requesting for the AHB bus...
4567615000 >> Requesting for the AHB bus...
4568040000 >> AHB granted, starting recovery...
4587240000 >> Recovery done, continuing...
4587590000 >> Requesting for the AHB bus...
4588165000 >> Requesting for the AHB bus...
4588590000 >> AHB granted, starting recovery...
4607790000 >> Recovery done, continuing...
4608140000 >> Requesting for the AHB bus...
4608890000 >> Requesting for the AHB bus...
4609315000 >> AHB granted, starting recovery...
4628515000 >> Recovery done, continuing...
4628865000 >> Requesting for the AHB bus...
4629440000 >> Requesting for the AHB bus...
4629865000 >> AHB granted, starting recovery...
4649065000 >> Recovery done, continuing...
4649415000 >> Requesting for the AHB bus...
4649990000 >> Requesting for the AHB bus...
4650415000 >> AHB granted, starting recovery...
4669615000 >> Recovery done, continuing...
4669965000 >> Requesting for the AHB bus...
4670540000 >> Requesting for the AHB bus...
4670965000 >> AHB granted, starting recovery...
4690165000 >> Recovery done, continuing...
4690515000 >> Requesting for the AHB bus...
4691090000 >> Requesting for the AHB bus...
4691515000 >> AHB granted, starting recovery...
4710715000 >> Recovery done, continuing...
4711190000 >> Requesting for the AHB bus...
4711765000 >> Requesting for the AHB bus...
4712190000 >> AHB granted, starting recovery...
4731390000 >> Recovery done, continuing...
4731740000 >> Requesting for the AHB bus...
4732315000 >> Requesting for the AHB bus...
4732740000 >> AHB granted, starting recovery...
4751940000 >> Recovery done, continuing...
4752290000 >> Requesting for the AHB bus...
4752865000 >> Requesting for the AHB bus...
4753290000 >> AHB granted, starting recovery...
4772490000 >> Recovery done, continuing...
4772840000 >> Requesting for the AHB bus...
4773415000 >> Requesting for the AHB bus...
4773840000 >> AHB granted, starting recovery...
4793040000 >> Recovery done, continuing...
4793390000 >> Requesting for the AHB bus...
4793965000 >> Requesting for the AHB bus...
4794390000 >> AHB granted, starting recovery...
4813590000 >> Recovery done, continuing...
4813940000 >> Requesting for the AHB bus...
4814515000 >> Requesting for the AHB bus...
4814940000 >> AHB granted, starting recovery...
4834140000 >> Recovery done, continuing...
4834490000 >> Requesting for the AHB bus...
4835065000 >> Requesting for the AHB bus...
4835490000 >> AHB granted, starting recovery...
4854690000 >> Recovery done, continuing...
4855040000 >> Requesting for the AHB bus...
4855615000 >> Requesting for the AHB bus...
4856040000 >> AHB granted, starting recovery...
4875240000 >> Recovery done, continuing...
4875590000 >> Requesting for the AHB bus...
4876165000 >> Requesting for the AHB bus...
4876590000 >> AHB granted, starting recovery...
4895790000 >> Recovery done, continuing...
4896140000 >> Requesting for the AHB bus...
4896890000 >> Requesting for the AHB bus...
4897315000 >> AHB granted, starting recovery...
4916515000 >> Recovery done, continuing...
4916865000 >> Requesting for the AHB bus...
4917440000 >> Requesting for the AHB bus...
4917865000 >> AHB granted, starting recovery...
4937065000 >> Recovery done, continuing...
4937415000 >> Requesting for the AHB bus...
4937990000 >> Requesting for the AHB bus...
4938415000 >> AHB granted, starting recovery...
4957615000 >> Recovery done, continuing...
4957965000 >> Requesting for the AHB bus...
4958540000 >> Requesting for the AHB bus...
4958965000 >> AHB granted, starting recovery...
4978165000 >> Recovery done, continuing...
4978515000 >> Requesting for the AHB bus...
4979090000 >> Requesting for the AHB bus...
4979515000 >> AHB granted, starting recovery...
4998715000 >> Recovery done, continuing...
4999190000 >> Requesting for the AHB bus...
4999765000 >> Requesting for the AHB bus...
5000190000 >> AHB granted, starting recovery...
5019390000 >> Recovery done, continuing...
5019740000 >> Requesting for the AHB bus...
5020315000 >> Requesting for the AHB bus...
5020740000 >> AHB granted, starting recovery...
5039940000 >> Recovery done, continuing...
5040290000 >> Requesting for the AHB bus...
5040865000 >> Requesting for the AHB bus...
5041290000 >> AHB granted, starting recovery...
5060490000 >> Recovery done, continuing...
5060840000 >> Requesting for the AHB bus...
5061415000 >> Requesting for the AHB bus...
5061840000 >> AHB granted, starting recovery...
5081040000 >> Recovery done, continuing...
5081390000 >> Requesting for the AHB bus...
5081965000 >> Requesting for the AHB bus...
5082390000 >> AHB granted, starting recovery...
5101590000 >> Recovery done, continuing...
5101940000 >> Requesting for the AHB bus...
5102515000 >> Requesting for the AHB bus...
5102940000 >> AHB granted, starting recovery...
5122140000 >> Recovery done, continuing...
5122490000 >> Requesting for the AHB bus...
5123065000 >> Requesting for the AHB bus...
5123490000 >> AHB granted, starting recovery...
5142690000 >> Recovery done, continuing...
5143040000 >> Requesting for the AHB bus...
5143615000 >> Requesting for the AHB bus...
5144040000 >> AHB granted, starting recovery...
5163240000 >> Recovery done, continuing...
5163590000 >> Requesting for the AHB bus...
5164165000 >> Requesting for the AHB bus...
5164590000 >> AHB granted, starting recovery...
5183790000 >> Recovery done, continuing...
5184140000 >> Requesting for the AHB bus...
5184890000 >> Requesting for the AHB bus...
5185315000 >> AHB granted, starting recovery...
5204515000 >> Recovery done, continuing...
5204865000 >> Requesting for the AHB bus...
5205440000 >> Requesting for the AHB bus...
5205865000 >> AHB granted, starting recovery...
5225065000 >> Recovery done, continuing...
5225415000 >> Requesting for the AHB bus...
5225990000 >> Requesting for the AHB bus...
5226415000 >> AHB granted, starting recovery...
5245615000 >> Recovery done, continuing...
5245965000 >> Requesting for the AHB bus...
5246540000 >> Requesting for the AHB bus...
5246965000 >> AHB granted, starting recovery...
5266165000 >> Recovery done, continuing...
5266515000 >> Requesting for the AHB bus...
5267090000 >> Requesting for the AHB bus...
5267515000 >> AHB granted, starting recovery...
5286715000 >> Recovery done, continuing...
5287190000 >> Requesting for the AHB bus...
5287765000 >> Requesting for the AHB bus...
5288190000 >> AHB granted, starting recovery...
5307390000 >> Recovery done, continuing...
5307740000 >> Requesting for the AHB bus...
5308315000 >> Requesting for the AHB bus...
5308740000 >> AHB granted, starting recovery...
5327940000 >> Recovery done, continuing...
5328290000 >> Requesting for the AHB bus...
5328865000 >> Requesting for the AHB bus...
5329290000 >> AHB granted, starting recovery...
5348490000 >> Recovery done, continuing...
5348840000 >> Requesting for the AHB bus...
5349415000 >> Requesting for the AHB bus...
5349840000 >> AHB granted, starting recovery...
5369040000 >> Recovery done, continuing...
5369390000 >> Requesting for the AHB bus...
5369965000 >> Requesting for the AHB bus...
5370390000 >> AHB granted, starting recovery...
5389590000 >> Recovery done, continuing...
5389940000 >> Requesting for the AHB bus...
5390515000 >> Requesting for the AHB bus...
5390940000 >> AHB granted, starting recovery...
5410140000 >> Recovery done, continuing...
5410490000 >> Requesting for the AHB bus...
5411065000 >> Requesting for the AHB bus...
5411490000 >> AHB granted, starting recovery...
5430690000 >> Recovery done, continuing...
5431040000 >> Requesting for the AHB bus...
5431615000 >> Requesting for the AHB bus...
5432040000 >> AHB granted, starting recovery...
5451240000 >> Recovery done, continuing...
5451590000 >> Requesting for the AHB bus...
5452165000 >> Requesting for the AHB bus...
5452590000 >> AHB granted, starting recovery...
5471790000 >> Recovery done, continuing...
5472140000 >> Requesting for the AHB bus...
5472890000 >> Requesting for the AHB bus...
5473315000 >> AHB granted, starting recovery...
5492515000 >> Recovery done, continuing...
5492865000 >> Requesting for the AHB bus...
5493440000 >> Requesting for the AHB bus...
5493865000 >> AHB granted, starting recovery...
5513065000 >> Recovery done, continuing...
5513415000 >> Requesting for the AHB bus...
5513990000 >> Requesting for the AHB bus...
5514415000 >> AHB granted, starting recovery...
5533615000 >> Recovery done, continuing...
5533965000 >> Requesting for the AHB bus...
5534540000 >> Requesting for the AHB bus...
5534965000 >> AHB granted, starting recovery...
5554165000 >> Recovery done, continuing...
5554515000 >> Requesting for the AHB bus...
5555090000 >> Requesting for the AHB bus...
5555515000 >> AHB granted, starting recovery...
5574715000 >> Recovery done, continuing...
5575190000 >> Requesting for the AHB bus...
5575765000 >> Requesting for the AHB bus...
5576190000 >> AHB granted, starting recovery...
5595390000 >> Recovery done, continuing...
5595740000 >> Requesting for the AHB bus...
5596315000 >> Requesting for the AHB bus...
5596740000 >> AHB granted, starting recovery...
5615940000 >> Recovery done, continuing...
5616290000 >> Requesting for the AHB bus...
5616865000 >> Requesting for the AHB bus...
5617290000 >> AHB granted, starting recovery...
5636490000 >> Recovery done, continuing...
5636840000 >> Requesting for the AHB bus...
5637415000 >> Requesting for the AHB bus...
5637840000 >> AHB granted, starting recovery...
5657040000 >> Recovery done, continuing...
5657390000 >> Requesting for the AHB bus...
5657965000 >> Requesting for the AHB bus...
5658390000 >> AHB granted, starting recovery...
5677590000 >> Recovery done, continuing...
5677940000 >> Requesting for the AHB bus...
5678515000 >> Requesting for the AHB bus...
5678940000 >> AHB granted, starting recovery...
5698140000 >> Recovery done, continuing...
5698490000 >> Requesting for the AHB bus...
5699065000 >> Requesting for the AHB bus...
5699490000 >> AHB granted, starting recovery...
5718690000 >> Recovery done, continuing...
5719040000 >> Requesting for the AHB bus...
5719615000 >> Requesting for the AHB bus...
5720040000 >> AHB granted, starting recovery...
5739240000 >> Recovery done, continuing...
5739590000 >> Requesting for the AHB bus...
5740165000 >> Requesting for the AHB bus...
5740590000 >> AHB granted, starting recovery...
5745715000 >> time limit reached...
/testbench/cpu/l3/u0/leon3x0/vhdl/p0/iu/r.w.wreg:0
/testbench/cpu/l3/u0/leon3x0/vhdl/p0/iu/r.m.irqen:1
/testbench/cpu/l3/u0/leon3x0/vhdl/p0/iu/r.m.icc:0000
/testbench/cpu/l3/u0/leon3x0/vhdl/p0/iu/r.a.ticc:0
/testbench/cpu/l3/u0/leon3x0/vhdl/p0/iu/r.a.step:0
/testbench/cpu/l3/u0/leon3x0/vhdl/p0/iu/r.m.irqen2:1
/testbench/cpu/l3/u0/leon3x0/vhdl/p0/iu/r.d.pc:01000000000000000000001101000100
/testbench/cpu/l3/u0/leon3x0/vhdl/p0/iu/r.d.rexpl:{{00000000000000000000000000000000} {00} {0} 0 0 {0000000000000000000} 0 0 0 0 0 0}
/testbench/cpu/l3/u0/leon3x0/vhdl/p0/iu/r.d.mexc:0
/testbench/cpu/l3/u0/leon3x0/vhdl/p0/iu/r.a.aw:0
/testbench/cpu/l3/u0/leon3x0/vhdl/p0/iu/r.e.ctrl:{{01000000000000000000001101000000} {11000100000001111010000001000100} {00} {10000010} {000000} 0 0 1 0 0 1 1 0 0}
/testbench/cpu/l3/u0/leon3x0/vhdl/p0/iu/r.a.divstart:0
/testbench/cpu/l3/u0/leon3x0/vhdl/p0/iu/r.e.shleft:0
/testbench/cpu/l3/u0/leon3x0/vhdl/p0/iu/r.a.bp:0
/testbench/cpu/l3/u0/leon3x0/vhdl/p0/iu/r.w.twcwp:000
/testbench/cpu/l3/u0/leon3x0/vhdl/p0/iu/r.a.jmpl:0
/testbench/cpu/l3/u0/leon3x0/vhdl/p0/iu/r.m.casa:0
/testbench/cpu/l3/u0/leon3x0/vhdl/p0/iu/r.m.werr:0
/testbench/cpu/l3/u0/leon3x0/vhdl/p0/iu/r.e.su:1
/testbench/cpu/l3/u0/leon3x0/vhdl/p0/iu/r.e.et:1
/testbench/cpu/l3/u0/leon3x0/vhdl/p0/iu/r.a.ldcheck1:1
/testbench/cpu/l3/u0/leon3x0/vhdl/p0/iu/r.d.stwin:000
/testbench/cpu/l3/u0/leon3x0/vhdl/p0/iu/r.a.ldcheck2:1
/testbench/cpu/l3/u0/leon3x0/vhdl/p0/iu/r.x.intack:0
/testbench/cpu/l3/u0/leon3x0/vhdl/p0/iu/r.m.ctrl:{{01000000000000000000001101000000} {11000100000001111010000001000100} {00} {10000010} {000000} 0 0 1 0 0 1 1 0 0}
/testbench/cpu/l3/u0/leon3x0/vhdl/p0/iu/r.a.cwp:101
/testbench/cpu/l3/u0/leon3x0/vhdl/p0/iu/r.e.sari:0
/testbench/cpu/l3/u0/leon3x0/vhdl/p0/iu/r.d.paw:0
/testbench/cpu/l3/u0/leon3x0/vhdl/p0/iu/r.d.aw:0
/testbench/cpu/l3/u0/leon3x0/vhdl/p0/iu/r.d.awp:000
/testbench/cpu/l3/u0/leon3x0/vhdl/p0/iu/r.x.ctrl:{{01000000000000000000001100111100} {11000010000001111011111111111000} {00} {10000001} {000000} 0 0 1 0 0 1 1 0 0}
/testbench/cpu/l3/u0/leon3x0/vhdl/p0/iu/r.m.rexnalign:0
/testbench/cpu/l3/u0/leon3x0/vhdl/p0/iu/r.m.su:1
/testbench/cpu/l3/u0/leon3x0/vhdl/p0/iu/r.m.wcwp:0
/testbench/cpu/l3/u0/leon3x0/vhdl/p0/iu/r.d.divrdy:0
/testbench/cpu/l3/u0/leon3x0/vhdl/p0/iu/r.e.cwp:101
/testbench/cpu/l3/u0/leon3x0/vhdl/p0/iu/r.w.except:0
/testbench/cpu/l3/u0/leon3x0/vhdl/p0/iu/r.x.nerror:0
/testbench/cpu/l3/u0/leon3x0/vhdl/p0/iu/r.a.bpimiss:0
/testbench/cpu/l3/u0/leon3x0/vhdl/p0/iu/r.a.nobp:0
/testbench/cpu/l3/u0/leon3x0/vhdl/p0/iu/r.d.rexcnt:0
/testbench/cpu/l3/u0/leon3x0/vhdl/p0/iu/r.w.s:{{101} {0000} {00000000} {01000000000000000000} {00000010} {0000} 0 0 1 1 1 {00000000000000000000000000000000} {UUUUUUUUUUUUUUUUUUUUUUUUUUUUUUUU} 1 0 0 1 1 1 0 0 {000} {000} {111}}
/testbench/cpu/l3/u0/leon3x0/vhdl/p0/iu/r.d.pv:1
/testbench/cpu/l3/u0/leon3x0/vhdl/p0/iu/r.a.ldchkra:1
/testbench/cpu/l3/u0/leon3x0/vhdl/p0/iu/r.a.rfa1:10000010
/testbench/cpu/l3/u0/leon3x0/vhdl/p0/iu/r.a.rfa2:10000001
/testbench/cpu/l3/u0/leon3x0/vhdl/p0/iu/r.a.imm:00000000000000000000000000000001
/testbench/cpu/l3/u0/leon3x0/vhdl/p0/iu/r.w.wa:10000010
/testbench/cpu/l3/u0/leon3x0/vhdl/p0/iu/r.m.casaz:0
/testbench/cpu/l3/u0/leon3x0/vhdl/p0/iu/r.x.dci:{0 1 1 0 0 0 {10} {00001011}}
/testbench/cpu/l3/u0/leon3x0/vhdl/p0/iu/r.x.mac:0
/testbench/cpu/l3/u0/leon3x0/vhdl/p0/iu/r.m.divz:0
/testbench/cpu/l3/u0/leon3x0/vhdl/p0/iu/r.d.inst:{{10000010000000001000000000000001}}
/testbench/cpu/l3/u0/leon3x0/vhdl/p0/iu/r.e.rfe1:1
/testbench/cpu/l3/u0/leon3x0/vhdl/p0/iu/r.a.wovf:0
/testbench/cpu/l3/u0/leon3x0/vhdl/p0/iu/r.e.rfe2:0
/testbench/cpu/l3/u0/leon3x0/vhdl/p0/iu/r.e.op1:01000000000011111111111010100000
/testbench/cpu/l3/u0/leon3x0/vhdl/p0/iu/r.m.nalign:0
/testbench/cpu/l3/u0/leon3x0/vhdl/p0/iu/r.e.op2:00000000000000000000000001000100
/testbench/cpu/l3/u0/leon3x0/vhdl/p0/iu/r.d.rexen:0
/testbench/cpu/l3/u0/leon3x0/vhdl/p0/iu/r.a.ctrl:{{01000000000000000000001101000100} {10000010000000001000000000000001} {00} {10000001} {000000} 0 1 0 0 0 0 0 0 0}
/testbench/cpu/l3/u0/leon3x0/vhdl/p0/iu/r.x.ipend:0
/testbench/cpu/l3/u0/leon3x0/vhdl/p0/iu/r.e.ldbp1:0
/testbench/cpu/l3/u0/leon3x0/vhdl/p0/iu/r.e.aluadd:1
/testbench/cpu/l3/u0/leon3x0/vhdl/p0/iu/r.d.set:0
/testbench/cpu/l3/u0/leon3x0/vhdl/p0/iu/r.d.inull:0
/testbench/cpu/l3/u0/leon3x0/vhdl/p0/iu/r.e.ldbp2:0
/testbench/cpu/l3/u0/leon3x0/vhdl/p0/iu/r.d.cnt:00
/testbench/cpu/l3/u0/leon3x0/vhdl/p0/iu/r.a.su:1
/testbench/cpu/l3/u0/leon3x0/vhdl/p0/iu/r.a.et:1
/testbench/cpu/l3/u0/leon3x0/vhdl/p0/iu/r.e.mul:0
/testbench/cpu/l3/u0/leon3x0/vhdl/p0/iu/r.e.alusel:00
/testbench/cpu/l3/u0/leon3x0/vhdl/p0/iu/r.e.aw:U
/testbench/cpu/l3/u0/leon3x0/vhdl/p0/iu/r.e.mac:0
/testbench/cpu/l3/u0/leon3x0/vhdl/p0/iu/r.a.decill:0
/testbench/cpu/l3/u0/leon3x0/vhdl/p0/iu/r.x.icc:0000
/testbench/cpu/l3/u0/leon3x0/vhdl/p0/iu/r.x.result:01000000000011111111111010011000
/testbench/cpu/l3/u0/leon3x0/vhdl/p0/iu/r.e.bp:0
/testbench/cpu/l3/u0/leon3x0/vhdl/p0/iu/r.a.rs1:00010
/testbench/cpu/l3/u0/leon3x0/vhdl/p0/iu/r.e.jmpl:0
/testbench/cpu/l3/u0/leon3x0/vhdl/p0/iu/r.a.rsel1:001
/testbench/cpu/l3/u0/leon3x0/vhdl/p0/iu/r.x.y:00000000000000000000000000000000
/testbench/cpu/l3/u0/leon3x0/vhdl/p0/iu/r.a.rsel2:011
/testbench/cpu/l3/u0/leon3x0/vhdl/p0/iu/r.a.awp:000
/testbench/cpu/l3/u0/leon3x0/vhdl/p0/iu/r.a.paw:0
/testbench/cpu/l3/u0/leon3x0/vhdl/p0/iu/r.x.data:{{00000000000000000000000000000000}}
/testbench/cpu/l3/u0/leon3x0/vhdl/p0/iu/r.m.mul:0
/testbench/cpu/l3/u0/leon3x0/vhdl/p0/iu/r.e.rd:UUUUU
/testbench/cpu/l3/u0/leon3x0/vhdl/p0/iu/r.e.invop2:0
/testbench/cpu/l3/u0/leon3x0/vhdl/p0/iu/r.m.wawp:0
/testbench/cpu/l3/u0/leon3x0/vhdl/p0/iu/r.d.cwpmax:111
/testbench/cpu/l3/u0/leon3x0/vhdl/p0/iu/r.f.branch:0
/testbench/cpu/l3/u0/leon3x0/vhdl/p0/iu/r.d.pcheld:1
/testbench/cpu/l3/u0/leon3x0/vhdl/p0/iu/r.m.dci:{0 1 1 0 0 0 {10} {00001011}}
/testbench/cpu/l3/u0/leon3x0/vhdl/p0/iu/r.e.paw:U
/testbench/cpu/l3/u0/leon3x0/vhdl/p0/iu/r.e.awp:UUU
/testbench/cpu/l3/u0/leon3x0/vhdl/p0/iu/r.e.shcnt:00100
/testbench/cpu/l3/u0/leon3x0/vhdl/p0/iu/r.w.result:00000001000000010000000100000001
/testbench/cpu/l3/u0/leon3x0/vhdl/p0/iu/r.m.mac:0
/testbench/cpu/l3/u0/leon3x0/vhdl/p0/iu/r.m.y:00000000000000000000000000000000
/testbench/cpu/l3/u0/leon3x0/vhdl/p0/iu/r.d.cwp:101
/testbench/cpu/l3/u0/leon3x0/vhdl/p0/iu/r.x.laddr:00
/testbench/cpu/l3/u0/leon3x0/vhdl/p0/iu/r.e.mulstep:0
/testbench/cpu/l3/u0/leon3x0/vhdl/p0/iu/r.e.ymsb:0
/testbench/cpu/l3/u0/leon3x0/vhdl/p0/iu/r.d.rexbuf:00000000000000000000000000000000
/testbench/cpu/l3/u0/leon3x0/vhdl/p0/iu/r.x.npc:100
/testbench/cpu/l3/u0/leon3x0/vhdl/p0/iu/r.f.pc:01000000000000000000001101001000
/testbench/cpu/l3/u0/leon3x0/vhdl/p0/iu/r.d.annul:0
/testbench/cpu/l3/u0/leon3x0/vhdl/p0/iu/r.x.rstate:run
/testbench/cpu/l3/u0/leon3x0/vhdl/p0/iu/r.x.set:0
/testbench/cpu/l3/u0/leon3x0/vhdl/p0/iu/r.m.result:01000000000011111111111011100100
/testbench/cpu/l3/u0/leon3x0/vhdl/p0/iu/r.e.icc:UUUU
/testbench/cpu/l3/u0/leon3x0/vhdl/p0/iu/r.a.getpc:0
/testbench/cpu/l3/u0/leon3x0/vhdl/p0/iu/r.a.ldchkex:1
/testbench/cpu/l3/u0/leon3x0/vhdl/p0/iu/r.x.mexc:0
/testbench/cpu/l3/u0/leon3x0/vhdl/p0/iu/r.a.mulstart:0
/testbench/cpu/l3/u0/leon3x0/vhdl/p0/iu/r.d.rexpos:10
/testbench/cpu/l3/u0/leon3x0/vhdl/p0/iu/r.x.annul_all:0
/testbench/cpu/l3/u0/leon3x0/vhdl/p0/iu/r.e.aluop:000
/testbench/cpu/l3/u0/leon3x0/vhdl/p0/iu/r.x.debug:0
/testbench/cpu/l3/u0/leon3x0/vhdl/p0/iu/r.a.rfe1:0
/testbench/cpu/l3/u0/leon3x0/vhdl/p0/iu/r.d.step:0
/testbench/cpu/l3/u0/leon3x0/vhdl/p0/iu/r.a.rfe2:0
/testbench/cpu/l3/u0/leon3x0/vhdl/p0/iu/r.e.alucin:0
/testbench/cpu/l3/u0/leon3x0/vhdl/p0/iu/r.a.wunf:0
compare to golden: 1
======================================
progstatus: -2
execerr: 228
latent: 1
time limit!
>>>>>>>>>>>>>>> 5745715000
======================================
