Test signal = /testbench/cpu/l3/u0/leon3x0/vhdl/p0/iu/r.a.rsel2
oldval = 101
pos1: 2 pos0: 1 posU: -1
newval = 100
force in 1711357
586290000 >> iteration no: 0
1598340000 >> iteration no: 1
Signal value: 100
oldval = 100
pos1: 0 pos0: 2 posU: -1
newval = 000
2294265000 >> Requesting for the AHB bus...
2295065000 >> AHB granted, starting recovery...
2314265000 >> Recovery done, continuing...
2314615000 >> Requesting for the AHB bus...
2315415000 >> AHB granted, starting recovery...
2334615000 >> Recovery done, continuing...
2334965000 >> Requesting for the AHB bus...
2335765000 >> AHB granted, starting recovery...
2354965000 >> Recovery done, continuing...
2355315000 >> Requesting for the AHB bus...
2356115000 >> AHB granted, starting recovery...
2375315000 >> Recovery done, continuing...
2375665000 >> Requesting for the AHB bus...
2376465000 >> AHB granted, starting recovery...
2395665000 >> Recovery done, continuing...
2396015000 >> Requesting for the AHB bus...
2396815000 >> AHB granted, starting recovery...
2416015000 >> Recovery done, continuing...
2416365000 >> Requesting for the AHB bus...
2417165000 >> AHB granted, starting recovery...
2436365000 >> Recovery done, continuing...
2436715000 >> Requesting for the AHB bus...
2437515000 >> AHB granted, starting recovery...
2456715000 >> Recovery done, continuing...
2457065000 >> Requesting for the AHB bus...
2457865000 >> AHB granted, starting recovery...
2477065000 >> Recovery done, continuing...
2477590000 >> Requesting for the AHB bus...
2478390000 >> AHB granted, starting recovery...
2497590000 >> Recovery done, continuing...
2497940000 >> Requesting for the AHB bus...
2498740000 >> AHB granted, starting recovery...
2517940000 >> Recovery done, continuing...
2518290000 >> Requesting for the AHB bus...
2519090000 >> AHB granted, starting recovery...
2538290000 >> Recovery done, continuing...
2538640000 >> Requesting for the AHB bus...
2539440000 >> AHB granted, starting recovery...
2558640000 >> Recovery done, continuing...
2558990000 >> Requesting for the AHB bus...
2559790000 >> AHB granted, starting recovery...
2578990000 >> Recovery done, continuing...
2579340000 >> Requesting for the AHB bus...
2580140000 >> AHB granted, starting recovery...
2599340000 >> Recovery done, continuing...
2599690000 >> Requesting for the AHB bus...
2600490000 >> AHB granted, starting recovery...
2619690000 >> Recovery done, continuing...
2620040000 >> Requesting for the AHB bus...
2620840000 >> AHB granted, starting recovery...
2640040000 >> Recovery done, continuing...
2640390000 >> Requesting for the AHB bus...
2641190000 >> AHB granted, starting recovery...
2660390000 >> Recovery done, continuing...
2660740000 >> Requesting for the AHB bus...
2661540000 >> AHB granted, starting recovery...
2680740000 >> Recovery done, continuing...
2681090000 >> Requesting for the AHB bus...
2681890000 >> AHB granted, starting recovery...
2701090000 >> Recovery done, continuing...
2701590000 >> Requesting for the AHB bus...
2702390000 >> AHB granted, starting recovery...
2721590000 >> Recovery done, continuing...
2721940000 >> Requesting for the AHB bus...
2722740000 >> AHB granted, starting recovery...
2741940000 >> Recovery done, continuing...
2742290000 >> Requesting for the AHB bus...
2743090000 >> AHB granted, starting recovery...
2762290000 >> Recovery done, continuing...
2762640000 >> Requesting for the AHB bus...
2763440000 >> AHB granted, starting recovery...
2782640000 >> Recovery done, continuing...
2782990000 >> Requesting for the AHB bus...
2783790000 >> AHB granted, starting recovery...
2802990000 >> Recovery done, continuing...
2803340000 >> Requesting for the AHB bus...
2804140000 >> AHB granted, starting recovery...
2823340000 >> Recovery done, continuing...
2823690000 >> Requesting for the AHB bus...
2824490000 >> AHB granted, starting recovery...
2843690000 >> Recovery done, continuing...
2844040000 >> Requesting for the AHB bus...
2844840000 >> AHB granted, starting recovery...
2864040000 >> Recovery done, continuing...
2864390000 >> Requesting for the AHB bus...
2865190000 >> AHB granted, starting recovery...
2884390000 >> Recovery done, continuing...
2884740000 >> Requesting for the AHB bus...
2885540000 >> AHB granted, starting recovery...
2904740000 >> Recovery done, continuing...
2905090000 >> Requesting for the AHB bus...
2905890000 >> AHB granted, starting recovery...
2925090000 >> Recovery done, continuing...
2925590000 >> Requesting for the AHB bus...
2926390000 >> AHB granted, starting recovery...
2945590000 >> Recovery done, continuing...
2945940000 >> Requesting for the AHB bus...
2946740000 >> AHB granted, starting recovery...
2965940000 >> Recovery done, continuing...
2966290000 >> Requesting for the AHB bus...
2967090000 >> AHB granted, starting recovery...
2986290000 >> Recovery done, continuing...
2986640000 >> Requesting for the AHB bus...
2987440000 >> AHB granted, starting recovery...
3006640000 >> Recovery done, continuing...
3006990000 >> Requesting for the AHB bus...
3007790000 >> AHB granted, starting recovery...
3026990000 >> Recovery done, continuing...
3027340000 >> Requesting for the AHB bus...
3028140000 >> AHB granted, starting recovery...
3047340000 >> Recovery done, continuing...
3047690000 >> Requesting for the AHB bus...
3048490000 >> AHB granted, starting recovery...
3067690000 >> Recovery done, continuing...
3068040000 >> Requesting for the AHB bus...
3068840000 >> AHB granted, starting recovery...
3088040000 >> Recovery done, continuing...
3088390000 >> Requesting for the AHB bus...
3089190000 >> AHB granted, starting recovery...
3108390000 >> Recovery done, continuing...
3108740000 >> Requesting for the AHB bus...
3109540000 >> AHB granted, starting recovery...
3128740000 >> Recovery done, continuing...
3129090000 >> Requesting for the AHB bus...
3129890000 >> AHB granted, starting recovery...
3149090000 >> Recovery done, continuing...
3149590000 >> Requesting for the AHB bus...
3150390000 >> AHB granted, starting recovery...
3169590000 >> Recovery done, continuing...
3169940000 >> Requesting for the AHB bus...
3170740000 >> AHB granted, starting recovery...
3189940000 >> Recovery done, continuing...
3190290000 >> Requesting for the AHB bus...
3191090000 >> AHB granted, starting recovery...
3210290000 >> Recovery done, continuing...
3210640000 >> Requesting for the AHB bus...
3211440000 >> AHB granted, starting recovery...
3230640000 >> Recovery done, continuing...
3230990000 >> Requesting for the AHB bus...
3231790000 >> AHB granted, starting recovery...
3250990000 >> Recovery done, continuing...
3251340000 >> Requesting for the AHB bus...
3252140000 >> AHB granted, starting recovery...
3271340000 >> Recovery done, continuing...
3271690000 >> Requesting for the AHB bus...
3272490000 >> AHB granted, starting recovery...
3291690000 >> Recovery done, continuing...
3292040000 >> Requesting for the AHB bus...
3292840000 >> AHB granted, starting recovery...
3312040000 >> Recovery done, continuing...
3312390000 >> Requesting for the AHB bus...
3313190000 >> AHB granted, starting recovery...
3332390000 >> Recovery done, continuing...
3332740000 >> Requesting for the AHB bus...
3333540000 >> AHB granted, starting recovery...
3352740000 >> Recovery done, continuing...
3353090000 >> Requesting for the AHB bus...
3353890000 >> AHB granted, starting recovery...
3373090000 >> Recovery done, continuing...
3373590000 >> Requesting for the AHB bus...
3374390000 >> AHB granted, starting recovery...
3393590000 >> Recovery done, continuing...
3393940000 >> Requesting for the AHB bus...
3394740000 >> AHB granted, starting recovery...
3413940000 >> Recovery done, continuing...
3414290000 >> Requesting for the AHB bus...
3415090000 >> AHB granted, starting recovery...
3434290000 >> Recovery done, continuing...
3434640000 >> Requesting for the AHB bus...
3435440000 >> AHB granted, starting recovery...
3454640000 >> Recovery done, continuing...
3454990000 >> Requesting for the AHB bus...
3455790000 >> AHB granted, starting recovery...
3474990000 >> Recovery done, continuing...
3475340000 >> Requesting for the AHB bus...
3476140000 >> AHB granted, starting recovery...
3495340000 >> Recovery done, continuing...
3495690000 >> Requesting for the AHB bus...
3496490000 >> AHB granted, starting recovery...
3515690000 >> Recovery done, continuing...
3516040000 >> Requesting for the AHB bus...
3516840000 >> AHB granted, starting recovery...
3536040000 >> Recovery done, continuing...
3536390000 >> Requesting for the AHB bus...
3537190000 >> AHB granted, starting recovery...
3556390000 >> Recovery done, continuing...
3556740000 >> Requesting for the AHB bus...
3557540000 >> AHB granted, starting recovery...
3576740000 >> Recovery done, continuing...
3577090000 >> Requesting for the AHB bus...
3577890000 >> AHB granted, starting recovery...
3597090000 >> Recovery done, continuing...
3597590000 >> Requesting for the AHB bus...
3598390000 >> AHB granted, starting recovery...
3617590000 >> Recovery done, continuing...
3617940000 >> Requesting for the AHB bus...
3618740000 >> AHB granted, starting recovery...
3637940000 >> Recovery done, continuing...
3638290000 >> Requesting for the AHB bus...
3639090000 >> AHB granted, starting recovery...
3658290000 >> Recovery done, continuing...
3658640000 >> Requesting for the AHB bus...
3659440000 >> AHB granted, starting recovery...
3678640000 >> Recovery done, continuing...
3678990000 >> Requesting for the AHB bus...
3679790000 >> AHB granted, starting recovery...
3698990000 >> Recovery done, continuing...
3699340000 >> Requesting for the AHB bus...
3700140000 >> AHB granted, starting recovery...
3719340000 >> Recovery done, continuing...
3719690000 >> Requesting for the AHB bus...
3720490000 >> AHB granted, starting recovery...
3739690000 >> Recovery done, continuing...
3740040000 >> Requesting for the AHB bus...
3740840000 >> AHB granted, starting recovery...
3760040000 >> Recovery done, continuing...
3760390000 >> Requesting for the AHB bus...
3761190000 >> AHB granted, starting recovery...
3780390000 >> Recovery done, continuing...
3780740000 >> Requesting for the AHB bus...
3781540000 >> AHB granted, starting recovery...
3800740000 >> Recovery done, continuing...
3801090000 >> Requesting for the AHB bus...
3801890000 >> AHB granted, starting recovery...
3821090000 >> Recovery done, continuing...
3821590000 >> Requesting for the AHB bus...
3822390000 >> AHB granted, starting recovery...
3841590000 >> Recovery done, continuing...
3841940000 >> Requesting for the AHB bus...
3842740000 >> AHB granted, starting recovery...
3861940000 >> Recovery done, continuing...
3862290000 >> Requesting for the AHB bus...
3863090000 >> AHB granted, starting recovery...
3882290000 >> Recovery done, continuing...
3882640000 >> Requesting for the AHB bus...
3883440000 >> AHB granted, starting recovery...
3902640000 >> Recovery done, continuing...
3902990000 >> Requesting for the AHB bus...
3903790000 >> AHB granted, starting recovery...
3922990000 >> Recovery done, continuing...
3923340000 >> Requesting for the AHB bus...
3924140000 >> AHB granted, starting recovery...
3943340000 >> Recovery done, continuing...
3943690000 >> Requesting for the AHB bus...
3944490000 >> AHB granted, starting recovery...
3963690000 >> Recovery done, continuing...
3964040000 >> Requesting for the AHB bus...
3964840000 >> AHB granted, starting recovery...
3984040000 >> Recovery done, continuing...
3984390000 >> Requesting for the AHB bus...
3985190000 >> AHB granted, starting recovery...
4004390000 >> Recovery done, continuing...
4004740000 >> Requesting for the AHB bus...
4005540000 >> AHB granted, starting recovery...
4024740000 >> Recovery done, continuing...
4025090000 >> Requesting for the AHB bus...
4025890000 >> AHB granted, starting recovery...
4045090000 >> Recovery done, continuing...
4045590000 >> Requesting for the AHB bus...
4046390000 >> AHB granted, starting recovery...
4065590000 >> Recovery done, continuing...
4065940000 >> Requesting for the AHB bus...
4066740000 >> AHB granted, starting recovery...
4085940000 >> Recovery done, continuing...
4086290000 >> Requesting for the AHB bus...
4087090000 >> AHB granted, starting recovery...
4106290000 >> Recovery done, continuing...
4106640000 >> Requesting for the AHB bus...
4107440000 >> AHB granted, starting recovery...
4126640000 >> Recovery done, continuing...
4126990000 >> Requesting for the AHB bus...
4127790000 >> AHB granted, starting recovery...
4146990000 >> Recovery done, continuing...
4147340000 >> Requesting for the AHB bus...
4148140000 >> AHB granted, starting recovery...
4167340000 >> Recovery done, continuing...
4167690000 >> Requesting for the AHB bus...
4168490000 >> AHB granted, starting recovery...
4187690000 >> Recovery done, continuing...
4188040000 >> Requesting for the AHB bus...
4188840000 >> AHB granted, starting recovery...
4208040000 >> Recovery done, continuing...
4208390000 >> Requesting for the AHB bus...
4209190000 >> AHB granted, starting recovery...
4228390000 >> Recovery done, continuing...
4228740000 >> Requesting for the AHB bus...
4229540000 >> AHB granted, starting recovery...
4248740000 >> Recovery done, continuing...
4249090000 >> Requesting for the AHB bus...
4249890000 >> AHB granted, starting recovery...
4269090000 >> Recovery done, continuing...
4269590000 >> Requesting for the AHB bus...
4270390000 >> AHB granted, starting recovery...
4289590000 >> Recovery done, continuing...
4289940000 >> Requesting for the AHB bus...
4290740000 >> AHB granted, starting recovery...
4309940000 >> Recovery done, continuing...
4310290000 >> Requesting for the AHB bus...
4311090000 >> AHB granted, starting recovery...
4330290000 >> Recovery done, continuing...
4330640000 >> Requesting for the AHB bus...
4331440000 >> AHB granted, starting recovery...
4350640000 >> Recovery done, continuing...
4350990000 >> Requesting for the AHB bus...
4351790000 >> AHB granted, starting recovery...
4370990000 >> Recovery done, continuing...
4371340000 >> Requesting for the AHB bus...
4372140000 >> AHB granted, starting recovery...
4391340000 >> Recovery done, continuing...
4391690000 >> Requesting for the AHB bus...
4392490000 >> AHB granted, starting recovery...
4411690000 >> Recovery done, continuing...
4412040000 >> Requesting for the AHB bus...
4412840000 >> AHB granted, starting recovery...
4432040000 >> Recovery done, continuing...
4432390000 >> Requesting for the AHB bus...
4433190000 >> AHB granted, starting recovery...
4452390000 >> Recovery done, continuing...
4452740000 >> Requesting for the AHB bus...
4453540000 >> AHB granted, starting recovery...
4472740000 >> Recovery done, continuing...
4473090000 >> Requesting for the AHB bus...
4473890000 >> AHB granted, starting recovery...
4493090000 >> Recovery done, continuing...
4493590000 >> Requesting for the AHB bus...
4494390000 >> AHB granted, starting recovery...
4513590000 >> Recovery done, continuing...
4513940000 >> Requesting for the AHB bus...
4514740000 >> AHB granted, starting recovery...
4533940000 >> Recovery done, continuing...
4534290000 >> Requesting for the AHB bus...
4535090000 >> AHB granted, starting recovery...
4554290000 >> Recovery done, continuing...
4554640000 >> Requesting for the AHB bus...
4555440000 >> AHB granted, starting recovery...
4574640000 >> Recovery done, continuing...
4574990000 >> Requesting for the AHB bus...
4575790000 >> AHB granted, starting recovery...
4594990000 >> Recovery done, continuing...
4595340000 >> Requesting for the AHB bus...
4596140000 >> AHB granted, starting recovery...
4615340000 >> Recovery done, continuing...
4615690000 >> Requesting for the AHB bus...
4616490000 >> AHB granted, starting recovery...
4635690000 >> Recovery done, continuing...
4636040000 >> Requesting for the AHB bus...
4636840000 >> AHB granted, starting recovery...
4656040000 >> Recovery done, continuing...
4656390000 >> Requesting for the AHB bus...
4657190000 >> AHB granted, starting recovery...
4676390000 >> Recovery done, continuing...
4676740000 >> Requesting for the AHB bus...
4677540000 >> AHB granted, starting recovery...
4696740000 >> Recovery done, continuing...
4697090000 >> Requesting for the AHB bus...
4697890000 >> AHB granted, starting recovery...
4717090000 >> Recovery done, continuing...
4717590000 >> Requesting for the AHB bus...
4718390000 >> AHB granted, starting recovery...
4737590000 >> Recovery done, continuing...
4737940000 >> Requesting for the AHB bus...
4738740000 >> AHB granted, starting recovery...
4757940000 >> Recovery done, continuing...
4758290000 >> Requesting for the AHB bus...
4759090000 >> AHB granted, starting recovery...
4778290000 >> Recovery done, continuing...
4778640000 >> Requesting for the AHB bus...
4779440000 >> AHB granted, starting recovery...
4798640000 >> Recovery done, continuing...
4798990000 >> Requesting for the AHB bus...
4799790000 >> AHB granted, starting recovery...
4818990000 >> Recovery done, continuing...
4819340000 >> Requesting for the AHB bus...
4820140000 >> AHB granted, starting recovery...
4839340000 >> Recovery done, continuing...
4839690000 >> Requesting for the AHB bus...
4840490000 >> AHB granted, starting recovery...
4859690000 >> Recovery done, continuing...
4860040000 >> Requesting for the AHB bus...
4860840000 >> AHB granted, starting recovery...
4880040000 >> Recovery done, continuing...
4880390000 >> Requesting for the AHB bus...
4881190000 >> AHB granted, starting recovery...
4900390000 >> Recovery done, continuing...
4900740000 >> Requesting for the AHB bus...
4901540000 >> AHB granted, starting recovery...
4920740000 >> Recovery done, continuing...
4921090000 >> Requesting for the AHB bus...
4921890000 >> AHB granted, starting recovery...
4941090000 >> Recovery done, continuing...
4941590000 >> Requesting for the AHB bus...
4942390000 >> AHB granted, starting recovery...
4961590000 >> Recovery done, continuing...
4961940000 >> Requesting for the AHB bus...
4962740000 >> AHB granted, starting recovery...
4981940000 >> Recovery done, continuing...
4982290000 >> Requesting for the AHB bus...
4983090000 >> AHB granted, starting recovery...
5002290000 >> Recovery done, continuing...
5002640000 >> Requesting for the AHB bus...
5003440000 >> AHB granted, starting recovery...
5022640000 >> Recovery done, continuing...
5022990000 >> Requesting for the AHB bus...
5023790000 >> AHB granted, starting recovery...
5042990000 >> Recovery done, continuing...
5043340000 >> Requesting for the AHB bus...
5044140000 >> AHB granted, starting recovery...
5063340000 >> Recovery done, continuing...
5063690000 >> Requesting for the AHB bus...
5064490000 >> AHB granted, starting recovery...
5083690000 >> Recovery done, continuing...
5084040000 >> Requesting for the AHB bus...
5084840000 >> AHB granted, starting recovery...
5104040000 >> Recovery done, continuing...
5104390000 >> Requesting for the AHB bus...
5105190000 >> AHB granted, starting recovery...
5124390000 >> Recovery done, continuing...
5124740000 >> Requesting for the AHB bus...
5125540000 >> AHB granted, starting recovery...
5144740000 >> Recovery done, continuing...
5145090000 >> Requesting for the AHB bus...
5145890000 >> AHB granted, starting recovery...
5165090000 >> Recovery done, continuing...
5165590000 >> Requesting for the AHB bus...
5166390000 >> AHB granted, starting recovery...
5185590000 >> Recovery done, continuing...
5185940000 >> Requesting for the AHB bus...
5186740000 >> AHB granted, starting recovery...
5205940000 >> Recovery done, continuing...
5206290000 >> Requesting for the AHB bus...
5207090000 >> AHB granted, starting recovery...
5226290000 >> Recovery done, continuing...
5226640000 >> Requesting for the AHB bus...
5227440000 >> AHB granted, starting recovery...
5246640000 >> Recovery done, continuing...
5246990000 >> Requesting for the AHB bus...
5247790000 >> AHB granted, starting recovery...
5266990000 >> Recovery done, continuing...
5267340000 >> Requesting for the AHB bus...
5268140000 >> AHB granted, starting recovery...
5287340000 >> Recovery done, continuing...
5287690000 >> Requesting for the AHB bus...
5288490000 >> AHB granted, starting recovery...
5307690000 >> Recovery done, continuing...
5308040000 >> Requesting for the AHB bus...
5308840000 >> AHB granted, starting recovery...
5328040000 >> Recovery done, continuing...
5328390000 >> Requesting for the AHB bus...
5329190000 >> AHB granted, starting recovery...
5348390000 >> Recovery done, continuing...
5348740000 >> Requesting for the AHB bus...
5349540000 >> AHB granted, starting recovery...
5368740000 >> Recovery done, continuing...
5369090000 >> Requesting for the AHB bus...
5369890000 >> AHB granted, starting recovery...
5389090000 >> Recovery done, continuing...
5389590000 >> Requesting for the AHB bus...
5390390000 >> AHB granted, starting recovery...
5409590000 >> Recovery done, continuing...
5409940000 >> Requesting for the AHB bus...
5410740000 >> AHB granted, starting recovery...
5429940000 >> Recovery done, continuing...
5430290000 >> Requesting for the AHB bus...
5431090000 >> AHB granted, starting recovery...
5450290000 >> Recovery done, continuing...
5450640000 >> Requesting for the AHB bus...
5451440000 >> AHB granted, starting recovery...
5470640000 >> Recovery done, continuing...
5470990000 >> Requesting for the AHB bus...
5471790000 >> AHB granted, starting recovery...
5490990000 >> Recovery done, continuing...
5491340000 >> Requesting for the AHB bus...
5492140000 >> AHB granted, starting recovery...
5511340000 >> Recovery done, continuing...
5511690000 >> Requesting for the AHB bus...
5512490000 >> AHB granted, starting recovery...
5531690000 >> Recovery done, continuing...
5532040000 >> Requesting for the AHB bus...
5532840000 >> AHB granted, starting recovery...
5552040000 >> Recovery done, continuing...
5552390000 >> Requesting for the AHB bus...
5553190000 >> AHB granted, starting recovery...
5572390000 >> Recovery done, continuing...
5572740000 >> Requesting for the AHB bus...
5573540000 >> AHB granted, starting recovery...
5592740000 >> Recovery done, continuing...
5593090000 >> Requesting for the AHB bus...
5593890000 >> AHB granted, starting recovery...
5613090000 >> Recovery done, continuing...
5613590000 >> Requesting for the AHB bus...
5614390000 >> AHB granted, starting recovery...
5633590000 >> Recovery done, continuing...
5633940000 >> Requesting for the AHB bus...
5634740000 >> AHB granted, starting recovery...
5653940000 >> Recovery done, continuing...
5654290000 >> Requesting for the AHB bus...
5655090000 >> AHB granted, starting recovery...
5674290000 >> Recovery done, continuing...
5674640000 >> Requesting for the AHB bus...
5675440000 >> AHB granted, starting recovery...
5694640000 >> Recovery done, continuing...
5694990000 >> Requesting for the AHB bus...
5695790000 >> AHB granted, starting recovery...
5714990000 >> Recovery done, continuing...
5715340000 >> Requesting for the AHB bus...
5716140000 >> AHB granted, starting recovery...
5735340000 >> Recovery done, continuing...
5735690000 >> Requesting for the AHB bus...
5736490000 >> AHB granted, starting recovery...
5745715000 >> time limit reached...
/testbench/cpu/l3/u0/leon3x0/vhdl/p0/iu/r.w.wreg:0
/testbench/cpu/l3/u0/leon3x0/vhdl/p0/iu/r.m.irqen:1
/testbench/cpu/l3/u0/leon3x0/vhdl/p0/iu/r.m.icc:0000
/testbench/cpu/l3/u0/leon3x0/vhdl/p0/iu/r.a.ticc:0
/testbench/cpu/l3/u0/leon3x0/vhdl/p0/iu/r.a.step:0
/testbench/cpu/l3/u0/leon3x0/vhdl/p0/iu/r.m.irqen2:1
/testbench/cpu/l3/u0/leon3x0/vhdl/p0/iu/r.d.pc:01000000000000000000001101000100
/testbench/cpu/l3/u0/leon3x0/vhdl/p0/iu/r.d.rexpl:{{00000000000000000000000000000000} {00} {0} 0 0 {0000000000000000000} 0 0 0 0 0 0}
/testbench/cpu/l3/u0/leon3x0/vhdl/p0/iu/r.d.mexc:0
/testbench/cpu/l3/u0/leon3x0/vhdl/p0/iu/r.a.aw:0
/testbench/cpu/l3/u0/leon3x0/vhdl/p0/iu/r.e.ctrl:{{01000000000000000000001101000000} {11000100000001111010000001000100} {00} {10000010} {000000} 0 0 1 0 0 1 1 0 0}
/testbench/cpu/l3/u0/leon3x0/vhdl/p0/iu/r.a.divstart:0
/testbench/cpu/l3/u0/leon3x0/vhdl/p0/iu/r.e.shleft:0
/testbench/cpu/l3/u0/leon3x0/vhdl/p0/iu/r.a.bp:0
/testbench/cpu/l3/u0/leon3x0/vhdl/p0/iu/r.w.twcwp:000
/testbench/cpu/l3/u0/leon3x0/vhdl/p0/iu/r.a.jmpl:0
/testbench/cpu/l3/u0/leon3x0/vhdl/p0/iu/r.m.casa:0
/testbench/cpu/l3/u0/leon3x0/vhdl/p0/iu/r.m.werr:0
/testbench/cpu/l3/u0/leon3x0/vhdl/p0/iu/r.e.su:1
/testbench/cpu/l3/u0/leon3x0/vhdl/p0/iu/r.e.et:1
/testbench/cpu/l3/u0/leon3x0/vhdl/p0/iu/r.a.ldcheck1:1
/testbench/cpu/l3/u0/leon3x0/vhdl/p0/iu/r.d.stwin:000
/testbench/cpu/l3/u0/leon3x0/vhdl/p0/iu/r.a.ldcheck2:1
/testbench/cpu/l3/u0/leon3x0/vhdl/p0/iu/r.x.intack:0
/testbench/cpu/l3/u0/leon3x0/vhdl/p0/iu/r.m.ctrl:{{01000000000000000000001100111100} {11000010000001111011111111111000} {00} {10000001} {000000} 0 0 1 0 0 1 1 0 0}
/testbench/cpu/l3/u0/leon3x0/vhdl/p0/iu/r.a.cwp:101
/testbench/cpu/l3/u0/leon3x0/vhdl/p0/iu/r.e.sari:0
/testbench/cpu/l3/u0/leon3x0/vhdl/p0/iu/r.d.paw:0
/testbench/cpu/l3/u0/leon3x0/vhdl/p0/iu/r.d.aw:0
/testbench/cpu/l3/u0/leon3x0/vhdl/p0/iu/r.d.awp:000
/testbench/cpu/l3/u0/leon3x0/vhdl/p0/iu/r.x.ctrl:{{01000000000000000000001100111000} {11000100001010000100000000000000} {01} {10000010} {000000} 0 0 0 0 0 0 0 0 0}
/testbench/cpu/l3/u0/leon3x0/vhdl/p0/iu/r.m.rexnalign:0
/testbench/cpu/l3/u0/leon3x0/vhdl/p0/iu/r.m.su:1
/testbench/cpu/l3/u0/leon3x0/vhdl/p0/iu/r.m.wcwp:0
/testbench/cpu/l3/u0/leon3x0/vhdl/p0/iu/r.d.divrdy:0
/testbench/cpu/l3/u0/leon3x0/vhdl/p0/iu/r.e.cwp:101
/testbench/cpu/l3/u0/leon3x0/vhdl/p0/iu/r.w.except:0
/testbench/cpu/l3/u0/leon3x0/vhdl/p0/iu/r.x.nerror:0
/testbench/cpu/l3/u0/leon3x0/vhdl/p0/iu/r.a.bpimiss:0
/testbench/cpu/l3/u0/leon3x0/vhdl/p0/iu/r.a.nobp:0
/testbench/cpu/l3/u0/leon3x0/vhdl/p0/iu/r.d.rexcnt:0
/testbench/cpu/l3/u0/leon3x0/vhdl/p0/iu/r.w.s:{{101} {0000} {00000000} {01000000000000000000} {00000010} {0000} 0 0 1 1 1 {00000000000000000000000000000000} {UUUUUUUUUUUUUUUUUUUUUUUUUUUUUUUU} 1 0 0 1 1 1 0 0 {000} {000} {111}}
/testbench/cpu/l3/u0/leon3x0/vhdl/p0/iu/r.d.pv:1
/testbench/cpu/l3/u0/leon3x0/vhdl/p0/iu/r.a.ldchkra:1
/testbench/cpu/l3/u0/leon3x0/vhdl/p0/iu/r.a.rfa1:10000010
/testbench/cpu/l3/u0/leon3x0/vhdl/p0/iu/r.a.rfa2:10000001
/testbench/cpu/l3/u0/leon3x0/vhdl/p0/iu/r.a.imm:00000000000000000000000000000001
/testbench/cpu/l3/u0/leon3x0/vhdl/p0/iu/r.w.wa:10000010
/testbench/cpu/l3/u0/leon3x0/vhdl/p0/iu/r.m.casaz:0
/testbench/cpu/l3/u0/leon3x0/vhdl/p0/iu/r.x.dci:{0 0 0 1 0 0 {00} {00001011}}
/testbench/cpu/l3/u0/leon3x0/vhdl/p0/iu/r.x.mac:0
/testbench/cpu/l3/u0/leon3x0/vhdl/p0/iu/r.m.divz:0
/testbench/cpu/l3/u0/leon3x0/vhdl/p0/iu/r.d.inst:{{10000010000000001000000000000001}}
/testbench/cpu/l3/u0/leon3x0/vhdl/p0/iu/r.e.rfe1:1
/testbench/cpu/l3/u0/leon3x0/vhdl/p0/iu/r.a.wovf:0
/testbench/cpu/l3/u0/leon3x0/vhdl/p0/iu/r.e.rfe2:0
/testbench/cpu/l3/u0/leon3x0/vhdl/p0/iu/r.e.op1:01000000000011111111111010100000
/testbench/cpu/l3/u0/leon3x0/vhdl/p0/iu/r.m.nalign:0
/testbench/cpu/l3/u0/leon3x0/vhdl/p0/iu/r.e.op2:00000000000000000000000001000100
/testbench/cpu/l3/u0/leon3x0/vhdl/p0/iu/r.d.rexen:0
/testbench/cpu/l3/u0/leon3x0/vhdl/p0/iu/r.a.ctrl:{{01000000000000000000001101000100} {10000010000000001000000000000001} {00} {10000001} {000000} 0 1 0 0 0 0 0 0 0}
/testbench/cpu/l3/u0/leon3x0/vhdl/p0/iu/r.x.ipend:0
/testbench/cpu/l3/u0/leon3x0/vhdl/p0/iu/r.e.ldbp1:0
/testbench/cpu/l3/u0/leon3x0/vhdl/p0/iu/r.e.aluadd:1
/testbench/cpu/l3/u0/leon3x0/vhdl/p0/iu/r.d.set:0
/testbench/cpu/l3/u0/leon3x0/vhdl/p0/iu/r.d.inull:0
/testbench/cpu/l3/u0/leon3x0/vhdl/p0/iu/r.e.ldbp2:0
/testbench/cpu/l3/u0/leon3x0/vhdl/p0/iu/r.d.cnt:00
/testbench/cpu/l3/u0/leon3x0/vhdl/p0/iu/r.a.su:1
/testbench/cpu/l3/u0/leon3x0/vhdl/p0/iu/r.a.et:1
/testbench/cpu/l3/u0/leon3x0/vhdl/p0/iu/r.e.mul:0
/testbench/cpu/l3/u0/leon3x0/vhdl/p0/iu/r.e.alusel:00
/testbench/cpu/l3/u0/leon3x0/vhdl/p0/iu/r.e.aw:U
/testbench/cpu/l3/u0/leon3x0/vhdl/p0/iu/r.e.mac:0
/testbench/cpu/l3/u0/leon3x0/vhdl/p0/iu/r.a.decill:0
/testbench/cpu/l3/u0/leon3x0/vhdl/p0/iu/r.x.icc:0000
/testbench/cpu/l3/u0/leon3x0/vhdl/p0/iu/r.x.result:00000001000000010000000100000001
/testbench/cpu/l3/u0/leon3x0/vhdl/p0/iu/r.e.bp:0
/testbench/cpu/l3/u0/leon3x0/vhdl/p0/iu/r.a.rs1:00010
/testbench/cpu/l3/u0/leon3x0/vhdl/p0/iu/r.e.jmpl:0
/testbench/cpu/l3/u0/leon3x0/vhdl/p0/iu/r.a.rsel1:001
/testbench/cpu/l3/u0/leon3x0/vhdl/p0/iu/r.x.y:00000000000000000000000000000000
/testbench/cpu/l3/u0/leon3x0/vhdl/p0/iu/r.a.rsel2:010
/testbench/cpu/l3/u0/leon3x0/vhdl/p0/iu/r.a.awp:000
/testbench/cpu/l3/u0/leon3x0/vhdl/p0/iu/r.a.paw:0
/testbench/cpu/l3/u0/leon3x0/vhdl/p0/iu/r.x.data:{{00000000000000000000000000000001}}
/testbench/cpu/l3/u0/leon3x0/vhdl/p0/iu/r.m.mul:0
/testbench/cpu/l3/u0/leon3x0/vhdl/p0/iu/r.e.rd:UUUUU
/testbench/cpu/l3/u0/leon3x0/vhdl/p0/iu/r.e.invop2:0
/testbench/cpu/l3/u0/leon3x0/vhdl/p0/iu/r.m.wawp:0
/testbench/cpu/l3/u0/leon3x0/vhdl/p0/iu/r.d.cwpmax:111
/testbench/cpu/l3/u0/leon3x0/vhdl/p0/iu/r.f.branch:0
/testbench/cpu/l3/u0/leon3x0/vhdl/p0/iu/r.d.pcheld:1
/testbench/cpu/l3/u0/leon3x0/vhdl/p0/iu/r.m.dci:{0 1 1 0 0 0 {10} {00001011}}
/testbench/cpu/l3/u0/leon3x0/vhdl/p0/iu/r.e.paw:U
/testbench/cpu/l3/u0/leon3x0/vhdl/p0/iu/r.e.awp:UUU
/testbench/cpu/l3/u0/leon3x0/vhdl/p0/iu/r.e.shcnt:00100
/testbench/cpu/l3/u0/leon3x0/vhdl/p0/iu/r.w.result:01000000000000000001111001001011
/testbench/cpu/l3/u0/leon3x0/vhdl/p0/iu/r.m.mac:0
/testbench/cpu/l3/u0/leon3x0/vhdl/p0/iu/r.m.y:00000000000000000000000000000000
/testbench/cpu/l3/u0/leon3x0/vhdl/p0/iu/r.d.cwp:101
/testbench/cpu/l3/u0/leon3x0/vhdl/p0/iu/r.x.laddr:01
/testbench/cpu/l3/u0/leon3x0/vhdl/p0/iu/r.e.mulstep:0
/testbench/cpu/l3/u0/leon3x0/vhdl/p0/iu/r.e.ymsb:0
/testbench/cpu/l3/u0/leon3x0/vhdl/p0/iu/r.d.rexbuf:00000000000000000000000000000000
/testbench/cpu/l3/u0/leon3x0/vhdl/p0/iu/r.x.npc:100
/testbench/cpu/l3/u0/leon3x0/vhdl/p0/iu/r.f.pc:01000000000000000000001101001000
/testbench/cpu/l3/u0/leon3x0/vhdl/p0/iu/r.d.annul:0
/testbench/cpu/l3/u0/leon3x0/vhdl/p0/iu/r.x.rstate:run
/testbench/cpu/l3/u0/leon3x0/vhdl/p0/iu/r.x.set:0
/testbench/cpu/l3/u0/leon3x0/vhdl/p0/iu/r.m.result:01000000000011111111111010100000
/testbench/cpu/l3/u0/leon3x0/vhdl/p0/iu/r.e.icc:UUUU
/testbench/cpu/l3/u0/leon3x0/vhdl/p0/iu/r.a.getpc:0
/testbench/cpu/l3/u0/leon3x0/vhdl/p0/iu/r.a.ldchkex:1
/testbench/cpu/l3/u0/leon3x0/vhdl/p0/iu/r.x.mexc:0
/testbench/cpu/l3/u0/leon3x0/vhdl/p0/iu/r.a.mulstart:0
/testbench/cpu/l3/u0/leon3x0/vhdl/p0/iu/r.d.rexpos:10
/testbench/cpu/l3/u0/leon3x0/vhdl/p0/iu/r.x.annul_all:0
/testbench/cpu/l3/u0/leon3x0/vhdl/p0/iu/r.e.aluop:000
/testbench/cpu/l3/u0/leon3x0/vhdl/p0/iu/r.x.debug:0
/testbench/cpu/l3/u0/leon3x0/vhdl/p0/iu/r.a.rfe1:0
/testbench/cpu/l3/u0/leon3x0/vhdl/p0/iu/r.d.step:0
/testbench/cpu/l3/u0/leon3x0/vhdl/p0/iu/r.a.rfe2:0
/testbench/cpu/l3/u0/leon3x0/vhdl/p0/iu/r.e.alucin:0
/testbench/cpu/l3/u0/leon3x0/vhdl/p0/iu/r.a.wunf:0
compare to golden: 1
======================================
progstatus: -2
execerr: 170
latent: 1
time limit!
>>>>>>>>>>>>>>> 5745715000
======================================
