Test signal = /testbench/cpu/l3/u0/leon3x0/vhdl/p0/iu/r.d.annul
oldval = 0
pos1: -1 pos0: 0 posU: -1
newval = 1
force in 2191925
586290000 >> iteration no: 0
1598340000 >> iteration no: 1
2610390000 >> iteration no: 2
Signal value: 0
oldval = 0
pos1: -1 pos0: 0 posU: -1
newval = 1
2774515000 >> Requesting for the AHB bus...
2775440000 >> AHB granted, starting recovery...
2794640000 >> Recovery done, continuing...
2795315000 >> Requesting for the AHB bus...
2795915000 >> Requesting for the AHB bus...
2796315000 >> AHB granted, starting recovery...
2815515000 >> Recovery done, continuing...
2816190000 >> Requesting for the AHB bus...
2816965000 >> Requesting for the AHB bus...
2817365000 >> AHB granted, starting recovery...
2836565000 >> Recovery done, continuing...
2837240000 >> Requesting for the AHB bus...
2837840000 >> Requesting for the AHB bus...
2838240000 >> AHB granted, starting recovery...
2857440000 >> Recovery done, continuing...
2858115000 >> Requesting for the AHB bus...
2858715000 >> Requesting for the AHB bus...
2859115000 >> AHB granted, starting recovery...
2878315000 >> Recovery done, continuing...
2878990000 >> Requesting for the AHB bus...
2879590000 >> Requesting for the AHB bus...
2879990000 >> AHB granted, starting recovery...
2899190000 >> Recovery done, continuing...
2900040000 >> Requesting for the AHB bus...
2900640000 >> Requesting for the AHB bus...
2901040000 >> AHB granted, starting recovery...
2920240000 >> Recovery done, continuing...
2920915000 >> Requesting for the AHB bus...
2921515000 >> Requesting for the AHB bus...
2921915000 >> AHB granted, starting recovery...
2941115000 >> Recovery done, continuing...
2941790000 >> Requesting for the AHB bus...
2942390000 >> Requesting for the AHB bus...
2942790000 >> AHB granted, starting recovery...
2961990000 >> Recovery done, continuing...
2962665000 >> Requesting for the AHB bus...
2963265000 >> Requesting for the AHB bus...
2963665000 >> AHB granted, starting recovery...
2982865000 >> Recovery done, continuing...
2983540000 >> Requesting for the AHB bus...
2984140000 >> Requesting for the AHB bus...
2984540000 >> AHB granted, starting recovery...
3003740000 >> Recovery done, continuing...
3004415000 >> Requesting for the AHB bus...
3005015000 >> Requesting for the AHB bus...
3005415000 >> AHB granted, starting recovery...
3024615000 >> Recovery done, continuing...
3025290000 >> Requesting for the AHB bus...
3025890000 >> Requesting for the AHB bus...
3026290000 >> AHB granted, starting recovery...
3045490000 >> Recovery done, continuing...
3046165000 >> Requesting for the AHB bus...
3046765000 >> Requesting for the AHB bus...
3047165000 >> AHB granted, starting recovery...
3066365000 >> Recovery done, continuing...
3067040000 >> Requesting for the AHB bus...
3067640000 >> Requesting for the AHB bus...
3068040000 >> AHB granted, starting recovery...
3087240000 >> Recovery done, continuing...
3087915000 >> Requesting for the AHB bus...
3088515000 >> Requesting for the AHB bus...
3088915000 >> AHB granted, starting recovery...
3108115000 >> Recovery done, continuing...
3108790000 >> Requesting for the AHB bus...
3109390000 >> Requesting for the AHB bus...
3109790000 >> AHB granted, starting recovery...
3128990000 >> Recovery done, continuing...
3129665000 >> Requesting for the AHB bus...
3130440000 >> Requesting for the AHB bus...
3130840000 >> AHB granted, starting recovery...
3150040000 >> Recovery done, continuing...
3150715000 >> Requesting for the AHB bus...
3151315000 >> Requesting for the AHB bus...
3151715000 >> AHB granted, starting recovery...
3170915000 >> Recovery done, continuing...
3171590000 >> Requesting for the AHB bus...
3172190000 >> Requesting for the AHB bus...
3172590000 >> AHB granted, starting recovery...
3191790000 >> Recovery done, continuing...
3192465000 >> Requesting for the AHB bus...
3193065000 >> Requesting for the AHB bus...
3193465000 >> AHB granted, starting recovery...
3212665000 >> Recovery done, continuing...
3213340000 >> Requesting for the AHB bus...
3214115000 >> Requesting for the AHB bus...
3214515000 >> AHB granted, starting recovery...
3233715000 >> Recovery done, continuing...
3234390000 >> Requesting for the AHB bus...
3234990000 >> Requesting for the AHB bus...
3235390000 >> AHB granted, starting recovery...
3254590000 >> Recovery done, continuing...
3255265000 >> Requesting for the AHB bus...
3255865000 >> Requesting for the AHB bus...
3256265000 >> AHB granted, starting recovery...
3275465000 >> Recovery done, continuing...
3276140000 >> Requesting for the AHB bus...
3276740000 >> Requesting for the AHB bus...
3277140000 >> AHB granted, starting recovery...
3296340000 >> Recovery done, continuing...
3297115000 >> Requesting for the AHB bus...
3297715000 >> Requesting for the AHB bus...
3298115000 >> AHB granted, starting recovery...
3317315000 >> Recovery done, continuing...
3317990000 >> Requesting for the AHB bus...
3318590000 >> Requesting for the AHB bus...
3318990000 >> AHB granted, starting recovery...
3338190000 >> Recovery done, continuing...
3338865000 >> Requesting for the AHB bus...
3339465000 >> Requesting for the AHB bus...
3339865000 >> AHB granted, starting recovery...
3359065000 >> Recovery done, continuing...
3359740000 >> Requesting for the AHB bus...
3360340000 >> Requesting for the AHB bus...
3360740000 >> AHB granted, starting recovery...
3379940000 >> Recovery done, continuing...
3380615000 >> Requesting for the AHB bus...
3381215000 >> Requesting for the AHB bus...
3381615000 >> AHB granted, starting recovery...
3400815000 >> Recovery done, continuing...
3401490000 >> Requesting for the AHB bus...
3402090000 >> Requesting for the AHB bus...
3402490000 >> AHB granted, starting recovery...
3421690000 >> Recovery done, continuing...
3422365000 >> Requesting for the AHB bus...
3422965000 >> Requesting for the AHB bus...
3423365000 >> AHB granted, starting recovery...
3442565000 >> Recovery done, continuing...
3443240000 >> Requesting for the AHB bus...
3444015000 >> Requesting for the AHB bus...
3444415000 >> AHB granted, starting recovery...
3463615000 >> Recovery done, continuing...
3464290000 >> Requesting for the AHB bus...
3464890000 >> Requesting for the AHB bus...
3465290000 >> AHB granted, starting recovery...
3484490000 >> Recovery done, continuing...
3485165000 >> Requesting for the AHB bus...
3485765000 >> Requesting for the AHB bus...
3486165000 >> AHB granted, starting recovery...
3505365000 >> Recovery done, continuing...
3506040000 >> Requesting for the AHB bus...
3506640000 >> Requesting for the AHB bus...
3507040000 >> AHB granted, starting recovery...
3526240000 >> Recovery done, continuing...
3526915000 >> Requesting for the AHB bus...
3527690000 >> Requesting for the AHB bus...
3528090000 >> AHB granted, starting recovery...
3547290000 >> Recovery done, continuing...
3547965000 >> Requesting for the AHB bus...
3548565000 >> Requesting for the AHB bus...
3548965000 >> AHB granted, starting recovery...
3568165000 >> Recovery done, continuing...
3568840000 >> Requesting for the AHB bus...
3569440000 >> Requesting for the AHB bus...
3569840000 >> AHB granted, starting recovery...
3589040000 >> Recovery done, continuing...
3589715000 >> Requesting for the AHB bus...
3590315000 >> Requesting for the AHB bus...
3590715000 >> AHB granted, starting recovery...
3609915000 >> Recovery done, continuing...
3610715000 >> Requesting for the AHB bus...
3611315000 >> Requesting for the AHB bus...
3611715000 >> AHB granted, starting recovery...
3630915000 >> Recovery done, continuing...
3631590000 >> Requesting for the AHB bus...
3632190000 >> Requesting for the AHB bus...
3632590000 >> AHB granted, starting recovery...
3651790000 >> Recovery done, continuing...
3652465000 >> Requesting for the AHB bus...
3653065000 >> Requesting for the AHB bus...
3653465000 >> AHB granted, starting recovery...
3672665000 >> Recovery done, continuing...
3673340000 >> Requesting for the AHB bus...
3673940000 >> Requesting for the AHB bus...
3674340000 >> AHB granted, starting recovery...
3693540000 >> Recovery done, continuing...
3694215000 >> Requesting for the AHB bus...
3694815000 >> Requesting for the AHB bus...
3695215000 >> AHB granted, starting recovery...
3714415000 >> Recovery done, continuing...
3715090000 >> Requesting for the AHB bus...
3715690000 >> Requesting for the AHB bus...
3716090000 >> AHB granted, starting recovery...
3735290000 >> Recovery done, continuing...
3735965000 >> Requesting for the AHB bus...
3736565000 >> Requesting for the AHB bus...
3736965000 >> AHB granted, starting recovery...
3756165000 >> Recovery done, continuing...
3756840000 >> Requesting for the AHB bus...
3757615000 >> Requesting for the AHB bus...
3758015000 >> AHB granted, starting recovery...
3777215000 >> Recovery done, continuing...
3777890000 >> Requesting for the AHB bus...
3778490000 >> Requesting for the AHB bus...
3778890000 >> AHB granted, starting recovery...
3798090000 >> Recovery done, continuing...
3798765000 >> Requesting for the AHB bus...
3799365000 >> Requesting for the AHB bus...
3799765000 >> AHB granted, starting recovery...
3818965000 >> Recovery done, continuing...
3819640000 >> Requesting for the AHB bus...
3820240000 >> Requesting for the AHB bus...
3820640000 >> AHB granted, starting recovery...
3839840000 >> Recovery done, continuing...
3840515000 >> Requesting for the AHB bus...
3841290000 >> Requesting for the AHB bus...
3841690000 >> AHB granted, starting recovery...
3860890000 >> Recovery done, continuing...
3861565000 >> Requesting for the AHB bus...
3862165000 >> Requesting for the AHB bus...
3862565000 >> AHB granted, starting recovery...
3881765000 >> Recovery done, continuing...
3882440000 >> Requesting for the AHB bus...
3883040000 >> Requesting for the AHB bus...
3883440000 >> AHB granted, starting recovery...
3902640000 >> Recovery done, continuing...
3903315000 >> Requesting for the AHB bus...
3903915000 >> Requesting for the AHB bus...
3904315000 >> AHB granted, starting recovery...
3923515000 >> Recovery done, continuing...
3924315000 >> Requesting for the AHB bus...
3924915000 >> Requesting for the AHB bus...
3925315000 >> AHB granted, starting recovery...
3944515000 >> Recovery done, continuing...
3945190000 >> Requesting for the AHB bus...
3945790000 >> Requesting for the AHB bus...
3946190000 >> AHB granted, starting recovery...
3965390000 >> Recovery done, continuing...
3966065000 >> Requesting for the AHB bus...
3966665000 >> Requesting for the AHB bus...
3967065000 >> AHB granted, starting recovery...
3986265000 >> Recovery done, continuing...
3986940000 >> Requesting for the AHB bus...
3987540000 >> Requesting for the AHB bus...
3987940000 >> AHB granted, starting recovery...
4007140000 >> Recovery done, continuing...
4007815000 >> Requesting for the AHB bus...
4008415000 >> Requesting for the AHB bus...
4008815000 >> AHB granted, starting recovery...
4028015000 >> Recovery done, continuing...
4028690000 >> Requesting for the AHB bus...
4029290000 >> Requesting for the AHB bus...
4029690000 >> AHB granted, starting recovery...
4048890000 >> Recovery done, continuing...
4049565000 >> Requesting for the AHB bus...
4050165000 >> Requesting for the AHB bus...
4050565000 >> AHB granted, starting recovery...
4069765000 >> Recovery done, continuing...
4070440000 >> Requesting for the AHB bus...
4071215000 >> Requesting for the AHB bus...
4071615000 >> AHB granted, starting recovery...
4090815000 >> Recovery done, continuing...
4091490000 >> Requesting for the AHB bus...
4092090000 >> Requesting for the AHB bus...
4092490000 >> AHB granted, starting recovery...
4111690000 >> Recovery done, continuing...
4112365000 >> Requesting for the AHB bus...
4112965000 >> Requesting for the AHB bus...
4113365000 >> AHB granted, starting recovery...
4132565000 >> Recovery done, continuing...
4133240000 >> Requesting for the AHB bus...
4133840000 >> Requesting for the AHB bus...
4134240000 >> AHB granted, starting recovery...
4153440000 >> Recovery done, continuing...
4154115000 >> Requesting for the AHB bus...
4154890000 >> Requesting for the AHB bus...
4155290000 >> AHB granted, starting recovery...
4174490000 >> Recovery done, continuing...
4175165000 >> Requesting for the AHB bus...
4175765000 >> Requesting for the AHB bus...
4176165000 >> AHB granted, starting recovery...
4195365000 >> Recovery done, continuing...
4196040000 >> Requesting for the AHB bus...
4196640000 >> Requesting for the AHB bus...
4197040000 >> AHB granted, starting recovery...
4216240000 >> Recovery done, continuing...
4216915000 >> Requesting for the AHB bus...
4217515000 >> Requesting for the AHB bus...
4217915000 >> AHB granted, starting recovery...
4237115000 >> Recovery done, continuing...
4237915000 >> Requesting for the AHB bus...
4238515000 >> Requesting for the AHB bus...
4238915000 >> AHB granted, starting recovery...
4258115000 >> Recovery done, continuing...
4258790000 >> Requesting for the AHB bus...
4259390000 >> Requesting for the AHB bus...
4259790000 >> AHB granted, starting recovery...
4278990000 >> Recovery done, continuing...
4279665000 >> Requesting for the AHB bus...
4280265000 >> Requesting for the AHB bus...
4280665000 >> AHB granted, starting recovery...
4299865000 >> Recovery done, continuing...
4300540000 >> Requesting for the AHB bus...
4301140000 >> Requesting for the AHB bus...
4301540000 >> AHB granted, starting recovery...
4320740000 >> Recovery done, continuing...
4321415000 >> Requesting for the AHB bus...
4322015000 >> Requesting for the AHB bus...
4322415000 >> AHB granted, starting recovery...
4341615000 >> Recovery done, continuing...
4342290000 >> Requesting for the AHB bus...
4342890000 >> Requesting for the AHB bus...
4343290000 >> AHB granted, starting recovery...
4362490000 >> Recovery done, continuing...
4363165000 >> Requesting for the AHB bus...
4363765000 >> Requesting for the AHB bus...
4364165000 >> AHB granted, starting recovery...
4383365000 >> Recovery done, continuing...
4384040000 >> Requesting for the AHB bus...
4384815000 >> Requesting for the AHB bus...
4385215000 >> AHB granted, starting recovery...
4404415000 >> Recovery done, continuing...
4405090000 >> Requesting for the AHB bus...
4405690000 >> Requesting for the AHB bus...
4406090000 >> AHB granted, starting recovery...
4425290000 >> Recovery done, continuing...
4425965000 >> Requesting for the AHB bus...
4426565000 >> Requesting for the AHB bus...
4426965000 >> AHB granted, starting recovery...
4446165000 >> Recovery done, continuing...
4446840000 >> Requesting for the AHB bus...
4447440000 >> Requesting for the AHB bus...
4447840000 >> AHB granted, starting recovery...
4467040000 >> Recovery done, continuing...
4467715000 >> Requesting for the AHB bus...
4468490000 >> Requesting for the AHB bus...
4468890000 >> AHB granted, starting recovery...
4488090000 >> Recovery done, continuing...
4488765000 >> Requesting for the AHB bus...
4489365000 >> Requesting for the AHB bus...
4489765000 >> AHB granted, starting recovery...
4508965000 >> Recovery done, continuing...
4509640000 >> Requesting for the AHB bus...
4510240000 >> Requesting for the AHB bus...
4510640000 >> AHB granted, starting recovery...
4529840000 >> Recovery done, continuing...
4530515000 >> Requesting for the AHB bus...
4531115000 >> Requesting for the AHB bus...
4531515000 >> AHB granted, starting recovery...
4550715000 >> Recovery done, continuing...
4551515000 >> Requesting for the AHB bus...
4552115000 >> Requesting for the AHB bus...
4552515000 >> AHB granted, starting recovery...
4571715000 >> Recovery done, continuing...
4572390000 >> Requesting for the AHB bus...
4572990000 >> Requesting for the AHB bus...
4573390000 >> AHB granted, starting recovery...
4592590000 >> Recovery done, continuing...
4593265000 >> Requesting for the AHB bus...
4593865000 >> Requesting for the AHB bus...
4594265000 >> AHB granted, starting recovery...
4613465000 >> Recovery done, continuing...
4614140000 >> Requesting for the AHB bus...
4614740000 >> Requesting for the AHB bus...
4615140000 >> AHB granted, starting recovery...
4634340000 >> Recovery done, continuing...
4635015000 >> Requesting for the AHB bus...
4635615000 >> Requesting for the AHB bus...
4636015000 >> AHB granted, starting recovery...
4655215000 >> Recovery done, continuing...
4655890000 >> Requesting for the AHB bus...
4656490000 >> Requesting for the AHB bus...
4656890000 >> AHB granted, starting recovery...
4676090000 >> Recovery done, continuing...
4676765000 >> Requesting for the AHB bus...
4677365000 >> Requesting for the AHB bus...
4677765000 >> AHB granted, starting recovery...
4696965000 >> Recovery done, continuing...
4697640000 >> Requesting for the AHB bus...
4698415000 >> Requesting for the AHB bus...
4698815000 >> AHB granted, starting recovery...
4718015000 >> Recovery done, continuing...
4718690000 >> Requesting for the AHB bus...
4719290000 >> Requesting for the AHB bus...
4719690000 >> AHB granted, starting recovery...
4738890000 >> Recovery done, continuing...
4739565000 >> Requesting for the AHB bus...
4740165000 >> Requesting for the AHB bus...
4740565000 >> AHB granted, starting recovery...
4759765000 >> Recovery done, continuing...
4760440000 >> Requesting for the AHB bus...
4761040000 >> Requesting for the AHB bus...
4761440000 >> AHB granted, starting recovery...
4780640000 >> Recovery done, continuing...
4781315000 >> Requesting for the AHB bus...
4782090000 >> Requesting for the AHB bus...
4782490000 >> AHB granted, starting recovery...
4801690000 >> Recovery done, continuing...
4802365000 >> Requesting for the AHB bus...
4802965000 >> Requesting for the AHB bus...
4803365000 >> AHB granted, starting recovery...
4822565000 >> Recovery done, continuing...
4823240000 >> Requesting for the AHB bus...
4823840000 >> Requesting for the AHB bus...
4824240000 >> AHB granted, starting recovery...
4843440000 >> Recovery done, continuing...
4844115000 >> Requesting for the AHB bus...
4844715000 >> Requesting for the AHB bus...
4845115000 >> AHB granted, starting recovery...
4864315000 >> Recovery done, continuing...
4865115000 >> Requesting for the AHB bus...
4865715000 >> Requesting for the AHB bus...
4866115000 >> AHB granted, starting recovery...
4885315000 >> Recovery done, continuing...
4885990000 >> Requesting for the AHB bus...
4886590000 >> Requesting for the AHB bus...
4886990000 >> AHB granted, starting recovery...
4906190000 >> Recovery done, continuing...
4906865000 >> Requesting for the AHB bus...
4907465000 >> Requesting for the AHB bus...
4907865000 >> AHB granted, starting recovery...
4927065000 >> Recovery done, continuing...
4927740000 >> Requesting for the AHB bus...
4928340000 >> Requesting for the AHB bus...
4928740000 >> AHB granted, starting recovery...
4947940000 >> Recovery done, continuing...
4948615000 >> Requesting for the AHB bus...
4949215000 >> Requesting for the AHB bus...
4949615000 >> AHB granted, starting recovery...
4968815000 >> Recovery done, continuing...
4969490000 >> Requesting for the AHB bus...
4970090000 >> Requesting for the AHB bus...
4970490000 >> AHB granted, starting recovery...
4989690000 >> Recovery done, continuing...
4990365000 >> Requesting for the AHB bus...
4990965000 >> Requesting for the AHB bus...
4991365000 >> AHB granted, starting recovery...
5010565000 >> Recovery done, continuing...
5011240000 >> Requesting for the AHB bus...
5012015000 >> Requesting for the AHB bus...
5012415000 >> AHB granted, starting recovery...
5031615000 >> Recovery done, continuing...
5032290000 >> Requesting for the AHB bus...
5032890000 >> Requesting for the AHB bus...
5033290000 >> AHB granted, starting recovery...
5052490000 >> Recovery done, continuing...
5053165000 >> Requesting for the AHB bus...
5053765000 >> Requesting for the AHB bus...
5054165000 >> AHB granted, starting recovery...
5073365000 >> Recovery done, continuing...
5074040000 >> Requesting for the AHB bus...
5074640000 >> Requesting for the AHB bus...
5075040000 >> AHB granted, starting recovery...
5094240000 >> Recovery done, continuing...
5094915000 >> Requesting for the AHB bus...
5095690000 >> Requesting for the AHB bus...
5096090000 >> AHB granted, starting recovery...
5115290000 >> Recovery done, continuing...
5115965000 >> Requesting for the AHB bus...
5116565000 >> Requesting for the AHB bus...
5116965000 >> AHB granted, starting recovery...
5136165000 >> Recovery done, continuing...
5136840000 >> Requesting for the AHB bus...
5137440000 >> Requesting for the AHB bus...
5137840000 >> AHB granted, starting recovery...
5157040000 >> Recovery done, continuing...
5157715000 >> Requesting for the AHB bus...
5158315000 >> Requesting for the AHB bus...
5158715000 >> AHB granted, starting recovery...
5177915000 >> Recovery done, continuing...
5178715000 >> Requesting for the AHB bus...
5179315000 >> Requesting for the AHB bus...
5179715000 >> AHB granted, starting recovery...
5198915000 >> Recovery done, continuing...
5199590000 >> Requesting for the AHB bus...
5200190000 >> Requesting for the AHB bus...
5200590000 >> AHB granted, starting recovery...
5219790000 >> Recovery done, continuing...
5220465000 >> Requesting for the AHB bus...
5221065000 >> Requesting for the AHB bus...
5221465000 >> AHB granted, starting recovery...
5240665000 >> Recovery done, continuing...
5241340000 >> Requesting for the AHB bus...
5241940000 >> Requesting for the AHB bus...
5242340000 >> AHB granted, starting recovery...
5261540000 >> Recovery done, continuing...
5262215000 >> Requesting for the AHB bus...
5262815000 >> Requesting for the AHB bus...
5263215000 >> AHB granted, starting recovery...
5282415000 >> Recovery done, continuing...
5283090000 >> Requesting for the AHB bus...
5283690000 >> Requesting for the AHB bus...
5284090000 >> AHB granted, starting recovery...
5303290000 >> Recovery done, continuing...
5303965000 >> Requesting for the AHB bus...
5304565000 >> Requesting for the AHB bus...
5304965000 >> AHB granted, starting recovery...
5324165000 >> Recovery done, continuing...
5324840000 >> Requesting for the AHB bus...
5325615000 >> Requesting for the AHB bus...
5326015000 >> AHB granted, starting recovery...
5345215000 >> Recovery done, continuing...
5345890000 >> Requesting for the AHB bus...
5346490000 >> Requesting for the AHB bus...
5346890000 >> AHB granted, starting recovery...
5366090000 >> Recovery done, continuing...
5366765000 >> Requesting for the AHB bus...
5367365000 >> Requesting for the AHB bus...
5367765000 >> AHB granted, starting recovery...
5386965000 >> Recovery done, continuing...
5387640000 >> Requesting for the AHB bus...
5388240000 >> Requesting for the AHB bus...
5388640000 >> AHB granted, starting recovery...
5407840000 >> Recovery done, continuing...
5408515000 >> Requesting for the AHB bus...
5409290000 >> Requesting for the AHB bus...
5409690000 >> AHB granted, starting recovery...
5428890000 >> Recovery done, continuing...
5429565000 >> Requesting for the AHB bus...
5430165000 >> Requesting for the AHB bus...
5430565000 >> AHB granted, starting recovery...
5449765000 >> Recovery done, continuing...
5450440000 >> Requesting for the AHB bus...
5451040000 >> Requesting for the AHB bus...
5451440000 >> AHB granted, starting recovery...
5470640000 >> Recovery done, continuing...
5471315000 >> Requesting for the AHB bus...
5471915000 >> Requesting for the AHB bus...
5472315000 >> AHB granted, starting recovery...
5491515000 >> Recovery done, continuing...
5492315000 >> Requesting for the AHB bus...
5492915000 >> Requesting for the AHB bus...
5493315000 >> AHB granted, starting recovery...
5512515000 >> Recovery done, continuing...
5513190000 >> Requesting for the AHB bus...
5513790000 >> Requesting for the AHB bus...
5514190000 >> AHB granted, starting recovery...
5533390000 >> Recovery done, continuing...
5534065000 >> Requesting for the AHB bus...
5534665000 >> Requesting for the AHB bus...
5535065000 >> AHB granted, starting recovery...
5554265000 >> Recovery done, continuing...
5554940000 >> Requesting for the AHB bus...
5555540000 >> Requesting for the AHB bus...
5555940000 >> AHB granted, starting recovery...
5575140000 >> Recovery done, continuing...
5575815000 >> Requesting for the AHB bus...
5576415000 >> Requesting for the AHB bus...
5576815000 >> AHB granted, starting recovery...
5596015000 >> Recovery done, continuing...
5596690000 >> Requesting for the AHB bus...
5597290000 >> Requesting for the AHB bus...
5597690000 >> AHB granted, starting recovery...
5616890000 >> Recovery done, continuing...
5617565000 >> Requesting for the AHB bus...
5618165000 >> Requesting for the AHB bus...
5618565000 >> AHB granted, starting recovery...
5637765000 >> Recovery done, continuing...
5638440000 >> Requesting for the AHB bus...
5639215000 >> Requesting for the AHB bus...
5639615000 >> AHB granted, starting recovery...
5658815000 >> Recovery done, continuing...
5659490000 >> Requesting for the AHB bus...
5660090000 >> Requesting for the AHB bus...
5660490000 >> AHB granted, starting recovery...
5679690000 >> Recovery done, continuing...
5680365000 >> Requesting for the AHB bus...
5680965000 >> Requesting for the AHB bus...
5681365000 >> AHB granted, starting recovery...
5700565000 >> Recovery done, continuing...
5701240000 >> Requesting for the AHB bus...
5701840000 >> Requesting for the AHB bus...
5702240000 >> AHB granted, starting recovery...
5721440000 >> Recovery done, continuing...
5722115000 >> Requesting for the AHB bus...
5722890000 >> Requesting for the AHB bus...
5723290000 >> AHB granted, starting recovery...
5742490000 >> Recovery done, continuing...
5743165000 >> Requesting for the AHB bus...
5743765000 >> Requesting for the AHB bus...
5744165000 >> AHB granted, starting recovery...
5745715000 >> time limit reached...
/testbench/cpu/l3/u0/leon3x0/vhdl/p0/iu/r.w.wreg:0
/testbench/cpu/l3/u0/leon3x0/vhdl/p0/iu/r.m.irqen:1
/testbench/cpu/l3/u0/leon3x0/vhdl/p0/iu/r.m.icc:0000
/testbench/cpu/l3/u0/leon3x0/vhdl/p0/iu/r.a.ticc:0
/testbench/cpu/l3/u0/leon3x0/vhdl/p0/iu/r.a.step:0
/testbench/cpu/l3/u0/leon3x0/vhdl/p0/iu/r.m.irqen2:1
/testbench/cpu/l3/u0/leon3x0/vhdl/p0/iu/r.d.pc:01000000000000000000001101000100
/testbench/cpu/l3/u0/leon3x0/vhdl/p0/iu/r.d.rexpl:{{00000000000000000000000000000000} {00} {0} 0 0 {0000000000000000000} 0 0 0 0 0 0}
/testbench/cpu/l3/u0/leon3x0/vhdl/p0/iu/r.d.mexc:0
/testbench/cpu/l3/u0/leon3x0/vhdl/p0/iu/r.a.aw:0
/testbench/cpu/l3/u0/leon3x0/vhdl/p0/iu/r.e.ctrl:{{01000000000000000000001101000000} {11000100000001111010000001000100} {00} {10000010} {000000} 0 0 1 0 0 1 1 0 0}
/testbench/cpu/l3/u0/leon3x0/vhdl/p0/iu/r.a.divstart:0
/testbench/cpu/l3/u0/leon3x0/vhdl/p0/iu/r.e.shleft:0
/testbench/cpu/l3/u0/leon3x0/vhdl/p0/iu/r.a.bp:0
/testbench/cpu/l3/u0/leon3x0/vhdl/p0/iu/r.w.twcwp:000
/testbench/cpu/l3/u0/leon3x0/vhdl/p0/iu/r.a.jmpl:0
/testbench/cpu/l3/u0/leon3x0/vhdl/p0/iu/r.m.casa:0
/testbench/cpu/l3/u0/leon3x0/vhdl/p0/iu/r.m.werr:0
/testbench/cpu/l3/u0/leon3x0/vhdl/p0/iu/r.e.su:1
/testbench/cpu/l3/u0/leon3x0/vhdl/p0/iu/r.e.et:1
/testbench/cpu/l3/u0/leon3x0/vhdl/p0/iu/r.a.ldcheck1:1
/testbench/cpu/l3/u0/leon3x0/vhdl/p0/iu/r.d.stwin:000
/testbench/cpu/l3/u0/leon3x0/vhdl/p0/iu/r.a.ldcheck2:1
/testbench/cpu/l3/u0/leon3x0/vhdl/p0/iu/r.x.intack:0
/testbench/cpu/l3/u0/leon3x0/vhdl/p0/iu/r.m.ctrl:{{01000000000000000000001100111100} {11000010000001111011111111111000} {00} {10000001} {000000} 0 0 1 0 0 1 1 0 0}
/testbench/cpu/l3/u0/leon3x0/vhdl/p0/iu/r.a.cwp:101
/testbench/cpu/l3/u0/leon3x0/vhdl/p0/iu/r.e.sari:0
/testbench/cpu/l3/u0/leon3x0/vhdl/p0/iu/r.d.paw:0
/testbench/cpu/l3/u0/leon3x0/vhdl/p0/iu/r.d.aw:0
/testbench/cpu/l3/u0/leon3x0/vhdl/p0/iu/r.d.awp:000
/testbench/cpu/l3/u0/leon3x0/vhdl/p0/iu/r.x.ctrl:{{01000000000000000000001100111000} {11000100001010000100000000000000} {01} {10000010} {000000} 0 0 0 0 0 0 0 0 0}
/testbench/cpu/l3/u0/leon3x0/vhdl/p0/iu/r.m.rexnalign:0
/testbench/cpu/l3/u0/leon3x0/vhdl/p0/iu/r.m.su:1
/testbench/cpu/l3/u0/leon3x0/vhdl/p0/iu/r.m.wcwp:0
/testbench/cpu/l3/u0/leon3x0/vhdl/p0/iu/r.d.divrdy:0
/testbench/cpu/l3/u0/leon3x0/vhdl/p0/iu/r.e.cwp:101
/testbench/cpu/l3/u0/leon3x0/vhdl/p0/iu/r.w.except:0
/testbench/cpu/l3/u0/leon3x0/vhdl/p0/iu/r.x.nerror:0
/testbench/cpu/l3/u0/leon3x0/vhdl/p0/iu/r.a.bpimiss:0
/testbench/cpu/l3/u0/leon3x0/vhdl/p0/iu/r.a.nobp:0
/testbench/cpu/l3/u0/leon3x0/vhdl/p0/iu/r.d.rexcnt:0
/testbench/cpu/l3/u0/leon3x0/vhdl/p0/iu/r.w.s:{{101} {0000} {00000000} {01000000000000000000} {00000010} {0000} 0 0 1 1 1 {00000000000000000000000000000000} {UUUUUUUUUUUUUUUUUUUUUUUUUUUUUUUU} 1 0 0 1 1 1 0 0 {000} {000} {111}}
/testbench/cpu/l3/u0/leon3x0/vhdl/p0/iu/r.d.pv:1
/testbench/cpu/l3/u0/leon3x0/vhdl/p0/iu/r.a.ldchkra:1
/testbench/cpu/l3/u0/leon3x0/vhdl/p0/iu/r.a.rfa1:10000010
/testbench/cpu/l3/u0/leon3x0/vhdl/p0/iu/r.a.rfa2:10000001
/testbench/cpu/l3/u0/leon3x0/vhdl/p0/iu/r.a.imm:00000000000000000000000000000001
/testbench/cpu/l3/u0/leon3x0/vhdl/p0/iu/r.w.wa:10000010
/testbench/cpu/l3/u0/leon3x0/vhdl/p0/iu/r.m.casaz:0
/testbench/cpu/l3/u0/leon3x0/vhdl/p0/iu/r.x.dci:{0 0 0 1 0 0 {00} {00001011}}
/testbench/cpu/l3/u0/leon3x0/vhdl/p0/iu/r.x.mac:0
/testbench/cpu/l3/u0/leon3x0/vhdl/p0/iu/r.m.divz:0
/testbench/cpu/l3/u0/leon3x0/vhdl/p0/iu/r.d.inst:{{10000010000000001000000000000001}}
/testbench/cpu/l3/u0/leon3x0/vhdl/p0/iu/r.e.rfe1:1
/testbench/cpu/l3/u0/leon3x0/vhdl/p0/iu/r.a.wovf:0
/testbench/cpu/l3/u0/leon3x0/vhdl/p0/iu/r.e.rfe2:0
/testbench/cpu/l3/u0/leon3x0/vhdl/p0/iu/r.e.op1:01000000000011111111111010100000
/testbench/cpu/l3/u0/leon3x0/vhdl/p0/iu/r.m.nalign:0
/testbench/cpu/l3/u0/leon3x0/vhdl/p0/iu/r.e.op2:00000000000000000000000001000100
/testbench/cpu/l3/u0/leon3x0/vhdl/p0/iu/r.d.rexen:0
/testbench/cpu/l3/u0/leon3x0/vhdl/p0/iu/r.a.ctrl:{{01000000000000000000001101000100} {10000010000000001000000000000001} {00} {10000001} {000000} 0 1 0 0 0 0 0 0 0}
/testbench/cpu/l3/u0/leon3x0/vhdl/p0/iu/r.x.ipend:0
/testbench/cpu/l3/u0/leon3x0/vhdl/p0/iu/r.e.ldbp1:0
/testbench/cpu/l3/u0/leon3x0/vhdl/p0/iu/r.e.aluadd:1
/testbench/cpu/l3/u0/leon3x0/vhdl/p0/iu/r.d.set:0
/testbench/cpu/l3/u0/leon3x0/vhdl/p0/iu/r.d.inull:0
/testbench/cpu/l3/u0/leon3x0/vhdl/p0/iu/r.e.ldbp2:0
/testbench/cpu/l3/u0/leon3x0/vhdl/p0/iu/r.d.cnt:00
/testbench/cpu/l3/u0/leon3x0/vhdl/p0/iu/r.a.su:1
/testbench/cpu/l3/u0/leon3x0/vhdl/p0/iu/r.a.et:1
/testbench/cpu/l3/u0/leon3x0/vhdl/p0/iu/r.e.mul:0
/testbench/cpu/l3/u0/leon3x0/vhdl/p0/iu/r.e.alusel:00
/testbench/cpu/l3/u0/leon3x0/vhdl/p0/iu/r.e.aw:U
/testbench/cpu/l3/u0/leon3x0/vhdl/p0/iu/r.e.mac:0
/testbench/cpu/l3/u0/leon3x0/vhdl/p0/iu/r.a.decill:0
/testbench/cpu/l3/u0/leon3x0/vhdl/p0/iu/r.x.icc:0000
/testbench/cpu/l3/u0/leon3x0/vhdl/p0/iu/r.x.result:01001110010011100100111001001110
/testbench/cpu/l3/u0/leon3x0/vhdl/p0/iu/r.e.bp:0
/testbench/cpu/l3/u0/leon3x0/vhdl/p0/iu/r.a.rs1:00010
/testbench/cpu/l3/u0/leon3x0/vhdl/p0/iu/r.e.jmpl:0
/testbench/cpu/l3/u0/leon3x0/vhdl/p0/iu/r.a.rsel1:001
/testbench/cpu/l3/u0/leon3x0/vhdl/p0/iu/r.x.y:00000000000000000000000000000000
/testbench/cpu/l3/u0/leon3x0/vhdl/p0/iu/r.a.rsel2:010
/testbench/cpu/l3/u0/leon3x0/vhdl/p0/iu/r.a.awp:000
/testbench/cpu/l3/u0/leon3x0/vhdl/p0/iu/r.a.paw:0
/testbench/cpu/l3/u0/leon3x0/vhdl/p0/iu/r.x.data:{{00000000000000000000000000000000}}
/testbench/cpu/l3/u0/leon3x0/vhdl/p0/iu/r.m.mul:0
/testbench/cpu/l3/u0/leon3x0/vhdl/p0/iu/r.e.rd:UUUUU
/testbench/cpu/l3/u0/leon3x0/vhdl/p0/iu/r.e.invop2:0
/testbench/cpu/l3/u0/leon3x0/vhdl/p0/iu/r.m.wawp:0
/testbench/cpu/l3/u0/leon3x0/vhdl/p0/iu/r.d.cwpmax:111
/testbench/cpu/l3/u0/leon3x0/vhdl/p0/iu/r.f.branch:0
/testbench/cpu/l3/u0/leon3x0/vhdl/p0/iu/r.d.pcheld:1
/testbench/cpu/l3/u0/leon3x0/vhdl/p0/iu/r.m.dci:{0 1 1 0 0 0 {10} {00001011}}
/testbench/cpu/l3/u0/leon3x0/vhdl/p0/iu/r.e.paw:U
/testbench/cpu/l3/u0/leon3x0/vhdl/p0/iu/r.e.awp:UUU
/testbench/cpu/l3/u0/leon3x0/vhdl/p0/iu/r.e.shcnt:00100
/testbench/cpu/l3/u0/leon3x0/vhdl/p0/iu/r.w.result:01000000000000000001111001001101
/testbench/cpu/l3/u0/leon3x0/vhdl/p0/iu/r.m.mac:0
/testbench/cpu/l3/u0/leon3x0/vhdl/p0/iu/r.m.y:00000000000000000000000000000000
/testbench/cpu/l3/u0/leon3x0/vhdl/p0/iu/r.d.cwp:101
/testbench/cpu/l3/u0/leon3x0/vhdl/p0/iu/r.x.laddr:10
/testbench/cpu/l3/u0/leon3x0/vhdl/p0/iu/r.e.mulstep:0
/testbench/cpu/l3/u0/leon3x0/vhdl/p0/iu/r.e.ymsb:0
/testbench/cpu/l3/u0/leon3x0/vhdl/p0/iu/r.d.rexbuf:00000000000000000000000000000000
/testbench/cpu/l3/u0/leon3x0/vhdl/p0/iu/r.x.npc:100
/testbench/cpu/l3/u0/leon3x0/vhdl/p0/iu/r.f.pc:01000000000000000000001101001000
/testbench/cpu/l3/u0/leon3x0/vhdl/p0/iu/r.d.annul:0
/testbench/cpu/l3/u0/leon3x0/vhdl/p0/iu/r.x.rstate:run
/testbench/cpu/l3/u0/leon3x0/vhdl/p0/iu/r.x.set:0
/testbench/cpu/l3/u0/leon3x0/vhdl/p0/iu/r.m.result:01000000000011111111111010011000
/testbench/cpu/l3/u0/leon3x0/vhdl/p0/iu/r.e.icc:UUUU
/testbench/cpu/l3/u0/leon3x0/vhdl/p0/iu/r.a.getpc:0
/testbench/cpu/l3/u0/leon3x0/vhdl/p0/iu/r.a.ldchkex:1
/testbench/cpu/l3/u0/leon3x0/vhdl/p0/iu/r.x.mexc:0
/testbench/cpu/l3/u0/leon3x0/vhdl/p0/iu/r.a.mulstart:0
/testbench/cpu/l3/u0/leon3x0/vhdl/p0/iu/r.d.rexpos:10
/testbench/cpu/l3/u0/leon3x0/vhdl/p0/iu/r.x.annul_all:0
/testbench/cpu/l3/u0/leon3x0/vhdl/p0/iu/r.e.aluop:000
/testbench/cpu/l3/u0/leon3x0/vhdl/p0/iu/r.x.debug:0
/testbench/cpu/l3/u0/leon3x0/vhdl/p0/iu/r.a.rfe1:0
/testbench/cpu/l3/u0/leon3x0/vhdl/p0/iu/r.d.step:0
/testbench/cpu/l3/u0/leon3x0/vhdl/p0/iu/r.a.rfe2:0
/testbench/cpu/l3/u0/leon3x0/vhdl/p0/iu/r.e.alucin:0
/testbench/cpu/l3/u0/leon3x0/vhdl/p0/iu/r.a.wunf:0
compare to golden: 1
======================================
progstatus: -2
execerr: 143
latent: 1
time limit!
>>>>>>>>>>>>>>> 5745715000
======================================
