Test signal = /testbench/cpu/l3/u0/leon3x0/vhdl/p0/iu/r.a.step
oldval = 0
pos1: -1 pos0: 0 posU: -1
newval = 1
force in 2516477
586290000 >> iteration no: 0
1598340000 >> iteration no: 1
2610390000 >> iteration no: 2
Signal value: 0
oldval = 0
pos1: -1 pos0: 0 posU: -1
newval = 1
3098840000 >> Requesting for the AHB bus...
3099415000 >> AHB granted, starting recovery...
3118615000 >> Recovery done, continuing...
3118965000 >> Requesting for the AHB bus...
3119540000 >> AHB granted, starting recovery...
3138740000 >> Recovery done, continuing...
3139090000 >> Requesting for the AHB bus...
3139665000 >> AHB granted, starting recovery...
3158865000 >> Recovery done, continuing...
3159215000 >> Requesting for the AHB bus...
3159790000 >> AHB granted, starting recovery...
3178990000 >> Recovery done, continuing...
3179340000 >> Requesting for the AHB bus...
3179915000 >> AHB granted, starting recovery...
3199115000 >> Recovery done, continuing...
3199465000 >> Requesting for the AHB bus...
3200040000 >> AHB granted, starting recovery...
3219240000 >> Recovery done, continuing...
3219590000 >> Requesting for the AHB bus...
3220165000 >> AHB granted, starting recovery...
3239365000 >> Recovery done, continuing...
3239715000 >> Requesting for the AHB bus...
3240290000 >> AHB granted, starting recovery...
3259490000 >> Recovery done, continuing...
3259840000 >> Requesting for the AHB bus...
3260415000 >> AHB granted, starting recovery...
3279615000 >> Recovery done, continuing...
3279965000 >> Requesting for the AHB bus...
3280540000 >> AHB granted, starting recovery...
3299740000 >> Recovery done, continuing...
3300090000 >> Requesting for the AHB bus...
3300665000 >> AHB granted, starting recovery...
3319865000 >> Recovery done, continuing...
3320215000 >> Requesting for the AHB bus...
3320790000 >> AHB granted, starting recovery...
3339990000 >> Recovery done, continuing...
3340340000 >> Requesting for the AHB bus...
3340915000 >> AHB granted, starting recovery...
3360115000 >> Recovery done, continuing...
3360465000 >> Requesting for the AHB bus...
3361040000 >> AHB granted, starting recovery...
3380240000 >> Recovery done, continuing...
3380590000 >> Requesting for the AHB bus...
3381165000 >> AHB granted, starting recovery...
3400365000 >> Recovery done, continuing...
3400715000 >> Requesting for the AHB bus...
3401290000 >> AHB granted, starting recovery...
3420490000 >> Recovery done, continuing...
3420840000 >> Requesting for the AHB bus...
3421415000 >> AHB granted, starting recovery...
3440615000 >> Recovery done, continuing...
3440965000 >> Requesting for the AHB bus...
3441540000 >> AHB granted, starting recovery...
3460740000 >> Recovery done, continuing...
3461090000 >> Requesting for the AHB bus...
3461665000 >> AHB granted, starting recovery...
3480865000 >> Recovery done, continuing...
3481215000 >> Requesting for the AHB bus...
3481790000 >> AHB granted, starting recovery...
3500990000 >> Recovery done, continuing...
3501340000 >> Requesting for the AHB bus...
3501915000 >> AHB granted, starting recovery...
3521115000 >> Recovery done, continuing...
3521465000 >> Requesting for the AHB bus...
3522040000 >> AHB granted, starting recovery...
3541240000 >> Recovery done, continuing...
3541590000 >> Requesting for the AHB bus...
3542165000 >> AHB granted, starting recovery...
3561365000 >> Recovery done, continuing...
3561715000 >> Requesting for the AHB bus...
3562290000 >> AHB granted, starting recovery...
3581490000 >> Recovery done, continuing...
3581840000 >> Requesting for the AHB bus...
3582415000 >> AHB granted, starting recovery...
3601615000 >> Recovery done, continuing...
3601965000 >> Requesting for the AHB bus...
3602540000 >> AHB granted, starting recovery...
3621740000 >> Recovery done, continuing...
3622090000 >> Requesting for the AHB bus...
3622665000 >> AHB granted, starting recovery...
3641865000 >> Recovery done, continuing...
3642390000 >> Requesting for the AHB bus...
3642965000 >> AHB granted, starting recovery...
3662165000 >> Recovery done, continuing...
3662515000 >> Requesting for the AHB bus...
3663090000 >> AHB granted, starting recovery...
3682290000 >> Recovery done, continuing...
3682640000 >> Requesting for the AHB bus...
3683215000 >> AHB granted, starting recovery...
3702415000 >> Recovery done, continuing...
3702765000 >> Requesting for the AHB bus...
3703340000 >> AHB granted, starting recovery...
3722540000 >> Recovery done, continuing...
3722890000 >> Requesting for the AHB bus...
3723465000 >> AHB granted, starting recovery...
3742665000 >> Recovery done, continuing...
3743015000 >> Requesting for the AHB bus...
3743590000 >> AHB granted, starting recovery...
3762790000 >> Recovery done, continuing...
3763140000 >> Requesting for the AHB bus...
3763715000 >> AHB granted, starting recovery...
3782915000 >> Recovery done, continuing...
3783265000 >> Requesting for the AHB bus...
3783840000 >> AHB granted, starting recovery...
3803040000 >> Recovery done, continuing...
3803390000 >> Requesting for the AHB bus...
3803965000 >> AHB granted, starting recovery...
3823165000 >> Recovery done, continuing...
3823515000 >> Requesting for the AHB bus...
3824090000 >> AHB granted, starting recovery...
3843290000 >> Recovery done, continuing...
3843640000 >> Requesting for the AHB bus...
3844215000 >> AHB granted, starting recovery...
3863415000 >> Recovery done, continuing...
3863765000 >> Requesting for the AHB bus...
3864340000 >> AHB granted, starting recovery...
3883540000 >> Recovery done, continuing...
3883890000 >> Requesting for the AHB bus...
3884465000 >> AHB granted, starting recovery...
3903665000 >> Recovery done, continuing...
3904015000 >> Requesting for the AHB bus...
3904590000 >> AHB granted, starting recovery...
3923790000 >> Recovery done, continuing...
3924140000 >> Requesting for the AHB bus...
3924715000 >> AHB granted, starting recovery...
3943915000 >> Recovery done, continuing...
3944265000 >> Requesting for the AHB bus...
3944840000 >> AHB granted, starting recovery...
3964040000 >> Recovery done, continuing...
3964390000 >> Requesting for the AHB bus...
3964965000 >> AHB granted, starting recovery...
3984165000 >> Recovery done, continuing...
3984515000 >> Requesting for the AHB bus...
3985090000 >> AHB granted, starting recovery...
4004290000 >> Recovery done, continuing...
4004640000 >> Requesting for the AHB bus...
4005215000 >> AHB granted, starting recovery...
4024415000 >> Recovery done, continuing...
4024765000 >> Requesting for the AHB bus...
4025340000 >> AHB granted, starting recovery...
4044540000 >> Recovery done, continuing...
4044890000 >> Requesting for the AHB bus...
4045465000 >> AHB granted, starting recovery...
4064665000 >> Recovery done, continuing...
4065015000 >> Requesting for the AHB bus...
4065590000 >> AHB granted, starting recovery...
4084790000 >> Recovery done, continuing...
4085140000 >> Requesting for the AHB bus...
4085715000 >> AHB granted, starting recovery...
4104915000 >> Recovery done, continuing...
4105265000 >> Requesting for the AHB bus...
4105840000 >> AHB granted, starting recovery...
4125040000 >> Recovery done, continuing...
4125390000 >> Requesting for the AHB bus...
4125965000 >> AHB granted, starting recovery...
4145165000 >> Recovery done, continuing...
4145515000 >> Requesting for the AHB bus...
4146090000 >> AHB granted, starting recovery...
4165290000 >> Recovery done, continuing...
4165640000 >> Requesting for the AHB bus...
4166215000 >> AHB granted, starting recovery...
4185415000 >> Recovery done, continuing...
4185765000 >> Requesting for the AHB bus...
4186340000 >> AHB granted, starting recovery...
4205540000 >> Recovery done, continuing...
4205890000 >> Requesting for the AHB bus...
4206465000 >> AHB granted, starting recovery...
4225665000 >> Recovery done, continuing...
4226015000 >> Requesting for the AHB bus...
4226590000 >> AHB granted, starting recovery...
4245790000 >> Recovery done, continuing...
4246140000 >> Requesting for the AHB bus...
4246715000 >> AHB granted, starting recovery...
4265915000 >> Recovery done, continuing...
4266265000 >> Requesting for the AHB bus...
4266840000 >> AHB granted, starting recovery...
4286040000 >> Recovery done, continuing...
4286390000 >> Requesting for the AHB bus...
4286965000 >> AHB granted, starting recovery...
4306165000 >> Recovery done, continuing...
4306515000 >> Requesting for the AHB bus...
4307090000 >> AHB granted, starting recovery...
4326290000 >> Recovery done, continuing...
4326640000 >> Requesting for the AHB bus...
4327215000 >> AHB granted, starting recovery...
4346415000 >> Recovery done, continuing...
4346765000 >> Requesting for the AHB bus...
4347340000 >> AHB granted, starting recovery...
4366540000 >> Recovery done, continuing...
4366890000 >> Requesting for the AHB bus...
4367465000 >> AHB granted, starting recovery...
4386665000 >> Recovery done, continuing...
4387015000 >> Requesting for the AHB bus...
4387590000 >> AHB granted, starting recovery...
4406790000 >> Recovery done, continuing...
4407140000 >> Requesting for the AHB bus...
4407715000 >> AHB granted, starting recovery...
4426915000 >> Recovery done, continuing...
4427265000 >> Requesting for the AHB bus...
4427840000 >> AHB granted, starting recovery...
4447040000 >> Recovery done, continuing...
4447390000 >> Requesting for the AHB bus...
4447965000 >> AHB granted, starting recovery...
4467165000 >> Recovery done, continuing...
4467515000 >> Requesting for the AHB bus...
4468090000 >> AHB granted, starting recovery...
4487290000 >> Recovery done, continuing...
4487640000 >> Requesting for the AHB bus...
4488215000 >> AHB granted, starting recovery...
4507415000 >> Recovery done, continuing...
4507765000 >> Requesting for the AHB bus...
4508340000 >> AHB granted, starting recovery...
4527540000 >> Recovery done, continuing...
4527890000 >> Requesting for the AHB bus...
4528465000 >> AHB granted, starting recovery...
4547665000 >> Recovery done, continuing...
4548015000 >> Requesting for the AHB bus...
4548590000 >> AHB granted, starting recovery...
4567790000 >> Recovery done, continuing...
4568140000 >> Requesting for the AHB bus...
4568715000 >> AHB granted, starting recovery...
4587915000 >> Recovery done, continuing...
4588265000 >> Requesting for the AHB bus...
4588840000 >> AHB granted, starting recovery...
4608040000 >> Recovery done, continuing...
4608390000 >> Requesting for the AHB bus...
4608965000 >> AHB granted, starting recovery...
4628165000 >> Recovery done, continuing...
4628515000 >> Requesting for the AHB bus...
4629090000 >> AHB granted, starting recovery...
4648290000 >> Recovery done, continuing...
4648640000 >> Requesting for the AHB bus...
4649215000 >> AHB granted, starting recovery...
4668415000 >> Recovery done, continuing...
4668765000 >> Requesting for the AHB bus...
4669340000 >> AHB granted, starting recovery...
4688540000 >> Recovery done, continuing...
4688890000 >> Requesting for the AHB bus...
4689465000 >> AHB granted, starting recovery...
4708665000 >> Recovery done, continuing...
4709015000 >> Requesting for the AHB bus...
4709590000 >> AHB granted, starting recovery...
4728790000 >> Recovery done, continuing...
4729140000 >> Requesting for the AHB bus...
4729715000 >> AHB granted, starting recovery...
4748915000 >> Recovery done, continuing...
4749265000 >> Requesting for the AHB bus...
4749840000 >> AHB granted, starting recovery...
4769040000 >> Recovery done, continuing...
4769390000 >> Requesting for the AHB bus...
4769965000 >> AHB granted, starting recovery...
4789165000 >> Recovery done, continuing...
4789515000 >> Requesting for the AHB bus...
4790090000 >> AHB granted, starting recovery...
4809290000 >> Recovery done, continuing...
4809640000 >> Requesting for the AHB bus...
4810215000 >> AHB granted, starting recovery...
4829415000 >> Recovery done, continuing...
4829765000 >> Requesting for the AHB bus...
4830340000 >> AHB granted, starting recovery...
4849540000 >> Recovery done, continuing...
4849890000 >> Requesting for the AHB bus...
4850465000 >> AHB granted, starting recovery...
4869665000 >> Recovery done, continuing...
4870015000 >> Requesting for the AHB bus...
4870590000 >> AHB granted, starting recovery...
4889790000 >> Recovery done, continuing...
4890140000 >> Requesting for the AHB bus...
4890715000 >> AHB granted, starting recovery...
4909915000 >> Recovery done, continuing...
4910265000 >> Requesting for the AHB bus...
4910840000 >> AHB granted, starting recovery...
4930040000 >> Recovery done, continuing...
4930390000 >> Requesting for the AHB bus...
4930965000 >> AHB granted, starting recovery...
4950165000 >> Recovery done, continuing...
4950515000 >> Requesting for the AHB bus...
4951090000 >> AHB granted, starting recovery...
4970290000 >> Recovery done, continuing...
4970640000 >> Requesting for the AHB bus...
4971215000 >> AHB granted, starting recovery...
4990415000 >> Recovery done, continuing...
4990765000 >> Requesting for the AHB bus...
4991340000 >> AHB granted, starting recovery...
5010540000 >> Recovery done, continuing...
5010890000 >> Requesting for the AHB bus...
5011465000 >> AHB granted, starting recovery...
5030665000 >> Recovery done, continuing...
5031190000 >> Requesting for the AHB bus...
5031765000 >> AHB granted, starting recovery...
5050965000 >> Recovery done, continuing...
5051315000 >> Requesting for the AHB bus...
5051890000 >> AHB granted, starting recovery...
5071090000 >> Recovery done, continuing...
5071440000 >> Requesting for the AHB bus...
5072015000 >> AHB granted, starting recovery...
5091215000 >> Recovery done, continuing...
5091565000 >> Requesting for the AHB bus...
5092140000 >> AHB granted, starting recovery...
5111340000 >> Recovery done, continuing...
5111690000 >> Requesting for the AHB bus...
5112265000 >> AHB granted, starting recovery...
5131465000 >> Recovery done, continuing...
5131815000 >> Requesting for the AHB bus...
5132390000 >> AHB granted, starting recovery...
5151590000 >> Recovery done, continuing...
5151940000 >> Requesting for the AHB bus...
5152515000 >> AHB granted, starting recovery...
5171715000 >> Recovery done, continuing...
5172065000 >> Requesting for the AHB bus...
5172640000 >> AHB granted, starting recovery...
5191840000 >> Recovery done, continuing...
5192190000 >> Requesting for the AHB bus...
5192765000 >> AHB granted, starting recovery...
5211965000 >> Recovery done, continuing...
5212315000 >> Requesting for the AHB bus...
5212890000 >> AHB granted, starting recovery...
5232090000 >> Recovery done, continuing...
5232440000 >> Requesting for the AHB bus...
5233015000 >> AHB granted, starting recovery...
5252215000 >> Recovery done, continuing...
5252565000 >> Requesting for the AHB bus...
5253140000 >> AHB granted, starting recovery...
5272340000 >> Recovery done, continuing...
5272690000 >> Requesting for the AHB bus...
5273265000 >> AHB granted, starting recovery...
5292465000 >> Recovery done, continuing...
5292815000 >> Requesting for the AHB bus...
5293390000 >> AHB granted, starting recovery...
5312590000 >> Recovery done, continuing...
5312940000 >> Requesting for the AHB bus...
5313515000 >> AHB granted, starting recovery...
5332715000 >> Recovery done, continuing...
5333065000 >> Requesting for the AHB bus...
5333640000 >> AHB granted, starting recovery...
5352840000 >> Recovery done, continuing...
5353190000 >> Requesting for the AHB bus...
5353765000 >> AHB granted, starting recovery...
5372965000 >> Recovery done, continuing...
5373315000 >> Requesting for the AHB bus...
5373890000 >> AHB granted, starting recovery...
5393090000 >> Recovery done, continuing...
5393440000 >> Requesting for the AHB bus...
5394015000 >> AHB granted, starting recovery...
5413215000 >> Recovery done, continuing...
5413565000 >> Requesting for the AHB bus...
5414140000 >> AHB granted, starting recovery...
5433340000 >> Recovery done, continuing...
5433690000 >> Requesting for the AHB bus...
5434265000 >> AHB granted, starting recovery...
5453465000 >> Recovery done, continuing...
5453815000 >> Requesting for the AHB bus...
5454390000 >> AHB granted, starting recovery...
5473590000 >> Recovery done, continuing...
5473940000 >> Requesting for the AHB bus...
5474515000 >> AHB granted, starting recovery...
5493715000 >> Recovery done, continuing...
5494065000 >> Requesting for the AHB bus...
5494640000 >> AHB granted, starting recovery...
5513840000 >> Recovery done, continuing...
5514190000 >> Requesting for the AHB bus...
5514765000 >> AHB granted, starting recovery...
5533965000 >> Recovery done, continuing...
5534315000 >> Requesting for the AHB bus...
5534890000 >> AHB granted, starting recovery...
5554090000 >> Recovery done, continuing...
5554440000 >> Requesting for the AHB bus...
5555015000 >> AHB granted, starting recovery...
5574215000 >> Recovery done, continuing...
5574565000 >> Requesting for the AHB bus...
5575140000 >> AHB granted, starting recovery...
5594340000 >> Recovery done, continuing...
5594690000 >> Requesting for the AHB bus...
5595265000 >> AHB granted, starting recovery...
5614465000 >> Recovery done, continuing...
5614815000 >> Requesting for the AHB bus...
5615390000 >> AHB granted, starting recovery...
5634590000 >> Recovery done, continuing...
5634940000 >> Requesting for the AHB bus...
5635515000 >> AHB granted, starting recovery...
5654715000 >> Recovery done, continuing...
5655065000 >> Requesting for the AHB bus...
5655640000 >> AHB granted, starting recovery...
5674840000 >> Recovery done, continuing...
5675190000 >> Requesting for the AHB bus...
5675765000 >> AHB granted, starting recovery...
5694965000 >> Recovery done, continuing...
5695315000 >> Requesting for the AHB bus...
5695890000 >> AHB granted, starting recovery...
5715090000 >> Recovery done, continuing...
5715440000 >> Requesting for the AHB bus...
5716015000 >> AHB granted, starting recovery...
5735215000 >> Recovery done, continuing...
5735565000 >> Requesting for the AHB bus...
5736140000 >> AHB granted, starting recovery...
5745715000 >> time limit reached...
/testbench/cpu/l3/u0/leon3x0/vhdl/p0/iu/r.w.wreg:0
/testbench/cpu/l3/u0/leon3x0/vhdl/p0/iu/r.m.irqen:1
/testbench/cpu/l3/u0/leon3x0/vhdl/p0/iu/r.m.icc:0000
/testbench/cpu/l3/u0/leon3x0/vhdl/p0/iu/r.a.ticc:0
/testbench/cpu/l3/u0/leon3x0/vhdl/p0/iu/r.a.step:0
/testbench/cpu/l3/u0/leon3x0/vhdl/p0/iu/r.m.irqen2:1
/testbench/cpu/l3/u0/leon3x0/vhdl/p0/iu/r.d.pc:01000000000000000000001101101100
/testbench/cpu/l3/u0/leon3x0/vhdl/p0/iu/r.d.rexpl:{{00000000000000000000000000000000} {00} {0} 0 0 {0000000000000000000} 0 0 0 0 0 0}
/testbench/cpu/l3/u0/leon3x0/vhdl/p0/iu/r.d.mexc:0
/testbench/cpu/l3/u0/leon3x0/vhdl/p0/iu/r.a.aw:0
/testbench/cpu/l3/u0/leon3x0/vhdl/p0/iu/r.e.ctrl:{{01000000000000000000001101101000} {11000010000001111011111111110000} {00} {10000001} {001011} 1 0 1 0 0 1 1 0 0}
/testbench/cpu/l3/u0/leon3x0/vhdl/p0/iu/r.a.divstart:0
/testbench/cpu/l3/u0/leon3x0/vhdl/p0/iu/r.e.shleft:0
/testbench/cpu/l3/u0/leon3x0/vhdl/p0/iu/r.a.bp:0
/testbench/cpu/l3/u0/leon3x0/vhdl/p0/iu/r.w.twcwp:000
/testbench/cpu/l3/u0/leon3x0/vhdl/p0/iu/r.a.jmpl:0
/testbench/cpu/l3/u0/leon3x0/vhdl/p0/iu/r.m.casa:0
/testbench/cpu/l3/u0/leon3x0/vhdl/p0/iu/r.m.werr:0
/testbench/cpu/l3/u0/leon3x0/vhdl/p0/iu/r.e.su:1
/testbench/cpu/l3/u0/leon3x0/vhdl/p0/iu/r.e.et:1
/testbench/cpu/l3/u0/leon3x0/vhdl/p0/iu/r.a.ldcheck1:1
/testbench/cpu/l3/u0/leon3x0/vhdl/p0/iu/r.d.stwin:000
/testbench/cpu/l3/u0/leon3x0/vhdl/p0/iu/r.a.ldcheck2:1
/testbench/cpu/l3/u0/leon3x0/vhdl/p0/iu/r.x.intack:0
/testbench/cpu/l3/u0/leon3x0/vhdl/p0/iu/r.m.ctrl:{{01000000000000000000001101100100} {10000100000100000010000000001001} {00} {10000010} {000000} 0 0 1 0 0 0 1 0 0}
/testbench/cpu/l3/u0/leon3x0/vhdl/p0/iu/r.a.cwp:101
/testbench/cpu/l3/u0/leon3x0/vhdl/p0/iu/r.e.sari:0
/testbench/cpu/l3/u0/leon3x0/vhdl/p0/iu/r.d.paw:0
/testbench/cpu/l3/u0/leon3x0/vhdl/p0/iu/r.d.aw:0
/testbench/cpu/l3/u0/leon3x0/vhdl/p0/iu/r.d.awp:000
/testbench/cpu/l3/u0/leon3x0/vhdl/p0/iu/r.x.ctrl:{{01000000000000000000001101100000} {11000010001001111011111111110100} {01} {10000001} {000000} 0 0 0 0 0 0 0 0 0}
/testbench/cpu/l3/u0/leon3x0/vhdl/p0/iu/r.m.rexnalign:0
/testbench/cpu/l3/u0/leon3x0/vhdl/p0/iu/r.m.su:1
/testbench/cpu/l3/u0/leon3x0/vhdl/p0/iu/r.m.wcwp:0
/testbench/cpu/l3/u0/leon3x0/vhdl/p0/iu/r.d.divrdy:0
/testbench/cpu/l3/u0/leon3x0/vhdl/p0/iu/r.e.cwp:101
/testbench/cpu/l3/u0/leon3x0/vhdl/p0/iu/r.w.except:0
/testbench/cpu/l3/u0/leon3x0/vhdl/p0/iu/r.x.nerror:0
/testbench/cpu/l3/u0/leon3x0/vhdl/p0/iu/r.a.bpimiss:0
/testbench/cpu/l3/u0/leon3x0/vhdl/p0/iu/r.a.nobp:0
/testbench/cpu/l3/u0/leon3x0/vhdl/p0/iu/r.d.rexcnt:0
/testbench/cpu/l3/u0/leon3x0/vhdl/p0/iu/r.w.s:{{101} {0000} {00000000} {01000000000000000000} {00000010} {0000} 0 0 1 1 1 {00000000000000000000000000000000} {UUUUUUUUUUUUUUUUUUUUUUUUUUUUUUUU} 1 0 0 1 1 1 0 0 {000} {000} {111}}
/testbench/cpu/l3/u0/leon3x0/vhdl/p0/iu/r.d.pv:1
/testbench/cpu/l3/u0/leon3x0/vhdl/p0/iu/r.a.ldchkra:1
/testbench/cpu/l3/u0/leon3x0/vhdl/p0/iu/r.a.rfa1:10000010
/testbench/cpu/l3/u0/leon3x0/vhdl/p0/iu/r.a.rfa2:10000001
/testbench/cpu/l3/u0/leon3x0/vhdl/p0/iu/r.a.imm:00000000000000000000000000000001
/testbench/cpu/l3/u0/leon3x0/vhdl/p0/iu/r.w.wa:10000001
/testbench/cpu/l3/u0/leon3x0/vhdl/p0/iu/r.m.casaz:0
/testbench/cpu/l3/u0/leon3x0/vhdl/p0/iu/r.x.dci:{0 0 0 1 0 0 {10} {00001011}}
/testbench/cpu/l3/u0/leon3x0/vhdl/p0/iu/r.x.mac:0
/testbench/cpu/l3/u0/leon3x0/vhdl/p0/iu/r.m.divz:0
/testbench/cpu/l3/u0/leon3x0/vhdl/p0/iu/r.d.inst:{{10000100001000001000000000000001}}
/testbench/cpu/l3/u0/leon3x0/vhdl/p0/iu/r.e.rfe1:1
/testbench/cpu/l3/u0/leon3x0/vhdl/p0/iu/r.a.wovf:0
/testbench/cpu/l3/u0/leon3x0/vhdl/p0/iu/r.e.rfe2:0
/testbench/cpu/l3/u0/leon3x0/vhdl/p0/iu/r.e.op1:01000000000011111111111010100000
/testbench/cpu/l3/u0/leon3x0/vhdl/p0/iu/r.m.nalign:1
/testbench/cpu/l3/u0/leon3x0/vhdl/p0/iu/r.e.op2:11111111111111111111111111110000
/testbench/cpu/l3/u0/leon3x0/vhdl/p0/iu/r.d.rexen:0
/testbench/cpu/l3/u0/leon3x0/vhdl/p0/iu/r.a.ctrl:{{01000000000000000000001101101100} {10000100001000001000000000000001} {00} {10000010} {000000} 0 1 0 0 0 0 0 0 0}
/testbench/cpu/l3/u0/leon3x0/vhdl/p0/iu/r.x.ipend:0
/testbench/cpu/l3/u0/leon3x0/vhdl/p0/iu/r.e.ldbp1:0
/testbench/cpu/l3/u0/leon3x0/vhdl/p0/iu/r.e.aluadd:1
/testbench/cpu/l3/u0/leon3x0/vhdl/p0/iu/r.d.set:0
/testbench/cpu/l3/u0/leon3x0/vhdl/p0/iu/r.d.inull:0
/testbench/cpu/l3/u0/leon3x0/vhdl/p0/iu/r.e.ldbp2:0
/testbench/cpu/l3/u0/leon3x0/vhdl/p0/iu/r.d.cnt:00
/testbench/cpu/l3/u0/leon3x0/vhdl/p0/iu/r.a.su:1
/testbench/cpu/l3/u0/leon3x0/vhdl/p0/iu/r.a.et:1
/testbench/cpu/l3/u0/leon3x0/vhdl/p0/iu/r.e.mul:0
/testbench/cpu/l3/u0/leon3x0/vhdl/p0/iu/r.e.alusel:00
/testbench/cpu/l3/u0/leon3x0/vhdl/p0/iu/r.e.aw:U
/testbench/cpu/l3/u0/leon3x0/vhdl/p0/iu/r.e.mac:0
/testbench/cpu/l3/u0/leon3x0/vhdl/p0/iu/r.a.decill:0
/testbench/cpu/l3/u0/leon3x0/vhdl/p0/iu/r.x.icc:0000
/testbench/cpu/l3/u0/leon3x0/vhdl/p0/iu/r.x.result:00000000000000000000000000000110
/testbench/cpu/l3/u0/leon3x0/vhdl/p0/iu/r.e.bp:0
/testbench/cpu/l3/u0/leon3x0/vhdl/p0/iu/r.a.rs1:00010
/testbench/cpu/l3/u0/leon3x0/vhdl/p0/iu/r.e.jmpl:0
/testbench/cpu/l3/u0/leon3x0/vhdl/p0/iu/r.a.rsel1:010
/testbench/cpu/l3/u0/leon3x0/vhdl/p0/iu/r.x.y:00000000000000000000000000000000
/testbench/cpu/l3/u0/leon3x0/vhdl/p0/iu/r.a.rsel2:001
/testbench/cpu/l3/u0/leon3x0/vhdl/p0/iu/r.a.awp:000
/testbench/cpu/l3/u0/leon3x0/vhdl/p0/iu/r.a.paw:0
/testbench/cpu/l3/u0/leon3x0/vhdl/p0/iu/r.x.data:{{00000000000000000000000000000101}}
/testbench/cpu/l3/u0/leon3x0/vhdl/p0/iu/r.m.mul:0
/testbench/cpu/l3/u0/leon3x0/vhdl/p0/iu/r.e.rd:UUUUU
/testbench/cpu/l3/u0/leon3x0/vhdl/p0/iu/r.e.invop2:0
/testbench/cpu/l3/u0/leon3x0/vhdl/p0/iu/r.m.wawp:0
/testbench/cpu/l3/u0/leon3x0/vhdl/p0/iu/r.d.cwpmax:111
/testbench/cpu/l3/u0/leon3x0/vhdl/p0/iu/r.f.branch:0
/testbench/cpu/l3/u0/leon3x0/vhdl/p0/iu/r.d.pcheld:1
/testbench/cpu/l3/u0/leon3x0/vhdl/p0/iu/r.m.dci:{0 0 1 0 0 0 {10} {00001011}}
/testbench/cpu/l3/u0/leon3x0/vhdl/p0/iu/r.e.paw:U
/testbench/cpu/l3/u0/leon3x0/vhdl/p0/iu/r.e.awp:UUU
/testbench/cpu/l3/u0/leon3x0/vhdl/p0/iu/r.e.shcnt:10000
/testbench/cpu/l3/u0/leon3x0/vhdl/p0/iu/r.w.result:01000000000011111111111010010100
/testbench/cpu/l3/u0/leon3x0/vhdl/p0/iu/r.m.mac:0
/testbench/cpu/l3/u0/leon3x0/vhdl/p0/iu/r.m.y:00000000000000000000000000000000
/testbench/cpu/l3/u0/leon3x0/vhdl/p0/iu/r.d.cwp:101
/testbench/cpu/l3/u0/leon3x0/vhdl/p0/iu/r.x.laddr:10
/testbench/cpu/l3/u0/leon3x0/vhdl/p0/iu/r.e.mulstep:0
/testbench/cpu/l3/u0/leon3x0/vhdl/p0/iu/r.e.ymsb:0
/testbench/cpu/l3/u0/leon3x0/vhdl/p0/iu/r.d.rexbuf:00000000000000000000000000000000
/testbench/cpu/l3/u0/leon3x0/vhdl/p0/iu/r.x.npc:100
/testbench/cpu/l3/u0/leon3x0/vhdl/p0/iu/r.f.pc:01000000000000000000001101110000
/testbench/cpu/l3/u0/leon3x0/vhdl/p0/iu/r.d.annul:0
/testbench/cpu/l3/u0/leon3x0/vhdl/p0/iu/r.x.rstate:run
/testbench/cpu/l3/u0/leon3x0/vhdl/p0/iu/r.x.set:0
/testbench/cpu/l3/u0/leon3x0/vhdl/p0/iu/r.m.result:00000000000000000000000000001001
/testbench/cpu/l3/u0/leon3x0/vhdl/p0/iu/r.e.icc:UUUU
/testbench/cpu/l3/u0/leon3x0/vhdl/p0/iu/r.a.getpc:0
/testbench/cpu/l3/u0/leon3x0/vhdl/p0/iu/r.a.ldchkex:1
/testbench/cpu/l3/u0/leon3x0/vhdl/p0/iu/r.x.mexc:0
/testbench/cpu/l3/u0/leon3x0/vhdl/p0/iu/r.a.mulstart:0
/testbench/cpu/l3/u0/leon3x0/vhdl/p0/iu/r.d.rexpos:10
/testbench/cpu/l3/u0/leon3x0/vhdl/p0/iu/r.x.annul_all:0
/testbench/cpu/l3/u0/leon3x0/vhdl/p0/iu/r.e.aluop:000
/testbench/cpu/l3/u0/leon3x0/vhdl/p0/iu/r.x.debug:0
/testbench/cpu/l3/u0/leon3x0/vhdl/p0/iu/r.a.rfe1:0
/testbench/cpu/l3/u0/leon3x0/vhdl/p0/iu/r.d.step:0
/testbench/cpu/l3/u0/leon3x0/vhdl/p0/iu/r.a.rfe2:0
/testbench/cpu/l3/u0/leon3x0/vhdl/p0/iu/r.e.alucin:0
/testbench/cpu/l3/u0/leon3x0/vhdl/p0/iu/r.a.wunf:0
compare to golden: 1
======================================
progstatus: -2
execerr: 132
latent: 1
time limit!
>>>>>>>>>>>>>>> 5745715000
======================================
