Test signal = /testbench/cpu/l3/u0/leon3x0/vhdl/p0/iu/r.d.cwp
oldval = 111
pos1: 2 pos0: -1 posU: -1
newval = 110
force in 1951512
586290000 >> iteration no: 0
1598340000 >> iteration no: 1
Signal value: 101
oldval = 101
pos1: 2 pos0: 1 posU: -1
newval = 100
2533415000 >> Requesting for the AHB bus...
2534265000 >> AHB granted, starting recovery...
2553465000 >> Recovery done, continuing...
2553515000 >> Requesting for the AHB bus...
2554315000 >> AHB granted, starting recovery...
2573515000 >> Recovery done, continuing...
2573565000 >> Requesting for the AHB bus...
2574365000 >> AHB granted, starting recovery...
2593565000 >> Recovery done, continuing...
2593615000 >> Requesting for the AHB bus...
2594415000 >> AHB granted, starting recovery...
2613615000 >> Recovery done, continuing...
2613665000 >> Requesting for the AHB bus...
2614465000 >> AHB granted, starting recovery...
2633665000 >> Recovery done, continuing...
2633715000 >> Requesting for the AHB bus...
2634515000 >> AHB granted, starting recovery...
2653715000 >> Recovery done, continuing...
2653765000 >> Requesting for the AHB bus...
2654565000 >> AHB granted, starting recovery...
2673765000 >> Recovery done, continuing...
2673815000 >> Requesting for the AHB bus...
2674615000 >> AHB granted, starting recovery...
2693815000 >> Recovery done, continuing...
2693865000 >> Requesting for the AHB bus...
2694665000 >> AHB granted, starting recovery...
2713865000 >> Recovery done, continuing...
2713915000 >> Requesting for the AHB bus...
2714890000 >> AHB granted, starting recovery...
2734090000 >> Recovery done, continuing...
2734140000 >> Requesting for the AHB bus...
2734940000 >> AHB granted, starting recovery...
2754140000 >> Recovery done, continuing...
2754190000 >> Requesting for the AHB bus...
2754990000 >> AHB granted, starting recovery...
2774190000 >> Recovery done, continuing...
2774240000 >> Requesting for the AHB bus...
2775040000 >> AHB granted, starting recovery...
2794240000 >> Recovery done, continuing...
2794290000 >> Requesting for the AHB bus...
2795090000 >> AHB granted, starting recovery...
2814290000 >> Recovery done, continuing...
2814340000 >> Requesting for the AHB bus...
2815140000 >> AHB granted, starting recovery...
2834340000 >> Recovery done, continuing...
2834390000 >> Requesting for the AHB bus...
2835190000 >> AHB granted, starting recovery...
2854390000 >> Recovery done, continuing...
2854440000 >> Requesting for the AHB bus...
2855240000 >> AHB granted, starting recovery...
2874440000 >> Recovery done, continuing...
2874490000 >> Requesting for the AHB bus...
2875290000 >> AHB granted, starting recovery...
2894490000 >> Recovery done, continuing...
2894540000 >> Requesting for the AHB bus...
2895340000 >> AHB granted, starting recovery...
2914540000 >> Recovery done, continuing...
2914590000 >> Requesting for the AHB bus...
2915390000 >> AHB granted, starting recovery...
2934590000 >> Recovery done, continuing...
2934640000 >> Requesting for the AHB bus...
2935440000 >> AHB granted, starting recovery...
2954640000 >> Recovery done, continuing...
2954690000 >> Requesting for the AHB bus...
2955490000 >> AHB granted, starting recovery...
2974690000 >> Recovery done, continuing...
2974740000 >> Requesting for the AHB bus...
2975540000 >> AHB granted, starting recovery...
2994740000 >> Recovery done, continuing...
2994790000 >> Requesting for the AHB bus...
2995590000 >> AHB granted, starting recovery...
3014790000 >> Recovery done, continuing...
3014840000 >> Requesting for the AHB bus...
3015690000 >> AHB granted, starting recovery...
3034890000 >> Recovery done, continuing...
3034940000 >> Requesting for the AHB bus...
3035740000 >> AHB granted, starting recovery...
3054940000 >> Recovery done, continuing...
3054990000 >> Requesting for the AHB bus...
3055790000 >> AHB granted, starting recovery...
3074990000 >> Recovery done, continuing...
3075040000 >> Requesting for the AHB bus...
3075840000 >> AHB granted, starting recovery...
3095040000 >> Recovery done, continuing...
3095090000 >> Requesting for the AHB bus...
3095890000 >> AHB granted, starting recovery...
3115090000 >> Recovery done, continuing...
3115140000 >> Requesting for the AHB bus...
3115940000 >> AHB granted, starting recovery...
3135140000 >> Recovery done, continuing...
3135190000 >> Requesting for the AHB bus...
3135990000 >> AHB granted, starting recovery...
3155190000 >> Recovery done, continuing...
3155240000 >> Requesting for the AHB bus...
3156040000 >> AHB granted, starting recovery...
3175240000 >> Recovery done, continuing...
3175290000 >> Requesting for the AHB bus...
3176090000 >> AHB granted, starting recovery...
3195290000 >> Recovery done, continuing...
3195340000 >> Requesting for the AHB bus...
3196140000 >> AHB granted, starting recovery...
3215340000 >> Recovery done, continuing...
3215390000 >> Requesting for the AHB bus...
3216190000 >> AHB granted, starting recovery...
3235390000 >> Recovery done, continuing...
3235440000 >> Requesting for the AHB bus...
3236240000 >> AHB granted, starting recovery...
3255440000 >> Recovery done, continuing...
3255490000 >> Requesting for the AHB bus...
3256290000 >> AHB granted, starting recovery...
3275490000 >> Recovery done, continuing...
3275540000 >> Requesting for the AHB bus...
3276340000 >> AHB granted, starting recovery...
3295540000 >> Recovery done, continuing...
3295590000 >> Requesting for the AHB bus...
3296390000 >> AHB granted, starting recovery...
3315590000 >> Recovery done, continuing...
3315640000 >> Requesting for the AHB bus...
3316490000 >> AHB granted, starting recovery...
3335690000 >> Recovery done, continuing...
3335740000 >> Requesting for the AHB bus...
3336540000 >> AHB granted, starting recovery...
3355740000 >> Recovery done, continuing...
3355790000 >> Requesting for the AHB bus...
3356590000 >> AHB granted, starting recovery...
3375790000 >> Recovery done, continuing...
3375840000 >> Requesting for the AHB bus...
3376640000 >> AHB granted, starting recovery...
3395840000 >> Recovery done, continuing...
3395890000 >> Requesting for the AHB bus...
3396690000 >> AHB granted, starting recovery...
3415890000 >> Recovery done, continuing...
3415940000 >> Requesting for the AHB bus...
3416740000 >> AHB granted, starting recovery...
3435940000 >> Recovery done, continuing...
3435990000 >> Requesting for the AHB bus...
3436790000 >> AHB granted, starting recovery...
3455990000 >> Recovery done, continuing...
3456040000 >> Requesting for the AHB bus...
3456840000 >> AHB granted, starting recovery...
3476040000 >> Recovery done, continuing...
3476090000 >> Requesting for the AHB bus...
3476890000 >> AHB granted, starting recovery...
3496090000 >> Recovery done, continuing...
3496140000 >> Requesting for the AHB bus...
3496940000 >> AHB granted, starting recovery...
3516140000 >> Recovery done, continuing...
3516190000 >> Requesting for the AHB bus...
3516990000 >> AHB granted, starting recovery...
3536190000 >> Recovery done, continuing...
3536240000 >> Requesting for the AHB bus...
3537040000 >> AHB granted, starting recovery...
3556240000 >> Recovery done, continuing...
3556290000 >> Requesting for the AHB bus...
3557090000 >> AHB granted, starting recovery...
3576290000 >> Recovery done, continuing...
3576340000 >> Requesting for the AHB bus...
3577140000 >> AHB granted, starting recovery...
3596340000 >> Recovery done, continuing...
3596390000 >> Requesting for the AHB bus...
3597190000 >> AHB granted, starting recovery...
3616390000 >> Recovery done, continuing...
3616440000 >> Requesting for the AHB bus...
3617290000 >> AHB granted, starting recovery...
3636490000 >> Recovery done, continuing...
3636540000 >> Requesting for the AHB bus...
3637340000 >> AHB granted, starting recovery...
3656540000 >> Recovery done, continuing...
3656590000 >> Requesting for the AHB bus...
3657390000 >> AHB granted, starting recovery...
3676590000 >> Recovery done, continuing...
3676640000 >> Requesting for the AHB bus...
3677440000 >> AHB granted, starting recovery...
3696640000 >> Recovery done, continuing...
3696690000 >> Requesting for the AHB bus...
3697490000 >> AHB granted, starting recovery...
3716690000 >> Recovery done, continuing...
3716740000 >> Requesting for the AHB bus...
3717540000 >> AHB granted, starting recovery...
3736740000 >> Recovery done, continuing...
3736790000 >> Requesting for the AHB bus...
3737590000 >> AHB granted, starting recovery...
3756790000 >> Recovery done, continuing...
3756840000 >> Requesting for the AHB bus...
3757640000 >> AHB granted, starting recovery...
3776840000 >> Recovery done, continuing...
3776890000 >> Requesting for the AHB bus...
3777690000 >> AHB granted, starting recovery...
3796890000 >> Recovery done, continuing...
3796940000 >> Requesting for the AHB bus...
3797740000 >> AHB granted, starting recovery...
3816940000 >> Recovery done, continuing...
3816990000 >> Requesting for the AHB bus...
3817790000 >> AHB granted, starting recovery...
3836990000 >> Recovery done, continuing...
3837040000 >> Requesting for the AHB bus...
3837840000 >> AHB granted, starting recovery...
3857040000 >> Recovery done, continuing...
3857090000 >> Requesting for the AHB bus...
3857890000 >> AHB granted, starting recovery...
3877090000 >> Recovery done, continuing...
3877140000 >> Requesting for the AHB bus...
3877940000 >> AHB granted, starting recovery...
3897140000 >> Recovery done, continuing...
3897190000 >> Requesting for the AHB bus...
3897990000 >> AHB granted, starting recovery...
3917190000 >> Recovery done, continuing...
3917240000 >> Requesting for the AHB bus...
3918090000 >> AHB granted, starting recovery...
3937290000 >> Recovery done, continuing...
3937340000 >> Requesting for the AHB bus...
3938140000 >> AHB granted, starting recovery...
3957340000 >> Recovery done, continuing...
3957390000 >> Requesting for the AHB bus...
3958190000 >> AHB granted, starting recovery...
3977390000 >> Recovery done, continuing...
3977440000 >> Requesting for the AHB bus...
3978240000 >> AHB granted, starting recovery...
3997440000 >> Recovery done, continuing...
3997490000 >> Requesting for the AHB bus...
3998290000 >> AHB granted, starting recovery...
4017490000 >> Recovery done, continuing...
4017540000 >> Requesting for the AHB bus...
4018340000 >> AHB granted, starting recovery...
4037540000 >> Recovery done, continuing...
4037590000 >> Requesting for the AHB bus...
4038390000 >> AHB granted, starting recovery...
4057590000 >> Recovery done, continuing...
4057640000 >> Requesting for the AHB bus...
4058440000 >> AHB granted, starting recovery...
4077640000 >> Recovery done, continuing...
4077690000 >> Requesting for the AHB bus...
4078490000 >> AHB granted, starting recovery...
4097690000 >> Recovery done, continuing...
4097740000 >> Requesting for the AHB bus...
4098540000 >> AHB granted, starting recovery...
4117740000 >> Recovery done, continuing...
4117790000 >> Requesting for the AHB bus...
4118590000 >> AHB granted, starting recovery...
4137790000 >> Recovery done, continuing...
4137840000 >> Requesting for the AHB bus...
4138640000 >> AHB granted, starting recovery...
4157840000 >> Recovery done, continuing...
4157890000 >> Requesting for the AHB bus...
4158690000 >> AHB granted, starting recovery...
4177890000 >> Recovery done, continuing...
4177940000 >> Requesting for the AHB bus...
4178740000 >> AHB granted, starting recovery...
4197940000 >> Recovery done, continuing...
4197990000 >> Requesting for the AHB bus...
4198790000 >> AHB granted, starting recovery...
4217990000 >> Recovery done, continuing...
4218040000 >> Requesting for the AHB bus...
4218890000 >> AHB granted, starting recovery...
4238090000 >> Recovery done, continuing...
4238140000 >> Requesting for the AHB bus...
4238940000 >> AHB granted, starting recovery...
4258140000 >> Recovery done, continuing...
4258190000 >> Requesting for the AHB bus...
4258990000 >> AHB granted, starting recovery...
4278190000 >> Recovery done, continuing...
4278240000 >> Requesting for the AHB bus...
4279040000 >> AHB granted, starting recovery...
4298240000 >> Recovery done, continuing...
4298290000 >> Requesting for the AHB bus...
4299090000 >> AHB granted, starting recovery...
4318290000 >> Recovery done, continuing...
4318340000 >> Requesting for the AHB bus...
4319140000 >> AHB granted, starting recovery...
4338340000 >> Recovery done, continuing...
4338390000 >> Requesting for the AHB bus...
4339190000 >> AHB granted, starting recovery...
4358390000 >> Recovery done, continuing...
4358440000 >> Requesting for the AHB bus...
4359240000 >> AHB granted, starting recovery...
4378440000 >> Recovery done, continuing...
4378490000 >> Requesting for the AHB bus...
4379290000 >> AHB granted, starting recovery...
4398490000 >> Recovery done, continuing...
4398540000 >> Requesting for the AHB bus...
4399340000 >> AHB granted, starting recovery...
4418540000 >> Recovery done, continuing...
4418590000 >> Requesting for the AHB bus...
4419390000 >> AHB granted, starting recovery...
4438590000 >> Recovery done, continuing...
4438640000 >> Requesting for the AHB bus...
4439440000 >> AHB granted, starting recovery...
4458640000 >> Recovery done, continuing...
4458690000 >> Requesting for the AHB bus...
4459490000 >> AHB granted, starting recovery...
4478690000 >> Recovery done, continuing...
4478740000 >> Requesting for the AHB bus...
4479540000 >> AHB granted, starting recovery...
4498740000 >> Recovery done, continuing...
4498790000 >> Requesting for the AHB bus...
4499590000 >> AHB granted, starting recovery...
4518790000 >> Recovery done, continuing...
4518840000 >> Requesting for the AHB bus...
4519690000 >> AHB granted, starting recovery...
4538890000 >> Recovery done, continuing...
4538940000 >> Requesting for the AHB bus...
4539740000 >> AHB granted, starting recovery...
4558940000 >> Recovery done, continuing...
4558990000 >> Requesting for the AHB bus...
4559790000 >> AHB granted, starting recovery...
4578990000 >> Recovery done, continuing...
4579040000 >> Requesting for the AHB bus...
4579840000 >> AHB granted, starting recovery...
4599040000 >> Recovery done, continuing...
4599090000 >> Requesting for the AHB bus...
4599890000 >> AHB granted, starting recovery...
4619090000 >> Recovery done, continuing...
4619140000 >> Requesting for the AHB bus...
4619940000 >> AHB granted, starting recovery...
4639140000 >> Recovery done, continuing...
4639190000 >> Requesting for the AHB bus...
4639990000 >> AHB granted, starting recovery...
4659190000 >> Recovery done, continuing...
4659240000 >> Requesting for the AHB bus...
4660040000 >> AHB granted, starting recovery...
4679240000 >> Recovery done, continuing...
4679290000 >> Requesting for the AHB bus...
4680090000 >> AHB granted, starting recovery...
4699290000 >> Recovery done, continuing...
4699340000 >> Requesting for the AHB bus...
4700140000 >> AHB granted, starting recovery...
4719340000 >> Recovery done, continuing...
4719390000 >> Requesting for the AHB bus...
4720190000 >> AHB granted, starting recovery...
4739390000 >> Recovery done, continuing...
4739440000 >> Requesting for the AHB bus...
4740240000 >> AHB granted, starting recovery...
4759440000 >> Recovery done, continuing...
4759490000 >> Requesting for the AHB bus...
4760290000 >> AHB granted, starting recovery...
4779490000 >> Recovery done, continuing...
4779540000 >> Requesting for the AHB bus...
4780340000 >> AHB granted, starting recovery...
4799540000 >> Recovery done, continuing...
4799590000 >> Requesting for the AHB bus...
4800390000 >> AHB granted, starting recovery...
4819590000 >> Recovery done, continuing...
4819640000 >> Requesting for the AHB bus...
4820490000 >> AHB granted, starting recovery...
4839690000 >> Recovery done, continuing...
4839740000 >> Requesting for the AHB bus...
4840540000 >> AHB granted, starting recovery...
4859740000 >> Recovery done, continuing...
4859790000 >> Requesting for the AHB bus...
4860590000 >> AHB granted, starting recovery...
4879790000 >> Recovery done, continuing...
4879840000 >> Requesting for the AHB bus...
4880640000 >> AHB granted, starting recovery...
4899840000 >> Recovery done, continuing...
4899890000 >> Requesting for the AHB bus...
4900690000 >> AHB granted, starting recovery...
4919890000 >> Recovery done, continuing...
4919940000 >> Requesting for the AHB bus...
4920740000 >> AHB granted, starting recovery...
4939940000 >> Recovery done, continuing...
4939990000 >> Requesting for the AHB bus...
4940790000 >> AHB granted, starting recovery...
4959990000 >> Recovery done, continuing...
4960040000 >> Requesting for the AHB bus...
4960840000 >> AHB granted, starting recovery...
4980040000 >> Recovery done, continuing...
4980090000 >> Requesting for the AHB bus...
4980890000 >> AHB granted, starting recovery...
5000090000 >> Recovery done, continuing...
5000140000 >> Requesting for the AHB bus...
5000940000 >> AHB granted, starting recovery...
5020140000 >> Recovery done, continuing...
5020190000 >> Requesting for the AHB bus...
5020990000 >> AHB granted, starting recovery...
5040190000 >> Recovery done, continuing...
5040240000 >> Requesting for the AHB bus...
5041040000 >> AHB granted, starting recovery...
5060240000 >> Recovery done, continuing...
5060290000 >> Requesting for the AHB bus...
5061090000 >> AHB granted, starting recovery...
5080290000 >> Recovery done, continuing...
5080340000 >> Requesting for the AHB bus...
5081140000 >> AHB granted, starting recovery...
5100340000 >> Recovery done, continuing...
5100390000 >> Requesting for the AHB bus...
5101190000 >> AHB granted, starting recovery...
5120390000 >> Recovery done, continuing...
5120440000 >> Requesting for the AHB bus...
5121290000 >> AHB granted, starting recovery...
5140490000 >> Recovery done, continuing...
5140540000 >> Requesting for the AHB bus...
5141340000 >> AHB granted, starting recovery...
5160540000 >> Recovery done, continuing...
5160590000 >> Requesting for the AHB bus...
5161390000 >> AHB granted, starting recovery...
5180590000 >> Recovery done, continuing...
5180640000 >> Requesting for the AHB bus...
5181440000 >> AHB granted, starting recovery...
5200640000 >> Recovery done, continuing...
5200690000 >> Requesting for the AHB bus...
5201490000 >> AHB granted, starting recovery...
5220690000 >> Recovery done, continuing...
5220740000 >> Requesting for the AHB bus...
5221540000 >> AHB granted, starting recovery...
5240740000 >> Recovery done, continuing...
5240790000 >> Requesting for the AHB bus...
5241590000 >> AHB granted, starting recovery...
5260790000 >> Recovery done, continuing...
5260840000 >> Requesting for the AHB bus...
5261640000 >> AHB granted, starting recovery...
5280840000 >> Recovery done, continuing...
5280890000 >> Requesting for the AHB bus...
5281690000 >> AHB granted, starting recovery...
5300890000 >> Recovery done, continuing...
5300940000 >> Requesting for the AHB bus...
5301740000 >> AHB granted, starting recovery...
5320940000 >> Recovery done, continuing...
5320990000 >> Requesting for the AHB bus...
5321790000 >> AHB granted, starting recovery...
5340990000 >> Recovery done, continuing...
5341040000 >> Requesting for the AHB bus...
5341840000 >> AHB granted, starting recovery...
5361040000 >> Recovery done, continuing...
5361090000 >> Requesting for the AHB bus...
5361890000 >> AHB granted, starting recovery...
5381090000 >> Recovery done, continuing...
5381140000 >> Requesting for the AHB bus...
5381940000 >> AHB granted, starting recovery...
5401140000 >> Recovery done, continuing...
5401190000 >> Requesting for the AHB bus...
5401990000 >> AHB granted, starting recovery...
5421190000 >> Recovery done, continuing...
5421240000 >> Requesting for the AHB bus...
5422090000 >> AHB granted, starting recovery...
5441290000 >> Recovery done, continuing...
5441340000 >> Requesting for the AHB bus...
5442140000 >> AHB granted, starting recovery...
5461340000 >> Recovery done, continuing...
5461390000 >> Requesting for the AHB bus...
5462190000 >> AHB granted, starting recovery...
5481390000 >> Recovery done, continuing...
5481440000 >> Requesting for the AHB bus...
5482240000 >> AHB granted, starting recovery...
5501440000 >> Recovery done, continuing...
5501490000 >> Requesting for the AHB bus...
5502290000 >> AHB granted, starting recovery...
5521490000 >> Recovery done, continuing...
5521540000 >> Requesting for the AHB bus...
5522340000 >> AHB granted, starting recovery...
5541540000 >> Recovery done, continuing...
5541590000 >> Requesting for the AHB bus...
5542390000 >> AHB granted, starting recovery...
5561590000 >> Recovery done, continuing...
5561640000 >> Requesting for the AHB bus...
5562440000 >> AHB granted, starting recovery...
5581640000 >> Recovery done, continuing...
5581690000 >> Requesting for the AHB bus...
5582490000 >> AHB granted, starting recovery...
5601690000 >> Recovery done, continuing...
5601740000 >> Requesting for the AHB bus...
5602540000 >> AHB granted, starting recovery...
5621740000 >> Recovery done, continuing...
5621790000 >> Requesting for the AHB bus...
5622590000 >> AHB granted, starting recovery...
5641790000 >> Recovery done, continuing...
5641840000 >> Requesting for the AHB bus...
5642640000 >> AHB granted, starting recovery...
5661840000 >> Recovery done, continuing...
5661890000 >> Requesting for the AHB bus...
5662690000 >> AHB granted, starting recovery...
5681890000 >> Recovery done, continuing...
5681940000 >> Requesting for the AHB bus...
5682740000 >> AHB granted, starting recovery...
5701940000 >> Recovery done, continuing...
5701990000 >> Requesting for the AHB bus...
5702790000 >> AHB granted, starting recovery...
5721990000 >> Recovery done, continuing...
5722040000 >> Requesting for the AHB bus...
5722890000 >> AHB granted, starting recovery...
5742090000 >> Recovery done, continuing...
5742140000 >> Requesting for the AHB bus...
5742940000 >> AHB granted, starting recovery...
5745715000 >> time limit reached...
/testbench/cpu/l3/u0/leon3x0/vhdl/p0/iu/r.w.wreg:1
/testbench/cpu/l3/u0/leon3x0/vhdl/p0/iu/r.m.irqen:1
/testbench/cpu/l3/u0/leon3x0/vhdl/p0/iu/r.m.icc:0100
/testbench/cpu/l3/u0/leon3x0/vhdl/p0/iu/r.a.ticc:0
/testbench/cpu/l3/u0/leon3x0/vhdl/p0/iu/r.a.step:0
/testbench/cpu/l3/u0/leon3x0/vhdl/p0/iu/r.m.irqen2:1
/testbench/cpu/l3/u0/leon3x0/vhdl/p0/iu/r.d.pc:01000000000000000000001110010000
/testbench/cpu/l3/u0/leon3x0/vhdl/p0/iu/r.d.rexpl:{{00000000000000000000000000000000} {00} {0} 0 0 {0000000000000000000} 0 0 0 0 0 0}
/testbench/cpu/l3/u0/leon3x0/vhdl/p0/iu/r.d.mexc:0
/testbench/cpu/l3/u0/leon3x0/vhdl/p0/iu/r.a.aw:0
/testbench/cpu/l3/u0/leon3x0/vhdl/p0/iu/r.e.ctrl:{{01000000000000000000001110001100} {11000010000001111011111111110000} {00} {10000001} {000000} 0 0 1 0 0 1 1 0 0}
/testbench/cpu/l3/u0/leon3x0/vhdl/p0/iu/r.a.divstart:0
/testbench/cpu/l3/u0/leon3x0/vhdl/p0/iu/r.e.shleft:0
/testbench/cpu/l3/u0/leon3x0/vhdl/p0/iu/r.a.bp:0
/testbench/cpu/l3/u0/leon3x0/vhdl/p0/iu/r.w.twcwp:000
/testbench/cpu/l3/u0/leon3x0/vhdl/p0/iu/r.a.jmpl:0
/testbench/cpu/l3/u0/leon3x0/vhdl/p0/iu/r.m.casa:0
/testbench/cpu/l3/u0/leon3x0/vhdl/p0/iu/r.m.werr:0
/testbench/cpu/l3/u0/leon3x0/vhdl/p0/iu/r.e.su:1
/testbench/cpu/l3/u0/leon3x0/vhdl/p0/iu/r.e.et:1
/testbench/cpu/l3/u0/leon3x0/vhdl/p0/iu/r.a.ldcheck1:1
/testbench/cpu/l3/u0/leon3x0/vhdl/p0/iu/r.d.stwin:000
/testbench/cpu/l3/u0/leon3x0/vhdl/p0/iu/r.a.ldcheck2:0
/testbench/cpu/l3/u0/leon3x0/vhdl/p0/iu/r.x.intack:0
/testbench/cpu/l3/u0/leon3x0/vhdl/p0/iu/r.m.ctrl:{{01000000000000000000001110001000} {11000010001001111011111111110000} {01} {10000001} {000000} 0 0 0 0 0 0 0 0 0}
/testbench/cpu/l3/u0/leon3x0/vhdl/p0/iu/r.a.cwp:100
/testbench/cpu/l3/u0/leon3x0/vhdl/p0/iu/r.e.sari:0
/testbench/cpu/l3/u0/leon3x0/vhdl/p0/iu/r.d.paw:0
/testbench/cpu/l3/u0/leon3x0/vhdl/p0/iu/r.d.aw:0
/testbench/cpu/l3/u0/leon3x0/vhdl/p0/iu/r.d.awp:000
/testbench/cpu/l3/u0/leon3x0/vhdl/p0/iu/r.x.ctrl:{{01000000000000000000001110001000} {11000010001001111011111111110000} {00} {10000001} {000000} 0 0 0 0 0 0 1 0 0}
/testbench/cpu/l3/u0/leon3x0/vhdl/p0/iu/r.m.rexnalign:0
/testbench/cpu/l3/u0/leon3x0/vhdl/p0/iu/r.m.su:1
/testbench/cpu/l3/u0/leon3x0/vhdl/p0/iu/r.m.wcwp:0
/testbench/cpu/l3/u0/leon3x0/vhdl/p0/iu/r.d.divrdy:0
/testbench/cpu/l3/u0/leon3x0/vhdl/p0/iu/r.e.cwp:100
/testbench/cpu/l3/u0/leon3x0/vhdl/p0/iu/r.w.except:0
/testbench/cpu/l3/u0/leon3x0/vhdl/p0/iu/r.x.nerror:0
/testbench/cpu/l3/u0/leon3x0/vhdl/p0/iu/r.a.bpimiss:0
/testbench/cpu/l3/u0/leon3x0/vhdl/p0/iu/r.a.nobp:0
/testbench/cpu/l3/u0/leon3x0/vhdl/p0/iu/r.d.rexcnt:0
/testbench/cpu/l3/u0/leon3x0/vhdl/p0/iu/r.w.s:{{101} {0100} {00000000} {01000000000000000000} {00000010} {0000} 0 0 1 1 1 {00000000000000000000000000000000} {UUUUUUUUUUUUUUUUUUUUUUUUUUUUUUUU} 1 0 0 1 1 1 0 0 {000} {000} {111}}
/testbench/cpu/l3/u0/leon3x0/vhdl/p0/iu/r.d.pv:1
/testbench/cpu/l3/u0/leon3x0/vhdl/p0/iu/r.a.ldchkra:1
/testbench/cpu/l3/u0/leon3x0/vhdl/p0/iu/r.a.rfa1:10000001
/testbench/cpu/l3/u0/leon3x0/vhdl/p0/iu/r.a.rfa2:01001001
/testbench/cpu/l3/u0/leon3x0/vhdl/p0/iu/r.a.imm:00000000000000000000000000001001
/testbench/cpu/l3/u0/leon3x0/vhdl/p0/iu/r.w.wa:10000001
/testbench/cpu/l3/u0/leon3x0/vhdl/p0/iu/r.m.casaz:0
/testbench/cpu/l3/u0/leon3x0/vhdl/p0/iu/r.x.dci:{0 1 0 0 0 0 {10} {00001011}}
/testbench/cpu/l3/u0/leon3x0/vhdl/p0/iu/r.x.mac:0
/testbench/cpu/l3/u0/leon3x0/vhdl/p0/iu/r.m.divz:0
/testbench/cpu/l3/u0/leon3x0/vhdl/p0/iu/r.d.inst:{{10000000101000000110000000001001}}
/testbench/cpu/l3/u0/leon3x0/vhdl/p0/iu/r.e.rfe1:1
/testbench/cpu/l3/u0/leon3x0/vhdl/p0/iu/r.a.wovf:0
/testbench/cpu/l3/u0/leon3x0/vhdl/p0/iu/r.e.rfe2:0
/testbench/cpu/l3/u0/leon3x0/vhdl/p0/iu/r.e.op1:01000000000011111111111000101000
/testbench/cpu/l3/u0/leon3x0/vhdl/p0/iu/r.m.nalign:1
/testbench/cpu/l3/u0/leon3x0/vhdl/p0/iu/r.e.op2:11111111111111111111111111110000
/testbench/cpu/l3/u0/leon3x0/vhdl/p0/iu/r.d.rexen:0
/testbench/cpu/l3/u0/leon3x0/vhdl/p0/iu/r.a.ctrl:{{01000000000000000000001110010000} {10000000101000000110000000001001} {00} {10000000} {000000} 0 1 0 0 0 0 0 0 0}
/testbench/cpu/l3/u0/leon3x0/vhdl/p0/iu/r.x.ipend:0
/testbench/cpu/l3/u0/leon3x0/vhdl/p0/iu/r.e.ldbp1:0
/testbench/cpu/l3/u0/leon3x0/vhdl/p0/iu/r.e.aluadd:1
/testbench/cpu/l3/u0/leon3x0/vhdl/p0/iu/r.d.set:0
/testbench/cpu/l3/u0/leon3x0/vhdl/p0/iu/r.d.inull:0
/testbench/cpu/l3/u0/leon3x0/vhdl/p0/iu/r.e.ldbp2:0
/testbench/cpu/l3/u0/leon3x0/vhdl/p0/iu/r.d.cnt:00
/testbench/cpu/l3/u0/leon3x0/vhdl/p0/iu/r.a.su:1
/testbench/cpu/l3/u0/leon3x0/vhdl/p0/iu/r.a.et:1
/testbench/cpu/l3/u0/leon3x0/vhdl/p0/iu/r.e.mul:0
/testbench/cpu/l3/u0/leon3x0/vhdl/p0/iu/r.e.alusel:00
/testbench/cpu/l3/u0/leon3x0/vhdl/p0/iu/r.e.aw:U
/testbench/cpu/l3/u0/leon3x0/vhdl/p0/iu/r.e.mac:0
/testbench/cpu/l3/u0/leon3x0/vhdl/p0/iu/r.a.decill:0
/testbench/cpu/l3/u0/leon3x0/vhdl/p0/iu/r.x.icc:0100
/testbench/cpu/l3/u0/leon3x0/vhdl/p0/iu/r.x.result:01000000000011111111111010010000
/testbench/cpu/l3/u0/leon3x0/vhdl/p0/iu/r.e.bp:0
/testbench/cpu/l3/u0/leon3x0/vhdl/p0/iu/r.a.rs1:00001
/testbench/cpu/l3/u0/leon3x0/vhdl/p0/iu/r.e.jmpl:0
/testbench/cpu/l3/u0/leon3x0/vhdl/p0/iu/r.a.rsel1:001
/testbench/cpu/l3/u0/leon3x0/vhdl/p0/iu/r.x.y:00000000000000000000000000000000
/testbench/cpu/l3/u0/leon3x0/vhdl/p0/iu/r.a.rsel2:100
/testbench/cpu/l3/u0/leon3x0/vhdl/p0/iu/r.a.awp:000
/testbench/cpu/l3/u0/leon3x0/vhdl/p0/iu/r.a.paw:0
/testbench/cpu/l3/u0/leon3x0/vhdl/p0/iu/r.x.data:{{00000000000000000000000000001001}}
/testbench/cpu/l3/u0/leon3x0/vhdl/p0/iu/r.m.mul:0
/testbench/cpu/l3/u0/leon3x0/vhdl/p0/iu/r.e.rd:UUUUU
/testbench/cpu/l3/u0/leon3x0/vhdl/p0/iu/r.e.invop2:0
/testbench/cpu/l3/u0/leon3x0/vhdl/p0/iu/r.m.wawp:0
/testbench/cpu/l3/u0/leon3x0/vhdl/p0/iu/r.d.cwpmax:111
/testbench/cpu/l3/u0/leon3x0/vhdl/p0/iu/r.f.branch:0
/testbench/cpu/l3/u0/leon3x0/vhdl/p0/iu/r.d.pcheld:1
/testbench/cpu/l3/u0/leon3x0/vhdl/p0/iu/r.m.dci:{0 0 0 1 0 0 {10} {00001011}}
/testbench/cpu/l3/u0/leon3x0/vhdl/p0/iu/r.e.paw:U
/testbench/cpu/l3/u0/leon3x0/vhdl/p0/iu/r.e.awp:UUU
/testbench/cpu/l3/u0/leon3x0/vhdl/p0/iu/r.e.shcnt:10000
/testbench/cpu/l3/u0/leon3x0/vhdl/p0/iu/r.w.result:00000000000000000000000000001010
/testbench/cpu/l3/u0/leon3x0/vhdl/p0/iu/r.m.mac:0
/testbench/cpu/l3/u0/leon3x0/vhdl/p0/iu/r.m.y:00000000000000000000000000000000
/testbench/cpu/l3/u0/leon3x0/vhdl/p0/iu/r.d.cwp:100
/testbench/cpu/l3/u0/leon3x0/vhdl/p0/iu/r.x.laddr:00
/testbench/cpu/l3/u0/leon3x0/vhdl/p0/iu/r.e.mulstep:0
/testbench/cpu/l3/u0/leon3x0/vhdl/p0/iu/r.e.ymsb:0
/testbench/cpu/l3/u0/leon3x0/vhdl/p0/iu/r.d.rexbuf:00000000000000000000000000000000
/testbench/cpu/l3/u0/leon3x0/vhdl/p0/iu/r.x.npc:100
/testbench/cpu/l3/u0/leon3x0/vhdl/p0/iu/r.f.pc:01000000000000000000001110010100
/testbench/cpu/l3/u0/leon3x0/vhdl/p0/iu/r.d.annul:0
/testbench/cpu/l3/u0/leon3x0/vhdl/p0/iu/r.x.rstate:run
/testbench/cpu/l3/u0/leon3x0/vhdl/p0/iu/r.x.set:0
/testbench/cpu/l3/u0/leon3x0/vhdl/p0/iu/r.m.result:00000000000000000000000000001010
/testbench/cpu/l3/u0/leon3x0/vhdl/p0/iu/r.e.icc:UUUU
/testbench/cpu/l3/u0/leon3x0/vhdl/p0/iu/r.a.getpc:0
/testbench/cpu/l3/u0/leon3x0/vhdl/p0/iu/r.a.ldchkex:1
/testbench/cpu/l3/u0/leon3x0/vhdl/p0/iu/r.x.mexc:0
/testbench/cpu/l3/u0/leon3x0/vhdl/p0/iu/r.a.mulstart:0
/testbench/cpu/l3/u0/leon3x0/vhdl/p0/iu/r.d.rexpos:10
/testbench/cpu/l3/u0/leon3x0/vhdl/p0/iu/r.x.annul_all:0
/testbench/cpu/l3/u0/leon3x0/vhdl/p0/iu/r.e.aluop:000
/testbench/cpu/l3/u0/leon3x0/vhdl/p0/iu/r.x.debug:0
/testbench/cpu/l3/u0/leon3x0/vhdl/p0/iu/r.a.rfe1:0
/testbench/cpu/l3/u0/leon3x0/vhdl/p0/iu/r.d.step:0
/testbench/cpu/l3/u0/leon3x0/vhdl/p0/iu/r.a.rfe2:0
/testbench/cpu/l3/u0/leon3x0/vhdl/p0/iu/r.e.alucin:0
/testbench/cpu/l3/u0/leon3x0/vhdl/p0/iu/r.a.wunf:0
compare to golden: 1
======================================
progstatus: -2
execerr: 161
latent: 1
time limit!
>>>>>>>>>>>>>>> 5745715000
======================================
