Test signal = /testbench/cpu/l3/u0/leon3x0/vhdl/p0/iu/r.d.mexc
oldval = 0
pos1: -1 pos0: 0 posU: -1
newval = 1
force in 2748651
586290000 >> iteration no: 0
1598340000 >> iteration no: 1
2610390000 >> iteration no: 2
Signal value: 0
oldval = 0
pos1: -1 pos0: 0 posU: -1
newval = 1
3331165000 >> Requesting for the AHB bus...
3331740000 >> AHB granted, starting recovery...
3350940000 >> Recovery done, continuing...
3351290000 >> Requesting for the AHB bus...
3351865000 >> AHB granted, starting recovery...
3371065000 >> Recovery done, continuing...
3371415000 >> Requesting for the AHB bus...
3371990000 >> AHB granted, starting recovery...
3391190000 >> Recovery done, continuing...
3391540000 >> Requesting for the AHB bus...
3392115000 >> AHB granted, starting recovery...
3411315000 >> Recovery done, continuing...
3411665000 >> Requesting for the AHB bus...
3412240000 >> AHB granted, starting recovery...
3431440000 >> Recovery done, continuing...
3431790000 >> Requesting for the AHB bus...
3432365000 >> AHB granted, starting recovery...
3451565000 >> Recovery done, continuing...
3451915000 >> Requesting for the AHB bus...
3452490000 >> AHB granted, starting recovery...
3471690000 >> Recovery done, continuing...
3472040000 >> Requesting for the AHB bus...
3472615000 >> AHB granted, starting recovery...
3491815000 >> Recovery done, continuing...
3492165000 >> Requesting for the AHB bus...
3492740000 >> AHB granted, starting recovery...
3511940000 >> Recovery done, continuing...
3512290000 >> Requesting for the AHB bus...
3512865000 >> AHB granted, starting recovery...
3532065000 >> Recovery done, continuing...
3532415000 >> Requesting for the AHB bus...
3532990000 >> AHB granted, starting recovery...
3552190000 >> Recovery done, continuing...
3552540000 >> Requesting for the AHB bus...
3553115000 >> AHB granted, starting recovery...
3572315000 >> Recovery done, continuing...
3572665000 >> Requesting for the AHB bus...
3573240000 >> AHB granted, starting recovery...
3592440000 >> Recovery done, continuing...
3592790000 >> Requesting for the AHB bus...
3593365000 >> AHB granted, starting recovery...
3612565000 >> Recovery done, continuing...
3612915000 >> Requesting for the AHB bus...
3613490000 >> AHB granted, starting recovery...
3632690000 >> Recovery done, continuing...
3633040000 >> Requesting for the AHB bus...
3633615000 >> AHB granted, starting recovery...
3652815000 >> Recovery done, continuing...
3653165000 >> Requesting for the AHB bus...
3653740000 >> AHB granted, starting recovery...
3672940000 >> Recovery done, continuing...
3673290000 >> Requesting for the AHB bus...
3673865000 >> AHB granted, starting recovery...
3693065000 >> Recovery done, continuing...
3693590000 >> Requesting for the AHB bus...
3694165000 >> AHB granted, starting recovery...
3713365000 >> Recovery done, continuing...
3713715000 >> Requesting for the AHB bus...
3714290000 >> AHB granted, starting recovery...
3733490000 >> Recovery done, continuing...
3733840000 >> Requesting for the AHB bus...
3734415000 >> AHB granted, starting recovery...
3753615000 >> Recovery done, continuing...
3753965000 >> Requesting for the AHB bus...
3754540000 >> AHB granted, starting recovery...
3773740000 >> Recovery done, continuing...
3774090000 >> Requesting for the AHB bus...
3774665000 >> AHB granted, starting recovery...
3793865000 >> Recovery done, continuing...
3794215000 >> Requesting for the AHB bus...
3794790000 >> AHB granted, starting recovery...
3813990000 >> Recovery done, continuing...
3814340000 >> Requesting for the AHB bus...
3814915000 >> AHB granted, starting recovery...
3834115000 >> Recovery done, continuing...
3834465000 >> Requesting for the AHB bus...
3835040000 >> AHB granted, starting recovery...
3854240000 >> Recovery done, continuing...
3854590000 >> Requesting for the AHB bus...
3855165000 >> AHB granted, starting recovery...
3874365000 >> Recovery done, continuing...
3874715000 >> Requesting for the AHB bus...
3875290000 >> AHB granted, starting recovery...
3894490000 >> Recovery done, continuing...
3894840000 >> Requesting for the AHB bus...
3895415000 >> AHB granted, starting recovery...
3914615000 >> Recovery done, continuing...
3914965000 >> Requesting for the AHB bus...
3915540000 >> AHB granted, starting recovery...
3934740000 >> Recovery done, continuing...
3935090000 >> Requesting for the AHB bus...
3935665000 >> AHB granted, starting recovery...
3954865000 >> Recovery done, continuing...
3955215000 >> Requesting for the AHB bus...
3955790000 >> AHB granted, starting recovery...
3974990000 >> Recovery done, continuing...
3975340000 >> Requesting for the AHB bus...
3975915000 >> AHB granted, starting recovery...
3995115000 >> Recovery done, continuing...
3995465000 >> Requesting for the AHB bus...
3996040000 >> AHB granted, starting recovery...
4015240000 >> Recovery done, continuing...
4015590000 >> Requesting for the AHB bus...
4016165000 >> AHB granted, starting recovery...
4035365000 >> Recovery done, continuing...
4035715000 >> Requesting for the AHB bus...
4036290000 >> AHB granted, starting recovery...
4055490000 >> Recovery done, continuing...
4055840000 >> Requesting for the AHB bus...
4056415000 >> AHB granted, starting recovery...
4075615000 >> Recovery done, continuing...
4075965000 >> Requesting for the AHB bus...
4076540000 >> AHB granted, starting recovery...
4095740000 >> Recovery done, continuing...
4096090000 >> Requesting for the AHB bus...
4096665000 >> AHB granted, starting recovery...
4115865000 >> Recovery done, continuing...
4116215000 >> Requesting for the AHB bus...
4116790000 >> AHB granted, starting recovery...
4135990000 >> Recovery done, continuing...
4136340000 >> Requesting for the AHB bus...
4136915000 >> AHB granted, starting recovery...
4156115000 >> Recovery done, continuing...
4156465000 >> Requesting for the AHB bus...
4157040000 >> AHB granted, starting recovery...
4176240000 >> Recovery done, continuing...
4176590000 >> Requesting for the AHB bus...
4177165000 >> AHB granted, starting recovery...
4196365000 >> Recovery done, continuing...
4196715000 >> Requesting for the AHB bus...
4197290000 >> AHB granted, starting recovery...
4216490000 >> Recovery done, continuing...
4216840000 >> Requesting for the AHB bus...
4217415000 >> AHB granted, starting recovery...
4236615000 >> Recovery done, continuing...
4236965000 >> Requesting for the AHB bus...
4237540000 >> AHB granted, starting recovery...
4256740000 >> Recovery done, continuing...
4257090000 >> Requesting for the AHB bus...
4257665000 >> AHB granted, starting recovery...
4276865000 >> Recovery done, continuing...
4277215000 >> Requesting for the AHB bus...
4277790000 >> AHB granted, starting recovery...
4296990000 >> Recovery done, continuing...
4297340000 >> Requesting for the AHB bus...
4297915000 >> AHB granted, starting recovery...
4317115000 >> Recovery done, continuing...
4317465000 >> Requesting for the AHB bus...
4318040000 >> AHB granted, starting recovery...
4337240000 >> Recovery done, continuing...
4337590000 >> Requesting for the AHB bus...
4338165000 >> AHB granted, starting recovery...
4357365000 >> Recovery done, continuing...
4357715000 >> Requesting for the AHB bus...
4358290000 >> AHB granted, starting recovery...
4377490000 >> Recovery done, continuing...
4377840000 >> Requesting for the AHB bus...
4378415000 >> AHB granted, starting recovery...
4397615000 >> Recovery done, continuing...
4397965000 >> Requesting for the AHB bus...
4398540000 >> AHB granted, starting recovery...
4417740000 >> Recovery done, continuing...
4418090000 >> Requesting for the AHB bus...
4418665000 >> AHB granted, starting recovery...
4437865000 >> Recovery done, continuing...
4438215000 >> Requesting for the AHB bus...
4438790000 >> AHB granted, starting recovery...
4457990000 >> Recovery done, continuing...
4458340000 >> Requesting for the AHB bus...
4458915000 >> AHB granted, starting recovery...
4478115000 >> Recovery done, continuing...
4478465000 >> Requesting for the AHB bus...
4479040000 >> AHB granted, starting recovery...
4498240000 >> Recovery done, continuing...
4498590000 >> Requesting for the AHB bus...
4499165000 >> AHB granted, starting recovery...
4518365000 >> Recovery done, continuing...
4518715000 >> Requesting for the AHB bus...
4519290000 >> AHB granted, starting recovery...
4538490000 >> Recovery done, continuing...
4538840000 >> Requesting for the AHB bus...
4539415000 >> AHB granted, starting recovery...
4558615000 >> Recovery done, continuing...
4558965000 >> Requesting for the AHB bus...
4559540000 >> AHB granted, starting recovery...
4578740000 >> Recovery done, continuing...
4579090000 >> Requesting for the AHB bus...
4579665000 >> AHB granted, starting recovery...
4598865000 >> Recovery done, continuing...
4599215000 >> Requesting for the AHB bus...
4599790000 >> AHB granted, starting recovery...
4618990000 >> Recovery done, continuing...
4619340000 >> Requesting for the AHB bus...
4619915000 >> AHB granted, starting recovery...
4639115000 >> Recovery done, continuing...
4639465000 >> Requesting for the AHB bus...
4640040000 >> AHB granted, starting recovery...
4659240000 >> Recovery done, continuing...
4659590000 >> Requesting for the AHB bus...
4660165000 >> AHB granted, starting recovery...
4679365000 >> Recovery done, continuing...
4679715000 >> Requesting for the AHB bus...
4680290000 >> AHB granted, starting recovery...
4699490000 >> Recovery done, continuing...
4699840000 >> Requesting for the AHB bus...
4700415000 >> AHB granted, starting recovery...
4719615000 >> Recovery done, continuing...
4719965000 >> Requesting for the AHB bus...
4720540000 >> AHB granted, starting recovery...
4739740000 >> Recovery done, continuing...
4740090000 >> Requesting for the AHB bus...
4740665000 >> AHB granted, starting recovery...
4759865000 >> Recovery done, continuing...
4760215000 >> Requesting for the AHB bus...
4760790000 >> AHB granted, starting recovery...
4779990000 >> Recovery done, continuing...
4780340000 >> Requesting for the AHB bus...
4780915000 >> AHB granted, starting recovery...
4800115000 >> Recovery done, continuing...
4800465000 >> Requesting for the AHB bus...
4801040000 >> AHB granted, starting recovery...
4820240000 >> Recovery done, continuing...
4820590000 >> Requesting for the AHB bus...
4821165000 >> AHB granted, starting recovery...
4840365000 >> Recovery done, continuing...
4840715000 >> Requesting for the AHB bus...
4841290000 >> AHB granted, starting recovery...
4860490000 >> Recovery done, continuing...
4860840000 >> Requesting for the AHB bus...
4861415000 >> AHB granted, starting recovery...
4880615000 >> Recovery done, continuing...
4880965000 >> Requesting for the AHB bus...
4881540000 >> AHB granted, starting recovery...
4900740000 >> Recovery done, continuing...
4901090000 >> Requesting for the AHB bus...
4901665000 >> AHB granted, starting recovery...
4920865000 >> Recovery done, continuing...
4921215000 >> Requesting for the AHB bus...
4921790000 >> AHB granted, starting recovery...
4940990000 >> Recovery done, continuing...
4941340000 >> Requesting for the AHB bus...
4941915000 >> AHB granted, starting recovery...
4961115000 >> Recovery done, continuing...
4961465000 >> Requesting for the AHB bus...
4962040000 >> AHB granted, starting recovery...
4981240000 >> Recovery done, continuing...
4981590000 >> Requesting for the AHB bus...
4982165000 >> AHB granted, starting recovery...
5001365000 >> Recovery done, continuing...
5001715000 >> Requesting for the AHB bus...
5002290000 >> AHB granted, starting recovery...
5021490000 >> Recovery done, continuing...
5021840000 >> Requesting for the AHB bus...
5022415000 >> AHB granted, starting recovery...
5041615000 >> Recovery done, continuing...
5041965000 >> Requesting for the AHB bus...
5042540000 >> AHB granted, starting recovery...
5061740000 >> Recovery done, continuing...
5062090000 >> Requesting for the AHB bus...
5062665000 >> AHB granted, starting recovery...
5081865000 >> Recovery done, continuing...
5082390000 >> Requesting for the AHB bus...
5082965000 >> AHB granted, starting recovery...
5102165000 >> Recovery done, continuing...
5102515000 >> Requesting for the AHB bus...
5103090000 >> AHB granted, starting recovery...
5122290000 >> Recovery done, continuing...
5122640000 >> Requesting for the AHB bus...
5123215000 >> AHB granted, starting recovery...
5142415000 >> Recovery done, continuing...
5142765000 >> Requesting for the AHB bus...
5143340000 >> AHB granted, starting recovery...
5162540000 >> Recovery done, continuing...
5162890000 >> Requesting for the AHB bus...
5163465000 >> AHB granted, starting recovery...
5182665000 >> Recovery done, continuing...
5183015000 >> Requesting for the AHB bus...
5183590000 >> AHB granted, starting recovery...
5202790000 >> Recovery done, continuing...
5203140000 >> Requesting for the AHB bus...
5203715000 >> AHB granted, starting recovery...
5222915000 >> Recovery done, continuing...
5223265000 >> Requesting for the AHB bus...
5223840000 >> AHB granted, starting recovery...
5243040000 >> Recovery done, continuing...
5243390000 >> Requesting for the AHB bus...
5243965000 >> AHB granted, starting recovery...
5263165000 >> Recovery done, continuing...
5263515000 >> Requesting for the AHB bus...
5264090000 >> AHB granted, starting recovery...
5283290000 >> Recovery done, continuing...
5283640000 >> Requesting for the AHB bus...
5284215000 >> AHB granted, starting recovery...
5303415000 >> Recovery done, continuing...
5303765000 >> Requesting for the AHB bus...
5304340000 >> AHB granted, starting recovery...
5323540000 >> Recovery done, continuing...
5323890000 >> Requesting for the AHB bus...
5324465000 >> AHB granted, starting recovery...
5343665000 >> Recovery done, continuing...
5344015000 >> Requesting for the AHB bus...
5344590000 >> AHB granted, starting recovery...
5363790000 >> Recovery done, continuing...
5364140000 >> Requesting for the AHB bus...
5364715000 >> AHB granted, starting recovery...
5383915000 >> Recovery done, continuing...
5384265000 >> Requesting for the AHB bus...
5384840000 >> AHB granted, starting recovery...
5404040000 >> Recovery done, continuing...
5404390000 >> Requesting for the AHB bus...
5404965000 >> AHB granted, starting recovery...
5424165000 >> Recovery done, continuing...
5424515000 >> Requesting for the AHB bus...
5425090000 >> AHB granted, starting recovery...
5444290000 >> Recovery done, continuing...
5444640000 >> Requesting for the AHB bus...
5445215000 >> AHB granted, starting recovery...
5464415000 >> Recovery done, continuing...
5464765000 >> Requesting for the AHB bus...
5465340000 >> AHB granted, starting recovery...
5484540000 >> Recovery done, continuing...
5484890000 >> Requesting for the AHB bus...
5485465000 >> AHB granted, starting recovery...
5504665000 >> Recovery done, continuing...
5505015000 >> Requesting for the AHB bus...
5505590000 >> AHB granted, starting recovery...
5524790000 >> Recovery done, continuing...
5525140000 >> Requesting for the AHB bus...
5525715000 >> AHB granted, starting recovery...
5544915000 >> Recovery done, continuing...
5545265000 >> Requesting for the AHB bus...
5545840000 >> AHB granted, starting recovery...
5565040000 >> Recovery done, continuing...
5565390000 >> Requesting for the AHB bus...
5565965000 >> AHB granted, starting recovery...
5585165000 >> Recovery done, continuing...
5585515000 >> Requesting for the AHB bus...
5586090000 >> AHB granted, starting recovery...
5605290000 >> Recovery done, continuing...
5605640000 >> Requesting for the AHB bus...
5606215000 >> AHB granted, starting recovery...
5625415000 >> Recovery done, continuing...
5625765000 >> Requesting for the AHB bus...
5626340000 >> AHB granted, starting recovery...
5645540000 >> Recovery done, continuing...
5645890000 >> Requesting for the AHB bus...
5646465000 >> AHB granted, starting recovery...
5665665000 >> Recovery done, continuing...
5666015000 >> Requesting for the AHB bus...
5666590000 >> AHB granted, starting recovery...
5685790000 >> Recovery done, continuing...
5686140000 >> Requesting for the AHB bus...
5686715000 >> AHB granted, starting recovery...
5705915000 >> Recovery done, continuing...
5706265000 >> Requesting for the AHB bus...
5706840000 >> AHB granted, starting recovery...
5726040000 >> Recovery done, continuing...
5726390000 >> Requesting for the AHB bus...
5726965000 >> AHB granted, starting recovery...
5745715000 >> time limit reached...
/testbench/cpu/l3/u0/leon3x0/vhdl/p0/iu/r.w.wreg:1
/testbench/cpu/l3/u0/leon3x0/vhdl/p0/iu/r.m.irqen:1
/testbench/cpu/l3/u0/leon3x0/vhdl/p0/iu/r.m.icc:0100
/testbench/cpu/l3/u0/leon3x0/vhdl/p0/iu/r.a.ticc:0
/testbench/cpu/l3/u0/leon3x0/vhdl/p0/iu/r.a.step:0
/testbench/cpu/l3/u0/leon3x0/vhdl/p0/iu/r.m.irqen2:1
/testbench/cpu/l3/u0/leon3x0/vhdl/p0/iu/r.d.pc:01000000000000000000001110010000
/testbench/cpu/l3/u0/leon3x0/vhdl/p0/iu/r.d.rexpl:{{00000000000000000000000000000000} {00} {0} 0 0 {0000000000000000000} 0 0 0 0 0 0}
/testbench/cpu/l3/u0/leon3x0/vhdl/p0/iu/r.d.mexc:0
/testbench/cpu/l3/u0/leon3x0/vhdl/p0/iu/r.a.aw:0
/testbench/cpu/l3/u0/leon3x0/vhdl/p0/iu/r.e.ctrl:{{01000000000000000000001110001100} {11000010000001111011111111110000} {00} {10000001} {000000} 0 0 1 0 0 1 1 0 0}
/testbench/cpu/l3/u0/leon3x0/vhdl/p0/iu/r.a.divstart:0
/testbench/cpu/l3/u0/leon3x0/vhdl/p0/iu/r.e.shleft:0
/testbench/cpu/l3/u0/leon3x0/vhdl/p0/iu/r.a.bp:0
/testbench/cpu/l3/u0/leon3x0/vhdl/p0/iu/r.w.twcwp:000
/testbench/cpu/l3/u0/leon3x0/vhdl/p0/iu/r.a.jmpl:0
/testbench/cpu/l3/u0/leon3x0/vhdl/p0/iu/r.m.casa:0
/testbench/cpu/l3/u0/leon3x0/vhdl/p0/iu/r.m.werr:0
/testbench/cpu/l3/u0/leon3x0/vhdl/p0/iu/r.e.su:1
/testbench/cpu/l3/u0/leon3x0/vhdl/p0/iu/r.e.et:1
/testbench/cpu/l3/u0/leon3x0/vhdl/p0/iu/r.a.ldcheck1:1
/testbench/cpu/l3/u0/leon3x0/vhdl/p0/iu/r.d.stwin:000
/testbench/cpu/l3/u0/leon3x0/vhdl/p0/iu/r.a.ldcheck2:0
/testbench/cpu/l3/u0/leon3x0/vhdl/p0/iu/r.x.intack:0
/testbench/cpu/l3/u0/leon3x0/vhdl/p0/iu/r.m.ctrl:{{01000000000000000000001110001000} {11000010001001111011111111110000} {01} {10000001} {000001} 1 0 0 0 0 0 0 0 0}
/testbench/cpu/l3/u0/leon3x0/vhdl/p0/iu/r.a.cwp:101
/testbench/cpu/l3/u0/leon3x0/vhdl/p0/iu/r.e.sari:0
/testbench/cpu/l3/u0/leon3x0/vhdl/p0/iu/r.d.paw:0
/testbench/cpu/l3/u0/leon3x0/vhdl/p0/iu/r.d.aw:0
/testbench/cpu/l3/u0/leon3x0/vhdl/p0/iu/r.d.awp:000
/testbench/cpu/l3/u0/leon3x0/vhdl/p0/iu/r.x.ctrl:{{01000000000000000000001110001000} {11000010001001111011111111110000} {00} {10000001} {000000} 0 0 0 0 0 0 1 0 0}
/testbench/cpu/l3/u0/leon3x0/vhdl/p0/iu/r.m.rexnalign:0
/testbench/cpu/l3/u0/leon3x0/vhdl/p0/iu/r.m.su:1
/testbench/cpu/l3/u0/leon3x0/vhdl/p0/iu/r.m.wcwp:0
/testbench/cpu/l3/u0/leon3x0/vhdl/p0/iu/r.d.divrdy:0
/testbench/cpu/l3/u0/leon3x0/vhdl/p0/iu/r.e.cwp:101
/testbench/cpu/l3/u0/leon3x0/vhdl/p0/iu/r.w.except:0
/testbench/cpu/l3/u0/leon3x0/vhdl/p0/iu/r.x.nerror:0
/testbench/cpu/l3/u0/leon3x0/vhdl/p0/iu/r.a.bpimiss:0
/testbench/cpu/l3/u0/leon3x0/vhdl/p0/iu/r.a.nobp:0
/testbench/cpu/l3/u0/leon3x0/vhdl/p0/iu/r.d.rexcnt:0
/testbench/cpu/l3/u0/leon3x0/vhdl/p0/iu/r.w.s:{{101} {0100} {00000000} {01000000000000000000} {00000010} {0000} 0 0 1 1 1 {00000000000000000000000000000000} {UUUUUUUUUUUUUUUUUUUUUUUUUUUUUUUU} 1 0 0 1 1 1 0 0 {000} {000} {111}}
/testbench/cpu/l3/u0/leon3x0/vhdl/p0/iu/r.d.pv:1
/testbench/cpu/l3/u0/leon3x0/vhdl/p0/iu/r.a.ldchkra:1
/testbench/cpu/l3/u0/leon3x0/vhdl/p0/iu/r.a.rfa1:10000001
/testbench/cpu/l3/u0/leon3x0/vhdl/p0/iu/r.a.rfa2:01011001
/testbench/cpu/l3/u0/leon3x0/vhdl/p0/iu/r.a.imm:00000000000000000000000000001001
/testbench/cpu/l3/u0/leon3x0/vhdl/p0/iu/r.w.wa:10000001
/testbench/cpu/l3/u0/leon3x0/vhdl/p0/iu/r.m.casaz:0
/testbench/cpu/l3/u0/leon3x0/vhdl/p0/iu/r.x.dci:{0 1 0 0 0 0 {10} {00001011}}
/testbench/cpu/l3/u0/leon3x0/vhdl/p0/iu/r.x.mac:0
/testbench/cpu/l3/u0/leon3x0/vhdl/p0/iu/r.m.divz:0
/testbench/cpu/l3/u0/leon3x0/vhdl/p0/iu/r.d.inst:{{10000000101000000110000000001001}}
/testbench/cpu/l3/u0/leon3x0/vhdl/p0/iu/r.e.rfe1:1
/testbench/cpu/l3/u0/leon3x0/vhdl/p0/iu/r.a.wovf:0
/testbench/cpu/l3/u0/leon3x0/vhdl/p0/iu/r.e.rfe2:0
/testbench/cpu/l3/u0/leon3x0/vhdl/p0/iu/r.e.op1:01000000000011111111111010100000
/testbench/cpu/l3/u0/leon3x0/vhdl/p0/iu/r.m.nalign:1
/testbench/cpu/l3/u0/leon3x0/vhdl/p0/iu/r.e.op2:11111111111111111111111111110000
/testbench/cpu/l3/u0/leon3x0/vhdl/p0/iu/r.d.rexen:0
/testbench/cpu/l3/u0/leon3x0/vhdl/p0/iu/r.a.ctrl:{{01000000000000000000001110010000} {10000000101000000110000000001001} {00} {10000000} {000000} 0 1 0 0 0 0 0 0 0}
/testbench/cpu/l3/u0/leon3x0/vhdl/p0/iu/r.x.ipend:0
/testbench/cpu/l3/u0/leon3x0/vhdl/p0/iu/r.e.ldbp1:0
/testbench/cpu/l3/u0/leon3x0/vhdl/p0/iu/r.e.aluadd:1
/testbench/cpu/l3/u0/leon3x0/vhdl/p0/iu/r.d.set:0
/testbench/cpu/l3/u0/leon3x0/vhdl/p0/iu/r.d.inull:0
/testbench/cpu/l3/u0/leon3x0/vhdl/p0/iu/r.e.ldbp2:0
/testbench/cpu/l3/u0/leon3x0/vhdl/p0/iu/r.d.cnt:00
/testbench/cpu/l3/u0/leon3x0/vhdl/p0/iu/r.a.su:1
/testbench/cpu/l3/u0/leon3x0/vhdl/p0/iu/r.a.et:1
/testbench/cpu/l3/u0/leon3x0/vhdl/p0/iu/r.e.mul:0
/testbench/cpu/l3/u0/leon3x0/vhdl/p0/iu/r.e.alusel:00
/testbench/cpu/l3/u0/leon3x0/vhdl/p0/iu/r.e.aw:U
/testbench/cpu/l3/u0/leon3x0/vhdl/p0/iu/r.e.mac:0
/testbench/cpu/l3/u0/leon3x0/vhdl/p0/iu/r.a.decill:0
/testbench/cpu/l3/u0/leon3x0/vhdl/p0/iu/r.x.icc:0100
/testbench/cpu/l3/u0/leon3x0/vhdl/p0/iu/r.x.result:01000000000011111111111010010000
/testbench/cpu/l3/u0/leon3x0/vhdl/p0/iu/r.e.bp:0
/testbench/cpu/l3/u0/leon3x0/vhdl/p0/iu/r.a.rs1:00001
/testbench/cpu/l3/u0/leon3x0/vhdl/p0/iu/r.e.jmpl:0
/testbench/cpu/l3/u0/leon3x0/vhdl/p0/iu/r.a.rsel1:001
/testbench/cpu/l3/u0/leon3x0/vhdl/p0/iu/r.x.y:00000000000000000000000000000000
/testbench/cpu/l3/u0/leon3x0/vhdl/p0/iu/r.a.rsel2:100
/testbench/cpu/l3/u0/leon3x0/vhdl/p0/iu/r.a.awp:000
/testbench/cpu/l3/u0/leon3x0/vhdl/p0/iu/r.a.paw:0
/testbench/cpu/l3/u0/leon3x0/vhdl/p0/iu/r.x.data:{{00000000000000000000000000000100}}
/testbench/cpu/l3/u0/leon3x0/vhdl/p0/iu/r.m.mul:0
/testbench/cpu/l3/u0/leon3x0/vhdl/p0/iu/r.e.rd:UUUUU
/testbench/cpu/l3/u0/leon3x0/vhdl/p0/iu/r.e.invop2:0
/testbench/cpu/l3/u0/leon3x0/vhdl/p0/iu/r.m.wawp:0
/testbench/cpu/l3/u0/leon3x0/vhdl/p0/iu/r.d.cwpmax:111
/testbench/cpu/l3/u0/leon3x0/vhdl/p0/iu/r.f.branch:0
/testbench/cpu/l3/u0/leon3x0/vhdl/p0/iu/r.d.pcheld:1
/testbench/cpu/l3/u0/leon3x0/vhdl/p0/iu/r.m.dci:{0 0 0 0 0 0 {10} {00001011}}
/testbench/cpu/l3/u0/leon3x0/vhdl/p0/iu/r.e.paw:U
/testbench/cpu/l3/u0/leon3x0/vhdl/p0/iu/r.e.awp:UUU
/testbench/cpu/l3/u0/leon3x0/vhdl/p0/iu/r.e.shcnt:10000
/testbench/cpu/l3/u0/leon3x0/vhdl/p0/iu/r.w.result:00000000000000000000000000000101
/testbench/cpu/l3/u0/leon3x0/vhdl/p0/iu/r.m.mac:0
/testbench/cpu/l3/u0/leon3x0/vhdl/p0/iu/r.m.y:00000000000000000000000000000000
/testbench/cpu/l3/u0/leon3x0/vhdl/p0/iu/r.d.cwp:101
/testbench/cpu/l3/u0/leon3x0/vhdl/p0/iu/r.x.laddr:00
/testbench/cpu/l3/u0/leon3x0/vhdl/p0/iu/r.e.mulstep:0
/testbench/cpu/l3/u0/leon3x0/vhdl/p0/iu/r.e.ymsb:0
/testbench/cpu/l3/u0/leon3x0/vhdl/p0/iu/r.d.rexbuf:00000000000000000000000000000000
/testbench/cpu/l3/u0/leon3x0/vhdl/p0/iu/r.x.npc:100
/testbench/cpu/l3/u0/leon3x0/vhdl/p0/iu/r.f.pc:01000000000000000000001110010100
/testbench/cpu/l3/u0/leon3x0/vhdl/p0/iu/r.d.annul:0
/testbench/cpu/l3/u0/leon3x0/vhdl/p0/iu/r.x.rstate:run
/testbench/cpu/l3/u0/leon3x0/vhdl/p0/iu/r.x.set:0
/testbench/cpu/l3/u0/leon3x0/vhdl/p0/iu/r.m.result:00000000000000000000000000000101
/testbench/cpu/l3/u0/leon3x0/vhdl/p0/iu/r.e.icc:UUUU
/testbench/cpu/l3/u0/leon3x0/vhdl/p0/iu/r.a.getpc:0
/testbench/cpu/l3/u0/leon3x0/vhdl/p0/iu/r.a.ldchkex:1
/testbench/cpu/l3/u0/leon3x0/vhdl/p0/iu/r.x.mexc:0
/testbench/cpu/l3/u0/leon3x0/vhdl/p0/iu/r.a.mulstart:0
/testbench/cpu/l3/u0/leon3x0/vhdl/p0/iu/r.d.rexpos:10
/testbench/cpu/l3/u0/leon3x0/vhdl/p0/iu/r.x.annul_all:0
/testbench/cpu/l3/u0/leon3x0/vhdl/p0/iu/r.e.aluop:000
/testbench/cpu/l3/u0/leon3x0/vhdl/p0/iu/r.x.debug:0
/testbench/cpu/l3/u0/leon3x0/vhdl/p0/iu/r.a.rfe1:0
/testbench/cpu/l3/u0/leon3x0/vhdl/p0/iu/r.d.step:0
/testbench/cpu/l3/u0/leon3x0/vhdl/p0/iu/r.a.rfe2:0
/testbench/cpu/l3/u0/leon3x0/vhdl/p0/iu/r.e.alucin:0
/testbench/cpu/l3/u0/leon3x0/vhdl/p0/iu/r.a.wunf:0
compare to golden: 1
======================================
progstatus: -2
execerr: 120
latent: 1
time limit!
>>>>>>>>>>>>>>> 5745715000
======================================
