Test signal = /testbench/cpu/l3/u0/leon3x0/vhdl/p0/iu/r.m.wcwp
oldval = 0
pos1: -1 pos0: 0 posU: -1
newval = 1
force in 3646362
586290000 >> iteration no: 0
1598340000 >> iteration no: 1
2610390000 >> iteration no: 2
3622265000 >> iteration no: 3
Signal value: 0
oldval = 0
pos1: -1 pos0: 0 posU: -1
newval = 1
4229390000 >> Requesting for the AHB bus...
4230190000 >> AHB granted, starting recovery...
4249390000 >> Recovery done, continuing...
4249440000 >> Requesting for the AHB bus...
4250490000 >> AHB granted, starting recovery...
4269690000 >> Recovery done, continuing...
4269740000 >> Requesting for the AHB bus...
4270790000 >> AHB granted, starting recovery...
4289990000 >> Recovery done, continuing...
4290040000 >> Requesting for the AHB bus...
4291090000 >> AHB granted, starting recovery...
4310290000 >> Recovery done, continuing...
4310340000 >> Requesting for the AHB bus...
4311390000 >> AHB granted, starting recovery...
4330590000 >> Recovery done, continuing...
4330640000 >> Requesting for the AHB bus...
4331690000 >> AHB granted, starting recovery...
4350890000 >> Recovery done, continuing...
4350940000 >> Requesting for the AHB bus...
4351990000 >> AHB granted, starting recovery...
4371190000 >> Recovery done, continuing...
4371240000 >> Requesting for the AHB bus...
4372465000 >> AHB granted, starting recovery...
4391665000 >> Recovery done, continuing...
4391715000 >> Requesting for the AHB bus...
4392765000 >> AHB granted, starting recovery...
4411965000 >> Recovery done, continuing...
4412015000 >> Requesting for the AHB bus...
4413065000 >> AHB granted, starting recovery...
4432265000 >> Recovery done, continuing...
4432315000 >> Requesting for the AHB bus...
4433365000 >> AHB granted, starting recovery...
4452565000 >> Recovery done, continuing...
4452615000 >> Requesting for the AHB bus...
4453665000 >> AHB granted, starting recovery...
4472865000 >> Recovery done, continuing...
4472915000 >> Requesting for the AHB bus...
4473965000 >> AHB granted, starting recovery...
4493165000 >> Recovery done, continuing...
4493215000 >> Requesting for the AHB bus...
4494340000 >> AHB granted, starting recovery...
4513540000 >> Recovery done, continuing...
4513590000 >> Requesting for the AHB bus...
4514640000 >> AHB granted, starting recovery...
4533840000 >> Recovery done, continuing...
4533890000 >> Requesting for the AHB bus...
4534940000 >> AHB granted, starting recovery...
4554140000 >> Recovery done, continuing...
4554190000 >> Requesting for the AHB bus...
4555240000 >> AHB granted, starting recovery...
4574440000 >> Recovery done, continuing...
4574490000 >> Requesting for the AHB bus...
4575540000 >> AHB granted, starting recovery...
4594740000 >> Recovery done, continuing...
4594790000 >> Requesting for the AHB bus...
4595840000 >> AHB granted, starting recovery...
4615040000 >> Recovery done, continuing...
4615090000 >> Requesting for the AHB bus...
4616140000 >> AHB granted, starting recovery...
4635340000 >> Recovery done, continuing...
4635390000 >> Requesting for the AHB bus...
4636440000 >> AHB granted, starting recovery...
4655640000 >> Recovery done, continuing...
4655690000 >> Requesting for the AHB bus...
4656740000 >> AHB granted, starting recovery...
4675940000 >> Recovery done, continuing...
4675990000 >> Requesting for the AHB bus...
4677040000 >> AHB granted, starting recovery...
4696240000 >> Recovery done, continuing...
4696290000 >> Requesting for the AHB bus...
4697340000 >> AHB granted, starting recovery...
4716540000 >> Recovery done, continuing...
4716590000 >> Requesting for the AHB bus...
4717640000 >> AHB granted, starting recovery...
4736840000 >> Recovery done, continuing...
4736890000 >> Requesting for the AHB bus...
4737940000 >> AHB granted, starting recovery...
4757140000 >> Recovery done, continuing...
4757190000 >> Requesting for the AHB bus...
4758240000 >> AHB granted, starting recovery...
4777440000 >> Recovery done, continuing...
4777490000 >> Requesting for the AHB bus...
4778540000 >> AHB granted, starting recovery...
4797740000 >> Recovery done, continuing...
4797790000 >> Requesting for the AHB bus...
4798840000 >> AHB granted, starting recovery...
4818040000 >> Recovery done, continuing...
4818090000 >> Requesting for the AHB bus...
4819140000 >> AHB granted, starting recovery...
4838340000 >> Recovery done, continuing...
4838390000 >> Requesting for the AHB bus...
4839615000 >> AHB granted, starting recovery...
4858815000 >> Recovery done, continuing...
4858865000 >> Requesting for the AHB bus...
4859915000 >> AHB granted, starting recovery...
4879115000 >> Recovery done, continuing...
4879165000 >> Requesting for the AHB bus...
4880215000 >> AHB granted, starting recovery...
4899415000 >> Recovery done, continuing...
4899465000 >> Requesting for the AHB bus...
4900515000 >> AHB granted, starting recovery...
4919715000 >> Recovery done, continuing...
4919765000 >> Requesting for the AHB bus...
4920815000 >> AHB granted, starting recovery...
4940015000 >> Recovery done, continuing...
4940065000 >> Requesting for the AHB bus...
4941115000 >> AHB granted, starting recovery...
4960315000 >> Recovery done, continuing...
4960365000 >> Requesting for the AHB bus...
4961540000 >> AHB granted, starting recovery...
4980740000 >> Recovery done, continuing...
4980790000 >> Requesting for the AHB bus...
4981840000 >> AHB granted, starting recovery...
5001040000 >> Recovery done, continuing...
5001090000 >> Requesting for the AHB bus...
5002140000 >> AHB granted, starting recovery...
5021340000 >> Recovery done, continuing...
5021390000 >> Requesting for the AHB bus...
5022440000 >> AHB granted, starting recovery...
5041640000 >> Recovery done, continuing...
5041690000 >> Requesting for the AHB bus...
5042740000 >> AHB granted, starting recovery...
5061940000 >> Recovery done, continuing...
5061990000 >> Requesting for the AHB bus...
5063040000 >> AHB granted, starting recovery...
5082240000 >> Recovery done, continuing...
5082290000 >> Requesting for the AHB bus...
5083340000 >> AHB granted, starting recovery...
5102540000 >> Recovery done, continuing...
5102590000 >> Requesting for the AHB bus...
5103640000 >> AHB granted, starting recovery...
5122840000 >> Recovery done, continuing...
5122890000 >> Requesting for the AHB bus...
5123940000 >> AHB granted, starting recovery...
5143140000 >> Recovery done, continuing...
5143190000 >> Requesting for the AHB bus...
5144240000 >> AHB granted, starting recovery...
5163440000 >> Recovery done, continuing...
5163490000 >> Requesting for the AHB bus...
5164540000 >> AHB granted, starting recovery...
5183740000 >> Recovery done, continuing...
5183790000 >> Requesting for the AHB bus...
5184840000 >> AHB granted, starting recovery...
5204040000 >> Recovery done, continuing...
5204090000 >> Requesting for the AHB bus...
5205140000 >> AHB granted, starting recovery...
5224340000 >> Recovery done, continuing...
5224390000 >> Requesting for the AHB bus...
5225440000 >> AHB granted, starting recovery...
5244640000 >> Recovery done, continuing...
5244690000 >> Requesting for the AHB bus...
5245740000 >> AHB granted, starting recovery...
5264940000 >> Recovery done, continuing...
5264990000 >> Requesting for the AHB bus...
5266040000 >> AHB granted, starting recovery...
5285240000 >> Recovery done, continuing...
5285290000 >> Requesting for the AHB bus...
5286340000 >> AHB granted, starting recovery...
5305540000 >> Recovery done, continuing...
5305590000 >> Requesting for the AHB bus...
5306815000 >> AHB granted, starting recovery...
5326015000 >> Recovery done, continuing...
5326065000 >> Requesting for the AHB bus...
5327115000 >> AHB granted, starting recovery...
5346315000 >> Recovery done, continuing...
5346365000 >> Requesting for the AHB bus...
5347415000 >> AHB granted, starting recovery...
5366615000 >> Recovery done, continuing...
5366665000 >> Requesting for the AHB bus...
5367715000 >> AHB granted, starting recovery...
5386915000 >> Recovery done, continuing...
5386965000 >> Requesting for the AHB bus...
5388015000 >> AHB granted, starting recovery...
5407215000 >> Recovery done, continuing...
5407265000 >> Requesting for the AHB bus...
5408315000 >> AHB granted, starting recovery...
5427515000 >> Recovery done, continuing...
5427565000 >> Requesting for the AHB bus...
5428740000 >> AHB granted, starting recovery...
5447940000 >> Recovery done, continuing...
5447990000 >> Requesting for the AHB bus...
5449040000 >> AHB granted, starting recovery...
5468240000 >> Recovery done, continuing...
5468290000 >> Requesting for the AHB bus...
5469340000 >> AHB granted, starting recovery...
5488540000 >> Recovery done, continuing...
5488590000 >> Requesting for the AHB bus...
5489640000 >> AHB granted, starting recovery...
5508840000 >> Recovery done, continuing...
5508890000 >> Requesting for the AHB bus...
5509940000 >> AHB granted, starting recovery...
5529140000 >> Recovery done, continuing...
5529190000 >> Requesting for the AHB bus...
5530240000 >> AHB granted, starting recovery...
5549440000 >> Recovery done, continuing...
5549490000 >> Requesting for the AHB bus...
5550540000 >> AHB granted, starting recovery...
5569740000 >> Recovery done, continuing...
5569790000 >> Requesting for the AHB bus...
5570840000 >> AHB granted, starting recovery...
5590040000 >> Recovery done, continuing...
5590090000 >> Requesting for the AHB bus...
5591140000 >> AHB granted, starting recovery...
5610340000 >> Recovery done, continuing...
5610390000 >> Requesting for the AHB bus...
5611440000 >> AHB granted, starting recovery...
5630640000 >> Recovery done, continuing...
5630690000 >> Requesting for the AHB bus...
5631740000 >> AHB granted, starting recovery...
5650940000 >> Recovery done, continuing...
5650990000 >> Requesting for the AHB bus...
5652040000 >> AHB granted, starting recovery...
5671240000 >> Recovery done, continuing...
5671290000 >> Requesting for the AHB bus...
5672340000 >> AHB granted, starting recovery...
5691540000 >> Recovery done, continuing...
5691590000 >> Requesting for the AHB bus...
5692640000 >> AHB granted, starting recovery...
5711840000 >> Recovery done, continuing...
5711890000 >> Requesting for the AHB bus...
5712940000 >> AHB granted, starting recovery...
5732140000 >> Recovery done, continuing...
5732190000 >> Requesting for the AHB bus...
5733240000 >> AHB granted, starting recovery...
5745715000 >> time limit reached...
/testbench/cpu/l3/u0/leon3x0/vhdl/p0/iu/r.w.wreg:1
/testbench/cpu/l3/u0/leon3x0/vhdl/p0/iu/r.m.irqen:1
/testbench/cpu/l3/u0/leon3x0/vhdl/p0/iu/r.m.icc:0000
/testbench/cpu/l3/u0/leon3x0/vhdl/p0/iu/r.a.ticc:0
/testbench/cpu/l3/u0/leon3x0/vhdl/p0/iu/r.a.step:0
/testbench/cpu/l3/u0/leon3x0/vhdl/p0/iu/r.m.irqen2:1
/testbench/cpu/l3/u0/leon3x0/vhdl/p0/iu/r.d.pc:01000000000000000000001011011100
/testbench/cpu/l3/u0/leon3x0/vhdl/p0/iu/r.d.rexpl:{{00000000000000000000000000000000} {00} {0} 0 0 {0000000000000000000} 0 0 0 0 0 0}
/testbench/cpu/l3/u0/leon3x0/vhdl/p0/iu/r.d.mexc:0
/testbench/cpu/l3/u0/leon3x0/vhdl/p0/iu/r.a.aw:0
/testbench/cpu/l3/u0/leon3x0/vhdl/p0/iu/r.e.ctrl:{{01000000000000000000001011010100} {11000010000001111011111111110100} {00} {10000001} {000000} 0 0 1 0 0 1 1 0 0}
/testbench/cpu/l3/u0/leon3x0/vhdl/p0/iu/r.a.divstart:0
/testbench/cpu/l3/u0/leon3x0/vhdl/p0/iu/r.e.shleft:0
/testbench/cpu/l3/u0/leon3x0/vhdl/p0/iu/r.a.bp:0
/testbench/cpu/l3/u0/leon3x0/vhdl/p0/iu/r.w.twcwp:000
/testbench/cpu/l3/u0/leon3x0/vhdl/p0/iu/r.a.jmpl:0
/testbench/cpu/l3/u0/leon3x0/vhdl/p0/iu/r.m.casa:0
/testbench/cpu/l3/u0/leon3x0/vhdl/p0/iu/r.m.werr:0
/testbench/cpu/l3/u0/leon3x0/vhdl/p0/iu/r.e.su:1
/testbench/cpu/l3/u0/leon3x0/vhdl/p0/iu/r.e.et:1
/testbench/cpu/l3/u0/leon3x0/vhdl/p0/iu/r.a.ldcheck1:1
/testbench/cpu/l3/u0/leon3x0/vhdl/p0/iu/r.d.stwin:000
/testbench/cpu/l3/u0/leon3x0/vhdl/p0/iu/r.a.ldcheck2:0
/testbench/cpu/l3/u0/leon3x0/vhdl/p0/iu/r.x.intack:0
/testbench/cpu/l3/u0/leon3x0/vhdl/p0/iu/r.m.ctrl:{{01000000000000000000001011010000} {11000010001001111011111111111000} {01} {10000001} {000000} 0 0 0 0 0 0 0 0 0}
/testbench/cpu/l3/u0/leon3x0/vhdl/p0/iu/r.a.cwp:101
/testbench/cpu/l3/u0/leon3x0/vhdl/p0/iu/r.e.sari:0
/testbench/cpu/l3/u0/leon3x0/vhdl/p0/iu/r.d.paw:0
/testbench/cpu/l3/u0/leon3x0/vhdl/p0/iu/r.d.aw:0
/testbench/cpu/l3/u0/leon3x0/vhdl/p0/iu/r.d.awp:000
/testbench/cpu/l3/u0/leon3x0/vhdl/p0/iu/r.x.ctrl:{{01000000000000000000001011010000} {11000010001001111011111111111000} {00} {10000001} {000000} 0 0 0 0 0 0 1 0 0}
/testbench/cpu/l3/u0/leon3x0/vhdl/p0/iu/r.m.rexnalign:0
/testbench/cpu/l3/u0/leon3x0/vhdl/p0/iu/r.m.su:1
/testbench/cpu/l3/u0/leon3x0/vhdl/p0/iu/r.m.wcwp:0
/testbench/cpu/l3/u0/leon3x0/vhdl/p0/iu/r.d.divrdy:0
/testbench/cpu/l3/u0/leon3x0/vhdl/p0/iu/r.e.cwp:101
/testbench/cpu/l3/u0/leon3x0/vhdl/p0/iu/r.w.except:0
/testbench/cpu/l3/u0/leon3x0/vhdl/p0/iu/r.x.nerror:0
/testbench/cpu/l3/u0/leon3x0/vhdl/p0/iu/r.a.bpimiss:0
/testbench/cpu/l3/u0/leon3x0/vhdl/p0/iu/r.a.nobp:0
/testbench/cpu/l3/u0/leon3x0/vhdl/p0/iu/r.d.rexcnt:0
/testbench/cpu/l3/u0/leon3x0/vhdl/p0/iu/r.w.s:{{101} {0000} {00000000} {01000000000000000000} {00000010} {0000} 0 0 1 1 1 {00000000000000000000000000000000} {UUUUUUUUUUUUUUUUUUUUUUUUUUUUUUUU} 1 0 0 1 1 1 0 0 {000} {000} {111}}
/testbench/cpu/l3/u0/leon3x0/vhdl/p0/iu/r.d.pv:1
/testbench/cpu/l3/u0/leon3x0/vhdl/p0/iu/r.a.ldchkra:1
/testbench/cpu/l3/u0/leon3x0/vhdl/p0/iu/r.a.rfa1:01101110
/testbench/cpu/l3/u0/leon3x0/vhdl/p0/iu/r.a.rfa2:10000100
/testbench/cpu/l3/u0/leon3x0/vhdl/p0/iu/r.a.imm:00000000000000000000000001000100
/testbench/cpu/l3/u0/leon3x0/vhdl/p0/iu/r.w.wa:10000001
/testbench/cpu/l3/u0/leon3x0/vhdl/p0/iu/r.m.casaz:0
/testbench/cpu/l3/u0/leon3x0/vhdl/p0/iu/r.x.dci:{0 1 0 0 0 0 {10} {00001011}}
/testbench/cpu/l3/u0/leon3x0/vhdl/p0/iu/r.x.mac:0
/testbench/cpu/l3/u0/leon3x0/vhdl/p0/iu/r.m.divz:0
/testbench/cpu/l3/u0/leon3x0/vhdl/p0/iu/r.d.inst:{{10000010000000001000000000000001}}
/testbench/cpu/l3/u0/leon3x0/vhdl/p0/iu/r.e.rfe1:1
/testbench/cpu/l3/u0/leon3x0/vhdl/p0/iu/r.a.wovf:0
/testbench/cpu/l3/u0/leon3x0/vhdl/p0/iu/r.e.rfe2:0
/testbench/cpu/l3/u0/leon3x0/vhdl/p0/iu/r.e.op1:01000000000011111111111010100000
/testbench/cpu/l3/u0/leon3x0/vhdl/p0/iu/r.m.nalign:1
/testbench/cpu/l3/u0/leon3x0/vhdl/p0/iu/r.e.op2:11111111111111111111111111110100
/testbench/cpu/l3/u0/leon3x0/vhdl/p0/iu/r.d.rexen:0
/testbench/cpu/l3/u0/leon3x0/vhdl/p0/iu/r.a.ctrl:{{01000000000000000000001011011000} {11000100000001111010000001000100} {00} {10000010} {000000} 0 0 1 0 0 1 1 0 0}
/testbench/cpu/l3/u0/leon3x0/vhdl/p0/iu/r.x.ipend:0
/testbench/cpu/l3/u0/leon3x0/vhdl/p0/iu/r.e.ldbp1:0
/testbench/cpu/l3/u0/leon3x0/vhdl/p0/iu/r.e.aluadd:1
/testbench/cpu/l3/u0/leon3x0/vhdl/p0/iu/r.d.set:0
/testbench/cpu/l3/u0/leon3x0/vhdl/p0/iu/r.d.inull:0
/testbench/cpu/l3/u0/leon3x0/vhdl/p0/iu/r.e.ldbp2:0
/testbench/cpu/l3/u0/leon3x0/vhdl/p0/iu/r.d.cnt:00
/testbench/cpu/l3/u0/leon3x0/vhdl/p0/iu/r.a.su:1
/testbench/cpu/l3/u0/leon3x0/vhdl/p0/iu/r.a.et:1
/testbench/cpu/l3/u0/leon3x0/vhdl/p0/iu/r.e.mul:0
/testbench/cpu/l3/u0/leon3x0/vhdl/p0/iu/r.e.alusel:00
/testbench/cpu/l3/u0/leon3x0/vhdl/p0/iu/r.e.aw:U
/testbench/cpu/l3/u0/leon3x0/vhdl/p0/iu/r.e.mac:0
/testbench/cpu/l3/u0/leon3x0/vhdl/p0/iu/r.a.decill:0
/testbench/cpu/l3/u0/leon3x0/vhdl/p0/iu/r.x.icc:0000
/testbench/cpu/l3/u0/leon3x0/vhdl/p0/iu/r.x.result:01000000000011111111111010011000
/testbench/cpu/l3/u0/leon3x0/vhdl/p0/iu/r.e.bp:0
/testbench/cpu/l3/u0/leon3x0/vhdl/p0/iu/r.a.rs1:11110
/testbench/cpu/l3/u0/leon3x0/vhdl/p0/iu/r.e.jmpl:0
/testbench/cpu/l3/u0/leon3x0/vhdl/p0/iu/r.a.rsel1:000
/testbench/cpu/l3/u0/leon3x0/vhdl/p0/iu/r.x.y:00000000000000000000000000000000
/testbench/cpu/l3/u0/leon3x0/vhdl/p0/iu/r.a.rsel2:100
/testbench/cpu/l3/u0/leon3x0/vhdl/p0/iu/r.a.awp:000
/testbench/cpu/l3/u0/leon3x0/vhdl/p0/iu/r.a.paw:0
/testbench/cpu/l3/u0/leon3x0/vhdl/p0/iu/r.x.data:{{00000000000000000000000000000101}}
/testbench/cpu/l3/u0/leon3x0/vhdl/p0/iu/r.m.mul:0
/testbench/cpu/l3/u0/leon3x0/vhdl/p0/iu/r.e.rd:UUUUU
/testbench/cpu/l3/u0/leon3x0/vhdl/p0/iu/r.e.invop2:0
/testbench/cpu/l3/u0/leon3x0/vhdl/p0/iu/r.m.wawp:0
/testbench/cpu/l3/u0/leon3x0/vhdl/p0/iu/r.d.cwpmax:111
/testbench/cpu/l3/u0/leon3x0/vhdl/p0/iu/r.f.branch:0
/testbench/cpu/l3/u0/leon3x0/vhdl/p0/iu/r.d.pcheld:0
/testbench/cpu/l3/u0/leon3x0/vhdl/p0/iu/r.m.dci:{0 0 0 1 0 0 {10} {00001011}}
/testbench/cpu/l3/u0/leon3x0/vhdl/p0/iu/r.e.paw:U
/testbench/cpu/l3/u0/leon3x0/vhdl/p0/iu/r.e.awp:UUU
/testbench/cpu/l3/u0/leon3x0/vhdl/p0/iu/r.e.shcnt:10100
/testbench/cpu/l3/u0/leon3x0/vhdl/p0/iu/r.w.result:00000000000000000000000000000110
/testbench/cpu/l3/u0/leon3x0/vhdl/p0/iu/r.m.mac:0
/testbench/cpu/l3/u0/leon3x0/vhdl/p0/iu/r.m.y:00000000000000000000000000000000
/testbench/cpu/l3/u0/leon3x0/vhdl/p0/iu/r.d.cwp:101
/testbench/cpu/l3/u0/leon3x0/vhdl/p0/iu/r.x.laddr:00
/testbench/cpu/l3/u0/leon3x0/vhdl/p0/iu/r.e.mulstep:0
/testbench/cpu/l3/u0/leon3x0/vhdl/p0/iu/r.e.ymsb:0
/testbench/cpu/l3/u0/leon3x0/vhdl/p0/iu/r.d.rexbuf:00000000000000000000000000000000
/testbench/cpu/l3/u0/leon3x0/vhdl/p0/iu/r.x.npc:100
/testbench/cpu/l3/u0/leon3x0/vhdl/p0/iu/r.f.pc:01000000000000000000001011100000
/testbench/cpu/l3/u0/leon3x0/vhdl/p0/iu/r.d.annul:0
/testbench/cpu/l3/u0/leon3x0/vhdl/p0/iu/r.x.rstate:run
/testbench/cpu/l3/u0/leon3x0/vhdl/p0/iu/r.x.set:0
/testbench/cpu/l3/u0/leon3x0/vhdl/p0/iu/r.m.result:00000000000000000000000000000110
/testbench/cpu/l3/u0/leon3x0/vhdl/p0/iu/r.e.icc:UUUU
/testbench/cpu/l3/u0/leon3x0/vhdl/p0/iu/r.a.getpc:0
/testbench/cpu/l3/u0/leon3x0/vhdl/p0/iu/r.a.ldchkex:1
/testbench/cpu/l3/u0/leon3x0/vhdl/p0/iu/r.x.mexc:0
/testbench/cpu/l3/u0/leon3x0/vhdl/p0/iu/r.a.mulstart:0
/testbench/cpu/l3/u0/leon3x0/vhdl/p0/iu/r.d.rexpos:10
/testbench/cpu/l3/u0/leon3x0/vhdl/p0/iu/r.x.annul_all:0
/testbench/cpu/l3/u0/leon3x0/vhdl/p0/iu/r.e.aluop:000
/testbench/cpu/l3/u0/leon3x0/vhdl/p0/iu/r.x.debug:0
/testbench/cpu/l3/u0/leon3x0/vhdl/p0/iu/r.a.rfe1:1
/testbench/cpu/l3/u0/leon3x0/vhdl/p0/iu/r.d.step:0
/testbench/cpu/l3/u0/leon3x0/vhdl/p0/iu/r.a.rfe2:0
/testbench/cpu/l3/u0/leon3x0/vhdl/p0/iu/r.e.alucin:0
/testbench/cpu/l3/u0/leon3x0/vhdl/p0/iu/r.a.wunf:0
compare to golden: 1
======================================
progstatus: -2
execerr: 75
latent: 1
time limit!
>>>>>>>>>>>>>>> 5745715000
======================================
