Test signal = /testbench/cpu/l3/u0/leon3x0/vhdl/p0/iu/r.d.step
oldval = 0
pos1: -1 pos0: 0 posU: -1
newval = 1
force in 602075
586290000 >> iteration no: 0
Signal value: 0
oldval = 0
pos1: -1 pos0: 0 posU: -1
newval = 1
1185015000 >> Requesting for the AHB bus...
1186015000 >> AHB granted, starting recovery...
1205215000 >> Recovery done, continuing...
1205265000 >> Requesting for the AHB bus...
1206090000 >> AHB granted, starting recovery...
1225290000 >> Recovery done, continuing...
1225340000 >> Requesting for the AHB bus...
1226165000 >> AHB granted, starting recovery...
1245365000 >> Recovery done, continuing...
1245415000 >> Requesting for the AHB bus...
1246240000 >> AHB granted, starting recovery...
1265440000 >> Recovery done, continuing...
1265490000 >> Requesting for the AHB bus...
1266315000 >> AHB granted, starting recovery...
1285515000 >> Recovery done, continuing...
1285565000 >> Requesting for the AHB bus...
1286390000 >> AHB granted, starting recovery...
1305590000 >> Recovery done, continuing...
1305640000 >> Requesting for the AHB bus...
1306465000 >> AHB granted, starting recovery...
1325665000 >> Recovery done, continuing...
1325715000 >> Requesting for the AHB bus...
1326540000 >> AHB granted, starting recovery...
1345740000 >> Recovery done, continuing...
1345790000 >> Requesting for the AHB bus...
1346615000 >> AHB granted, starting recovery...
1365815000 >> Recovery done, continuing...
1365865000 >> Requesting for the AHB bus...
1366690000 >> AHB granted, starting recovery...
1385890000 >> Recovery done, continuing...
1385940000 >> Requesting for the AHB bus...
1386765000 >> AHB granted, starting recovery...
1405965000 >> Recovery done, continuing...
1406015000 >> Requesting for the AHB bus...
1406840000 >> AHB granted, starting recovery...
1426040000 >> Recovery done, continuing...
1426090000 >> Requesting for the AHB bus...
1426915000 >> AHB granted, starting recovery...
1446115000 >> Recovery done, continuing...
1446165000 >> Requesting for the AHB bus...
1446990000 >> AHB granted, starting recovery...
1466190000 >> Recovery done, continuing...
1466240000 >> Requesting for the AHB bus...
1467065000 >> AHB granted, starting recovery...
1486265000 >> Recovery done, continuing...
1486315000 >> Requesting for the AHB bus...
1487140000 >> AHB granted, starting recovery...
1506340000 >> Recovery done, continuing...
1506390000 >> Requesting for the AHB bus...
1507215000 >> AHB granted, starting recovery...
1526415000 >> Recovery done, continuing...
1526465000 >> Requesting for the AHB bus...
1527290000 >> AHB granted, starting recovery...
1546490000 >> Recovery done, continuing...
1546540000 >> Requesting for the AHB bus...
1547365000 >> AHB granted, starting recovery...
1566565000 >> Recovery done, continuing...
1566615000 >> Requesting for the AHB bus...
1567440000 >> AHB granted, starting recovery...
1586640000 >> Recovery done, continuing...
1586690000 >> Requesting for the AHB bus...
1587515000 >> AHB granted, starting recovery...
1606715000 >> Recovery done, continuing...
1606765000 >> Requesting for the AHB bus...
1607715000 >> AHB granted, starting recovery...
1626915000 >> Recovery done, continuing...
1626965000 >> Requesting for the AHB bus...
1627790000 >> AHB granted, starting recovery...
1646990000 >> Recovery done, continuing...
1647040000 >> Requesting for the AHB bus...
1647865000 >> AHB granted, starting recovery...
1667065000 >> Recovery done, continuing...
1667115000 >> Requesting for the AHB bus...
1667940000 >> AHB granted, starting recovery...
1687140000 >> Recovery done, continuing...
1687190000 >> Requesting for the AHB bus...
1688015000 >> AHB granted, starting recovery...
1707215000 >> Recovery done, continuing...
1707265000 >> Requesting for the AHB bus...
1708090000 >> AHB granted, starting recovery...
1727290000 >> Recovery done, continuing...
1727340000 >> Requesting for the AHB bus...
1728165000 >> AHB granted, starting recovery...
1747365000 >> Recovery done, continuing...
1747415000 >> Requesting for the AHB bus...
1748240000 >> AHB granted, starting recovery...
1767440000 >> Recovery done, continuing...
1767490000 >> Requesting for the AHB bus...
1768315000 >> AHB granted, starting recovery...
1787515000 >> Recovery done, continuing...
1787565000 >> Requesting for the AHB bus...
1788390000 >> AHB granted, starting recovery...
1807590000 >> Recovery done, continuing...
1807640000 >> Requesting for the AHB bus...
1808465000 >> AHB granted, starting recovery...
1827665000 >> Recovery done, continuing...
1827715000 >> Requesting for the AHB bus...
1828540000 >> AHB granted, starting recovery...
1847740000 >> Recovery done, continuing...
1847790000 >> Requesting for the AHB bus...
1848615000 >> AHB granted, starting recovery...
1867815000 >> Recovery done, continuing...
1867865000 >> Requesting for the AHB bus...
1868690000 >> AHB granted, starting recovery...
1887890000 >> Recovery done, continuing...
1887940000 >> Requesting for the AHB bus...
1888765000 >> AHB granted, starting recovery...
1907965000 >> Recovery done, continuing...
1908015000 >> Requesting for the AHB bus...
1908840000 >> AHB granted, starting recovery...
1928040000 >> Recovery done, continuing...
1928090000 >> Requesting for the AHB bus...
1928915000 >> AHB granted, starting recovery...
1948115000 >> Recovery done, continuing...
1948165000 >> Requesting for the AHB bus...
1948990000 >> AHB granted, starting recovery...
1968190000 >> Recovery done, continuing...
1968240000 >> Requesting for the AHB bus...
1969065000 >> AHB granted, starting recovery...
1988265000 >> Recovery done, continuing...
1988315000 >> Requesting for the AHB bus...
1989140000 >> AHB granted, starting recovery...
2008340000 >> Recovery done, continuing...
2008390000 >> Requesting for the AHB bus...
2009215000 >> AHB granted, starting recovery...
2028415000 >> Recovery done, continuing...
2028465000 >> Requesting for the AHB bus...
2029290000 >> AHB granted, starting recovery...
2048490000 >> Recovery done, continuing...
2048540000 >> Requesting for the AHB bus...
2049365000 >> AHB granted, starting recovery...
2068565000 >> Recovery done, continuing...
2068615000 >> Requesting for the AHB bus...
2069440000 >> AHB granted, starting recovery...
2088640000 >> Recovery done, continuing...
2088690000 >> Requesting for the AHB bus...
2089515000 >> AHB granted, starting recovery...
2108715000 >> Recovery done, continuing...
2108765000 >> Requesting for the AHB bus...
2109590000 >> AHB granted, starting recovery...
2128790000 >> Recovery done, continuing...
2128840000 >> Requesting for the AHB bus...
2129665000 >> AHB granted, starting recovery...
2148865000 >> Recovery done, continuing...
2148915000 >> Requesting for the AHB bus...
2149740000 >> AHB granted, starting recovery...
2168940000 >> Recovery done, continuing...
2168990000 >> Requesting for the AHB bus...
2169815000 >> AHB granted, starting recovery...
2189015000 >> Recovery done, continuing...
2189065000 >> Requesting for the AHB bus...
2189890000 >> AHB granted, starting recovery...
2209090000 >> Recovery done, continuing...
2209140000 >> Requesting for the AHB bus...
2209965000 >> AHB granted, starting recovery...
2229165000 >> Recovery done, continuing...
2229215000 >> Requesting for the AHB bus...
2230040000 >> AHB granted, starting recovery...
2249240000 >> Recovery done, continuing...
2249290000 >> Requesting for the AHB bus...
2250115000 >> AHB granted, starting recovery...
2269315000 >> Recovery done, continuing...
2269365000 >> Requesting for the AHB bus...
2270190000 >> AHB granted, starting recovery...
2289390000 >> Recovery done, continuing...
2289440000 >> Requesting for the AHB bus...
2290265000 >> AHB granted, starting recovery...
2309465000 >> Recovery done, continuing...
2309515000 >> Requesting for the AHB bus...
2310340000 >> AHB granted, starting recovery...
2329540000 >> Recovery done, continuing...
2329590000 >> Requesting for the AHB bus...
2330415000 >> AHB granted, starting recovery...
2349615000 >> Recovery done, continuing...
2349665000 >> Requesting for the AHB bus...
2350490000 >> AHB granted, starting recovery...
2369690000 >> Recovery done, continuing...
2369740000 >> Requesting for the AHB bus...
2370565000 >> AHB granted, starting recovery...
2389765000 >> Recovery done, continuing...
2389815000 >> Requesting for the AHB bus...
2390640000 >> AHB granted, starting recovery...
2409840000 >> Recovery done, continuing...
2409890000 >> Requesting for the AHB bus...
2410715000 >> AHB granted, starting recovery...
2429915000 >> Recovery done, continuing...
2429965000 >> Requesting for the AHB bus...
2430790000 >> AHB granted, starting recovery...
2449990000 >> Recovery done, continuing...
2450040000 >> Requesting for the AHB bus...
2450865000 >> AHB granted, starting recovery...
2470065000 >> Recovery done, continuing...
2470115000 >> Requesting for the AHB bus...
2470940000 >> AHB granted, starting recovery...
2490140000 >> Recovery done, continuing...
2490190000 >> Requesting for the AHB bus...
2491015000 >> AHB granted, starting recovery...
2510215000 >> Recovery done, continuing...
2510265000 >> Requesting for the AHB bus...
2511090000 >> AHB granted, starting recovery...
2530290000 >> Recovery done, continuing...
2530340000 >> Requesting for the AHB bus...
2531165000 >> AHB granted, starting recovery...
2550365000 >> Recovery done, continuing...
2550415000 >> Requesting for the AHB bus...
2551240000 >> AHB granted, starting recovery...
2570440000 >> Recovery done, continuing...
2570490000 >> Requesting for the AHB bus...
2571315000 >> AHB granted, starting recovery...
2590515000 >> Recovery done, continuing...
2590565000 >> Requesting for the AHB bus...
2591390000 >> AHB granted, starting recovery...
2610590000 >> Recovery done, continuing...
2610640000 >> Requesting for the AHB bus...
2611465000 >> AHB granted, starting recovery...
2630665000 >> Recovery done, continuing...
2630715000 >> Requesting for the AHB bus...
2631715000 >> AHB granted, starting recovery...
2650915000 >> Recovery done, continuing...
2650965000 >> Requesting for the AHB bus...
2651790000 >> AHB granted, starting recovery...
2670990000 >> Recovery done, continuing...
2671040000 >> Requesting for the AHB bus...
2671865000 >> AHB granted, starting recovery...
2691065000 >> Recovery done, continuing...
2691115000 >> Requesting for the AHB bus...
2691940000 >> AHB granted, starting recovery...
2711140000 >> Recovery done, continuing...
2711190000 >> Requesting for the AHB bus...
2712015000 >> AHB granted, starting recovery...
2731215000 >> Recovery done, continuing...
2731265000 >> Requesting for the AHB bus...
2732090000 >> AHB granted, starting recovery...
2751290000 >> Recovery done, continuing...
2751340000 >> Requesting for the AHB bus...
2752165000 >> AHB granted, starting recovery...
2771365000 >> Recovery done, continuing...
2771415000 >> Requesting for the AHB bus...
2772240000 >> AHB granted, starting recovery...
2791440000 >> Recovery done, continuing...
2791490000 >> Requesting for the AHB bus...
2792315000 >> AHB granted, starting recovery...
2811515000 >> Recovery done, continuing...
2811565000 >> Requesting for the AHB bus...
2812390000 >> AHB granted, starting recovery...
2831590000 >> Recovery done, continuing...
2831640000 >> Requesting for the AHB bus...
2832465000 >> AHB granted, starting recovery...
2851665000 >> Recovery done, continuing...
2851715000 >> Requesting for the AHB bus...
2852540000 >> AHB granted, starting recovery...
2871740000 >> Recovery done, continuing...
2871790000 >> Requesting for the AHB bus...
2872615000 >> AHB granted, starting recovery...
2891815000 >> Recovery done, continuing...
2891865000 >> Requesting for the AHB bus...
2892690000 >> AHB granted, starting recovery...
2911890000 >> Recovery done, continuing...
2911940000 >> Requesting for the AHB bus...
2912765000 >> AHB granted, starting recovery...
2931965000 >> Recovery done, continuing...
2932015000 >> Requesting for the AHB bus...
2932840000 >> AHB granted, starting recovery...
2952040000 >> Recovery done, continuing...
2952090000 >> Requesting for the AHB bus...
2952915000 >> AHB granted, starting recovery...
2972115000 >> Recovery done, continuing...
2972165000 >> Requesting for the AHB bus...
2972990000 >> AHB granted, starting recovery...
2992190000 >> Recovery done, continuing...
2992240000 >> Requesting for the AHB bus...
2993065000 >> AHB granted, starting recovery...
3012265000 >> Recovery done, continuing...
3012315000 >> Requesting for the AHB bus...
3013140000 >> AHB granted, starting recovery...
3032340000 >> Recovery done, continuing...
3032390000 >> Requesting for the AHB bus...
3033215000 >> AHB granted, starting recovery...
3052415000 >> Recovery done, continuing...
3052465000 >> Requesting for the AHB bus...
3053290000 >> AHB granted, starting recovery...
3072490000 >> Recovery done, continuing...
3072540000 >> Requesting for the AHB bus...
3073365000 >> AHB granted, starting recovery...
3092565000 >> Recovery done, continuing...
3092615000 >> Requesting for the AHB bus...
3093440000 >> AHB granted, starting recovery...
3112640000 >> Recovery done, continuing...
3112690000 >> Requesting for the AHB bus...
3113515000 >> AHB granted, starting recovery...
3132715000 >> Recovery done, continuing...
3132765000 >> Requesting for the AHB bus...
3133590000 >> AHB granted, starting recovery...
3152790000 >> Recovery done, continuing...
3152840000 >> Requesting for the AHB bus...
3153665000 >> AHB granted, starting recovery...
3172865000 >> Recovery done, continuing...
3172915000 >> Requesting for the AHB bus...
3173740000 >> AHB granted, starting recovery...
3192940000 >> Recovery done, continuing...
3192990000 >> Requesting for the AHB bus...
3193815000 >> AHB granted, starting recovery...
3213015000 >> Recovery done, continuing...
3213065000 >> Requesting for the AHB bus...
3213890000 >> AHB granted, starting recovery...
3233090000 >> Recovery done, continuing...
3233140000 >> Requesting for the AHB bus...
3233965000 >> AHB granted, starting recovery...
3253165000 >> Recovery done, continuing...
3253215000 >> Requesting for the AHB bus...
3254040000 >> AHB granted, starting recovery...
3273240000 >> Recovery done, continuing...
3273290000 >> Requesting for the AHB bus...
3274115000 >> AHB granted, starting recovery...
3293315000 >> Recovery done, continuing...
3293365000 >> Requesting for the AHB bus...
3294190000 >> AHB granted, starting recovery...
3313390000 >> Recovery done, continuing...
3313440000 >> Requesting for the AHB bus...
3314265000 >> AHB granted, starting recovery...
3333465000 >> Recovery done, continuing...
3333515000 >> Requesting for the AHB bus...
3334340000 >> AHB granted, starting recovery...
3353540000 >> Recovery done, continuing...
3353590000 >> Requesting for the AHB bus...
3354415000 >> AHB granted, starting recovery...
3373615000 >> Recovery done, continuing...
3373665000 >> Requesting for the AHB bus...
3374490000 >> AHB granted, starting recovery...
3393690000 >> Recovery done, continuing...
3393740000 >> Requesting for the AHB bus...
3394565000 >> AHB granted, starting recovery...
3413765000 >> Recovery done, continuing...
3413815000 >> Requesting for the AHB bus...
3414640000 >> AHB granted, starting recovery...
3433840000 >> Recovery done, continuing...
3433890000 >> Requesting for the AHB bus...
3434715000 >> AHB granted, starting recovery...
3453915000 >> Recovery done, continuing...
3453965000 >> Requesting for the AHB bus...
3454790000 >> AHB granted, starting recovery...
3473990000 >> Recovery done, continuing...
3474040000 >> Requesting for the AHB bus...
3474865000 >> AHB granted, starting recovery...
3494065000 >> Recovery done, continuing...
3494115000 >> Requesting for the AHB bus...
3494940000 >> AHB granted, starting recovery...
3514140000 >> Recovery done, continuing...
3514190000 >> Requesting for the AHB bus...
3515015000 >> AHB granted, starting recovery...
3534215000 >> Recovery done, continuing...
3534265000 >> Requesting for the AHB bus...
3535090000 >> AHB granted, starting recovery...
3554290000 >> Recovery done, continuing...
3554340000 >> Requesting for the AHB bus...
3555165000 >> AHB granted, starting recovery...
3574365000 >> Recovery done, continuing...
3574415000 >> Requesting for the AHB bus...
3575240000 >> AHB granted, starting recovery...
3594440000 >> Recovery done, continuing...
3594490000 >> Requesting for the AHB bus...
3595315000 >> AHB granted, starting recovery...
3614515000 >> Recovery done, continuing...
3614565000 >> Requesting for the AHB bus...
3615390000 >> AHB granted, starting recovery...
3634590000 >> Recovery done, continuing...
3634640000 >> Requesting for the AHB bus...
3635465000 >> AHB granted, starting recovery...
3654665000 >> Recovery done, continuing...
3654715000 >> Requesting for the AHB bus...
3655715000 >> AHB granted, starting recovery...
3674915000 >> Recovery done, continuing...
3674965000 >> Requesting for the AHB bus...
3675790000 >> AHB granted, starting recovery...
3694990000 >> Recovery done, continuing...
3695040000 >> Requesting for the AHB bus...
3695865000 >> AHB granted, starting recovery...
3715065000 >> Recovery done, continuing...
3715115000 >> Requesting for the AHB bus...
3715940000 >> AHB granted, starting recovery...
3735140000 >> Recovery done, continuing...
3735190000 >> Requesting for the AHB bus...
3736015000 >> AHB granted, starting recovery...
3755215000 >> Recovery done, continuing...
3755265000 >> Requesting for the AHB bus...
3756090000 >> AHB granted, starting recovery...
3775290000 >> Recovery done, continuing...
3775340000 >> Requesting for the AHB bus...
3776165000 >> AHB granted, starting recovery...
3795365000 >> Recovery done, continuing...
3795415000 >> Requesting for the AHB bus...
3796240000 >> AHB granted, starting recovery...
3815440000 >> Recovery done, continuing...
3815490000 >> Requesting for the AHB bus...
3816315000 >> AHB granted, starting recovery...
3835515000 >> Recovery done, continuing...
3835565000 >> Requesting for the AHB bus...
3836390000 >> AHB granted, starting recovery...
3855590000 >> Recovery done, continuing...
3855640000 >> Requesting for the AHB bus...
3856465000 >> AHB granted, starting recovery...
3875665000 >> Recovery done, continuing...
3875715000 >> Requesting for the AHB bus...
3876540000 >> AHB granted, starting recovery...
3895740000 >> Recovery done, continuing...
3895790000 >> Requesting for the AHB bus...
3896615000 >> AHB granted, starting recovery...
3915815000 >> Recovery done, continuing...
3915865000 >> Requesting for the AHB bus...
3916690000 >> AHB granted, starting recovery...
3935890000 >> Recovery done, continuing...
3935940000 >> Requesting for the AHB bus...
3936765000 >> AHB granted, starting recovery...
3955965000 >> Recovery done, continuing...
3956015000 >> Requesting for the AHB bus...
3956840000 >> AHB granted, starting recovery...
3976040000 >> Recovery done, continuing...
3976090000 >> Requesting for the AHB bus...
3976915000 >> AHB granted, starting recovery...
3996115000 >> Recovery done, continuing...
3996165000 >> Requesting for the AHB bus...
3996990000 >> AHB granted, starting recovery...
4016190000 >> Recovery done, continuing...
4016240000 >> Requesting for the AHB bus...
4017065000 >> AHB granted, starting recovery...
4036265000 >> Recovery done, continuing...
4036315000 >> Requesting for the AHB bus...
4037140000 >> AHB granted, starting recovery...
4056340000 >> Recovery done, continuing...
4056390000 >> Requesting for the AHB bus...
4057215000 >> AHB granted, starting recovery...
4076415000 >> Recovery done, continuing...
4076465000 >> Requesting for the AHB bus...
4077290000 >> AHB granted, starting recovery...
4096490000 >> Recovery done, continuing...
4096540000 >> Requesting for the AHB bus...
4097365000 >> AHB granted, starting recovery...
4116565000 >> Recovery done, continuing...
4116615000 >> Requesting for the AHB bus...
4117440000 >> AHB granted, starting recovery...
4136640000 >> Recovery done, continuing...
4136690000 >> Requesting for the AHB bus...
4137515000 >> AHB granted, starting recovery...
4156715000 >> Recovery done, continuing...
4156765000 >> Requesting for the AHB bus...
4157590000 >> AHB granted, starting recovery...
4176790000 >> Recovery done, continuing...
4176840000 >> Requesting for the AHB bus...
4177665000 >> AHB granted, starting recovery...
4196865000 >> Recovery done, continuing...
4196915000 >> Requesting for the AHB bus...
4197740000 >> AHB granted, starting recovery...
4216940000 >> Recovery done, continuing...
4216990000 >> Requesting for the AHB bus...
4217815000 >> AHB granted, starting recovery...
4237015000 >> Recovery done, continuing...
4237065000 >> Requesting for the AHB bus...
4237890000 >> AHB granted, starting recovery...
4257090000 >> Recovery done, continuing...
4257140000 >> Requesting for the AHB bus...
4257965000 >> AHB granted, starting recovery...
4277165000 >> Recovery done, continuing...
4277215000 >> Requesting for the AHB bus...
4278040000 >> AHB granted, starting recovery...
4297240000 >> Recovery done, continuing...
4297290000 >> Requesting for the AHB bus...
4298115000 >> AHB granted, starting recovery...
4317315000 >> Recovery done, continuing...
4317365000 >> Requesting for the AHB bus...
4318190000 >> AHB granted, starting recovery...
4337390000 >> Recovery done, continuing...
4337440000 >> Requesting for the AHB bus...
4338265000 >> AHB granted, starting recovery...
4357465000 >> Recovery done, continuing...
4357515000 >> Requesting for the AHB bus...
4358340000 >> AHB granted, starting recovery...
4377540000 >> Recovery done, continuing...
4377590000 >> Requesting for the AHB bus...
4378415000 >> AHB granted, starting recovery...
4397615000 >> Recovery done, continuing...
4397665000 >> Requesting for the AHB bus...
4398490000 >> AHB granted, starting recovery...
4417690000 >> Recovery done, continuing...
4417740000 >> Requesting for the AHB bus...
4418565000 >> AHB granted, starting recovery...
4437765000 >> Recovery done, continuing...
4437815000 >> Requesting for the AHB bus...
4438640000 >> AHB granted, starting recovery...
4457840000 >> Recovery done, continuing...
4457890000 >> Requesting for the AHB bus...
4458715000 >> AHB granted, starting recovery...
4477915000 >> Recovery done, continuing...
4477965000 >> Requesting for the AHB bus...
4478790000 >> AHB granted, starting recovery...
4497990000 >> Recovery done, continuing...
4498040000 >> Requesting for the AHB bus...
4498865000 >> AHB granted, starting recovery...
4518065000 >> Recovery done, continuing...
4518115000 >> Requesting for the AHB bus...
4518940000 >> AHB granted, starting recovery...
4538140000 >> Recovery done, continuing...
4538190000 >> Requesting for the AHB bus...
4539015000 >> AHB granted, starting recovery...
4558215000 >> Recovery done, continuing...
4558265000 >> Requesting for the AHB bus...
4559090000 >> AHB granted, starting recovery...
4578290000 >> Recovery done, continuing...
4578340000 >> Requesting for the AHB bus...
4579165000 >> AHB granted, starting recovery...
4598365000 >> Recovery done, continuing...
4598415000 >> Requesting for the AHB bus...
4599240000 >> AHB granted, starting recovery...
4618440000 >> Recovery done, continuing...
4618490000 >> Requesting for the AHB bus...
4619315000 >> AHB granted, starting recovery...
4638515000 >> Recovery done, continuing...
4638565000 >> Requesting for the AHB bus...
4639390000 >> AHB granted, starting recovery...
4658590000 >> Recovery done, continuing...
4658640000 >> Requesting for the AHB bus...
4659465000 >> AHB granted, starting recovery...
4678665000 >> Recovery done, continuing...
4678715000 >> Requesting for the AHB bus...
4679715000 >> AHB granted, starting recovery...
4698915000 >> Recovery done, continuing...
4698965000 >> Requesting for the AHB bus...
4699790000 >> AHB granted, starting recovery...
4718990000 >> Recovery done, continuing...
4719040000 >> Requesting for the AHB bus...
4719865000 >> AHB granted, starting recovery...
4739065000 >> Recovery done, continuing...
4739115000 >> Requesting for the AHB bus...
4739940000 >> AHB granted, starting recovery...
4759140000 >> Recovery done, continuing...
4759190000 >> Requesting for the AHB bus...
4760015000 >> AHB granted, starting recovery...
4779215000 >> Recovery done, continuing...
4779265000 >> Requesting for the AHB bus...
4780090000 >> AHB granted, starting recovery...
4799290000 >> Recovery done, continuing...
4799340000 >> Requesting for the AHB bus...
4800165000 >> AHB granted, starting recovery...
4819365000 >> Recovery done, continuing...
4819415000 >> Requesting for the AHB bus...
4820240000 >> AHB granted, starting recovery...
4839440000 >> Recovery done, continuing...
4839490000 >> Requesting for the AHB bus...
4840315000 >> AHB granted, starting recovery...
4859515000 >> Recovery done, continuing...
4859565000 >> Requesting for the AHB bus...
4860390000 >> AHB granted, starting recovery...
4879590000 >> Recovery done, continuing...
4879640000 >> Requesting for the AHB bus...
4880465000 >> AHB granted, starting recovery...
4899665000 >> Recovery done, continuing...
4899715000 >> Requesting for the AHB bus...
4900540000 >> AHB granted, starting recovery...
4919740000 >> Recovery done, continuing...
4919790000 >> Requesting for the AHB bus...
4920615000 >> AHB granted, starting recovery...
4939815000 >> Recovery done, continuing...
4939865000 >> Requesting for the AHB bus...
4940690000 >> AHB granted, starting recovery...
4959890000 >> Recovery done, continuing...
4959940000 >> Requesting for the AHB bus...
4960765000 >> AHB granted, starting recovery...
4979965000 >> Recovery done, continuing...
4980015000 >> Requesting for the AHB bus...
4980840000 >> AHB granted, starting recovery...
5000040000 >> Recovery done, continuing...
5000090000 >> Requesting for the AHB bus...
5000915000 >> AHB granted, starting recovery...
5020115000 >> Recovery done, continuing...
5020165000 >> Requesting for the AHB bus...
5020990000 >> AHB granted, starting recovery...
5040190000 >> Recovery done, continuing...
5040240000 >> Requesting for the AHB bus...
5041065000 >> AHB granted, starting recovery...
5060265000 >> Recovery done, continuing...
5060315000 >> Requesting for the AHB bus...
5061140000 >> AHB granted, starting recovery...
5080340000 >> Recovery done, continuing...
5080390000 >> Requesting for the AHB bus...
5081215000 >> AHB granted, starting recovery...
5100415000 >> Recovery done, continuing...
5100465000 >> Requesting for the AHB bus...
5101290000 >> AHB granted, starting recovery...
5120490000 >> Recovery done, continuing...
5120540000 >> Requesting for the AHB bus...
5121365000 >> AHB granted, starting recovery...
5140565000 >> Recovery done, continuing...
5140615000 >> Requesting for the AHB bus...
5141440000 >> AHB granted, starting recovery...
5160640000 >> Recovery done, continuing...
5160690000 >> Requesting for the AHB bus...
5161515000 >> AHB granted, starting recovery...
5180715000 >> Recovery done, continuing...
5180765000 >> Requesting for the AHB bus...
5181590000 >> AHB granted, starting recovery...
5200790000 >> Recovery done, continuing...
5200840000 >> Requesting for the AHB bus...
5201665000 >> AHB granted, starting recovery...
5220865000 >> Recovery done, continuing...
5220915000 >> Requesting for the AHB bus...
5221740000 >> AHB granted, starting recovery...
5240940000 >> Recovery done, continuing...
5240990000 >> Requesting for the AHB bus...
5241815000 >> AHB granted, starting recovery...
5261015000 >> Recovery done, continuing...
5261065000 >> Requesting for the AHB bus...
5261890000 >> AHB granted, starting recovery...
5281090000 >> Recovery done, continuing...
5281140000 >> Requesting for the AHB bus...
5281965000 >> AHB granted, starting recovery...
5301165000 >> Recovery done, continuing...
5301215000 >> Requesting for the AHB bus...
5302040000 >> AHB granted, starting recovery...
5321240000 >> Recovery done, continuing...
5321290000 >> Requesting for the AHB bus...
5322115000 >> AHB granted, starting recovery...
5341315000 >> Recovery done, continuing...
5341365000 >> Requesting for the AHB bus...
5342190000 >> AHB granted, starting recovery...
5361390000 >> Recovery done, continuing...
5361440000 >> Requesting for the AHB bus...
5362265000 >> AHB granted, starting recovery...
5381465000 >> Recovery done, continuing...
5381515000 >> Requesting for the AHB bus...
5382340000 >> AHB granted, starting recovery...
5401540000 >> Recovery done, continuing...
5401590000 >> Requesting for the AHB bus...
5402415000 >> AHB granted, starting recovery...
5421615000 >> Recovery done, continuing...
5421665000 >> Requesting for the AHB bus...
5422490000 >> AHB granted, starting recovery...
5441690000 >> Recovery done, continuing...
5441740000 >> Requesting for the AHB bus...
5442565000 >> AHB granted, starting recovery...
5461765000 >> Recovery done, continuing...
5461815000 >> Requesting for the AHB bus...
5462640000 >> AHB granted, starting recovery...
5481840000 >> Recovery done, continuing...
5481890000 >> Requesting for the AHB bus...
5482715000 >> AHB granted, starting recovery...
5501915000 >> Recovery done, continuing...
5501965000 >> Requesting for the AHB bus...
5502790000 >> AHB granted, starting recovery...
5521990000 >> Recovery done, continuing...
5522040000 >> Requesting for the AHB bus...
5522865000 >> AHB granted, starting recovery...
5542065000 >> Recovery done, continuing...
5542115000 >> Requesting for the AHB bus...
5542940000 >> AHB granted, starting recovery...
5562140000 >> Recovery done, continuing...
5562190000 >> Requesting for the AHB bus...
5563015000 >> AHB granted, starting recovery...
5582215000 >> Recovery done, continuing...
5582265000 >> Requesting for the AHB bus...
5583090000 >> AHB granted, starting recovery...
5602290000 >> Recovery done, continuing...
5602340000 >> Requesting for the AHB bus...
5603165000 >> AHB granted, starting recovery...
5622365000 >> Recovery done, continuing...
5622415000 >> Requesting for the AHB bus...
5623240000 >> AHB granted, starting recovery...
5642440000 >> Recovery done, continuing...
5642490000 >> Requesting for the AHB bus...
5643315000 >> AHB granted, starting recovery...
5662515000 >> Recovery done, continuing...
5662565000 >> Requesting for the AHB bus...
5663390000 >> AHB granted, starting recovery...
5682590000 >> Recovery done, continuing...
5682640000 >> Requesting for the AHB bus...
5683465000 >> AHB granted, starting recovery...
5702665000 >> Recovery done, continuing...
5702715000 >> Requesting for the AHB bus...
5703715000 >> AHB granted, starting recovery...
5722915000 >> Recovery done, continuing...
5722965000 >> Requesting for the AHB bus...
5723790000 >> AHB granted, starting recovery...
5742990000 >> Recovery done, continuing...
5743040000 >> Requesting for the AHB bus...
5743865000 >> AHB granted, starting recovery...
5745715000 >> time limit reached...
/testbench/cpu/l3/u0/leon3x0/vhdl/p0/iu/r.w.wreg:0
/testbench/cpu/l3/u0/leon3x0/vhdl/p0/iu/r.m.irqen:1
/testbench/cpu/l3/u0/leon3x0/vhdl/p0/iu/r.m.icc:0000
/testbench/cpu/l3/u0/leon3x0/vhdl/p0/iu/r.a.ticc:0
/testbench/cpu/l3/u0/leon3x0/vhdl/p0/iu/r.a.step:0
/testbench/cpu/l3/u0/leon3x0/vhdl/p0/iu/r.m.irqen2:1
/testbench/cpu/l3/u0/leon3x0/vhdl/p0/iu/r.d.pc:01000000000000000000001101000100
/testbench/cpu/l3/u0/leon3x0/vhdl/p0/iu/r.d.rexpl:{{00000000000000000000000000000000} {00} {0} 0 0 {0000000000000000000} 0 0 0 0 0 0}
/testbench/cpu/l3/u0/leon3x0/vhdl/p0/iu/r.d.mexc:0
/testbench/cpu/l3/u0/leon3x0/vhdl/p0/iu/r.a.aw:0
/testbench/cpu/l3/u0/leon3x0/vhdl/p0/iu/r.e.ctrl:{{01000000000000000000001101000000} {11000100000001111010000001000100} {00} {10000010} {000000} 0 0 1 0 0 1 1 0 0}
/testbench/cpu/l3/u0/leon3x0/vhdl/p0/iu/r.a.divstart:0
/testbench/cpu/l3/u0/leon3x0/vhdl/p0/iu/r.e.shleft:0
/testbench/cpu/l3/u0/leon3x0/vhdl/p0/iu/r.a.bp:0
/testbench/cpu/l3/u0/leon3x0/vhdl/p0/iu/r.w.twcwp:000
/testbench/cpu/l3/u0/leon3x0/vhdl/p0/iu/r.a.jmpl:0
/testbench/cpu/l3/u0/leon3x0/vhdl/p0/iu/r.m.casa:0
/testbench/cpu/l3/u0/leon3x0/vhdl/p0/iu/r.m.werr:0
/testbench/cpu/l3/u0/leon3x0/vhdl/p0/iu/r.e.su:1
/testbench/cpu/l3/u0/leon3x0/vhdl/p0/iu/r.e.et:1
/testbench/cpu/l3/u0/leon3x0/vhdl/p0/iu/r.a.ldcheck1:1
/testbench/cpu/l3/u0/leon3x0/vhdl/p0/iu/r.d.stwin:000
/testbench/cpu/l3/u0/leon3x0/vhdl/p0/iu/r.a.ldcheck2:1
/testbench/cpu/l3/u0/leon3x0/vhdl/p0/iu/r.x.intack:0
/testbench/cpu/l3/u0/leon3x0/vhdl/p0/iu/r.m.ctrl:{{01000000000000000000001100111100} {11000010000001111011111111111000} {00} {10000001} {001011} 1 0 1 0 0 1 1 0 0}
/testbench/cpu/l3/u0/leon3x0/vhdl/p0/iu/r.a.cwp:101
/testbench/cpu/l3/u0/leon3x0/vhdl/p0/iu/r.e.sari:0
/testbench/cpu/l3/u0/leon3x0/vhdl/p0/iu/r.d.paw:0
/testbench/cpu/l3/u0/leon3x0/vhdl/p0/iu/r.d.aw:0
/testbench/cpu/l3/u0/leon3x0/vhdl/p0/iu/r.d.awp:000
/testbench/cpu/l3/u0/leon3x0/vhdl/p0/iu/r.x.ctrl:{{01000000000000000000001100111000} {11000100001010000100000000000000} {01} {10000010} {000000} 0 0 0 0 0 0 0 0 0}
/testbench/cpu/l3/u0/leon3x0/vhdl/p0/iu/r.m.rexnalign:0
/testbench/cpu/l3/u0/leon3x0/vhdl/p0/iu/r.m.su:1
/testbench/cpu/l3/u0/leon3x0/vhdl/p0/iu/r.m.wcwp:0
/testbench/cpu/l3/u0/leon3x0/vhdl/p0/iu/r.d.divrdy:0
/testbench/cpu/l3/u0/leon3x0/vhdl/p0/iu/r.e.cwp:101
/testbench/cpu/l3/u0/leon3x0/vhdl/p0/iu/r.w.except:0
/testbench/cpu/l3/u0/leon3x0/vhdl/p0/iu/r.x.nerror:0
/testbench/cpu/l3/u0/leon3x0/vhdl/p0/iu/r.a.bpimiss:0
/testbench/cpu/l3/u0/leon3x0/vhdl/p0/iu/r.a.nobp:0
/testbench/cpu/l3/u0/leon3x0/vhdl/p0/iu/r.d.rexcnt:0
/testbench/cpu/l3/u0/leon3x0/vhdl/p0/iu/r.w.s:{{101} {0000} {00000000} {01000000000000000000} {00000010} {0000} 0 0 1 1 1 {00000000000000000000000000000000} {UUUUUUUUUUUUUUUUUUUUUUUUUUUUUUUU} 1 0 0 1 1 1 0 0 {000} {000} {111}}
/testbench/cpu/l3/u0/leon3x0/vhdl/p0/iu/r.d.pv:1
/testbench/cpu/l3/u0/leon3x0/vhdl/p0/iu/r.a.ldchkra:1
/testbench/cpu/l3/u0/leon3x0/vhdl/p0/iu/r.a.rfa1:10000010
/testbench/cpu/l3/u0/leon3x0/vhdl/p0/iu/r.a.rfa2:10000001
/testbench/cpu/l3/u0/leon3x0/vhdl/p0/iu/r.a.imm:00000000000000000000000000000001
/testbench/cpu/l3/u0/leon3x0/vhdl/p0/iu/r.w.wa:10000010
/testbench/cpu/l3/u0/leon3x0/vhdl/p0/iu/r.m.casaz:0
/testbench/cpu/l3/u0/leon3x0/vhdl/p0/iu/r.x.dci:{0 0 0 1 0 0 {00} {00001011}}
/testbench/cpu/l3/u0/leon3x0/vhdl/p0/iu/r.x.mac:0
/testbench/cpu/l3/u0/leon3x0/vhdl/p0/iu/r.m.divz:0
/testbench/cpu/l3/u0/leon3x0/vhdl/p0/iu/r.d.inst:{{10000010000000001000000000000001}}
/testbench/cpu/l3/u0/leon3x0/vhdl/p0/iu/r.e.rfe1:1
/testbench/cpu/l3/u0/leon3x0/vhdl/p0/iu/r.a.wovf:0
/testbench/cpu/l3/u0/leon3x0/vhdl/p0/iu/r.e.rfe2:0
/testbench/cpu/l3/u0/leon3x0/vhdl/p0/iu/r.e.op1:01000000000011111111111010100000
/testbench/cpu/l3/u0/leon3x0/vhdl/p0/iu/r.m.nalign:0
/testbench/cpu/l3/u0/leon3x0/vhdl/p0/iu/r.e.op2:00000000000000000000000001000100
/testbench/cpu/l3/u0/leon3x0/vhdl/p0/iu/r.d.rexen:0
/testbench/cpu/l3/u0/leon3x0/vhdl/p0/iu/r.a.ctrl:{{01000000000000000000001101000100} {10000010000000001000000000000001} {00} {10000001} {000000} 0 1 0 0 0 0 0 0 0}
/testbench/cpu/l3/u0/leon3x0/vhdl/p0/iu/r.x.ipend:0
/testbench/cpu/l3/u0/leon3x0/vhdl/p0/iu/r.e.ldbp1:0
/testbench/cpu/l3/u0/leon3x0/vhdl/p0/iu/r.e.aluadd:1
/testbench/cpu/l3/u0/leon3x0/vhdl/p0/iu/r.d.set:0
/testbench/cpu/l3/u0/leon3x0/vhdl/p0/iu/r.d.inull:0
/testbench/cpu/l3/u0/leon3x0/vhdl/p0/iu/r.e.ldbp2:0
/testbench/cpu/l3/u0/leon3x0/vhdl/p0/iu/r.d.cnt:00
/testbench/cpu/l3/u0/leon3x0/vhdl/p0/iu/r.a.su:1
/testbench/cpu/l3/u0/leon3x0/vhdl/p0/iu/r.a.et:1
/testbench/cpu/l3/u0/leon3x0/vhdl/p0/iu/r.e.mul:0
/testbench/cpu/l3/u0/leon3x0/vhdl/p0/iu/r.e.alusel:00
/testbench/cpu/l3/u0/leon3x0/vhdl/p0/iu/r.e.aw:U
/testbench/cpu/l3/u0/leon3x0/vhdl/p0/iu/r.e.mac:0
/testbench/cpu/l3/u0/leon3x0/vhdl/p0/iu/r.a.decill:0
/testbench/cpu/l3/u0/leon3x0/vhdl/p0/iu/r.x.icc:0000
/testbench/cpu/l3/u0/leon3x0/vhdl/p0/iu/r.x.result:00000001000000010000000100000001
/testbench/cpu/l3/u0/leon3x0/vhdl/p0/iu/r.e.bp:0
/testbench/cpu/l3/u0/leon3x0/vhdl/p0/iu/r.a.rs1:00010
/testbench/cpu/l3/u0/leon3x0/vhdl/p0/iu/r.e.jmpl:0
/testbench/cpu/l3/u0/leon3x0/vhdl/p0/iu/r.a.rsel1:001
/testbench/cpu/l3/u0/leon3x0/vhdl/p0/iu/r.x.y:00000000000000000000000000000000
/testbench/cpu/l3/u0/leon3x0/vhdl/p0/iu/r.a.rsel2:010
/testbench/cpu/l3/u0/leon3x0/vhdl/p0/iu/r.a.awp:000
/testbench/cpu/l3/u0/leon3x0/vhdl/p0/iu/r.a.paw:0
/testbench/cpu/l3/u0/leon3x0/vhdl/p0/iu/r.x.data:{{00000000000000000000000000000001}}
/testbench/cpu/l3/u0/leon3x0/vhdl/p0/iu/r.m.mul:0
/testbench/cpu/l3/u0/leon3x0/vhdl/p0/iu/r.e.rd:UUUUU
/testbench/cpu/l3/u0/leon3x0/vhdl/p0/iu/r.e.invop2:0
/testbench/cpu/l3/u0/leon3x0/vhdl/p0/iu/r.m.wawp:0
/testbench/cpu/l3/u0/leon3x0/vhdl/p0/iu/r.d.cwpmax:111
/testbench/cpu/l3/u0/leon3x0/vhdl/p0/iu/r.f.branch:0
/testbench/cpu/l3/u0/leon3x0/vhdl/p0/iu/r.d.pcheld:1
/testbench/cpu/l3/u0/leon3x0/vhdl/p0/iu/r.m.dci:{0 0 1 0 0 0 {10} {00001011}}
/testbench/cpu/l3/u0/leon3x0/vhdl/p0/iu/r.e.paw:U
/testbench/cpu/l3/u0/leon3x0/vhdl/p0/iu/r.e.awp:UUU
/testbench/cpu/l3/u0/leon3x0/vhdl/p0/iu/r.e.shcnt:00100
/testbench/cpu/l3/u0/leon3x0/vhdl/p0/iu/r.w.result:01000000000000000001111001001100
/testbench/cpu/l3/u0/leon3x0/vhdl/p0/iu/r.m.mac:0
/testbench/cpu/l3/u0/leon3x0/vhdl/p0/iu/r.m.y:00000000000000000000000000000000
/testbench/cpu/l3/u0/leon3x0/vhdl/p0/iu/r.d.cwp:101
/testbench/cpu/l3/u0/leon3x0/vhdl/p0/iu/r.x.laddr:01
/testbench/cpu/l3/u0/leon3x0/vhdl/p0/iu/r.e.mulstep:0
/testbench/cpu/l3/u0/leon3x0/vhdl/p0/iu/r.e.ymsb:0
/testbench/cpu/l3/u0/leon3x0/vhdl/p0/iu/r.d.rexbuf:00000000000000000000000000000000
/testbench/cpu/l3/u0/leon3x0/vhdl/p0/iu/r.x.npc:100
/testbench/cpu/l3/u0/leon3x0/vhdl/p0/iu/r.f.pc:01000000000000000000001101001000
/testbench/cpu/l3/u0/leon3x0/vhdl/p0/iu/r.d.annul:0
/testbench/cpu/l3/u0/leon3x0/vhdl/p0/iu/r.x.rstate:run
/testbench/cpu/l3/u0/leon3x0/vhdl/p0/iu/r.x.set:0
/testbench/cpu/l3/u0/leon3x0/vhdl/p0/iu/r.m.result:01000000000011111111111010011000
/testbench/cpu/l3/u0/leon3x0/vhdl/p0/iu/r.e.icc:UUUU
/testbench/cpu/l3/u0/leon3x0/vhdl/p0/iu/r.a.getpc:0
/testbench/cpu/l3/u0/leon3x0/vhdl/p0/iu/r.a.ldchkex:1
/testbench/cpu/l3/u0/leon3x0/vhdl/p0/iu/r.x.mexc:0
/testbench/cpu/l3/u0/leon3x0/vhdl/p0/iu/r.a.mulstart:0
/testbench/cpu/l3/u0/leon3x0/vhdl/p0/iu/r.d.rexpos:10
/testbench/cpu/l3/u0/leon3x0/vhdl/p0/iu/r.x.annul_all:0
/testbench/cpu/l3/u0/leon3x0/vhdl/p0/iu/r.e.aluop:000
/testbench/cpu/l3/u0/leon3x0/vhdl/p0/iu/r.x.debug:0
/testbench/cpu/l3/u0/leon3x0/vhdl/p0/iu/r.a.rfe1:0
/testbench/cpu/l3/u0/leon3x0/vhdl/p0/iu/r.d.step:0
/testbench/cpu/l3/u0/leon3x0/vhdl/p0/iu/r.a.rfe2:0
/testbench/cpu/l3/u0/leon3x0/vhdl/p0/iu/r.e.alucin:0
/testbench/cpu/l3/u0/leon3x0/vhdl/p0/iu/r.a.wunf:0
compare to golden: 1
======================================
progstatus: -2
execerr: 228
latent: 1
time limit!
>>>>>>>>>>>>>>> 5745715000
======================================
