Test signal = /testbench/cpu/l3/u0/leon3x0/vhdl/p0/iu/r.d.cwp
oldval = 111
pos1: 2 pos0: -1 posU: -1
newval = 110
force in 661680
586290000 >> iteration no: 0
Signal value: 101
oldval = 101
pos1: 2 pos0: 1 posU: -1
newval = 100
1245940000 >> Requesting for the AHB bus...
1247040000 >> AHB granted, starting recovery...
1266240000 >> Recovery done, continuing...
1266290000 >> Requesting for the AHB bus...
1267340000 >> AHB granted, starting recovery...
1286540000 >> Recovery done, continuing...
1286590000 >> Requesting for the AHB bus...
1287815000 >> AHB granted, starting recovery...
1307015000 >> Recovery done, continuing...
1307065000 >> Requesting for the AHB bus...
1308115000 >> AHB granted, starting recovery...
1327315000 >> Recovery done, continuing...
1327365000 >> Requesting for the AHB bus...
1328415000 >> AHB granted, starting recovery...
1347615000 >> Recovery done, continuing...
1347665000 >> Requesting for the AHB bus...
1348715000 >> AHB granted, starting recovery...
1367915000 >> Recovery done, continuing...
1367965000 >> Requesting for the AHB bus...
1369015000 >> AHB granted, starting recovery...
1388215000 >> Recovery done, continuing...
1388265000 >> Requesting for the AHB bus...
1389315000 >> AHB granted, starting recovery...
1408515000 >> Recovery done, continuing...
1408565000 >> Requesting for the AHB bus...
1409615000 >> AHB granted, starting recovery...
1428815000 >> Recovery done, continuing...
1428865000 >> Requesting for the AHB bus...
1429915000 >> AHB granted, starting recovery...
1449115000 >> Recovery done, continuing...
1449165000 >> Requesting for the AHB bus...
1450215000 >> AHB granted, starting recovery...
1469415000 >> Recovery done, continuing...
1469465000 >> Requesting for the AHB bus...
1470515000 >> AHB granted, starting recovery...
1489715000 >> Recovery done, continuing...
1489765000 >> Requesting for the AHB bus...
1490815000 >> AHB granted, starting recovery...
1510015000 >> Recovery done, continuing...
1510065000 >> Requesting for the AHB bus...
1511115000 >> AHB granted, starting recovery...
1530315000 >> Recovery done, continuing...
1530365000 >> Requesting for the AHB bus...
1531415000 >> AHB granted, starting recovery...
1550615000 >> Recovery done, continuing...
1550665000 >> Requesting for the AHB bus...
1551715000 >> AHB granted, starting recovery...
1570915000 >> Recovery done, continuing...
1570965000 >> Requesting for the AHB bus...
1572015000 >> AHB granted, starting recovery...
1591215000 >> Recovery done, continuing...
1591265000 >> Requesting for the AHB bus...
1592315000 >> AHB granted, starting recovery...
1611515000 >> Recovery done, continuing...
1611565000 >> Requesting for the AHB bus...
1612615000 >> AHB granted, starting recovery...
1631815000 >> Recovery done, continuing...
1631865000 >> Requesting for the AHB bus...
1632915000 >> AHB granted, starting recovery...
1652115000 >> Recovery done, continuing...
1652165000 >> Requesting for the AHB bus...
1653215000 >> AHB granted, starting recovery...
1672415000 >> Recovery done, continuing...
1672465000 >> Requesting for the AHB bus...
1673515000 >> AHB granted, starting recovery...
1692715000 >> Recovery done, continuing...
1692765000 >> Requesting for the AHB bus...
1693815000 >> AHB granted, starting recovery...
1713015000 >> Recovery done, continuing...
1713065000 >> Requesting for the AHB bus...
1714115000 >> AHB granted, starting recovery...
1733315000 >> Recovery done, continuing...
1733365000 >> Requesting for the AHB bus...
1734415000 >> AHB granted, starting recovery...
1753615000 >> Recovery done, continuing...
1753665000 >> Requesting for the AHB bus...
1754890000 >> AHB granted, starting recovery...
1774090000 >> Recovery done, continuing...
1774140000 >> Requesting for the AHB bus...
1775190000 >> AHB granted, starting recovery...
1794390000 >> Recovery done, continuing...
1794440000 >> Requesting for the AHB bus...
1795490000 >> AHB granted, starting recovery...
1814690000 >> Recovery done, continuing...
1814740000 >> Requesting for the AHB bus...
1815790000 >> AHB granted, starting recovery...
1834990000 >> Recovery done, continuing...
1835040000 >> Requesting for the AHB bus...
1836090000 >> AHB granted, starting recovery...
1855290000 >> Recovery done, continuing...
1855340000 >> Requesting for the AHB bus...
1856390000 >> AHB granted, starting recovery...
1875590000 >> Recovery done, continuing...
1875640000 >> Requesting for the AHB bus...
1876740000 >> AHB granted, starting recovery...
1895940000 >> Recovery done, continuing...
1895990000 >> Requesting for the AHB bus...
1897040000 >> AHB granted, starting recovery...
1916240000 >> Recovery done, continuing...
1916290000 >> Requesting for the AHB bus...
1917340000 >> AHB granted, starting recovery...
1936540000 >> Recovery done, continuing...
1936590000 >> Requesting for the AHB bus...
1937640000 >> AHB granted, starting recovery...
1956840000 >> Recovery done, continuing...
1956890000 >> Requesting for the AHB bus...
1957940000 >> AHB granted, starting recovery...
1977140000 >> Recovery done, continuing...
1977190000 >> Requesting for the AHB bus...
1978240000 >> AHB granted, starting recovery...
1997440000 >> Recovery done, continuing...
1997490000 >> Requesting for the AHB bus...
1998540000 >> AHB granted, starting recovery...
2017740000 >> Recovery done, continuing...
2017790000 >> Requesting for the AHB bus...
2018840000 >> AHB granted, starting recovery...
2038040000 >> Recovery done, continuing...
2038090000 >> Requesting for the AHB bus...
2039140000 >> AHB granted, starting recovery...
2058340000 >> Recovery done, continuing...
2058390000 >> Requesting for the AHB bus...
2059440000 >> AHB granted, starting recovery...
2078640000 >> Recovery done, continuing...
2078690000 >> Requesting for the AHB bus...
2079740000 >> AHB granted, starting recovery...
2098940000 >> Recovery done, continuing...
2098990000 >> Requesting for the AHB bus...
2100040000 >> AHB granted, starting recovery...
2119240000 >> Recovery done, continuing...
2119290000 >> Requesting for the AHB bus...
2120340000 >> AHB granted, starting recovery...
2139540000 >> Recovery done, continuing...
2139590000 >> Requesting for the AHB bus...
2140640000 >> AHB granted, starting recovery...
2159840000 >> Recovery done, continuing...
2159890000 >> Requesting for the AHB bus...
2160940000 >> AHB granted, starting recovery...
2180140000 >> Recovery done, continuing...
2180190000 >> Requesting for the AHB bus...
2181240000 >> AHB granted, starting recovery...
2200440000 >> Recovery done, continuing...
2200490000 >> Requesting for the AHB bus...
2201540000 >> AHB granted, starting recovery...
2220740000 >> Recovery done, continuing...
2220790000 >> Requesting for the AHB bus...
2222015000 >> AHB granted, starting recovery...
2241215000 >> Recovery done, continuing...
2241265000 >> Requesting for the AHB bus...
2242315000 >> AHB granted, starting recovery...
2261515000 >> Recovery done, continuing...
2261565000 >> Requesting for the AHB bus...
2262615000 >> AHB granted, starting recovery...
2281815000 >> Recovery done, continuing...
2281865000 >> Requesting for the AHB bus...
2282915000 >> AHB granted, starting recovery...
2302115000 >> Recovery done, continuing...
2302165000 >> Requesting for the AHB bus...
2303215000 >> AHB granted, starting recovery...
2322415000 >> Recovery done, continuing...
2322465000 >> Requesting for the AHB bus...
2323515000 >> AHB granted, starting recovery...
2342715000 >> Recovery done, continuing...
2342765000 >> Requesting for the AHB bus...
2343940000 >> AHB granted, starting recovery...
2363140000 >> Recovery done, continuing...
2363190000 >> Requesting for the AHB bus...
2364240000 >> AHB granted, starting recovery...
2383440000 >> Recovery done, continuing...
2383490000 >> Requesting for the AHB bus...
2384540000 >> AHB granted, starting recovery...
2403740000 >> Recovery done, continuing...
2403790000 >> Requesting for the AHB bus...
2404840000 >> AHB granted, starting recovery...
2424040000 >> Recovery done, continuing...
2424090000 >> Requesting for the AHB bus...
2425140000 >> AHB granted, starting recovery...
2444340000 >> Recovery done, continuing...
2444390000 >> Requesting for the AHB bus...
2445440000 >> AHB granted, starting recovery...
2464640000 >> Recovery done, continuing...
2464690000 >> Requesting for the AHB bus...
2465740000 >> AHB granted, starting recovery...
2484940000 >> Recovery done, continuing...
2484990000 >> Requesting for the AHB bus...
2486040000 >> AHB granted, starting recovery...
2505240000 >> Recovery done, continuing...
2505290000 >> Requesting for the AHB bus...
2506340000 >> AHB granted, starting recovery...
2525540000 >> Recovery done, continuing...
2525590000 >> Requesting for the AHB bus...
2526640000 >> AHB granted, starting recovery...
2545840000 >> Recovery done, continuing...
2545890000 >> Requesting for the AHB bus...
2546940000 >> AHB granted, starting recovery...
2566140000 >> Recovery done, continuing...
2566190000 >> Requesting for the AHB bus...
2567240000 >> AHB granted, starting recovery...
2586440000 >> Recovery done, continuing...
2586490000 >> Requesting for the AHB bus...
2587540000 >> AHB granted, starting recovery...
2606740000 >> Recovery done, continuing...
2606790000 >> Requesting for the AHB bus...
2607840000 >> AHB granted, starting recovery...
2627040000 >> Recovery done, continuing...
2627090000 >> Requesting for the AHB bus...
2628140000 >> AHB granted, starting recovery...
2647340000 >> Recovery done, continuing...
2647390000 >> Requesting for the AHB bus...
2648440000 >> AHB granted, starting recovery...
2667640000 >> Recovery done, continuing...
2667690000 >> Requesting for the AHB bus...
2668740000 >> AHB granted, starting recovery...
2687940000 >> Recovery done, continuing...
2687990000 >> Requesting for the AHB bus...
2689215000 >> AHB granted, starting recovery...
2708415000 >> Recovery done, continuing...
2708465000 >> Requesting for the AHB bus...
2709515000 >> AHB granted, starting recovery...
2728715000 >> Recovery done, continuing...
2728765000 >> Requesting for the AHB bus...
2729815000 >> AHB granted, starting recovery...
2749015000 >> Recovery done, continuing...
2749065000 >> Requesting for the AHB bus...
2750115000 >> AHB granted, starting recovery...
2769315000 >> Recovery done, continuing...
2769365000 >> Requesting for the AHB bus...
2770415000 >> AHB granted, starting recovery...
2789615000 >> Recovery done, continuing...
2789665000 >> Requesting for the AHB bus...
2790715000 >> AHB granted, starting recovery...
2809915000 >> Recovery done, continuing...
2809965000 >> Requesting for the AHB bus...
2811140000 >> AHB granted, starting recovery...
2830340000 >> Recovery done, continuing...
2830390000 >> Requesting for the AHB bus...
2831440000 >> AHB granted, starting recovery...
2850640000 >> Recovery done, continuing...
2850690000 >> Requesting for the AHB bus...
2851740000 >> AHB granted, starting recovery...
2870940000 >> Recovery done, continuing...
2870990000 >> Requesting for the AHB bus...
2872040000 >> AHB granted, starting recovery...
2891240000 >> Recovery done, continuing...
2891290000 >> Requesting for the AHB bus...
2892340000 >> AHB granted, starting recovery...
2911540000 >> Recovery done, continuing...
2911590000 >> Requesting for the AHB bus...
2912640000 >> AHB granted, starting recovery...
2931840000 >> Recovery done, continuing...
2931890000 >> Requesting for the AHB bus...
2932940000 >> AHB granted, starting recovery...
2952140000 >> Recovery done, continuing...
2952190000 >> Requesting for the AHB bus...
2953240000 >> AHB granted, starting recovery...
2972440000 >> Recovery done, continuing...
2972490000 >> Requesting for the AHB bus...
2973540000 >> AHB granted, starting recovery...
2992740000 >> Recovery done, continuing...
2992790000 >> Requesting for the AHB bus...
2993840000 >> AHB granted, starting recovery...
3013040000 >> Recovery done, continuing...
3013090000 >> Requesting for the AHB bus...
3014140000 >> AHB granted, starting recovery...
3033340000 >> Recovery done, continuing...
3033390000 >> Requesting for the AHB bus...
3034440000 >> AHB granted, starting recovery...
3053640000 >> Recovery done, continuing...
3053690000 >> Requesting for the AHB bus...
3054740000 >> AHB granted, starting recovery...
3073940000 >> Recovery done, continuing...
3073990000 >> Requesting for the AHB bus...
3075040000 >> AHB granted, starting recovery...
3094240000 >> Recovery done, continuing...
3094290000 >> Requesting for the AHB bus...
3095340000 >> AHB granted, starting recovery...
3114540000 >> Recovery done, continuing...
3114590000 >> Requesting for the AHB bus...
3115640000 >> AHB granted, starting recovery...
3134840000 >> Recovery done, continuing...
3134890000 >> Requesting for the AHB bus...
3135940000 >> AHB granted, starting recovery...
3155140000 >> Recovery done, continuing...
3155190000 >> Requesting for the AHB bus...
3156415000 >> AHB granted, starting recovery...
3175615000 >> Recovery done, continuing...
3175665000 >> Requesting for the AHB bus...
3176715000 >> AHB granted, starting recovery...
3195915000 >> Recovery done, continuing...
3195965000 >> Requesting for the AHB bus...
3197015000 >> AHB granted, starting recovery...
3216215000 >> Recovery done, continuing...
3216265000 >> Requesting for the AHB bus...
3217315000 >> AHB granted, starting recovery...
3236515000 >> Recovery done, continuing...
3236565000 >> Requesting for the AHB bus...
3237615000 >> AHB granted, starting recovery...
3256815000 >> Recovery done, continuing...
3256865000 >> Requesting for the AHB bus...
3257915000 >> AHB granted, starting recovery...
3277115000 >> Recovery done, continuing...
3277165000 >> Requesting for the AHB bus...
3278340000 >> AHB granted, starting recovery...
3297540000 >> Recovery done, continuing...
3297590000 >> Requesting for the AHB bus...
3298640000 >> AHB granted, starting recovery...
3317840000 >> Recovery done, continuing...
3317890000 >> Requesting for the AHB bus...
3318940000 >> AHB granted, starting recovery...
3338140000 >> Recovery done, continuing...
3338190000 >> Requesting for the AHB bus...
3339240000 >> AHB granted, starting recovery...
3358440000 >> Recovery done, continuing...
3358490000 >> Requesting for the AHB bus...
3359540000 >> AHB granted, starting recovery...
3378740000 >> Recovery done, continuing...
3378790000 >> Requesting for the AHB bus...
3379840000 >> AHB granted, starting recovery...
3399040000 >> Recovery done, continuing...
3399090000 >> Requesting for the AHB bus...
3400140000 >> AHB granted, starting recovery...
3419340000 >> Recovery done, continuing...
3419390000 >> Requesting for the AHB bus...
3420440000 >> AHB granted, starting recovery...
3439640000 >> Recovery done, continuing...
3439690000 >> Requesting for the AHB bus...
3440740000 >> AHB granted, starting recovery...
3459940000 >> Recovery done, continuing...
3459990000 >> Requesting for the AHB bus...
3461040000 >> AHB granted, starting recovery...
3480240000 >> Recovery done, continuing...
3480290000 >> Requesting for the AHB bus...
3481340000 >> AHB granted, starting recovery...
3500540000 >> Recovery done, continuing...
3500590000 >> Requesting for the AHB bus...
3501640000 >> AHB granted, starting recovery...
3520840000 >> Recovery done, continuing...
3520890000 >> Requesting for the AHB bus...
3521940000 >> AHB granted, starting recovery...
3541140000 >> Recovery done, continuing...
3541190000 >> Requesting for the AHB bus...
3542240000 >> AHB granted, starting recovery...
3561440000 >> Recovery done, continuing...
3561490000 >> Requesting for the AHB bus...
3562540000 >> AHB granted, starting recovery...
3581740000 >> Recovery done, continuing...
3581790000 >> Requesting for the AHB bus...
3582840000 >> AHB granted, starting recovery...
3602040000 >> Recovery done, continuing...
3602090000 >> Requesting for the AHB bus...
3603140000 >> AHB granted, starting recovery...
3622340000 >> Recovery done, continuing...
3622390000 >> Requesting for the AHB bus...
3623615000 >> AHB granted, starting recovery...
3642815000 >> Recovery done, continuing...
3642865000 >> Requesting for the AHB bus...
3643915000 >> AHB granted, starting recovery...
3663115000 >> Recovery done, continuing...
3663165000 >> Requesting for the AHB bus...
3664215000 >> AHB granted, starting recovery...
3683415000 >> Recovery done, continuing...
3683465000 >> Requesting for the AHB bus...
3684515000 >> AHB granted, starting recovery...
3703715000 >> Recovery done, continuing...
3703765000 >> Requesting for the AHB bus...
3704815000 >> AHB granted, starting recovery...
3724015000 >> Recovery done, continuing...
3724065000 >> Requesting for the AHB bus...
3725115000 >> AHB granted, starting recovery...
3744315000 >> Recovery done, continuing...
3744365000 >> Requesting for the AHB bus...
3745540000 >> AHB granted, starting recovery...
3764740000 >> Recovery done, continuing...
3764790000 >> Requesting for the AHB bus...
3765840000 >> AHB granted, starting recovery...
3785040000 >> Recovery done, continuing...
3785090000 >> Requesting for the AHB bus...
3786140000 >> AHB granted, starting recovery...
3805340000 >> Recovery done, continuing...
3805390000 >> Requesting for the AHB bus...
3806440000 >> AHB granted, starting recovery...
3825640000 >> Recovery done, continuing...
3825690000 >> Requesting for the AHB bus...
3826740000 >> AHB granted, starting recovery...
3845940000 >> Recovery done, continuing...
3845990000 >> Requesting for the AHB bus...
3847040000 >> AHB granted, starting recovery...
3866240000 >> Recovery done, continuing...
3866290000 >> Requesting for the AHB bus...
3867340000 >> AHB granted, starting recovery...
3886540000 >> Recovery done, continuing...
3886590000 >> Requesting for the AHB bus...
3887640000 >> AHB granted, starting recovery...
3906840000 >> Recovery done, continuing...
3906890000 >> Requesting for the AHB bus...
3907940000 >> AHB granted, starting recovery...
3927140000 >> Recovery done, continuing...
3927190000 >> Requesting for the AHB bus...
3928240000 >> AHB granted, starting recovery...
3947440000 >> Recovery done, continuing...
3947490000 >> Requesting for the AHB bus...
3948540000 >> AHB granted, starting recovery...
3967740000 >> Recovery done, continuing...
3967790000 >> Requesting for the AHB bus...
3968840000 >> AHB granted, starting recovery...
3988040000 >> Recovery done, continuing...
3988090000 >> Requesting for the AHB bus...
3989140000 >> AHB granted, starting recovery...
4008340000 >> Recovery done, continuing...
4008390000 >> Requesting for the AHB bus...
4009440000 >> AHB granted, starting recovery...
4028640000 >> Recovery done, continuing...
4028690000 >> Requesting for the AHB bus...
4029740000 >> AHB granted, starting recovery...
4048940000 >> Recovery done, continuing...
4048990000 >> Requesting for the AHB bus...
4050040000 >> AHB granted, starting recovery...
4069240000 >> Recovery done, continuing...
4069290000 >> Requesting for the AHB bus...
4070340000 >> AHB granted, starting recovery...
4089540000 >> Recovery done, continuing...
4089590000 >> Requesting for the AHB bus...
4090815000 >> AHB granted, starting recovery...
4110015000 >> Recovery done, continuing...
4110065000 >> Requesting for the AHB bus...
4111115000 >> AHB granted, starting recovery...
4130315000 >> Recovery done, continuing...
4130365000 >> Requesting for the AHB bus...
4131415000 >> AHB granted, starting recovery...
4150615000 >> Recovery done, continuing...
4150665000 >> Requesting for the AHB bus...
4151715000 >> AHB granted, starting recovery...
4170915000 >> Recovery done, continuing...
4170965000 >> Requesting for the AHB bus...
4172015000 >> AHB granted, starting recovery...
4191215000 >> Recovery done, continuing...
4191265000 >> Requesting for the AHB bus...
4192315000 >> AHB granted, starting recovery...
4211515000 >> Recovery done, continuing...
4211565000 >> Requesting for the AHB bus...
4212740000 >> AHB granted, starting recovery...
4231940000 >> Recovery done, continuing...
4231990000 >> Requesting for the AHB bus...
4233040000 >> AHB granted, starting recovery...
4252240000 >> Recovery done, continuing...
4252290000 >> Requesting for the AHB bus...
4253340000 >> AHB granted, starting recovery...
4272540000 >> Recovery done, continuing...
4272590000 >> Requesting for the AHB bus...
4273640000 >> AHB granted, starting recovery...
4292840000 >> Recovery done, continuing...
4292890000 >> Requesting for the AHB bus...
4293940000 >> AHB granted, starting recovery...
4313140000 >> Recovery done, continuing...
4313190000 >> Requesting for the AHB bus...
4314240000 >> AHB granted, starting recovery...
4333440000 >> Recovery done, continuing...
4333490000 >> Requesting for the AHB bus...
4334540000 >> AHB granted, starting recovery...
4353740000 >> Recovery done, continuing...
4353790000 >> Requesting for the AHB bus...
4354840000 >> AHB granted, starting recovery...
4374040000 >> Recovery done, continuing...
4374090000 >> Requesting for the AHB bus...
4375140000 >> AHB granted, starting recovery...
4394340000 >> Recovery done, continuing...
4394390000 >> Requesting for the AHB bus...
4395440000 >> AHB granted, starting recovery...
4414640000 >> Recovery done, continuing...
4414690000 >> Requesting for the AHB bus...
4415740000 >> AHB granted, starting recovery...
4434940000 >> Recovery done, continuing...
4434990000 >> Requesting for the AHB bus...
4436040000 >> AHB granted, starting recovery...
4455240000 >> Recovery done, continuing...
4455290000 >> Requesting for the AHB bus...
4456340000 >> AHB granted, starting recovery...
4475540000 >> Recovery done, continuing...
4475590000 >> Requesting for the AHB bus...
4476640000 >> AHB granted, starting recovery...
4495840000 >> Recovery done, continuing...
4495890000 >> Requesting for the AHB bus...
4496940000 >> AHB granted, starting recovery...
4516140000 >> Recovery done, continuing...
4516190000 >> Requesting for the AHB bus...
4517240000 >> AHB granted, starting recovery...
4536440000 >> Recovery done, continuing...
4536490000 >> Requesting for the AHB bus...
4537540000 >> AHB granted, starting recovery...
4556740000 >> Recovery done, continuing...
4556790000 >> Requesting for the AHB bus...
4558015000 >> AHB granted, starting recovery...
4577215000 >> Recovery done, continuing...
4577265000 >> Requesting for the AHB bus...
4578315000 >> AHB granted, starting recovery...
4597515000 >> Recovery done, continuing...
4597565000 >> Requesting for the AHB bus...
4598615000 >> AHB granted, starting recovery...
4617815000 >> Recovery done, continuing...
4617865000 >> Requesting for the AHB bus...
4618915000 >> AHB granted, starting recovery...
4638115000 >> Recovery done, continuing...
4638165000 >> Requesting for the AHB bus...
4639215000 >> AHB granted, starting recovery...
4658415000 >> Recovery done, continuing...
4658465000 >> Requesting for the AHB bus...
4659515000 >> AHB granted, starting recovery...
4678715000 >> Recovery done, continuing...
4678765000 >> Requesting for the AHB bus...
4679940000 >> AHB granted, starting recovery...
4699140000 >> Recovery done, continuing...
4699190000 >> Requesting for the AHB bus...
4700240000 >> AHB granted, starting recovery...
4719440000 >> Recovery done, continuing...
4719490000 >> Requesting for the AHB bus...
4720540000 >> AHB granted, starting recovery...
4739740000 >> Recovery done, continuing...
4739790000 >> Requesting for the AHB bus...
4740840000 >> AHB granted, starting recovery...
4760040000 >> Recovery done, continuing...
4760090000 >> Requesting for the AHB bus...
4761140000 >> AHB granted, starting recovery...
4780340000 >> Recovery done, continuing...
4780390000 >> Requesting for the AHB bus...
4781440000 >> AHB granted, starting recovery...
4800640000 >> Recovery done, continuing...
4800690000 >> Requesting for the AHB bus...
4801740000 >> AHB granted, starting recovery...
4820940000 >> Recovery done, continuing...
4820990000 >> Requesting for the AHB bus...
4822040000 >> AHB granted, starting recovery...
4841240000 >> Recovery done, continuing...
4841290000 >> Requesting for the AHB bus...
4842340000 >> AHB granted, starting recovery...
4861540000 >> Recovery done, continuing...
4861590000 >> Requesting for the AHB bus...
4862640000 >> AHB granted, starting recovery...
4881840000 >> Recovery done, continuing...
4881890000 >> Requesting for the AHB bus...
4882940000 >> AHB granted, starting recovery...
4902140000 >> Recovery done, continuing...
4902190000 >> Requesting for the AHB bus...
4903240000 >> AHB granted, starting recovery...
4922440000 >> Recovery done, continuing...
4922490000 >> Requesting for the AHB bus...
4923540000 >> AHB granted, starting recovery...
4942740000 >> Recovery done, continuing...
4942790000 >> Requesting for the AHB bus...
4943840000 >> AHB granted, starting recovery...
4963040000 >> Recovery done, continuing...
4963090000 >> Requesting for the AHB bus...
4964140000 >> AHB granted, starting recovery...
4983340000 >> Recovery done, continuing...
4983390000 >> Requesting for the AHB bus...
4984440000 >> AHB granted, starting recovery...
5003640000 >> Recovery done, continuing...
5003690000 >> Requesting for the AHB bus...
5004740000 >> AHB granted, starting recovery...
5023940000 >> Recovery done, continuing...
5023990000 >> Requesting for the AHB bus...
5025215000 >> AHB granted, starting recovery...
5044415000 >> Recovery done, continuing...
5044465000 >> Requesting for the AHB bus...
5045515000 >> AHB granted, starting recovery...
5064715000 >> Recovery done, continuing...
5064765000 >> Requesting for the AHB bus...
5065815000 >> AHB granted, starting recovery...
5085015000 >> Recovery done, continuing...
5085065000 >> Requesting for the AHB bus...
5086115000 >> AHB granted, starting recovery...
5105315000 >> Recovery done, continuing...
5105365000 >> Requesting for the AHB bus...
5106415000 >> AHB granted, starting recovery...
5125615000 >> Recovery done, continuing...
5125665000 >> Requesting for the AHB bus...
5126715000 >> AHB granted, starting recovery...
5145915000 >> Recovery done, continuing...
5145965000 >> Requesting for the AHB bus...
5147140000 >> AHB granted, starting recovery...
5166340000 >> Recovery done, continuing...
5166390000 >> Requesting for the AHB bus...
5167440000 >> AHB granted, starting recovery...
5186640000 >> Recovery done, continuing...
5186690000 >> Requesting for the AHB bus...
5187740000 >> AHB granted, starting recovery...
5206940000 >> Recovery done, continuing...
5206990000 >> Requesting for the AHB bus...
5208040000 >> AHB granted, starting recovery...
5227240000 >> Recovery done, continuing...
5227290000 >> Requesting for the AHB bus...
5228340000 >> AHB granted, starting recovery...
5247540000 >> Recovery done, continuing...
5247590000 >> Requesting for the AHB bus...
5248640000 >> AHB granted, starting recovery...
5267840000 >> Recovery done, continuing...
5267890000 >> Requesting for the AHB bus...
5268940000 >> AHB granted, starting recovery...
5288140000 >> Recovery done, continuing...
5288190000 >> Requesting for the AHB bus...
5289240000 >> AHB granted, starting recovery...
5308440000 >> Recovery done, continuing...
5308490000 >> Requesting for the AHB bus...
5309540000 >> AHB granted, starting recovery...
5328740000 >> Recovery done, continuing...
5328790000 >> Requesting for the AHB bus...
5329840000 >> AHB granted, starting recovery...
5349040000 >> Recovery done, continuing...
5349090000 >> Requesting for the AHB bus...
5350140000 >> AHB granted, starting recovery...
5369340000 >> Recovery done, continuing...
5369390000 >> Requesting for the AHB bus...
5370440000 >> AHB granted, starting recovery...
5389640000 >> Recovery done, continuing...
5389690000 >> Requesting for the AHB bus...
5390740000 >> AHB granted, starting recovery...
5409940000 >> Recovery done, continuing...
5409990000 >> Requesting for the AHB bus...
5411040000 >> AHB granted, starting recovery...
5430240000 >> Recovery done, continuing...
5430290000 >> Requesting for the AHB bus...
5431340000 >> AHB granted, starting recovery...
5450540000 >> Recovery done, continuing...
5450590000 >> Requesting for the AHB bus...
5451640000 >> AHB granted, starting recovery...
5470840000 >> Recovery done, continuing...
5470890000 >> Requesting for the AHB bus...
5471940000 >> AHB granted, starting recovery...
5491140000 >> Recovery done, continuing...
5491190000 >> Requesting for the AHB bus...
5492415000 >> AHB granted, starting recovery...
5511615000 >> Recovery done, continuing...
5511665000 >> Requesting for the AHB bus...
5512715000 >> AHB granted, starting recovery...
5531915000 >> Recovery done, continuing...
5531965000 >> Requesting for the AHB bus...
5533015000 >> AHB granted, starting recovery...
5552215000 >> Recovery done, continuing...
5552265000 >> Requesting for the AHB bus...
5553315000 >> AHB granted, starting recovery...
5572515000 >> Recovery done, continuing...
5572565000 >> Requesting for the AHB bus...
5573615000 >> AHB granted, starting recovery...
5592815000 >> Recovery done, continuing...
5592865000 >> Requesting for the AHB bus...
5593915000 >> AHB granted, starting recovery...
5613115000 >> Recovery done, continuing...
5613165000 >> Requesting for the AHB bus...
5614340000 >> AHB granted, starting recovery...
5633540000 >> Recovery done, continuing...
5633590000 >> Requesting for the AHB bus...
5634640000 >> AHB granted, starting recovery...
5653840000 >> Recovery done, continuing...
5653890000 >> Requesting for the AHB bus...
5654940000 >> AHB granted, starting recovery...
5674140000 >> Recovery done, continuing...
5674190000 >> Requesting for the AHB bus...
5675240000 >> AHB granted, starting recovery...
5694440000 >> Recovery done, continuing...
5694490000 >> Requesting for the AHB bus...
5695540000 >> AHB granted, starting recovery...
5714740000 >> Recovery done, continuing...
5714790000 >> Requesting for the AHB bus...
5715840000 >> AHB granted, starting recovery...
5735040000 >> Recovery done, continuing...
5735090000 >> Requesting for the AHB bus...
5736140000 >> AHB granted, starting recovery...
5745715000 >> time limit reached...
/testbench/cpu/l3/u0/leon3x0/vhdl/p0/iu/r.w.wreg:0
/testbench/cpu/l3/u0/leon3x0/vhdl/p0/iu/r.m.irqen:1
/testbench/cpu/l3/u0/leon3x0/vhdl/p0/iu/r.m.icc:0000
/testbench/cpu/l3/u0/leon3x0/vhdl/p0/iu/r.a.ticc:0
/testbench/cpu/l3/u0/leon3x0/vhdl/p0/iu/r.a.step:0
/testbench/cpu/l3/u0/leon3x0/vhdl/p0/iu/r.m.irqen2:1
/testbench/cpu/l3/u0/leon3x0/vhdl/p0/iu/r.d.pc:01000000000000000000001101000100
/testbench/cpu/l3/u0/leon3x0/vhdl/p0/iu/r.d.rexpl:{{00000000000000000000000000000000} {00} {0} 0 0 {0000000000000000000} 0 0 0 0 0 0}
/testbench/cpu/l3/u0/leon3x0/vhdl/p0/iu/r.d.mexc:0
/testbench/cpu/l3/u0/leon3x0/vhdl/p0/iu/r.a.aw:0
/testbench/cpu/l3/u0/leon3x0/vhdl/p0/iu/r.e.ctrl:{{01000000000000000000001101000000} {11000100000001111010000001000100} {00} {10000010} {000000} 0 0 1 0 0 1 1 0 0}
/testbench/cpu/l3/u0/leon3x0/vhdl/p0/iu/r.a.divstart:0
/testbench/cpu/l3/u0/leon3x0/vhdl/p0/iu/r.e.shleft:0
/testbench/cpu/l3/u0/leon3x0/vhdl/p0/iu/r.a.bp:0
/testbench/cpu/l3/u0/leon3x0/vhdl/p0/iu/r.w.twcwp:000
/testbench/cpu/l3/u0/leon3x0/vhdl/p0/iu/r.a.jmpl:0
/testbench/cpu/l3/u0/leon3x0/vhdl/p0/iu/r.m.casa:0
/testbench/cpu/l3/u0/leon3x0/vhdl/p0/iu/r.m.werr:0
/testbench/cpu/l3/u0/leon3x0/vhdl/p0/iu/r.e.su:1
/testbench/cpu/l3/u0/leon3x0/vhdl/p0/iu/r.e.et:1
/testbench/cpu/l3/u0/leon3x0/vhdl/p0/iu/r.a.ldcheck1:1
/testbench/cpu/l3/u0/leon3x0/vhdl/p0/iu/r.d.stwin:000
/testbench/cpu/l3/u0/leon3x0/vhdl/p0/iu/r.a.ldcheck2:1
/testbench/cpu/l3/u0/leon3x0/vhdl/p0/iu/r.x.intack:0
/testbench/cpu/l3/u0/leon3x0/vhdl/p0/iu/r.m.ctrl:{{01000000000000000000001100111100} {11000010000001111011111111111000} {00} {10000001} {000000} 0 0 1 0 0 1 1 0 0}
/testbench/cpu/l3/u0/leon3x0/vhdl/p0/iu/r.a.cwp:100
/testbench/cpu/l3/u0/leon3x0/vhdl/p0/iu/r.e.sari:0
/testbench/cpu/l3/u0/leon3x0/vhdl/p0/iu/r.d.paw:0
/testbench/cpu/l3/u0/leon3x0/vhdl/p0/iu/r.d.aw:0
/testbench/cpu/l3/u0/leon3x0/vhdl/p0/iu/r.d.awp:000
/testbench/cpu/l3/u0/leon3x0/vhdl/p0/iu/r.x.ctrl:{{01000000000000000000001100111000} {11000100001010000100000000000000} {01} {10000010} {000000} 0 0 0 0 0 0 0 0 0}
/testbench/cpu/l3/u0/leon3x0/vhdl/p0/iu/r.m.rexnalign:0
/testbench/cpu/l3/u0/leon3x0/vhdl/p0/iu/r.m.su:1
/testbench/cpu/l3/u0/leon3x0/vhdl/p0/iu/r.m.wcwp:0
/testbench/cpu/l3/u0/leon3x0/vhdl/p0/iu/r.d.divrdy:0
/testbench/cpu/l3/u0/leon3x0/vhdl/p0/iu/r.e.cwp:100
/testbench/cpu/l3/u0/leon3x0/vhdl/p0/iu/r.w.except:0
/testbench/cpu/l3/u0/leon3x0/vhdl/p0/iu/r.x.nerror:0
/testbench/cpu/l3/u0/leon3x0/vhdl/p0/iu/r.a.bpimiss:0
/testbench/cpu/l3/u0/leon3x0/vhdl/p0/iu/r.a.nobp:0
/testbench/cpu/l3/u0/leon3x0/vhdl/p0/iu/r.d.rexcnt:0
/testbench/cpu/l3/u0/leon3x0/vhdl/p0/iu/r.w.s:{{101} {0000} {00000000} {01000000000000000000} {00000010} {0000} 0 0 1 1 1 {00000000000000000000000000000000} {UUUUUUUUUUUUUUUUUUUUUUUUUUUUUUUU} 1 0 0 1 1 1 0 0 {000} {000} {111}}
/testbench/cpu/l3/u0/leon3x0/vhdl/p0/iu/r.d.pv:1
/testbench/cpu/l3/u0/leon3x0/vhdl/p0/iu/r.a.ldchkra:1
/testbench/cpu/l3/u0/leon3x0/vhdl/p0/iu/r.a.rfa1:10000010
/testbench/cpu/l3/u0/leon3x0/vhdl/p0/iu/r.a.rfa2:10000001
/testbench/cpu/l3/u0/leon3x0/vhdl/p0/iu/r.a.imm:00000000000000000000000000000001
/testbench/cpu/l3/u0/leon3x0/vhdl/p0/iu/r.w.wa:10000010
/testbench/cpu/l3/u0/leon3x0/vhdl/p0/iu/r.m.casaz:0
/testbench/cpu/l3/u0/leon3x0/vhdl/p0/iu/r.x.dci:{0 0 0 1 0 0 {00} {00001011}}
/testbench/cpu/l3/u0/leon3x0/vhdl/p0/iu/r.x.mac:0
/testbench/cpu/l3/u0/leon3x0/vhdl/p0/iu/r.m.divz:0
/testbench/cpu/l3/u0/leon3x0/vhdl/p0/iu/r.d.inst:{{10000010000000001000000000000001}}
/testbench/cpu/l3/u0/leon3x0/vhdl/p0/iu/r.e.rfe1:1
/testbench/cpu/l3/u0/leon3x0/vhdl/p0/iu/r.a.wovf:0
/testbench/cpu/l3/u0/leon3x0/vhdl/p0/iu/r.e.rfe2:0
/testbench/cpu/l3/u0/leon3x0/vhdl/p0/iu/r.e.op1:01000000000011111111111000101000
/testbench/cpu/l3/u0/leon3x0/vhdl/p0/iu/r.m.nalign:0
/testbench/cpu/l3/u0/leon3x0/vhdl/p0/iu/r.e.op2:00000000000000000000000001000100
/testbench/cpu/l3/u0/leon3x0/vhdl/p0/iu/r.d.rexen:0
/testbench/cpu/l3/u0/leon3x0/vhdl/p0/iu/r.a.ctrl:{{01000000000000000000001101000100} {10000010000000001000000000000001} {00} {10000001} {000000} 0 1 0 0 0 0 0 0 0}
/testbench/cpu/l3/u0/leon3x0/vhdl/p0/iu/r.x.ipend:0
/testbench/cpu/l3/u0/leon3x0/vhdl/p0/iu/r.e.ldbp1:0
/testbench/cpu/l3/u0/leon3x0/vhdl/p0/iu/r.e.aluadd:1
/testbench/cpu/l3/u0/leon3x0/vhdl/p0/iu/r.d.set:0
/testbench/cpu/l3/u0/leon3x0/vhdl/p0/iu/r.d.inull:0
/testbench/cpu/l3/u0/leon3x0/vhdl/p0/iu/r.e.ldbp2:0
/testbench/cpu/l3/u0/leon3x0/vhdl/p0/iu/r.d.cnt:00
/testbench/cpu/l3/u0/leon3x0/vhdl/p0/iu/r.a.su:1
/testbench/cpu/l3/u0/leon3x0/vhdl/p0/iu/r.a.et:1
/testbench/cpu/l3/u0/leon3x0/vhdl/p0/iu/r.e.mul:0
/testbench/cpu/l3/u0/leon3x0/vhdl/p0/iu/r.e.alusel:00
/testbench/cpu/l3/u0/leon3x0/vhdl/p0/iu/r.e.aw:U
/testbench/cpu/l3/u0/leon3x0/vhdl/p0/iu/r.e.mac:0
/testbench/cpu/l3/u0/leon3x0/vhdl/p0/iu/r.a.decill:0
/testbench/cpu/l3/u0/leon3x0/vhdl/p0/iu/r.x.icc:0000
/testbench/cpu/l3/u0/leon3x0/vhdl/p0/iu/r.x.result:00000011000000110000001100000011
/testbench/cpu/l3/u0/leon3x0/vhdl/p0/iu/r.e.bp:0
/testbench/cpu/l3/u0/leon3x0/vhdl/p0/iu/r.a.rs1:00010
/testbench/cpu/l3/u0/leon3x0/vhdl/p0/iu/r.e.jmpl:0
/testbench/cpu/l3/u0/leon3x0/vhdl/p0/iu/r.a.rsel1:001
/testbench/cpu/l3/u0/leon3x0/vhdl/p0/iu/r.x.y:00000000000000000000000000000000
/testbench/cpu/l3/u0/leon3x0/vhdl/p0/iu/r.a.rsel2:010
/testbench/cpu/l3/u0/leon3x0/vhdl/p0/iu/r.a.awp:000
/testbench/cpu/l3/u0/leon3x0/vhdl/p0/iu/r.a.paw:0
/testbench/cpu/l3/u0/leon3x0/vhdl/p0/iu/r.x.data:{{00000000000000000000000000000011}}
/testbench/cpu/l3/u0/leon3x0/vhdl/p0/iu/r.m.mul:0
/testbench/cpu/l3/u0/leon3x0/vhdl/p0/iu/r.e.rd:UUUUU
/testbench/cpu/l3/u0/leon3x0/vhdl/p0/iu/r.e.invop2:0
/testbench/cpu/l3/u0/leon3x0/vhdl/p0/iu/r.m.wawp:0
/testbench/cpu/l3/u0/leon3x0/vhdl/p0/iu/r.d.cwpmax:111
/testbench/cpu/l3/u0/leon3x0/vhdl/p0/iu/r.f.branch:0
/testbench/cpu/l3/u0/leon3x0/vhdl/p0/iu/r.d.pcheld:1
/testbench/cpu/l3/u0/leon3x0/vhdl/p0/iu/r.m.dci:{0 1 1 0 0 0 {10} {00001011}}
/testbench/cpu/l3/u0/leon3x0/vhdl/p0/iu/r.e.paw:U
/testbench/cpu/l3/u0/leon3x0/vhdl/p0/iu/r.e.awp:UUU
/testbench/cpu/l3/u0/leon3x0/vhdl/p0/iu/r.e.shcnt:00100
/testbench/cpu/l3/u0/leon3x0/vhdl/p0/iu/r.w.result:01000000000000000001111001001001
/testbench/cpu/l3/u0/leon3x0/vhdl/p0/iu/r.m.mac:0
/testbench/cpu/l3/u0/leon3x0/vhdl/p0/iu/r.m.y:00000000000000000000000000000000
/testbench/cpu/l3/u0/leon3x0/vhdl/p0/iu/r.d.cwp:100
/testbench/cpu/l3/u0/leon3x0/vhdl/p0/iu/r.x.laddr:11
/testbench/cpu/l3/u0/leon3x0/vhdl/p0/iu/r.e.mulstep:0
/testbench/cpu/l3/u0/leon3x0/vhdl/p0/iu/r.e.ymsb:0
/testbench/cpu/l3/u0/leon3x0/vhdl/p0/iu/r.d.rexbuf:00000000000000000000000000000000
/testbench/cpu/l3/u0/leon3x0/vhdl/p0/iu/r.x.npc:100
/testbench/cpu/l3/u0/leon3x0/vhdl/p0/iu/r.f.pc:01000000000000000000001101001000
/testbench/cpu/l3/u0/leon3x0/vhdl/p0/iu/r.d.annul:0
/testbench/cpu/l3/u0/leon3x0/vhdl/p0/iu/r.x.rstate:run
/testbench/cpu/l3/u0/leon3x0/vhdl/p0/iu/r.x.set:0
/testbench/cpu/l3/u0/leon3x0/vhdl/p0/iu/r.m.result:01000000000011111111111000100000
/testbench/cpu/l3/u0/leon3x0/vhdl/p0/iu/r.e.icc:UUUU
/testbench/cpu/l3/u0/leon3x0/vhdl/p0/iu/r.a.getpc:0
/testbench/cpu/l3/u0/leon3x0/vhdl/p0/iu/r.a.ldchkex:1
/testbench/cpu/l3/u0/leon3x0/vhdl/p0/iu/r.x.mexc:0
/testbench/cpu/l3/u0/leon3x0/vhdl/p0/iu/r.a.mulstart:0
/testbench/cpu/l3/u0/leon3x0/vhdl/p0/iu/r.d.rexpos:10
/testbench/cpu/l3/u0/leon3x0/vhdl/p0/iu/r.x.annul_all:0
/testbench/cpu/l3/u0/leon3x0/vhdl/p0/iu/r.e.aluop:000
/testbench/cpu/l3/u0/leon3x0/vhdl/p0/iu/r.x.debug:0
/testbench/cpu/l3/u0/leon3x0/vhdl/p0/iu/r.a.rfe1:0
/testbench/cpu/l3/u0/leon3x0/vhdl/p0/iu/r.d.step:0
/testbench/cpu/l3/u0/leon3x0/vhdl/p0/iu/r.a.rfe2:0
/testbench/cpu/l3/u0/leon3x0/vhdl/p0/iu/r.e.alucin:0
/testbench/cpu/l3/u0/leon3x0/vhdl/p0/iu/r.a.wunf:0
compare to golden: 1
======================================
progstatus: -2
execerr: 222
latent: 1
time limit!
>>>>>>>>>>>>>>> 5745715000
======================================
