Test signal = /testbench/cpu/l3/u0/leon3x0/vhdl/p0/iu/r.e.op2
oldval = 00000000000000000000000000000000
pos1: -1 pos0: 31 posU: -1
newval = 00000000000000000000000000000001
force in 721731
586290000 >> iteration no: 0
Signal value: 11111111111111111111111111110000
oldval = 11111111111111111111111111110000
pos1: 27 pos0: 31 posU: -1
newval = 11111111111111111111111111100000
1303890000 >> Requesting for the AHB bus...
1304690000 >> AHB granted, starting recovery...
1323890000 >> Recovery done, continuing...
1324265000 >> Requesting for the AHB bus...
1325065000 >> AHB granted, starting recovery...
1344265000 >> Recovery done, continuing...
1344815000 >> Requesting for the AHB bus...
1345615000 >> AHB granted, starting recovery...
1364815000 >> Recovery done, continuing...
1365190000 >> Requesting for the AHB bus...
1365990000 >> AHB granted, starting recovery...
1385190000 >> Recovery done, continuing...
1385565000 >> Requesting for the AHB bus...
1386365000 >> AHB granted, starting recovery...
1405565000 >> Recovery done, continuing...
1405940000 >> Requesting for the AHB bus...
1406740000 >> AHB granted, starting recovery...
1425940000 >> Recovery done, continuing...
1426315000 >> Requesting for the AHB bus...
1427115000 >> AHB granted, starting recovery...
1446315000 >> Recovery done, continuing...
1446690000 >> Requesting for the AHB bus...
1447665000 >> AHB granted, starting recovery...
1466865000 >> Recovery done, continuing...
1467240000 >> Requesting for the AHB bus...
1468040000 >> AHB granted, starting recovery...
1487240000 >> Recovery done, continuing...
1487615000 >> Requesting for the AHB bus...
1488415000 >> AHB granted, starting recovery...
1507615000 >> Recovery done, continuing...
1507990000 >> Requesting for the AHB bus...
1508790000 >> AHB granted, starting recovery...
1527990000 >> Recovery done, continuing...
1528365000 >> Requesting for the AHB bus...
1529165000 >> AHB granted, starting recovery...
1548365000 >> Recovery done, continuing...
1548740000 >> Requesting for the AHB bus...
1549540000 >> AHB granted, starting recovery...
1568740000 >> Recovery done, continuing...
1569115000 >> Requesting for the AHB bus...
1569915000 >> AHB granted, starting recovery...
1589115000 >> Recovery done, continuing...
1589490000 >> Requesting for the AHB bus...
1590290000 >> AHB granted, starting recovery...
1609490000 >> Recovery done, continuing...
1609865000 >> Requesting for the AHB bus...
1610665000 >> AHB granted, starting recovery...
1629865000 >> Recovery done, continuing...
1630240000 >> Requesting for the AHB bus...
1631040000 >> AHB granted, starting recovery...
1650240000 >> Recovery done, continuing...
1650615000 >> Requesting for the AHB bus...
1651415000 >> AHB granted, starting recovery...
1670615000 >> Recovery done, continuing...
1670990000 >> Requesting for the AHB bus...
1671965000 >> AHB granted, starting recovery...
1691165000 >> Recovery done, continuing...
1691540000 >> Requesting for the AHB bus...
1692340000 >> AHB granted, starting recovery...
1711540000 >> Recovery done, continuing...
1711915000 >> Requesting for the AHB bus...
1712715000 >> AHB granted, starting recovery...
1731915000 >> Recovery done, continuing...
1732290000 >> Requesting for the AHB bus...
1733090000 >> AHB granted, starting recovery...
1752290000 >> Recovery done, continuing...
1752665000 >> Requesting for the AHB bus...
1753465000 >> AHB granted, starting recovery...
1772665000 >> Recovery done, continuing...
1773040000 >> Requesting for the AHB bus...
1773840000 >> AHB granted, starting recovery...
1793040000 >> Recovery done, continuing...
1793415000 >> Requesting for the AHB bus...
1794215000 >> AHB granted, starting recovery...
1813415000 >> Recovery done, continuing...
1813790000 >> Requesting for the AHB bus...
1814590000 >> AHB granted, starting recovery...
1833790000 >> Recovery done, continuing...
1834165000 >> Requesting for the AHB bus...
1834965000 >> AHB granted, starting recovery...
1854165000 >> Recovery done, continuing...
1854540000 >> Requesting for the AHB bus...
1855340000 >> AHB granted, starting recovery...
1874540000 >> Recovery done, continuing...
1874915000 >> Requesting for the AHB bus...
1875715000 >> AHB granted, starting recovery...
1894915000 >> Recovery done, continuing...
1895290000 >> Requesting for the AHB bus...
1896090000 >> AHB granted, starting recovery...
1915290000 >> Recovery done, continuing...
1915665000 >> Requesting for the AHB bus...
1916465000 >> AHB granted, starting recovery...
1935665000 >> Recovery done, continuing...
1936040000 >> Requesting for the AHB bus...
1936840000 >> AHB granted, starting recovery...
1956040000 >> Recovery done, continuing...
1956415000 >> Requesting for the AHB bus...
1957215000 >> AHB granted, starting recovery...
1976415000 >> Recovery done, continuing...
1976790000 >> Requesting for the AHB bus...
1977590000 >> AHB granted, starting recovery...
1996790000 >> Recovery done, continuing...
1997165000 >> Requesting for the AHB bus...
1998140000 >> AHB granted, starting recovery...
2017340000 >> Recovery done, continuing...
2017715000 >> Requesting for the AHB bus...
2018515000 >> AHB granted, starting recovery...
2037715000 >> Recovery done, continuing...
2038090000 >> Requesting for the AHB bus...
2038890000 >> AHB granted, starting recovery...
2058090000 >> Recovery done, continuing...
2058465000 >> Requesting for the AHB bus...
2059265000 >> AHB granted, starting recovery...
2078465000 >> Recovery done, continuing...
2078840000 >> Requesting for the AHB bus...
2079640000 >> AHB granted, starting recovery...
2098840000 >> Recovery done, continuing...
2099215000 >> Requesting for the AHB bus...
2100015000 >> AHB granted, starting recovery...
2119215000 >> Recovery done, continuing...
2119590000 >> Requesting for the AHB bus...
2120390000 >> AHB granted, starting recovery...
2139590000 >> Recovery done, continuing...
2139965000 >> Requesting for the AHB bus...
2140765000 >> AHB granted, starting recovery...
2159965000 >> Recovery done, continuing...
2160340000 >> Requesting for the AHB bus...
2161140000 >> AHB granted, starting recovery...
2180340000 >> Recovery done, continuing...
2180715000 >> Requesting for the AHB bus...
2181515000 >> AHB granted, starting recovery...
2200715000 >> Recovery done, continuing...
2201090000 >> Requesting for the AHB bus...
2201890000 >> AHB granted, starting recovery...
2221090000 >> Recovery done, continuing...
2221615000 >> Requesting for the AHB bus...
2222415000 >> AHB granted, starting recovery...
2241615000 >> Recovery done, continuing...
2241990000 >> Requesting for the AHB bus...
2242790000 >> AHB granted, starting recovery...
2261990000 >> Recovery done, continuing...
2262365000 >> Requesting for the AHB bus...
2263165000 >> AHB granted, starting recovery...
2282365000 >> Recovery done, continuing...
2282740000 >> Requesting for the AHB bus...
2283540000 >> AHB granted, starting recovery...
2302740000 >> Recovery done, continuing...
2303115000 >> Requesting for the AHB bus...
2303915000 >> AHB granted, starting recovery...
2323115000 >> Recovery done, continuing...
2323490000 >> Requesting for the AHB bus...
2324465000 >> AHB granted, starting recovery...
2343665000 >> Recovery done, continuing...
2344040000 >> Requesting for the AHB bus...
2344840000 >> AHB granted, starting recovery...
2364040000 >> Recovery done, continuing...
2364415000 >> Requesting for the AHB bus...
2365215000 >> AHB granted, starting recovery...
2384415000 >> Recovery done, continuing...
2384790000 >> Requesting for the AHB bus...
2385590000 >> AHB granted, starting recovery...
2404790000 >> Recovery done, continuing...
2405165000 >> Requesting for the AHB bus...
2405965000 >> AHB granted, starting recovery...
2425165000 >> Recovery done, continuing...
2425540000 >> Requesting for the AHB bus...
2426340000 >> AHB granted, starting recovery...
2445540000 >> Recovery done, continuing...
2445915000 >> Requesting for the AHB bus...
2446715000 >> AHB granted, starting recovery...
2465915000 >> Recovery done, continuing...
2466290000 >> Requesting for the AHB bus...
2467090000 >> AHB granted, starting recovery...
2486290000 >> Recovery done, continuing...
2486665000 >> Requesting for the AHB bus...
2487465000 >> AHB granted, starting recovery...
2506665000 >> Recovery done, continuing...
2507040000 >> Requesting for the AHB bus...
2507840000 >> AHB granted, starting recovery...
2527040000 >> Recovery done, continuing...
2527415000 >> Requesting for the AHB bus...
2528215000 >> AHB granted, starting recovery...
2547415000 >> Recovery done, continuing...
2547790000 >> Requesting for the AHB bus...
2548765000 >> AHB granted, starting recovery...
2567965000 >> Recovery done, continuing...
2568340000 >> Requesting for the AHB bus...
2569140000 >> AHB granted, starting recovery...
2588340000 >> Recovery done, continuing...
2588715000 >> Requesting for the AHB bus...
2589515000 >> AHB granted, starting recovery...
2608715000 >> Recovery done, continuing...
2609090000 >> Requesting for the AHB bus...
2609890000 >> AHB granted, starting recovery...
2629090000 >> Recovery done, continuing...
2629465000 >> Requesting for the AHB bus...
2630265000 >> AHB granted, starting recovery...
2649465000 >> Recovery done, continuing...
2649840000 >> Requesting for the AHB bus...
2650640000 >> AHB granted, starting recovery...
2669840000 >> Recovery done, continuing...
2670215000 >> Requesting for the AHB bus...
2671015000 >> AHB granted, starting recovery...
2690215000 >> Recovery done, continuing...
2690590000 >> Requesting for the AHB bus...
2691390000 >> AHB granted, starting recovery...
2710590000 >> Recovery done, continuing...
2710965000 >> Requesting for the AHB bus...
2711765000 >> AHB granted, starting recovery...
2730965000 >> Recovery done, continuing...
2731340000 >> Requesting for the AHB bus...
2732140000 >> AHB granted, starting recovery...
2751340000 >> Recovery done, continuing...
2751715000 >> Requesting for the AHB bus...
2752515000 >> AHB granted, starting recovery...
2771715000 >> Recovery done, continuing...
2772090000 >> Requesting for the AHB bus...
2772890000 >> AHB granted, starting recovery...
2792090000 >> Recovery done, continuing...
2792465000 >> Requesting for the AHB bus...
2793265000 >> AHB granted, starting recovery...
2812465000 >> Recovery done, continuing...
2812840000 >> Requesting for the AHB bus...
2813640000 >> AHB granted, starting recovery...
2832840000 >> Recovery done, continuing...
2833215000 >> Requesting for the AHB bus...
2834015000 >> AHB granted, starting recovery...
2853215000 >> Recovery done, continuing...
2853590000 >> Requesting for the AHB bus...
2854390000 >> AHB granted, starting recovery...
2873590000 >> Recovery done, continuing...
2873965000 >> Requesting for the AHB bus...
2874940000 >> AHB granted, starting recovery...
2894140000 >> Recovery done, continuing...
2894515000 >> Requesting for the AHB bus...
2895315000 >> AHB granted, starting recovery...
2914515000 >> Recovery done, continuing...
2914890000 >> Requesting for the AHB bus...
2915690000 >> AHB granted, starting recovery...
2934890000 >> Recovery done, continuing...
2935265000 >> Requesting for the AHB bus...
2936065000 >> AHB granted, starting recovery...
2955265000 >> Recovery done, continuing...
2955640000 >> Requesting for the AHB bus...
2956440000 >> AHB granted, starting recovery...
2975640000 >> Recovery done, continuing...
2976015000 >> Requesting for the AHB bus...
2976815000 >> AHB granted, starting recovery...
2996015000 >> Recovery done, continuing...
2996390000 >> Requesting for the AHB bus...
2997190000 >> AHB granted, starting recovery...
3016390000 >> Recovery done, continuing...
3016765000 >> Requesting for the AHB bus...
3017565000 >> AHB granted, starting recovery...
3036765000 >> Recovery done, continuing...
3037140000 >> Requesting for the AHB bus...
3037940000 >> AHB granted, starting recovery...
3057140000 >> Recovery done, continuing...
3057515000 >> Requesting for the AHB bus...
3058315000 >> AHB granted, starting recovery...
3077515000 >> Recovery done, continuing...
3077890000 >> Requesting for the AHB bus...
3078690000 >> AHB granted, starting recovery...
3097890000 >> Recovery done, continuing...
3098415000 >> Requesting for the AHB bus...
3099215000 >> AHB granted, starting recovery...
3118415000 >> Recovery done, continuing...
3118790000 >> Requesting for the AHB bus...
3119590000 >> AHB granted, starting recovery...
3138790000 >> Recovery done, continuing...
3139165000 >> Requesting for the AHB bus...
3139965000 >> AHB granted, starting recovery...
3159165000 >> Recovery done, continuing...
3159540000 >> Requesting for the AHB bus...
3160340000 >> AHB granted, starting recovery...
3179540000 >> Recovery done, continuing...
3179915000 >> Requesting for the AHB bus...
3180715000 >> AHB granted, starting recovery...
3199915000 >> Recovery done, continuing...
3200290000 >> Requesting for the AHB bus...
3201265000 >> AHB granted, starting recovery...
3220465000 >> Recovery done, continuing...
3220840000 >> Requesting for the AHB bus...
3221640000 >> AHB granted, starting recovery...
3240840000 >> Recovery done, continuing...
3241215000 >> Requesting for the AHB bus...
3242015000 >> AHB granted, starting recovery...
3261215000 >> Recovery done, continuing...
3261590000 >> Requesting for the AHB bus...
3262390000 >> AHB granted, starting recovery...
3281590000 >> Recovery done, continuing...
3281965000 >> Requesting for the AHB bus...
3282765000 >> AHB granted, starting recovery...
3301965000 >> Recovery done, continuing...
3302340000 >> Requesting for the AHB bus...
3303140000 >> AHB granted, starting recovery...
3322340000 >> Recovery done, continuing...
3322715000 >> Requesting for the AHB bus...
3323515000 >> AHB granted, starting recovery...
3342715000 >> Recovery done, continuing...
3343090000 >> Requesting for the AHB bus...
3343890000 >> AHB granted, starting recovery...
3363090000 >> Recovery done, continuing...
3363465000 >> Requesting for the AHB bus...
3364265000 >> AHB granted, starting recovery...
3383465000 >> Recovery done, continuing...
3383840000 >> Requesting for the AHB bus...
3384640000 >> AHB granted, starting recovery...
3403840000 >> Recovery done, continuing...
3404215000 >> Requesting for the AHB bus...
3405015000 >> AHB granted, starting recovery...
3424215000 >> Recovery done, continuing...
3424590000 >> Requesting for the AHB bus...
3425565000 >> AHB granted, starting recovery...
3444765000 >> Recovery done, continuing...
3445140000 >> Requesting for the AHB bus...
3445940000 >> AHB granted, starting recovery...
3465140000 >> Recovery done, continuing...
3465515000 >> Requesting for the AHB bus...
3466315000 >> AHB granted, starting recovery...
3485515000 >> Recovery done, continuing...
3485890000 >> Requesting for the AHB bus...
3486690000 >> AHB granted, starting recovery...
3505890000 >> Recovery done, continuing...
3506265000 >> Requesting for the AHB bus...
3507065000 >> AHB granted, starting recovery...
3526265000 >> Recovery done, continuing...
3526640000 >> Requesting for the AHB bus...
3527440000 >> AHB granted, starting recovery...
3546640000 >> Recovery done, continuing...
3547015000 >> Requesting for the AHB bus...
3547815000 >> AHB granted, starting recovery...
3567015000 >> Recovery done, continuing...
3567390000 >> Requesting for the AHB bus...
3568190000 >> AHB granted, starting recovery...
3587390000 >> Recovery done, continuing...
3587765000 >> Requesting for the AHB bus...
3588565000 >> AHB granted, starting recovery...
3607765000 >> Recovery done, continuing...
3608140000 >> Requesting for the AHB bus...
3608940000 >> AHB granted, starting recovery...
3628140000 >> Recovery done, continuing...
3628515000 >> Requesting for the AHB bus...
3629315000 >> AHB granted, starting recovery...
3648515000 >> Recovery done, continuing...
3648890000 >> Requesting for the AHB bus...
3649690000 >> AHB granted, starting recovery...
3668890000 >> Recovery done, continuing...
3669265000 >> Requesting for the AHB bus...
3670065000 >> AHB granted, starting recovery...
3689265000 >> Recovery done, continuing...
3689640000 >> Requesting for the AHB bus...
3690440000 >> AHB granted, starting recovery...
3709640000 >> Recovery done, continuing...
3710015000 >> Requesting for the AHB bus...
3710815000 >> AHB granted, starting recovery...
3730015000 >> Recovery done, continuing...
3730390000 >> Requesting for the AHB bus...
3731190000 >> AHB granted, starting recovery...
3750390000 >> Recovery done, continuing...
3750765000 >> Requesting for the AHB bus...
3751740000 >> AHB granted, starting recovery...
3770940000 >> Recovery done, continuing...
3771315000 >> Requesting for the AHB bus...
3772115000 >> AHB granted, starting recovery...
3791315000 >> Recovery done, continuing...
3791690000 >> Requesting for the AHB bus...
3792490000 >> AHB granted, starting recovery...
3811690000 >> Recovery done, continuing...
3812065000 >> Requesting for the AHB bus...
3812865000 >> AHB granted, starting recovery...
3832065000 >> Recovery done, continuing...
3832440000 >> Requesting for the AHB bus...
3833240000 >> AHB granted, starting recovery...
3852440000 >> Recovery done, continuing...
3852815000 >> Requesting for the AHB bus...
3853615000 >> AHB granted, starting recovery...
3872815000 >> Recovery done, continuing...
3873190000 >> Requesting for the AHB bus...
3873990000 >> AHB granted, starting recovery...
3893190000 >> Recovery done, continuing...
3893565000 >> Requesting for the AHB bus...
3894365000 >> AHB granted, starting recovery...
3913565000 >> Recovery done, continuing...
3913940000 >> Requesting for the AHB bus...
3914740000 >> AHB granted, starting recovery...
3933940000 >> Recovery done, continuing...
3934315000 >> Requesting for the AHB bus...
3935115000 >> AHB granted, starting recovery...
3954315000 >> Recovery done, continuing...
3954690000 >> Requesting for the AHB bus...
3955490000 >> AHB granted, starting recovery...
3974690000 >> Recovery done, continuing...
3975215000 >> Requesting for the AHB bus...
3976015000 >> AHB granted, starting recovery...
3995215000 >> Recovery done, continuing...
3995590000 >> Requesting for the AHB bus...
3996390000 >> AHB granted, starting recovery...
4015590000 >> Recovery done, continuing...
4015965000 >> Requesting for the AHB bus...
4016765000 >> AHB granted, starting recovery...
4035965000 >> Recovery done, continuing...
4036340000 >> Requesting for the AHB bus...
4037140000 >> AHB granted, starting recovery...
4056340000 >> Recovery done, continuing...
4056715000 >> Requesting for the AHB bus...
4057515000 >> AHB granted, starting recovery...
4076715000 >> Recovery done, continuing...
4077090000 >> Requesting for the AHB bus...
4078065000 >> AHB granted, starting recovery...
4097265000 >> Recovery done, continuing...
4097640000 >> Requesting for the AHB bus...
4098440000 >> AHB granted, starting recovery...
4117640000 >> Recovery done, continuing...
4118015000 >> Requesting for the AHB bus...
4118815000 >> AHB granted, starting recovery...
4138015000 >> Recovery done, continuing...
4138390000 >> Requesting for the AHB bus...
4139190000 >> AHB granted, starting recovery...
4158390000 >> Recovery done, continuing...
4158765000 >> Requesting for the AHB bus...
4159565000 >> AHB granted, starting recovery...
4178765000 >> Recovery done, continuing...
4179140000 >> Requesting for the AHB bus...
4179940000 >> AHB granted, starting recovery...
4199140000 >> Recovery done, continuing...
4199515000 >> Requesting for the AHB bus...
4200315000 >> AHB granted, starting recovery...
4219515000 >> Recovery done, continuing...
4219890000 >> Requesting for the AHB bus...
4220690000 >> AHB granted, starting recovery...
4239890000 >> Recovery done, continuing...
4240265000 >> Requesting for the AHB bus...
4241065000 >> AHB granted, starting recovery...
4260265000 >> Recovery done, continuing...
4260640000 >> Requesting for the AHB bus...
4261440000 >> AHB granted, starting recovery...
4280640000 >> Recovery done, continuing...
4281015000 >> Requesting for the AHB bus...
4281815000 >> AHB granted, starting recovery...
4301015000 >> Recovery done, continuing...
4301390000 >> Requesting for the AHB bus...
4302365000 >> AHB granted, starting recovery...
4321565000 >> Recovery done, continuing...
4321940000 >> Requesting for the AHB bus...
4322740000 >> AHB granted, starting recovery...
4341940000 >> Recovery done, continuing...
4342315000 >> Requesting for the AHB bus...
4343115000 >> AHB granted, starting recovery...
4362315000 >> Recovery done, continuing...
4362690000 >> Requesting for the AHB bus...
4363490000 >> AHB granted, starting recovery...
4382690000 >> Recovery done, continuing...
4383065000 >> Requesting for the AHB bus...
4383865000 >> AHB granted, starting recovery...
4403065000 >> Recovery done, continuing...
4403440000 >> Requesting for the AHB bus...
4404240000 >> AHB granted, starting recovery...
4423440000 >> Recovery done, continuing...
4423815000 >> Requesting for the AHB bus...
4424615000 >> AHB granted, starting recovery...
4443815000 >> Recovery done, continuing...
4444190000 >> Requesting for the AHB bus...
4444990000 >> AHB granted, starting recovery...
4464190000 >> Recovery done, continuing...
4464565000 >> Requesting for the AHB bus...
4465365000 >> AHB granted, starting recovery...
4484565000 >> Recovery done, continuing...
4484940000 >> Requesting for the AHB bus...
4485740000 >> AHB granted, starting recovery...
4504940000 >> Recovery done, continuing...
4505315000 >> Requesting for the AHB bus...
4506115000 >> AHB granted, starting recovery...
4525315000 >> Recovery done, continuing...
4525690000 >> Requesting for the AHB bus...
4526490000 >> AHB granted, starting recovery...
4545690000 >> Recovery done, continuing...
4546065000 >> Requesting for the AHB bus...
4546865000 >> AHB granted, starting recovery...
4566065000 >> Recovery done, continuing...
4566440000 >> Requesting for the AHB bus...
4567240000 >> AHB granted, starting recovery...
4586440000 >> Recovery done, continuing...
4586815000 >> Requesting for the AHB bus...
4587615000 >> AHB granted, starting recovery...
4606815000 >> Recovery done, continuing...
4607190000 >> Requesting for the AHB bus...
4607990000 >> AHB granted, starting recovery...
4627190000 >> Recovery done, continuing...
4627565000 >> Requesting for the AHB bus...
4628540000 >> AHB granted, starting recovery...
4647740000 >> Recovery done, continuing...
4648115000 >> Requesting for the AHB bus...
4648915000 >> AHB granted, starting recovery...
4668115000 >> Recovery done, continuing...
4668490000 >> Requesting for the AHB bus...
4669290000 >> AHB granted, starting recovery...
4688490000 >> Recovery done, continuing...
4688865000 >> Requesting for the AHB bus...
4689665000 >> AHB granted, starting recovery...
4708865000 >> Recovery done, continuing...
4709240000 >> Requesting for the AHB bus...
4710040000 >> AHB granted, starting recovery...
4729240000 >> Recovery done, continuing...
4729615000 >> Requesting for the AHB bus...
4730415000 >> AHB granted, starting recovery...
4749615000 >> Recovery done, continuing...
4749990000 >> Requesting for the AHB bus...
4750790000 >> AHB granted, starting recovery...
4769990000 >> Recovery done, continuing...
4770365000 >> Requesting for the AHB bus...
4771165000 >> AHB granted, starting recovery...
4790365000 >> Recovery done, continuing...
4790740000 >> Requesting for the AHB bus...
4791540000 >> AHB granted, starting recovery...
4810740000 >> Recovery done, continuing...
4811115000 >> Requesting for the AHB bus...
4811915000 >> AHB granted, starting recovery...
4831115000 >> Recovery done, continuing...
4831490000 >> Requesting for the AHB bus...
4832290000 >> AHB granted, starting recovery...
4851490000 >> Recovery done, continuing...
4852015000 >> Requesting for the AHB bus...
4852815000 >> AHB granted, starting recovery...
4872015000 >> Recovery done, continuing...
4872390000 >> Requesting for the AHB bus...
4873190000 >> AHB granted, starting recovery...
4892390000 >> Recovery done, continuing...
4892765000 >> Requesting for the AHB bus...
4893565000 >> AHB granted, starting recovery...
4912765000 >> Recovery done, continuing...
4913140000 >> Requesting for the AHB bus...
4913940000 >> AHB granted, starting recovery...
4933140000 >> Recovery done, continuing...
4933515000 >> Requesting for the AHB bus...
4934315000 >> AHB granted, starting recovery...
4953515000 >> Recovery done, continuing...
4953890000 >> Requesting for the AHB bus...
4954865000 >> AHB granted, starting recovery...
4974065000 >> Recovery done, continuing...
4974440000 >> Requesting for the AHB bus...
4975240000 >> AHB granted, starting recovery...
4994440000 >> Recovery done, continuing...
4994815000 >> Requesting for the AHB bus...
4995615000 >> AHB granted, starting recovery...
5014815000 >> Recovery done, continuing...
5015190000 >> Requesting for the AHB bus...
5015990000 >> AHB granted, starting recovery...
5035190000 >> Recovery done, continuing...
5035565000 >> Requesting for the AHB bus...
5036365000 >> AHB granted, starting recovery...
5055565000 >> Recovery done, continuing...
5055940000 >> Requesting for the AHB bus...
5056740000 >> AHB granted, starting recovery...
5075940000 >> Recovery done, continuing...
5076315000 >> Requesting for the AHB bus...
5077115000 >> AHB granted, starting recovery...
5096315000 >> Recovery done, continuing...
5096690000 >> Requesting for the AHB bus...
5097490000 >> AHB granted, starting recovery...
5116690000 >> Recovery done, continuing...
5117065000 >> Requesting for the AHB bus...
5117865000 >> AHB granted, starting recovery...
5137065000 >> Recovery done, continuing...
5137440000 >> Requesting for the AHB bus...
5138240000 >> AHB granted, starting recovery...
5157440000 >> Recovery done, continuing...
5157815000 >> Requesting for the AHB bus...
5158615000 >> AHB granted, starting recovery...
5177815000 >> Recovery done, continuing...
5178190000 >> Requesting for the AHB bus...
5179165000 >> AHB granted, starting recovery...
5198365000 >> Recovery done, continuing...
5198740000 >> Requesting for the AHB bus...
5199540000 >> AHB granted, starting recovery...
5218740000 >> Recovery done, continuing...
5219115000 >> Requesting for the AHB bus...
5219915000 >> AHB granted, starting recovery...
5239115000 >> Recovery done, continuing...
5239490000 >> Requesting for the AHB bus...
5240290000 >> AHB granted, starting recovery...
5259490000 >> Recovery done, continuing...
5259865000 >> Requesting for the AHB bus...
5260665000 >> AHB granted, starting recovery...
5279865000 >> Recovery done, continuing...
5280240000 >> Requesting for the AHB bus...
5281040000 >> AHB granted, starting recovery...
5300240000 >> Recovery done, continuing...
5300615000 >> Requesting for the AHB bus...
5301415000 >> AHB granted, starting recovery...
5320615000 >> Recovery done, continuing...
5320990000 >> Requesting for the AHB bus...
5321790000 >> AHB granted, starting recovery...
5340990000 >> Recovery done, continuing...
5341365000 >> Requesting for the AHB bus...
5342165000 >> AHB granted, starting recovery...
5361365000 >> Recovery done, continuing...
5361740000 >> Requesting for the AHB bus...
5362540000 >> AHB granted, starting recovery...
5381740000 >> Recovery done, continuing...
5382115000 >> Requesting for the AHB bus...
5382915000 >> AHB granted, starting recovery...
5402115000 >> Recovery done, continuing...
5402490000 >> Requesting for the AHB bus...
5403290000 >> AHB granted, starting recovery...
5422490000 >> Recovery done, continuing...
5422865000 >> Requesting for the AHB bus...
5423665000 >> AHB granted, starting recovery...
5442865000 >> Recovery done, continuing...
5443240000 >> Requesting for the AHB bus...
5444040000 >> AHB granted, starting recovery...
5463240000 >> Recovery done, continuing...
5463615000 >> Requesting for the AHB bus...
5464415000 >> AHB granted, starting recovery...
5483615000 >> Recovery done, continuing...
5483990000 >> Requesting for the AHB bus...
5484790000 >> AHB granted, starting recovery...
5503990000 >> Recovery done, continuing...
5504365000 >> Requesting for the AHB bus...
5505340000 >> AHB granted, starting recovery...
5524540000 >> Recovery done, continuing...
5524915000 >> Requesting for the AHB bus...
5525715000 >> AHB granted, starting recovery...
5544915000 >> Recovery done, continuing...
5545290000 >> Requesting for the AHB bus...
5546090000 >> AHB granted, starting recovery...
5565290000 >> Recovery done, continuing...
5565665000 >> Requesting for the AHB bus...
5566465000 >> AHB granted, starting recovery...
5585665000 >> Recovery done, continuing...
5586040000 >> Requesting for the AHB bus...
5586840000 >> AHB granted, starting recovery...
5606040000 >> Recovery done, continuing...
5606415000 >> Requesting for the AHB bus...
5607215000 >> AHB granted, starting recovery...
5626415000 >> Recovery done, continuing...
5626790000 >> Requesting for the AHB bus...
5627590000 >> AHB granted, starting recovery...
5646790000 >> Recovery done, continuing...
5647165000 >> Requesting for the AHB bus...
5647965000 >> AHB granted, starting recovery...
5667165000 >> Recovery done, continuing...
5667540000 >> Requesting for the AHB bus...
5668340000 >> AHB granted, starting recovery...
5687540000 >> Recovery done, continuing...
5687915000 >> Requesting for the AHB bus...
5688715000 >> AHB granted, starting recovery...
5707915000 >> Recovery done, continuing...
5708290000 >> Requesting for the AHB bus...
5709090000 >> AHB granted, starting recovery...
5728290000 >> Recovery done, continuing...
5728815000 >> Requesting for the AHB bus...
5729615000 >> AHB granted, starting recovery...
5745715000 >> time limit reached...
/testbench/cpu/l3/u0/leon3x0/vhdl/p0/iu/r.w.wreg:0
/testbench/cpu/l3/u0/leon3x0/vhdl/p0/iu/r.m.irqen:1
/testbench/cpu/l3/u0/leon3x0/vhdl/p0/iu/r.m.icc:0000
/testbench/cpu/l3/u0/leon3x0/vhdl/p0/iu/r.a.ticc:0
/testbench/cpu/l3/u0/leon3x0/vhdl/p0/iu/r.a.step:0
/testbench/cpu/l3/u0/leon3x0/vhdl/p0/iu/r.m.irqen2:1
/testbench/cpu/l3/u0/leon3x0/vhdl/p0/iu/r.d.pc:01000000000000000000001101101100
/testbench/cpu/l3/u0/leon3x0/vhdl/p0/iu/r.d.rexpl:{{00000000000000000000000000000000} {00} {0} 0 0 {0000000000000000000} 0 0 0 0 0 0}
/testbench/cpu/l3/u0/leon3x0/vhdl/p0/iu/r.d.mexc:0
/testbench/cpu/l3/u0/leon3x0/vhdl/p0/iu/r.a.aw:0
/testbench/cpu/l3/u0/leon3x0/vhdl/p0/iu/r.e.ctrl:{{01000000000000000000001101101000} {11000010000001111011111111110000} {00} {10000001} {000000} 0 0 1 0 0 1 1 0 0}
/testbench/cpu/l3/u0/leon3x0/vhdl/p0/iu/r.a.divstart:0
/testbench/cpu/l3/u0/leon3x0/vhdl/p0/iu/r.e.shleft:0
/testbench/cpu/l3/u0/leon3x0/vhdl/p0/iu/r.a.bp:0
/testbench/cpu/l3/u0/leon3x0/vhdl/p0/iu/r.w.twcwp:000
/testbench/cpu/l3/u0/leon3x0/vhdl/p0/iu/r.a.jmpl:0
/testbench/cpu/l3/u0/leon3x0/vhdl/p0/iu/r.m.casa:0
/testbench/cpu/l3/u0/leon3x0/vhdl/p0/iu/r.m.werr:0
/testbench/cpu/l3/u0/leon3x0/vhdl/p0/iu/r.e.su:1
/testbench/cpu/l3/u0/leon3x0/vhdl/p0/iu/r.e.et:1
/testbench/cpu/l3/u0/leon3x0/vhdl/p0/iu/r.a.ldcheck1:1
/testbench/cpu/l3/u0/leon3x0/vhdl/p0/iu/r.d.stwin:000
/testbench/cpu/l3/u0/leon3x0/vhdl/p0/iu/r.a.ldcheck2:1
/testbench/cpu/l3/u0/leon3x0/vhdl/p0/iu/r.x.intack:0
/testbench/cpu/l3/u0/leon3x0/vhdl/p0/iu/r.m.ctrl:{{01000000000000000000001101100100} {10000100000100000010000000001001} {00} {10000010} {000000} 0 0 1 0 0 0 1 0 0}
/testbench/cpu/l3/u0/leon3x0/vhdl/p0/iu/r.a.cwp:101
/testbench/cpu/l3/u0/leon3x0/vhdl/p0/iu/r.e.sari:0
/testbench/cpu/l3/u0/leon3x0/vhdl/p0/iu/r.d.paw:0
/testbench/cpu/l3/u0/leon3x0/vhdl/p0/iu/r.d.aw:0
/testbench/cpu/l3/u0/leon3x0/vhdl/p0/iu/r.d.awp:000
/testbench/cpu/l3/u0/leon3x0/vhdl/p0/iu/r.x.ctrl:{{01000000000000000000001101100000} {11000010001001111011111111110100} {01} {10000001} {000000} 0 0 0 0 0 0 0 0 0}
/testbench/cpu/l3/u0/leon3x0/vhdl/p0/iu/r.m.rexnalign:0
/testbench/cpu/l3/u0/leon3x0/vhdl/p0/iu/r.m.su:1
/testbench/cpu/l3/u0/leon3x0/vhdl/p0/iu/r.m.wcwp:0
/testbench/cpu/l3/u0/leon3x0/vhdl/p0/iu/r.d.divrdy:0
/testbench/cpu/l3/u0/leon3x0/vhdl/p0/iu/r.e.cwp:101
/testbench/cpu/l3/u0/leon3x0/vhdl/p0/iu/r.w.except:0
/testbench/cpu/l3/u0/leon3x0/vhdl/p0/iu/r.x.nerror:0
/testbench/cpu/l3/u0/leon3x0/vhdl/p0/iu/r.a.bpimiss:0
/testbench/cpu/l3/u0/leon3x0/vhdl/p0/iu/r.a.nobp:0
/testbench/cpu/l3/u0/leon3x0/vhdl/p0/iu/r.d.rexcnt:0
/testbench/cpu/l3/u0/leon3x0/vhdl/p0/iu/r.w.s:{{101} {0000} {00000000} {01000000000000000000} {00000010} {0000} 0 0 1 1 1 {00000000000000000000000000000000} {UUUUUUUUUUUUUUUUUUUUUUUUUUUUUUUU} 1 0 0 1 1 1 0 0 {000} {000} {111}}
/testbench/cpu/l3/u0/leon3x0/vhdl/p0/iu/r.d.pv:1
/testbench/cpu/l3/u0/leon3x0/vhdl/p0/iu/r.a.ldchkra:1
/testbench/cpu/l3/u0/leon3x0/vhdl/p0/iu/r.a.rfa1:10000010
/testbench/cpu/l3/u0/leon3x0/vhdl/p0/iu/r.a.rfa2:10000001
/testbench/cpu/l3/u0/leon3x0/vhdl/p0/iu/r.a.imm:00000000000000000000000000000001
/testbench/cpu/l3/u0/leon3x0/vhdl/p0/iu/r.w.wa:10000001
/testbench/cpu/l3/u0/leon3x0/vhdl/p0/iu/r.m.casaz:0
/testbench/cpu/l3/u0/leon3x0/vhdl/p0/iu/r.x.dci:{0 0 0 1 0 0 {10} {00001011}}
/testbench/cpu/l3/u0/leon3x0/vhdl/p0/iu/r.x.mac:0
/testbench/cpu/l3/u0/leon3x0/vhdl/p0/iu/r.m.divz:0
/testbench/cpu/l3/u0/leon3x0/vhdl/p0/iu/r.d.inst:{{10000100001000001000000000000001}}
/testbench/cpu/l3/u0/leon3x0/vhdl/p0/iu/r.e.rfe1:1
/testbench/cpu/l3/u0/leon3x0/vhdl/p0/iu/r.a.wovf:0
/testbench/cpu/l3/u0/leon3x0/vhdl/p0/iu/r.e.rfe2:0
/testbench/cpu/l3/u0/leon3x0/vhdl/p0/iu/r.e.op1:01000000000011111111111010100000
/testbench/cpu/l3/u0/leon3x0/vhdl/p0/iu/r.m.nalign:1
/testbench/cpu/l3/u0/leon3x0/vhdl/p0/iu/r.e.op2:11111111111111111111111111100000
/testbench/cpu/l3/u0/leon3x0/vhdl/p0/iu/r.d.rexen:0
/testbench/cpu/l3/u0/leon3x0/vhdl/p0/iu/r.a.ctrl:{{01000000000000000000001101101100} {10000100001000001000000000000001} {00} {10000010} {000000} 0 1 0 0 0 0 0 0 0}
/testbench/cpu/l3/u0/leon3x0/vhdl/p0/iu/r.x.ipend:0
/testbench/cpu/l3/u0/leon3x0/vhdl/p0/iu/r.e.ldbp1:0
/testbench/cpu/l3/u0/leon3x0/vhdl/p0/iu/r.e.aluadd:1
/testbench/cpu/l3/u0/leon3x0/vhdl/p0/iu/r.d.set:0
/testbench/cpu/l3/u0/leon3x0/vhdl/p0/iu/r.d.inull:0
/testbench/cpu/l3/u0/leon3x0/vhdl/p0/iu/r.e.ldbp2:0
/testbench/cpu/l3/u0/leon3x0/vhdl/p0/iu/r.d.cnt:00
/testbench/cpu/l3/u0/leon3x0/vhdl/p0/iu/r.a.su:1
/testbench/cpu/l3/u0/leon3x0/vhdl/p0/iu/r.a.et:1
/testbench/cpu/l3/u0/leon3x0/vhdl/p0/iu/r.e.mul:0
/testbench/cpu/l3/u0/leon3x0/vhdl/p0/iu/r.e.alusel:00
/testbench/cpu/l3/u0/leon3x0/vhdl/p0/iu/r.e.aw:U
/testbench/cpu/l3/u0/leon3x0/vhdl/p0/iu/r.e.mac:0
/testbench/cpu/l3/u0/leon3x0/vhdl/p0/iu/r.a.decill:0
/testbench/cpu/l3/u0/leon3x0/vhdl/p0/iu/r.x.icc:0000
/testbench/cpu/l3/u0/leon3x0/vhdl/p0/iu/r.x.result:00000000000000000000000000000101
/testbench/cpu/l3/u0/leon3x0/vhdl/p0/iu/r.e.bp:0
/testbench/cpu/l3/u0/leon3x0/vhdl/p0/iu/r.a.rs1:00010
/testbench/cpu/l3/u0/leon3x0/vhdl/p0/iu/r.e.jmpl:0
/testbench/cpu/l3/u0/leon3x0/vhdl/p0/iu/r.a.rsel1:010
/testbench/cpu/l3/u0/leon3x0/vhdl/p0/iu/r.x.y:00000000000000000000000000000000
/testbench/cpu/l3/u0/leon3x0/vhdl/p0/iu/r.a.rsel2:001
/testbench/cpu/l3/u0/leon3x0/vhdl/p0/iu/r.a.awp:000
/testbench/cpu/l3/u0/leon3x0/vhdl/p0/iu/r.a.paw:0
/testbench/cpu/l3/u0/leon3x0/vhdl/p0/iu/r.x.data:{{00000000000000000000000000000100}}
/testbench/cpu/l3/u0/leon3x0/vhdl/p0/iu/r.m.mul:0
/testbench/cpu/l3/u0/leon3x0/vhdl/p0/iu/r.e.rd:UUUUU
/testbench/cpu/l3/u0/leon3x0/vhdl/p0/iu/r.e.invop2:0
/testbench/cpu/l3/u0/leon3x0/vhdl/p0/iu/r.m.wawp:0
/testbench/cpu/l3/u0/leon3x0/vhdl/p0/iu/r.d.cwpmax:111
/testbench/cpu/l3/u0/leon3x0/vhdl/p0/iu/r.f.branch:0
/testbench/cpu/l3/u0/leon3x0/vhdl/p0/iu/r.d.pcheld:1
/testbench/cpu/l3/u0/leon3x0/vhdl/p0/iu/r.m.dci:{0 0 1 0 0 0 {10} {00001011}}
/testbench/cpu/l3/u0/leon3x0/vhdl/p0/iu/r.e.paw:U
/testbench/cpu/l3/u0/leon3x0/vhdl/p0/iu/r.e.awp:UUU
/testbench/cpu/l3/u0/leon3x0/vhdl/p0/iu/r.e.shcnt:10000
/testbench/cpu/l3/u0/leon3x0/vhdl/p0/iu/r.w.result:01000000000011111111111010010100
/testbench/cpu/l3/u0/leon3x0/vhdl/p0/iu/r.m.mac:0
/testbench/cpu/l3/u0/leon3x0/vhdl/p0/iu/r.m.y:00000000000000000000000000000000
/testbench/cpu/l3/u0/leon3x0/vhdl/p0/iu/r.d.cwp:101
/testbench/cpu/l3/u0/leon3x0/vhdl/p0/iu/r.x.laddr:01
/testbench/cpu/l3/u0/leon3x0/vhdl/p0/iu/r.e.mulstep:0
/testbench/cpu/l3/u0/leon3x0/vhdl/p0/iu/r.e.ymsb:0
/testbench/cpu/l3/u0/leon3x0/vhdl/p0/iu/r.d.rexbuf:00000000000000000000000000000000
/testbench/cpu/l3/u0/leon3x0/vhdl/p0/iu/r.x.npc:100
/testbench/cpu/l3/u0/leon3x0/vhdl/p0/iu/r.f.pc:01000000000000000000001101110000
/testbench/cpu/l3/u0/leon3x0/vhdl/p0/iu/r.d.annul:0
/testbench/cpu/l3/u0/leon3x0/vhdl/p0/iu/r.x.rstate:run
/testbench/cpu/l3/u0/leon3x0/vhdl/p0/iu/r.x.set:0
/testbench/cpu/l3/u0/leon3x0/vhdl/p0/iu/r.m.result:00000000000000000000000000001001
/testbench/cpu/l3/u0/leon3x0/vhdl/p0/iu/r.e.icc:UUUU
/testbench/cpu/l3/u0/leon3x0/vhdl/p0/iu/r.a.getpc:0
/testbench/cpu/l3/u0/leon3x0/vhdl/p0/iu/r.a.ldchkex:1
/testbench/cpu/l3/u0/leon3x0/vhdl/p0/iu/r.x.mexc:0
/testbench/cpu/l3/u0/leon3x0/vhdl/p0/iu/r.a.mulstart:0
/testbench/cpu/l3/u0/leon3x0/vhdl/p0/iu/r.d.rexpos:10
/testbench/cpu/l3/u0/leon3x0/vhdl/p0/iu/r.x.annul_all:0
/testbench/cpu/l3/u0/leon3x0/vhdl/p0/iu/r.e.aluop:000
/testbench/cpu/l3/u0/leon3x0/vhdl/p0/iu/r.x.debug:0
/testbench/cpu/l3/u0/leon3x0/vhdl/p0/iu/r.a.rfe1:0
/testbench/cpu/l3/u0/leon3x0/vhdl/p0/iu/r.d.step:0
/testbench/cpu/l3/u0/leon3x0/vhdl/p0/iu/r.a.rfe2:0
/testbench/cpu/l3/u0/leon3x0/vhdl/p0/iu/r.e.alucin:0
/testbench/cpu/l3/u0/leon3x0/vhdl/p0/iu/r.a.wunf:0
compare to golden: 1
======================================
progstatus: -2
execerr: 218
latent: 1
time limit!
>>>>>>>>>>>>>>> 5745715000
======================================
