Test signal = /testbench/cpu/l3/u0/leon3x0/vhdl/p0/iu/r.f.branch
oldval = 0
pos1: -1 pos0: 0 posU: -1
newval = 1
force in 2054370
586290000 >> iteration no: 0
1598340000 >> iteration no: 1
2610390000 >> iteration no: 2
Signal value: 0
oldval = 0
pos1: -1 pos0: 0 posU: -1
newval = 1
2636165000 >> Requesting for the AHB bus...
2636740000 >> AHB granted, starting recovery...
2655940000 >> Recovery done, continuing...
2656815000 >> Requesting for the AHB bus...
2657590000 >> AHB granted, starting recovery...
2676790000 >> Recovery done, continuing...
2677490000 >> Requesting for the AHB bus...
2678265000 >> AHB granted, starting recovery...
2697465000 >> Recovery done, continuing...
2698165000 >> Requesting for the AHB bus...
2698940000 >> AHB granted, starting recovery...
2718140000 >> Recovery done, continuing...
2718840000 >> Requesting for the AHB bus...
2719615000 >> AHB granted, starting recovery...
2738815000 >> Recovery done, continuing...
2739515000 >> Requesting for the AHB bus...
2740290000 >> AHB granted, starting recovery...
2759490000 >> Recovery done, continuing...
2760190000 >> Requesting for the AHB bus...
2760965000 >> AHB granted, starting recovery...
2780165000 >> Recovery done, continuing...
2780865000 >> Requesting for the AHB bus...
2781640000 >> AHB granted, starting recovery...
2800840000 >> Recovery done, continuing...
2801540000 >> Requesting for the AHB bus...
2802315000 >> AHB granted, starting recovery...
2821515000 >> Recovery done, continuing...
2822215000 >> Requesting for the AHB bus...
2822990000 >> AHB granted, starting recovery...
2842190000 >> Recovery done, continuing...
2842890000 >> Requesting for the AHB bus...
2843665000 >> AHB granted, starting recovery...
2862865000 >> Recovery done, continuing...
2863565000 >> Requesting for the AHB bus...
2864340000 >> AHB granted, starting recovery...
2883540000 >> Recovery done, continuing...
2884240000 >> Requesting for the AHB bus...
2885015000 >> AHB granted, starting recovery...
2904215000 >> Recovery done, continuing...
2904915000 >> Requesting for the AHB bus...
2905690000 >> AHB granted, starting recovery...
2924890000 >> Recovery done, continuing...
2925765000 >> Requesting for the AHB bus...
2926540000 >> AHB granted, starting recovery...
2945740000 >> Recovery done, continuing...
2946440000 >> Requesting for the AHB bus...
2947215000 >> AHB granted, starting recovery...
2966415000 >> Recovery done, continuing...
2967115000 >> Requesting for the AHB bus...
2967890000 >> AHB granted, starting recovery...
2987090000 >> Recovery done, continuing...
2987790000 >> Requesting for the AHB bus...
2988565000 >> AHB granted, starting recovery...
3007765000 >> Recovery done, continuing...
3008465000 >> Requesting for the AHB bus...
3009390000 >> AHB granted, starting recovery...
3028590000 >> Recovery done, continuing...
3029290000 >> Requesting for the AHB bus...
3030065000 >> AHB granted, starting recovery...
3049265000 >> Recovery done, continuing...
3049965000 >> Requesting for the AHB bus...
3050740000 >> AHB granted, starting recovery...
3069940000 >> Recovery done, continuing...
3070640000 >> Requesting for the AHB bus...
3071415000 >> AHB granted, starting recovery...
3090615000 >> Recovery done, continuing...
3091315000 >> Requesting for the AHB bus...
3092090000 >> AHB granted, starting recovery...
3111290000 >> Recovery done, continuing...
3111990000 >> Requesting for the AHB bus...
3112765000 >> AHB granted, starting recovery...
3131965000 >> Recovery done, continuing...
3132665000 >> Requesting for the AHB bus...
3133440000 >> AHB granted, starting recovery...
3152640000 >> Recovery done, continuing...
3153340000 >> Requesting for the AHB bus...
3154115000 >> AHB granted, starting recovery...
3173315000 >> Recovery done, continuing...
3174015000 >> Requesting for the AHB bus...
3174790000 >> AHB granted, starting recovery...
3193990000 >> Recovery done, continuing...
3194740000 >> Requesting for the AHB bus...
3195515000 >> AHB granted, starting recovery...
3214715000 >> Recovery done, continuing...
3215415000 >> Requesting for the AHB bus...
3216190000 >> AHB granted, starting recovery...
3235390000 >> Recovery done, continuing...
3236090000 >> Requesting for the AHB bus...
3236865000 >> AHB granted, starting recovery...
3256065000 >> Recovery done, continuing...
3256765000 >> Requesting for the AHB bus...
3257540000 >> AHB granted, starting recovery...
3276740000 >> Recovery done, continuing...
3277615000 >> Requesting for the AHB bus...
3278390000 >> AHB granted, starting recovery...
3297590000 >> Recovery done, continuing...
3298290000 >> Requesting for the AHB bus...
3299065000 >> AHB granted, starting recovery...
3318265000 >> Recovery done, continuing...
3318965000 >> Requesting for the AHB bus...
3319740000 >> AHB granted, starting recovery...
3338940000 >> Recovery done, continuing...
3339640000 >> Requesting for the AHB bus...
3340415000 >> AHB granted, starting recovery...
3359615000 >> Recovery done, continuing...
3360315000 >> Requesting for the AHB bus...
3361090000 >> AHB granted, starting recovery...
3380290000 >> Recovery done, continuing...
3380990000 >> Requesting for the AHB bus...
3381765000 >> AHB granted, starting recovery...
3400965000 >> Recovery done, continuing...
3401665000 >> Requesting for the AHB bus...
3402440000 >> AHB granted, starting recovery...
3421640000 >> Recovery done, continuing...
3422340000 >> Requesting for the AHB bus...
3423115000 >> AHB granted, starting recovery...
3442315000 >> Recovery done, continuing...
3443015000 >> Requesting for the AHB bus...
3443790000 >> AHB granted, starting recovery...
3462990000 >> Recovery done, continuing...
3463690000 >> Requesting for the AHB bus...
3464465000 >> AHB granted, starting recovery...
3483665000 >> Recovery done, continuing...
3484365000 >> Requesting for the AHB bus...
3485140000 >> AHB granted, starting recovery...
3504340000 >> Recovery done, continuing...
3505040000 >> Requesting for the AHB bus...
3505815000 >> AHB granted, starting recovery...
3525015000 >> Recovery done, continuing...
3525715000 >> Requesting for the AHB bus...
3526490000 >> AHB granted, starting recovery...
3545690000 >> Recovery done, continuing...
3546565000 >> Requesting for the AHB bus...
3547340000 >> AHB granted, starting recovery...
3566540000 >> Recovery done, continuing...
3567240000 >> Requesting for the AHB bus...
3568015000 >> AHB granted, starting recovery...
3587215000 >> Recovery done, continuing...
3587915000 >> Requesting for the AHB bus...
3588690000 >> AHB granted, starting recovery...
3607890000 >> Recovery done, continuing...
3608590000 >> Requesting for the AHB bus...
3609365000 >> AHB granted, starting recovery...
3628565000 >> Recovery done, continuing...
3629265000 >> Requesting for the AHB bus...
3630190000 >> AHB granted, starting recovery...
3649390000 >> Recovery done, continuing...
3650090000 >> Requesting for the AHB bus...
3650865000 >> AHB granted, starting recovery...
3670065000 >> Recovery done, continuing...
3670765000 >> Requesting for the AHB bus...
3671540000 >> AHB granted, starting recovery...
3690740000 >> Recovery done, continuing...
3691440000 >> Requesting for the AHB bus...
3692215000 >> AHB granted, starting recovery...
3711415000 >> Recovery done, continuing...
3712115000 >> Requesting for the AHB bus...
3712890000 >> AHB granted, starting recovery...
3732090000 >> Recovery done, continuing...
3732790000 >> Requesting for the AHB bus...
3733565000 >> AHB granted, starting recovery...
3752765000 >> Recovery done, continuing...
3753465000 >> Requesting for the AHB bus...
3754240000 >> AHB granted, starting recovery...
3773440000 >> Recovery done, continuing...
3774140000 >> Requesting for the AHB bus...
3774915000 >> AHB granted, starting recovery...
3794115000 >> Recovery done, continuing...
3794815000 >> Requesting for the AHB bus...
3795590000 >> AHB granted, starting recovery...
3814790000 >> Recovery done, continuing...
3815540000 >> Requesting for the AHB bus...
3816315000 >> AHB granted, starting recovery...
3835515000 >> Recovery done, continuing...
3836215000 >> Requesting for the AHB bus...
3836990000 >> AHB granted, starting recovery...
3856190000 >> Recovery done, continuing...
3856890000 >> Requesting for the AHB bus...
3857665000 >> AHB granted, starting recovery...
3876865000 >> Recovery done, continuing...
3877565000 >> Requesting for the AHB bus...
3878340000 >> AHB granted, starting recovery...
3897540000 >> Recovery done, continuing...
3898415000 >> Requesting for the AHB bus...
3899190000 >> AHB granted, starting recovery...
3918390000 >> Recovery done, continuing...
3919090000 >> Requesting for the AHB bus...
3919865000 >> AHB granted, starting recovery...
3939065000 >> Recovery done, continuing...
3939765000 >> Requesting for the AHB bus...
3940540000 >> AHB granted, starting recovery...
3959740000 >> Recovery done, continuing...
3960440000 >> Requesting for the AHB bus...
3961215000 >> AHB granted, starting recovery...
3980415000 >> Recovery done, continuing...
3981115000 >> Requesting for the AHB bus...
3981890000 >> AHB granted, starting recovery...
4001090000 >> Recovery done, continuing...
4001790000 >> Requesting for the AHB bus...
4002565000 >> AHB granted, starting recovery...
4021765000 >> Recovery done, continuing...
4022465000 >> Requesting for the AHB bus...
4023240000 >> AHB granted, starting recovery...
4042440000 >> Recovery done, continuing...
4043140000 >> Requesting for the AHB bus...
4043915000 >> AHB granted, starting recovery...
4063115000 >> Recovery done, continuing...
4063815000 >> Requesting for the AHB bus...
4064590000 >> AHB granted, starting recovery...
4083790000 >> Recovery done, continuing...
4084490000 >> Requesting for the AHB bus...
4085265000 >> AHB granted, starting recovery...
4104465000 >> Recovery done, continuing...
4105165000 >> Requesting for the AHB bus...
4105940000 >> AHB granted, starting recovery...
4125140000 >> Recovery done, continuing...
4125840000 >> Requesting for the AHB bus...
4126615000 >> AHB granted, starting recovery...
4145815000 >> Recovery done, continuing...
4146515000 >> Requesting for the AHB bus...
4147290000 >> AHB granted, starting recovery...
4166490000 >> Recovery done, continuing...
4167365000 >> Requesting for the AHB bus...
4168140000 >> AHB granted, starting recovery...
4187340000 >> Recovery done, continuing...
4188040000 >> Requesting for the AHB bus...
4188815000 >> AHB granted, starting recovery...
4208015000 >> Recovery done, continuing...
4208715000 >> Requesting for the AHB bus...
4209490000 >> AHB granted, starting recovery...
4228690000 >> Recovery done, continuing...
4229390000 >> Requesting for the AHB bus...
4230165000 >> AHB granted, starting recovery...
4249365000 >> Recovery done, continuing...
4250065000 >> Requesting for the AHB bus...
4250990000 >> AHB granted, starting recovery...
4270190000 >> Recovery done, continuing...
4270890000 >> Requesting for the AHB bus...
4271665000 >> AHB granted, starting recovery...
4290865000 >> Recovery done, continuing...
4291565000 >> Requesting for the AHB bus...
4292340000 >> AHB granted, starting recovery...
4311540000 >> Recovery done, continuing...
4312240000 >> Requesting for the AHB bus...
4313015000 >> AHB granted, starting recovery...
4332215000 >> Recovery done, continuing...
4332915000 >> Requesting for the AHB bus...
4333690000 >> AHB granted, starting recovery...
4352890000 >> Recovery done, continuing...
4353590000 >> Requesting for the AHB bus...
4354365000 >> AHB granted, starting recovery...
4373565000 >> Recovery done, continuing...
4374265000 >> Requesting for the AHB bus...
4375040000 >> AHB granted, starting recovery...
4394240000 >> Recovery done, continuing...
4394940000 >> Requesting for the AHB bus...
4395715000 >> AHB granted, starting recovery...
4414915000 >> Recovery done, continuing...
4415615000 >> Requesting for the AHB bus...
4416390000 >> AHB granted, starting recovery...
4435590000 >> Recovery done, continuing...
4436340000 >> Requesting for the AHB bus...
4437115000 >> AHB granted, starting recovery...
4456315000 >> Recovery done, continuing...
4457015000 >> Requesting for the AHB bus...
4457790000 >> AHB granted, starting recovery...
4476990000 >> Recovery done, continuing...
4477690000 >> Requesting for the AHB bus...
4478465000 >> AHB granted, starting recovery...
4497665000 >> Recovery done, continuing...
4498365000 >> Requesting for the AHB bus...
4499140000 >> AHB granted, starting recovery...
4518340000 >> Recovery done, continuing...
4519215000 >> Requesting for the AHB bus...
4519990000 >> AHB granted, starting recovery...
4539190000 >> Recovery done, continuing...
4539890000 >> Requesting for the AHB bus...
4540665000 >> AHB granted, starting recovery...
4559865000 >> Recovery done, continuing...
4560565000 >> Requesting for the AHB bus...
4561340000 >> AHB granted, starting recovery...
4580540000 >> Recovery done, continuing...
4581240000 >> Requesting for the AHB bus...
4582015000 >> AHB granted, starting recovery...
4601215000 >> Recovery done, continuing...
4601915000 >> Requesting for the AHB bus...
4602690000 >> AHB granted, starting recovery...
4621890000 >> Recovery done, continuing...
4622590000 >> Requesting for the AHB bus...
4623365000 >> AHB granted, starting recovery...
4642565000 >> Recovery done, continuing...
4643265000 >> Requesting for the AHB bus...
4644040000 >> AHB granted, starting recovery...
4663240000 >> Recovery done, continuing...
4663940000 >> Requesting for the AHB bus...
4664715000 >> AHB granted, starting recovery...
4683915000 >> Recovery done, continuing...
4684615000 >> Requesting for the AHB bus...
4685390000 >> AHB granted, starting recovery...
4704590000 >> Recovery done, continuing...
4705290000 >> Requesting for the AHB bus...
4706065000 >> AHB granted, starting recovery...
4725265000 >> Recovery done, continuing...
4725965000 >> Requesting for the AHB bus...
4726740000 >> AHB granted, starting recovery...
4745940000 >> Recovery done, continuing...
4746640000 >> Requesting for the AHB bus...
4747415000 >> AHB granted, starting recovery...
4766615000 >> Recovery done, continuing...
4767315000 >> Requesting for the AHB bus...
4768090000 >> AHB granted, starting recovery...
4787290000 >> Recovery done, continuing...
4788165000 >> Requesting for the AHB bus...
4788940000 >> AHB granted, starting recovery...
4808140000 >> Recovery done, continuing...
4808840000 >> Requesting for the AHB bus...
4809615000 >> AHB granted, starting recovery...
4828815000 >> Recovery done, continuing...
4829515000 >> Requesting for the AHB bus...
4830290000 >> AHB granted, starting recovery...
4849490000 >> Recovery done, continuing...
4850190000 >> Requesting for the AHB bus...
4850965000 >> AHB granted, starting recovery...
4870165000 >> Recovery done, continuing...
4870865000 >> Requesting for the AHB bus...
4871790000 >> AHB granted, starting recovery...
4890990000 >> Recovery done, continuing...
4891690000 >> Requesting for the AHB bus...
4892465000 >> AHB granted, starting recovery...
4911665000 >> Recovery done, continuing...
4912365000 >> Requesting for the AHB bus...
4913140000 >> AHB granted, starting recovery...
4932340000 >> Recovery done, continuing...
4933040000 >> Requesting for the AHB bus...
4933815000 >> AHB granted, starting recovery...
4953015000 >> Recovery done, continuing...
4953715000 >> Requesting for the AHB bus...
4954490000 >> AHB granted, starting recovery...
4973690000 >> Recovery done, continuing...
4974390000 >> Requesting for the AHB bus...
4975165000 >> AHB granted, starting recovery...
4994365000 >> Recovery done, continuing...
4995065000 >> Requesting for the AHB bus...
4995840000 >> AHB granted, starting recovery...
5015040000 >> Recovery done, continuing...
5015740000 >> Requesting for the AHB bus...
5016515000 >> AHB granted, starting recovery...
5035715000 >> Recovery done, continuing...
5036415000 >> Requesting for the AHB bus...
5037190000 >> AHB granted, starting recovery...
5056390000 >> Recovery done, continuing...
5057140000 >> Requesting for the AHB bus...
5057915000 >> AHB granted, starting recovery...
5077115000 >> Recovery done, continuing...
5077815000 >> Requesting for the AHB bus...
5078590000 >> AHB granted, starting recovery...
5097790000 >> Recovery done, continuing...
5098490000 >> Requesting for the AHB bus...
5099265000 >> AHB granted, starting recovery...
5118465000 >> Recovery done, continuing...
5119165000 >> Requesting for the AHB bus...
5119940000 >> AHB granted, starting recovery...
5139140000 >> Recovery done, continuing...
5140015000 >> Requesting for the AHB bus...
5140790000 >> AHB granted, starting recovery...
5159990000 >> Recovery done, continuing...
5160690000 >> Requesting for the AHB bus...
5161465000 >> AHB granted, starting recovery...
5180665000 >> Recovery done, continuing...
5181365000 >> Requesting for the AHB bus...
5182140000 >> AHB granted, starting recovery...
5201340000 >> Recovery done, continuing...
5202040000 >> Requesting for the AHB bus...
5202815000 >> AHB granted, starting recovery...
5222015000 >> Recovery done, continuing...
5222715000 >> Requesting for the AHB bus...
5223490000 >> AHB granted, starting recovery...
5242690000 >> Recovery done, continuing...
5243390000 >> Requesting for the AHB bus...
5244165000 >> AHB granted, starting recovery...
5263365000 >> Recovery done, continuing...
5264065000 >> Requesting for the AHB bus...
5264840000 >> AHB granted, starting recovery...
5284040000 >> Recovery done, continuing...
5284740000 >> Requesting for the AHB bus...
5285515000 >> AHB granted, starting recovery...
5304715000 >> Recovery done, continuing...
5305415000 >> Requesting for the AHB bus...
5306190000 >> AHB granted, starting recovery...
5325390000 >> Recovery done, continuing...
5326090000 >> Requesting for the AHB bus...
5326865000 >> AHB granted, starting recovery...
5346065000 >> Recovery done, continuing...
5346765000 >> Requesting for the AHB bus...
5347540000 >> AHB granted, starting recovery...
5366740000 >> Recovery done, continuing...
5367440000 >> Requesting for the AHB bus...
5368215000 >> AHB granted, starting recovery...
5387415000 >> Recovery done, continuing...
5388115000 >> Requesting for the AHB bus...
5388890000 >> AHB granted, starting recovery...
5408090000 >> Recovery done, continuing...
5408965000 >> Requesting for the AHB bus...
5409740000 >> AHB granted, starting recovery...
5428940000 >> Recovery done, continuing...
5429640000 >> Requesting for the AHB bus...
5430415000 >> AHB granted, starting recovery...
5449615000 >> Recovery done, continuing...
5450315000 >> Requesting for the AHB bus...
5451090000 >> AHB granted, starting recovery...
5470290000 >> Recovery done, continuing...
5470990000 >> Requesting for the AHB bus...
5471765000 >> AHB granted, starting recovery...
5490965000 >> Recovery done, continuing...
5491665000 >> Requesting for the AHB bus...
5492590000 >> AHB granted, starting recovery...
5511790000 >> Recovery done, continuing...
5512490000 >> Requesting for the AHB bus...
5513265000 >> AHB granted, starting recovery...
5532465000 >> Recovery done, continuing...
5533165000 >> Requesting for the AHB bus...
5533940000 >> AHB granted, starting recovery...
5553140000 >> Recovery done, continuing...
5553840000 >> Requesting for the AHB bus...
5554615000 >> AHB granted, starting recovery...
5573815000 >> Recovery done, continuing...
5574515000 >> Requesting for the AHB bus...
5575290000 >> AHB granted, starting recovery...
5594490000 >> Recovery done, continuing...
5595190000 >> Requesting for the AHB bus...
5595965000 >> AHB granted, starting recovery...
5615165000 >> Recovery done, continuing...
5615865000 >> Requesting for the AHB bus...
5616640000 >> AHB granted, starting recovery...
5635840000 >> Recovery done, continuing...
5636540000 >> Requesting for the AHB bus...
5637315000 >> AHB granted, starting recovery...
5656515000 >> Recovery done, continuing...
5657215000 >> Requesting for the AHB bus...
5657990000 >> AHB granted, starting recovery...
5677190000 >> Recovery done, continuing...
5677940000 >> Requesting for the AHB bus...
5678715000 >> AHB granted, starting recovery...
5697915000 >> Recovery done, continuing...
5698615000 >> Requesting for the AHB bus...
5699390000 >> AHB granted, starting recovery...
5718590000 >> Recovery done, continuing...
5719290000 >> Requesting for the AHB bus...
5720065000 >> AHB granted, starting recovery...
5739265000 >> Recovery done, continuing...
5739965000 >> Requesting for the AHB bus...
5740740000 >> AHB granted, starting recovery...
5745715000 >> time limit reached...
/testbench/cpu/l3/u0/leon3x0/vhdl/p0/iu/r.w.wreg:1
/testbench/cpu/l3/u0/leon3x0/vhdl/p0/iu/r.m.irqen:1
/testbench/cpu/l3/u0/leon3x0/vhdl/p0/iu/r.m.icc:1001
/testbench/cpu/l3/u0/leon3x0/vhdl/p0/iu/r.a.ticc:0
/testbench/cpu/l3/u0/leon3x0/vhdl/p0/iu/r.a.step:0
/testbench/cpu/l3/u0/leon3x0/vhdl/p0/iu/r.m.irqen2:1
/testbench/cpu/l3/u0/leon3x0/vhdl/p0/iu/r.d.pc:01000000000000000000001010000100
/testbench/cpu/l3/u0/leon3x0/vhdl/p0/iu/r.d.rexpl:{{00000000000000000000000000000000} {00} {0} 0 0 {0000000000000000000} 0 0 0 0 0 0}
/testbench/cpu/l3/u0/leon3x0/vhdl/p0/iu/r.d.mexc:0
/testbench/cpu/l3/u0/leon3x0/vhdl/p0/iu/r.a.aw:0
/testbench/cpu/l3/u0/leon3x0/vhdl/p0/iu/r.e.ctrl:{{01000000000000000000001010000000} {11000010000001111011111111111100} {00} {10000001} {000000} 0 0 1 0 0 1 1 0 0}
/testbench/cpu/l3/u0/leon3x0/vhdl/p0/iu/r.a.divstart:0
/testbench/cpu/l3/u0/leon3x0/vhdl/p0/iu/r.e.shleft:0
/testbench/cpu/l3/u0/leon3x0/vhdl/p0/iu/r.a.bp:0
/testbench/cpu/l3/u0/leon3x0/vhdl/p0/iu/r.w.twcwp:000
/testbench/cpu/l3/u0/leon3x0/vhdl/p0/iu/r.a.jmpl:0
/testbench/cpu/l3/u0/leon3x0/vhdl/p0/iu/r.m.casa:0
/testbench/cpu/l3/u0/leon3x0/vhdl/p0/iu/r.m.werr:0
/testbench/cpu/l3/u0/leon3x0/vhdl/p0/iu/r.e.su:1
/testbench/cpu/l3/u0/leon3x0/vhdl/p0/iu/r.e.et:1
/testbench/cpu/l3/u0/leon3x0/vhdl/p0/iu/r.a.ldcheck1:1
/testbench/cpu/l3/u0/leon3x0/vhdl/p0/iu/r.d.stwin:000
/testbench/cpu/l3/u0/leon3x0/vhdl/p0/iu/r.a.ldcheck2:0
/testbench/cpu/l3/u0/leon3x0/vhdl/p0/iu/r.x.intack:0
/testbench/cpu/l3/u0/leon3x0/vhdl/p0/iu/r.m.ctrl:{{01000000000000000000001001111100} {11000010001001111011111111111100} {01} {10000001} {000000} 0 0 0 0 0 0 0 0 0}
/testbench/cpu/l3/u0/leon3x0/vhdl/p0/iu/r.a.cwp:101
/testbench/cpu/l3/u0/leon3x0/vhdl/p0/iu/r.e.sari:0
/testbench/cpu/l3/u0/leon3x0/vhdl/p0/iu/r.d.paw:0
/testbench/cpu/l3/u0/leon3x0/vhdl/p0/iu/r.d.aw:0
/testbench/cpu/l3/u0/leon3x0/vhdl/p0/iu/r.d.awp:000
/testbench/cpu/l3/u0/leon3x0/vhdl/p0/iu/r.x.ctrl:{{01000000000000000000001001111100} {11000010001001111011111111111100} {00} {10000001} {000000} 0 0 0 0 0 0 1 0 0}
/testbench/cpu/l3/u0/leon3x0/vhdl/p0/iu/r.m.rexnalign:0
/testbench/cpu/l3/u0/leon3x0/vhdl/p0/iu/r.m.su:1
/testbench/cpu/l3/u0/leon3x0/vhdl/p0/iu/r.m.wcwp:0
/testbench/cpu/l3/u0/leon3x0/vhdl/p0/iu/r.d.divrdy:0
/testbench/cpu/l3/u0/leon3x0/vhdl/p0/iu/r.e.cwp:101
/testbench/cpu/l3/u0/leon3x0/vhdl/p0/iu/r.w.except:0
/testbench/cpu/l3/u0/leon3x0/vhdl/p0/iu/r.x.nerror:0
/testbench/cpu/l3/u0/leon3x0/vhdl/p0/iu/r.a.bpimiss:0
/testbench/cpu/l3/u0/leon3x0/vhdl/p0/iu/r.a.nobp:0
/testbench/cpu/l3/u0/leon3x0/vhdl/p0/iu/r.d.rexcnt:0
/testbench/cpu/l3/u0/leon3x0/vhdl/p0/iu/r.w.s:{{101} {1001} {00000000} {01000000000000000000} {00000010} {0000} 0 0 1 1 1 {00000000000000000000000000000000} {UUUUUUUUUUUUUUUUUUUUUUUUUUUUUUUU} 1 0 0 1 1 1 0 0 {000} {000} {111}}
/testbench/cpu/l3/u0/leon3x0/vhdl/p0/iu/r.d.pv:1
/testbench/cpu/l3/u0/leon3x0/vhdl/p0/iu/r.a.ldchkra:1
/testbench/cpu/l3/u0/leon3x0/vhdl/p0/iu/r.a.rfa1:10000001
/testbench/cpu/l3/u0/leon3x0/vhdl/p0/iu/r.a.rfa2:01011001
/testbench/cpu/l3/u0/leon3x0/vhdl/p0/iu/r.a.imm:00000000000000000000000000001001
/testbench/cpu/l3/u0/leon3x0/vhdl/p0/iu/r.w.wa:10000001
/testbench/cpu/l3/u0/leon3x0/vhdl/p0/iu/r.m.casaz:1
/testbench/cpu/l3/u0/leon3x0/vhdl/p0/iu/r.x.dci:{0 1 0 0 0 0 {10} {00001011}}
/testbench/cpu/l3/u0/leon3x0/vhdl/p0/iu/r.x.mac:0
/testbench/cpu/l3/u0/leon3x0/vhdl/p0/iu/r.m.divz:0
/testbench/cpu/l3/u0/leon3x0/vhdl/p0/iu/r.d.inst:{{10000000101000000110000000001001}}
/testbench/cpu/l3/u0/leon3x0/vhdl/p0/iu/r.e.rfe1:1
/testbench/cpu/l3/u0/leon3x0/vhdl/p0/iu/r.a.wovf:0
/testbench/cpu/l3/u0/leon3x0/vhdl/p0/iu/r.e.rfe2:0
/testbench/cpu/l3/u0/leon3x0/vhdl/p0/iu/r.e.op1:01000000000011111111111010100000
/testbench/cpu/l3/u0/leon3x0/vhdl/p0/iu/r.m.nalign:0
/testbench/cpu/l3/u0/leon3x0/vhdl/p0/iu/r.e.op2:11111111111111111111111111111100
/testbench/cpu/l3/u0/leon3x0/vhdl/p0/iu/r.d.rexen:0
/testbench/cpu/l3/u0/leon3x0/vhdl/p0/iu/r.a.ctrl:{{01000000000000000000001010000100} {10000000101000000110000000001001} {00} {10000000} {000000} 0 1 0 0 0 0 0 0 0}
/testbench/cpu/l3/u0/leon3x0/vhdl/p0/iu/r.x.ipend:0
/testbench/cpu/l3/u0/leon3x0/vhdl/p0/iu/r.e.ldbp1:0
/testbench/cpu/l3/u0/leon3x0/vhdl/p0/iu/r.e.aluadd:1
/testbench/cpu/l3/u0/leon3x0/vhdl/p0/iu/r.d.set:0
/testbench/cpu/l3/u0/leon3x0/vhdl/p0/iu/r.d.inull:0
/testbench/cpu/l3/u0/leon3x0/vhdl/p0/iu/r.e.ldbp2:0
/testbench/cpu/l3/u0/leon3x0/vhdl/p0/iu/r.d.cnt:00
/testbench/cpu/l3/u0/leon3x0/vhdl/p0/iu/r.a.su:1
/testbench/cpu/l3/u0/leon3x0/vhdl/p0/iu/r.a.et:1
/testbench/cpu/l3/u0/leon3x0/vhdl/p0/iu/r.e.mul:0
/testbench/cpu/l3/u0/leon3x0/vhdl/p0/iu/r.e.alusel:00
/testbench/cpu/l3/u0/leon3x0/vhdl/p0/iu/r.e.aw:U
/testbench/cpu/l3/u0/leon3x0/vhdl/p0/iu/r.e.mac:0
/testbench/cpu/l3/u0/leon3x0/vhdl/p0/iu/r.a.decill:0
/testbench/cpu/l3/u0/leon3x0/vhdl/p0/iu/r.x.icc:1001
/testbench/cpu/l3/u0/leon3x0/vhdl/p0/iu/r.x.result:01000000000011111111111010011100
/testbench/cpu/l3/u0/leon3x0/vhdl/p0/iu/r.e.bp:0
/testbench/cpu/l3/u0/leon3x0/vhdl/p0/iu/r.a.rs1:00001
/testbench/cpu/l3/u0/leon3x0/vhdl/p0/iu/r.e.jmpl:0
/testbench/cpu/l3/u0/leon3x0/vhdl/p0/iu/r.a.rsel1:001
/testbench/cpu/l3/u0/leon3x0/vhdl/p0/iu/r.x.y:00000000000000000000000000000000
/testbench/cpu/l3/u0/leon3x0/vhdl/p0/iu/r.a.rsel2:100
/testbench/cpu/l3/u0/leon3x0/vhdl/p0/iu/r.a.awp:000
/testbench/cpu/l3/u0/leon3x0/vhdl/p0/iu/r.a.paw:0
/testbench/cpu/l3/u0/leon3x0/vhdl/p0/iu/r.x.data:{{00000000000000000000000000000011}}
/testbench/cpu/l3/u0/leon3x0/vhdl/p0/iu/r.m.mul:0
/testbench/cpu/l3/u0/leon3x0/vhdl/p0/iu/r.e.rd:UUUUU
/testbench/cpu/l3/u0/leon3x0/vhdl/p0/iu/r.e.invop2:0
/testbench/cpu/l3/u0/leon3x0/vhdl/p0/iu/r.m.wawp:0
/testbench/cpu/l3/u0/leon3x0/vhdl/p0/iu/r.d.cwpmax:111
/testbench/cpu/l3/u0/leon3x0/vhdl/p0/iu/r.f.branch:0
/testbench/cpu/l3/u0/leon3x0/vhdl/p0/iu/r.d.pcheld:1
/testbench/cpu/l3/u0/leon3x0/vhdl/p0/iu/r.m.dci:{0 0 0 1 0 0 {10} {00001011}}
/testbench/cpu/l3/u0/leon3x0/vhdl/p0/iu/r.e.paw:U
/testbench/cpu/l3/u0/leon3x0/vhdl/p0/iu/r.e.awp:UUU
/testbench/cpu/l3/u0/leon3x0/vhdl/p0/iu/r.e.shcnt:11100
/testbench/cpu/l3/u0/leon3x0/vhdl/p0/iu/r.w.result:00000000000000000000000000000100
/testbench/cpu/l3/u0/leon3x0/vhdl/p0/iu/r.m.mac:0
/testbench/cpu/l3/u0/leon3x0/vhdl/p0/iu/r.m.y:00000000000000000000000000000000
/testbench/cpu/l3/u0/leon3x0/vhdl/p0/iu/r.d.cwp:101
/testbench/cpu/l3/u0/leon3x0/vhdl/p0/iu/r.x.laddr:00
/testbench/cpu/l3/u0/leon3x0/vhdl/p0/iu/r.e.mulstep:0
/testbench/cpu/l3/u0/leon3x0/vhdl/p0/iu/r.e.ymsb:0
/testbench/cpu/l3/u0/leon3x0/vhdl/p0/iu/r.d.rexbuf:00000000000000000000000000000000
/testbench/cpu/l3/u0/leon3x0/vhdl/p0/iu/r.x.npc:100
/testbench/cpu/l3/u0/leon3x0/vhdl/p0/iu/r.f.pc:01000000000000000000001010001000
/testbench/cpu/l3/u0/leon3x0/vhdl/p0/iu/r.d.annul:0
/testbench/cpu/l3/u0/leon3x0/vhdl/p0/iu/r.x.rstate:run
/testbench/cpu/l3/u0/leon3x0/vhdl/p0/iu/r.x.set:0
/testbench/cpu/l3/u0/leon3x0/vhdl/p0/iu/r.m.result:00000000000000000000000000000100
/testbench/cpu/l3/u0/leon3x0/vhdl/p0/iu/r.e.icc:UUUU
/testbench/cpu/l3/u0/leon3x0/vhdl/p0/iu/r.a.getpc:0
/testbench/cpu/l3/u0/leon3x0/vhdl/p0/iu/r.a.ldchkex:1
/testbench/cpu/l3/u0/leon3x0/vhdl/p0/iu/r.x.mexc:0
/testbench/cpu/l3/u0/leon3x0/vhdl/p0/iu/r.a.mulstart:0
/testbench/cpu/l3/u0/leon3x0/vhdl/p0/iu/r.d.rexpos:10
/testbench/cpu/l3/u0/leon3x0/vhdl/p0/iu/r.x.annul_all:0
/testbench/cpu/l3/u0/leon3x0/vhdl/p0/iu/r.e.aluop:000
/testbench/cpu/l3/u0/leon3x0/vhdl/p0/iu/r.x.debug:0
/testbench/cpu/l3/u0/leon3x0/vhdl/p0/iu/r.a.rfe1:0
/testbench/cpu/l3/u0/leon3x0/vhdl/p0/iu/r.d.step:0
/testbench/cpu/l3/u0/leon3x0/vhdl/p0/iu/r.a.rfe2:0
/testbench/cpu/l3/u0/leon3x0/vhdl/p0/iu/r.e.alucin:0
/testbench/cpu/l3/u0/leon3x0/vhdl/p0/iu/r.a.wunf:0
compare to golden: 1
======================================
progstatus: -2
execerr: 151
latent: 1
time limit!
>>>>>>>>>>>>>>> 5745715000
======================================
