Test signal = /testbench/cpu/l3/u0/leon3x0/vhdl/p0/iu/r.a.rsel2
oldval = 101
pos1: 2 pos0: 1 posU: -1
newval = 100
force in 3893372
586290000 >> iteration no: 0
1598340000 >> iteration no: 1
2610390000 >> iteration no: 2
3622265000 >> iteration no: 3
Signal value: 100
oldval = 100
pos1: 0 pos0: 2 posU: -1
newval = 000
4475840000 >> Requesting for the AHB bus...
4476640000 >> AHB granted, starting recovery...
4495840000 >> Recovery done, continuing...
4496190000 >> Requesting for the AHB bus...
4496990000 >> AHB granted, starting recovery...
4516190000 >> Recovery done, continuing...
4516540000 >> Requesting for the AHB bus...
4517340000 >> AHB granted, starting recovery...
4536540000 >> Recovery done, continuing...
4536890000 >> Requesting for the AHB bus...
4537690000 >> AHB granted, starting recovery...
4556890000 >> Recovery done, continuing...
4557240000 >> Requesting for the AHB bus...
4558215000 >> AHB granted, starting recovery...
4577415000 >> Recovery done, continuing...
4577765000 >> Requesting for the AHB bus...
4578565000 >> AHB granted, starting recovery...
4597765000 >> Recovery done, continuing...
4598115000 >> Requesting for the AHB bus...
4598915000 >> AHB granted, starting recovery...
4618115000 >> Recovery done, continuing...
4618465000 >> Requesting for the AHB bus...
4619265000 >> AHB granted, starting recovery...
4638465000 >> Recovery done, continuing...
4638815000 >> Requesting for the AHB bus...
4639615000 >> AHB granted, starting recovery...
4658815000 >> Recovery done, continuing...
4659165000 >> Requesting for the AHB bus...
4659965000 >> AHB granted, starting recovery...
4679165000 >> Recovery done, continuing...
4679515000 >> Requesting for the AHB bus...
4680315000 >> AHB granted, starting recovery...
4699515000 >> Recovery done, continuing...
4699865000 >> Requesting for the AHB bus...
4700665000 >> AHB granted, starting recovery...
4719865000 >> Recovery done, continuing...
4720215000 >> Requesting for the AHB bus...
4721015000 >> AHB granted, starting recovery...
4740215000 >> Recovery done, continuing...
4740565000 >> Requesting for the AHB bus...
4741365000 >> AHB granted, starting recovery...
4760565000 >> Recovery done, continuing...
4760915000 >> Requesting for the AHB bus...
4761715000 >> AHB granted, starting recovery...
4780915000 >> Recovery done, continuing...
4781265000 >> Requesting for the AHB bus...
4782240000 >> AHB granted, starting recovery...
4801440000 >> Recovery done, continuing...
4801790000 >> Requesting for the AHB bus...
4802590000 >> AHB granted, starting recovery...
4821790000 >> Recovery done, continuing...
4822140000 >> Requesting for the AHB bus...
4822940000 >> AHB granted, starting recovery...
4842140000 >> Recovery done, continuing...
4842490000 >> Requesting for the AHB bus...
4843290000 >> AHB granted, starting recovery...
4862490000 >> Recovery done, continuing...
4862840000 >> Requesting for the AHB bus...
4863640000 >> AHB granted, starting recovery...
4882840000 >> Recovery done, continuing...
4883190000 >> Requesting for the AHB bus...
4883990000 >> AHB granted, starting recovery...
4903190000 >> Recovery done, continuing...
4903540000 >> Requesting for the AHB bus...
4904340000 >> AHB granted, starting recovery...
4923540000 >> Recovery done, continuing...
4923890000 >> Requesting for the AHB bus...
4924690000 >> AHB granted, starting recovery...
4943890000 >> Recovery done, continuing...
4944240000 >> Requesting for the AHB bus...
4945040000 >> AHB granted, starting recovery...
4964240000 >> Recovery done, continuing...
4964590000 >> Requesting for the AHB bus...
4965390000 >> AHB granted, starting recovery...
4984590000 >> Recovery done, continuing...
4984940000 >> Requesting for the AHB bus...
4985740000 >> AHB granted, starting recovery...
5004940000 >> Recovery done, continuing...
5005290000 >> Requesting for the AHB bus...
5006265000 >> AHB granted, starting recovery...
5025465000 >> Recovery done, continuing...
5025815000 >> Requesting for the AHB bus...
5026615000 >> AHB granted, starting recovery...
5045815000 >> Recovery done, continuing...
5046165000 >> Requesting for the AHB bus...
5046965000 >> AHB granted, starting recovery...
5066165000 >> Recovery done, continuing...
5066515000 >> Requesting for the AHB bus...
5067315000 >> AHB granted, starting recovery...
5086515000 >> Recovery done, continuing...
5086865000 >> Requesting for the AHB bus...
5087665000 >> AHB granted, starting recovery...
5106865000 >> Recovery done, continuing...
5107215000 >> Requesting for the AHB bus...
5108015000 >> AHB granted, starting recovery...
5127215000 >> Recovery done, continuing...
5127565000 >> Requesting for the AHB bus...
5128365000 >> AHB granted, starting recovery...
5147565000 >> Recovery done, continuing...
5147915000 >> Requesting for the AHB bus...
5148715000 >> AHB granted, starting recovery...
5167915000 >> Recovery done, continuing...
5168265000 >> Requesting for the AHB bus...
5169065000 >> AHB granted, starting recovery...
5188265000 >> Recovery done, continuing...
5188615000 >> Requesting for the AHB bus...
5189415000 >> AHB granted, starting recovery...
5208615000 >> Recovery done, continuing...
5208965000 >> Requesting for the AHB bus...
5209765000 >> AHB granted, starting recovery...
5228965000 >> Recovery done, continuing...
5229315000 >> Requesting for the AHB bus...
5230290000 >> AHB granted, starting recovery...
5249490000 >> Recovery done, continuing...
5249840000 >> Requesting for the AHB bus...
5250640000 >> AHB granted, starting recovery...
5269840000 >> Recovery done, continuing...
5270190000 >> Requesting for the AHB bus...
5270990000 >> AHB granted, starting recovery...
5290190000 >> Recovery done, continuing...
5290540000 >> Requesting for the AHB bus...
5291340000 >> AHB granted, starting recovery...
5310540000 >> Recovery done, continuing...
5310890000 >> Requesting for the AHB bus...
5311690000 >> AHB granted, starting recovery...
5330890000 >> Recovery done, continuing...
5331240000 >> Requesting for the AHB bus...
5332040000 >> AHB granted, starting recovery...
5351240000 >> Recovery done, continuing...
5351590000 >> Requesting for the AHB bus...
5352390000 >> AHB granted, starting recovery...
5371590000 >> Recovery done, continuing...
5371940000 >> Requesting for the AHB bus...
5372740000 >> AHB granted, starting recovery...
5391940000 >> Recovery done, continuing...
5392290000 >> Requesting for the AHB bus...
5393090000 >> AHB granted, starting recovery...
5412290000 >> Recovery done, continuing...
5412640000 >> Requesting for the AHB bus...
5413440000 >> AHB granted, starting recovery...
5432640000 >> Recovery done, continuing...
5432990000 >> Requesting for the AHB bus...
5433790000 >> AHB granted, starting recovery...
5452990000 >> Recovery done, continuing...
5453340000 >> Requesting for the AHB bus...
5454315000 >> AHB granted, starting recovery...
5473515000 >> Recovery done, continuing...
5473865000 >> Requesting for the AHB bus...
5474665000 >> AHB granted, starting recovery...
5493865000 >> Recovery done, continuing...
5494215000 >> Requesting for the AHB bus...
5495015000 >> AHB granted, starting recovery...
5514215000 >> Recovery done, continuing...
5514565000 >> Requesting for the AHB bus...
5515365000 >> AHB granted, starting recovery...
5534565000 >> Recovery done, continuing...
5534915000 >> Requesting for the AHB bus...
5535715000 >> AHB granted, starting recovery...
5554915000 >> Recovery done, continuing...
5555265000 >> Requesting for the AHB bus...
5556065000 >> AHB granted, starting recovery...
5575265000 >> Recovery done, continuing...
5575615000 >> Requesting for the AHB bus...
5576415000 >> AHB granted, starting recovery...
5595615000 >> Recovery done, continuing...
5595965000 >> Requesting for the AHB bus...
5596765000 >> AHB granted, starting recovery...
5615965000 >> Recovery done, continuing...
5616315000 >> Requesting for the AHB bus...
5617115000 >> AHB granted, starting recovery...
5636315000 >> Recovery done, continuing...
5636665000 >> Requesting for the AHB bus...
5637465000 >> AHB granted, starting recovery...
5656665000 >> Recovery done, continuing...
5657015000 >> Requesting for the AHB bus...
5657815000 >> AHB granted, starting recovery...
5677015000 >> Recovery done, continuing...
5677365000 >> Requesting for the AHB bus...
5678340000 >> AHB granted, starting recovery...
5697540000 >> Recovery done, continuing...
5697890000 >> Requesting for the AHB bus...
5698690000 >> AHB granted, starting recovery...
5717890000 >> Recovery done, continuing...
5718240000 >> Requesting for the AHB bus...
5719040000 >> AHB granted, starting recovery...
5738240000 >> Recovery done, continuing...
5738590000 >> Requesting for the AHB bus...
5739390000 >> AHB granted, starting recovery...
5745715000 >> time limit reached...
/testbench/cpu/l3/u0/leon3x0/vhdl/p0/iu/r.w.wreg:0
/testbench/cpu/l3/u0/leon3x0/vhdl/p0/iu/r.m.irqen:1
/testbench/cpu/l3/u0/leon3x0/vhdl/p0/iu/r.m.icc:0000
/testbench/cpu/l3/u0/leon3x0/vhdl/p0/iu/r.a.ticc:0
/testbench/cpu/l3/u0/leon3x0/vhdl/p0/iu/r.a.step:0
/testbench/cpu/l3/u0/leon3x0/vhdl/p0/iu/r.m.irqen2:1
/testbench/cpu/l3/u0/leon3x0/vhdl/p0/iu/r.d.pc:01000000000000000000001101000100
/testbench/cpu/l3/u0/leon3x0/vhdl/p0/iu/r.d.rexpl:{{00000000000000000000000000000000} {00} {0} 0 0 {0000000000000000000} 0 0 0 0 0 0}
/testbench/cpu/l3/u0/leon3x0/vhdl/p0/iu/r.d.mexc:0
/testbench/cpu/l3/u0/leon3x0/vhdl/p0/iu/r.a.aw:0
/testbench/cpu/l3/u0/leon3x0/vhdl/p0/iu/r.e.ctrl:{{01000000000000000000001101000000} {11000100000001111010000001000100} {00} {10000010} {000000} 0 0 1 0 0 1 1 0 0}
/testbench/cpu/l3/u0/leon3x0/vhdl/p0/iu/r.a.divstart:0
/testbench/cpu/l3/u0/leon3x0/vhdl/p0/iu/r.e.shleft:0
/testbench/cpu/l3/u0/leon3x0/vhdl/p0/iu/r.a.bp:0
/testbench/cpu/l3/u0/leon3x0/vhdl/p0/iu/r.w.twcwp:000
/testbench/cpu/l3/u0/leon3x0/vhdl/p0/iu/r.a.jmpl:0
/testbench/cpu/l3/u0/leon3x0/vhdl/p0/iu/r.m.casa:0
/testbench/cpu/l3/u0/leon3x0/vhdl/p0/iu/r.m.werr:0
/testbench/cpu/l3/u0/leon3x0/vhdl/p0/iu/r.e.su:1
/testbench/cpu/l3/u0/leon3x0/vhdl/p0/iu/r.e.et:1
/testbench/cpu/l3/u0/leon3x0/vhdl/p0/iu/r.a.ldcheck1:1
/testbench/cpu/l3/u0/leon3x0/vhdl/p0/iu/r.d.stwin:000
/testbench/cpu/l3/u0/leon3x0/vhdl/p0/iu/r.a.ldcheck2:1
/testbench/cpu/l3/u0/leon3x0/vhdl/p0/iu/r.x.intack:0
/testbench/cpu/l3/u0/leon3x0/vhdl/p0/iu/r.m.ctrl:{{01000000000000000000001100111100} {11000010000001111011111111111000} {00} {10000001} {000000} 0 0 1 0 0 1 1 0 0}
/testbench/cpu/l3/u0/leon3x0/vhdl/p0/iu/r.a.cwp:101
/testbench/cpu/l3/u0/leon3x0/vhdl/p0/iu/r.e.sari:0
/testbench/cpu/l3/u0/leon3x0/vhdl/p0/iu/r.d.paw:0
/testbench/cpu/l3/u0/leon3x0/vhdl/p0/iu/r.d.aw:0
/testbench/cpu/l3/u0/leon3x0/vhdl/p0/iu/r.d.awp:000
/testbench/cpu/l3/u0/leon3x0/vhdl/p0/iu/r.x.ctrl:{{01000000000000000000001100111000} {11000100001010000100000000000000} {01} {10000010} {000000} 0 0 0 0 0 0 0 0 0}
/testbench/cpu/l3/u0/leon3x0/vhdl/p0/iu/r.m.rexnalign:0
/testbench/cpu/l3/u0/leon3x0/vhdl/p0/iu/r.m.su:1
/testbench/cpu/l3/u0/leon3x0/vhdl/p0/iu/r.m.wcwp:0
/testbench/cpu/l3/u0/leon3x0/vhdl/p0/iu/r.d.divrdy:0
/testbench/cpu/l3/u0/leon3x0/vhdl/p0/iu/r.e.cwp:101
/testbench/cpu/l3/u0/leon3x0/vhdl/p0/iu/r.w.except:0
/testbench/cpu/l3/u0/leon3x0/vhdl/p0/iu/r.x.nerror:0
/testbench/cpu/l3/u0/leon3x0/vhdl/p0/iu/r.a.bpimiss:0
/testbench/cpu/l3/u0/leon3x0/vhdl/p0/iu/r.a.nobp:0
/testbench/cpu/l3/u0/leon3x0/vhdl/p0/iu/r.d.rexcnt:0
/testbench/cpu/l3/u0/leon3x0/vhdl/p0/iu/r.w.s:{{101} {0000} {00000000} {01000000000000000000} {00000010} {0000} 0 0 1 1 1 {00000000000000000000000000000000} {UUUUUUUUUUUUUUUUUUUUUUUUUUUUUUUU} 1 0 0 1 1 1 0 0 {000} {000} {111}}
/testbench/cpu/l3/u0/leon3x0/vhdl/p0/iu/r.d.pv:1
/testbench/cpu/l3/u0/leon3x0/vhdl/p0/iu/r.a.ldchkra:1
/testbench/cpu/l3/u0/leon3x0/vhdl/p0/iu/r.a.rfa1:10000010
/testbench/cpu/l3/u0/leon3x0/vhdl/p0/iu/r.a.rfa2:10000001
/testbench/cpu/l3/u0/leon3x0/vhdl/p0/iu/r.a.imm:00000000000000000000000000000001
/testbench/cpu/l3/u0/leon3x0/vhdl/p0/iu/r.w.wa:10000010
/testbench/cpu/l3/u0/leon3x0/vhdl/p0/iu/r.m.casaz:0
/testbench/cpu/l3/u0/leon3x0/vhdl/p0/iu/r.x.dci:{0 0 0 1 0 0 {00} {00001011}}
/testbench/cpu/l3/u0/leon3x0/vhdl/p0/iu/r.x.mac:0
/testbench/cpu/l3/u0/leon3x0/vhdl/p0/iu/r.m.divz:0
/testbench/cpu/l3/u0/leon3x0/vhdl/p0/iu/r.d.inst:{{10000010000000001000000000000001}}
/testbench/cpu/l3/u0/leon3x0/vhdl/p0/iu/r.e.rfe1:1
/testbench/cpu/l3/u0/leon3x0/vhdl/p0/iu/r.a.wovf:0
/testbench/cpu/l3/u0/leon3x0/vhdl/p0/iu/r.e.rfe2:0
/testbench/cpu/l3/u0/leon3x0/vhdl/p0/iu/r.e.op1:01000000000011111111111010100000
/testbench/cpu/l3/u0/leon3x0/vhdl/p0/iu/r.m.nalign:0
/testbench/cpu/l3/u0/leon3x0/vhdl/p0/iu/r.e.op2:00000000000000000000000001000100
/testbench/cpu/l3/u0/leon3x0/vhdl/p0/iu/r.d.rexen:0
/testbench/cpu/l3/u0/leon3x0/vhdl/p0/iu/r.a.ctrl:{{01000000000000000000001101000100} {10000010000000001000000000000001} {00} {10000001} {000000} 0 1 0 0 0 0 0 0 0}
/testbench/cpu/l3/u0/leon3x0/vhdl/p0/iu/r.x.ipend:0
/testbench/cpu/l3/u0/leon3x0/vhdl/p0/iu/r.e.ldbp1:0
/testbench/cpu/l3/u0/leon3x0/vhdl/p0/iu/r.e.aluadd:1
/testbench/cpu/l3/u0/leon3x0/vhdl/p0/iu/r.d.set:0
/testbench/cpu/l3/u0/leon3x0/vhdl/p0/iu/r.d.inull:0
/testbench/cpu/l3/u0/leon3x0/vhdl/p0/iu/r.e.ldbp2:0
/testbench/cpu/l3/u0/leon3x0/vhdl/p0/iu/r.d.cnt:00
/testbench/cpu/l3/u0/leon3x0/vhdl/p0/iu/r.a.su:1
/testbench/cpu/l3/u0/leon3x0/vhdl/p0/iu/r.a.et:1
/testbench/cpu/l3/u0/leon3x0/vhdl/p0/iu/r.e.mul:0
/testbench/cpu/l3/u0/leon3x0/vhdl/p0/iu/r.e.alusel:00
/testbench/cpu/l3/u0/leon3x0/vhdl/p0/iu/r.e.aw:U
/testbench/cpu/l3/u0/leon3x0/vhdl/p0/iu/r.e.mac:0
/testbench/cpu/l3/u0/leon3x0/vhdl/p0/iu/r.a.decill:0
/testbench/cpu/l3/u0/leon3x0/vhdl/p0/iu/r.x.icc:0000
/testbench/cpu/l3/u0/leon3x0/vhdl/p0/iu/r.x.result:00000000000000000000000000000000
/testbench/cpu/l3/u0/leon3x0/vhdl/p0/iu/r.e.bp:0
/testbench/cpu/l3/u0/leon3x0/vhdl/p0/iu/r.a.rs1:00010
/testbench/cpu/l3/u0/leon3x0/vhdl/p0/iu/r.e.jmpl:0
/testbench/cpu/l3/u0/leon3x0/vhdl/p0/iu/r.a.rsel1:001
/testbench/cpu/l3/u0/leon3x0/vhdl/p0/iu/r.x.y:00000000000000000000000000000000
/testbench/cpu/l3/u0/leon3x0/vhdl/p0/iu/r.a.rsel2:010
/testbench/cpu/l3/u0/leon3x0/vhdl/p0/iu/r.a.awp:000
/testbench/cpu/l3/u0/leon3x0/vhdl/p0/iu/r.a.paw:0
/testbench/cpu/l3/u0/leon3x0/vhdl/p0/iu/r.x.data:{{00000000000000000000000000000000}}
/testbench/cpu/l3/u0/leon3x0/vhdl/p0/iu/r.m.mul:0
/testbench/cpu/l3/u0/leon3x0/vhdl/p0/iu/r.e.rd:UUUUU
/testbench/cpu/l3/u0/leon3x0/vhdl/p0/iu/r.e.invop2:0
/testbench/cpu/l3/u0/leon3x0/vhdl/p0/iu/r.m.wawp:0
/testbench/cpu/l3/u0/leon3x0/vhdl/p0/iu/r.d.cwpmax:111
/testbench/cpu/l3/u0/leon3x0/vhdl/p0/iu/r.f.branch:0
/testbench/cpu/l3/u0/leon3x0/vhdl/p0/iu/r.d.pcheld:1
/testbench/cpu/l3/u0/leon3x0/vhdl/p0/iu/r.m.dci:{0 1 1 0 0 0 {10} {00001011}}
/testbench/cpu/l3/u0/leon3x0/vhdl/p0/iu/r.e.paw:U
/testbench/cpu/l3/u0/leon3x0/vhdl/p0/iu/r.e.awp:UUU
/testbench/cpu/l3/u0/leon3x0/vhdl/p0/iu/r.e.shcnt:00100
/testbench/cpu/l3/u0/leon3x0/vhdl/p0/iu/r.w.result:01000000000000000001111001001010
/testbench/cpu/l3/u0/leon3x0/vhdl/p0/iu/r.m.mac:0
/testbench/cpu/l3/u0/leon3x0/vhdl/p0/iu/r.m.y:00000000000000000000000000000000
/testbench/cpu/l3/u0/leon3x0/vhdl/p0/iu/r.d.cwp:101
/testbench/cpu/l3/u0/leon3x0/vhdl/p0/iu/r.x.laddr:00
/testbench/cpu/l3/u0/leon3x0/vhdl/p0/iu/r.e.mulstep:0
/testbench/cpu/l3/u0/leon3x0/vhdl/p0/iu/r.e.ymsb:0
/testbench/cpu/l3/u0/leon3x0/vhdl/p0/iu/r.d.rexbuf:00000000000000000000000000000000
/testbench/cpu/l3/u0/leon3x0/vhdl/p0/iu/r.x.npc:100
/testbench/cpu/l3/u0/leon3x0/vhdl/p0/iu/r.f.pc:01000000000000000000001101001000
/testbench/cpu/l3/u0/leon3x0/vhdl/p0/iu/r.d.annul:0
/testbench/cpu/l3/u0/leon3x0/vhdl/p0/iu/r.x.rstate:run
/testbench/cpu/l3/u0/leon3x0/vhdl/p0/iu/r.x.set:0
/testbench/cpu/l3/u0/leon3x0/vhdl/p0/iu/r.m.result:01000000000011111111111010100000
/testbench/cpu/l3/u0/leon3x0/vhdl/p0/iu/r.e.icc:UUUU
/testbench/cpu/l3/u0/leon3x0/vhdl/p0/iu/r.a.getpc:0
/testbench/cpu/l3/u0/leon3x0/vhdl/p0/iu/r.a.ldchkex:1
/testbench/cpu/l3/u0/leon3x0/vhdl/p0/iu/r.x.mexc:0
/testbench/cpu/l3/u0/leon3x0/vhdl/p0/iu/r.a.mulstart:0
/testbench/cpu/l3/u0/leon3x0/vhdl/p0/iu/r.d.rexpos:10
/testbench/cpu/l3/u0/leon3x0/vhdl/p0/iu/r.x.annul_all:0
/testbench/cpu/l3/u0/leon3x0/vhdl/p0/iu/r.e.aluop:000
/testbench/cpu/l3/u0/leon3x0/vhdl/p0/iu/r.x.debug:0
/testbench/cpu/l3/u0/leon3x0/vhdl/p0/iu/r.a.rfe1:0
/testbench/cpu/l3/u0/leon3x0/vhdl/p0/iu/r.d.step:0
/testbench/cpu/l3/u0/leon3x0/vhdl/p0/iu/r.a.rfe2:0
/testbench/cpu/l3/u0/leon3x0/vhdl/p0/iu/r.e.alucin:0
/testbench/cpu/l3/u0/leon3x0/vhdl/p0/iu/r.a.wunf:0
compare to golden: 1
======================================
progstatus: -2
execerr: 63
latent: 1
time limit!
>>>>>>>>>>>>>>> 5745715000
======================================
