Test signal = /testbench/cpu/l3/u0/leon3x0/vhdl/p0/iu/r.d.cwp
oldval = 111
pos1: 2 pos0: -1 posU: -1
newval = 110
force in 798882
586290000 >> iteration no: 0
Signal value: 101
oldval = 101
pos1: 2 pos0: 1 posU: -1
newval = 100
1381140000 >> Requesting for the AHB bus...
1381840000 >> Requesting for the AHB bus...
1382240000 >> AHB granted, starting recovery...
1401440000 >> Recovery done, continuing...
1401490000 >> Requesting for the AHB bus...
1402540000 >> AHB granted, starting recovery...
1421740000 >> Recovery done, continuing...
1421790000 >> Requesting for the AHB bus...
1422840000 >> AHB granted, starting recovery...
1442040000 >> Recovery done, continuing...
1442090000 >> Requesting for the AHB bus...
1443140000 >> AHB granted, starting recovery...
1462340000 >> Recovery done, continuing...
1462390000 >> Requesting for the AHB bus...
1463440000 >> AHB granted, starting recovery...
1482640000 >> Recovery done, continuing...
1482690000 >> Requesting for the AHB bus...
1483740000 >> AHB granted, starting recovery...
1502940000 >> Recovery done, continuing...
1502990000 >> Requesting for the AHB bus...
1504040000 >> AHB granted, starting recovery...
1523240000 >> Recovery done, continuing...
1523290000 >> Requesting for the AHB bus...
1524515000 >> AHB granted, starting recovery...
1543715000 >> Recovery done, continuing...
1543765000 >> Requesting for the AHB bus...
1544815000 >> AHB granted, starting recovery...
1564015000 >> Recovery done, continuing...
1564065000 >> Requesting for the AHB bus...
1565115000 >> AHB granted, starting recovery...
1584315000 >> Recovery done, continuing...
1584365000 >> Requesting for the AHB bus...
1585415000 >> AHB granted, starting recovery...
1604615000 >> Recovery done, continuing...
1604665000 >> Requesting for the AHB bus...
1605715000 >> AHB granted, starting recovery...
1624915000 >> Recovery done, continuing...
1624965000 >> Requesting for the AHB bus...
1626015000 >> AHB granted, starting recovery...
1645215000 >> Recovery done, continuing...
1645265000 >> Requesting for the AHB bus...
1646340000 >> AHB granted, starting recovery...
1665540000 >> Recovery done, continuing...
1665590000 >> Requesting for the AHB bus...
1666640000 >> AHB granted, starting recovery...
1685840000 >> Recovery done, continuing...
1685890000 >> Requesting for the AHB bus...
1686940000 >> AHB granted, starting recovery...
1706140000 >> Recovery done, continuing...
1706190000 >> Requesting for the AHB bus...
1707240000 >> AHB granted, starting recovery...
1726440000 >> Recovery done, continuing...
1726490000 >> Requesting for the AHB bus...
1727540000 >> AHB granted, starting recovery...
1746740000 >> Recovery done, continuing...
1746790000 >> Requesting for the AHB bus...
1747840000 >> AHB granted, starting recovery...
1767040000 >> Recovery done, continuing...
1767090000 >> Requesting for the AHB bus...
1768140000 >> AHB granted, starting recovery...
1787340000 >> Recovery done, continuing...
1787390000 >> Requesting for the AHB bus...
1788440000 >> AHB granted, starting recovery...
1807640000 >> Recovery done, continuing...
1807690000 >> Requesting for the AHB bus...
1808740000 >> AHB granted, starting recovery...
1827940000 >> Recovery done, continuing...
1827990000 >> Requesting for the AHB bus...
1829040000 >> AHB granted, starting recovery...
1848240000 >> Recovery done, continuing...
1848290000 >> Requesting for the AHB bus...
1849340000 >> AHB granted, starting recovery...
1868540000 >> Recovery done, continuing...
1868590000 >> Requesting for the AHB bus...
1869640000 >> AHB granted, starting recovery...
1888840000 >> Recovery done, continuing...
1888890000 >> Requesting for the AHB bus...
1889940000 >> AHB granted, starting recovery...
1909140000 >> Recovery done, continuing...
1909190000 >> Requesting for the AHB bus...
1910240000 >> AHB granted, starting recovery...
1929440000 >> Recovery done, continuing...
1929490000 >> Requesting for the AHB bus...
1930540000 >> AHB granted, starting recovery...
1949740000 >> Recovery done, continuing...
1949790000 >> Requesting for the AHB bus...
1950840000 >> AHB granted, starting recovery...
1970040000 >> Recovery done, continuing...
1970090000 >> Requesting for the AHB bus...
1971140000 >> AHB granted, starting recovery...
1990340000 >> Recovery done, continuing...
1990390000 >> Requesting for the AHB bus...
1991615000 >> AHB granted, starting recovery...
2010815000 >> Recovery done, continuing...
2010865000 >> Requesting for the AHB bus...
2011915000 >> AHB granted, starting recovery...
2031115000 >> Recovery done, continuing...
2031165000 >> Requesting for the AHB bus...
2032215000 >> AHB granted, starting recovery...
2051415000 >> Recovery done, continuing...
2051465000 >> Requesting for the AHB bus...
2052515000 >> AHB granted, starting recovery...
2071715000 >> Recovery done, continuing...
2071765000 >> Requesting for the AHB bus...
2072815000 >> AHB granted, starting recovery...
2092015000 >> Recovery done, continuing...
2092065000 >> Requesting for the AHB bus...
2093115000 >> AHB granted, starting recovery...
2112315000 >> Recovery done, continuing...
2112365000 >> Requesting for the AHB bus...
2113540000 >> AHB granted, starting recovery...
2132740000 >> Recovery done, continuing...
2132790000 >> Requesting for the AHB bus...
2133840000 >> AHB granted, starting recovery...
2153040000 >> Recovery done, continuing...
2153090000 >> Requesting for the AHB bus...
2154140000 >> AHB granted, starting recovery...
2173340000 >> Recovery done, continuing...
2173390000 >> Requesting for the AHB bus...
2174440000 >> AHB granted, starting recovery...
2193640000 >> Recovery done, continuing...
2193690000 >> Requesting for the AHB bus...
2194740000 >> AHB granted, starting recovery...
2213940000 >> Recovery done, continuing...
2213990000 >> Requesting for the AHB bus...
2215040000 >> AHB granted, starting recovery...
2234240000 >> Recovery done, continuing...
2234290000 >> Requesting for the AHB bus...
2235340000 >> AHB granted, starting recovery...
2254540000 >> Recovery done, continuing...
2254590000 >> Requesting for the AHB bus...
2255640000 >> AHB granted, starting recovery...
2274840000 >> Recovery done, continuing...
2274890000 >> Requesting for the AHB bus...
2275940000 >> AHB granted, starting recovery...
2295140000 >> Recovery done, continuing...
2295190000 >> Requesting for the AHB bus...
2296240000 >> AHB granted, starting recovery...
2315440000 >> Recovery done, continuing...
2315490000 >> Requesting for the AHB bus...
2316540000 >> AHB granted, starting recovery...
2335740000 >> Recovery done, continuing...
2335790000 >> Requesting for the AHB bus...
2336840000 >> AHB granted, starting recovery...
2356040000 >> Recovery done, continuing...
2356090000 >> Requesting for the AHB bus...
2357140000 >> AHB granted, starting recovery...
2376340000 >> Recovery done, continuing...
2376390000 >> Requesting for the AHB bus...
2377440000 >> AHB granted, starting recovery...
2396640000 >> Recovery done, continuing...
2396690000 >> Requesting for the AHB bus...
2397740000 >> AHB granted, starting recovery...
2416940000 >> Recovery done, continuing...
2416990000 >> Requesting for the AHB bus...
2418040000 >> AHB granted, starting recovery...
2437240000 >> Recovery done, continuing...
2437290000 >> Requesting for the AHB bus...
2438340000 >> AHB granted, starting recovery...
2457540000 >> Recovery done, continuing...
2457590000 >> Requesting for the AHB bus...
2458815000 >> AHB granted, starting recovery...
2478015000 >> Recovery done, continuing...
2478065000 >> Requesting for the AHB bus...
2479115000 >> AHB granted, starting recovery...
2498315000 >> Recovery done, continuing...
2498365000 >> Requesting for the AHB bus...
2499415000 >> AHB granted, starting recovery...
2518615000 >> Recovery done, continuing...
2518665000 >> Requesting for the AHB bus...
2519715000 >> AHB granted, starting recovery...
2538915000 >> Recovery done, continuing...
2538965000 >> Requesting for the AHB bus...
2540015000 >> AHB granted, starting recovery...
2559215000 >> Recovery done, continuing...
2559265000 >> Requesting for the AHB bus...
2560315000 >> AHB granted, starting recovery...
2579515000 >> Recovery done, continuing...
2579565000 >> Requesting for the AHB bus...
2580740000 >> AHB granted, starting recovery...
2599940000 >> Recovery done, continuing...
2599990000 >> Requesting for the AHB bus...
2601040000 >> AHB granted, starting recovery...
2620240000 >> Recovery done, continuing...
2620290000 >> Requesting for the AHB bus...
2621340000 >> AHB granted, starting recovery...
2640540000 >> Recovery done, continuing...
2640590000 >> Requesting for the AHB bus...
2641640000 >> AHB granted, starting recovery...
2660840000 >> Recovery done, continuing...
2660890000 >> Requesting for the AHB bus...
2661940000 >> AHB granted, starting recovery...
2681140000 >> Recovery done, continuing...
2681190000 >> Requesting for the AHB bus...
2682240000 >> AHB granted, starting recovery...
2701440000 >> Recovery done, continuing...
2701490000 >> Requesting for the AHB bus...
2702540000 >> AHB granted, starting recovery...
2721740000 >> Recovery done, continuing...
2721790000 >> Requesting for the AHB bus...
2722840000 >> AHB granted, starting recovery...
2742040000 >> Recovery done, continuing...
2742090000 >> Requesting for the AHB bus...
2743140000 >> AHB granted, starting recovery...
2762340000 >> Recovery done, continuing...
2762390000 >> Requesting for the AHB bus...
2763440000 >> AHB granted, starting recovery...
2782640000 >> Recovery done, continuing...
2782690000 >> Requesting for the AHB bus...
2783740000 >> AHB granted, starting recovery...
2802940000 >> Recovery done, continuing...
2802990000 >> Requesting for the AHB bus...
2804040000 >> AHB granted, starting recovery...
2823240000 >> Recovery done, continuing...
2823290000 >> Requesting for the AHB bus...
2824340000 >> AHB granted, starting recovery...
2843540000 >> Recovery done, continuing...
2843590000 >> Requesting for the AHB bus...
2844640000 >> AHB granted, starting recovery...
2863840000 >> Recovery done, continuing...
2863890000 >> Requesting for the AHB bus...
2864940000 >> AHB granted, starting recovery...
2884140000 >> Recovery done, continuing...
2884190000 >> Requesting for the AHB bus...
2885240000 >> AHB granted, starting recovery...
2904440000 >> Recovery done, continuing...
2904490000 >> Requesting for the AHB bus...
2905540000 >> AHB granted, starting recovery...
2924740000 >> Recovery done, continuing...
2924790000 >> Requesting for the AHB bus...
2926015000 >> AHB granted, starting recovery...
2945215000 >> Recovery done, continuing...
2945265000 >> Requesting for the AHB bus...
2946315000 >> AHB granted, starting recovery...
2965515000 >> Recovery done, continuing...
2965565000 >> Requesting for the AHB bus...
2966615000 >> AHB granted, starting recovery...
2985815000 >> Recovery done, continuing...
2985865000 >> Requesting for the AHB bus...
2986915000 >> AHB granted, starting recovery...
3006115000 >> Recovery done, continuing...
3006165000 >> Requesting for the AHB bus...
3007215000 >> AHB granted, starting recovery...
3026415000 >> Recovery done, continuing...
3026465000 >> Requesting for the AHB bus...
3027515000 >> AHB granted, starting recovery...
3046715000 >> Recovery done, continuing...
3046765000 >> Requesting for the AHB bus...
3047940000 >> AHB granted, starting recovery...
3067140000 >> Recovery done, continuing...
3067190000 >> Requesting for the AHB bus...
3068240000 >> AHB granted, starting recovery...
3087440000 >> Recovery done, continuing...
3087490000 >> Requesting for the AHB bus...
3088540000 >> AHB granted, starting recovery...
3107740000 >> Recovery done, continuing...
3107790000 >> Requesting for the AHB bus...
3108840000 >> AHB granted, starting recovery...
3128040000 >> Recovery done, continuing...
3128090000 >> Requesting for the AHB bus...
3129140000 >> AHB granted, starting recovery...
3148340000 >> Recovery done, continuing...
3148390000 >> Requesting for the AHB bus...
3149440000 >> AHB granted, starting recovery...
3168640000 >> Recovery done, continuing...
3168690000 >> Requesting for the AHB bus...
3169740000 >> AHB granted, starting recovery...
3188940000 >> Recovery done, continuing...
3188990000 >> Requesting for the AHB bus...
3190040000 >> AHB granted, starting recovery...
3209240000 >> Recovery done, continuing...
3209290000 >> Requesting for the AHB bus...
3210340000 >> AHB granted, starting recovery...
3229540000 >> Recovery done, continuing...
3229590000 >> Requesting for the AHB bus...
3230640000 >> AHB granted, starting recovery...
3249840000 >> Recovery done, continuing...
3249890000 >> Requesting for the AHB bus...
3250940000 >> AHB granted, starting recovery...
3270140000 >> Recovery done, continuing...
3270190000 >> Requesting for the AHB bus...
3271240000 >> AHB granted, starting recovery...
3290440000 >> Recovery done, continuing...
3290490000 >> Requesting for the AHB bus...
3291540000 >> AHB granted, starting recovery...
3310740000 >> Recovery done, continuing...
3310790000 >> Requesting for the AHB bus...
3311840000 >> AHB granted, starting recovery...
3331040000 >> Recovery done, continuing...
3331090000 >> Requesting for the AHB bus...
3332140000 >> AHB granted, starting recovery...
3351340000 >> Recovery done, continuing...
3351390000 >> Requesting for the AHB bus...
3352440000 >> AHB granted, starting recovery...
3371640000 >> Recovery done, continuing...
3371690000 >> Requesting for the AHB bus...
3372740000 >> AHB granted, starting recovery...
3391940000 >> Recovery done, continuing...
3391990000 >> Requesting for the AHB bus...
3393215000 >> AHB granted, starting recovery...
3412415000 >> Recovery done, continuing...
3412465000 >> Requesting for the AHB bus...
3413515000 >> AHB granted, starting recovery...
3432715000 >> Recovery done, continuing...
3432765000 >> Requesting for the AHB bus...
3433815000 >> AHB granted, starting recovery...
3453015000 >> Recovery done, continuing...
3453065000 >> Requesting for the AHB bus...
3454115000 >> AHB granted, starting recovery...
3473315000 >> Recovery done, continuing...
3473365000 >> Requesting for the AHB bus...
3474415000 >> AHB granted, starting recovery...
3493615000 >> Recovery done, continuing...
3493665000 >> Requesting for the AHB bus...
3494715000 >> AHB granted, starting recovery...
3513915000 >> Recovery done, continuing...
3513965000 >> Requesting for the AHB bus...
3515140000 >> AHB granted, starting recovery...
3534340000 >> Recovery done, continuing...
3534390000 >> Requesting for the AHB bus...
3535440000 >> AHB granted, starting recovery...
3554640000 >> Recovery done, continuing...
3554690000 >> Requesting for the AHB bus...
3555740000 >> AHB granted, starting recovery...
3574940000 >> Recovery done, continuing...
3574990000 >> Requesting for the AHB bus...
3576040000 >> AHB granted, starting recovery...
3595240000 >> Recovery done, continuing...
3595290000 >> Requesting for the AHB bus...
3596340000 >> AHB granted, starting recovery...
3615540000 >> Recovery done, continuing...
3615590000 >> Requesting for the AHB bus...
3616640000 >> AHB granted, starting recovery...
3635840000 >> Recovery done, continuing...
3635890000 >> Requesting for the AHB bus...
3636940000 >> AHB granted, starting recovery...
3656140000 >> Recovery done, continuing...
3656190000 >> Requesting for the AHB bus...
3657240000 >> AHB granted, starting recovery...
3676440000 >> Recovery done, continuing...
3676490000 >> Requesting for the AHB bus...
3677540000 >> AHB granted, starting recovery...
3696740000 >> Recovery done, continuing...
3696790000 >> Requesting for the AHB bus...
3697840000 >> AHB granted, starting recovery...
3717040000 >> Recovery done, continuing...
3717090000 >> Requesting for the AHB bus...
3718140000 >> AHB granted, starting recovery...
3737340000 >> Recovery done, continuing...
3737390000 >> Requesting for the AHB bus...
3738440000 >> AHB granted, starting recovery...
3757640000 >> Recovery done, continuing...
3757690000 >> Requesting for the AHB bus...
3758740000 >> AHB granted, starting recovery...
3777940000 >> Recovery done, continuing...
3777990000 >> Requesting for the AHB bus...
3779040000 >> AHB granted, starting recovery...
3798240000 >> Recovery done, continuing...
3798290000 >> Requesting for the AHB bus...
3799340000 >> AHB granted, starting recovery...
3818540000 >> Recovery done, continuing...
3818590000 >> Requesting for the AHB bus...
3819640000 >> AHB granted, starting recovery...
3838840000 >> Recovery done, continuing...
3838890000 >> Requesting for the AHB bus...
3839940000 >> AHB granted, starting recovery...
3859140000 >> Recovery done, continuing...
3859190000 >> Requesting for the AHB bus...
3860415000 >> AHB granted, starting recovery...
3879615000 >> Recovery done, continuing...
3879665000 >> Requesting for the AHB bus...
3880715000 >> AHB granted, starting recovery...
3899915000 >> Recovery done, continuing...
3899965000 >> Requesting for the AHB bus...
3901015000 >> AHB granted, starting recovery...
3920215000 >> Recovery done, continuing...
3920265000 >> Requesting for the AHB bus...
3921315000 >> AHB granted, starting recovery...
3940515000 >> Recovery done, continuing...
3940565000 >> Requesting for the AHB bus...
3941615000 >> AHB granted, starting recovery...
3960815000 >> Recovery done, continuing...
3960865000 >> Requesting for the AHB bus...
3961915000 >> AHB granted, starting recovery...
3981115000 >> Recovery done, continuing...
3981165000 >> Requesting for the AHB bus...
3982340000 >> AHB granted, starting recovery...
4001540000 >> Recovery done, continuing...
4001590000 >> Requesting for the AHB bus...
4002640000 >> AHB granted, starting recovery...
4021840000 >> Recovery done, continuing...
4021890000 >> Requesting for the AHB bus...
4022940000 >> AHB granted, starting recovery...
4042140000 >> Recovery done, continuing...
4042190000 >> Requesting for the AHB bus...
4043240000 >> AHB granted, starting recovery...
4062440000 >> Recovery done, continuing...
4062490000 >> Requesting for the AHB bus...
4063540000 >> AHB granted, starting recovery...
4082740000 >> Recovery done, continuing...
4082790000 >> Requesting for the AHB bus...
4083840000 >> AHB granted, starting recovery...
4103040000 >> Recovery done, continuing...
4103090000 >> Requesting for the AHB bus...
4104140000 >> AHB granted, starting recovery...
4123340000 >> Recovery done, continuing...
4123390000 >> Requesting for the AHB bus...
4124440000 >> AHB granted, starting recovery...
4143640000 >> Recovery done, continuing...
4143690000 >> Requesting for the AHB bus...
4144740000 >> AHB granted, starting recovery...
4163940000 >> Recovery done, continuing...
4163990000 >> Requesting for the AHB bus...
4165040000 >> AHB granted, starting recovery...
4184240000 >> Recovery done, continuing...
4184290000 >> Requesting for the AHB bus...
4185340000 >> AHB granted, starting recovery...
4204540000 >> Recovery done, continuing...
4204590000 >> Requesting for the AHB bus...
4205640000 >> AHB granted, starting recovery...
4224840000 >> Recovery done, continuing...
4224890000 >> Requesting for the AHB bus...
4225940000 >> AHB granted, starting recovery...
4245140000 >> Recovery done, continuing...
4245190000 >> Requesting for the AHB bus...
4246240000 >> AHB granted, starting recovery...
4265440000 >> Recovery done, continuing...
4265490000 >> Requesting for the AHB bus...
4266540000 >> AHB granted, starting recovery...
4285740000 >> Recovery done, continuing...
4285790000 >> Requesting for the AHB bus...
4286840000 >> AHB granted, starting recovery...
4306040000 >> Recovery done, continuing...
4306090000 >> Requesting for the AHB bus...
4307140000 >> AHB granted, starting recovery...
4326340000 >> Recovery done, continuing...
4326390000 >> Requesting for the AHB bus...
4327615000 >> AHB granted, starting recovery...
4346815000 >> Recovery done, continuing...
4346865000 >> Requesting for the AHB bus...
4347915000 >> AHB granted, starting recovery...
4367115000 >> Recovery done, continuing...
4367165000 >> Requesting for the AHB bus...
4368215000 >> AHB granted, starting recovery...
4387415000 >> Recovery done, continuing...
4387465000 >> Requesting for the AHB bus...
4388515000 >> AHB granted, starting recovery...
4407715000 >> Recovery done, continuing...
4407765000 >> Requesting for the AHB bus...
4408815000 >> AHB granted, starting recovery...
4428015000 >> Recovery done, continuing...
4428065000 >> Requesting for the AHB bus...
4429115000 >> AHB granted, starting recovery...
4448315000 >> Recovery done, continuing...
4448365000 >> Requesting for the AHB bus...
4449540000 >> AHB granted, starting recovery...
4468740000 >> Recovery done, continuing...
4468790000 >> Requesting for the AHB bus...
4469840000 >> AHB granted, starting recovery...
4489040000 >> Recovery done, continuing...
4489090000 >> Requesting for the AHB bus...
4490140000 >> AHB granted, starting recovery...
4509340000 >> Recovery done, continuing...
4509390000 >> Requesting for the AHB bus...
4510440000 >> AHB granted, starting recovery...
4529640000 >> Recovery done, continuing...
4529690000 >> Requesting for the AHB bus...
4530740000 >> AHB granted, starting recovery...
4549940000 >> Recovery done, continuing...
4549990000 >> Requesting for the AHB bus...
4551040000 >> AHB granted, starting recovery...
4570240000 >> Recovery done, continuing...
4570290000 >> Requesting for the AHB bus...
4571340000 >> AHB granted, starting recovery...
4590540000 >> Recovery done, continuing...
4590590000 >> Requesting for the AHB bus...
4591640000 >> AHB granted, starting recovery...
4610840000 >> Recovery done, continuing...
4610890000 >> Requesting for the AHB bus...
4611940000 >> AHB granted, starting recovery...
4631140000 >> Recovery done, continuing...
4631190000 >> Requesting for the AHB bus...
4632240000 >> AHB granted, starting recovery...
4651440000 >> Recovery done, continuing...
4651490000 >> Requesting for the AHB bus...
4652540000 >> AHB granted, starting recovery...
4671740000 >> Recovery done, continuing...
4671790000 >> Requesting for the AHB bus...
4672840000 >> AHB granted, starting recovery...
4692040000 >> Recovery done, continuing...
4692090000 >> Requesting for the AHB bus...
4693140000 >> AHB granted, starting recovery...
4712340000 >> Recovery done, continuing...
4712390000 >> Requesting for the AHB bus...
4713440000 >> AHB granted, starting recovery...
4732640000 >> Recovery done, continuing...
4732690000 >> Requesting for the AHB bus...
4733740000 >> AHB granted, starting recovery...
4752940000 >> Recovery done, continuing...
4752990000 >> Requesting for the AHB bus...
4754040000 >> AHB granted, starting recovery...
4773240000 >> Recovery done, continuing...
4773290000 >> Requesting for the AHB bus...
4774340000 >> AHB granted, starting recovery...
4793540000 >> Recovery done, continuing...
4793590000 >> Requesting for the AHB bus...
4794815000 >> AHB granted, starting recovery...
4814015000 >> Recovery done, continuing...
4814065000 >> Requesting for the AHB bus...
4815115000 >> AHB granted, starting recovery...
4834315000 >> Recovery done, continuing...
4834365000 >> Requesting for the AHB bus...
4835415000 >> AHB granted, starting recovery...
4854615000 >> Recovery done, continuing...
4854665000 >> Requesting for the AHB bus...
4855715000 >> AHB granted, starting recovery...
4874915000 >> Recovery done, continuing...
4874965000 >> Requesting for the AHB bus...
4876015000 >> AHB granted, starting recovery...
4895215000 >> Recovery done, continuing...
4895265000 >> Requesting for the AHB bus...
4896315000 >> AHB granted, starting recovery...
4915515000 >> Recovery done, continuing...
4915565000 >> Requesting for the AHB bus...
4916740000 >> AHB granted, starting recovery...
4935940000 >> Recovery done, continuing...
4935990000 >> Requesting for the AHB bus...
4937040000 >> AHB granted, starting recovery...
4956240000 >> Recovery done, continuing...
4956290000 >> Requesting for the AHB bus...
4957340000 >> AHB granted, starting recovery...
4976540000 >> Recovery done, continuing...
4976590000 >> Requesting for the AHB bus...
4977640000 >> AHB granted, starting recovery...
4996840000 >> Recovery done, continuing...
4996890000 >> Requesting for the AHB bus...
4997940000 >> AHB granted, starting recovery...
5017140000 >> Recovery done, continuing...
5017190000 >> Requesting for the AHB bus...
5018240000 >> AHB granted, starting recovery...
5037440000 >> Recovery done, continuing...
5037490000 >> Requesting for the AHB bus...
5038540000 >> AHB granted, starting recovery...
5057740000 >> Recovery done, continuing...
5057790000 >> Requesting for the AHB bus...
5058840000 >> AHB granted, starting recovery...
5078040000 >> Recovery done, continuing...
5078090000 >> Requesting for the AHB bus...
5079140000 >> AHB granted, starting recovery...
5098340000 >> Recovery done, continuing...
5098390000 >> Requesting for the AHB bus...
5099440000 >> AHB granted, starting recovery...
5118640000 >> Recovery done, continuing...
5118690000 >> Requesting for the AHB bus...
5119740000 >> AHB granted, starting recovery...
5138940000 >> Recovery done, continuing...
5138990000 >> Requesting for the AHB bus...
5140040000 >> AHB granted, starting recovery...
5159240000 >> Recovery done, continuing...
5159290000 >> Requesting for the AHB bus...
5160340000 >> AHB granted, starting recovery...
5179540000 >> Recovery done, continuing...
5179590000 >> Requesting for the AHB bus...
5180640000 >> AHB granted, starting recovery...
5199840000 >> Recovery done, continuing...
5199890000 >> Requesting for the AHB bus...
5200940000 >> AHB granted, starting recovery...
5220140000 >> Recovery done, continuing...
5220190000 >> Requesting for the AHB bus...
5221240000 >> AHB granted, starting recovery...
5240440000 >> Recovery done, continuing...
5240490000 >> Requesting for the AHB bus...
5241540000 >> AHB granted, starting recovery...
5260740000 >> Recovery done, continuing...
5260790000 >> Requesting for the AHB bus...
5262015000 >> AHB granted, starting recovery...
5281215000 >> Recovery done, continuing...
5281265000 >> Requesting for the AHB bus...
5282315000 >> AHB granted, starting recovery...
5301515000 >> Recovery done, continuing...
5301565000 >> Requesting for the AHB bus...
5302615000 >> AHB granted, starting recovery...
5321815000 >> Recovery done, continuing...
5321865000 >> Requesting for the AHB bus...
5322915000 >> AHB granted, starting recovery...
5342115000 >> Recovery done, continuing...
5342165000 >> Requesting for the AHB bus...
5343215000 >> AHB granted, starting recovery...
5362415000 >> Recovery done, continuing...
5362465000 >> Requesting for the AHB bus...
5363515000 >> AHB granted, starting recovery...
5382715000 >> Recovery done, continuing...
5382765000 >> Requesting for the AHB bus...
5383940000 >> AHB granted, starting recovery...
5403140000 >> Recovery done, continuing...
5403190000 >> Requesting for the AHB bus...
5404240000 >> AHB granted, starting recovery...
5423440000 >> Recovery done, continuing...
5423490000 >> Requesting for the AHB bus...
5424540000 >> AHB granted, starting recovery...
5443740000 >> Recovery done, continuing...
5443790000 >> Requesting for the AHB bus...
5444840000 >> AHB granted, starting recovery...
5464040000 >> Recovery done, continuing...
5464090000 >> Requesting for the AHB bus...
5465140000 >> AHB granted, starting recovery...
5484340000 >> Recovery done, continuing...
5484390000 >> Requesting for the AHB bus...
5485440000 >> AHB granted, starting recovery...
5504640000 >> Recovery done, continuing...
5504690000 >> Requesting for the AHB bus...
5505740000 >> AHB granted, starting recovery...
5524940000 >> Recovery done, continuing...
5524990000 >> Requesting for the AHB bus...
5526040000 >> AHB granted, starting recovery...
5545240000 >> Recovery done, continuing...
5545290000 >> Requesting for the AHB bus...
5546340000 >> AHB granted, starting recovery...
5565540000 >> Recovery done, continuing...
5565590000 >> Requesting for the AHB bus...
5566640000 >> AHB granted, starting recovery...
5585840000 >> Recovery done, continuing...
5585890000 >> Requesting for the AHB bus...
5586940000 >> AHB granted, starting recovery...
5606140000 >> Recovery done, continuing...
5606190000 >> Requesting for the AHB bus...
5607240000 >> AHB granted, starting recovery...
5626440000 >> Recovery done, continuing...
5626490000 >> Requesting for the AHB bus...
5627540000 >> AHB granted, starting recovery...
5646740000 >> Recovery done, continuing...
5646790000 >> Requesting for the AHB bus...
5647840000 >> AHB granted, starting recovery...
5667040000 >> Recovery done, continuing...
5667090000 >> Requesting for the AHB bus...
5668140000 >> AHB granted, starting recovery...
5687340000 >> Recovery done, continuing...
5687390000 >> Requesting for the AHB bus...
5688440000 >> AHB granted, starting recovery...
5707640000 >> Recovery done, continuing...
5707690000 >> Requesting for the AHB bus...
5708740000 >> AHB granted, starting recovery...
5727940000 >> Recovery done, continuing...
5727990000 >> Requesting for the AHB bus...
5729215000 >> AHB granted, starting recovery...
5745715000 >> time limit reached...
/testbench/cpu/l3/u0/leon3x0/vhdl/p0/iu/r.w.wreg:0
/testbench/cpu/l3/u0/leon3x0/vhdl/p0/iu/r.m.irqen:1
/testbench/cpu/l3/u0/leon3x0/vhdl/p0/iu/r.m.icc:0000
/testbench/cpu/l3/u0/leon3x0/vhdl/p0/iu/r.a.ticc:0
/testbench/cpu/l3/u0/leon3x0/vhdl/p0/iu/r.a.step:0
/testbench/cpu/l3/u0/leon3x0/vhdl/p0/iu/r.m.irqen2:1
/testbench/cpu/l3/u0/leon3x0/vhdl/p0/iu/r.d.pc:01000000000000000000001101100000
/testbench/cpu/l3/u0/leon3x0/vhdl/p0/iu/r.d.rexpl:{{00000000000000000000000000000000} {00} {0} 0 0 {0000000000000000000} 0 0 0 0 0 0}
/testbench/cpu/l3/u0/leon3x0/vhdl/p0/iu/r.d.mexc:0
/testbench/cpu/l3/u0/leon3x0/vhdl/p0/iu/r.a.aw:0
/testbench/cpu/l3/u0/leon3x0/vhdl/p0/iu/r.e.ctrl:{{01000000000000000000001101011100} {10000010000000000110000000000001} {00} {10000001} {000000} 0 1 0 0 0 0 0 0 0}
/testbench/cpu/l3/u0/leon3x0/vhdl/p0/iu/r.a.divstart:0
/testbench/cpu/l3/u0/leon3x0/vhdl/p0/iu/r.e.shleft:0
/testbench/cpu/l3/u0/leon3x0/vhdl/p0/iu/r.a.bp:0
/testbench/cpu/l3/u0/leon3x0/vhdl/p0/iu/r.w.twcwp:000
/testbench/cpu/l3/u0/leon3x0/vhdl/p0/iu/r.a.jmpl:0
/testbench/cpu/l3/u0/leon3x0/vhdl/p0/iu/r.m.casa:0
/testbench/cpu/l3/u0/leon3x0/vhdl/p0/iu/r.m.werr:0
/testbench/cpu/l3/u0/leon3x0/vhdl/p0/iu/r.e.su:1
/testbench/cpu/l3/u0/leon3x0/vhdl/p0/iu/r.e.et:1
/testbench/cpu/l3/u0/leon3x0/vhdl/p0/iu/r.a.ldcheck1:1
/testbench/cpu/l3/u0/leon3x0/vhdl/p0/iu/r.d.stwin:000
/testbench/cpu/l3/u0/leon3x0/vhdl/p0/iu/r.a.ldcheck2:0
/testbench/cpu/l3/u0/leon3x0/vhdl/p0/iu/r.x.intack:0
/testbench/cpu/l3/u0/leon3x0/vhdl/p0/iu/r.m.ctrl:{{01000000000000000000001101011000} {11000010000001111011111111110100} {00} {10000001} {000000} 0 0 1 0 0 1 1 0 0}
/testbench/cpu/l3/u0/leon3x0/vhdl/p0/iu/r.a.cwp:100
/testbench/cpu/l3/u0/leon3x0/vhdl/p0/iu/r.e.sari:0
/testbench/cpu/l3/u0/leon3x0/vhdl/p0/iu/r.d.paw:0
/testbench/cpu/l3/u0/leon3x0/vhdl/p0/iu/r.d.aw:0
/testbench/cpu/l3/u0/leon3x0/vhdl/p0/iu/r.d.awp:000
/testbench/cpu/l3/u0/leon3x0/vhdl/p0/iu/r.x.ctrl:{{01000000000000000000001101010100} {11000010001001111011111111101100} {01} {10000001} {000000} 0 0 0 0 0 0 0 0 0}
/testbench/cpu/l3/u0/leon3x0/vhdl/p0/iu/r.m.rexnalign:0
/testbench/cpu/l3/u0/leon3x0/vhdl/p0/iu/r.m.su:1
/testbench/cpu/l3/u0/leon3x0/vhdl/p0/iu/r.m.wcwp:0
/testbench/cpu/l3/u0/leon3x0/vhdl/p0/iu/r.d.divrdy:0
/testbench/cpu/l3/u0/leon3x0/vhdl/p0/iu/r.e.cwp:100
/testbench/cpu/l3/u0/leon3x0/vhdl/p0/iu/r.w.except:0
/testbench/cpu/l3/u0/leon3x0/vhdl/p0/iu/r.x.nerror:0
/testbench/cpu/l3/u0/leon3x0/vhdl/p0/iu/r.a.bpimiss:0
/testbench/cpu/l3/u0/leon3x0/vhdl/p0/iu/r.a.nobp:0
/testbench/cpu/l3/u0/leon3x0/vhdl/p0/iu/r.d.rexcnt:0
/testbench/cpu/l3/u0/leon3x0/vhdl/p0/iu/r.w.s:{{101} {0000} {00000000} {01000000000000000000} {00000010} {0000} 0 0 1 1 1 {00000000000000000000000000000000} {UUUUUUUUUUUUUUUUUUUUUUUUUUUUUUUU} 1 0 0 1 1 1 0 0 {000} {000} {111}}
/testbench/cpu/l3/u0/leon3x0/vhdl/p0/iu/r.d.pv:1
/testbench/cpu/l3/u0/leon3x0/vhdl/p0/iu/r.a.ldchkra:1
/testbench/cpu/l3/u0/leon3x0/vhdl/p0/iu/r.a.rfa1:10000001
/testbench/cpu/l3/u0/leon3x0/vhdl/p0/iu/r.a.rfa2:10000001
/testbench/cpu/l3/u0/leon3x0/vhdl/p0/iu/r.a.imm:00000000000000000000000000000001
/testbench/cpu/l3/u0/leon3x0/vhdl/p0/iu/r.w.wa:10000001
/testbench/cpu/l3/u0/leon3x0/vhdl/p0/iu/r.m.casaz:0
/testbench/cpu/l3/u0/leon3x0/vhdl/p0/iu/r.x.dci:{0 0 0 1 0 0 {10} {00001011}}
/testbench/cpu/l3/u0/leon3x0/vhdl/p0/iu/r.x.mac:0
/testbench/cpu/l3/u0/leon3x0/vhdl/p0/iu/r.m.divz:0
/testbench/cpu/l3/u0/leon3x0/vhdl/p0/iu/r.d.inst:{{00000000000000000000000000000000}}
/testbench/cpu/l3/u0/leon3x0/vhdl/p0/iu/r.e.rfe1:0
/testbench/cpu/l3/u0/leon3x0/vhdl/p0/iu/r.a.wovf:0
/testbench/cpu/l3/u0/leon3x0/vhdl/p0/iu/r.e.rfe2:0
/testbench/cpu/l3/u0/leon3x0/vhdl/p0/iu/r.e.op1:01000000000011111111111000011100
/testbench/cpu/l3/u0/leon3x0/vhdl/p0/iu/r.m.nalign:0
/testbench/cpu/l3/u0/leon3x0/vhdl/p0/iu/r.e.op2:00000000000000000000000000000001
/testbench/cpu/l3/u0/leon3x0/vhdl/p0/iu/r.d.rexen:0
/testbench/cpu/l3/u0/leon3x0/vhdl/p0/iu/r.a.ctrl:{{01000000000000000000001101011100} {10000010000000000110000000000001} {00} {10000001} {000000} 0 0 1 0 0 0 1 0 0}
/testbench/cpu/l3/u0/leon3x0/vhdl/p0/iu/r.x.ipend:0
/testbench/cpu/l3/u0/leon3x0/vhdl/p0/iu/r.e.ldbp1:0
/testbench/cpu/l3/u0/leon3x0/vhdl/p0/iu/r.e.aluadd:1
/testbench/cpu/l3/u0/leon3x0/vhdl/p0/iu/r.d.set:0
/testbench/cpu/l3/u0/leon3x0/vhdl/p0/iu/r.d.inull:0
/testbench/cpu/l3/u0/leon3x0/vhdl/p0/iu/r.e.ldbp2:0
/testbench/cpu/l3/u0/leon3x0/vhdl/p0/iu/r.d.cnt:00
/testbench/cpu/l3/u0/leon3x0/vhdl/p0/iu/r.a.su:1
/testbench/cpu/l3/u0/leon3x0/vhdl/p0/iu/r.a.et:1
/testbench/cpu/l3/u0/leon3x0/vhdl/p0/iu/r.e.mul:0
/testbench/cpu/l3/u0/leon3x0/vhdl/p0/iu/r.e.alusel:00
/testbench/cpu/l3/u0/leon3x0/vhdl/p0/iu/r.e.aw:U
/testbench/cpu/l3/u0/leon3x0/vhdl/p0/iu/r.e.mac:0
/testbench/cpu/l3/u0/leon3x0/vhdl/p0/iu/r.a.decill:0
/testbench/cpu/l3/u0/leon3x0/vhdl/p0/iu/r.x.icc:0000
/testbench/cpu/l3/u0/leon3x0/vhdl/p0/iu/r.x.result:00000000000000000000000000000001
/testbench/cpu/l3/u0/leon3x0/vhdl/p0/iu/r.e.bp:0
/testbench/cpu/l3/u0/leon3x0/vhdl/p0/iu/r.a.rs1:00001
/testbench/cpu/l3/u0/leon3x0/vhdl/p0/iu/r.e.jmpl:0
/testbench/cpu/l3/u0/leon3x0/vhdl/p0/iu/r.a.rsel1:010
/testbench/cpu/l3/u0/leon3x0/vhdl/p0/iu/r.x.y:00000000000000000000000000000000
/testbench/cpu/l3/u0/leon3x0/vhdl/p0/iu/r.a.rsel2:100
/testbench/cpu/l3/u0/leon3x0/vhdl/p0/iu/r.a.awp:000
/testbench/cpu/l3/u0/leon3x0/vhdl/p0/iu/r.a.paw:0
/testbench/cpu/l3/u0/leon3x0/vhdl/p0/iu/r.x.data:{{00000000000000000000000000000100}}
/testbench/cpu/l3/u0/leon3x0/vhdl/p0/iu/r.m.mul:0
/testbench/cpu/l3/u0/leon3x0/vhdl/p0/iu/r.e.rd:UUUUU
/testbench/cpu/l3/u0/leon3x0/vhdl/p0/iu/r.e.invop2:0
/testbench/cpu/l3/u0/leon3x0/vhdl/p0/iu/r.m.wawp:0
/testbench/cpu/l3/u0/leon3x0/vhdl/p0/iu/r.d.cwpmax:111
/testbench/cpu/l3/u0/leon3x0/vhdl/p0/iu/r.f.branch:0
/testbench/cpu/l3/u0/leon3x0/vhdl/p0/iu/r.d.pcheld:0
/testbench/cpu/l3/u0/leon3x0/vhdl/p0/iu/r.m.dci:{0 1 1 0 0 0 {10} {00001011}}
/testbench/cpu/l3/u0/leon3x0/vhdl/p0/iu/r.e.paw:U
/testbench/cpu/l3/u0/leon3x0/vhdl/p0/iu/r.e.awp:UUU
/testbench/cpu/l3/u0/leon3x0/vhdl/p0/iu/r.e.shcnt:00001
/testbench/cpu/l3/u0/leon3x0/vhdl/p0/iu/r.w.result:01000000000011111111111010001100
/testbench/cpu/l3/u0/leon3x0/vhdl/p0/iu/r.m.mac:0
/testbench/cpu/l3/u0/leon3x0/vhdl/p0/iu/r.m.y:00000000000000000000000000000000
/testbench/cpu/l3/u0/leon3x0/vhdl/p0/iu/r.d.cwp:100
/testbench/cpu/l3/u0/leon3x0/vhdl/p0/iu/r.x.laddr:01
/testbench/cpu/l3/u0/leon3x0/vhdl/p0/iu/r.e.mulstep:0
/testbench/cpu/l3/u0/leon3x0/vhdl/p0/iu/r.e.ymsb:0
/testbench/cpu/l3/u0/leon3x0/vhdl/p0/iu/r.d.rexbuf:00000000000000000000000000000000
/testbench/cpu/l3/u0/leon3x0/vhdl/p0/iu/r.x.npc:100
/testbench/cpu/l3/u0/leon3x0/vhdl/p0/iu/r.f.pc:01000000000000000000001101100100
/testbench/cpu/l3/u0/leon3x0/vhdl/p0/iu/r.d.annul:0
/testbench/cpu/l3/u0/leon3x0/vhdl/p0/iu/r.x.rstate:run
/testbench/cpu/l3/u0/leon3x0/vhdl/p0/iu/r.x.set:0
/testbench/cpu/l3/u0/leon3x0/vhdl/p0/iu/r.m.result:01000000000011111111111000011100
/testbench/cpu/l3/u0/leon3x0/vhdl/p0/iu/r.e.icc:UUUU
/testbench/cpu/l3/u0/leon3x0/vhdl/p0/iu/r.a.getpc:0
/testbench/cpu/l3/u0/leon3x0/vhdl/p0/iu/r.a.ldchkex:1
/testbench/cpu/l3/u0/leon3x0/vhdl/p0/iu/r.x.mexc:0
/testbench/cpu/l3/u0/leon3x0/vhdl/p0/iu/r.a.mulstart:0
/testbench/cpu/l3/u0/leon3x0/vhdl/p0/iu/r.d.rexpos:10
/testbench/cpu/l3/u0/leon3x0/vhdl/p0/iu/r.x.annul_all:0
/testbench/cpu/l3/u0/leon3x0/vhdl/p0/iu/r.e.aluop:000
/testbench/cpu/l3/u0/leon3x0/vhdl/p0/iu/r.x.debug:0
/testbench/cpu/l3/u0/leon3x0/vhdl/p0/iu/r.a.rfe1:0
/testbench/cpu/l3/u0/leon3x0/vhdl/p0/iu/r.d.step:0
/testbench/cpu/l3/u0/leon3x0/vhdl/p0/iu/r.a.rfe2:0
/testbench/cpu/l3/u0/leon3x0/vhdl/p0/iu/r.e.alucin:0
/testbench/cpu/l3/u0/leon3x0/vhdl/p0/iu/r.a.wunf:0
compare to golden: 1
======================================
progstatus: -2
execerr: 215
latent: 1
time limit!
>>>>>>>>>>>>>>> 5745715000
======================================
