Test signal = /testbench/cpu/l3/u0/leon3x0/vhdl/p0/iu/r.d.cwp
oldval = 111
pos1: 2 pos0: -1 posU: -1
newval = 110
force in 2640892
586290000 >> iteration no: 0
1598340000 >> iteration no: 1
2610390000 >> iteration no: 2
Signal value: 101
oldval = 101
pos1: 2 pos0: 1 posU: -1
newval = 100
3223090000 >> Requesting for the AHB bus...
3224190000 >> AHB granted, starting recovery...
3243390000 >> Recovery done, continuing...
3243440000 >> Requesting for the AHB bus...
3244490000 >> AHB granted, starting recovery...
3263690000 >> Recovery done, continuing...
3263740000 >> Requesting for the AHB bus...
3264790000 >> AHB granted, starting recovery...
3283990000 >> Recovery done, continuing...
3284040000 >> Requesting for the AHB bus...
3285090000 >> AHB granted, starting recovery...
3304290000 >> Recovery done, continuing...
3304340000 >> Requesting for the AHB bus...
3305390000 >> AHB granted, starting recovery...
3324590000 >> Recovery done, continuing...
3324640000 >> Requesting for the AHB bus...
3325690000 >> AHB granted, starting recovery...
3344890000 >> Recovery done, continuing...
3344940000 >> Requesting for the AHB bus...
3345990000 >> AHB granted, starting recovery...
3365190000 >> Recovery done, continuing...
3365240000 >> Requesting for the AHB bus...
3366290000 >> AHB granted, starting recovery...
3385490000 >> Recovery done, continuing...
3385540000 >> Requesting for the AHB bus...
3386590000 >> AHB granted, starting recovery...
3405790000 >> Recovery done, continuing...
3405840000 >> Requesting for the AHB bus...
3406890000 >> AHB granted, starting recovery...
3426090000 >> Recovery done, continuing...
3426140000 >> Requesting for the AHB bus...
3427190000 >> AHB granted, starting recovery...
3446390000 >> Recovery done, continuing...
3446440000 >> Requesting for the AHB bus...
3447490000 >> AHB granted, starting recovery...
3466690000 >> Recovery done, continuing...
3466740000 >> Requesting for the AHB bus...
3467790000 >> AHB granted, starting recovery...
3486990000 >> Recovery done, continuing...
3487040000 >> Requesting for the AHB bus...
3488090000 >> AHB granted, starting recovery...
3507290000 >> Recovery done, continuing...
3507340000 >> Requesting for the AHB bus...
3508565000 >> AHB granted, starting recovery...
3527765000 >> Recovery done, continuing...
3527815000 >> Requesting for the AHB bus...
3528865000 >> AHB granted, starting recovery...
3548065000 >> Recovery done, continuing...
3548115000 >> Requesting for the AHB bus...
3549165000 >> AHB granted, starting recovery...
3568365000 >> Recovery done, continuing...
3568415000 >> Requesting for the AHB bus...
3569465000 >> AHB granted, starting recovery...
3588665000 >> Recovery done, continuing...
3588715000 >> Requesting for the AHB bus...
3589765000 >> AHB granted, starting recovery...
3608965000 >> Recovery done, continuing...
3609015000 >> Requesting for the AHB bus...
3610065000 >> AHB granted, starting recovery...
3629265000 >> Recovery done, continuing...
3629315000 >> Requesting for the AHB bus...
3630365000 >> AHB granted, starting recovery...
3649565000 >> Recovery done, continuing...
3649615000 >> Requesting for the AHB bus...
3650665000 >> AHB granted, starting recovery...
3669865000 >> Recovery done, continuing...
3669915000 >> Requesting for the AHB bus...
3670965000 >> AHB granted, starting recovery...
3690165000 >> Recovery done, continuing...
3690215000 >> Requesting for the AHB bus...
3691265000 >> AHB granted, starting recovery...
3710465000 >> Recovery done, continuing...
3710515000 >> Requesting for the AHB bus...
3711565000 >> AHB granted, starting recovery...
3730765000 >> Recovery done, continuing...
3730815000 >> Requesting for the AHB bus...
3731865000 >> AHB granted, starting recovery...
3751065000 >> Recovery done, continuing...
3751115000 >> Requesting for the AHB bus...
3752165000 >> AHB granted, starting recovery...
3771365000 >> Recovery done, continuing...
3771415000 >> Requesting for the AHB bus...
3772465000 >> AHB granted, starting recovery...
3791665000 >> Recovery done, continuing...
3791715000 >> Requesting for the AHB bus...
3792765000 >> AHB granted, starting recovery...
3811965000 >> Recovery done, continuing...
3812015000 >> Requesting for the AHB bus...
3813065000 >> AHB granted, starting recovery...
3832265000 >> Recovery done, continuing...
3832315000 >> Requesting for the AHB bus...
3833365000 >> AHB granted, starting recovery...
3852565000 >> Recovery done, continuing...
3852615000 >> Requesting for the AHB bus...
3853665000 >> AHB granted, starting recovery...
3872865000 >> Recovery done, continuing...
3872915000 >> Requesting for the AHB bus...
3873965000 >> AHB granted, starting recovery...
3893165000 >> Recovery done, continuing...
3893215000 >> Requesting for the AHB bus...
3894265000 >> AHB granted, starting recovery...
3913465000 >> Recovery done, continuing...
3913515000 >> Requesting for the AHB bus...
3914565000 >> AHB granted, starting recovery...
3933765000 >> Recovery done, continuing...
3933815000 >> Requesting for the AHB bus...
3934865000 >> AHB granted, starting recovery...
3954065000 >> Recovery done, continuing...
3954115000 >> Requesting for the AHB bus...
3955165000 >> AHB granted, starting recovery...
3974365000 >> Recovery done, continuing...
3974415000 >> Requesting for the AHB bus...
3975640000 >> AHB granted, starting recovery...
3994840000 >> Recovery done, continuing...
3994890000 >> Requesting for the AHB bus...
3995940000 >> AHB granted, starting recovery...
4015140000 >> Recovery done, continuing...
4015190000 >> Requesting for the AHB bus...
4016240000 >> AHB granted, starting recovery...
4035440000 >> Recovery done, continuing...
4035490000 >> Requesting for the AHB bus...
4036540000 >> AHB granted, starting recovery...
4055740000 >> Recovery done, continuing...
4055790000 >> Requesting for the AHB bus...
4056840000 >> AHB granted, starting recovery...
4076040000 >> Recovery done, continuing...
4076090000 >> Requesting for the AHB bus...
4077140000 >> AHB granted, starting recovery...
4096340000 >> Recovery done, continuing...
4096390000 >> Requesting for the AHB bus...
4097540000 >> AHB granted, starting recovery...
4116740000 >> Recovery done, continuing...
4116790000 >> Requesting for the AHB bus...
4117840000 >> AHB granted, starting recovery...
4137040000 >> Recovery done, continuing...
4137090000 >> Requesting for the AHB bus...
4138140000 >> AHB granted, starting recovery...
4157340000 >> Recovery done, continuing...
4157390000 >> Requesting for the AHB bus...
4158440000 >> AHB granted, starting recovery...
4177640000 >> Recovery done, continuing...
4177690000 >> Requesting for the AHB bus...
4178740000 >> AHB granted, starting recovery...
4197940000 >> Recovery done, continuing...
4197990000 >> Requesting for the AHB bus...
4199040000 >> AHB granted, starting recovery...
4218240000 >> Recovery done, continuing...
4218290000 >> Requesting for the AHB bus...
4219340000 >> AHB granted, starting recovery...
4238540000 >> Recovery done, continuing...
4238590000 >> Requesting for the AHB bus...
4239640000 >> AHB granted, starting recovery...
4258840000 >> Recovery done, continuing...
4258890000 >> Requesting for the AHB bus...
4259940000 >> AHB granted, starting recovery...
4279140000 >> Recovery done, continuing...
4279190000 >> Requesting for the AHB bus...
4280240000 >> AHB granted, starting recovery...
4299440000 >> Recovery done, continuing...
4299490000 >> Requesting for the AHB bus...
4300540000 >> AHB granted, starting recovery...
4319740000 >> Recovery done, continuing...
4319790000 >> Requesting for the AHB bus...
4320840000 >> AHB granted, starting recovery...
4340040000 >> Recovery done, continuing...
4340090000 >> Requesting for the AHB bus...
4341140000 >> AHB granted, starting recovery...
4360340000 >> Recovery done, continuing...
4360390000 >> Requesting for the AHB bus...
4361440000 >> AHB granted, starting recovery...
4380640000 >> Recovery done, continuing...
4380690000 >> Requesting for the AHB bus...
4381740000 >> AHB granted, starting recovery...
4400940000 >> Recovery done, continuing...
4400990000 >> Requesting for the AHB bus...
4402040000 >> AHB granted, starting recovery...
4421240000 >> Recovery done, continuing...
4421290000 >> Requesting for the AHB bus...
4422340000 >> AHB granted, starting recovery...
4441540000 >> Recovery done, continuing...
4441590000 >> Requesting for the AHB bus...
4442815000 >> AHB granted, starting recovery...
4462015000 >> Recovery done, continuing...
4462065000 >> Requesting for the AHB bus...
4463115000 >> AHB granted, starting recovery...
4482315000 >> Recovery done, continuing...
4482365000 >> Requesting for the AHB bus...
4483415000 >> AHB granted, starting recovery...
4502615000 >> Recovery done, continuing...
4502665000 >> Requesting for the AHB bus...
4503715000 >> AHB granted, starting recovery...
4522915000 >> Recovery done, continuing...
4522965000 >> Requesting for the AHB bus...
4524015000 >> AHB granted, starting recovery...
4543215000 >> Recovery done, continuing...
4543265000 >> Requesting for the AHB bus...
4544315000 >> AHB granted, starting recovery...
4563515000 >> Recovery done, continuing...
4563565000 >> Requesting for the AHB bus...
4564740000 >> AHB granted, starting recovery...
4583940000 >> Recovery done, continuing...
4583990000 >> Requesting for the AHB bus...
4585040000 >> AHB granted, starting recovery...
4604240000 >> Recovery done, continuing...
4604290000 >> Requesting for the AHB bus...
4605340000 >> AHB granted, starting recovery...
4624540000 >> Recovery done, continuing...
4624590000 >> Requesting for the AHB bus...
4625640000 >> AHB granted, starting recovery...
4644840000 >> Recovery done, continuing...
4644890000 >> Requesting for the AHB bus...
4645940000 >> AHB granted, starting recovery...
4665140000 >> Recovery done, continuing...
4665190000 >> Requesting for the AHB bus...
4666240000 >> AHB granted, starting recovery...
4685440000 >> Recovery done, continuing...
4685490000 >> Requesting for the AHB bus...
4686540000 >> AHB granted, starting recovery...
4705740000 >> Recovery done, continuing...
4705790000 >> Requesting for the AHB bus...
4706840000 >> AHB granted, starting recovery...
4726040000 >> Recovery done, continuing...
4726090000 >> Requesting for the AHB bus...
4727140000 >> AHB granted, starting recovery...
4746340000 >> Recovery done, continuing...
4746390000 >> Requesting for the AHB bus...
4747440000 >> AHB granted, starting recovery...
4766640000 >> Recovery done, continuing...
4766690000 >> Requesting for the AHB bus...
4767740000 >> AHB granted, starting recovery...
4786940000 >> Recovery done, continuing...
4786990000 >> Requesting for the AHB bus...
4788040000 >> AHB granted, starting recovery...
4807240000 >> Recovery done, continuing...
4807290000 >> Requesting for the AHB bus...
4808340000 >> AHB granted, starting recovery...
4827540000 >> Recovery done, continuing...
4827590000 >> Requesting for the AHB bus...
4828640000 >> AHB granted, starting recovery...
4847840000 >> Recovery done, continuing...
4847890000 >> Requesting for the AHB bus...
4848940000 >> AHB granted, starting recovery...
4868140000 >> Recovery done, continuing...
4868190000 >> Requesting for the AHB bus...
4869240000 >> AHB granted, starting recovery...
4888440000 >> Recovery done, continuing...
4888490000 >> Requesting for the AHB bus...
4889540000 >> AHB granted, starting recovery...
4908740000 >> Recovery done, continuing...
4908790000 >> Requesting for the AHB bus...
4910015000 >> AHB granted, starting recovery...
4929215000 >> Recovery done, continuing...
4929265000 >> Requesting for the AHB bus...
4930315000 >> AHB granted, starting recovery...
4949515000 >> Recovery done, continuing...
4949565000 >> Requesting for the AHB bus...
4950615000 >> AHB granted, starting recovery...
4969815000 >> Recovery done, continuing...
4969865000 >> Requesting for the AHB bus...
4970915000 >> AHB granted, starting recovery...
4990115000 >> Recovery done, continuing...
4990165000 >> Requesting for the AHB bus...
4991215000 >> AHB granted, starting recovery...
5010415000 >> Recovery done, continuing...
5010465000 >> Requesting for the AHB bus...
5011515000 >> AHB granted, starting recovery...
5030715000 >> Recovery done, continuing...
5030765000 >> Requesting for the AHB bus...
5031940000 >> AHB granted, starting recovery...
5051140000 >> Recovery done, continuing...
5051190000 >> Requesting for the AHB bus...
5052240000 >> AHB granted, starting recovery...
5071440000 >> Recovery done, continuing...
5071490000 >> Requesting for the AHB bus...
5072540000 >> AHB granted, starting recovery...
5091740000 >> Recovery done, continuing...
5091790000 >> Requesting for the AHB bus...
5092840000 >> AHB granted, starting recovery...
5112040000 >> Recovery done, continuing...
5112090000 >> Requesting for the AHB bus...
5113140000 >> AHB granted, starting recovery...
5132340000 >> Recovery done, continuing...
5132390000 >> Requesting for the AHB bus...
5133440000 >> AHB granted, starting recovery...
5152640000 >> Recovery done, continuing...
5152690000 >> Requesting for the AHB bus...
5153740000 >> AHB granted, starting recovery...
5172940000 >> Recovery done, continuing...
5172990000 >> Requesting for the AHB bus...
5174040000 >> AHB granted, starting recovery...
5193240000 >> Recovery done, continuing...
5193290000 >> Requesting for the AHB bus...
5194340000 >> AHB granted, starting recovery...
5213540000 >> Recovery done, continuing...
5213590000 >> Requesting for the AHB bus...
5214640000 >> AHB granted, starting recovery...
5233840000 >> Recovery done, continuing...
5233890000 >> Requesting for the AHB bus...
5234940000 >> AHB granted, starting recovery...
5254140000 >> Recovery done, continuing...
5254190000 >> Requesting for the AHB bus...
5255240000 >> AHB granted, starting recovery...
5274440000 >> Recovery done, continuing...
5274490000 >> Requesting for the AHB bus...
5275540000 >> AHB granted, starting recovery...
5294740000 >> Recovery done, continuing...
5294790000 >> Requesting for the AHB bus...
5295840000 >> AHB granted, starting recovery...
5315040000 >> Recovery done, continuing...
5315090000 >> Requesting for the AHB bus...
5316140000 >> AHB granted, starting recovery...
5335340000 >> Recovery done, continuing...
5335390000 >> Requesting for the AHB bus...
5336440000 >> AHB granted, starting recovery...
5355640000 >> Recovery done, continuing...
5355690000 >> Requesting for the AHB bus...
5356740000 >> AHB granted, starting recovery...
5375940000 >> Recovery done, continuing...
5375990000 >> Requesting for the AHB bus...
5377215000 >> AHB granted, starting recovery...
5396415000 >> Recovery done, continuing...
5396465000 >> Requesting for the AHB bus...
5397515000 >> AHB granted, starting recovery...
5416715000 >> Recovery done, continuing...
5416765000 >> Requesting for the AHB bus...
5417815000 >> AHB granted, starting recovery...
5437015000 >> Recovery done, continuing...
5437065000 >> Requesting for the AHB bus...
5438115000 >> AHB granted, starting recovery...
5457315000 >> Recovery done, continuing...
5457365000 >> Requesting for the AHB bus...
5458415000 >> AHB granted, starting recovery...
5477615000 >> Recovery done, continuing...
5477665000 >> Requesting for the AHB bus...
5478715000 >> AHB granted, starting recovery...
5497915000 >> Recovery done, continuing...
5497965000 >> Requesting for the AHB bus...
5499140000 >> AHB granted, starting recovery...
5518340000 >> Recovery done, continuing...
5518390000 >> Requesting for the AHB bus...
5519440000 >> AHB granted, starting recovery...
5538640000 >> Recovery done, continuing...
5538690000 >> Requesting for the AHB bus...
5539740000 >> AHB granted, starting recovery...
5558940000 >> Recovery done, continuing...
5558990000 >> Requesting for the AHB bus...
5560040000 >> AHB granted, starting recovery...
5579240000 >> Recovery done, continuing...
5579290000 >> Requesting for the AHB bus...
5580340000 >> AHB granted, starting recovery...
5599540000 >> Recovery done, continuing...
5599590000 >> Requesting for the AHB bus...
5600640000 >> AHB granted, starting recovery...
5619840000 >> Recovery done, continuing...
5619890000 >> Requesting for the AHB bus...
5620940000 >> AHB granted, starting recovery...
5640140000 >> Recovery done, continuing...
5640190000 >> Requesting for the AHB bus...
5641240000 >> AHB granted, starting recovery...
5660440000 >> Recovery done, continuing...
5660490000 >> Requesting for the AHB bus...
5661540000 >> AHB granted, starting recovery...
5680740000 >> Recovery done, continuing...
5680790000 >> Requesting for the AHB bus...
5681840000 >> AHB granted, starting recovery...
5701040000 >> Recovery done, continuing...
5701090000 >> Requesting for the AHB bus...
5702140000 >> AHB granted, starting recovery...
5721340000 >> Recovery done, continuing...
5721390000 >> Requesting for the AHB bus...
5722440000 >> AHB granted, starting recovery...
5741640000 >> Recovery done, continuing...
5741690000 >> Requesting for the AHB bus...
5742740000 >> AHB granted, starting recovery...
5745715000 >> time limit reached...
/testbench/cpu/l3/u0/leon3x0/vhdl/p0/iu/r.w.wreg:0
/testbench/cpu/l3/u0/leon3x0/vhdl/p0/iu/r.m.irqen:1
/testbench/cpu/l3/u0/leon3x0/vhdl/p0/iu/r.m.icc:0000
/testbench/cpu/l3/u0/leon3x0/vhdl/p0/iu/r.a.ticc:0
/testbench/cpu/l3/u0/leon3x0/vhdl/p0/iu/r.a.step:0
/testbench/cpu/l3/u0/leon3x0/vhdl/p0/iu/r.m.irqen2:1
/testbench/cpu/l3/u0/leon3x0/vhdl/p0/iu/r.d.pc:01000000000000000000001100100100
/testbench/cpu/l3/u0/leon3x0/vhdl/p0/iu/r.d.rexpl:{{00000000000000000000000000000000} {00} {0} 0 0 {0000000000000000000} 0 0 0 0 0 0}
/testbench/cpu/l3/u0/leon3x0/vhdl/p0/iu/r.d.mexc:0
/testbench/cpu/l3/u0/leon3x0/vhdl/p0/iu/r.a.aw:0
/testbench/cpu/l3/u0/leon3x0/vhdl/p0/iu/r.e.ctrl:{{01000000000000000000001100100000} {11000100000001111010000001000100} {00} {10000010} {000000} 0 0 1 0 0 1 1 0 0}
/testbench/cpu/l3/u0/leon3x0/vhdl/p0/iu/r.a.divstart:0
/testbench/cpu/l3/u0/leon3x0/vhdl/p0/iu/r.e.shleft:0
/testbench/cpu/l3/u0/leon3x0/vhdl/p0/iu/r.a.bp:0
/testbench/cpu/l3/u0/leon3x0/vhdl/p0/iu/r.w.twcwp:000
/testbench/cpu/l3/u0/leon3x0/vhdl/p0/iu/r.a.jmpl:0
/testbench/cpu/l3/u0/leon3x0/vhdl/p0/iu/r.m.casa:0
/testbench/cpu/l3/u0/leon3x0/vhdl/p0/iu/r.m.werr:0
/testbench/cpu/l3/u0/leon3x0/vhdl/p0/iu/r.e.su:1
/testbench/cpu/l3/u0/leon3x0/vhdl/p0/iu/r.e.et:1
/testbench/cpu/l3/u0/leon3x0/vhdl/p0/iu/r.a.ldcheck1:1
/testbench/cpu/l3/u0/leon3x0/vhdl/p0/iu/r.d.stwin:000
/testbench/cpu/l3/u0/leon3x0/vhdl/p0/iu/r.a.ldcheck2:1
/testbench/cpu/l3/u0/leon3x0/vhdl/p0/iu/r.x.intack:0
/testbench/cpu/l3/u0/leon3x0/vhdl/p0/iu/r.m.ctrl:{{01000000000000000000001100011100} {11000010000001111011111111110100} {00} {10000001} {000000} 0 0 1 0 0 1 1 0 0}
/testbench/cpu/l3/u0/leon3x0/vhdl/p0/iu/r.a.cwp:100
/testbench/cpu/l3/u0/leon3x0/vhdl/p0/iu/r.e.sari:0
/testbench/cpu/l3/u0/leon3x0/vhdl/p0/iu/r.d.paw:0
/testbench/cpu/l3/u0/leon3x0/vhdl/p0/iu/r.d.aw:0
/testbench/cpu/l3/u0/leon3x0/vhdl/p0/iu/r.d.awp:000
/testbench/cpu/l3/u0/leon3x0/vhdl/p0/iu/r.x.ctrl:{{01000000000000000000001100011000} {11000010001011111011111111111111} {01} {10000001} {000000} 0 0 0 0 0 0 0 0 0}
/testbench/cpu/l3/u0/leon3x0/vhdl/p0/iu/r.m.rexnalign:0
/testbench/cpu/l3/u0/leon3x0/vhdl/p0/iu/r.m.su:1
/testbench/cpu/l3/u0/leon3x0/vhdl/p0/iu/r.m.wcwp:0
/testbench/cpu/l3/u0/leon3x0/vhdl/p0/iu/r.d.divrdy:0
/testbench/cpu/l3/u0/leon3x0/vhdl/p0/iu/r.e.cwp:100
/testbench/cpu/l3/u0/leon3x0/vhdl/p0/iu/r.w.except:0
/testbench/cpu/l3/u0/leon3x0/vhdl/p0/iu/r.x.nerror:0
/testbench/cpu/l3/u0/leon3x0/vhdl/p0/iu/r.a.bpimiss:0
/testbench/cpu/l3/u0/leon3x0/vhdl/p0/iu/r.a.nobp:0
/testbench/cpu/l3/u0/leon3x0/vhdl/p0/iu/r.d.rexcnt:0
/testbench/cpu/l3/u0/leon3x0/vhdl/p0/iu/r.w.s:{{101} {0000} {00000000} {01000000000000000000} {00000010} {0000} 0 0 1 1 1 {00000000000000000000000000000000} {UUUUUUUUUUUUUUUUUUUUUUUUUUUUUUUU} 1 0 0 1 1 1 0 0 {000} {000} {111}}
/testbench/cpu/l3/u0/leon3x0/vhdl/p0/iu/r.d.pv:1
/testbench/cpu/l3/u0/leon3x0/vhdl/p0/iu/r.a.ldchkra:1
/testbench/cpu/l3/u0/leon3x0/vhdl/p0/iu/r.a.rfa1:10000010
/testbench/cpu/l3/u0/leon3x0/vhdl/p0/iu/r.a.rfa2:10000001
/testbench/cpu/l3/u0/leon3x0/vhdl/p0/iu/r.a.imm:00000000000000000000000000000001
/testbench/cpu/l3/u0/leon3x0/vhdl/p0/iu/r.w.wa:10000001
/testbench/cpu/l3/u0/leon3x0/vhdl/p0/iu/r.m.casaz:0
/testbench/cpu/l3/u0/leon3x0/vhdl/p0/iu/r.x.dci:{0 0 0 1 0 0 {00} {00001011}}
/testbench/cpu/l3/u0/leon3x0/vhdl/p0/iu/r.x.mac:0
/testbench/cpu/l3/u0/leon3x0/vhdl/p0/iu/r.m.divz:0
/testbench/cpu/l3/u0/leon3x0/vhdl/p0/iu/r.d.inst:{{10000010000000001000000000000001}}
/testbench/cpu/l3/u0/leon3x0/vhdl/p0/iu/r.e.rfe1:1
/testbench/cpu/l3/u0/leon3x0/vhdl/p0/iu/r.a.wovf:0
/testbench/cpu/l3/u0/leon3x0/vhdl/p0/iu/r.e.rfe2:0
/testbench/cpu/l3/u0/leon3x0/vhdl/p0/iu/r.e.op1:01000000000011111111111000101000
/testbench/cpu/l3/u0/leon3x0/vhdl/p0/iu/r.m.nalign:0
/testbench/cpu/l3/u0/leon3x0/vhdl/p0/iu/r.e.op2:00000000000000000000000001000100
/testbench/cpu/l3/u0/leon3x0/vhdl/p0/iu/r.d.rexen:0
/testbench/cpu/l3/u0/leon3x0/vhdl/p0/iu/r.a.ctrl:{{01000000000000000000001100100100} {10000010000000001000000000000001} {00} {10000001} {000000} 0 1 0 0 0 0 0 0 0}
/testbench/cpu/l3/u0/leon3x0/vhdl/p0/iu/r.x.ipend:0
/testbench/cpu/l3/u0/leon3x0/vhdl/p0/iu/r.e.ldbp1:0
/testbench/cpu/l3/u0/leon3x0/vhdl/p0/iu/r.e.aluadd:1
/testbench/cpu/l3/u0/leon3x0/vhdl/p0/iu/r.d.set:0
/testbench/cpu/l3/u0/leon3x0/vhdl/p0/iu/r.d.inull:0
/testbench/cpu/l3/u0/leon3x0/vhdl/p0/iu/r.e.ldbp2:0
/testbench/cpu/l3/u0/leon3x0/vhdl/p0/iu/r.d.cnt:00
/testbench/cpu/l3/u0/leon3x0/vhdl/p0/iu/r.a.su:1
/testbench/cpu/l3/u0/leon3x0/vhdl/p0/iu/r.a.et:1
/testbench/cpu/l3/u0/leon3x0/vhdl/p0/iu/r.e.mul:0
/testbench/cpu/l3/u0/leon3x0/vhdl/p0/iu/r.e.alusel:00
/testbench/cpu/l3/u0/leon3x0/vhdl/p0/iu/r.e.aw:U
/testbench/cpu/l3/u0/leon3x0/vhdl/p0/iu/r.e.mac:0
/testbench/cpu/l3/u0/leon3x0/vhdl/p0/iu/r.a.decill:0
/testbench/cpu/l3/u0/leon3x0/vhdl/p0/iu/r.x.icc:0000
/testbench/cpu/l3/u0/leon3x0/vhdl/p0/iu/r.x.result:00000110000001100000011000000110
/testbench/cpu/l3/u0/leon3x0/vhdl/p0/iu/r.e.bp:0
/testbench/cpu/l3/u0/leon3x0/vhdl/p0/iu/r.a.rs1:00010
/testbench/cpu/l3/u0/leon3x0/vhdl/p0/iu/r.e.jmpl:0
/testbench/cpu/l3/u0/leon3x0/vhdl/p0/iu/r.a.rsel1:001
/testbench/cpu/l3/u0/leon3x0/vhdl/p0/iu/r.x.y:00000000000000000000000000000000
/testbench/cpu/l3/u0/leon3x0/vhdl/p0/iu/r.a.rsel2:010
/testbench/cpu/l3/u0/leon3x0/vhdl/p0/iu/r.a.awp:000
/testbench/cpu/l3/u0/leon3x0/vhdl/p0/iu/r.a.paw:0
/testbench/cpu/l3/u0/leon3x0/vhdl/p0/iu/r.x.data:{{00000000000000000000000000000110}}
/testbench/cpu/l3/u0/leon3x0/vhdl/p0/iu/r.m.mul:0
/testbench/cpu/l3/u0/leon3x0/vhdl/p0/iu/r.e.rd:UUUUU
/testbench/cpu/l3/u0/leon3x0/vhdl/p0/iu/r.e.invop2:0
/testbench/cpu/l3/u0/leon3x0/vhdl/p0/iu/r.m.wawp:0
/testbench/cpu/l3/u0/leon3x0/vhdl/p0/iu/r.d.cwpmax:111
/testbench/cpu/l3/u0/leon3x0/vhdl/p0/iu/r.f.branch:0
/testbench/cpu/l3/u0/leon3x0/vhdl/p0/iu/r.d.pcheld:1
/testbench/cpu/l3/u0/leon3x0/vhdl/p0/iu/r.m.dci:{0 1 1 0 0 0 {10} {00001011}}
/testbench/cpu/l3/u0/leon3x0/vhdl/p0/iu/r.e.paw:U
/testbench/cpu/l3/u0/leon3x0/vhdl/p0/iu/r.e.awp:UUU
/testbench/cpu/l3/u0/leon3x0/vhdl/p0/iu/r.e.shcnt:00100
/testbench/cpu/l3/u0/leon3x0/vhdl/p0/iu/r.w.result:01000000000011111111111010011111
/testbench/cpu/l3/u0/leon3x0/vhdl/p0/iu/r.m.mac:0
/testbench/cpu/l3/u0/leon3x0/vhdl/p0/iu/r.m.y:00000000000000000000000000000000
/testbench/cpu/l3/u0/leon3x0/vhdl/p0/iu/r.d.cwp:100
/testbench/cpu/l3/u0/leon3x0/vhdl/p0/iu/r.x.laddr:10
/testbench/cpu/l3/u0/leon3x0/vhdl/p0/iu/r.e.mulstep:0
/testbench/cpu/l3/u0/leon3x0/vhdl/p0/iu/r.e.ymsb:0
/testbench/cpu/l3/u0/leon3x0/vhdl/p0/iu/r.d.rexbuf:00000000000000000000000000000000
/testbench/cpu/l3/u0/leon3x0/vhdl/p0/iu/r.x.npc:100
/testbench/cpu/l3/u0/leon3x0/vhdl/p0/iu/r.f.pc:01000000000000000000001100101000
/testbench/cpu/l3/u0/leon3x0/vhdl/p0/iu/r.d.annul:0
/testbench/cpu/l3/u0/leon3x0/vhdl/p0/iu/r.x.rstate:run
/testbench/cpu/l3/u0/leon3x0/vhdl/p0/iu/r.x.set:0
/testbench/cpu/l3/u0/leon3x0/vhdl/p0/iu/r.m.result:01000000000011111111111010010100
/testbench/cpu/l3/u0/leon3x0/vhdl/p0/iu/r.e.icc:UUUU
/testbench/cpu/l3/u0/leon3x0/vhdl/p0/iu/r.a.getpc:0
/testbench/cpu/l3/u0/leon3x0/vhdl/p0/iu/r.a.ldchkex:1
/testbench/cpu/l3/u0/leon3x0/vhdl/p0/iu/r.x.mexc:0
/testbench/cpu/l3/u0/leon3x0/vhdl/p0/iu/r.a.mulstart:0
/testbench/cpu/l3/u0/leon3x0/vhdl/p0/iu/r.d.rexpos:10
/testbench/cpu/l3/u0/leon3x0/vhdl/p0/iu/r.x.annul_all:0
/testbench/cpu/l3/u0/leon3x0/vhdl/p0/iu/r.e.aluop:000
/testbench/cpu/l3/u0/leon3x0/vhdl/p0/iu/r.x.debug:0
/testbench/cpu/l3/u0/leon3x0/vhdl/p0/iu/r.a.rfe1:0
/testbench/cpu/l3/u0/leon3x0/vhdl/p0/iu/r.d.step:0
/testbench/cpu/l3/u0/leon3x0/vhdl/p0/iu/r.a.rfe2:0
/testbench/cpu/l3/u0/leon3x0/vhdl/p0/iu/r.e.alucin:0
/testbench/cpu/l3/u0/leon3x0/vhdl/p0/iu/r.a.wunf:0
compare to golden: 1
======================================
progstatus: -2
execerr: 125
latent: 1
time limit!
>>>>>>>>>>>>>>> 5745715000
======================================
