Test signal = /testbench/cpu/l3/u0/leon3x0/vhdl/p0/iu/r.m.wcwp
oldval = 0
pos1: -1 pos0: 0 posU: -1
newval = 1
force in 4140597
586290000 >> iteration no: 0
1598340000 >> iteration no: 1
2610390000 >> iteration no: 2
3622265000 >> iteration no: 3
4634040000 >> iteration no: 4
Signal value: 0
oldval = 0
pos1: -1 pos0: 0 posU: -1
newval = 1
4723315000 >> Requesting for the AHB bus...
4724590000 >> AHB granted, starting recovery...
4743790000 >> Recovery done, continuing...
4743840000 >> Requesting for the AHB bus...
4744890000 >> AHB granted, starting recovery...
4764090000 >> Recovery done, continuing...
4764140000 >> Requesting for the AHB bus...
4765190000 >> AHB granted, starting recovery...
4784390000 >> Recovery done, continuing...
4784440000 >> Requesting for the AHB bus...
4785490000 >> AHB granted, starting recovery...
4804690000 >> Recovery done, continuing...
4804740000 >> Requesting for the AHB bus...
4805790000 >> AHB granted, starting recovery...
4824990000 >> Recovery done, continuing...
4825040000 >> Requesting for the AHB bus...
4826090000 >> AHB granted, starting recovery...
4845290000 >> Recovery done, continuing...
4845340000 >> Requesting for the AHB bus...
4846390000 >> AHB granted, starting recovery...
4865590000 >> Recovery done, continuing...
4865640000 >> Requesting for the AHB bus...
4866690000 >> AHB granted, starting recovery...
4885890000 >> Recovery done, continuing...
4885940000 >> Requesting for the AHB bus...
4886990000 >> AHB granted, starting recovery...
4906190000 >> Recovery done, continuing...
4906240000 >> Requesting for the AHB bus...
4907290000 >> AHB granted, starting recovery...
4926490000 >> Recovery done, continuing...
4926540000 >> Requesting for the AHB bus...
4927590000 >> AHB granted, starting recovery...
4946790000 >> Recovery done, continuing...
4946840000 >> Requesting for the AHB bus...
4947890000 >> AHB granted, starting recovery...
4967090000 >> Recovery done, continuing...
4967140000 >> Requesting for the AHB bus...
4968190000 >> AHB granted, starting recovery...
4987390000 >> Recovery done, continuing...
4987440000 >> Requesting for the AHB bus...
4988490000 >> AHB granted, starting recovery...
5007690000 >> Recovery done, continuing...
5007740000 >> Requesting for the AHB bus...
5008790000 >> AHB granted, starting recovery...
5027990000 >> Recovery done, continuing...
5028040000 >> Requesting for the AHB bus...
5029090000 >> AHB granted, starting recovery...
5048290000 >> Recovery done, continuing...
5048340000 >> Requesting for the AHB bus...
5049390000 >> AHB granted, starting recovery...
5068590000 >> Recovery done, continuing...
5068640000 >> Requesting for the AHB bus...
5069690000 >> AHB granted, starting recovery...
5088890000 >> Recovery done, continuing...
5088940000 >> Requesting for the AHB bus...
5089990000 >> AHB granted, starting recovery...
5109190000 >> Recovery done, continuing...
5109240000 >> Requesting for the AHB bus...
5110290000 >> AHB granted, starting recovery...
5129490000 >> Recovery done, continuing...
5129540000 >> Requesting for the AHB bus...
5130590000 >> AHB granted, starting recovery...
5149790000 >> Recovery done, continuing...
5149840000 >> Requesting for the AHB bus...
5150890000 >> AHB granted, starting recovery...
5170090000 >> Recovery done, continuing...
5170140000 >> Requesting for the AHB bus...
5171190000 >> AHB granted, starting recovery...
5190390000 >> Recovery done, continuing...
5190440000 >> Requesting for the AHB bus...
5191665000 >> AHB granted, starting recovery...
5210865000 >> Recovery done, continuing...
5210915000 >> Requesting for the AHB bus...
5211965000 >> AHB granted, starting recovery...
5231165000 >> Recovery done, continuing...
5231215000 >> Requesting for the AHB bus...
5232265000 >> AHB granted, starting recovery...
5251465000 >> Recovery done, continuing...
5251515000 >> Requesting for the AHB bus...
5252565000 >> AHB granted, starting recovery...
5271765000 >> Recovery done, continuing...
5271815000 >> Requesting for the AHB bus...
5272865000 >> AHB granted, starting recovery...
5292065000 >> Recovery done, continuing...
5292115000 >> Requesting for the AHB bus...
5293165000 >> AHB granted, starting recovery...
5312365000 >> Recovery done, continuing...
5312415000 >> Requesting for the AHB bus...
5313540000 >> AHB granted, starting recovery...
5332740000 >> Recovery done, continuing...
5332790000 >> Requesting for the AHB bus...
5333840000 >> AHB granted, starting recovery...
5353040000 >> Recovery done, continuing...
5353090000 >> Requesting for the AHB bus...
5354140000 >> AHB granted, starting recovery...
5373340000 >> Recovery done, continuing...
5373390000 >> Requesting for the AHB bus...
5374440000 >> AHB granted, starting recovery...
5393640000 >> Recovery done, continuing...
5393690000 >> Requesting for the AHB bus...
5394740000 >> AHB granted, starting recovery...
5413940000 >> Recovery done, continuing...
5413990000 >> Requesting for the AHB bus...
5415040000 >> AHB granted, starting recovery...
5434240000 >> Recovery done, continuing...
5434290000 >> Requesting for the AHB bus...
5435340000 >> AHB granted, starting recovery...
5454540000 >> Recovery done, continuing...
5454590000 >> Requesting for the AHB bus...
5455640000 >> AHB granted, starting recovery...
5474840000 >> Recovery done, continuing...
5474890000 >> Requesting for the AHB bus...
5475940000 >> AHB granted, starting recovery...
5495140000 >> Recovery done, continuing...
5495190000 >> Requesting for the AHB bus...
5496240000 >> AHB granted, starting recovery...
5515440000 >> Recovery done, continuing...
5515490000 >> Requesting for the AHB bus...
5516540000 >> AHB granted, starting recovery...
5535740000 >> Recovery done, continuing...
5535790000 >> Requesting for the AHB bus...
5536840000 >> AHB granted, starting recovery...
5556040000 >> Recovery done, continuing...
5556090000 >> Requesting for the AHB bus...
5557140000 >> AHB granted, starting recovery...
5576340000 >> Recovery done, continuing...
5576390000 >> Requesting for the AHB bus...
5577440000 >> AHB granted, starting recovery...
5596640000 >> Recovery done, continuing...
5596690000 >> Requesting for the AHB bus...
5597740000 >> AHB granted, starting recovery...
5616940000 >> Recovery done, continuing...
5616990000 >> Requesting for the AHB bus...
5618040000 >> AHB granted, starting recovery...
5637240000 >> Recovery done, continuing...
5637290000 >> Requesting for the AHB bus...
5638340000 >> AHB granted, starting recovery...
5657540000 >> Recovery done, continuing...
5657590000 >> Requesting for the AHB bus...
5658815000 >> AHB granted, starting recovery...
5678015000 >> Recovery done, continuing...
5678065000 >> Requesting for the AHB bus...
5679115000 >> AHB granted, starting recovery...
5698315000 >> Recovery done, continuing...
5698365000 >> Requesting for the AHB bus...
5699415000 >> AHB granted, starting recovery...
5718615000 >> Recovery done, continuing...
5718665000 >> Requesting for the AHB bus...
5719715000 >> AHB granted, starting recovery...
5738915000 >> Recovery done, continuing...
5738965000 >> Requesting for the AHB bus...
5740015000 >> AHB granted, starting recovery...
5745715000 >> time limit reached...
/testbench/cpu/l3/u0/leon3x0/vhdl/p0/iu/r.w.wreg:0
/testbench/cpu/l3/u0/leon3x0/vhdl/p0/iu/r.m.irqen:1
/testbench/cpu/l3/u0/leon3x0/vhdl/p0/iu/r.m.icc:0000
/testbench/cpu/l3/u0/leon3x0/vhdl/p0/iu/r.a.ticc:0
/testbench/cpu/l3/u0/leon3x0/vhdl/p0/iu/r.a.step:0
/testbench/cpu/l3/u0/leon3x0/vhdl/p0/iu/r.m.irqen2:1
/testbench/cpu/l3/u0/leon3x0/vhdl/p0/iu/r.d.pc:01000000000000000000001100100100
/testbench/cpu/l3/u0/leon3x0/vhdl/p0/iu/r.d.rexpl:{{00000000000000000000000000000000} {00} {0} 0 0 {0000000000000000000} 0 0 0 0 0 0}
/testbench/cpu/l3/u0/leon3x0/vhdl/p0/iu/r.d.mexc:0
/testbench/cpu/l3/u0/leon3x0/vhdl/p0/iu/r.a.aw:0
/testbench/cpu/l3/u0/leon3x0/vhdl/p0/iu/r.e.ctrl:{{01000000000000000000001100100000} {11000100000001111010000001000100} {00} {10000010} {000000} 0 0 1 0 0 1 1 0 0}
/testbench/cpu/l3/u0/leon3x0/vhdl/p0/iu/r.a.divstart:0
/testbench/cpu/l3/u0/leon3x0/vhdl/p0/iu/r.e.shleft:0
/testbench/cpu/l3/u0/leon3x0/vhdl/p0/iu/r.a.bp:0
/testbench/cpu/l3/u0/leon3x0/vhdl/p0/iu/r.w.twcwp:000
/testbench/cpu/l3/u0/leon3x0/vhdl/p0/iu/r.a.jmpl:0
/testbench/cpu/l3/u0/leon3x0/vhdl/p0/iu/r.m.casa:0
/testbench/cpu/l3/u0/leon3x0/vhdl/p0/iu/r.m.werr:0
/testbench/cpu/l3/u0/leon3x0/vhdl/p0/iu/r.e.su:1
/testbench/cpu/l3/u0/leon3x0/vhdl/p0/iu/r.e.et:1
/testbench/cpu/l3/u0/leon3x0/vhdl/p0/iu/r.a.ldcheck1:1
/testbench/cpu/l3/u0/leon3x0/vhdl/p0/iu/r.d.stwin:000
/testbench/cpu/l3/u0/leon3x0/vhdl/p0/iu/r.a.ldcheck2:1
/testbench/cpu/l3/u0/leon3x0/vhdl/p0/iu/r.x.intack:0
/testbench/cpu/l3/u0/leon3x0/vhdl/p0/iu/r.m.ctrl:{{01000000000000000000001100011100} {11000010000001111011111111110100} {00} {10000001} {000000} 0 0 1 0 0 1 1 0 0}
/testbench/cpu/l3/u0/leon3x0/vhdl/p0/iu/r.a.cwp:001
/testbench/cpu/l3/u0/leon3x0/vhdl/p0/iu/r.e.sari:0
/testbench/cpu/l3/u0/leon3x0/vhdl/p0/iu/r.d.paw:0
/testbench/cpu/l3/u0/leon3x0/vhdl/p0/iu/r.d.aw:0
/testbench/cpu/l3/u0/leon3x0/vhdl/p0/iu/r.d.awp:000
/testbench/cpu/l3/u0/leon3x0/vhdl/p0/iu/r.x.ctrl:{{01000000000000000000001100011000} {11000010001011111011111111111111} {01} {10000001} {000000} 0 0 0 0 0 0 0 0 0}
/testbench/cpu/l3/u0/leon3x0/vhdl/p0/iu/r.m.rexnalign:0
/testbench/cpu/l3/u0/leon3x0/vhdl/p0/iu/r.m.su:1
/testbench/cpu/l3/u0/leon3x0/vhdl/p0/iu/r.m.wcwp:0
/testbench/cpu/l3/u0/leon3x0/vhdl/p0/iu/r.d.divrdy:0
/testbench/cpu/l3/u0/leon3x0/vhdl/p0/iu/r.e.cwp:001
/testbench/cpu/l3/u0/leon3x0/vhdl/p0/iu/r.w.except:0
/testbench/cpu/l3/u0/leon3x0/vhdl/p0/iu/r.x.nerror:0
/testbench/cpu/l3/u0/leon3x0/vhdl/p0/iu/r.a.bpimiss:0
/testbench/cpu/l3/u0/leon3x0/vhdl/p0/iu/r.a.nobp:0
/testbench/cpu/l3/u0/leon3x0/vhdl/p0/iu/r.d.rexcnt:0
/testbench/cpu/l3/u0/leon3x0/vhdl/p0/iu/r.w.s:{{101} {0000} {00000000} {01000000000000000000} {00000010} {0000} 0 0 1 1 1 {00000000000000000000000000000000} {UUUUUUUUUUUUUUUUUUUUUUUUUUUUUUUU} 1 0 0 1 1 1 0 0 {000} {000} {111}}
/testbench/cpu/l3/u0/leon3x0/vhdl/p0/iu/r.d.pv:1
/testbench/cpu/l3/u0/leon3x0/vhdl/p0/iu/r.a.ldchkra:1
/testbench/cpu/l3/u0/leon3x0/vhdl/p0/iu/r.a.rfa1:10000010
/testbench/cpu/l3/u0/leon3x0/vhdl/p0/iu/r.a.rfa2:10000001
/testbench/cpu/l3/u0/leon3x0/vhdl/p0/iu/r.a.imm:00000000000000000000000000000001
/testbench/cpu/l3/u0/leon3x0/vhdl/p0/iu/r.w.wa:10000001
/testbench/cpu/l3/u0/leon3x0/vhdl/p0/iu/r.m.casaz:0
/testbench/cpu/l3/u0/leon3x0/vhdl/p0/iu/r.x.dci:{0 0 0 1 0 0 {00} {00001011}}
/testbench/cpu/l3/u0/leon3x0/vhdl/p0/iu/r.x.mac:0
/testbench/cpu/l3/u0/leon3x0/vhdl/p0/iu/r.m.divz:0
/testbench/cpu/l3/u0/leon3x0/vhdl/p0/iu/r.d.inst:{{10000010000000001000000000000001}}
/testbench/cpu/l3/u0/leon3x0/vhdl/p0/iu/r.e.rfe1:1
/testbench/cpu/l3/u0/leon3x0/vhdl/p0/iu/r.a.wovf:0
/testbench/cpu/l3/u0/leon3x0/vhdl/p0/iu/r.e.rfe2:0
/testbench/cpu/l3/u0/leon3x0/vhdl/p0/iu/r.e.op1:00000000000000000000000000000000
/testbench/cpu/l3/u0/leon3x0/vhdl/p0/iu/r.m.nalign:0
/testbench/cpu/l3/u0/leon3x0/vhdl/p0/iu/r.e.op2:00000000000000000000000001000100
/testbench/cpu/l3/u0/leon3x0/vhdl/p0/iu/r.d.rexen:0
/testbench/cpu/l3/u0/leon3x0/vhdl/p0/iu/r.a.ctrl:{{01000000000000000000001100100100} {10000010000000001000000000000001} {00} {10000001} {000000} 0 1 0 0 0 0 0 0 0}
/testbench/cpu/l3/u0/leon3x0/vhdl/p0/iu/r.x.ipend:0
/testbench/cpu/l3/u0/leon3x0/vhdl/p0/iu/r.e.ldbp1:0
/testbench/cpu/l3/u0/leon3x0/vhdl/p0/iu/r.e.aluadd:1
/testbench/cpu/l3/u0/leon3x0/vhdl/p0/iu/r.d.set:0
/testbench/cpu/l3/u0/leon3x0/vhdl/p0/iu/r.d.inull:0
/testbench/cpu/l3/u0/leon3x0/vhdl/p0/iu/r.e.ldbp2:0
/testbench/cpu/l3/u0/leon3x0/vhdl/p0/iu/r.d.cnt:00
/testbench/cpu/l3/u0/leon3x0/vhdl/p0/iu/r.a.su:1
/testbench/cpu/l3/u0/leon3x0/vhdl/p0/iu/r.a.et:1
/testbench/cpu/l3/u0/leon3x0/vhdl/p0/iu/r.e.mul:0
/testbench/cpu/l3/u0/leon3x0/vhdl/p0/iu/r.e.alusel:00
/testbench/cpu/l3/u0/leon3x0/vhdl/p0/iu/r.e.aw:U
/testbench/cpu/l3/u0/leon3x0/vhdl/p0/iu/r.e.mac:0
/testbench/cpu/l3/u0/leon3x0/vhdl/p0/iu/r.a.decill:0
/testbench/cpu/l3/u0/leon3x0/vhdl/p0/iu/r.x.icc:0000
/testbench/cpu/l3/u0/leon3x0/vhdl/p0/iu/r.x.result:00001001000010010000100100001001
/testbench/cpu/l3/u0/leon3x0/vhdl/p0/iu/r.e.bp:0
/testbench/cpu/l3/u0/leon3x0/vhdl/p0/iu/r.a.rs1:00010
/testbench/cpu/l3/u0/leon3x0/vhdl/p0/iu/r.e.jmpl:0
/testbench/cpu/l3/u0/leon3x0/vhdl/p0/iu/r.a.rsel1:001
/testbench/cpu/l3/u0/leon3x0/vhdl/p0/iu/r.x.y:00000000000000000000000000000000
/testbench/cpu/l3/u0/leon3x0/vhdl/p0/iu/r.a.rsel2:010
/testbench/cpu/l3/u0/leon3x0/vhdl/p0/iu/r.a.awp:000
/testbench/cpu/l3/u0/leon3x0/vhdl/p0/iu/r.a.paw:0
/testbench/cpu/l3/u0/leon3x0/vhdl/p0/iu/r.x.data:{{00000000000000000000000000001001}}
/testbench/cpu/l3/u0/leon3x0/vhdl/p0/iu/r.m.mul:0
/testbench/cpu/l3/u0/leon3x0/vhdl/p0/iu/r.e.rd:UUUUU
/testbench/cpu/l3/u0/leon3x0/vhdl/p0/iu/r.e.invop2:0
/testbench/cpu/l3/u0/leon3x0/vhdl/p0/iu/r.m.wawp:0
/testbench/cpu/l3/u0/leon3x0/vhdl/p0/iu/r.d.cwpmax:111
/testbench/cpu/l3/u0/leon3x0/vhdl/p0/iu/r.f.branch:0
/testbench/cpu/l3/u0/leon3x0/vhdl/p0/iu/r.d.pcheld:1
/testbench/cpu/l3/u0/leon3x0/vhdl/p0/iu/r.m.dci:{0 1 1 0 0 0 {10} {00001011}}
/testbench/cpu/l3/u0/leon3x0/vhdl/p0/iu/r.e.paw:U
/testbench/cpu/l3/u0/leon3x0/vhdl/p0/iu/r.e.awp:UUU
/testbench/cpu/l3/u0/leon3x0/vhdl/p0/iu/r.e.shcnt:00100
/testbench/cpu/l3/u0/leon3x0/vhdl/p0/iu/r.w.result:01000000000011111111111010011111
/testbench/cpu/l3/u0/leon3x0/vhdl/p0/iu/r.m.mac:0
/testbench/cpu/l3/u0/leon3x0/vhdl/p0/iu/r.m.y:00000000000000000000000000000000
/testbench/cpu/l3/u0/leon3x0/vhdl/p0/iu/r.d.cwp:001
/testbench/cpu/l3/u0/leon3x0/vhdl/p0/iu/r.x.laddr:01
/testbench/cpu/l3/u0/leon3x0/vhdl/p0/iu/r.e.mulstep:0
/testbench/cpu/l3/u0/leon3x0/vhdl/p0/iu/r.e.ymsb:0
/testbench/cpu/l3/u0/leon3x0/vhdl/p0/iu/r.d.rexbuf:00000000000000000000000000000000
/testbench/cpu/l3/u0/leon3x0/vhdl/p0/iu/r.x.npc:100
/testbench/cpu/l3/u0/leon3x0/vhdl/p0/iu/r.f.pc:01000000000000000000001100101000
/testbench/cpu/l3/u0/leon3x0/vhdl/p0/iu/r.d.annul:0
/testbench/cpu/l3/u0/leon3x0/vhdl/p0/iu/r.x.rstate:run
/testbench/cpu/l3/u0/leon3x0/vhdl/p0/iu/r.x.set:0
/testbench/cpu/l3/u0/leon3x0/vhdl/p0/iu/r.m.result:01000000000011111111111010010100
/testbench/cpu/l3/u0/leon3x0/vhdl/p0/iu/r.e.icc:UUUU
/testbench/cpu/l3/u0/leon3x0/vhdl/p0/iu/r.a.getpc:0
/testbench/cpu/l3/u0/leon3x0/vhdl/p0/iu/r.a.ldchkex:1
/testbench/cpu/l3/u0/leon3x0/vhdl/p0/iu/r.x.mexc:0
/testbench/cpu/l3/u0/leon3x0/vhdl/p0/iu/r.a.mulstart:0
/testbench/cpu/l3/u0/leon3x0/vhdl/p0/iu/r.d.rexpos:10
/testbench/cpu/l3/u0/leon3x0/vhdl/p0/iu/r.x.annul_all:0
/testbench/cpu/l3/u0/leon3x0/vhdl/p0/iu/r.e.aluop:000
/testbench/cpu/l3/u0/leon3x0/vhdl/p0/iu/r.x.debug:0
/testbench/cpu/l3/u0/leon3x0/vhdl/p0/iu/r.a.rfe1:0
/testbench/cpu/l3/u0/leon3x0/vhdl/p0/iu/r.d.step:0
/testbench/cpu/l3/u0/leon3x0/vhdl/p0/iu/r.a.rfe2:0
/testbench/cpu/l3/u0/leon3x0/vhdl/p0/iu/r.e.alucin:0
/testbench/cpu/l3/u0/leon3x0/vhdl/p0/iu/r.a.wunf:0
compare to golden: 1
======================================
progstatus: -2
execerr: 51
latent: 1
time limit!
>>>>>>>>>>>>>>> 5745715000
======================================
