Test signal = /testbench/cpu/l3/u0/leon3x0/vhdl/p0/iu/r.m.wcwp
oldval = 0
pos1: -1 pos0: 0 posU: -1
newval = 1
force in 2866757
586290000 >> iteration no: 0
1598340000 >> iteration no: 1
2610390000 >> iteration no: 2
Signal value: 0
oldval = 0
pos1: -1 pos0: 0 posU: -1
newval = 1
3449790000 >> Requesting for the AHB bus...
3450140000 >> Requesting for the AHB bus...
3450590000 >> AHB granted, starting recovery...
3469790000 >> Recovery done, continuing...
3469840000 >> Requesting for the AHB bus...
3470165000 >> Requesting for the AHB bus...
3470665000 >> AHB granted, starting recovery...
3489865000 >> Recovery done, continuing...
3489915000 >> Requesting for the AHB bus...
3490240000 >> Requesting for the AHB bus...
3490740000 >> AHB granted, starting recovery...
3509940000 >> Recovery done, continuing...
3509990000 >> Requesting for the AHB bus...
3510315000 >> Requesting for the AHB bus...
3510815000 >> AHB granted, starting recovery...
3530015000 >> Recovery done, continuing...
3530065000 >> Requesting for the AHB bus...
3530390000 >> Requesting for the AHB bus...
3530890000 >> AHB granted, starting recovery...
3550090000 >> Recovery done, continuing...
3550140000 >> Requesting for the AHB bus...
3550465000 >> Requesting for the AHB bus...
3550965000 >> AHB granted, starting recovery...
3570165000 >> Recovery done, continuing...
3570215000 >> Requesting for the AHB bus...
3570540000 >> Requesting for the AHB bus...
3571040000 >> AHB granted, starting recovery...
3590240000 >> Recovery done, continuing...
3590290000 >> Requesting for the AHB bus...
3590615000 >> Requesting for the AHB bus...
3591115000 >> AHB granted, starting recovery...
3610315000 >> Recovery done, continuing...
3610365000 >> Requesting for the AHB bus...
3610690000 >> Requesting for the AHB bus...
3611190000 >> AHB granted, starting recovery...
3630390000 >> Recovery done, continuing...
3630440000 >> Requesting for the AHB bus...
3630765000 >> Requesting for the AHB bus...
3631265000 >> AHB granted, starting recovery...
3650465000 >> Recovery done, continuing...
3650515000 >> Requesting for the AHB bus...
3650840000 >> Requesting for the AHB bus...
3651340000 >> AHB granted, starting recovery...
3670540000 >> Recovery done, continuing...
3670590000 >> Requesting for the AHB bus...
3670915000 >> Requesting for the AHB bus...
3671415000 >> AHB granted, starting recovery...
3690615000 >> Recovery done, continuing...
3690665000 >> Requesting for the AHB bus...
3690990000 >> Requesting for the AHB bus...
3691490000 >> AHB granted, starting recovery...
3710690000 >> Recovery done, continuing...
3710740000 >> Requesting for the AHB bus...
3711065000 >> Requesting for the AHB bus...
3711565000 >> AHB granted, starting recovery...
3730765000 >> Recovery done, continuing...
3730815000 >> Requesting for the AHB bus...
3731140000 >> Requesting for the AHB bus...
3731640000 >> AHB granted, starting recovery...
3750840000 >> Recovery done, continuing...
3750890000 >> Requesting for the AHB bus...
3751215000 >> Requesting for the AHB bus...
3751715000 >> AHB granted, starting recovery...
3770915000 >> Recovery done, continuing...
3770965000 >> Requesting for the AHB bus...
3771290000 >> Requesting for the AHB bus...
3771790000 >> AHB granted, starting recovery...
3790990000 >> Recovery done, continuing...
3791040000 >> Requesting for the AHB bus...
3791365000 >> Requesting for the AHB bus...
3791865000 >> AHB granted, starting recovery...
3811065000 >> Recovery done, continuing...
3811115000 >> Requesting for the AHB bus...
3811440000 >> Requesting for the AHB bus...
3811940000 >> AHB granted, starting recovery...
3831140000 >> Recovery done, continuing...
3831190000 >> Requesting for the AHB bus...
3831515000 >> Requesting for the AHB bus...
3832015000 >> AHB granted, starting recovery...
3851215000 >> Recovery done, continuing...
3851265000 >> Requesting for the AHB bus...
3851590000 >> Requesting for the AHB bus...
3852090000 >> AHB granted, starting recovery...
3871290000 >> Recovery done, continuing...
3871340000 >> Requesting for the AHB bus...
3871665000 >> Requesting for the AHB bus...
3872165000 >> AHB granted, starting recovery...
3891365000 >> Recovery done, continuing...
3891415000 >> Requesting for the AHB bus...
3891740000 >> Requesting for the AHB bus...
3892240000 >> AHB granted, starting recovery...
3911440000 >> Recovery done, continuing...
3911490000 >> Requesting for the AHB bus...
3911815000 >> Requesting for the AHB bus...
3912315000 >> AHB granted, starting recovery...
3931515000 >> Recovery done, continuing...
3931565000 >> Requesting for the AHB bus...
3931890000 >> Requesting for the AHB bus...
3932390000 >> AHB granted, starting recovery...
3951590000 >> Recovery done, continuing...
3951640000 >> Requesting for the AHB bus...
3951965000 >> Requesting for the AHB bus...
3952465000 >> AHB granted, starting recovery...
3971665000 >> Recovery done, continuing...
3971715000 >> Requesting for the AHB bus...
3972040000 >> Requesting for the AHB bus...
3972540000 >> AHB granted, starting recovery...
3991740000 >> Recovery done, continuing...
3991790000 >> Requesting for the AHB bus...
3992115000 >> Requesting for the AHB bus...
3992615000 >> AHB granted, starting recovery...
4011815000 >> Recovery done, continuing...
4011865000 >> Requesting for the AHB bus...
4012190000 >> Requesting for the AHB bus...
4012690000 >> AHB granted, starting recovery...
4031890000 >> Recovery done, continuing...
4031940000 >> Requesting for the AHB bus...
4032265000 >> Requesting for the AHB bus...
4032765000 >> AHB granted, starting recovery...
4051965000 >> Recovery done, continuing...
4052015000 >> Requesting for the AHB bus...
4052340000 >> Requesting for the AHB bus...
4052840000 >> AHB granted, starting recovery...
4072040000 >> Recovery done, continuing...
4072090000 >> Requesting for the AHB bus...
4072415000 >> Requesting for the AHB bus...
4072915000 >> AHB granted, starting recovery...
4092115000 >> Recovery done, continuing...
4092165000 >> Requesting for the AHB bus...
4092490000 >> Requesting for the AHB bus...
4092990000 >> AHB granted, starting recovery...
4112190000 >> Recovery done, continuing...
4112240000 >> Requesting for the AHB bus...
4112565000 >> Requesting for the AHB bus...
4113065000 >> AHB granted, starting recovery...
4132265000 >> Recovery done, continuing...
4132315000 >> Requesting for the AHB bus...
4132640000 >> Requesting for the AHB bus...
4133140000 >> AHB granted, starting recovery...
4152340000 >> Recovery done, continuing...
4152390000 >> Requesting for the AHB bus...
4152715000 >> Requesting for the AHB bus...
4153215000 >> AHB granted, starting recovery...
4172415000 >> Recovery done, continuing...
4172465000 >> Requesting for the AHB bus...
4172790000 >> Requesting for the AHB bus...
4173290000 >> AHB granted, starting recovery...
4192490000 >> Recovery done, continuing...
4192540000 >> Requesting for the AHB bus...
4192865000 >> Requesting for the AHB bus...
4193365000 >> AHB granted, starting recovery...
4212565000 >> Recovery done, continuing...
4212615000 >> Requesting for the AHB bus...
4212940000 >> Requesting for the AHB bus...
4213440000 >> AHB granted, starting recovery...
4232640000 >> Recovery done, continuing...
4232690000 >> Requesting for the AHB bus...
4233015000 >> Requesting for the AHB bus...
4233515000 >> AHB granted, starting recovery...
4252715000 >> Recovery done, continuing...
4252765000 >> Requesting for the AHB bus...
4253090000 >> Requesting for the AHB bus...
4253590000 >> AHB granted, starting recovery...
4272790000 >> Recovery done, continuing...
4272840000 >> Requesting for the AHB bus...
4273165000 >> Requesting for the AHB bus...
4273665000 >> AHB granted, starting recovery...
4292865000 >> Recovery done, continuing...
4292915000 >> Requesting for the AHB bus...
4293240000 >> Requesting for the AHB bus...
4293740000 >> AHB granted, starting recovery...
4312940000 >> Recovery done, continuing...
4312990000 >> Requesting for the AHB bus...
4313315000 >> Requesting for the AHB bus...
4313815000 >> AHB granted, starting recovery...
4333015000 >> Recovery done, continuing...
4333065000 >> Requesting for the AHB bus...
4333390000 >> Requesting for the AHB bus...
4333890000 >> AHB granted, starting recovery...
4353090000 >> Recovery done, continuing...
4353140000 >> Requesting for the AHB bus...
4353465000 >> Requesting for the AHB bus...
4353965000 >> AHB granted, starting recovery...
4373165000 >> Recovery done, continuing...
4373215000 >> Requesting for the AHB bus...
4373540000 >> Requesting for the AHB bus...
4374040000 >> AHB granted, starting recovery...
4393240000 >> Recovery done, continuing...
4393290000 >> Requesting for the AHB bus...
4393615000 >> Requesting for the AHB bus...
4394115000 >> AHB granted, starting recovery...
4413315000 >> Recovery done, continuing...
4413365000 >> Requesting for the AHB bus...
4413690000 >> Requesting for the AHB bus...
4414190000 >> AHB granted, starting recovery...
4433390000 >> Recovery done, continuing...
4433440000 >> Requesting for the AHB bus...
4433765000 >> Requesting for the AHB bus...
4434265000 >> AHB granted, starting recovery...
4453465000 >> Recovery done, continuing...
4453515000 >> Requesting for the AHB bus...
4453840000 >> Requesting for the AHB bus...
4454340000 >> AHB granted, starting recovery...
4473540000 >> Recovery done, continuing...
4473590000 >> Requesting for the AHB bus...
4473915000 >> Requesting for the AHB bus...
4474415000 >> AHB granted, starting recovery...
4493615000 >> Recovery done, continuing...
4493665000 >> Requesting for the AHB bus...
4493990000 >> Requesting for the AHB bus...
4494490000 >> AHB granted, starting recovery...
4513690000 >> Recovery done, continuing...
4513740000 >> Requesting for the AHB bus...
4514065000 >> Requesting for the AHB bus...
4514565000 >> AHB granted, starting recovery...
4533765000 >> Recovery done, continuing...
4533815000 >> Requesting for the AHB bus...
4534140000 >> Requesting for the AHB bus...
4534640000 >> AHB granted, starting recovery...
4553840000 >> Recovery done, continuing...
4553890000 >> Requesting for the AHB bus...
4554215000 >> Requesting for the AHB bus...
4554715000 >> AHB granted, starting recovery...
4573915000 >> Recovery done, continuing...
4573965000 >> Requesting for the AHB bus...
4574290000 >> Requesting for the AHB bus...
4574790000 >> AHB granted, starting recovery...
4593990000 >> Recovery done, continuing...
4594040000 >> Requesting for the AHB bus...
4594365000 >> Requesting for the AHB bus...
4594865000 >> AHB granted, starting recovery...
4614065000 >> Recovery done, continuing...
4614115000 >> Requesting for the AHB bus...
4614440000 >> Requesting for the AHB bus...
4614940000 >> AHB granted, starting recovery...
4634140000 >> Recovery done, continuing...
4634190000 >> Requesting for the AHB bus...
4634515000 >> Requesting for the AHB bus...
4635015000 >> AHB granted, starting recovery...
4654215000 >> Recovery done, continuing...
4654265000 >> Requesting for the AHB bus...
4654590000 >> Requesting for the AHB bus...
4655090000 >> AHB granted, starting recovery...
4674290000 >> Recovery done, continuing...
4674340000 >> Requesting for the AHB bus...
4674665000 >> Requesting for the AHB bus...
4675165000 >> AHB granted, starting recovery...
4694365000 >> Recovery done, continuing...
4694415000 >> Requesting for the AHB bus...
4694740000 >> Requesting for the AHB bus...
4695240000 >> AHB granted, starting recovery...
4714440000 >> Recovery done, continuing...
4714490000 >> Requesting for the AHB bus...
4714815000 >> Requesting for the AHB bus...
4715315000 >> AHB granted, starting recovery...
4734515000 >> Recovery done, continuing...
4734565000 >> Requesting for the AHB bus...
4734890000 >> Requesting for the AHB bus...
4735390000 >> AHB granted, starting recovery...
4754590000 >> Recovery done, continuing...
4754640000 >> Requesting for the AHB bus...
4754965000 >> Requesting for the AHB bus...
4755465000 >> AHB granted, starting recovery...
4774665000 >> Recovery done, continuing...
4774715000 >> Requesting for the AHB bus...
4775215000 >> Requesting for the AHB bus...
4775715000 >> AHB granted, starting recovery...
4794915000 >> Recovery done, continuing...
4794965000 >> Requesting for the AHB bus...
4795290000 >> Requesting for the AHB bus...
4795790000 >> AHB granted, starting recovery...
4814990000 >> Recovery done, continuing...
4815040000 >> Requesting for the AHB bus...
4815365000 >> Requesting for the AHB bus...
4815865000 >> AHB granted, starting recovery...
4835065000 >> Recovery done, continuing...
4835115000 >> Requesting for the AHB bus...
4835440000 >> Requesting for the AHB bus...
4835940000 >> AHB granted, starting recovery...
4855140000 >> Recovery done, continuing...
4855190000 >> Requesting for the AHB bus...
4855515000 >> Requesting for the AHB bus...
4856015000 >> AHB granted, starting recovery...
4875215000 >> Recovery done, continuing...
4875265000 >> Requesting for the AHB bus...
4875590000 >> Requesting for the AHB bus...
4876090000 >> AHB granted, starting recovery...
4895290000 >> Recovery done, continuing...
4895340000 >> Requesting for the AHB bus...
4895665000 >> Requesting for the AHB bus...
4896165000 >> AHB granted, starting recovery...
4915365000 >> Recovery done, continuing...
4915415000 >> Requesting for the AHB bus...
4915740000 >> Requesting for the AHB bus...
4916240000 >> AHB granted, starting recovery...
4935440000 >> Recovery done, continuing...
4935490000 >> Requesting for the AHB bus...
4935815000 >> Requesting for the AHB bus...
4936315000 >> AHB granted, starting recovery...
4955515000 >> Recovery done, continuing...
4955565000 >> Requesting for the AHB bus...
4955890000 >> Requesting for the AHB bus...
4956390000 >> AHB granted, starting recovery...
4975590000 >> Recovery done, continuing...
4975640000 >> Requesting for the AHB bus...
4975965000 >> Requesting for the AHB bus...
4976465000 >> AHB granted, starting recovery...
4995665000 >> Recovery done, continuing...
4995715000 >> Requesting for the AHB bus...
4996040000 >> Requesting for the AHB bus...
4996540000 >> AHB granted, starting recovery...
5015740000 >> Recovery done, continuing...
5015790000 >> Requesting for the AHB bus...
5016115000 >> Requesting for the AHB bus...
5016615000 >> AHB granted, starting recovery...
5035815000 >> Recovery done, continuing...
5035865000 >> Requesting for the AHB bus...
5036190000 >> Requesting for the AHB bus...
5036690000 >> AHB granted, starting recovery...
5055890000 >> Recovery done, continuing...
5055940000 >> Requesting for the AHB bus...
5056265000 >> Requesting for the AHB bus...
5056765000 >> AHB granted, starting recovery...
5075965000 >> Recovery done, continuing...
5076015000 >> Requesting for the AHB bus...
5076340000 >> Requesting for the AHB bus...
5076840000 >> AHB granted, starting recovery...
5096040000 >> Recovery done, continuing...
5096090000 >> Requesting for the AHB bus...
5096415000 >> Requesting for the AHB bus...
5096915000 >> AHB granted, starting recovery...
5116115000 >> Recovery done, continuing...
5116165000 >> Requesting for the AHB bus...
5116490000 >> Requesting for the AHB bus...
5116990000 >> AHB granted, starting recovery...
5136190000 >> Recovery done, continuing...
5136240000 >> Requesting for the AHB bus...
5136565000 >> Requesting for the AHB bus...
5137065000 >> AHB granted, starting recovery...
5156265000 >> Recovery done, continuing...
5156315000 >> Requesting for the AHB bus...
5156640000 >> Requesting for the AHB bus...
5157140000 >> AHB granted, starting recovery...
5176340000 >> Recovery done, continuing...
5176390000 >> Requesting for the AHB bus...
5176715000 >> Requesting for the AHB bus...
5177215000 >> AHB granted, starting recovery...
5196415000 >> Recovery done, continuing...
5196465000 >> Requesting for the AHB bus...
5196790000 >> Requesting for the AHB bus...
5197290000 >> AHB granted, starting recovery...
5216490000 >> Recovery done, continuing...
5216540000 >> Requesting for the AHB bus...
5216865000 >> Requesting for the AHB bus...
5217365000 >> AHB granted, starting recovery...
5236565000 >> Recovery done, continuing...
5236615000 >> Requesting for the AHB bus...
5236940000 >> Requesting for the AHB bus...
5237440000 >> AHB granted, starting recovery...
5256640000 >> Recovery done, continuing...
5256690000 >> Requesting for the AHB bus...
5257015000 >> Requesting for the AHB bus...
5257515000 >> AHB granted, starting recovery...
5276715000 >> Recovery done, continuing...
5276765000 >> Requesting for the AHB bus...
5277090000 >> Requesting for the AHB bus...
5277590000 >> AHB granted, starting recovery...
5296790000 >> Recovery done, continuing...
5296840000 >> Requesting for the AHB bus...
5297165000 >> Requesting for the AHB bus...
5297665000 >> AHB granted, starting recovery...
5316865000 >> Recovery done, continuing...
5316915000 >> Requesting for the AHB bus...
5317240000 >> Requesting for the AHB bus...
5317740000 >> AHB granted, starting recovery...
5336940000 >> Recovery done, continuing...
5336990000 >> Requesting for the AHB bus...
5337315000 >> Requesting for the AHB bus...
5337815000 >> AHB granted, starting recovery...
5357015000 >> Recovery done, continuing...
5357065000 >> Requesting for the AHB bus...
5357390000 >> Requesting for the AHB bus...
5357890000 >> AHB granted, starting recovery...
5377090000 >> Recovery done, continuing...
5377140000 >> Requesting for the AHB bus...
5377465000 >> Requesting for the AHB bus...
5377965000 >> AHB granted, starting recovery...
5397165000 >> Recovery done, continuing...
5397215000 >> Requesting for the AHB bus...
5397540000 >> Requesting for the AHB bus...
5398040000 >> AHB granted, starting recovery...
5417240000 >> Recovery done, continuing...
5417290000 >> Requesting for the AHB bus...
5417615000 >> Requesting for the AHB bus...
5418115000 >> AHB granted, starting recovery...
5437315000 >> Recovery done, continuing...
5437365000 >> Requesting for the AHB bus...
5437690000 >> Requesting for the AHB bus...
5438190000 >> AHB granted, starting recovery...
5457390000 >> Recovery done, continuing...
5457440000 >> Requesting for the AHB bus...
5457765000 >> Requesting for the AHB bus...
5458265000 >> AHB granted, starting recovery...
5477465000 >> Recovery done, continuing...
5477515000 >> Requesting for the AHB bus...
5477840000 >> Requesting for the AHB bus...
5478340000 >> AHB granted, starting recovery...
5497540000 >> Recovery done, continuing...
5497590000 >> Requesting for the AHB bus...
5497915000 >> Requesting for the AHB bus...
5498415000 >> AHB granted, starting recovery...
5517615000 >> Recovery done, continuing...
5517665000 >> Requesting for the AHB bus...
5517990000 >> Requesting for the AHB bus...
5518490000 >> AHB granted, starting recovery...
5537690000 >> Recovery done, continuing...
5537740000 >> Requesting for the AHB bus...
5538065000 >> Requesting for the AHB bus...
5538565000 >> AHB granted, starting recovery...
5557765000 >> Recovery done, continuing...
5557815000 >> Requesting for the AHB bus...
5558140000 >> Requesting for the AHB bus...
5558640000 >> AHB granted, starting recovery...
5577840000 >> Recovery done, continuing...
5577890000 >> Requesting for the AHB bus...
5578215000 >> Requesting for the AHB bus...
5578715000 >> AHB granted, starting recovery...
5597915000 >> Recovery done, continuing...
5597965000 >> Requesting for the AHB bus...
5598290000 >> Requesting for the AHB bus...
5598790000 >> AHB granted, starting recovery...
5617990000 >> Recovery done, continuing...
5618040000 >> Requesting for the AHB bus...
5618365000 >> Requesting for the AHB bus...
5618865000 >> AHB granted, starting recovery...
5638065000 >> Recovery done, continuing...
5638115000 >> Requesting for the AHB bus...
5638440000 >> Requesting for the AHB bus...
5638940000 >> AHB granted, starting recovery...
5658140000 >> Recovery done, continuing...
5658190000 >> Requesting for the AHB bus...
5658515000 >> Requesting for the AHB bus...
5659015000 >> AHB granted, starting recovery...
5678215000 >> Recovery done, continuing...
5678265000 >> Requesting for the AHB bus...
5678590000 >> Requesting for the AHB bus...
5679090000 >> AHB granted, starting recovery...
5698290000 >> Recovery done, continuing...
5698340000 >> Requesting for the AHB bus...
5698665000 >> Requesting for the AHB bus...
5699165000 >> AHB granted, starting recovery...
5718365000 >> Recovery done, continuing...
5718415000 >> Requesting for the AHB bus...
5718740000 >> Requesting for the AHB bus...
5719240000 >> AHB granted, starting recovery...
5738440000 >> Recovery done, continuing...
5738490000 >> Requesting for the AHB bus...
5738815000 >> Requesting for the AHB bus...
5739315000 >> AHB granted, starting recovery...
5745715000 >> time limit reached...
/testbench/cpu/l3/u0/leon3x0/vhdl/p0/iu/r.w.wreg:0
/testbench/cpu/l3/u0/leon3x0/vhdl/p0/iu/r.m.irqen:1
/testbench/cpu/l3/u0/leon3x0/vhdl/p0/iu/r.m.icc:0000
/testbench/cpu/l3/u0/leon3x0/vhdl/p0/iu/r.a.ticc:0
/testbench/cpu/l3/u0/leon3x0/vhdl/p0/iu/r.a.step:0
/testbench/cpu/l3/u0/leon3x0/vhdl/p0/iu/r.m.irqen2:1
/testbench/cpu/l3/u0/leon3x0/vhdl/p0/iu/r.d.pc:01000000000000000000001101101100
/testbench/cpu/l3/u0/leon3x0/vhdl/p0/iu/r.d.rexpl:{{00000000000000000000000000000000} {00} {0} 0 0 {0000000000000000000} 0 0 0 0 0 0}
/testbench/cpu/l3/u0/leon3x0/vhdl/p0/iu/r.d.mexc:0
/testbench/cpu/l3/u0/leon3x0/vhdl/p0/iu/r.a.aw:0
/testbench/cpu/l3/u0/leon3x0/vhdl/p0/iu/r.e.ctrl:{{01000000000000000000001101101000} {11000010000001111011111111110000} {00} {10000001} {000000} 0 0 1 0 0 1 1 0 0}
/testbench/cpu/l3/u0/leon3x0/vhdl/p0/iu/r.a.divstart:0
/testbench/cpu/l3/u0/leon3x0/vhdl/p0/iu/r.e.shleft:0
/testbench/cpu/l3/u0/leon3x0/vhdl/p0/iu/r.a.bp:0
/testbench/cpu/l3/u0/leon3x0/vhdl/p0/iu/r.w.twcwp:000
/testbench/cpu/l3/u0/leon3x0/vhdl/p0/iu/r.a.jmpl:0
/testbench/cpu/l3/u0/leon3x0/vhdl/p0/iu/r.m.casa:0
/testbench/cpu/l3/u0/leon3x0/vhdl/p0/iu/r.m.werr:0
/testbench/cpu/l3/u0/leon3x0/vhdl/p0/iu/r.e.su:1
/testbench/cpu/l3/u0/leon3x0/vhdl/p0/iu/r.e.et:1
/testbench/cpu/l3/u0/leon3x0/vhdl/p0/iu/r.a.ldcheck1:1
/testbench/cpu/l3/u0/leon3x0/vhdl/p0/iu/r.d.stwin:000
/testbench/cpu/l3/u0/leon3x0/vhdl/p0/iu/r.a.ldcheck2:1
/testbench/cpu/l3/u0/leon3x0/vhdl/p0/iu/r.x.intack:0
/testbench/cpu/l3/u0/leon3x0/vhdl/p0/iu/r.m.ctrl:{{01000000000000000000001101100100} {10000100000100000010000000001001} {00} {10000010} {000000} 0 0 1 0 0 0 1 0 0}
/testbench/cpu/l3/u0/leon3x0/vhdl/p0/iu/r.a.cwp:100
/testbench/cpu/l3/u0/leon3x0/vhdl/p0/iu/r.e.sari:0
/testbench/cpu/l3/u0/leon3x0/vhdl/p0/iu/r.d.paw:0
/testbench/cpu/l3/u0/leon3x0/vhdl/p0/iu/r.d.aw:0
/testbench/cpu/l3/u0/leon3x0/vhdl/p0/iu/r.d.awp:000
/testbench/cpu/l3/u0/leon3x0/vhdl/p0/iu/r.x.ctrl:{{01000000000000000000001101100000} {11000010001001111011111111110100} {01} {10000001} {000000} 0 0 0 0 0 0 0 0 0}
/testbench/cpu/l3/u0/leon3x0/vhdl/p0/iu/r.m.rexnalign:0
/testbench/cpu/l3/u0/leon3x0/vhdl/p0/iu/r.m.su:1
/testbench/cpu/l3/u0/leon3x0/vhdl/p0/iu/r.m.wcwp:0
/testbench/cpu/l3/u0/leon3x0/vhdl/p0/iu/r.d.divrdy:0
/testbench/cpu/l3/u0/leon3x0/vhdl/p0/iu/r.e.cwp:100
/testbench/cpu/l3/u0/leon3x0/vhdl/p0/iu/r.w.except:0
/testbench/cpu/l3/u0/leon3x0/vhdl/p0/iu/r.x.nerror:0
/testbench/cpu/l3/u0/leon3x0/vhdl/p0/iu/r.a.bpimiss:0
/testbench/cpu/l3/u0/leon3x0/vhdl/p0/iu/r.a.nobp:0
/testbench/cpu/l3/u0/leon3x0/vhdl/p0/iu/r.d.rexcnt:0
/testbench/cpu/l3/u0/leon3x0/vhdl/p0/iu/r.w.s:{{101} {0000} {00000000} {01000000000000000000} {00000010} {0000} 0 0 1 1 1 {00000000000000000000000000000000} {UUUUUUUUUUUUUUUUUUUUUUUUUUUUUUUU} 1 0 0 1 1 1 0 0 {000} {000} {111}}
/testbench/cpu/l3/u0/leon3x0/vhdl/p0/iu/r.d.pv:1
/testbench/cpu/l3/u0/leon3x0/vhdl/p0/iu/r.a.ldchkra:1
/testbench/cpu/l3/u0/leon3x0/vhdl/p0/iu/r.a.rfa1:10000010
/testbench/cpu/l3/u0/leon3x0/vhdl/p0/iu/r.a.rfa2:10000001
/testbench/cpu/l3/u0/leon3x0/vhdl/p0/iu/r.a.imm:00000000000000000000000000000001
/testbench/cpu/l3/u0/leon3x0/vhdl/p0/iu/r.w.wa:10000001
/testbench/cpu/l3/u0/leon3x0/vhdl/p0/iu/r.m.casaz:0
/testbench/cpu/l3/u0/leon3x0/vhdl/p0/iu/r.x.dci:{0 0 0 1 0 0 {10} {00001011}}
/testbench/cpu/l3/u0/leon3x0/vhdl/p0/iu/r.x.mac:0
/testbench/cpu/l3/u0/leon3x0/vhdl/p0/iu/r.m.divz:0
/testbench/cpu/l3/u0/leon3x0/vhdl/p0/iu/r.d.inst:{{10000100001000001000000000000001}}
/testbench/cpu/l3/u0/leon3x0/vhdl/p0/iu/r.e.rfe1:1
/testbench/cpu/l3/u0/leon3x0/vhdl/p0/iu/r.a.wovf:0
/testbench/cpu/l3/u0/leon3x0/vhdl/p0/iu/r.e.rfe2:0
/testbench/cpu/l3/u0/leon3x0/vhdl/p0/iu/r.e.op1:01000000000011111111111000101000
/testbench/cpu/l3/u0/leon3x0/vhdl/p0/iu/r.m.nalign:1
/testbench/cpu/l3/u0/leon3x0/vhdl/p0/iu/r.e.op2:11111111111111111111111111110000
/testbench/cpu/l3/u0/leon3x0/vhdl/p0/iu/r.d.rexen:0
/testbench/cpu/l3/u0/leon3x0/vhdl/p0/iu/r.a.ctrl:{{01000000000000000000001101101100} {10000100001000001000000000000001} {00} {10000010} {000000} 0 1 0 0 0 0 0 0 0}
/testbench/cpu/l3/u0/leon3x0/vhdl/p0/iu/r.x.ipend:0
/testbench/cpu/l3/u0/leon3x0/vhdl/p0/iu/r.e.ldbp1:0
/testbench/cpu/l3/u0/leon3x0/vhdl/p0/iu/r.e.aluadd:1
/testbench/cpu/l3/u0/leon3x0/vhdl/p0/iu/r.d.set:0
/testbench/cpu/l3/u0/leon3x0/vhdl/p0/iu/r.d.inull:0
/testbench/cpu/l3/u0/leon3x0/vhdl/p0/iu/r.e.ldbp2:0
/testbench/cpu/l3/u0/leon3x0/vhdl/p0/iu/r.d.cnt:00
/testbench/cpu/l3/u0/leon3x0/vhdl/p0/iu/r.a.su:1
/testbench/cpu/l3/u0/leon3x0/vhdl/p0/iu/r.a.et:1
/testbench/cpu/l3/u0/leon3x0/vhdl/p0/iu/r.e.mul:0
/testbench/cpu/l3/u0/leon3x0/vhdl/p0/iu/r.e.alusel:00
/testbench/cpu/l3/u0/leon3x0/vhdl/p0/iu/r.e.aw:U
/testbench/cpu/l3/u0/leon3x0/vhdl/p0/iu/r.e.mac:0
/testbench/cpu/l3/u0/leon3x0/vhdl/p0/iu/r.a.decill:0
/testbench/cpu/l3/u0/leon3x0/vhdl/p0/iu/r.x.icc:0000
/testbench/cpu/l3/u0/leon3x0/vhdl/p0/iu/r.x.result:00000000000000000000000000000010
/testbench/cpu/l3/u0/leon3x0/vhdl/p0/iu/r.e.bp:0
/testbench/cpu/l3/u0/leon3x0/vhdl/p0/iu/r.a.rs1:00010
/testbench/cpu/l3/u0/leon3x0/vhdl/p0/iu/r.e.jmpl:0
/testbench/cpu/l3/u0/leon3x0/vhdl/p0/iu/r.a.rsel1:010
/testbench/cpu/l3/u0/leon3x0/vhdl/p0/iu/r.x.y:00000000000000000000000000000000
/testbench/cpu/l3/u0/leon3x0/vhdl/p0/iu/r.a.rsel2:001
/testbench/cpu/l3/u0/leon3x0/vhdl/p0/iu/r.a.awp:000
/testbench/cpu/l3/u0/leon3x0/vhdl/p0/iu/r.a.paw:0
/testbench/cpu/l3/u0/leon3x0/vhdl/p0/iu/r.x.data:{{00000000000000000000000000000001}}
/testbench/cpu/l3/u0/leon3x0/vhdl/p0/iu/r.m.mul:0
/testbench/cpu/l3/u0/leon3x0/vhdl/p0/iu/r.e.rd:UUUUU
/testbench/cpu/l3/u0/leon3x0/vhdl/p0/iu/r.e.invop2:0
/testbench/cpu/l3/u0/leon3x0/vhdl/p0/iu/r.m.wawp:0
/testbench/cpu/l3/u0/leon3x0/vhdl/p0/iu/r.d.cwpmax:111
/testbench/cpu/l3/u0/leon3x0/vhdl/p0/iu/r.f.branch:0
/testbench/cpu/l3/u0/leon3x0/vhdl/p0/iu/r.d.pcheld:1
/testbench/cpu/l3/u0/leon3x0/vhdl/p0/iu/r.m.dci:{0 0 1 0 0 0 {10} {00001011}}
/testbench/cpu/l3/u0/leon3x0/vhdl/p0/iu/r.e.paw:U
/testbench/cpu/l3/u0/leon3x0/vhdl/p0/iu/r.e.awp:UUU
/testbench/cpu/l3/u0/leon3x0/vhdl/p0/iu/r.e.shcnt:10000
/testbench/cpu/l3/u0/leon3x0/vhdl/p0/iu/r.w.result:01000000000011111111111010010100
/testbench/cpu/l3/u0/leon3x0/vhdl/p0/iu/r.m.mac:0
/testbench/cpu/l3/u0/leon3x0/vhdl/p0/iu/r.m.y:00000000000000000000000000000000
/testbench/cpu/l3/u0/leon3x0/vhdl/p0/iu/r.d.cwp:100
/testbench/cpu/l3/u0/leon3x0/vhdl/p0/iu/r.x.laddr:10
/testbench/cpu/l3/u0/leon3x0/vhdl/p0/iu/r.e.mulstep:0
/testbench/cpu/l3/u0/leon3x0/vhdl/p0/iu/r.e.ymsb:0
/testbench/cpu/l3/u0/leon3x0/vhdl/p0/iu/r.d.rexbuf:00000000000000000000000000000000
/testbench/cpu/l3/u0/leon3x0/vhdl/p0/iu/r.x.npc:100
/testbench/cpu/l3/u0/leon3x0/vhdl/p0/iu/r.f.pc:01000000000000000000001101110000
/testbench/cpu/l3/u0/leon3x0/vhdl/p0/iu/r.d.annul:0
/testbench/cpu/l3/u0/leon3x0/vhdl/p0/iu/r.x.rstate:run
/testbench/cpu/l3/u0/leon3x0/vhdl/p0/iu/r.x.set:0
/testbench/cpu/l3/u0/leon3x0/vhdl/p0/iu/r.m.result:00000000000000000000000000001001
/testbench/cpu/l3/u0/leon3x0/vhdl/p0/iu/r.e.icc:UUUU
/testbench/cpu/l3/u0/leon3x0/vhdl/p0/iu/r.a.getpc:0
/testbench/cpu/l3/u0/leon3x0/vhdl/p0/iu/r.a.ldchkex:1
/testbench/cpu/l3/u0/leon3x0/vhdl/p0/iu/r.x.mexc:0
/testbench/cpu/l3/u0/leon3x0/vhdl/p0/iu/r.a.mulstart:0
/testbench/cpu/l3/u0/leon3x0/vhdl/p0/iu/r.d.rexpos:10
/testbench/cpu/l3/u0/leon3x0/vhdl/p0/iu/r.x.annul_all:0
/testbench/cpu/l3/u0/leon3x0/vhdl/p0/iu/r.e.aluop:000
/testbench/cpu/l3/u0/leon3x0/vhdl/p0/iu/r.x.debug:0
/testbench/cpu/l3/u0/leon3x0/vhdl/p0/iu/r.a.rfe1:0
/testbench/cpu/l3/u0/leon3x0/vhdl/p0/iu/r.d.step:0
/testbench/cpu/l3/u0/leon3x0/vhdl/p0/iu/r.a.rfe2:0
/testbench/cpu/l3/u0/leon3x0/vhdl/p0/iu/r.e.alucin:0
/testbench/cpu/l3/u0/leon3x0/vhdl/p0/iu/r.a.wunf:0
compare to golden: 1
======================================
progstatus: -2
execerr: 115
latent: 1
time limit!
>>>>>>>>>>>>>>> 5745715000
======================================
