Test signal = /testbench/cpu/l3/u0/leon3x0/vhdl/p0/iu/r.a.rfa1
oldval = 10000000
pos1: 0 pos0: 7 posU: -1
newval = 00000000
force in 1975307
586290000 >> iteration no: 0
1598340000 >> iteration no: 1
Signal value: 10000010
oldval = 10000010
pos1: 6 pos0: 7 posU: -1
newval = 10000000
2557140000 >> Requesting for the AHB bus...
2557465000 >> Requesting for the AHB bus...
2557915000 >> AHB granted, starting recovery...
2577115000 >> Recovery done, continuing...
2577815000 >> Requesting for the AHB bus...
2578590000 >> AHB granted, starting recovery...
2597790000 >> Recovery done, continuing...
2598490000 >> Requesting for the AHB bus...
2599265000 >> AHB granted, starting recovery...
2618465000 >> Recovery done, continuing...
2619165000 >> Requesting for the AHB bus...
2619940000 >> AHB granted, starting recovery...
2639140000 >> Recovery done, continuing...
2639840000 >> Requesting for the AHB bus...
2640615000 >> AHB granted, starting recovery...
2659815000 >> Recovery done, continuing...
2660515000 >> Requesting for the AHB bus...
2661290000 >> AHB granted, starting recovery...
2680490000 >> Recovery done, continuing...
2681190000 >> Requesting for the AHB bus...
2681965000 >> AHB granted, starting recovery...
2701165000 >> Recovery done, continuing...
2701940000 >> Requesting for the AHB bus...
2702715000 >> AHB granted, starting recovery...
2721915000 >> Recovery done, continuing...
2722615000 >> Requesting for the AHB bus...
2723390000 >> AHB granted, starting recovery...
2742590000 >> Recovery done, continuing...
2743290000 >> Requesting for the AHB bus...
2744065000 >> AHB granted, starting recovery...
2763265000 >> Recovery done, continuing...
2763965000 >> Requesting for the AHB bus...
2764740000 >> AHB granted, starting recovery...
2783940000 >> Recovery done, continuing...
2784815000 >> Requesting for the AHB bus...
2785590000 >> AHB granted, starting recovery...
2804790000 >> Recovery done, continuing...
2805490000 >> Requesting for the AHB bus...
2806265000 >> AHB granted, starting recovery...
2825465000 >> Recovery done, continuing...
2826165000 >> Requesting for the AHB bus...
2826940000 >> AHB granted, starting recovery...
2846140000 >> Recovery done, continuing...
2846840000 >> Requesting for the AHB bus...
2847615000 >> AHB granted, starting recovery...
2866815000 >> Recovery done, continuing...
2867515000 >> Requesting for the AHB bus...
2868290000 >> AHB granted, starting recovery...
2887490000 >> Recovery done, continuing...
2888190000 >> Requesting for the AHB bus...
2888965000 >> AHB granted, starting recovery...
2908165000 >> Recovery done, continuing...
2908865000 >> Requesting for the AHB bus...
2909640000 >> AHB granted, starting recovery...
2928840000 >> Recovery done, continuing...
2929540000 >> Requesting for the AHB bus...
2930315000 >> AHB granted, starting recovery...
2949515000 >> Recovery done, continuing...
2950215000 >> Requesting for the AHB bus...
2950990000 >> AHB granted, starting recovery...
2970190000 >> Recovery done, continuing...
2970890000 >> Requesting for the AHB bus...
2971665000 >> AHB granted, starting recovery...
2990865000 >> Recovery done, continuing...
2991565000 >> Requesting for the AHB bus...
2992340000 >> AHB granted, starting recovery...
3011540000 >> Recovery done, continuing...
3012240000 >> Requesting for the AHB bus...
3013015000 >> AHB granted, starting recovery...
3032215000 >> Recovery done, continuing...
3032915000 >> Requesting for the AHB bus...
3033690000 >> AHB granted, starting recovery...
3052890000 >> Recovery done, continuing...
3053765000 >> Requesting for the AHB bus...
3054540000 >> AHB granted, starting recovery...
3073740000 >> Recovery done, continuing...
3074440000 >> Requesting for the AHB bus...
3075215000 >> AHB granted, starting recovery...
3094415000 >> Recovery done, continuing...
3095115000 >> Requesting for the AHB bus...
3095890000 >> AHB granted, starting recovery...
3115090000 >> Recovery done, continuing...
3115790000 >> Requesting for the AHB bus...
3116565000 >> AHB granted, starting recovery...
3135765000 >> Recovery done, continuing...
3136465000 >> Requesting for the AHB bus...
3137390000 >> AHB granted, starting recovery...
3156590000 >> Recovery done, continuing...
3157290000 >> Requesting for the AHB bus...
3158065000 >> AHB granted, starting recovery...
3177265000 >> Recovery done, continuing...
3177965000 >> Requesting for the AHB bus...
3178740000 >> AHB granted, starting recovery...
3197940000 >> Recovery done, continuing...
3198640000 >> Requesting for the AHB bus...
3199415000 >> AHB granted, starting recovery...
3218615000 >> Recovery done, continuing...
3219315000 >> Requesting for the AHB bus...
3220090000 >> AHB granted, starting recovery...
3239290000 >> Recovery done, continuing...
3239990000 >> Requesting for the AHB bus...
3240765000 >> AHB granted, starting recovery...
3259965000 >> Recovery done, continuing...
3260665000 >> Requesting for the AHB bus...
3261440000 >> AHB granted, starting recovery...
3280640000 >> Recovery done, continuing...
3281340000 >> Requesting for the AHB bus...
3282115000 >> AHB granted, starting recovery...
3301315000 >> Recovery done, continuing...
3302015000 >> Requesting for the AHB bus...
3302790000 >> AHB granted, starting recovery...
3321990000 >> Recovery done, continuing...
3322740000 >> Requesting for the AHB bus...
3323515000 >> AHB granted, starting recovery...
3342715000 >> Recovery done, continuing...
3343415000 >> Requesting for the AHB bus...
3344190000 >> AHB granted, starting recovery...
3363390000 >> Recovery done, continuing...
3364090000 >> Requesting for the AHB bus...
3364865000 >> AHB granted, starting recovery...
3384065000 >> Recovery done, continuing...
3384765000 >> Requesting for the AHB bus...
3385540000 >> AHB granted, starting recovery...
3404740000 >> Recovery done, continuing...
3405615000 >> Requesting for the AHB bus...
3406390000 >> AHB granted, starting recovery...
3425590000 >> Recovery done, continuing...
3426290000 >> Requesting for the AHB bus...
3427065000 >> AHB granted, starting recovery...
3446265000 >> Recovery done, continuing...
3446965000 >> Requesting for the AHB bus...
3447740000 >> AHB granted, starting recovery...
3466940000 >> Recovery done, continuing...
3467640000 >> Requesting for the AHB bus...
3468415000 >> AHB granted, starting recovery...
3487615000 >> Recovery done, continuing...
3488315000 >> Requesting for the AHB bus...
3489090000 >> AHB granted, starting recovery...
3508290000 >> Recovery done, continuing...
3508990000 >> Requesting for the AHB bus...
3509765000 >> AHB granted, starting recovery...
3528965000 >> Recovery done, continuing...
3529665000 >> Requesting for the AHB bus...
3530440000 >> AHB granted, starting recovery...
3549640000 >> Recovery done, continuing...
3550340000 >> Requesting for the AHB bus...
3551115000 >> AHB granted, starting recovery...
3570315000 >> Recovery done, continuing...
3571015000 >> Requesting for the AHB bus...
3571790000 >> AHB granted, starting recovery...
3590990000 >> Recovery done, continuing...
3591690000 >> Requesting for the AHB bus...
3592465000 >> AHB granted, starting recovery...
3611665000 >> Recovery done, continuing...
3612365000 >> Requesting for the AHB bus...
3613140000 >> AHB granted, starting recovery...
3632340000 >> Recovery done, continuing...
3633040000 >> Requesting for the AHB bus...
3633815000 >> AHB granted, starting recovery...
3653015000 >> Recovery done, continuing...
3653715000 >> Requesting for the AHB bus...
3654490000 >> AHB granted, starting recovery...
3673690000 >> Recovery done, continuing...
3674565000 >> Requesting for the AHB bus...
3675340000 >> AHB granted, starting recovery...
3694540000 >> Recovery done, continuing...
3695240000 >> Requesting for the AHB bus...
3696015000 >> AHB granted, starting recovery...
3715215000 >> Recovery done, continuing...
3715915000 >> Requesting for the AHB bus...
3716690000 >> AHB granted, starting recovery...
3735890000 >> Recovery done, continuing...
3736590000 >> Requesting for the AHB bus...
3737365000 >> AHB granted, starting recovery...
3756565000 >> Recovery done, continuing...
3757265000 >> Requesting for the AHB bus...
3758190000 >> AHB granted, starting recovery...
3777390000 >> Recovery done, continuing...
3778090000 >> Requesting for the AHB bus...
3778865000 >> AHB granted, starting recovery...
3798065000 >> Recovery done, continuing...
3798765000 >> Requesting for the AHB bus...
3799540000 >> AHB granted, starting recovery...
3818740000 >> Recovery done, continuing...
3819440000 >> Requesting for the AHB bus...
3820215000 >> AHB granted, starting recovery...
3839415000 >> Recovery done, continuing...
3840115000 >> Requesting for the AHB bus...
3840890000 >> AHB granted, starting recovery...
3860090000 >> Recovery done, continuing...
3860790000 >> Requesting for the AHB bus...
3861565000 >> AHB granted, starting recovery...
3880765000 >> Recovery done, continuing...
3881465000 >> Requesting for the AHB bus...
3882240000 >> AHB granted, starting recovery...
3901440000 >> Recovery done, continuing...
3902140000 >> Requesting for the AHB bus...
3902915000 >> AHB granted, starting recovery...
3922115000 >> Recovery done, continuing...
3922815000 >> Requesting for the AHB bus...
3923590000 >> AHB granted, starting recovery...
3942790000 >> Recovery done, continuing...
3943540000 >> Requesting for the AHB bus...
3944315000 >> AHB granted, starting recovery...
3963515000 >> Recovery done, continuing...
3964215000 >> Requesting for the AHB bus...
3964990000 >> AHB granted, starting recovery...
3984190000 >> Recovery done, continuing...
3984890000 >> Requesting for the AHB bus...
3985665000 >> AHB granted, starting recovery...
4004865000 >> Recovery done, continuing...
4005565000 >> Requesting for the AHB bus...
4006340000 >> AHB granted, starting recovery...
4025540000 >> Recovery done, continuing...
4026415000 >> Requesting for the AHB bus...
4027190000 >> AHB granted, starting recovery...
4046390000 >> Recovery done, continuing...
4047090000 >> Requesting for the AHB bus...
4047865000 >> AHB granted, starting recovery...
4067065000 >> Recovery done, continuing...
4067765000 >> Requesting for the AHB bus...
4068540000 >> AHB granted, starting recovery...
4087740000 >> Recovery done, continuing...
4088440000 >> Requesting for the AHB bus...
4089215000 >> AHB granted, starting recovery...
4108415000 >> Recovery done, continuing...
4109115000 >> Requesting for the AHB bus...
4109890000 >> AHB granted, starting recovery...
4129090000 >> Recovery done, continuing...
4129790000 >> Requesting for the AHB bus...
4130565000 >> AHB granted, starting recovery...
4149765000 >> Recovery done, continuing...
4150465000 >> Requesting for the AHB bus...
4151240000 >> AHB granted, starting recovery...
4170440000 >> Recovery done, continuing...
4171140000 >> Requesting for the AHB bus...
4171915000 >> AHB granted, starting recovery...
4191115000 >> Recovery done, continuing...
4191815000 >> Requesting for the AHB bus...
4192590000 >> AHB granted, starting recovery...
4211790000 >> Recovery done, continuing...
4212490000 >> Requesting for the AHB bus...
4213265000 >> AHB granted, starting recovery...
4232465000 >> Recovery done, continuing...
4233165000 >> Requesting for the AHB bus...
4233940000 >> AHB granted, starting recovery...
4253140000 >> Recovery done, continuing...
4253840000 >> Requesting for the AHB bus...
4254615000 >> AHB granted, starting recovery...
4273815000 >> Recovery done, continuing...
4274515000 >> Requesting for the AHB bus...
4275290000 >> AHB granted, starting recovery...
4294490000 >> Recovery done, continuing...
4295365000 >> Requesting for the AHB bus...
4296140000 >> AHB granted, starting recovery...
4315340000 >> Recovery done, continuing...
4316040000 >> Requesting for the AHB bus...
4316815000 >> AHB granted, starting recovery...
4336015000 >> Recovery done, continuing...
4336715000 >> Requesting for the AHB bus...
4337490000 >> AHB granted, starting recovery...
4356690000 >> Recovery done, continuing...
4357390000 >> Requesting for the AHB bus...
4358165000 >> AHB granted, starting recovery...
4377365000 >> Recovery done, continuing...
4378065000 >> Requesting for the AHB bus...
4378990000 >> AHB granted, starting recovery...
4398190000 >> Recovery done, continuing...
4398890000 >> Requesting for the AHB bus...
4399665000 >> AHB granted, starting recovery...
4418865000 >> Recovery done, continuing...
4419565000 >> Requesting for the AHB bus...
4420340000 >> AHB granted, starting recovery...
4439540000 >> Recovery done, continuing...
4440240000 >> Requesting for the AHB bus...
4441015000 >> AHB granted, starting recovery...
4460215000 >> Recovery done, continuing...
4460915000 >> Requesting for the AHB bus...
4461690000 >> AHB granted, starting recovery...
4480890000 >> Recovery done, continuing...
4481590000 >> Requesting for the AHB bus...
4482365000 >> AHB granted, starting recovery...
4501565000 >> Recovery done, continuing...
4502265000 >> Requesting for the AHB bus...
4503040000 >> AHB granted, starting recovery...
4522240000 >> Recovery done, continuing...
4522940000 >> Requesting for the AHB bus...
4523715000 >> AHB granted, starting recovery...
4542915000 >> Recovery done, continuing...
4543615000 >> Requesting for the AHB bus...
4544390000 >> AHB granted, starting recovery...
4563590000 >> Recovery done, continuing...
4564340000 >> Requesting for the AHB bus...
4565115000 >> AHB granted, starting recovery...
4584315000 >> Recovery done, continuing...
4585015000 >> Requesting for the AHB bus...
4585790000 >> AHB granted, starting recovery...
4604990000 >> Recovery done, continuing...
4605690000 >> Requesting for the AHB bus...
4606465000 >> AHB granted, starting recovery...
4625665000 >> Recovery done, continuing...
4626365000 >> Requesting for the AHB bus...
4627140000 >> AHB granted, starting recovery...
4646340000 >> Recovery done, continuing...
4647215000 >> Requesting for the AHB bus...
4647990000 >> AHB granted, starting recovery...
4667190000 >> Recovery done, continuing...
4667890000 >> Requesting for the AHB bus...
4668665000 >> AHB granted, starting recovery...
4687865000 >> Recovery done, continuing...
4688565000 >> Requesting for the AHB bus...
4689340000 >> AHB granted, starting recovery...
4708540000 >> Recovery done, continuing...
4709240000 >> Requesting for the AHB bus...
4710015000 >> AHB granted, starting recovery...
4729215000 >> Recovery done, continuing...
4729915000 >> Requesting for the AHB bus...
4730690000 >> AHB granted, starting recovery...
4749890000 >> Recovery done, continuing...
4750590000 >> Requesting for the AHB bus...
4751365000 >> AHB granted, starting recovery...
4770565000 >> Recovery done, continuing...
4771265000 >> Requesting for the AHB bus...
4772040000 >> AHB granted, starting recovery...
4791240000 >> Recovery done, continuing...
4791940000 >> Requesting for the AHB bus...
4792715000 >> AHB granted, starting recovery...
4811915000 >> Recovery done, continuing...
4812615000 >> Requesting for the AHB bus...
4813390000 >> AHB granted, starting recovery...
4832590000 >> Recovery done, continuing...
4833290000 >> Requesting for the AHB bus...
4834065000 >> AHB granted, starting recovery...
4853265000 >> Recovery done, continuing...
4853965000 >> Requesting for the AHB bus...
4854740000 >> AHB granted, starting recovery...
4873940000 >> Recovery done, continuing...
4874640000 >> Requesting for the AHB bus...
4875415000 >> AHB granted, starting recovery...
4894615000 >> Recovery done, continuing...
4895315000 >> Requesting for the AHB bus...
4896090000 >> AHB granted, starting recovery...
4915290000 >> Recovery done, continuing...
4916165000 >> Requesting for the AHB bus...
4916940000 >> AHB granted, starting recovery...
4936140000 >> Recovery done, continuing...
4936840000 >> Requesting for the AHB bus...
4937615000 >> AHB granted, starting recovery...
4956815000 >> Recovery done, continuing...
4957515000 >> Requesting for the AHB bus...
4958290000 >> AHB granted, starting recovery...
4977490000 >> Recovery done, continuing...
4978190000 >> Requesting for the AHB bus...
4978965000 >> AHB granted, starting recovery...
4998165000 >> Recovery done, continuing...
4998865000 >> Requesting for the AHB bus...
4999790000 >> AHB granted, starting recovery...
5018990000 >> Recovery done, continuing...
5019690000 >> Requesting for the AHB bus...
5020465000 >> AHB granted, starting recovery...
5039665000 >> Recovery done, continuing...
5040365000 >> Requesting for the AHB bus...
5041140000 >> AHB granted, starting recovery...
5060340000 >> Recovery done, continuing...
5061040000 >> Requesting for the AHB bus...
5061815000 >> AHB granted, starting recovery...
5081015000 >> Recovery done, continuing...
5081715000 >> Requesting for the AHB bus...
5082490000 >> AHB granted, starting recovery...
5101690000 >> Recovery done, continuing...
5102390000 >> Requesting for the AHB bus...
5103165000 >> AHB granted, starting recovery...
5122365000 >> Recovery done, continuing...
5123065000 >> Requesting for the AHB bus...
5123840000 >> AHB granted, starting recovery...
5143040000 >> Recovery done, continuing...
5143740000 >> Requesting for the AHB bus...
5144515000 >> AHB granted, starting recovery...
5163715000 >> Recovery done, continuing...
5164415000 >> Requesting for the AHB bus...
5165190000 >> AHB granted, starting recovery...
5184390000 >> Recovery done, continuing...
5185140000 >> Requesting for the AHB bus...
5185915000 >> AHB granted, starting recovery...
5205115000 >> Recovery done, continuing...
5205815000 >> Requesting for the AHB bus...
5206590000 >> AHB granted, starting recovery...
5225790000 >> Recovery done, continuing...
5226490000 >> Requesting for the AHB bus...
5227265000 >> AHB granted, starting recovery...
5246465000 >> Recovery done, continuing...
5247165000 >> Requesting for the AHB bus...
5247940000 >> AHB granted, starting recovery...
5267140000 >> Recovery done, continuing...
5268015000 >> Requesting for the AHB bus...
5268790000 >> AHB granted, starting recovery...
5287990000 >> Recovery done, continuing...
5288690000 >> Requesting for the AHB bus...
5289465000 >> AHB granted, starting recovery...
5308665000 >> Recovery done, continuing...
5309365000 >> Requesting for the AHB bus...
5310140000 >> AHB granted, starting recovery...
5329340000 >> Recovery done, continuing...
5330040000 >> Requesting for the AHB bus...
5330815000 >> AHB granted, starting recovery...
5350015000 >> Recovery done, continuing...
5350715000 >> Requesting for the AHB bus...
5351490000 >> AHB granted, starting recovery...
5370690000 >> Recovery done, continuing...
5371390000 >> Requesting for the AHB bus...
5372165000 >> AHB granted, starting recovery...
5391365000 >> Recovery done, continuing...
5392065000 >> Requesting for the AHB bus...
5392840000 >> AHB granted, starting recovery...
5412040000 >> Recovery done, continuing...
5412740000 >> Requesting for the AHB bus...
5413515000 >> AHB granted, starting recovery...
5432715000 >> Recovery done, continuing...
5433415000 >> Requesting for the AHB bus...
5434190000 >> AHB granted, starting recovery...
5453390000 >> Recovery done, continuing...
5454090000 >> Requesting for the AHB bus...
5454865000 >> AHB granted, starting recovery...
5474065000 >> Recovery done, continuing...
5474765000 >> Requesting for the AHB bus...
5475540000 >> AHB granted, starting recovery...
5494740000 >> Recovery done, continuing...
5495440000 >> Requesting for the AHB bus...
5496215000 >> AHB granted, starting recovery...
5515415000 >> Recovery done, continuing...
5516115000 >> Requesting for the AHB bus...
5516890000 >> AHB granted, starting recovery...
5536090000 >> Recovery done, continuing...
5536965000 >> Requesting for the AHB bus...
5537740000 >> AHB granted, starting recovery...
5556940000 >> Recovery done, continuing...
5557640000 >> Requesting for the AHB bus...
5558415000 >> AHB granted, starting recovery...
5577615000 >> Recovery done, continuing...
5578315000 >> Requesting for the AHB bus...
5579090000 >> AHB granted, starting recovery...
5598290000 >> Recovery done, continuing...
5598990000 >> Requesting for the AHB bus...
5599765000 >> AHB granted, starting recovery...
5618965000 >> Recovery done, continuing...
5619665000 >> Requesting for the AHB bus...
5620590000 >> AHB granted, starting recovery...
5639790000 >> Recovery done, continuing...
5640490000 >> Requesting for the AHB bus...
5641265000 >> AHB granted, starting recovery...
5660465000 >> Recovery done, continuing...
5661165000 >> Requesting for the AHB bus...
5661940000 >> AHB granted, starting recovery...
5681140000 >> Recovery done, continuing...
5681840000 >> Requesting for the AHB bus...
5682615000 >> AHB granted, starting recovery...
5701815000 >> Recovery done, continuing...
5702515000 >> Requesting for the AHB bus...
5703290000 >> AHB granted, starting recovery...
5722490000 >> Recovery done, continuing...
5723190000 >> Requesting for the AHB bus...
5723965000 >> AHB granted, starting recovery...
5743165000 >> Recovery done, continuing...
5743865000 >> Requesting for the AHB bus...
5744640000 >> AHB granted, starting recovery...
5745715000 >> time limit reached...
/testbench/cpu/l3/u0/leon3x0/vhdl/p0/iu/r.w.wreg:1
/testbench/cpu/l3/u0/leon3x0/vhdl/p0/iu/r.m.irqen:1
/testbench/cpu/l3/u0/leon3x0/vhdl/p0/iu/r.m.icc:1001
/testbench/cpu/l3/u0/leon3x0/vhdl/p0/iu/r.a.ticc:0
/testbench/cpu/l3/u0/leon3x0/vhdl/p0/iu/r.a.step:0
/testbench/cpu/l3/u0/leon3x0/vhdl/p0/iu/r.m.irqen2:1
/testbench/cpu/l3/u0/leon3x0/vhdl/p0/iu/r.d.pc:01000000000000000000001000100000
/testbench/cpu/l3/u0/leon3x0/vhdl/p0/iu/r.d.rexpl:{{00000000000000000000000000000000} {00} {0} 0 0 {0000000000000000000} 0 0 0 0 0 0}
/testbench/cpu/l3/u0/leon3x0/vhdl/p0/iu/r.d.mexc:0
/testbench/cpu/l3/u0/leon3x0/vhdl/p0/iu/r.a.aw:0
/testbench/cpu/l3/u0/leon3x0/vhdl/p0/iu/r.e.ctrl:{{01000000000000000000001000011100} {11000010000001111011111111111100} {00} {10000001} {000000} 0 0 1 0 0 1 1 0 0}
/testbench/cpu/l3/u0/leon3x0/vhdl/p0/iu/r.a.divstart:0
/testbench/cpu/l3/u0/leon3x0/vhdl/p0/iu/r.e.shleft:0
/testbench/cpu/l3/u0/leon3x0/vhdl/p0/iu/r.a.bp:0
/testbench/cpu/l3/u0/leon3x0/vhdl/p0/iu/r.w.twcwp:000
/testbench/cpu/l3/u0/leon3x0/vhdl/p0/iu/r.a.jmpl:0
/testbench/cpu/l3/u0/leon3x0/vhdl/p0/iu/r.m.casa:0
/testbench/cpu/l3/u0/leon3x0/vhdl/p0/iu/r.m.werr:0
/testbench/cpu/l3/u0/leon3x0/vhdl/p0/iu/r.e.su:1
/testbench/cpu/l3/u0/leon3x0/vhdl/p0/iu/r.e.et:1
/testbench/cpu/l3/u0/leon3x0/vhdl/p0/iu/r.a.ldcheck1:1
/testbench/cpu/l3/u0/leon3x0/vhdl/p0/iu/r.d.stwin:000
/testbench/cpu/l3/u0/leon3x0/vhdl/p0/iu/r.a.ldcheck2:0
/testbench/cpu/l3/u0/leon3x0/vhdl/p0/iu/r.x.intack:0
/testbench/cpu/l3/u0/leon3x0/vhdl/p0/iu/r.m.ctrl:{{01000000000000000000001000011000} {11000010001001111011111111111100} {01} {10000001} {000000} 0 0 0 0 0 0 0 0 0}
/testbench/cpu/l3/u0/leon3x0/vhdl/p0/iu/r.a.cwp:101
/testbench/cpu/l3/u0/leon3x0/vhdl/p0/iu/r.e.sari:0
/testbench/cpu/l3/u0/leon3x0/vhdl/p0/iu/r.d.paw:0
/testbench/cpu/l3/u0/leon3x0/vhdl/p0/iu/r.d.aw:0
/testbench/cpu/l3/u0/leon3x0/vhdl/p0/iu/r.d.awp:000
/testbench/cpu/l3/u0/leon3x0/vhdl/p0/iu/r.x.ctrl:{{01000000000000000000001000011000} {11000010001001111011111111111100} {00} {10000001} {000000} 0 0 0 0 0 0 1 0 0}
/testbench/cpu/l3/u0/leon3x0/vhdl/p0/iu/r.m.rexnalign:0
/testbench/cpu/l3/u0/leon3x0/vhdl/p0/iu/r.m.su:1
/testbench/cpu/l3/u0/leon3x0/vhdl/p0/iu/r.m.wcwp:0
/testbench/cpu/l3/u0/leon3x0/vhdl/p0/iu/r.d.divrdy:0
/testbench/cpu/l3/u0/leon3x0/vhdl/p0/iu/r.e.cwp:101
/testbench/cpu/l3/u0/leon3x0/vhdl/p0/iu/r.w.except:0
/testbench/cpu/l3/u0/leon3x0/vhdl/p0/iu/r.x.nerror:0
/testbench/cpu/l3/u0/leon3x0/vhdl/p0/iu/r.a.bpimiss:0
/testbench/cpu/l3/u0/leon3x0/vhdl/p0/iu/r.a.nobp:0
/testbench/cpu/l3/u0/leon3x0/vhdl/p0/iu/r.d.rexcnt:0
/testbench/cpu/l3/u0/leon3x0/vhdl/p0/iu/r.w.s:{{101} {1001} {00000000} {01000000000000000000} {00000010} {0000} 0 0 1 1 1 {00000000000000000000000000000000} {UUUUUUUUUUUUUUUUUUUUUUUUUUUUUUUU} 1 0 0 1 1 1 0 0 {000} {000} {111}}
/testbench/cpu/l3/u0/leon3x0/vhdl/p0/iu/r.d.pv:1
/testbench/cpu/l3/u0/leon3x0/vhdl/p0/iu/r.a.ldchkra:1
/testbench/cpu/l3/u0/leon3x0/vhdl/p0/iu/r.a.rfa1:10000001
/testbench/cpu/l3/u0/leon3x0/vhdl/p0/iu/r.a.rfa2:01011000
/testbench/cpu/l3/u0/leon3x0/vhdl/p0/iu/r.a.imm:00000000000000000000000000001000
/testbench/cpu/l3/u0/leon3x0/vhdl/p0/iu/r.w.wa:10000001
/testbench/cpu/l3/u0/leon3x0/vhdl/p0/iu/r.m.casaz:0
/testbench/cpu/l3/u0/leon3x0/vhdl/p0/iu/r.x.dci:{0 1 0 0 0 0 {10} {00001011}}
/testbench/cpu/l3/u0/leon3x0/vhdl/p0/iu/r.x.mac:0
/testbench/cpu/l3/u0/leon3x0/vhdl/p0/iu/r.m.divz:0
/testbench/cpu/l3/u0/leon3x0/vhdl/p0/iu/r.d.inst:{{10000000101000000110000000001000}}
/testbench/cpu/l3/u0/leon3x0/vhdl/p0/iu/r.e.rfe1:1
/testbench/cpu/l3/u0/leon3x0/vhdl/p0/iu/r.a.wovf:0
/testbench/cpu/l3/u0/leon3x0/vhdl/p0/iu/r.e.rfe2:0
/testbench/cpu/l3/u0/leon3x0/vhdl/p0/iu/r.e.op1:01000000000011111111111010100000
/testbench/cpu/l3/u0/leon3x0/vhdl/p0/iu/r.m.nalign:1
/testbench/cpu/l3/u0/leon3x0/vhdl/p0/iu/r.e.op2:11111111111111111111111111111100
/testbench/cpu/l3/u0/leon3x0/vhdl/p0/iu/r.d.rexen:0
/testbench/cpu/l3/u0/leon3x0/vhdl/p0/iu/r.a.ctrl:{{01000000000000000000001000100000} {10000000101000000110000000001000} {00} {10000000} {000000} 0 1 0 0 0 0 0 0 0}
/testbench/cpu/l3/u0/leon3x0/vhdl/p0/iu/r.x.ipend:0
/testbench/cpu/l3/u0/leon3x0/vhdl/p0/iu/r.e.ldbp1:0
/testbench/cpu/l3/u0/leon3x0/vhdl/p0/iu/r.e.aluadd:1
/testbench/cpu/l3/u0/leon3x0/vhdl/p0/iu/r.d.set:0
/testbench/cpu/l3/u0/leon3x0/vhdl/p0/iu/r.d.inull:0
/testbench/cpu/l3/u0/leon3x0/vhdl/p0/iu/r.e.ldbp2:0
/testbench/cpu/l3/u0/leon3x0/vhdl/p0/iu/r.d.cnt:00
/testbench/cpu/l3/u0/leon3x0/vhdl/p0/iu/r.a.su:1
/testbench/cpu/l3/u0/leon3x0/vhdl/p0/iu/r.a.et:1
/testbench/cpu/l3/u0/leon3x0/vhdl/p0/iu/r.e.mul:0
/testbench/cpu/l3/u0/leon3x0/vhdl/p0/iu/r.e.alusel:00
/testbench/cpu/l3/u0/leon3x0/vhdl/p0/iu/r.e.aw:U
/testbench/cpu/l3/u0/leon3x0/vhdl/p0/iu/r.e.mac:0
/testbench/cpu/l3/u0/leon3x0/vhdl/p0/iu/r.a.decill:0
/testbench/cpu/l3/u0/leon3x0/vhdl/p0/iu/r.x.icc:1001
/testbench/cpu/l3/u0/leon3x0/vhdl/p0/iu/r.x.result:01000000000011111111111010011100
/testbench/cpu/l3/u0/leon3x0/vhdl/p0/iu/r.e.bp:0
/testbench/cpu/l3/u0/leon3x0/vhdl/p0/iu/r.a.rs1:00001
/testbench/cpu/l3/u0/leon3x0/vhdl/p0/iu/r.e.jmpl:0
/testbench/cpu/l3/u0/leon3x0/vhdl/p0/iu/r.a.rsel1:001
/testbench/cpu/l3/u0/leon3x0/vhdl/p0/iu/r.x.y:00000000000000000000000000000000
/testbench/cpu/l3/u0/leon3x0/vhdl/p0/iu/r.a.rsel2:100
/testbench/cpu/l3/u0/leon3x0/vhdl/p0/iu/r.a.awp:000
/testbench/cpu/l3/u0/leon3x0/vhdl/p0/iu/r.a.paw:0
/testbench/cpu/l3/u0/leon3x0/vhdl/p0/iu/r.x.data:{{00000000000000000000000000000001}}
/testbench/cpu/l3/u0/leon3x0/vhdl/p0/iu/r.m.mul:0
/testbench/cpu/l3/u0/leon3x0/vhdl/p0/iu/r.e.rd:UUUUU
/testbench/cpu/l3/u0/leon3x0/vhdl/p0/iu/r.e.invop2:0
/testbench/cpu/l3/u0/leon3x0/vhdl/p0/iu/r.m.wawp:0
/testbench/cpu/l3/u0/leon3x0/vhdl/p0/iu/r.d.cwpmax:111
/testbench/cpu/l3/u0/leon3x0/vhdl/p0/iu/r.f.branch:0
/testbench/cpu/l3/u0/leon3x0/vhdl/p0/iu/r.d.pcheld:1
/testbench/cpu/l3/u0/leon3x0/vhdl/p0/iu/r.m.dci:{0 0 0 1 0 0 {10} {00001011}}
/testbench/cpu/l3/u0/leon3x0/vhdl/p0/iu/r.e.paw:U
/testbench/cpu/l3/u0/leon3x0/vhdl/p0/iu/r.e.awp:UUU
/testbench/cpu/l3/u0/leon3x0/vhdl/p0/iu/r.e.shcnt:11100
/testbench/cpu/l3/u0/leon3x0/vhdl/p0/iu/r.w.result:00000000000000000000000000000010
/testbench/cpu/l3/u0/leon3x0/vhdl/p0/iu/r.m.mac:0
/testbench/cpu/l3/u0/leon3x0/vhdl/p0/iu/r.m.y:00000000000000000000000000000000
/testbench/cpu/l3/u0/leon3x0/vhdl/p0/iu/r.d.cwp:101
/testbench/cpu/l3/u0/leon3x0/vhdl/p0/iu/r.x.laddr:00
/testbench/cpu/l3/u0/leon3x0/vhdl/p0/iu/r.e.mulstep:0
/testbench/cpu/l3/u0/leon3x0/vhdl/p0/iu/r.e.ymsb:0
/testbench/cpu/l3/u0/leon3x0/vhdl/p0/iu/r.d.rexbuf:00000000000000000000000000000000
/testbench/cpu/l3/u0/leon3x0/vhdl/p0/iu/r.x.npc:100
/testbench/cpu/l3/u0/leon3x0/vhdl/p0/iu/r.f.pc:01000000000000000000001000100100
/testbench/cpu/l3/u0/leon3x0/vhdl/p0/iu/r.d.annul:0
/testbench/cpu/l3/u0/leon3x0/vhdl/p0/iu/r.x.rstate:run
/testbench/cpu/l3/u0/leon3x0/vhdl/p0/iu/r.x.set:0
/testbench/cpu/l3/u0/leon3x0/vhdl/p0/iu/r.m.result:00000000000000000000000000000010
/testbench/cpu/l3/u0/leon3x0/vhdl/p0/iu/r.e.icc:UUUU
/testbench/cpu/l3/u0/leon3x0/vhdl/p0/iu/r.a.getpc:0
/testbench/cpu/l3/u0/leon3x0/vhdl/p0/iu/r.a.ldchkex:1
/testbench/cpu/l3/u0/leon3x0/vhdl/p0/iu/r.x.mexc:0
/testbench/cpu/l3/u0/leon3x0/vhdl/p0/iu/r.a.mulstart:0
/testbench/cpu/l3/u0/leon3x0/vhdl/p0/iu/r.d.rexpos:10
/testbench/cpu/l3/u0/leon3x0/vhdl/p0/iu/r.x.annul_all:0
/testbench/cpu/l3/u0/leon3x0/vhdl/p0/iu/r.e.aluop:000
/testbench/cpu/l3/u0/leon3x0/vhdl/p0/iu/r.x.debug:0
/testbench/cpu/l3/u0/leon3x0/vhdl/p0/iu/r.a.rfe1:0
/testbench/cpu/l3/u0/leon3x0/vhdl/p0/iu/r.d.step:0
/testbench/cpu/l3/u0/leon3x0/vhdl/p0/iu/r.a.rfe2:0
/testbench/cpu/l3/u0/leon3x0/vhdl/p0/iu/r.e.alucin:0
/testbench/cpu/l3/u0/leon3x0/vhdl/p0/iu/r.a.wunf:0
compare to golden: 1
======================================
progstatus: -2
execerr: 155
latent: 1
time limit!
>>>>>>>>>>>>>>> 5745715000
======================================
