Test signal = /testbench/cpu/l3/u0/leon3x0/vhdl/p0/iu/r.a.wovf
oldval = 0
pos1: -1 pos0: 0 posU: -1
newval = 1
force in 2013487
586290000 >> iteration no: 0
1598340000 >> iteration no: 1
Signal value: 0
oldval = 0
pos1: -1 pos0: 0 posU: -1
newval = 1
2595915000 >> Requesting for the AHB bus...
2596490000 >> AHB granted, starting recovery...
2615690000 >> Recovery done, continuing...
2615765000 >> Requesting for the AHB bus...
2616790000 >> AHB granted, starting recovery...
2635990000 >> Recovery done, continuing...
2636065000 >> Requesting for the AHB bus...
2637090000 >> AHB granted, starting recovery...
2656290000 >> Recovery done, continuing...
2656365000 >> Requesting for the AHB bus...
2657540000 >> AHB granted, starting recovery...
2676740000 >> Recovery done, continuing...
2676815000 >> Requesting for the AHB bus...
2677840000 >> AHB granted, starting recovery...
2697040000 >> Recovery done, continuing...
2697115000 >> Requesting for the AHB bus...
2698140000 >> AHB granted, starting recovery...
2717340000 >> Recovery done, continuing...
2717415000 >> Requesting for the AHB bus...
2718440000 >> AHB granted, starting recovery...
2737640000 >> Recovery done, continuing...
2737715000 >> Requesting for the AHB bus...
2738740000 >> AHB granted, starting recovery...
2757940000 >> Recovery done, continuing...
2758015000 >> Requesting for the AHB bus...
2759040000 >> AHB granted, starting recovery...
2778240000 >> Recovery done, continuing...
2778315000 >> Requesting for the AHB bus...
2779340000 >> AHB granted, starting recovery...
2798540000 >> Recovery done, continuing...
2798615000 >> Requesting for the AHB bus...
2799640000 >> AHB granted, starting recovery...
2818840000 >> Recovery done, continuing...
2818915000 >> Requesting for the AHB bus...
2819940000 >> AHB granted, starting recovery...
2839140000 >> Recovery done, continuing...
2839215000 >> Requesting for the AHB bus...
2840240000 >> AHB granted, starting recovery...
2859440000 >> Recovery done, continuing...
2859515000 >> Requesting for the AHB bus...
2860540000 >> AHB granted, starting recovery...
2879740000 >> Recovery done, continuing...
2879815000 >> Requesting for the AHB bus...
2880840000 >> AHB granted, starting recovery...
2900040000 >> Recovery done, continuing...
2900115000 >> Requesting for the AHB bus...
2901140000 >> AHB granted, starting recovery...
2920340000 >> Recovery done, continuing...
2920415000 >> Requesting for the AHB bus...
2921440000 >> AHB granted, starting recovery...
2940640000 >> Recovery done, continuing...
2940715000 >> Requesting for the AHB bus...
2941740000 >> AHB granted, starting recovery...
2960940000 >> Recovery done, continuing...
2961015000 >> Requesting for the AHB bus...
2962040000 >> AHB granted, starting recovery...
2981240000 >> Recovery done, continuing...
2981315000 >> Requesting for the AHB bus...
2982340000 >> AHB granted, starting recovery...
3001540000 >> Recovery done, continuing...
3001615000 >> Requesting for the AHB bus...
3002815000 >> AHB granted, starting recovery...
3022015000 >> Recovery done, continuing...
3022090000 >> Requesting for the AHB bus...
3023115000 >> AHB granted, starting recovery...
3042315000 >> Recovery done, continuing...
3042390000 >> Requesting for the AHB bus...
3043415000 >> AHB granted, starting recovery...
3062615000 >> Recovery done, continuing...
3062690000 >> Requesting for the AHB bus...
3063715000 >> AHB granted, starting recovery...
3082915000 >> Recovery done, continuing...
3082990000 >> Requesting for the AHB bus...
3084015000 >> AHB granted, starting recovery...
3103215000 >> Recovery done, continuing...
3103290000 >> Requesting for the AHB bus...
3104315000 >> AHB granted, starting recovery...
3123515000 >> Recovery done, continuing...
3123590000 >> Requesting for the AHB bus...
3124740000 >> AHB granted, starting recovery...
3143940000 >> Recovery done, continuing...
3144015000 >> Requesting for the AHB bus...
3145040000 >> AHB granted, starting recovery...
3164240000 >> Recovery done, continuing...
3164315000 >> Requesting for the AHB bus...
3165340000 >> AHB granted, starting recovery...
3184540000 >> Recovery done, continuing...
3184615000 >> Requesting for the AHB bus...
3185640000 >> AHB granted, starting recovery...
3204840000 >> Recovery done, continuing...
3204915000 >> Requesting for the AHB bus...
3205940000 >> AHB granted, starting recovery...
3225140000 >> Recovery done, continuing...
3225215000 >> Requesting for the AHB bus...
3226240000 >> AHB granted, starting recovery...
3245440000 >> Recovery done, continuing...
3245515000 >> Requesting for the AHB bus...
3246540000 >> AHB granted, starting recovery...
3265740000 >> Recovery done, continuing...
3265815000 >> Requesting for the AHB bus...
3266840000 >> AHB granted, starting recovery...
3286040000 >> Recovery done, continuing...
3286115000 >> Requesting for the AHB bus...
3287140000 >> AHB granted, starting recovery...
3306340000 >> Recovery done, continuing...
3306415000 >> Requesting for the AHB bus...
3307440000 >> AHB granted, starting recovery...
3326640000 >> Recovery done, continuing...
3326715000 >> Requesting for the AHB bus...
3327740000 >> AHB granted, starting recovery...
3346940000 >> Recovery done, continuing...
3347015000 >> Requesting for the AHB bus...
3348040000 >> AHB granted, starting recovery...
3367240000 >> Recovery done, continuing...
3367315000 >> Requesting for the AHB bus...
3368340000 >> AHB granted, starting recovery...
3387540000 >> Recovery done, continuing...
3387615000 >> Requesting for the AHB bus...
3388640000 >> AHB granted, starting recovery...
3407840000 >> Recovery done, continuing...
3407915000 >> Requesting for the AHB bus...
3408940000 >> AHB granted, starting recovery...
3428140000 >> Recovery done, continuing...
3428215000 >> Requesting for the AHB bus...
3429240000 >> AHB granted, starting recovery...
3448440000 >> Recovery done, continuing...
3448515000 >> Requesting for the AHB bus...
3449540000 >> AHB granted, starting recovery...
3468740000 >> Recovery done, continuing...
3468815000 >> Requesting for the AHB bus...
3470015000 >> AHB granted, starting recovery...
3489215000 >> Recovery done, continuing...
3489290000 >> Requesting for the AHB bus...
3490315000 >> AHB granted, starting recovery...
3509515000 >> Recovery done, continuing...
3509590000 >> Requesting for the AHB bus...
3510615000 >> AHB granted, starting recovery...
3529815000 >> Recovery done, continuing...
3529890000 >> Requesting for the AHB bus...
3530915000 >> AHB granted, starting recovery...
3550115000 >> Recovery done, continuing...
3550190000 >> Requesting for the AHB bus...
3551215000 >> AHB granted, starting recovery...
3570415000 >> Recovery done, continuing...
3570490000 >> Requesting for the AHB bus...
3571515000 >> AHB granted, starting recovery...
3590715000 >> Recovery done, continuing...
3590790000 >> Requesting for the AHB bus...
3591940000 >> AHB granted, starting recovery...
3611140000 >> Recovery done, continuing...
3611215000 >> Requesting for the AHB bus...
3612240000 >> AHB granted, starting recovery...
3631440000 >> Recovery done, continuing...
3631515000 >> Requesting for the AHB bus...
3632540000 >> AHB granted, starting recovery...
3651740000 >> Recovery done, continuing...
3651815000 >> Requesting for the AHB bus...
3652840000 >> AHB granted, starting recovery...
3672040000 >> Recovery done, continuing...
3672115000 >> Requesting for the AHB bus...
3673140000 >> AHB granted, starting recovery...
3692340000 >> Recovery done, continuing...
3692415000 >> Requesting for the AHB bus...
3693440000 >> AHB granted, starting recovery...
3712640000 >> Recovery done, continuing...
3712715000 >> Requesting for the AHB bus...
3713740000 >> AHB granted, starting recovery...
3732940000 >> Recovery done, continuing...
3733015000 >> Requesting for the AHB bus...
3734040000 >> AHB granted, starting recovery...
3753240000 >> Recovery done, continuing...
3753315000 >> Requesting for the AHB bus...
3754340000 >> AHB granted, starting recovery...
3773540000 >> Recovery done, continuing...
3773615000 >> Requesting for the AHB bus...
3774640000 >> AHB granted, starting recovery...
3793840000 >> Recovery done, continuing...
3793915000 >> Requesting for the AHB bus...
3794940000 >> AHB granted, starting recovery...
3814140000 >> Recovery done, continuing...
3814215000 >> Requesting for the AHB bus...
3815240000 >> AHB granted, starting recovery...
3834440000 >> Recovery done, continuing...
3834515000 >> Requesting for the AHB bus...
3835540000 >> AHB granted, starting recovery...
3854740000 >> Recovery done, continuing...
3854815000 >> Requesting for the AHB bus...
3855840000 >> AHB granted, starting recovery...
3875040000 >> Recovery done, continuing...
3875115000 >> Requesting for the AHB bus...
3876140000 >> AHB granted, starting recovery...
3895340000 >> Recovery done, continuing...
3895415000 >> Requesting for the AHB bus...
3896440000 >> AHB granted, starting recovery...
3915640000 >> Recovery done, continuing...
3915715000 >> Requesting for the AHB bus...
3916740000 >> AHB granted, starting recovery...
3935940000 >> Recovery done, continuing...
3936015000 >> Requesting for the AHB bus...
3937215000 >> AHB granted, starting recovery...
3956415000 >> Recovery done, continuing...
3956490000 >> Requesting for the AHB bus...
3957515000 >> AHB granted, starting recovery...
3976715000 >> Recovery done, continuing...
3976790000 >> Requesting for the AHB bus...
3977815000 >> AHB granted, starting recovery...
3997015000 >> Recovery done, continuing...
3997090000 >> Requesting for the AHB bus...
3998115000 >> AHB granted, starting recovery...
4017315000 >> Recovery done, continuing...
4017390000 >> Requesting for the AHB bus...
4018415000 >> AHB granted, starting recovery...
4037615000 >> Recovery done, continuing...
4037690000 >> Requesting for the AHB bus...
4038715000 >> AHB granted, starting recovery...
4057915000 >> Recovery done, continuing...
4057990000 >> Requesting for the AHB bus...
4059140000 >> AHB granted, starting recovery...
4078340000 >> Recovery done, continuing...
4078415000 >> Requesting for the AHB bus...
4079440000 >> AHB granted, starting recovery...
4098640000 >> Recovery done, continuing...
4098715000 >> Requesting for the AHB bus...
4099740000 >> AHB granted, starting recovery...
4118940000 >> Recovery done, continuing...
4119015000 >> Requesting for the AHB bus...
4120040000 >> AHB granted, starting recovery...
4139240000 >> Recovery done, continuing...
4139315000 >> Requesting for the AHB bus...
4140340000 >> AHB granted, starting recovery...
4159540000 >> Recovery done, continuing...
4159615000 >> Requesting for the AHB bus...
4160640000 >> AHB granted, starting recovery...
4179840000 >> Recovery done, continuing...
4179915000 >> Requesting for the AHB bus...
4180940000 >> AHB granted, starting recovery...
4200140000 >> Recovery done, continuing...
4200215000 >> Requesting for the AHB bus...
4201240000 >> AHB granted, starting recovery...
4220440000 >> Recovery done, continuing...
4220515000 >> Requesting for the AHB bus...
4221540000 >> AHB granted, starting recovery...
4240740000 >> Recovery done, continuing...
4240815000 >> Requesting for the AHB bus...
4241840000 >> AHB granted, starting recovery...
4261040000 >> Recovery done, continuing...
4261115000 >> Requesting for the AHB bus...
4262140000 >> AHB granted, starting recovery...
4281340000 >> Recovery done, continuing...
4281415000 >> Requesting for the AHB bus...
4282440000 >> AHB granted, starting recovery...
4301640000 >> Recovery done, continuing...
4301715000 >> Requesting for the AHB bus...
4302740000 >> AHB granted, starting recovery...
4321940000 >> Recovery done, continuing...
4322015000 >> Requesting for the AHB bus...
4323040000 >> AHB granted, starting recovery...
4342240000 >> Recovery done, continuing...
4342315000 >> Requesting for the AHB bus...
4343340000 >> AHB granted, starting recovery...
4362540000 >> Recovery done, continuing...
4362615000 >> Requesting for the AHB bus...
4363640000 >> AHB granted, starting recovery...
4382840000 >> Recovery done, continuing...
4382915000 >> Requesting for the AHB bus...
4383940000 >> AHB granted, starting recovery...
4403140000 >> Recovery done, continuing...
4403215000 >> Requesting for the AHB bus...
4404415000 >> AHB granted, starting recovery...
4423615000 >> Recovery done, continuing...
4423690000 >> Requesting for the AHB bus...
4424715000 >> AHB granted, starting recovery...
4443915000 >> Recovery done, continuing...
4443990000 >> Requesting for the AHB bus...
4445015000 >> AHB granted, starting recovery...
4464215000 >> Recovery done, continuing...
4464290000 >> Requesting for the AHB bus...
4465315000 >> AHB granted, starting recovery...
4484515000 >> Recovery done, continuing...
4484590000 >> Requesting for the AHB bus...
4485615000 >> AHB granted, starting recovery...
4504815000 >> Recovery done, continuing...
4504890000 >> Requesting for the AHB bus...
4505915000 >> AHB granted, starting recovery...
4525115000 >> Recovery done, continuing...
4525190000 >> Requesting for the AHB bus...
4526340000 >> AHB granted, starting recovery...
4545540000 >> Recovery done, continuing...
4545615000 >> Requesting for the AHB bus...
4546640000 >> AHB granted, starting recovery...
4565840000 >> Recovery done, continuing...
4565915000 >> Requesting for the AHB bus...
4566940000 >> AHB granted, starting recovery...
4586140000 >> Recovery done, continuing...
4586215000 >> Requesting for the AHB bus...
4587240000 >> AHB granted, starting recovery...
4606440000 >> Recovery done, continuing...
4606515000 >> Requesting for the AHB bus...
4607540000 >> AHB granted, starting recovery...
4626740000 >> Recovery done, continuing...
4626815000 >> Requesting for the AHB bus...
4627840000 >> AHB granted, starting recovery...
4647040000 >> Recovery done, continuing...
4647115000 >> Requesting for the AHB bus...
4648140000 >> AHB granted, starting recovery...
4667340000 >> Recovery done, continuing...
4667415000 >> Requesting for the AHB bus...
4668440000 >> AHB granted, starting recovery...
4687640000 >> Recovery done, continuing...
4687715000 >> Requesting for the AHB bus...
4688740000 >> AHB granted, starting recovery...
4707940000 >> Recovery done, continuing...
4708015000 >> Requesting for the AHB bus...
4709040000 >> AHB granted, starting recovery...
4728240000 >> Recovery done, continuing...
4728315000 >> Requesting for the AHB bus...
4729340000 >> AHB granted, starting recovery...
4748540000 >> Recovery done, continuing...
4748615000 >> Requesting for the AHB bus...
4749640000 >> AHB granted, starting recovery...
4768840000 >> Recovery done, continuing...
4768915000 >> Requesting for the AHB bus...
4769940000 >> AHB granted, starting recovery...
4789140000 >> Recovery done, continuing...
4789215000 >> Requesting for the AHB bus...
4790240000 >> AHB granted, starting recovery...
4809440000 >> Recovery done, continuing...
4809515000 >> Requesting for the AHB bus...
4810540000 >> AHB granted, starting recovery...
4829740000 >> Recovery done, continuing...
4829815000 >> Requesting for the AHB bus...
4830840000 >> AHB granted, starting recovery...
4850040000 >> Recovery done, continuing...
4850115000 >> Requesting for the AHB bus...
4851140000 >> AHB granted, starting recovery...
4870340000 >> Recovery done, continuing...
4870415000 >> Requesting for the AHB bus...
4871615000 >> AHB granted, starting recovery...
4890815000 >> Recovery done, continuing...
4890890000 >> Requesting for the AHB bus...
4891915000 >> AHB granted, starting recovery...
4911115000 >> Recovery done, continuing...
4911190000 >> Requesting for the AHB bus...
4912215000 >> AHB granted, starting recovery...
4931415000 >> Recovery done, continuing...
4931490000 >> Requesting for the AHB bus...
4932515000 >> AHB granted, starting recovery...
4951715000 >> Recovery done, continuing...
4951790000 >> Requesting for the AHB bus...
4952815000 >> AHB granted, starting recovery...
4972015000 >> Recovery done, continuing...
4972090000 >> Requesting for the AHB bus...
4973115000 >> AHB granted, starting recovery...
4992315000 >> Recovery done, continuing...
4992390000 >> Requesting for the AHB bus...
4993540000 >> AHB granted, starting recovery...
5012740000 >> Recovery done, continuing...
5012815000 >> Requesting for the AHB bus...
5013840000 >> AHB granted, starting recovery...
5033040000 >> Recovery done, continuing...
5033115000 >> Requesting for the AHB bus...
5034140000 >> AHB granted, starting recovery...
5053340000 >> Recovery done, continuing...
5053415000 >> Requesting for the AHB bus...
5054440000 >> AHB granted, starting recovery...
5073640000 >> Recovery done, continuing...
5073715000 >> Requesting for the AHB bus...
5074740000 >> AHB granted, starting recovery...
5093940000 >> Recovery done, continuing...
5094015000 >> Requesting for the AHB bus...
5095040000 >> AHB granted, starting recovery...
5114240000 >> Recovery done, continuing...
5114315000 >> Requesting for the AHB bus...
5115340000 >> AHB granted, starting recovery...
5134540000 >> Recovery done, continuing...
5134615000 >> Requesting for the AHB bus...
5135640000 >> AHB granted, starting recovery...
5154840000 >> Recovery done, continuing...
5154915000 >> Requesting for the AHB bus...
5155940000 >> AHB granted, starting recovery...
5175140000 >> Recovery done, continuing...
5175215000 >> Requesting for the AHB bus...
5176240000 >> AHB granted, starting recovery...
5195440000 >> Recovery done, continuing...
5195515000 >> Requesting for the AHB bus...
5196540000 >> AHB granted, starting recovery...
5215740000 >> Recovery done, continuing...
5215815000 >> Requesting for the AHB bus...
5216840000 >> AHB granted, starting recovery...
5236040000 >> Recovery done, continuing...
5236115000 >> Requesting for the AHB bus...
5237140000 >> AHB granted, starting recovery...
5256340000 >> Recovery done, continuing...
5256415000 >> Requesting for the AHB bus...
5257440000 >> AHB granted, starting recovery...
5276640000 >> Recovery done, continuing...
5276715000 >> Requesting for the AHB bus...
5277740000 >> AHB granted, starting recovery...
5296940000 >> Recovery done, continuing...
5297015000 >> Requesting for the AHB bus...
5298040000 >> AHB granted, starting recovery...
5317240000 >> Recovery done, continuing...
5317315000 >> Requesting for the AHB bus...
5318340000 >> AHB granted, starting recovery...
5337540000 >> Recovery done, continuing...
5337615000 >> Requesting for the AHB bus...
5338815000 >> AHB granted, starting recovery...
5358015000 >> Recovery done, continuing...
5358090000 >> Requesting for the AHB bus...
5359115000 >> AHB granted, starting recovery...
5378315000 >> Recovery done, continuing...
5378390000 >> Requesting for the AHB bus...
5379415000 >> AHB granted, starting recovery...
5398615000 >> Recovery done, continuing...
5398690000 >> Requesting for the AHB bus...
5399715000 >> AHB granted, starting recovery...
5418915000 >> Recovery done, continuing...
5418990000 >> Requesting for the AHB bus...
5420015000 >> AHB granted, starting recovery...
5439215000 >> Recovery done, continuing...
5439290000 >> Requesting for the AHB bus...
5440315000 >> AHB granted, starting recovery...
5459515000 >> Recovery done, continuing...
5459590000 >> Requesting for the AHB bus...
5460740000 >> AHB granted, starting recovery...
5479940000 >> Recovery done, continuing...
5480015000 >> Requesting for the AHB bus...
5481040000 >> AHB granted, starting recovery...
5500240000 >> Recovery done, continuing...
5500315000 >> Requesting for the AHB bus...
5501340000 >> AHB granted, starting recovery...
5520540000 >> Recovery done, continuing...
5520615000 >> Requesting for the AHB bus...
5521640000 >> AHB granted, starting recovery...
5540840000 >> Recovery done, continuing...
5540915000 >> Requesting for the AHB bus...
5541940000 >> AHB granted, starting recovery...
5561140000 >> Recovery done, continuing...
5561215000 >> Requesting for the AHB bus...
5562240000 >> AHB granted, starting recovery...
5581440000 >> Recovery done, continuing...
5581515000 >> Requesting for the AHB bus...
5582540000 >> AHB granted, starting recovery...
5601740000 >> Recovery done, continuing...
5601815000 >> Requesting for the AHB bus...
5602840000 >> AHB granted, starting recovery...
5622040000 >> Recovery done, continuing...
5622115000 >> Requesting for the AHB bus...
5623140000 >> AHB granted, starting recovery...
5642340000 >> Recovery done, continuing...
5642415000 >> Requesting for the AHB bus...
5643440000 >> AHB granted, starting recovery...
5662640000 >> Recovery done, continuing...
5662715000 >> Requesting for the AHB bus...
5663740000 >> AHB granted, starting recovery...
5682940000 >> Recovery done, continuing...
5683015000 >> Requesting for the AHB bus...
5684040000 >> AHB granted, starting recovery...
5703240000 >> Recovery done, continuing...
5703315000 >> Requesting for the AHB bus...
5704340000 >> AHB granted, starting recovery...
5723540000 >> Recovery done, continuing...
5723615000 >> Requesting for the AHB bus...
5724640000 >> AHB granted, starting recovery...
5743840000 >> Recovery done, continuing...
5743915000 >> Requesting for the AHB bus...
5744940000 >> AHB granted, starting recovery...
5745715000 >> time limit reached...
/testbench/cpu/l3/u0/leon3x0/vhdl/p0/iu/r.w.wreg:1
/testbench/cpu/l3/u0/leon3x0/vhdl/p0/iu/r.m.irqen:1
/testbench/cpu/l3/u0/leon3x0/vhdl/p0/iu/r.m.icc:1001
/testbench/cpu/l3/u0/leon3x0/vhdl/p0/iu/r.a.ticc:0
/testbench/cpu/l3/u0/leon3x0/vhdl/p0/iu/r.a.step:0
/testbench/cpu/l3/u0/leon3x0/vhdl/p0/iu/r.m.irqen2:1
/testbench/cpu/l3/u0/leon3x0/vhdl/p0/iu/r.d.pc:01000000000000000000001000100000
/testbench/cpu/l3/u0/leon3x0/vhdl/p0/iu/r.d.rexpl:{{00000000000000000000000000000000} {00} {0} 0 0 {0000000000000000000} 0 0 0 0 0 0}
/testbench/cpu/l3/u0/leon3x0/vhdl/p0/iu/r.d.mexc:0
/testbench/cpu/l3/u0/leon3x0/vhdl/p0/iu/r.a.aw:0
/testbench/cpu/l3/u0/leon3x0/vhdl/p0/iu/r.e.ctrl:{{01000000000000000000001000011100} {11000010000001111011111111111100} {00} {10000001} {000000} 0 0 1 0 0 1 1 0 0}
/testbench/cpu/l3/u0/leon3x0/vhdl/p0/iu/r.a.divstart:0
/testbench/cpu/l3/u0/leon3x0/vhdl/p0/iu/r.e.shleft:0
/testbench/cpu/l3/u0/leon3x0/vhdl/p0/iu/r.a.bp:0
/testbench/cpu/l3/u0/leon3x0/vhdl/p0/iu/r.w.twcwp:000
/testbench/cpu/l3/u0/leon3x0/vhdl/p0/iu/r.a.jmpl:0
/testbench/cpu/l3/u0/leon3x0/vhdl/p0/iu/r.m.casa:0
/testbench/cpu/l3/u0/leon3x0/vhdl/p0/iu/r.m.werr:0
/testbench/cpu/l3/u0/leon3x0/vhdl/p0/iu/r.e.su:1
/testbench/cpu/l3/u0/leon3x0/vhdl/p0/iu/r.e.et:1
/testbench/cpu/l3/u0/leon3x0/vhdl/p0/iu/r.a.ldcheck1:1
/testbench/cpu/l3/u0/leon3x0/vhdl/p0/iu/r.d.stwin:000
/testbench/cpu/l3/u0/leon3x0/vhdl/p0/iu/r.a.ldcheck2:0
/testbench/cpu/l3/u0/leon3x0/vhdl/p0/iu/r.x.intack:0
/testbench/cpu/l3/u0/leon3x0/vhdl/p0/iu/r.m.ctrl:{{01000000000000000000001000011000} {11000010001001111011111111111100} {01} {10000001} {000000} 0 0 0 0 0 0 0 0 0}
/testbench/cpu/l3/u0/leon3x0/vhdl/p0/iu/r.a.cwp:101
/testbench/cpu/l3/u0/leon3x0/vhdl/p0/iu/r.e.sari:0
/testbench/cpu/l3/u0/leon3x0/vhdl/p0/iu/r.d.paw:0
/testbench/cpu/l3/u0/leon3x0/vhdl/p0/iu/r.d.aw:0
/testbench/cpu/l3/u0/leon3x0/vhdl/p0/iu/r.d.awp:000
/testbench/cpu/l3/u0/leon3x0/vhdl/p0/iu/r.x.ctrl:{{01000000000000000000001000011000} {11000010001001111011111111111100} {00} {10000001} {000000} 0 0 0 0 0 0 1 0 0}
/testbench/cpu/l3/u0/leon3x0/vhdl/p0/iu/r.m.rexnalign:0
/testbench/cpu/l3/u0/leon3x0/vhdl/p0/iu/r.m.su:1
/testbench/cpu/l3/u0/leon3x0/vhdl/p0/iu/r.m.wcwp:0
/testbench/cpu/l3/u0/leon3x0/vhdl/p0/iu/r.d.divrdy:0
/testbench/cpu/l3/u0/leon3x0/vhdl/p0/iu/r.e.cwp:101
/testbench/cpu/l3/u0/leon3x0/vhdl/p0/iu/r.w.except:0
/testbench/cpu/l3/u0/leon3x0/vhdl/p0/iu/r.x.nerror:0
/testbench/cpu/l3/u0/leon3x0/vhdl/p0/iu/r.a.bpimiss:0
/testbench/cpu/l3/u0/leon3x0/vhdl/p0/iu/r.a.nobp:0
/testbench/cpu/l3/u0/leon3x0/vhdl/p0/iu/r.d.rexcnt:0
/testbench/cpu/l3/u0/leon3x0/vhdl/p0/iu/r.w.s:{{101} {1001} {00000000} {01000000000000000000} {00000010} {0000} 0 0 1 1 1 {00000000000000000000000000000000} {UUUUUUUUUUUUUUUUUUUUUUUUUUUUUUUU} 1 0 0 1 1 1 0 0 {000} {000} {111}}
/testbench/cpu/l3/u0/leon3x0/vhdl/p0/iu/r.d.pv:1
/testbench/cpu/l3/u0/leon3x0/vhdl/p0/iu/r.a.ldchkra:1
/testbench/cpu/l3/u0/leon3x0/vhdl/p0/iu/r.a.rfa1:10000001
/testbench/cpu/l3/u0/leon3x0/vhdl/p0/iu/r.a.rfa2:01011000
/testbench/cpu/l3/u0/leon3x0/vhdl/p0/iu/r.a.imm:00000000000000000000000000001000
/testbench/cpu/l3/u0/leon3x0/vhdl/p0/iu/r.w.wa:10000001
/testbench/cpu/l3/u0/leon3x0/vhdl/p0/iu/r.m.casaz:0
/testbench/cpu/l3/u0/leon3x0/vhdl/p0/iu/r.x.dci:{0 1 0 0 0 0 {10} {00001011}}
/testbench/cpu/l3/u0/leon3x0/vhdl/p0/iu/r.x.mac:0
/testbench/cpu/l3/u0/leon3x0/vhdl/p0/iu/r.m.divz:0
/testbench/cpu/l3/u0/leon3x0/vhdl/p0/iu/r.d.inst:{{10000000101000000110000000001000}}
/testbench/cpu/l3/u0/leon3x0/vhdl/p0/iu/r.e.rfe1:1
/testbench/cpu/l3/u0/leon3x0/vhdl/p0/iu/r.a.wovf:0
/testbench/cpu/l3/u0/leon3x0/vhdl/p0/iu/r.e.rfe2:0
/testbench/cpu/l3/u0/leon3x0/vhdl/p0/iu/r.e.op1:01000000000011111111111010100000
/testbench/cpu/l3/u0/leon3x0/vhdl/p0/iu/r.m.nalign:1
/testbench/cpu/l3/u0/leon3x0/vhdl/p0/iu/r.e.op2:11111111111111111111111111111100
/testbench/cpu/l3/u0/leon3x0/vhdl/p0/iu/r.d.rexen:0
/testbench/cpu/l3/u0/leon3x0/vhdl/p0/iu/r.a.ctrl:{{01000000000000000000001000100000} {10000000101000000110000000001000} {00} {10000000} {000000} 0 1 0 0 0 0 0 0 0}
/testbench/cpu/l3/u0/leon3x0/vhdl/p0/iu/r.x.ipend:0
/testbench/cpu/l3/u0/leon3x0/vhdl/p0/iu/r.e.ldbp1:0
/testbench/cpu/l3/u0/leon3x0/vhdl/p0/iu/r.e.aluadd:1
/testbench/cpu/l3/u0/leon3x0/vhdl/p0/iu/r.d.set:0
/testbench/cpu/l3/u0/leon3x0/vhdl/p0/iu/r.d.inull:0
/testbench/cpu/l3/u0/leon3x0/vhdl/p0/iu/r.e.ldbp2:0
/testbench/cpu/l3/u0/leon3x0/vhdl/p0/iu/r.d.cnt:00
/testbench/cpu/l3/u0/leon3x0/vhdl/p0/iu/r.a.su:1
/testbench/cpu/l3/u0/leon3x0/vhdl/p0/iu/r.a.et:1
/testbench/cpu/l3/u0/leon3x0/vhdl/p0/iu/r.e.mul:0
/testbench/cpu/l3/u0/leon3x0/vhdl/p0/iu/r.e.alusel:00
/testbench/cpu/l3/u0/leon3x0/vhdl/p0/iu/r.e.aw:U
/testbench/cpu/l3/u0/leon3x0/vhdl/p0/iu/r.e.mac:0
/testbench/cpu/l3/u0/leon3x0/vhdl/p0/iu/r.a.decill:0
/testbench/cpu/l3/u0/leon3x0/vhdl/p0/iu/r.x.icc:1001
/testbench/cpu/l3/u0/leon3x0/vhdl/p0/iu/r.x.result:01000000000011111111111010011100
/testbench/cpu/l3/u0/leon3x0/vhdl/p0/iu/r.e.bp:0
/testbench/cpu/l3/u0/leon3x0/vhdl/p0/iu/r.a.rs1:00001
/testbench/cpu/l3/u0/leon3x0/vhdl/p0/iu/r.e.jmpl:0
/testbench/cpu/l3/u0/leon3x0/vhdl/p0/iu/r.a.rsel1:001
/testbench/cpu/l3/u0/leon3x0/vhdl/p0/iu/r.x.y:00000000000000000000000000000000
/testbench/cpu/l3/u0/leon3x0/vhdl/p0/iu/r.a.rsel2:100
/testbench/cpu/l3/u0/leon3x0/vhdl/p0/iu/r.a.awp:000
/testbench/cpu/l3/u0/leon3x0/vhdl/p0/iu/r.a.paw:0
/testbench/cpu/l3/u0/leon3x0/vhdl/p0/iu/r.x.data:{{00000000000000000000000000000110}}
/testbench/cpu/l3/u0/leon3x0/vhdl/p0/iu/r.m.mul:0
/testbench/cpu/l3/u0/leon3x0/vhdl/p0/iu/r.e.rd:UUUUU
/testbench/cpu/l3/u0/leon3x0/vhdl/p0/iu/r.e.invop2:0
/testbench/cpu/l3/u0/leon3x0/vhdl/p0/iu/r.m.wawp:0
/testbench/cpu/l3/u0/leon3x0/vhdl/p0/iu/r.d.cwpmax:111
/testbench/cpu/l3/u0/leon3x0/vhdl/p0/iu/r.f.branch:0
/testbench/cpu/l3/u0/leon3x0/vhdl/p0/iu/r.d.pcheld:1
/testbench/cpu/l3/u0/leon3x0/vhdl/p0/iu/r.m.dci:{0 0 0 1 0 0 {10} {00001011}}
/testbench/cpu/l3/u0/leon3x0/vhdl/p0/iu/r.e.paw:U
/testbench/cpu/l3/u0/leon3x0/vhdl/p0/iu/r.e.awp:UUU
/testbench/cpu/l3/u0/leon3x0/vhdl/p0/iu/r.e.shcnt:11100
/testbench/cpu/l3/u0/leon3x0/vhdl/p0/iu/r.w.result:00000000000000000000000000000111
/testbench/cpu/l3/u0/leon3x0/vhdl/p0/iu/r.m.mac:0
/testbench/cpu/l3/u0/leon3x0/vhdl/p0/iu/r.m.y:00000000000000000000000000000000
/testbench/cpu/l3/u0/leon3x0/vhdl/p0/iu/r.d.cwp:101
/testbench/cpu/l3/u0/leon3x0/vhdl/p0/iu/r.x.laddr:00
/testbench/cpu/l3/u0/leon3x0/vhdl/p0/iu/r.e.mulstep:0
/testbench/cpu/l3/u0/leon3x0/vhdl/p0/iu/r.e.ymsb:0
/testbench/cpu/l3/u0/leon3x0/vhdl/p0/iu/r.d.rexbuf:00000000000000000000000000000000
/testbench/cpu/l3/u0/leon3x0/vhdl/p0/iu/r.x.npc:100
/testbench/cpu/l3/u0/leon3x0/vhdl/p0/iu/r.f.pc:01000000000000000000001000100100
/testbench/cpu/l3/u0/leon3x0/vhdl/p0/iu/r.d.annul:0
/testbench/cpu/l3/u0/leon3x0/vhdl/p0/iu/r.x.rstate:run
/testbench/cpu/l3/u0/leon3x0/vhdl/p0/iu/r.x.set:0
/testbench/cpu/l3/u0/leon3x0/vhdl/p0/iu/r.m.result:00000000000000000000000000000111
/testbench/cpu/l3/u0/leon3x0/vhdl/p0/iu/r.e.icc:UUUU
/testbench/cpu/l3/u0/leon3x0/vhdl/p0/iu/r.a.getpc:0
/testbench/cpu/l3/u0/leon3x0/vhdl/p0/iu/r.a.ldchkex:1
/testbench/cpu/l3/u0/leon3x0/vhdl/p0/iu/r.x.mexc:0
/testbench/cpu/l3/u0/leon3x0/vhdl/p0/iu/r.a.mulstart:0
/testbench/cpu/l3/u0/leon3x0/vhdl/p0/iu/r.d.rexpos:10
/testbench/cpu/l3/u0/leon3x0/vhdl/p0/iu/r.x.annul_all:0
/testbench/cpu/l3/u0/leon3x0/vhdl/p0/iu/r.e.aluop:000
/testbench/cpu/l3/u0/leon3x0/vhdl/p0/iu/r.x.debug:0
/testbench/cpu/l3/u0/leon3x0/vhdl/p0/iu/r.a.rfe1:0
/testbench/cpu/l3/u0/leon3x0/vhdl/p0/iu/r.d.step:0
/testbench/cpu/l3/u0/leon3x0/vhdl/p0/iu/r.a.rfe2:0
/testbench/cpu/l3/u0/leon3x0/vhdl/p0/iu/r.e.alucin:0
/testbench/cpu/l3/u0/leon3x0/vhdl/p0/iu/r.a.wunf:0
compare to golden: 1
======================================
progstatus: -2
execerr: 156
latent: 1
time limit!
>>>>>>>>>>>>>>> 5745715000
======================================
