Test signal = /testbench/cpu/l3/cpu(0)/u0/leon3x0/vhdl/p0/iu/r.a.rs1
oldval = 00000
pos1: -1 pos0: 4 posU: -1
newval = 00001
force in 10972684
654,265 ns >> iteration no: 0
9,124,165 ns >> iteration no: 1
Signal value: 00010
oldval = 00010
pos1: 3 pos0: 4 posU: -1
newval = 00000
17,593,490 ns >> iteration no: 2
26,063,865 ns >> iteration no: 3
34,534,290 ns >> iteration no: 4
43,004,140 ns >> prog fin.
compare to golden: 1
======================================
progstatus: 1
execerr: 0
latent: 1
program execution success!
total iterations: 5
>>>>>>>>>>>>>>> 43004140000
======================================
