Test signal = /testbench/cpu/l3/cpu(0)/u0/leon3x0/vhdl/p0/iu/r.e.awp
oldval = UUU
pos1: -1 pos0: -1 posU: 2
newval = UU1
force in 24081862
654,265 ns >> iteration no: 0
9,124,165 ns >> iteration no: 1
17,593,490 ns >> iteration no: 2
Signal value: UUU
oldval = UUU
pos1: -1 pos0: -1 posU: 2
newval = UU1
26,063,865 ns >> iteration no: 3
34,534,290 ns >> iteration no: 4
43,004,140 ns >> prog fin.
compare to golden: 1
======================================
progstatus: 1
execerr: 0
latent: 1
program execution success!
total iterations: 5
>>>>>>>>>>>>>>> 43004140000
======================================
