Test signal = /testbench/cpu/l3/cpu(0)/u0/leon3x0/vhdl/p0/iu/r.e.rfe1
oldval = 0
pos1: -1 pos0: 0 posU: -1
newval = 1
force in 28230656
654,265 ns >> iteration no: 0
9,124,165 ns >> iteration no: 1
17,593,490 ns >> iteration no: 2
26,063,865 ns >> iteration no: 3
Signal value: 1
oldval = 1
pos1: 0 pos0: -1 posU: -1
newval = 0
34,534,290 ns >> iteration no: 4
43,004,140 ns >> prog fin.
compare to golden: 1
======================================
progstatus: 1
execerr: 0
latent: 1
program execution success!
total iterations: 5
>>>>>>>>>>>>>>> 43004140000
======================================
