Test signal = /testbench/cpu/l3/cpu(0)/u0/leon3x0/vhdl/p0/iu/r.a.rfa2
oldval = 10000000
pos1: 0 pos0: 7 posU: -1
newval = 00000000
force in 12451149
654,265 ns >> iteration no: 0
9,124,165 ns >> iteration no: 1
Signal value: 01011100
oldval = 01011100
pos1: 5 pos0: 7 posU: -1
newval = 01011000
17,593,490 ns >> iteration no: 2
26,063,865 ns >> iteration no: 3
34,534,290 ns >> iteration no: 4
43,004,140 ns >> prog fin.
compare to golden: 1
======================================
progstatus: 1
execerr: 0
latent: 1
program execution success!
total iterations: 5
>>>>>>>>>>>>>>> 43004140000
======================================
