Test signal = /testbench/cpu/l3/cpu(0)/u0/leon3x0/vhdl/p0/iu/r.x.nerror
oldval = 0
pos1: -1 pos0: 0 posU: -1
newval = 1
Signal value: 0
oldval = 0
pos1: -1 pos0: 0 posU: -1
newval = 1
force in 478034
651,940 ns >> iteration no: 0
747,065 ns >> iteration no: 1
842,115 ns >> iteration no: 2
937,215 ns >> iteration no: 3
1,032,340 ns >> iteration no: 4
======================================
progstatus: 0
execerr: 0
latent: 1
progstatus default value, probably error!
>>>>>>>>>>>>>>> 1057124000
======================================
