Test signal = /testbench/cpu/l3/cpu(0)/u0/leon3x0/vhdl/p0/iu/r.a.rsel1
oldval = 101
pos1: 2 pos0: 1 posU: -1
newval = 100
Signal value: 101
oldval = 101
pos1: 2 pos0: 1 posU: -1
newval = 100
force in 573891
651,940 ns >> iteration no: 0
747,065 ns >> iteration no: 1
842,115 ns >> iteration no: 2
937,215 ns >> iteration no: 3
1,032,340 ns >> iteration no: 4
1,127,115 ns >> iteration no: 5
Error detected -> Trying to recover
Successful recovery -> Returning to normal execution
1,243,865 ns >> iteration no: 6
1,338,890 ns >> iteration no: 7
1,433,840 ns >> iteration no: 8
1,528,940 ns >> iteration no: 9
1,624,065 ns >> iteration no: 10
1,719,015 ns >> iteration no: 11
1,814,065 ns >> iteration no: 12
1,909,190 ns >> iteration no: 13
2,004,265 ns >> iteration no: 14
2,099,215 ns >> iteration no: 15
2,194,340 ns >> iteration no: 16
2,289,465 ns >> iteration no: 17
2,384,515 ns >> iteration no: 18
2,479,615 ns >> iteration no: 19
2,574,740 ns >> iteration no: 20
2,669,515 ns >> iteration no: 21
2,764,565 ns >> iteration no: 22
2,859,665 ns >> iteration no: 23
2,954,765 ns >> iteration no: 24
3,049,840 ns >> iteration no: 25
3,144,940 ns >> iteration no: 26
3,240,065 ns >> iteration no: 27
3,334,965 ns >> iteration no: 28
3,430,065 ns >> iteration no: 29
3,525,165 ns >> iteration no: 30
3,620,290 ns >> iteration no: 31
3,715,215 ns >> iteration no: 32
3,810,340 ns >> iteration no: 33
3,905,365 ns >> iteration no: 34
4,000,315 ns >> iteration no: 35
4,095,415 ns >> iteration no: 36
4,190,515 ns >> iteration no: 37
4,285,415 ns >> iteration no: 38
4,380,465 ns >> iteration no: 39
4,475,590 ns >> iteration no: 40
4,570,665 ns >> iteration no: 41
4,665,615 ns >> iteration no: 42
4,760,740 ns >> iteration no: 43
4,855,865 ns >> iteration no: 44
4,950,915 ns >> iteration no: 45
5,046,015 ns >> iteration no: 46
5,141,140 ns >> iteration no: 47
5,235,915 ns >> iteration no: 48
5,330,965 ns >> iteration no: 49
5,425,215 ns >> prog fin.
======================================
progstatus: 1
execerr: 1
latent: 1
program execution success!
total iterations: 50
>>>>>>>>>>>>>>> 5425215000
======================================
