Test signal = /testbench/cpu/l3/cpu(0)/u0/leon3x0/vhdl/p0/iu/r.x.result
oldval = 00000000000000000000000010000000
pos1: 24 pos0: 31 posU: -1
newval = 00000000000000000000000000000000
force in 26338893
654,265 ns >> iteration no: 0
9,124,165 ns >> iteration no: 1
17,593,490 ns >> iteration no: 2
26,063,865 ns >> iteration no: 3
Signal value: 01000000000000000001111001001010
oldval = 01000000000000000001111001001010
pos1: 30 pos0: 31 posU: -1
newval = 01000000000000000001111001001000
34,534,290 ns >> iteration no: 4
43,004,140 ns >> prog fin.
compare to golden: 1
======================================
progstatus: 1
execerr: 0
latent: 1
program execution success!
total iterations: 5
>>>>>>>>>>>>>>> 43004140000
======================================
