Test signal = /testbench/cpu/l3/cpu(0)/u0/leon3x0/vhdl/p0/iu/r.d.cnt
oldval = 00
pos1: -1 pos0: 1 posU: -1
newval = 01
force in 10664405
654,265 ns >> iteration no: 0
9,124,165 ns >> iteration no: 1
Signal value: 00
oldval = 00
pos1: -1 pos0: 1 posU: -1
newval = 01
Error detected -> Trying to recover
Successful recovery -> Returning to normal execution
17,619,090 ns >> iteration no: 2
26,089,465 ns >> iteration no: 3
34,559,890 ns >> iteration no: 4
43,029,740 ns >> prog fin.
compare to golden: 1
======================================
progstatus: 1
execerr: 1
latent: 1
program execution success!
total iterations: 5
>>>>>>>>>>>>>>> 43029740000
======================================
