Test signal = /testbench/cpu/l3/cpu(0)/u0/leon3x0/vhdl/p0/iu/r.e.alusel
oldval = 10
pos1: 0 pos0: 1 posU: -1
newval = 00
force in 22912199
654,265 ns >> iteration no: 0
9,124,165 ns >> iteration no: 1
17,593,490 ns >> iteration no: 2
Signal value: 00
oldval = 00
pos1: -1 pos0: 1 posU: -1
newval = 01
compare to golden: 1
======================================
progstatus: 0
execerr: 0
latent: 1
progstatus default value, probably error!
>>>>>>>>>>>>>>> 23525615000
======================================
