Test signal = /testbench/cpu/l3/cpu(0)/u0/leon3x0/vhdl/p0/iu/r.e.aluop
oldval = 010
pos1: 1 pos0: 2 posU: -1
newval = 000
force in 26068498
654,265 ns >> iteration no: 0
9,124,165 ns >> iteration no: 1
17,593,490 ns >> iteration no: 2
26,063,865 ns >> iteration no: 3
Signal value: 000
oldval = 000
pos1: -1 pos0: 2 posU: -1
newval = 001
Error detected -> Trying to recover
Successful recovery -> Returning to normal execution
34,553,490 ns >> iteration no: 4
43,023,340 ns >> prog fin.
compare to golden: 1
======================================
progstatus: 1
execerr: 1
latent: 1
program execution success!
total iterations: 5
>>>>>>>>>>>>>>> 43023340000
======================================
