Test signal = /testbench/cpu/l3/cpu(0)/u0/leon3x0/vhdl/p0/iu/r.a.imm
oldval = 00000000000000000000000000000000
pos1: -1 pos0: 31 posU: -1
newval = 00000000000000000000000000000001
force in 36395788
654,265 ns >> iteration no: 0
9,124,165 ns >> iteration no: 1
17,593,490 ns >> iteration no: 2
26,063,865 ns >> iteration no: 3
34,534,290 ns >> iteration no: 4
Signal value: 00000000000000000000000000000001
oldval = 00000000000000000000000000000001
pos1: 31 pos0: 30 posU: -1
newval = 00000000000000000000000000000000
43,004,140 ns >> prog fin.
compare to golden: 1
======================================
progstatus: 1
execerr: 0
latent: 1
program execution success!
total iterations: 5
>>>>>>>>>>>>>>> 43004140000
======================================
