Test signal = /testbench/cpu/l3/u0/leon3x0/vhdl/p0/iu/r.m.wcwp
oldval = 0
pos1: -1 pos0: 0 posU: -1
newval = 1
Signal value: 0
force in 209175
586290000 >> iteration no: 0
oldval = 0
pos1: -1 pos0: 0 posU: -1
newval = 1
791740000 >> Error detected...
791990000 >> Error detected...
792315000 >> Error detected...
792890000 >> Error detected...
793540000 >> Error detected...
793965000 >> Error detected...
795665000 >> Error detected...
798390000 >> Error detected...
799640000 >> Error detected...
800890000 >> Error detected...
801090000 >> Error detected...
802365000 >> Error detected...
805115000 >> Error detected...
806390000 >> Error detected...
806665000 >> Error detected...
807290000 >> Error detected...
807690000 >> Error detected...
807815000 >> Error detected...
808515000 >> Error detected...
808790000 >> Error detected...
809365000 >> Error detected...
809715000 >> Error detected...
809965000 >> Error detected...
810290000 >> Error detected...
810865000 >> Error detected...
811515000 >> Error detected...
811965000 >> Error detected...
813240000 >> Error detected...
814065000 >> Error detected...
814715000 >> Error detected...
815265000 >> Error detected...
815865000 >> Error detected...
816440000 >> Error detected...
816790000 >> Error detected...
817040000 >> Error detected...
817365000 >> Error detected...
817940000 >> Error detected...
818590000 >> Error detected...
819015000 >> Error detected...
820715000 >> Error detected...
823440000 >> Error detected...
824690000 >> Error detected...
825765000 >> Error detected...
825965000 >> Error detected...
827415000 >> Error detected...
830165000 >> Error detected...
831440000 >> Error detected...
831715000 >> Error detected...
832165000 >> Error detected...
832565000 >> Error detected...
832865000 >> Error detected...
833565000 >> Error detected...
833840000 >> Error detected...
834415000 >> Error detected...
834765000 >> Error detected...
835015000 >> Error detected...
835340000 >> Error detected...
835915000 >> Error detected...
836565000 >> Error detected...
836990000 >> Error detected...
838515000 >> Error detected...
841415000 >> Error detected...
842665000 >> Error detected...
843740000 >> Error detected...
843940000 >> Error detected...
845215000 >> Error detected...
848140000 >> Error detected...
849415000 >> Error detected...
849690000 >> Error detected...
850140000 >> Error detected...
850540000 >> Error detected...
850665000 >> Error detected...
851365000 >> Error detected...
851640000 >> Error detected...
852390000 >> Error detected...
852740000 >> Error detected...
852990000 >> Error detected...
853315000 >> Error detected...
853890000 >> Error detected...
854540000 >> Error detected...
854965000 >> Error detected...
856490000 >> Error detected...
859390000 >> Error detected...
860640000 >> Error detected...
861715000 >> Error detected...
861915000 >> Error detected...
863190000 >> Error detected...
866115000 >> Error detected...
867390000 >> Error detected...
867665000 >> Error detected...
868115000 >> Error detected...
868515000 >> Error detected...
868640000 >> Error detected...
869340000 >> Error detected...
869615000 >> Error detected...
870190000 >> Error detected...
870540000 >> Error detected...
870790000 >> Error detected...
871290000 >> Error detected...
871865000 >> Error detected...
872515000 >> Error detected...
872940000 >> Error detected...
874465000 >> Error detected...
877190000 >> Error detected...
878615000 >> Error detected...
879690000 >> Error detected...
879890000 >> Error detected...
881165000 >> Error detected...
884090000 >> Error detected...
885365000 >> Error detected...
885640000 >> Error detected...
886090000 >> Error detected...
886490000 >> Error detected...
886615000 >> Error detected...
887315000 >> Error detected...
887590000 >> Error detected...
888165000 >> Error detected...
888515000 >> Error detected...
888765000 >> Error detected...
889090000 >> Error detected...
889665000 >> Error detected...
890490000 >> Error detected...
890915000 >> Error detected...
892440000 >> Error detected...
895165000 >> Error detected...
896415000 >> Error detected...
897640000 >> Error detected...
897840000 >> Error detected...
899115000 >> Error detected...
901865000 >> Error detected...
903315000 >> Error detected...
903590000 >> Error detected...
904040000 >> Error detected...
904440000 >> Error detected...
904565000 >> Error detected...
905265000 >> Error detected...
905540000 >> Error detected...
906115000 >> Error detected...
906465000 >> Error detected...
906715000 >> Error detected...
907040000 >> Error detected...
907615000 >> Error detected...
908265000 >> Error detected...
908690000 >> Error detected...
910390000 >> Error detected...
913115000 >> Error detected...
914365000 >> Error detected...
915440000 >> Error detected...
915640000 >> Error detected...
917090000 >> Error detected...
919840000 >> Error detected...
921115000 >> Error detected...
921390000 >> Error detected...
921840000 >> Error detected...
922240000 >> Error detected...
922540000 >> Error detected...
923240000 >> Error detected...
923515000 >> Error detected...
924090000 >> Error detected...
924440000 >> Error detected...
924690000 >> Error detected...
925015000 >> Error detected...
925590000 >> Error detected...
926240000 >> Error detected...
926665000 >> Error detected...
928190000 >> Error detected...
931090000 >> Error detected...
932340000 >> Error detected...
933415000 >> Error detected...
933615000 >> Error detected...
934890000 >> Error detected...
937815000 >> Error detected...
939090000 >> Error detected...
939365000 >> Error detected...
939815000 >> Error detected...
940215000 >> Error detected...
940340000 >> Error detected...
941040000 >> Error detected...
941315000 >> Error detected...
942065000 >> Error detected...
942415000 >> Error detected...
942665000 >> Error detected...
942990000 >> Error detected...
943565000 >> Error detected...
944215000 >> Error detected...
944640000 >> Error detected...
946165000 >> Error detected...
949065000 >> Error detected...
950315000 >> Error detected...
951390000 >> Error detected...
951590000 >> Error detected...
952865000 >> Error detected...
955790000 >> Error detected...
957065000 >> Error detected...
957340000 >> Error detected...
957790000 >> Error detected...
958190000 >> Error detected...
958315000 >> Error detected...
959015000 >> Error detected...
959290000 >> Error detected...
959865000 >> Error detected...
960215000 >> Error detected...
960465000 >> Error detected...
960965000 >> Error detected...
961540000 >> Error detected...
962190000 >> Error detected...
962640000 >> Error detected...
963915000 >> Error detected...
964565000 >> Error detected...
965215000 >> Error detected...
965765000 >> Error detected...
966365000 >> Error detected...
966940000 >> Error detected...
967465000 >> Error detected...
967715000 >> Error detected...
968040000 >> Error detected...
968615000 >> Error detected...
969265000 >> Error detected...
969690000 >> Error detected...
971215000 >> Error detected...
974115000 >> Error detected...
975365000 >> Error detected...
976440000 >> Error detected...
976640000 >> Error detected...
977915000 >> Error detected...
980815000 >> Error detected...
982090000 >> Error detected...
982365000 >> Error detected...
982815000 >> Error detected...
983215000 >> Error detected...
983340000 >> Error detected...
984040000 >> Error detected...
984315000 >> Error detected...
984890000 >> Error detected...
985240000 >> Error detected...
985490000 >> Error detected...
985815000 >> Error detected...
986540000 >> Error detected...
987190000 >> Error detected...
987615000 >> Error detected...
989140000 >> Error detected...
991865000 >> Error detected...
993290000 >> Error detected...
994365000 >> Error detected...
994565000 >> Error detected...
995840000 >> Error detected...
998590000 >> Error detected...
1000040000 >> Error detected...
1000315000 >> Error detected...
1000765000 >> Error detected...
1001165000 >> Error detected...
1001290000 >> Error detected...
1001990000 >> Error detected...
1002265000 >> Error detected...
1002840000 >> Error detected...
1003190000 >> Error detected...
1003440000 >> Error detected...
1003765000 >> Error detected...
1004340000 >> Error detected...
1004990000 >> Error detected...
1005590000 >> Error detected...
1007115000 >> Error detected...
1009840000 >> Error detected...
1011090000 >> Error detected...
1012340000 >> Error detected...
1012540000 >> Error detected...
1013815000 >> Error detected...
1016565000 >> Error detected...
1017840000 >> Error detected...
1018115000 >> Error detected...
1018740000 >> Error detected...
1019140000 >> Error detected...
1019265000 >> Error detected...
1019965000 >> Error detected...
1020240000 >> Error detected...
1020815000 >> Error detected...
1021165000 >> Error detected...
1021415000 >> Error detected...
1021740000 >> Error detected...
1022315000 >> Error detected...
1022965000 >> Error detected...
1023390000 >> Error detected...
1025090000 >> Error detected...
1027815000 >> Error detected...
1029065000 >> Error detected...
1030140000 >> Error detected...
1030340000 >> Error detected...
1031790000 >> Error detected...
1034540000 >> Error detected...
1035815000 >> Error detected...
1036090000 >> Error detected...
1036540000 >> Error detected...
1036940000 >> Error detected...
1037065000 >> Error detected...
1037940000 >> Error detected...
1038215000 >> Error detected...
1038790000 >> Error detected...
1039140000 >> Error detected...
1039390000 >> Error detected...
1039715000 >> Error detected...
1040290000 >> Error detected...
1040940000 >> Error detected...
1041365000 >> Error detected...
1042890000 >> Error detected...
1045790000 >> Error detected...
1047040000 >> Error detected...
1048115000 >> Error detected...
1048315000 >> Error detected...
1049590000 >> Error detected...
1052515000 >> Error detected...
1053790000 >> Error detected...
1054065000 >> Error detected...
1054515000 >> Error detected...
1054915000 >> Error detected...
1055040000 >> Error detected...
1055740000 >> Error detected...
1056015000 >> Error detected...
1056590000 >> Error detected...
1057115000 >> Error detected...
1057365000 >> Error detected...
1057690000 >> Error detected...
1058265000 >> Error detected...
1058915000 >> Error detected...
1059340000 >> Error detected...
1060865000 >> Error detected...
1063765000 >> Error detected...
1065015000 >> Error detected...
1066090000 >> Error detected...
1066290000 >> Error detected...
1067565000 >> Error detected...
1070465000 >> Error detected...
1071740000 >> Error detected...
1072015000 >> Error detected...
1072465000 >> Error detected...
1072865000 >> Error detected...
1072990000 >> Error detected...
1073690000 >> Error detected...
1073965000 >> Error detected...
1074540000 >> Error detected...
1074890000 >> Error detected...
1075140000 >> Error detected...
1075465000 >> Error detected...
1076190000 >> Error detected...
1076840000 >> Error detected...
1077265000 >> Error detected...
1078790000 >> Error detected...
1081515000 >> Error detected...
1082940000 >> Error detected...
1084015000 >> Error detected...
1084215000 >> Error detected...
1085490000 >> Error detected...
1088240000 >> Error detected...
1089690000 >> Error detected...
1089965000 >> Error detected...
1090415000 >> Error detected...
1090815000 >> Error detected...
1090940000 >> Error detected...
1091640000 >> Error detected...
1091915000 >> Error detected...
1092490000 >> Error detected...
1092840000 >> Error detected...
1093090000 >> Error detected...
1093415000 >> Error detected...
1093990000 >> Error detected...
1094640000 >> Error detected...
1095265000 >> Error detected...
1096540000 >> Error detected...
1097190000 >> Error detected...
1097840000 >> Error detected...
1098390000 >> Error detected...
1098990000 >> Error detected...
1099565000 >> Error detected...
1099915000 >> Error detected...
1100165000 >> Error detected...
1100490000 >> Error detected...
1101065000 >> Error detected...
1101890000 >> Error detected...
1102315000 >> Error detected...
1103840000 >> Error detected...
1106565000 >> Error detected...
1107815000 >> Error detected...
1109040000 >> Error detected...
1109240000 >> Error detected...
1110515000 >> Error detected...
1113265000 >> Error detected...
1114715000 >> Error detected...
1114990000 >> Error detected...
1115440000 >> Error detected...
1115840000 >> Error detected...
1115965000 >> Error detected...
1116665000 >> Error detected...
1116940000 >> Error detected...
1117515000 >> Error detected...
1117865000 >> Error detected...
1118115000 >> Error detected...
1118440000 >> Error detected...
1119015000 >> Error detected...
1119665000 >> Error detected...
1120090000 >> Error detected...
1121790000 >> Error detected...
1124515000 >> Error detected...
1125765000 >> Error detected...
1126840000 >> Error detected...
1127215000 >> Error detected...
1128490000 >> Error detected...
1131240000 >> Error detected...
1132515000 >> Error detected...
1132790000 >> Error detected...
1133240000 >> Error detected...
1133815000 >> Error detected...
1133940000 >> Error detected...
1134640000 >> Error detected...
1134915000 >> Error detected...
1135490000 >> Error detected...
1135840000 >> Error detected...
1136090000 >> Error detected...
1136415000 >> Error detected...
1136990000 >> Error detected...
1137640000 >> Error detected...
1138065000 >> Error detected...
1139590000 >> Error detected...
1142490000 >> Error detected...
1143740000 >> Error detected...
1144815000 >> Error detected...
1145015000 >> Error detected...
1146465000 >> Error detected...
1149215000 >> Error detected...
1150490000 >> Error detected...
1150765000 >> Error detected...
1151215000 >> Error detected...
1151615000 >> Error detected...
1151740000 >> Error detected...
1152440000 >> Error detected...
1152890000 >> Error detected...
1153465000 >> Error detected...
1153815000 >> Error detected...
1154065000 >> Error detected...
1154390000 >> Error detected...
1154965000 >> Error detected...
1155615000 >> Error detected...
1156040000 >> Error detected...
1157565000 >> Error detected...
1160465000 >> Error detected...
1161715000 >> Error detected...
1162790000 >> Error detected...
1162990000 >> Error detected...
1164265000 >> Error detected...
1167190000 >> Error detected...
1168465000 >> Error detected...
1168740000 >> Error detected...
1169190000 >> Error detected...
1169590000 >> Error detected...
1169715000 >> Error detected...
1170415000 >> Error detected...
1170690000 >> Error detected...
1171265000 >> Error detected...
1171615000 >> Error detected...
1172015000 >> Error detected...
1172340000 >> Error detected...
1172915000 >> Error detected...
1173565000 >> Error detected...
1173990000 >> Error detected...
1175515000 >> Error detected...
1178240000 >> Error detected...
1179665000 >> Error detected...
1180740000 >> Error detected...
1180940000 >> Error detected...
1182215000 >> Error detected...
1185140000 >> Error detected...
1186415000 >> Error detected...
1186690000 >> Error detected...
1187140000 >> Error detected...
1187540000 >> Error detected...
1187665000 >> Error detected...
1188365000 >> Error detected...
1188640000 >> Error detected...
1189215000 >> Error detected...
1189565000 >> Error detected...
1189815000 >> Error detected...
1190140000 >> Error detected...
1190715000 >> Error detected...
1191540000 >> Error detected...
1191965000 >> Error detected...
1193490000 >> Error detected...
1196215000 >> Error detected...
1197640000 >> Error detected...
1198715000 >> Error detected...
1198915000 >> Error detected...
1200190000 >> Error detected...
1202940000 >> Error detected...
1204390000 >> Error detected...
1204665000 >> Error detected...
1205115000 >> Error detected...
1205515000 >> Error detected...
1205640000 >> Error detected...
1206340000 >> Error detected...
1206615000 >> Error detected...
1207190000 >> Error detected...
1207540000 >> Error detected...
1207790000 >> Error detected...
1208115000 >> Error detected...
1208690000 >> Error detected...
1209340000 >> Error detected...
1209790000 >> Error detected...
1211240000 >> Error detected...
1211890000 >> Error detected...
1212540000 >> Error detected...
1213090000 >> Error detected...
1213690000 >> Error detected...
1214265000 >> Error detected...
1214615000 >> Error detected...
1214865000 >> Error detected...
1215190000 >> Error detected...
1215765000 >> Error detected...
1216415000 >> Error detected...
1217015000 >> Error detected...
1218540000 >> Error detected...
1221265000 >> Error detected...
1222515000 >> Error detected...
1223765000 >> Error detected...
1223965000 >> Error detected...
1225240000 >> Error detected...
1227990000 >> Error detected...
1229265000 >> Error detected...
1229690000 >> Error detected...
1230140000 >> Error detected...
1230540000 >> Error detected...
1230665000 >> Error detected...
1231365000 >> Error detected...
1231640000 >> Error detected...
1232215000 >> Error detected...
1232565000 >> Error detected...
1232815000 >> Error detected...
1233140000 >> Error detected...
1233715000 >> Error detected...
1234365000 >> Error detected...
1234790000 >> Error detected...
1236490000 >> Error detected...
1239215000 >> Error detected...
1240465000 >> Error detected...
1241540000 >> Error detected...
1241740000 >> Error detected...
1243190000 >> Error detected...
1245940000 >> Error detected...
1247215000 >> Error detected...
1247490000 >> Error detected...
1247940000 >> Error detected...
1248340000 >> Error detected...
1248465000 >> Error detected...
1249340000 >> Error detected...
1249615000 >> Error detected...
1250190000 >> Error detected...
1250540000 >> Error detected...
1250790000 >> Error detected...
1251115000 >> Error detected...
1251690000 >> Error detected...
1252340000 >> Error detected...
1252765000 >> Error detected...
1254290000 >> Error detected...
1257190000 >> Error detected...
1258440000 >> Error detected...
1259515000 >> Error detected...
1259715000 >> Error detected...
1260990000 >> Error detected...
1263915000 >> Error detected...
1265190000 >> Error detected...
1265465000 >> Error detected...
1265915000 >> Error detected...
1266315000 >> Error detected...
1266440000 >> Error detected...
1267140000 >> Error detected...
1267415000 >> Error detected...
1268165000 >> Error detected...
1268515000 >> Error detected...
1268765000 >> Error detected...
1269090000 >> Error detected...
1269665000 >> Error detected...
1270315000 >> Error detected...
1270740000 >> Error detected...
1272265000 >> Error detected...
1275165000 >> Error detected...
1276415000 >> Error detected...
1277490000 >> Error detected...
1277690000 >> Error detected...
1278965000 >> Error detected...
1281865000 >> Error detected...
1283140000 >> Error detected...
1283415000 >> Error detected...
1283865000 >> Error detected...
1284265000 >> Error detected...
1284390000 >> Error detected...
1285090000 >> Error detected...
1285365000 >> Error detected...
1285940000 >> Error detected...
1286290000 >> Error detected...
1286540000 >> Error detected...
1286865000 >> Error detected...
1287590000 >> Error detected...
1288240000 >> Error detected...
1288665000 >> Error detected...
1290190000 >> Error detected...
1292915000 >> Error detected...
1294340000 >> Error detected...
1295415000 >> Error detected...
1295615000 >> Error detected...
1296890000 >> Error detected...
1299640000 >> Error detected...
1301090000 >> Error detected...
1301365000 >> Error detected...
1301815000 >> Error detected...
1302215000 >> Error detected...
1302340000 >> Error detected...
1303040000 >> Error detected...
1303315000 >> Error detected...
1303890000 >> Error detected...
1304240000 >> Error detected...
1304490000 >> Error detected...
1304815000 >> Error detected...
1305390000 >> Error detected...
1306040000 >> Error detected...
1306665000 >> Error detected...
1307940000 >> Error detected...
1308590000 >> Error detected...
1309240000 >> Error detected...
1309790000 >> Error detected...
1310390000 >> Error detected...
1310965000 >> Error detected...
1311315000 >> Error detected...
1311565000 >> Error detected...
1311890000 >> Error detected...
1312465000 >> Error detected...
1313290000 >> Error detected...
1313715000 >> Error detected...
1315240000 >> Error detected...
1317965000 >> Error detected...
1319390000 >> Error detected...
1320465000 >> Error detected...
1320665000 >> Error detected...
1321940000 >> Error detected...
1324690000 >> Error detected...
1326140000 >> Error detected...
1326415000 >> Error detected...
1326865000 >> Error detected...
1327265000 >> Error detected...
1327390000 >> Error detected...
1328090000 >> Error detected...
1328365000 >> Error detected...
1328940000 >> Error detected...
1329290000 >> Error detected...
1329540000 >> Error detected...
1329865000 >> Error detected...
1330440000 >> Error detected...
1331090000 >> Error detected...
1331515000 >> Error detected...
1333215000 >> Error detected...
1335940000 >> Error detected...
1337190000 >> Error detected...
1338440000 >> Error detected...
1338640000 >> Error detected...
1339915000 >> Error detected...
1342665000 >> Error detected...
1343940000 >> Error detected...
1344215000 >> Error detected...
1344840000 >> Error detected...
1345240000 >> Error detected...
1345365000 >> Error detected...
1346065000 >> Error detected...
1346340000 >> Error detected...
1346915000 >> Error detected...
1347265000 >> Error detected...
1347515000 >> Error detected...
1347840000 >> Error detected...
1348415000 >> Error detected...
1349065000 >> Error detected...
1349490000 >> Error detected...
1351015000 >> Error detected...
1353915000 >> Error detected...
1355165000 >> Error detected...
1356240000 >> Error detected...
1356440000 >> Error detected...
1357890000 >> Error detected...
1360640000 >> Error detected...
1361915000 >> Error detected...
1362190000 >> Error detected...
1362640000 >> Error detected...
1363040000 >> Error detected...
1363165000 >> Error detected...
1364040000 >> Error detected...
1364315000 >> Error detected...
1364890000 >> Error detected...
1365240000 >> Error detected...
1365490000 >> Error detected...
1365815000 >> Error detected...
1366390000 >> Error detected...
1367040000 >> Error detected...
1367465000 >> Error detected...
1368990000 >> Error detected...
1371890000 >> Error detected...
1373140000 >> Error detected...
1374215000 >> Error detected...
1374415000 >> Error detected...
1375690000 >> Error detected...
1378615000 >> Error detected...
1379890000 >> Error detected...
1380165000 >> Error detected...
1380615000 >> Error detected...
1381015000 >> Error detected...
1381140000 >> Error detected...
1381840000 >> Error detected...
1382115000 >> Error detected...
1382690000 >> Error detected...
1383215000 >> Error detected...
1383465000 >> Error detected...
1383790000 >> Error detected...
1384365000 >> Error detected...
1385015000 >> Error detected...
1385465000 >> Error detected...
1386740000 >> Error detected...
1387390000 >> Error detected...
1388040000 >> Error detected...
1388590000 >> Error detected...
1389190000 >> Error detected...
1389940000 >> Error detected...
1390290000 >> Error detected...
1390540000 >> Error detected...
1390865000 >> Error detected...
1391440000 >> Error detected...
1392090000 >> Error detected...
1392515000 >> Error detected...
1394040000 >> Error detected...
1396940000 >> Error detected...
1398190000 >> Error detected...
1399265000 >> Error detected...
1399465000 >> Error detected...
1400740000 >> Error detected...
1403640000 >> Error detected...
1404915000 >> Error detected...
1405190000 >> Error detected...
1405640000 >> Error detected...
1406040000 >> Error detected...
1406165000 >> Error detected...
1406865000 >> Error detected...
1407140000 >> Error detected...
1407715000 >> Error detected...
1408065000 >> Error detected...
1408315000 >> Error detected...
1408815000 >> Error detected...
1409390000 >> Error detected...
1410040000 >> Error detected...
1410465000 >> Error detected...
1411990000 >> Error detected...
1414715000 >> Error detected...
1416140000 >> Error detected...
1417215000 >> Error detected...
1417415000 >> Error detected...
1418690000 >> Error detected...
1421615000 >> Error detected...
1422890000 >> Error detected...
1423165000 >> Error detected...
1423615000 >> Error detected...
1424015000 >> Error detected...
1424140000 >> Error detected...
1424840000 >> Error detected...
1425115000 >> Error detected...
1425690000 >> Error detected...
1426040000 >> Error detected...
1426290000 >> Error detected...
1426615000 >> Error detected...
1427190000 >> Error detected...
1428015000 >> Error detected...
1428440000 >> Error detected...
1429965000 >> Error detected...
1432690000 >> Error detected...
1433940000 >> Error detected...
1435165000 >> Error detected...
1435365000 >> Error detected...
1436640000 >> Error detected...
1439390000 >> Error detected...
1440840000 >> Error detected...
1441115000 >> Error detected...
1441565000 >> Error detected...
1441965000 >> Error detected...
1442090000 >> Error detected...
1442790000 >> Error detected...
1443065000 >> Error detected...
1443640000 >> Error detected...
1443990000 >> Error detected...
1444240000 >> Error detected...
1444565000 >> Error detected...
1445140000 >> Error detected...
1445790000 >> Error detected...
1446240000 >> Error detected...
1447665000 >> Error detected...
1448315000 >> Error detected...
1448965000 >> Error detected...
1449515000 >> Error detected...
1450115000 >> Error detected...
1450690000 >> Error detected...
1451040000 >> Error detected...
1451290000 >> Error detected...
1451615000 >> Error detected...
1452190000 >> Error detected...
1452840000 >> Error detected...
1453265000 >> Error detected...
1454965000 >> Error detected...
1457690000 >> Error detected...
1458940000 >> Error detected...
1460190000 >> Error detected...
1460390000 >> Error detected...
1461665000 >> Error detected...
1464415000 >> Error detected...
1465690000 >> Error detected...
1465965000 >> Error detected...
1466590000 >> Error detected...
1466990000 >> Error detected...
1467115000 >> Error detected...
1467815000 >> Error detected...
1468090000 >> Error detected...
1468665000 >> Error detected...
1469015000 >> Error detected...
1469265000 >> Error detected...
1469590000 >> Error detected...
1470165000 >> Error detected...
1470815000 >> Error detected...
1471240000 >> Error detected...
1472940000 >> Error detected...
1475665000 >> Error detected...
1476915000 >> Error detected...
1477990000 >> Error detected...
1478190000 >> Error detected...
1479640000 >> Error detected...
1482390000 >> Error detected...
1483665000 >> Error detected...
1483940000 >> Error detected...
1484390000 >> Error detected...
1484790000 >> Error detected...
1484915000 >> Error detected...
1485790000 >> Error detected...
1486065000 >> Error detected...
1486640000 >> Error detected...
1486990000 >> Error detected...
1487240000 >> Error detected...
1487565000 >> Error detected...
1488140000 >> Error detected...
1488790000 >> Error detected...
1489240000 >> Error detected...
1490515000 >> Error detected...
1491165000 >> Error detected...
1491815000 >> Error detected...
1492540000 >> Error detected...
1493140000 >> Error detected...
1493715000 >> Error detected...
1494065000 >> Error detected...
1494315000 >> Error detected...
1494640000 >> Error detected...
1495215000 >> Error detected...
1495865000 >> Error detected...
1496290000 >> Error detected...
1497815000 >> Error detected...
1500715000 >> Error detected...
1501965000 >> Error detected...
1503040000 >> Error detected...
1503240000 >> Error detected...
1504515000 >> Error detected...
1507440000 >> Error detected...
1508715000 >> Error detected...
1508990000 >> Error detected...
1509440000 >> Error detected...
1509840000 >> Error detected...
1509965000 >> Error detected...
1510665000 >> Error detected...
1510940000 >> Error detected...
1511690000 >> Error detected...
1512040000 >> Error detected...
1512290000 >> Error detected...
1512615000 >> Error detected...
1513190000 >> Error detected...
1513840000 >> Error detected...
1514290000 >> Error detected...
1515565000 >> Error detected...
1516215000 >> Error detected...
1516865000 >> Error detected...
1517415000 >> Error detected...
1518190000 >> Error detected...
1518765000 >> Error detected...
1519115000 >> Error detected...
1519365000 >> Error detected...
1519690000 >> Error detected...
1520265000 >> Error detected...
1520915000 >> Error detected...
1521365000 >> Error detected...
1522690000 >> Error detected...
1598340000 >> iteration no: 1
2610390000 >> iteration no: 2
3622265000 >> iteration no: 3
4634040000 >> iteration no: 4
5645715000 >> prog fin.
/testbench/cpu/l3/u0/leon3x0/vhdl/p0/iu/r.w.wreg:0
/testbench/cpu/l3/u0/leon3x0/vhdl/p0/iu/r.m.irqen:1
/testbench/cpu/l3/u0/leon3x0/vhdl/p0/iu/r.m.icc:1000
/testbench/cpu/l3/u0/leon3x0/vhdl/p0/iu/r.a.ticc:0
/testbench/cpu/l3/u0/leon3x0/vhdl/p0/iu/r.a.step:0
/testbench/cpu/l3/u0/leon3x0/vhdl/p0/iu/r.m.irqen2:1
/testbench/cpu/l3/u0/leon3x0/vhdl/p0/iu/r.d.pc:UUUUUUUUUUUUUUUUUUUUUUUUUUUUUUUU
/testbench/cpu/l3/u0/leon3x0/vhdl/p0/iu/r.d.rexpl:{{00000000000000000000000000000000} {00} {0} 0 0 {0000000000000000000} 0 0 0 0 0 0}
/testbench/cpu/l3/u0/leon3x0/vhdl/p0/iu/r.d.mexc:0
/testbench/cpu/l3/u0/leon3x0/vhdl/p0/iu/r.a.aw:0
/testbench/cpu/l3/u0/leon3x0/vhdl/p0/iu/r.e.ctrl:{{UUUUUUUUUUUUUUUUUUUUUUUUUUUUUU00} {00000000000000000000000000000000} {00} {10000000} {000000} 0 1 0 0 0 0 0 0 0}
/testbench/cpu/l3/u0/leon3x0/vhdl/p0/iu/r.a.divstart:0
/testbench/cpu/l3/u0/leon3x0/vhdl/p0/iu/r.e.shleft:0
/testbench/cpu/l3/u0/leon3x0/vhdl/p0/iu/r.a.bp:0
/testbench/cpu/l3/u0/leon3x0/vhdl/p0/iu/r.w.twcwp:000
/testbench/cpu/l3/u0/leon3x0/vhdl/p0/iu/r.a.jmpl:0
/testbench/cpu/l3/u0/leon3x0/vhdl/p0/iu/r.m.casa:0
/testbench/cpu/l3/u0/leon3x0/vhdl/p0/iu/r.m.werr:0
/testbench/cpu/l3/u0/leon3x0/vhdl/p0/iu/r.e.su:1
/testbench/cpu/l3/u0/leon3x0/vhdl/p0/iu/r.e.et:0
/testbench/cpu/l3/u0/leon3x0/vhdl/p0/iu/r.a.ldcheck1:0
/testbench/cpu/l3/u0/leon3x0/vhdl/p0/iu/r.d.stwin:000
/testbench/cpu/l3/u0/leon3x0/vhdl/p0/iu/r.a.ldcheck2:0
/testbench/cpu/l3/u0/leon3x0/vhdl/p0/iu/r.x.intack:0
/testbench/cpu/l3/u0/leon3x0/vhdl/p0/iu/r.m.ctrl:{{UUUUUUUUUUUUUUUUUUUUUUUUUUUUUU00} {00000000000000000000000000000000} {00} {10000000} {000000} 0 1 0 0 0 1 0 0 0}
/testbench/cpu/l3/u0/leon3x0/vhdl/p0/iu/r.a.cwp:011
/testbench/cpu/l3/u0/leon3x0/vhdl/p0/iu/r.e.sari:0
/testbench/cpu/l3/u0/leon3x0/vhdl/p0/iu/r.d.paw:0
/testbench/cpu/l3/u0/leon3x0/vhdl/p0/iu/r.d.aw:0
/testbench/cpu/l3/u0/leon3x0/vhdl/p0/iu/r.d.awp:000
/testbench/cpu/l3/u0/leon3x0/vhdl/p0/iu/r.x.ctrl:{{UUUUUUUUUUUUUUUUUUUUUUUUUUUUUU00} {00000000000000000000000000000000} {00} {10000000} {000000} 0 1 0 0 0 1 0 0 0}
/testbench/cpu/l3/u0/leon3x0/vhdl/p0/iu/r.m.rexnalign:0
/testbench/cpu/l3/u0/leon3x0/vhdl/p0/iu/r.m.su:1
/testbench/cpu/l3/u0/leon3x0/vhdl/p0/iu/r.m.wcwp:0
/testbench/cpu/l3/u0/leon3x0/vhdl/p0/iu/r.d.divrdy:0
/testbench/cpu/l3/u0/leon3x0/vhdl/p0/iu/r.e.cwp:011
/testbench/cpu/l3/u0/leon3x0/vhdl/p0/iu/r.w.except:0
/testbench/cpu/l3/u0/leon3x0/vhdl/p0/iu/r.x.nerror:1
/testbench/cpu/l3/u0/leon3x0/vhdl/p0/iu/r.a.bpimiss:0
/testbench/cpu/l3/u0/leon3x0/vhdl/p0/iu/r.a.nobp:0
/testbench/cpu/l3/u0/leon3x0/vhdl/p0/iu/r.d.rexcnt:0
/testbench/cpu/l3/u0/leon3x0/vhdl/p0/iu/r.w.s:{{011} {1000} {00000010} {01000000000000000000} {00000010} {0000} 0 0 1 1 0 {00000000000000000000000000000000} {UUUUUUUUUUUUUUUUUUUUUUUUUUUUUUUU} 1 0 0 1 1 1 0 0 {000} {000} {111}}
/testbench/cpu/l3/u0/leon3x0/vhdl/p0/iu/r.d.pv:0
/testbench/cpu/l3/u0/leon3x0/vhdl/p0/iu/r.a.ldchkra:1
/testbench/cpu/l3/u0/leon3x0/vhdl/p0/iu/r.a.rfa1:10000000
/testbench/cpu/l3/u0/leon3x0/vhdl/p0/iu/r.a.rfa2:10000000
/testbench/cpu/l3/u0/leon3x0/vhdl/p0/iu/r.a.imm:00000000000000000000000000000000
/testbench/cpu/l3/u0/leon3x0/vhdl/p0/iu/r.w.wa:00000000
/testbench/cpu/l3/u0/leon3x0/vhdl/p0/iu/r.m.casaz:1
/testbench/cpu/l3/u0/leon3x0/vhdl/p0/iu/r.x.dci:{0 0 1 0 0 0 {10} {UUUUUUUU}}
/testbench/cpu/l3/u0/leon3x0/vhdl/p0/iu/r.x.mac:0
/testbench/cpu/l3/u0/leon3x0/vhdl/p0/iu/r.m.divz:0
/testbench/cpu/l3/u0/leon3x0/vhdl/p0/iu/r.d.inst:{{00000000000000000000000000000000}}
/testbench/cpu/l3/u0/leon3x0/vhdl/p0/iu/r.e.rfe1:0
/testbench/cpu/l3/u0/leon3x0/vhdl/p0/iu/r.a.wovf:0
/testbench/cpu/l3/u0/leon3x0/vhdl/p0/iu/r.e.rfe2:0
/testbench/cpu/l3/u0/leon3x0/vhdl/p0/iu/r.e.op1:00000000000000000000000000000000
/testbench/cpu/l3/u0/leon3x0/vhdl/p0/iu/r.m.nalign:0
/testbench/cpu/l3/u0/leon3x0/vhdl/p0/iu/r.e.op2:00000000000000000000000000000000
/testbench/cpu/l3/u0/leon3x0/vhdl/p0/iu/r.d.rexen:0
/testbench/cpu/l3/u0/leon3x0/vhdl/p0/iu/r.a.ctrl:{{UUUUUUUUUUUUUUUUUUUUUUUUUUUUUU00} {00000000000000000000000000000000} {00} {10000000} {000000} 0 1 0 0 0 0 0 0 0}
/testbench/cpu/l3/u0/leon3x0/vhdl/p0/iu/r.x.ipend:0
/testbench/cpu/l3/u0/leon3x0/vhdl/p0/iu/r.e.ldbp1:0
/testbench/cpu/l3/u0/leon3x0/vhdl/p0/iu/r.e.aluadd:1
/testbench/cpu/l3/u0/leon3x0/vhdl/p0/iu/r.d.set:0
/testbench/cpu/l3/u0/leon3x0/vhdl/p0/iu/r.d.inull:0
/testbench/cpu/l3/u0/leon3x0/vhdl/p0/iu/r.e.ldbp2:0
/testbench/cpu/l3/u0/leon3x0/vhdl/p0/iu/r.d.cnt:00
/testbench/cpu/l3/u0/leon3x0/vhdl/p0/iu/r.a.su:1
/testbench/cpu/l3/u0/leon3x0/vhdl/p0/iu/r.a.et:0
/testbench/cpu/l3/u0/leon3x0/vhdl/p0/iu/r.e.mul:0
/testbench/cpu/l3/u0/leon3x0/vhdl/p0/iu/r.e.alusel:11
/testbench/cpu/l3/u0/leon3x0/vhdl/p0/iu/r.e.aw:U
/testbench/cpu/l3/u0/leon3x0/vhdl/p0/iu/r.e.mac:0
/testbench/cpu/l3/u0/leon3x0/vhdl/p0/iu/r.a.decill:0
/testbench/cpu/l3/u0/leon3x0/vhdl/p0/iu/r.x.icc:1000
/testbench/cpu/l3/u0/leon3x0/vhdl/p0/iu/r.x.result:00000000000000000000000000000000
/testbench/cpu/l3/u0/leon3x0/vhdl/p0/iu/r.e.bp:0
/testbench/cpu/l3/u0/leon3x0/vhdl/p0/iu/r.a.rs1:00000
/testbench/cpu/l3/u0/leon3x0/vhdl/p0/iu/r.e.jmpl:0
/testbench/cpu/l3/u0/leon3x0/vhdl/p0/iu/r.a.rsel1:101
/testbench/cpu/l3/u0/leon3x0/vhdl/p0/iu/r.x.y:00000000000000000000000000000000
/testbench/cpu/l3/u0/leon3x0/vhdl/p0/iu/r.a.rsel2:101
/testbench/cpu/l3/u0/leon3x0/vhdl/p0/iu/r.a.awp:000
/testbench/cpu/l3/u0/leon3x0/vhdl/p0/iu/r.a.paw:0
/testbench/cpu/l3/u0/leon3x0/vhdl/p0/iu/r.x.data:{{00000000000000000000000000000000}}
/testbench/cpu/l3/u0/leon3x0/vhdl/p0/iu/r.m.mul:0
/testbench/cpu/l3/u0/leon3x0/vhdl/p0/iu/r.e.rd:UUUUU
/testbench/cpu/l3/u0/leon3x0/vhdl/p0/iu/r.e.invop2:0
/testbench/cpu/l3/u0/leon3x0/vhdl/p0/iu/r.m.wawp:0
/testbench/cpu/l3/u0/leon3x0/vhdl/p0/iu/r.d.cwpmax:111
/testbench/cpu/l3/u0/leon3x0/vhdl/p0/iu/r.f.branch:1
/testbench/cpu/l3/u0/leon3x0/vhdl/p0/iu/r.d.pcheld:0
/testbench/cpu/l3/u0/leon3x0/vhdl/p0/iu/r.m.dci:{0 0 1 0 0 0 {10} {UUUUUUUU}}
/testbench/cpu/l3/u0/leon3x0/vhdl/p0/iu/r.e.paw:U
/testbench/cpu/l3/u0/leon3x0/vhdl/p0/iu/r.e.awp:UUU
/testbench/cpu/l3/u0/leon3x0/vhdl/p0/iu/r.e.shcnt:00000
/testbench/cpu/l3/u0/leon3x0/vhdl/p0/iu/r.w.result:UUUUUUUUUUUUUUUUUUUUUUUUUUUUUUUU
/testbench/cpu/l3/u0/leon3x0/vhdl/p0/iu/r.m.mac:0
/testbench/cpu/l3/u0/leon3x0/vhdl/p0/iu/r.m.y:00000000000000000000000000000000
/testbench/cpu/l3/u0/leon3x0/vhdl/p0/iu/r.d.cwp:011
/testbench/cpu/l3/u0/leon3x0/vhdl/p0/iu/r.x.laddr:00
/testbench/cpu/l3/u0/leon3x0/vhdl/p0/iu/r.e.mulstep:0
/testbench/cpu/l3/u0/leon3x0/vhdl/p0/iu/r.e.ymsb:0
/testbench/cpu/l3/u0/leon3x0/vhdl/p0/iu/r.d.rexbuf:00000000000000000000000000000000
/testbench/cpu/l3/u0/leon3x0/vhdl/p0/iu/r.x.npc:000
/testbench/cpu/l3/u0/leon3x0/vhdl/p0/iu/r.f.pc:UUUUUUUUUUUUUUUUUUUUUUUUUUUUUUUU
/testbench/cpu/l3/u0/leon3x0/vhdl/p0/iu/r.d.annul:1
/testbench/cpu/l3/u0/leon3x0/vhdl/p0/iu/r.x.rstate:dsu2
/testbench/cpu/l3/u0/leon3x0/vhdl/p0/iu/r.x.set:0
/testbench/cpu/l3/u0/leon3x0/vhdl/p0/iu/r.m.result:00000000000000000000000000000000
/testbench/cpu/l3/u0/leon3x0/vhdl/p0/iu/r.e.icc:UUUU
/testbench/cpu/l3/u0/leon3x0/vhdl/p0/iu/r.a.getpc:0
/testbench/cpu/l3/u0/leon3x0/vhdl/p0/iu/r.a.ldchkex:1
/testbench/cpu/l3/u0/leon3x0/vhdl/p0/iu/r.x.mexc:0
/testbench/cpu/l3/u0/leon3x0/vhdl/p0/iu/r.a.mulstart:0
/testbench/cpu/l3/u0/leon3x0/vhdl/p0/iu/r.d.rexpos:10
/testbench/cpu/l3/u0/leon3x0/vhdl/p0/iu/r.x.annul_all:1
/testbench/cpu/l3/u0/leon3x0/vhdl/p0/iu/r.e.aluop:000
/testbench/cpu/l3/u0/leon3x0/vhdl/p0/iu/r.x.debug:0
/testbench/cpu/l3/u0/leon3x0/vhdl/p0/iu/r.a.rfe1:0
/testbench/cpu/l3/u0/leon3x0/vhdl/p0/iu/r.d.step:0
/testbench/cpu/l3/u0/leon3x0/vhdl/p0/iu/r.a.rfe2:0
/testbench/cpu/l3/u0/leon3x0/vhdl/p0/iu/r.e.alucin:0
/testbench/cpu/l3/u0/leon3x0/vhdl/p0/iu/r.a.wunf:0
======================================
progstatus: 1
execerr: 892
latent: 1
program execution success!
total iterations: 5
>>>>>>>>>>>>>>> 5645715000
======================================
