Test signal = /testbench/cpu/l3/cpu(0)/u0/leon3x0/vhdl/p0/iu/r.d.annul
oldval = 0
pos1: -1 pos0: 0 posU: -1
newval = 1
force in 2361446
598,415 ns >> iteration no: 0
2,670,515 ns >> iteration no: 1
Signal value: 0
oldval = 0
pos1: -1 pos0: 0 posU: -1
newval = 1
4,742,690 ns >> iteration no: 2
Error detected -> Trying to recover
Successful recovery -> Returning to normal execution
6,821,465 ns >> iteration no: 3
8,893,190 ns >> iteration no: 4
10,964,765 ns >> prog fin.
compare to golden: 1
======================================
progstatus: 1
execerr: 1
latent: 1
program execution success!
total iterations: 5
>>>>>>>>>>>>>>> 10964765000
======================================
