Test signal = /testbench/cpu/l3/cpu(0)/u0/leon3x0/vhdl/p0/iu/r.w.wa
oldval = 10000010
pos1: 6 pos0: 7 posU: -1
newval = 10000000
force in 1706429
598,415 ns >> iteration no: 0
Signal value: 10000011
oldval = 10000011
pos1: 7 pos0: 5 posU: -1
newval = 10000010
2,670,515 ns >> iteration no: 1
4,742,690 ns >> iteration no: 2
6,814,540 ns >> iteration no: 3
8,886,165 ns >> iteration no: 4
10,957,765 ns >> prog fin.
compare to golden: 1
======================================
progstatus: 1
execerr: 0
latent: 1
program execution success!
total iterations: 5
>>>>>>>>>>>>>>> 10957765000
======================================
