Test signal = /testbench/cpu/l3/cpu(0)/u0/leon3x0/vhdl/p0/iu/r.a.wunf
oldval = 0
pos1: -1 pos0: 0 posU: -1
newval = 1
force in 726768
Error detected -> Trying to recover
Successful recovery -> Returning to normal execution
598,415 ns >> iteration no: 0
Signal value: 0
oldval = 0
pos1: -1 pos0: 0 posU: -1
newval = 1
2,720,390 ns >> iteration no: 1
4,792,140 ns >> iteration no: 2
6,863,765 ns >> iteration no: 3
8,936,115 ns >> iteration no: 4
11,007,590 ns >> prog fin.
compare to golden: 1
======================================
progstatus: 1
execerr: 1
latent: 1
program execution success!
total iterations: 5
>>>>>>>>>>>>>>> 11007590000
======================================
