Test signal = /testbench/cpu/l3/cpu(0)/u0/leon3x0/vhdl/p0/iu/r.m.result
oldval = 00000000000000000000000000000000
pos1: -1 pos0: 31 posU: -1
newval = 00000000000000000000000000000001
force in 972165
598,415 ns >> iteration no: 0
Signal value: 01000000000011111111111010011000
oldval = 01000000000011111111111010011000
pos1: 28 pos0: 31 posU: -1
newval = 01000000000011111111111010010000
Error detected -> Trying to recover
Successful recovery -> Returning to normal execution
2,678,415 ns >> iteration no: 1
4,750,515 ns >> iteration no: 2
6,822,690 ns >> iteration no: 3
8,894,540 ns >> iteration no: 4
10,965,590 ns >> prog fin.
compare to golden: 1
======================================
progstatus: 1
execerr: 1
latent: 1
program execution success!
total iterations: 5
>>>>>>>>>>>>>>> 10965590000
======================================
