Test signal = /testbench/cpu/l3/cpu(0)/u0/leon3x0/vhdl/p0/iu/r.x.result
oldval = 00000000000000000000000010000000
pos1: 24 pos0: 31 posU: -1
newval = 00000000000000000000000000000000
force in 1650836
598,415 ns >> iteration no: 0
Signal value: 01000000000011111111111010100000
oldval = 01000000000011111111111010100000
pos1: 26 pos0: 31 posU: -1
newval = 01000000000011111111111010000000
2,670,515 ns >> iteration no: 1
4,742,690 ns >> iteration no: 2
6,814,540 ns >> iteration no: 3
8,886,165 ns >> iteration no: 4
10,957,765 ns >> prog fin.
compare to golden: 1
======================================
progstatus: 1
execerr: 0
latent: 1
program execution success!
total iterations: 5
>>>>>>>>>>>>>>> 10957765000
======================================
