Test signal = /testbench/cpu/l3/cpu(0)/u0/leon3x0/vhdl/p0/iu/r.f.pc
oldval = 01000000000000000000010011000100
pos1: 29 pos0: 31 posU: -1
newval = 01000000000000000000010011000000
force in 697872
598,415 ns >> iteration no: 0
Signal value: 01000000000000000000001101000000
oldval = 01000000000000000000001101000000
pos1: 25 pos0: 31 posU: -1
newval = 01000000000000000000001100000000
Error detected -> Trying to recover
Successful recovery -> Returning to normal execution
2,675,590 ns >> iteration no: 1
4,747,340 ns >> iteration no: 2
6,818,965 ns >> iteration no: 3
8,891,315 ns >> iteration no: 4
10,962,790 ns >> prog fin.
compare to golden: 1
======================================
progstatus: 1
execerr: 1
latent: 1
program execution success!
total iterations: 5
>>>>>>>>>>>>>>> 10962790000
======================================
