Test signal = /testbench/cpu/l3/cpu(0)/u0/leon3x0/vhdl/p0/iu/r.f.pc
oldval = 01000000000000000000010011000100
pos1: 29 pos0: 31 posU: -1
newval = 01000000000000000000010011000000
force in 866936
598,415 ns >> iteration no: 0
Signal value: 01000000000000000000001101100100
oldval = 01000000000000000000001101100100
pos1: 29 pos0: 31 posU: -1
newval = 01000000000000000000001101100000
2,671,765 ns >> iteration no: 1
4,744,115 ns >> iteration no: 2
6,816,290 ns >> iteration no: 3
8,888,140 ns >> iteration no: 4
10,959,190 ns >> prog fin.
compare to golden: 1
======================================
progstatus: 1
execerr: 0
latent: 1
program execution success!
total iterations: 5
>>>>>>>>>>>>>>> 10959190000
======================================
