Test signal = /testbench/cpu/l3/cpu(0)/u0/leon3x0/vhdl/p0/iu/r.a.imm
oldval = 00000000000000000000000000000000
pos1: -1 pos0: 31 posU: -1
newval = 00000000000000000000000000000001
force in 3694071
598,415 ns >> iteration no: 0
2,670,515 ns >> iteration no: 1
Signal value: 11111111111111111111111111110100
oldval = 11111111111111111111111111110100
pos1: 29 pos0: 31 posU: -1
newval = 11111111111111111111111111110000
4,742,690 ns >> iteration no: 2
6,814,540 ns >> iteration no: 3
Error detected -> Trying to recover
Successful recovery -> Returning to normal execution
8,888,215 ns >> iteration no: 4
10,959,690 ns >> prog fin.
compare to golden: 1
======================================
progstatus: 1
execerr: 1
latent: 1
program execution success!
total iterations: 5
>>>>>>>>>>>>>>> 10959690000
======================================
