Test signal = /testbench/cpu/l3/cpu(0)/u0/leon3x0/vhdl/p0/iu/r.a.rsel2
oldval = 101
pos1: 2 pos0: 1 posU: -1
newval = 100
force in 4026996
598,415 ns >> iteration no: 0
2,670,515 ns >> iteration no: 1
Signal value: 011
oldval = 011
pos1: 2 pos0: 0 posU: -1
newval = 010
4,742,690 ns >> iteration no: 2
6,814,540 ns >> iteration no: 3
compare to golden: 1
======================================
progstatus: 0
execerr: 0
latent: 1
progstatus default value, probably error!
>>>>>>>>>>>>>>> 8655840000
======================================
