Test signal = /testbench/cpu/l3/cpu(0)/u0/leon3x0/vhdl/p0/iu/r.d.cnt
oldval = 00
pos1: -1 pos0: 1 posU: -1
newval = 01
force in 4246687
598,415 ns >> iteration no: 0
2,670,515 ns >> iteration no: 1
4,742,690 ns >> iteration no: 2
Signal value: 00
oldval = 00
pos1: -1 pos0: 1 posU: -1
newval = 01
6,814,540 ns >> iteration no: 3
8,886,165 ns >> iteration no: 4
Error detected -> Trying to recover
Successful recovery -> Returning to normal execution
10,963,165 ns >> prog fin.
compare to golden: 1
======================================
progstatus: 1
execerr: 1
latent: 1
program execution success!
total iterations: 5
>>>>>>>>>>>>>>> 10963165000
======================================
