Test signal = /testbench/cpu/l3/cpu(0)/u0/leon3x0/vhdl/p0/iu/r.e.op2
oldval = 00000000000000000000000000000000
pos1: -1 pos0: 31 posU: -1
newval = 00000000000000000000000000000001
force in 2257078
598,415 ns >> iteration no: 0
2,670,515 ns >> iteration no: 1
Signal value: 01000000000011111111111010010100
oldval = 01000000000011111111111010010100
pos1: 29 pos0: 31 posU: -1
newval = 01000000000011111111111010010000
4,742,690 ns >> iteration no: 2
compare to golden: 1
======================================
progstatus: 0
execerr: 0
latent: 1
progstatus default value, probably error!
>>>>>>>>>>>>>>> 5115415000
======================================
