Test signal = /testbench/cpu/l3/cpu(0)/u0/leon3x0/vhdl/p0/iu/r.a.rfa2
oldval = 10000000
pos1: 0 pos0: 7 posU: -1
newval = 00000000
force in 6637125
598,415 ns >> iteration no: 0
2,670,515 ns >> iteration no: 1
4,742,690 ns >> iteration no: 2
6,814,540 ns >> iteration no: 3
Signal value: 10000010
oldval = 10000010
pos1: 6 pos0: 7 posU: -1
newval = 10000000
8,886,165 ns >> iteration no: 4
10,957,765 ns >> prog fin.
compare to golden: 1
======================================
progstatus: 1
execerr: 0
latent: 1
program execution success!
total iterations: 5
>>>>>>>>>>>>>>> 10957765000
======================================
