Test signal = /testbench/cpu/l3/cpu(0)/u0/leon3x0/vhdl/p0/iu/r.e.op2
oldval = 00000000000000000000000000000000
pos1: -1 pos0: 31 posU: -1
newval = 00000000000000000000000000000001
force in 3732738
598,415 ns >> iteration no: 0
2,670,515 ns >> iteration no: 1
Signal value: 10111111111100000000000101101111
oldval = 10111111111100000000000101101111
pos1: 31 pos0: 27 posU: -1
newval = 10111111111100000000000101101110
4,742,690 ns >> iteration no: 2
6,814,540 ns >> iteration no: 3
compare to golden: 1
======================================
progstatus: 0
execerr: 0
latent: 1
progstatus default value, probably error!
>>>>>>>>>>>>>>> 8075915000
======================================
