Test signal = /testbench/cpu/l3/cpu(0)/u0/leon3x0/vhdl/p0/iu/r.d.cwp
oldval = 111
pos1: 2 pos0: -1 posU: -1
newval = 110
force in 795201
598,415 ns >> iteration no: 0
Signal value: 101
oldval = 101
pos1: 2 pos0: 1 posU: -1
newval = 100
Error detected -> Trying to recover
Successful recovery -> Returning to normal execution
2,678,165 ns >> iteration no: 1
4,750,515 ns >> iteration no: 2
6,822,690 ns >> iteration no: 3
8,894,540 ns >> iteration no: 4
10,965,590 ns >> prog fin.
compare to golden: 1
======================================
progstatus: 1
execerr: 1
latent: 1
program execution success!
total iterations: 5
>>>>>>>>>>>>>>> 10965590000
======================================
