Test signal = /testbench/cpu/l3/cpu(0)/u0/leon3x0/vhdl/p0/iu/r.a.bpimiss
oldval = 0
pos1: -1 pos0: 0 posU: -1
newval = 1
force in 2498828
598,415 ns >> iteration no: 0
2,670,515 ns >> iteration no: 1
Signal value: 0
oldval = 0
pos1: -1 pos0: 0 posU: -1
newval = 1
4,742,690 ns >> iteration no: 2
Error detected -> Trying to recover
Successful recovery -> Returning to normal execution
6,819,590 ns >> iteration no: 3
8,891,865 ns >> iteration no: 4
10,962,890 ns >> prog fin.
compare to golden: 1
======================================
progstatus: 1
execerr: 1
latent: 1
program execution success!
total iterations: 5
>>>>>>>>>>>>>>> 10962890000
======================================
