Test signal = /testbench/cpu/l3/cpu(0)/u0/leon3x0/vhdl/p0/iu/r.f.pc
oldval = 01000000000000000000010011000100
pos1: 29 pos0: 31 posU: -1
newval = 01000000000000000000010011000000
force in 992819
598,415 ns >> iteration no: 0
Signal value: 01000000000000000000001011101100
oldval = 01000000000000000000001011101100
pos1: 29 pos0: 31 posU: -1
newval = 01000000000000000000001011101000
Error detected -> Trying to recover
Successful recovery -> Returning to normal execution
2,678,040 ns >> iteration no: 1
4,749,465 ns >> iteration no: 2
6,821,790 ns >> iteration no: 3
8,893,865 ns >> iteration no: 4
10,965,440 ns >> prog fin.
compare to golden: 1
======================================
progstatus: 1
execerr: 1
latent: 1
program execution success!
total iterations: 5
>>>>>>>>>>>>>>> 10965440000
======================================
