Test signal = /testbench/cpu/l3/cpu(0)/u0/leon3x0/vhdl/p0/iu/r.a.rsel2
oldval = 101
pos1: 2 pos0: 1 posU: -1
newval = 100
force in 5005864
598,415 ns >> iteration no: 0
2,670,515 ns >> iteration no: 1
4,742,690 ns >> iteration no: 2
Signal value: 100
oldval = 100
pos1: 0 pos0: 2 posU: -1
newval = 000
6,814,540 ns >> iteration no: 3
8,886,165 ns >> iteration no: 4
Error detected -> Trying to recover
Successful recovery -> Returning to normal execution
10,961,790 ns >> prog fin.
compare to golden: 1
======================================
progstatus: 1
execerr: 1
latent: 1
program execution success!
total iterations: 5
>>>>>>>>>>>>>>> 10961790000
======================================
