Test signal = /testbench/cpu/l3/cpu(0)/u0/leon3x0/vhdl/p0/iu/r.a.rs1
oldval = 00000
pos1: -1 pos0: 4 posU: -1
newval = 00001
force in 3585802
598,415 ns >> iteration no: 0
2,670,515 ns >> iteration no: 1
Signal value: 00001
oldval = 00001
pos1: 4 pos0: 3 posU: -1
newval = 00000
4,742,690 ns >> iteration no: 2
6,814,540 ns >> iteration no: 3
8,886,165 ns >> iteration no: 4
10,957,765 ns >> prog fin.
compare to golden: 1
======================================
progstatus: 1
execerr: 0
latent: 1
program execution success!
total iterations: 5
>>>>>>>>>>>>>>> 10957765000
======================================
