Test signal = /testbench/cpu/l3/cpu(0)/u0/leon3x0/vhdl/p0/iu/r.a.rsel1
oldval = 101
pos1: 2 pos0: 1 posU: -1
newval = 100
force in 3476705
598,415 ns >> iteration no: 0
2,670,515 ns >> iteration no: 1
Signal value: 000
oldval = 000
pos1: -1 pos0: 2 posU: -1
newval = 001
4,742,690 ns >> iteration no: 2
6,814,540 ns >> iteration no: 3
Error detected -> Trying to recover
Successful recovery -> Returning to normal execution
8,888,990 ns >> iteration no: 4
10,960,390 ns >> prog fin.
compare to golden: 1
======================================
progstatus: 1
execerr: 1
latent: 1
program execution success!
total iterations: 5
>>>>>>>>>>>>>>> 10960390000
======================================
