Test signal = /testbench/cpu/l3/cpu(0)/u0/leon3x0/vhdl/p0/iu/r.f.pc
oldval = 01000000000000000000010011000100
pos1: 29 pos0: 31 posU: -1
newval = 01000000000000000000010011000000
force in 3391845
598,415 ns >> iteration no: 0
2,670,515 ns >> iteration no: 1
Signal value: 01000000000000000000001100011100
oldval = 01000000000000000000001100011100
pos1: 29 pos0: 31 posU: -1
newval = 01000000000000000000001100011000
4,742,690 ns >> iteration no: 2
6,814,540 ns >> iteration no: 3
Error detected -> Trying to recover
Successful recovery -> Returning to normal execution
8,893,865 ns >> iteration no: 4
10,965,440 ns >> prog fin.
compare to golden: 1
======================================
progstatus: 1
execerr: 1
latent: 1
program execution success!
total iterations: 5
>>>>>>>>>>>>>>> 10965440000
======================================
