Test signal = /testbench/cpu/l3/u0/leon3x0/vhdl/p0/iu/r.d.mexc
oldval = 0
pos1: -1 pos0: 0 posU: -1
newval = 1
force in 30713
584840000 >> iteration no: 0
Signal value: 0
oldval = 0
pos1: -1 pos0: 0 posU: -1
newval = 1
611765000 >> Requesting for the AHB bus...
612340000 >> AHB granted, starting recovery...
631540000 >> Recovery done, continuing...
631890000 >> Requesting for the AHB bus...
632465000 >> AHB granted, starting recovery...
651665000 >> Recovery done, continuing...
652015000 >> Requesting for the AHB bus...
652590000 >> AHB granted, starting recovery...
671790000 >> Recovery done, continuing...
672140000 >> Requesting for the AHB bus...
672715000 >> AHB granted, starting recovery...
691915000 >> Recovery done, continuing...
692265000 >> Requesting for the AHB bus...
692840000 >> AHB granted, starting recovery...
712040000 >> Recovery done, continuing...
712390000 >> Requesting for the AHB bus...
712965000 >> AHB granted, starting recovery...
732165000 >> Recovery done, continuing...
732515000 >> Requesting for the AHB bus...
733090000 >> AHB granted, starting recovery...
752290000 >> Recovery done, continuing...
752640000 >> Requesting for the AHB bus...
753215000 >> AHB granted, starting recovery...
772415000 >> Recovery done, continuing...
772765000 >> Requesting for the AHB bus...
773340000 >> AHB granted, starting recovery...
792540000 >> Recovery done, continuing...
792890000 >> Requesting for the AHB bus...
793465000 >> AHB granted, starting recovery...
812665000 >> Recovery done, continuing...
813015000 >> Requesting for the AHB bus...
813590000 >> AHB granted, starting recovery...
832790000 >> Recovery done, continuing...
833140000 >> Requesting for the AHB bus...
833715000 >> AHB granted, starting recovery...
852915000 >> Recovery done, continuing...
853265000 >> Requesting for the AHB bus...
853840000 >> AHB granted, starting recovery...
873040000 >> Recovery done, continuing...
873390000 >> Requesting for the AHB bus...
873965000 >> AHB granted, starting recovery...
893165000 >> Recovery done, continuing...
893515000 >> Requesting for the AHB bus...
894090000 >> AHB granted, starting recovery...
913290000 >> Recovery done, continuing...
913640000 >> Requesting for the AHB bus...
914215000 >> AHB granted, starting recovery...
933415000 >> Recovery done, continuing...
933765000 >> Requesting for the AHB bus...
934340000 >> AHB granted, starting recovery...
953540000 >> Recovery done, continuing...
953890000 >> Requesting for the AHB bus...
954465000 >> AHB granted, starting recovery...
973665000 >> Recovery done, continuing...
974015000 >> Requesting for the AHB bus...
974590000 >> AHB granted, starting recovery...
993790000 >> Recovery done, continuing...
994140000 >> Requesting for the AHB bus...
994715000 >> AHB granted, starting recovery...
1013915000 >> Recovery done, continuing...
1014265000 >> Requesting for the AHB bus...
1014840000 >> AHB granted, starting recovery...
1034040000 >> Recovery done, continuing...
1034390000 >> Requesting for the AHB bus...
1034965000 >> AHB granted, starting recovery...
1054165000 >> Recovery done, continuing...
1054515000 >> Requesting for the AHB bus...
1055090000 >> AHB granted, starting recovery...
1074290000 >> Recovery done, continuing...
1074640000 >> Requesting for the AHB bus...
1075215000 >> AHB granted, starting recovery...
1094415000 >> Recovery done, continuing...
1094765000 >> Requesting for the AHB bus...
1095340000 >> AHB granted, starting recovery...
1114540000 >> Recovery done, continuing...
1114890000 >> Requesting for the AHB bus...
1115465000 >> AHB granted, starting recovery...
1134665000 >> Recovery done, continuing...
1135015000 >> Requesting for the AHB bus...
1135590000 >> AHB granted, starting recovery...
1154790000 >> Recovery done, continuing...
1155140000 >> Requesting for the AHB bus...
1155715000 >> AHB granted, starting recovery...
1174915000 >> Recovery done, continuing...
1175265000 >> Requesting for the AHB bus...
1175840000 >> AHB granted, starting recovery...
1195040000 >> Recovery done, continuing...
1195390000 >> Requesting for the AHB bus...
1195965000 >> AHB granted, starting recovery...
1215165000 >> Recovery done, continuing...
1215515000 >> Requesting for the AHB bus...
1216090000 >> AHB granted, starting recovery...
1235290000 >> Recovery done, continuing...
1235640000 >> Requesting for the AHB bus...
1236215000 >> AHB granted, starting recovery...
1255415000 >> Recovery done, continuing...
1255765000 >> Requesting for the AHB bus...
1256340000 >> AHB granted, starting recovery...
1275540000 >> Recovery done, continuing...
1275890000 >> Requesting for the AHB bus...
1276465000 >> AHB granted, starting recovery...
1295665000 >> Recovery done, continuing...
1296015000 >> Requesting for the AHB bus...
1296590000 >> AHB granted, starting recovery...
1315790000 >> Recovery done, continuing...
1316140000 >> Requesting for the AHB bus...
1316715000 >> AHB granted, starting recovery...
1335915000 >> Recovery done, continuing...
1336265000 >> Requesting for the AHB bus...
1336840000 >> AHB granted, starting recovery...
1356040000 >> Recovery done, continuing...
1356390000 >> Requesting for the AHB bus...
1356965000 >> AHB granted, starting recovery...
1376165000 >> Recovery done, continuing...
1376515000 >> Requesting for the AHB bus...
1377090000 >> AHB granted, starting recovery...
1396290000 >> Recovery done, continuing...
1396640000 >> Requesting for the AHB bus...
1397215000 >> AHB granted, starting recovery...
1416415000 >> Recovery done, continuing...
1416765000 >> Requesting for the AHB bus...
1417340000 >> AHB granted, starting recovery...
1436540000 >> Recovery done, continuing...
1436890000 >> Requesting for the AHB bus...
1437465000 >> AHB granted, starting recovery...
1456665000 >> Recovery done, continuing...
1457015000 >> Requesting for the AHB bus...
1457590000 >> AHB granted, starting recovery...
1476790000 >> Recovery done, continuing...
1477140000 >> Requesting for the AHB bus...
1477715000 >> AHB granted, starting recovery...
1496915000 >> Recovery done, continuing...
1497265000 >> Requesting for the AHB bus...
1497840000 >> AHB granted, starting recovery...
1517040000 >> Recovery done, continuing...
1517390000 >> Requesting for the AHB bus...
1517965000 >> AHB granted, starting recovery...
1537165000 >> Recovery done, continuing...
1537515000 >> Requesting for the AHB bus...
1538090000 >> AHB granted, starting recovery...
1557290000 >> Recovery done, continuing...
1557640000 >> Requesting for the AHB bus...
1558215000 >> AHB granted, starting recovery...
1577415000 >> Recovery done, continuing...
1577765000 >> Requesting for the AHB bus...
1578340000 >> AHB granted, starting recovery...
1597540000 >> Recovery done, continuing...
1597890000 >> Requesting for the AHB bus...
1598465000 >> AHB granted, starting recovery...
1617665000 >> Recovery done, continuing...
1618015000 >> Requesting for the AHB bus...
1618590000 >> AHB granted, starting recovery...
1637790000 >> Recovery done, continuing...
1638140000 >> Requesting for the AHB bus...
1638715000 >> AHB granted, starting recovery...
1657915000 >> Recovery done, continuing...
1658390000 >> Requesting for the AHB bus...
1658965000 >> AHB granted, starting recovery...
1678165000 >> Recovery done, continuing...
1678515000 >> Requesting for the AHB bus...
1679090000 >> AHB granted, starting recovery...
1698290000 >> Recovery done, continuing...
1698640000 >> Requesting for the AHB bus...
1699215000 >> AHB granted, starting recovery...
1718415000 >> Recovery done, continuing...
1718765000 >> Requesting for the AHB bus...
1719340000 >> AHB granted, starting recovery...
1738540000 >> Recovery done, continuing...
1738890000 >> Requesting for the AHB bus...
1739465000 >> AHB granted, starting recovery...
1758665000 >> Recovery done, continuing...
1759015000 >> Requesting for the AHB bus...
1759590000 >> AHB granted, starting recovery...
1778790000 >> Recovery done, continuing...
1779140000 >> Requesting for the AHB bus...
1779715000 >> AHB granted, starting recovery...
1798915000 >> Recovery done, continuing...
1799265000 >> Requesting for the AHB bus...
1799840000 >> AHB granted, starting recovery...
1819040000 >> Recovery done, continuing...
1819390000 >> Requesting for the AHB bus...
1819965000 >> AHB granted, starting recovery...
1839165000 >> Recovery done, continuing...
1839515000 >> Requesting for the AHB bus...
1840090000 >> AHB granted, starting recovery...
1859290000 >> Recovery done, continuing...
1859640000 >> Requesting for the AHB bus...
1860215000 >> AHB granted, starting recovery...
1879415000 >> Recovery done, continuing...
1879765000 >> Requesting for the AHB bus...
1880340000 >> AHB granted, starting recovery...
1899540000 >> Recovery done, continuing...
1899890000 >> Requesting for the AHB bus...
1900465000 >> AHB granted, starting recovery...
1919665000 >> Recovery done, continuing...
1920015000 >> Requesting for the AHB bus...
1920590000 >> AHB granted, starting recovery...
1939790000 >> Recovery done, continuing...
1940140000 >> Requesting for the AHB bus...
1940715000 >> AHB granted, starting recovery...
1959915000 >> Recovery done, continuing...
1960265000 >> Requesting for the AHB bus...
1960840000 >> AHB granted, starting recovery...
1980040000 >> Recovery done, continuing...
1980390000 >> Requesting for the AHB bus...
1980965000 >> AHB granted, starting recovery...
2000165000 >> Recovery done, continuing...
2000515000 >> Requesting for the AHB bus...
2001090000 >> AHB granted, starting recovery...
2020290000 >> Recovery done, continuing...
2020640000 >> Requesting for the AHB bus...
2021215000 >> AHB granted, starting recovery...
2040415000 >> Recovery done, continuing...
2040765000 >> Requesting for the AHB bus...
2041340000 >> AHB granted, starting recovery...
2060540000 >> Recovery done, continuing...
2060890000 >> Requesting for the AHB bus...
2061465000 >> AHB granted, starting recovery...
2080665000 >> Recovery done, continuing...
2081015000 >> Requesting for the AHB bus...
2081590000 >> AHB granted, starting recovery...
2100790000 >> Recovery done, continuing...
2101140000 >> Requesting for the AHB bus...
2101715000 >> AHB granted, starting recovery...
2120915000 >> Recovery done, continuing...
2121265000 >> Requesting for the AHB bus...
2121840000 >> AHB granted, starting recovery...
2141040000 >> Recovery done, continuing...
2141390000 >> Requesting for the AHB bus...
2141965000 >> AHB granted, starting recovery...
2161165000 >> Recovery done, continuing...
2161515000 >> Requesting for the AHB bus...
2162090000 >> AHB granted, starting recovery...
2181290000 >> Recovery done, continuing...
2181640000 >> Requesting for the AHB bus...
2182215000 >> AHB granted, starting recovery...
2201415000 >> Recovery done, continuing...
2201765000 >> Requesting for the AHB bus...
2202340000 >> AHB granted, starting recovery...
2221540000 >> Recovery done, continuing...
2221890000 >> Requesting for the AHB bus...
2222465000 >> AHB granted, starting recovery...
2241665000 >> Recovery done, continuing...
2242015000 >> Requesting for the AHB bus...
2242590000 >> AHB granted, starting recovery...
2261790000 >> Recovery done, continuing...
2262140000 >> Requesting for the AHB bus...
2262715000 >> AHB granted, starting recovery...
2281915000 >> Recovery done, continuing...
2282265000 >> Requesting for the AHB bus...
2282840000 >> AHB granted, starting recovery...
2302040000 >> Recovery done, continuing...
2302390000 >> Requesting for the AHB bus...
2302965000 >> AHB granted, starting recovery...
2322165000 >> Recovery done, continuing...
2322515000 >> Requesting for the AHB bus...
2323090000 >> AHB granted, starting recovery...
2342290000 >> Recovery done, continuing...
2342640000 >> Requesting for the AHB bus...
2343215000 >> AHB granted, starting recovery...
2362415000 >> Recovery done, continuing...
2362765000 >> Requesting for the AHB bus...
2363340000 >> AHB granted, starting recovery...
2382540000 >> Recovery done, continuing...
2382890000 >> Requesting for the AHB bus...
2383465000 >> AHB granted, starting recovery...
2402665000 >> Recovery done, continuing...
2403015000 >> Requesting for the AHB bus...
2403590000 >> AHB granted, starting recovery...
2422790000 >> Recovery done, continuing...
2423140000 >> Requesting for the AHB bus...
2423715000 >> AHB granted, starting recovery...
2442915000 >> Recovery done, continuing...
2443265000 >> Requesting for the AHB bus...
2443840000 >> AHB granted, starting recovery...
2463040000 >> Recovery done, continuing...
2463390000 >> Requesting for the AHB bus...
2463965000 >> AHB granted, starting recovery...
2483165000 >> Recovery done, continuing...
2483515000 >> Requesting for the AHB bus...
2484090000 >> AHB granted, starting recovery...
2503290000 >> Recovery done, continuing...
2503640000 >> Requesting for the AHB bus...
2504215000 >> AHB granted, starting recovery...
2523415000 >> Recovery done, continuing...
2523765000 >> Requesting for the AHB bus...
2524340000 >> AHB granted, starting recovery...
2543540000 >> Recovery done, continuing...
2543890000 >> Requesting for the AHB bus...
2544465000 >> AHB granted, starting recovery...
2563665000 >> Recovery done, continuing...
2564015000 >> Requesting for the AHB bus...
2564590000 >> AHB granted, starting recovery...
2583790000 >> Recovery done, continuing...
2584140000 >> Requesting for the AHB bus...
2584715000 >> AHB granted, starting recovery...
2603915000 >> Recovery done, continuing...
2604265000 >> Requesting for the AHB bus...
2604840000 >> AHB granted, starting recovery...
2624040000 >> Recovery done, continuing...
2624390000 >> Requesting for the AHB bus...
2624965000 >> AHB granted, starting recovery...
2644165000 >> Recovery done, continuing...
2644515000 >> Requesting for the AHB bus...
2645090000 >> AHB granted, starting recovery...
2664290000 >> Recovery done, continuing...
2664640000 >> Requesting for the AHB bus...
2665215000 >> AHB granted, starting recovery...
2684415000 >> Recovery done, continuing...
2684765000 >> Requesting for the AHB bus...
2685340000 >> AHB granted, starting recovery...
2704540000 >> Recovery done, continuing...
2704890000 >> Requesting for the AHB bus...
2705465000 >> AHB granted, starting recovery...
2724665000 >> Recovery done, continuing...
2725015000 >> Requesting for the AHB bus...
2725590000 >> AHB granted, starting recovery...
2744790000 >> Recovery done, continuing...
2745140000 >> Requesting for the AHB bus...
2745715000 >> AHB granted, starting recovery...
2764915000 >> Recovery done, continuing...
2765265000 >> Requesting for the AHB bus...
2765840000 >> AHB granted, starting recovery...
2785040000 >> Recovery done, continuing...
2785390000 >> Requesting for the AHB bus...
2785965000 >> AHB granted, starting recovery...
2805165000 >> Recovery done, continuing...
2805515000 >> Requesting for the AHB bus...
2806090000 >> AHB granted, starting recovery...
2825290000 >> Recovery done, continuing...
2825640000 >> Requesting for the AHB bus...
2826215000 >> AHB granted, starting recovery...
2845415000 >> Recovery done, continuing...
2845765000 >> Requesting for the AHB bus...
2846340000 >> AHB granted, starting recovery...
2865540000 >> Recovery done, continuing...
2865890000 >> Requesting for the AHB bus...
2866465000 >> AHB granted, starting recovery...
2885665000 >> Recovery done, continuing...
2886015000 >> Requesting for the AHB bus...
2886590000 >> AHB granted, starting recovery...
2899665000 >> time limit reached...
/testbench/cpu/l3/u0/leon3x0/vhdl/p0/iu/r.w.wreg:1
/testbench/cpu/l3/u0/leon3x0/vhdl/p0/iu/r.m.irqen:1
/testbench/cpu/l3/u0/leon3x0/vhdl/p0/iu/r.m.icc:1001
/testbench/cpu/l3/u0/leon3x0/vhdl/p0/iu/r.a.ticc:0
/testbench/cpu/l3/u0/leon3x0/vhdl/p0/iu/r.a.step:0
/testbench/cpu/l3/u0/leon3x0/vhdl/p0/iu/r.m.irqen2:1
/testbench/cpu/l3/u0/leon3x0/vhdl/p0/iu/r.d.pc:01000000000000000000001001000000
/testbench/cpu/l3/u0/leon3x0/vhdl/p0/iu/r.d.rexpl:{{00000000000000000000000000000000} {00} {0} 0 0 {0000000000000000000} 0 0 0 0 0 0}
/testbench/cpu/l3/u0/leon3x0/vhdl/p0/iu/r.d.mexc:0
/testbench/cpu/l3/u0/leon3x0/vhdl/p0/iu/r.a.aw:0
/testbench/cpu/l3/u0/leon3x0/vhdl/p0/iu/r.e.ctrl:{{01000000000000000000001000111100} {11000010000001111011111111111100} {00} {10000001} {000000} 0 0 1 0 0 1 1 0 0}
/testbench/cpu/l3/u0/leon3x0/vhdl/p0/iu/r.a.divstart:0
/testbench/cpu/l3/u0/leon3x0/vhdl/p0/iu/r.e.shleft:0
/testbench/cpu/l3/u0/leon3x0/vhdl/p0/iu/r.a.bp:0
/testbench/cpu/l3/u0/leon3x0/vhdl/p0/iu/r.w.twcwp:000
/testbench/cpu/l3/u0/leon3x0/vhdl/p0/iu/r.a.jmpl:0
/testbench/cpu/l3/u0/leon3x0/vhdl/p0/iu/r.m.casa:0
/testbench/cpu/l3/u0/leon3x0/vhdl/p0/iu/r.m.werr:0
/testbench/cpu/l3/u0/leon3x0/vhdl/p0/iu/r.e.su:1
/testbench/cpu/l3/u0/leon3x0/vhdl/p0/iu/r.e.et:1
/testbench/cpu/l3/u0/leon3x0/vhdl/p0/iu/r.a.ldcheck1:1
/testbench/cpu/l3/u0/leon3x0/vhdl/p0/iu/r.d.stwin:000
/testbench/cpu/l3/u0/leon3x0/vhdl/p0/iu/r.a.ldcheck2:0
/testbench/cpu/l3/u0/leon3x0/vhdl/p0/iu/r.x.intack:0
/testbench/cpu/l3/u0/leon3x0/vhdl/p0/iu/r.m.ctrl:{{01000000000000000000001000111000} {11000010001001111011111111111100} {01} {10000001} {000001} 1 0 0 0 0 0 0 0 0}
/testbench/cpu/l3/u0/leon3x0/vhdl/p0/iu/r.a.cwp:101
/testbench/cpu/l3/u0/leon3x0/vhdl/p0/iu/r.e.sari:0
/testbench/cpu/l3/u0/leon3x0/vhdl/p0/iu/r.d.paw:0
/testbench/cpu/l3/u0/leon3x0/vhdl/p0/iu/r.d.aw:0
/testbench/cpu/l3/u0/leon3x0/vhdl/p0/iu/r.d.awp:000
/testbench/cpu/l3/u0/leon3x0/vhdl/p0/iu/r.x.ctrl:{{01000000000000000000001000111000} {11000010001001111011111111111100} {00} {10000001} {000000} 0 0 0 0 0 0 1 0 0}
/testbench/cpu/l3/u0/leon3x0/vhdl/p0/iu/r.m.rexnalign:0
/testbench/cpu/l3/u0/leon3x0/vhdl/p0/iu/r.m.su:1
/testbench/cpu/l3/u0/leon3x0/vhdl/p0/iu/r.m.wcwp:0
/testbench/cpu/l3/u0/leon3x0/vhdl/p0/iu/r.d.divrdy:0
/testbench/cpu/l3/u0/leon3x0/vhdl/p0/iu/r.e.cwp:101
/testbench/cpu/l3/u0/leon3x0/vhdl/p0/iu/r.w.except:0
/testbench/cpu/l3/u0/leon3x0/vhdl/p0/iu/r.x.nerror:0
/testbench/cpu/l3/u0/leon3x0/vhdl/p0/iu/r.a.bpimiss:0
/testbench/cpu/l3/u0/leon3x0/vhdl/p0/iu/r.a.nobp:0
/testbench/cpu/l3/u0/leon3x0/vhdl/p0/iu/r.d.rexcnt:0
/testbench/cpu/l3/u0/leon3x0/vhdl/p0/iu/r.w.s:{{101} {1001} {00000000} {01000000000000000000} {00000010} {0000} 0 0 1 1 1 {00000000000000000000000000000000} {UUUUUUUUUUUUUUUUUUUUUUUUUUUUUUUU} 1 0 0 1 1 1 0 0 {000} {000} {111}}
/testbench/cpu/l3/u0/leon3x0/vhdl/p0/iu/r.d.pv:1
/testbench/cpu/l3/u0/leon3x0/vhdl/p0/iu/r.a.ldchkra:1
/testbench/cpu/l3/u0/leon3x0/vhdl/p0/iu/r.a.rfa1:10000001
/testbench/cpu/l3/u0/leon3x0/vhdl/p0/iu/r.a.rfa2:10000011
/testbench/cpu/l3/u0/leon3x0/vhdl/p0/iu/r.a.imm:00000000000000000000000000000011
/testbench/cpu/l3/u0/leon3x0/vhdl/p0/iu/r.w.wa:10000001
/testbench/cpu/l3/u0/leon3x0/vhdl/p0/iu/r.m.casaz:0
/testbench/cpu/l3/u0/leon3x0/vhdl/p0/iu/r.x.dci:{0 1 0 0 0 0 {10} {00001011}}
/testbench/cpu/l3/u0/leon3x0/vhdl/p0/iu/r.x.mac:0
/testbench/cpu/l3/u0/leon3x0/vhdl/p0/iu/r.m.divz:0
/testbench/cpu/l3/u0/leon3x0/vhdl/p0/iu/r.d.inst:{{10000000101000000110000000000011}}
/testbench/cpu/l3/u0/leon3x0/vhdl/p0/iu/r.e.rfe1:1
/testbench/cpu/l3/u0/leon3x0/vhdl/p0/iu/r.a.wovf:0
/testbench/cpu/l3/u0/leon3x0/vhdl/p0/iu/r.e.rfe2:0
/testbench/cpu/l3/u0/leon3x0/vhdl/p0/iu/r.e.op1:01000000000011111111111010011000
/testbench/cpu/l3/u0/leon3x0/vhdl/p0/iu/r.m.nalign:1
/testbench/cpu/l3/u0/leon3x0/vhdl/p0/iu/r.e.op2:11111111111111111111111111111100
/testbench/cpu/l3/u0/leon3x0/vhdl/p0/iu/r.d.rexen:0
/testbench/cpu/l3/u0/leon3x0/vhdl/p0/iu/r.a.ctrl:{{01000000000000000000001001000000} {10000000101000000110000000000011} {00} {10000000} {000000} 0 1 0 0 0 0 0 0 0}
/testbench/cpu/l3/u0/leon3x0/vhdl/p0/iu/r.x.ipend:0
/testbench/cpu/l3/u0/leon3x0/vhdl/p0/iu/r.e.ldbp1:0
/testbench/cpu/l3/u0/leon3x0/vhdl/p0/iu/r.e.aluadd:1
/testbench/cpu/l3/u0/leon3x0/vhdl/p0/iu/r.d.set:0
/testbench/cpu/l3/u0/leon3x0/vhdl/p0/iu/r.d.inull:0
/testbench/cpu/l3/u0/leon3x0/vhdl/p0/iu/r.e.ldbp2:0
/testbench/cpu/l3/u0/leon3x0/vhdl/p0/iu/r.d.cnt:00
/testbench/cpu/l3/u0/leon3x0/vhdl/p0/iu/r.a.su:1
/testbench/cpu/l3/u0/leon3x0/vhdl/p0/iu/r.a.et:1
/testbench/cpu/l3/u0/leon3x0/vhdl/p0/iu/r.e.mul:0
/testbench/cpu/l3/u0/leon3x0/vhdl/p0/iu/r.e.alusel:00
/testbench/cpu/l3/u0/leon3x0/vhdl/p0/iu/r.e.aw:U
/testbench/cpu/l3/u0/leon3x0/vhdl/p0/iu/r.e.mac:0
/testbench/cpu/l3/u0/leon3x0/vhdl/p0/iu/r.a.decill:0
/testbench/cpu/l3/u0/leon3x0/vhdl/p0/iu/r.x.icc:1001
/testbench/cpu/l3/u0/leon3x0/vhdl/p0/iu/r.x.result:01000000000011111111111010010100
/testbench/cpu/l3/u0/leon3x0/vhdl/p0/iu/r.e.bp:0
/testbench/cpu/l3/u0/leon3x0/vhdl/p0/iu/r.a.rs1:00001
/testbench/cpu/l3/u0/leon3x0/vhdl/p0/iu/r.e.jmpl:0
/testbench/cpu/l3/u0/leon3x0/vhdl/p0/iu/r.a.rsel1:001
/testbench/cpu/l3/u0/leon3x0/vhdl/p0/iu/r.x.y:00000000000000000000000000000000
/testbench/cpu/l3/u0/leon3x0/vhdl/p0/iu/r.a.rsel2:100
/testbench/cpu/l3/u0/leon3x0/vhdl/p0/iu/r.a.awp:000
/testbench/cpu/l3/u0/leon3x0/vhdl/p0/iu/r.a.paw:0
/testbench/cpu/l3/u0/leon3x0/vhdl/p0/iu/r.x.data:{{00000000000000000000000000000001}}
/testbench/cpu/l3/u0/leon3x0/vhdl/p0/iu/r.m.mul:0
/testbench/cpu/l3/u0/leon3x0/vhdl/p0/iu/r.e.rd:UUUUU
/testbench/cpu/l3/u0/leon3x0/vhdl/p0/iu/r.e.invop2:0
/testbench/cpu/l3/u0/leon3x0/vhdl/p0/iu/r.m.wawp:0
/testbench/cpu/l3/u0/leon3x0/vhdl/p0/iu/r.d.cwpmax:111
/testbench/cpu/l3/u0/leon3x0/vhdl/p0/iu/r.f.branch:0
/testbench/cpu/l3/u0/leon3x0/vhdl/p0/iu/r.d.pcheld:1
/testbench/cpu/l3/u0/leon3x0/vhdl/p0/iu/r.m.dci:{0 0 0 0 0 0 {10} {00001011}}
/testbench/cpu/l3/u0/leon3x0/vhdl/p0/iu/r.e.paw:U
/testbench/cpu/l3/u0/leon3x0/vhdl/p0/iu/r.e.awp:UUU
/testbench/cpu/l3/u0/leon3x0/vhdl/p0/iu/r.e.shcnt:11100
/testbench/cpu/l3/u0/leon3x0/vhdl/p0/iu/r.w.result:00000000000000000000000000000010
/testbench/cpu/l3/u0/leon3x0/vhdl/p0/iu/r.m.mac:0
/testbench/cpu/l3/u0/leon3x0/vhdl/p0/iu/r.m.y:00000000000000000000000000000000
/testbench/cpu/l3/u0/leon3x0/vhdl/p0/iu/r.d.cwp:101
/testbench/cpu/l3/u0/leon3x0/vhdl/p0/iu/r.x.laddr:00
/testbench/cpu/l3/u0/leon3x0/vhdl/p0/iu/r.e.mulstep:0
/testbench/cpu/l3/u0/leon3x0/vhdl/p0/iu/r.e.ymsb:0
/testbench/cpu/l3/u0/leon3x0/vhdl/p0/iu/r.d.rexbuf:00000000000000000000000000000000
/testbench/cpu/l3/u0/leon3x0/vhdl/p0/iu/r.x.npc:100
/testbench/cpu/l3/u0/leon3x0/vhdl/p0/iu/r.f.pc:01000000000000000000001001000100
/testbench/cpu/l3/u0/leon3x0/vhdl/p0/iu/r.d.annul:0
/testbench/cpu/l3/u0/leon3x0/vhdl/p0/iu/r.x.rstate:run
/testbench/cpu/l3/u0/leon3x0/vhdl/p0/iu/r.x.set:0
/testbench/cpu/l3/u0/leon3x0/vhdl/p0/iu/r.m.result:00000000000000000000000000000010
/testbench/cpu/l3/u0/leon3x0/vhdl/p0/iu/r.e.icc:UUUU
/testbench/cpu/l3/u0/leon3x0/vhdl/p0/iu/r.a.getpc:0
/testbench/cpu/l3/u0/leon3x0/vhdl/p0/iu/r.a.ldchkex:1
/testbench/cpu/l3/u0/leon3x0/vhdl/p0/iu/r.x.mexc:0
/testbench/cpu/l3/u0/leon3x0/vhdl/p0/iu/r.a.mulstart:0
/testbench/cpu/l3/u0/leon3x0/vhdl/p0/iu/r.d.rexpos:10
/testbench/cpu/l3/u0/leon3x0/vhdl/p0/iu/r.x.annul_all:0
/testbench/cpu/l3/u0/leon3x0/vhdl/p0/iu/r.e.aluop:000
/testbench/cpu/l3/u0/leon3x0/vhdl/p0/iu/r.x.debug:0
/testbench/cpu/l3/u0/leon3x0/vhdl/p0/iu/r.a.rfe1:0
/testbench/cpu/l3/u0/leon3x0/vhdl/p0/iu/r.d.step:0
/testbench/cpu/l3/u0/leon3x0/vhdl/p0/iu/r.a.rfe2:0
/testbench/cpu/l3/u0/leon3x0/vhdl/p0/iu/r.e.alucin:0
/testbench/cpu/l3/u0/leon3x0/vhdl/p0/iu/r.a.wunf:0
compare to golden: 1
======================================
progstatus: -2
execerr: 114
latent: 1
time limit!
>>>>>>>>>>>>>>> 2899665000
======================================
