Test signal = /testbench/cpu/l3/u0/leon3x0/vhdl/p0/iu/r.d.cwp
oldval = 111
pos1: 2 pos0: -1 posU: -1
newval = 110
force in 247702
584840000 >> iteration no: 0
Signal value: 101
oldval = 101
pos1: 2 pos0: 1 posU: -1
newval = 100
828640000 >> Requesting for the AHB bus...
829490000 >> AHB granted, starting recovery...
848690000 >> Recovery done, continuing...
848740000 >> Requesting for the AHB bus...
849540000 >> AHB granted, starting recovery...
868740000 >> Recovery done, continuing...
868790000 >> Requesting for the AHB bus...
869590000 >> AHB granted, starting recovery...
888790000 >> Recovery done, continuing...
888840000 >> Requesting for the AHB bus...
889640000 >> AHB granted, starting recovery...
908840000 >> Recovery done, continuing...
908890000 >> Requesting for the AHB bus...
909690000 >> AHB granted, starting recovery...
928890000 >> Recovery done, continuing...
928940000 >> Requesting for the AHB bus...
929740000 >> AHB granted, starting recovery...
948940000 >> Recovery done, continuing...
948990000 >> Requesting for the AHB bus...
949790000 >> AHB granted, starting recovery...
968990000 >> Recovery done, continuing...
969040000 >> Requesting for the AHB bus...
969840000 >> AHB granted, starting recovery...
989040000 >> Recovery done, continuing...
989090000 >> Requesting for the AHB bus...
989890000 >> AHB granted, starting recovery...
1009090000 >> Recovery done, continuing...
1009140000 >> Requesting for the AHB bus...
1009940000 >> AHB granted, starting recovery...
1029140000 >> Recovery done, continuing...
1029190000 >> Requesting for the AHB bus...
1029990000 >> AHB granted, starting recovery...
1049190000 >> Recovery done, continuing...
1049240000 >> Requesting for the AHB bus...
1050040000 >> AHB granted, starting recovery...
1069240000 >> Recovery done, continuing...
1069290000 >> Requesting for the AHB bus...
1070090000 >> AHB granted, starting recovery...
1089290000 >> Recovery done, continuing...
1089340000 >> Requesting for the AHB bus...
1090140000 >> AHB granted, starting recovery...
1109340000 >> Recovery done, continuing...
1109390000 >> Requesting for the AHB bus...
1110190000 >> AHB granted, starting recovery...
1129390000 >> Recovery done, continuing...
1129440000 >> Requesting for the AHB bus...
1130240000 >> AHB granted, starting recovery...
1149440000 >> Recovery done, continuing...
1149490000 >> Requesting for the AHB bus...
1150290000 >> AHB granted, starting recovery...
1169490000 >> Recovery done, continuing...
1169540000 >> Requesting for the AHB bus...
1170340000 >> AHB granted, starting recovery...
1189540000 >> Recovery done, continuing...
1189590000 >> Requesting for the AHB bus...
1190390000 >> AHB granted, starting recovery...
1209590000 >> Recovery done, continuing...
1209640000 >> Requesting for the AHB bus...
1210440000 >> AHB granted, starting recovery...
1229640000 >> Recovery done, continuing...
1229690000 >> Requesting for the AHB bus...
1230490000 >> AHB granted, starting recovery...
1249690000 >> Recovery done, continuing...
1249740000 >> Requesting for the AHB bus...
1250540000 >> AHB granted, starting recovery...
1269740000 >> Recovery done, continuing...
1269790000 >> Requesting for the AHB bus...
1270590000 >> AHB granted, starting recovery...
1289790000 >> Recovery done, continuing...
1289840000 >> Requesting for the AHB bus...
1290640000 >> AHB granted, starting recovery...
1309840000 >> Recovery done, continuing...
1309890000 >> Requesting for the AHB bus...
1310690000 >> AHB granted, starting recovery...
1329890000 >> Recovery done, continuing...
1329940000 >> Requesting for the AHB bus...
1330740000 >> AHB granted, starting recovery...
1349940000 >> Recovery done, continuing...
1349990000 >> Requesting for the AHB bus...
1350790000 >> AHB granted, starting recovery...
1369990000 >> Recovery done, continuing...
1370040000 >> Requesting for the AHB bus...
1370890000 >> AHB granted, starting recovery...
1390090000 >> Recovery done, continuing...
1390140000 >> Requesting for the AHB bus...
1390940000 >> AHB granted, starting recovery...
1410140000 >> Recovery done, continuing...
1410190000 >> Requesting for the AHB bus...
1410990000 >> AHB granted, starting recovery...
1430190000 >> Recovery done, continuing...
1430240000 >> Requesting for the AHB bus...
1431040000 >> AHB granted, starting recovery...
1450240000 >> Recovery done, continuing...
1450290000 >> Requesting for the AHB bus...
1451090000 >> AHB granted, starting recovery...
1470290000 >> Recovery done, continuing...
1470340000 >> Requesting for the AHB bus...
1471140000 >> AHB granted, starting recovery...
1490340000 >> Recovery done, continuing...
1490390000 >> Requesting for the AHB bus...
1491190000 >> AHB granted, starting recovery...
1510390000 >> Recovery done, continuing...
1510440000 >> Requesting for the AHB bus...
1511240000 >> AHB granted, starting recovery...
1530440000 >> Recovery done, continuing...
1530490000 >> Requesting for the AHB bus...
1531290000 >> AHB granted, starting recovery...
1550490000 >> Recovery done, continuing...
1550540000 >> Requesting for the AHB bus...
1551340000 >> AHB granted, starting recovery...
1570540000 >> Recovery done, continuing...
1570590000 >> Requesting for the AHB bus...
1571390000 >> AHB granted, starting recovery...
1590590000 >> Recovery done, continuing...
1590640000 >> Requesting for the AHB bus...
1591440000 >> AHB granted, starting recovery...
1610640000 >> Recovery done, continuing...
1610690000 >> Requesting for the AHB bus...
1611490000 >> AHB granted, starting recovery...
1630690000 >> Recovery done, continuing...
1630740000 >> Requesting for the AHB bus...
1631540000 >> AHB granted, starting recovery...
1650740000 >> Recovery done, continuing...
1650790000 >> Requesting for the AHB bus...
1651590000 >> AHB granted, starting recovery...
1670790000 >> Recovery done, continuing...
1670840000 >> Requesting for the AHB bus...
1671690000 >> AHB granted, starting recovery...
1690890000 >> Recovery done, continuing...
1690940000 >> Requesting for the AHB bus...
1691740000 >> AHB granted, starting recovery...
1710940000 >> Recovery done, continuing...
1710990000 >> Requesting for the AHB bus...
1711790000 >> AHB granted, starting recovery...
1730990000 >> Recovery done, continuing...
1731040000 >> Requesting for the AHB bus...
1731840000 >> AHB granted, starting recovery...
1751040000 >> Recovery done, continuing...
1751090000 >> Requesting for the AHB bus...
1751890000 >> AHB granted, starting recovery...
1771090000 >> Recovery done, continuing...
1771140000 >> Requesting for the AHB bus...
1771940000 >> AHB granted, starting recovery...
1791140000 >> Recovery done, continuing...
1791190000 >> Requesting for the AHB bus...
1791990000 >> AHB granted, starting recovery...
1811190000 >> Recovery done, continuing...
1811240000 >> Requesting for the AHB bus...
1812040000 >> AHB granted, starting recovery...
1831240000 >> Recovery done, continuing...
1831290000 >> Requesting for the AHB bus...
1832090000 >> AHB granted, starting recovery...
1851290000 >> Recovery done, continuing...
1851340000 >> Requesting for the AHB bus...
1852140000 >> AHB granted, starting recovery...
1871340000 >> Recovery done, continuing...
1871390000 >> Requesting for the AHB bus...
1872190000 >> AHB granted, starting recovery...
1891390000 >> Recovery done, continuing...
1891440000 >> Requesting for the AHB bus...
1892240000 >> AHB granted, starting recovery...
1911440000 >> Recovery done, continuing...
1911490000 >> Requesting for the AHB bus...
1912290000 >> AHB granted, starting recovery...
1931490000 >> Recovery done, continuing...
1931540000 >> Requesting for the AHB bus...
1932340000 >> AHB granted, starting recovery...
1951540000 >> Recovery done, continuing...
1951590000 >> Requesting for the AHB bus...
1952390000 >> AHB granted, starting recovery...
1971590000 >> Recovery done, continuing...
1971640000 >> Requesting for the AHB bus...
1972490000 >> AHB granted, starting recovery...
1991690000 >> Recovery done, continuing...
1991740000 >> Requesting for the AHB bus...
1992540000 >> AHB granted, starting recovery...
2011740000 >> Recovery done, continuing...
2011790000 >> Requesting for the AHB bus...
2012590000 >> AHB granted, starting recovery...
2031790000 >> Recovery done, continuing...
2031840000 >> Requesting for the AHB bus...
2032640000 >> AHB granted, starting recovery...
2051840000 >> Recovery done, continuing...
2051890000 >> Requesting for the AHB bus...
2052690000 >> AHB granted, starting recovery...
2071890000 >> Recovery done, continuing...
2071940000 >> Requesting for the AHB bus...
2072740000 >> AHB granted, starting recovery...
2091940000 >> Recovery done, continuing...
2091990000 >> Requesting for the AHB bus...
2092790000 >> AHB granted, starting recovery...
2111990000 >> Recovery done, continuing...
2112040000 >> Requesting for the AHB bus...
2112840000 >> AHB granted, starting recovery...
2132040000 >> Recovery done, continuing...
2132090000 >> Requesting for the AHB bus...
2132890000 >> AHB granted, starting recovery...
2152090000 >> Recovery done, continuing...
2152140000 >> Requesting for the AHB bus...
2152940000 >> AHB granted, starting recovery...
2172140000 >> Recovery done, continuing...
2172190000 >> Requesting for the AHB bus...
2172990000 >> AHB granted, starting recovery...
2192190000 >> Recovery done, continuing...
2192240000 >> Requesting for the AHB bus...
2193040000 >> AHB granted, starting recovery...
2212240000 >> Recovery done, continuing...
2212290000 >> Requesting for the AHB bus...
2213090000 >> AHB granted, starting recovery...
2232290000 >> Recovery done, continuing...
2232340000 >> Requesting for the AHB bus...
2233140000 >> AHB granted, starting recovery...
2252340000 >> Recovery done, continuing...
2252390000 >> Requesting for the AHB bus...
2253190000 >> AHB granted, starting recovery...
2272390000 >> Recovery done, continuing...
2272440000 >> Requesting for the AHB bus...
2273290000 >> AHB granted, starting recovery...
2292490000 >> Recovery done, continuing...
2292540000 >> Requesting for the AHB bus...
2293340000 >> AHB granted, starting recovery...
2312540000 >> Recovery done, continuing...
2312590000 >> Requesting for the AHB bus...
2313390000 >> AHB granted, starting recovery...
2332590000 >> Recovery done, continuing...
2332640000 >> Requesting for the AHB bus...
2333440000 >> AHB granted, starting recovery...
2352640000 >> Recovery done, continuing...
2352690000 >> Requesting for the AHB bus...
2353490000 >> AHB granted, starting recovery...
2372690000 >> Recovery done, continuing...
2372740000 >> Requesting for the AHB bus...
2373540000 >> AHB granted, starting recovery...
2392740000 >> Recovery done, continuing...
2392790000 >> Requesting for the AHB bus...
2393590000 >> AHB granted, starting recovery...
2412790000 >> Recovery done, continuing...
2412840000 >> Requesting for the AHB bus...
2413640000 >> AHB granted, starting recovery...
2432840000 >> Recovery done, continuing...
2432890000 >> Requesting for the AHB bus...
2433690000 >> AHB granted, starting recovery...
2452890000 >> Recovery done, continuing...
2452940000 >> Requesting for the AHB bus...
2453740000 >> AHB granted, starting recovery...
2472940000 >> Recovery done, continuing...
2472990000 >> Requesting for the AHB bus...
2473790000 >> AHB granted, starting recovery...
2492990000 >> Recovery done, continuing...
2493040000 >> Requesting for the AHB bus...
2493840000 >> AHB granted, starting recovery...
2513040000 >> Recovery done, continuing...
2513090000 >> Requesting for the AHB bus...
2513890000 >> AHB granted, starting recovery...
2533090000 >> Recovery done, continuing...
2533140000 >> Requesting for the AHB bus...
2533940000 >> AHB granted, starting recovery...
2553140000 >> Recovery done, continuing...
2553190000 >> Requesting for the AHB bus...
2553990000 >> AHB granted, starting recovery...
2573190000 >> Recovery done, continuing...
2573240000 >> Requesting for the AHB bus...
2574090000 >> AHB granted, starting recovery...
2593290000 >> Recovery done, continuing...
2593340000 >> Requesting for the AHB bus...
2594140000 >> AHB granted, starting recovery...
2613340000 >> Recovery done, continuing...
2613390000 >> Requesting for the AHB bus...
2614190000 >> AHB granted, starting recovery...
2633390000 >> Recovery done, continuing...
2633440000 >> Requesting for the AHB bus...
2634240000 >> AHB granted, starting recovery...
2653440000 >> Recovery done, continuing...
2653490000 >> Requesting for the AHB bus...
2654290000 >> AHB granted, starting recovery...
2673490000 >> Recovery done, continuing...
2673540000 >> Requesting for the AHB bus...
2674340000 >> AHB granted, starting recovery...
2693540000 >> Recovery done, continuing...
2693590000 >> Requesting for the AHB bus...
2694390000 >> AHB granted, starting recovery...
2713590000 >> Recovery done, continuing...
2713640000 >> Requesting for the AHB bus...
2714440000 >> AHB granted, starting recovery...
2733640000 >> Recovery done, continuing...
2733690000 >> Requesting for the AHB bus...
2734490000 >> AHB granted, starting recovery...
2753690000 >> Recovery done, continuing...
2753740000 >> Requesting for the AHB bus...
2754540000 >> AHB granted, starting recovery...
2773740000 >> Recovery done, continuing...
2773790000 >> Requesting for the AHB bus...
2774590000 >> AHB granted, starting recovery...
2793790000 >> Recovery done, continuing...
2793840000 >> Requesting for the AHB bus...
2794640000 >> AHB granted, starting recovery...
2813840000 >> Recovery done, continuing...
2813890000 >> Requesting for the AHB bus...
2814690000 >> AHB granted, starting recovery...
2833890000 >> Recovery done, continuing...
2833940000 >> Requesting for the AHB bus...
2834740000 >> AHB granted, starting recovery...
2853940000 >> Recovery done, continuing...
2853990000 >> Requesting for the AHB bus...
2854790000 >> AHB granted, starting recovery...
2873990000 >> Recovery done, continuing...
2874040000 >> Requesting for the AHB bus...
2874890000 >> AHB granted, starting recovery...
2894090000 >> Recovery done, continuing...
2894140000 >> Requesting for the AHB bus...
2894940000 >> AHB granted, starting recovery...
2899665000 >> time limit reached...
/testbench/cpu/l3/u0/leon3x0/vhdl/p0/iu/r.w.wreg:1
/testbench/cpu/l3/u0/leon3x0/vhdl/p0/iu/r.m.irqen:1
/testbench/cpu/l3/u0/leon3x0/vhdl/p0/iu/r.m.icc:1001
/testbench/cpu/l3/u0/leon3x0/vhdl/p0/iu/r.a.ticc:0
/testbench/cpu/l3/u0/leon3x0/vhdl/p0/iu/r.a.step:0
/testbench/cpu/l3/u0/leon3x0/vhdl/p0/iu/r.m.irqen2:1
/testbench/cpu/l3/u0/leon3x0/vhdl/p0/iu/r.d.pc:01000000000000000000001000110100
/testbench/cpu/l3/u0/leon3x0/vhdl/p0/iu/r.d.rexpl:{{00000000000000000000000000000000} {00} {0} 0 0 {0000000000000000000} 0 0 0 0 0 0}
/testbench/cpu/l3/u0/leon3x0/vhdl/p0/iu/r.d.mexc:0
/testbench/cpu/l3/u0/leon3x0/vhdl/p0/iu/r.a.aw:0
/testbench/cpu/l3/u0/leon3x0/vhdl/p0/iu/r.e.ctrl:{{01000000000000000000001000110000} {11000010000001111011111111111100} {00} {10000001} {000000} 0 0 1 0 0 1 1 0 0}
/testbench/cpu/l3/u0/leon3x0/vhdl/p0/iu/r.a.divstart:0
/testbench/cpu/l3/u0/leon3x0/vhdl/p0/iu/r.e.shleft:0
/testbench/cpu/l3/u0/leon3x0/vhdl/p0/iu/r.a.bp:0
/testbench/cpu/l3/u0/leon3x0/vhdl/p0/iu/r.w.twcwp:000
/testbench/cpu/l3/u0/leon3x0/vhdl/p0/iu/r.a.jmpl:0
/testbench/cpu/l3/u0/leon3x0/vhdl/p0/iu/r.m.casa:0
/testbench/cpu/l3/u0/leon3x0/vhdl/p0/iu/r.m.werr:0
/testbench/cpu/l3/u0/leon3x0/vhdl/p0/iu/r.e.su:1
/testbench/cpu/l3/u0/leon3x0/vhdl/p0/iu/r.e.et:1
/testbench/cpu/l3/u0/leon3x0/vhdl/p0/iu/r.a.ldcheck1:1
/testbench/cpu/l3/u0/leon3x0/vhdl/p0/iu/r.d.stwin:000
/testbench/cpu/l3/u0/leon3x0/vhdl/p0/iu/r.a.ldcheck2:0
/testbench/cpu/l3/u0/leon3x0/vhdl/p0/iu/r.x.intack:0
/testbench/cpu/l3/u0/leon3x0/vhdl/p0/iu/r.m.ctrl:{{01000000000000000000001000101100} {11000100001010000100000000000000} {01} {10000010} {000000} 0 0 0 0 0 0 0 0 0}
/testbench/cpu/l3/u0/leon3x0/vhdl/p0/iu/r.a.cwp:100
/testbench/cpu/l3/u0/leon3x0/vhdl/p0/iu/r.e.sari:0
/testbench/cpu/l3/u0/leon3x0/vhdl/p0/iu/r.d.paw:0
/testbench/cpu/l3/u0/leon3x0/vhdl/p0/iu/r.d.aw:0
/testbench/cpu/l3/u0/leon3x0/vhdl/p0/iu/r.d.awp:000
/testbench/cpu/l3/u0/leon3x0/vhdl/p0/iu/r.x.ctrl:{{01000000000000000000001000101100} {11000100001010000100000000000000} {00} {10000010} {000000} 0 0 0 0 0 0 1 0 0}
/testbench/cpu/l3/u0/leon3x0/vhdl/p0/iu/r.m.rexnalign:0
/testbench/cpu/l3/u0/leon3x0/vhdl/p0/iu/r.m.su:1
/testbench/cpu/l3/u0/leon3x0/vhdl/p0/iu/r.m.wcwp:0
/testbench/cpu/l3/u0/leon3x0/vhdl/p0/iu/r.d.divrdy:0
/testbench/cpu/l3/u0/leon3x0/vhdl/p0/iu/r.e.cwp:100
/testbench/cpu/l3/u0/leon3x0/vhdl/p0/iu/r.w.except:0
/testbench/cpu/l3/u0/leon3x0/vhdl/p0/iu/r.x.nerror:0
/testbench/cpu/l3/u0/leon3x0/vhdl/p0/iu/r.a.bpimiss:0
/testbench/cpu/l3/u0/leon3x0/vhdl/p0/iu/r.a.nobp:0
/testbench/cpu/l3/u0/leon3x0/vhdl/p0/iu/r.d.rexcnt:0
/testbench/cpu/l3/u0/leon3x0/vhdl/p0/iu/r.w.s:{{101} {1001} {00000000} {01000000000000000000} {00000010} {0000} 0 0 1 1 1 {00000000000000000000000000000000} {UUUUUUUUUUUUUUUUUUUUUUUUUUUUUUUU} 1 0 0 1 1 1 0 0 {000} {000} {111}}
/testbench/cpu/l3/u0/leon3x0/vhdl/p0/iu/r.d.pv:1
/testbench/cpu/l3/u0/leon3x0/vhdl/p0/iu/r.a.ldchkra:1
/testbench/cpu/l3/u0/leon3x0/vhdl/p0/iu/r.a.rfa1:10000001
/testbench/cpu/l3/u0/leon3x0/vhdl/p0/iu/r.a.rfa2:10000001
/testbench/cpu/l3/u0/leon3x0/vhdl/p0/iu/r.a.imm:00000000000000000000000000000001
/testbench/cpu/l3/u0/leon3x0/vhdl/p0/iu/r.w.wa:10000010
/testbench/cpu/l3/u0/leon3x0/vhdl/p0/iu/r.m.casaz:1
/testbench/cpu/l3/u0/leon3x0/vhdl/p0/iu/r.x.dci:{0 1 0 0 0 0 {00} {00001011}}
/testbench/cpu/l3/u0/leon3x0/vhdl/p0/iu/r.x.mac:0
/testbench/cpu/l3/u0/leon3x0/vhdl/p0/iu/r.m.divz:0
/testbench/cpu/l3/u0/leon3x0/vhdl/p0/iu/r.d.inst:{{10000010000000000110000000000001}}
/testbench/cpu/l3/u0/leon3x0/vhdl/p0/iu/r.e.rfe1:1
/testbench/cpu/l3/u0/leon3x0/vhdl/p0/iu/r.a.wovf:0
/testbench/cpu/l3/u0/leon3x0/vhdl/p0/iu/r.e.rfe2:0
/testbench/cpu/l3/u0/leon3x0/vhdl/p0/iu/r.e.op1:01000000000011111111111000110000
/testbench/cpu/l3/u0/leon3x0/vhdl/p0/iu/r.m.nalign:0
/testbench/cpu/l3/u0/leon3x0/vhdl/p0/iu/r.e.op2:11111111111111111111111111111100
/testbench/cpu/l3/u0/leon3x0/vhdl/p0/iu/r.d.rexen:0
/testbench/cpu/l3/u0/leon3x0/vhdl/p0/iu/r.a.ctrl:{{01000000000000000000001000110100} {10000010000000000110000000000001} {00} {10000001} {000000} 0 1 0 0 0 0 0 0 0}
/testbench/cpu/l3/u0/leon3x0/vhdl/p0/iu/r.x.ipend:0
/testbench/cpu/l3/u0/leon3x0/vhdl/p0/iu/r.e.ldbp1:0
/testbench/cpu/l3/u0/leon3x0/vhdl/p0/iu/r.e.aluadd:1
/testbench/cpu/l3/u0/leon3x0/vhdl/p0/iu/r.d.set:0
/testbench/cpu/l3/u0/leon3x0/vhdl/p0/iu/r.d.inull:0
/testbench/cpu/l3/u0/leon3x0/vhdl/p0/iu/r.e.ldbp2:0
/testbench/cpu/l3/u0/leon3x0/vhdl/p0/iu/r.d.cnt:00
/testbench/cpu/l3/u0/leon3x0/vhdl/p0/iu/r.a.su:1
/testbench/cpu/l3/u0/leon3x0/vhdl/p0/iu/r.a.et:1
/testbench/cpu/l3/u0/leon3x0/vhdl/p0/iu/r.e.mul:0
/testbench/cpu/l3/u0/leon3x0/vhdl/p0/iu/r.e.alusel:00
/testbench/cpu/l3/u0/leon3x0/vhdl/p0/iu/r.e.aw:U
/testbench/cpu/l3/u0/leon3x0/vhdl/p0/iu/r.e.mac:0
/testbench/cpu/l3/u0/leon3x0/vhdl/p0/iu/r.a.decill:0
/testbench/cpu/l3/u0/leon3x0/vhdl/p0/iu/r.x.icc:1001
/testbench/cpu/l3/u0/leon3x0/vhdl/p0/iu/r.x.result:01000000000000000001101011100100
/testbench/cpu/l3/u0/leon3x0/vhdl/p0/iu/r.e.bp:0
/testbench/cpu/l3/u0/leon3x0/vhdl/p0/iu/r.a.rs1:00001
/testbench/cpu/l3/u0/leon3x0/vhdl/p0/iu/r.e.jmpl:0
/testbench/cpu/l3/u0/leon3x0/vhdl/p0/iu/r.a.rsel1:001
/testbench/cpu/l3/u0/leon3x0/vhdl/p0/iu/r.x.y:00000000000000000000000000000000
/testbench/cpu/l3/u0/leon3x0/vhdl/p0/iu/r.a.rsel2:100
/testbench/cpu/l3/u0/leon3x0/vhdl/p0/iu/r.a.awp:000
/testbench/cpu/l3/u0/leon3x0/vhdl/p0/iu/r.a.paw:0
/testbench/cpu/l3/u0/leon3x0/vhdl/p0/iu/r.x.data:{{00000000000000000000000000000001}}
/testbench/cpu/l3/u0/leon3x0/vhdl/p0/iu/r.m.mul:0
/testbench/cpu/l3/u0/leon3x0/vhdl/p0/iu/r.e.rd:UUUUU
/testbench/cpu/l3/u0/leon3x0/vhdl/p0/iu/r.e.invop2:0
/testbench/cpu/l3/u0/leon3x0/vhdl/p0/iu/r.m.wawp:0
/testbench/cpu/l3/u0/leon3x0/vhdl/p0/iu/r.d.cwpmax:111
/testbench/cpu/l3/u0/leon3x0/vhdl/p0/iu/r.f.branch:0
/testbench/cpu/l3/u0/leon3x0/vhdl/p0/iu/r.d.pcheld:1
/testbench/cpu/l3/u0/leon3x0/vhdl/p0/iu/r.m.dci:{0 0 0 1 0 0 {00} {00001011}}
/testbench/cpu/l3/u0/leon3x0/vhdl/p0/iu/r.e.paw:U
/testbench/cpu/l3/u0/leon3x0/vhdl/p0/iu/r.e.awp:UUU
/testbench/cpu/l3/u0/leon3x0/vhdl/p0/iu/r.e.shcnt:11100
/testbench/cpu/l3/u0/leon3x0/vhdl/p0/iu/r.w.result:00000000000000000000000000000000
/testbench/cpu/l3/u0/leon3x0/vhdl/p0/iu/r.m.mac:0
/testbench/cpu/l3/u0/leon3x0/vhdl/p0/iu/r.m.y:00000000000000000000000000000000
/testbench/cpu/l3/u0/leon3x0/vhdl/p0/iu/r.d.cwp:100
/testbench/cpu/l3/u0/leon3x0/vhdl/p0/iu/r.x.laddr:00
/testbench/cpu/l3/u0/leon3x0/vhdl/p0/iu/r.e.mulstep:0
/testbench/cpu/l3/u0/leon3x0/vhdl/p0/iu/r.e.ymsb:0
/testbench/cpu/l3/u0/leon3x0/vhdl/p0/iu/r.d.rexbuf:00000000000000000000000000000000
/testbench/cpu/l3/u0/leon3x0/vhdl/p0/iu/r.x.npc:100
/testbench/cpu/l3/u0/leon3x0/vhdl/p0/iu/r.f.pc:01000000000000000000001000111000
/testbench/cpu/l3/u0/leon3x0/vhdl/p0/iu/r.d.annul:0
/testbench/cpu/l3/u0/leon3x0/vhdl/p0/iu/r.x.rstate:run
/testbench/cpu/l3/u0/leon3x0/vhdl/p0/iu/r.x.set:0
/testbench/cpu/l3/u0/leon3x0/vhdl/p0/iu/r.m.result:00000000000000000000000000000000
/testbench/cpu/l3/u0/leon3x0/vhdl/p0/iu/r.e.icc:UUUU
/testbench/cpu/l3/u0/leon3x0/vhdl/p0/iu/r.a.getpc:0
/testbench/cpu/l3/u0/leon3x0/vhdl/p0/iu/r.a.ldchkex:1
/testbench/cpu/l3/u0/leon3x0/vhdl/p0/iu/r.x.mexc:0
/testbench/cpu/l3/u0/leon3x0/vhdl/p0/iu/r.a.mulstart:0
/testbench/cpu/l3/u0/leon3x0/vhdl/p0/iu/r.d.rexpos:10
/testbench/cpu/l3/u0/leon3x0/vhdl/p0/iu/r.x.annul_all:0
/testbench/cpu/l3/u0/leon3x0/vhdl/p0/iu/r.e.aluop:000
/testbench/cpu/l3/u0/leon3x0/vhdl/p0/iu/r.x.debug:0
/testbench/cpu/l3/u0/leon3x0/vhdl/p0/iu/r.a.rfe1:0
/testbench/cpu/l3/u0/leon3x0/vhdl/p0/iu/r.d.step:0
/testbench/cpu/l3/u0/leon3x0/vhdl/p0/iu/r.a.rfe2:0
/testbench/cpu/l3/u0/leon3x0/vhdl/p0/iu/r.e.alucin:0
/testbench/cpu/l3/u0/leon3x0/vhdl/p0/iu/r.a.wunf:0
compare to golden: 1
======================================
progstatus: -2
execerr: 104
latent: 1
time limit!
>>>>>>>>>>>>>>> 2899665000
======================================
