Test signal = /testbench/cpu/l3/u0/leon3x0/vhdl/p0/iu/r.d.cwp
oldval = 111
pos1: 2 pos0: -1 posU: -1
newval = 110
force in 887016
584840000 >> iteration no: 0
1027865000 >> iteration no: 1
Signal value: 110
oldval = 110
pos1: 1 pos0: 2 posU: -1
newval = 100
1470840000 >> iteration no: 2
1471140000 >> Requesting for the AHB bus...
1471915000 >> AHB granted, starting recovery...
1471965000 >> Requesting for the AHB bus...
1491115000 >> Recovery done, continuing...
1491540000 >> Requesting for the AHB bus...
1492315000 >> AHB granted, starting recovery...
1492365000 >> Requesting for the AHB bus...
1511515000 >> Recovery done, continuing...
1511940000 >> Requesting for the AHB bus...
1512715000 >> AHB granted, starting recovery...
1512765000 >> Requesting for the AHB bus...
1531915000 >> Recovery done, continuing...
1532340000 >> Requesting for the AHB bus...
1533115000 >> AHB granted, starting recovery...
1533165000 >> Requesting for the AHB bus...
1552315000 >> Recovery done, continuing...
1552740000 >> Requesting for the AHB bus...
1553515000 >> AHB granted, starting recovery...
1553565000 >> Requesting for the AHB bus...
1572715000 >> Recovery done, continuing...
1573140000 >> Requesting for the AHB bus...
1573915000 >> AHB granted, starting recovery...
1573965000 >> Requesting for the AHB bus...
1593115000 >> Recovery done, continuing...
1593540000 >> Requesting for the AHB bus...
1594315000 >> AHB granted, starting recovery...
1594365000 >> Requesting for the AHB bus...
1613515000 >> Recovery done, continuing...
1613940000 >> Requesting for the AHB bus...
1614715000 >> AHB granted, starting recovery...
1614765000 >> Requesting for the AHB bus...
1633915000 >> Recovery done, continuing...
1634340000 >> Requesting for the AHB bus...
1635115000 >> AHB granted, starting recovery...
1635165000 >> Requesting for the AHB bus...
1654315000 >> Recovery done, continuing...
1654740000 >> Requesting for the AHB bus...
1655515000 >> AHB granted, starting recovery...
1655565000 >> Requesting for the AHB bus...
1674715000 >> Recovery done, continuing...
1675140000 >> Requesting for the AHB bus...
1675915000 >> AHB granted, starting recovery...
1675965000 >> Requesting for the AHB bus...
1695115000 >> Recovery done, continuing...
1695540000 >> Requesting for the AHB bus...
1696315000 >> AHB granted, starting recovery...
1696365000 >> Requesting for the AHB bus...
1715515000 >> Recovery done, continuing...
1716065000 >> Requesting for the AHB bus...
1716840000 >> AHB granted, starting recovery...
1716890000 >> Requesting for the AHB bus...
1736040000 >> Recovery done, continuing...
1736465000 >> Requesting for the AHB bus...
1737240000 >> AHB granted, starting recovery...
1737290000 >> Requesting for the AHB bus...
1756440000 >> Recovery done, continuing...
1756865000 >> Requesting for the AHB bus...
1757640000 >> AHB granted, starting recovery...
1757690000 >> Requesting for the AHB bus...
1776840000 >> Recovery done, continuing...
1777265000 >> Requesting for the AHB bus...
1778040000 >> AHB granted, starting recovery...
1778090000 >> Requesting for the AHB bus...
1797240000 >> Recovery done, continuing...
1797665000 >> Requesting for the AHB bus...
1798440000 >> AHB granted, starting recovery...
1798490000 >> Requesting for the AHB bus...
1817640000 >> Recovery done, continuing...
1818065000 >> Requesting for the AHB bus...
1818990000 >> AHB granted, starting recovery...
1819040000 >> Requesting for the AHB bus...
1838190000 >> Recovery done, continuing...
1838615000 >> Requesting for the AHB bus...
1839390000 >> AHB granted, starting recovery...
1839440000 >> Requesting for the AHB bus...
1858590000 >> Recovery done, continuing...
1859015000 >> Requesting for the AHB bus...
1859790000 >> AHB granted, starting recovery...
1859840000 >> Requesting for the AHB bus...
1878990000 >> Recovery done, continuing...
1879415000 >> Requesting for the AHB bus...
1880190000 >> AHB granted, starting recovery...
1880240000 >> Requesting for the AHB bus...
1899390000 >> Recovery done, continuing...
1899815000 >> Requesting for the AHB bus...
1900590000 >> AHB granted, starting recovery...
1900640000 >> Requesting for the AHB bus...
1919790000 >> Recovery done, continuing...
1920215000 >> Requesting for the AHB bus...
1920990000 >> AHB granted, starting recovery...
1921040000 >> Requesting for the AHB bus...
1940190000 >> Recovery done, continuing...
1940615000 >> Requesting for the AHB bus...
1941390000 >> AHB granted, starting recovery...
1941440000 >> Requesting for the AHB bus...
1960590000 >> Recovery done, continuing...
1961015000 >> Requesting for the AHB bus...
1961790000 >> AHB granted, starting recovery...
1961840000 >> Requesting for the AHB bus...
1980990000 >> Recovery done, continuing...
1981415000 >> Requesting for the AHB bus...
1982190000 >> AHB granted, starting recovery...
1982240000 >> Requesting for the AHB bus...
2001390000 >> Recovery done, continuing...
2001815000 >> Requesting for the AHB bus...
2002590000 >> AHB granted, starting recovery...
2002640000 >> Requesting for the AHB bus...
2021790000 >> Recovery done, continuing...
2022215000 >> Requesting for the AHB bus...
2022990000 >> AHB granted, starting recovery...
2023040000 >> Requesting for the AHB bus...
2042190000 >> Recovery done, continuing...
2042615000 >> Requesting for the AHB bus...
2043390000 >> AHB granted, starting recovery...
2043440000 >> Requesting for the AHB bus...
2062590000 >> Recovery done, continuing...
2063015000 >> Requesting for the AHB bus...
2063790000 >> AHB granted, starting recovery...
2063840000 >> Requesting for the AHB bus...
2082990000 >> Recovery done, continuing...
2083415000 >> Requesting for the AHB bus...
2084190000 >> AHB granted, starting recovery...
2084240000 >> Requesting for the AHB bus...
2103390000 >> Recovery done, continuing...
2103815000 >> Requesting for the AHB bus...
2104590000 >> AHB granted, starting recovery...
2104640000 >> Requesting for the AHB bus...
2123790000 >> Recovery done, continuing...
2124215000 >> Requesting for the AHB bus...
2124990000 >> AHB granted, starting recovery...
2125040000 >> Requesting for the AHB bus...
2144190000 >> Recovery done, continuing...
2144615000 >> Requesting for the AHB bus...
2145540000 >> AHB granted, starting recovery...
2145590000 >> Requesting for the AHB bus...
2164740000 >> Recovery done, continuing...
2165165000 >> Requesting for the AHB bus...
2165940000 >> AHB granted, starting recovery...
2165990000 >> Requesting for the AHB bus...
2185140000 >> Recovery done, continuing...
2185565000 >> Requesting for the AHB bus...
2186340000 >> AHB granted, starting recovery...
2186390000 >> Requesting for the AHB bus...
2205540000 >> Recovery done, continuing...
2205965000 >> Requesting for the AHB bus...
2206740000 >> AHB granted, starting recovery...
2206790000 >> Requesting for the AHB bus...
2225940000 >> Recovery done, continuing...
2226365000 >> Requesting for the AHB bus...
2227140000 >> AHB granted, starting recovery...
2227190000 >> Requesting for the AHB bus...
2246340000 >> Recovery done, continuing...
2246765000 >> Requesting for the AHB bus...
2247715000 >> AHB granted, starting recovery...
2247765000 >> Requesting for the AHB bus...
2266915000 >> Recovery done, continuing...
2267340000 >> Requesting for the AHB bus...
2268115000 >> AHB granted, starting recovery...
2268165000 >> Requesting for the AHB bus...
2287315000 >> Recovery done, continuing...
2287740000 >> Requesting for the AHB bus...
2288515000 >> AHB granted, starting recovery...
2288565000 >> Requesting for the AHB bus...
2307715000 >> Recovery done, continuing...
2308140000 >> Requesting for the AHB bus...
2308915000 >> AHB granted, starting recovery...
2308965000 >> Requesting for the AHB bus...
2328115000 >> Recovery done, continuing...
2328540000 >> Requesting for the AHB bus...
2329315000 >> AHB granted, starting recovery...
2329365000 >> Requesting for the AHB bus...
2348515000 >> Recovery done, continuing...
2348940000 >> Requesting for the AHB bus...
2349715000 >> AHB granted, starting recovery...
2349765000 >> Requesting for the AHB bus...
2368915000 >> Recovery done, continuing...
2369340000 >> Requesting for the AHB bus...
2370115000 >> AHB granted, starting recovery...
2370165000 >> Requesting for the AHB bus...
2389315000 >> Recovery done, continuing...
2389740000 >> Requesting for the AHB bus...
2390515000 >> AHB granted, starting recovery...
2390565000 >> Requesting for the AHB bus...
2409715000 >> Recovery done, continuing...
2410140000 >> Requesting for the AHB bus...
2410915000 >> AHB granted, starting recovery...
2410965000 >> Requesting for the AHB bus...
2430115000 >> Recovery done, continuing...
2430540000 >> Requesting for the AHB bus...
2431315000 >> AHB granted, starting recovery...
2431365000 >> Requesting for the AHB bus...
2450515000 >> Recovery done, continuing...
2450940000 >> Requesting for the AHB bus...
2451715000 >> AHB granted, starting recovery...
2451765000 >> Requesting for the AHB bus...
2470915000 >> Recovery done, continuing...
2471340000 >> Requesting for the AHB bus...
2472115000 >> AHB granted, starting recovery...
2472165000 >> Requesting for the AHB bus...
2491315000 >> Recovery done, continuing...
2491740000 >> Requesting for the AHB bus...
2492515000 >> AHB granted, starting recovery...
2492565000 >> Requesting for the AHB bus...
2511715000 >> Recovery done, continuing...
2512140000 >> Requesting for the AHB bus...
2512915000 >> AHB granted, starting recovery...
2512965000 >> Requesting for the AHB bus...
2532115000 >> Recovery done, continuing...
2532540000 >> Requesting for the AHB bus...
2533315000 >> AHB granted, starting recovery...
2533365000 >> Requesting for the AHB bus...
2552515000 >> Recovery done, continuing...
2552940000 >> Requesting for the AHB bus...
2553715000 >> AHB granted, starting recovery...
2553765000 >> Requesting for the AHB bus...
2572915000 >> Recovery done, continuing...
2573340000 >> Requesting for the AHB bus...
2574265000 >> AHB granted, starting recovery...
2574315000 >> Requesting for the AHB bus...
2593465000 >> Recovery done, continuing...
2593890000 >> Requesting for the AHB bus...
2594665000 >> AHB granted, starting recovery...
2594715000 >> Requesting for the AHB bus...
2613865000 >> Recovery done, continuing...
2614290000 >> Requesting for the AHB bus...
2615065000 >> AHB granted, starting recovery...
2615115000 >> Requesting for the AHB bus...
2634265000 >> Recovery done, continuing...
2634690000 >> Requesting for the AHB bus...
2635465000 >> AHB granted, starting recovery...
2635515000 >> Requesting for the AHB bus...
2654665000 >> Recovery done, continuing...
2655090000 >> Requesting for the AHB bus...
2655865000 >> AHB granted, starting recovery...
2655915000 >> Requesting for the AHB bus...
2675065000 >> Recovery done, continuing...
2675490000 >> Requesting for the AHB bus...
2676265000 >> AHB granted, starting recovery...
2676315000 >> Requesting for the AHB bus...
2695465000 >> Recovery done, continuing...
2695890000 >> Requesting for the AHB bus...
2696665000 >> AHB granted, starting recovery...
2696715000 >> Requesting for the AHB bus...
2715865000 >> Recovery done, continuing...
2716290000 >> Requesting for the AHB bus...
2717065000 >> AHB granted, starting recovery...
2717115000 >> Requesting for the AHB bus...
2736265000 >> Recovery done, continuing...
2736690000 >> Requesting for the AHB bus...
2737465000 >> AHB granted, starting recovery...
2737515000 >> Requesting for the AHB bus...
2756665000 >> Recovery done, continuing...
2757090000 >> Requesting for the AHB bus...
2757865000 >> AHB granted, starting recovery...
2757915000 >> Requesting for the AHB bus...
2777065000 >> Recovery done, continuing...
2777490000 >> Requesting for the AHB bus...
2778265000 >> AHB granted, starting recovery...
2778315000 >> Requesting for the AHB bus...
2797465000 >> Recovery done, continuing...
2797890000 >> Requesting for the AHB bus...
2798665000 >> AHB granted, starting recovery...
2798715000 >> Requesting for the AHB bus...
2817865000 >> Recovery done, continuing...
2818290000 >> Requesting for the AHB bus...
2819065000 >> AHB granted, starting recovery...
2819115000 >> Requesting for the AHB bus...
2838265000 >> Recovery done, continuing...
2838690000 >> Requesting for the AHB bus...
2839465000 >> AHB granted, starting recovery...
2839515000 >> Requesting for the AHB bus...
2858665000 >> Recovery done, continuing...
2859090000 >> Requesting for the AHB bus...
2859865000 >> AHB granted, starting recovery...
2859915000 >> Requesting for the AHB bus...
2879065000 >> Recovery done, continuing...
2879490000 >> Requesting for the AHB bus...
2880265000 >> AHB granted, starting recovery...
2880315000 >> Requesting for the AHB bus...
2899465000 >> Recovery done, continuing...
2899665000 >> time limit reached...
/testbench/cpu/l3/u0/leon3x0/vhdl/p0/iu/r.w.wreg:1
/testbench/cpu/l3/u0/leon3x0/vhdl/p0/iu/r.m.irqen:1
/testbench/cpu/l3/u0/leon3x0/vhdl/p0/iu/r.m.icc:1001
/testbench/cpu/l3/u0/leon3x0/vhdl/p0/iu/r.a.ticc:0
/testbench/cpu/l3/u0/leon3x0/vhdl/p0/iu/r.a.step:0
/testbench/cpu/l3/u0/leon3x0/vhdl/p0/iu/r.m.irqen2:1
/testbench/cpu/l3/u0/leon3x0/vhdl/p0/iu/r.d.pc:01000000000000000000000110111000
/testbench/cpu/l3/u0/leon3x0/vhdl/p0/iu/r.d.rexpl:{{00000000000000000000000000000000} {00} {0} 0 0 {0000000000000000000} 0 0 0 0 0 0}
/testbench/cpu/l3/u0/leon3x0/vhdl/p0/iu/r.d.mexc:0
/testbench/cpu/l3/u0/leon3x0/vhdl/p0/iu/r.a.aw:0
/testbench/cpu/l3/u0/leon3x0/vhdl/p0/iu/r.e.ctrl:{{01000000000000000000001011110000} {01111111111111111111111110110010} {00} {01001111} {000000} 0 0 1 0 0 0 1 0 0}
/testbench/cpu/l3/u0/leon3x0/vhdl/p0/iu/r.a.divstart:0
/testbench/cpu/l3/u0/leon3x0/vhdl/p0/iu/r.e.shleft:0
/testbench/cpu/l3/u0/leon3x0/vhdl/p0/iu/r.a.bp:0
/testbench/cpu/l3/u0/leon3x0/vhdl/p0/iu/r.w.twcwp:000
/testbench/cpu/l3/u0/leon3x0/vhdl/p0/iu/r.a.jmpl:0
/testbench/cpu/l3/u0/leon3x0/vhdl/p0/iu/r.m.casa:0
/testbench/cpu/l3/u0/leon3x0/vhdl/p0/iu/r.m.werr:0
/testbench/cpu/l3/u0/leon3x0/vhdl/p0/iu/r.e.su:1
/testbench/cpu/l3/u0/leon3x0/vhdl/p0/iu/r.e.et:1
/testbench/cpu/l3/u0/leon3x0/vhdl/p0/iu/r.a.ldcheck1:0
/testbench/cpu/l3/u0/leon3x0/vhdl/p0/iu/r.d.stwin:000
/testbench/cpu/l3/u0/leon3x0/vhdl/p0/iu/r.a.ldcheck2:0
/testbench/cpu/l3/u0/leon3x0/vhdl/p0/iu/r.x.intack:0
/testbench/cpu/l3/u0/leon3x0/vhdl/p0/iu/r.m.ctrl:{{01000000000000000000001011101100} {10010010000100000110001101010000} {00} {01001001} {000000} 0 0 1 0 0 0 1 0 0}
/testbench/cpu/l3/u0/leon3x0/vhdl/p0/iu/r.a.cwp:100
/testbench/cpu/l3/u0/leon3x0/vhdl/p0/iu/r.e.sari:0
/testbench/cpu/l3/u0/leon3x0/vhdl/p0/iu/r.d.paw:0
/testbench/cpu/l3/u0/leon3x0/vhdl/p0/iu/r.d.aw:0
/testbench/cpu/l3/u0/leon3x0/vhdl/p0/iu/r.d.awp:000
/testbench/cpu/l3/u0/leon3x0/vhdl/p0/iu/r.x.ctrl:{{01000000000000000000001011101000} {00000011000100000000000000000100} {00} {10000001} {000000} 0 0 1 0 0 0 1 0 0}
/testbench/cpu/l3/u0/leon3x0/vhdl/p0/iu/r.m.rexnalign:0
/testbench/cpu/l3/u0/leon3x0/vhdl/p0/iu/r.m.su:1
/testbench/cpu/l3/u0/leon3x0/vhdl/p0/iu/r.m.wcwp:0
/testbench/cpu/l3/u0/leon3x0/vhdl/p0/iu/r.d.divrdy:0
/testbench/cpu/l3/u0/leon3x0/vhdl/p0/iu/r.e.cwp:100
/testbench/cpu/l3/u0/leon3x0/vhdl/p0/iu/r.w.except:0
/testbench/cpu/l3/u0/leon3x0/vhdl/p0/iu/r.x.nerror:0
/testbench/cpu/l3/u0/leon3x0/vhdl/p0/iu/r.a.bpimiss:0
/testbench/cpu/l3/u0/leon3x0/vhdl/p0/iu/r.a.nobp:0
/testbench/cpu/l3/u0/leon3x0/vhdl/p0/iu/r.d.rexcnt:0
/testbench/cpu/l3/u0/leon3x0/vhdl/p0/iu/r.w.s:{{110} {1001} {00000000} {01000000000000000000} {00000010} {0000} 0 0 1 1 1 {00000000000000000000000000000000} {UUUUUUUUUUUUUUUUUUUUUUUUUUUUUUUU} 1 0 0 1 1 1 0 0 {000} {000} {111}}
/testbench/cpu/l3/u0/leon3x0/vhdl/p0/iu/r.d.pv:1
/testbench/cpu/l3/u0/leon3x0/vhdl/p0/iu/r.a.ldchkra:1
/testbench/cpu/l3/u0/leon3x0/vhdl/p0/iu/r.a.rfa1:10000000
/testbench/cpu/l3/u0/leon3x0/vhdl/p0/iu/r.a.rfa2:10000000
/testbench/cpu/l3/u0/leon3x0/vhdl/p0/iu/r.a.imm:00000000000000000000000000000000
/testbench/cpu/l3/u0/leon3x0/vhdl/p0/iu/r.w.wa:01001000
/testbench/cpu/l3/u0/leon3x0/vhdl/p0/iu/r.m.casaz:0
/testbench/cpu/l3/u0/leon3x0/vhdl/p0/iu/r.x.dci:{0 0 1 0 0 0 {10} {00001011}}
/testbench/cpu/l3/u0/leon3x0/vhdl/p0/iu/r.x.mac:0
/testbench/cpu/l3/u0/leon3x0/vhdl/p0/iu/r.m.divz:0
/testbench/cpu/l3/u0/leon3x0/vhdl/p0/iu/r.d.inst:{{00000000000000000000000000000000}}
/testbench/cpu/l3/u0/leon3x0/vhdl/p0/iu/r.e.rfe1:0
/testbench/cpu/l3/u0/leon3x0/vhdl/p0/iu/r.a.wovf:0
/testbench/cpu/l3/u0/leon3x0/vhdl/p0/iu/r.e.rfe2:0
/testbench/cpu/l3/u0/leon3x0/vhdl/p0/iu/r.e.op1:01000000000000000001001101010000
/testbench/cpu/l3/u0/leon3x0/vhdl/p0/iu/r.m.nalign:0
/testbench/cpu/l3/u0/leon3x0/vhdl/p0/iu/r.e.op2:00000000000000000000000000000110
/testbench/cpu/l3/u0/leon3x0/vhdl/p0/iu/r.d.rexen:0
/testbench/cpu/l3/u0/leon3x0/vhdl/p0/iu/r.a.ctrl:{{01000000000000000000001011110100} {00000001000000000000000000000000} {00} {10000000} {000000} 0 0 0 0 0 0 1 0 0}
/testbench/cpu/l3/u0/leon3x0/vhdl/p0/iu/r.x.ipend:0
/testbench/cpu/l3/u0/leon3x0/vhdl/p0/iu/r.e.ldbp1:0
/testbench/cpu/l3/u0/leon3x0/vhdl/p0/iu/r.e.aluadd:1
/testbench/cpu/l3/u0/leon3x0/vhdl/p0/iu/r.d.set:0
/testbench/cpu/l3/u0/leon3x0/vhdl/p0/iu/r.d.inull:0
/testbench/cpu/l3/u0/leon3x0/vhdl/p0/iu/r.e.ldbp2:0
/testbench/cpu/l3/u0/leon3x0/vhdl/p0/iu/r.d.cnt:00
/testbench/cpu/l3/u0/leon3x0/vhdl/p0/iu/r.a.su:1
/testbench/cpu/l3/u0/leon3x0/vhdl/p0/iu/r.a.et:1
/testbench/cpu/l3/u0/leon3x0/vhdl/p0/iu/r.e.mul:0
/testbench/cpu/l3/u0/leon3x0/vhdl/p0/iu/r.e.alusel:11
/testbench/cpu/l3/u0/leon3x0/vhdl/p0/iu/r.e.aw:U
/testbench/cpu/l3/u0/leon3x0/vhdl/p0/iu/r.e.mac:0
/testbench/cpu/l3/u0/leon3x0/vhdl/p0/iu/r.a.decill:0
/testbench/cpu/l3/u0/leon3x0/vhdl/p0/iu/r.x.icc:1001
/testbench/cpu/l3/u0/leon3x0/vhdl/p0/iu/r.x.result:01000000000000000001000000000000
/testbench/cpu/l3/u0/leon3x0/vhdl/p0/iu/r.e.bp:0
/testbench/cpu/l3/u0/leon3x0/vhdl/p0/iu/r.a.rs1:00000
/testbench/cpu/l3/u0/leon3x0/vhdl/p0/iu/r.e.jmpl:0
/testbench/cpu/l3/u0/leon3x0/vhdl/p0/iu/r.a.rsel1:101
/testbench/cpu/l3/u0/leon3x0/vhdl/p0/iu/r.x.y:00000000000000000000000000000000
/testbench/cpu/l3/u0/leon3x0/vhdl/p0/iu/r.a.rsel2:100
/testbench/cpu/l3/u0/leon3x0/vhdl/p0/iu/r.a.awp:000
/testbench/cpu/l3/u0/leon3x0/vhdl/p0/iu/r.a.paw:0
/testbench/cpu/l3/u0/leon3x0/vhdl/p0/iu/r.x.data:{{00000000000000000000000000000000}}
/testbench/cpu/l3/u0/leon3x0/vhdl/p0/iu/r.m.mul:0
/testbench/cpu/l3/u0/leon3x0/vhdl/p0/iu/r.e.rd:UUUUU
/testbench/cpu/l3/u0/leon3x0/vhdl/p0/iu/r.e.invop2:0
/testbench/cpu/l3/u0/leon3x0/vhdl/p0/iu/r.m.wawp:0
/testbench/cpu/l3/u0/leon3x0/vhdl/p0/iu/r.d.cwpmax:111
/testbench/cpu/l3/u0/leon3x0/vhdl/p0/iu/r.f.branch:0
/testbench/cpu/l3/u0/leon3x0/vhdl/p0/iu/r.d.pcheld:0
/testbench/cpu/l3/u0/leon3x0/vhdl/p0/iu/r.m.dci:{0 0 1 0 0 0 {10} {00001011}}
/testbench/cpu/l3/u0/leon3x0/vhdl/p0/iu/r.e.paw:U
/testbench/cpu/l3/u0/leon3x0/vhdl/p0/iu/r.e.awp:UUU
/testbench/cpu/l3/u0/leon3x0/vhdl/p0/iu/r.e.shcnt:00110
/testbench/cpu/l3/u0/leon3x0/vhdl/p0/iu/r.w.result:01000000000000000001101011100000
/testbench/cpu/l3/u0/leon3x0/vhdl/p0/iu/r.m.mac:0
/testbench/cpu/l3/u0/leon3x0/vhdl/p0/iu/r.m.y:00000000000000000000000000000000
/testbench/cpu/l3/u0/leon3x0/vhdl/p0/iu/r.d.cwp:100
/testbench/cpu/l3/u0/leon3x0/vhdl/p0/iu/r.x.laddr:00
/testbench/cpu/l3/u0/leon3x0/vhdl/p0/iu/r.e.mulstep:0
/testbench/cpu/l3/u0/leon3x0/vhdl/p0/iu/r.e.ymsb:0
/testbench/cpu/l3/u0/leon3x0/vhdl/p0/iu/r.d.rexbuf:00000000000000000000000000000000
/testbench/cpu/l3/u0/leon3x0/vhdl/p0/iu/r.x.npc:100
/testbench/cpu/l3/u0/leon3x0/vhdl/p0/iu/r.f.pc:01000000000000000000000110111100
/testbench/cpu/l3/u0/leon3x0/vhdl/p0/iu/r.d.annul:0
/testbench/cpu/l3/u0/leon3x0/vhdl/p0/iu/r.x.rstate:run
/testbench/cpu/l3/u0/leon3x0/vhdl/p0/iu/r.x.set:0
/testbench/cpu/l3/u0/leon3x0/vhdl/p0/iu/r.m.result:01000000000000000001001101010000
/testbench/cpu/l3/u0/leon3x0/vhdl/p0/iu/r.e.icc:UUUU
/testbench/cpu/l3/u0/leon3x0/vhdl/p0/iu/r.a.getpc:0
/testbench/cpu/l3/u0/leon3x0/vhdl/p0/iu/r.a.ldchkex:1
/testbench/cpu/l3/u0/leon3x0/vhdl/p0/iu/r.x.mexc:0
/testbench/cpu/l3/u0/leon3x0/vhdl/p0/iu/r.a.mulstart:0
/testbench/cpu/l3/u0/leon3x0/vhdl/p0/iu/r.d.rexpos:10
/testbench/cpu/l3/u0/leon3x0/vhdl/p0/iu/r.x.annul_all:0
/testbench/cpu/l3/u0/leon3x0/vhdl/p0/iu/r.e.aluop:111
/testbench/cpu/l3/u0/leon3x0/vhdl/p0/iu/r.x.debug:0
/testbench/cpu/l3/u0/leon3x0/vhdl/p0/iu/r.a.rfe1:0
/testbench/cpu/l3/u0/leon3x0/vhdl/p0/iu/r.d.step:0
/testbench/cpu/l3/u0/leon3x0/vhdl/p0/iu/r.a.rfe2:0
/testbench/cpu/l3/u0/leon3x0/vhdl/p0/iu/r.e.alucin:0
/testbench/cpu/l3/u0/leon3x0/vhdl/p0/iu/r.a.wunf:0
compare to golden: 1
======================================
progstatus: -2
execerr: 70
latent: 1
time limit!
>>>>>>>>>>>>>>> 2899665000
======================================
