Test signal = /testbench/cpu/l3/u0/leon3x0/vhdl/p0/iu/r.f.pc
oldval = 01000000000000000000000010001000
pos1: 28 pos0: 31 posU: -1
newval = 01000000000000000000000010000000
force in 525838
584840000 >> iteration no: 0
1027865000 >> iteration no: 1
Signal value: 01000000000000000000001001000000
oldval = 01000000000000000000001001000000
pos1: 25 pos0: 31 posU: -1
newval = 01000000000000000000001000000000
1105865000 >> Requesting for the AHB bus...
1106840000 >> AHB granted, starting recovery...
1126040000 >> Recovery done, continuing...
1126390000 >> Requesting for the AHB bus...
1127165000 >> AHB granted, starting recovery...
1146365000 >> Recovery done, continuing...
1146715000 >> Requesting for the AHB bus...
1147490000 >> AHB granted, starting recovery...
1166690000 >> Recovery done, continuing...
1167040000 >> Requesting for the AHB bus...
1167815000 >> AHB granted, starting recovery...
1187015000 >> Recovery done, continuing...
1187365000 >> Requesting for the AHB bus...
1188140000 >> AHB granted, starting recovery...
1207340000 >> Recovery done, continuing...
1207690000 >> Requesting for the AHB bus...
1208465000 >> AHB granted, starting recovery...
1227665000 >> Recovery done, continuing...
1228015000 >> Requesting for the AHB bus...
1228790000 >> AHB granted, starting recovery...
1247990000 >> Recovery done, continuing...
1248340000 >> Requesting for the AHB bus...
1249115000 >> AHB granted, starting recovery...
1268315000 >> Recovery done, continuing...
1268665000 >> Requesting for the AHB bus...
1269440000 >> AHB granted, starting recovery...
1288640000 >> Recovery done, continuing...
1288990000 >> Requesting for the AHB bus...
1289765000 >> AHB granted, starting recovery...
1308965000 >> Recovery done, continuing...
1309315000 >> Requesting for the AHB bus...
1310090000 >> AHB granted, starting recovery...
1329290000 >> Recovery done, continuing...
1329640000 >> Requesting for the AHB bus...
1330415000 >> AHB granted, starting recovery...
1349615000 >> Recovery done, continuing...
1349965000 >> Requesting for the AHB bus...
1350740000 >> AHB granted, starting recovery...
1369940000 >> Recovery done, continuing...
1370390000 >> Requesting for the AHB bus...
1371165000 >> AHB granted, starting recovery...
1390365000 >> Recovery done, continuing...
1390715000 >> Requesting for the AHB bus...
1391490000 >> AHB granted, starting recovery...
1410690000 >> Recovery done, continuing...
1411040000 >> Requesting for the AHB bus...
1411815000 >> AHB granted, starting recovery...
1431015000 >> Recovery done, continuing...
1431365000 >> Requesting for the AHB bus...
1432140000 >> AHB granted, starting recovery...
1451340000 >> Recovery done, continuing...
1451690000 >> Requesting for the AHB bus...
1452465000 >> AHB granted, starting recovery...
1471665000 >> Recovery done, continuing...
1472015000 >> Requesting for the AHB bus...
1472790000 >> AHB granted, starting recovery...
1491990000 >> Recovery done, continuing...
1492340000 >> Requesting for the AHB bus...
1493115000 >> AHB granted, starting recovery...
1512315000 >> Recovery done, continuing...
1512665000 >> Requesting for the AHB bus...
1513440000 >> AHB granted, starting recovery...
1532640000 >> Recovery done, continuing...
1532990000 >> Requesting for the AHB bus...
1533765000 >> AHB granted, starting recovery...
1552965000 >> Recovery done, continuing...
1553315000 >> Requesting for the AHB bus...
1554090000 >> AHB granted, starting recovery...
1573290000 >> Recovery done, continuing...
1573640000 >> Requesting for the AHB bus...
1574415000 >> AHB granted, starting recovery...
1593615000 >> Recovery done, continuing...
1593965000 >> Requesting for the AHB bus...
1594915000 >> AHB granted, starting recovery...
1614115000 >> Recovery done, continuing...
1614465000 >> Requesting for the AHB bus...
1615240000 >> AHB granted, starting recovery...
1634440000 >> Recovery done, continuing...
1634790000 >> Requesting for the AHB bus...
1635565000 >> AHB granted, starting recovery...
1654765000 >> Recovery done, continuing...
1655115000 >> Requesting for the AHB bus...
1655890000 >> AHB granted, starting recovery...
1675090000 >> Recovery done, continuing...
1675440000 >> Requesting for the AHB bus...
1676215000 >> AHB granted, starting recovery...
1695415000 >> Recovery done, continuing...
1695765000 >> Requesting for the AHB bus...
1696540000 >> AHB granted, starting recovery...
1715740000 >> Recovery done, continuing...
1716090000 >> Requesting for the AHB bus...
1716865000 >> AHB granted, starting recovery...
1736065000 >> Recovery done, continuing...
1736415000 >> Requesting for the AHB bus...
1737190000 >> AHB granted, starting recovery...
1756390000 >> Recovery done, continuing...
1756740000 >> Requesting for the AHB bus...
1757515000 >> AHB granted, starting recovery...
1776715000 >> Recovery done, continuing...
1777065000 >> Requesting for the AHB bus...
1777840000 >> AHB granted, starting recovery...
1797040000 >> Recovery done, continuing...
1797390000 >> Requesting for the AHB bus...
1798165000 >> AHB granted, starting recovery...
1817365000 >> Recovery done, continuing...
1817715000 >> Requesting for the AHB bus...
1818490000 >> AHB granted, starting recovery...
1837690000 >> Recovery done, continuing...
1838040000 >> Requesting for the AHB bus...
1838815000 >> AHB granted, starting recovery...
1858015000 >> Recovery done, continuing...
1858365000 >> Requesting for the AHB bus...
1859140000 >> AHB granted, starting recovery...
1878340000 >> Recovery done, continuing...
1878690000 >> Requesting for the AHB bus...
1879465000 >> AHB granted, starting recovery...
1898665000 >> Recovery done, continuing...
1899015000 >> Requesting for the AHB bus...
1899790000 >> AHB granted, starting recovery...
1918990000 >> Recovery done, continuing...
1919340000 >> Requesting for the AHB bus...
1920115000 >> AHB granted, starting recovery...
1939315000 >> Recovery done, continuing...
1939665000 >> Requesting for the AHB bus...
1940615000 >> AHB granted, starting recovery...
1959815000 >> Recovery done, continuing...
1960165000 >> Requesting for the AHB bus...
1960940000 >> AHB granted, starting recovery...
1980140000 >> Recovery done, continuing...
1980490000 >> Requesting for the AHB bus...
1981265000 >> AHB granted, starting recovery...
2000465000 >> Recovery done, continuing...
2000815000 >> Requesting for the AHB bus...
2001590000 >> AHB granted, starting recovery...
2020790000 >> Recovery done, continuing...
2021140000 >> Requesting for the AHB bus...
2021915000 >> AHB granted, starting recovery...
2041115000 >> Recovery done, continuing...
2041465000 >> Requesting for the AHB bus...
2042240000 >> AHB granted, starting recovery...
2061440000 >> Recovery done, continuing...
2061790000 >> Requesting for the AHB bus...
2062565000 >> AHB granted, starting recovery...
2081765000 >> Recovery done, continuing...
2082115000 >> Requesting for the AHB bus...
2082890000 >> AHB granted, starting recovery...
2102090000 >> Recovery done, continuing...
2102440000 >> Requesting for the AHB bus...
2103215000 >> AHB granted, starting recovery...
2122415000 >> Recovery done, continuing...
2122765000 >> Requesting for the AHB bus...
2123540000 >> AHB granted, starting recovery...
2142740000 >> Recovery done, continuing...
2143090000 >> Requesting for the AHB bus...
2143865000 >> AHB granted, starting recovery...
2163065000 >> Recovery done, continuing...
2163415000 >> Requesting for the AHB bus...
2164190000 >> AHB granted, starting recovery...
2183390000 >> Recovery done, continuing...
2183740000 >> Requesting for the AHB bus...
2184515000 >> AHB granted, starting recovery...
2203715000 >> Recovery done, continuing...
2204065000 >> Requesting for the AHB bus...
2204840000 >> AHB granted, starting recovery...
2224040000 >> Recovery done, continuing...
2224390000 >> Requesting for the AHB bus...
2225165000 >> AHB granted, starting recovery...
2244365000 >> Recovery done, continuing...
2244715000 >> Requesting for the AHB bus...
2245490000 >> AHB granted, starting recovery...
2264690000 >> Recovery done, continuing...
2265040000 >> Requesting for the AHB bus...
2265815000 >> AHB granted, starting recovery...
2285015000 >> Recovery done, continuing...
2285365000 >> Requesting for the AHB bus...
2286315000 >> AHB granted, starting recovery...
2305515000 >> Recovery done, continuing...
2305865000 >> Requesting for the AHB bus...
2306640000 >> AHB granted, starting recovery...
2325840000 >> Recovery done, continuing...
2326190000 >> Requesting for the AHB bus...
2326965000 >> AHB granted, starting recovery...
2346165000 >> Recovery done, continuing...
2346515000 >> Requesting for the AHB bus...
2347290000 >> AHB granted, starting recovery...
2366490000 >> Recovery done, continuing...
2366840000 >> Requesting for the AHB bus...
2367615000 >> AHB granted, starting recovery...
2386815000 >> Recovery done, continuing...
2387165000 >> Requesting for the AHB bus...
2387940000 >> AHB granted, starting recovery...
2407140000 >> Recovery done, continuing...
2407490000 >> Requesting for the AHB bus...
2408265000 >> AHB granted, starting recovery...
2427465000 >> Recovery done, continuing...
2427815000 >> Requesting for the AHB bus...
2428590000 >> AHB granted, starting recovery...
2447790000 >> Recovery done, continuing...
2448140000 >> Requesting for the AHB bus...
2448915000 >> AHB granted, starting recovery...
2468115000 >> Recovery done, continuing...
2468465000 >> Requesting for the AHB bus...
2469240000 >> AHB granted, starting recovery...
2488440000 >> Recovery done, continuing...
2488790000 >> Requesting for the AHB bus...
2489565000 >> AHB granted, starting recovery...
2508765000 >> Recovery done, continuing...
2509115000 >> Requesting for the AHB bus...
2509890000 >> AHB granted, starting recovery...
2529090000 >> Recovery done, continuing...
2529440000 >> Requesting for the AHB bus...
2530215000 >> AHB granted, starting recovery...
2549415000 >> Recovery done, continuing...
2549765000 >> Requesting for the AHB bus...
2550540000 >> AHB granted, starting recovery...
2569740000 >> Recovery done, continuing...
2570090000 >> Requesting for the AHB bus...
2570865000 >> AHB granted, starting recovery...
2590065000 >> Recovery done, continuing...
2590415000 >> Requesting for the AHB bus...
2591190000 >> AHB granted, starting recovery...
2610390000 >> Recovery done, continuing...
2610740000 >> Requesting for the AHB bus...
2611515000 >> AHB granted, starting recovery...
2630715000 >> Recovery done, continuing...
2631190000 >> Requesting for the AHB bus...
2631965000 >> AHB granted, starting recovery...
2651165000 >> Recovery done, continuing...
2651515000 >> Requesting for the AHB bus...
2652290000 >> AHB granted, starting recovery...
2671490000 >> Recovery done, continuing...
2671840000 >> Requesting for the AHB bus...
2672615000 >> AHB granted, starting recovery...
2691815000 >> Recovery done, continuing...
2692165000 >> Requesting for the AHB bus...
2692940000 >> AHB granted, starting recovery...
2712140000 >> Recovery done, continuing...
2712490000 >> Requesting for the AHB bus...
2713265000 >> AHB granted, starting recovery...
2732465000 >> Recovery done, continuing...
2732815000 >> Requesting for the AHB bus...
2733590000 >> AHB granted, starting recovery...
2752790000 >> Recovery done, continuing...
2753140000 >> Requesting for the AHB bus...
2753915000 >> AHB granted, starting recovery...
2773115000 >> Recovery done, continuing...
2773465000 >> Requesting for the AHB bus...
2774240000 >> AHB granted, starting recovery...
2793440000 >> Recovery done, continuing...
2793790000 >> Requesting for the AHB bus...
2794565000 >> AHB granted, starting recovery...
2813765000 >> Recovery done, continuing...
2814115000 >> Requesting for the AHB bus...
2814890000 >> AHB granted, starting recovery...
2834090000 >> Recovery done, continuing...
2834440000 >> Requesting for the AHB bus...
2835215000 >> AHB granted, starting recovery...
2854415000 >> Recovery done, continuing...
2854765000 >> Requesting for the AHB bus...
2855715000 >> AHB granted, starting recovery...
2874915000 >> Recovery done, continuing...
2875265000 >> Requesting for the AHB bus...
2876040000 >> AHB granted, starting recovery...
2895240000 >> Recovery done, continuing...
2895590000 >> Requesting for the AHB bus...
2896365000 >> AHB granted, starting recovery...
2899665000 >> time limit reached...
/testbench/cpu/l3/u0/leon3x0/vhdl/p0/iu/r.w.wreg:0
/testbench/cpu/l3/u0/leon3x0/vhdl/p0/iu/r.m.irqen:1
/testbench/cpu/l3/u0/leon3x0/vhdl/p0/iu/r.m.icc:1001
/testbench/cpu/l3/u0/leon3x0/vhdl/p0/iu/r.a.ticc:0
/testbench/cpu/l3/u0/leon3x0/vhdl/p0/iu/r.a.step:0
/testbench/cpu/l3/u0/leon3x0/vhdl/p0/iu/r.m.irqen2:1
/testbench/cpu/l3/u0/leon3x0/vhdl/p0/iu/r.d.pc:01000000000000000000001000001100
/testbench/cpu/l3/u0/leon3x0/vhdl/p0/iu/r.d.rexpl:{{00000000000000000000000000000000} {00} {0} 0 0 {0000000000000000000} 0 0 0 0 0 0}
/testbench/cpu/l3/u0/leon3x0/vhdl/p0/iu/r.d.mexc:0
/testbench/cpu/l3/u0/leon3x0/vhdl/p0/iu/r.a.aw:0
/testbench/cpu/l3/u0/leon3x0/vhdl/p0/iu/r.e.ctrl:{{01000000000000000000001000000100} {10000100000100001010001100110000} {00} {10000010} {000000} 0 0 1 0 0 0 1 0 0}
/testbench/cpu/l3/u0/leon3x0/vhdl/p0/iu/r.a.divstart:0
/testbench/cpu/l3/u0/leon3x0/vhdl/p0/iu/r.e.shleft:0
/testbench/cpu/l3/u0/leon3x0/vhdl/p0/iu/r.a.bp:0
/testbench/cpu/l3/u0/leon3x0/vhdl/p0/iu/r.w.twcwp:000
/testbench/cpu/l3/u0/leon3x0/vhdl/p0/iu/r.a.jmpl:0
/testbench/cpu/l3/u0/leon3x0/vhdl/p0/iu/r.m.casa:0
/testbench/cpu/l3/u0/leon3x0/vhdl/p0/iu/r.m.werr:0
/testbench/cpu/l3/u0/leon3x0/vhdl/p0/iu/r.e.su:1
/testbench/cpu/l3/u0/leon3x0/vhdl/p0/iu/r.e.et:1
/testbench/cpu/l3/u0/leon3x0/vhdl/p0/iu/r.a.ldcheck1:1
/testbench/cpu/l3/u0/leon3x0/vhdl/p0/iu/r.d.stwin:000
/testbench/cpu/l3/u0/leon3x0/vhdl/p0/iu/r.a.ldcheck2:0
/testbench/cpu/l3/u0/leon3x0/vhdl/p0/iu/r.x.intack:0
/testbench/cpu/l3/u0/leon3x0/vhdl/p0/iu/r.m.ctrl:{{01000000000000000000001000000000} {00000101000100000000000000000100} {00} {10000010} {000000} 0 0 1 0 0 0 1 0 0}
/testbench/cpu/l3/u0/leon3x0/vhdl/p0/iu/r.a.cwp:101
/testbench/cpu/l3/u0/leon3x0/vhdl/p0/iu/r.e.sari:0
/testbench/cpu/l3/u0/leon3x0/vhdl/p0/iu/r.d.paw:0
/testbench/cpu/l3/u0/leon3x0/vhdl/p0/iu/r.d.aw:0
/testbench/cpu/l3/u0/leon3x0/vhdl/p0/iu/r.d.awp:000
/testbench/cpu/l3/u0/leon3x0/vhdl/p0/iu/r.x.ctrl:{{01000000000000000000001000111100} {11000010000001111011111111111100} {00} {10000001} {000000} 0 0 1 0 0 1 1 0 0}
/testbench/cpu/l3/u0/leon3x0/vhdl/p0/iu/r.m.rexnalign:0
/testbench/cpu/l3/u0/leon3x0/vhdl/p0/iu/r.m.su:1
/testbench/cpu/l3/u0/leon3x0/vhdl/p0/iu/r.m.wcwp:0
/testbench/cpu/l3/u0/leon3x0/vhdl/p0/iu/r.d.divrdy:0
/testbench/cpu/l3/u0/leon3x0/vhdl/p0/iu/r.e.cwp:101
/testbench/cpu/l3/u0/leon3x0/vhdl/p0/iu/r.w.except:0
/testbench/cpu/l3/u0/leon3x0/vhdl/p0/iu/r.x.nerror:0
/testbench/cpu/l3/u0/leon3x0/vhdl/p0/iu/r.a.bpimiss:0
/testbench/cpu/l3/u0/leon3x0/vhdl/p0/iu/r.a.nobp:0
/testbench/cpu/l3/u0/leon3x0/vhdl/p0/iu/r.d.rexcnt:0
/testbench/cpu/l3/u0/leon3x0/vhdl/p0/iu/r.w.s:{{101} {1001} {00000000} {01000000000000000000} {00000010} {0000} 0 0 1 1 1 {00000000000000000000000000000000} {UUUUUUUUUUUUUUUUUUUUUUUUUUUUUUUU} 1 0 0 1 1 1 0 0 {000} {000} {111}}
/testbench/cpu/l3/u0/leon3x0/vhdl/p0/iu/r.d.pv:1
/testbench/cpu/l3/u0/leon3x0/vhdl/p0/iu/r.a.ldchkra:1
/testbench/cpu/l3/u0/leon3x0/vhdl/p0/iu/r.a.rfa1:01011101
/testbench/cpu/l3/u0/leon3x0/vhdl/p0/iu/r.a.rfa2:10000010
/testbench/cpu/l3/u0/leon3x0/vhdl/p0/iu/r.a.imm:00000000000000000000000000000010
/testbench/cpu/l3/u0/leon3x0/vhdl/p0/iu/r.w.wa:10000001
/testbench/cpu/l3/u0/leon3x0/vhdl/p0/iu/r.m.casaz:0
/testbench/cpu/l3/u0/leon3x0/vhdl/p0/iu/r.x.dci:{0 1 1 0 0 0 {10} {00001011}}
/testbench/cpu/l3/u0/leon3x0/vhdl/p0/iu/r.x.mac:0
/testbench/cpu/l3/u0/leon3x0/vhdl/p0/iu/r.m.divz:0
/testbench/cpu/l3/u0/leon3x0/vhdl/p0/iu/r.d.inst:{{10001000000000110100000000000100}}
/testbench/cpu/l3/u0/leon3x0/vhdl/p0/iu/r.e.rfe1:0
/testbench/cpu/l3/u0/leon3x0/vhdl/p0/iu/r.a.wovf:0
/testbench/cpu/l3/u0/leon3x0/vhdl/p0/iu/r.e.rfe2:0
/testbench/cpu/l3/u0/leon3x0/vhdl/p0/iu/r.e.op1:01000000000000000001000000000000
/testbench/cpu/l3/u0/leon3x0/vhdl/p0/iu/r.m.nalign:0
/testbench/cpu/l3/u0/leon3x0/vhdl/p0/iu/r.e.op2:00000000000000000000001100110000
/testbench/cpu/l3/u0/leon3x0/vhdl/p0/iu/r.d.rexen:0
/testbench/cpu/l3/u0/leon3x0/vhdl/p0/iu/r.a.ctrl:{{01000000000000000000001000001000} {10011011001010110110000000000010} {00} {01011101} {000000} 0 0 1 0 0 0 1 0 0}
/testbench/cpu/l3/u0/leon3x0/vhdl/p0/iu/r.x.ipend:0
/testbench/cpu/l3/u0/leon3x0/vhdl/p0/iu/r.e.ldbp1:0
/testbench/cpu/l3/u0/leon3x0/vhdl/p0/iu/r.e.aluadd:1
/testbench/cpu/l3/u0/leon3x0/vhdl/p0/iu/r.d.set:0
/testbench/cpu/l3/u0/leon3x0/vhdl/p0/iu/r.d.inull:0
/testbench/cpu/l3/u0/leon3x0/vhdl/p0/iu/r.e.ldbp2:0
/testbench/cpu/l3/u0/leon3x0/vhdl/p0/iu/r.d.cnt:00
/testbench/cpu/l3/u0/leon3x0/vhdl/p0/iu/r.a.su:1
/testbench/cpu/l3/u0/leon3x0/vhdl/p0/iu/r.a.et:1
/testbench/cpu/l3/u0/leon3x0/vhdl/p0/iu/r.e.mul:0
/testbench/cpu/l3/u0/leon3x0/vhdl/p0/iu/r.e.alusel:10
/testbench/cpu/l3/u0/leon3x0/vhdl/p0/iu/r.e.aw:U
/testbench/cpu/l3/u0/leon3x0/vhdl/p0/iu/r.e.mac:0
/testbench/cpu/l3/u0/leon3x0/vhdl/p0/iu/r.a.decill:0
/testbench/cpu/l3/u0/leon3x0/vhdl/p0/iu/r.x.icc:1001
/testbench/cpu/l3/u0/leon3x0/vhdl/p0/iu/r.x.result:01000000000011111111111010010100
/testbench/cpu/l3/u0/leon3x0/vhdl/p0/iu/r.e.bp:0
/testbench/cpu/l3/u0/leon3x0/vhdl/p0/iu/r.a.rs1:01101
/testbench/cpu/l3/u0/leon3x0/vhdl/p0/iu/r.e.jmpl:0
/testbench/cpu/l3/u0/leon3x0/vhdl/p0/iu/r.a.rsel1:000
/testbench/cpu/l3/u0/leon3x0/vhdl/p0/iu/r.x.y:00000000000000000000000000000000
/testbench/cpu/l3/u0/leon3x0/vhdl/p0/iu/r.a.rsel2:100
/testbench/cpu/l3/u0/leon3x0/vhdl/p0/iu/r.a.awp:000
/testbench/cpu/l3/u0/leon3x0/vhdl/p0/iu/r.a.paw:0
/testbench/cpu/l3/u0/leon3x0/vhdl/p0/iu/r.x.data:{{00000000000000000000000000000000}}
/testbench/cpu/l3/u0/leon3x0/vhdl/p0/iu/r.m.mul:0
/testbench/cpu/l3/u0/leon3x0/vhdl/p0/iu/r.e.rd:UUUUU
/testbench/cpu/l3/u0/leon3x0/vhdl/p0/iu/r.e.invop2:0
/testbench/cpu/l3/u0/leon3x0/vhdl/p0/iu/r.m.wawp:0
/testbench/cpu/l3/u0/leon3x0/vhdl/p0/iu/r.d.cwpmax:111
/testbench/cpu/l3/u0/leon3x0/vhdl/p0/iu/r.f.branch:0
/testbench/cpu/l3/u0/leon3x0/vhdl/p0/iu/r.d.pcheld:0
/testbench/cpu/l3/u0/leon3x0/vhdl/p0/iu/r.m.dci:{0 0 1 0 0 0 {10} {00001011}}
/testbench/cpu/l3/u0/leon3x0/vhdl/p0/iu/r.e.paw:U
/testbench/cpu/l3/u0/leon3x0/vhdl/p0/iu/r.e.awp:UUU
/testbench/cpu/l3/u0/leon3x0/vhdl/p0/iu/r.e.shcnt:10000
/testbench/cpu/l3/u0/leon3x0/vhdl/p0/iu/r.w.result:00000000000000000000000000000010
/testbench/cpu/l3/u0/leon3x0/vhdl/p0/iu/r.m.mac:0
/testbench/cpu/l3/u0/leon3x0/vhdl/p0/iu/r.m.y:00000000000000000000000000000000
/testbench/cpu/l3/u0/leon3x0/vhdl/p0/iu/r.d.cwp:101
/testbench/cpu/l3/u0/leon3x0/vhdl/p0/iu/r.x.laddr:00
/testbench/cpu/l3/u0/leon3x0/vhdl/p0/iu/r.e.mulstep:0
/testbench/cpu/l3/u0/leon3x0/vhdl/p0/iu/r.e.ymsb:0
/testbench/cpu/l3/u0/leon3x0/vhdl/p0/iu/r.d.rexbuf:00000000000000000000000000000000
/testbench/cpu/l3/u0/leon3x0/vhdl/p0/iu/r.x.npc:100
/testbench/cpu/l3/u0/leon3x0/vhdl/p0/iu/r.f.pc:01000000000000000000001000010000
/testbench/cpu/l3/u0/leon3x0/vhdl/p0/iu/r.d.annul:0
/testbench/cpu/l3/u0/leon3x0/vhdl/p0/iu/r.x.rstate:run
/testbench/cpu/l3/u0/leon3x0/vhdl/p0/iu/r.x.set:0
/testbench/cpu/l3/u0/leon3x0/vhdl/p0/iu/r.m.result:01000000000000000001000000000000
/testbench/cpu/l3/u0/leon3x0/vhdl/p0/iu/r.e.icc:UUUU
/testbench/cpu/l3/u0/leon3x0/vhdl/p0/iu/r.a.getpc:0
/testbench/cpu/l3/u0/leon3x0/vhdl/p0/iu/r.a.ldchkex:1
/testbench/cpu/l3/u0/leon3x0/vhdl/p0/iu/r.x.mexc:0
/testbench/cpu/l3/u0/leon3x0/vhdl/p0/iu/r.a.mulstart:0
/testbench/cpu/l3/u0/leon3x0/vhdl/p0/iu/r.d.rexpos:10
/testbench/cpu/l3/u0/leon3x0/vhdl/p0/iu/r.x.annul_all:0
/testbench/cpu/l3/u0/leon3x0/vhdl/p0/iu/r.e.aluop:010
/testbench/cpu/l3/u0/leon3x0/vhdl/p0/iu/r.x.debug:0
/testbench/cpu/l3/u0/leon3x0/vhdl/p0/iu/r.a.rfe1:1
/testbench/cpu/l3/u0/leon3x0/vhdl/p0/iu/r.d.step:0
/testbench/cpu/l3/u0/leon3x0/vhdl/p0/iu/r.a.rfe2:0
/testbench/cpu/l3/u0/leon3x0/vhdl/p0/iu/r.e.alucin:0
/testbench/cpu/l3/u0/leon3x0/vhdl/p0/iu/r.a.wunf:0
compare to golden: 1
======================================
progstatus: -2
execerr: 89
latent: 1
time limit!
>>>>>>>>>>>>>>> 2899665000
======================================
