Test signal = /testbench/cpu/l3/u0/leon3x0/vhdl/p0/iu/r.m.wcwp
oldval = 0
pos1: -1 pos0: 0 posU: -1
newval = 1
force in 1129485
584840000 >> iteration no: 0
1027865000 >> iteration no: 1
1470840000 >> iteration no: 2
Signal value: 0
oldval = 0
pos1: -1 pos0: 0 posU: -1
newval = 1
1710590000 >> Requesting for the AHB bus...
1711590000 >> AHB granted, starting recovery...
1711640000 >> Requesting for the AHB bus...
1730790000 >> Recovery done, continuing...
1731490000 >> Requesting for the AHB bus...
1732265000 >> AHB granted, starting recovery...
1751465000 >> Recovery done, continuing...
1752165000 >> Requesting for the AHB bus...
1752940000 >> AHB granted, starting recovery...
1772140000 >> Recovery done, continuing...
1772840000 >> Requesting for the AHB bus...
1773615000 >> AHB granted, starting recovery...
1792815000 >> Recovery done, continuing...
1793515000 >> Requesting for the AHB bus...
1794290000 >> AHB granted, starting recovery...
1813490000 >> Recovery done, continuing...
1814190000 >> Requesting for the AHB bus...
1814965000 >> AHB granted, starting recovery...
1834165000 >> Recovery done, continuing...
1834865000 >> Requesting for the AHB bus...
1835640000 >> AHB granted, starting recovery...
1854840000 >> Recovery done, continuing...
1855540000 >> Requesting for the AHB bus...
1856315000 >> AHB granted, starting recovery...
1875515000 >> Recovery done, continuing...
1876340000 >> Requesting for the AHB bus...
1877115000 >> AHB granted, starting recovery...
1896315000 >> Recovery done, continuing...
1897015000 >> Requesting for the AHB bus...
1897790000 >> AHB granted, starting recovery...
1916990000 >> Recovery done, continuing...
1917690000 >> Requesting for the AHB bus...
1918465000 >> AHB granted, starting recovery...
1937665000 >> Recovery done, continuing...
1938365000 >> Requesting for the AHB bus...
1939140000 >> AHB granted, starting recovery...
1958340000 >> Recovery done, continuing...
1959215000 >> Requesting for the AHB bus...
1959990000 >> AHB granted, starting recovery...
1979190000 >> Recovery done, continuing...
1979890000 >> Requesting for the AHB bus...
1980665000 >> AHB granted, starting recovery...
1999865000 >> Recovery done, continuing...
2000565000 >> Requesting for the AHB bus...
2001340000 >> AHB granted, starting recovery...
2020540000 >> Recovery done, continuing...
2021240000 >> Requesting for the AHB bus...
2022015000 >> AHB granted, starting recovery...
2041215000 >> Recovery done, continuing...
2041915000 >> Requesting for the AHB bus...
2042690000 >> AHB granted, starting recovery...
2061890000 >> Recovery done, continuing...
2062590000 >> Requesting for the AHB bus...
2063365000 >> AHB granted, starting recovery...
2082565000 >> Recovery done, continuing...
2083265000 >> Requesting for the AHB bus...
2084040000 >> AHB granted, starting recovery...
2103240000 >> Recovery done, continuing...
2103940000 >> Requesting for the AHB bus...
2104715000 >> AHB granted, starting recovery...
2123915000 >> Recovery done, continuing...
2124615000 >> Requesting for the AHB bus...
2125390000 >> AHB granted, starting recovery...
2144590000 >> Recovery done, continuing...
2145290000 >> Requesting for the AHB bus...
2146065000 >> AHB granted, starting recovery...
2165265000 >> Recovery done, continuing...
2165965000 >> Requesting for the AHB bus...
2166740000 >> AHB granted, starting recovery...
2185940000 >> Recovery done, continuing...
2186640000 >> Requesting for the AHB bus...
2187415000 >> AHB granted, starting recovery...
2206615000 >> Recovery done, continuing...
2207315000 >> Requesting for the AHB bus...
2208090000 >> AHB granted, starting recovery...
2227290000 >> Recovery done, continuing...
2228165000 >> Requesting for the AHB bus...
2228940000 >> AHB granted, starting recovery...
2248140000 >> Recovery done, continuing...
2248840000 >> Requesting for the AHB bus...
2249615000 >> AHB granted, starting recovery...
2268815000 >> Recovery done, continuing...
2269515000 >> Requesting for the AHB bus...
2270290000 >> AHB granted, starting recovery...
2289490000 >> Recovery done, continuing...
2290190000 >> Requesting for the AHB bus...
2290965000 >> AHB granted, starting recovery...
2310165000 >> Recovery done, continuing...
2310865000 >> Requesting for the AHB bus...
2311790000 >> AHB granted, starting recovery...
2330990000 >> Recovery done, continuing...
2331690000 >> Requesting for the AHB bus...
2332465000 >> AHB granted, starting recovery...
2351665000 >> Recovery done, continuing...
2352365000 >> Requesting for the AHB bus...
2353140000 >> AHB granted, starting recovery...
2372340000 >> Recovery done, continuing...
2373040000 >> Requesting for the AHB bus...
2373815000 >> AHB granted, starting recovery...
2393015000 >> Recovery done, continuing...
2393715000 >> Requesting for the AHB bus...
2394490000 >> AHB granted, starting recovery...
2413690000 >> Recovery done, continuing...
2414390000 >> Requesting for the AHB bus...
2415165000 >> AHB granted, starting recovery...
2434365000 >> Recovery done, continuing...
2435065000 >> Requesting for the AHB bus...
2435840000 >> AHB granted, starting recovery...
2455040000 >> Recovery done, continuing...
2455740000 >> Requesting for the AHB bus...
2456515000 >> AHB granted, starting recovery...
2475715000 >> Recovery done, continuing...
2476415000 >> Requesting for the AHB bus...
2477190000 >> AHB granted, starting recovery...
2496390000 >> Recovery done, continuing...
2497140000 >> Requesting for the AHB bus...
2497915000 >> AHB granted, starting recovery...
2517115000 >> Recovery done, continuing...
2517815000 >> Requesting for the AHB bus...
2518590000 >> AHB granted, starting recovery...
2537790000 >> Recovery done, continuing...
2538490000 >> Requesting for the AHB bus...
2539265000 >> AHB granted, starting recovery...
2558465000 >> Recovery done, continuing...
2559165000 >> Requesting for the AHB bus...
2559940000 >> AHB granted, starting recovery...
2579140000 >> Recovery done, continuing...
2580015000 >> Requesting for the AHB bus...
2580790000 >> AHB granted, starting recovery...
2599990000 >> Recovery done, continuing...
2600690000 >> Requesting for the AHB bus...
2601465000 >> AHB granted, starting recovery...
2620665000 >> Recovery done, continuing...
2621365000 >> Requesting for the AHB bus...
2622140000 >> AHB granted, starting recovery...
2641340000 >> Recovery done, continuing...
2642040000 >> Requesting for the AHB bus...
2642815000 >> AHB granted, starting recovery...
2662015000 >> Recovery done, continuing...
2662715000 >> Requesting for the AHB bus...
2663490000 >> AHB granted, starting recovery...
2682690000 >> Recovery done, continuing...
2683390000 >> Requesting for the AHB bus...
2684165000 >> AHB granted, starting recovery...
2703365000 >> Recovery done, continuing...
2704065000 >> Requesting for the AHB bus...
2704840000 >> AHB granted, starting recovery...
2724040000 >> Recovery done, continuing...
2724740000 >> Requesting for the AHB bus...
2725515000 >> AHB granted, starting recovery...
2744715000 >> Recovery done, continuing...
2745415000 >> Requesting for the AHB bus...
2746190000 >> AHB granted, starting recovery...
2765390000 >> Recovery done, continuing...
2766090000 >> Requesting for the AHB bus...
2766865000 >> AHB granted, starting recovery...
2786065000 >> Recovery done, continuing...
2786765000 >> Requesting for the AHB bus...
2787540000 >> AHB granted, starting recovery...
2806740000 >> Recovery done, continuing...
2807440000 >> Requesting for the AHB bus...
2808215000 >> AHB granted, starting recovery...
2827415000 >> Recovery done, continuing...
2828115000 >> Requesting for the AHB bus...
2828890000 >> AHB granted, starting recovery...
2848090000 >> Recovery done, continuing...
2848965000 >> Requesting for the AHB bus...
2849740000 >> AHB granted, starting recovery...
2868940000 >> Recovery done, continuing...
2869640000 >> Requesting for the AHB bus...
2870415000 >> AHB granted, starting recovery...
2889615000 >> Recovery done, continuing...
2890315000 >> Requesting for the AHB bus...
2891090000 >> AHB granted, starting recovery...
2899665000 >> time limit reached...
/testbench/cpu/l3/u0/leon3x0/vhdl/p0/iu/r.w.wreg:1
/testbench/cpu/l3/u0/leon3x0/vhdl/p0/iu/r.m.irqen:1
/testbench/cpu/l3/u0/leon3x0/vhdl/p0/iu/r.m.icc:1001
/testbench/cpu/l3/u0/leon3x0/vhdl/p0/iu/r.a.ticc:0
/testbench/cpu/l3/u0/leon3x0/vhdl/p0/iu/r.a.step:0
/testbench/cpu/l3/u0/leon3x0/vhdl/p0/iu/r.m.irqen2:1
/testbench/cpu/l3/u0/leon3x0/vhdl/p0/iu/r.d.pc:01000000000000000000001001000000
/testbench/cpu/l3/u0/leon3x0/vhdl/p0/iu/r.d.rexpl:{{00000000000000000000000000000000} {00} {0} 0 0 {0000000000000000000} 0 0 0 0 0 0}
/testbench/cpu/l3/u0/leon3x0/vhdl/p0/iu/r.d.mexc:0
/testbench/cpu/l3/u0/leon3x0/vhdl/p0/iu/r.a.aw:0
/testbench/cpu/l3/u0/leon3x0/vhdl/p0/iu/r.e.ctrl:{{01000000000000000000001000111100} {11000010000001111011111111111100} {00} {10000001} {000000} 0 0 1 0 0 1 1 0 0}
/testbench/cpu/l3/u0/leon3x0/vhdl/p0/iu/r.a.divstart:0
/testbench/cpu/l3/u0/leon3x0/vhdl/p0/iu/r.e.shleft:0
/testbench/cpu/l3/u0/leon3x0/vhdl/p0/iu/r.a.bp:0
/testbench/cpu/l3/u0/leon3x0/vhdl/p0/iu/r.w.twcwp:000
/testbench/cpu/l3/u0/leon3x0/vhdl/p0/iu/r.a.jmpl:0
/testbench/cpu/l3/u0/leon3x0/vhdl/p0/iu/r.m.casa:0
/testbench/cpu/l3/u0/leon3x0/vhdl/p0/iu/r.m.werr:0
/testbench/cpu/l3/u0/leon3x0/vhdl/p0/iu/r.e.su:1
/testbench/cpu/l3/u0/leon3x0/vhdl/p0/iu/r.e.et:1
/testbench/cpu/l3/u0/leon3x0/vhdl/p0/iu/r.a.ldcheck1:1
/testbench/cpu/l3/u0/leon3x0/vhdl/p0/iu/r.d.stwin:000
/testbench/cpu/l3/u0/leon3x0/vhdl/p0/iu/r.a.ldcheck2:0
/testbench/cpu/l3/u0/leon3x0/vhdl/p0/iu/r.x.intack:0
/testbench/cpu/l3/u0/leon3x0/vhdl/p0/iu/r.m.ctrl:{{01000000000000000000001000111000} {11000010001001111011111111111100} {01} {10000001} {000000} 0 0 0 0 0 0 0 0 0}
/testbench/cpu/l3/u0/leon3x0/vhdl/p0/iu/r.a.cwp:101
/testbench/cpu/l3/u0/leon3x0/vhdl/p0/iu/r.e.sari:0
/testbench/cpu/l3/u0/leon3x0/vhdl/p0/iu/r.d.paw:0
/testbench/cpu/l3/u0/leon3x0/vhdl/p0/iu/r.d.aw:0
/testbench/cpu/l3/u0/leon3x0/vhdl/p0/iu/r.d.awp:000
/testbench/cpu/l3/u0/leon3x0/vhdl/p0/iu/r.x.ctrl:{{01000000000000000000001000111000} {11000010001001111011111111111100} {00} {10000001} {000000} 0 0 0 0 0 0 1 0 0}
/testbench/cpu/l3/u0/leon3x0/vhdl/p0/iu/r.m.rexnalign:0
/testbench/cpu/l3/u0/leon3x0/vhdl/p0/iu/r.m.su:1
/testbench/cpu/l3/u0/leon3x0/vhdl/p0/iu/r.m.wcwp:0
/testbench/cpu/l3/u0/leon3x0/vhdl/p0/iu/r.d.divrdy:0
/testbench/cpu/l3/u0/leon3x0/vhdl/p0/iu/r.e.cwp:101
/testbench/cpu/l3/u0/leon3x0/vhdl/p0/iu/r.w.except:0
/testbench/cpu/l3/u0/leon3x0/vhdl/p0/iu/r.x.nerror:0
/testbench/cpu/l3/u0/leon3x0/vhdl/p0/iu/r.a.bpimiss:0
/testbench/cpu/l3/u0/leon3x0/vhdl/p0/iu/r.a.nobp:0
/testbench/cpu/l3/u0/leon3x0/vhdl/p0/iu/r.d.rexcnt:0
/testbench/cpu/l3/u0/leon3x0/vhdl/p0/iu/r.w.s:{{101} {1001} {00000000} {01000000000000000000} {00000010} {0000} 0 0 1 1 1 {00000000000000000000000000000000} {UUUUUUUUUUUUUUUUUUUUUUUUUUUUUUUU} 1 0 0 1 1 1 0 0 {000} {000} {111}}
/testbench/cpu/l3/u0/leon3x0/vhdl/p0/iu/r.d.pv:1
/testbench/cpu/l3/u0/leon3x0/vhdl/p0/iu/r.a.ldchkra:1
/testbench/cpu/l3/u0/leon3x0/vhdl/p0/iu/r.a.rfa1:10000001
/testbench/cpu/l3/u0/leon3x0/vhdl/p0/iu/r.a.rfa2:10000011
/testbench/cpu/l3/u0/leon3x0/vhdl/p0/iu/r.a.imm:00000000000000000000000000000011
/testbench/cpu/l3/u0/leon3x0/vhdl/p0/iu/r.w.wa:10000001
/testbench/cpu/l3/u0/leon3x0/vhdl/p0/iu/r.m.casaz:0
/testbench/cpu/l3/u0/leon3x0/vhdl/p0/iu/r.x.dci:{0 1 0 0 0 0 {10} {00001011}}
/testbench/cpu/l3/u0/leon3x0/vhdl/p0/iu/r.x.mac:0
/testbench/cpu/l3/u0/leon3x0/vhdl/p0/iu/r.m.divz:0
/testbench/cpu/l3/u0/leon3x0/vhdl/p0/iu/r.d.inst:{{10000000101000000110000000000011}}
/testbench/cpu/l3/u0/leon3x0/vhdl/p0/iu/r.e.rfe1:1
/testbench/cpu/l3/u0/leon3x0/vhdl/p0/iu/r.a.wovf:0
/testbench/cpu/l3/u0/leon3x0/vhdl/p0/iu/r.e.rfe2:0
/testbench/cpu/l3/u0/leon3x0/vhdl/p0/iu/r.e.op1:01000000000011111111111010011000
/testbench/cpu/l3/u0/leon3x0/vhdl/p0/iu/r.m.nalign:1
/testbench/cpu/l3/u0/leon3x0/vhdl/p0/iu/r.e.op2:11111111111111111111111111111100
/testbench/cpu/l3/u0/leon3x0/vhdl/p0/iu/r.d.rexen:0
/testbench/cpu/l3/u0/leon3x0/vhdl/p0/iu/r.a.ctrl:{{01000000000000000000001001000000} {10000000101000000110000000000011} {00} {10000000} {000000} 0 1 0 0 0 0 0 0 0}
/testbench/cpu/l3/u0/leon3x0/vhdl/p0/iu/r.x.ipend:0
/testbench/cpu/l3/u0/leon3x0/vhdl/p0/iu/r.e.ldbp1:0
/testbench/cpu/l3/u0/leon3x0/vhdl/p0/iu/r.e.aluadd:1
/testbench/cpu/l3/u0/leon3x0/vhdl/p0/iu/r.d.set:0
/testbench/cpu/l3/u0/leon3x0/vhdl/p0/iu/r.d.inull:0
/testbench/cpu/l3/u0/leon3x0/vhdl/p0/iu/r.e.ldbp2:0
/testbench/cpu/l3/u0/leon3x0/vhdl/p0/iu/r.d.cnt:00
/testbench/cpu/l3/u0/leon3x0/vhdl/p0/iu/r.a.su:1
/testbench/cpu/l3/u0/leon3x0/vhdl/p0/iu/r.a.et:1
/testbench/cpu/l3/u0/leon3x0/vhdl/p0/iu/r.e.mul:0
/testbench/cpu/l3/u0/leon3x0/vhdl/p0/iu/r.e.alusel:00
/testbench/cpu/l3/u0/leon3x0/vhdl/p0/iu/r.e.aw:U
/testbench/cpu/l3/u0/leon3x0/vhdl/p0/iu/r.e.mac:0
/testbench/cpu/l3/u0/leon3x0/vhdl/p0/iu/r.a.decill:0
/testbench/cpu/l3/u0/leon3x0/vhdl/p0/iu/r.x.icc:1001
/testbench/cpu/l3/u0/leon3x0/vhdl/p0/iu/r.x.result:01000000000011111111111010010100
/testbench/cpu/l3/u0/leon3x0/vhdl/p0/iu/r.e.bp:0
/testbench/cpu/l3/u0/leon3x0/vhdl/p0/iu/r.a.rs1:00001
/testbench/cpu/l3/u0/leon3x0/vhdl/p0/iu/r.e.jmpl:0
/testbench/cpu/l3/u0/leon3x0/vhdl/p0/iu/r.a.rsel1:001
/testbench/cpu/l3/u0/leon3x0/vhdl/p0/iu/r.x.y:00000000000000000000000000000000
/testbench/cpu/l3/u0/leon3x0/vhdl/p0/iu/r.a.rsel2:100
/testbench/cpu/l3/u0/leon3x0/vhdl/p0/iu/r.a.awp:000
/testbench/cpu/l3/u0/leon3x0/vhdl/p0/iu/r.a.paw:0
/testbench/cpu/l3/u0/leon3x0/vhdl/p0/iu/r.x.data:{{00000000000000000000000000000001}}
/testbench/cpu/l3/u0/leon3x0/vhdl/p0/iu/r.m.mul:0
/testbench/cpu/l3/u0/leon3x0/vhdl/p0/iu/r.e.rd:UUUUU
/testbench/cpu/l3/u0/leon3x0/vhdl/p0/iu/r.e.invop2:0
/testbench/cpu/l3/u0/leon3x0/vhdl/p0/iu/r.m.wawp:0
/testbench/cpu/l3/u0/leon3x0/vhdl/p0/iu/r.d.cwpmax:111
/testbench/cpu/l3/u0/leon3x0/vhdl/p0/iu/r.f.branch:0
/testbench/cpu/l3/u0/leon3x0/vhdl/p0/iu/r.d.pcheld:1
/testbench/cpu/l3/u0/leon3x0/vhdl/p0/iu/r.m.dci:{0 0 0 1 0 0 {10} {00001011}}
/testbench/cpu/l3/u0/leon3x0/vhdl/p0/iu/r.e.paw:U
/testbench/cpu/l3/u0/leon3x0/vhdl/p0/iu/r.e.awp:UUU
/testbench/cpu/l3/u0/leon3x0/vhdl/p0/iu/r.e.shcnt:11100
/testbench/cpu/l3/u0/leon3x0/vhdl/p0/iu/r.w.result:00000000000000000000000000000010
/testbench/cpu/l3/u0/leon3x0/vhdl/p0/iu/r.m.mac:0
/testbench/cpu/l3/u0/leon3x0/vhdl/p0/iu/r.m.y:00000000000000000000000000000000
/testbench/cpu/l3/u0/leon3x0/vhdl/p0/iu/r.d.cwp:101
/testbench/cpu/l3/u0/leon3x0/vhdl/p0/iu/r.x.laddr:00
/testbench/cpu/l3/u0/leon3x0/vhdl/p0/iu/r.e.mulstep:0
/testbench/cpu/l3/u0/leon3x0/vhdl/p0/iu/r.e.ymsb:0
/testbench/cpu/l3/u0/leon3x0/vhdl/p0/iu/r.d.rexbuf:00000000000000000000000000000000
/testbench/cpu/l3/u0/leon3x0/vhdl/p0/iu/r.x.npc:100
/testbench/cpu/l3/u0/leon3x0/vhdl/p0/iu/r.f.pc:01000000000000000000001001000100
/testbench/cpu/l3/u0/leon3x0/vhdl/p0/iu/r.d.annul:0
/testbench/cpu/l3/u0/leon3x0/vhdl/p0/iu/r.x.rstate:run
/testbench/cpu/l3/u0/leon3x0/vhdl/p0/iu/r.x.set:0
/testbench/cpu/l3/u0/leon3x0/vhdl/p0/iu/r.m.result:00000000000000000000000000000010
/testbench/cpu/l3/u0/leon3x0/vhdl/p0/iu/r.e.icc:UUUU
/testbench/cpu/l3/u0/leon3x0/vhdl/p0/iu/r.a.getpc:0
/testbench/cpu/l3/u0/leon3x0/vhdl/p0/iu/r.a.ldchkex:1
/testbench/cpu/l3/u0/leon3x0/vhdl/p0/iu/r.x.mexc:0
/testbench/cpu/l3/u0/leon3x0/vhdl/p0/iu/r.a.mulstart:0
/testbench/cpu/l3/u0/leon3x0/vhdl/p0/iu/r.d.rexpos:10
/testbench/cpu/l3/u0/leon3x0/vhdl/p0/iu/r.x.annul_all:0
/testbench/cpu/l3/u0/leon3x0/vhdl/p0/iu/r.e.aluop:000
/testbench/cpu/l3/u0/leon3x0/vhdl/p0/iu/r.x.debug:0
/testbench/cpu/l3/u0/leon3x0/vhdl/p0/iu/r.a.rfe1:0
/testbench/cpu/l3/u0/leon3x0/vhdl/p0/iu/r.d.step:0
/testbench/cpu/l3/u0/leon3x0/vhdl/p0/iu/r.a.rfe2:0
/testbench/cpu/l3/u0/leon3x0/vhdl/p0/iu/r.e.alucin:0
/testbench/cpu/l3/u0/leon3x0/vhdl/p0/iu/r.a.wunf:0
compare to golden: 1
======================================
progstatus: -2
execerr: 58
latent: 1
time limit!
>>>>>>>>>>>>>>> 2899665000
======================================
