Test signal = /testbench/cpu/l3/u0/leon3x0/vhdl/p0/iu/r.a.wovf
oldval = 0
pos1: -1 pos0: 0 posU: -1
newval = 1
force in 1135581
584840000 >> iteration no: 0
1027865000 >> iteration no: 1
1470840000 >> iteration no: 2
Signal value: 0
oldval = 0
pos1: -1 pos0: 0 posU: -1
newval = 1
1716515000 >> Requesting for the AHB bus...
1717090000 >> AHB granted, starting recovery...
1736290000 >> Recovery done, continuing...
1736640000 >> Requesting for the AHB bus...
1737215000 >> AHB granted, starting recovery...
1756415000 >> Recovery done, continuing...
1756765000 >> Requesting for the AHB bus...
1757340000 >> AHB granted, starting recovery...
1776540000 >> Recovery done, continuing...
1776890000 >> Requesting for the AHB bus...
1777465000 >> AHB granted, starting recovery...
1796665000 >> Recovery done, continuing...
1797015000 >> Requesting for the AHB bus...
1797590000 >> AHB granted, starting recovery...
1816790000 >> Recovery done, continuing...
1817140000 >> Requesting for the AHB bus...
1817715000 >> AHB granted, starting recovery...
1836915000 >> Recovery done, continuing...
1837265000 >> Requesting for the AHB bus...
1837840000 >> AHB granted, starting recovery...
1857040000 >> Recovery done, continuing...
1857390000 >> Requesting for the AHB bus...
1857965000 >> AHB granted, starting recovery...
1877165000 >> Recovery done, continuing...
1877515000 >> Requesting for the AHB bus...
1878090000 >> AHB granted, starting recovery...
1897290000 >> Recovery done, continuing...
1897640000 >> Requesting for the AHB bus...
1898215000 >> AHB granted, starting recovery...
1917415000 >> Recovery done, continuing...
1917765000 >> Requesting for the AHB bus...
1918340000 >> AHB granted, starting recovery...
1937540000 >> Recovery done, continuing...
1937890000 >> Requesting for the AHB bus...
1938465000 >> AHB granted, starting recovery...
1957665000 >> Recovery done, continuing...
1958015000 >> Requesting for the AHB bus...
1958590000 >> AHB granted, starting recovery...
1977790000 >> Recovery done, continuing...
1978140000 >> Requesting for the AHB bus...
1978715000 >> AHB granted, starting recovery...
1997915000 >> Recovery done, continuing...
1998265000 >> Requesting for the AHB bus...
1998840000 >> AHB granted, starting recovery...
2018040000 >> Recovery done, continuing...
2018390000 >> Requesting for the AHB bus...
2018965000 >> AHB granted, starting recovery...
2038165000 >> Recovery done, continuing...
2038515000 >> Requesting for the AHB bus...
2039090000 >> AHB granted, starting recovery...
2058290000 >> Recovery done, continuing...
2058640000 >> Requesting for the AHB bus...
2059215000 >> AHB granted, starting recovery...
2078415000 >> Recovery done, continuing...
2078765000 >> Requesting for the AHB bus...
2079340000 >> AHB granted, starting recovery...
2098540000 >> Recovery done, continuing...
2098890000 >> Requesting for the AHB bus...
2099465000 >> AHB granted, starting recovery...
2118665000 >> Recovery done, continuing...
2119190000 >> Requesting for the AHB bus...
2119765000 >> AHB granted, starting recovery...
2138965000 >> Recovery done, continuing...
2139315000 >> Requesting for the AHB bus...
2139890000 >> AHB granted, starting recovery...
2159090000 >> Recovery done, continuing...
2159440000 >> Requesting for the AHB bus...
2160015000 >> AHB granted, starting recovery...
2179215000 >> Recovery done, continuing...
2179565000 >> Requesting for the AHB bus...
2180140000 >> AHB granted, starting recovery...
2199340000 >> Recovery done, continuing...
2199690000 >> Requesting for the AHB bus...
2200265000 >> AHB granted, starting recovery...
2219465000 >> Recovery done, continuing...
2219815000 >> Requesting for the AHB bus...
2220390000 >> AHB granted, starting recovery...
2239590000 >> Recovery done, continuing...
2239940000 >> Requesting for the AHB bus...
2240515000 >> AHB granted, starting recovery...
2259715000 >> Recovery done, continuing...
2260065000 >> Requesting for the AHB bus...
2260640000 >> AHB granted, starting recovery...
2279840000 >> Recovery done, continuing...
2280190000 >> Requesting for the AHB bus...
2280765000 >> AHB granted, starting recovery...
2299965000 >> Recovery done, continuing...
2300315000 >> Requesting for the AHB bus...
2300890000 >> AHB granted, starting recovery...
2320090000 >> Recovery done, continuing...
2320440000 >> Requesting for the AHB bus...
2321015000 >> AHB granted, starting recovery...
2340215000 >> Recovery done, continuing...
2340565000 >> Requesting for the AHB bus...
2341140000 >> AHB granted, starting recovery...
2360340000 >> Recovery done, continuing...
2360690000 >> Requesting for the AHB bus...
2361265000 >> AHB granted, starting recovery...
2380465000 >> Recovery done, continuing...
2380815000 >> Requesting for the AHB bus...
2381390000 >> AHB granted, starting recovery...
2400590000 >> Recovery done, continuing...
2400940000 >> Requesting for the AHB bus...
2401515000 >> AHB granted, starting recovery...
2420715000 >> Recovery done, continuing...
2421065000 >> Requesting for the AHB bus...
2421640000 >> AHB granted, starting recovery...
2440840000 >> Recovery done, continuing...
2441190000 >> Requesting for the AHB bus...
2441765000 >> AHB granted, starting recovery...
2460965000 >> Recovery done, continuing...
2461315000 >> Requesting for the AHB bus...
2461890000 >> AHB granted, starting recovery...
2481090000 >> Recovery done, continuing...
2481440000 >> Requesting for the AHB bus...
2482015000 >> AHB granted, starting recovery...
2501215000 >> Recovery done, continuing...
2501565000 >> Requesting for the AHB bus...
2502140000 >> AHB granted, starting recovery...
2521340000 >> Recovery done, continuing...
2521690000 >> Requesting for the AHB bus...
2522265000 >> AHB granted, starting recovery...
2541465000 >> Recovery done, continuing...
2541815000 >> Requesting for the AHB bus...
2542390000 >> AHB granted, starting recovery...
2561590000 >> Recovery done, continuing...
2561940000 >> Requesting for the AHB bus...
2562515000 >> AHB granted, starting recovery...
2581715000 >> Recovery done, continuing...
2582065000 >> Requesting for the AHB bus...
2582640000 >> AHB granted, starting recovery...
2601840000 >> Recovery done, continuing...
2602190000 >> Requesting for the AHB bus...
2602765000 >> AHB granted, starting recovery...
2621965000 >> Recovery done, continuing...
2622315000 >> Requesting for the AHB bus...
2622890000 >> AHB granted, starting recovery...
2642090000 >> Recovery done, continuing...
2642440000 >> Requesting for the AHB bus...
2643015000 >> AHB granted, starting recovery...
2662215000 >> Recovery done, continuing...
2662565000 >> Requesting for the AHB bus...
2663140000 >> AHB granted, starting recovery...
2682340000 >> Recovery done, continuing...
2682690000 >> Requesting for the AHB bus...
2683265000 >> AHB granted, starting recovery...
2702465000 >> Recovery done, continuing...
2702815000 >> Requesting for the AHB bus...
2703390000 >> AHB granted, starting recovery...
2722590000 >> Recovery done, continuing...
2722940000 >> Requesting for the AHB bus...
2723515000 >> AHB granted, starting recovery...
2742715000 >> Recovery done, continuing...
2743065000 >> Requesting for the AHB bus...
2743640000 >> AHB granted, starting recovery...
2762840000 >> Recovery done, continuing...
2763190000 >> Requesting for the AHB bus...
2763765000 >> AHB granted, starting recovery...
2782965000 >> Recovery done, continuing...
2783315000 >> Requesting for the AHB bus...
2783890000 >> AHB granted, starting recovery...
2803090000 >> Recovery done, continuing...
2803440000 >> Requesting for the AHB bus...
2804015000 >> AHB granted, starting recovery...
2823215000 >> Recovery done, continuing...
2823565000 >> Requesting for the AHB bus...
2824140000 >> AHB granted, starting recovery...
2843340000 >> Recovery done, continuing...
2843690000 >> Requesting for the AHB bus...
2844265000 >> AHB granted, starting recovery...
2863465000 >> Recovery done, continuing...
2863815000 >> Requesting for the AHB bus...
2864390000 >> AHB granted, starting recovery...
2883590000 >> Recovery done, continuing...
2883940000 >> Requesting for the AHB bus...
2884515000 >> AHB granted, starting recovery...
2899665000 >> time limit reached...
/testbench/cpu/l3/u0/leon3x0/vhdl/p0/iu/r.w.wreg:1
/testbench/cpu/l3/u0/leon3x0/vhdl/p0/iu/r.m.irqen:1
/testbench/cpu/l3/u0/leon3x0/vhdl/p0/iu/r.m.icc:1001
/testbench/cpu/l3/u0/leon3x0/vhdl/p0/iu/r.a.ticc:0
/testbench/cpu/l3/u0/leon3x0/vhdl/p0/iu/r.a.step:0
/testbench/cpu/l3/u0/leon3x0/vhdl/p0/iu/r.m.irqen2:1
/testbench/cpu/l3/u0/leon3x0/vhdl/p0/iu/r.d.pc:01000000000000000000001001000000
/testbench/cpu/l3/u0/leon3x0/vhdl/p0/iu/r.d.rexpl:{{00000000000000000000000000000000} {00} {0} 0 0 {0000000000000000000} 0 0 0 0 0 0}
/testbench/cpu/l3/u0/leon3x0/vhdl/p0/iu/r.d.mexc:0
/testbench/cpu/l3/u0/leon3x0/vhdl/p0/iu/r.a.aw:0
/testbench/cpu/l3/u0/leon3x0/vhdl/p0/iu/r.e.ctrl:{{01000000000000000000001000111100} {11000010000001111011111111111100} {00} {10000001} {000000} 0 0 1 0 0 1 1 0 0}
/testbench/cpu/l3/u0/leon3x0/vhdl/p0/iu/r.a.divstart:0
/testbench/cpu/l3/u0/leon3x0/vhdl/p0/iu/r.e.shleft:0
/testbench/cpu/l3/u0/leon3x0/vhdl/p0/iu/r.a.bp:0
/testbench/cpu/l3/u0/leon3x0/vhdl/p0/iu/r.w.twcwp:000
/testbench/cpu/l3/u0/leon3x0/vhdl/p0/iu/r.a.jmpl:0
/testbench/cpu/l3/u0/leon3x0/vhdl/p0/iu/r.m.casa:0
/testbench/cpu/l3/u0/leon3x0/vhdl/p0/iu/r.m.werr:0
/testbench/cpu/l3/u0/leon3x0/vhdl/p0/iu/r.e.su:1
/testbench/cpu/l3/u0/leon3x0/vhdl/p0/iu/r.e.et:1
/testbench/cpu/l3/u0/leon3x0/vhdl/p0/iu/r.a.ldcheck1:1
/testbench/cpu/l3/u0/leon3x0/vhdl/p0/iu/r.d.stwin:000
/testbench/cpu/l3/u0/leon3x0/vhdl/p0/iu/r.a.ldcheck2:0
/testbench/cpu/l3/u0/leon3x0/vhdl/p0/iu/r.x.intack:0
/testbench/cpu/l3/u0/leon3x0/vhdl/p0/iu/r.m.ctrl:{{01000000000000000000001000111000} {11000010001001111011111111111100} {01} {10000001} {000101} 1 0 0 0 0 0 0 0 0}
/testbench/cpu/l3/u0/leon3x0/vhdl/p0/iu/r.a.cwp:101
/testbench/cpu/l3/u0/leon3x0/vhdl/p0/iu/r.e.sari:0
/testbench/cpu/l3/u0/leon3x0/vhdl/p0/iu/r.d.paw:0
/testbench/cpu/l3/u0/leon3x0/vhdl/p0/iu/r.d.aw:0
/testbench/cpu/l3/u0/leon3x0/vhdl/p0/iu/r.d.awp:000
/testbench/cpu/l3/u0/leon3x0/vhdl/p0/iu/r.x.ctrl:{{01000000000000000000001000111000} {11000010001001111011111111111100} {00} {10000001} {000000} 0 0 0 0 0 0 1 0 0}
/testbench/cpu/l3/u0/leon3x0/vhdl/p0/iu/r.m.rexnalign:0
/testbench/cpu/l3/u0/leon3x0/vhdl/p0/iu/r.m.su:1
/testbench/cpu/l3/u0/leon3x0/vhdl/p0/iu/r.m.wcwp:0
/testbench/cpu/l3/u0/leon3x0/vhdl/p0/iu/r.d.divrdy:0
/testbench/cpu/l3/u0/leon3x0/vhdl/p0/iu/r.e.cwp:101
/testbench/cpu/l3/u0/leon3x0/vhdl/p0/iu/r.w.except:0
/testbench/cpu/l3/u0/leon3x0/vhdl/p0/iu/r.x.nerror:0
/testbench/cpu/l3/u0/leon3x0/vhdl/p0/iu/r.a.bpimiss:0
/testbench/cpu/l3/u0/leon3x0/vhdl/p0/iu/r.a.nobp:0
/testbench/cpu/l3/u0/leon3x0/vhdl/p0/iu/r.d.rexcnt:0
/testbench/cpu/l3/u0/leon3x0/vhdl/p0/iu/r.w.s:{{101} {1001} {00000000} {01000000000000000000} {00000010} {0000} 0 0 1 1 1 {00000000000000000000000000000000} {UUUUUUUUUUUUUUUUUUUUUUUUUUUUUUUU} 1 0 0 1 1 1 0 0 {000} {000} {111}}
/testbench/cpu/l3/u0/leon3x0/vhdl/p0/iu/r.d.pv:1
/testbench/cpu/l3/u0/leon3x0/vhdl/p0/iu/r.a.ldchkra:1
/testbench/cpu/l3/u0/leon3x0/vhdl/p0/iu/r.a.rfa1:10000001
/testbench/cpu/l3/u0/leon3x0/vhdl/p0/iu/r.a.rfa2:10000011
/testbench/cpu/l3/u0/leon3x0/vhdl/p0/iu/r.a.imm:00000000000000000000000000000011
/testbench/cpu/l3/u0/leon3x0/vhdl/p0/iu/r.w.wa:10000001
/testbench/cpu/l3/u0/leon3x0/vhdl/p0/iu/r.m.casaz:0
/testbench/cpu/l3/u0/leon3x0/vhdl/p0/iu/r.x.dci:{0 1 0 0 0 0 {10} {00001011}}
/testbench/cpu/l3/u0/leon3x0/vhdl/p0/iu/r.x.mac:0
/testbench/cpu/l3/u0/leon3x0/vhdl/p0/iu/r.m.divz:0
/testbench/cpu/l3/u0/leon3x0/vhdl/p0/iu/r.d.inst:{{10000000101000000110000000000011}}
/testbench/cpu/l3/u0/leon3x0/vhdl/p0/iu/r.e.rfe1:1
/testbench/cpu/l3/u0/leon3x0/vhdl/p0/iu/r.a.wovf:0
/testbench/cpu/l3/u0/leon3x0/vhdl/p0/iu/r.e.rfe2:0
/testbench/cpu/l3/u0/leon3x0/vhdl/p0/iu/r.e.op1:01000000000011111111111010011000
/testbench/cpu/l3/u0/leon3x0/vhdl/p0/iu/r.m.nalign:1
/testbench/cpu/l3/u0/leon3x0/vhdl/p0/iu/r.e.op2:11111111111111111111111111111100
/testbench/cpu/l3/u0/leon3x0/vhdl/p0/iu/r.d.rexen:0
/testbench/cpu/l3/u0/leon3x0/vhdl/p0/iu/r.a.ctrl:{{01000000000000000000001001000000} {10000000101000000110000000000011} {00} {10000000} {000000} 0 1 0 0 0 0 0 0 0}
/testbench/cpu/l3/u0/leon3x0/vhdl/p0/iu/r.x.ipend:0
/testbench/cpu/l3/u0/leon3x0/vhdl/p0/iu/r.e.ldbp1:0
/testbench/cpu/l3/u0/leon3x0/vhdl/p0/iu/r.e.aluadd:1
/testbench/cpu/l3/u0/leon3x0/vhdl/p0/iu/r.d.set:0
/testbench/cpu/l3/u0/leon3x0/vhdl/p0/iu/r.d.inull:0
/testbench/cpu/l3/u0/leon3x0/vhdl/p0/iu/r.e.ldbp2:0
/testbench/cpu/l3/u0/leon3x0/vhdl/p0/iu/r.d.cnt:00
/testbench/cpu/l3/u0/leon3x0/vhdl/p0/iu/r.a.su:1
/testbench/cpu/l3/u0/leon3x0/vhdl/p0/iu/r.a.et:1
/testbench/cpu/l3/u0/leon3x0/vhdl/p0/iu/r.e.mul:0
/testbench/cpu/l3/u0/leon3x0/vhdl/p0/iu/r.e.alusel:00
/testbench/cpu/l3/u0/leon3x0/vhdl/p0/iu/r.e.aw:U
/testbench/cpu/l3/u0/leon3x0/vhdl/p0/iu/r.e.mac:0
/testbench/cpu/l3/u0/leon3x0/vhdl/p0/iu/r.a.decill:0
/testbench/cpu/l3/u0/leon3x0/vhdl/p0/iu/r.x.icc:1001
/testbench/cpu/l3/u0/leon3x0/vhdl/p0/iu/r.x.result:01000000000011111111111010010100
/testbench/cpu/l3/u0/leon3x0/vhdl/p0/iu/r.e.bp:0
/testbench/cpu/l3/u0/leon3x0/vhdl/p0/iu/r.a.rs1:00001
/testbench/cpu/l3/u0/leon3x0/vhdl/p0/iu/r.e.jmpl:0
/testbench/cpu/l3/u0/leon3x0/vhdl/p0/iu/r.a.rsel1:001
/testbench/cpu/l3/u0/leon3x0/vhdl/p0/iu/r.x.y:00000000000000000000000000000000
/testbench/cpu/l3/u0/leon3x0/vhdl/p0/iu/r.a.rsel2:100
/testbench/cpu/l3/u0/leon3x0/vhdl/p0/iu/r.a.awp:000
/testbench/cpu/l3/u0/leon3x0/vhdl/p0/iu/r.a.paw:0
/testbench/cpu/l3/u0/leon3x0/vhdl/p0/iu/r.x.data:{{00000000000000000000000000000010}}
/testbench/cpu/l3/u0/leon3x0/vhdl/p0/iu/r.m.mul:0
/testbench/cpu/l3/u0/leon3x0/vhdl/p0/iu/r.e.rd:UUUUU
/testbench/cpu/l3/u0/leon3x0/vhdl/p0/iu/r.e.invop2:0
/testbench/cpu/l3/u0/leon3x0/vhdl/p0/iu/r.m.wawp:0
/testbench/cpu/l3/u0/leon3x0/vhdl/p0/iu/r.d.cwpmax:111
/testbench/cpu/l3/u0/leon3x0/vhdl/p0/iu/r.f.branch:0
/testbench/cpu/l3/u0/leon3x0/vhdl/p0/iu/r.d.pcheld:1
/testbench/cpu/l3/u0/leon3x0/vhdl/p0/iu/r.m.dci:{0 0 0 0 0 0 {10} {00001011}}
/testbench/cpu/l3/u0/leon3x0/vhdl/p0/iu/r.e.paw:U
/testbench/cpu/l3/u0/leon3x0/vhdl/p0/iu/r.e.awp:UUU
/testbench/cpu/l3/u0/leon3x0/vhdl/p0/iu/r.e.shcnt:11100
/testbench/cpu/l3/u0/leon3x0/vhdl/p0/iu/r.w.result:00000000000000000000000000000011
/testbench/cpu/l3/u0/leon3x0/vhdl/p0/iu/r.m.mac:0
/testbench/cpu/l3/u0/leon3x0/vhdl/p0/iu/r.m.y:00000000000000000000000000000000
/testbench/cpu/l3/u0/leon3x0/vhdl/p0/iu/r.d.cwp:101
/testbench/cpu/l3/u0/leon3x0/vhdl/p0/iu/r.x.laddr:00
/testbench/cpu/l3/u0/leon3x0/vhdl/p0/iu/r.e.mulstep:0
/testbench/cpu/l3/u0/leon3x0/vhdl/p0/iu/r.e.ymsb:0
/testbench/cpu/l3/u0/leon3x0/vhdl/p0/iu/r.d.rexbuf:00000000000000000000000000000000
/testbench/cpu/l3/u0/leon3x0/vhdl/p0/iu/r.x.npc:100
/testbench/cpu/l3/u0/leon3x0/vhdl/p0/iu/r.f.pc:01000000000000000000001001000100
/testbench/cpu/l3/u0/leon3x0/vhdl/p0/iu/r.d.annul:0
/testbench/cpu/l3/u0/leon3x0/vhdl/p0/iu/r.x.rstate:run
/testbench/cpu/l3/u0/leon3x0/vhdl/p0/iu/r.x.set:0
/testbench/cpu/l3/u0/leon3x0/vhdl/p0/iu/r.m.result:00000000000000000000000000000011
/testbench/cpu/l3/u0/leon3x0/vhdl/p0/iu/r.e.icc:UUUU
/testbench/cpu/l3/u0/leon3x0/vhdl/p0/iu/r.a.getpc:0
/testbench/cpu/l3/u0/leon3x0/vhdl/p0/iu/r.a.ldchkex:1
/testbench/cpu/l3/u0/leon3x0/vhdl/p0/iu/r.x.mexc:0
/testbench/cpu/l3/u0/leon3x0/vhdl/p0/iu/r.a.mulstart:0
/testbench/cpu/l3/u0/leon3x0/vhdl/p0/iu/r.d.rexpos:10
/testbench/cpu/l3/u0/leon3x0/vhdl/p0/iu/r.x.annul_all:0
/testbench/cpu/l3/u0/leon3x0/vhdl/p0/iu/r.e.aluop:000
/testbench/cpu/l3/u0/leon3x0/vhdl/p0/iu/r.x.debug:0
/testbench/cpu/l3/u0/leon3x0/vhdl/p0/iu/r.a.rfe1:0
/testbench/cpu/l3/u0/leon3x0/vhdl/p0/iu/r.d.step:0
/testbench/cpu/l3/u0/leon3x0/vhdl/p0/iu/r.a.rfe2:0
/testbench/cpu/l3/u0/leon3x0/vhdl/p0/iu/r.e.alucin:0
/testbench/cpu/l3/u0/leon3x0/vhdl/p0/iu/r.a.wunf:0
compare to golden: 1
======================================
progstatus: -2
execerr: 59
latent: 1
time limit!
>>>>>>>>>>>>>>> 2899665000
======================================
