Test signal = /testbench/cpu/l3/u0/leon3x0/vhdl/p0/iu/r.a.bp
oldval = 0
pos1: -1 pos0: 0 posU: -1
newval = 1
force in 573631
584840000 >> iteration no: 0
1027865000 >> iteration no: 1
Signal value: 0
oldval = 0
pos1: -1 pos0: 0 posU: -1
newval = 1
1153965000 >> Requesting for the AHB bus...
1154215000 >> Requesting for the AHB bus...
1154765000 >> AHB granted, starting recovery...
1173965000 >> Recovery done, continuing...
1174665000 >> Requesting for the AHB bus...
1175440000 >> AHB granted, starting recovery...
1194640000 >> Recovery done, continuing...
1195340000 >> Requesting for the AHB bus...
1196115000 >> AHB granted, starting recovery...
1215315000 >> Recovery done, continuing...
1216015000 >> Requesting for the AHB bus...
1216790000 >> AHB granted, starting recovery...
1235990000 >> Recovery done, continuing...
1236690000 >> Requesting for the AHB bus...
1237465000 >> AHB granted, starting recovery...
1256665000 >> Recovery done, continuing...
1257365000 >> Requesting for the AHB bus...
1258140000 >> AHB granted, starting recovery...
1277340000 >> Recovery done, continuing...
1278040000 >> Requesting for the AHB bus...
1278815000 >> AHB granted, starting recovery...
1298015000 >> Recovery done, continuing...
1298715000 >> Requesting for the AHB bus...
1299490000 >> AHB granted, starting recovery...
1318690000 >> Recovery done, continuing...
1319540000 >> Requesting for the AHB bus...
1320315000 >> AHB granted, starting recovery...
1339515000 >> Recovery done, continuing...
1340215000 >> Requesting for the AHB bus...
1340990000 >> AHB granted, starting recovery...
1360190000 >> Recovery done, continuing...
1360890000 >> Requesting for the AHB bus...
1361665000 >> AHB granted, starting recovery...
1380865000 >> Recovery done, continuing...
1381565000 >> Requesting for the AHB bus...
1382340000 >> AHB granted, starting recovery...
1401540000 >> Recovery done, continuing...
1402415000 >> Requesting for the AHB bus...
1403190000 >> AHB granted, starting recovery...
1422390000 >> Recovery done, continuing...
1423090000 >> Requesting for the AHB bus...
1423865000 >> AHB granted, starting recovery...
1443065000 >> Recovery done, continuing...
1443765000 >> Requesting for the AHB bus...
1444540000 >> AHB granted, starting recovery...
1463740000 >> Recovery done, continuing...
1464440000 >> Requesting for the AHB bus...
1465215000 >> AHB granted, starting recovery...
1484415000 >> Recovery done, continuing...
1485115000 >> Requesting for the AHB bus...
1485890000 >> AHB granted, starting recovery...
1505090000 >> Recovery done, continuing...
1505790000 >> Requesting for the AHB bus...
1506565000 >> AHB granted, starting recovery...
1525765000 >> Recovery done, continuing...
1526465000 >> Requesting for the AHB bus...
1527240000 >> AHB granted, starting recovery...
1546440000 >> Recovery done, continuing...
1547140000 >> Requesting for the AHB bus...
1547915000 >> AHB granted, starting recovery...
1567115000 >> Recovery done, continuing...
1567815000 >> Requesting for the AHB bus...
1568590000 >> AHB granted, starting recovery...
1587790000 >> Recovery done, continuing...
1588490000 >> Requesting for the AHB bus...
1589265000 >> AHB granted, starting recovery...
1608465000 >> Recovery done, continuing...
1609165000 >> Requesting for the AHB bus...
1609940000 >> AHB granted, starting recovery...
1629140000 >> Recovery done, continuing...
1629840000 >> Requesting for the AHB bus...
1630615000 >> AHB granted, starting recovery...
1649815000 >> Recovery done, continuing...
1650515000 >> Requesting for the AHB bus...
1651290000 >> AHB granted, starting recovery...
1670490000 >> Recovery done, continuing...
1671365000 >> Requesting for the AHB bus...
1672140000 >> AHB granted, starting recovery...
1691340000 >> Recovery done, continuing...
1692040000 >> Requesting for the AHB bus...
1692815000 >> AHB granted, starting recovery...
1712015000 >> Recovery done, continuing...
1712715000 >> Requesting for the AHB bus...
1713490000 >> AHB granted, starting recovery...
1732690000 >> Recovery done, continuing...
1733390000 >> Requesting for the AHB bus...
1734165000 >> AHB granted, starting recovery...
1753365000 >> Recovery done, continuing...
1754065000 >> Requesting for the AHB bus...
1754990000 >> AHB granted, starting recovery...
1774190000 >> Recovery done, continuing...
1774890000 >> Requesting for the AHB bus...
1775665000 >> AHB granted, starting recovery...
1794865000 >> Recovery done, continuing...
1795565000 >> Requesting for the AHB bus...
1796340000 >> AHB granted, starting recovery...
1815540000 >> Recovery done, continuing...
1816240000 >> Requesting for the AHB bus...
1817015000 >> AHB granted, starting recovery...
1836215000 >> Recovery done, continuing...
1836915000 >> Requesting for the AHB bus...
1837690000 >> AHB granted, starting recovery...
1856890000 >> Recovery done, continuing...
1857590000 >> Requesting for the AHB bus...
1858365000 >> AHB granted, starting recovery...
1877565000 >> Recovery done, continuing...
1878265000 >> Requesting for the AHB bus...
1879040000 >> AHB granted, starting recovery...
1898240000 >> Recovery done, continuing...
1898940000 >> Requesting for the AHB bus...
1899715000 >> AHB granted, starting recovery...
1918915000 >> Recovery done, continuing...
1919615000 >> Requesting for the AHB bus...
1920390000 >> AHB granted, starting recovery...
1939590000 >> Recovery done, continuing...
1940340000 >> Requesting for the AHB bus...
1941115000 >> AHB granted, starting recovery...
1960315000 >> Recovery done, continuing...
1961015000 >> Requesting for the AHB bus...
1961790000 >> AHB granted, starting recovery...
1980990000 >> Recovery done, continuing...
1981690000 >> Requesting for the AHB bus...
1982465000 >> AHB granted, starting recovery...
2001665000 >> Recovery done, continuing...
2002365000 >> Requesting for the AHB bus...
2003140000 >> AHB granted, starting recovery...
2022340000 >> Recovery done, continuing...
2023215000 >> Requesting for the AHB bus...
2023990000 >> AHB granted, starting recovery...
2043190000 >> Recovery done, continuing...
2043890000 >> Requesting for the AHB bus...
2044665000 >> AHB granted, starting recovery...
2063865000 >> Recovery done, continuing...
2064565000 >> Requesting for the AHB bus...
2065340000 >> AHB granted, starting recovery...
2084540000 >> Recovery done, continuing...
2085240000 >> Requesting for the AHB bus...
2086015000 >> AHB granted, starting recovery...
2105215000 >> Recovery done, continuing...
2105915000 >> Requesting for the AHB bus...
2106690000 >> AHB granted, starting recovery...
2125890000 >> Recovery done, continuing...
2126590000 >> Requesting for the AHB bus...
2127365000 >> AHB granted, starting recovery...
2146565000 >> Recovery done, continuing...
2147265000 >> Requesting for the AHB bus...
2148040000 >> AHB granted, starting recovery...
2167240000 >> Recovery done, continuing...
2167940000 >> Requesting for the AHB bus...
2168715000 >> AHB granted, starting recovery...
2187915000 >> Recovery done, continuing...
2188615000 >> Requesting for the AHB bus...
2189390000 >> AHB granted, starting recovery...
2208590000 >> Recovery done, continuing...
2209290000 >> Requesting for the AHB bus...
2210065000 >> AHB granted, starting recovery...
2229265000 >> Recovery done, continuing...
2229965000 >> Requesting for the AHB bus...
2230740000 >> AHB granted, starting recovery...
2249940000 >> Recovery done, continuing...
2250640000 >> Requesting for the AHB bus...
2251415000 >> AHB granted, starting recovery...
2270615000 >> Recovery done, continuing...
2271315000 >> Requesting for the AHB bus...
2272090000 >> AHB granted, starting recovery...
2291290000 >> Recovery done, continuing...
2292165000 >> Requesting for the AHB bus...
2292940000 >> AHB granted, starting recovery...
2312140000 >> Recovery done, continuing...
2312840000 >> Requesting for the AHB bus...
2313615000 >> AHB granted, starting recovery...
2332815000 >> Recovery done, continuing...
2333515000 >> Requesting for the AHB bus...
2334290000 >> AHB granted, starting recovery...
2353490000 >> Recovery done, continuing...
2354190000 >> Requesting for the AHB bus...
2354965000 >> AHB granted, starting recovery...
2374165000 >> Recovery done, continuing...
2374865000 >> Requesting for the AHB bus...
2375790000 >> AHB granted, starting recovery...
2394990000 >> Recovery done, continuing...
2395690000 >> Requesting for the AHB bus...
2396465000 >> AHB granted, starting recovery...
2415665000 >> Recovery done, continuing...
2416365000 >> Requesting for the AHB bus...
2417140000 >> AHB granted, starting recovery...
2436340000 >> Recovery done, continuing...
2437040000 >> Requesting for the AHB bus...
2437815000 >> AHB granted, starting recovery...
2457015000 >> Recovery done, continuing...
2457715000 >> Requesting for the AHB bus...
2458490000 >> AHB granted, starting recovery...
2477690000 >> Recovery done, continuing...
2478390000 >> Requesting for the AHB bus...
2479165000 >> AHB granted, starting recovery...
2498365000 >> Recovery done, continuing...
2499065000 >> Requesting for the AHB bus...
2499840000 >> AHB granted, starting recovery...
2519040000 >> Recovery done, continuing...
2519740000 >> Requesting for the AHB bus...
2520515000 >> AHB granted, starting recovery...
2539715000 >> Recovery done, continuing...
2540415000 >> Requesting for the AHB bus...
2541190000 >> AHB granted, starting recovery...
2560390000 >> Recovery done, continuing...
2561140000 >> Requesting for the AHB bus...
2561915000 >> AHB granted, starting recovery...
2581115000 >> Recovery done, continuing...
2581815000 >> Requesting for the AHB bus...
2582590000 >> AHB granted, starting recovery...
2601790000 >> Recovery done, continuing...
2602490000 >> Requesting for the AHB bus...
2603265000 >> AHB granted, starting recovery...
2622465000 >> Recovery done, continuing...
2623165000 >> Requesting for the AHB bus...
2623940000 >> AHB granted, starting recovery...
2643140000 >> Recovery done, continuing...
2644015000 >> Requesting for the AHB bus...
2644790000 >> AHB granted, starting recovery...
2663990000 >> Recovery done, continuing...
2664690000 >> Requesting for the AHB bus...
2665465000 >> AHB granted, starting recovery...
2684665000 >> Recovery done, continuing...
2685365000 >> Requesting for the AHB bus...
2686140000 >> AHB granted, starting recovery...
2705340000 >> Recovery done, continuing...
2706040000 >> Requesting for the AHB bus...
2706815000 >> AHB granted, starting recovery...
2726015000 >> Recovery done, continuing...
2726715000 >> Requesting for the AHB bus...
2727490000 >> AHB granted, starting recovery...
2746690000 >> Recovery done, continuing...
2747390000 >> Requesting for the AHB bus...
2748165000 >> AHB granted, starting recovery...
2767365000 >> Recovery done, continuing...
2768065000 >> Requesting for the AHB bus...
2768840000 >> AHB granted, starting recovery...
2788040000 >> Recovery done, continuing...
2788740000 >> Requesting for the AHB bus...
2789515000 >> AHB granted, starting recovery...
2808715000 >> Recovery done, continuing...
2809415000 >> Requesting for the AHB bus...
2810190000 >> AHB granted, starting recovery...
2829390000 >> Recovery done, continuing...
2830090000 >> Requesting for the AHB bus...
2830865000 >> AHB granted, starting recovery...
2850065000 >> Recovery done, continuing...
2850765000 >> Requesting for the AHB bus...
2851540000 >> AHB granted, starting recovery...
2870740000 >> Recovery done, continuing...
2871440000 >> Requesting for the AHB bus...
2872215000 >> AHB granted, starting recovery...
2891415000 >> Recovery done, continuing...
2892115000 >> Requesting for the AHB bus...
2892890000 >> AHB granted, starting recovery...
2899665000 >> time limit reached...
/testbench/cpu/l3/u0/leon3x0/vhdl/p0/iu/r.w.wreg:1
/testbench/cpu/l3/u0/leon3x0/vhdl/p0/iu/r.m.irqen:1
/testbench/cpu/l3/u0/leon3x0/vhdl/p0/iu/r.m.icc:1001
/testbench/cpu/l3/u0/leon3x0/vhdl/p0/iu/r.a.ticc:0
/testbench/cpu/l3/u0/leon3x0/vhdl/p0/iu/r.a.step:0
/testbench/cpu/l3/u0/leon3x0/vhdl/p0/iu/r.m.irqen2:1
/testbench/cpu/l3/u0/leon3x0/vhdl/p0/iu/r.d.pc:01000000000000000000001001000000
/testbench/cpu/l3/u0/leon3x0/vhdl/p0/iu/r.d.rexpl:{{00000000000000000000000000000000} {00} {0} 0 0 {0000000000000000000} 0 0 0 0 0 0}
/testbench/cpu/l3/u0/leon3x0/vhdl/p0/iu/r.d.mexc:0
/testbench/cpu/l3/u0/leon3x0/vhdl/p0/iu/r.a.aw:0
/testbench/cpu/l3/u0/leon3x0/vhdl/p0/iu/r.e.ctrl:{{01000000000000000000001000111100} {11000010000001111011111111111100} {00} {10000001} {000000} 0 0 1 0 0 1 1 0 0}
/testbench/cpu/l3/u0/leon3x0/vhdl/p0/iu/r.a.divstart:0
/testbench/cpu/l3/u0/leon3x0/vhdl/p0/iu/r.e.shleft:0
/testbench/cpu/l3/u0/leon3x0/vhdl/p0/iu/r.a.bp:0
/testbench/cpu/l3/u0/leon3x0/vhdl/p0/iu/r.w.twcwp:000
/testbench/cpu/l3/u0/leon3x0/vhdl/p0/iu/r.a.jmpl:0
/testbench/cpu/l3/u0/leon3x0/vhdl/p0/iu/r.m.casa:0
/testbench/cpu/l3/u0/leon3x0/vhdl/p0/iu/r.m.werr:0
/testbench/cpu/l3/u0/leon3x0/vhdl/p0/iu/r.e.su:1
/testbench/cpu/l3/u0/leon3x0/vhdl/p0/iu/r.e.et:1
/testbench/cpu/l3/u0/leon3x0/vhdl/p0/iu/r.a.ldcheck1:1
/testbench/cpu/l3/u0/leon3x0/vhdl/p0/iu/r.d.stwin:000
/testbench/cpu/l3/u0/leon3x0/vhdl/p0/iu/r.a.ldcheck2:0
/testbench/cpu/l3/u0/leon3x0/vhdl/p0/iu/r.x.intack:0
/testbench/cpu/l3/u0/leon3x0/vhdl/p0/iu/r.m.ctrl:{{01000000000000000000001000111000} {11000010001001111011111111111100} {01} {10000001} {000000} 0 0 0 0 0 0 0 0 0}
/testbench/cpu/l3/u0/leon3x0/vhdl/p0/iu/r.a.cwp:101
/testbench/cpu/l3/u0/leon3x0/vhdl/p0/iu/r.e.sari:0
/testbench/cpu/l3/u0/leon3x0/vhdl/p0/iu/r.d.paw:0
/testbench/cpu/l3/u0/leon3x0/vhdl/p0/iu/r.d.aw:0
/testbench/cpu/l3/u0/leon3x0/vhdl/p0/iu/r.d.awp:000
/testbench/cpu/l3/u0/leon3x0/vhdl/p0/iu/r.x.ctrl:{{01000000000000000000001000111000} {11000010001001111011111111111100} {00} {10000001} {000000} 0 0 0 0 0 0 1 0 0}
/testbench/cpu/l3/u0/leon3x0/vhdl/p0/iu/r.m.rexnalign:0
/testbench/cpu/l3/u0/leon3x0/vhdl/p0/iu/r.m.su:1
/testbench/cpu/l3/u0/leon3x0/vhdl/p0/iu/r.m.wcwp:0
/testbench/cpu/l3/u0/leon3x0/vhdl/p0/iu/r.d.divrdy:0
/testbench/cpu/l3/u0/leon3x0/vhdl/p0/iu/r.e.cwp:101
/testbench/cpu/l3/u0/leon3x0/vhdl/p0/iu/r.w.except:0
/testbench/cpu/l3/u0/leon3x0/vhdl/p0/iu/r.x.nerror:0
/testbench/cpu/l3/u0/leon3x0/vhdl/p0/iu/r.a.bpimiss:0
/testbench/cpu/l3/u0/leon3x0/vhdl/p0/iu/r.a.nobp:0
/testbench/cpu/l3/u0/leon3x0/vhdl/p0/iu/r.d.rexcnt:0
/testbench/cpu/l3/u0/leon3x0/vhdl/p0/iu/r.w.s:{{101} {1001} {00000000} {01000000000000000000} {00000010} {0000} 0 0 1 1 1 {00000000000000000000000000000000} {UUUUUUUUUUUUUUUUUUUUUUUUUUUUUUUU} 1 0 0 1 1 1 0 0 {000} {000} {111}}
/testbench/cpu/l3/u0/leon3x0/vhdl/p0/iu/r.d.pv:1
/testbench/cpu/l3/u0/leon3x0/vhdl/p0/iu/r.a.ldchkra:1
/testbench/cpu/l3/u0/leon3x0/vhdl/p0/iu/r.a.rfa1:10000001
/testbench/cpu/l3/u0/leon3x0/vhdl/p0/iu/r.a.rfa2:10000011
/testbench/cpu/l3/u0/leon3x0/vhdl/p0/iu/r.a.imm:00000000000000000000000000000011
/testbench/cpu/l3/u0/leon3x0/vhdl/p0/iu/r.w.wa:10000001
/testbench/cpu/l3/u0/leon3x0/vhdl/p0/iu/r.m.casaz:0
/testbench/cpu/l3/u0/leon3x0/vhdl/p0/iu/r.x.dci:{0 1 0 0 0 0 {10} {00001011}}
/testbench/cpu/l3/u0/leon3x0/vhdl/p0/iu/r.x.mac:0
/testbench/cpu/l3/u0/leon3x0/vhdl/p0/iu/r.m.divz:0
/testbench/cpu/l3/u0/leon3x0/vhdl/p0/iu/r.d.inst:{{10000000101000000110000000000011}}
/testbench/cpu/l3/u0/leon3x0/vhdl/p0/iu/r.e.rfe1:1
/testbench/cpu/l3/u0/leon3x0/vhdl/p0/iu/r.a.wovf:0
/testbench/cpu/l3/u0/leon3x0/vhdl/p0/iu/r.e.rfe2:0
/testbench/cpu/l3/u0/leon3x0/vhdl/p0/iu/r.e.op1:01000000000011111111111010011000
/testbench/cpu/l3/u0/leon3x0/vhdl/p0/iu/r.m.nalign:1
/testbench/cpu/l3/u0/leon3x0/vhdl/p0/iu/r.e.op2:11111111111111111111111111111100
/testbench/cpu/l3/u0/leon3x0/vhdl/p0/iu/r.d.rexen:0
/testbench/cpu/l3/u0/leon3x0/vhdl/p0/iu/r.a.ctrl:{{01000000000000000000001001000000} {10000000101000000110000000000011} {00} {10000000} {000000} 0 1 0 0 0 0 0 0 0}
/testbench/cpu/l3/u0/leon3x0/vhdl/p0/iu/r.x.ipend:0
/testbench/cpu/l3/u0/leon3x0/vhdl/p0/iu/r.e.ldbp1:0
/testbench/cpu/l3/u0/leon3x0/vhdl/p0/iu/r.e.aluadd:1
/testbench/cpu/l3/u0/leon3x0/vhdl/p0/iu/r.d.set:0
/testbench/cpu/l3/u0/leon3x0/vhdl/p0/iu/r.d.inull:0
/testbench/cpu/l3/u0/leon3x0/vhdl/p0/iu/r.e.ldbp2:0
/testbench/cpu/l3/u0/leon3x0/vhdl/p0/iu/r.d.cnt:00
/testbench/cpu/l3/u0/leon3x0/vhdl/p0/iu/r.a.su:1
/testbench/cpu/l3/u0/leon3x0/vhdl/p0/iu/r.a.et:1
/testbench/cpu/l3/u0/leon3x0/vhdl/p0/iu/r.e.mul:0
/testbench/cpu/l3/u0/leon3x0/vhdl/p0/iu/r.e.alusel:00
/testbench/cpu/l3/u0/leon3x0/vhdl/p0/iu/r.e.aw:U
/testbench/cpu/l3/u0/leon3x0/vhdl/p0/iu/r.e.mac:0
/testbench/cpu/l3/u0/leon3x0/vhdl/p0/iu/r.a.decill:0
/testbench/cpu/l3/u0/leon3x0/vhdl/p0/iu/r.x.icc:1001
/testbench/cpu/l3/u0/leon3x0/vhdl/p0/iu/r.x.result:01000000000011111111111010010100
/testbench/cpu/l3/u0/leon3x0/vhdl/p0/iu/r.e.bp:0
/testbench/cpu/l3/u0/leon3x0/vhdl/p0/iu/r.a.rs1:00001
/testbench/cpu/l3/u0/leon3x0/vhdl/p0/iu/r.e.jmpl:0
/testbench/cpu/l3/u0/leon3x0/vhdl/p0/iu/r.a.rsel1:001
/testbench/cpu/l3/u0/leon3x0/vhdl/p0/iu/r.x.y:00000000000000000000000000000000
/testbench/cpu/l3/u0/leon3x0/vhdl/p0/iu/r.a.rsel2:100
/testbench/cpu/l3/u0/leon3x0/vhdl/p0/iu/r.a.awp:000
/testbench/cpu/l3/u0/leon3x0/vhdl/p0/iu/r.a.paw:0
/testbench/cpu/l3/u0/leon3x0/vhdl/p0/iu/r.x.data:{{00000000000000000000000000000000}}
/testbench/cpu/l3/u0/leon3x0/vhdl/p0/iu/r.m.mul:0
/testbench/cpu/l3/u0/leon3x0/vhdl/p0/iu/r.e.rd:UUUUU
/testbench/cpu/l3/u0/leon3x0/vhdl/p0/iu/r.e.invop2:0
/testbench/cpu/l3/u0/leon3x0/vhdl/p0/iu/r.m.wawp:0
/testbench/cpu/l3/u0/leon3x0/vhdl/p0/iu/r.d.cwpmax:111
/testbench/cpu/l3/u0/leon3x0/vhdl/p0/iu/r.f.branch:0
/testbench/cpu/l3/u0/leon3x0/vhdl/p0/iu/r.d.pcheld:1
/testbench/cpu/l3/u0/leon3x0/vhdl/p0/iu/r.m.dci:{0 0 0 1 0 0 {10} {00001011}}
/testbench/cpu/l3/u0/leon3x0/vhdl/p0/iu/r.e.paw:U
/testbench/cpu/l3/u0/leon3x0/vhdl/p0/iu/r.e.awp:UUU
/testbench/cpu/l3/u0/leon3x0/vhdl/p0/iu/r.e.shcnt:11100
/testbench/cpu/l3/u0/leon3x0/vhdl/p0/iu/r.w.result:00000000000000000000000000000001
/testbench/cpu/l3/u0/leon3x0/vhdl/p0/iu/r.m.mac:0
/testbench/cpu/l3/u0/leon3x0/vhdl/p0/iu/r.m.y:00000000000000000000000000000000
/testbench/cpu/l3/u0/leon3x0/vhdl/p0/iu/r.d.cwp:101
/testbench/cpu/l3/u0/leon3x0/vhdl/p0/iu/r.x.laddr:00
/testbench/cpu/l3/u0/leon3x0/vhdl/p0/iu/r.e.mulstep:0
/testbench/cpu/l3/u0/leon3x0/vhdl/p0/iu/r.e.ymsb:0
/testbench/cpu/l3/u0/leon3x0/vhdl/p0/iu/r.d.rexbuf:00000000000000000000000000000000
/testbench/cpu/l3/u0/leon3x0/vhdl/p0/iu/r.x.npc:100
/testbench/cpu/l3/u0/leon3x0/vhdl/p0/iu/r.f.pc:01000000000000000000001001000100
/testbench/cpu/l3/u0/leon3x0/vhdl/p0/iu/r.d.annul:0
/testbench/cpu/l3/u0/leon3x0/vhdl/p0/iu/r.x.rstate:run
/testbench/cpu/l3/u0/leon3x0/vhdl/p0/iu/r.x.set:0
/testbench/cpu/l3/u0/leon3x0/vhdl/p0/iu/r.m.result:00000000000000000000000000000001
/testbench/cpu/l3/u0/leon3x0/vhdl/p0/iu/r.e.icc:UUUU
/testbench/cpu/l3/u0/leon3x0/vhdl/p0/iu/r.a.getpc:0
/testbench/cpu/l3/u0/leon3x0/vhdl/p0/iu/r.a.ldchkex:1
/testbench/cpu/l3/u0/leon3x0/vhdl/p0/iu/r.x.mexc:0
/testbench/cpu/l3/u0/leon3x0/vhdl/p0/iu/r.a.mulstart:0
/testbench/cpu/l3/u0/leon3x0/vhdl/p0/iu/r.d.rexpos:10
/testbench/cpu/l3/u0/leon3x0/vhdl/p0/iu/r.x.annul_all:0
/testbench/cpu/l3/u0/leon3x0/vhdl/p0/iu/r.e.aluop:000
/testbench/cpu/l3/u0/leon3x0/vhdl/p0/iu/r.x.debug:0
/testbench/cpu/l3/u0/leon3x0/vhdl/p0/iu/r.a.rfe1:0
/testbench/cpu/l3/u0/leon3x0/vhdl/p0/iu/r.d.step:0
/testbench/cpu/l3/u0/leon3x0/vhdl/p0/iu/r.a.rfe2:0
/testbench/cpu/l3/u0/leon3x0/vhdl/p0/iu/r.e.alucin:0
/testbench/cpu/l3/u0/leon3x0/vhdl/p0/iu/r.a.wunf:0
compare to golden: 1
======================================
progstatus: -2
execerr: 85
latent: 1
time limit!
>>>>>>>>>>>>>>> 2899665000
======================================
