Test signal = /testbench/cpu/l3/u0/leon3x0/vhdl/p0/iu/r.d.mexc
oldval = 0
pos1: -1 pos0: 0 posU: -1
newval = 1
force in 46525
584840000 >> iteration no: 0
Signal value: 0
oldval = 0
pos1: -1 pos0: 0 posU: -1
newval = 1
627415000 >> Requesting for the AHB bus...
628190000 >> AHB granted, starting recovery...
647390000 >> Recovery done, continuing...
648090000 >> Requesting for the AHB bus...
648865000 >> AHB granted, starting recovery...
668065000 >> Recovery done, continuing...
668765000 >> Requesting for the AHB bus...
669540000 >> AHB granted, starting recovery...
688740000 >> Recovery done, continuing...
689440000 >> Requesting for the AHB bus...
690215000 >> AHB granted, starting recovery...
709415000 >> Recovery done, continuing...
710115000 >> Requesting for the AHB bus...
710890000 >> AHB granted, starting recovery...
730090000 >> Recovery done, continuing...
730790000 >> Requesting for the AHB bus...
731565000 >> AHB granted, starting recovery...
750765000 >> Recovery done, continuing...
751465000 >> Requesting for the AHB bus...
752240000 >> AHB granted, starting recovery...
771440000 >> Recovery done, continuing...
772140000 >> Requesting for the AHB bus...
772915000 >> AHB granted, starting recovery...
792115000 >> Recovery done, continuing...
792815000 >> Requesting for the AHB bus...
793590000 >> AHB granted, starting recovery...
812790000 >> Recovery done, continuing...
813665000 >> Requesting for the AHB bus...
814440000 >> AHB granted, starting recovery...
833640000 >> Recovery done, continuing...
834340000 >> Requesting for the AHB bus...
835115000 >> AHB granted, starting recovery...
854315000 >> Recovery done, continuing...
855015000 >> Requesting for the AHB bus...
855790000 >> AHB granted, starting recovery...
874990000 >> Recovery done, continuing...
875690000 >> Requesting for the AHB bus...
876465000 >> AHB granted, starting recovery...
895665000 >> Recovery done, continuing...
896365000 >> Requesting for the AHB bus...
897315000 >> AHB granted, starting recovery...
916515000 >> Recovery done, continuing...
917215000 >> Requesting for the AHB bus...
917990000 >> AHB granted, starting recovery...
937190000 >> Recovery done, continuing...
937890000 >> Requesting for the AHB bus...
938665000 >> AHB granted, starting recovery...
957865000 >> Recovery done, continuing...
958565000 >> Requesting for the AHB bus...
959340000 >> AHB granted, starting recovery...
978540000 >> Recovery done, continuing...
979240000 >> Requesting for the AHB bus...
980015000 >> AHB granted, starting recovery...
999215000 >> Recovery done, continuing...
999915000 >> Requesting for the AHB bus...
1000690000 >> AHB granted, starting recovery...
1019890000 >> Recovery done, continuing...
1020590000 >> Requesting for the AHB bus...
1021365000 >> AHB granted, starting recovery...
1040565000 >> Recovery done, continuing...
1041265000 >> Requesting for the AHB bus...
1042040000 >> AHB granted, starting recovery...
1061240000 >> Recovery done, continuing...
1061940000 >> Requesting for the AHB bus...
1062715000 >> AHB granted, starting recovery...
1081915000 >> Recovery done, continuing...
1082740000 >> Requesting for the AHB bus...
1083515000 >> AHB granted, starting recovery...
1102715000 >> Recovery done, continuing...
1103415000 >> Requesting for the AHB bus...
1104190000 >> AHB granted, starting recovery...
1123390000 >> Recovery done, continuing...
1124090000 >> Requesting for the AHB bus...
1124865000 >> AHB granted, starting recovery...
1144065000 >> Recovery done, continuing...
1144765000 >> Requesting for the AHB bus...
1145540000 >> AHB granted, starting recovery...
1164740000 >> Recovery done, continuing...
1165615000 >> Requesting for the AHB bus...
1166390000 >> AHB granted, starting recovery...
1185590000 >> Recovery done, continuing...
1186290000 >> Requesting for the AHB bus...
1187065000 >> AHB granted, starting recovery...
1206265000 >> Recovery done, continuing...
1206965000 >> Requesting for the AHB bus...
1207740000 >> AHB granted, starting recovery...
1226940000 >> Recovery done, continuing...
1227640000 >> Requesting for the AHB bus...
1228415000 >> AHB granted, starting recovery...
1247615000 >> Recovery done, continuing...
1248315000 >> Requesting for the AHB bus...
1249090000 >> AHB granted, starting recovery...
1268290000 >> Recovery done, continuing...
1268990000 >> Requesting for the AHB bus...
1269765000 >> AHB granted, starting recovery...
1288965000 >> Recovery done, continuing...
1289665000 >> Requesting for the AHB bus...
1290440000 >> AHB granted, starting recovery...
1309640000 >> Recovery done, continuing...
1310340000 >> Requesting for the AHB bus...
1311115000 >> AHB granted, starting recovery...
1330315000 >> Recovery done, continuing...
1331015000 >> Requesting for the AHB bus...
1331790000 >> AHB granted, starting recovery...
1350990000 >> Recovery done, continuing...
1351690000 >> Requesting for the AHB bus...
1352465000 >> AHB granted, starting recovery...
1371665000 >> Recovery done, continuing...
1372365000 >> Requesting for the AHB bus...
1373140000 >> AHB granted, starting recovery...
1392340000 >> Recovery done, continuing...
1393040000 >> Requesting for the AHB bus...
1393815000 >> AHB granted, starting recovery...
1413015000 >> Recovery done, continuing...
1413715000 >> Requesting for the AHB bus...
1414490000 >> AHB granted, starting recovery...
1433690000 >> Recovery done, continuing...
1434565000 >> Requesting for the AHB bus...
1435340000 >> AHB granted, starting recovery...
1454540000 >> Recovery done, continuing...
1455240000 >> Requesting for the AHB bus...
1456015000 >> AHB granted, starting recovery...
1475215000 >> Recovery done, continuing...
1475915000 >> Requesting for the AHB bus...
1476690000 >> AHB granted, starting recovery...
1495890000 >> Recovery done, continuing...
1496590000 >> Requesting for the AHB bus...
1497365000 >> AHB granted, starting recovery...
1516565000 >> Recovery done, continuing...
1517265000 >> Requesting for the AHB bus...
1518190000 >> AHB granted, starting recovery...
1537390000 >> Recovery done, continuing...
1538090000 >> Requesting for the AHB bus...
1538865000 >> AHB granted, starting recovery...
1558065000 >> Recovery done, continuing...
1558765000 >> Requesting for the AHB bus...
1559540000 >> AHB granted, starting recovery...
1578740000 >> Recovery done, continuing...
1579440000 >> Requesting for the AHB bus...
1580215000 >> AHB granted, starting recovery...
1599415000 >> Recovery done, continuing...
1600115000 >> Requesting for the AHB bus...
1600890000 >> AHB granted, starting recovery...
1620090000 >> Recovery done, continuing...
1620790000 >> Requesting for the AHB bus...
1621565000 >> AHB granted, starting recovery...
1640765000 >> Recovery done, continuing...
1641465000 >> Requesting for the AHB bus...
1642240000 >> AHB granted, starting recovery...
1661440000 >> Recovery done, continuing...
1662140000 >> Requesting for the AHB bus...
1662915000 >> AHB granted, starting recovery...
1682115000 >> Recovery done, continuing...
1682815000 >> Requesting for the AHB bus...
1683590000 >> AHB granted, starting recovery...
1702790000 >> Recovery done, continuing...
1703540000 >> Requesting for the AHB bus...
1704315000 >> AHB granted, starting recovery...
1723515000 >> Recovery done, continuing...
1724215000 >> Requesting for the AHB bus...
1724990000 >> AHB granted, starting recovery...
1744190000 >> Recovery done, continuing...
1744890000 >> Requesting for the AHB bus...
1745665000 >> AHB granted, starting recovery...
1764865000 >> Recovery done, continuing...
1765565000 >> Requesting for the AHB bus...
1766340000 >> AHB granted, starting recovery...
1785540000 >> Recovery done, continuing...
1786415000 >> Requesting for the AHB bus...
1787190000 >> AHB granted, starting recovery...
1806390000 >> Recovery done, continuing...
1807090000 >> Requesting for the AHB bus...
1807865000 >> AHB granted, starting recovery...
1827065000 >> Recovery done, continuing...
1827765000 >> Requesting for the AHB bus...
1828540000 >> AHB granted, starting recovery...
1847740000 >> Recovery done, continuing...
1848440000 >> Requesting for the AHB bus...
1849215000 >> AHB granted, starting recovery...
1868415000 >> Recovery done, continuing...
1869115000 >> Requesting for the AHB bus...
1869890000 >> AHB granted, starting recovery...
1889090000 >> Recovery done, continuing...
1889790000 >> Requesting for the AHB bus...
1890565000 >> AHB granted, starting recovery...
1909765000 >> Recovery done, continuing...
1910465000 >> Requesting for the AHB bus...
1911240000 >> AHB granted, starting recovery...
1930440000 >> Recovery done, continuing...
1931140000 >> Requesting for the AHB bus...
1931915000 >> AHB granted, starting recovery...
1951115000 >> Recovery done, continuing...
1951815000 >> Requesting for the AHB bus...
1952590000 >> AHB granted, starting recovery...
1971790000 >> Recovery done, continuing...
1972490000 >> Requesting for the AHB bus...
1973265000 >> AHB granted, starting recovery...
1992465000 >> Recovery done, continuing...
1993165000 >> Requesting for the AHB bus...
1993940000 >> AHB granted, starting recovery...
2013140000 >> Recovery done, continuing...
2013840000 >> Requesting for the AHB bus...
2014615000 >> AHB granted, starting recovery...
2033815000 >> Recovery done, continuing...
2034515000 >> Requesting for the AHB bus...
2035290000 >> AHB granted, starting recovery...
2054490000 >> Recovery done, continuing...
2055365000 >> Requesting for the AHB bus...
2056140000 >> AHB granted, starting recovery...
2075340000 >> Recovery done, continuing...
2076040000 >> Requesting for the AHB bus...
2076815000 >> AHB granted, starting recovery...
2096015000 >> Recovery done, continuing...
2096715000 >> Requesting for the AHB bus...
2097490000 >> AHB granted, starting recovery...
2116690000 >> Recovery done, continuing...
2117390000 >> Requesting for the AHB bus...
2118165000 >> AHB granted, starting recovery...
2137365000 >> Recovery done, continuing...
2138065000 >> Requesting for the AHB bus...
2138990000 >> AHB granted, starting recovery...
2158190000 >> Recovery done, continuing...
2158890000 >> Requesting for the AHB bus...
2159665000 >> AHB granted, starting recovery...
2178865000 >> Recovery done, continuing...
2179565000 >> Requesting for the AHB bus...
2180340000 >> AHB granted, starting recovery...
2199540000 >> Recovery done, continuing...
2200240000 >> Requesting for the AHB bus...
2201015000 >> AHB granted, starting recovery...
2220215000 >> Recovery done, continuing...
2220915000 >> Requesting for the AHB bus...
2221690000 >> AHB granted, starting recovery...
2240890000 >> Recovery done, continuing...
2241590000 >> Requesting for the AHB bus...
2242365000 >> AHB granted, starting recovery...
2261565000 >> Recovery done, continuing...
2262265000 >> Requesting for the AHB bus...
2263040000 >> AHB granted, starting recovery...
2282240000 >> Recovery done, continuing...
2282940000 >> Requesting for the AHB bus...
2283715000 >> AHB granted, starting recovery...
2302915000 >> Recovery done, continuing...
2303615000 >> Requesting for the AHB bus...
2304390000 >> AHB granted, starting recovery...
2323590000 >> Recovery done, continuing...
2324340000 >> Requesting for the AHB bus...
2325115000 >> AHB granted, starting recovery...
2344315000 >> Recovery done, continuing...
2345015000 >> Requesting for the AHB bus...
2345790000 >> AHB granted, starting recovery...
2364990000 >> Recovery done, continuing...
2365690000 >> Requesting for the AHB bus...
2366465000 >> AHB granted, starting recovery...
2385665000 >> Recovery done, continuing...
2386365000 >> Requesting for the AHB bus...
2387140000 >> AHB granted, starting recovery...
2406340000 >> Recovery done, continuing...
2407215000 >> Requesting for the AHB bus...
2407990000 >> AHB granted, starting recovery...
2427190000 >> Recovery done, continuing...
2427890000 >> Requesting for the AHB bus...
2428665000 >> AHB granted, starting recovery...
2447865000 >> Recovery done, continuing...
2448565000 >> Requesting for the AHB bus...
2449340000 >> AHB granted, starting recovery...
2468540000 >> Recovery done, continuing...
2469240000 >> Requesting for the AHB bus...
2470015000 >> AHB granted, starting recovery...
2489215000 >> Recovery done, continuing...
2489915000 >> Requesting for the AHB bus...
2490690000 >> AHB granted, starting recovery...
2509890000 >> Recovery done, continuing...
2510590000 >> Requesting for the AHB bus...
2511365000 >> AHB granted, starting recovery...
2530565000 >> Recovery done, continuing...
2531265000 >> Requesting for the AHB bus...
2532040000 >> AHB granted, starting recovery...
2551240000 >> Recovery done, continuing...
2551940000 >> Requesting for the AHB bus...
2552715000 >> AHB granted, starting recovery...
2571915000 >> Recovery done, continuing...
2572615000 >> Requesting for the AHB bus...
2573390000 >> AHB granted, starting recovery...
2592590000 >> Recovery done, continuing...
2593290000 >> Requesting for the AHB bus...
2594065000 >> AHB granted, starting recovery...
2613265000 >> Recovery done, continuing...
2613965000 >> Requesting for the AHB bus...
2614740000 >> AHB granted, starting recovery...
2633940000 >> Recovery done, continuing...
2634640000 >> Requesting for the AHB bus...
2635415000 >> AHB granted, starting recovery...
2654615000 >> Recovery done, continuing...
2655315000 >> Requesting for the AHB bus...
2656090000 >> AHB granted, starting recovery...
2675290000 >> Recovery done, continuing...
2676165000 >> Requesting for the AHB bus...
2676940000 >> AHB granted, starting recovery...
2696140000 >> Recovery done, continuing...
2696840000 >> Requesting for the AHB bus...
2697615000 >> AHB granted, starting recovery...
2716815000 >> Recovery done, continuing...
2717515000 >> Requesting for the AHB bus...
2718290000 >> AHB granted, starting recovery...
2737490000 >> Recovery done, continuing...
2738190000 >> Requesting for the AHB bus...
2738965000 >> AHB granted, starting recovery...
2758165000 >> Recovery done, continuing...
2758865000 >> Requesting for the AHB bus...
2759790000 >> AHB granted, starting recovery...
2778990000 >> Recovery done, continuing...
2779690000 >> Requesting for the AHB bus...
2780465000 >> AHB granted, starting recovery...
2799665000 >> Recovery done, continuing...
2800365000 >> Requesting for the AHB bus...
2801140000 >> AHB granted, starting recovery...
2820340000 >> Recovery done, continuing...
2821040000 >> Requesting for the AHB bus...
2821815000 >> AHB granted, starting recovery...
2841015000 >> Recovery done, continuing...
2841715000 >> Requesting for the AHB bus...
2842490000 >> AHB granted, starting recovery...
2861690000 >> Recovery done, continuing...
2862390000 >> Requesting for the AHB bus...
2863165000 >> AHB granted, starting recovery...
2882365000 >> Recovery done, continuing...
2883065000 >> Requesting for the AHB bus...
2883840000 >> AHB granted, starting recovery...
2899665000 >> time limit reached...
/testbench/cpu/l3/u0/leon3x0/vhdl/p0/iu/r.w.wreg:1
/testbench/cpu/l3/u0/leon3x0/vhdl/p0/iu/r.m.irqen:1
/testbench/cpu/l3/u0/leon3x0/vhdl/p0/iu/r.m.icc:1001
/testbench/cpu/l3/u0/leon3x0/vhdl/p0/iu/r.a.ticc:0
/testbench/cpu/l3/u0/leon3x0/vhdl/p0/iu/r.a.step:0
/testbench/cpu/l3/u0/leon3x0/vhdl/p0/iu/r.m.irqen2:1
/testbench/cpu/l3/u0/leon3x0/vhdl/p0/iu/r.d.pc:01000000000000000000001001000000
/testbench/cpu/l3/u0/leon3x0/vhdl/p0/iu/r.d.rexpl:{{00000000000000000000000000000000} {00} {0} 0 0 {0000000000000000000} 0 0 0 0 0 0}
/testbench/cpu/l3/u0/leon3x0/vhdl/p0/iu/r.d.mexc:0
/testbench/cpu/l3/u0/leon3x0/vhdl/p0/iu/r.a.aw:0
/testbench/cpu/l3/u0/leon3x0/vhdl/p0/iu/r.e.ctrl:{{01000000000000000000001000111100} {11000010000001111011111111111100} {00} {10000001} {000000} 0 0 1 0 0 1 1 0 0}
/testbench/cpu/l3/u0/leon3x0/vhdl/p0/iu/r.a.divstart:0
/testbench/cpu/l3/u0/leon3x0/vhdl/p0/iu/r.e.shleft:0
/testbench/cpu/l3/u0/leon3x0/vhdl/p0/iu/r.a.bp:0
/testbench/cpu/l3/u0/leon3x0/vhdl/p0/iu/r.w.twcwp:000
/testbench/cpu/l3/u0/leon3x0/vhdl/p0/iu/r.a.jmpl:0
/testbench/cpu/l3/u0/leon3x0/vhdl/p0/iu/r.m.casa:0
/testbench/cpu/l3/u0/leon3x0/vhdl/p0/iu/r.m.werr:0
/testbench/cpu/l3/u0/leon3x0/vhdl/p0/iu/r.e.su:1
/testbench/cpu/l3/u0/leon3x0/vhdl/p0/iu/r.e.et:1
/testbench/cpu/l3/u0/leon3x0/vhdl/p0/iu/r.a.ldcheck1:1
/testbench/cpu/l3/u0/leon3x0/vhdl/p0/iu/r.d.stwin:000
/testbench/cpu/l3/u0/leon3x0/vhdl/p0/iu/r.a.ldcheck2:0
/testbench/cpu/l3/u0/leon3x0/vhdl/p0/iu/r.x.intack:0
/testbench/cpu/l3/u0/leon3x0/vhdl/p0/iu/r.m.ctrl:{{01000000000000000000001000111000} {11000010001001111011111111111100} {01} {10000001} {000000} 0 0 0 0 0 0 0 0 0}
/testbench/cpu/l3/u0/leon3x0/vhdl/p0/iu/r.a.cwp:101
/testbench/cpu/l3/u0/leon3x0/vhdl/p0/iu/r.e.sari:0
/testbench/cpu/l3/u0/leon3x0/vhdl/p0/iu/r.d.paw:0
/testbench/cpu/l3/u0/leon3x0/vhdl/p0/iu/r.d.aw:0
/testbench/cpu/l3/u0/leon3x0/vhdl/p0/iu/r.d.awp:000
/testbench/cpu/l3/u0/leon3x0/vhdl/p0/iu/r.x.ctrl:{{01000000000000000000001000111000} {11000010001001111011111111111100} {00} {10000001} {000000} 0 0 0 0 0 0 1 0 0}
/testbench/cpu/l3/u0/leon3x0/vhdl/p0/iu/r.m.rexnalign:0
/testbench/cpu/l3/u0/leon3x0/vhdl/p0/iu/r.m.su:1
/testbench/cpu/l3/u0/leon3x0/vhdl/p0/iu/r.m.wcwp:0
/testbench/cpu/l3/u0/leon3x0/vhdl/p0/iu/r.d.divrdy:0
/testbench/cpu/l3/u0/leon3x0/vhdl/p0/iu/r.e.cwp:101
/testbench/cpu/l3/u0/leon3x0/vhdl/p0/iu/r.w.except:0
/testbench/cpu/l3/u0/leon3x0/vhdl/p0/iu/r.x.nerror:0
/testbench/cpu/l3/u0/leon3x0/vhdl/p0/iu/r.a.bpimiss:0
/testbench/cpu/l3/u0/leon3x0/vhdl/p0/iu/r.a.nobp:0
/testbench/cpu/l3/u0/leon3x0/vhdl/p0/iu/r.d.rexcnt:0
/testbench/cpu/l3/u0/leon3x0/vhdl/p0/iu/r.w.s:{{101} {1001} {00000000} {01000000000000000000} {00000010} {0000} 0 0 1 1 1 {00000000000000000000000000000000} {UUUUUUUUUUUUUUUUUUUUUUUUUUUUUUUU} 1 0 0 1 1 1 0 0 {000} {000} {111}}
/testbench/cpu/l3/u0/leon3x0/vhdl/p0/iu/r.d.pv:1
/testbench/cpu/l3/u0/leon3x0/vhdl/p0/iu/r.a.ldchkra:1
/testbench/cpu/l3/u0/leon3x0/vhdl/p0/iu/r.a.rfa1:10000001
/testbench/cpu/l3/u0/leon3x0/vhdl/p0/iu/r.a.rfa2:10000011
/testbench/cpu/l3/u0/leon3x0/vhdl/p0/iu/r.a.imm:00000000000000000000000000000011
/testbench/cpu/l3/u0/leon3x0/vhdl/p0/iu/r.w.wa:10000001
/testbench/cpu/l3/u0/leon3x0/vhdl/p0/iu/r.m.casaz:0
/testbench/cpu/l3/u0/leon3x0/vhdl/p0/iu/r.x.dci:{0 1 0 0 0 0 {10} {00001011}}
/testbench/cpu/l3/u0/leon3x0/vhdl/p0/iu/r.x.mac:0
/testbench/cpu/l3/u0/leon3x0/vhdl/p0/iu/r.m.divz:0
/testbench/cpu/l3/u0/leon3x0/vhdl/p0/iu/r.d.inst:{{10000000101000000110000000000011}}
/testbench/cpu/l3/u0/leon3x0/vhdl/p0/iu/r.e.rfe1:1
/testbench/cpu/l3/u0/leon3x0/vhdl/p0/iu/r.a.wovf:0
/testbench/cpu/l3/u0/leon3x0/vhdl/p0/iu/r.e.rfe2:0
/testbench/cpu/l3/u0/leon3x0/vhdl/p0/iu/r.e.op1:01000000000011111111111010011000
/testbench/cpu/l3/u0/leon3x0/vhdl/p0/iu/r.m.nalign:1
/testbench/cpu/l3/u0/leon3x0/vhdl/p0/iu/r.e.op2:11111111111111111111111111111100
/testbench/cpu/l3/u0/leon3x0/vhdl/p0/iu/r.d.rexen:0
/testbench/cpu/l3/u0/leon3x0/vhdl/p0/iu/r.a.ctrl:{{01000000000000000000001001000000} {10000000101000000110000000000011} {00} {10000000} {000000} 0 1 0 0 0 0 0 0 0}
/testbench/cpu/l3/u0/leon3x0/vhdl/p0/iu/r.x.ipend:0
/testbench/cpu/l3/u0/leon3x0/vhdl/p0/iu/r.e.ldbp1:0
/testbench/cpu/l3/u0/leon3x0/vhdl/p0/iu/r.e.aluadd:1
/testbench/cpu/l3/u0/leon3x0/vhdl/p0/iu/r.d.set:0
/testbench/cpu/l3/u0/leon3x0/vhdl/p0/iu/r.d.inull:0
/testbench/cpu/l3/u0/leon3x0/vhdl/p0/iu/r.e.ldbp2:0
/testbench/cpu/l3/u0/leon3x0/vhdl/p0/iu/r.d.cnt:00
/testbench/cpu/l3/u0/leon3x0/vhdl/p0/iu/r.a.su:1
/testbench/cpu/l3/u0/leon3x0/vhdl/p0/iu/r.a.et:1
/testbench/cpu/l3/u0/leon3x0/vhdl/p0/iu/r.e.mul:0
/testbench/cpu/l3/u0/leon3x0/vhdl/p0/iu/r.e.alusel:00
/testbench/cpu/l3/u0/leon3x0/vhdl/p0/iu/r.e.aw:U
/testbench/cpu/l3/u0/leon3x0/vhdl/p0/iu/r.e.mac:0
/testbench/cpu/l3/u0/leon3x0/vhdl/p0/iu/r.a.decill:0
/testbench/cpu/l3/u0/leon3x0/vhdl/p0/iu/r.x.icc:1001
/testbench/cpu/l3/u0/leon3x0/vhdl/p0/iu/r.x.result:01000000000011111111111010010100
/testbench/cpu/l3/u0/leon3x0/vhdl/p0/iu/r.e.bp:0
/testbench/cpu/l3/u0/leon3x0/vhdl/p0/iu/r.a.rs1:00001
/testbench/cpu/l3/u0/leon3x0/vhdl/p0/iu/r.e.jmpl:0
/testbench/cpu/l3/u0/leon3x0/vhdl/p0/iu/r.a.rsel1:001
/testbench/cpu/l3/u0/leon3x0/vhdl/p0/iu/r.x.y:00000000000000000000000000000000
/testbench/cpu/l3/u0/leon3x0/vhdl/p0/iu/r.a.rsel2:100
/testbench/cpu/l3/u0/leon3x0/vhdl/p0/iu/r.a.awp:000
/testbench/cpu/l3/u0/leon3x0/vhdl/p0/iu/r.a.paw:0
/testbench/cpu/l3/u0/leon3x0/vhdl/p0/iu/r.x.data:{{00000000000000000000000000000010}}
/testbench/cpu/l3/u0/leon3x0/vhdl/p0/iu/r.m.mul:0
/testbench/cpu/l3/u0/leon3x0/vhdl/p0/iu/r.e.rd:UUUUU
/testbench/cpu/l3/u0/leon3x0/vhdl/p0/iu/r.e.invop2:0
/testbench/cpu/l3/u0/leon3x0/vhdl/p0/iu/r.m.wawp:0
/testbench/cpu/l3/u0/leon3x0/vhdl/p0/iu/r.d.cwpmax:111
/testbench/cpu/l3/u0/leon3x0/vhdl/p0/iu/r.f.branch:0
/testbench/cpu/l3/u0/leon3x0/vhdl/p0/iu/r.d.pcheld:1
/testbench/cpu/l3/u0/leon3x0/vhdl/p0/iu/r.m.dci:{0 0 0 1 0 0 {10} {00001011}}
/testbench/cpu/l3/u0/leon3x0/vhdl/p0/iu/r.e.paw:U
/testbench/cpu/l3/u0/leon3x0/vhdl/p0/iu/r.e.awp:UUU
/testbench/cpu/l3/u0/leon3x0/vhdl/p0/iu/r.e.shcnt:11100
/testbench/cpu/l3/u0/leon3x0/vhdl/p0/iu/r.w.result:00000000000000000000000000000011
/testbench/cpu/l3/u0/leon3x0/vhdl/p0/iu/r.m.mac:0
/testbench/cpu/l3/u0/leon3x0/vhdl/p0/iu/r.m.y:00000000000000000000000000000000
/testbench/cpu/l3/u0/leon3x0/vhdl/p0/iu/r.d.cwp:101
/testbench/cpu/l3/u0/leon3x0/vhdl/p0/iu/r.x.laddr:00
/testbench/cpu/l3/u0/leon3x0/vhdl/p0/iu/r.e.mulstep:0
/testbench/cpu/l3/u0/leon3x0/vhdl/p0/iu/r.e.ymsb:0
/testbench/cpu/l3/u0/leon3x0/vhdl/p0/iu/r.d.rexbuf:00000000000000000000000000000000
/testbench/cpu/l3/u0/leon3x0/vhdl/p0/iu/r.x.npc:100
/testbench/cpu/l3/u0/leon3x0/vhdl/p0/iu/r.f.pc:01000000000000000000001001000100
/testbench/cpu/l3/u0/leon3x0/vhdl/p0/iu/r.d.annul:0
/testbench/cpu/l3/u0/leon3x0/vhdl/p0/iu/r.x.rstate:run
/testbench/cpu/l3/u0/leon3x0/vhdl/p0/iu/r.x.set:0
/testbench/cpu/l3/u0/leon3x0/vhdl/p0/iu/r.m.result:00000000000000000000000000000011
/testbench/cpu/l3/u0/leon3x0/vhdl/p0/iu/r.e.icc:UUUU
/testbench/cpu/l3/u0/leon3x0/vhdl/p0/iu/r.a.getpc:0
/testbench/cpu/l3/u0/leon3x0/vhdl/p0/iu/r.a.ldchkex:1
/testbench/cpu/l3/u0/leon3x0/vhdl/p0/iu/r.x.mexc:0
/testbench/cpu/l3/u0/leon3x0/vhdl/p0/iu/r.a.mulstart:0
/testbench/cpu/l3/u0/leon3x0/vhdl/p0/iu/r.d.rexpos:10
/testbench/cpu/l3/u0/leon3x0/vhdl/p0/iu/r.x.annul_all:0
/testbench/cpu/l3/u0/leon3x0/vhdl/p0/iu/r.e.aluop:000
/testbench/cpu/l3/u0/leon3x0/vhdl/p0/iu/r.x.debug:0
/testbench/cpu/l3/u0/leon3x0/vhdl/p0/iu/r.a.rfe1:0
/testbench/cpu/l3/u0/leon3x0/vhdl/p0/iu/r.d.step:0
/testbench/cpu/l3/u0/leon3x0/vhdl/p0/iu/r.a.rfe2:0
/testbench/cpu/l3/u0/leon3x0/vhdl/p0/iu/r.e.alucin:0
/testbench/cpu/l3/u0/leon3x0/vhdl/p0/iu/r.a.wunf:0
compare to golden: 1
======================================
progstatus: -2
execerr: 110
latent: 1
time limit!
>>>>>>>>>>>>>>> 2899665000
======================================
