Test signal = /testbench/cpu/l3/u0/leon3x0/vhdl/p0/iu/r.d.pv
oldval = 1
pos1: 0 pos0: -1 posU: -1
newval = 0
force in 796123
584840000 >> iteration no: 0
1027865000 >> iteration no: 1
Signal value: 0
oldval = 0
pos1: -1 pos0: 0 posU: -1
newval = 1
1376890000 >> Requesting for the AHB bus...
1377340000 >> Requesting for the AHB bus...
1378115000 >> AHB granted, starting recovery...
1397315000 >> Recovery done, continuing...
1397365000 >> Requesting for the AHB bus...
1397640000 >> Requesting for the AHB bus...
1398415000 >> AHB granted, starting recovery...
1417615000 >> Recovery done, continuing...
1417665000 >> Requesting for the AHB bus...
1417940000 >> Requesting for the AHB bus...
1418715000 >> AHB granted, starting recovery...
1437915000 >> Recovery done, continuing...
1437965000 >> Requesting for the AHB bus...
1438240000 >> Requesting for the AHB bus...
1439015000 >> AHB granted, starting recovery...
1458215000 >> Recovery done, continuing...
1458265000 >> Requesting for the AHB bus...
1458540000 >> Requesting for the AHB bus...
1459315000 >> AHB granted, starting recovery...
1478515000 >> Recovery done, continuing...
1478565000 >> Requesting for the AHB bus...
1478840000 >> Requesting for the AHB bus...
1479790000 >> AHB granted, starting recovery...
1498990000 >> Recovery done, continuing...
1499040000 >> Requesting for the AHB bus...
1499315000 >> Requesting for the AHB bus...
1500090000 >> AHB granted, starting recovery...
1519290000 >> Recovery done, continuing...
1519340000 >> Requesting for the AHB bus...
1519615000 >> Requesting for the AHB bus...
1520390000 >> AHB granted, starting recovery...
1539590000 >> Recovery done, continuing...
1539640000 >> Requesting for the AHB bus...
1539915000 >> Requesting for the AHB bus...
1540690000 >> AHB granted, starting recovery...
1559890000 >> Recovery done, continuing...
1559940000 >> Requesting for the AHB bus...
1560215000 >> Requesting for the AHB bus...
1560990000 >> AHB granted, starting recovery...
1580190000 >> Recovery done, continuing...
1580240000 >> Requesting for the AHB bus...
1580515000 >> Requesting for the AHB bus...
1581290000 >> AHB granted, starting recovery...
1600490000 >> Recovery done, continuing...
1600540000 >> Requesting for the AHB bus...
1600815000 >> Requesting for the AHB bus...
1601590000 >> AHB granted, starting recovery...
1620790000 >> Recovery done, continuing...
1620840000 >> Requesting for the AHB bus...
1621115000 >> Requesting for the AHB bus...
1621890000 >> AHB granted, starting recovery...
1641090000 >> Recovery done, continuing...
1641140000 >> Requesting for the AHB bus...
1641415000 >> Requesting for the AHB bus...
1642190000 >> AHB granted, starting recovery...
1661390000 >> Recovery done, continuing...
1661440000 >> Requesting for the AHB bus...
1661715000 >> Requesting for the AHB bus...
1662490000 >> AHB granted, starting recovery...
1681690000 >> Recovery done, continuing...
1681740000 >> Requesting for the AHB bus...
1682015000 >> Requesting for the AHB bus...
1682790000 >> AHB granted, starting recovery...
1701990000 >> Recovery done, continuing...
1702040000 >> Requesting for the AHB bus...
1702315000 >> Requesting for the AHB bus...
1703090000 >> AHB granted, starting recovery...
1722290000 >> Recovery done, continuing...
1722340000 >> Requesting for the AHB bus...
1722615000 >> Requesting for the AHB bus...
1723390000 >> AHB granted, starting recovery...
1742590000 >> Recovery done, continuing...
1742640000 >> Requesting for the AHB bus...
1742915000 >> Requesting for the AHB bus...
1743690000 >> AHB granted, starting recovery...
1762890000 >> Recovery done, continuing...
1762940000 >> Requesting for the AHB bus...
1763215000 >> Requesting for the AHB bus...
1763990000 >> AHB granted, starting recovery...
1783190000 >> Recovery done, continuing...
1783240000 >> Requesting for the AHB bus...
1783515000 >> Requesting for the AHB bus...
1784290000 >> AHB granted, starting recovery...
1803490000 >> Recovery done, continuing...
1803540000 >> Requesting for the AHB bus...
1803815000 >> Requesting for the AHB bus...
1804590000 >> AHB granted, starting recovery...
1823790000 >> Recovery done, continuing...
1823840000 >> Requesting for the AHB bus...
1824115000 >> Requesting for the AHB bus...
1824890000 >> AHB granted, starting recovery...
1844090000 >> Recovery done, continuing...
1844140000 >> Requesting for the AHB bus...
1844415000 >> Requesting for the AHB bus...
1845190000 >> AHB granted, starting recovery...
1864390000 >> Recovery done, continuing...
1864440000 >> Requesting for the AHB bus...
1864715000 >> Requesting for the AHB bus...
1865490000 >> AHB granted, starting recovery...
1884690000 >> Recovery done, continuing...
1884740000 >> Requesting for the AHB bus...
1885015000 >> Requesting for the AHB bus...
1885790000 >> AHB granted, starting recovery...
1904990000 >> Recovery done, continuing...
1905040000 >> Requesting for the AHB bus...
1905315000 >> Requesting for the AHB bus...
1906090000 >> AHB granted, starting recovery...
1925290000 >> Recovery done, continuing...
1925340000 >> Requesting for the AHB bus...
1925615000 >> Requesting for the AHB bus...
1926390000 >> AHB granted, starting recovery...
1945590000 >> Recovery done, continuing...
1945640000 >> Requesting for the AHB bus...
1945915000 >> Requesting for the AHB bus...
1946865000 >> AHB granted, starting recovery...
1966065000 >> Recovery done, continuing...
1966115000 >> Requesting for the AHB bus...
1966390000 >> Requesting for the AHB bus...
1967165000 >> AHB granted, starting recovery...
1986365000 >> Recovery done, continuing...
1986415000 >> Requesting for the AHB bus...
1986690000 >> Requesting for the AHB bus...
1987465000 >> AHB granted, starting recovery...
2006665000 >> Recovery done, continuing...
2006715000 >> Requesting for the AHB bus...
2006990000 >> Requesting for the AHB bus...
2007765000 >> AHB granted, starting recovery...
2026965000 >> Recovery done, continuing...
2027015000 >> Requesting for the AHB bus...
2027290000 >> Requesting for the AHB bus...
2028065000 >> AHB granted, starting recovery...
2047265000 >> Recovery done, continuing...
2047315000 >> Requesting for the AHB bus...
2047590000 >> Requesting for the AHB bus...
2048365000 >> AHB granted, starting recovery...
2067565000 >> Recovery done, continuing...
2067615000 >> Requesting for the AHB bus...
2067965000 >> Requesting for the AHB bus...
2068740000 >> AHB granted, starting recovery...
2087940000 >> Recovery done, continuing...
2087990000 >> Requesting for the AHB bus...
2088265000 >> Requesting for the AHB bus...
2089040000 >> AHB granted, starting recovery...
2108240000 >> Recovery done, continuing...
2108290000 >> Requesting for the AHB bus...
2108565000 >> Requesting for the AHB bus...
2109340000 >> AHB granted, starting recovery...
2128540000 >> Recovery done, continuing...
2128590000 >> Requesting for the AHB bus...
2128865000 >> Requesting for the AHB bus...
2129640000 >> AHB granted, starting recovery...
2148840000 >> Recovery done, continuing...
2148890000 >> Requesting for the AHB bus...
2149165000 >> Requesting for the AHB bus...
2149940000 >> AHB granted, starting recovery...
2169140000 >> Recovery done, continuing...
2169190000 >> Requesting for the AHB bus...
2169465000 >> Requesting for the AHB bus...
2170240000 >> AHB granted, starting recovery...
2189440000 >> Recovery done, continuing...
2189490000 >> Requesting for the AHB bus...
2189765000 >> Requesting for the AHB bus...
2190540000 >> AHB granted, starting recovery...
2209740000 >> Recovery done, continuing...
2209790000 >> Requesting for the AHB bus...
2210065000 >> Requesting for the AHB bus...
2210840000 >> AHB granted, starting recovery...
2230040000 >> Recovery done, continuing...
2230090000 >> Requesting for the AHB bus...
2230365000 >> Requesting for the AHB bus...
2231140000 >> AHB granted, starting recovery...
2250340000 >> Recovery done, continuing...
2250390000 >> Requesting for the AHB bus...
2250665000 >> Requesting for the AHB bus...
2251440000 >> AHB granted, starting recovery...
2270640000 >> Recovery done, continuing...
2270690000 >> Requesting for the AHB bus...
2270965000 >> Requesting for the AHB bus...
2271740000 >> AHB granted, starting recovery...
2290940000 >> Recovery done, continuing...
2290990000 >> Requesting for the AHB bus...
2291265000 >> Requesting for the AHB bus...
2292040000 >> AHB granted, starting recovery...
2311240000 >> Recovery done, continuing...
2311290000 >> Requesting for the AHB bus...
2311565000 >> Requesting for the AHB bus...
2312340000 >> AHB granted, starting recovery...
2331540000 >> Recovery done, continuing...
2331590000 >> Requesting for the AHB bus...
2331865000 >> Requesting for the AHB bus...
2332640000 >> AHB granted, starting recovery...
2351840000 >> Recovery done, continuing...
2351890000 >> Requesting for the AHB bus...
2352165000 >> Requesting for the AHB bus...
2352940000 >> AHB granted, starting recovery...
2372140000 >> Recovery done, continuing...
2372190000 >> Requesting for the AHB bus...
2372465000 >> Requesting for the AHB bus...
2373240000 >> AHB granted, starting recovery...
2392440000 >> Recovery done, continuing...
2392490000 >> Requesting for the AHB bus...
2392765000 >> Requesting for the AHB bus...
2393540000 >> AHB granted, starting recovery...
2412740000 >> Recovery done, continuing...
2412790000 >> Requesting for the AHB bus...
2413065000 >> Requesting for the AHB bus...
2414015000 >> AHB granted, starting recovery...
2433215000 >> Recovery done, continuing...
2433265000 >> Requesting for the AHB bus...
2433540000 >> Requesting for the AHB bus...
2434315000 >> AHB granted, starting recovery...
2453515000 >> Recovery done, continuing...
2453565000 >> Requesting for the AHB bus...
2453840000 >> Requesting for the AHB bus...
2454615000 >> AHB granted, starting recovery...
2473815000 >> Recovery done, continuing...
2473865000 >> Requesting for the AHB bus...
2474140000 >> Requesting for the AHB bus...
2474915000 >> AHB granted, starting recovery...
2494115000 >> Recovery done, continuing...
2494165000 >> Requesting for the AHB bus...
2494440000 >> Requesting for the AHB bus...
2495215000 >> AHB granted, starting recovery...
2514415000 >> Recovery done, continuing...
2514465000 >> Requesting for the AHB bus...
2514740000 >> Requesting for the AHB bus...
2515515000 >> AHB granted, starting recovery...
2534715000 >> Recovery done, continuing...
2534765000 >> Requesting for the AHB bus...
2535165000 >> Requesting for the AHB bus...
2535940000 >> AHB granted, starting recovery...
2555140000 >> Recovery done, continuing...
2555190000 >> Requesting for the AHB bus...
2555465000 >> Requesting for the AHB bus...
2556240000 >> AHB granted, starting recovery...
2575440000 >> Recovery done, continuing...
2575490000 >> Requesting for the AHB bus...
2575765000 >> Requesting for the AHB bus...
2576540000 >> AHB granted, starting recovery...
2595740000 >> Recovery done, continuing...
2595790000 >> Requesting for the AHB bus...
2596065000 >> Requesting for the AHB bus...
2596840000 >> AHB granted, starting recovery...
2616040000 >> Recovery done, continuing...
2616090000 >> Requesting for the AHB bus...
2616365000 >> Requesting for the AHB bus...
2617140000 >> AHB granted, starting recovery...
2636340000 >> Recovery done, continuing...
2636390000 >> Requesting for the AHB bus...
2636665000 >> Requesting for the AHB bus...
2637440000 >> AHB granted, starting recovery...
2656640000 >> Recovery done, continuing...
2656690000 >> Requesting for the AHB bus...
2656965000 >> Requesting for the AHB bus...
2657740000 >> AHB granted, starting recovery...
2676940000 >> Recovery done, continuing...
2676990000 >> Requesting for the AHB bus...
2677265000 >> Requesting for the AHB bus...
2678040000 >> AHB granted, starting recovery...
2697240000 >> Recovery done, continuing...
2697290000 >> Requesting for the AHB bus...
2697565000 >> Requesting for the AHB bus...
2698340000 >> AHB granted, starting recovery...
2717540000 >> Recovery done, continuing...
2717590000 >> Requesting for the AHB bus...
2717865000 >> Requesting for the AHB bus...
2718640000 >> AHB granted, starting recovery...
2737840000 >> Recovery done, continuing...
2737890000 >> Requesting for the AHB bus...
2738165000 >> Requesting for the AHB bus...
2738940000 >> AHB granted, starting recovery...
2758140000 >> Recovery done, continuing...
2758190000 >> Requesting for the AHB bus...
2758465000 >> Requesting for the AHB bus...
2759240000 >> AHB granted, starting recovery...
2778440000 >> Recovery done, continuing...
2778490000 >> Requesting for the AHB bus...
2778765000 >> Requesting for the AHB bus...
2779540000 >> AHB granted, starting recovery...
2798740000 >> Recovery done, continuing...
2798790000 >> Requesting for the AHB bus...
2799065000 >> Requesting for the AHB bus...
2799840000 >> AHB granted, starting recovery...
2819040000 >> Recovery done, continuing...
2819090000 >> Requesting for the AHB bus...
2819365000 >> Requesting for the AHB bus...
2820140000 >> AHB granted, starting recovery...
2839340000 >> Recovery done, continuing...
2839390000 >> Requesting for the AHB bus...
2839665000 >> Requesting for the AHB bus...
2840440000 >> AHB granted, starting recovery...
2859640000 >> Recovery done, continuing...
2859690000 >> Requesting for the AHB bus...
2859965000 >> Requesting for the AHB bus...
2860740000 >> AHB granted, starting recovery...
2879940000 >> Recovery done, continuing...
2879990000 >> Requesting for the AHB bus...
2880265000 >> Requesting for the AHB bus...
2881215000 >> AHB granted, starting recovery...
2899665000 >> time limit reached...
/testbench/cpu/l3/u0/leon3x0/vhdl/p0/iu/r.w.wreg:1
/testbench/cpu/l3/u0/leon3x0/vhdl/p0/iu/r.m.irqen:1
/testbench/cpu/l3/u0/leon3x0/vhdl/p0/iu/r.m.icc:1001
/testbench/cpu/l3/u0/leon3x0/vhdl/p0/iu/r.a.ticc:0
/testbench/cpu/l3/u0/leon3x0/vhdl/p0/iu/r.a.step:0
/testbench/cpu/l3/u0/leon3x0/vhdl/p0/iu/r.m.irqen2:1
/testbench/cpu/l3/u0/leon3x0/vhdl/p0/iu/r.d.pc:01000000000000000000001001000000
/testbench/cpu/l3/u0/leon3x0/vhdl/p0/iu/r.d.rexpl:{{00000000000000000000000000000000} {00} {0} 0 0 {0000000000000000000} 0 0 0 0 0 0}
/testbench/cpu/l3/u0/leon3x0/vhdl/p0/iu/r.d.mexc:0
/testbench/cpu/l3/u0/leon3x0/vhdl/p0/iu/r.a.aw:0
/testbench/cpu/l3/u0/leon3x0/vhdl/p0/iu/r.e.ctrl:{{01000000000000000000001000111100} {11000010000001111011111111111100} {00} {10000001} {000000} 0 0 1 0 0 1 1 0 0}
/testbench/cpu/l3/u0/leon3x0/vhdl/p0/iu/r.a.divstart:0
/testbench/cpu/l3/u0/leon3x0/vhdl/p0/iu/r.e.shleft:0
/testbench/cpu/l3/u0/leon3x0/vhdl/p0/iu/r.a.bp:0
/testbench/cpu/l3/u0/leon3x0/vhdl/p0/iu/r.w.twcwp:000
/testbench/cpu/l3/u0/leon3x0/vhdl/p0/iu/r.a.jmpl:0
/testbench/cpu/l3/u0/leon3x0/vhdl/p0/iu/r.m.casa:0
/testbench/cpu/l3/u0/leon3x0/vhdl/p0/iu/r.m.werr:0
/testbench/cpu/l3/u0/leon3x0/vhdl/p0/iu/r.e.su:1
/testbench/cpu/l3/u0/leon3x0/vhdl/p0/iu/r.e.et:1
/testbench/cpu/l3/u0/leon3x0/vhdl/p0/iu/r.a.ldcheck1:1
/testbench/cpu/l3/u0/leon3x0/vhdl/p0/iu/r.d.stwin:000
/testbench/cpu/l3/u0/leon3x0/vhdl/p0/iu/r.a.ldcheck2:0
/testbench/cpu/l3/u0/leon3x0/vhdl/p0/iu/r.x.intack:0
/testbench/cpu/l3/u0/leon3x0/vhdl/p0/iu/r.m.ctrl:{{01000000000000000000001000111000} {11000010001001111011111111111100} {01} {10000001} {000000} 0 0 0 0 0 0 1 0 0}
/testbench/cpu/l3/u0/leon3x0/vhdl/p0/iu/r.a.cwp:101
/testbench/cpu/l3/u0/leon3x0/vhdl/p0/iu/r.e.sari:0
/testbench/cpu/l3/u0/leon3x0/vhdl/p0/iu/r.d.paw:0
/testbench/cpu/l3/u0/leon3x0/vhdl/p0/iu/r.d.aw:0
/testbench/cpu/l3/u0/leon3x0/vhdl/p0/iu/r.d.awp:000
/testbench/cpu/l3/u0/leon3x0/vhdl/p0/iu/r.x.ctrl:{{01000000000000000000001000111000} {11000010001001111011111111111100} {00} {10000001} {000000} 0 0 0 0 0 0 1 0 0}
/testbench/cpu/l3/u0/leon3x0/vhdl/p0/iu/r.m.rexnalign:0
/testbench/cpu/l3/u0/leon3x0/vhdl/p0/iu/r.m.su:1
/testbench/cpu/l3/u0/leon3x0/vhdl/p0/iu/r.m.wcwp:0
/testbench/cpu/l3/u0/leon3x0/vhdl/p0/iu/r.d.divrdy:0
/testbench/cpu/l3/u0/leon3x0/vhdl/p0/iu/r.e.cwp:101
/testbench/cpu/l3/u0/leon3x0/vhdl/p0/iu/r.w.except:0
/testbench/cpu/l3/u0/leon3x0/vhdl/p0/iu/r.x.nerror:0
/testbench/cpu/l3/u0/leon3x0/vhdl/p0/iu/r.a.bpimiss:0
/testbench/cpu/l3/u0/leon3x0/vhdl/p0/iu/r.a.nobp:0
/testbench/cpu/l3/u0/leon3x0/vhdl/p0/iu/r.d.rexcnt:0
/testbench/cpu/l3/u0/leon3x0/vhdl/p0/iu/r.w.s:{{101} {1001} {00000000} {01000000000000000000} {00000010} {0000} 0 0 1 1 1 {00000000000000000000000000000000} {UUUUUUUUUUUUUUUUUUUUUUUUUUUUUUUU} 1 0 0 1 1 1 0 0 {000} {000} {111}}
/testbench/cpu/l3/u0/leon3x0/vhdl/p0/iu/r.d.pv:1
/testbench/cpu/l3/u0/leon3x0/vhdl/p0/iu/r.a.ldchkra:1
/testbench/cpu/l3/u0/leon3x0/vhdl/p0/iu/r.a.rfa1:10000001
/testbench/cpu/l3/u0/leon3x0/vhdl/p0/iu/r.a.rfa2:10000011
/testbench/cpu/l3/u0/leon3x0/vhdl/p0/iu/r.a.imm:00000000000000000000000000000011
/testbench/cpu/l3/u0/leon3x0/vhdl/p0/iu/r.w.wa:10000001
/testbench/cpu/l3/u0/leon3x0/vhdl/p0/iu/r.m.casaz:0
/testbench/cpu/l3/u0/leon3x0/vhdl/p0/iu/r.x.dci:{0 1 0 0 0 0 {10} {00001011}}
/testbench/cpu/l3/u0/leon3x0/vhdl/p0/iu/r.x.mac:0
/testbench/cpu/l3/u0/leon3x0/vhdl/p0/iu/r.m.divz:0
/testbench/cpu/l3/u0/leon3x0/vhdl/p0/iu/r.d.inst:{{10000000101000000110000000000011}}
/testbench/cpu/l3/u0/leon3x0/vhdl/p0/iu/r.e.rfe1:1
/testbench/cpu/l3/u0/leon3x0/vhdl/p0/iu/r.a.wovf:0
/testbench/cpu/l3/u0/leon3x0/vhdl/p0/iu/r.e.rfe2:0
/testbench/cpu/l3/u0/leon3x0/vhdl/p0/iu/r.e.op1:01000000000011111111111010011000
/testbench/cpu/l3/u0/leon3x0/vhdl/p0/iu/r.m.nalign:1
/testbench/cpu/l3/u0/leon3x0/vhdl/p0/iu/r.e.op2:11111111111111111111111111111100
/testbench/cpu/l3/u0/leon3x0/vhdl/p0/iu/r.d.rexen:0
/testbench/cpu/l3/u0/leon3x0/vhdl/p0/iu/r.a.ctrl:{{01000000000000000000001001000000} {10000000101000000110000000000011} {00} {10000000} {000000} 0 1 0 0 0 0 0 0 0}
/testbench/cpu/l3/u0/leon3x0/vhdl/p0/iu/r.x.ipend:0
/testbench/cpu/l3/u0/leon3x0/vhdl/p0/iu/r.e.ldbp1:0
/testbench/cpu/l3/u0/leon3x0/vhdl/p0/iu/r.e.aluadd:1
/testbench/cpu/l3/u0/leon3x0/vhdl/p0/iu/r.d.set:0
/testbench/cpu/l3/u0/leon3x0/vhdl/p0/iu/r.d.inull:0
/testbench/cpu/l3/u0/leon3x0/vhdl/p0/iu/r.e.ldbp2:0
/testbench/cpu/l3/u0/leon3x0/vhdl/p0/iu/r.d.cnt:00
/testbench/cpu/l3/u0/leon3x0/vhdl/p0/iu/r.a.su:1
/testbench/cpu/l3/u0/leon3x0/vhdl/p0/iu/r.a.et:1
/testbench/cpu/l3/u0/leon3x0/vhdl/p0/iu/r.e.mul:0
/testbench/cpu/l3/u0/leon3x0/vhdl/p0/iu/r.e.alusel:00
/testbench/cpu/l3/u0/leon3x0/vhdl/p0/iu/r.e.aw:U
/testbench/cpu/l3/u0/leon3x0/vhdl/p0/iu/r.e.mac:0
/testbench/cpu/l3/u0/leon3x0/vhdl/p0/iu/r.a.decill:0
/testbench/cpu/l3/u0/leon3x0/vhdl/p0/iu/r.x.icc:1001
/testbench/cpu/l3/u0/leon3x0/vhdl/p0/iu/r.x.result:01000000000011111111111010010100
/testbench/cpu/l3/u0/leon3x0/vhdl/p0/iu/r.e.bp:0
/testbench/cpu/l3/u0/leon3x0/vhdl/p0/iu/r.a.rs1:00001
/testbench/cpu/l3/u0/leon3x0/vhdl/p0/iu/r.e.jmpl:0
/testbench/cpu/l3/u0/leon3x0/vhdl/p0/iu/r.a.rsel1:001
/testbench/cpu/l3/u0/leon3x0/vhdl/p0/iu/r.x.y:00000000000000000000000000000000
/testbench/cpu/l3/u0/leon3x0/vhdl/p0/iu/r.a.rsel2:100
/testbench/cpu/l3/u0/leon3x0/vhdl/p0/iu/r.a.awp:000
/testbench/cpu/l3/u0/leon3x0/vhdl/p0/iu/r.a.paw:0
/testbench/cpu/l3/u0/leon3x0/vhdl/p0/iu/r.x.data:{{00000000000000000000000000000010}}
/testbench/cpu/l3/u0/leon3x0/vhdl/p0/iu/r.m.mul:0
/testbench/cpu/l3/u0/leon3x0/vhdl/p0/iu/r.e.rd:UUUUU
/testbench/cpu/l3/u0/leon3x0/vhdl/p0/iu/r.e.invop2:0
/testbench/cpu/l3/u0/leon3x0/vhdl/p0/iu/r.m.wawp:0
/testbench/cpu/l3/u0/leon3x0/vhdl/p0/iu/r.d.cwpmax:111
/testbench/cpu/l3/u0/leon3x0/vhdl/p0/iu/r.f.branch:0
/testbench/cpu/l3/u0/leon3x0/vhdl/p0/iu/r.d.pcheld:1
/testbench/cpu/l3/u0/leon3x0/vhdl/p0/iu/r.m.dci:{0 0 0 1 0 0 {10} {00001011}}
/testbench/cpu/l3/u0/leon3x0/vhdl/p0/iu/r.e.paw:U
/testbench/cpu/l3/u0/leon3x0/vhdl/p0/iu/r.e.awp:UUU
/testbench/cpu/l3/u0/leon3x0/vhdl/p0/iu/r.e.shcnt:11100
/testbench/cpu/l3/u0/leon3x0/vhdl/p0/iu/r.w.result:00000000000000000000000000000011
/testbench/cpu/l3/u0/leon3x0/vhdl/p0/iu/r.m.mac:0
/testbench/cpu/l3/u0/leon3x0/vhdl/p0/iu/r.m.y:00000000000000000000000000000000
/testbench/cpu/l3/u0/leon3x0/vhdl/p0/iu/r.d.cwp:101
/testbench/cpu/l3/u0/leon3x0/vhdl/p0/iu/r.x.laddr:00
/testbench/cpu/l3/u0/leon3x0/vhdl/p0/iu/r.e.mulstep:0
/testbench/cpu/l3/u0/leon3x0/vhdl/p0/iu/r.e.ymsb:0
/testbench/cpu/l3/u0/leon3x0/vhdl/p0/iu/r.d.rexbuf:00000000000000000000000000000000
/testbench/cpu/l3/u0/leon3x0/vhdl/p0/iu/r.x.npc:100
/testbench/cpu/l3/u0/leon3x0/vhdl/p0/iu/r.f.pc:01000000000000000000001001000100
/testbench/cpu/l3/u0/leon3x0/vhdl/p0/iu/r.d.annul:0
/testbench/cpu/l3/u0/leon3x0/vhdl/p0/iu/r.x.rstate:run
/testbench/cpu/l3/u0/leon3x0/vhdl/p0/iu/r.x.set:0
/testbench/cpu/l3/u0/leon3x0/vhdl/p0/iu/r.m.result:00000000000000000000000000000011
/testbench/cpu/l3/u0/leon3x0/vhdl/p0/iu/r.e.icc:UUUU
/testbench/cpu/l3/u0/leon3x0/vhdl/p0/iu/r.a.getpc:0
/testbench/cpu/l3/u0/leon3x0/vhdl/p0/iu/r.a.ldchkex:1
/testbench/cpu/l3/u0/leon3x0/vhdl/p0/iu/r.x.mexc:0
/testbench/cpu/l3/u0/leon3x0/vhdl/p0/iu/r.a.mulstart:0
/testbench/cpu/l3/u0/leon3x0/vhdl/p0/iu/r.d.rexpos:10
/testbench/cpu/l3/u0/leon3x0/vhdl/p0/iu/r.x.annul_all:0
/testbench/cpu/l3/u0/leon3x0/vhdl/p0/iu/r.e.aluop:000
/testbench/cpu/l3/u0/leon3x0/vhdl/p0/iu/r.x.debug:0
/testbench/cpu/l3/u0/leon3x0/vhdl/p0/iu/r.a.rfe1:0
/testbench/cpu/l3/u0/leon3x0/vhdl/p0/iu/r.d.step:0
/testbench/cpu/l3/u0/leon3x0/vhdl/p0/iu/r.a.rfe2:0
/testbench/cpu/l3/u0/leon3x0/vhdl/p0/iu/r.e.alucin:0
/testbench/cpu/l3/u0/leon3x0/vhdl/p0/iu/r.a.wunf:0
compare to golden: 1
======================================
progstatus: -2
execerr: 75
latent: 1
time limit!
>>>>>>>>>>>>>>> 2899665000
======================================
