Test signal = /testbench/cpu/l3/u0/leon3x0/vhdl/p0/iu/r.m.wcwp
oldval = 0
pos1: -1 pos0: 0 posU: -1
newval = 1
force in 837775
584840000 >> iteration no: 0
1027865000 >> iteration no: 1
Signal value: 0
oldval = 0
pos1: -1 pos0: 0 posU: -1
newval = 1
1418115000 >> Requesting for the AHB bus...
1418690000 >> AHB granted, starting recovery...
1437890000 >> Recovery done, continuing...
1438590000 >> Requesting for the AHB bus...
1439340000 >> AHB granted, starting recovery...
1458540000 >> Recovery done, continuing...
1459240000 >> Requesting for the AHB bus...
1459990000 >> AHB granted, starting recovery...
1479190000 >> Recovery done, continuing...
1479890000 >> Requesting for the AHB bus...
1480640000 >> AHB granted, starting recovery...
1499840000 >> Recovery done, continuing...
1500540000 >> Requesting for the AHB bus...
1501290000 >> AHB granted, starting recovery...
1520490000 >> Recovery done, continuing...
1521190000 >> Requesting for the AHB bus...
1521940000 >> AHB granted, starting recovery...
1541140000 >> Recovery done, continuing...
1541840000 >> Requesting for the AHB bus...
1542590000 >> AHB granted, starting recovery...
1561790000 >> Recovery done, continuing...
1562665000 >> Requesting for the AHB bus...
1563415000 >> AHB granted, starting recovery...
1582615000 >> Recovery done, continuing...
1583315000 >> Requesting for the AHB bus...
1584065000 >> AHB granted, starting recovery...
1603265000 >> Recovery done, continuing...
1603965000 >> Requesting for the AHB bus...
1604715000 >> AHB granted, starting recovery...
1623915000 >> Recovery done, continuing...
1624615000 >> Requesting for the AHB bus...
1625365000 >> AHB granted, starting recovery...
1644565000 >> Recovery done, continuing...
1645265000 >> Requesting for the AHB bus...
1646165000 >> AHB granted, starting recovery...
1665365000 >> Recovery done, continuing...
1666065000 >> Requesting for the AHB bus...
1666815000 >> AHB granted, starting recovery...
1686015000 >> Recovery done, continuing...
1686715000 >> Requesting for the AHB bus...
1687465000 >> AHB granted, starting recovery...
1706665000 >> Recovery done, continuing...
1707365000 >> Requesting for the AHB bus...
1708115000 >> AHB granted, starting recovery...
1727315000 >> Recovery done, continuing...
1728015000 >> Requesting for the AHB bus...
1728765000 >> AHB granted, starting recovery...
1747965000 >> Recovery done, continuing...
1748665000 >> Requesting for the AHB bus...
1749415000 >> AHB granted, starting recovery...
1768615000 >> Recovery done, continuing...
1769315000 >> Requesting for the AHB bus...
1770065000 >> AHB granted, starting recovery...
1789265000 >> Recovery done, continuing...
1789965000 >> Requesting for the AHB bus...
1790715000 >> AHB granted, starting recovery...
1809915000 >> Recovery done, continuing...
1810615000 >> Requesting for the AHB bus...
1811365000 >> AHB granted, starting recovery...
1830565000 >> Recovery done, continuing...
1831440000 >> Requesting for the AHB bus...
1832190000 >> AHB granted, starting recovery...
1851390000 >> Recovery done, continuing...
1852090000 >> Requesting for the AHB bus...
1852840000 >> AHB granted, starting recovery...
1872040000 >> Recovery done, continuing...
1872740000 >> Requesting for the AHB bus...
1873490000 >> AHB granted, starting recovery...
1892690000 >> Recovery done, continuing...
1893390000 >> Requesting for the AHB bus...
1894140000 >> AHB granted, starting recovery...
1913340000 >> Recovery done, continuing...
1914040000 >> Requesting for the AHB bus...
1914940000 >> AHB granted, starting recovery...
1934140000 >> Recovery done, continuing...
1934840000 >> Requesting for the AHB bus...
1935590000 >> AHB granted, starting recovery...
1954790000 >> Recovery done, continuing...
1955490000 >> Requesting for the AHB bus...
1956240000 >> AHB granted, starting recovery...
1975440000 >> Recovery done, continuing...
1976140000 >> Requesting for the AHB bus...
1976890000 >> AHB granted, starting recovery...
1996090000 >> Recovery done, continuing...
1996790000 >> Requesting for the AHB bus...
1997540000 >> AHB granted, starting recovery...
2016740000 >> Recovery done, continuing...
2017440000 >> Requesting for the AHB bus...
2018190000 >> AHB granted, starting recovery...
2037390000 >> Recovery done, continuing...
2038090000 >> Requesting for the AHB bus...
2038840000 >> AHB granted, starting recovery...
2058040000 >> Recovery done, continuing...
2058740000 >> Requesting for the AHB bus...
2059490000 >> AHB granted, starting recovery...
2078690000 >> Recovery done, continuing...
2079390000 >> Requesting for the AHB bus...
2080140000 >> AHB granted, starting recovery...
2099340000 >> Recovery done, continuing...
2100215000 >> Requesting for the AHB bus...
2100965000 >> AHB granted, starting recovery...
2120165000 >> Recovery done, continuing...
2120865000 >> Requesting for the AHB bus...
2121615000 >> AHB granted, starting recovery...
2140815000 >> Recovery done, continuing...
2141515000 >> Requesting for the AHB bus...
2142265000 >> AHB granted, starting recovery...
2161465000 >> Recovery done, continuing...
2162165000 >> Requesting for the AHB bus...
2162915000 >> AHB granted, starting recovery...
2182115000 >> Recovery done, continuing...
2182815000 >> Requesting for the AHB bus...
2183715000 >> AHB granted, starting recovery...
2202915000 >> Recovery done, continuing...
2203615000 >> Requesting for the AHB bus...
2204365000 >> AHB granted, starting recovery...
2223565000 >> Recovery done, continuing...
2224265000 >> Requesting for the AHB bus...
2225015000 >> AHB granted, starting recovery...
2244215000 >> Recovery done, continuing...
2244915000 >> Requesting for the AHB bus...
2245665000 >> AHB granted, starting recovery...
2264865000 >> Recovery done, continuing...
2265565000 >> Requesting for the AHB bus...
2266315000 >> AHB granted, starting recovery...
2285515000 >> Recovery done, continuing...
2286215000 >> Requesting for the AHB bus...
2286965000 >> AHB granted, starting recovery...
2306165000 >> Recovery done, continuing...
2306865000 >> Requesting for the AHB bus...
2307615000 >> AHB granted, starting recovery...
2326815000 >> Recovery done, continuing...
2327515000 >> Requesting for the AHB bus...
2328265000 >> AHB granted, starting recovery...
2347465000 >> Recovery done, continuing...
2348165000 >> Requesting for the AHB bus...
2348915000 >> AHB granted, starting recovery...
2368115000 >> Recovery done, continuing...
2368990000 >> Requesting for the AHB bus...
2369740000 >> AHB granted, starting recovery...
2388940000 >> Recovery done, continuing...
2389640000 >> Requesting for the AHB bus...
2390390000 >> AHB granted, starting recovery...
2409590000 >> Recovery done, continuing...
2410290000 >> Requesting for the AHB bus...
2411040000 >> AHB granted, starting recovery...
2430240000 >> Recovery done, continuing...
2430940000 >> Requesting for the AHB bus...
2431690000 >> AHB granted, starting recovery...
2450890000 >> Recovery done, continuing...
2451590000 >> Requesting for the AHB bus...
2452490000 >> AHB granted, starting recovery...
2471690000 >> Recovery done, continuing...
2472390000 >> Requesting for the AHB bus...
2473140000 >> AHB granted, starting recovery...
2492340000 >> Recovery done, continuing...
2493040000 >> Requesting for the AHB bus...
2493790000 >> AHB granted, starting recovery...
2512990000 >> Recovery done, continuing...
2513690000 >> Requesting for the AHB bus...
2514440000 >> AHB granted, starting recovery...
2533640000 >> Recovery done, continuing...
2534340000 >> Requesting for the AHB bus...
2535090000 >> AHB granted, starting recovery...
2554290000 >> Recovery done, continuing...
2554990000 >> Requesting for the AHB bus...
2555740000 >> AHB granted, starting recovery...
2574940000 >> Recovery done, continuing...
2575640000 >> Requesting for the AHB bus...
2576390000 >> AHB granted, starting recovery...
2595590000 >> Recovery done, continuing...
2596290000 >> Requesting for the AHB bus...
2597040000 >> AHB granted, starting recovery...
2616240000 >> Recovery done, continuing...
2616940000 >> Requesting for the AHB bus...
2617690000 >> AHB granted, starting recovery...
2636890000 >> Recovery done, continuing...
2637765000 >> Requesting for the AHB bus...
2638515000 >> AHB granted, starting recovery...
2657715000 >> Recovery done, continuing...
2658415000 >> Requesting for the AHB bus...
2659165000 >> AHB granted, starting recovery...
2678365000 >> Recovery done, continuing...
2679065000 >> Requesting for the AHB bus...
2679815000 >> AHB granted, starting recovery...
2699015000 >> Recovery done, continuing...
2699715000 >> Requesting for the AHB bus...
2700465000 >> AHB granted, starting recovery...
2719665000 >> Recovery done, continuing...
2720365000 >> Requesting for the AHB bus...
2721290000 >> AHB granted, starting recovery...
2740490000 >> Recovery done, continuing...
2741190000 >> Requesting for the AHB bus...
2741940000 >> AHB granted, starting recovery...
2761140000 >> Recovery done, continuing...
2761840000 >> Requesting for the AHB bus...
2762590000 >> AHB granted, starting recovery...
2781790000 >> Recovery done, continuing...
2782490000 >> Requesting for the AHB bus...
2783240000 >> AHB granted, starting recovery...
2802440000 >> Recovery done, continuing...
2803140000 >> Requesting for the AHB bus...
2803890000 >> AHB granted, starting recovery...
2823090000 >> Recovery done, continuing...
2823790000 >> Requesting for the AHB bus...
2824540000 >> AHB granted, starting recovery...
2843740000 >> Recovery done, continuing...
2844440000 >> Requesting for the AHB bus...
2845190000 >> AHB granted, starting recovery...
2864390000 >> Recovery done, continuing...
2865090000 >> Requesting for the AHB bus...
2865840000 >> AHB granted, starting recovery...
2885040000 >> Recovery done, continuing...
2885740000 >> Requesting for the AHB bus...
2886490000 >> AHB granted, starting recovery...
2899665000 >> time limit reached...
/testbench/cpu/l3/u0/leon3x0/vhdl/p0/iu/r.w.wreg:1
/testbench/cpu/l3/u0/leon3x0/vhdl/p0/iu/r.m.irqen:1
/testbench/cpu/l3/u0/leon3x0/vhdl/p0/iu/r.m.icc:0100
/testbench/cpu/l3/u0/leon3x0/vhdl/p0/iu/r.a.ticc:0
/testbench/cpu/l3/u0/leon3x0/vhdl/p0/iu/r.a.step:0
/testbench/cpu/l3/u0/leon3x0/vhdl/p0/iu/r.m.irqen2:1
/testbench/cpu/l3/u0/leon3x0/vhdl/p0/iu/r.d.pc:01000000000000000000001101010000
/testbench/cpu/l3/u0/leon3x0/vhdl/p0/iu/r.d.rexpl:{{00000000000000000000000000000000} {00} {0} 0 0 {0000000000000000000} 0 0 0 0 0 0}
/testbench/cpu/l3/u0/leon3x0/vhdl/p0/iu/r.d.mexc:0
/testbench/cpu/l3/u0/leon3x0/vhdl/p0/iu/r.a.aw:0
/testbench/cpu/l3/u0/leon3x0/vhdl/p0/iu/r.e.ctrl:{{01000000000000000000001101001100} {11000010000001111011111111111000} {00} {10000001} {000000} 0 0 1 0 0 1 1 0 0}
/testbench/cpu/l3/u0/leon3x0/vhdl/p0/iu/r.a.divstart:0
/testbench/cpu/l3/u0/leon3x0/vhdl/p0/iu/r.e.shleft:0
/testbench/cpu/l3/u0/leon3x0/vhdl/p0/iu/r.a.bp:0
/testbench/cpu/l3/u0/leon3x0/vhdl/p0/iu/r.w.twcwp:000
/testbench/cpu/l3/u0/leon3x0/vhdl/p0/iu/r.a.jmpl:0
/testbench/cpu/l3/u0/leon3x0/vhdl/p0/iu/r.m.casa:0
/testbench/cpu/l3/u0/leon3x0/vhdl/p0/iu/r.m.werr:0
/testbench/cpu/l3/u0/leon3x0/vhdl/p0/iu/r.e.su:1
/testbench/cpu/l3/u0/leon3x0/vhdl/p0/iu/r.e.et:1
/testbench/cpu/l3/u0/leon3x0/vhdl/p0/iu/r.a.ldcheck1:1
/testbench/cpu/l3/u0/leon3x0/vhdl/p0/iu/r.d.stwin:000
/testbench/cpu/l3/u0/leon3x0/vhdl/p0/iu/r.a.ldcheck2:0
/testbench/cpu/l3/u0/leon3x0/vhdl/p0/iu/r.x.intack:0
/testbench/cpu/l3/u0/leon3x0/vhdl/p0/iu/r.m.ctrl:{{01000000000000000000001101001000} {11000010001001111011111111111000} {01} {10000001} {000000} 0 0 0 0 0 0 0 0 0}
/testbench/cpu/l3/u0/leon3x0/vhdl/p0/iu/r.a.cwp:110
/testbench/cpu/l3/u0/leon3x0/vhdl/p0/iu/r.e.sari:0
/testbench/cpu/l3/u0/leon3x0/vhdl/p0/iu/r.d.paw:0
/testbench/cpu/l3/u0/leon3x0/vhdl/p0/iu/r.d.aw:0
/testbench/cpu/l3/u0/leon3x0/vhdl/p0/iu/r.d.awp:000
/testbench/cpu/l3/u0/leon3x0/vhdl/p0/iu/r.x.ctrl:{{01000000000000000000001101001000} {11000010001001111011111111111000} {00} {10000001} {000000} 0 0 0 0 0 0 1 0 0}
/testbench/cpu/l3/u0/leon3x0/vhdl/p0/iu/r.m.rexnalign:0
/testbench/cpu/l3/u0/leon3x0/vhdl/p0/iu/r.m.su:1
/testbench/cpu/l3/u0/leon3x0/vhdl/p0/iu/r.m.wcwp:0
/testbench/cpu/l3/u0/leon3x0/vhdl/p0/iu/r.d.divrdy:0
/testbench/cpu/l3/u0/leon3x0/vhdl/p0/iu/r.e.cwp:110
/testbench/cpu/l3/u0/leon3x0/vhdl/p0/iu/r.w.except:0
/testbench/cpu/l3/u0/leon3x0/vhdl/p0/iu/r.x.nerror:0
/testbench/cpu/l3/u0/leon3x0/vhdl/p0/iu/r.a.bpimiss:0
/testbench/cpu/l3/u0/leon3x0/vhdl/p0/iu/r.a.nobp:0
/testbench/cpu/l3/u0/leon3x0/vhdl/p0/iu/r.d.rexcnt:0
/testbench/cpu/l3/u0/leon3x0/vhdl/p0/iu/r.w.s:{{110} {0100} {00000000} {01000000000000000000} {00000010} {0000} 0 0 1 1 1 {00000000000000000000000000000000} {UUUUUUUUUUUUUUUUUUUUUUUUUUUUUUUU} 1 0 0 1 1 1 0 0 {000} {000} {111}}
/testbench/cpu/l3/u0/leon3x0/vhdl/p0/iu/r.d.pv:1
/testbench/cpu/l3/u0/leon3x0/vhdl/p0/iu/r.a.ldchkra:1
/testbench/cpu/l3/u0/leon3x0/vhdl/p0/iu/r.a.rfa1:10000001
/testbench/cpu/l3/u0/leon3x0/vhdl/p0/iu/r.a.rfa2:10000110
/testbench/cpu/l3/u0/leon3x0/vhdl/p0/iu/r.a.imm:00000000000000000000000000000110
/testbench/cpu/l3/u0/leon3x0/vhdl/p0/iu/r.w.wa:10000001
/testbench/cpu/l3/u0/leon3x0/vhdl/p0/iu/r.m.casaz:0
/testbench/cpu/l3/u0/leon3x0/vhdl/p0/iu/r.x.dci:{0 1 0 0 0 0 {10} {00001011}}
/testbench/cpu/l3/u0/leon3x0/vhdl/p0/iu/r.x.mac:0
/testbench/cpu/l3/u0/leon3x0/vhdl/p0/iu/r.m.divz:0
/testbench/cpu/l3/u0/leon3x0/vhdl/p0/iu/r.d.inst:{{10000000101000000110000000000110}}
/testbench/cpu/l3/u0/leon3x0/vhdl/p0/iu/r.e.rfe1:1
/testbench/cpu/l3/u0/leon3x0/vhdl/p0/iu/r.a.wovf:0
/testbench/cpu/l3/u0/leon3x0/vhdl/p0/iu/r.e.rfe2:0
/testbench/cpu/l3/u0/leon3x0/vhdl/p0/iu/r.e.op1:01000000000011111111111100000000
/testbench/cpu/l3/u0/leon3x0/vhdl/p0/iu/r.m.nalign:1
/testbench/cpu/l3/u0/leon3x0/vhdl/p0/iu/r.e.op2:11111111111111111111111111111000
/testbench/cpu/l3/u0/leon3x0/vhdl/p0/iu/r.d.rexen:0
/testbench/cpu/l3/u0/leon3x0/vhdl/p0/iu/r.a.ctrl:{{01000000000000000000001101010000} {10000000101000000110000000000110} {00} {10000000} {000000} 0 1 0 0 0 0 0 0 0}
/testbench/cpu/l3/u0/leon3x0/vhdl/p0/iu/r.x.ipend:0
/testbench/cpu/l3/u0/leon3x0/vhdl/p0/iu/r.e.ldbp1:0
/testbench/cpu/l3/u0/leon3x0/vhdl/p0/iu/r.e.aluadd:1
/testbench/cpu/l3/u0/leon3x0/vhdl/p0/iu/r.d.set:0
/testbench/cpu/l3/u0/leon3x0/vhdl/p0/iu/r.d.inull:0
/testbench/cpu/l3/u0/leon3x0/vhdl/p0/iu/r.e.ldbp2:0
/testbench/cpu/l3/u0/leon3x0/vhdl/p0/iu/r.d.cnt:00
/testbench/cpu/l3/u0/leon3x0/vhdl/p0/iu/r.a.su:1
/testbench/cpu/l3/u0/leon3x0/vhdl/p0/iu/r.a.et:1
/testbench/cpu/l3/u0/leon3x0/vhdl/p0/iu/r.e.mul:0
/testbench/cpu/l3/u0/leon3x0/vhdl/p0/iu/r.e.alusel:00
/testbench/cpu/l3/u0/leon3x0/vhdl/p0/iu/r.e.aw:U
/testbench/cpu/l3/u0/leon3x0/vhdl/p0/iu/r.e.mac:0
/testbench/cpu/l3/u0/leon3x0/vhdl/p0/iu/r.a.decill:0
/testbench/cpu/l3/u0/leon3x0/vhdl/p0/iu/r.x.icc:0100
/testbench/cpu/l3/u0/leon3x0/vhdl/p0/iu/r.x.result:01000000000011111111111011111000
/testbench/cpu/l3/u0/leon3x0/vhdl/p0/iu/r.e.bp:0
/testbench/cpu/l3/u0/leon3x0/vhdl/p0/iu/r.a.rs1:00001
/testbench/cpu/l3/u0/leon3x0/vhdl/p0/iu/r.e.jmpl:0
/testbench/cpu/l3/u0/leon3x0/vhdl/p0/iu/r.a.rsel1:001
/testbench/cpu/l3/u0/leon3x0/vhdl/p0/iu/r.x.y:00000000000000000000000000000000
/testbench/cpu/l3/u0/leon3x0/vhdl/p0/iu/r.a.rsel2:100
/testbench/cpu/l3/u0/leon3x0/vhdl/p0/iu/r.a.awp:000
/testbench/cpu/l3/u0/leon3x0/vhdl/p0/iu/r.a.paw:0
/testbench/cpu/l3/u0/leon3x0/vhdl/p0/iu/r.x.data:{{00000000000000000000000000000010}}
/testbench/cpu/l3/u0/leon3x0/vhdl/p0/iu/r.m.mul:0
/testbench/cpu/l3/u0/leon3x0/vhdl/p0/iu/r.e.rd:UUUUU
/testbench/cpu/l3/u0/leon3x0/vhdl/p0/iu/r.e.invop2:0
/testbench/cpu/l3/u0/leon3x0/vhdl/p0/iu/r.m.wawp:0
/testbench/cpu/l3/u0/leon3x0/vhdl/p0/iu/r.d.cwpmax:111
/testbench/cpu/l3/u0/leon3x0/vhdl/p0/iu/r.f.branch:0
/testbench/cpu/l3/u0/leon3x0/vhdl/p0/iu/r.d.pcheld:1
/testbench/cpu/l3/u0/leon3x0/vhdl/p0/iu/r.m.dci:{0 0 0 1 0 0 {10} {00001011}}
/testbench/cpu/l3/u0/leon3x0/vhdl/p0/iu/r.e.paw:U
/testbench/cpu/l3/u0/leon3x0/vhdl/p0/iu/r.e.awp:UUU
/testbench/cpu/l3/u0/leon3x0/vhdl/p0/iu/r.e.shcnt:11000
/testbench/cpu/l3/u0/leon3x0/vhdl/p0/iu/r.w.result:00000000000000000000000000000011
/testbench/cpu/l3/u0/leon3x0/vhdl/p0/iu/r.m.mac:0
/testbench/cpu/l3/u0/leon3x0/vhdl/p0/iu/r.m.y:00000000000000000000000000000000
/testbench/cpu/l3/u0/leon3x0/vhdl/p0/iu/r.d.cwp:110
/testbench/cpu/l3/u0/leon3x0/vhdl/p0/iu/r.x.laddr:00
/testbench/cpu/l3/u0/leon3x0/vhdl/p0/iu/r.e.mulstep:0
/testbench/cpu/l3/u0/leon3x0/vhdl/p0/iu/r.e.ymsb:0
/testbench/cpu/l3/u0/leon3x0/vhdl/p0/iu/r.d.rexbuf:00000000000000000000000000000000
/testbench/cpu/l3/u0/leon3x0/vhdl/p0/iu/r.x.npc:100
/testbench/cpu/l3/u0/leon3x0/vhdl/p0/iu/r.f.pc:01000000000000000000001101010100
/testbench/cpu/l3/u0/leon3x0/vhdl/p0/iu/r.d.annul:0
/testbench/cpu/l3/u0/leon3x0/vhdl/p0/iu/r.x.rstate:run
/testbench/cpu/l3/u0/leon3x0/vhdl/p0/iu/r.x.set:0
/testbench/cpu/l3/u0/leon3x0/vhdl/p0/iu/r.m.result:00000000000000000000000000000011
/testbench/cpu/l3/u0/leon3x0/vhdl/p0/iu/r.e.icc:UUUU
/testbench/cpu/l3/u0/leon3x0/vhdl/p0/iu/r.a.getpc:0
/testbench/cpu/l3/u0/leon3x0/vhdl/p0/iu/r.a.ldchkex:1
/testbench/cpu/l3/u0/leon3x0/vhdl/p0/iu/r.x.mexc:0
/testbench/cpu/l3/u0/leon3x0/vhdl/p0/iu/r.a.mulstart:0
/testbench/cpu/l3/u0/leon3x0/vhdl/p0/iu/r.d.rexpos:10
/testbench/cpu/l3/u0/leon3x0/vhdl/p0/iu/r.x.annul_all:0
/testbench/cpu/l3/u0/leon3x0/vhdl/p0/iu/r.e.aluop:000
/testbench/cpu/l3/u0/leon3x0/vhdl/p0/iu/r.x.debug:0
/testbench/cpu/l3/u0/leon3x0/vhdl/p0/iu/r.a.rfe1:0
/testbench/cpu/l3/u0/leon3x0/vhdl/p0/iu/r.d.step:0
/testbench/cpu/l3/u0/leon3x0/vhdl/p0/iu/r.a.rfe2:0
/testbench/cpu/l3/u0/leon3x0/vhdl/p0/iu/r.e.alucin:0
/testbench/cpu/l3/u0/leon3x0/vhdl/p0/iu/r.a.wunf:0
compare to golden: 1
======================================
progstatus: -2
execerr: 72
latent: 1
time limit!
>>>>>>>>>>>>>>> 2899665000
======================================
