Test signal = /testbench/cpu/l3/u0/leon3x0/vhdl/p0/iu/r.d.annul
oldval = 0
pos1: -1 pos0: 0 posU: -1
newval = 1
force in 1036124
584840000 >> iteration no: 0
1027865000 >> iteration no: 1
1470840000 >> iteration no: 2
Signal value: 0
oldval = 0
pos1: -1 pos0: 0 posU: -1
newval = 1
1617390000 >> Requesting for the AHB bus...
1618415000 >> AHB granted, starting recovery...
1637615000 >> Recovery done, continuing...
1638315000 >> Requesting for the AHB bus...
1639090000 >> AHB granted, starting recovery...
1658290000 >> Recovery done, continuing...
1658990000 >> Requesting for the AHB bus...
1659765000 >> AHB granted, starting recovery...
1678965000 >> Recovery done, continuing...
1679665000 >> Requesting for the AHB bus...
1680440000 >> AHB granted, starting recovery...
1699640000 >> Recovery done, continuing...
1700340000 >> Requesting for the AHB bus...
1701115000 >> AHB granted, starting recovery...
1720315000 >> Recovery done, continuing...
1721015000 >> Requesting for the AHB bus...
1721790000 >> AHB granted, starting recovery...
1740990000 >> Recovery done, continuing...
1741865000 >> Requesting for the AHB bus...
1742640000 >> AHB granted, starting recovery...
1761840000 >> Recovery done, continuing...
1762540000 >> Requesting for the AHB bus...
1763315000 >> AHB granted, starting recovery...
1782515000 >> Recovery done, continuing...
1783215000 >> Requesting for the AHB bus...
1783990000 >> AHB granted, starting recovery...
1803190000 >> Recovery done, continuing...
1803890000 >> Requesting for the AHB bus...
1804665000 >> AHB granted, starting recovery...
1823865000 >> Recovery done, continuing...
1824565000 >> Requesting for the AHB bus...
1825490000 >> AHB granted, starting recovery...
1844690000 >> Recovery done, continuing...
1845390000 >> Requesting for the AHB bus...
1846165000 >> AHB granted, starting recovery...
1865365000 >> Recovery done, continuing...
1866065000 >> Requesting for the AHB bus...
1866840000 >> AHB granted, starting recovery...
1886040000 >> Recovery done, continuing...
1886740000 >> Requesting for the AHB bus...
1887515000 >> AHB granted, starting recovery...
1906715000 >> Recovery done, continuing...
1907415000 >> Requesting for the AHB bus...
1908190000 >> AHB granted, starting recovery...
1927390000 >> Recovery done, continuing...
1928090000 >> Requesting for the AHB bus...
1928865000 >> AHB granted, starting recovery...
1948065000 >> Recovery done, continuing...
1948765000 >> Requesting for the AHB bus...
1949540000 >> AHB granted, starting recovery...
1968740000 >> Recovery done, continuing...
1969440000 >> Requesting for the AHB bus...
1970215000 >> AHB granted, starting recovery...
1989415000 >> Recovery done, continuing...
1990115000 >> Requesting for the AHB bus...
1990890000 >> AHB granted, starting recovery...
2010090000 >> Recovery done, continuing...
2010790000 >> Requesting for the AHB bus...
2011565000 >> AHB granted, starting recovery...
2030765000 >> Recovery done, continuing...
2031465000 >> Requesting for the AHB bus...
2032240000 >> AHB granted, starting recovery...
2051440000 >> Recovery done, continuing...
2052140000 >> Requesting for the AHB bus...
2052915000 >> AHB granted, starting recovery...
2072115000 >> Recovery done, continuing...
2072815000 >> Requesting for the AHB bus...
2073590000 >> AHB granted, starting recovery...
2092790000 >> Recovery done, continuing...
2093665000 >> Requesting for the AHB bus...
2094440000 >> AHB granted, starting recovery...
2113640000 >> Recovery done, continuing...
2114340000 >> Requesting for the AHB bus...
2115115000 >> AHB granted, starting recovery...
2134315000 >> Recovery done, continuing...
2135015000 >> Requesting for the AHB bus...
2135790000 >> AHB granted, starting recovery...
2154990000 >> Recovery done, continuing...
2155690000 >> Requesting for the AHB bus...
2156465000 >> AHB granted, starting recovery...
2175665000 >> Recovery done, continuing...
2176365000 >> Requesting for the AHB bus...
2177315000 >> AHB granted, starting recovery...
2196515000 >> Recovery done, continuing...
2197215000 >> Requesting for the AHB bus...
2197990000 >> AHB granted, starting recovery...
2217190000 >> Recovery done, continuing...
2217890000 >> Requesting for the AHB bus...
2218665000 >> AHB granted, starting recovery...
2237865000 >> Recovery done, continuing...
2238565000 >> Requesting for the AHB bus...
2239340000 >> AHB granted, starting recovery...
2258540000 >> Recovery done, continuing...
2259240000 >> Requesting for the AHB bus...
2260015000 >> AHB granted, starting recovery...
2279215000 >> Recovery done, continuing...
2279915000 >> Requesting for the AHB bus...
2280690000 >> AHB granted, starting recovery...
2299890000 >> Recovery done, continuing...
2300590000 >> Requesting for the AHB bus...
2301365000 >> AHB granted, starting recovery...
2320565000 >> Recovery done, continuing...
2321265000 >> Requesting for the AHB bus...
2322040000 >> AHB granted, starting recovery...
2341240000 >> Recovery done, continuing...
2341940000 >> Requesting for the AHB bus...
2342715000 >> AHB granted, starting recovery...
2361915000 >> Recovery done, continuing...
2362740000 >> Requesting for the AHB bus...
2363515000 >> AHB granted, starting recovery...
2382715000 >> Recovery done, continuing...
2383415000 >> Requesting for the AHB bus...
2384190000 >> AHB granted, starting recovery...
2403390000 >> Recovery done, continuing...
2404090000 >> Requesting for the AHB bus...
2404865000 >> AHB granted, starting recovery...
2424065000 >> Recovery done, continuing...
2424765000 >> Requesting for the AHB bus...
2425540000 >> AHB granted, starting recovery...
2444740000 >> Recovery done, continuing...
2445615000 >> Requesting for the AHB bus...
2446390000 >> AHB granted, starting recovery...
2465590000 >> Recovery done, continuing...
2466290000 >> Requesting for the AHB bus...
2467065000 >> AHB granted, starting recovery...
2486265000 >> Recovery done, continuing...
2486965000 >> Requesting for the AHB bus...
2487740000 >> AHB granted, starting recovery...
2506940000 >> Recovery done, continuing...
2507640000 >> Requesting for the AHB bus...
2508415000 >> AHB granted, starting recovery...
2527615000 >> Recovery done, continuing...
2528315000 >> Requesting for the AHB bus...
2529090000 >> AHB granted, starting recovery...
2548290000 >> Recovery done, continuing...
2548990000 >> Requesting for the AHB bus...
2549765000 >> AHB granted, starting recovery...
2568965000 >> Recovery done, continuing...
2569665000 >> Requesting for the AHB bus...
2570440000 >> AHB granted, starting recovery...
2589640000 >> Recovery done, continuing...
2590340000 >> Requesting for the AHB bus...
2591115000 >> AHB granted, starting recovery...
2610315000 >> Recovery done, continuing...
2611015000 >> Requesting for the AHB bus...
2611790000 >> AHB granted, starting recovery...
2630990000 >> Recovery done, continuing...
2631690000 >> Requesting for the AHB bus...
2632465000 >> AHB granted, starting recovery...
2651665000 >> Recovery done, continuing...
2652365000 >> Requesting for the AHB bus...
2653140000 >> AHB granted, starting recovery...
2672340000 >> Recovery done, continuing...
2673040000 >> Requesting for the AHB bus...
2673815000 >> AHB granted, starting recovery...
2693015000 >> Recovery done, continuing...
2693715000 >> Requesting for the AHB bus...
2694490000 >> AHB granted, starting recovery...
2713690000 >> Recovery done, continuing...
2714565000 >> Requesting for the AHB bus...
2715340000 >> AHB granted, starting recovery...
2734540000 >> Recovery done, continuing...
2735240000 >> Requesting for the AHB bus...
2736015000 >> AHB granted, starting recovery...
2755215000 >> Recovery done, continuing...
2755915000 >> Requesting for the AHB bus...
2756690000 >> AHB granted, starting recovery...
2775890000 >> Recovery done, continuing...
2776590000 >> Requesting for the AHB bus...
2777365000 >> AHB granted, starting recovery...
2796565000 >> Recovery done, continuing...
2797265000 >> Requesting for the AHB bus...
2798190000 >> AHB granted, starting recovery...
2817390000 >> Recovery done, continuing...
2818090000 >> Requesting for the AHB bus...
2818865000 >> AHB granted, starting recovery...
2838065000 >> Recovery done, continuing...
2838765000 >> Requesting for the AHB bus...
2839540000 >> AHB granted, starting recovery...
2858740000 >> Recovery done, continuing...
2859440000 >> Requesting for the AHB bus...
2860215000 >> AHB granted, starting recovery...
2879415000 >> Recovery done, continuing...
2880115000 >> Requesting for the AHB bus...
2880890000 >> AHB granted, starting recovery...
2899665000 >> time limit reached...
/testbench/cpu/l3/u0/leon3x0/vhdl/p0/iu/r.w.wreg:1
/testbench/cpu/l3/u0/leon3x0/vhdl/p0/iu/r.m.irqen:1
/testbench/cpu/l3/u0/leon3x0/vhdl/p0/iu/r.m.icc:1001
/testbench/cpu/l3/u0/leon3x0/vhdl/p0/iu/r.a.ticc:0
/testbench/cpu/l3/u0/leon3x0/vhdl/p0/iu/r.a.step:0
/testbench/cpu/l3/u0/leon3x0/vhdl/p0/iu/r.m.irqen2:1
/testbench/cpu/l3/u0/leon3x0/vhdl/p0/iu/r.d.pc:01000000000000000000001001000000
/testbench/cpu/l3/u0/leon3x0/vhdl/p0/iu/r.d.rexpl:{{00000000000000000000000000000000} {00} {0} 0 0 {0000000000000000000} 0 0 0 0 0 0}
/testbench/cpu/l3/u0/leon3x0/vhdl/p0/iu/r.d.mexc:0
/testbench/cpu/l3/u0/leon3x0/vhdl/p0/iu/r.a.aw:0
/testbench/cpu/l3/u0/leon3x0/vhdl/p0/iu/r.e.ctrl:{{01000000000000000000001000111100} {11000010000001111011111111111100} {00} {10000001} {000000} 0 0 1 0 0 1 1 0 0}
/testbench/cpu/l3/u0/leon3x0/vhdl/p0/iu/r.a.divstart:0
/testbench/cpu/l3/u0/leon3x0/vhdl/p0/iu/r.e.shleft:0
/testbench/cpu/l3/u0/leon3x0/vhdl/p0/iu/r.a.bp:0
/testbench/cpu/l3/u0/leon3x0/vhdl/p0/iu/r.w.twcwp:000
/testbench/cpu/l3/u0/leon3x0/vhdl/p0/iu/r.a.jmpl:0
/testbench/cpu/l3/u0/leon3x0/vhdl/p0/iu/r.m.casa:0
/testbench/cpu/l3/u0/leon3x0/vhdl/p0/iu/r.m.werr:0
/testbench/cpu/l3/u0/leon3x0/vhdl/p0/iu/r.e.su:1
/testbench/cpu/l3/u0/leon3x0/vhdl/p0/iu/r.e.et:1
/testbench/cpu/l3/u0/leon3x0/vhdl/p0/iu/r.a.ldcheck1:1
/testbench/cpu/l3/u0/leon3x0/vhdl/p0/iu/r.d.stwin:000
/testbench/cpu/l3/u0/leon3x0/vhdl/p0/iu/r.a.ldcheck2:0
/testbench/cpu/l3/u0/leon3x0/vhdl/p0/iu/r.x.intack:0
/testbench/cpu/l3/u0/leon3x0/vhdl/p0/iu/r.m.ctrl:{{01000000000000000000001000111000} {11000010001001111011111111111100} {01} {10000001} {000000} 0 0 0 0 0 0 0 0 0}
/testbench/cpu/l3/u0/leon3x0/vhdl/p0/iu/r.a.cwp:101
/testbench/cpu/l3/u0/leon3x0/vhdl/p0/iu/r.e.sari:0
/testbench/cpu/l3/u0/leon3x0/vhdl/p0/iu/r.d.paw:0
/testbench/cpu/l3/u0/leon3x0/vhdl/p0/iu/r.d.aw:0
/testbench/cpu/l3/u0/leon3x0/vhdl/p0/iu/r.d.awp:000
/testbench/cpu/l3/u0/leon3x0/vhdl/p0/iu/r.x.ctrl:{{01000000000000000000001000111000} {11000010001001111011111111111100} {00} {10000001} {000000} 0 0 0 0 0 0 1 0 0}
/testbench/cpu/l3/u0/leon3x0/vhdl/p0/iu/r.m.rexnalign:0
/testbench/cpu/l3/u0/leon3x0/vhdl/p0/iu/r.m.su:1
/testbench/cpu/l3/u0/leon3x0/vhdl/p0/iu/r.m.wcwp:0
/testbench/cpu/l3/u0/leon3x0/vhdl/p0/iu/r.d.divrdy:0
/testbench/cpu/l3/u0/leon3x0/vhdl/p0/iu/r.e.cwp:101
/testbench/cpu/l3/u0/leon3x0/vhdl/p0/iu/r.w.except:0
/testbench/cpu/l3/u0/leon3x0/vhdl/p0/iu/r.x.nerror:0
/testbench/cpu/l3/u0/leon3x0/vhdl/p0/iu/r.a.bpimiss:0
/testbench/cpu/l3/u0/leon3x0/vhdl/p0/iu/r.a.nobp:0
/testbench/cpu/l3/u0/leon3x0/vhdl/p0/iu/r.d.rexcnt:0
/testbench/cpu/l3/u0/leon3x0/vhdl/p0/iu/r.w.s:{{101} {1001} {00000000} {01000000000000000000} {00000010} {0000} 0 0 1 1 1 {00000000000000000000000000000000} {UUUUUUUUUUUUUUUUUUUUUUUUUUUUUUUU} 1 0 0 1 1 1 0 0 {000} {000} {111}}
/testbench/cpu/l3/u0/leon3x0/vhdl/p0/iu/r.d.pv:1
/testbench/cpu/l3/u0/leon3x0/vhdl/p0/iu/r.a.ldchkra:1
/testbench/cpu/l3/u0/leon3x0/vhdl/p0/iu/r.a.rfa1:10000001
/testbench/cpu/l3/u0/leon3x0/vhdl/p0/iu/r.a.rfa2:10000011
/testbench/cpu/l3/u0/leon3x0/vhdl/p0/iu/r.a.imm:00000000000000000000000000000011
/testbench/cpu/l3/u0/leon3x0/vhdl/p0/iu/r.w.wa:10000001
/testbench/cpu/l3/u0/leon3x0/vhdl/p0/iu/r.m.casaz:0
/testbench/cpu/l3/u0/leon3x0/vhdl/p0/iu/r.x.dci:{0 1 0 0 0 0 {10} {00001011}}
/testbench/cpu/l3/u0/leon3x0/vhdl/p0/iu/r.x.mac:0
/testbench/cpu/l3/u0/leon3x0/vhdl/p0/iu/r.m.divz:0
/testbench/cpu/l3/u0/leon3x0/vhdl/p0/iu/r.d.inst:{{10000000101000000110000000000011}}
/testbench/cpu/l3/u0/leon3x0/vhdl/p0/iu/r.e.rfe1:1
/testbench/cpu/l3/u0/leon3x0/vhdl/p0/iu/r.a.wovf:0
/testbench/cpu/l3/u0/leon3x0/vhdl/p0/iu/r.e.rfe2:0
/testbench/cpu/l3/u0/leon3x0/vhdl/p0/iu/r.e.op1:01000000000011111111111010011000
/testbench/cpu/l3/u0/leon3x0/vhdl/p0/iu/r.m.nalign:1
/testbench/cpu/l3/u0/leon3x0/vhdl/p0/iu/r.e.op2:11111111111111111111111111111100
/testbench/cpu/l3/u0/leon3x0/vhdl/p0/iu/r.d.rexen:0
/testbench/cpu/l3/u0/leon3x0/vhdl/p0/iu/r.a.ctrl:{{01000000000000000000001001000000} {10000000101000000110000000000011} {00} {10000000} {000000} 0 1 0 0 0 0 0 0 0}
/testbench/cpu/l3/u0/leon3x0/vhdl/p0/iu/r.x.ipend:0
/testbench/cpu/l3/u0/leon3x0/vhdl/p0/iu/r.e.ldbp1:0
/testbench/cpu/l3/u0/leon3x0/vhdl/p0/iu/r.e.aluadd:1
/testbench/cpu/l3/u0/leon3x0/vhdl/p0/iu/r.d.set:0
/testbench/cpu/l3/u0/leon3x0/vhdl/p0/iu/r.d.inull:0
/testbench/cpu/l3/u0/leon3x0/vhdl/p0/iu/r.e.ldbp2:0
/testbench/cpu/l3/u0/leon3x0/vhdl/p0/iu/r.d.cnt:00
/testbench/cpu/l3/u0/leon3x0/vhdl/p0/iu/r.a.su:1
/testbench/cpu/l3/u0/leon3x0/vhdl/p0/iu/r.a.et:1
/testbench/cpu/l3/u0/leon3x0/vhdl/p0/iu/r.e.mul:0
/testbench/cpu/l3/u0/leon3x0/vhdl/p0/iu/r.e.alusel:00
/testbench/cpu/l3/u0/leon3x0/vhdl/p0/iu/r.e.aw:U
/testbench/cpu/l3/u0/leon3x0/vhdl/p0/iu/r.e.mac:0
/testbench/cpu/l3/u0/leon3x0/vhdl/p0/iu/r.a.decill:0
/testbench/cpu/l3/u0/leon3x0/vhdl/p0/iu/r.x.icc:1001
/testbench/cpu/l3/u0/leon3x0/vhdl/p0/iu/r.x.result:01000000000011111111111010010100
/testbench/cpu/l3/u0/leon3x0/vhdl/p0/iu/r.e.bp:0
/testbench/cpu/l3/u0/leon3x0/vhdl/p0/iu/r.a.rs1:00001
/testbench/cpu/l3/u0/leon3x0/vhdl/p0/iu/r.e.jmpl:0
/testbench/cpu/l3/u0/leon3x0/vhdl/p0/iu/r.a.rsel1:001
/testbench/cpu/l3/u0/leon3x0/vhdl/p0/iu/r.x.y:00000000000000000000000000000000
/testbench/cpu/l3/u0/leon3x0/vhdl/p0/iu/r.a.rsel2:100
/testbench/cpu/l3/u0/leon3x0/vhdl/p0/iu/r.a.awp:000
/testbench/cpu/l3/u0/leon3x0/vhdl/p0/iu/r.a.paw:0
/testbench/cpu/l3/u0/leon3x0/vhdl/p0/iu/r.x.data:{{00000000000000000000000000000010}}
/testbench/cpu/l3/u0/leon3x0/vhdl/p0/iu/r.m.mul:0
/testbench/cpu/l3/u0/leon3x0/vhdl/p0/iu/r.e.rd:UUUUU
/testbench/cpu/l3/u0/leon3x0/vhdl/p0/iu/r.e.invop2:0
/testbench/cpu/l3/u0/leon3x0/vhdl/p0/iu/r.m.wawp:0
/testbench/cpu/l3/u0/leon3x0/vhdl/p0/iu/r.d.cwpmax:111
/testbench/cpu/l3/u0/leon3x0/vhdl/p0/iu/r.f.branch:0
/testbench/cpu/l3/u0/leon3x0/vhdl/p0/iu/r.d.pcheld:1
/testbench/cpu/l3/u0/leon3x0/vhdl/p0/iu/r.m.dci:{0 0 0 1 0 0 {10} {00001011}}
/testbench/cpu/l3/u0/leon3x0/vhdl/p0/iu/r.e.paw:U
/testbench/cpu/l3/u0/leon3x0/vhdl/p0/iu/r.e.awp:UUU
/testbench/cpu/l3/u0/leon3x0/vhdl/p0/iu/r.e.shcnt:11100
/testbench/cpu/l3/u0/leon3x0/vhdl/p0/iu/r.w.result:00000000000000000000000000000011
/testbench/cpu/l3/u0/leon3x0/vhdl/p0/iu/r.m.mac:0
/testbench/cpu/l3/u0/leon3x0/vhdl/p0/iu/r.m.y:00000000000000000000000000000000
/testbench/cpu/l3/u0/leon3x0/vhdl/p0/iu/r.d.cwp:101
/testbench/cpu/l3/u0/leon3x0/vhdl/p0/iu/r.x.laddr:00
/testbench/cpu/l3/u0/leon3x0/vhdl/p0/iu/r.e.mulstep:0
/testbench/cpu/l3/u0/leon3x0/vhdl/p0/iu/r.e.ymsb:0
/testbench/cpu/l3/u0/leon3x0/vhdl/p0/iu/r.d.rexbuf:00000000000000000000000000000000
/testbench/cpu/l3/u0/leon3x0/vhdl/p0/iu/r.x.npc:100
/testbench/cpu/l3/u0/leon3x0/vhdl/p0/iu/r.f.pc:01000000000000000000001001000100
/testbench/cpu/l3/u0/leon3x0/vhdl/p0/iu/r.d.annul:0
/testbench/cpu/l3/u0/leon3x0/vhdl/p0/iu/r.x.rstate:run
/testbench/cpu/l3/u0/leon3x0/vhdl/p0/iu/r.x.set:0
/testbench/cpu/l3/u0/leon3x0/vhdl/p0/iu/r.m.result:00000000000000000000000000000011
/testbench/cpu/l3/u0/leon3x0/vhdl/p0/iu/r.e.icc:UUUU
/testbench/cpu/l3/u0/leon3x0/vhdl/p0/iu/r.a.getpc:0
/testbench/cpu/l3/u0/leon3x0/vhdl/p0/iu/r.a.ldchkex:1
/testbench/cpu/l3/u0/leon3x0/vhdl/p0/iu/r.x.mexc:0
/testbench/cpu/l3/u0/leon3x0/vhdl/p0/iu/r.a.mulstart:0
/testbench/cpu/l3/u0/leon3x0/vhdl/p0/iu/r.d.rexpos:10
/testbench/cpu/l3/u0/leon3x0/vhdl/p0/iu/r.x.annul_all:0
/testbench/cpu/l3/u0/leon3x0/vhdl/p0/iu/r.e.aluop:000
/testbench/cpu/l3/u0/leon3x0/vhdl/p0/iu/r.x.debug:0
/testbench/cpu/l3/u0/leon3x0/vhdl/p0/iu/r.a.rfe1:0
/testbench/cpu/l3/u0/leon3x0/vhdl/p0/iu/r.d.step:0
/testbench/cpu/l3/u0/leon3x0/vhdl/p0/iu/r.a.rfe2:0
/testbench/cpu/l3/u0/leon3x0/vhdl/p0/iu/r.e.alucin:0
/testbench/cpu/l3/u0/leon3x0/vhdl/p0/iu/r.a.wunf:0
compare to golden: 1
======================================
progstatus: -2
execerr: 62
latent: 1
time limit!
>>>>>>>>>>>>>>> 2899665000
======================================
