Test signal = /testbench/cpu/l3/u0/leon3x0/vhdl/p0/iu/r.a.wovf
oldval = 0
pos1: -1 pos0: 0 posU: -1
newval = 1
force in 1315628
584840000 >> iteration no: 0
1027865000 >> iteration no: 1
1470840000 >> iteration no: 2
Signal value: 0
oldval = 0
pos1: -1 pos0: 0 posU: -1
newval = 1
1896315000 >> Requesting for the AHB bus...
1896890000 >> AHB granted, starting recovery...
1916090000 >> Recovery done, continuing...
1916440000 >> Requesting for the AHB bus...
1917015000 >> AHB granted, starting recovery...
1936215000 >> Recovery done, continuing...
1936565000 >> Requesting for the AHB bus...
1937140000 >> AHB granted, starting recovery...
1956340000 >> Recovery done, continuing...
1956690000 >> Requesting for the AHB bus...
1957265000 >> AHB granted, starting recovery...
1976465000 >> Recovery done, continuing...
1976815000 >> Requesting for the AHB bus...
1977390000 >> AHB granted, starting recovery...
1996590000 >> Recovery done, continuing...
1996940000 >> Requesting for the AHB bus...
1997515000 >> AHB granted, starting recovery...
2016715000 >> Recovery done, continuing...
2017065000 >> Requesting for the AHB bus...
2017640000 >> AHB granted, starting recovery...
2036840000 >> Recovery done, continuing...
2037190000 >> Requesting for the AHB bus...
2037765000 >> AHB granted, starting recovery...
2056965000 >> Recovery done, continuing...
2057315000 >> Requesting for the AHB bus...
2057890000 >> AHB granted, starting recovery...
2077090000 >> Recovery done, continuing...
2077440000 >> Requesting for the AHB bus...
2078015000 >> AHB granted, starting recovery...
2097215000 >> Recovery done, continuing...
2097565000 >> Requesting for the AHB bus...
2098140000 >> AHB granted, starting recovery...
2117340000 >> Recovery done, continuing...
2117690000 >> Requesting for the AHB bus...
2118265000 >> AHB granted, starting recovery...
2137465000 >> Recovery done, continuing...
2137815000 >> Requesting for the AHB bus...
2138390000 >> AHB granted, starting recovery...
2157590000 >> Recovery done, continuing...
2157940000 >> Requesting for the AHB bus...
2158515000 >> AHB granted, starting recovery...
2177715000 >> Recovery done, continuing...
2178065000 >> Requesting for the AHB bus...
2178640000 >> AHB granted, starting recovery...
2197840000 >> Recovery done, continuing...
2198190000 >> Requesting for the AHB bus...
2198765000 >> AHB granted, starting recovery...
2217965000 >> Recovery done, continuing...
2218315000 >> Requesting for the AHB bus...
2218890000 >> AHB granted, starting recovery...
2238090000 >> Recovery done, continuing...
2238440000 >> Requesting for the AHB bus...
2239015000 >> AHB granted, starting recovery...
2258215000 >> Recovery done, continuing...
2258565000 >> Requesting for the AHB bus...
2259140000 >> AHB granted, starting recovery...
2278340000 >> Recovery done, continuing...
2278690000 >> Requesting for the AHB bus...
2279265000 >> AHB granted, starting recovery...
2298465000 >> Recovery done, continuing...
2298815000 >> Requesting for the AHB bus...
2299390000 >> AHB granted, starting recovery...
2318590000 >> Recovery done, continuing...
2318940000 >> Requesting for the AHB bus...
2319515000 >> AHB granted, starting recovery...
2338715000 >> Recovery done, continuing...
2339065000 >> Requesting for the AHB bus...
2339640000 >> AHB granted, starting recovery...
2358840000 >> Recovery done, continuing...
2359190000 >> Requesting for the AHB bus...
2359765000 >> AHB granted, starting recovery...
2378965000 >> Recovery done, continuing...
2379315000 >> Requesting for the AHB bus...
2379890000 >> AHB granted, starting recovery...
2399090000 >> Recovery done, continuing...
2399440000 >> Requesting for the AHB bus...
2400015000 >> AHB granted, starting recovery...
2419215000 >> Recovery done, continuing...
2419565000 >> Requesting for the AHB bus...
2420140000 >> AHB granted, starting recovery...
2439340000 >> Recovery done, continuing...
2439690000 >> Requesting for the AHB bus...
2440265000 >> AHB granted, starting recovery...
2459465000 >> Recovery done, continuing...
2459815000 >> Requesting for the AHB bus...
2460390000 >> AHB granted, starting recovery...
2479590000 >> Recovery done, continuing...
2479940000 >> Requesting for the AHB bus...
2480515000 >> AHB granted, starting recovery...
2499715000 >> Recovery done, continuing...
2500065000 >> Requesting for the AHB bus...
2500640000 >> AHB granted, starting recovery...
2519840000 >> Recovery done, continuing...
2520190000 >> Requesting for the AHB bus...
2520765000 >> AHB granted, starting recovery...
2539965000 >> Recovery done, continuing...
2540315000 >> Requesting for the AHB bus...
2540890000 >> AHB granted, starting recovery...
2560090000 >> Recovery done, continuing...
2560440000 >> Requesting for the AHB bus...
2561015000 >> AHB granted, starting recovery...
2580215000 >> Recovery done, continuing...
2580565000 >> Requesting for the AHB bus...
2581140000 >> AHB granted, starting recovery...
2600340000 >> Recovery done, continuing...
2600690000 >> Requesting for the AHB bus...
2601265000 >> AHB granted, starting recovery...
2620465000 >> Recovery done, continuing...
2620815000 >> Requesting for the AHB bus...
2621390000 >> AHB granted, starting recovery...
2640590000 >> Recovery done, continuing...
2640940000 >> Requesting for the AHB bus...
2641515000 >> AHB granted, starting recovery...
2660715000 >> Recovery done, continuing...
2661065000 >> Requesting for the AHB bus...
2661640000 >> AHB granted, starting recovery...
2680840000 >> Recovery done, continuing...
2681190000 >> Requesting for the AHB bus...
2681765000 >> AHB granted, starting recovery...
2700965000 >> Recovery done, continuing...
2701315000 >> Requesting for the AHB bus...
2701890000 >> AHB granted, starting recovery...
2721090000 >> Recovery done, continuing...
2721440000 >> Requesting for the AHB bus...
2722015000 >> AHB granted, starting recovery...
2741215000 >> Recovery done, continuing...
2741565000 >> Requesting for the AHB bus...
2742140000 >> AHB granted, starting recovery...
2761340000 >> Recovery done, continuing...
2761690000 >> Requesting for the AHB bus...
2762265000 >> AHB granted, starting recovery...
2781465000 >> Recovery done, continuing...
2781815000 >> Requesting for the AHB bus...
2782390000 >> AHB granted, starting recovery...
2801590000 >> Recovery done, continuing...
2801940000 >> Requesting for the AHB bus...
2802515000 >> AHB granted, starting recovery...
2821715000 >> Recovery done, continuing...
2822065000 >> Requesting for the AHB bus...
2822640000 >> AHB granted, starting recovery...
2841840000 >> Recovery done, continuing...
2842190000 >> Requesting for the AHB bus...
2842765000 >> AHB granted, starting recovery...
2861965000 >> Recovery done, continuing...
2862315000 >> Requesting for the AHB bus...
2862890000 >> AHB granted, starting recovery...
2882090000 >> Recovery done, continuing...
2882440000 >> Requesting for the AHB bus...
2883015000 >> AHB granted, starting recovery...
2899665000 >> time limit reached...
/testbench/cpu/l3/u0/leon3x0/vhdl/p0/iu/r.w.wreg:1
/testbench/cpu/l3/u0/leon3x0/vhdl/p0/iu/r.m.irqen:1
/testbench/cpu/l3/u0/leon3x0/vhdl/p0/iu/r.m.icc:1001
/testbench/cpu/l3/u0/leon3x0/vhdl/p0/iu/r.a.ticc:0
/testbench/cpu/l3/u0/leon3x0/vhdl/p0/iu/r.a.step:0
/testbench/cpu/l3/u0/leon3x0/vhdl/p0/iu/r.m.irqen2:1
/testbench/cpu/l3/u0/leon3x0/vhdl/p0/iu/r.d.pc:01000000000000000000001110101000
/testbench/cpu/l3/u0/leon3x0/vhdl/p0/iu/r.d.rexpl:{{00000000000000000000000000000000} {00} {0} 0 0 {0000000000000000000} 0 0 0 0 0 0}
/testbench/cpu/l3/u0/leon3x0/vhdl/p0/iu/r.d.mexc:0
/testbench/cpu/l3/u0/leon3x0/vhdl/p0/iu/r.a.aw:0
/testbench/cpu/l3/u0/leon3x0/vhdl/p0/iu/r.e.ctrl:{{01000000000000000000001110100100} {11000010000001111011111111111000} {00} {10000001} {000000} 0 0 1 0 0 1 1 0 0}
/testbench/cpu/l3/u0/leon3x0/vhdl/p0/iu/r.a.divstart:0
/testbench/cpu/l3/u0/leon3x0/vhdl/p0/iu/r.e.shleft:0
/testbench/cpu/l3/u0/leon3x0/vhdl/p0/iu/r.a.bp:0
/testbench/cpu/l3/u0/leon3x0/vhdl/p0/iu/r.w.twcwp:000
/testbench/cpu/l3/u0/leon3x0/vhdl/p0/iu/r.a.jmpl:0
/testbench/cpu/l3/u0/leon3x0/vhdl/p0/iu/r.m.casa:0
/testbench/cpu/l3/u0/leon3x0/vhdl/p0/iu/r.m.werr:0
/testbench/cpu/l3/u0/leon3x0/vhdl/p0/iu/r.e.su:1
/testbench/cpu/l3/u0/leon3x0/vhdl/p0/iu/r.e.et:1
/testbench/cpu/l3/u0/leon3x0/vhdl/p0/iu/r.a.ldcheck1:1
/testbench/cpu/l3/u0/leon3x0/vhdl/p0/iu/r.d.stwin:000
/testbench/cpu/l3/u0/leon3x0/vhdl/p0/iu/r.a.ldcheck2:0
/testbench/cpu/l3/u0/leon3x0/vhdl/p0/iu/r.x.intack:0
/testbench/cpu/l3/u0/leon3x0/vhdl/p0/iu/r.m.ctrl:{{01000000000000000000001110100000} {11000000001010001000000000000001} {01} {10000000} {000101} 1 0 0 0 0 0 0 0 0}
/testbench/cpu/l3/u0/leon3x0/vhdl/p0/iu/r.a.cwp:110
/testbench/cpu/l3/u0/leon3x0/vhdl/p0/iu/r.e.sari:0
/testbench/cpu/l3/u0/leon3x0/vhdl/p0/iu/r.d.paw:0
/testbench/cpu/l3/u0/leon3x0/vhdl/p0/iu/r.d.aw:0
/testbench/cpu/l3/u0/leon3x0/vhdl/p0/iu/r.d.awp:000
/testbench/cpu/l3/u0/leon3x0/vhdl/p0/iu/r.x.ctrl:{{01000000000000000000001110100000} {11000000001010001000000000000001} {00} {10000000} {000000} 0 0 0 0 0 0 1 0 0}
/testbench/cpu/l3/u0/leon3x0/vhdl/p0/iu/r.m.rexnalign:0
/testbench/cpu/l3/u0/leon3x0/vhdl/p0/iu/r.m.su:1
/testbench/cpu/l3/u0/leon3x0/vhdl/p0/iu/r.m.wcwp:0
/testbench/cpu/l3/u0/leon3x0/vhdl/p0/iu/r.d.divrdy:0
/testbench/cpu/l3/u0/leon3x0/vhdl/p0/iu/r.e.cwp:110
/testbench/cpu/l3/u0/leon3x0/vhdl/p0/iu/r.w.except:0
/testbench/cpu/l3/u0/leon3x0/vhdl/p0/iu/r.x.nerror:0
/testbench/cpu/l3/u0/leon3x0/vhdl/p0/iu/r.a.bpimiss:0
/testbench/cpu/l3/u0/leon3x0/vhdl/p0/iu/r.a.nobp:0
/testbench/cpu/l3/u0/leon3x0/vhdl/p0/iu/r.d.rexcnt:0
/testbench/cpu/l3/u0/leon3x0/vhdl/p0/iu/r.w.s:{{110} {1001} {00000000} {01000000000000000000} {00000010} {0000} 0 0 1 1 1 {00000000000000000000000000000000} {UUUUUUUUUUUUUUUUUUUUUUUUUUUUUUUU} 1 0 0 1 1 1 0 0 {000} {000} {111}}
/testbench/cpu/l3/u0/leon3x0/vhdl/p0/iu/r.d.pv:1
/testbench/cpu/l3/u0/leon3x0/vhdl/p0/iu/r.a.ldchkra:1
/testbench/cpu/l3/u0/leon3x0/vhdl/p0/iu/r.a.rfa1:10000001
/testbench/cpu/l3/u0/leon3x0/vhdl/p0/iu/r.a.rfa2:10000001
/testbench/cpu/l3/u0/leon3x0/vhdl/p0/iu/r.a.imm:00000000000000000000000000000001
/testbench/cpu/l3/u0/leon3x0/vhdl/p0/iu/r.w.wa:10000010
/testbench/cpu/l3/u0/leon3x0/vhdl/p0/iu/r.m.casaz:0
/testbench/cpu/l3/u0/leon3x0/vhdl/p0/iu/r.x.dci:{0 1 0 0 0 0 {00} {00001011}}
/testbench/cpu/l3/u0/leon3x0/vhdl/p0/iu/r.x.mac:0
/testbench/cpu/l3/u0/leon3x0/vhdl/p0/iu/r.m.divz:0
/testbench/cpu/l3/u0/leon3x0/vhdl/p0/iu/r.d.inst:{{10000010000000000110000000000001}}
/testbench/cpu/l3/u0/leon3x0/vhdl/p0/iu/r.e.rfe1:1
/testbench/cpu/l3/u0/leon3x0/vhdl/p0/iu/r.a.wovf:0
/testbench/cpu/l3/u0/leon3x0/vhdl/p0/iu/r.e.rfe2:0
/testbench/cpu/l3/u0/leon3x0/vhdl/p0/iu/r.e.op1:01000000000011111111111100000000
/testbench/cpu/l3/u0/leon3x0/vhdl/p0/iu/r.m.nalign:1
/testbench/cpu/l3/u0/leon3x0/vhdl/p0/iu/r.e.op2:11111111111111111111111111111000
/testbench/cpu/l3/u0/leon3x0/vhdl/p0/iu/r.d.rexen:0
/testbench/cpu/l3/u0/leon3x0/vhdl/p0/iu/r.a.ctrl:{{01000000000000000000001110101000} {10000010000000000110000000000001} {00} {10000001} {000000} 0 1 0 0 0 0 0 0 0}
/testbench/cpu/l3/u0/leon3x0/vhdl/p0/iu/r.x.ipend:0
/testbench/cpu/l3/u0/leon3x0/vhdl/p0/iu/r.e.ldbp1:0
/testbench/cpu/l3/u0/leon3x0/vhdl/p0/iu/r.e.aluadd:1
/testbench/cpu/l3/u0/leon3x0/vhdl/p0/iu/r.d.set:0
/testbench/cpu/l3/u0/leon3x0/vhdl/p0/iu/r.d.inull:0
/testbench/cpu/l3/u0/leon3x0/vhdl/p0/iu/r.e.ldbp2:0
/testbench/cpu/l3/u0/leon3x0/vhdl/p0/iu/r.d.cnt:00
/testbench/cpu/l3/u0/leon3x0/vhdl/p0/iu/r.a.su:1
/testbench/cpu/l3/u0/leon3x0/vhdl/p0/iu/r.a.et:1
/testbench/cpu/l3/u0/leon3x0/vhdl/p0/iu/r.e.mul:0
/testbench/cpu/l3/u0/leon3x0/vhdl/p0/iu/r.e.alusel:00
/testbench/cpu/l3/u0/leon3x0/vhdl/p0/iu/r.e.aw:U
/testbench/cpu/l3/u0/leon3x0/vhdl/p0/iu/r.e.mac:0
/testbench/cpu/l3/u0/leon3x0/vhdl/p0/iu/r.a.decill:0
/testbench/cpu/l3/u0/leon3x0/vhdl/p0/iu/r.x.icc:1001
/testbench/cpu/l3/u0/leon3x0/vhdl/p0/iu/r.x.result:01000000000000000001101011100011
/testbench/cpu/l3/u0/leon3x0/vhdl/p0/iu/r.e.bp:0
/testbench/cpu/l3/u0/leon3x0/vhdl/p0/iu/r.a.rs1:00001
/testbench/cpu/l3/u0/leon3x0/vhdl/p0/iu/r.e.jmpl:0
/testbench/cpu/l3/u0/leon3x0/vhdl/p0/iu/r.a.rsel1:001
/testbench/cpu/l3/u0/leon3x0/vhdl/p0/iu/r.x.y:00000000000000000000000000000000
/testbench/cpu/l3/u0/leon3x0/vhdl/p0/iu/r.a.rsel2:100
/testbench/cpu/l3/u0/leon3x0/vhdl/p0/iu/r.a.awp:000
/testbench/cpu/l3/u0/leon3x0/vhdl/p0/iu/r.a.paw:0
/testbench/cpu/l3/u0/leon3x0/vhdl/p0/iu/r.x.data:{{00000000000000000000000000000011}}
/testbench/cpu/l3/u0/leon3x0/vhdl/p0/iu/r.m.mul:0
/testbench/cpu/l3/u0/leon3x0/vhdl/p0/iu/r.e.rd:UUUUU
/testbench/cpu/l3/u0/leon3x0/vhdl/p0/iu/r.e.invop2:0
/testbench/cpu/l3/u0/leon3x0/vhdl/p0/iu/r.m.wawp:0
/testbench/cpu/l3/u0/leon3x0/vhdl/p0/iu/r.d.cwpmax:111
/testbench/cpu/l3/u0/leon3x0/vhdl/p0/iu/r.f.branch:0
/testbench/cpu/l3/u0/leon3x0/vhdl/p0/iu/r.d.pcheld:1
/testbench/cpu/l3/u0/leon3x0/vhdl/p0/iu/r.m.dci:{0 0 0 0 0 0 {00} {00001011}}
/testbench/cpu/l3/u0/leon3x0/vhdl/p0/iu/r.e.paw:U
/testbench/cpu/l3/u0/leon3x0/vhdl/p0/iu/r.e.awp:UUU
/testbench/cpu/l3/u0/leon3x0/vhdl/p0/iu/r.e.shcnt:11000
/testbench/cpu/l3/u0/leon3x0/vhdl/p0/iu/r.w.result:01000000000000000001101011100000
/testbench/cpu/l3/u0/leon3x0/vhdl/p0/iu/r.m.mac:0
/testbench/cpu/l3/u0/leon3x0/vhdl/p0/iu/r.m.y:00000000000000000000000000000000
/testbench/cpu/l3/u0/leon3x0/vhdl/p0/iu/r.d.cwp:110
/testbench/cpu/l3/u0/leon3x0/vhdl/p0/iu/r.x.laddr:11
/testbench/cpu/l3/u0/leon3x0/vhdl/p0/iu/r.e.mulstep:0
/testbench/cpu/l3/u0/leon3x0/vhdl/p0/iu/r.e.ymsb:0
/testbench/cpu/l3/u0/leon3x0/vhdl/p0/iu/r.d.rexbuf:00000000000000000000000000000000
/testbench/cpu/l3/u0/leon3x0/vhdl/p0/iu/r.x.npc:100
/testbench/cpu/l3/u0/leon3x0/vhdl/p0/iu/r.f.pc:01000000000000000000001110101100
/testbench/cpu/l3/u0/leon3x0/vhdl/p0/iu/r.d.annul:0
/testbench/cpu/l3/u0/leon3x0/vhdl/p0/iu/r.x.rstate:run
/testbench/cpu/l3/u0/leon3x0/vhdl/p0/iu/r.x.set:0
/testbench/cpu/l3/u0/leon3x0/vhdl/p0/iu/r.m.result:00000000000000000000000000000000
/testbench/cpu/l3/u0/leon3x0/vhdl/p0/iu/r.e.icc:UUUU
/testbench/cpu/l3/u0/leon3x0/vhdl/p0/iu/r.a.getpc:0
/testbench/cpu/l3/u0/leon3x0/vhdl/p0/iu/r.a.ldchkex:1
/testbench/cpu/l3/u0/leon3x0/vhdl/p0/iu/r.x.mexc:0
/testbench/cpu/l3/u0/leon3x0/vhdl/p0/iu/r.a.mulstart:0
/testbench/cpu/l3/u0/leon3x0/vhdl/p0/iu/r.d.rexpos:10
/testbench/cpu/l3/u0/leon3x0/vhdl/p0/iu/r.x.annul_all:0
/testbench/cpu/l3/u0/leon3x0/vhdl/p0/iu/r.e.aluop:000
/testbench/cpu/l3/u0/leon3x0/vhdl/p0/iu/r.x.debug:0
/testbench/cpu/l3/u0/leon3x0/vhdl/p0/iu/r.a.rfe1:0
/testbench/cpu/l3/u0/leon3x0/vhdl/p0/iu/r.d.step:0
/testbench/cpu/l3/u0/leon3x0/vhdl/p0/iu/r.a.rfe2:0
/testbench/cpu/l3/u0/leon3x0/vhdl/p0/iu/r.e.alucin:0
/testbench/cpu/l3/u0/leon3x0/vhdl/p0/iu/r.a.wunf:0
compare to golden: 1
======================================
progstatus: -2
execerr: 50
latent: 1
time limit!
>>>>>>>>>>>>>>> 2899665000
======================================
