Test signal = /testbench/cpu/l3/u0/leon3x0/vhdl/p0/iu/r.d.annul
oldval = 0
pos1: -1 pos0: 0 posU: -1
newval = 1
force in 962574
584840000 >> iteration no: 0
1027865000 >> iteration no: 1
1470840000 >> iteration no: 2
Signal value: 0
oldval = 0
pos1: -1 pos0: 0 posU: -1
newval = 1
1543915000 >> Requesting for the AHB bus...
1544940000 >> AHB granted, starting recovery...
1564140000 >> Recovery done, continuing...
1564840000 >> Requesting for the AHB bus...
1565615000 >> AHB granted, starting recovery...
1584815000 >> Recovery done, continuing...
1585515000 >> Requesting for the AHB bus...
1586290000 >> AHB granted, starting recovery...
1605490000 >> Recovery done, continuing...
1606190000 >> Requesting for the AHB bus...
1606965000 >> AHB granted, starting recovery...
1626165000 >> Recovery done, continuing...
1626865000 >> Requesting for the AHB bus...
1627640000 >> AHB granted, starting recovery...
1646840000 >> Recovery done, continuing...
1647540000 >> Requesting for the AHB bus...
1648315000 >> AHB granted, starting recovery...
1667515000 >> Recovery done, continuing...
1668215000 >> Requesting for the AHB bus...
1668990000 >> AHB granted, starting recovery...
1688190000 >> Recovery done, continuing...
1688890000 >> Requesting for the AHB bus...
1689665000 >> AHB granted, starting recovery...
1708865000 >> Recovery done, continuing...
1709740000 >> Requesting for the AHB bus...
1710515000 >> AHB granted, starting recovery...
1729715000 >> Recovery done, continuing...
1730415000 >> Requesting for the AHB bus...
1731190000 >> AHB granted, starting recovery...
1750390000 >> Recovery done, continuing...
1751090000 >> Requesting for the AHB bus...
1751865000 >> AHB granted, starting recovery...
1771065000 >> Recovery done, continuing...
1771765000 >> Requesting for the AHB bus...
1772540000 >> AHB granted, starting recovery...
1791740000 >> Recovery done, continuing...
1792440000 >> Requesting for the AHB bus...
1793365000 >> AHB granted, starting recovery...
1812565000 >> Recovery done, continuing...
1813265000 >> Requesting for the AHB bus...
1814040000 >> AHB granted, starting recovery...
1833240000 >> Recovery done, continuing...
1833940000 >> Requesting for the AHB bus...
1834715000 >> AHB granted, starting recovery...
1853915000 >> Recovery done, continuing...
1854615000 >> Requesting for the AHB bus...
1855390000 >> AHB granted, starting recovery...
1874590000 >> Recovery done, continuing...
1875290000 >> Requesting for the AHB bus...
1876065000 >> AHB granted, starting recovery...
1895265000 >> Recovery done, continuing...
1895965000 >> Requesting for the AHB bus...
1896740000 >> AHB granted, starting recovery...
1915940000 >> Recovery done, continuing...
1916640000 >> Requesting for the AHB bus...
1917415000 >> AHB granted, starting recovery...
1936615000 >> Recovery done, continuing...
1937315000 >> Requesting for the AHB bus...
1938090000 >> AHB granted, starting recovery...
1957290000 >> Recovery done, continuing...
1957990000 >> Requesting for the AHB bus...
1958765000 >> AHB granted, starting recovery...
1977965000 >> Recovery done, continuing...
1978740000 >> Requesting for the AHB bus...
1979515000 >> AHB granted, starting recovery...
1998715000 >> Recovery done, continuing...
1999415000 >> Requesting for the AHB bus...
2000190000 >> AHB granted, starting recovery...
2019390000 >> Recovery done, continuing...
2020090000 >> Requesting for the AHB bus...
2020865000 >> AHB granted, starting recovery...
2040065000 >> Recovery done, continuing...
2040765000 >> Requesting for the AHB bus...
2041540000 >> AHB granted, starting recovery...
2060740000 >> Recovery done, continuing...
2061615000 >> Requesting for the AHB bus...
2062390000 >> AHB granted, starting recovery...
2081590000 >> Recovery done, continuing...
2082290000 >> Requesting for the AHB bus...
2083065000 >> AHB granted, starting recovery...
2102265000 >> Recovery done, continuing...
2102965000 >> Requesting for the AHB bus...
2103740000 >> AHB granted, starting recovery...
2122940000 >> Recovery done, continuing...
2123640000 >> Requesting for the AHB bus...
2124415000 >> AHB granted, starting recovery...
2143615000 >> Recovery done, continuing...
2144315000 >> Requesting for the AHB bus...
2145090000 >> AHB granted, starting recovery...
2164290000 >> Recovery done, continuing...
2164990000 >> Requesting for the AHB bus...
2165765000 >> AHB granted, starting recovery...
2184965000 >> Recovery done, continuing...
2185665000 >> Requesting for the AHB bus...
2186440000 >> AHB granted, starting recovery...
2205640000 >> Recovery done, continuing...
2206340000 >> Requesting for the AHB bus...
2207115000 >> AHB granted, starting recovery...
2226315000 >> Recovery done, continuing...
2227015000 >> Requesting for the AHB bus...
2227790000 >> AHB granted, starting recovery...
2246990000 >> Recovery done, continuing...
2247690000 >> Requesting for the AHB bus...
2248465000 >> AHB granted, starting recovery...
2267665000 >> Recovery done, continuing...
2268365000 >> Requesting for the AHB bus...
2269140000 >> AHB granted, starting recovery...
2288340000 >> Recovery done, continuing...
2289040000 >> Requesting for the AHB bus...
2289815000 >> AHB granted, starting recovery...
2309015000 >> Recovery done, continuing...
2309715000 >> Requesting for the AHB bus...
2310490000 >> AHB granted, starting recovery...
2329690000 >> Recovery done, continuing...
2330565000 >> Requesting for the AHB bus...
2331340000 >> AHB granted, starting recovery...
2350540000 >> Recovery done, continuing...
2351240000 >> Requesting for the AHB bus...
2352015000 >> AHB granted, starting recovery...
2371215000 >> Recovery done, continuing...
2371915000 >> Requesting for the AHB bus...
2372690000 >> AHB granted, starting recovery...
2391890000 >> Recovery done, continuing...
2392590000 >> Requesting for the AHB bus...
2393365000 >> AHB granted, starting recovery...
2412565000 >> Recovery done, continuing...
2413265000 >> Requesting for the AHB bus...
2414190000 >> AHB granted, starting recovery...
2433390000 >> Recovery done, continuing...
2434090000 >> Requesting for the AHB bus...
2434865000 >> AHB granted, starting recovery...
2454065000 >> Recovery done, continuing...
2454765000 >> Requesting for the AHB bus...
2455540000 >> AHB granted, starting recovery...
2474740000 >> Recovery done, continuing...
2475440000 >> Requesting for the AHB bus...
2476215000 >> AHB granted, starting recovery...
2495415000 >> Recovery done, continuing...
2496115000 >> Requesting for the AHB bus...
2496890000 >> AHB granted, starting recovery...
2516090000 >> Recovery done, continuing...
2516790000 >> Requesting for the AHB bus...
2517565000 >> AHB granted, starting recovery...
2536765000 >> Recovery done, continuing...
2537465000 >> Requesting for the AHB bus...
2538240000 >> AHB granted, starting recovery...
2557440000 >> Recovery done, continuing...
2558140000 >> Requesting for the AHB bus...
2558915000 >> AHB granted, starting recovery...
2578115000 >> Recovery done, continuing...
2578815000 >> Requesting for the AHB bus...
2579590000 >> AHB granted, starting recovery...
2598790000 >> Recovery done, continuing...
2599540000 >> Requesting for the AHB bus...
2600315000 >> AHB granted, starting recovery...
2619515000 >> Recovery done, continuing...
2620215000 >> Requesting for the AHB bus...
2620990000 >> AHB granted, starting recovery...
2640190000 >> Recovery done, continuing...
2640890000 >> Requesting for the AHB bus...
2641665000 >> AHB granted, starting recovery...
2660865000 >> Recovery done, continuing...
2661565000 >> Requesting for the AHB bus...
2662340000 >> AHB granted, starting recovery...
2681540000 >> Recovery done, continuing...
2682415000 >> Requesting for the AHB bus...
2683190000 >> AHB granted, starting recovery...
2702390000 >> Recovery done, continuing...
2703090000 >> Requesting for the AHB bus...
2703865000 >> AHB granted, starting recovery...
2723065000 >> Recovery done, continuing...
2723765000 >> Requesting for the AHB bus...
2724540000 >> AHB granted, starting recovery...
2743740000 >> Recovery done, continuing...
2744440000 >> Requesting for the AHB bus...
2745215000 >> AHB granted, starting recovery...
2764415000 >> Recovery done, continuing...
2765115000 >> Requesting for the AHB bus...
2765890000 >> AHB granted, starting recovery...
2785090000 >> Recovery done, continuing...
2785790000 >> Requesting for the AHB bus...
2786565000 >> AHB granted, starting recovery...
2805765000 >> Recovery done, continuing...
2806465000 >> Requesting for the AHB bus...
2807240000 >> AHB granted, starting recovery...
2826440000 >> Recovery done, continuing...
2827140000 >> Requesting for the AHB bus...
2827915000 >> AHB granted, starting recovery...
2847115000 >> Recovery done, continuing...
2847815000 >> Requesting for the AHB bus...
2848590000 >> AHB granted, starting recovery...
2867790000 >> Recovery done, continuing...
2868490000 >> Requesting for the AHB bus...
2869265000 >> AHB granted, starting recovery...
2888465000 >> Recovery done, continuing...
2889165000 >> Requesting for the AHB bus...
2889940000 >> AHB granted, starting recovery...
2899665000 >> time limit reached...
/testbench/cpu/l3/u0/leon3x0/vhdl/p0/iu/r.w.wreg:1
/testbench/cpu/l3/u0/leon3x0/vhdl/p0/iu/r.m.irqen:1
/testbench/cpu/l3/u0/leon3x0/vhdl/p0/iu/r.m.icc:1001
/testbench/cpu/l3/u0/leon3x0/vhdl/p0/iu/r.a.ticc:0
/testbench/cpu/l3/u0/leon3x0/vhdl/p0/iu/r.a.step:0
/testbench/cpu/l3/u0/leon3x0/vhdl/p0/iu/r.m.irqen2:1
/testbench/cpu/l3/u0/leon3x0/vhdl/p0/iu/r.d.pc:01000000000000000000001001000000
/testbench/cpu/l3/u0/leon3x0/vhdl/p0/iu/r.d.rexpl:{{00000000000000000000000000000000} {00} {0} 0 0 {0000000000000000000} 0 0 0 0 0 0}
/testbench/cpu/l3/u0/leon3x0/vhdl/p0/iu/r.d.mexc:0
/testbench/cpu/l3/u0/leon3x0/vhdl/p0/iu/r.a.aw:0
/testbench/cpu/l3/u0/leon3x0/vhdl/p0/iu/r.e.ctrl:{{01000000000000000000001000111100} {11000010000001111011111111111100} {00} {10000001} {000000} 0 0 1 0 0 1 1 0 0}
/testbench/cpu/l3/u0/leon3x0/vhdl/p0/iu/r.a.divstart:0
/testbench/cpu/l3/u0/leon3x0/vhdl/p0/iu/r.e.shleft:0
/testbench/cpu/l3/u0/leon3x0/vhdl/p0/iu/r.a.bp:0
/testbench/cpu/l3/u0/leon3x0/vhdl/p0/iu/r.w.twcwp:000
/testbench/cpu/l3/u0/leon3x0/vhdl/p0/iu/r.a.jmpl:0
/testbench/cpu/l3/u0/leon3x0/vhdl/p0/iu/r.m.casa:0
/testbench/cpu/l3/u0/leon3x0/vhdl/p0/iu/r.m.werr:0
/testbench/cpu/l3/u0/leon3x0/vhdl/p0/iu/r.e.su:1
/testbench/cpu/l3/u0/leon3x0/vhdl/p0/iu/r.e.et:1
/testbench/cpu/l3/u0/leon3x0/vhdl/p0/iu/r.a.ldcheck1:1
/testbench/cpu/l3/u0/leon3x0/vhdl/p0/iu/r.d.stwin:000
/testbench/cpu/l3/u0/leon3x0/vhdl/p0/iu/r.a.ldcheck2:0
/testbench/cpu/l3/u0/leon3x0/vhdl/p0/iu/r.x.intack:0
/testbench/cpu/l3/u0/leon3x0/vhdl/p0/iu/r.m.ctrl:{{01000000000000000000001000111000} {11000010001001111011111111111100} {01} {10000001} {000000} 0 0 0 0 0 0 0 0 0}
/testbench/cpu/l3/u0/leon3x0/vhdl/p0/iu/r.a.cwp:101
/testbench/cpu/l3/u0/leon3x0/vhdl/p0/iu/r.e.sari:0
/testbench/cpu/l3/u0/leon3x0/vhdl/p0/iu/r.d.paw:0
/testbench/cpu/l3/u0/leon3x0/vhdl/p0/iu/r.d.aw:0
/testbench/cpu/l3/u0/leon3x0/vhdl/p0/iu/r.d.awp:000
/testbench/cpu/l3/u0/leon3x0/vhdl/p0/iu/r.x.ctrl:{{01000000000000000000001000111000} {11000010001001111011111111111100} {00} {10000001} {000000} 0 0 0 0 0 0 1 0 0}
/testbench/cpu/l3/u0/leon3x0/vhdl/p0/iu/r.m.rexnalign:0
/testbench/cpu/l3/u0/leon3x0/vhdl/p0/iu/r.m.su:1
/testbench/cpu/l3/u0/leon3x0/vhdl/p0/iu/r.m.wcwp:0
/testbench/cpu/l3/u0/leon3x0/vhdl/p0/iu/r.d.divrdy:0
/testbench/cpu/l3/u0/leon3x0/vhdl/p0/iu/r.e.cwp:101
/testbench/cpu/l3/u0/leon3x0/vhdl/p0/iu/r.w.except:0
/testbench/cpu/l3/u0/leon3x0/vhdl/p0/iu/r.x.nerror:0
/testbench/cpu/l3/u0/leon3x0/vhdl/p0/iu/r.a.bpimiss:0
/testbench/cpu/l3/u0/leon3x0/vhdl/p0/iu/r.a.nobp:0
/testbench/cpu/l3/u0/leon3x0/vhdl/p0/iu/r.d.rexcnt:0
/testbench/cpu/l3/u0/leon3x0/vhdl/p0/iu/r.w.s:{{101} {1001} {00000000} {01000000000000000000} {00000010} {0000} 0 0 1 1 1 {00000000000000000000000000000000} {UUUUUUUUUUUUUUUUUUUUUUUUUUUUUUUU} 1 0 0 1 1 1 0 0 {000} {000} {111}}
/testbench/cpu/l3/u0/leon3x0/vhdl/p0/iu/r.d.pv:1
/testbench/cpu/l3/u0/leon3x0/vhdl/p0/iu/r.a.ldchkra:1
/testbench/cpu/l3/u0/leon3x0/vhdl/p0/iu/r.a.rfa1:10000001
/testbench/cpu/l3/u0/leon3x0/vhdl/p0/iu/r.a.rfa2:10000011
/testbench/cpu/l3/u0/leon3x0/vhdl/p0/iu/r.a.imm:00000000000000000000000000000011
/testbench/cpu/l3/u0/leon3x0/vhdl/p0/iu/r.w.wa:10000001
/testbench/cpu/l3/u0/leon3x0/vhdl/p0/iu/r.m.casaz:0
/testbench/cpu/l3/u0/leon3x0/vhdl/p0/iu/r.x.dci:{0 1 0 0 0 0 {10} {00001011}}
/testbench/cpu/l3/u0/leon3x0/vhdl/p0/iu/r.x.mac:0
/testbench/cpu/l3/u0/leon3x0/vhdl/p0/iu/r.m.divz:0
/testbench/cpu/l3/u0/leon3x0/vhdl/p0/iu/r.d.inst:{{10000000101000000110000000000011}}
/testbench/cpu/l3/u0/leon3x0/vhdl/p0/iu/r.e.rfe1:1
/testbench/cpu/l3/u0/leon3x0/vhdl/p0/iu/r.a.wovf:0
/testbench/cpu/l3/u0/leon3x0/vhdl/p0/iu/r.e.rfe2:0
/testbench/cpu/l3/u0/leon3x0/vhdl/p0/iu/r.e.op1:01000000000011111111111010011000
/testbench/cpu/l3/u0/leon3x0/vhdl/p0/iu/r.m.nalign:1
/testbench/cpu/l3/u0/leon3x0/vhdl/p0/iu/r.e.op2:11111111111111111111111111111100
/testbench/cpu/l3/u0/leon3x0/vhdl/p0/iu/r.d.rexen:0
/testbench/cpu/l3/u0/leon3x0/vhdl/p0/iu/r.a.ctrl:{{01000000000000000000001001000000} {10000000101000000110000000000011} {00} {10000000} {000000} 0 1 0 0 0 0 0 0 0}
/testbench/cpu/l3/u0/leon3x0/vhdl/p0/iu/r.x.ipend:0
/testbench/cpu/l3/u0/leon3x0/vhdl/p0/iu/r.e.ldbp1:0
/testbench/cpu/l3/u0/leon3x0/vhdl/p0/iu/r.e.aluadd:1
/testbench/cpu/l3/u0/leon3x0/vhdl/p0/iu/r.d.set:0
/testbench/cpu/l3/u0/leon3x0/vhdl/p0/iu/r.d.inull:0
/testbench/cpu/l3/u0/leon3x0/vhdl/p0/iu/r.e.ldbp2:0
/testbench/cpu/l3/u0/leon3x0/vhdl/p0/iu/r.d.cnt:00
/testbench/cpu/l3/u0/leon3x0/vhdl/p0/iu/r.a.su:1
/testbench/cpu/l3/u0/leon3x0/vhdl/p0/iu/r.a.et:1
/testbench/cpu/l3/u0/leon3x0/vhdl/p0/iu/r.e.mul:0
/testbench/cpu/l3/u0/leon3x0/vhdl/p0/iu/r.e.alusel:00
/testbench/cpu/l3/u0/leon3x0/vhdl/p0/iu/r.e.aw:U
/testbench/cpu/l3/u0/leon3x0/vhdl/p0/iu/r.e.mac:0
/testbench/cpu/l3/u0/leon3x0/vhdl/p0/iu/r.a.decill:0
/testbench/cpu/l3/u0/leon3x0/vhdl/p0/iu/r.x.icc:1001
/testbench/cpu/l3/u0/leon3x0/vhdl/p0/iu/r.x.result:01000000000011111111111010010100
/testbench/cpu/l3/u0/leon3x0/vhdl/p0/iu/r.e.bp:0
/testbench/cpu/l3/u0/leon3x0/vhdl/p0/iu/r.a.rs1:00001
/testbench/cpu/l3/u0/leon3x0/vhdl/p0/iu/r.e.jmpl:0
/testbench/cpu/l3/u0/leon3x0/vhdl/p0/iu/r.a.rsel1:001
/testbench/cpu/l3/u0/leon3x0/vhdl/p0/iu/r.x.y:00000000000000000000000000000000
/testbench/cpu/l3/u0/leon3x0/vhdl/p0/iu/r.a.rsel2:100
/testbench/cpu/l3/u0/leon3x0/vhdl/p0/iu/r.a.awp:000
/testbench/cpu/l3/u0/leon3x0/vhdl/p0/iu/r.a.paw:0
/testbench/cpu/l3/u0/leon3x0/vhdl/p0/iu/r.x.data:{{00000000000000000000000000000000}}
/testbench/cpu/l3/u0/leon3x0/vhdl/p0/iu/r.m.mul:0
/testbench/cpu/l3/u0/leon3x0/vhdl/p0/iu/r.e.rd:UUUUU
/testbench/cpu/l3/u0/leon3x0/vhdl/p0/iu/r.e.invop2:0
/testbench/cpu/l3/u0/leon3x0/vhdl/p0/iu/r.m.wawp:0
/testbench/cpu/l3/u0/leon3x0/vhdl/p0/iu/r.d.cwpmax:111
/testbench/cpu/l3/u0/leon3x0/vhdl/p0/iu/r.f.branch:0
/testbench/cpu/l3/u0/leon3x0/vhdl/p0/iu/r.d.pcheld:1
/testbench/cpu/l3/u0/leon3x0/vhdl/p0/iu/r.m.dci:{0 0 0 1 0 0 {10} {00001011}}
/testbench/cpu/l3/u0/leon3x0/vhdl/p0/iu/r.e.paw:U
/testbench/cpu/l3/u0/leon3x0/vhdl/p0/iu/r.e.awp:UUU
/testbench/cpu/l3/u0/leon3x0/vhdl/p0/iu/r.e.shcnt:11100
/testbench/cpu/l3/u0/leon3x0/vhdl/p0/iu/r.w.result:00000000000000000000000000000001
/testbench/cpu/l3/u0/leon3x0/vhdl/p0/iu/r.m.mac:0
/testbench/cpu/l3/u0/leon3x0/vhdl/p0/iu/r.m.y:00000000000000000000000000000000
/testbench/cpu/l3/u0/leon3x0/vhdl/p0/iu/r.d.cwp:101
/testbench/cpu/l3/u0/leon3x0/vhdl/p0/iu/r.x.laddr:00
/testbench/cpu/l3/u0/leon3x0/vhdl/p0/iu/r.e.mulstep:0
/testbench/cpu/l3/u0/leon3x0/vhdl/p0/iu/r.e.ymsb:0
/testbench/cpu/l3/u0/leon3x0/vhdl/p0/iu/r.d.rexbuf:00000000000000000000000000000000
/testbench/cpu/l3/u0/leon3x0/vhdl/p0/iu/r.x.npc:100
/testbench/cpu/l3/u0/leon3x0/vhdl/p0/iu/r.f.pc:01000000000000000000001001000100
/testbench/cpu/l3/u0/leon3x0/vhdl/p0/iu/r.d.annul:0
/testbench/cpu/l3/u0/leon3x0/vhdl/p0/iu/r.x.rstate:run
/testbench/cpu/l3/u0/leon3x0/vhdl/p0/iu/r.x.set:0
/testbench/cpu/l3/u0/leon3x0/vhdl/p0/iu/r.m.result:00000000000000000000000000000001
/testbench/cpu/l3/u0/leon3x0/vhdl/p0/iu/r.e.icc:UUUU
/testbench/cpu/l3/u0/leon3x0/vhdl/p0/iu/r.a.getpc:0
/testbench/cpu/l3/u0/leon3x0/vhdl/p0/iu/r.a.ldchkex:1
/testbench/cpu/l3/u0/leon3x0/vhdl/p0/iu/r.x.mexc:0
/testbench/cpu/l3/u0/leon3x0/vhdl/p0/iu/r.a.mulstart:0
/testbench/cpu/l3/u0/leon3x0/vhdl/p0/iu/r.d.rexpos:10
/testbench/cpu/l3/u0/leon3x0/vhdl/p0/iu/r.x.annul_all:0
/testbench/cpu/l3/u0/leon3x0/vhdl/p0/iu/r.e.aluop:000
/testbench/cpu/l3/u0/leon3x0/vhdl/p0/iu/r.x.debug:0
/testbench/cpu/l3/u0/leon3x0/vhdl/p0/iu/r.a.rfe1:0
/testbench/cpu/l3/u0/leon3x0/vhdl/p0/iu/r.d.step:0
/testbench/cpu/l3/u0/leon3x0/vhdl/p0/iu/r.a.rfe2:0
/testbench/cpu/l3/u0/leon3x0/vhdl/p0/iu/r.e.alucin:0
/testbench/cpu/l3/u0/leon3x0/vhdl/p0/iu/r.a.wunf:0
compare to golden: 1
======================================
progstatus: -2
execerr: 66
latent: 1
time limit!
>>>>>>>>>>>>>>> 2899665000
======================================
