Test signal = /testbench/cpu/l3/u0/leon3x0/vhdl/p0/iu/r.d.cwp
oldval = 111
pos1: 2 pos0: -1 posU: -1
newval = 110
force in 1223874
584840000 >> iteration no: 0
1027865000 >> iteration no: 1
1470840000 >> iteration no: 2
Signal value: 101
oldval = 101
pos1: 2 pos0: 1 posU: -1
newval = 100
1804740000 >> Requesting for the AHB bus...
1805490000 >> AHB granted, starting recovery...
1824690000 >> Recovery done, continuing...
1825390000 >> Requesting for the AHB bus...
1826165000 >> AHB granted, starting recovery...
1845365000 >> Recovery done, continuing...
1846065000 >> Requesting for the AHB bus...
1846840000 >> AHB granted, starting recovery...
1866040000 >> Recovery done, continuing...
1866740000 >> Requesting for the AHB bus...
1867515000 >> AHB granted, starting recovery...
1886715000 >> Recovery done, continuing...
1887415000 >> Requesting for the AHB bus...
1888190000 >> AHB granted, starting recovery...
1907390000 >> Recovery done, continuing...
1908265000 >> Requesting for the AHB bus...
1909040000 >> AHB granted, starting recovery...
1928240000 >> Recovery done, continuing...
1928940000 >> Requesting for the AHB bus...
1929715000 >> AHB granted, starting recovery...
1948915000 >> Recovery done, continuing...
1949615000 >> Requesting for the AHB bus...
1950390000 >> AHB granted, starting recovery...
1969590000 >> Recovery done, continuing...
1970290000 >> Requesting for the AHB bus...
1971065000 >> AHB granted, starting recovery...
1990265000 >> Recovery done, continuing...
1990965000 >> Requesting for the AHB bus...
1991890000 >> AHB granted, starting recovery...
2011090000 >> Recovery done, continuing...
2011790000 >> Requesting for the AHB bus...
2012565000 >> AHB granted, starting recovery...
2031765000 >> Recovery done, continuing...
2032465000 >> Requesting for the AHB bus...
2033240000 >> AHB granted, starting recovery...
2052440000 >> Recovery done, continuing...
2053140000 >> Requesting for the AHB bus...
2053915000 >> AHB granted, starting recovery...
2073115000 >> Recovery done, continuing...
2073815000 >> Requesting for the AHB bus...
2074590000 >> AHB granted, starting recovery...
2093790000 >> Recovery done, continuing...
2094490000 >> Requesting for the AHB bus...
2095265000 >> AHB granted, starting recovery...
2114465000 >> Recovery done, continuing...
2115165000 >> Requesting for the AHB bus...
2115940000 >> AHB granted, starting recovery...
2135140000 >> Recovery done, continuing...
2135840000 >> Requesting for the AHB bus...
2136615000 >> AHB granted, starting recovery...
2155815000 >> Recovery done, continuing...
2156515000 >> Requesting for the AHB bus...
2157290000 >> AHB granted, starting recovery...
2176490000 >> Recovery done, continuing...
2177190000 >> Requesting for the AHB bus...
2177965000 >> AHB granted, starting recovery...
2197165000 >> Recovery done, continuing...
2197865000 >> Requesting for the AHB bus...
2198640000 >> AHB granted, starting recovery...
2217840000 >> Recovery done, continuing...
2218540000 >> Requesting for the AHB bus...
2219315000 >> AHB granted, starting recovery...
2238515000 >> Recovery done, continuing...
2239215000 >> Requesting for the AHB bus...
2239990000 >> AHB granted, starting recovery...
2259190000 >> Recovery done, continuing...
2260065000 >> Requesting for the AHB bus...
2260840000 >> AHB granted, starting recovery...
2280040000 >> Recovery done, continuing...
2280740000 >> Requesting for the AHB bus...
2281515000 >> AHB granted, starting recovery...
2300715000 >> Recovery done, continuing...
2301415000 >> Requesting for the AHB bus...
2302190000 >> AHB granted, starting recovery...
2321390000 >> Recovery done, continuing...
2322090000 >> Requesting for the AHB bus...
2322865000 >> AHB granted, starting recovery...
2342065000 >> Recovery done, continuing...
2342765000 >> Requesting for the AHB bus...
2343715000 >> AHB granted, starting recovery...
2362915000 >> Recovery done, continuing...
2363615000 >> Requesting for the AHB bus...
2364390000 >> AHB granted, starting recovery...
2383590000 >> Recovery done, continuing...
2384290000 >> Requesting for the AHB bus...
2385065000 >> AHB granted, starting recovery...
2404265000 >> Recovery done, continuing...
2404965000 >> Requesting for the AHB bus...
2405740000 >> AHB granted, starting recovery...
2424940000 >> Recovery done, continuing...
2425640000 >> Requesting for the AHB bus...
2426415000 >> AHB granted, starting recovery...
2445615000 >> Recovery done, continuing...
2446315000 >> Requesting for the AHB bus...
2447090000 >> AHB granted, starting recovery...
2466290000 >> Recovery done, continuing...
2466990000 >> Requesting for the AHB bus...
2467765000 >> AHB granted, starting recovery...
2486965000 >> Recovery done, continuing...
2487665000 >> Requesting for the AHB bus...
2488440000 >> AHB granted, starting recovery...
2507640000 >> Recovery done, continuing...
2508340000 >> Requesting for the AHB bus...
2509115000 >> AHB granted, starting recovery...
2528315000 >> Recovery done, continuing...
2529140000 >> Requesting for the AHB bus...
2529915000 >> AHB granted, starting recovery...
2549115000 >> Recovery done, continuing...
2549815000 >> Requesting for the AHB bus...
2550590000 >> AHB granted, starting recovery...
2569790000 >> Recovery done, continuing...
2570490000 >> Requesting for the AHB bus...
2571265000 >> AHB granted, starting recovery...
2590465000 >> Recovery done, continuing...
2591165000 >> Requesting for the AHB bus...
2591940000 >> AHB granted, starting recovery...
2611140000 >> Recovery done, continuing...
2612015000 >> Requesting for the AHB bus...
2612790000 >> AHB granted, starting recovery...
2631990000 >> Recovery done, continuing...
2632690000 >> Requesting for the AHB bus...
2633465000 >> AHB granted, starting recovery...
2652665000 >> Recovery done, continuing...
2653365000 >> Requesting for the AHB bus...
2654140000 >> AHB granted, starting recovery...
2673340000 >> Recovery done, continuing...
2674040000 >> Requesting for the AHB bus...
2674815000 >> AHB granted, starting recovery...
2694015000 >> Recovery done, continuing...
2694715000 >> Requesting for the AHB bus...
2695490000 >> AHB granted, starting recovery...
2714690000 >> Recovery done, continuing...
2715390000 >> Requesting for the AHB bus...
2716165000 >> AHB granted, starting recovery...
2735365000 >> Recovery done, continuing...
2736065000 >> Requesting for the AHB bus...
2736840000 >> AHB granted, starting recovery...
2756040000 >> Recovery done, continuing...
2756740000 >> Requesting for the AHB bus...
2757515000 >> AHB granted, starting recovery...
2776715000 >> Recovery done, continuing...
2777415000 >> Requesting for the AHB bus...
2778190000 >> AHB granted, starting recovery...
2797390000 >> Recovery done, continuing...
2798090000 >> Requesting for the AHB bus...
2798865000 >> AHB granted, starting recovery...
2818065000 >> Recovery done, continuing...
2818765000 >> Requesting for the AHB bus...
2819540000 >> AHB granted, starting recovery...
2838740000 >> Recovery done, continuing...
2839440000 >> Requesting for the AHB bus...
2840215000 >> AHB granted, starting recovery...
2859415000 >> Recovery done, continuing...
2860115000 >> Requesting for the AHB bus...
2860890000 >> AHB granted, starting recovery...
2880090000 >> Recovery done, continuing...
2880965000 >> Requesting for the AHB bus...
2881740000 >> AHB granted, starting recovery...
2899665000 >> time limit reached...
/testbench/cpu/l3/u0/leon3x0/vhdl/p0/iu/r.w.wreg:1
/testbench/cpu/l3/u0/leon3x0/vhdl/p0/iu/r.m.irqen:1
/testbench/cpu/l3/u0/leon3x0/vhdl/p0/iu/r.m.icc:1001
/testbench/cpu/l3/u0/leon3x0/vhdl/p0/iu/r.a.ticc:0
/testbench/cpu/l3/u0/leon3x0/vhdl/p0/iu/r.a.step:0
/testbench/cpu/l3/u0/leon3x0/vhdl/p0/iu/r.m.irqen2:1
/testbench/cpu/l3/u0/leon3x0/vhdl/p0/iu/r.d.pc:01000000000000000000001001000000
/testbench/cpu/l3/u0/leon3x0/vhdl/p0/iu/r.d.rexpl:{{00000000000000000000000000000000} {00} {0} 0 0 {0000000000000000000} 0 0 0 0 0 0}
/testbench/cpu/l3/u0/leon3x0/vhdl/p0/iu/r.d.mexc:0
/testbench/cpu/l3/u0/leon3x0/vhdl/p0/iu/r.a.aw:0
/testbench/cpu/l3/u0/leon3x0/vhdl/p0/iu/r.e.ctrl:{{01000000000000000000001000111100} {11000010000001111011111111111100} {00} {10000001} {000000} 0 0 1 0 0 1 1 0 0}
/testbench/cpu/l3/u0/leon3x0/vhdl/p0/iu/r.a.divstart:0
/testbench/cpu/l3/u0/leon3x0/vhdl/p0/iu/r.e.shleft:0
/testbench/cpu/l3/u0/leon3x0/vhdl/p0/iu/r.a.bp:0
/testbench/cpu/l3/u0/leon3x0/vhdl/p0/iu/r.w.twcwp:000
/testbench/cpu/l3/u0/leon3x0/vhdl/p0/iu/r.a.jmpl:0
/testbench/cpu/l3/u0/leon3x0/vhdl/p0/iu/r.m.casa:0
/testbench/cpu/l3/u0/leon3x0/vhdl/p0/iu/r.m.werr:0
/testbench/cpu/l3/u0/leon3x0/vhdl/p0/iu/r.e.su:1
/testbench/cpu/l3/u0/leon3x0/vhdl/p0/iu/r.e.et:1
/testbench/cpu/l3/u0/leon3x0/vhdl/p0/iu/r.a.ldcheck1:1
/testbench/cpu/l3/u0/leon3x0/vhdl/p0/iu/r.d.stwin:000
/testbench/cpu/l3/u0/leon3x0/vhdl/p0/iu/r.a.ldcheck2:0
/testbench/cpu/l3/u0/leon3x0/vhdl/p0/iu/r.x.intack:0
/testbench/cpu/l3/u0/leon3x0/vhdl/p0/iu/r.m.ctrl:{{01000000000000000000001000111000} {11000010001001111011111111111100} {01} {10000001} {000000} 0 0 0 0 0 0 0 0 0}
/testbench/cpu/l3/u0/leon3x0/vhdl/p0/iu/r.a.cwp:101
/testbench/cpu/l3/u0/leon3x0/vhdl/p0/iu/r.e.sari:0
/testbench/cpu/l3/u0/leon3x0/vhdl/p0/iu/r.d.paw:0
/testbench/cpu/l3/u0/leon3x0/vhdl/p0/iu/r.d.aw:0
/testbench/cpu/l3/u0/leon3x0/vhdl/p0/iu/r.d.awp:000
/testbench/cpu/l3/u0/leon3x0/vhdl/p0/iu/r.x.ctrl:{{01000000000000000000001000111000} {11000010001001111011111111111100} {00} {10000001} {000000} 0 0 0 0 0 0 1 0 0}
/testbench/cpu/l3/u0/leon3x0/vhdl/p0/iu/r.m.rexnalign:0
/testbench/cpu/l3/u0/leon3x0/vhdl/p0/iu/r.m.su:1
/testbench/cpu/l3/u0/leon3x0/vhdl/p0/iu/r.m.wcwp:0
/testbench/cpu/l3/u0/leon3x0/vhdl/p0/iu/r.d.divrdy:0
/testbench/cpu/l3/u0/leon3x0/vhdl/p0/iu/r.e.cwp:101
/testbench/cpu/l3/u0/leon3x0/vhdl/p0/iu/r.w.except:0
/testbench/cpu/l3/u0/leon3x0/vhdl/p0/iu/r.x.nerror:0
/testbench/cpu/l3/u0/leon3x0/vhdl/p0/iu/r.a.bpimiss:0
/testbench/cpu/l3/u0/leon3x0/vhdl/p0/iu/r.a.nobp:0
/testbench/cpu/l3/u0/leon3x0/vhdl/p0/iu/r.d.rexcnt:0
/testbench/cpu/l3/u0/leon3x0/vhdl/p0/iu/r.w.s:{{101} {1001} {00000000} {01000000000000000000} {00000010} {0000} 0 0 1 1 1 {00000000000000000000000000000000} {UUUUUUUUUUUUUUUUUUUUUUUUUUUUUUUU} 1 0 0 1 1 1 0 0 {000} {000} {111}}
/testbench/cpu/l3/u0/leon3x0/vhdl/p0/iu/r.d.pv:1
/testbench/cpu/l3/u0/leon3x0/vhdl/p0/iu/r.a.ldchkra:1
/testbench/cpu/l3/u0/leon3x0/vhdl/p0/iu/r.a.rfa1:10000001
/testbench/cpu/l3/u0/leon3x0/vhdl/p0/iu/r.a.rfa2:10000011
/testbench/cpu/l3/u0/leon3x0/vhdl/p0/iu/r.a.imm:00000000000000000000000000000011
/testbench/cpu/l3/u0/leon3x0/vhdl/p0/iu/r.w.wa:10000001
/testbench/cpu/l3/u0/leon3x0/vhdl/p0/iu/r.m.casaz:0
/testbench/cpu/l3/u0/leon3x0/vhdl/p0/iu/r.x.dci:{0 1 0 0 0 0 {10} {00001011}}
/testbench/cpu/l3/u0/leon3x0/vhdl/p0/iu/r.x.mac:0
/testbench/cpu/l3/u0/leon3x0/vhdl/p0/iu/r.m.divz:0
/testbench/cpu/l3/u0/leon3x0/vhdl/p0/iu/r.d.inst:{{10000000101000000110000000000011}}
/testbench/cpu/l3/u0/leon3x0/vhdl/p0/iu/r.e.rfe1:1
/testbench/cpu/l3/u0/leon3x0/vhdl/p0/iu/r.a.wovf:0
/testbench/cpu/l3/u0/leon3x0/vhdl/p0/iu/r.e.rfe2:0
/testbench/cpu/l3/u0/leon3x0/vhdl/p0/iu/r.e.op1:01000000000011111111111010011000
/testbench/cpu/l3/u0/leon3x0/vhdl/p0/iu/r.m.nalign:1
/testbench/cpu/l3/u0/leon3x0/vhdl/p0/iu/r.e.op2:11111111111111111111111111111100
/testbench/cpu/l3/u0/leon3x0/vhdl/p0/iu/r.d.rexen:0
/testbench/cpu/l3/u0/leon3x0/vhdl/p0/iu/r.a.ctrl:{{01000000000000000000001001000000} {10000000101000000110000000000011} {00} {10000000} {000000} 0 1 0 0 0 0 0 0 0}
/testbench/cpu/l3/u0/leon3x0/vhdl/p0/iu/r.x.ipend:0
/testbench/cpu/l3/u0/leon3x0/vhdl/p0/iu/r.e.ldbp1:0
/testbench/cpu/l3/u0/leon3x0/vhdl/p0/iu/r.e.aluadd:1
/testbench/cpu/l3/u0/leon3x0/vhdl/p0/iu/r.d.set:0
/testbench/cpu/l3/u0/leon3x0/vhdl/p0/iu/r.d.inull:0
/testbench/cpu/l3/u0/leon3x0/vhdl/p0/iu/r.e.ldbp2:0
/testbench/cpu/l3/u0/leon3x0/vhdl/p0/iu/r.d.cnt:00
/testbench/cpu/l3/u0/leon3x0/vhdl/p0/iu/r.a.su:1
/testbench/cpu/l3/u0/leon3x0/vhdl/p0/iu/r.a.et:1
/testbench/cpu/l3/u0/leon3x0/vhdl/p0/iu/r.e.mul:0
/testbench/cpu/l3/u0/leon3x0/vhdl/p0/iu/r.e.alusel:00
/testbench/cpu/l3/u0/leon3x0/vhdl/p0/iu/r.e.aw:U
/testbench/cpu/l3/u0/leon3x0/vhdl/p0/iu/r.e.mac:0
/testbench/cpu/l3/u0/leon3x0/vhdl/p0/iu/r.a.decill:0
/testbench/cpu/l3/u0/leon3x0/vhdl/p0/iu/r.x.icc:1001
/testbench/cpu/l3/u0/leon3x0/vhdl/p0/iu/r.x.result:01000000000011111111111010010100
/testbench/cpu/l3/u0/leon3x0/vhdl/p0/iu/r.e.bp:0
/testbench/cpu/l3/u0/leon3x0/vhdl/p0/iu/r.a.rs1:00001
/testbench/cpu/l3/u0/leon3x0/vhdl/p0/iu/r.e.jmpl:0
/testbench/cpu/l3/u0/leon3x0/vhdl/p0/iu/r.a.rsel1:001
/testbench/cpu/l3/u0/leon3x0/vhdl/p0/iu/r.x.y:00000000000000000000000000000000
/testbench/cpu/l3/u0/leon3x0/vhdl/p0/iu/r.a.rsel2:100
/testbench/cpu/l3/u0/leon3x0/vhdl/p0/iu/r.a.awp:000
/testbench/cpu/l3/u0/leon3x0/vhdl/p0/iu/r.a.paw:0
/testbench/cpu/l3/u0/leon3x0/vhdl/p0/iu/r.x.data:{{00000000000000000000000000000000}}
/testbench/cpu/l3/u0/leon3x0/vhdl/p0/iu/r.m.mul:0
/testbench/cpu/l3/u0/leon3x0/vhdl/p0/iu/r.e.rd:UUUUU
/testbench/cpu/l3/u0/leon3x0/vhdl/p0/iu/r.e.invop2:0
/testbench/cpu/l3/u0/leon3x0/vhdl/p0/iu/r.m.wawp:0
/testbench/cpu/l3/u0/leon3x0/vhdl/p0/iu/r.d.cwpmax:111
/testbench/cpu/l3/u0/leon3x0/vhdl/p0/iu/r.f.branch:0
/testbench/cpu/l3/u0/leon3x0/vhdl/p0/iu/r.d.pcheld:1
/testbench/cpu/l3/u0/leon3x0/vhdl/p0/iu/r.m.dci:{0 0 0 1 0 0 {10} {00001011}}
/testbench/cpu/l3/u0/leon3x0/vhdl/p0/iu/r.e.paw:U
/testbench/cpu/l3/u0/leon3x0/vhdl/p0/iu/r.e.awp:UUU
/testbench/cpu/l3/u0/leon3x0/vhdl/p0/iu/r.e.shcnt:11100
/testbench/cpu/l3/u0/leon3x0/vhdl/p0/iu/r.w.result:00000000000000000000000000000001
/testbench/cpu/l3/u0/leon3x0/vhdl/p0/iu/r.m.mac:0
/testbench/cpu/l3/u0/leon3x0/vhdl/p0/iu/r.m.y:00000000000000000000000000000000
/testbench/cpu/l3/u0/leon3x0/vhdl/p0/iu/r.d.cwp:101
/testbench/cpu/l3/u0/leon3x0/vhdl/p0/iu/r.x.laddr:00
/testbench/cpu/l3/u0/leon3x0/vhdl/p0/iu/r.e.mulstep:0
/testbench/cpu/l3/u0/leon3x0/vhdl/p0/iu/r.e.ymsb:0
/testbench/cpu/l3/u0/leon3x0/vhdl/p0/iu/r.d.rexbuf:00000000000000000000000000000000
/testbench/cpu/l3/u0/leon3x0/vhdl/p0/iu/r.x.npc:100
/testbench/cpu/l3/u0/leon3x0/vhdl/p0/iu/r.f.pc:01000000000000000000001001000100
/testbench/cpu/l3/u0/leon3x0/vhdl/p0/iu/r.d.annul:0
/testbench/cpu/l3/u0/leon3x0/vhdl/p0/iu/r.x.rstate:run
/testbench/cpu/l3/u0/leon3x0/vhdl/p0/iu/r.x.set:0
/testbench/cpu/l3/u0/leon3x0/vhdl/p0/iu/r.m.result:00000000000000000000000000000001
/testbench/cpu/l3/u0/leon3x0/vhdl/p0/iu/r.e.icc:UUUU
/testbench/cpu/l3/u0/leon3x0/vhdl/p0/iu/r.a.getpc:0
/testbench/cpu/l3/u0/leon3x0/vhdl/p0/iu/r.a.ldchkex:1
/testbench/cpu/l3/u0/leon3x0/vhdl/p0/iu/r.x.mexc:0
/testbench/cpu/l3/u0/leon3x0/vhdl/p0/iu/r.a.mulstart:0
/testbench/cpu/l3/u0/leon3x0/vhdl/p0/iu/r.d.rexpos:10
/testbench/cpu/l3/u0/leon3x0/vhdl/p0/iu/r.x.annul_all:0
/testbench/cpu/l3/u0/leon3x0/vhdl/p0/iu/r.e.aluop:000
/testbench/cpu/l3/u0/leon3x0/vhdl/p0/iu/r.x.debug:0
/testbench/cpu/l3/u0/leon3x0/vhdl/p0/iu/r.a.rfe1:0
/testbench/cpu/l3/u0/leon3x0/vhdl/p0/iu/r.d.step:0
/testbench/cpu/l3/u0/leon3x0/vhdl/p0/iu/r.a.rfe2:0
/testbench/cpu/l3/u0/leon3x0/vhdl/p0/iu/r.e.alucin:0
/testbench/cpu/l3/u0/leon3x0/vhdl/p0/iu/r.a.wunf:0
compare to golden: 1
======================================
progstatus: -2
execerr: 53
latent: 1
time limit!
>>>>>>>>>>>>>>> 2899665000
======================================
