Test signal = /testbench/cpu/l3/u0/leon3x0/vhdl/p0/iu/r.a.bp
oldval = 0
pos1: -1 pos0: 0 posU: -1
newval = 1
force in 338618
584840000 >> iteration no: 0
Signal value: 0
oldval = 0
pos1: -1 pos0: 0 posU: -1
newval = 1
918690000 >> Requesting for the AHB bus...
918940000 >> Requesting for the AHB bus...
919490000 >> AHB granted, starting recovery...
938690000 >> Recovery done, continuing...
939390000 >> Requesting for the AHB bus...
940165000 >> AHB granted, starting recovery...
959365000 >> Recovery done, continuing...
960065000 >> Requesting for the AHB bus...
960840000 >> AHB granted, starting recovery...
980040000 >> Recovery done, continuing...
980740000 >> Requesting for the AHB bus...
981515000 >> AHB granted, starting recovery...
1000715000 >> Recovery done, continuing...
1001415000 >> Requesting for the AHB bus...
1002190000 >> AHB granted, starting recovery...
1021390000 >> Recovery done, continuing...
1022090000 >> Requesting for the AHB bus...
1022865000 >> AHB granted, starting recovery...
1042065000 >> Recovery done, continuing...
1042765000 >> Requesting for the AHB bus...
1043540000 >> AHB granted, starting recovery...
1062740000 >> Recovery done, continuing...
1063540000 >> Requesting for the AHB bus...
1064315000 >> AHB granted, starting recovery...
1083515000 >> Recovery done, continuing...
1084215000 >> Requesting for the AHB bus...
1084990000 >> AHB granted, starting recovery...
1104190000 >> Recovery done, continuing...
1104890000 >> Requesting for the AHB bus...
1105665000 >> AHB granted, starting recovery...
1124865000 >> Recovery done, continuing...
1125565000 >> Requesting for the AHB bus...
1126340000 >> AHB granted, starting recovery...
1145540000 >> Recovery done, continuing...
1146415000 >> Requesting for the AHB bus...
1147190000 >> AHB granted, starting recovery...
1166390000 >> Recovery done, continuing...
1167090000 >> Requesting for the AHB bus...
1167865000 >> AHB granted, starting recovery...
1187065000 >> Recovery done, continuing...
1187765000 >> Requesting for the AHB bus...
1188540000 >> AHB granted, starting recovery...
1207740000 >> Recovery done, continuing...
1208440000 >> Requesting for the AHB bus...
1209215000 >> AHB granted, starting recovery...
1228415000 >> Recovery done, continuing...
1229115000 >> Requesting for the AHB bus...
1229890000 >> AHB granted, starting recovery...
1249090000 >> Recovery done, continuing...
1249790000 >> Requesting for the AHB bus...
1250565000 >> AHB granted, starting recovery...
1269765000 >> Recovery done, continuing...
1270465000 >> Requesting for the AHB bus...
1271240000 >> AHB granted, starting recovery...
1290440000 >> Recovery done, continuing...
1291140000 >> Requesting for the AHB bus...
1291915000 >> AHB granted, starting recovery...
1311115000 >> Recovery done, continuing...
1311815000 >> Requesting for the AHB bus...
1312590000 >> AHB granted, starting recovery...
1331790000 >> Recovery done, continuing...
1332490000 >> Requesting for the AHB bus...
1333265000 >> AHB granted, starting recovery...
1352465000 >> Recovery done, continuing...
1353165000 >> Requesting for the AHB bus...
1353940000 >> AHB granted, starting recovery...
1373140000 >> Recovery done, continuing...
1373840000 >> Requesting for the AHB bus...
1374615000 >> AHB granted, starting recovery...
1393815000 >> Recovery done, continuing...
1394515000 >> Requesting for the AHB bus...
1395290000 >> AHB granted, starting recovery...
1414490000 >> Recovery done, continuing...
1415365000 >> Requesting for the AHB bus...
1416140000 >> AHB granted, starting recovery...
1435340000 >> Recovery done, continuing...
1436040000 >> Requesting for the AHB bus...
1436815000 >> AHB granted, starting recovery...
1456015000 >> Recovery done, continuing...
1456715000 >> Requesting for the AHB bus...
1457490000 >> AHB granted, starting recovery...
1476690000 >> Recovery done, continuing...
1477390000 >> Requesting for the AHB bus...
1478165000 >> AHB granted, starting recovery...
1497365000 >> Recovery done, continuing...
1498065000 >> Requesting for the AHB bus...
1498990000 >> AHB granted, starting recovery...
1518190000 >> Recovery done, continuing...
1518890000 >> Requesting for the AHB bus...
1519665000 >> AHB granted, starting recovery...
1538865000 >> Recovery done, continuing...
1539565000 >> Requesting for the AHB bus...
1540340000 >> AHB granted, starting recovery...
1559540000 >> Recovery done, continuing...
1560240000 >> Requesting for the AHB bus...
1561015000 >> AHB granted, starting recovery...
1580215000 >> Recovery done, continuing...
1580915000 >> Requesting for the AHB bus...
1581690000 >> AHB granted, starting recovery...
1600890000 >> Recovery done, continuing...
1601590000 >> Requesting for the AHB bus...
1602365000 >> AHB granted, starting recovery...
1621565000 >> Recovery done, continuing...
1622265000 >> Requesting for the AHB bus...
1623040000 >> AHB granted, starting recovery...
1642240000 >> Recovery done, continuing...
1642940000 >> Requesting for the AHB bus...
1643715000 >> AHB granted, starting recovery...
1662915000 >> Recovery done, continuing...
1663615000 >> Requesting for the AHB bus...
1664390000 >> AHB granted, starting recovery...
1683590000 >> Recovery done, continuing...
1684340000 >> Requesting for the AHB bus...
1685115000 >> AHB granted, starting recovery...
1704315000 >> Recovery done, continuing...
1705015000 >> Requesting for the AHB bus...
1705790000 >> AHB granted, starting recovery...
1724990000 >> Recovery done, continuing...
1725690000 >> Requesting for the AHB bus...
1726465000 >> AHB granted, starting recovery...
1745665000 >> Recovery done, continuing...
1746365000 >> Requesting for the AHB bus...
1747140000 >> AHB granted, starting recovery...
1766340000 >> Recovery done, continuing...
1767215000 >> Requesting for the AHB bus...
1767990000 >> AHB granted, starting recovery...
1787190000 >> Recovery done, continuing...
1787890000 >> Requesting for the AHB bus...
1788665000 >> AHB granted, starting recovery...
1807865000 >> Recovery done, continuing...
1808565000 >> Requesting for the AHB bus...
1809340000 >> AHB granted, starting recovery...
1828540000 >> Recovery done, continuing...
1829240000 >> Requesting for the AHB bus...
1830015000 >> AHB granted, starting recovery...
1849215000 >> Recovery done, continuing...
1849915000 >> Requesting for the AHB bus...
1850690000 >> AHB granted, starting recovery...
1869890000 >> Recovery done, continuing...
1870590000 >> Requesting for the AHB bus...
1871365000 >> AHB granted, starting recovery...
1890565000 >> Recovery done, continuing...
1891265000 >> Requesting for the AHB bus...
1892040000 >> AHB granted, starting recovery...
1911240000 >> Recovery done, continuing...
1911940000 >> Requesting for the AHB bus...
1912715000 >> AHB granted, starting recovery...
1931915000 >> Recovery done, continuing...
1932615000 >> Requesting for the AHB bus...
1933390000 >> AHB granted, starting recovery...
1952590000 >> Recovery done, continuing...
1953290000 >> Requesting for the AHB bus...
1954065000 >> AHB granted, starting recovery...
1973265000 >> Recovery done, continuing...
1973965000 >> Requesting for the AHB bus...
1974740000 >> AHB granted, starting recovery...
1993940000 >> Recovery done, continuing...
1994640000 >> Requesting for the AHB bus...
1995415000 >> AHB granted, starting recovery...
2014615000 >> Recovery done, continuing...
2015315000 >> Requesting for the AHB bus...
2016090000 >> AHB granted, starting recovery...
2035290000 >> Recovery done, continuing...
2036165000 >> Requesting for the AHB bus...
2036940000 >> AHB granted, starting recovery...
2056140000 >> Recovery done, continuing...
2056840000 >> Requesting for the AHB bus...
2057615000 >> AHB granted, starting recovery...
2076815000 >> Recovery done, continuing...
2077515000 >> Requesting for the AHB bus...
2078290000 >> AHB granted, starting recovery...
2097490000 >> Recovery done, continuing...
2098190000 >> Requesting for the AHB bus...
2098965000 >> AHB granted, starting recovery...
2118165000 >> Recovery done, continuing...
2118865000 >> Requesting for the AHB bus...
2119790000 >> AHB granted, starting recovery...
2138990000 >> Recovery done, continuing...
2139690000 >> Requesting for the AHB bus...
2140465000 >> AHB granted, starting recovery...
2159665000 >> Recovery done, continuing...
2160365000 >> Requesting for the AHB bus...
2161140000 >> AHB granted, starting recovery...
2180340000 >> Recovery done, continuing...
2181040000 >> Requesting for the AHB bus...
2181815000 >> AHB granted, starting recovery...
2201015000 >> Recovery done, continuing...
2201715000 >> Requesting for the AHB bus...
2202490000 >> AHB granted, starting recovery...
2221690000 >> Recovery done, continuing...
2222390000 >> Requesting for the AHB bus...
2223165000 >> AHB granted, starting recovery...
2242365000 >> Recovery done, continuing...
2243065000 >> Requesting for the AHB bus...
2243840000 >> AHB granted, starting recovery...
2263040000 >> Recovery done, continuing...
2263740000 >> Requesting for the AHB bus...
2264515000 >> AHB granted, starting recovery...
2283715000 >> Recovery done, continuing...
2284415000 >> Requesting for the AHB bus...
2285190000 >> AHB granted, starting recovery...
2304390000 >> Recovery done, continuing...
2305140000 >> Requesting for the AHB bus...
2305915000 >> AHB granted, starting recovery...
2325115000 >> Recovery done, continuing...
2325815000 >> Requesting for the AHB bus...
2326590000 >> AHB granted, starting recovery...
2345790000 >> Recovery done, continuing...
2346490000 >> Requesting for the AHB bus...
2347265000 >> AHB granted, starting recovery...
2366465000 >> Recovery done, continuing...
2367165000 >> Requesting for the AHB bus...
2367940000 >> AHB granted, starting recovery...
2387140000 >> Recovery done, continuing...
2388015000 >> Requesting for the AHB bus...
2388790000 >> AHB granted, starting recovery...
2407990000 >> Recovery done, continuing...
2408690000 >> Requesting for the AHB bus...
2409465000 >> AHB granted, starting recovery...
2428665000 >> Recovery done, continuing...
2429365000 >> Requesting for the AHB bus...
2430140000 >> AHB granted, starting recovery...
2449340000 >> Recovery done, continuing...
2450040000 >> Requesting for the AHB bus...
2450815000 >> AHB granted, starting recovery...
2470015000 >> Recovery done, continuing...
2470715000 >> Requesting for the AHB bus...
2471490000 >> AHB granted, starting recovery...
2490690000 >> Recovery done, continuing...
2491390000 >> Requesting for the AHB bus...
2492165000 >> AHB granted, starting recovery...
2511365000 >> Recovery done, continuing...
2512065000 >> Requesting for the AHB bus...
2512840000 >> AHB granted, starting recovery...
2532040000 >> Recovery done, continuing...
2532740000 >> Requesting for the AHB bus...
2533515000 >> AHB granted, starting recovery...
2552715000 >> Recovery done, continuing...
2553415000 >> Requesting for the AHB bus...
2554190000 >> AHB granted, starting recovery...
2573390000 >> Recovery done, continuing...
2574090000 >> Requesting for the AHB bus...
2574865000 >> AHB granted, starting recovery...
2594065000 >> Recovery done, continuing...
2594765000 >> Requesting for the AHB bus...
2595540000 >> AHB granted, starting recovery...
2614740000 >> Recovery done, continuing...
2615440000 >> Requesting for the AHB bus...
2616215000 >> AHB granted, starting recovery...
2635415000 >> Recovery done, continuing...
2636115000 >> Requesting for the AHB bus...
2636890000 >> AHB granted, starting recovery...
2656090000 >> Recovery done, continuing...
2656965000 >> Requesting for the AHB bus...
2657740000 >> AHB granted, starting recovery...
2676940000 >> Recovery done, continuing...
2677640000 >> Requesting for the AHB bus...
2678415000 >> AHB granted, starting recovery...
2697615000 >> Recovery done, continuing...
2698315000 >> Requesting for the AHB bus...
2699090000 >> AHB granted, starting recovery...
2718290000 >> Recovery done, continuing...
2718990000 >> Requesting for the AHB bus...
2719765000 >> AHB granted, starting recovery...
2738965000 >> Recovery done, continuing...
2739665000 >> Requesting for the AHB bus...
2740590000 >> AHB granted, starting recovery...
2759790000 >> Recovery done, continuing...
2760490000 >> Requesting for the AHB bus...
2761265000 >> AHB granted, starting recovery...
2780465000 >> Recovery done, continuing...
2781165000 >> Requesting for the AHB bus...
2781940000 >> AHB granted, starting recovery...
2801140000 >> Recovery done, continuing...
2801840000 >> Requesting for the AHB bus...
2802615000 >> AHB granted, starting recovery...
2821815000 >> Recovery done, continuing...
2822515000 >> Requesting for the AHB bus...
2823290000 >> AHB granted, starting recovery...
2842490000 >> Recovery done, continuing...
2843190000 >> Requesting for the AHB bus...
2843965000 >> AHB granted, starting recovery...
2863165000 >> Recovery done, continuing...
2863865000 >> Requesting for the AHB bus...
2864640000 >> AHB granted, starting recovery...
2883840000 >> Recovery done, continuing...
2884540000 >> Requesting for the AHB bus...
2885315000 >> AHB granted, starting recovery...
2899665000 >> time limit reached...
/testbench/cpu/l3/u0/leon3x0/vhdl/p0/iu/r.w.wreg:1
/testbench/cpu/l3/u0/leon3x0/vhdl/p0/iu/r.m.irqen:1
/testbench/cpu/l3/u0/leon3x0/vhdl/p0/iu/r.m.icc:1001
/testbench/cpu/l3/u0/leon3x0/vhdl/p0/iu/r.a.ticc:0
/testbench/cpu/l3/u0/leon3x0/vhdl/p0/iu/r.a.step:0
/testbench/cpu/l3/u0/leon3x0/vhdl/p0/iu/r.m.irqen2:1
/testbench/cpu/l3/u0/leon3x0/vhdl/p0/iu/r.d.pc:01000000000000000000001001000000
/testbench/cpu/l3/u0/leon3x0/vhdl/p0/iu/r.d.rexpl:{{00000000000000000000000000000000} {00} {0} 0 0 {0000000000000000000} 0 0 0 0 0 0}
/testbench/cpu/l3/u0/leon3x0/vhdl/p0/iu/r.d.mexc:0
/testbench/cpu/l3/u0/leon3x0/vhdl/p0/iu/r.a.aw:0
/testbench/cpu/l3/u0/leon3x0/vhdl/p0/iu/r.e.ctrl:{{01000000000000000000001000111100} {11000010000001111011111111111100} {00} {10000001} {000000} 0 0 1 0 0 1 1 0 0}
/testbench/cpu/l3/u0/leon3x0/vhdl/p0/iu/r.a.divstart:0
/testbench/cpu/l3/u0/leon3x0/vhdl/p0/iu/r.e.shleft:0
/testbench/cpu/l3/u0/leon3x0/vhdl/p0/iu/r.a.bp:0
/testbench/cpu/l3/u0/leon3x0/vhdl/p0/iu/r.w.twcwp:000
/testbench/cpu/l3/u0/leon3x0/vhdl/p0/iu/r.a.jmpl:0
/testbench/cpu/l3/u0/leon3x0/vhdl/p0/iu/r.m.casa:0
/testbench/cpu/l3/u0/leon3x0/vhdl/p0/iu/r.m.werr:0
/testbench/cpu/l3/u0/leon3x0/vhdl/p0/iu/r.e.su:1
/testbench/cpu/l3/u0/leon3x0/vhdl/p0/iu/r.e.et:1
/testbench/cpu/l3/u0/leon3x0/vhdl/p0/iu/r.a.ldcheck1:1
/testbench/cpu/l3/u0/leon3x0/vhdl/p0/iu/r.d.stwin:000
/testbench/cpu/l3/u0/leon3x0/vhdl/p0/iu/r.a.ldcheck2:0
/testbench/cpu/l3/u0/leon3x0/vhdl/p0/iu/r.x.intack:0
/testbench/cpu/l3/u0/leon3x0/vhdl/p0/iu/r.m.ctrl:{{01000000000000000000001000111000} {11000010001001111011111111111100} {01} {10000001} {000000} 0 0 0 0 0 0 0 0 0}
/testbench/cpu/l3/u0/leon3x0/vhdl/p0/iu/r.a.cwp:101
/testbench/cpu/l3/u0/leon3x0/vhdl/p0/iu/r.e.sari:0
/testbench/cpu/l3/u0/leon3x0/vhdl/p0/iu/r.d.paw:0
/testbench/cpu/l3/u0/leon3x0/vhdl/p0/iu/r.d.aw:0
/testbench/cpu/l3/u0/leon3x0/vhdl/p0/iu/r.d.awp:000
/testbench/cpu/l3/u0/leon3x0/vhdl/p0/iu/r.x.ctrl:{{01000000000000000000001000111000} {11000010001001111011111111111100} {00} {10000001} {000000} 0 0 0 0 0 0 1 0 0}
/testbench/cpu/l3/u0/leon3x0/vhdl/p0/iu/r.m.rexnalign:0
/testbench/cpu/l3/u0/leon3x0/vhdl/p0/iu/r.m.su:1
/testbench/cpu/l3/u0/leon3x0/vhdl/p0/iu/r.m.wcwp:0
/testbench/cpu/l3/u0/leon3x0/vhdl/p0/iu/r.d.divrdy:0
/testbench/cpu/l3/u0/leon3x0/vhdl/p0/iu/r.e.cwp:101
/testbench/cpu/l3/u0/leon3x0/vhdl/p0/iu/r.w.except:0
/testbench/cpu/l3/u0/leon3x0/vhdl/p0/iu/r.x.nerror:0
/testbench/cpu/l3/u0/leon3x0/vhdl/p0/iu/r.a.bpimiss:0
/testbench/cpu/l3/u0/leon3x0/vhdl/p0/iu/r.a.nobp:0
/testbench/cpu/l3/u0/leon3x0/vhdl/p0/iu/r.d.rexcnt:0
/testbench/cpu/l3/u0/leon3x0/vhdl/p0/iu/r.w.s:{{101} {1001} {00000000} {01000000000000000000} {00000010} {0000} 0 0 1 1 1 {00000000000000000000000000000000} {UUUUUUUUUUUUUUUUUUUUUUUUUUUUUUUU} 1 0 0 1 1 1 0 0 {000} {000} {111}}
/testbench/cpu/l3/u0/leon3x0/vhdl/p0/iu/r.d.pv:1
/testbench/cpu/l3/u0/leon3x0/vhdl/p0/iu/r.a.ldchkra:1
/testbench/cpu/l3/u0/leon3x0/vhdl/p0/iu/r.a.rfa1:10000001
/testbench/cpu/l3/u0/leon3x0/vhdl/p0/iu/r.a.rfa2:10000011
/testbench/cpu/l3/u0/leon3x0/vhdl/p0/iu/r.a.imm:00000000000000000000000000000011
/testbench/cpu/l3/u0/leon3x0/vhdl/p0/iu/r.w.wa:10000001
/testbench/cpu/l3/u0/leon3x0/vhdl/p0/iu/r.m.casaz:0
/testbench/cpu/l3/u0/leon3x0/vhdl/p0/iu/r.x.dci:{0 1 0 0 0 0 {10} {00001011}}
/testbench/cpu/l3/u0/leon3x0/vhdl/p0/iu/r.x.mac:0
/testbench/cpu/l3/u0/leon3x0/vhdl/p0/iu/r.m.divz:0
/testbench/cpu/l3/u0/leon3x0/vhdl/p0/iu/r.d.inst:{{10000000101000000110000000000011}}
/testbench/cpu/l3/u0/leon3x0/vhdl/p0/iu/r.e.rfe1:1
/testbench/cpu/l3/u0/leon3x0/vhdl/p0/iu/r.a.wovf:0
/testbench/cpu/l3/u0/leon3x0/vhdl/p0/iu/r.e.rfe2:0
/testbench/cpu/l3/u0/leon3x0/vhdl/p0/iu/r.e.op1:01000000000011111111111010011000
/testbench/cpu/l3/u0/leon3x0/vhdl/p0/iu/r.m.nalign:1
/testbench/cpu/l3/u0/leon3x0/vhdl/p0/iu/r.e.op2:11111111111111111111111111111100
/testbench/cpu/l3/u0/leon3x0/vhdl/p0/iu/r.d.rexen:0
/testbench/cpu/l3/u0/leon3x0/vhdl/p0/iu/r.a.ctrl:{{01000000000000000000001001000000} {10000000101000000110000000000011} {00} {10000000} {000000} 0 1 0 0 0 0 0 0 0}
/testbench/cpu/l3/u0/leon3x0/vhdl/p0/iu/r.x.ipend:0
/testbench/cpu/l3/u0/leon3x0/vhdl/p0/iu/r.e.ldbp1:0
/testbench/cpu/l3/u0/leon3x0/vhdl/p0/iu/r.e.aluadd:1
/testbench/cpu/l3/u0/leon3x0/vhdl/p0/iu/r.d.set:0
/testbench/cpu/l3/u0/leon3x0/vhdl/p0/iu/r.d.inull:0
/testbench/cpu/l3/u0/leon3x0/vhdl/p0/iu/r.e.ldbp2:0
/testbench/cpu/l3/u0/leon3x0/vhdl/p0/iu/r.d.cnt:00
/testbench/cpu/l3/u0/leon3x0/vhdl/p0/iu/r.a.su:1
/testbench/cpu/l3/u0/leon3x0/vhdl/p0/iu/r.a.et:1
/testbench/cpu/l3/u0/leon3x0/vhdl/p0/iu/r.e.mul:0
/testbench/cpu/l3/u0/leon3x0/vhdl/p0/iu/r.e.alusel:00
/testbench/cpu/l3/u0/leon3x0/vhdl/p0/iu/r.e.aw:U
/testbench/cpu/l3/u0/leon3x0/vhdl/p0/iu/r.e.mac:0
/testbench/cpu/l3/u0/leon3x0/vhdl/p0/iu/r.a.decill:0
/testbench/cpu/l3/u0/leon3x0/vhdl/p0/iu/r.x.icc:1001
/testbench/cpu/l3/u0/leon3x0/vhdl/p0/iu/r.x.result:01000000000011111111111010010100
/testbench/cpu/l3/u0/leon3x0/vhdl/p0/iu/r.e.bp:0
/testbench/cpu/l3/u0/leon3x0/vhdl/p0/iu/r.a.rs1:00001
/testbench/cpu/l3/u0/leon3x0/vhdl/p0/iu/r.e.jmpl:0
/testbench/cpu/l3/u0/leon3x0/vhdl/p0/iu/r.a.rsel1:001
/testbench/cpu/l3/u0/leon3x0/vhdl/p0/iu/r.x.y:00000000000000000000000000000000
/testbench/cpu/l3/u0/leon3x0/vhdl/p0/iu/r.a.rsel2:100
/testbench/cpu/l3/u0/leon3x0/vhdl/p0/iu/r.a.awp:000
/testbench/cpu/l3/u0/leon3x0/vhdl/p0/iu/r.a.paw:0
/testbench/cpu/l3/u0/leon3x0/vhdl/p0/iu/r.x.data:{{00000000000000000000000000000000}}
/testbench/cpu/l3/u0/leon3x0/vhdl/p0/iu/r.m.mul:0
/testbench/cpu/l3/u0/leon3x0/vhdl/p0/iu/r.e.rd:UUUUU
/testbench/cpu/l3/u0/leon3x0/vhdl/p0/iu/r.e.invop2:0
/testbench/cpu/l3/u0/leon3x0/vhdl/p0/iu/r.m.wawp:0
/testbench/cpu/l3/u0/leon3x0/vhdl/p0/iu/r.d.cwpmax:111
/testbench/cpu/l3/u0/leon3x0/vhdl/p0/iu/r.f.branch:0
/testbench/cpu/l3/u0/leon3x0/vhdl/p0/iu/r.d.pcheld:1
/testbench/cpu/l3/u0/leon3x0/vhdl/p0/iu/r.m.dci:{0 0 0 1 0 0 {10} {00001011}}
/testbench/cpu/l3/u0/leon3x0/vhdl/p0/iu/r.e.paw:U
/testbench/cpu/l3/u0/leon3x0/vhdl/p0/iu/r.e.awp:UUU
/testbench/cpu/l3/u0/leon3x0/vhdl/p0/iu/r.e.shcnt:11100
/testbench/cpu/l3/u0/leon3x0/vhdl/p0/iu/r.w.result:00000000000000000000000000000001
/testbench/cpu/l3/u0/leon3x0/vhdl/p0/iu/r.m.mac:0
/testbench/cpu/l3/u0/leon3x0/vhdl/p0/iu/r.m.y:00000000000000000000000000000000
/testbench/cpu/l3/u0/leon3x0/vhdl/p0/iu/r.d.cwp:101
/testbench/cpu/l3/u0/leon3x0/vhdl/p0/iu/r.x.laddr:00
/testbench/cpu/l3/u0/leon3x0/vhdl/p0/iu/r.e.mulstep:0
/testbench/cpu/l3/u0/leon3x0/vhdl/p0/iu/r.e.ymsb:0
/testbench/cpu/l3/u0/leon3x0/vhdl/p0/iu/r.d.rexbuf:00000000000000000000000000000000
/testbench/cpu/l3/u0/leon3x0/vhdl/p0/iu/r.x.npc:100
/testbench/cpu/l3/u0/leon3x0/vhdl/p0/iu/r.f.pc:01000000000000000000001001000100
/testbench/cpu/l3/u0/leon3x0/vhdl/p0/iu/r.d.annul:0
/testbench/cpu/l3/u0/leon3x0/vhdl/p0/iu/r.x.rstate:run
/testbench/cpu/l3/u0/leon3x0/vhdl/p0/iu/r.x.set:0
/testbench/cpu/l3/u0/leon3x0/vhdl/p0/iu/r.m.result:00000000000000000000000000000001
/testbench/cpu/l3/u0/leon3x0/vhdl/p0/iu/r.e.icc:UUUU
/testbench/cpu/l3/u0/leon3x0/vhdl/p0/iu/r.a.getpc:0
/testbench/cpu/l3/u0/leon3x0/vhdl/p0/iu/r.a.ldchkex:1
/testbench/cpu/l3/u0/leon3x0/vhdl/p0/iu/r.x.mexc:0
/testbench/cpu/l3/u0/leon3x0/vhdl/p0/iu/r.a.mulstart:0
/testbench/cpu/l3/u0/leon3x0/vhdl/p0/iu/r.d.rexpos:10
/testbench/cpu/l3/u0/leon3x0/vhdl/p0/iu/r.x.annul_all:0
/testbench/cpu/l3/u0/leon3x0/vhdl/p0/iu/r.e.aluop:000
/testbench/cpu/l3/u0/leon3x0/vhdl/p0/iu/r.x.debug:0
/testbench/cpu/l3/u0/leon3x0/vhdl/p0/iu/r.a.rfe1:0
/testbench/cpu/l3/u0/leon3x0/vhdl/p0/iu/r.d.step:0
/testbench/cpu/l3/u0/leon3x0/vhdl/p0/iu/r.a.rfe2:0
/testbench/cpu/l3/u0/leon3x0/vhdl/p0/iu/r.e.alucin:0
/testbench/cpu/l3/u0/leon3x0/vhdl/p0/iu/r.a.wunf:0
compare to golden: 1
======================================
progstatus: -2
execerr: 96
latent: 1
time limit!
>>>>>>>>>>>>>>> 2899665000
======================================
