Test signal = /testbench/cpu/l3/u0/leon3x0/vhdl/p0/iu/r.d.inull
oldval = 0
pos1: -1 pos0: 0 posU: -1
newval = 1
force in 749223
584840000 >> iteration no: 0
1027865000 >> iteration no: 1
Signal value: 0
oldval = 0
pos1: -1 pos0: 0 posU: -1
newval = 1
1329340000 >> Requesting for the AHB bus...
1330390000 >> AHB granted, starting recovery...
1349590000 >> Recovery done, continuing...
1350290000 >> Requesting for the AHB bus...
1351065000 >> AHB granted, starting recovery...
1370265000 >> Recovery done, continuing...
1370965000 >> Requesting for the AHB bus...
1371740000 >> AHB granted, starting recovery...
1390940000 >> Recovery done, continuing...
1391640000 >> Requesting for the AHB bus...
1392415000 >> AHB granted, starting recovery...
1411615000 >> Recovery done, continuing...
1412315000 >> Requesting for the AHB bus...
1413090000 >> AHB granted, starting recovery...
1432290000 >> Recovery done, continuing...
1432990000 >> Requesting for the AHB bus...
1433765000 >> AHB granted, starting recovery...
1452965000 >> Recovery done, continuing...
1453840000 >> Requesting for the AHB bus...
1454615000 >> AHB granted, starting recovery...
1473815000 >> Recovery done, continuing...
1474515000 >> Requesting for the AHB bus...
1475290000 >> AHB granted, starting recovery...
1494490000 >> Recovery done, continuing...
1495190000 >> Requesting for the AHB bus...
1495965000 >> AHB granted, starting recovery...
1515165000 >> Recovery done, continuing...
1515865000 >> Requesting for the AHB bus...
1516640000 >> AHB granted, starting recovery...
1535840000 >> Recovery done, continuing...
1536540000 >> Requesting for the AHB bus...
1537465000 >> AHB granted, starting recovery...
1556665000 >> Recovery done, continuing...
1557365000 >> Requesting for the AHB bus...
1558140000 >> AHB granted, starting recovery...
1577340000 >> Recovery done, continuing...
1578040000 >> Requesting for the AHB bus...
1578815000 >> AHB granted, starting recovery...
1598015000 >> Recovery done, continuing...
1598715000 >> Requesting for the AHB bus...
1599490000 >> AHB granted, starting recovery...
1618690000 >> Recovery done, continuing...
1619390000 >> Requesting for the AHB bus...
1620165000 >> AHB granted, starting recovery...
1639365000 >> Recovery done, continuing...
1640065000 >> Requesting for the AHB bus...
1640840000 >> AHB granted, starting recovery...
1660040000 >> Recovery done, continuing...
1660740000 >> Requesting for the AHB bus...
1661515000 >> AHB granted, starting recovery...
1680715000 >> Recovery done, continuing...
1681415000 >> Requesting for the AHB bus...
1682190000 >> AHB granted, starting recovery...
1701390000 >> Recovery done, continuing...
1702090000 >> Requesting for the AHB bus...
1702865000 >> AHB granted, starting recovery...
1722065000 >> Recovery done, continuing...
1722765000 >> Requesting for the AHB bus...
1723540000 >> AHB granted, starting recovery...
1742740000 >> Recovery done, continuing...
1743440000 >> Requesting for the AHB bus...
1744215000 >> AHB granted, starting recovery...
1763415000 >> Recovery done, continuing...
1764115000 >> Requesting for the AHB bus...
1764890000 >> AHB granted, starting recovery...
1784090000 >> Recovery done, continuing...
1784790000 >> Requesting for the AHB bus...
1785565000 >> AHB granted, starting recovery...
1804765000 >> Recovery done, continuing...
1805640000 >> Requesting for the AHB bus...
1806415000 >> AHB granted, starting recovery...
1825615000 >> Recovery done, continuing...
1826315000 >> Requesting for the AHB bus...
1827090000 >> AHB granted, starting recovery...
1846290000 >> Recovery done, continuing...
1846990000 >> Requesting for the AHB bus...
1847765000 >> AHB granted, starting recovery...
1866965000 >> Recovery done, continuing...
1867665000 >> Requesting for the AHB bus...
1868440000 >> AHB granted, starting recovery...
1887640000 >> Recovery done, continuing...
1888340000 >> Requesting for the AHB bus...
1889115000 >> AHB granted, starting recovery...
1908315000 >> Recovery done, continuing...
1909015000 >> Requesting for the AHB bus...
1909790000 >> AHB granted, starting recovery...
1928990000 >> Recovery done, continuing...
1929690000 >> Requesting for the AHB bus...
1930465000 >> AHB granted, starting recovery...
1949665000 >> Recovery done, continuing...
1950365000 >> Requesting for the AHB bus...
1951140000 >> AHB granted, starting recovery...
1970340000 >> Recovery done, continuing...
1971040000 >> Requesting for the AHB bus...
1971815000 >> AHB granted, starting recovery...
1991015000 >> Recovery done, continuing...
1991715000 >> Requesting for the AHB bus...
1992490000 >> AHB granted, starting recovery...
2011690000 >> Recovery done, continuing...
2012390000 >> Requesting for the AHB bus...
2013165000 >> AHB granted, starting recovery...
2032365000 >> Recovery done, continuing...
2033065000 >> Requesting for the AHB bus...
2033840000 >> AHB granted, starting recovery...
2053040000 >> Recovery done, continuing...
2053740000 >> Requesting for the AHB bus...
2054515000 >> AHB granted, starting recovery...
2073715000 >> Recovery done, continuing...
2074590000 >> Requesting for the AHB bus...
2075365000 >> AHB granted, starting recovery...
2094565000 >> Recovery done, continuing...
2095265000 >> Requesting for the AHB bus...
2096040000 >> AHB granted, starting recovery...
2115240000 >> Recovery done, continuing...
2115940000 >> Requesting for the AHB bus...
2116715000 >> AHB granted, starting recovery...
2135915000 >> Recovery done, continuing...
2136615000 >> Requesting for the AHB bus...
2137390000 >> AHB granted, starting recovery...
2156590000 >> Recovery done, continuing...
2157290000 >> Requesting for the AHB bus...
2158215000 >> AHB granted, starting recovery...
2177415000 >> Recovery done, continuing...
2178115000 >> Requesting for the AHB bus...
2178890000 >> AHB granted, starting recovery...
2198090000 >> Recovery done, continuing...
2198790000 >> Requesting for the AHB bus...
2199565000 >> AHB granted, starting recovery...
2218765000 >> Recovery done, continuing...
2219465000 >> Requesting for the AHB bus...
2220240000 >> AHB granted, starting recovery...
2239440000 >> Recovery done, continuing...
2240140000 >> Requesting for the AHB bus...
2240915000 >> AHB granted, starting recovery...
2260115000 >> Recovery done, continuing...
2260815000 >> Requesting for the AHB bus...
2261590000 >> AHB granted, starting recovery...
2280790000 >> Recovery done, continuing...
2281490000 >> Requesting for the AHB bus...
2282265000 >> AHB granted, starting recovery...
2301465000 >> Recovery done, continuing...
2302165000 >> Requesting for the AHB bus...
2302940000 >> AHB granted, starting recovery...
2322140000 >> Recovery done, continuing...
2322840000 >> Requesting for the AHB bus...
2323615000 >> AHB granted, starting recovery...
2342815000 >> Recovery done, continuing...
2343540000 >> Requesting for the AHB bus...
2344315000 >> AHB granted, starting recovery...
2363515000 >> Recovery done, continuing...
2364215000 >> Requesting for the AHB bus...
2364990000 >> AHB granted, starting recovery...
2384190000 >> Recovery done, continuing...
2384890000 >> Requesting for the AHB bus...
2385665000 >> AHB granted, starting recovery...
2404865000 >> Recovery done, continuing...
2405565000 >> Requesting for the AHB bus...
2406340000 >> AHB granted, starting recovery...
2425540000 >> Recovery done, continuing...
2426415000 >> Requesting for the AHB bus...
2427190000 >> AHB granted, starting recovery...
2446390000 >> Recovery done, continuing...
2447090000 >> Requesting for the AHB bus...
2447865000 >> AHB granted, starting recovery...
2467065000 >> Recovery done, continuing...
2467765000 >> Requesting for the AHB bus...
2468540000 >> AHB granted, starting recovery...
2487740000 >> Recovery done, continuing...
2488440000 >> Requesting for the AHB bus...
2489215000 >> AHB granted, starting recovery...
2508415000 >> Recovery done, continuing...
2509115000 >> Requesting for the AHB bus...
2509890000 >> AHB granted, starting recovery...
2529090000 >> Recovery done, continuing...
2529790000 >> Requesting for the AHB bus...
2530565000 >> AHB granted, starting recovery...
2549765000 >> Recovery done, continuing...
2550465000 >> Requesting for the AHB bus...
2551240000 >> AHB granted, starting recovery...
2570440000 >> Recovery done, continuing...
2571140000 >> Requesting for the AHB bus...
2571915000 >> AHB granted, starting recovery...
2591115000 >> Recovery done, continuing...
2591815000 >> Requesting for the AHB bus...
2592590000 >> AHB granted, starting recovery...
2611790000 >> Recovery done, continuing...
2612490000 >> Requesting for the AHB bus...
2613265000 >> AHB granted, starting recovery...
2632465000 >> Recovery done, continuing...
2633165000 >> Requesting for the AHB bus...
2633940000 >> AHB granted, starting recovery...
2653140000 >> Recovery done, continuing...
2653840000 >> Requesting for the AHB bus...
2654615000 >> AHB granted, starting recovery...
2673815000 >> Recovery done, continuing...
2674515000 >> Requesting for the AHB bus...
2675290000 >> AHB granted, starting recovery...
2694490000 >> Recovery done, continuing...
2695365000 >> Requesting for the AHB bus...
2696140000 >> AHB granted, starting recovery...
2715340000 >> Recovery done, continuing...
2716040000 >> Requesting for the AHB bus...
2716815000 >> AHB granted, starting recovery...
2736015000 >> Recovery done, continuing...
2736715000 >> Requesting for the AHB bus...
2737490000 >> AHB granted, starting recovery...
2756690000 >> Recovery done, continuing...
2757390000 >> Requesting for the AHB bus...
2758165000 >> AHB granted, starting recovery...
2777365000 >> Recovery done, continuing...
2778065000 >> Requesting for the AHB bus...
2778990000 >> AHB granted, starting recovery...
2798190000 >> Recovery done, continuing...
2798890000 >> Requesting for the AHB bus...
2799665000 >> AHB granted, starting recovery...
2818865000 >> Recovery done, continuing...
2819565000 >> Requesting for the AHB bus...
2820340000 >> AHB granted, starting recovery...
2839540000 >> Recovery done, continuing...
2840240000 >> Requesting for the AHB bus...
2841015000 >> AHB granted, starting recovery...
2860215000 >> Recovery done, continuing...
2860915000 >> Requesting for the AHB bus...
2861690000 >> AHB granted, starting recovery...
2880890000 >> Recovery done, continuing...
2881590000 >> Requesting for the AHB bus...
2882365000 >> AHB granted, starting recovery...
2899665000 >> time limit reached...
/testbench/cpu/l3/u0/leon3x0/vhdl/p0/iu/r.w.wreg:1
/testbench/cpu/l3/u0/leon3x0/vhdl/p0/iu/r.m.irqen:1
/testbench/cpu/l3/u0/leon3x0/vhdl/p0/iu/r.m.icc:1001
/testbench/cpu/l3/u0/leon3x0/vhdl/p0/iu/r.a.ticc:0
/testbench/cpu/l3/u0/leon3x0/vhdl/p0/iu/r.a.step:0
/testbench/cpu/l3/u0/leon3x0/vhdl/p0/iu/r.m.irqen2:1
/testbench/cpu/l3/u0/leon3x0/vhdl/p0/iu/r.d.pc:01000000000000000000001001000000
/testbench/cpu/l3/u0/leon3x0/vhdl/p0/iu/r.d.rexpl:{{00000000000000000000000000000000} {00} {0} 0 0 {0000000000000000000} 0 0 0 0 0 0}
/testbench/cpu/l3/u0/leon3x0/vhdl/p0/iu/r.d.mexc:0
/testbench/cpu/l3/u0/leon3x0/vhdl/p0/iu/r.a.aw:0
/testbench/cpu/l3/u0/leon3x0/vhdl/p0/iu/r.e.ctrl:{{01000000000000000000001000111100} {11000010000001111011111111111100} {00} {10000001} {000000} 0 0 1 0 0 1 1 0 0}
/testbench/cpu/l3/u0/leon3x0/vhdl/p0/iu/r.a.divstart:0
/testbench/cpu/l3/u0/leon3x0/vhdl/p0/iu/r.e.shleft:0
/testbench/cpu/l3/u0/leon3x0/vhdl/p0/iu/r.a.bp:0
/testbench/cpu/l3/u0/leon3x0/vhdl/p0/iu/r.w.twcwp:000
/testbench/cpu/l3/u0/leon3x0/vhdl/p0/iu/r.a.jmpl:0
/testbench/cpu/l3/u0/leon3x0/vhdl/p0/iu/r.m.casa:0
/testbench/cpu/l3/u0/leon3x0/vhdl/p0/iu/r.m.werr:0
/testbench/cpu/l3/u0/leon3x0/vhdl/p0/iu/r.e.su:1
/testbench/cpu/l3/u0/leon3x0/vhdl/p0/iu/r.e.et:1
/testbench/cpu/l3/u0/leon3x0/vhdl/p0/iu/r.a.ldcheck1:1
/testbench/cpu/l3/u0/leon3x0/vhdl/p0/iu/r.d.stwin:000
/testbench/cpu/l3/u0/leon3x0/vhdl/p0/iu/r.a.ldcheck2:0
/testbench/cpu/l3/u0/leon3x0/vhdl/p0/iu/r.x.intack:0
/testbench/cpu/l3/u0/leon3x0/vhdl/p0/iu/r.m.ctrl:{{01000000000000000000001000111000} {11000010001001111011111111111100} {01} {10000001} {000000} 0 0 0 0 0 0 0 0 0}
/testbench/cpu/l3/u0/leon3x0/vhdl/p0/iu/r.a.cwp:101
/testbench/cpu/l3/u0/leon3x0/vhdl/p0/iu/r.e.sari:0
/testbench/cpu/l3/u0/leon3x0/vhdl/p0/iu/r.d.paw:0
/testbench/cpu/l3/u0/leon3x0/vhdl/p0/iu/r.d.aw:0
/testbench/cpu/l3/u0/leon3x0/vhdl/p0/iu/r.d.awp:000
/testbench/cpu/l3/u0/leon3x0/vhdl/p0/iu/r.x.ctrl:{{01000000000000000000001000111000} {11000010001001111011111111111100} {00} {10000001} {000000} 0 0 0 0 0 0 1 0 0}
/testbench/cpu/l3/u0/leon3x0/vhdl/p0/iu/r.m.rexnalign:0
/testbench/cpu/l3/u0/leon3x0/vhdl/p0/iu/r.m.su:1
/testbench/cpu/l3/u0/leon3x0/vhdl/p0/iu/r.m.wcwp:0
/testbench/cpu/l3/u0/leon3x0/vhdl/p0/iu/r.d.divrdy:0
/testbench/cpu/l3/u0/leon3x0/vhdl/p0/iu/r.e.cwp:101
/testbench/cpu/l3/u0/leon3x0/vhdl/p0/iu/r.w.except:0
/testbench/cpu/l3/u0/leon3x0/vhdl/p0/iu/r.x.nerror:0
/testbench/cpu/l3/u0/leon3x0/vhdl/p0/iu/r.a.bpimiss:0
/testbench/cpu/l3/u0/leon3x0/vhdl/p0/iu/r.a.nobp:0
/testbench/cpu/l3/u0/leon3x0/vhdl/p0/iu/r.d.rexcnt:0
/testbench/cpu/l3/u0/leon3x0/vhdl/p0/iu/r.w.s:{{101} {1001} {00000000} {01000000000000000000} {00000010} {0000} 0 0 1 1 1 {00000000000000000000000000000000} {UUUUUUUUUUUUUUUUUUUUUUUUUUUUUUUU} 1 0 0 1 1 1 0 0 {000} {000} {111}}
/testbench/cpu/l3/u0/leon3x0/vhdl/p0/iu/r.d.pv:1
/testbench/cpu/l3/u0/leon3x0/vhdl/p0/iu/r.a.ldchkra:1
/testbench/cpu/l3/u0/leon3x0/vhdl/p0/iu/r.a.rfa1:10000001
/testbench/cpu/l3/u0/leon3x0/vhdl/p0/iu/r.a.rfa2:10000011
/testbench/cpu/l3/u0/leon3x0/vhdl/p0/iu/r.a.imm:00000000000000000000000000000011
/testbench/cpu/l3/u0/leon3x0/vhdl/p0/iu/r.w.wa:10000001
/testbench/cpu/l3/u0/leon3x0/vhdl/p0/iu/r.m.casaz:0
/testbench/cpu/l3/u0/leon3x0/vhdl/p0/iu/r.x.dci:{0 1 0 0 0 0 {10} {00001011}}
/testbench/cpu/l3/u0/leon3x0/vhdl/p0/iu/r.x.mac:0
/testbench/cpu/l3/u0/leon3x0/vhdl/p0/iu/r.m.divz:0
/testbench/cpu/l3/u0/leon3x0/vhdl/p0/iu/r.d.inst:{{10000000101000000110000000000011}}
/testbench/cpu/l3/u0/leon3x0/vhdl/p0/iu/r.e.rfe1:1
/testbench/cpu/l3/u0/leon3x0/vhdl/p0/iu/r.a.wovf:0
/testbench/cpu/l3/u0/leon3x0/vhdl/p0/iu/r.e.rfe2:0
/testbench/cpu/l3/u0/leon3x0/vhdl/p0/iu/r.e.op1:01000000000011111111111010011000
/testbench/cpu/l3/u0/leon3x0/vhdl/p0/iu/r.m.nalign:1
/testbench/cpu/l3/u0/leon3x0/vhdl/p0/iu/r.e.op2:11111111111111111111111111111100
/testbench/cpu/l3/u0/leon3x0/vhdl/p0/iu/r.d.rexen:0
/testbench/cpu/l3/u0/leon3x0/vhdl/p0/iu/r.a.ctrl:{{01000000000000000000001001000000} {10000000101000000110000000000011} {00} {10000000} {000000} 0 1 0 0 0 0 0 0 0}
/testbench/cpu/l3/u0/leon3x0/vhdl/p0/iu/r.x.ipend:0
/testbench/cpu/l3/u0/leon3x0/vhdl/p0/iu/r.e.ldbp1:0
/testbench/cpu/l3/u0/leon3x0/vhdl/p0/iu/r.e.aluadd:1
/testbench/cpu/l3/u0/leon3x0/vhdl/p0/iu/r.d.set:0
/testbench/cpu/l3/u0/leon3x0/vhdl/p0/iu/r.d.inull:0
/testbench/cpu/l3/u0/leon3x0/vhdl/p0/iu/r.e.ldbp2:0
/testbench/cpu/l3/u0/leon3x0/vhdl/p0/iu/r.d.cnt:00
/testbench/cpu/l3/u0/leon3x0/vhdl/p0/iu/r.a.su:1
/testbench/cpu/l3/u0/leon3x0/vhdl/p0/iu/r.a.et:1
/testbench/cpu/l3/u0/leon3x0/vhdl/p0/iu/r.e.mul:0
/testbench/cpu/l3/u0/leon3x0/vhdl/p0/iu/r.e.alusel:00
/testbench/cpu/l3/u0/leon3x0/vhdl/p0/iu/r.e.aw:U
/testbench/cpu/l3/u0/leon3x0/vhdl/p0/iu/r.e.mac:0
/testbench/cpu/l3/u0/leon3x0/vhdl/p0/iu/r.a.decill:0
/testbench/cpu/l3/u0/leon3x0/vhdl/p0/iu/r.x.icc:1001
/testbench/cpu/l3/u0/leon3x0/vhdl/p0/iu/r.x.result:01000000000011111111111010010100
/testbench/cpu/l3/u0/leon3x0/vhdl/p0/iu/r.e.bp:0
/testbench/cpu/l3/u0/leon3x0/vhdl/p0/iu/r.a.rs1:00001
/testbench/cpu/l3/u0/leon3x0/vhdl/p0/iu/r.e.jmpl:0
/testbench/cpu/l3/u0/leon3x0/vhdl/p0/iu/r.a.rsel1:001
/testbench/cpu/l3/u0/leon3x0/vhdl/p0/iu/r.x.y:00000000000000000000000000000000
/testbench/cpu/l3/u0/leon3x0/vhdl/p0/iu/r.a.rsel2:100
/testbench/cpu/l3/u0/leon3x0/vhdl/p0/iu/r.a.awp:000
/testbench/cpu/l3/u0/leon3x0/vhdl/p0/iu/r.a.paw:0
/testbench/cpu/l3/u0/leon3x0/vhdl/p0/iu/r.x.data:{{00000000000000000000000000000010}}
/testbench/cpu/l3/u0/leon3x0/vhdl/p0/iu/r.m.mul:0
/testbench/cpu/l3/u0/leon3x0/vhdl/p0/iu/r.e.rd:UUUUU
/testbench/cpu/l3/u0/leon3x0/vhdl/p0/iu/r.e.invop2:0
/testbench/cpu/l3/u0/leon3x0/vhdl/p0/iu/r.m.wawp:0
/testbench/cpu/l3/u0/leon3x0/vhdl/p0/iu/r.d.cwpmax:111
/testbench/cpu/l3/u0/leon3x0/vhdl/p0/iu/r.f.branch:0
/testbench/cpu/l3/u0/leon3x0/vhdl/p0/iu/r.d.pcheld:1
/testbench/cpu/l3/u0/leon3x0/vhdl/p0/iu/r.m.dci:{0 0 0 1 0 0 {10} {00001011}}
/testbench/cpu/l3/u0/leon3x0/vhdl/p0/iu/r.e.paw:U
/testbench/cpu/l3/u0/leon3x0/vhdl/p0/iu/r.e.awp:UUU
/testbench/cpu/l3/u0/leon3x0/vhdl/p0/iu/r.e.shcnt:11100
/testbench/cpu/l3/u0/leon3x0/vhdl/p0/iu/r.w.result:00000000000000000000000000000011
/testbench/cpu/l3/u0/leon3x0/vhdl/p0/iu/r.m.mac:0
/testbench/cpu/l3/u0/leon3x0/vhdl/p0/iu/r.m.y:00000000000000000000000000000000
/testbench/cpu/l3/u0/leon3x0/vhdl/p0/iu/r.d.cwp:101
/testbench/cpu/l3/u0/leon3x0/vhdl/p0/iu/r.x.laddr:00
/testbench/cpu/l3/u0/leon3x0/vhdl/p0/iu/r.e.mulstep:0
/testbench/cpu/l3/u0/leon3x0/vhdl/p0/iu/r.e.ymsb:0
/testbench/cpu/l3/u0/leon3x0/vhdl/p0/iu/r.d.rexbuf:00000000000000000000000000000000
/testbench/cpu/l3/u0/leon3x0/vhdl/p0/iu/r.x.npc:100
/testbench/cpu/l3/u0/leon3x0/vhdl/p0/iu/r.f.pc:01000000000000000000001001000100
/testbench/cpu/l3/u0/leon3x0/vhdl/p0/iu/r.d.annul:0
/testbench/cpu/l3/u0/leon3x0/vhdl/p0/iu/r.x.rstate:run
/testbench/cpu/l3/u0/leon3x0/vhdl/p0/iu/r.x.set:0
/testbench/cpu/l3/u0/leon3x0/vhdl/p0/iu/r.m.result:00000000000000000000000000000011
/testbench/cpu/l3/u0/leon3x0/vhdl/p0/iu/r.e.icc:UUUU
/testbench/cpu/l3/u0/leon3x0/vhdl/p0/iu/r.a.getpc:0
/testbench/cpu/l3/u0/leon3x0/vhdl/p0/iu/r.a.ldchkex:1
/testbench/cpu/l3/u0/leon3x0/vhdl/p0/iu/r.x.mexc:0
/testbench/cpu/l3/u0/leon3x0/vhdl/p0/iu/r.a.mulstart:0
/testbench/cpu/l3/u0/leon3x0/vhdl/p0/iu/r.d.rexpos:10
/testbench/cpu/l3/u0/leon3x0/vhdl/p0/iu/r.x.annul_all:0
/testbench/cpu/l3/u0/leon3x0/vhdl/p0/iu/r.e.aluop:000
/testbench/cpu/l3/u0/leon3x0/vhdl/p0/iu/r.x.debug:0
/testbench/cpu/l3/u0/leon3x0/vhdl/p0/iu/r.a.rfe1:0
/testbench/cpu/l3/u0/leon3x0/vhdl/p0/iu/r.d.step:0
/testbench/cpu/l3/u0/leon3x0/vhdl/p0/iu/r.a.rfe2:0
/testbench/cpu/l3/u0/leon3x0/vhdl/p0/iu/r.e.alucin:0
/testbench/cpu/l3/u0/leon3x0/vhdl/p0/iu/r.a.wunf:0
compare to golden: 1
======================================
progstatus: -2
execerr: 76
latent: 1
time limit!
>>>>>>>>>>>>>>> 2899665000
======================================
