Test signal = /testbench/cpu/l3/u0/leon3x0/vhdl/p0/iu/r.m.werr
oldval = 0
pos1: -1 pos0: 0 posU: -1
newval = 1
force in 1103121
584840000 >> iteration no: 0
1027865000 >> iteration no: 1
1470840000 >> iteration no: 2
Signal value: 0
oldval = 0
pos1: -1 pos0: 0 posU: -1
newval = 1
1683565000 >> Requesting for the AHB bus...
1683615000 >> Requesting for the AHB bus...
1684140000 >> AHB granted, starting recovery...
1703340000 >> Recovery done, continuing...
1703690000 >> Requesting for the AHB bus...
1703740000 >> Requesting for the AHB bus...
1704265000 >> AHB granted, starting recovery...
1723465000 >> Recovery done, continuing...
1723815000 >> Requesting for the AHB bus...
1723865000 >> Requesting for the AHB bus...
1724390000 >> AHB granted, starting recovery...
1743590000 >> Recovery done, continuing...
1743940000 >> Requesting for the AHB bus...
1743990000 >> Requesting for the AHB bus...
1744515000 >> AHB granted, starting recovery...
1763715000 >> Recovery done, continuing...
1764065000 >> Requesting for the AHB bus...
1764115000 >> Requesting for the AHB bus...
1764640000 >> AHB granted, starting recovery...
1783840000 >> Recovery done, continuing...
1784190000 >> Requesting for the AHB bus...
1784240000 >> Requesting for the AHB bus...
1784765000 >> AHB granted, starting recovery...
1803965000 >> Recovery done, continuing...
1804315000 >> Requesting for the AHB bus...
1804365000 >> Requesting for the AHB bus...
1804890000 >> AHB granted, starting recovery...
1824090000 >> Recovery done, continuing...
1824440000 >> Requesting for the AHB bus...
1824490000 >> Requesting for the AHB bus...
1825015000 >> AHB granted, starting recovery...
1844215000 >> Recovery done, continuing...
1844565000 >> Requesting for the AHB bus...
1844615000 >> Requesting for the AHB bus...
1845140000 >> AHB granted, starting recovery...
1864340000 >> Recovery done, continuing...
1864690000 >> Requesting for the AHB bus...
1864740000 >> Requesting for the AHB bus...
1865265000 >> AHB granted, starting recovery...
1884465000 >> Recovery done, continuing...
1884815000 >> Requesting for the AHB bus...
1884865000 >> Requesting for the AHB bus...
1885390000 >> AHB granted, starting recovery...
1904590000 >> Recovery done, continuing...
1904940000 >> Requesting for the AHB bus...
1904990000 >> Requesting for the AHB bus...
1905515000 >> AHB granted, starting recovery...
1924715000 >> Recovery done, continuing...
1925065000 >> Requesting for the AHB bus...
1925115000 >> Requesting for the AHB bus...
1925640000 >> AHB granted, starting recovery...
1944840000 >> Recovery done, continuing...
1945190000 >> Requesting for the AHB bus...
1945240000 >> Requesting for the AHB bus...
1945765000 >> AHB granted, starting recovery...
1964965000 >> Recovery done, continuing...
1965315000 >> Requesting for the AHB bus...
1965365000 >> Requesting for the AHB bus...
1965890000 >> AHB granted, starting recovery...
1985090000 >> Recovery done, continuing...
1985440000 >> Requesting for the AHB bus...
1985490000 >> Requesting for the AHB bus...
1986015000 >> AHB granted, starting recovery...
2005215000 >> Recovery done, continuing...
2005565000 >> Requesting for the AHB bus...
2005615000 >> Requesting for the AHB bus...
2006140000 >> AHB granted, starting recovery...
2025340000 >> Recovery done, continuing...
2025690000 >> Requesting for the AHB bus...
2025740000 >> Requesting for the AHB bus...
2026265000 >> AHB granted, starting recovery...
2045465000 >> Recovery done, continuing...
2045815000 >> Requesting for the AHB bus...
2045865000 >> Requesting for the AHB bus...
2046390000 >> AHB granted, starting recovery...
2065590000 >> Recovery done, continuing...
2065940000 >> Requesting for the AHB bus...
2065990000 >> Requesting for the AHB bus...
2066515000 >> AHB granted, starting recovery...
2085715000 >> Recovery done, continuing...
2086065000 >> Requesting for the AHB bus...
2086115000 >> Requesting for the AHB bus...
2086640000 >> AHB granted, starting recovery...
2105840000 >> Recovery done, continuing...
2106190000 >> Requesting for the AHB bus...
2106240000 >> Requesting for the AHB bus...
2106765000 >> AHB granted, starting recovery...
2125965000 >> Recovery done, continuing...
2126315000 >> Requesting for the AHB bus...
2126365000 >> Requesting for the AHB bus...
2126890000 >> AHB granted, starting recovery...
2146090000 >> Recovery done, continuing...
2146440000 >> Requesting for the AHB bus...
2146490000 >> Requesting for the AHB bus...
2147015000 >> AHB granted, starting recovery...
2166215000 >> Recovery done, continuing...
2166565000 >> Requesting for the AHB bus...
2166615000 >> Requesting for the AHB bus...
2167140000 >> AHB granted, starting recovery...
2186340000 >> Recovery done, continuing...
2186690000 >> Requesting for the AHB bus...
2186740000 >> Requesting for the AHB bus...
2187265000 >> AHB granted, starting recovery...
2206465000 >> Recovery done, continuing...
2206815000 >> Requesting for the AHB bus...
2206865000 >> Requesting for the AHB bus...
2207390000 >> AHB granted, starting recovery...
2226590000 >> Recovery done, continuing...
2226940000 >> Requesting for the AHB bus...
2226990000 >> Requesting for the AHB bus...
2227515000 >> AHB granted, starting recovery...
2246715000 >> Recovery done, continuing...
2247190000 >> Requesting for the AHB bus...
2247240000 >> Requesting for the AHB bus...
2247765000 >> AHB granted, starting recovery...
2266965000 >> Recovery done, continuing...
2267315000 >> Requesting for the AHB bus...
2267365000 >> Requesting for the AHB bus...
2267890000 >> AHB granted, starting recovery...
2287090000 >> Recovery done, continuing...
2287440000 >> Requesting for the AHB bus...
2287490000 >> Requesting for the AHB bus...
2288015000 >> AHB granted, starting recovery...
2307215000 >> Recovery done, continuing...
2307565000 >> Requesting for the AHB bus...
2307615000 >> Requesting for the AHB bus...
2308140000 >> AHB granted, starting recovery...
2327340000 >> Recovery done, continuing...
2327690000 >> Requesting for the AHB bus...
2327740000 >> Requesting for the AHB bus...
2328265000 >> AHB granted, starting recovery...
2347465000 >> Recovery done, continuing...
2347815000 >> Requesting for the AHB bus...
2347865000 >> Requesting for the AHB bus...
2348390000 >> AHB granted, starting recovery...
2367590000 >> Recovery done, continuing...
2367940000 >> Requesting for the AHB bus...
2367990000 >> Requesting for the AHB bus...
2368515000 >> AHB granted, starting recovery...
2387715000 >> Recovery done, continuing...
2388065000 >> Requesting for the AHB bus...
2388115000 >> Requesting for the AHB bus...
2388640000 >> AHB granted, starting recovery...
2407840000 >> Recovery done, continuing...
2408190000 >> Requesting for the AHB bus...
2408240000 >> Requesting for the AHB bus...
2408765000 >> AHB granted, starting recovery...
2427965000 >> Recovery done, continuing...
2428315000 >> Requesting for the AHB bus...
2428365000 >> Requesting for the AHB bus...
2428890000 >> AHB granted, starting recovery...
2448090000 >> Recovery done, continuing...
2448440000 >> Requesting for the AHB bus...
2448490000 >> Requesting for the AHB bus...
2449015000 >> AHB granted, starting recovery...
2468215000 >> Recovery done, continuing...
2468565000 >> Requesting for the AHB bus...
2468615000 >> Requesting for the AHB bus...
2469140000 >> AHB granted, starting recovery...
2488340000 >> Recovery done, continuing...
2488690000 >> Requesting for the AHB bus...
2488740000 >> Requesting for the AHB bus...
2489265000 >> AHB granted, starting recovery...
2508465000 >> Recovery done, continuing...
2508815000 >> Requesting for the AHB bus...
2508865000 >> Requesting for the AHB bus...
2509390000 >> AHB granted, starting recovery...
2528590000 >> Recovery done, continuing...
2528940000 >> Requesting for the AHB bus...
2528990000 >> Requesting for the AHB bus...
2529515000 >> AHB granted, starting recovery...
2548715000 >> Recovery done, continuing...
2549065000 >> Requesting for the AHB bus...
2549115000 >> Requesting for the AHB bus...
2549640000 >> AHB granted, starting recovery...
2568840000 >> Recovery done, continuing...
2569190000 >> Requesting for the AHB bus...
2569240000 >> Requesting for the AHB bus...
2569765000 >> AHB granted, starting recovery...
2588965000 >> Recovery done, continuing...
2589315000 >> Requesting for the AHB bus...
2589365000 >> Requesting for the AHB bus...
2589890000 >> AHB granted, starting recovery...
2609090000 >> Recovery done, continuing...
2609440000 >> Requesting for the AHB bus...
2609490000 >> Requesting for the AHB bus...
2610015000 >> AHB granted, starting recovery...
2629215000 >> Recovery done, continuing...
2629565000 >> Requesting for the AHB bus...
2629615000 >> Requesting for the AHB bus...
2630140000 >> AHB granted, starting recovery...
2649340000 >> Recovery done, continuing...
2649690000 >> Requesting for the AHB bus...
2649740000 >> Requesting for the AHB bus...
2650265000 >> AHB granted, starting recovery...
2669465000 >> Recovery done, continuing...
2669815000 >> Requesting for the AHB bus...
2669865000 >> Requesting for the AHB bus...
2670390000 >> AHB granted, starting recovery...
2689590000 >> Recovery done, continuing...
2689940000 >> Requesting for the AHB bus...
2689990000 >> Requesting for the AHB bus...
2690515000 >> AHB granted, starting recovery...
2709715000 >> Recovery done, continuing...
2710065000 >> Requesting for the AHB bus...
2710115000 >> Requesting for the AHB bus...
2710640000 >> AHB granted, starting recovery...
2729840000 >> Recovery done, continuing...
2730190000 >> Requesting for the AHB bus...
2730240000 >> Requesting for the AHB bus...
2730765000 >> AHB granted, starting recovery...
2749965000 >> Recovery done, continuing...
2750315000 >> Requesting for the AHB bus...
2750365000 >> Requesting for the AHB bus...
2750890000 >> AHB granted, starting recovery...
2770090000 >> Recovery done, continuing...
2770440000 >> Requesting for the AHB bus...
2770490000 >> Requesting for the AHB bus...
2771015000 >> AHB granted, starting recovery...
2790215000 >> Recovery done, continuing...
2790565000 >> Requesting for the AHB bus...
2790615000 >> Requesting for the AHB bus...
2791140000 >> AHB granted, starting recovery...
2810340000 >> Recovery done, continuing...
2810690000 >> Requesting for the AHB bus...
2810740000 >> Requesting for the AHB bus...
2811265000 >> AHB granted, starting recovery...
2830465000 >> Recovery done, continuing...
2830815000 >> Requesting for the AHB bus...
2830865000 >> Requesting for the AHB bus...
2831390000 >> AHB granted, starting recovery...
2850590000 >> Recovery done, continuing...
2850940000 >> Requesting for the AHB bus...
2850990000 >> Requesting for the AHB bus...
2851515000 >> AHB granted, starting recovery...
2870715000 >> Recovery done, continuing...
2871065000 >> Requesting for the AHB bus...
2871115000 >> Requesting for the AHB bus...
2871640000 >> AHB granted, starting recovery...
2890840000 >> Recovery done, continuing...
2891190000 >> Requesting for the AHB bus...
2891240000 >> Requesting for the AHB bus...
2891765000 >> AHB granted, starting recovery...
2899665000 >> time limit reached...
/testbench/cpu/l3/u0/leon3x0/vhdl/p0/iu/r.w.wreg:0
/testbench/cpu/l3/u0/leon3x0/vhdl/p0/iu/r.m.irqen:1
/testbench/cpu/l3/u0/leon3x0/vhdl/p0/iu/r.m.icc:1001
/testbench/cpu/l3/u0/leon3x0/vhdl/p0/iu/r.a.ticc:0
/testbench/cpu/l3/u0/leon3x0/vhdl/p0/iu/r.a.step:0
/testbench/cpu/l3/u0/leon3x0/vhdl/p0/iu/r.m.irqen2:1
/testbench/cpu/l3/u0/leon3x0/vhdl/p0/iu/r.d.pc:01000000000000000000001000111100
/testbench/cpu/l3/u0/leon3x0/vhdl/p0/iu/r.d.rexpl:{{00000000000000000000000000000000} {00} {0} 0 0 {0000000000000000000} 0 0 0 0 0 0}
/testbench/cpu/l3/u0/leon3x0/vhdl/p0/iu/r.d.mexc:0
/testbench/cpu/l3/u0/leon3x0/vhdl/p0/iu/r.a.aw:0
/testbench/cpu/l3/u0/leon3x0/vhdl/p0/iu/r.e.ctrl:{{01000000000000000000000111010100} {00010000100000000000000000011010} {00} {01011000} {000000} 0 0 0 0 0 0 1 0 0}
/testbench/cpu/l3/u0/leon3x0/vhdl/p0/iu/r.a.divstart:0
/testbench/cpu/l3/u0/leon3x0/vhdl/p0/iu/r.e.shleft:0
/testbench/cpu/l3/u0/leon3x0/vhdl/p0/iu/r.a.bp:0
/testbench/cpu/l3/u0/leon3x0/vhdl/p0/iu/r.w.twcwp:000
/testbench/cpu/l3/u0/leon3x0/vhdl/p0/iu/r.a.jmpl:0
/testbench/cpu/l3/u0/leon3x0/vhdl/p0/iu/r.m.casa:0
/testbench/cpu/l3/u0/leon3x0/vhdl/p0/iu/r.m.werr:1
/testbench/cpu/l3/u0/leon3x0/vhdl/p0/iu/r.e.su:1
/testbench/cpu/l3/u0/leon3x0/vhdl/p0/iu/r.e.et:1
/testbench/cpu/l3/u0/leon3x0/vhdl/p0/iu/r.a.ldcheck1:0
/testbench/cpu/l3/u0/leon3x0/vhdl/p0/iu/r.d.stwin:000
/testbench/cpu/l3/u0/leon3x0/vhdl/p0/iu/r.a.ldcheck2:0
/testbench/cpu/l3/u0/leon3x0/vhdl/p0/iu/r.x.intack:0
/testbench/cpu/l3/u0/leon3x0/vhdl/p0/iu/r.m.ctrl:{{01000000000000000000000111010000} {11000000001001111011111111111100} {01} {10000000} {000000} 0 0 0 0 0 0 0 0 0}
/testbench/cpu/l3/u0/leon3x0/vhdl/p0/iu/r.a.cwp:101
/testbench/cpu/l3/u0/leon3x0/vhdl/p0/iu/r.e.sari:0
/testbench/cpu/l3/u0/leon3x0/vhdl/p0/iu/r.d.paw:0
/testbench/cpu/l3/u0/leon3x0/vhdl/p0/iu/r.d.aw:0
/testbench/cpu/l3/u0/leon3x0/vhdl/p0/iu/r.d.awp:000
/testbench/cpu/l3/u0/leon3x0/vhdl/p0/iu/r.x.ctrl:{{01000000000000000000000111010000} {11000000001001111011111111111100} {00} {10000000} {000000} 0 0 0 0 0 0 1 0 0}
/testbench/cpu/l3/u0/leon3x0/vhdl/p0/iu/r.m.rexnalign:0
/testbench/cpu/l3/u0/leon3x0/vhdl/p0/iu/r.m.su:1
/testbench/cpu/l3/u0/leon3x0/vhdl/p0/iu/r.m.wcwp:0
/testbench/cpu/l3/u0/leon3x0/vhdl/p0/iu/r.d.divrdy:0
/testbench/cpu/l3/u0/leon3x0/vhdl/p0/iu/r.e.cwp:101
/testbench/cpu/l3/u0/leon3x0/vhdl/p0/iu/r.w.except:0
/testbench/cpu/l3/u0/leon3x0/vhdl/p0/iu/r.x.nerror:0
/testbench/cpu/l3/u0/leon3x0/vhdl/p0/iu/r.a.bpimiss:0
/testbench/cpu/l3/u0/leon3x0/vhdl/p0/iu/r.a.nobp:0
/testbench/cpu/l3/u0/leon3x0/vhdl/p0/iu/r.d.rexcnt:0
/testbench/cpu/l3/u0/leon3x0/vhdl/p0/iu/r.w.s:{{101} {1001} {00000000} {01000000000000000000} {00000010} {0000} 0 0 1 1 1 {00000000000000000000000000000000} {UUUUUUUUUUUUUUUUUUUUUUUUUUUUUUUU} 1 0 0 1 1 1 0 0 {000} {000} {111}}
/testbench/cpu/l3/u0/leon3x0/vhdl/p0/iu/r.d.pv:1
/testbench/cpu/l3/u0/leon3x0/vhdl/p0/iu/r.a.ldchkra:1
/testbench/cpu/l3/u0/leon3x0/vhdl/p0/iu/r.a.rfa1:10000000
/testbench/cpu/l3/u0/leon3x0/vhdl/p0/iu/r.a.rfa2:10000000
/testbench/cpu/l3/u0/leon3x0/vhdl/p0/iu/r.a.imm:00000000000000000000000000000000
/testbench/cpu/l3/u0/leon3x0/vhdl/p0/iu/r.w.wa:10000000
/testbench/cpu/l3/u0/leon3x0/vhdl/p0/iu/r.m.casaz:0
/testbench/cpu/l3/u0/leon3x0/vhdl/p0/iu/r.x.dci:{0 1 0 0 0 0 {10} {00001011}}
/testbench/cpu/l3/u0/leon3x0/vhdl/p0/iu/r.x.mac:0
/testbench/cpu/l3/u0/leon3x0/vhdl/p0/iu/r.m.divz:0
/testbench/cpu/l3/u0/leon3x0/vhdl/p0/iu/r.d.inst:{{11000010000001111011111111111100}}
/testbench/cpu/l3/u0/leon3x0/vhdl/p0/iu/r.e.rfe1:0
/testbench/cpu/l3/u0/leon3x0/vhdl/p0/iu/r.a.wovf:0
/testbench/cpu/l3/u0/leon3x0/vhdl/p0/iu/r.e.rfe2:0
/testbench/cpu/l3/u0/leon3x0/vhdl/p0/iu/r.e.op1:00000000000000000000000000000000
/testbench/cpu/l3/u0/leon3x0/vhdl/p0/iu/r.m.nalign:0
/testbench/cpu/l3/u0/leon3x0/vhdl/p0/iu/r.e.op2:00000000000000000000000000000011
/testbench/cpu/l3/u0/leon3x0/vhdl/p0/iu/r.d.rexen:0
/testbench/cpu/l3/u0/leon3x0/vhdl/p0/iu/r.a.ctrl:{{01000000000000000000000111011000} {00000001000000000000000000000000} {00} {10000000} {000000} 0 0 0 0 0 0 1 0 0}
/testbench/cpu/l3/u0/leon3x0/vhdl/p0/iu/r.x.ipend:0
/testbench/cpu/l3/u0/leon3x0/vhdl/p0/iu/r.e.ldbp1:0
/testbench/cpu/l3/u0/leon3x0/vhdl/p0/iu/r.e.aluadd:1
/testbench/cpu/l3/u0/leon3x0/vhdl/p0/iu/r.d.set:0
/testbench/cpu/l3/u0/leon3x0/vhdl/p0/iu/r.d.inull:0
/testbench/cpu/l3/u0/leon3x0/vhdl/p0/iu/r.e.ldbp2:0
/testbench/cpu/l3/u0/leon3x0/vhdl/p0/iu/r.d.cnt:00
/testbench/cpu/l3/u0/leon3x0/vhdl/p0/iu/r.a.su:1
/testbench/cpu/l3/u0/leon3x0/vhdl/p0/iu/r.a.et:1
/testbench/cpu/l3/u0/leon3x0/vhdl/p0/iu/r.e.mul:0
/testbench/cpu/l3/u0/leon3x0/vhdl/p0/iu/r.e.alusel:11
/testbench/cpu/l3/u0/leon3x0/vhdl/p0/iu/r.e.aw:U
/testbench/cpu/l3/u0/leon3x0/vhdl/p0/iu/r.e.mac:0
/testbench/cpu/l3/u0/leon3x0/vhdl/p0/iu/r.a.decill:0
/testbench/cpu/l3/u0/leon3x0/vhdl/p0/iu/r.x.icc:1001
/testbench/cpu/l3/u0/leon3x0/vhdl/p0/iu/r.x.result:01000000000011111111111010010100
/testbench/cpu/l3/u0/leon3x0/vhdl/p0/iu/r.e.bp:0
/testbench/cpu/l3/u0/leon3x0/vhdl/p0/iu/r.a.rs1:00000
/testbench/cpu/l3/u0/leon3x0/vhdl/p0/iu/r.e.jmpl:0
/testbench/cpu/l3/u0/leon3x0/vhdl/p0/iu/r.a.rsel1:101
/testbench/cpu/l3/u0/leon3x0/vhdl/p0/iu/r.x.y:00000000000000000000000000000000
/testbench/cpu/l3/u0/leon3x0/vhdl/p0/iu/r.a.rsel2:100
/testbench/cpu/l3/u0/leon3x0/vhdl/p0/iu/r.a.awp:000
/testbench/cpu/l3/u0/leon3x0/vhdl/p0/iu/r.a.paw:0
/testbench/cpu/l3/u0/leon3x0/vhdl/p0/iu/r.x.data:{{00000000000000000000000000000100}}
/testbench/cpu/l3/u0/leon3x0/vhdl/p0/iu/r.m.mul:0
/testbench/cpu/l3/u0/leon3x0/vhdl/p0/iu/r.e.rd:UUUUU
/testbench/cpu/l3/u0/leon3x0/vhdl/p0/iu/r.e.invop2:0
/testbench/cpu/l3/u0/leon3x0/vhdl/p0/iu/r.m.wawp:0
/testbench/cpu/l3/u0/leon3x0/vhdl/p0/iu/r.d.cwpmax:111
/testbench/cpu/l3/u0/leon3x0/vhdl/p0/iu/r.f.branch:0
/testbench/cpu/l3/u0/leon3x0/vhdl/p0/iu/r.d.pcheld:0
/testbench/cpu/l3/u0/leon3x0/vhdl/p0/iu/r.m.dci:{0 0 0 1 0 0 {10} {00001011}}
/testbench/cpu/l3/u0/leon3x0/vhdl/p0/iu/r.e.paw:U
/testbench/cpu/l3/u0/leon3x0/vhdl/p0/iu/r.e.awp:UUU
/testbench/cpu/l3/u0/leon3x0/vhdl/p0/iu/r.e.shcnt:00011
/testbench/cpu/l3/u0/leon3x0/vhdl/p0/iu/r.w.result:00000000000000000000000000000000
/testbench/cpu/l3/u0/leon3x0/vhdl/p0/iu/r.m.mac:0
/testbench/cpu/l3/u0/leon3x0/vhdl/p0/iu/r.m.y:00000000000000000000000000000000
/testbench/cpu/l3/u0/leon3x0/vhdl/p0/iu/r.d.cwp:101
/testbench/cpu/l3/u0/leon3x0/vhdl/p0/iu/r.x.laddr:00
/testbench/cpu/l3/u0/leon3x0/vhdl/p0/iu/r.e.mulstep:0
/testbench/cpu/l3/u0/leon3x0/vhdl/p0/iu/r.e.ymsb:0
/testbench/cpu/l3/u0/leon3x0/vhdl/p0/iu/r.d.rexbuf:00000000000000000000000000000000
/testbench/cpu/l3/u0/leon3x0/vhdl/p0/iu/r.x.npc:100
/testbench/cpu/l3/u0/leon3x0/vhdl/p0/iu/r.f.pc:01000000000000000000001001000000
/testbench/cpu/l3/u0/leon3x0/vhdl/p0/iu/r.d.annul:0
/testbench/cpu/l3/u0/leon3x0/vhdl/p0/iu/r.x.rstate:run
/testbench/cpu/l3/u0/leon3x0/vhdl/p0/iu/r.x.set:0
/testbench/cpu/l3/u0/leon3x0/vhdl/p0/iu/r.m.result:00000000000000000000000000000000
/testbench/cpu/l3/u0/leon3x0/vhdl/p0/iu/r.e.icc:UUUU
/testbench/cpu/l3/u0/leon3x0/vhdl/p0/iu/r.a.getpc:0
/testbench/cpu/l3/u0/leon3x0/vhdl/p0/iu/r.a.ldchkex:1
/testbench/cpu/l3/u0/leon3x0/vhdl/p0/iu/r.x.mexc:0
/testbench/cpu/l3/u0/leon3x0/vhdl/p0/iu/r.a.mulstart:0
/testbench/cpu/l3/u0/leon3x0/vhdl/p0/iu/r.d.rexpos:10
/testbench/cpu/l3/u0/leon3x0/vhdl/p0/iu/r.x.annul_all:0
/testbench/cpu/l3/u0/leon3x0/vhdl/p0/iu/r.e.aluop:000
/testbench/cpu/l3/u0/leon3x0/vhdl/p0/iu/r.x.debug:0
/testbench/cpu/l3/u0/leon3x0/vhdl/p0/iu/r.a.rfe1:0
/testbench/cpu/l3/u0/leon3x0/vhdl/p0/iu/r.d.step:0
/testbench/cpu/l3/u0/leon3x0/vhdl/p0/iu/r.a.rfe2:0
/testbench/cpu/l3/u0/leon3x0/vhdl/p0/iu/r.e.alucin:0
/testbench/cpu/l3/u0/leon3x0/vhdl/p0/iu/r.a.wunf:0
compare to golden: 1
======================================
progstatus: -2
execerr: 61
latent: 1
time limit!
>>>>>>>>>>>>>>> 2899665000
======================================
