Test signal = /testbench/cpu/l3/cpu(0)/u0/leon3x0/vhdl/p0/iu/r.a.wovf
oldval = 0
pos1: -1 pos0: 0 posU: -1
newval = 1
force in 143851
596,490 ns >> iteration no: 0
616,940 ns >> iteration no: 1
637,240 ns >> iteration no: 2
657,540 ns >> iteration no: 3
678,015 ns >> iteration no: 4
698,640 ns >> iteration no: 5
719,065 ns >> iteration no: 6
Signal value: 0
oldval = 0
pos1: -1 pos0: 0 posU: -1
newval = 1
Error detected -> Trying to recover
Successful recovery -> Returning to normal execution
757,140 ns >> iteration no: 7
777,440 ns >> iteration no: 8
797,765 ns >> iteration no: 9
818,065 ns >> iteration no: 10
838,490 ns >> iteration no: 11
858,990 ns >> iteration no: 12
879,440 ns >> iteration no: 13
899,740 ns >> iteration no: 14
920,040 ns >> iteration no: 15
940,515 ns >> iteration no: 16
961,140 ns >> iteration no: 17
981,615 ns >> iteration no: 18
1,001,915 ns >> iteration no: 19
1,022,140 ns >> iteration no: 20
1,042,590 ns >> iteration no: 21
1,063,065 ns >> iteration no: 22
1,083,690 ns >> iteration no: 23
1,103,990 ns >> iteration no: 24
1,124,265 ns >> iteration no: 25
1,144,565 ns >> iteration no: 26
1,164,990 ns >> iteration no: 27
1,185,465 ns >> iteration no: 28
1,205,915 ns >> iteration no: 29
1,226,190 ns >> iteration no: 30
1,246,490 ns >> iteration no: 31
1,266,965 ns >> iteration no: 32
1,287,590 ns >> iteration no: 33
1,308,040 ns >> iteration no: 34
1,328,340 ns >> iteration no: 35
1,348,565 ns >> iteration no: 36
1,369,015 ns >> iteration no: 37
1,389,490 ns >> iteration no: 38
1,410,090 ns >> iteration no: 39
1,430,390 ns >> iteration no: 40
1,450,665 ns >> iteration no: 41
1,470,965 ns >> iteration no: 42
1,491,390 ns >> iteration no: 43
1,511,865 ns >> iteration no: 44
1,532,315 ns >> iteration no: 45
1,552,590 ns >> iteration no: 46
1,572,890 ns >> iteration no: 47
1,593,365 ns >> iteration no: 48
1,613,990 ns >> iteration no: 49
1,633,515 ns >> prog fin.
compare to golden: 1
======================================
progstatus: 1
execerr: 1
latent: 1
program execution success!
total iterations: 50
>>>>>>>>>>>>>>> 1633515000
======================================
