Test signal = /testbench/cpu/l3/cpu(0)/u0/leon3x0/vhdl/p0/iu/r.e.alucin
oldval = 0
pos1: -1 pos0: 0 posU: -1
newval = 1
force in 492917
596,490 ns >> iteration no: 0
616,940 ns >> iteration no: 1
637,240 ns >> iteration no: 2
657,540 ns >> iteration no: 3
678,015 ns >> iteration no: 4
698,640 ns >> iteration no: 5
719,065 ns >> iteration no: 6
739,365 ns >> iteration no: 7
759,565 ns >> iteration no: 8
780,015 ns >> iteration no: 9
800,440 ns >> iteration no: 10
820,965 ns >> iteration no: 11
841,440 ns >> iteration no: 12
861,765 ns >> iteration no: 13
882,065 ns >> iteration no: 14
902,490 ns >> iteration no: 15
922,990 ns >> iteration no: 16
943,440 ns >> iteration no: 17
963,740 ns >> iteration no: 18
984,040 ns >> iteration no: 19
1,004,515 ns >> iteration no: 20
1,025,140 ns >> iteration no: 21
1,045,615 ns >> iteration no: 22
1,065,915 ns >> iteration no: 23
Signal value: 1
oldval = 1
pos1: 0 pos0: -1 posU: -1
newval = 0
Error detected -> Trying to recover
Successful recovery -> Returning to normal execution
1,090,190 ns >> iteration no: 24
1,110,490 ns >> iteration no: 25
1,130,740 ns >> iteration no: 26
1,151,190 ns >> iteration no: 27
1,171,615 ns >> iteration no: 28
1,192,140 ns >> iteration no: 29
1,212,615 ns >> iteration no: 30
1,232,965 ns >> iteration no: 31
1,253,265 ns >> iteration no: 32
1,273,690 ns >> iteration no: 33
1,294,190 ns >> iteration no: 34
1,314,640 ns >> iteration no: 35
1,334,940 ns >> iteration no: 36
1,355,240 ns >> iteration no: 37
1,375,715 ns >> iteration no: 38
1,396,340 ns >> iteration no: 39
1,416,815 ns >> iteration no: 40
1,437,115 ns >> iteration no: 41
1,457,340 ns >> iteration no: 42
1,477,790 ns >> iteration no: 43
1,498,265 ns >> iteration no: 44
1,518,890 ns >> iteration no: 45
1,539,190 ns >> iteration no: 46
1,559,465 ns >> iteration no: 47
1,579,765 ns >> iteration no: 48
1,600,190 ns >> iteration no: 49
1,619,615 ns >> prog fin.
compare to golden: 1
======================================
progstatus: 1
execerr: 1
latent: 1
program execution success!
total iterations: 50
>>>>>>>>>>>>>>> 1619615000
======================================
