Test signal = /testbench/cpu/l3/cpu(0)/u0/leon3x0/vhdl/p0/iu/r.f.pc
oldval = 01000000000000000000001011100100
pos1: 29 pos0: 31 posU: -1
newval = 01000000000000000000001011100000
force in 629084
596,490 ns >> iteration no: 0
616,940 ns >> iteration no: 1
637,240 ns >> iteration no: 2
657,540 ns >> iteration no: 3
678,015 ns >> iteration no: 4
698,640 ns >> iteration no: 5
719,065 ns >> iteration no: 6
739,365 ns >> iteration no: 7
759,565 ns >> iteration no: 8
780,015 ns >> iteration no: 9
800,440 ns >> iteration no: 10
820,965 ns >> iteration no: 11
841,440 ns >> iteration no: 12
861,765 ns >> iteration no: 13
882,065 ns >> iteration no: 14
902,490 ns >> iteration no: 15
922,990 ns >> iteration no: 16
943,440 ns >> iteration no: 17
963,740 ns >> iteration no: 18
984,040 ns >> iteration no: 19
1,004,515 ns >> iteration no: 20
1,025,140 ns >> iteration no: 21
1,045,615 ns >> iteration no: 22
1,065,915 ns >> iteration no: 23
1,086,140 ns >> iteration no: 24
1,106,590 ns >> iteration no: 25
1,127,065 ns >> iteration no: 26
1,147,690 ns >> iteration no: 27
1,167,990 ns >> iteration no: 28
1,188,265 ns >> iteration no: 29
Signal value: 01000000000000000000001000000100
oldval = 01000000000000000000001000000100
pos1: 29 pos0: 31 posU: -1
newval = 01000000000000000000001000000000
1,208,565 ns >> iteration no: 30
1,221,890 ns >> prog exec ERROR.
compare to golden: 1
======================================
progstatus: -1
execerr: 0
latent: 1
program error!
>>>>>>>>>>>>>>> 1221890000
======================================
