Test signal = /testbench/cpu/l3/cpu(0)/u0/leon3x0/vhdl/p0/iu/r.a.rsel2
oldval = 101
pos1: 2 pos0: 1 posU: -1
newval = 100
force in 280218
596,490 ns >> iteration no: 0
616,940 ns >> iteration no: 1
637,240 ns >> iteration no: 2
657,540 ns >> iteration no: 3
678,015 ns >> iteration no: 4
698,640 ns >> iteration no: 5
719,065 ns >> iteration no: 6
739,365 ns >> iteration no: 7
759,565 ns >> iteration no: 8
780,015 ns >> iteration no: 9
800,440 ns >> iteration no: 10
820,965 ns >> iteration no: 11
841,440 ns >> iteration no: 12
Signal value: 100
oldval = 100
pos1: 0 pos0: 2 posU: -1
newval = 000
Error detected -> Trying to recover
Successful recovery -> Returning to normal execution
864,290 ns >> iteration no: 13
884,765 ns >> iteration no: 14
905,215 ns >> iteration no: 15
925,665 ns >> iteration no: 16
945,965 ns >> iteration no: 17
966,440 ns >> iteration no: 18
986,940 ns >> iteration no: 19
1,007,390 ns >> iteration no: 20
1,027,690 ns >> iteration no: 21
1,047,990 ns >> iteration no: 22
1,068,465 ns >> iteration no: 23
1,089,090 ns >> iteration no: 24
1,109,515 ns >> iteration no: 25
1,129,815 ns >> iteration no: 26
1,150,015 ns >> iteration no: 27
1,170,440 ns >> iteration no: 28
1,190,865 ns >> iteration no: 29
1,211,390 ns >> iteration no: 30
1,231,840 ns >> iteration no: 31
1,252,165 ns >> iteration no: 32
1,272,465 ns >> iteration no: 33
1,292,890 ns >> iteration no: 34
1,313,390 ns >> iteration no: 35
1,333,840 ns >> iteration no: 36
1,354,140 ns >> iteration no: 37
1,374,440 ns >> iteration no: 38
1,394,915 ns >> iteration no: 39
1,415,540 ns >> iteration no: 40
1,436,015 ns >> iteration no: 41
1,456,315 ns >> iteration no: 42
1,476,540 ns >> iteration no: 43
1,496,990 ns >> iteration no: 44
1,517,465 ns >> iteration no: 45
1,538,090 ns >> iteration no: 46
1,558,390 ns >> iteration no: 47
1,578,665 ns >> iteration no: 48
1,598,965 ns >> iteration no: 49
1,618,440 ns >> prog fin.
compare to golden: 1
======================================
progstatus: 1
execerr: 1
latent: 1
program execution success!
total iterations: 50
>>>>>>>>>>>>>>> 1618440000
======================================
