Test signal = /testbench/cpu/l3/cpu(0)/u0/leon3x0/vhdl/p0/iu/r.a.jmpl
oldval = 0
pos1: -1 pos0: 0 posU: -1
newval = 1
force in 181593
596,490 ns >> iteration no: 0
616,940 ns >> iteration no: 1
637,240 ns >> iteration no: 2
657,540 ns >> iteration no: 3
678,015 ns >> iteration no: 4
698,640 ns >> iteration no: 5
719,065 ns >> iteration no: 6
739,365 ns >> iteration no: 7
759,565 ns >> iteration no: 8
Signal value: 0
oldval = 0
pos1: -1 pos0: 0 posU: -1
newval = 1
Error detected -> Trying to recover
Successful recovery -> Returning to normal execution
783,465 ns >> iteration no: 9
803,740 ns >> iteration no: 10
824,040 ns >> iteration no: 11
844,515 ns >> iteration no: 12
865,140 ns >> iteration no: 13
885,615 ns >> iteration no: 14
905,915 ns >> iteration no: 15
926,140 ns >> iteration no: 16
946,590 ns >> iteration no: 17
967,065 ns >> iteration no: 18
987,690 ns >> iteration no: 19
1,007,990 ns >> iteration no: 20
1,028,265 ns >> iteration no: 21
1,048,565 ns >> iteration no: 22
1,068,990 ns >> iteration no: 23
1,089,465 ns >> iteration no: 24
1,109,915 ns >> iteration no: 25
1,130,190 ns >> iteration no: 26
1,150,490 ns >> iteration no: 27
1,170,965 ns >> iteration no: 28
1,191,590 ns >> iteration no: 29
1,212,040 ns >> iteration no: 30
1,232,340 ns >> iteration no: 31
1,252,565 ns >> iteration no: 32
1,273,015 ns >> iteration no: 33
1,293,490 ns >> iteration no: 34
1,314,090 ns >> iteration no: 35
1,334,390 ns >> iteration no: 36
1,354,665 ns >> iteration no: 37
1,374,965 ns >> iteration no: 38
1,395,390 ns >> iteration no: 39
1,415,865 ns >> iteration no: 40
1,436,315 ns >> iteration no: 41
1,456,590 ns >> iteration no: 42
1,476,890 ns >> iteration no: 43
1,497,365 ns >> iteration no: 44
1,517,990 ns >> iteration no: 45
1,538,440 ns >> iteration no: 46
1,558,740 ns >> iteration no: 47
1,578,965 ns >> iteration no: 48
1,599,415 ns >> iteration no: 49
1,618,940 ns >> prog fin.
compare to golden: 1
======================================
progstatus: 1
execerr: 1
latent: 1
program execution success!
total iterations: 50
>>>>>>>>>>>>>>> 1618940000
======================================
