Test signal = /testbench/cpu/l3/cpu(0)/u0/leon3x0/vhdl/p0/iu/r.e.jmpl
oldval = 0
pos1: -1 pos0: 0 posU: -1
newval = 1
force in 553222
596,490 ns >> iteration no: 0
616,940 ns >> iteration no: 1
637,240 ns >> iteration no: 2
657,540 ns >> iteration no: 3
678,015 ns >> iteration no: 4
698,640 ns >> iteration no: 5
719,065 ns >> iteration no: 6
739,365 ns >> iteration no: 7
759,565 ns >> iteration no: 8
780,015 ns >> iteration no: 9
800,440 ns >> iteration no: 10
820,965 ns >> iteration no: 11
841,440 ns >> iteration no: 12
861,765 ns >> iteration no: 13
882,065 ns >> iteration no: 14
902,490 ns >> iteration no: 15
922,990 ns >> iteration no: 16
943,440 ns >> iteration no: 17
963,740 ns >> iteration no: 18
984,040 ns >> iteration no: 19
1,004,515 ns >> iteration no: 20
1,025,140 ns >> iteration no: 21
1,045,615 ns >> iteration no: 22
1,065,915 ns >> iteration no: 23
1,086,140 ns >> iteration no: 24
1,106,590 ns >> iteration no: 25
1,127,065 ns >> iteration no: 26
Signal value: 0
oldval = 0
pos1: -1 pos0: 0 posU: -1
newval = 1
Error detected -> Trying to recover
Successful recovery -> Returning to normal execution
1,151,540 ns >> iteration no: 27
1,172,015 ns >> iteration no: 28
1,192,590 ns >> iteration no: 29
1,212,890 ns >> iteration no: 30
1,233,140 ns >> iteration no: 31
1,253,590 ns >> iteration no: 32
1,274,015 ns >> iteration no: 33
1,294,540 ns >> iteration no: 34
1,315,015 ns >> iteration no: 35
1,335,365 ns >> iteration no: 36
1,355,665 ns >> iteration no: 37
1,376,090 ns >> iteration no: 38
1,396,590 ns >> iteration no: 39
1,417,040 ns >> iteration no: 40
1,437,340 ns >> iteration no: 41
1,457,640 ns >> iteration no: 42
1,478,115 ns >> iteration no: 43
1,498,740 ns >> iteration no: 44
1,519,215 ns >> iteration no: 45
1,539,515 ns >> iteration no: 46
1,559,740 ns >> iteration no: 47
1,580,190 ns >> iteration no: 48
1,600,665 ns >> iteration no: 49
1,620,290 ns >> prog fin.
compare to golden: 1
======================================
progstatus: 1
execerr: 1
latent: 1
program execution success!
total iterations: 50
>>>>>>>>>>>>>>> 1620290000
======================================
