Test signal = /testbench/cpu/l3/cpu(0)/u0/leon3x0/vhdl/p0/iu/r.d.cnt
oldval = 00
pos1: -1 pos0: 1 posU: -1
newval = 01
force in 497686
596,490 ns >> iteration no: 0
616,940 ns >> iteration no: 1
637,240 ns >> iteration no: 2
657,540 ns >> iteration no: 3
678,015 ns >> iteration no: 4
698,640 ns >> iteration no: 5
719,065 ns >> iteration no: 6
739,365 ns >> iteration no: 7
759,565 ns >> iteration no: 8
780,015 ns >> iteration no: 9
800,440 ns >> iteration no: 10
820,965 ns >> iteration no: 11
841,440 ns >> iteration no: 12
861,765 ns >> iteration no: 13
882,065 ns >> iteration no: 14
902,490 ns >> iteration no: 15
922,990 ns >> iteration no: 16
943,440 ns >> iteration no: 17
963,740 ns >> iteration no: 18
984,040 ns >> iteration no: 19
1,004,515 ns >> iteration no: 20
1,025,140 ns >> iteration no: 21
1,045,615 ns >> iteration no: 22
1,065,915 ns >> iteration no: 23
Signal value: 00
oldval = 00
pos1: -1 pos0: 1 posU: -1
newval = 01
Error detected -> Trying to recover
Successful recovery -> Returning to normal execution
1,089,790 ns >> iteration no: 24
1,110,240 ns >> iteration no: 25
1,130,565 ns >> iteration no: 26
1,150,865 ns >> iteration no: 27
1,171,290 ns >> iteration no: 28
1,191,790 ns >> iteration no: 29
1,212,240 ns >> iteration no: 30
1,232,540 ns >> iteration no: 31
1,252,840 ns >> iteration no: 32
1,273,315 ns >> iteration no: 33
1,293,940 ns >> iteration no: 34
1,314,415 ns >> iteration no: 35
1,334,715 ns >> iteration no: 36
1,354,940 ns >> iteration no: 37
1,375,390 ns >> iteration no: 38
1,395,865 ns >> iteration no: 39
1,416,490 ns >> iteration no: 40
1,436,790 ns >> iteration no: 41
1,457,065 ns >> iteration no: 42
1,477,365 ns >> iteration no: 43
1,497,790 ns >> iteration no: 44
1,518,265 ns >> iteration no: 45
1,538,715 ns >> iteration no: 46
1,558,990 ns >> iteration no: 47
1,579,290 ns >> iteration no: 48
1,599,765 ns >> iteration no: 49
1,619,290 ns >> prog fin.
compare to golden: 1
======================================
progstatus: 1
execerr: 1
latent: 1
program execution success!
total iterations: 50
>>>>>>>>>>>>>>> 1619290000
======================================
