Test signal = /testbench/cpu/l3/cpu(0)/u0/leon3x0/vhdl/p0/iu/r.a.rsel2
oldval = 101
pos1: 2 pos0: 1 posU: -1
newval = 100
force in 344670
596,490 ns >> iteration no: 0
616,940 ns >> iteration no: 1
637,240 ns >> iteration no: 2
657,540 ns >> iteration no: 3
678,015 ns >> iteration no: 4
698,640 ns >> iteration no: 5
719,065 ns >> iteration no: 6
739,365 ns >> iteration no: 7
759,565 ns >> iteration no: 8
780,015 ns >> iteration no: 9
800,440 ns >> iteration no: 10
820,965 ns >> iteration no: 11
841,440 ns >> iteration no: 12
861,765 ns >> iteration no: 13
882,065 ns >> iteration no: 14
902,490 ns >> iteration no: 15
922,990 ns >> iteration no: 16
Signal value: 100
oldval = 100
pos1: 0 pos0: 2 posU: -1
newval = 000
Error detected -> Trying to recover
Successful recovery -> Returning to normal execution
947,590 ns >> iteration no: 17
968,140 ns >> iteration no: 18
988,615 ns >> iteration no: 19
1,008,965 ns >> iteration no: 20
1,029,265 ns >> iteration no: 21
1,049,690 ns >> iteration no: 22
1,070,190 ns >> iteration no: 23
1,090,640 ns >> iteration no: 24
1,110,940 ns >> iteration no: 25
1,131,240 ns >> iteration no: 26
1,151,715 ns >> iteration no: 27
1,172,340 ns >> iteration no: 28
1,192,815 ns >> iteration no: 29
1,213,115 ns >> iteration no: 30
1,233,340 ns >> iteration no: 31
1,253,790 ns >> iteration no: 32
1,274,265 ns >> iteration no: 33
1,294,890 ns >> iteration no: 34
1,315,190 ns >> iteration no: 35
1,335,465 ns >> iteration no: 36
1,355,765 ns >> iteration no: 37
1,376,190 ns >> iteration no: 38
1,396,665 ns >> iteration no: 39
1,417,115 ns >> iteration no: 40
1,437,390 ns >> iteration no: 41
1,457,690 ns >> iteration no: 42
1,478,165 ns >> iteration no: 43
1,498,790 ns >> iteration no: 44
1,519,240 ns >> iteration no: 45
1,539,540 ns >> iteration no: 46
1,559,765 ns >> iteration no: 47
1,580,215 ns >> iteration no: 48
1,600,690 ns >> iteration no: 49
1,620,290 ns >> prog fin.
compare to golden: 1
======================================
progstatus: 1
execerr: 1
latent: 1
program execution success!
total iterations: 50
>>>>>>>>>>>>>>> 1620290000
======================================
