Test signal = /testbench/cpu/l3/cpu(0)/u0/leon3x0/vhdl/p0/iu/r.a.wovf
oldval = 0
pos1: -1 pos0: 0 posU: -1
newval = 1
force in 267418
596,490 ns >> iteration no: 0
616,940 ns >> iteration no: 1
637,240 ns >> iteration no: 2
657,540 ns >> iteration no: 3
678,015 ns >> iteration no: 4
698,640 ns >> iteration no: 5
719,065 ns >> iteration no: 6
739,365 ns >> iteration no: 7
759,565 ns >> iteration no: 8
780,015 ns >> iteration no: 9
800,440 ns >> iteration no: 10
820,965 ns >> iteration no: 11
841,440 ns >> iteration no: 12
Signal value: 0
oldval = 0
pos1: -1 pos0: 0 posU: -1
newval = 1
Error detected -> Trying to recover
Successful recovery -> Returning to normal execution
880,965 ns >> iteration no: 13
901,265 ns >> iteration no: 14
921,690 ns >> iteration no: 15
942,190 ns >> iteration no: 16
962,640 ns >> iteration no: 17
982,940 ns >> iteration no: 18
1,003,240 ns >> iteration no: 19
1,023,715 ns >> iteration no: 20
1,044,340 ns >> iteration no: 21
1,064,815 ns >> iteration no: 22
1,085,115 ns >> iteration no: 23
1,105,340 ns >> iteration no: 24
1,125,790 ns >> iteration no: 25
1,146,265 ns >> iteration no: 26
1,166,890 ns >> iteration no: 27
1,187,190 ns >> iteration no: 28
1,207,465 ns >> iteration no: 29
1,227,765 ns >> iteration no: 30
1,248,190 ns >> iteration no: 31
1,268,665 ns >> iteration no: 32
1,289,115 ns >> iteration no: 33
1,309,390 ns >> iteration no: 34
1,329,690 ns >> iteration no: 35
1,350,165 ns >> iteration no: 36
1,370,790 ns >> iteration no: 37
1,391,240 ns >> iteration no: 38
1,411,540 ns >> iteration no: 39
1,431,765 ns >> iteration no: 40
1,452,215 ns >> iteration no: 41
1,472,690 ns >> iteration no: 42
1,493,290 ns >> iteration no: 43
1,513,590 ns >> iteration no: 44
1,533,865 ns >> iteration no: 45
1,554,165 ns >> iteration no: 46
1,574,590 ns >> iteration no: 47
1,595,065 ns >> iteration no: 48
1,615,515 ns >> iteration no: 49
1,634,840 ns >> prog fin.
compare to golden: 1
======================================
progstatus: 1
execerr: 1
latent: 1
program execution success!
total iterations: 50
>>>>>>>>>>>>>>> 1634840000
======================================
