Test signal = /testbench/cpu/l3/u0/leon3x0/vhdl/p0/iu/r.m.wcwp
oldval = 0
pos1: -1 pos0: 0 posU: -1
newval = 1
Signal value: 0
force in 1519181
584840000 >> iteration no: 0
1027865000 >> iteration no: 1
1470840000 >> iteration no: 2
1913815000 >> iteration no: 3
oldval = 0
pos1: -1 pos0: 0 posU: -1
newval = 1
2101065000 >> Error detected...
2102465000 >> Error detected...
2103115000 >> Error detected...
2105665000 >> Error detected...
2106515000 >> Error detected...
2107015000 >> Error detected...
2107215000 >> Error detected...
2107915000 >> Error detected...
2108790000 >> Error detected...
2110040000 >> Error detected...
2111765000 >> Error detected...
2113340000 >> Error detected...
2113990000 >> Error detected...
2116540000 >> Error detected...
2117215000 >> Error detected...
2117715000 >> Error detected...
2117915000 >> Error detected...
2118615000 >> Error detected...
2118940000 >> Error detected...
2120265000 >> Error detected...
2122790000 >> Error detected...
2123465000 >> Error detected...
2123965000 >> Error detected...
2124165000 >> Error detected...
2124865000 >> Error detected...
2125715000 >> Error detected...
2126040000 >> Error detected...
2126765000 >> Error detected...
2127415000 >> Error detected...
2128290000 >> Error detected...
2129540000 >> Error detected...
2131265000 >> Error detected...
2132840000 >> Error detected...
2133490000 >> Error detected...
2136040000 >> Error detected...
2136715000 >> Error detected...
2137215000 >> Error detected...
2137415000 >> Error detected...
2138115000 >> Error detected...
2139140000 >> Error detected...
2140390000 >> Error detected...
2142115000 >> Error detected...
2143515000 >> Error detected...
2144165000 >> Error detected...
2146890000 >> Error detected...
2147565000 >> Error detected...
2148065000 >> Error detected...
2148265000 >> Error detected...
2148965000 >> Error detected...
2149840000 >> Error detected...
2151265000 >> Error detected...
2152990000 >> Error detected...
2154390000 >> Error detected...
2155040000 >> Error detected...
2157765000 >> Error detected...
2158440000 >> Error detected...
2158940000 >> Error detected...
2159140000 >> Error detected...
2159840000 >> Error detected...
2160715000 >> Error detected...
2161965000 >> Error detected...
2163690000 >> Error detected...
2165240000 >> Error detected...
2165890000 >> Error detected...
2168440000 >> Error detected...
2169115000 >> Error detected...
2169615000 >> Error detected...
2169815000 >> Error detected...
2170690000 >> Error detected...
2171015000 >> Error detected...
2172165000 >> Error detected...
2174690000 >> Error detected...
2175365000 >> Error detected...
2175865000 >> Error detected...
2176065000 >> Error detected...
2176940000 >> Error detected...
2177615000 >> Error detected...
2177940000 >> Error detected...
2178665000 >> Error detected...
2179315000 >> Error detected...
2180190000 >> Error detected...
2181440000 >> Error detected...
2183340000 >> Error detected...
2184740000 >> Error detected...
2185390000 >> Error detected...
2187940000 >> Error detected...
2188615000 >> Error detected...
2189115000 >> Error detected...
2189490000 >> Error detected...
2190190000 >> Error detected...
2191065000 >> Error detected...
2192315000 >> Error detected...
2194040000 >> Error detected...
2195440000 >> Error detected...
2196265000 >> Error detected...
2198815000 >> Error detected...
2199490000 >> Error detected...
2199990000 >> Error detected...
2200190000 >> Error detected...
2200890000 >> Error detected...
2201765000 >> Error detected...
2203190000 >> Error detected...
2204915000 >> Error detected...
2206315000 >> Error detected...
2206965000 >> Error detected...
2209665000 >> Error detected...
2210340000 >> Error detected...
2210840000 >> Error detected...
2211040000 >> Error detected...
2211740000 >> Error detected...
2212615000 >> Error detected...
2213865000 >> Error detected...
2215765000 >> Error detected...
2217165000 >> Error detected...
2217815000 >> Error detected...
2220365000 >> Error detected...
2221040000 >> Error detected...
2221690000 >> Error detected...
2221890000 >> Error detected...
2222590000 >> Error detected...
2222915000 >> Error detected...
2224065000 >> Error detected...
2226590000 >> Error detected...
2227265000 >> Error detected...
2227765000 >> Error detected...
2228140000 >> Error detected...
2228840000 >> Error detected...
2229515000 >> Error detected...
2229840000 >> Error detected...
2230565000 >> Error detected...
2231215000 >> Error detected...
2232090000 >> Error detected...
2233340000 >> Error detected...
2235240000 >> Error detected...
2236640000 >> Error detected...
2237290000 >> Error detected...
2239840000 >> Error detected...
2240515000 >> Error detected...
2241190000 >> Error detected...
2241390000 >> Error detected...
2242090000 >> Error detected...
2242965000 >> Error detected...
2244215000 >> Error detected...
2245940000 >> Error detected...
2247515000 >> Error detected...
2248165000 >> Error detected...
2250715000 >> Error detected...
2251390000 >> Error detected...
2251890000 >> Error detected...
2252090000 >> Error detected...
2252790000 >> Error detected...
2253815000 >> Error detected...
2255065000 >> Error detected...
2256790000 >> Error detected...
2258190000 >> Error detected...
2258840000 >> Error detected...
2261565000 >> Error detected...
2262240000 >> Error detected...
2262740000 >> Error detected...
2262940000 >> Error detected...
2263640000 >> Error detected...
2264515000 >> Error detected...
2265765000 >> Error detected...
2267665000 >> Error detected...
2269065000 >> Error detected...
2269715000 >> Error detected...
2272265000 >> Error detected...
2273115000 >> Error detected...
2273615000 >> Error detected...
2273815000 >> Error detected...
2274515000 >> Error detected...
2274840000 >> Error detected...
2275990000 >> Error detected...
2278515000 >> Error detected...
2279365000 >> Error detected...
2279865000 >> Error detected...
2280065000 >> Error detected...
2280765000 >> Error detected...
2281115000 >> Error detected...
2281490000 >> Error detected...
2282090000 >> Error detected...
2282440000 >> Error detected...
2283265000 >> Error detected...
2284240000 >> Error detected...
2284515000 >> Error detected...
2285865000 >> Error detected...
2286540000 >> Error detected...
2286865000 >> Error detected...
2287165000 >> Error detected...
2288140000 >> Error detected...
2288965000 >> Error detected...
2289940000 >> Error detected...
2290215000 >> Error detected...
2291390000 >> Error detected...
2292240000 >> Error detected...
2292565000 >> Error detected...
2292865000 >> Error detected...
2293840000 >> Error detected...
2294665000 >> Error detected...
2295640000 >> Error detected...
2295915000 >> Error detected...
2297090000 >> Error detected...
2297765000 >> Error detected...
2298090000 >> Error detected...
2298565000 >> Error detected...
2299540000 >> Error detected...
2300365000 >> Error detected...
2301340000 >> Error detected...
2301615000 >> Error detected...
2302790000 >> Error detected...
2303465000 >> Error detected...
2303790000 >> Error detected...
2304090000 >> Error detected...
2305240000 >> Error detected...
2306065000 >> Error detected...
2307040000 >> Error detected...
2307315000 >> Error detected...
2308490000 >> Error detected...
2309165000 >> Error detected...
2309490000 >> Error detected...
2309790000 >> Error detected...
2310765000 >> Error detected...
2311765000 >> Error detected...
2312740000 >> Error detected...
2313015000 >> Error detected...
2314190000 >> Error detected...
2314865000 >> Error detected...
2315190000 >> Error detected...
2315490000 >> Error detected...
2316465000 >> Error detected...
2317290000 >> Error detected...
2318415000 >> Error detected...
2318690000 >> Error detected...
2319865000 >> Error detected...
2320540000 >> Error detected...
2320865000 >> Error detected...
2321165000 >> Error detected...
2322140000 >> Error detected...
2322965000 >> Error detected...
2323540000 >> Error detected...
2324365000 >> Error detected...
2324690000 >> Error detected...
2325015000 >> Error detected...
2325365000 >> Error detected...
2325715000 >> Error detected...
2326515000 >> Error detected...
2327090000 >> Error detected...
2327690000 >> Error detected...
2328040000 >> Error detected...
2329190000 >> Error detected...
2329990000 >> Error detected...
2330715000 >> Error detected...
2331315000 >> Error detected...
2331665000 >> Error detected...
2332815000 >> Error detected...
2333615000 >> Error detected...
2334190000 >> Error detected...
2334790000 >> Error detected...
2335140000 >> Error detected...
2336290000 >> Error detected...
2337265000 >> Error detected...
2337840000 >> Error detected...
2338440000 >> Error detected...
2338790000 >> Error detected...
2339940000 >> Error detected...
2340740000 >> Error detected...
2341315000 >> Error detected...
2341915000 >> Error detected...
2342265000 >> Error detected...
2343590000 >> Error detected...
2344390000 >> Error detected...
2344965000 >> Error detected...
2345565000 >> Error detected...
2345915000 >> Error detected...
2347065000 >> Error detected...
2347865000 >> Error detected...
2348440000 >> Error detected...
2349040000 >> Error detected...
2349390000 >> Error detected...
2350715000 >> Error detected...
2351515000 >> Error detected...
2352115000 >> Error detected...
2352490000 >> Error detected...
2353090000 >> Error detected...
2353690000 >> Error detected...
2354015000 >> Error detected...
2354390000 >> Error detected...
2355165000 >> Error detected...
2355490000 >> Error detected...
2355915000 >> Error detected...
2356490000 >> Error detected...
2356940000 >> Error detected...
2356965000 >> iteration no: 4
2357265000 >> Error detected...
2357590000 >> Error detected...
2357915000 >> Error detected...
2358490000 >> Error detected...
2358990000 >> Error detected...
2359465000 >> Error detected...
2360115000 >> Error detected...
2360765000 >> Error detected...
2361090000 >> Error detected...
2361365000 >> Error detected...
2361840000 >> Error detected...
2362665000 >> Error detected...
2366490000 >> Error detected...
2368240000 >> Error detected...
2368565000 >> Error detected...
2370190000 >> Error detected...
2370815000 >> Error detected...
2371165000 >> Error detected...
2372540000 >> Error detected...
2373365000 >> Error detected...
2377365000 >> Error detected...
2379115000 >> Error detected...
2379440000 >> Error detected...
2380890000 >> Error detected...
2381690000 >> Error detected...
2382040000 >> Error detected...
2383415000 >> Error detected...
2384240000 >> Error detected...
2388240000 >> Error detected...
2389990000 >> Error detected...
2390315000 >> Error detected...
2391765000 >> Error detected...
2392390000 >> Error detected...
2392740000 >> Error detected...
2394115000 >> Error detected...
2395115000 >> Error detected...
2398940000 >> Error detected...
2400865000 >> Error detected...
2401190000 >> Error detected...
2402640000 >> Error detected...
2403265000 >> Error detected...
2403615000 >> Error detected...
2404990000 >> Error detected...
2405815000 >> Error detected...
2408940000 >> Error detected...
2409515000 >> Error detected...
2409865000 >> Error detected...
2411240000 >> Error detected...
2412065000 >> Error detected...
2412715000 >> Error detected...
2413040000 >> Error detected...
2413315000 >> Error detected...
2413965000 >> Error detected...
2414615000 >> Error detected...
2418440000 >> Error detected...
2420365000 >> Error detected...
2420690000 >> Error detected...
2422140000 >> Error detected...
2422765000 >> Error detected...
2423115000 >> Error detected...
2424490000 >> Error detected...
2425315000 >> Error detected...
2429315000 >> Error detected...
2431065000 >> Error detected...
2431390000 >> Error detected...
2433015000 >> Error detected...
2433640000 >> Error detected...
2433990000 >> Error detected...
2435365000 >> Error detected...
2436190000 >> Error detected...
2440190000 >> Error detected...
2441940000 >> Error detected...
2442265000 >> Error detected...
2443715000 >> Error detected...
2444340000 >> Error detected...
2444690000 >> Error detected...
2446240000 >> Error detected...
2447065000 >> Error detected...
2450890000 >> Error detected...
2452815000 >> Error detected...
2453140000 >> Error detected...
2454590000 >> Error detected...
2455215000 >> Error detected...
2455565000 >> Error detected...
2456940000 >> Error detected...
2457765000 >> Error detected...
2460890000 >> Error detected...
2461465000 >> Error detected...
2461815000 >> Error detected...
2463190000 >> Error detected...
2464015000 >> Error detected...
2464665000 >> Error detected...
2465165000 >> Error detected...
2465440000 >> Error detected...
2465915000 >> Error detected...
2466565000 >> Error detected...
2470390000 >> Error detected...
2472315000 >> Error detected...
2472640000 >> Error detected...
2474090000 >> Error detected...
2474715000 >> Error detected...
2475065000 >> Error detected...
2476440000 >> Error detected...
2477265000 >> Error detected...
2481240000 >> Error detected...
2482990000 >> Error detected...
2483315000 >> Error detected...
2484940000 >> Error detected...
2485565000 >> Error detected...
2485915000 >> Error detected...
2487290000 >> Error detected...
2488115000 >> Error detected...
2492115000 >> Error detected...
2493865000 >> Error detected...
2494190000 >> Error detected...
2495640000 >> Error detected...
2496265000 >> Error detected...
2496615000 >> Error detected...
2498165000 >> Error detected...
2498990000 >> Error detected...
2502815000 >> Error detected...
2504715000 >> Error detected...
2505040000 >> Error detected...
2506490000 >> Error detected...
2507115000 >> Error detected...
2507465000 >> Error detected...
2508840000 >> Error detected...
2509840000 >> Error detected...
2512790000 >> Error detected...
2513365000 >> Error detected...
2513715000 >> Error detected...
2515090000 >> Error detected...
2516090000 >> Error detected...
2516740000 >> Error detected...
2517065000 >> Error detected...
2517340000 >> Error detected...
2517815000 >> Error detected...
2518465000 >> Error detected...
2522465000 >> Error detected...
2524215000 >> Error detected...
2524540000 >> Error detected...
2525990000 >> Error detected...
2526615000 >> Error detected...
2526965000 >> Error detected...
2528340000 >> Error detected...
2529340000 >> Error detected...
2533165000 >> Error detected...
2534915000 >> Error detected...
2535415000 >> Error detected...
2536865000 >> Error detected...
2537490000 >> Error detected...
2537840000 >> Error detected...
2539215000 >> Error detected...
2540040000 >> Error detected...
2544040000 >> Error detected...
2545790000 >> Error detected...
2546115000 >> Error detected...
2547565000 >> Error detected...
2548365000 >> Error detected...
2548715000 >> Error detected...
2550090000 >> Error detected...
2550915000 >> Error detected...
2554915000 >> Error detected...
2556665000 >> Error detected...
2556990000 >> Error detected...
2558440000 >> Error detected...
2559065000 >> Error detected...
2559415000 >> Error detected...
2560940000 >> Error detected...
2561765000 >> Error detected...
2564715000 >> Error detected...
2565290000 >> Error detected...
2565640000 >> Error detected...
2567015000 >> Error detected...
2568015000 >> Error detected...
2568665000 >> Error detected...
2568990000 >> Error detected...
2569265000 >> Error detected...
2569740000 >> Error detected...
2570390000 >> Error detected...
2574390000 >> Error detected...
2576140000 >> Error detected...
2576465000 >> Error detected...
2577915000 >> Error detected...
2578540000 >> Error detected...
2578890000 >> Error detected...
2580440000 >> Error detected...
2581265000 >> Error detected...
2585090000 >> Error detected...
2587015000 >> Error detected...
2587340000 >> Error detected...
2588790000 >> Error detected...
2589415000 >> Error detected...
2589765000 >> Error detected...
2591140000 >> Error detected...
2591965000 >> Error detected...
2595940000 >> Error detected...
2597690000 >> Error detected...
2598015000 >> Error detected...
2599640000 >> Error detected...
2600265000 >> Error detected...
2600615000 >> Error detected...
2601990000 >> Error detected...
2602815000 >> Error detected...
2606815000 >> Error detected...
2608565000 >> Error detected...
2608890000 >> Error detected...
2610340000 >> Error detected...
2610965000 >> Error detected...
2611315000 >> Error detected...
2612865000 >> Error detected...
2613690000 >> Error detected...
2616640000 >> Error detected...
2617215000 >> Error detected...
2617565000 >> Error detected...
2619115000 >> Error detected...
2619940000 >> Error detected...
2620590000 >> Error detected...
2620915000 >> Error detected...
2621190000 >> Error detected...
2621665000 >> Error detected...
2622315000 >> Error detected...
2626315000 >> Error detected...
2628065000 >> Error detected...
2628390000 >> Error detected...
2629840000 >> Error detected...
2630465000 >> Error detected...
2630815000 >> Error detected...
2632365000 >> Error detected...
2633190000 >> Error detected...
2637015000 >> Error detected...
2638940000 >> Error detected...
2639265000 >> Error detected...
2640715000 >> Error detected...
2641340000 >> Error detected...
2641690000 >> Error detected...
2643065000 >> Error detected...
2644065000 >> Error detected...
2647890000 >> Error detected...
2649640000 >> Error detected...
2649965000 >> Error detected...
2651590000 >> Error detected...
2652215000 >> Error detected...
2652565000 >> Error detected...
2653940000 >> Error detected...
2654765000 >> Error detected...
2658765000 >> Error detected...
2660515000 >> Error detected...
2660840000 >> Error detected...
2662290000 >> Error detected...
2662915000 >> Error detected...
2663415000 >> Error detected...
2664790000 >> Error detected...
2665615000 >> Error detected...
2668565000 >> Error detected...
2669140000 >> Error detected...
2669490000 >> Error detected...
2671040000 >> Error detected...
2671865000 >> Error detected...
2672515000 >> Error detected...
2672840000 >> Error detected...
2673115000 >> Error detected...
2673590000 >> Error detected...
2674240000 >> Error detected...
2678240000 >> Error detected...
2679990000 >> Error detected...
2680315000 >> Error detected...
2681765000 >> Error detected...
2682565000 >> Error detected...
2682915000 >> Error detected...
2684290000 >> Error detected...
2685115000 >> Error detected...
2689115000 >> Error detected...
2690865000 >> Error detected...
2691190000 >> Error detected...
2692640000 >> Error detected...
2693265000 >> Error detected...
2693615000 >> Error detected...
2694990000 >> Error detected...
2695990000 >> Error detected...
2699815000 >> Error detected...
2701740000 >> Error detected...
2702065000 >> Error detected...
2703515000 >> Error detected...
2704140000 >> Error detected...
2704490000 >> Error detected...
2705865000 >> Error detected...
2706690000 >> Error detected...
2710690000 >> Error detected...
2712440000 >> Error detected...
2712765000 >> Error detected...
2714215000 >> Error detected...
2714990000 >> Error detected...
2715340000 >> Error detected...
2716715000 >> Error detected...
2717540000 >> Error detected...
2720490000 >> Error detected...
2721215000 >> Error detected...
2721565000 >> Error detected...
2722940000 >> Error detected...
2723765000 >> Error detected...
2724115000 >> Error detected...
2724490000 >> Error detected...
2725090000 >> Error detected...
2725440000 >> Error detected...
2726265000 >> Error detected...
2727415000 >> Error detected...
2727690000 >> Error detected...
2728865000 >> Error detected...
2729540000 >> Error detected...
2729865000 >> Error detected...
2730165000 >> Error detected...
2731140000 >> Error detected...
2731965000 >> Error detected...
2732940000 >> Error detected...
2733215000 >> Error detected...
2734565000 >> Error detected...
2735240000 >> Error detected...
2735565000 >> Error detected...
2735865000 >> Error detected...
2736840000 >> Error detected...
2737665000 >> Error detected...
2738640000 >> Error detected...
2738915000 >> Error detected...
2740265000 >> Error detected...
2740940000 >> Error detected...
2741265000 >> Error detected...
2741565000 >> Error detected...
2742540000 >> Error detected...
2743365000 >> Error detected...
2744340000 >> Error detected...
2744615000 >> Error detected...
2745790000 >> Error detected...
2746640000 >> Error detected...
2746965000 >> Error detected...
2747265000 >> Error detected...
2748240000 >> Error detected...
2749065000 >> Error detected...
2750040000 >> Error detected...
2750315000 >> Error detected...
2751490000 >> Error detected...
2752165000 >> Error detected...
2752490000 >> Error detected...
2752965000 >> Error detected...
2753940000 >> Error detected...
2754765000 >> Error detected...
2755740000 >> Error detected...
2756015000 >> Error detected...
2757190000 >> Error detected...
2757865000 >> Error detected...
2758190000 >> Error detected...
2758490000 >> Error detected...
2759640000 >> Error detected...
2760465000 >> Error detected...
2761440000 >> Error detected...
2761715000 >> Error detected...
2762890000 >> Error detected...
2763565000 >> Error detected...
2763890000 >> Error detected...
2764190000 >> Error detected...
2765165000 >> Error detected...
2766165000 >> Error detected...
2766740000 >> Error detected...
2767390000 >> Error detected...
2767715000 >> Error detected...
2768040000 >> Error detected...
2768390000 >> Error detected...
2768740000 >> Error detected...
2769540000 >> Error detected...
2770115000 >> Error detected...
2770715000 >> Error detected...
2771065000 >> Error detected...
2772390000 >> Error detected...
2773190000 >> Error detected...
2773765000 >> Error detected...
2774365000 >> Error detected...
2774715000 >> Error detected...
2775865000 >> Error detected...
2776665000 >> Error detected...
2777240000 >> Error detected...
2777840000 >> Error detected...
2778190000 >> Error detected...
2779515000 >> Error detected...
2780315000 >> Error detected...
2780890000 >> Error detected...
2781490000 >> Error detected...
2781840000 >> Error detected...
2782990000 >> Error detected...
2783790000 >> Error detected...
2784365000 >> Error detected...
2785140000 >> Error detected...
2785490000 >> Error detected...
2786640000 >> Error detected...
2787440000 >> Error detected...
2788015000 >> Error detected...
2788615000 >> Error detected...
2788965000 >> Error detected...
2790115000 >> Error detected...
2790915000 >> Error detected...
2791640000 >> Error detected...
2792240000 >> Error detected...
2792590000 >> Error detected...
2793740000 >> Error detected...
2794540000 >> Error detected...
2795140000 >> Error detected...
2795515000 >> Error detected...
2796115000 >> Error detected...
2796715000 >> Error detected...
2797040000 >> Error detected...
2797415000 >> Error detected...
2798365000 >> Error detected...
2798815000 >> Error detected...
2799215000 >> Error detected...
2799640000 >> Error detected...
2799665000 >> prog fin.
/testbench/cpu/l3/u0/leon3x0/vhdl/p0/iu/r.w.wreg:1
/testbench/cpu/l3/u0/leon3x0/vhdl/p0/iu/r.m.irqen:1
/testbench/cpu/l3/u0/leon3x0/vhdl/p0/iu/r.m.icc:0000
/testbench/cpu/l3/u0/leon3x0/vhdl/p0/iu/r.a.ticc:0
/testbench/cpu/l3/u0/leon3x0/vhdl/p0/iu/r.a.step:0
/testbench/cpu/l3/u0/leon3x0/vhdl/p0/iu/r.m.irqen2:1
/testbench/cpu/l3/u0/leon3x0/vhdl/p0/iu/r.d.pc:00000000000000000000000000001000
/testbench/cpu/l3/u0/leon3x0/vhdl/p0/iu/r.d.rexpl:{{00000000000000000000000000000000} {00} {0} 0 0 {0000000000000000000} 0 0 0 0 0 0}
/testbench/cpu/l3/u0/leon3x0/vhdl/p0/iu/r.d.mexc:0
/testbench/cpu/l3/u0/leon3x0/vhdl/p0/iu/r.a.aw:0
/testbench/cpu/l3/u0/leon3x0/vhdl/p0/iu/r.e.ctrl:{{01000000000000000000111001010100} {00000011000100000000000000000100} {00} {10000001} {000000} 0 1 0 0 0 0 0 0 0}
/testbench/cpu/l3/u0/leon3x0/vhdl/p0/iu/r.a.divstart:0
/testbench/cpu/l3/u0/leon3x0/vhdl/p0/iu/r.e.shleft:0
/testbench/cpu/l3/u0/leon3x0/vhdl/p0/iu/r.a.bp:0
/testbench/cpu/l3/u0/leon3x0/vhdl/p0/iu/r.w.twcwp:000
/testbench/cpu/l3/u0/leon3x0/vhdl/p0/iu/r.a.jmpl:0
/testbench/cpu/l3/u0/leon3x0/vhdl/p0/iu/r.m.casa:0
/testbench/cpu/l3/u0/leon3x0/vhdl/p0/iu/r.m.werr:0
/testbench/cpu/l3/u0/leon3x0/vhdl/p0/iu/r.e.su:1
/testbench/cpu/l3/u0/leon3x0/vhdl/p0/iu/r.e.et:1
/testbench/cpu/l3/u0/leon3x0/vhdl/p0/iu/r.a.ldcheck1:0
/testbench/cpu/l3/u0/leon3x0/vhdl/p0/iu/r.d.stwin:000
/testbench/cpu/l3/u0/leon3x0/vhdl/p0/iu/r.a.ldcheck2:0
/testbench/cpu/l3/u0/leon3x0/vhdl/p0/iu/r.x.intack:0
/testbench/cpu/l3/u0/leon3x0/vhdl/p0/iu/r.m.ctrl:{{01000000000000000000111001010000} {00000001000000000000000000000000} {00} {10000000} {000000} 0 1 0 0 0 0 1 0 0}
/testbench/cpu/l3/u0/leon3x0/vhdl/p0/iu/r.a.cwp:001
/testbench/cpu/l3/u0/leon3x0/vhdl/p0/iu/r.e.sari:0
/testbench/cpu/l3/u0/leon3x0/vhdl/p0/iu/r.d.paw:0
/testbench/cpu/l3/u0/leon3x0/vhdl/p0/iu/r.d.aw:0
/testbench/cpu/l3/u0/leon3x0/vhdl/p0/iu/r.d.awp:000
/testbench/cpu/l3/u0/leon3x0/vhdl/p0/iu/r.x.ctrl:{{01000000000000000000111001001100} {10000001110000111110000000001000} {00} {10000000} {000000} 0 1 0 0 0 0 1 0 0}
/testbench/cpu/l3/u0/leon3x0/vhdl/p0/iu/r.m.rexnalign:0
/testbench/cpu/l3/u0/leon3x0/vhdl/p0/iu/r.m.su:1
/testbench/cpu/l3/u0/leon3x0/vhdl/p0/iu/r.m.wcwp:0
/testbench/cpu/l3/u0/leon3x0/vhdl/p0/iu/r.d.divrdy:0
/testbench/cpu/l3/u0/leon3x0/vhdl/p0/iu/r.e.cwp:001
/testbench/cpu/l3/u0/leon3x0/vhdl/p0/iu/r.w.except:1
/testbench/cpu/l3/u0/leon3x0/vhdl/p0/iu/r.x.nerror:0
/testbench/cpu/l3/u0/leon3x0/vhdl/p0/iu/r.a.bpimiss:0
/testbench/cpu/l3/u0/leon3x0/vhdl/p0/iu/r.a.nobp:0
/testbench/cpu/l3/u0/leon3x0/vhdl/p0/iu/r.d.rexcnt:0
/testbench/cpu/l3/u0/leon3x0/vhdl/p0/iu/r.w.s:{{110} {0000} {00000110} {01000000000000000000} {00000010} {0000} 0 0 1 1 1 {00000000000000000000000000000000} {UUUUUUUUUUUUUUUUUUUUUUUUUUUUUUUU} 1 0 0 1 1 1 0 0 {000} {000} {111}}
/testbench/cpu/l3/u0/leon3x0/vhdl/p0/iu/r.d.pv:0
/testbench/cpu/l3/u0/leon3x0/vhdl/p0/iu/r.a.ldchkra:1
/testbench/cpu/l3/u0/leon3x0/vhdl/p0/iu/r.a.rfa1:10000000
/testbench/cpu/l3/u0/leon3x0/vhdl/p0/iu/r.a.rfa2:10000000
/testbench/cpu/l3/u0/leon3x0/vhdl/p0/iu/r.a.imm:00000000000000000000000000000000
/testbench/cpu/l3/u0/leon3x0/vhdl/p0/iu/r.w.wa:01100001
/testbench/cpu/l3/u0/leon3x0/vhdl/p0/iu/r.m.casaz:1
/testbench/cpu/l3/u0/leon3x0/vhdl/p0/iu/r.x.dci:{0 0 1 0 0 0 {10} {00000000}}
/testbench/cpu/l3/u0/leon3x0/vhdl/p0/iu/r.x.mac:0
/testbench/cpu/l3/u0/leon3x0/vhdl/p0/iu/r.m.divz:0
/testbench/cpu/l3/u0/leon3x0/vhdl/p0/iu/r.d.inst:{{00000000000000000000000000000000}}
/testbench/cpu/l3/u0/leon3x0/vhdl/p0/iu/r.e.rfe1:0
/testbench/cpu/l3/u0/leon3x0/vhdl/p0/iu/r.a.wovf:0
/testbench/cpu/l3/u0/leon3x0/vhdl/p0/iu/r.e.rfe2:0
/testbench/cpu/l3/u0/leon3x0/vhdl/p0/iu/r.e.op1:00000000000000000000000000000000
/testbench/cpu/l3/u0/leon3x0/vhdl/p0/iu/r.m.nalign:0
/testbench/cpu/l3/u0/leon3x0/vhdl/p0/iu/r.e.op2:01000000000000000001000000000000
/testbench/cpu/l3/u0/leon3x0/vhdl/p0/iu/r.d.rexen:0
/testbench/cpu/l3/u0/leon3x0/vhdl/p0/iu/r.a.ctrl:{{01000000000000000000111001011000} {00000000000000000000000000000000} {00} {10000000} {000000} 0 1 0 0 0 0 0 0 0}
/testbench/cpu/l3/u0/leon3x0/vhdl/p0/iu/r.x.ipend:0
/testbench/cpu/l3/u0/leon3x0/vhdl/p0/iu/r.e.ldbp1:0
/testbench/cpu/l3/u0/leon3x0/vhdl/p0/iu/r.e.aluadd:1
/testbench/cpu/l3/u0/leon3x0/vhdl/p0/iu/r.d.set:0
/testbench/cpu/l3/u0/leon3x0/vhdl/p0/iu/r.d.inull:0
/testbench/cpu/l3/u0/leon3x0/vhdl/p0/iu/r.e.ldbp2:0
/testbench/cpu/l3/u0/leon3x0/vhdl/p0/iu/r.d.cnt:00
/testbench/cpu/l3/u0/leon3x0/vhdl/p0/iu/r.a.su:1
/testbench/cpu/l3/u0/leon3x0/vhdl/p0/iu/r.a.et:1
/testbench/cpu/l3/u0/leon3x0/vhdl/p0/iu/r.e.mul:0
/testbench/cpu/l3/u0/leon3x0/vhdl/p0/iu/r.e.alusel:11
/testbench/cpu/l3/u0/leon3x0/vhdl/p0/iu/r.e.aw:U
/testbench/cpu/l3/u0/leon3x0/vhdl/p0/iu/r.e.mac:0
/testbench/cpu/l3/u0/leon3x0/vhdl/p0/iu/r.a.decill:0
/testbench/cpu/l3/u0/leon3x0/vhdl/p0/iu/r.x.icc:0000
/testbench/cpu/l3/u0/leon3x0/vhdl/p0/iu/r.x.result:01000000000000000000111001001100
/testbench/cpu/l3/u0/leon3x0/vhdl/p0/iu/r.e.bp:0
/testbench/cpu/l3/u0/leon3x0/vhdl/p0/iu/r.a.rs1:00000
/testbench/cpu/l3/u0/leon3x0/vhdl/p0/iu/r.e.jmpl:0
/testbench/cpu/l3/u0/leon3x0/vhdl/p0/iu/r.a.rsel1:101
/testbench/cpu/l3/u0/leon3x0/vhdl/p0/iu/r.x.y:00000000000000000000000000000000
/testbench/cpu/l3/u0/leon3x0/vhdl/p0/iu/r.a.rsel2:101
/testbench/cpu/l3/u0/leon3x0/vhdl/p0/iu/r.a.awp:000
/testbench/cpu/l3/u0/leon3x0/vhdl/p0/iu/r.a.paw:0
/testbench/cpu/l3/u0/leon3x0/vhdl/p0/iu/r.x.data:{{00000000000000000000000000000000}}
/testbench/cpu/l3/u0/leon3x0/vhdl/p0/iu/r.m.mul:0
/testbench/cpu/l3/u0/leon3x0/vhdl/p0/iu/r.e.rd:UUUUU
/testbench/cpu/l3/u0/leon3x0/vhdl/p0/iu/r.e.invop2:0
/testbench/cpu/l3/u0/leon3x0/vhdl/p0/iu/r.m.wawp:0
/testbench/cpu/l3/u0/leon3x0/vhdl/p0/iu/r.d.cwpmax:111
/testbench/cpu/l3/u0/leon3x0/vhdl/p0/iu/r.f.branch:1
/testbench/cpu/l3/u0/leon3x0/vhdl/p0/iu/r.d.pcheld:0
/testbench/cpu/l3/u0/leon3x0/vhdl/p0/iu/r.m.dci:{0 0 1 0 0 0 {10} {00001011}}
/testbench/cpu/l3/u0/leon3x0/vhdl/p0/iu/r.e.paw:U
/testbench/cpu/l3/u0/leon3x0/vhdl/p0/iu/r.e.awp:UUU
/testbench/cpu/l3/u0/leon3x0/vhdl/p0/iu/r.e.shcnt:00000
/testbench/cpu/l3/u0/leon3x0/vhdl/p0/iu/r.w.result:01000000000000000000111001001000
/testbench/cpu/l3/u0/leon3x0/vhdl/p0/iu/r.m.mac:0
/testbench/cpu/l3/u0/leon3x0/vhdl/p0/iu/r.m.y:00000000000000000000000000000000
/testbench/cpu/l3/u0/leon3x0/vhdl/p0/iu/r.d.cwp:001
/testbench/cpu/l3/u0/leon3x0/vhdl/p0/iu/r.x.laddr:00
/testbench/cpu/l3/u0/leon3x0/vhdl/p0/iu/r.e.mulstep:0
/testbench/cpu/l3/u0/leon3x0/vhdl/p0/iu/r.e.ymsb:0
/testbench/cpu/l3/u0/leon3x0/vhdl/p0/iu/r.d.rexbuf:00000000000000000000000000000000
/testbench/cpu/l3/u0/leon3x0/vhdl/p0/iu/r.x.npc:000
/testbench/cpu/l3/u0/leon3x0/vhdl/p0/iu/r.f.pc:01000000000000000000000000000000
/testbench/cpu/l3/u0/leon3x0/vhdl/p0/iu/r.d.annul:1
/testbench/cpu/l3/u0/leon3x0/vhdl/p0/iu/r.x.rstate:trap
/testbench/cpu/l3/u0/leon3x0/vhdl/p0/iu/r.x.set:0
/testbench/cpu/l3/u0/leon3x0/vhdl/p0/iu/r.m.result:00000000000000000000000000000000
/testbench/cpu/l3/u0/leon3x0/vhdl/p0/iu/r.e.icc:UUUU
/testbench/cpu/l3/u0/leon3x0/vhdl/p0/iu/r.a.getpc:0
/testbench/cpu/l3/u0/leon3x0/vhdl/p0/iu/r.a.ldchkex:1
/testbench/cpu/l3/u0/leon3x0/vhdl/p0/iu/r.x.mexc:0
/testbench/cpu/l3/u0/leon3x0/vhdl/p0/iu/r.a.mulstart:0
/testbench/cpu/l3/u0/leon3x0/vhdl/p0/iu/r.d.rexpos:10
/testbench/cpu/l3/u0/leon3x0/vhdl/p0/iu/r.x.annul_all:1
/testbench/cpu/l3/u0/leon3x0/vhdl/p0/iu/r.e.aluop:001
/testbench/cpu/l3/u0/leon3x0/vhdl/p0/iu/r.x.debug:0
/testbench/cpu/l3/u0/leon3x0/vhdl/p0/iu/r.a.rfe1:0
/testbench/cpu/l3/u0/leon3x0/vhdl/p0/iu/r.d.step:0
/testbench/cpu/l3/u0/leon3x0/vhdl/p0/iu/r.a.rfe2:0
/testbench/cpu/l3/u0/leon3x0/vhdl/p0/iu/r.e.alucin:0
/testbench/cpu/l3/u0/leon3x0/vhdl/p0/iu/r.a.wunf:0
======================================
progstatus: 1
execerr: 706
latent: 1
program execution success!
total iterations: 5
>>>>>>>>>>>>>>> 2799665000
======================================
