Test signal = /testbench/cpu/l3/u0/leon3x0/vhdl/p0/iu/r.a.bpimiss
oldval = 0
pos1: -1 pos0: 0 posU: -1
newval = 1
Signal value: 0
oldval = 0
pos1: -1 pos0: 0 posU: -1
newval = 1
force in 181483
583765000 >> iteration no: 0
593190000 >> iteration no: 1
602765000 >> iteration no: 2
612190000 >> iteration no: 3
621615000 >> iteration no: 4
631190000 >> iteration no: 5
640615000 >> iteration no: 6
650140000 >> iteration no: 7
659565000 >> iteration no: 8
669165000 >> iteration no: 9
678590000 >> iteration no: 10
688165000 >> iteration no: 11
697590000 >> iteration no: 12
707190000 >> iteration no: 13
716615000 >> iteration no: 14
726215000 >> iteration no: 15
735615000 >> iteration no: 16
745215000 >> iteration no: 17
746040000 >> Requesting for the AHB bus...
746790000 >> AHB granted, starting recovery...
765990000 >> Recovery done, continuing...
775640000 >> iteration no: 18
785065000 >> iteration no: 19
794640000 >> iteration no: 20
804065000 >> iteration no: 21
813490000 >> iteration no: 22
823015000 >> iteration no: 23
832440000 >> iteration no: 24
842015000 >> iteration no: 25
851440000 >> iteration no: 26
861015000 >> iteration no: 27
870440000 >> iteration no: 28
880040000 >> iteration no: 29
889465000 >> iteration no: 30
899065000 >> iteration no: 31
908465000 >> iteration no: 32
918065000 >> iteration no: 33
927465000 >> iteration no: 34
937040000 >> iteration no: 35
946465000 >> iteration no: 36
956040000 >> iteration no: 37
965465000 >> iteration no: 38
975040000 >> iteration no: 39
984465000 >> iteration no: 40
994040000 >> iteration no: 41
1003465000 >> iteration no: 42
1013065000 >> iteration no: 43
1022490000 >> iteration no: 44
1032090000 >> iteration no: 45
1041515000 >> iteration no: 46
1051040000 >> iteration no: 47
1060465000 >> iteration no: 48
1070015000 >> iteration no: 49
1079015000 >> prog fin.
======================================
progstatus: 1
program execution success!
total iterations: 50
>>>>>>>>>>>>>>> 1079015000
======================================
