Test signal = /testbench/cpu/l3/u0/leon3x0/vhdl/p0/iu/r.a.jmpl
oldval = 0
pos1: -1 pos0: 0 posU: -1
newval = 1
Signal value: 0
oldval = 0
pos1: -1 pos0: 0 posU: -1
newval = 1
force in 33793
583765000 >> iteration no: 0
593190000 >> iteration no: 1
598215000 >> Requesting for the AHB bus...
598540000 >> Requesting for the AHB bus...
598740000 >> Requesting for the AHB bus...
599190000 >> AHB granted, starting recovery...
618390000 >> Recovery done, continuing...
618440000 >> Requesting for the AHB bus...
619240000 >> AHB granted, starting recovery...
638440000 >> Recovery done, continuing...
638490000 >> Requesting for the AHB bus...
639290000 >> AHB granted, starting recovery...
658490000 >> Recovery done, continuing...
658540000 >> Requesting for the AHB bus...
659340000 >> AHB granted, starting recovery...
678540000 >> Recovery done, continuing...
678590000 >> Requesting for the AHB bus...
679390000 >> AHB granted, starting recovery...
698590000 >> Recovery done, continuing...
698640000 >> Requesting for the AHB bus...
699440000 >> AHB granted, starting recovery...
718640000 >> Recovery done, continuing...
718690000 >> Requesting for the AHB bus...
719490000 >> AHB granted, starting recovery...
738690000 >> Recovery done, continuing...
738740000 >> Requesting for the AHB bus...
739540000 >> AHB granted, starting recovery...
758740000 >> Recovery done, continuing...
758790000 >> Requesting for the AHB bus...
759590000 >> AHB granted, starting recovery...
778790000 >> Recovery done, continuing...
778840000 >> Requesting for the AHB bus...
779640000 >> AHB granted, starting recovery...
798840000 >> Recovery done, continuing...
798890000 >> Requesting for the AHB bus...
799690000 >> AHB granted, starting recovery...
818890000 >> Recovery done, continuing...
818940000 >> Requesting for the AHB bus...
819740000 >> AHB granted, starting recovery...
838940000 >> Recovery done, continuing...
838990000 >> Requesting for the AHB bus...
839790000 >> AHB granted, starting recovery...
858990000 >> Recovery done, continuing...
859040000 >> Requesting for the AHB bus...
859840000 >> AHB granted, starting recovery...
879040000 >> Recovery done, continuing...
879090000 >> Requesting for the AHB bus...
879890000 >> AHB granted, starting recovery...
899090000 >> Recovery done, continuing...
899140000 >> Requesting for the AHB bus...
899940000 >> AHB granted, starting recovery...
919140000 >> Recovery done, continuing...
919190000 >> Requesting for the AHB bus...
919990000 >> AHB granted, starting recovery...
939190000 >> Recovery done, continuing...
939240000 >> Requesting for the AHB bus...
940040000 >> AHB granted, starting recovery...
959240000 >> Recovery done, continuing...
959290000 >> Requesting for the AHB bus...
960090000 >> AHB granted, starting recovery...
979290000 >> Recovery done, continuing...
979340000 >> Requesting for the AHB bus...
980140000 >> AHB granted, starting recovery...
999340000 >> Recovery done, continuing...
999390000 >> Requesting for the AHB bus...
1000190000 >> AHB granted, starting recovery...
1019390000 >> Recovery done, continuing...
1019440000 >> Requesting for the AHB bus...
1020240000 >> AHB granted, starting recovery...
1039440000 >> Recovery done, continuing...
1039490000 >> Requesting for the AHB bus...
1040290000 >> AHB granted, starting recovery...
1059490000 >> Recovery done, continuing...
1059540000 >> Requesting for the AHB bus...
1060340000 >> AHB granted, starting recovery...
1079540000 >> Recovery done, continuing...
1079590000 >> Requesting for the AHB bus...
1080390000 >> AHB granted, starting recovery...
1099590000 >> Recovery done, continuing...
1099640000 >> Requesting for the AHB bus...
1100440000 >> AHB granted, starting recovery...
1119640000 >> Recovery done, continuing...
1119690000 >> Requesting for the AHB bus...
1120490000 >> AHB granted, starting recovery...
1139690000 >> Recovery done, continuing...
1139740000 >> Requesting for the AHB bus...
1140540000 >> AHB granted, starting recovery...
1158215000 >> time limit reached...
======================================
progstatus: -2
time limit!
>>>>>>>>>>>>>>> 1158215000
======================================
