Test signal = /testbench/cpu/l3/u0/leon3x0/vhdl/p0/iu/r.e.op1
oldval = 00000000000000000000000000000000
pos1: -1 pos0: 31 posU: -1
newval = 00000000000000000000000000000001
Signal value: 00000000000000000000000000000000
oldval = 00000000000000000000000000000000
pos1: -1 pos0: 31 posU: -1
newval = 00000000000000000000000000000001
force in 121466
583765000 >> iteration no: 0
593190000 >> iteration no: 1
602765000 >> iteration no: 2
612190000 >> iteration no: 3
621615000 >> iteration no: 4
631190000 >> iteration no: 5
640615000 >> iteration no: 6
650140000 >> iteration no: 7
659565000 >> iteration no: 8
669165000 >> iteration no: 9
678590000 >> iteration no: 10
685690000 >> Requesting for the AHB bus...
686665000 >> AHB granted, starting recovery...
705865000 >> Recovery done, continuing...
708465000 >> iteration no: 11
718015000 >> iteration no: 12
727440000 >> iteration no: 13
737015000 >> iteration no: 14
746440000 >> iteration no: 15
755865000 >> iteration no: 16
765390000 >> iteration no: 17
774815000 >> iteration no: 18
784390000 >> iteration no: 19
793815000 >> iteration no: 20
803390000 >> iteration no: 21
812815000 >> iteration no: 22
822415000 >> iteration no: 23
831840000 >> iteration no: 24
841440000 >> iteration no: 25
850840000 >> iteration no: 26
860440000 >> iteration no: 27
869865000 >> iteration no: 28
879440000 >> iteration no: 29
888865000 >> iteration no: 30
898440000 >> iteration no: 31
907865000 >> iteration no: 32
917440000 >> iteration no: 33
926865000 >> iteration no: 34
936440000 >> iteration no: 35
945865000 >> iteration no: 36
955465000 >> iteration no: 37
964890000 >> iteration no: 38
974490000 >> iteration no: 39
983915000 >> iteration no: 40
993440000 >> iteration no: 41
1002865000 >> iteration no: 42
1012415000 >> iteration no: 43
1021840000 >> iteration no: 44
1031415000 >> iteration no: 45
1040840000 >> iteration no: 46
1050265000 >> iteration no: 47
1059790000 >> iteration no: 48
1069215000 >> iteration no: 49
1078365000 >> prog fin.
======================================
progstatus: 1
program execution success!
total iterations: 50
>>>>>>>>>>>>>>> 1078365000
======================================
