Test signal = /testbench/cpu/l3/u0/leon3x0/vhdl/p0/iu/r.d.pc
oldval = 01000000000000000000001011100000
pos1: 26 pos0: 31 posU: -1
newval = 01000000000000000000001011000000
Signal value: 01000000000000000000000001010000
oldval = 01000000000000000000000001010000
pos1: 27 pos0: 31 posU: -1
newval = 01000000000000000000000001000000
force in 74244
583765000 >> iteration no: 0
593190000 >> iteration no: 1
602765000 >> iteration no: 2
612190000 >> iteration no: 3
621615000 >> iteration no: 4
631190000 >> iteration no: 5
639040000 >> Requesting for the AHB bus...
640215000 >> AHB granted, starting recovery...
659415000 >> Recovery done, continuing...
662190000 >> iteration no: 6
671590000 >> iteration no: 7
681190000 >> iteration no: 8
690615000 >> iteration no: 9
700190000 >> iteration no: 10
709615000 >> iteration no: 11
719215000 >> iteration no: 12
728640000 >> iteration no: 13
738215000 >> iteration no: 14
747640000 >> iteration no: 15
757240000 >> iteration no: 16
766665000 >> iteration no: 17
776265000 >> iteration no: 18
785690000 >> iteration no: 19
795290000 >> iteration no: 20
804715000 >> iteration no: 21
814240000 >> iteration no: 22
823665000 >> iteration no: 23
833215000 >> iteration no: 24
842640000 >> iteration no: 25
852215000 >> iteration no: 26
861640000 >> iteration no: 27
871065000 >> iteration no: 28
880590000 >> iteration no: 29
890015000 >> iteration no: 30
899590000 >> iteration no: 31
909015000 >> iteration no: 32
918590000 >> iteration no: 33
928015000 >> iteration no: 34
937615000 >> iteration no: 35
947040000 >> iteration no: 36
956640000 >> iteration no: 37
966040000 >> iteration no: 38
975640000 >> iteration no: 39
985065000 >> iteration no: 40
994640000 >> iteration no: 41
1004065000 >> iteration no: 42
1013640000 >> iteration no: 43
1023065000 >> iteration no: 44
1032640000 >> iteration no: 45
1042065000 >> iteration no: 46
1051640000 >> iteration no: 47
1061065000 >> iteration no: 48
1070665000 >> iteration no: 49
1079665000 >> prog fin.
======================================
progstatus: 1
program execution success!
total iterations: 50
>>>>>>>>>>>>>>> 1079665000
======================================
