Test signal = /testbench/cpu/l3/u0/leon3x0/vhdl/p0/iu/r.f.pc
oldval = 01000000000000000000001011100100
pos1: 29 pos0: 31 posU: -1
newval = 01000000000000000000001011100000
Signal value: 01000000000000000000001101000000
oldval = 01000000000000000000001101000000
pos1: 25 pos0: 31 posU: -1
newval = 01000000000000000000001100000000
force in 129158
583765000 >> iteration no: 0
593190000 >> iteration no: 1
602765000 >> iteration no: 2
612190000 >> iteration no: 3
621615000 >> iteration no: 4
631190000 >> iteration no: 5
640615000 >> iteration no: 6
650140000 >> iteration no: 7
659565000 >> iteration no: 8
669165000 >> iteration no: 9
678590000 >> iteration no: 10
688165000 >> iteration no: 11
693590000 >> Requesting for the AHB bus...
694615000 >> AHB granted, starting recovery...
713815000 >> Recovery done, continuing...
713865000 >> Requesting for the AHB bus...
714940000 >> AHB granted, starting recovery...
734140000 >> Recovery done, continuing...
734190000 >> Requesting for the AHB bus...
735265000 >> AHB granted, starting recovery...
754465000 >> Recovery done, continuing...
754515000 >> Requesting for the AHB bus...
755590000 >> AHB granted, starting recovery...
774790000 >> Recovery done, continuing...
774840000 >> Requesting for the AHB bus...
775965000 >> AHB granted, starting recovery...
795165000 >> Recovery done, continuing...
795215000 >> Requesting for the AHB bus...
796290000 >> AHB granted, starting recovery...
815490000 >> Recovery done, continuing...
815540000 >> Requesting for the AHB bus...
816615000 >> AHB granted, starting recovery...
835815000 >> Recovery done, continuing...
835865000 >> Requesting for the AHB bus...
836940000 >> AHB granted, starting recovery...
856140000 >> Recovery done, continuing...
856190000 >> Requesting for the AHB bus...
857265000 >> AHB granted, starting recovery...
876465000 >> Recovery done, continuing...
876515000 >> Requesting for the AHB bus...
877590000 >> AHB granted, starting recovery...
896790000 >> Recovery done, continuing...
896840000 >> Requesting for the AHB bus...
897915000 >> AHB granted, starting recovery...
917115000 >> Recovery done, continuing...
917165000 >> Requesting for the AHB bus...
918240000 >> AHB granted, starting recovery...
937440000 >> Recovery done, continuing...
937490000 >> Requesting for the AHB bus...
938565000 >> AHB granted, starting recovery...
957765000 >> Recovery done, continuing...
957815000 >> Requesting for the AHB bus...
958890000 >> AHB granted, starting recovery...
978090000 >> Recovery done, continuing...
978140000 >> Requesting for the AHB bus...
979215000 >> AHB granted, starting recovery...
998415000 >> Recovery done, continuing...
998465000 >> Requesting for the AHB bus...
999715000 >> AHB granted, starting recovery...
1018915000 >> Recovery done, continuing...
1018965000 >> Requesting for the AHB bus...
1020040000 >> AHB granted, starting recovery...
1039240000 >> Recovery done, continuing...
1039290000 >> Requesting for the AHB bus...
1040365000 >> AHB granted, starting recovery...
1059565000 >> Recovery done, continuing...
1059615000 >> Requesting for the AHB bus...
1060690000 >> AHB granted, starting recovery...
1079890000 >> Recovery done, continuing...
1079940000 >> Requesting for the AHB bus...
1081015000 >> AHB granted, starting recovery...
1100215000 >> Recovery done, continuing...
1100265000 >> Requesting for the AHB bus...
1101340000 >> AHB granted, starting recovery...
1120540000 >> Recovery done, continuing...
1120590000 >> Requesting for the AHB bus...
1121665000 >> AHB granted, starting recovery...
1140865000 >> Recovery done, continuing...
1140915000 >> Requesting for the AHB bus...
1141990000 >> AHB granted, starting recovery...
1158215000 >> time limit reached...
======================================
progstatus: -2
time limit!
>>>>>>>>>>>>>>> 1158215000
======================================
