Test signal = /testbench/cpu/l3/u0/leon3x0/vhdl/p0/iu/r.e.alucin
oldval = 0
pos1: -1 pos0: 0 posU: -1
newval = 1
Signal value: 0
oldval = 0
pos1: -1 pos0: 0 posU: -1
newval = 1
force in 443380
583765000 >> iteration no: 0
593190000 >> iteration no: 1
602765000 >> iteration no: 2
612190000 >> iteration no: 3
621615000 >> iteration no: 4
631190000 >> iteration no: 5
640615000 >> iteration no: 6
650140000 >> iteration no: 7
659565000 >> iteration no: 8
669165000 >> iteration no: 9
678590000 >> iteration no: 10
688165000 >> iteration no: 11
697590000 >> iteration no: 12
707190000 >> iteration no: 13
716615000 >> iteration no: 14
726215000 >> iteration no: 15
735615000 >> iteration no: 16
745215000 >> iteration no: 17
754640000 >> iteration no: 18
764215000 >> iteration no: 19
773640000 >> iteration no: 20
783240000 >> iteration no: 21
792665000 >> iteration no: 22
802240000 >> iteration no: 23
811665000 >> iteration no: 24
821240000 >> iteration no: 25
830665000 >> iteration no: 26
840265000 >> iteration no: 27
849690000 >> iteration no: 28
859290000 >> iteration no: 29
868715000 >> iteration no: 30
878240000 >> iteration no: 31
887665000 >> iteration no: 32
897215000 >> iteration no: 33
906640000 >> iteration no: 34
916215000 >> iteration no: 35
925640000 >> iteration no: 36
935065000 >> iteration no: 37
944590000 >> iteration no: 38
954015000 >> iteration no: 39
963590000 >> iteration no: 40
973015000 >> iteration no: 41
982590000 >> iteration no: 42
992015000 >> iteration no: 43
1001615000 >> iteration no: 44
1008190000 >> Requesting for the AHB bus...
1008890000 >> AHB granted, starting recovery...
1008940000 >> Requesting for the AHB bus...
1028090000 >> Recovery done, continuing...
1028790000 >> Requesting for the AHB bus...
1029540000 >> AHB granted, starting recovery...
1048740000 >> Recovery done, continuing...
1049440000 >> Requesting for the AHB bus...
1050190000 >> AHB granted, starting recovery...
1069390000 >> Recovery done, continuing...
1070090000 >> Requesting for the AHB bus...
1070840000 >> AHB granted, starting recovery...
1090040000 >> Recovery done, continuing...
1090740000 >> Requesting for the AHB bus...
1091490000 >> AHB granted, starting recovery...
1110690000 >> Recovery done, continuing...
1111390000 >> Requesting for the AHB bus...
1112140000 >> AHB granted, starting recovery...
1131340000 >> Recovery done, continuing...
1132040000 >> Requesting for the AHB bus...
1132790000 >> AHB granted, starting recovery...
1151990000 >> Recovery done, continuing...
1152865000 >> Requesting for the AHB bus...
1153615000 >> AHB granted, starting recovery...
1158215000 >> time limit reached...
======================================
progstatus: -2
time limit!
>>>>>>>>>>>>>>> 1158215000
======================================
