Test signal = /testbench/cpu/l3/u0/leon3x0/vhdl/p0/iu/r.m.result
oldval = 00000000000000000000000000000000
pos1: -1 pos0: 31 posU: -1
newval = 00000000000000000000000000000001
Signal value: 01000000000000000001110010001000
oldval = 01000000000000000001110010001000
pos1: 28 pos0: 31 posU: -1
newval = 01000000000000000001110010000000
force in 405377
583765000 >> iteration no: 0
593190000 >> iteration no: 1
602765000 >> iteration no: 2
612190000 >> iteration no: 3
621615000 >> iteration no: 4
631190000 >> iteration no: 5
640615000 >> iteration no: 6
650140000 >> iteration no: 7
659565000 >> iteration no: 8
669165000 >> iteration no: 9
678590000 >> iteration no: 10
688165000 >> iteration no: 11
697590000 >> iteration no: 12
707190000 >> iteration no: 13
716615000 >> iteration no: 14
726215000 >> iteration no: 15
735615000 >> iteration no: 16
745215000 >> iteration no: 17
754640000 >> iteration no: 18
764215000 >> iteration no: 19
773640000 >> iteration no: 20
783240000 >> iteration no: 21
792665000 >> iteration no: 22
802240000 >> iteration no: 23
811665000 >> iteration no: 24
821240000 >> iteration no: 25
830665000 >> iteration no: 26
840265000 >> iteration no: 27
849690000 >> iteration no: 28
859290000 >> iteration no: 29
868715000 >> iteration no: 30
878240000 >> iteration no: 31
887665000 >> iteration no: 32
897215000 >> iteration no: 33
906640000 >> iteration no: 34
916215000 >> iteration no: 35
925640000 >> iteration no: 36
935065000 >> iteration no: 37
944590000 >> iteration no: 38
954015000 >> iteration no: 39
963590000 >> iteration no: 40
970165000 >> Requesting for the AHB bus...
970865000 >> AHB granted, starting recovery...
970915000 >> Requesting for the AHB bus...
990065000 >> Recovery done, continuing...
990765000 >> Requesting for the AHB bus...
991515000 >> AHB granted, starting recovery...
991565000 >> Requesting for the AHB bus...
1010715000 >> Recovery done, continuing...
1011415000 >> Requesting for the AHB bus...
1012165000 >> AHB granted, starting recovery...
1012215000 >> Requesting for the AHB bus...
1031365000 >> Recovery done, continuing...
1032065000 >> Requesting for the AHB bus...
1032815000 >> AHB granted, starting recovery...
1032865000 >> Requesting for the AHB bus...
1052015000 >> Recovery done, continuing...
1052715000 >> Requesting for the AHB bus...
1053465000 >> AHB granted, starting recovery...
1053515000 >> Requesting for the AHB bus...
1072665000 >> Recovery done, continuing...
1073365000 >> Requesting for the AHB bus...
1074115000 >> AHB granted, starting recovery...
1074165000 >> Requesting for the AHB bus...
1093315000 >> Recovery done, continuing...
1094015000 >> Requesting for the AHB bus...
1094765000 >> AHB granted, starting recovery...
1094815000 >> Requesting for the AHB bus...
1113965000 >> Recovery done, continuing...
1114740000 >> Requesting for the AHB bus...
1115490000 >> AHB granted, starting recovery...
1115540000 >> Requesting for the AHB bus...
1134690000 >> Recovery done, continuing...
1135390000 >> Requesting for the AHB bus...
1136140000 >> AHB granted, starting recovery...
1136190000 >> Requesting for the AHB bus...
1155340000 >> Recovery done, continuing...
1156040000 >> Requesting for the AHB bus...
1156790000 >> AHB granted, starting recovery...
1156840000 >> Requesting for the AHB bus...
1158215000 >> time limit reached...
======================================
progstatus: -2
time limit!
>>>>>>>>>>>>>>> 1158215000
======================================
