Test signal = /testbench/cpu/l3/u0/leon3x0/vhdl/p0/iu/r.a.step
oldval = 0
pos1: -1 pos0: 0 posU: -1
newval = 1
Signal value: 0
oldval = 0
pos1: -1 pos0: 0 posU: -1
newval = 1
force in 199993
583765000 >> iteration no: 0
593190000 >> iteration no: 1
602765000 >> iteration no: 2
612190000 >> iteration no: 3
621615000 >> iteration no: 4
631190000 >> iteration no: 5
640615000 >> iteration no: 6
650140000 >> iteration no: 7
659565000 >> iteration no: 8
669165000 >> iteration no: 9
678590000 >> iteration no: 10
688165000 >> iteration no: 11
697590000 >> iteration no: 12
707190000 >> iteration no: 13
716615000 >> iteration no: 14
726215000 >> iteration no: 15
735615000 >> iteration no: 16
745215000 >> iteration no: 17
754640000 >> iteration no: 18
764215000 >> iteration no: 19
764740000 >> Requesting for the AHB bus...
765315000 >> AHB granted, starting recovery...
784515000 >> Recovery done, continuing...
794040000 >> iteration no: 20
803615000 >> iteration no: 21
813040000 >> iteration no: 22
822615000 >> iteration no: 23
832040000 >> iteration no: 24
841640000 >> iteration no: 25
851065000 >> iteration no: 26
860665000 >> iteration no: 27
870065000 >> iteration no: 28
879665000 >> iteration no: 29
889065000 >> iteration no: 30
898640000 >> iteration no: 31
908065000 >> iteration no: 32
917640000 >> iteration no: 33
927065000 >> iteration no: 34
936640000 >> iteration no: 35
946065000 >> iteration no: 36
955640000 >> iteration no: 37
965065000 >> iteration no: 38
974665000 >> iteration no: 39
984090000 >> iteration no: 40
993690000 >> iteration no: 41
1003115000 >> iteration no: 42
1012640000 >> iteration no: 43
1022065000 >> iteration no: 44
1031615000 >> iteration no: 45
1041040000 >> iteration no: 46
1050615000 >> iteration no: 47
1060040000 >> iteration no: 48
1069465000 >> iteration no: 49
1078565000 >> prog fin.
======================================
progstatus: 1
program execution success!
total iterations: 50
>>>>>>>>>>>>>>> 1078565000
======================================
