Test signal = /testbench/cpu/l3/u0/leon3x0/vhdl/p0/iu/r.m.result
oldval = 00000000000000000000000000000000
pos1: -1 pos0: 31 posU: -1
newval = 00000000000000000000000000000001
Signal value: 01000000000000000001110010001000
oldval = 01000000000000000001110010001000
pos1: 28 pos0: 31 posU: -1
newval = 01000000000000000001110010000000
force in 65932
583765000 >> iteration no: 0
593190000 >> iteration no: 1
602765000 >> iteration no: 2
612190000 >> iteration no: 3
621615000 >> iteration no: 4
630315000 >> Requesting for the AHB bus...
631090000 >> AHB granted, starting recovery...
650290000 >> Recovery done, continuing...
652890000 >> iteration no: 5
662490000 >> iteration no: 6
671915000 >> iteration no: 7
681515000 >> iteration no: 8
690940000 >> iteration no: 9
700540000 >> iteration no: 10
709940000 >> iteration no: 11
719540000 >> iteration no: 12
728965000 >> iteration no: 13
738540000 >> iteration no: 14
747965000 >> iteration no: 15
757565000 >> iteration no: 16
766990000 >> iteration no: 17
776565000 >> iteration no: 18
785990000 >> iteration no: 19
795590000 >> iteration no: 20
805015000 >> iteration no: 21
814615000 >> iteration no: 22
824040000 >> iteration no: 23
833565000 >> iteration no: 24
842990000 >> iteration no: 25
852490000 >> iteration no: 26
861915000 >> iteration no: 27
871490000 >> iteration no: 28
880915000 >> iteration no: 29
890340000 >> iteration no: 30
899865000 >> iteration no: 31
909290000 >> iteration no: 32
918865000 >> iteration no: 33
928290000 >> iteration no: 34
937865000 >> iteration no: 35
947290000 >> iteration no: 36
956890000 >> iteration no: 37
966315000 >> iteration no: 38
975915000 >> iteration no: 39
985340000 >> iteration no: 40
994940000 >> iteration no: 41
1004340000 >> iteration no: 42
1013940000 >> iteration no: 43
1023365000 >> iteration no: 44
1032940000 >> iteration no: 45
1042365000 >> iteration no: 46
1051965000 >> iteration no: 47
1061390000 >> iteration no: 48
1070965000 >> iteration no: 49
1079965000 >> prog fin.
======================================
progstatus: 1
program execution success!
total iterations: 50
>>>>>>>>>>>>>>> 1079965000
======================================
