Test signal = /testbench/cpu/l3/u0/leon3x0/vhdl/p0/iu/r.e.op2
oldval = 00000000000000000000000000000000
pos1: -1 pos0: 31 posU: -1
newval = 00000000000000000000000000000001
Signal value: 00000000000000000000000000000000
oldval = 00000000000000000000000000000000
pos1: -1 pos0: 31 posU: -1
newval = 00000000000000000000000000000001
force in 150329
583765000 >> iteration no: 0
593190000 >> iteration no: 1
602765000 >> iteration no: 2
612190000 >> iteration no: 3
621615000 >> iteration no: 4
631190000 >> iteration no: 5
640615000 >> iteration no: 6
650140000 >> iteration no: 7
659565000 >> iteration no: 8
669165000 >> iteration no: 9
678590000 >> iteration no: 10
688165000 >> iteration no: 11
697590000 >> iteration no: 12
707190000 >> iteration no: 13
714940000 >> Requesting for the AHB bus...
715515000 >> AHB granted, starting recovery...
734715000 >> Recovery done, continuing...
737415000 >> iteration no: 14
746840000 >> iteration no: 15
756390000 >> iteration no: 16
765815000 >> iteration no: 17
775415000 >> iteration no: 18
784840000 >> iteration no: 19
794265000 >> iteration no: 20
803790000 >> iteration no: 21
813215000 >> iteration no: 22
822790000 >> iteration no: 23
832215000 >> iteration no: 24
841790000 >> iteration no: 25
851215000 >> iteration no: 26
860815000 >> iteration no: 27
870240000 >> iteration no: 28
879840000 >> iteration no: 29
889240000 >> iteration no: 30
898840000 >> iteration no: 31
908265000 >> iteration no: 32
917840000 >> iteration no: 33
927265000 >> iteration no: 34
936840000 >> iteration no: 35
946265000 >> iteration no: 36
955840000 >> iteration no: 37
965265000 >> iteration no: 38
974840000 >> iteration no: 39
984265000 >> iteration no: 40
993865000 >> iteration no: 41
1003290000 >> iteration no: 42
1012890000 >> iteration no: 43
1022315000 >> iteration no: 44
1031840000 >> iteration no: 45
1041265000 >> iteration no: 46
1050815000 >> iteration no: 47
1060240000 >> iteration no: 48
1069815000 >> iteration no: 49
1078815000 >> prog fin.
======================================
progstatus: 1
program execution success!
total iterations: 50
>>>>>>>>>>>>>>> 1078815000
======================================
