Test signal = /testbench/cpu/l3/u0/leon3x0/vhdl/p0/iu/r.a.wovf
oldval = 0
pos1: -1 pos0: 0 posU: -1
newval = 1
Signal value: 0
oldval = 0
pos1: -1 pos0: 0 posU: -1
newval = 1
force in 114317
583765000 >> iteration no: 0
593190000 >> iteration no: 1
602765000 >> iteration no: 2
612190000 >> iteration no: 3
621615000 >> iteration no: 4
631190000 >> iteration no: 5
640615000 >> iteration no: 6
650140000 >> iteration no: 7
659565000 >> iteration no: 8
669165000 >> iteration no: 9
678590000 >> iteration no: 10
679265000 >> Requesting for the AHB bus...
679840000 >> AHB granted, starting recovery...
699040000 >> Recovery done, continuing...
699665000 >> Requesting for the AHB bus...
700240000 >> AHB granted, starting recovery...
719440000 >> Recovery done, continuing...
720065000 >> Requesting for the AHB bus...
720640000 >> AHB granted, starting recovery...
739840000 >> Recovery done, continuing...
740465000 >> Requesting for the AHB bus...
741040000 >> AHB granted, starting recovery...
760240000 >> Recovery done, continuing...
760865000 >> Requesting for the AHB bus...
761440000 >> AHB granted, starting recovery...
780640000 >> Recovery done, continuing...
781265000 >> Requesting for the AHB bus...
781840000 >> AHB granted, starting recovery...
801040000 >> Recovery done, continuing...
801665000 >> Requesting for the AHB bus...
802240000 >> AHB granted, starting recovery...
821440000 >> Recovery done, continuing...
822065000 >> Requesting for the AHB bus...
822640000 >> AHB granted, starting recovery...
841840000 >> Recovery done, continuing...
842465000 >> Requesting for the AHB bus...
843040000 >> AHB granted, starting recovery...
862240000 >> Recovery done, continuing...
862865000 >> Requesting for the AHB bus...
863440000 >> AHB granted, starting recovery...
882640000 >> Recovery done, continuing...
883265000 >> Requesting for the AHB bus...
883840000 >> AHB granted, starting recovery...
903040000 >> Recovery done, continuing...
903665000 >> Requesting for the AHB bus...
904240000 >> AHB granted, starting recovery...
923440000 >> Recovery done, continuing...
924065000 >> Requesting for the AHB bus...
924640000 >> AHB granted, starting recovery...
943840000 >> Recovery done, continuing...
944465000 >> Requesting for the AHB bus...
945040000 >> AHB granted, starting recovery...
964240000 >> Recovery done, continuing...
964865000 >> Requesting for the AHB bus...
965440000 >> AHB granted, starting recovery...
984640000 >> Recovery done, continuing...
985265000 >> Requesting for the AHB bus...
985840000 >> AHB granted, starting recovery...
1005040000 >> Recovery done, continuing...
1005815000 >> Requesting for the AHB bus...
1006390000 >> AHB granted, starting recovery...
1025590000 >> Recovery done, continuing...
1026215000 >> Requesting for the AHB bus...
1026790000 >> AHB granted, starting recovery...
1045990000 >> Recovery done, continuing...
1046615000 >> Requesting for the AHB bus...
1047190000 >> AHB granted, starting recovery...
1066390000 >> Recovery done, continuing...
1067015000 >> Requesting for the AHB bus...
1067590000 >> AHB granted, starting recovery...
1086790000 >> Recovery done, continuing...
1087415000 >> Requesting for the AHB bus...
1087990000 >> AHB granted, starting recovery...
1107190000 >> Recovery done, continuing...
1107990000 >> Requesting for the AHB bus...
1108565000 >> AHB granted, starting recovery...
1127765000 >> Recovery done, continuing...
1128390000 >> Requesting for the AHB bus...
1128965000 >> AHB granted, starting recovery...
1148165000 >> Recovery done, continuing...
1148790000 >> Requesting for the AHB bus...
1149365000 >> AHB granted, starting recovery...
1158215000 >> time limit reached...
======================================
progstatus: -2
time limit!
>>>>>>>>>>>>>>> 1158215000
======================================
