Test signal = /testbench/cpu/l3/u0/leon3x0/vhdl/p0/iu/r.f.pc
oldval = 01000000000000000000001011100100
pos1: 29 pos0: 31 posU: -1
newval = 01000000000000000000001011100000
Signal value: 01000000000000000000001101000000
oldval = 01000000000000000000001101000000
pos1: 25 pos0: 31 posU: -1
newval = 01000000000000000000001100000000
force in 224182
583765000 >> iteration no: 0
593190000 >> iteration no: 1
602765000 >> iteration no: 2
612190000 >> iteration no: 3
621615000 >> iteration no: 4
631190000 >> iteration no: 5
640615000 >> iteration no: 6
650140000 >> iteration no: 7
659565000 >> iteration no: 8
669165000 >> iteration no: 9
678590000 >> iteration no: 10
688165000 >> iteration no: 11
697590000 >> iteration no: 12
707190000 >> iteration no: 13
716615000 >> iteration no: 14
726215000 >> iteration no: 15
735615000 >> iteration no: 16
745215000 >> iteration no: 17
754640000 >> iteration no: 18
764215000 >> iteration no: 19
773640000 >> iteration no: 20
783240000 >> iteration no: 21
788665000 >> Requesting for the AHB bus...
789690000 >> AHB granted, starting recovery...
808890000 >> Recovery done, continuing...
808940000 >> Requesting for the AHB bus...
810015000 >> AHB granted, starting recovery...
829215000 >> Recovery done, continuing...
829265000 >> Requesting for the AHB bus...
830340000 >> AHB granted, starting recovery...
849540000 >> Recovery done, continuing...
849590000 >> Requesting for the AHB bus...
850665000 >> AHB granted, starting recovery...
869865000 >> Recovery done, continuing...
869915000 >> Requesting for the AHB bus...
870990000 >> AHB granted, starting recovery...
890190000 >> Recovery done, continuing...
890240000 >> Requesting for the AHB bus...
891315000 >> AHB granted, starting recovery...
910515000 >> Recovery done, continuing...
910565000 >> Requesting for the AHB bus...
911640000 >> AHB granted, starting recovery...
930840000 >> Recovery done, continuing...
930890000 >> Requesting for the AHB bus...
931965000 >> AHB granted, starting recovery...
951165000 >> Recovery done, continuing...
951215000 >> Requesting for the AHB bus...
952290000 >> AHB granted, starting recovery...
971490000 >> Recovery done, continuing...
971540000 >> Requesting for the AHB bus...
972615000 >> AHB granted, starting recovery...
991815000 >> Recovery done, continuing...
991865000 >> Requesting for the AHB bus...
992940000 >> AHB granted, starting recovery...
1012140000 >> Recovery done, continuing...
1012190000 >> Requesting for the AHB bus...
1013265000 >> AHB granted, starting recovery...
1032465000 >> Recovery done, continuing...
1032515000 >> Requesting for the AHB bus...
1033590000 >> AHB granted, starting recovery...
1052790000 >> Recovery done, continuing...
1052840000 >> Requesting for the AHB bus...
1053915000 >> AHB granted, starting recovery...
1073115000 >> Recovery done, continuing...
1073165000 >> Requesting for the AHB bus...
1074240000 >> AHB granted, starting recovery...
1093440000 >> Recovery done, continuing...
1093490000 >> Requesting for the AHB bus...
1094565000 >> AHB granted, starting recovery...
1113765000 >> Recovery done, continuing...
1113815000 >> Requesting for the AHB bus...
1115065000 >> AHB granted, starting recovery...
1134265000 >> Recovery done, continuing...
1134315000 >> Requesting for the AHB bus...
1135390000 >> AHB granted, starting recovery...
1154590000 >> Recovery done, continuing...
1154640000 >> Requesting for the AHB bus...
1155715000 >> AHB granted, starting recovery...
1158215000 >> time limit reached...
======================================
progstatus: -2
time limit!
>>>>>>>>>>>>>>> 1158215000
======================================
