Test signal = /testbench/cpu/l3/u0/leon3x0/vhdl/p0/iu/r.x.intack
oldval = 0
pos1: -1 pos0: 0 posU: -1
newval = 1
Signal value: 0
oldval = 0
pos1: -1 pos0: 0 posU: -1
newval = 1
force in 60256
583765000 >> iteration no: 0
593190000 >> iteration no: 1
602765000 >> iteration no: 2
612190000 >> iteration no: 3
621615000 >> iteration no: 4
624690000 >> Requesting for the AHB bus...
625440000 >> AHB granted, starting recovery...
644640000 >> Recovery done, continuing...
650840000 >> iteration no: 5
660390000 >> iteration no: 6
669815000 >> iteration no: 7
679415000 >> iteration no: 8
688840000 >> iteration no: 9
698265000 >> iteration no: 10
707790000 >> iteration no: 11
717215000 >> iteration no: 12
726790000 >> iteration no: 13
736215000 >> iteration no: 14
745790000 >> iteration no: 15
755215000 >> iteration no: 16
764815000 >> iteration no: 17
774240000 >> iteration no: 18
783840000 >> iteration no: 19
793240000 >> iteration no: 20
802840000 >> iteration no: 21
812265000 >> iteration no: 22
821840000 >> iteration no: 23
831265000 >> iteration no: 24
840840000 >> iteration no: 25
850265000 >> iteration no: 26
859840000 >> iteration no: 27
869265000 >> iteration no: 28
878840000 >> iteration no: 29
888265000 >> iteration no: 30
897865000 >> iteration no: 31
907290000 >> iteration no: 32
916890000 >> iteration no: 33
926315000 >> iteration no: 34
935840000 >> iteration no: 35
945265000 >> iteration no: 36
954815000 >> iteration no: 37
964240000 >> iteration no: 38
973815000 >> iteration no: 39
983240000 >> iteration no: 40
992665000 >> iteration no: 41
1002190000 >> iteration no: 42
1011615000 >> iteration no: 43
1021190000 >> iteration no: 44
1030615000 >> iteration no: 45
1040190000 >> iteration no: 46
1049615000 >> iteration no: 47
1059215000 >> iteration no: 48
1068640000 >> iteration no: 49
1077815000 >> prog fin.
======================================
progstatus: 1
program execution success!
total iterations: 50
>>>>>>>>>>>>>>> 1077815000
======================================
