Test signal = /testbench/cpu/l3/u0/leon3x0/vhdl/p0/iu/r.m.result
oldval = 00000000000000000000000000000000
pos1: -1 pos0: 31 posU: -1
newval = 00000000000000000000000000000001
Signal value: 01000000000000000001110010001000
oldval = 01000000000000000001110010001000
pos1: 28 pos0: 31 posU: -1
newval = 01000000000000000001110010000000
force in 72979
583765000 >> iteration no: 0
593190000 >> iteration no: 1
602765000 >> iteration no: 2
612190000 >> iteration no: 3
621615000 >> iteration no: 4
631190000 >> iteration no: 5
637765000 >> Requesting for the AHB bus...
638465000 >> AHB granted, starting recovery...
638515000 >> Requesting for the AHB bus...
657665000 >> Recovery done, continuing...
658365000 >> Requesting for the AHB bus...
659115000 >> AHB granted, starting recovery...
659165000 >> Requesting for the AHB bus...
678315000 >> Recovery done, continuing...
679015000 >> Requesting for the AHB bus...
679915000 >> AHB granted, starting recovery...
679965000 >> Requesting for the AHB bus...
699115000 >> Recovery done, continuing...
699815000 >> Requesting for the AHB bus...
700565000 >> AHB granted, starting recovery...
700615000 >> Requesting for the AHB bus...
719765000 >> Recovery done, continuing...
720465000 >> Requesting for the AHB bus...
721215000 >> AHB granted, starting recovery...
721265000 >> Requesting for the AHB bus...
740415000 >> Recovery done, continuing...
741115000 >> Requesting for the AHB bus...
741865000 >> AHB granted, starting recovery...
741915000 >> Requesting for the AHB bus...
761065000 >> Recovery done, continuing...
761765000 >> Requesting for the AHB bus...
762515000 >> AHB granted, starting recovery...
762565000 >> Requesting for the AHB bus...
781715000 >> Recovery done, continuing...
782415000 >> Requesting for the AHB bus...
783165000 >> AHB granted, starting recovery...
783215000 >> Requesting for the AHB bus...
802365000 >> Recovery done, continuing...
803065000 >> Requesting for the AHB bus...
803815000 >> AHB granted, starting recovery...
803865000 >> Requesting for the AHB bus...
823015000 >> Recovery done, continuing...
823715000 >> Requesting for the AHB bus...
824465000 >> AHB granted, starting recovery...
824515000 >> Requesting for the AHB bus...
843665000 >> Recovery done, continuing...
844365000 >> Requesting for the AHB bus...
845115000 >> AHB granted, starting recovery...
845165000 >> Requesting for the AHB bus...
864315000 >> Recovery done, continuing...
865140000 >> Requesting for the AHB bus...
865890000 >> AHB granted, starting recovery...
865940000 >> Requesting for the AHB bus...
885090000 >> Recovery done, continuing...
885790000 >> Requesting for the AHB bus...
886540000 >> AHB granted, starting recovery...
886590000 >> Requesting for the AHB bus...
905740000 >> Recovery done, continuing...
906440000 >> Requesting for the AHB bus...
907190000 >> AHB granted, starting recovery...
907240000 >> Requesting for the AHB bus...
926390000 >> Recovery done, continuing...
927090000 >> Requesting for the AHB bus...
927840000 >> AHB granted, starting recovery...
927890000 >> Requesting for the AHB bus...
947040000 >> Recovery done, continuing...
947740000 >> Requesting for the AHB bus...
948640000 >> AHB granted, starting recovery...
948690000 >> Requesting for the AHB bus...
967840000 >> Recovery done, continuing...
968540000 >> Requesting for the AHB bus...
969290000 >> AHB granted, starting recovery...
969340000 >> Requesting for the AHB bus...
988490000 >> Recovery done, continuing...
989190000 >> Requesting for the AHB bus...
989940000 >> AHB granted, starting recovery...
989990000 >> Requesting for the AHB bus...
1009140000 >> Recovery done, continuing...
1009840000 >> Requesting for the AHB bus...
1010590000 >> AHB granted, starting recovery...
1010640000 >> Requesting for the AHB bus...
1029790000 >> Recovery done, continuing...
1030490000 >> Requesting for the AHB bus...
1031240000 >> AHB granted, starting recovery...
1031290000 >> Requesting for the AHB bus...
1050440000 >> Recovery done, continuing...
1051140000 >> Requesting for the AHB bus...
1051890000 >> AHB granted, starting recovery...
1051940000 >> Requesting for the AHB bus...
1071090000 >> Recovery done, continuing...
1071790000 >> Requesting for the AHB bus...
1072540000 >> AHB granted, starting recovery...
1072590000 >> Requesting for the AHB bus...
1091740000 >> Recovery done, continuing...
1092440000 >> Requesting for the AHB bus...
1093190000 >> AHB granted, starting recovery...
1093240000 >> Requesting for the AHB bus...
1112390000 >> Recovery done, continuing...
1113090000 >> Requesting for the AHB bus...
1113840000 >> AHB granted, starting recovery...
1113890000 >> Requesting for the AHB bus...
1133040000 >> Recovery done, continuing...
1133915000 >> Requesting for the AHB bus...
1134665000 >> AHB granted, starting recovery...
1134715000 >> Requesting for the AHB bus...
1153865000 >> Recovery done, continuing...
1154565000 >> Requesting for the AHB bus...
1155315000 >> AHB granted, starting recovery...
1155365000 >> Requesting for the AHB bus...
1158215000 >> time limit reached...
======================================
progstatus: -2
time limit!
>>>>>>>>>>>>>>> 1158215000
======================================
