Test signal = /testbench/cpu/l3/u0/leon3x0/vhdl/p0/iu/r.e.jmpl
oldval = 0
pos1: -1 pos0: 0 posU: -1
newval = 1
Signal value: 0
oldval = 0
pos1: -1 pos0: 0 posU: -1
newval = 1
force in 358
564665000 >> Requesting for the AHB bus...
565665000 >> AHB granted, starting recovery...
584865000 >> Recovery done, continuing...
584915000 >> Requesting for the AHB bus...
585740000 >> AHB granted, starting recovery...
604940000 >> Recovery done, continuing...
604990000 >> Requesting for the AHB bus...
605815000 >> AHB granted, starting recovery...
625015000 >> Recovery done, continuing...
625065000 >> Requesting for the AHB bus...
625890000 >> AHB granted, starting recovery...
645090000 >> Recovery done, continuing...
645140000 >> Requesting for the AHB bus...
645965000 >> AHB granted, starting recovery...
665165000 >> Recovery done, continuing...
665215000 >> Requesting for the AHB bus...
666040000 >> AHB granted, starting recovery...
685240000 >> Recovery done, continuing...
685290000 >> Requesting for the AHB bus...
686115000 >> AHB granted, starting recovery...
705315000 >> Recovery done, continuing...
705365000 >> Requesting for the AHB bus...
706190000 >> AHB granted, starting recovery...
725390000 >> Recovery done, continuing...
725440000 >> Requesting for the AHB bus...
726265000 >> AHB granted, starting recovery...
745465000 >> Recovery done, continuing...
745515000 >> Requesting for the AHB bus...
746340000 >> AHB granted, starting recovery...
765540000 >> Recovery done, continuing...
765590000 >> Requesting for the AHB bus...
766415000 >> AHB granted, starting recovery...
785615000 >> Recovery done, continuing...
785665000 >> Requesting for the AHB bus...
786490000 >> AHB granted, starting recovery...
805690000 >> Recovery done, continuing...
805740000 >> Requesting for the AHB bus...
806565000 >> AHB granted, starting recovery...
825765000 >> Recovery done, continuing...
825815000 >> Requesting for the AHB bus...
826640000 >> AHB granted, starting recovery...
845840000 >> Recovery done, continuing...
845890000 >> Requesting for the AHB bus...
846715000 >> AHB granted, starting recovery...
865915000 >> Recovery done, continuing...
865965000 >> Requesting for the AHB bus...
866790000 >> AHB granted, starting recovery...
885990000 >> Recovery done, continuing...
886040000 >> Requesting for the AHB bus...
886865000 >> AHB granted, starting recovery...
906065000 >> Recovery done, continuing...
906115000 >> Requesting for the AHB bus...
906940000 >> AHB granted, starting recovery...
926140000 >> Recovery done, continuing...
926190000 >> Requesting for the AHB bus...
927015000 >> AHB granted, starting recovery...
946215000 >> Recovery done, continuing...
946265000 >> Requesting for the AHB bus...
947090000 >> AHB granted, starting recovery...
966290000 >> Recovery done, continuing...
966340000 >> Requesting for the AHB bus...
967165000 >> AHB granted, starting recovery...
986365000 >> Recovery done, continuing...
986415000 >> Requesting for the AHB bus...
987240000 >> AHB granted, starting recovery...
1006440000 >> Recovery done, continuing...
1006490000 >> Requesting for the AHB bus...
1007315000 >> AHB granted, starting recovery...
1026515000 >> Recovery done, continuing...
1026565000 >> Requesting for the AHB bus...
1027390000 >> AHB granted, starting recovery...
1046590000 >> Recovery done, continuing...
1046640000 >> Requesting for the AHB bus...
1047465000 >> AHB granted, starting recovery...
1066665000 >> Recovery done, continuing...
1066715000 >> Requesting for the AHB bus...
1067540000 >> AHB granted, starting recovery...
1086740000 >> Recovery done, continuing...
1086790000 >> Requesting for the AHB bus...
1087615000 >> AHB granted, starting recovery...
1106815000 >> Recovery done, continuing...
1106865000 >> Requesting for the AHB bus...
1107690000 >> AHB granted, starting recovery...
1126890000 >> Recovery done, continuing...
1126940000 >> Requesting for the AHB bus...
1127765000 >> AHB granted, starting recovery...
1146965000 >> Recovery done, continuing...
1147015000 >> Requesting for the AHB bus...
1147840000 >> AHB granted, starting recovery...
1158215000 >> time limit reached...
======================================
progstatus: -2
time limit!
>>>>>>>>>>>>>>> 1158215000
======================================
