Test signal = /testbench/cpu/l3/u0/leon3x0/vhdl/p0/iu/r.f.branch
oldval = 0
pos1: -1 pos0: 0 posU: -1
newval = 1
Signal value: 1
oldval = 1
pos1: 0 pos0: -1 posU: -1
newval = 0
force in 52110
583765000 >> iteration no: 0
593190000 >> iteration no: 1
602765000 >> iteration no: 2
612190000 >> iteration no: 3
616515000 >> Requesting for the AHB bus...
616590000 >> Requesting for the AHB bus...
617090000 >> AHB granted, starting recovery...
636290000 >> Recovery done, continuing...
642465000 >> iteration no: 4
651890000 >> iteration no: 5
661465000 >> iteration no: 6
670890000 >> iteration no: 7
680465000 >> iteration no: 8
689890000 >> iteration no: 9
699490000 >> iteration no: 10
708915000 >> iteration no: 11
718515000 >> iteration no: 12
727940000 >> iteration no: 13
737465000 >> iteration no: 14
746890000 >> iteration no: 15
756440000 >> iteration no: 16
765865000 >> iteration no: 17
775440000 >> iteration no: 18
784865000 >> iteration no: 19
794290000 >> iteration no: 20
803815000 >> iteration no: 21
813240000 >> iteration no: 22
822815000 >> iteration no: 23
832240000 >> iteration no: 24
841815000 >> iteration no: 25
851240000 >> iteration no: 26
860840000 >> iteration no: 27
870265000 >> iteration no: 28
879865000 >> iteration no: 29
889265000 >> iteration no: 30
898865000 >> iteration no: 31
908265000 >> iteration no: 32
917840000 >> iteration no: 33
927265000 >> iteration no: 34
936840000 >> iteration no: 35
946265000 >> iteration no: 36
955840000 >> iteration no: 37
965265000 >> iteration no: 38
974840000 >> iteration no: 39
984265000 >> iteration no: 40
993865000 >> iteration no: 41
1003290000 >> iteration no: 42
1012890000 >> iteration no: 43
1022315000 >> iteration no: 44
1031840000 >> iteration no: 45
1041265000 >> iteration no: 46
1050815000 >> iteration no: 47
1060240000 >> iteration no: 48
1069815000 >> iteration no: 49
1078815000 >> prog fin.
======================================
progstatus: 1
program execution success!
total iterations: 50
>>>>>>>>>>>>>>> 1078815000
======================================
