Test signal = /testbench/cpu/l3/u0/leon3x0/vhdl/p0/iu/r.x.intack
oldval = 0
pos1: -1 pos0: 0 posU: -1
newval = 1
Signal value: 0
oldval = 0
pos1: -1 pos0: 0 posU: -1
newval = 1
force in 239150
583765000 >> iteration no: 0
593190000 >> iteration no: 1
602765000 >> iteration no: 2
612190000 >> iteration no: 3
621615000 >> iteration no: 4
631190000 >> iteration no: 5
640615000 >> iteration no: 6
650140000 >> iteration no: 7
659565000 >> iteration no: 8
669165000 >> iteration no: 9
678590000 >> iteration no: 10
688165000 >> iteration no: 11
697590000 >> iteration no: 12
707190000 >> iteration no: 13
716615000 >> iteration no: 14
726215000 >> iteration no: 15
735615000 >> iteration no: 16
745215000 >> iteration no: 17
754640000 >> iteration no: 18
764215000 >> iteration no: 19
773640000 >> iteration no: 20
783240000 >> iteration no: 21
792665000 >> iteration no: 22
802240000 >> iteration no: 23
803365000 >> Requesting for the AHB bus...
804165000 >> AHB granted, starting recovery...
823365000 >> Recovery done, continuing...
833040000 >> iteration no: 24
842465000 >> iteration no: 25
851890000 >> iteration no: 26
861415000 >> iteration no: 27
870840000 >> iteration no: 28
880415000 >> iteration no: 29
889840000 >> iteration no: 30
899415000 >> iteration no: 31
908840000 >> iteration no: 32
918440000 >> iteration no: 33
927865000 >> iteration no: 34
937465000 >> iteration no: 35
946865000 >> iteration no: 36
956465000 >> iteration no: 37
965865000 >> iteration no: 38
975440000 >> iteration no: 39
984865000 >> iteration no: 40
994440000 >> iteration no: 41
1003865000 >> iteration no: 42
1013440000 >> iteration no: 43
1022865000 >> iteration no: 44
1032440000 >> iteration no: 45
1041865000 >> iteration no: 46
1051465000 >> iteration no: 47
1060890000 >> iteration no: 48
1070490000 >> iteration no: 49
1079490000 >> prog fin.
======================================
progstatus: 1
program execution success!
total iterations: 50
>>>>>>>>>>>>>>> 1079490000
======================================
