Test signal = /testbench/cpu/l3/u0/leon3x0/vhdl/p0/iu/r.e.op2
oldval = 00000000000000000000000000000000
pos1: -1 pos0: 31 posU: -1
newval = 00000000000000000000000000000001
Signal value: 00000000000000000000000000000000
oldval = 00000000000000000000000000000000
pos1: -1 pos0: 31 posU: -1
newval = 00000000000000000000000000000001
force in 202345
583765000 >> iteration no: 0
593190000 >> iteration no: 1
602765000 >> iteration no: 2
612190000 >> iteration no: 3
621615000 >> iteration no: 4
631190000 >> iteration no: 5
640615000 >> iteration no: 6
650140000 >> iteration no: 7
659565000 >> iteration no: 8
669165000 >> iteration no: 9
678590000 >> iteration no: 10
688165000 >> iteration no: 11
697590000 >> iteration no: 12
707190000 >> iteration no: 13
716615000 >> iteration no: 14
726215000 >> iteration no: 15
735615000 >> iteration no: 16
745215000 >> iteration no: 17
754640000 >> iteration no: 18
764215000 >> iteration no: 19
767190000 >> Requesting for the AHB bus...
767890000 >> AHB granted, starting recovery...
767940000 >> Requesting for the AHB bus...
787090000 >> Recovery done, continuing...
789690000 >> prog exec ERROR.
======================================
progstatus: -1
program error!
>>>>>>>>>>>>>>> 789690000
======================================
