Test signal = /testbench/cpu/l3/u0/leon3x0/vhdl/p0/iu/r.e.alucin
oldval = 0
pos1: -1 pos0: 0 posU: -1
newval = 1
Signal value: 0
oldval = 0
pos1: -1 pos0: 0 posU: -1
newval = 1
force in 73462
583765000 >> iteration no: 0
593190000 >> iteration no: 1
602765000 >> iteration no: 2
612190000 >> iteration no: 3
621615000 >> iteration no: 4
631190000 >> iteration no: 5
637765000 >> Requesting for the AHB bus...
638340000 >> AHB granted, starting recovery...
657540000 >> Recovery done, continuing...
658915000 >> Requesting for the AHB bus...
659740000 >> Requesting for the AHB bus...
660140000 >> AHB granted, starting recovery...
679340000 >> Recovery done, continuing...
679390000 >> Requesting for the AHB bus...
680040000 >> Requesting for the AHB bus...
680440000 >> AHB granted, starting recovery...
699640000 >> Recovery done, continuing...
699690000 >> Requesting for the AHB bus...
700340000 >> Requesting for the AHB bus...
700740000 >> AHB granted, starting recovery...
719940000 >> Recovery done, continuing...
719990000 >> Requesting for the AHB bus...
720640000 >> Requesting for the AHB bus...
721040000 >> AHB granted, starting recovery...
740240000 >> Recovery done, continuing...
740290000 >> Requesting for the AHB bus...
740940000 >> Requesting for the AHB bus...
741340000 >> AHB granted, starting recovery...
760540000 >> Recovery done, continuing...
760590000 >> Requesting for the AHB bus...
761240000 >> Requesting for the AHB bus...
761640000 >> AHB granted, starting recovery...
780840000 >> Recovery done, continuing...
780890000 >> Requesting for the AHB bus...
781715000 >> Requesting for the AHB bus...
782115000 >> AHB granted, starting recovery...
801315000 >> Recovery done, continuing...
801365000 >> Requesting for the AHB bus...
802015000 >> Requesting for the AHB bus...
802415000 >> AHB granted, starting recovery...
821615000 >> Recovery done, continuing...
821665000 >> Requesting for the AHB bus...
822315000 >> Requesting for the AHB bus...
822715000 >> AHB granted, starting recovery...
841915000 >> Recovery done, continuing...
841965000 >> Requesting for the AHB bus...
842615000 >> Requesting for the AHB bus...
843015000 >> AHB granted, starting recovery...
862215000 >> Recovery done, continuing...
862265000 >> Requesting for the AHB bus...
862915000 >> Requesting for the AHB bus...
863315000 >> AHB granted, starting recovery...
882515000 >> Recovery done, continuing...
882565000 >> Requesting for the AHB bus...
883215000 >> Requesting for the AHB bus...
883615000 >> AHB granted, starting recovery...
902815000 >> Recovery done, continuing...
902865000 >> Requesting for the AHB bus...
903540000 >> Requesting for the AHB bus...
903940000 >> AHB granted, starting recovery...
923140000 >> Recovery done, continuing...
923190000 >> Requesting for the AHB bus...
923840000 >> Requesting for the AHB bus...
924240000 >> AHB granted, starting recovery...
943440000 >> Recovery done, continuing...
943490000 >> Requesting for the AHB bus...
944140000 >> Requesting for the AHB bus...
944540000 >> AHB granted, starting recovery...
963740000 >> Recovery done, continuing...
963790000 >> Requesting for the AHB bus...
964440000 >> Requesting for the AHB bus...
964840000 >> AHB granted, starting recovery...
984040000 >> Recovery done, continuing...
984090000 >> Requesting for the AHB bus...
984740000 >> Requesting for the AHB bus...
985140000 >> AHB granted, starting recovery...
1004340000 >> Recovery done, continuing...
1004390000 >> Requesting for the AHB bus...
1005040000 >> Requesting for the AHB bus...
1005440000 >> AHB granted, starting recovery...
1024640000 >> Recovery done, continuing...
1024690000 >> Requesting for the AHB bus...
1025340000 >> Requesting for the AHB bus...
1025740000 >> AHB granted, starting recovery...
1044940000 >> Recovery done, continuing...
1044990000 >> Requesting for the AHB bus...
1045640000 >> Requesting for the AHB bus...
1046040000 >> AHB granted, starting recovery...
1065240000 >> Recovery done, continuing...
1065290000 >> Requesting for the AHB bus...
1065940000 >> Requesting for the AHB bus...
1066340000 >> AHB granted, starting recovery...
1085540000 >> Recovery done, continuing...
1085590000 >> Requesting for the AHB bus...
1086240000 >> Requesting for the AHB bus...
1086640000 >> AHB granted, starting recovery...
1105840000 >> Recovery done, continuing...
1105890000 >> Requesting for the AHB bus...
1106540000 >> Requesting for the AHB bus...
1106940000 >> AHB granted, starting recovery...
1126140000 >> Recovery done, continuing...
1126190000 >> Requesting for the AHB bus...
1126840000 >> Requesting for the AHB bus...
1127240000 >> AHB granted, starting recovery...
1146440000 >> Recovery done, continuing...
1146490000 >> Requesting for the AHB bus...
1147140000 >> Requesting for the AHB bus...
1147540000 >> AHB granted, starting recovery...
1158215000 >> time limit reached...
======================================
progstatus: -2
time limit!
>>>>>>>>>>>>>>> 1158215000
======================================
