Test signal = /testbench/cpu/l3/u0/leon3x0/vhdl/p0/iu/r.e.op1
oldval = 00000000000000000000000000000000
pos1: -1 pos0: 31 posU: -1
newval = 00000000000000000000000000000001
Signal value: 00000000000000000000000000000000
oldval = 00000000000000000000000000000000
pos1: -1 pos0: 31 posU: -1
newval = 00000000000000000000000000000001
force in 2004
566240000 >> Requesting for the AHB bus...
566990000 >> AHB granted, starting recovery...
586190000 >> Recovery done, continuing...
605265000 >> iteration no: 0
614690000 >> iteration no: 1
624265000 >> iteration no: 2
633690000 >> iteration no: 3
643290000 >> iteration no: 4
652715000 >> iteration no: 5
662315000 >> iteration no: 6
671740000 >> iteration no: 7
681340000 >> iteration no: 8
690740000 >> iteration no: 9
700340000 >> iteration no: 10
709765000 >> iteration no: 11
719340000 >> iteration no: 12
728765000 >> iteration no: 13
738365000 >> iteration no: 14
747790000 >> iteration no: 15
757365000 >> iteration no: 16
766790000 >> iteration no: 17
776390000 >> iteration no: 18
785815000 >> iteration no: 19
795415000 >> iteration no: 20
804840000 >> iteration no: 21
814365000 >> iteration no: 22
823790000 >> iteration no: 23
833290000 >> iteration no: 24
842715000 >> iteration no: 25
852290000 >> iteration no: 26
861715000 >> iteration no: 27
871140000 >> iteration no: 28
880665000 >> iteration no: 29
890090000 >> iteration no: 30
899665000 >> iteration no: 31
909090000 >> iteration no: 32
918665000 >> iteration no: 33
928090000 >> iteration no: 34
937690000 >> iteration no: 35
947115000 >> iteration no: 36
956715000 >> iteration no: 37
966140000 >> iteration no: 38
975740000 >> iteration no: 39
985140000 >> iteration no: 40
994740000 >> iteration no: 41
1004165000 >> iteration no: 42
1013740000 >> iteration no: 43
1023165000 >> iteration no: 44
1032765000 >> iteration no: 45
1042190000 >> iteration no: 46
1051765000 >> iteration no: 47
1061190000 >> iteration no: 48
1070790000 >> iteration no: 49
1079790000 >> prog fin.
======================================
progstatus: 1
program execution success!
total iterations: 50
>>>>>>>>>>>>>>> 1079790000
======================================
