Test signal = /testbench/cpu/l3/u0/leon3x0/vhdl/p0/iu/r.d.annul
oldval = 0
pos1: -1 pos0: 0 posU: -1
newval = 1
Signal value: 0
oldval = 0
pos1: -1 pos0: 0 posU: -1
newval = 1
force in 16785
581090000 >> Requesting for the AHB bus...
581140000 >> Requesting for the AHB bus...
581190000 >> Requesting for the AHB bus...
581565000 >> Requesting for the AHB bus...
581915000 >> AHB granted, starting recovery...
601115000 >> Recovery done, continuing...
601140000 >> Requesting for the AHB bus...
601165000 >> Requesting for the AHB bus...
601615000 >> Requesting for the AHB bus...
602015000 >> AHB granted, starting recovery...
621215000 >> Recovery done, continuing...
621240000 >> Requesting for the AHB bus...
621265000 >> Requesting for the AHB bus...
621740000 >> Requesting for the AHB bus...
622140000 >> AHB granted, starting recovery...
641340000 >> Recovery done, continuing...
641365000 >> Requesting for the AHB bus...
641390000 >> Requesting for the AHB bus...
641840000 >> Requesting for the AHB bus...
642240000 >> AHB granted, starting recovery...
661440000 >> Recovery done, continuing...
661465000 >> Requesting for the AHB bus...
661490000 >> Requesting for the AHB bus...
661940000 >> Requesting for the AHB bus...
662340000 >> AHB granted, starting recovery...
681540000 >> Recovery done, continuing...
681565000 >> Requesting for the AHB bus...
681590000 >> Requesting for the AHB bus...
682040000 >> Requesting for the AHB bus...
682440000 >> AHB granted, starting recovery...
701640000 >> Recovery done, continuing...
701665000 >> Requesting for the AHB bus...
701690000 >> Requesting for the AHB bus...
702140000 >> Requesting for the AHB bus...
702540000 >> AHB granted, starting recovery...
721740000 >> Recovery done, continuing...
721765000 >> Requesting for the AHB bus...
721790000 >> Requesting for the AHB bus...
722240000 >> Requesting for the AHB bus...
722640000 >> AHB granted, starting recovery...
741840000 >> Recovery done, continuing...
741865000 >> Requesting for the AHB bus...
741890000 >> Requesting for the AHB bus...
742340000 >> Requesting for the AHB bus...
742740000 >> AHB granted, starting recovery...
761940000 >> Recovery done, continuing...
761965000 >> Requesting for the AHB bus...
761990000 >> Requesting for the AHB bus...
762540000 >> Requesting for the AHB bus...
762940000 >> AHB granted, starting recovery...
782140000 >> Recovery done, continuing...
782165000 >> Requesting for the AHB bus...
782190000 >> Requesting for the AHB bus...
782640000 >> Requesting for the AHB bus...
783040000 >> AHB granted, starting recovery...
802240000 >> Recovery done, continuing...
802265000 >> Requesting for the AHB bus...
802290000 >> Requesting for the AHB bus...
802740000 >> Requesting for the AHB bus...
803140000 >> AHB granted, starting recovery...
822340000 >> Recovery done, continuing...
822365000 >> Requesting for the AHB bus...
822390000 >> Requesting for the AHB bus...
822840000 >> Requesting for the AHB bus...
823240000 >> AHB granted, starting recovery...
842440000 >> Recovery done, continuing...
842465000 >> Requesting for the AHB bus...
842490000 >> Requesting for the AHB bus...
842940000 >> Requesting for the AHB bus...
843340000 >> AHB granted, starting recovery...
862540000 >> Recovery done, continuing...
862565000 >> Requesting for the AHB bus...
862590000 >> Requesting for the AHB bus...
863040000 >> Requesting for the AHB bus...
863440000 >> AHB granted, starting recovery...
882640000 >> Recovery done, continuing...
882665000 >> Requesting for the AHB bus...
882690000 >> Requesting for the AHB bus...
883140000 >> Requesting for the AHB bus...
883540000 >> AHB granted, starting recovery...
902740000 >> Recovery done, continuing...
902765000 >> Requesting for the AHB bus...
902790000 >> Requesting for the AHB bus...
903340000 >> Requesting for the AHB bus...
903740000 >> AHB granted, starting recovery...
922940000 >> Recovery done, continuing...
922965000 >> Requesting for the AHB bus...
922990000 >> Requesting for the AHB bus...
923440000 >> Requesting for the AHB bus...
923840000 >> AHB granted, starting recovery...
943040000 >> Recovery done, continuing...
943065000 >> Requesting for the AHB bus...
943090000 >> Requesting for the AHB bus...
943540000 >> Requesting for the AHB bus...
943940000 >> AHB granted, starting recovery...
963140000 >> Recovery done, continuing...
963165000 >> Requesting for the AHB bus...
963190000 >> Requesting for the AHB bus...
963640000 >> Requesting for the AHB bus...
964040000 >> AHB granted, starting recovery...
983240000 >> Recovery done, continuing...
983265000 >> Requesting for the AHB bus...
983290000 >> Requesting for the AHB bus...
983740000 >> Requesting for the AHB bus...
984140000 >> AHB granted, starting recovery...
1003340000 >> Recovery done, continuing...
1003365000 >> Requesting for the AHB bus...
1003390000 >> Requesting for the AHB bus...
1003840000 >> Requesting for the AHB bus...
1004240000 >> AHB granted, starting recovery...
1023440000 >> Recovery done, continuing...
1023465000 >> Requesting for the AHB bus...
1023490000 >> Requesting for the AHB bus...
1023940000 >> Requesting for the AHB bus...
1024340000 >> AHB granted, starting recovery...
1043540000 >> Recovery done, continuing...
1043565000 >> Requesting for the AHB bus...
1043590000 >> Requesting for the AHB bus...
1044140000 >> Requesting for the AHB bus...
1044540000 >> AHB granted, starting recovery...
1063740000 >> Recovery done, continuing...
1063765000 >> Requesting for the AHB bus...
1063790000 >> Requesting for the AHB bus...
1064240000 >> Requesting for the AHB bus...
1064640000 >> AHB granted, starting recovery...
1083840000 >> Recovery done, continuing...
1083865000 >> Requesting for the AHB bus...
1083890000 >> Requesting for the AHB bus...
1084340000 >> Requesting for the AHB bus...
1084740000 >> AHB granted, starting recovery...
1103940000 >> Recovery done, continuing...
1103965000 >> Requesting for the AHB bus...
1103990000 >> Requesting for the AHB bus...
1104440000 >> Requesting for the AHB bus...
1104840000 >> AHB granted, starting recovery...
1124040000 >> Recovery done, continuing...
1124065000 >> Requesting for the AHB bus...
1124090000 >> Requesting for the AHB bus...
1124540000 >> Requesting for the AHB bus...
1124940000 >> AHB granted, starting recovery...
1144140000 >> Recovery done, continuing...
1144165000 >> Requesting for the AHB bus...
1144190000 >> Requesting for the AHB bus...
1144640000 >> Requesting for the AHB bus...
1145040000 >> AHB granted, starting recovery...
1158215000 >> time limit reached...
======================================
progstatus: -2
time limit!
>>>>>>>>>>>>>>> 1158215000
======================================
