Test signal = /testbench/cpu/l3/u0/leon3x0/vhdl/p0/iu/r.e.op1
oldval = 00000000000000000000000000000000
pos1: -1 pos0: 31 posU: -1
newval = 00000000000000000000000000000001
Signal value: 00000000000000000000000000000000
oldval = 00000000000000000000000000000000
pos1: -1 pos0: 31 posU: -1
newval = 00000000000000000000000000000001
force in 203426
583765000 >> iteration no: 0
593190000 >> iteration no: 1
602765000 >> iteration no: 2
612190000 >> iteration no: 3
621615000 >> iteration no: 4
631190000 >> iteration no: 5
640615000 >> iteration no: 6
650140000 >> iteration no: 7
659565000 >> iteration no: 8
669165000 >> iteration no: 9
678590000 >> iteration no: 10
688165000 >> iteration no: 11
697590000 >> iteration no: 12
707190000 >> iteration no: 13
716615000 >> iteration no: 14
726215000 >> iteration no: 15
735615000 >> iteration no: 16
745215000 >> iteration no: 17
754640000 >> iteration no: 18
764215000 >> iteration no: 19
767665000 >> Requesting for the AHB bus...
768290000 >> AHB granted, starting recovery...
787490000 >> Recovery done, continuing...
793665000 >> iteration no: 20
803265000 >> iteration no: 21
812690000 >> iteration no: 22
822290000 >> iteration no: 23
831690000 >> iteration no: 24
841290000 >> iteration no: 25
850690000 >> iteration no: 26
860265000 >> iteration no: 27
869690000 >> iteration no: 28
879265000 >> iteration no: 29
888690000 >> iteration no: 30
898265000 >> iteration no: 31
907690000 >> iteration no: 32
917265000 >> iteration no: 33
926690000 >> iteration no: 34
936290000 >> iteration no: 35
945715000 >> iteration no: 36
955315000 >> iteration no: 37
964740000 >> iteration no: 38
974265000 >> iteration no: 39
983690000 >> iteration no: 40
993240000 >> iteration no: 41
1002665000 >> iteration no: 42
1012240000 >> iteration no: 43
1021665000 >> iteration no: 44
1031090000 >> iteration no: 45
1040615000 >> iteration no: 46
1050040000 >> iteration no: 47
1059615000 >> iteration no: 48
1069040000 >> iteration no: 49
1078190000 >> prog fin.
======================================
progstatus: 1
program execution success!
total iterations: 50
>>>>>>>>>>>>>>> 1078190000
======================================
