Test signal = /testbench/cpu/l3/u0/leon3x0/vhdl/p0/iu/r.a.jmpl
oldval = 0
pos1: -1 pos0: 0 posU: -1
newval = 1
Signal value: 0
oldval = 0
pos1: -1 pos0: 0 posU: -1
newval = 1
force in 23812
583765000 >> iteration no: 0
588290000 >> Requesting for the AHB bus...
588590000 >> Requesting for the AHB bus...
589165000 >> AHB granted, starting recovery...
608365000 >> Recovery done, continuing...
614465000 >> iteration no: 1
624065000 >> iteration no: 2
633490000 >> iteration no: 3
643090000 >> iteration no: 4
652490000 >> iteration no: 5
662090000 >> iteration no: 6
671490000 >> iteration no: 7
681065000 >> iteration no: 8
690490000 >> iteration no: 9
700065000 >> iteration no: 10
709490000 >> iteration no: 11
719065000 >> iteration no: 12
728490000 >> iteration no: 13
738065000 >> iteration no: 14
747490000 >> iteration no: 15
757090000 >> iteration no: 16
766515000 >> iteration no: 17
776115000 >> iteration no: 18
785540000 >> iteration no: 19
795065000 >> iteration no: 20
804490000 >> iteration no: 21
814040000 >> iteration no: 22
823465000 >> iteration no: 23
833040000 >> iteration no: 24
842465000 >> iteration no: 25
851890000 >> iteration no: 26
861415000 >> iteration no: 27
870840000 >> iteration no: 28
880415000 >> iteration no: 29
889840000 >> iteration no: 30
899415000 >> iteration no: 31
908840000 >> iteration no: 32
918440000 >> iteration no: 33
927865000 >> iteration no: 34
937465000 >> iteration no: 35
946865000 >> iteration no: 36
956465000 >> iteration no: 37
965865000 >> iteration no: 38
975440000 >> iteration no: 39
984865000 >> iteration no: 40
994440000 >> iteration no: 41
1003865000 >> iteration no: 42
1013440000 >> iteration no: 43
1022865000 >> iteration no: 44
1032440000 >> iteration no: 45
1041865000 >> iteration no: 46
1051465000 >> iteration no: 47
1060890000 >> iteration no: 48
1070490000 >> iteration no: 49
1079490000 >> prog fin.
======================================
progstatus: 1
program execution success!
total iterations: 50
>>>>>>>>>>>>>>> 1079490000
======================================
