Test signal = /testbench/cpu/l3/u0/leon3x0/vhdl/p0/iu/r.a.jmpl
oldval = 0
pos1: -1 pos0: 0 posU: -1
newval = 1
Signal value: 0
oldval = 0
pos1: -1 pos0: 0 posU: -1
newval = 1
force in 217070
583765000 >> iteration no: 0
593190000 >> iteration no: 1
602765000 >> iteration no: 2
612190000 >> iteration no: 3
621615000 >> iteration no: 4
631190000 >> iteration no: 5
640615000 >> iteration no: 6
650140000 >> iteration no: 7
659565000 >> iteration no: 8
669165000 >> iteration no: 9
678590000 >> iteration no: 10
688165000 >> iteration no: 11
697590000 >> iteration no: 12
707190000 >> iteration no: 13
716615000 >> iteration no: 14
726215000 >> iteration no: 15
735615000 >> iteration no: 16
745215000 >> iteration no: 17
754640000 >> iteration no: 18
764215000 >> iteration no: 19
773640000 >> iteration no: 20
781915000 >> Requesting for the AHB bus...
782490000 >> AHB granted, starting recovery...
801690000 >> Recovery done, continuing...
804290000 >> iteration no: 21
813865000 >> iteration no: 22
823290000 >> iteration no: 23
832715000 >> iteration no: 24
842240000 >> iteration no: 25
851665000 >> iteration no: 26
861240000 >> iteration no: 27
870665000 >> iteration no: 28
880240000 >> iteration no: 29
889665000 >> iteration no: 30
899265000 >> iteration no: 31
908690000 >> iteration no: 32
918290000 >> iteration no: 33
927690000 >> iteration no: 34
937290000 >> iteration no: 35
946690000 >> iteration no: 36
956265000 >> iteration no: 37
965690000 >> iteration no: 38
975265000 >> iteration no: 39
984690000 >> iteration no: 40
994265000 >> iteration no: 41
1003690000 >> iteration no: 42
1013265000 >> iteration no: 43
1022690000 >> iteration no: 44
1032290000 >> iteration no: 45
1041715000 >> iteration no: 46
1051315000 >> iteration no: 47
1060740000 >> iteration no: 48
1070265000 >> iteration no: 49
1079265000 >> prog fin.
======================================
progstatus: 1
program execution success!
total iterations: 50
>>>>>>>>>>>>>>> 1079265000
======================================
