Test signal = /testbench/cpu/l3/u0/leon3x0/vhdl/p0/iu/r.e.op1
oldval = 00000000000000000000000000000000
pos1: -1 pos0: 31 posU: -1
newval = 00000000000000000000000000000001
Signal value: 00000000000000000000000000000000
oldval = 00000000000000000000000000000000
pos1: -1 pos0: 31 posU: -1
newval = 00000000000000000000000000000001
force in 265185
583765000 >> iteration no: 0
593190000 >> iteration no: 1
602765000 >> iteration no: 2
612190000 >> iteration no: 3
621615000 >> iteration no: 4
631190000 >> iteration no: 5
640615000 >> iteration no: 6
650140000 >> iteration no: 7
659565000 >> iteration no: 8
669165000 >> iteration no: 9
678590000 >> iteration no: 10
688165000 >> iteration no: 11
697590000 >> iteration no: 12
707190000 >> iteration no: 13
716615000 >> iteration no: 14
726215000 >> iteration no: 15
735615000 >> iteration no: 16
745215000 >> iteration no: 17
754640000 >> iteration no: 18
764215000 >> iteration no: 19
773640000 >> iteration no: 20
783240000 >> iteration no: 21
792665000 >> iteration no: 22
802240000 >> iteration no: 23
811665000 >> iteration no: 24
821240000 >> iteration no: 25
829415000 >> Requesting for the AHB bus...
829990000 >> AHB granted, starting recovery...
849190000 >> Recovery done, continuing...
851790000 >> iteration no: 26
861315000 >> iteration no: 27
870740000 >> iteration no: 28
880315000 >> iteration no: 29
889740000 >> iteration no: 30
899315000 >> iteration no: 31
908740000 >> iteration no: 32
918340000 >> iteration no: 33
927765000 >> iteration no: 34
937365000 >> iteration no: 35
946765000 >> iteration no: 36
956365000 >> iteration no: 37
965790000 >> iteration no: 38
975365000 >> iteration no: 39
984790000 >> iteration no: 40
994390000 >> iteration no: 41
1003815000 >> iteration no: 42
1013390000 >> iteration no: 43
1022815000 >> iteration no: 44
1032415000 >> iteration no: 45
1041840000 >> iteration no: 46
1051440000 >> iteration no: 47
1060865000 >> iteration no: 48
1070465000 >> iteration no: 49
1079465000 >> prog fin.
======================================
progstatus: 1
program execution success!
total iterations: 50
>>>>>>>>>>>>>>> 1079465000
======================================
