Test signal = /testbench/cpu/l3/u0/leon3x0/vhdl/p0/iu/r.e.op2
oldval = 00000000000000000000000000000000
pos1: -1 pos0: 31 posU: -1
newval = 00000000000000000000000000000001
Signal value: 00000000000000000000000000000000
oldval = 00000000000000000000000000000000
pos1: -1 pos0: 31 posU: -1
newval = 00000000000000000000000000000001
force in 57341
583765000 >> iteration no: 0
593190000 >> iteration no: 1
602765000 >> iteration no: 2
612190000 >> iteration no: 3
621615000 >> iteration no: 4
622040000 >> Requesting for the AHB bus...
622290000 >> Requesting for the AHB bus...
622790000 >> AHB granted, starting recovery...
641990000 >> Recovery done, continuing...
642365000 >> Requesting for the AHB bus...
642615000 >> Requesting for the AHB bus...
643115000 >> AHB granted, starting recovery...
662315000 >> Recovery done, continuing...
662690000 >> Requesting for the AHB bus...
662940000 >> Requesting for the AHB bus...
663440000 >> AHB granted, starting recovery...
682640000 >> Recovery done, continuing...
683015000 >> Requesting for the AHB bus...
683265000 >> Requesting for the AHB bus...
683765000 >> AHB granted, starting recovery...
702965000 >> Recovery done, continuing...
703340000 >> Requesting for the AHB bus...
703590000 >> Requesting for the AHB bus...
704090000 >> AHB granted, starting recovery...
723290000 >> Recovery done, continuing...
723665000 >> Requesting for the AHB bus...
724065000 >> Requesting for the AHB bus...
724565000 >> AHB granted, starting recovery...
743765000 >> Recovery done, continuing...
744140000 >> Requesting for the AHB bus...
744390000 >> Requesting for the AHB bus...
744890000 >> AHB granted, starting recovery...
764090000 >> Recovery done, continuing...
764465000 >> Requesting for the AHB bus...
764715000 >> Requesting for the AHB bus...
765215000 >> AHB granted, starting recovery...
784415000 >> Recovery done, continuing...
784790000 >> Requesting for the AHB bus...
785040000 >> Requesting for the AHB bus...
785540000 >> AHB granted, starting recovery...
804740000 >> Recovery done, continuing...
805115000 >> Requesting for the AHB bus...
805365000 >> Requesting for the AHB bus...
805865000 >> AHB granted, starting recovery...
825065000 >> Recovery done, continuing...
825440000 >> Requesting for the AHB bus...
825690000 >> Requesting for the AHB bus...
826190000 >> AHB granted, starting recovery...
845390000 >> Recovery done, continuing...
845765000 >> Requesting for the AHB bus...
846015000 >> Requesting for the AHB bus...
846515000 >> AHB granted, starting recovery...
865715000 >> Recovery done, continuing...
866090000 >> Requesting for the AHB bus...
866340000 >> Requesting for the AHB bus...
866840000 >> AHB granted, starting recovery...
886040000 >> Recovery done, continuing...
886415000 >> Requesting for the AHB bus...
886665000 >> Requesting for the AHB bus...
887165000 >> AHB granted, starting recovery...
906365000 >> Recovery done, continuing...
906740000 >> Requesting for the AHB bus...
906990000 >> Requesting for the AHB bus...
907490000 >> AHB granted, starting recovery...
926690000 >> Recovery done, continuing...
927065000 >> Requesting for the AHB bus...
927315000 >> Requesting for the AHB bus...
927815000 >> AHB granted, starting recovery...
947015000 >> Recovery done, continuing...
947390000 >> Requesting for the AHB bus...
947640000 >> Requesting for the AHB bus...
948140000 >> AHB granted, starting recovery...
967340000 >> Recovery done, continuing...
967715000 >> Requesting for the AHB bus...
967965000 >> Requesting for the AHB bus...
968465000 >> AHB granted, starting recovery...
987665000 >> Recovery done, continuing...
988040000 >> Requesting for the AHB bus...
988290000 >> Requesting for the AHB bus...
988790000 >> AHB granted, starting recovery...
1007990000 >> Recovery done, continuing...
1008365000 >> Requesting for the AHB bus...
1008615000 >> Requesting for the AHB bus...
1009115000 >> AHB granted, starting recovery...
1028315000 >> Recovery done, continuing...
1028690000 >> Requesting for the AHB bus...
1028940000 >> Requesting for the AHB bus...
1029440000 >> AHB granted, starting recovery...
1048640000 >> Recovery done, continuing...
1049015000 >> Requesting for the AHB bus...
1049265000 >> Requesting for the AHB bus...
1049765000 >> AHB granted, starting recovery...
1068965000 >> Recovery done, continuing...
1069340000 >> Requesting for the AHB bus...
1069740000 >> Requesting for the AHB bus...
1070240000 >> AHB granted, starting recovery...
1089440000 >> Recovery done, continuing...
1089815000 >> Requesting for the AHB bus...
1090065000 >> Requesting for the AHB bus...
1090565000 >> AHB granted, starting recovery...
1109765000 >> Recovery done, continuing...
1110140000 >> Requesting for the AHB bus...
1110390000 >> Requesting for the AHB bus...
1110890000 >> AHB granted, starting recovery...
1130090000 >> Recovery done, continuing...
1130465000 >> Requesting for the AHB bus...
1130715000 >> Requesting for the AHB bus...
1131215000 >> AHB granted, starting recovery...
1150415000 >> Recovery done, continuing...
1150790000 >> Requesting for the AHB bus...
1151040000 >> Requesting for the AHB bus...
1151540000 >> AHB granted, starting recovery...
1158215000 >> time limit reached...
======================================
progstatus: -2
time limit!
>>>>>>>>>>>>>>> 1158215000
======================================
