Test signal = /testbench/cpu/l3/u0/leon3x0/vhdl/p0/iu/r.x.mexc
oldval = 0
pos1: -1 pos0: 0 posU: -1
newval = 1
Signal value: 0
oldval = 0
pos1: -1 pos0: 0 posU: -1
newval = 1
force in 23638
583765000 >> iteration no: 0
587965000 >> Requesting for the AHB bus...
588540000 >> AHB granted, starting recovery...
607740000 >> Recovery done, continuing...
613915000 >> iteration no: 1
623515000 >> iteration no: 2
632940000 >> iteration no: 3
642515000 >> iteration no: 4
651940000 >> iteration no: 5
661540000 >> iteration no: 6
670965000 >> iteration no: 7
680540000 >> iteration no: 8
689965000 >> iteration no: 9
699565000 >> iteration no: 10
708990000 >> iteration no: 11
718590000 >> iteration no: 12
728015000 >> iteration no: 13
737540000 >> iteration no: 14
746965000 >> iteration no: 15
756490000 >> iteration no: 16
765915000 >> iteration no: 17
775490000 >> iteration no: 18
784915000 >> iteration no: 19
794340000 >> iteration no: 20
803865000 >> iteration no: 21
813290000 >> iteration no: 22
822865000 >> iteration no: 23
832290000 >> iteration no: 24
841865000 >> iteration no: 25
851290000 >> iteration no: 26
860890000 >> iteration no: 27
870315000 >> iteration no: 28
879915000 >> iteration no: 29
889340000 >> iteration no: 30
898940000 >> iteration no: 31
908340000 >> iteration no: 32
917940000 >> iteration no: 33
927365000 >> iteration no: 34
936940000 >> iteration no: 35
946365000 >> iteration no: 36
955965000 >> iteration no: 37
965390000 >> iteration no: 38
974965000 >> iteration no: 39
984390000 >> iteration no: 40
993990000 >> iteration no: 41
1003415000 >> iteration no: 42
1013015000 >> iteration no: 43
1022440000 >> iteration no: 44
1031965000 >> iteration no: 45
1041390000 >> iteration no: 46
1050890000 >> iteration no: 47
1060315000 >> iteration no: 48
1069890000 >> iteration no: 49
1078890000 >> prog fin.
======================================
progstatus: 1
program execution success!
total iterations: 50
>>>>>>>>>>>>>>> 1078890000
======================================
