Test signal = /testbench/cpu/l3/u0/leon3x0/vhdl/p0/iu/r.f.pc
oldval = 01000000000000000000001011100100
pos1: 29 pos0: 31 posU: -1
newval = 01000000000000000000001011100000
Signal value: 01000000000000000000001101000000
oldval = 01000000000000000000001101000000
pos1: 25 pos0: 31 posU: -1
newval = 01000000000000000000001100000000
force in 263287
583765000 >> iteration no: 0
593190000 >> iteration no: 1
602765000 >> iteration no: 2
612190000 >> iteration no: 3
621615000 >> iteration no: 4
631190000 >> iteration no: 5
640615000 >> iteration no: 6
650140000 >> iteration no: 7
659565000 >> iteration no: 8
669165000 >> iteration no: 9
678590000 >> iteration no: 10
688165000 >> iteration no: 11
697590000 >> iteration no: 12
707190000 >> iteration no: 13
716615000 >> iteration no: 14
726215000 >> iteration no: 15
735615000 >> iteration no: 16
745215000 >> iteration no: 17
754640000 >> iteration no: 18
764215000 >> iteration no: 19
773640000 >> iteration no: 20
783240000 >> iteration no: 21
792665000 >> iteration no: 22
802240000 >> iteration no: 23
811665000 >> iteration no: 24
821240000 >> iteration no: 25
827540000 >> Requesting for the AHB bus...
827890000 >> Requesting for the AHB bus...
828465000 >> AHB granted, starting recovery...
847665000 >> Recovery done, continuing...
847715000 >> Requesting for the AHB bus...
848365000 >> Requesting for the AHB bus...
848765000 >> AHB granted, starting recovery...
867965000 >> Recovery done, continuing...
868015000 >> Requesting for the AHB bus...
868665000 >> Requesting for the AHB bus...
869065000 >> AHB granted, starting recovery...
888265000 >> Recovery done, continuing...
888315000 >> Requesting for the AHB bus...
888965000 >> Requesting for the AHB bus...
889365000 >> AHB granted, starting recovery...
908565000 >> Recovery done, continuing...
908615000 >> Requesting for the AHB bus...
909265000 >> Requesting for the AHB bus...
909665000 >> AHB granted, starting recovery...
928865000 >> Recovery done, continuing...
928915000 >> Requesting for the AHB bus...
929565000 >> Requesting for the AHB bus...
929965000 >> AHB granted, starting recovery...
949165000 >> Recovery done, continuing...
949215000 >> Requesting for the AHB bus...
949865000 >> Requesting for the AHB bus...
950265000 >> AHB granted, starting recovery...
969465000 >> Recovery done, continuing...
969515000 >> Requesting for the AHB bus...
970165000 >> Requesting for the AHB bus...
970565000 >> AHB granted, starting recovery...
989765000 >> Recovery done, continuing...
989815000 >> Requesting for the AHB bus...
990465000 >> Requesting for the AHB bus...
990865000 >> AHB granted, starting recovery...
1010065000 >> Recovery done, continuing...
1010115000 >> Requesting for the AHB bus...
1010765000 >> Requesting for the AHB bus...
1011165000 >> AHB granted, starting recovery...
1030365000 >> Recovery done, continuing...
1030415000 >> Requesting for the AHB bus...
1031240000 >> Requesting for the AHB bus...
1031640000 >> AHB granted, starting recovery...
1050840000 >> Recovery done, continuing...
1050890000 >> Requesting for the AHB bus...
1051540000 >> Requesting for the AHB bus...
1051940000 >> AHB granted, starting recovery...
1071140000 >> Recovery done, continuing...
1071190000 >> Requesting for the AHB bus...
1071840000 >> Requesting for the AHB bus...
1072240000 >> AHB granted, starting recovery...
1091440000 >> Recovery done, continuing...
1091490000 >> Requesting for the AHB bus...
1092140000 >> Requesting for the AHB bus...
1092540000 >> AHB granted, starting recovery...
1111740000 >> Recovery done, continuing...
1111790000 >> Requesting for the AHB bus...
1112440000 >> Requesting for the AHB bus...
1112840000 >> AHB granted, starting recovery...
1132040000 >> Recovery done, continuing...
1132090000 >> Requesting for the AHB bus...
1132740000 >> Requesting for the AHB bus...
1133140000 >> AHB granted, starting recovery...
1152340000 >> Recovery done, continuing...
1152390000 >> Requesting for the AHB bus...
1153140000 >> Requesting for the AHB bus...
1153540000 >> AHB granted, starting recovery...
1158215000 >> time limit reached...
======================================
progstatus: -2
time limit!
>>>>>>>>>>>>>>> 1158215000
======================================
