Test signal = /testbench/cpu/l3/u0/leon3x0/vhdl/p0/iu/r.e.op2
oldval = 00000000000000000000000000000000
pos1: -1 pos0: 31 posU: -1
newval = 00000000000000000000000000000001
Signal value: 00000000000000000000000000000000
oldval = 00000000000000000000000000000000
pos1: -1 pos0: 31 posU: -1
newval = 00000000000000000000000000000001
force in 120741
583765000 >> iteration no: 0
593190000 >> iteration no: 1
602765000 >> iteration no: 2
612190000 >> iteration no: 3
621615000 >> iteration no: 4
631190000 >> iteration no: 5
640615000 >> iteration no: 6
650140000 >> iteration no: 7
659565000 >> iteration no: 8
669165000 >> iteration no: 9
678590000 >> iteration no: 10
685140000 >> Requesting for the AHB bus...
685715000 >> AHB granted, starting recovery...
704915000 >> Recovery done, continuing...
706290000 >> Requesting for the AHB bus...
707115000 >> Requesting for the AHB bus...
707515000 >> AHB granted, starting recovery...
726715000 >> Recovery done, continuing...
726765000 >> Requesting for the AHB bus...
727415000 >> Requesting for the AHB bus...
727815000 >> AHB granted, starting recovery...
747015000 >> Recovery done, continuing...
747065000 >> Requesting for the AHB bus...
747715000 >> Requesting for the AHB bus...
748115000 >> AHB granted, starting recovery...
767315000 >> Recovery done, continuing...
767365000 >> Requesting for the AHB bus...
768015000 >> Requesting for the AHB bus...
768415000 >> AHB granted, starting recovery...
787615000 >> Recovery done, continuing...
787665000 >> Requesting for the AHB bus...
788340000 >> Requesting for the AHB bus...
788740000 >> AHB granted, starting recovery...
807940000 >> Recovery done, continuing...
807990000 >> Requesting for the AHB bus...
808640000 >> Requesting for the AHB bus...
809040000 >> AHB granted, starting recovery...
828240000 >> Recovery done, continuing...
828290000 >> Requesting for the AHB bus...
828940000 >> Requesting for the AHB bus...
829340000 >> AHB granted, starting recovery...
848540000 >> Recovery done, continuing...
848590000 >> Requesting for the AHB bus...
849240000 >> Requesting for the AHB bus...
849640000 >> AHB granted, starting recovery...
868840000 >> Recovery done, continuing...
868890000 >> Requesting for the AHB bus...
869540000 >> Requesting for the AHB bus...
869940000 >> AHB granted, starting recovery...
889140000 >> Recovery done, continuing...
889190000 >> Requesting for the AHB bus...
889840000 >> Requesting for the AHB bus...
890240000 >> AHB granted, starting recovery...
909440000 >> Recovery done, continuing...
909490000 >> Requesting for the AHB bus...
910140000 >> Requesting for the AHB bus...
910540000 >> AHB granted, starting recovery...
929740000 >> Recovery done, continuing...
929790000 >> Requesting for the AHB bus...
930440000 >> Requesting for the AHB bus...
930840000 >> AHB granted, starting recovery...
950040000 >> Recovery done, continuing...
950090000 >> Requesting for the AHB bus...
950740000 >> Requesting for the AHB bus...
951140000 >> AHB granted, starting recovery...
970340000 >> Recovery done, continuing...
970390000 >> Requesting for the AHB bus...
971040000 >> Requesting for the AHB bus...
971440000 >> AHB granted, starting recovery...
990640000 >> Recovery done, continuing...
990690000 >> Requesting for the AHB bus...
991340000 >> Requesting for the AHB bus...
991740000 >> AHB granted, starting recovery...
1010940000 >> Recovery done, continuing...
1010990000 >> Requesting for the AHB bus...
1011640000 >> Requesting for the AHB bus...
1012040000 >> AHB granted, starting recovery...
1031240000 >> Recovery done, continuing...
1031290000 >> Requesting for the AHB bus...
1031940000 >> Requesting for the AHB bus...
1032340000 >> AHB granted, starting recovery...
1051540000 >> Recovery done, continuing...
1051590000 >> Requesting for the AHB bus...
1052240000 >> Requesting for the AHB bus...
1052640000 >> AHB granted, starting recovery...
1071840000 >> Recovery done, continuing...
1071890000 >> Requesting for the AHB bus...
1072540000 >> Requesting for the AHB bus...
1072940000 >> AHB granted, starting recovery...
1092140000 >> Recovery done, continuing...
1092190000 >> Requesting for the AHB bus...
1092840000 >> Requesting for the AHB bus...
1093240000 >> AHB granted, starting recovery...
1112440000 >> Recovery done, continuing...
1112490000 >> Requesting for the AHB bus...
1113140000 >> Requesting for the AHB bus...
1113540000 >> AHB granted, starting recovery...
1132740000 >> Recovery done, continuing...
1132790000 >> Requesting for the AHB bus...
1133615000 >> Requesting for the AHB bus...
1134015000 >> AHB granted, starting recovery...
1153215000 >> Recovery done, continuing...
1153265000 >> Requesting for the AHB bus...
1153915000 >> Requesting for the AHB bus...
1154315000 >> AHB granted, starting recovery...
1158215000 >> time limit reached...
======================================
progstatus: -2
time limit!
>>>>>>>>>>>>>>> 1158215000
======================================
