Test signal = /testbench/cpu/l3/u0/leon3x0/vhdl/p0/iu/r.x.mexc
oldval = 0
pos1: -1 pos0: 0 posU: -1
newval = 1
Signal value: 0
oldval = 0
pos1: -1 pos0: 0 posU: -1
newval = 1
force in 10659
575015000 >> Requesting for the AHB bus...
575590000 >> AHB granted, starting recovery...
594790000 >> Recovery done, continuing...
605765000 >> iteration no: 0
615190000 >> iteration no: 1
624765000 >> iteration no: 2
634190000 >> iteration no: 3
643715000 >> iteration no: 4
653140000 >> iteration no: 5
662715000 >> iteration no: 6
672140000 >> iteration no: 7
681715000 >> iteration no: 8
691140000 >> iteration no: 9
700740000 >> iteration no: 10
710165000 >> iteration no: 11
719765000 >> iteration no: 12
729165000 >> iteration no: 13
738765000 >> iteration no: 14
748190000 >> iteration no: 15
757765000 >> iteration no: 16
767190000 >> iteration no: 17
776790000 >> iteration no: 18
786215000 >> iteration no: 19
795790000 >> iteration no: 20
805215000 >> iteration no: 21
814815000 >> iteration no: 22
824240000 >> iteration no: 23
833840000 >> iteration no: 24
843265000 >> iteration no: 25
852865000 >> iteration no: 26
862290000 >> iteration no: 27
871815000 >> iteration no: 28
881240000 >> iteration no: 29
890790000 >> iteration no: 30
900215000 >> iteration no: 31
909815000 >> iteration no: 32
919240000 >> iteration no: 33
928665000 >> iteration no: 34
938190000 >> iteration no: 35
947615000 >> iteration no: 36
957190000 >> iteration no: 37
966615000 >> iteration no: 38
976190000 >> iteration no: 39
985615000 >> iteration no: 40
995215000 >> iteration no: 41
1004640000 >> iteration no: 42
1014240000 >> iteration no: 43
1023640000 >> iteration no: 44
1033240000 >> iteration no: 45
1042665000 >> iteration no: 46
1052240000 >> iteration no: 47
1061665000 >> iteration no: 48
1071240000 >> iteration no: 49
1080240000 >> prog fin.
======================================
progstatus: 1
program execution success!
total iterations: 50
>>>>>>>>>>>>>>> 1080240000
======================================
