Test signal = /testbench/cpu/l3/u0/leon3x0/vhdl/p0/iu/r.d.step
oldval = 0
pos1: -1 pos0: 0 posU: -1
newval = 1
Signal value: 0
oldval = 0
pos1: -1 pos0: 0 posU: -1
newval = 1
force in 78974
583765000 >> iteration no: 0
593190000 >> iteration no: 1
602765000 >> iteration no: 2
612190000 >> iteration no: 3
621615000 >> iteration no: 4
631190000 >> iteration no: 5
640615000 >> iteration no: 6
643740000 >> Requesting for the AHB bus...
644315000 >> AHB granted, starting recovery...
663515000 >> Recovery done, continuing...
673165000 >> iteration no: 7
682590000 >> iteration no: 8
692015000 >> iteration no: 9
701590000 >> iteration no: 10
711015000 >> iteration no: 11
720540000 >> iteration no: 12
729965000 >> iteration no: 13
739565000 >> iteration no: 14
748990000 >> iteration no: 15
758565000 >> iteration no: 16
767990000 >> iteration no: 17
777590000 >> iteration no: 18
787015000 >> iteration no: 19
796615000 >> iteration no: 20
806015000 >> iteration no: 21
815615000 >> iteration no: 22
825040000 >> iteration no: 23
834615000 >> iteration no: 24
844040000 >> iteration no: 25
853640000 >> iteration no: 26
863065000 >> iteration no: 27
872640000 >> iteration no: 28
882065000 >> iteration no: 29
891640000 >> iteration no: 30
901065000 >> iteration no: 31
910665000 >> iteration no: 32
920090000 >> iteration no: 33
929690000 >> iteration no: 34
939115000 >> iteration no: 35
948640000 >> iteration no: 36
958065000 >> iteration no: 37
967615000 >> iteration no: 38
977040000 >> iteration no: 39
986615000 >> iteration no: 40
996040000 >> iteration no: 41
1005465000 >> iteration no: 42
1014990000 >> iteration no: 43
1024415000 >> iteration no: 44
1033990000 >> iteration no: 45
1043415000 >> iteration no: 46
1052990000 >> iteration no: 47
1062415000 >> iteration no: 48
1072015000 >> iteration no: 49
1081015000 >> prog fin.
======================================
progstatus: 1
program execution success!
total iterations: 50
>>>>>>>>>>>>>>> 1081015000
======================================
