Test signal = /testbench/cpu/l3/u0/leon3x0/vhdl/p0/iu/r.a.ticc
oldval = 0
pos1: -1 pos0: 0 posU: -1
newval = 1
Signal value: 0
oldval = 0
pos1: -1 pos0: 0 posU: -1
newval = 1
force in 154340
583765000 >> iteration no: 0
593190000 >> iteration no: 1
602765000 >> iteration no: 2
612190000 >> iteration no: 3
621615000 >> iteration no: 4
631190000 >> iteration no: 5
640615000 >> iteration no: 6
650140000 >> iteration no: 7
659565000 >> iteration no: 8
669165000 >> iteration no: 9
678590000 >> iteration no: 10
688165000 >> iteration no: 11
697590000 >> iteration no: 12
707190000 >> iteration no: 13
716615000 >> iteration no: 14
719165000 >> Requesting for the AHB bus...
719390000 >> Requesting for the AHB bus...
719940000 >> AHB granted, starting recovery...
739140000 >> Recovery done, continuing...
748665000 >> iteration no: 15
758265000 >> iteration no: 16
767665000 >> iteration no: 17
777265000 >> iteration no: 18
786665000 >> iteration no: 19
796240000 >> iteration no: 20
805665000 >> iteration no: 21
815240000 >> iteration no: 22
824665000 >> iteration no: 23
834240000 >> iteration no: 24
843665000 >> iteration no: 25
853240000 >> iteration no: 26
862665000 >> iteration no: 27
872265000 >> iteration no: 28
881690000 >> iteration no: 29
891290000 >> iteration no: 30
900715000 >> iteration no: 31
910240000 >> iteration no: 32
919665000 >> iteration no: 33
929215000 >> iteration no: 34
938640000 >> iteration no: 35
948215000 >> iteration no: 36
957640000 >> iteration no: 37
967065000 >> iteration no: 38
976590000 >> iteration no: 39
986015000 >> iteration no: 40
995590000 >> iteration no: 41
1005015000 >> iteration no: 42
1014590000 >> iteration no: 43
1024015000 >> iteration no: 44
1033615000 >> iteration no: 45
1043040000 >> iteration no: 46
1052640000 >> iteration no: 47
1062040000 >> iteration no: 48
1071640000 >> iteration no: 49
1080640000 >> prog fin.
======================================
progstatus: 1
program execution success!
total iterations: 50
>>>>>>>>>>>>>>> 1080640000
======================================
