Test signal = /testbench/cpu/l3/u0/leon3x0/vhdl/p0/iu/r.d.pv
oldval = 1
pos1: 0 pos0: -1 posU: -1
newval = 0
Signal value: 1
oldval = 1
pos1: 0 pos0: -1 posU: -1
newval = 0
force in 134440
583765000 >> iteration no: 0
593190000 >> iteration no: 1
602765000 >> iteration no: 2
612190000 >> iteration no: 3
621615000 >> iteration no: 4
631190000 >> iteration no: 5
640615000 >> iteration no: 6
650140000 >> iteration no: 7
659565000 >> iteration no: 8
669165000 >> iteration no: 9
678590000 >> iteration no: 10
688165000 >> iteration no: 11
697590000 >> iteration no: 12
698915000 >> Requesting for the AHB bus...
699240000 >> Requesting for the AHB bus...
699690000 >> AHB granted, starting recovery...
718890000 >> Recovery done, continuing...
728415000 >> iteration no: 13
738015000 >> iteration no: 14
747440000 >> iteration no: 15
757040000 >> iteration no: 16
766465000 >> iteration no: 17
776065000 >> iteration no: 18
785490000 >> iteration no: 19
795015000 >> iteration no: 20
804440000 >> iteration no: 21
813990000 >> iteration no: 22
823415000 >> iteration no: 23
833015000 >> iteration no: 24
842440000 >> iteration no: 25
851865000 >> iteration no: 26
861390000 >> iteration no: 27
870815000 >> iteration no: 28
880390000 >> iteration no: 29
889815000 >> iteration no: 30
899390000 >> iteration no: 31
908815000 >> iteration no: 32
918415000 >> iteration no: 33
927840000 >> iteration no: 34
937440000 >> iteration no: 35
946840000 >> iteration no: 36
956440000 >> iteration no: 37
965865000 >> iteration no: 38
975440000 >> iteration no: 39
984865000 >> iteration no: 40
994440000 >> iteration no: 41
1003865000 >> iteration no: 42
1013440000 >> iteration no: 43
1022865000 >> iteration no: 44
1032440000 >> iteration no: 45
1041865000 >> iteration no: 46
1051465000 >> iteration no: 47
1060890000 >> iteration no: 48
1070490000 >> iteration no: 49
1079490000 >> prog fin.
======================================
progstatus: 1
program execution success!
total iterations: 50
>>>>>>>>>>>>>>> 1079490000
======================================
