Test signal = /testbench/cpu/l3/u0/leon3x0/vhdl/p0/iu/r.d.pv
oldval = 1
pos1: 0 pos0: -1 posU: -1
newval = 0
Signal value: 1
oldval = 1
pos1: 0 pos0: -1 posU: -1
newval = 0
force in 291404
583765000 >> iteration no: 0
593190000 >> iteration no: 1
602765000 >> iteration no: 2
612190000 >> iteration no: 3
621615000 >> iteration no: 4
631190000 >> iteration no: 5
640615000 >> iteration no: 6
650140000 >> iteration no: 7
659565000 >> iteration no: 8
669165000 >> iteration no: 9
678590000 >> iteration no: 10
688165000 >> iteration no: 11
697590000 >> iteration no: 12
707190000 >> iteration no: 13
716615000 >> iteration no: 14
726215000 >> iteration no: 15
735615000 >> iteration no: 16
745215000 >> iteration no: 17
754640000 >> iteration no: 18
764215000 >> iteration no: 19
773640000 >> iteration no: 20
783240000 >> iteration no: 21
792665000 >> iteration no: 22
802240000 >> iteration no: 23
811665000 >> iteration no: 24
821240000 >> iteration no: 25
830665000 >> iteration no: 26
840265000 >> iteration no: 27
849690000 >> iteration no: 28
856240000 >> Requesting for the AHB bus...
856965000 >> AHB granted, starting recovery...
876165000 >> Recovery done, continuing...
878940000 >> iteration no: 29
888365000 >> iteration no: 30
897965000 >> iteration no: 31
907390000 >> iteration no: 32
916990000 >> iteration no: 33
926415000 >> iteration no: 34
935940000 >> iteration no: 35
945365000 >> iteration no: 36
954890000 >> iteration no: 37
964315000 >> iteration no: 38
973890000 >> iteration no: 39
983315000 >> iteration no: 40
992740000 >> iteration no: 41
1002265000 >> iteration no: 42
1011690000 >> iteration no: 43
1021265000 >> iteration no: 44
1030690000 >> iteration no: 45
1040265000 >> iteration no: 46
1049690000 >> iteration no: 47
1059290000 >> iteration no: 48
1068715000 >> iteration no: 49
1077890000 >> prog fin.
======================================
progstatus: 1
program execution success!
total iterations: 50
>>>>>>>>>>>>>>> 1077890000
======================================
