Test signal = /testbench/cpu/l3/u0/leon3x0/vhdl/p0/iu/r.x.debug
oldval = 0
pos1: -1 pos0: 0 posU: -1
newval = 1
Signal value: 0
oldval = 0
pos1: -1 pos0: 0 posU: -1
newval = 1
force in 301209
583765000 >> iteration no: 0
593190000 >> iteration no: 1
602765000 >> iteration no: 2
612190000 >> iteration no: 3
621615000 >> iteration no: 4
631190000 >> iteration no: 5
640615000 >> iteration no: 6
650140000 >> iteration no: 7
659565000 >> iteration no: 8
669165000 >> iteration no: 9
678590000 >> iteration no: 10
688165000 >> iteration no: 11
697590000 >> iteration no: 12
707190000 >> iteration no: 13
716615000 >> iteration no: 14
726215000 >> iteration no: 15
735615000 >> iteration no: 16
745215000 >> iteration no: 17
754640000 >> iteration no: 18
764215000 >> iteration no: 19
773640000 >> iteration no: 20
783240000 >> iteration no: 21
792665000 >> iteration no: 22
802240000 >> iteration no: 23
811665000 >> iteration no: 24
821240000 >> iteration no: 25
830665000 >> iteration no: 26
840265000 >> iteration no: 27
849690000 >> iteration no: 28
859290000 >> iteration no: 29
865424000 >> Requesting for the AHB bus...
866015000 >> AHB granted, starting recovery...
885215000 >> Recovery done, continuing...
889315000 >> iteration no: 30
898915000 >> iteration no: 31
908315000 >> iteration no: 32
917915000 >> iteration no: 33
927340000 >> iteration no: 34
936915000 >> iteration no: 35
946340000 >> iteration no: 36
955940000 >> iteration no: 37
965365000 >> iteration no: 38
974940000 >> iteration no: 39
984365000 >> iteration no: 40
993965000 >> iteration no: 41
1003390000 >> iteration no: 42
1012990000 >> iteration no: 43
1022415000 >> iteration no: 44
1031940000 >> iteration no: 45
1041365000 >> iteration no: 46
1050890000 >> iteration no: 47
1060315000 >> iteration no: 48
1069890000 >> iteration no: 49
1078890000 >> prog fin.
======================================
progstatus: 1
program execution success!
total iterations: 50
>>>>>>>>>>>>>>> 1078890000
======================================
