Test signal = /testbench/cpu/l3/u0/leon3x0/vhdl/p0/iu/r.d.pv
oldval = 1
pos1: 0 pos0: -1 posU: -1
newval = 0
Signal value: 1
oldval = 1
pos1: 0 pos0: -1 posU: -1
newval = 0
force in 104613
583765000 >> iteration no: 0
593190000 >> iteration no: 1
602765000 >> iteration no: 2
612190000 >> iteration no: 3
621615000 >> iteration no: 4
631190000 >> iteration no: 5
640615000 >> iteration no: 6
650140000 >> iteration no: 7
659565000 >> iteration no: 8
669015000 >> Requesting for the AHB bus...
669590000 >> AHB granted, starting recovery...
688790000 >> Recovery done, continuing...
688990000 >> iteration no: 9
698415000 >> iteration no: 10
707990000 >> iteration no: 11
717415000 >> iteration no: 12
726940000 >> iteration no: 13
736365000 >> iteration no: 14
745965000 >> iteration no: 15
755390000 >> iteration no: 16
764965000 >> iteration no: 17
774390000 >> iteration no: 18
783990000 >> iteration no: 19
793415000 >> iteration no: 20
803015000 >> iteration no: 21
812415000 >> iteration no: 22
822015000 >> iteration no: 23
831440000 >> iteration no: 24
841015000 >> iteration no: 25
850440000 >> iteration no: 26
860040000 >> iteration no: 27
869465000 >> iteration no: 28
879040000 >> iteration no: 29
888465000 >> iteration no: 30
898040000 >> iteration no: 31
907465000 >> iteration no: 32
917065000 >> iteration no: 33
926490000 >> iteration no: 34
936090000 >> iteration no: 35
945515000 >> iteration no: 36
955040000 >> iteration no: 37
964465000 >> iteration no: 38
974015000 >> iteration no: 39
983440000 >> iteration no: 40
993015000 >> iteration no: 41
1002440000 >> iteration no: 42
1011865000 >> iteration no: 43
1021390000 >> iteration no: 44
1030815000 >> iteration no: 45
1040390000 >> iteration no: 46
1049815000 >> iteration no: 47
1059390000 >> iteration no: 48
1068815000 >> iteration no: 49
1077990000 >> prog fin.
======================================
progstatus: 1
program execution success!
total iterations: 50
>>>>>>>>>>>>>>> 1077990000
======================================
