Test signal = /testbench/cpu/l3/u0/leon3x0/vhdl/p0/iu/r.a.rfe1
oldval = 0
pos1: -1 pos0: 0 posU: -1
newval = 1
Signal value: 0
oldval = 0
pos1: -1 pos0: 0 posU: -1
newval = 1
force in 263927
583765000 >> iteration no: 0
593190000 >> iteration no: 1
602765000 >> iteration no: 2
612190000 >> iteration no: 3
621615000 >> iteration no: 4
631190000 >> iteration no: 5
640615000 >> iteration no: 6
650140000 >> iteration no: 7
659565000 >> iteration no: 8
669165000 >> iteration no: 9
678590000 >> iteration no: 10
688165000 >> iteration no: 11
697590000 >> iteration no: 12
707190000 >> iteration no: 13
716615000 >> iteration no: 14
726215000 >> iteration no: 15
735615000 >> iteration no: 16
745215000 >> iteration no: 17
754640000 >> iteration no: 18
764215000 >> iteration no: 19
773640000 >> iteration no: 20
783240000 >> iteration no: 21
792665000 >> iteration no: 22
802240000 >> iteration no: 23
811665000 >> iteration no: 24
821240000 >> iteration no: 25
828765000 >> Requesting for the AHB bus...
829515000 >> AHB granted, starting recovery...
848715000 >> Recovery done, continuing...
849415000 >> Requesting for the AHB bus...
850165000 >> AHB granted, starting recovery...
869365000 >> Recovery done, continuing...
870065000 >> Requesting for the AHB bus...
870815000 >> AHB granted, starting recovery...
890015000 >> Recovery done, continuing...
890740000 >> Requesting for the AHB bus...
891490000 >> AHB granted, starting recovery...
910690000 >> Recovery done, continuing...
911390000 >> Requesting for the AHB bus...
912140000 >> AHB granted, starting recovery...
931340000 >> Recovery done, continuing...
932040000 >> Requesting for the AHB bus...
932790000 >> AHB granted, starting recovery...
951990000 >> Recovery done, continuing...
952690000 >> Requesting for the AHB bus...
953440000 >> AHB granted, starting recovery...
972640000 >> Recovery done, continuing...
973340000 >> Requesting for the AHB bus...
974240000 >> AHB granted, starting recovery...
993440000 >> Recovery done, continuing...
994140000 >> Requesting for the AHB bus...
994890000 >> AHB granted, starting recovery...
1014090000 >> Recovery done, continuing...
1014790000 >> Requesting for the AHB bus...
1015540000 >> AHB granted, starting recovery...
1034740000 >> Recovery done, continuing...
1035440000 >> Requesting for the AHB bus...
1036190000 >> AHB granted, starting recovery...
1055390000 >> Recovery done, continuing...
1056090000 >> Requesting for the AHB bus...
1056840000 >> AHB granted, starting recovery...
1076040000 >> Recovery done, continuing...
1076740000 >> Requesting for the AHB bus...
1077490000 >> AHB granted, starting recovery...
1096690000 >> Recovery done, continuing...
1097390000 >> Requesting for the AHB bus...
1098140000 >> AHB granted, starting recovery...
1117340000 >> Recovery done, continuing...
1118040000 >> Requesting for the AHB bus...
1118790000 >> AHB granted, starting recovery...
1137990000 >> Recovery done, continuing...
1138690000 >> Requesting for the AHB bus...
1139440000 >> AHB granted, starting recovery...
1158215000 >> time limit reached...
======================================
progstatus: -2
time limit!
>>>>>>>>>>>>>>> 1158215000
======================================
