sourcing /opt/microsemi/Libero_v11.7/Synplify/lib/message_override.tcl


Starting:    /opt/microsemi/Libero_v11.7/Synplify/linux_a_64/mbin/synbatch
Install:     /opt/microsemi/Libero_v11.7/Synplify
Hostname:    pvilla-V131
Date:        Fri Mar 11 18:29:50 2016
Version:     J-2015.03M-SP1-2

Arguments:   -product synplify_pro -licensetype synplifypro_actel -batch -log synplify.log leon3mp_syn.tcl
ProductType: synplify_pro

License checkout: synplifypro_actel
License: synplifypro_actel from server localhost 
Licensed Vendor: actel
License Option: actel_oem

Running in Vendor Mode


auto_infer_blackbox is not supported in current product.

log file: "/home/pvilla/phd/grlib-gpl-1.5.0-b4164/designs/leon3-actel-proasic3/synthesis/leon3mp.srr"

Running: synthesis in foreground



Running leon3mp_syn|synthesis


Running: compile (Compile) on leon3mp_syn|synthesis


Running: compile_flow (Compile Process) on leon3mp_syn|synthesis


Running: compiler (Compile Input) on leon3mp_syn|synthesis

Copied /home/pvilla/phd/grlib-gpl-1.5.0-b4164/designs/leon3-actel-proasic3/synthesis/synwork/leon3mp_comp.srs to /home/pvilla/phd/grlib-gpl-1.5.0-b4164/designs/leon3-actel-proasic3/synthesis/leon3mp.srs


compiler Completed
Return Code: 0
Run Time:00h:00m:24s


Running: multi_srs_gen (Multi-srs Generator) on leon3mp_syn|synthesis

Copied /home/pvilla/phd/grlib-gpl-1.5.0-b4164/designs/leon3-actel-proasic3/synthesis/synwork/leon3mp_comp.srs to /home/pvilla/phd/grlib-gpl-1.5.0-b4164/designs/leon3-actel-proasic3/synthesis/synwork/leon3mp_s.srs


multi_srs_gen Completed
Return Code: 0
Run Time:00h:00m:01s

Copied /home/pvilla/phd/grlib-gpl-1.5.0-b4164/designs/leon3-actel-proasic3/synthesis/synwork/leon3mp_mult.srs to /home/pvilla/phd/grlib-gpl-1.5.0-b4164/designs/leon3-actel-proasic3/synthesis/leon3mp.srs

Complete: Compile Process on leon3mp_syn|synthesis


Running: premap (Pre-mapping) on leon3mp_syn|synthesis

Copied /home/pvilla/phd/grlib-gpl-1.5.0-b4164/designs/leon3-actel-proasic3/synthesis/leon3mp.sap to /home/pvilla/phd/grlib-gpl-1.5.0-b4164/designs/leon3-actel-proasic3/synthesis/synwork/leon3mp_s.sap

Copied /home/pvilla/phd/grlib-gpl-1.5.0-b4164/designs/leon3-actel-proasic3/synthesis/leon3mp.fse to /home/pvilla/phd/grlib-gpl-1.5.0-b4164/designs/leon3-actel-proasic3/synthesis/synwork/leon3mp_s.fse


premap Completed with warnings
Return Code: 1
Run Time:00h:00m:05s

Complete: Compile on leon3mp_syn|synthesis


Running: map (Map) on leon3mp_syn|synthesis


Running: fpga_mapper (Map & Optimize) on leon3mp_syn|synthesis

Copied /home/pvilla/phd/grlib-gpl-1.5.0-b4164/designs/leon3-actel-proasic3/synthesis/synwork/leon3mp_m.srm to /home/pvilla/phd/grlib-gpl-1.5.0-b4164/designs/leon3-actel-proasic3/synthesis/leon3mp.srm


fpga_mapper Completed with warnings
Return Code: 1
Run Time:00h:01m:27s

Complete: Map on leon3mp_syn|synthesis

Complete: Logic Synthesis on leon3mp_syn|synthesis

TCL script complete: "leon3mp_syn.tcl"

exit status=0

exit status=0

License checkin: synplifypro_actel

