Test signal = /testbench/cpu/l3/cpu(0)/u0/leon3x0/vhdl/p0/iu/r.f.pc
oldval = 01000000000000000000000010001000
pos1: 28 pos0: 31 posU: -1
newval = 01000000000000000000000010000000
force in 2263550
597,740 ns >> iteration no: 0
1,512,015 ns >> iteration no: 1
2,426,190 ns >> iteration no: 2
Signal value: 01000000000000000000001000101000
oldval = 01000000000000000000001000101000
pos1: 28 pos0: 31 posU: -1
newval = 01000000000000000000001000100000
3,340,540 ns >> iteration no: 3
4,254,740 ns >> iteration no: 4
Error detected -> Trying to recover
Successful recovery -> Returning to normal execution
5,171,065 ns >> prog fin.
compare to golden: 1
======================================
progstatus: 1
execerr: 1
latent: 1
program execution success!
total iterations: 5
>>>>>>>>>>>>>>> 5171065000
======================================
