Test signal = /testbench/cpu/l3/cpu(0)/u0/leon3x0/vhdl/p0/iu/r.f.pc
oldval = 01000000000000000000000010001000
pos1: 28 pos0: 31 posU: -1
newval = 01000000000000000000000010000000
force in 2223854
597,740 ns >> iteration no: 0
1,512,015 ns >> iteration no: 1
2,426,190 ns >> iteration no: 2
Signal value: 01000000000000000000000111011100
oldval = 01000000000000000000000111011100
pos1: 29 pos0: 31 posU: -1
newval = 01000000000000000000000111011000
3,340,540 ns >> iteration no: 3
4,254,740 ns >> iteration no: 4
compare to golden: 1
======================================
progstatus: 0
execerr: 0
latent: 1
progstatus default value, probably error!
>>>>>>>>>>>>>>> 5076615000
======================================
