Test signal = /testbench/cpu/l3/cpu(0)/u0/leon3x0/vhdl/p0/iu/r.d.cnt
oldval = 00
pos1: -1 pos0: 1 posU: -1
newval = 01
force in 824170
597,740 ns >> iteration no: 0
Signal value: 00
oldval = 00
pos1: -1 pos0: 1 posU: -1
newval = 01
1,512,015 ns >> iteration no: 1
2,426,615 ns >> iteration no: 2
3,340,615 ns >> iteration no: 3
4,255,115 ns >> iteration no: 4
5,169,065 ns >> prog fin.
compare to golden: 1
======================================
progstatus: 1
execerr: 0
latent: 1
program execution success!
total iterations: 5
>>>>>>>>>>>>>>> 5169065000
======================================
