Test signal = /testbench/cpu/l3/cpu(0)/u0/leon3x0/vhdl/p0/iu/r.e.op2
oldval = 01000000000000000001000000000000
pos1: 19 pos0: 31 posU: -1
newval = 01000000000000000000000000000000
force in 1338457
597,740 ns >> iteration no: 0
1,512,015 ns >> iteration no: 1
Signal value: 01000000000011111111111010010100
oldval = 01000000000011111111111010010100
pos1: 29 pos0: 31 posU: -1
newval = 01000000000011111111111010010000
2,426,190 ns >> iteration no: 2
Error detected -> Trying to recover
Successful recovery -> Returning to normal execution
3,345,790 ns >> iteration no: 3
4,260,240 ns >> iteration no: 4
5,173,990 ns >> prog fin.
compare to golden: 1
======================================
progstatus: 1
execerr: 1
latent: 1
program execution success!
total iterations: 5
>>>>>>>>>>>>>>> 5173990000
======================================
