Test signal = /testbench/cpu/l3/cpu(0)/u0/leon3x0/vhdl/p0/iu/r.e.jmpl
oldval = 0
pos1: -1 pos0: 0 posU: -1
newval = 1
force in 329111
597,740 ns >> iteration no: 0
Signal value: 0
oldval = 0
pos1: -1 pos0: 0 posU: -1
newval = 1
Error detected -> Trying to recover
Successful recovery -> Returning to normal execution
1,517,065 ns >> iteration no: 1
2,431,540 ns >> iteration no: 2
3,345,715 ns >> iteration no: 3
4,260,165 ns >> iteration no: 4
5,173,940 ns >> prog fin.
compare to golden: 1
======================================
progstatus: 1
execerr: 1
latent: 1
program execution success!
total iterations: 5
>>>>>>>>>>>>>>> 5173940000
======================================
