Test signal = /testbench/cpu/l3/cpu(0)/u0/leon3x0/vhdl/p0/iu/r.x.rstate
oldval = run
pos1: -1 pos0: -1 posU: -1
newval = run
force in 64359
597,740 ns >> iteration no: 0
Signal value: run
oldval = run
pos1: -1 pos0: -1 posU: -1
newval = run
1,512,015 ns >> iteration no: 1
2,426,190 ns >> iteration no: 2
3,340,540 ns >> iteration no: 3
4,254,740 ns >> iteration no: 4
5,168,315 ns >> prog fin.
compare to golden: 1
======================================
progstatus: 1
execerr: 0
latent: 1
program execution success!
total iterations: 5
>>>>>>>>>>>>>>> 5168315000
======================================
