Test signal = /testbench/cpu/l3/cpu(0)/u0/leon3x0/vhdl/p0/iu/r.m.result
oldval = 00000000000000000000000000000000
pos1: -1 pos0: 31 posU: -1
newval = 00000000000000000000000000000001
force in 357693
597,740 ns >> iteration no: 0
Signal value: 01000000000000000001001101010000
oldval = 01000000000000000001001101010000
pos1: 27 pos0: 31 posU: -1
newval = 01000000000000000001001101000000
Error detected -> Trying to recover
Successful recovery -> Returning to normal execution
1,513,240 ns >> iteration no: 1
2,427,515 ns >> iteration no: 2
3,341,815 ns >> iteration no: 3
4,255,815 ns >> iteration no: 4
5,169,665 ns >> prog fin.
compare to golden: 1
======================================
progstatus: 1
execerr: 1
latent: 1
program execution success!
total iterations: 5
>>>>>>>>>>>>>>> 5169665000
======================================
