Test signal = /testbench/cpu/l3/cpu(0)/u0/leon3x0/vhdl/p0/iu/r.a.rfa1
oldval = 10000000
pos1: 0 pos0: 7 posU: -1
newval = 00000000
force in 2370412
597,740 ns >> iteration no: 0
1,512,015 ns >> iteration no: 1
2,426,190 ns >> iteration no: 2
Signal value: 01011101
oldval = 01011101
pos1: 7 pos0: 6 posU: -1
newval = 01011100
3,340,540 ns >> iteration no: 3
4,254,740 ns >> iteration no: 4
5,168,315 ns >> prog fin.
compare to golden: 1
======================================
progstatus: 1
execerr: 0
latent: 1
program execution success!
total iterations: 5
>>>>>>>>>>>>>>> 5168315000
======================================
