Test signal = /testbench/cpu/l3/cpu(0)/u0/leon3x0/vhdl/p0/iu/r.d.annul
oldval = 0
pos1: -1 pos0: 0 posU: -1
newval = 1
force in 911496
597,740 ns >> iteration no: 0
Signal value: 0
oldval = 0
pos1: -1 pos0: 0 posU: -1
newval = 1
1,512,015 ns >> iteration no: 1
Error detected -> Trying to recover
Successful recovery -> Returning to normal execution
2,429,815 ns >> iteration no: 2
3,344,240 ns >> iteration no: 3
4,258,540 ns >> iteration no: 4
5,171,990 ns >> prog fin.
compare to golden: 1
======================================
progstatus: 1
execerr: 1
latent: 1
program execution success!
total iterations: 5
>>>>>>>>>>>>>>> 5171990000
======================================
