Test signal = /testbench/cpu/l3/cpu(0)/u0/leon3x0/vhdl/p0/iu/r.f.pc
oldval = 01000000000000000000000010001000
pos1: 28 pos0: 31 posU: -1
newval = 01000000000000000000000010000000
force in 1494424
597,740 ns >> iteration no: 0
1,512,015 ns >> iteration no: 1
Signal value: 01000000000000000000001000010000
oldval = 01000000000000000000001000010000
pos1: 27 pos0: 31 posU: -1
newval = 01000000000000000000001000000000
2,426,190 ns >> iteration no: 2
3,340,540 ns >> iteration no: 3
Error detected -> Trying to recover
Successful recovery -> Returning to normal execution
4,264,465 ns >> iteration no: 4
5,178,290 ns >> prog fin.
compare to golden: 1
======================================
progstatus: 1
execerr: 1
latent: 1
program execution success!
total iterations: 5
>>>>>>>>>>>>>>> 5178290000
======================================
