Test signal = /testbench/cpu/l3/cpu(0)/u0/leon3x0/vhdl/p0/iu/r.d.pv
oldval = 1
pos1: 0 pos0: -1 posU: -1
newval = 0
force in 1584130
597,740 ns >> iteration no: 0
1,512,015 ns >> iteration no: 1
Signal value: 1
oldval = 1
pos1: 0 pos0: -1 posU: -1
newval = 0
2,426,190 ns >> iteration no: 2
3,340,540 ns >> iteration no: 3
4,254,740 ns >> iteration no: 4
5,168,315 ns >> prog fin.
compare to golden: 1
======================================
progstatus: 1
execerr: 0
latent: 1
program execution success!
total iterations: 5
>>>>>>>>>>>>>>> 5168315000
======================================
