Test signal = /testbench/cpu/l3/cpu(0)/u0/leon3x0/vhdl/p0/iu/r.f.pc
oldval = 01000000000000000000000010001000
pos1: 28 pos0: 31 posU: -1
newval = 01000000000000000000000010000000
force in 1166066
597,740 ns >> iteration no: 0
1,512,015 ns >> iteration no: 1
Signal value: 01000000000000000000001001000000
oldval = 01000000000000000000001001000000
pos1: 25 pos0: 31 posU: -1
newval = 01000000000000000000001000000000
2,426,190 ns >> iteration no: 2
3,337,215 ns >> iteration no: 3
4,251,515 ns >> iteration no: 4
5,165,090 ns >> prog fin.
compare to golden: 1
======================================
progstatus: 1
execerr: 0
latent: 1
program execution success!
total iterations: 5
>>>>>>>>>>>>>>> 5165090000
======================================
