Test signal = /testbench/cpu/l3/cpu(0)/u0/leon3x0/vhdl/p0/iu/r.e.shcnt
oldval = 00000
pos1: -1 pos0: 4 posU: -1
newval = 00001
force in 919529
597,740 ns >> iteration no: 0
Signal value: 00110
oldval = 00110
pos1: 3 pos0: 4 posU: -1
newval = 00100
1,512,015 ns >> iteration no: 1
2,426,190 ns >> iteration no: 2
3,340,540 ns >> iteration no: 3
4,254,740 ns >> iteration no: 4
5,168,315 ns >> prog fin.
compare to golden: 1
======================================
progstatus: 1
execerr: 0
latent: 1
program execution success!
total iterations: 5
>>>>>>>>>>>>>>> 5168315000
======================================
