Test signal = /testbench/cpu/l3/cpu(0)/u0/leon3x0/vhdl/p0/iu/r.f.pc
oldval = 01000000000000000000000010001000
pos1: 28 pos0: 31 posU: -1
newval = 01000000000000000000000010000000
force in 887167
597,740 ns >> iteration no: 0
Signal value: 01000000000000000000001110100100
oldval = 01000000000000000000001110100100
pos1: 29 pos0: 31 posU: -1
newval = 01000000000000000000001110100000
1,512,015 ns >> iteration no: 1
Error detected -> Trying to recover
Successful recovery -> Returning to normal execution
2,431,465 ns >> iteration no: 2
3,345,715 ns >> iteration no: 3
4,260,165 ns >> iteration no: 4
5,173,940 ns >> prog fin.
compare to golden: 1
======================================
progstatus: 1
execerr: 1
latent: 1
program execution success!
total iterations: 5
>>>>>>>>>>>>>>> 5173940000
======================================
