Test signal = /testbench/cpu/l3/cpu(0)/u0/leon3x0/vhdl/p0/iu/r.a.rsel2
oldval = 101
pos1: 2 pos0: 1 posU: -1
newval = 100
force in 43064
597,740 ns >> iteration no: 0
Signal value: 100
oldval = 100
pos1: 0 pos0: 2 posU: -1
newval = 000
Error detected -> Trying to recover
Successful recovery -> Returning to normal execution
1,522,690 ns >> iteration no: 1
2,436,915 ns >> iteration no: 2
3,351,365 ns >> iteration no: 3
4,265,790 ns >> iteration no: 4
5,179,465 ns >> prog fin.
compare to golden: 1
======================================
progstatus: 1
execerr: 1
latent: 1
program execution success!
total iterations: 5
>>>>>>>>>>>>>>> 5179465000
======================================
