Test signal = /testbench/cpu/l3/u0/leon3x0/vhdl/p0/iu/r.d.cwp
oldval = 111
pos1: 2 pos0: -1 posU: -1
newval = 110
Signal value: 111
oldval = 111
pos1: 2 pos0: -1 posU: -1
newval = 110
force in 858261
584315000 >> iteration no: 0
994990000 >> iteration no: 1
1405665000 >> iteration no: 2
1438090000 >> Requesting for the AHB bus...
1438915000 >> AHB granted, starting recovery...
1458115000 >> Recovery done, continuing...
1458165000 >> Requesting for the AHB bus...
1458765000 >> AHB granted, starting recovery...
1477965000 >> Recovery done, continuing...
1478015000 >> Requesting for the AHB bus...
1478615000 >> AHB granted, starting recovery...
1497815000 >> Recovery done, continuing...
1497865000 >> Requesting for the AHB bus...
1498465000 >> AHB granted, starting recovery...
1517665000 >> Recovery done, continuing...
1517715000 >> Requesting for the AHB bus...
1518315000 >> AHB granted, starting recovery...
1537515000 >> Recovery done, continuing...
1537565000 >> Requesting for the AHB bus...
1538165000 >> AHB granted, starting recovery...
1557365000 >> Recovery done, continuing...
1557415000 >> Requesting for the AHB bus...
1558015000 >> AHB granted, starting recovery...
1577215000 >> Recovery done, continuing...
1577265000 >> Requesting for the AHB bus...
1577865000 >> AHB granted, starting recovery...
1597065000 >> Recovery done, continuing...
1597115000 >> Requesting for the AHB bus...
1597715000 >> AHB granted, starting recovery...
1616915000 >> Recovery done, continuing...
1616965000 >> Requesting for the AHB bus...
1617565000 >> AHB granted, starting recovery...
1636765000 >> Recovery done, continuing...
1636815000 >> Requesting for the AHB bus...
1637415000 >> AHB granted, starting recovery...
1656615000 >> Recovery done, continuing...
1656665000 >> Requesting for the AHB bus...
1657265000 >> AHB granted, starting recovery...
1676465000 >> Recovery done, continuing...
1676515000 >> Requesting for the AHB bus...
1677115000 >> AHB granted, starting recovery...
1696315000 >> Recovery done, continuing...
1696365000 >> Requesting for the AHB bus...
1696965000 >> AHB granted, starting recovery...
1716165000 >> Recovery done, continuing...
1716215000 >> Requesting for the AHB bus...
1716815000 >> AHB granted, starting recovery...
1736015000 >> Recovery done, continuing...
1736065000 >> Requesting for the AHB bus...
1736665000 >> AHB granted, starting recovery...
1755865000 >> Recovery done, continuing...
1755915000 >> Requesting for the AHB bus...
1756515000 >> AHB granted, starting recovery...
1775715000 >> Recovery done, continuing...
1775765000 >> Requesting for the AHB bus...
1776365000 >> AHB granted, starting recovery...
1795565000 >> Recovery done, continuing...
1795615000 >> Requesting for the AHB bus...
1796215000 >> AHB granted, starting recovery...
1815415000 >> Recovery done, continuing...
1815465000 >> Requesting for the AHB bus...
1816065000 >> AHB granted, starting recovery...
1835265000 >> Recovery done, continuing...
1835315000 >> Requesting for the AHB bus...
1835915000 >> AHB granted, starting recovery...
1855115000 >> Recovery done, continuing...
1855165000 >> Requesting for the AHB bus...
1855765000 >> AHB granted, starting recovery...
1874965000 >> Recovery done, continuing...
1875015000 >> Requesting for the AHB bus...
1875615000 >> AHB granted, starting recovery...
1894815000 >> Recovery done, continuing...
1894865000 >> Requesting for the AHB bus...
1895465000 >> AHB granted, starting recovery...
1914665000 >> Recovery done, continuing...
1914715000 >> Requesting for the AHB bus...
1915315000 >> AHB granted, starting recovery...
1934515000 >> Recovery done, continuing...
1934565000 >> Requesting for the AHB bus...
1935165000 >> AHB granted, starting recovery...
1954365000 >> Recovery done, continuing...
1954415000 >> Requesting for the AHB bus...
1955015000 >> AHB granted, starting recovery...
1974215000 >> Recovery done, continuing...
1974265000 >> Requesting for the AHB bus...
1974865000 >> AHB granted, starting recovery...
1994065000 >> Recovery done, continuing...
1994115000 >> Requesting for the AHB bus...
1994715000 >> AHB granted, starting recovery...
2013915000 >> Recovery done, continuing...
2013965000 >> Requesting for the AHB bus...
2014565000 >> AHB granted, starting recovery...
2033765000 >> Recovery done, continuing...
2033815000 >> Requesting for the AHB bus...
2034415000 >> AHB granted, starting recovery...
2053615000 >> Recovery done, continuing...
2053665000 >> Requesting for the AHB bus...
2054265000 >> AHB granted, starting recovery...
2073465000 >> Recovery done, continuing...
2073515000 >> Requesting for the AHB bus...
2074115000 >> AHB granted, starting recovery...
2093315000 >> Recovery done, continuing...
2093365000 >> Requesting for the AHB bus...
2093965000 >> AHB granted, starting recovery...
2113165000 >> Recovery done, continuing...
2113215000 >> Requesting for the AHB bus...
2113815000 >> AHB granted, starting recovery...
2133015000 >> Recovery done, continuing...
2133065000 >> Requesting for the AHB bus...
2133665000 >> AHB granted, starting recovery...
2152865000 >> Recovery done, continuing...
2152915000 >> Requesting for the AHB bus...
2153515000 >> AHB granted, starting recovery...
2172715000 >> Recovery done, continuing...
2172765000 >> Requesting for the AHB bus...
2173365000 >> AHB granted, starting recovery...
2192565000 >> Recovery done, continuing...
2192615000 >> Requesting for the AHB bus...
2193215000 >> AHB granted, starting recovery...
2212415000 >> Recovery done, continuing...
2212465000 >> Requesting for the AHB bus...
2213065000 >> AHB granted, starting recovery...
2232265000 >> Recovery done, continuing...
2232315000 >> Requesting for the AHB bus...
2232915000 >> AHB granted, starting recovery...
2252115000 >> Recovery done, continuing...
2252165000 >> Requesting for the AHB bus...
2252765000 >> AHB granted, starting recovery...
2271965000 >> Recovery done, continuing...
2272015000 >> Requesting for the AHB bus...
2272615000 >> AHB granted, starting recovery...
2291815000 >> Recovery done, continuing...
2291865000 >> Requesting for the AHB bus...
2292465000 >> AHB granted, starting recovery...
2311665000 >> Recovery done, continuing...
2311715000 >> Requesting for the AHB bus...
2312315000 >> AHB granted, starting recovery...
2331515000 >> Recovery done, continuing...
2331565000 >> Requesting for the AHB bus...
2332165000 >> AHB granted, starting recovery...
2351365000 >> Recovery done, continuing...
2351415000 >> Requesting for the AHB bus...
2352015000 >> AHB granted, starting recovery...
2371215000 >> Recovery done, continuing...
2371265000 >> Requesting for the AHB bus...
2371865000 >> AHB granted, starting recovery...
2391065000 >> Recovery done, continuing...
2391115000 >> Requesting for the AHB bus...
2391715000 >> AHB granted, starting recovery...
2410915000 >> Recovery done, continuing...
2410965000 >> Requesting for the AHB bus...
2411565000 >> AHB granted, starting recovery...
2430765000 >> Recovery done, continuing...
2430815000 >> Requesting for the AHB bus...
2431415000 >> AHB granted, starting recovery...
2450615000 >> Recovery done, continuing...
2450665000 >> Requesting for the AHB bus...
2451265000 >> AHB granted, starting recovery...
2470465000 >> Recovery done, continuing...
2470515000 >> Requesting for the AHB bus...
2471115000 >> AHB granted, starting recovery...
2490315000 >> Recovery done, continuing...
2490365000 >> Requesting for the AHB bus...
2490965000 >> AHB granted, starting recovery...
2510165000 >> Recovery done, continuing...
2510215000 >> Requesting for the AHB bus...
2510815000 >> AHB granted, starting recovery...
2530015000 >> Recovery done, continuing...
2530065000 >> Requesting for the AHB bus...
2530665000 >> AHB granted, starting recovery...
2549865000 >> Recovery done, continuing...
2549915000 >> Requesting for the AHB bus...
2550515000 >> AHB granted, starting recovery...
2569715000 >> Recovery done, continuing...
2569765000 >> Requesting for the AHB bus...
2570365000 >> AHB granted, starting recovery...
2589565000 >> Recovery done, continuing...
2589615000 >> Requesting for the AHB bus...
2590215000 >> AHB granted, starting recovery...
2609415000 >> Recovery done, continuing...
2609465000 >> Requesting for the AHB bus...
2610065000 >> AHB granted, starting recovery...
2629265000 >> Recovery done, continuing...
2629315000 >> Requesting for the AHB bus...
2629915000 >> AHB granted, starting recovery...
2649115000 >> Recovery done, continuing...
2649165000 >> Requesting for the AHB bus...
2649765000 >> AHB granted, starting recovery...
2668965000 >> Recovery done, continuing...
2669015000 >> Requesting for the AHB bus...
2669615000 >> AHB granted, starting recovery...
2688815000 >> Recovery done, continuing...
2688865000 >> Requesting for the AHB bus...
2689465000 >> AHB granted, starting recovery...
2708665000 >> Recovery done, continuing...
2708715000 >> Requesting for the AHB bus...
2709315000 >> AHB granted, starting recovery...
2728515000 >> Recovery done, continuing...
2728565000 >> Requesting for the AHB bus...
2729165000 >> AHB granted, starting recovery...
2737215000 >> time limit reached...
/testbench/cpu/l3/u0/leon3x0/vhdl/p0/iu/r.w.wreg:1
/testbench/cpu/l3/u0/leon3x0/vhdl/p0/iu/r.m.irqen:1
/testbench/cpu/l3/u0/leon3x0/vhdl/p0/iu/r.m.icc:0000
/testbench/cpu/l3/u0/leon3x0/vhdl/p0/iu/r.a.ticc:0
/testbench/cpu/l3/u0/leon3x0/vhdl/p0/iu/r.a.step:0
/testbench/cpu/l3/u0/leon3x0/vhdl/p0/iu/r.m.irqen2:1
/testbench/cpu/l3/u0/leon3x0/vhdl/p0/iu/r.d.pc:01000000000000000000000111111000
/testbench/cpu/l3/u0/leon3x0/vhdl/p0/iu/r.d.rexpl:{{00000000000000000000000000000000} {00} {0} 0 0 {0000000000000000000} 0 0 0 0 0 0}
/testbench/cpu/l3/u0/leon3x0/vhdl/p0/iu/r.d.mexc:0
/testbench/cpu/l3/u0/leon3x0/vhdl/p0/iu/r.a.aw:0
/testbench/cpu/l3/u0/leon3x0/vhdl/p0/iu/r.e.ctrl:{{01000000000000000000000111110100} {11000010000001111010000001000100} {00} {10000001} {000000} 0 0 1 0 0 1 1 0 0}
/testbench/cpu/l3/u0/leon3x0/vhdl/p0/iu/r.a.divstart:0
/testbench/cpu/l3/u0/leon3x0/vhdl/p0/iu/r.e.shleft:0
/testbench/cpu/l3/u0/leon3x0/vhdl/p0/iu/r.a.bp:0
/testbench/cpu/l3/u0/leon3x0/vhdl/p0/iu/r.w.twcwp:000
/testbench/cpu/l3/u0/leon3x0/vhdl/p0/iu/r.a.jmpl:0
/testbench/cpu/l3/u0/leon3x0/vhdl/p0/iu/r.m.casa:0
/testbench/cpu/l3/u0/leon3x0/vhdl/p0/iu/r.m.werr:0
/testbench/cpu/l3/u0/leon3x0/vhdl/p0/iu/r.e.su:1
/testbench/cpu/l3/u0/leon3x0/vhdl/p0/iu/r.e.et:1
/testbench/cpu/l3/u0/leon3x0/vhdl/p0/iu/r.a.ldcheck1:1
/testbench/cpu/l3/u0/leon3x0/vhdl/p0/iu/r.d.stwin:000
/testbench/cpu/l3/u0/leon3x0/vhdl/p0/iu/r.a.ldcheck2:1
/testbench/cpu/l3/u0/leon3x0/vhdl/p0/iu/r.x.intack:0
/testbench/cpu/l3/u0/leon3x0/vhdl/p0/iu/r.m.ctrl:{{01000000000000000000000111110000} {11000010001001111010000001000100} {01} {10000001} {000000} 0 0 0 0 0 0 0 0 0}
/testbench/cpu/l3/u0/leon3x0/vhdl/p0/iu/r.a.cwp:110
/testbench/cpu/l3/u0/leon3x0/vhdl/p0/iu/r.e.sari:0
/testbench/cpu/l3/u0/leon3x0/vhdl/p0/iu/r.d.paw:0
/testbench/cpu/l3/u0/leon3x0/vhdl/p0/iu/r.d.aw:0
/testbench/cpu/l3/u0/leon3x0/vhdl/p0/iu/r.d.awp:000
/testbench/cpu/l3/u0/leon3x0/vhdl/p0/iu/r.x.ctrl:{{01000000000000000000000111110000} {11000010001001111010000001000100} {00} {10000001} {000000} 0 0 0 0 0 0 1 0 0}
/testbench/cpu/l3/u0/leon3x0/vhdl/p0/iu/r.m.rexnalign:0
/testbench/cpu/l3/u0/leon3x0/vhdl/p0/iu/r.m.su:1
/testbench/cpu/l3/u0/leon3x0/vhdl/p0/iu/r.m.wcwp:0
/testbench/cpu/l3/u0/leon3x0/vhdl/p0/iu/r.d.divrdy:0
/testbench/cpu/l3/u0/leon3x0/vhdl/p0/iu/r.e.cwp:110
/testbench/cpu/l3/u0/leon3x0/vhdl/p0/iu/r.w.except:0
/testbench/cpu/l3/u0/leon3x0/vhdl/p0/iu/r.x.nerror:0
/testbench/cpu/l3/u0/leon3x0/vhdl/p0/iu/r.a.bpimiss:0
/testbench/cpu/l3/u0/leon3x0/vhdl/p0/iu/r.a.nobp:0
/testbench/cpu/l3/u0/leon3x0/vhdl/p0/iu/r.d.rexcnt:0
/testbench/cpu/l3/u0/leon3x0/vhdl/p0/iu/r.w.s:{{101} {0000} {00000000} {01000000000000000000} {00000010} {0000} 0 0 1 1 1 {00000000000000000000000000000000} {UUUUUUUUUUUUUUUUUUUUUUUUUUUUUUUU} 1 0 0 1 1 1 0 0 {000} {000} {111}}
/testbench/cpu/l3/u0/leon3x0/vhdl/p0/iu/r.d.pv:1
/testbench/cpu/l3/u0/leon3x0/vhdl/p0/iu/r.a.ldchkra:1
/testbench/cpu/l3/u0/leon3x0/vhdl/p0/iu/r.a.rfa1:10000001
/testbench/cpu/l3/u0/leon3x0/vhdl/p0/iu/r.a.rfa2:10000000
/testbench/cpu/l3/u0/leon3x0/vhdl/p0/iu/r.a.imm:00000000000000000000000000000000
/testbench/cpu/l3/u0/leon3x0/vhdl/p0/iu/r.w.wa:10000001
/testbench/cpu/l3/u0/leon3x0/vhdl/p0/iu/r.m.casaz:0
/testbench/cpu/l3/u0/leon3x0/vhdl/p0/iu/r.x.dci:{0 1 0 0 0 0 {10} {00001011}}
/testbench/cpu/l3/u0/leon3x0/vhdl/p0/iu/r.x.mac:0
/testbench/cpu/l3/u0/leon3x0/vhdl/p0/iu/r.m.divz:0
/testbench/cpu/l3/u0/leon3x0/vhdl/p0/iu/r.d.inst:{{11000010000010000100000000000000}}
/testbench/cpu/l3/u0/leon3x0/vhdl/p0/iu/r.e.rfe1:1
/testbench/cpu/l3/u0/leon3x0/vhdl/p0/iu/r.a.wovf:0
/testbench/cpu/l3/u0/leon3x0/vhdl/p0/iu/r.e.rfe2:0
/testbench/cpu/l3/u0/leon3x0/vhdl/p0/iu/r.e.op1:01000000000011111111111100000000
/testbench/cpu/l3/u0/leon3x0/vhdl/p0/iu/r.m.nalign:1
/testbench/cpu/l3/u0/leon3x0/vhdl/p0/iu/r.e.op2:00000000000000000000000001000100
/testbench/cpu/l3/u0/leon3x0/vhdl/p0/iu/r.d.rexen:0
/testbench/cpu/l3/u0/leon3x0/vhdl/p0/iu/r.a.ctrl:{{01000000000000000000000111111000} {11000010000010000100000000000000} {00} {10000001} {000000} 0 1 0 0 0 1 0 0 0}
/testbench/cpu/l3/u0/leon3x0/vhdl/p0/iu/r.x.ipend:0
/testbench/cpu/l3/u0/leon3x0/vhdl/p0/iu/r.e.ldbp1:0
/testbench/cpu/l3/u0/leon3x0/vhdl/p0/iu/r.e.aluadd:1
/testbench/cpu/l3/u0/leon3x0/vhdl/p0/iu/r.d.set:0
/testbench/cpu/l3/u0/leon3x0/vhdl/p0/iu/r.d.inull:0
/testbench/cpu/l3/u0/leon3x0/vhdl/p0/iu/r.e.ldbp2:0
/testbench/cpu/l3/u0/leon3x0/vhdl/p0/iu/r.d.cnt:00
/testbench/cpu/l3/u0/leon3x0/vhdl/p0/iu/r.a.su:1
/testbench/cpu/l3/u0/leon3x0/vhdl/p0/iu/r.a.et:1
/testbench/cpu/l3/u0/leon3x0/vhdl/p0/iu/r.e.mul:0
/testbench/cpu/l3/u0/leon3x0/vhdl/p0/iu/r.e.alusel:00
/testbench/cpu/l3/u0/leon3x0/vhdl/p0/iu/r.e.aw:U
/testbench/cpu/l3/u0/leon3x0/vhdl/p0/iu/r.e.mac:0
/testbench/cpu/l3/u0/leon3x0/vhdl/p0/iu/r.a.decill:0
/testbench/cpu/l3/u0/leon3x0/vhdl/p0/iu/r.x.icc:0000
/testbench/cpu/l3/u0/leon3x0/vhdl/p0/iu/r.x.result:01000000000011111111111011011100
/testbench/cpu/l3/u0/leon3x0/vhdl/p0/iu/r.e.bp:0
/testbench/cpu/l3/u0/leon3x0/vhdl/p0/iu/r.a.rs1:00001
/testbench/cpu/l3/u0/leon3x0/vhdl/p0/iu/r.e.jmpl:0
/testbench/cpu/l3/u0/leon3x0/vhdl/p0/iu/r.a.rsel1:001
/testbench/cpu/l3/u0/leon3x0/vhdl/p0/iu/r.x.y:00000000000000000000000000000000
/testbench/cpu/l3/u0/leon3x0/vhdl/p0/iu/r.a.rsel2:101
/testbench/cpu/l3/u0/leon3x0/vhdl/p0/iu/r.a.awp:000
/testbench/cpu/l3/u0/leon3x0/vhdl/p0/iu/r.a.paw:0
/testbench/cpu/l3/u0/leon3x0/vhdl/p0/iu/r.x.data:{{01000000000000000001001000100100}}
/testbench/cpu/l3/u0/leon3x0/vhdl/p0/iu/r.m.mul:0
/testbench/cpu/l3/u0/leon3x0/vhdl/p0/iu/r.e.rd:UUUUU
/testbench/cpu/l3/u0/leon3x0/vhdl/p0/iu/r.e.invop2:0
/testbench/cpu/l3/u0/leon3x0/vhdl/p0/iu/r.m.wawp:0
/testbench/cpu/l3/u0/leon3x0/vhdl/p0/iu/r.d.cwpmax:111
/testbench/cpu/l3/u0/leon3x0/vhdl/p0/iu/r.f.branch:0
/testbench/cpu/l3/u0/leon3x0/vhdl/p0/iu/r.d.pcheld:1
/testbench/cpu/l3/u0/leon3x0/vhdl/p0/iu/r.m.dci:{0 0 0 1 0 0 {10} {00001011}}
/testbench/cpu/l3/u0/leon3x0/vhdl/p0/iu/r.e.paw:U
/testbench/cpu/l3/u0/leon3x0/vhdl/p0/iu/r.e.awp:UUU
/testbench/cpu/l3/u0/leon3x0/vhdl/p0/iu/r.e.shcnt:00100
/testbench/cpu/l3/u0/leon3x0/vhdl/p0/iu/r.w.result:01000000000000000001001000100101
/testbench/cpu/l3/u0/leon3x0/vhdl/p0/iu/r.m.mac:0
/testbench/cpu/l3/u0/leon3x0/vhdl/p0/iu/r.m.y:00000000000000000000000000000000
/testbench/cpu/l3/u0/leon3x0/vhdl/p0/iu/r.d.cwp:110
/testbench/cpu/l3/u0/leon3x0/vhdl/p0/iu/r.x.laddr:00
/testbench/cpu/l3/u0/leon3x0/vhdl/p0/iu/r.e.mulstep:0
/testbench/cpu/l3/u0/leon3x0/vhdl/p0/iu/r.e.ymsb:0
/testbench/cpu/l3/u0/leon3x0/vhdl/p0/iu/r.d.rexbuf:00000000000000000000000000000000
/testbench/cpu/l3/u0/leon3x0/vhdl/p0/iu/r.x.npc:100
/testbench/cpu/l3/u0/leon3x0/vhdl/p0/iu/r.f.pc:01000000000000000000000111111100
/testbench/cpu/l3/u0/leon3x0/vhdl/p0/iu/r.d.annul:0
/testbench/cpu/l3/u0/leon3x0/vhdl/p0/iu/r.x.rstate:run
/testbench/cpu/l3/u0/leon3x0/vhdl/p0/iu/r.x.set:0
/testbench/cpu/l3/u0/leon3x0/vhdl/p0/iu/r.m.result:01000000000000000001001000100101
/testbench/cpu/l3/u0/leon3x0/vhdl/p0/iu/r.e.icc:UUUU
/testbench/cpu/l3/u0/leon3x0/vhdl/p0/iu/r.a.getpc:0
/testbench/cpu/l3/u0/leon3x0/vhdl/p0/iu/r.a.ldchkex:1
/testbench/cpu/l3/u0/leon3x0/vhdl/p0/iu/r.x.mexc:0
/testbench/cpu/l3/u0/leon3x0/vhdl/p0/iu/r.a.mulstart:0
/testbench/cpu/l3/u0/leon3x0/vhdl/p0/iu/r.d.rexpos:10
/testbench/cpu/l3/u0/leon3x0/vhdl/p0/iu/r.x.annul_all:0
/testbench/cpu/l3/u0/leon3x0/vhdl/p0/iu/r.e.aluop:000
/testbench/cpu/l3/u0/leon3x0/vhdl/p0/iu/r.x.debug:0
/testbench/cpu/l3/u0/leon3x0/vhdl/p0/iu/r.a.rfe1:0
/testbench/cpu/l3/u0/leon3x0/vhdl/p0/iu/r.d.step:0
/testbench/cpu/l3/u0/leon3x0/vhdl/p0/iu/r.a.rfe2:0
/testbench/cpu/l3/u0/leon3x0/vhdl/p0/iu/r.e.alucin:0
/testbench/cpu/l3/u0/leon3x0/vhdl/p0/iu/r.a.wunf:0
======================================
progstatus: -2
execerr: 66
latent: 1
time limit!
>>>>>>>>>>>>>>> 2737215000
======================================
