Test signal = /testbench/cpu/l3/u0/leon3x0/vhdl/p0/iu/r.d.cwp
oldval = 111
pos1: 2 pos0: -1 posU: -1
newval = 110
Signal value: 111
oldval = 111
pos1: 2 pos0: -1 posU: -1
newval = 110
force in 711208
584315000 >> iteration no: 0
994990000 >> iteration no: 1
1291465000 >> Requesting for the AHB bus...
1291915000 >> Requesting for the AHB bus...
1292365000 >> AHB granted, starting recovery...
1311565000 >> Recovery done, continuing...
1311615000 >> Requesting for the AHB bus...
1312265000 >> Requesting for the AHB bus...
1312665000 >> AHB granted, starting recovery...
1331865000 >> Recovery done, continuing...
1331915000 >> Requesting for the AHB bus...
1332565000 >> Requesting for the AHB bus...
1332965000 >> AHB granted, starting recovery...
1352165000 >> Recovery done, continuing...
1352215000 >> Requesting for the AHB bus...
1352865000 >> Requesting for the AHB bus...
1353265000 >> AHB granted, starting recovery...
1372465000 >> Recovery done, continuing...
1372515000 >> Requesting for the AHB bus...
1373165000 >> Requesting for the AHB bus...
1373565000 >> AHB granted, starting recovery...
1392765000 >> Recovery done, continuing...
1392815000 >> Requesting for the AHB bus...
1393465000 >> Requesting for the AHB bus...
1393865000 >> AHB granted, starting recovery...
1413065000 >> Recovery done, continuing...
1413115000 >> Requesting for the AHB bus...
1413765000 >> Requesting for the AHB bus...
1414165000 >> AHB granted, starting recovery...
1433365000 >> Recovery done, continuing...
1433415000 >> Requesting for the AHB bus...
1434065000 >> Requesting for the AHB bus...
1434465000 >> AHB granted, starting recovery...
1453665000 >> Recovery done, continuing...
1453715000 >> Requesting for the AHB bus...
1454365000 >> Requesting for the AHB bus...
1454765000 >> AHB granted, starting recovery...
1473965000 >> Recovery done, continuing...
1474015000 >> Requesting for the AHB bus...
1474665000 >> Requesting for the AHB bus...
1475065000 >> AHB granted, starting recovery...
1494265000 >> Recovery done, continuing...
1494315000 >> Requesting for the AHB bus...
1494965000 >> Requesting for the AHB bus...
1495365000 >> AHB granted, starting recovery...
1514565000 >> Recovery done, continuing...
1514615000 >> Requesting for the AHB bus...
1515265000 >> Requesting for the AHB bus...
1515665000 >> AHB granted, starting recovery...
1534865000 >> Recovery done, continuing...
1534915000 >> Requesting for the AHB bus...
1535565000 >> Requesting for the AHB bus...
1535965000 >> AHB granted, starting recovery...
1555165000 >> Recovery done, continuing...
1555215000 >> Requesting for the AHB bus...
1556040000 >> Requesting for the AHB bus...
1556440000 >> AHB granted, starting recovery...
1575640000 >> Recovery done, continuing...
1575690000 >> Requesting for the AHB bus...
1576340000 >> Requesting for the AHB bus...
1576740000 >> AHB granted, starting recovery...
1595940000 >> Recovery done, continuing...
1595990000 >> Requesting for the AHB bus...
1596640000 >> Requesting for the AHB bus...
1597040000 >> AHB granted, starting recovery...
1616240000 >> Recovery done, continuing...
1616290000 >> Requesting for the AHB bus...
1616940000 >> Requesting for the AHB bus...
1617340000 >> AHB granted, starting recovery...
1636540000 >> Recovery done, continuing...
1636590000 >> Requesting for the AHB bus...
1637240000 >> Requesting for the AHB bus...
1637640000 >> AHB granted, starting recovery...
1656840000 >> Recovery done, continuing...
1656890000 >> Requesting for the AHB bus...
1657540000 >> Requesting for the AHB bus...
1657940000 >> AHB granted, starting recovery...
1677140000 >> Recovery done, continuing...
1677190000 >> Requesting for the AHB bus...
1677940000 >> Requesting for the AHB bus...
1678340000 >> AHB granted, starting recovery...
1697540000 >> Recovery done, continuing...
1697590000 >> Requesting for the AHB bus...
1698240000 >> Requesting for the AHB bus...
1698640000 >> AHB granted, starting recovery...
1717840000 >> Recovery done, continuing...
1717890000 >> Requesting for the AHB bus...
1718540000 >> Requesting for the AHB bus...
1718940000 >> AHB granted, starting recovery...
1738140000 >> Recovery done, continuing...
1738190000 >> Requesting for the AHB bus...
1738840000 >> Requesting for the AHB bus...
1739240000 >> AHB granted, starting recovery...
1758440000 >> Recovery done, continuing...
1758490000 >> Requesting for the AHB bus...
1759140000 >> Requesting for the AHB bus...
1759540000 >> AHB granted, starting recovery...
1778740000 >> Recovery done, continuing...
1778790000 >> Requesting for the AHB bus...
1779440000 >> Requesting for the AHB bus...
1779840000 >> AHB granted, starting recovery...
1799040000 >> Recovery done, continuing...
1799090000 >> Requesting for the AHB bus...
1799740000 >> Requesting for the AHB bus...
1800140000 >> AHB granted, starting recovery...
1819340000 >> Recovery done, continuing...
1819390000 >> Requesting for the AHB bus...
1820040000 >> Requesting for the AHB bus...
1820440000 >> AHB granted, starting recovery...
1839640000 >> Recovery done, continuing...
1839690000 >> Requesting for the AHB bus...
1840340000 >> Requesting for the AHB bus...
1840740000 >> AHB granted, starting recovery...
1859940000 >> Recovery done, continuing...
1859990000 >> Requesting for the AHB bus...
1860640000 >> Requesting for the AHB bus...
1861040000 >> AHB granted, starting recovery...
1880240000 >> Recovery done, continuing...
1880290000 >> Requesting for the AHB bus...
1880940000 >> Requesting for the AHB bus...
1881340000 >> AHB granted, starting recovery...
1900540000 >> Recovery done, continuing...
1900590000 >> Requesting for the AHB bus...
1901240000 >> Requesting for the AHB bus...
1901640000 >> AHB granted, starting recovery...
1920840000 >> Recovery done, continuing...
1920890000 >> Requesting for the AHB bus...
1921540000 >> Requesting for the AHB bus...
1921940000 >> AHB granted, starting recovery...
1941140000 >> Recovery done, continuing...
1941190000 >> Requesting for the AHB bus...
1941840000 >> Requesting for the AHB bus...
1942240000 >> AHB granted, starting recovery...
1961440000 >> Recovery done, continuing...
1961490000 >> Requesting for the AHB bus...
1962140000 >> Requesting for the AHB bus...
1962540000 >> AHB granted, starting recovery...
1981740000 >> Recovery done, continuing...
1981790000 >> Requesting for the AHB bus...
1982440000 >> Requesting for the AHB bus...
1982840000 >> AHB granted, starting recovery...
2002040000 >> Recovery done, continuing...
2002090000 >> Requesting for the AHB bus...
2002740000 >> Requesting for the AHB bus...
2003140000 >> AHB granted, starting recovery...
2022340000 >> Recovery done, continuing...
2022390000 >> Requesting for the AHB bus...
2023215000 >> Requesting for the AHB bus...
2023615000 >> AHB granted, starting recovery...
2042815000 >> Recovery done, continuing...
2042865000 >> Requesting for the AHB bus...
2043515000 >> Requesting for the AHB bus...
2043915000 >> AHB granted, starting recovery...
2063115000 >> Recovery done, continuing...
2063165000 >> Requesting for the AHB bus...
2063815000 >> Requesting for the AHB bus...
2064215000 >> AHB granted, starting recovery...
2083415000 >> Recovery done, continuing...
2083465000 >> Requesting for the AHB bus...
2084115000 >> Requesting for the AHB bus...
2084515000 >> AHB granted, starting recovery...
2103715000 >> Recovery done, continuing...
2103765000 >> Requesting for the AHB bus...
2104415000 >> Requesting for the AHB bus...
2104815000 >> AHB granted, starting recovery...
2124015000 >> Recovery done, continuing...
2124065000 >> Requesting for the AHB bus...
2124715000 >> Requesting for the AHB bus...
2125115000 >> AHB granted, starting recovery...
2144315000 >> Recovery done, continuing...
2144365000 >> Requesting for the AHB bus...
2145140000 >> Requesting for the AHB bus...
2145540000 >> AHB granted, starting recovery...
2164740000 >> Recovery done, continuing...
2164790000 >> Requesting for the AHB bus...
2165440000 >> Requesting for the AHB bus...
2165840000 >> AHB granted, starting recovery...
2185040000 >> Recovery done, continuing...
2185090000 >> Requesting for the AHB bus...
2185740000 >> Requesting for the AHB bus...
2186140000 >> AHB granted, starting recovery...
2205340000 >> Recovery done, continuing...
2205390000 >> Requesting for the AHB bus...
2206040000 >> Requesting for the AHB bus...
2206440000 >> AHB granted, starting recovery...
2225640000 >> Recovery done, continuing...
2225690000 >> Requesting for the AHB bus...
2226340000 >> Requesting for the AHB bus...
2226740000 >> AHB granted, starting recovery...
2245940000 >> Recovery done, continuing...
2245990000 >> Requesting for the AHB bus...
2246640000 >> Requesting for the AHB bus...
2247040000 >> AHB granted, starting recovery...
2266240000 >> Recovery done, continuing...
2266290000 >> Requesting for the AHB bus...
2266940000 >> Requesting for the AHB bus...
2267340000 >> AHB granted, starting recovery...
2286540000 >> Recovery done, continuing...
2286590000 >> Requesting for the AHB bus...
2287240000 >> Requesting for the AHB bus...
2287640000 >> AHB granted, starting recovery...
2306840000 >> Recovery done, continuing...
2306890000 >> Requesting for the AHB bus...
2307540000 >> Requesting for the AHB bus...
2307940000 >> AHB granted, starting recovery...
2327140000 >> Recovery done, continuing...
2327190000 >> Requesting for the AHB bus...
2327840000 >> Requesting for the AHB bus...
2328240000 >> AHB granted, starting recovery...
2347440000 >> Recovery done, continuing...
2347490000 >> Requesting for the AHB bus...
2348140000 >> Requesting for the AHB bus...
2348540000 >> AHB granted, starting recovery...
2367740000 >> Recovery done, continuing...
2367790000 >> Requesting for the AHB bus...
2368440000 >> Requesting for the AHB bus...
2368840000 >> AHB granted, starting recovery...
2388040000 >> Recovery done, continuing...
2388090000 >> Requesting for the AHB bus...
2388740000 >> Requesting for the AHB bus...
2389140000 >> AHB granted, starting recovery...
2408340000 >> Recovery done, continuing...
2408390000 >> Requesting for the AHB bus...
2409040000 >> Requesting for the AHB bus...
2409440000 >> AHB granted, starting recovery...
2428640000 >> Recovery done, continuing...
2428690000 >> Requesting for the AHB bus...
2429340000 >> Requesting for the AHB bus...
2429740000 >> AHB granted, starting recovery...
2448940000 >> Recovery done, continuing...
2448990000 >> Requesting for the AHB bus...
2449640000 >> Requesting for the AHB bus...
2450040000 >> AHB granted, starting recovery...
2469240000 >> Recovery done, continuing...
2469290000 >> Requesting for the AHB bus...
2469940000 >> Requesting for the AHB bus...
2470340000 >> AHB granted, starting recovery...
2489540000 >> Recovery done, continuing...
2489590000 >> Requesting for the AHB bus...
2490415000 >> Requesting for the AHB bus...
2490815000 >> AHB granted, starting recovery...
2510015000 >> Recovery done, continuing...
2510065000 >> Requesting for the AHB bus...
2510715000 >> Requesting for the AHB bus...
2511115000 >> AHB granted, starting recovery...
2530315000 >> Recovery done, continuing...
2530365000 >> Requesting for the AHB bus...
2531015000 >> Requesting for the AHB bus...
2531415000 >> AHB granted, starting recovery...
2550615000 >> Recovery done, continuing...
2550665000 >> Requesting for the AHB bus...
2551315000 >> Requesting for the AHB bus...
2551715000 >> AHB granted, starting recovery...
2570915000 >> Recovery done, continuing...
2570965000 >> Requesting for the AHB bus...
2571615000 >> Requesting for the AHB bus...
2572015000 >> AHB granted, starting recovery...
2591215000 >> Recovery done, continuing...
2591265000 >> Requesting for the AHB bus...
2591915000 >> Requesting for the AHB bus...
2592315000 >> AHB granted, starting recovery...
2611515000 >> Recovery done, continuing...
2611565000 >> Requesting for the AHB bus...
2612340000 >> Requesting for the AHB bus...
2612740000 >> AHB granted, starting recovery...
2631940000 >> Recovery done, continuing...
2631990000 >> Requesting for the AHB bus...
2632640000 >> Requesting for the AHB bus...
2633040000 >> AHB granted, starting recovery...
2652240000 >> Recovery done, continuing...
2652290000 >> Requesting for the AHB bus...
2652940000 >> Requesting for the AHB bus...
2653340000 >> AHB granted, starting recovery...
2672540000 >> Recovery done, continuing...
2672590000 >> Requesting for the AHB bus...
2673240000 >> Requesting for the AHB bus...
2673640000 >> AHB granted, starting recovery...
2692840000 >> Recovery done, continuing...
2692890000 >> Requesting for the AHB bus...
2693540000 >> Requesting for the AHB bus...
2693940000 >> AHB granted, starting recovery...
2713140000 >> Recovery done, continuing...
2713190000 >> Requesting for the AHB bus...
2713840000 >> Requesting for the AHB bus...
2714240000 >> AHB granted, starting recovery...
2733440000 >> Recovery done, continuing...
2733490000 >> Requesting for the AHB bus...
2734140000 >> Requesting for the AHB bus...
2734540000 >> AHB granted, starting recovery...
2737215000 >> time limit reached...
/testbench/cpu/l3/u0/leon3x0/vhdl/p0/iu/r.w.wreg:1
/testbench/cpu/l3/u0/leon3x0/vhdl/p0/iu/r.m.irqen:1
/testbench/cpu/l3/u0/leon3x0/vhdl/p0/iu/r.m.icc:0000
/testbench/cpu/l3/u0/leon3x0/vhdl/p0/iu/r.a.ticc:0
/testbench/cpu/l3/u0/leon3x0/vhdl/p0/iu/r.a.step:0
/testbench/cpu/l3/u0/leon3x0/vhdl/p0/iu/r.m.irqen2:1
/testbench/cpu/l3/u0/leon3x0/vhdl/p0/iu/r.d.pc:01000000000000000000000111101100
/testbench/cpu/l3/u0/leon3x0/vhdl/p0/iu/r.d.rexpl:{{00000000000000000000000000000000} {00} {0} 0 0 {0000000000000000000} 0 0 0 0 0 0}
/testbench/cpu/l3/u0/leon3x0/vhdl/p0/iu/r.d.mexc:0
/testbench/cpu/l3/u0/leon3x0/vhdl/p0/iu/r.a.aw:0
/testbench/cpu/l3/u0/leon3x0/vhdl/p0/iu/r.e.ctrl:{{01000000000000000000000111101000} {11000010000001111010000001000100} {00} {10000001} {000000} 0 0 1 0 0 1 1 0 0}
/testbench/cpu/l3/u0/leon3x0/vhdl/p0/iu/r.a.divstart:0
/testbench/cpu/l3/u0/leon3x0/vhdl/p0/iu/r.e.shleft:0
/testbench/cpu/l3/u0/leon3x0/vhdl/p0/iu/r.a.bp:0
/testbench/cpu/l3/u0/leon3x0/vhdl/p0/iu/r.w.twcwp:000
/testbench/cpu/l3/u0/leon3x0/vhdl/p0/iu/r.a.jmpl:0
/testbench/cpu/l3/u0/leon3x0/vhdl/p0/iu/r.m.casa:0
/testbench/cpu/l3/u0/leon3x0/vhdl/p0/iu/r.m.werr:0
/testbench/cpu/l3/u0/leon3x0/vhdl/p0/iu/r.e.su:1
/testbench/cpu/l3/u0/leon3x0/vhdl/p0/iu/r.e.et:1
/testbench/cpu/l3/u0/leon3x0/vhdl/p0/iu/r.a.ldcheck1:1
/testbench/cpu/l3/u0/leon3x0/vhdl/p0/iu/r.d.stwin:000
/testbench/cpu/l3/u0/leon3x0/vhdl/p0/iu/r.a.ldcheck2:0
/testbench/cpu/l3/u0/leon3x0/vhdl/p0/iu/r.x.intack:0
/testbench/cpu/l3/u0/leon3x0/vhdl/p0/iu/r.m.ctrl:{{01000000000000000000000111100100} {11000010001001111011111111111100} {01} {10000001} {000000} 0 0 0 0 0 0 0 0 0}
/testbench/cpu/l3/u0/leon3x0/vhdl/p0/iu/r.a.cwp:110
/testbench/cpu/l3/u0/leon3x0/vhdl/p0/iu/r.e.sari:0
/testbench/cpu/l3/u0/leon3x0/vhdl/p0/iu/r.d.paw:0
/testbench/cpu/l3/u0/leon3x0/vhdl/p0/iu/r.d.aw:0
/testbench/cpu/l3/u0/leon3x0/vhdl/p0/iu/r.d.awp:000
/testbench/cpu/l3/u0/leon3x0/vhdl/p0/iu/r.x.ctrl:{{01000000000000000000000111100100} {11000010001001111011111111111100} {00} {10000001} {000000} 0 0 0 0 0 0 1 0 0}
/testbench/cpu/l3/u0/leon3x0/vhdl/p0/iu/r.m.rexnalign:0
/testbench/cpu/l3/u0/leon3x0/vhdl/p0/iu/r.m.su:1
/testbench/cpu/l3/u0/leon3x0/vhdl/p0/iu/r.m.wcwp:0
/testbench/cpu/l3/u0/leon3x0/vhdl/p0/iu/r.d.divrdy:0
/testbench/cpu/l3/u0/leon3x0/vhdl/p0/iu/r.e.cwp:110
/testbench/cpu/l3/u0/leon3x0/vhdl/p0/iu/r.w.except:0
/testbench/cpu/l3/u0/leon3x0/vhdl/p0/iu/r.x.nerror:0
/testbench/cpu/l3/u0/leon3x0/vhdl/p0/iu/r.a.bpimiss:0
/testbench/cpu/l3/u0/leon3x0/vhdl/p0/iu/r.a.nobp:0
/testbench/cpu/l3/u0/leon3x0/vhdl/p0/iu/r.d.rexcnt:0
/testbench/cpu/l3/u0/leon3x0/vhdl/p0/iu/r.w.s:{{101} {0000} {00000000} {01000000000000000000} {00000010} {0000} 0 0 1 1 1 {00000000000000000000000000000000} {UUUUUUUUUUUUUUUUUUUUUUUUUUUUUUUU} 1 0 0 1 1 1 0 0 {000} {000} {111}}
/testbench/cpu/l3/u0/leon3x0/vhdl/p0/iu/r.d.pv:1
/testbench/cpu/l3/u0/leon3x0/vhdl/p0/iu/r.a.ldchkra:1
/testbench/cpu/l3/u0/leon3x0/vhdl/p0/iu/r.a.rfa1:10000001
/testbench/cpu/l3/u0/leon3x0/vhdl/p0/iu/r.a.rfa2:10000001
/testbench/cpu/l3/u0/leon3x0/vhdl/p0/iu/r.a.imm:00000000000000000000000000000001
/testbench/cpu/l3/u0/leon3x0/vhdl/p0/iu/r.w.wa:10000001
/testbench/cpu/l3/u0/leon3x0/vhdl/p0/iu/r.m.casaz:0
/testbench/cpu/l3/u0/leon3x0/vhdl/p0/iu/r.x.dci:{0 1 0 0 0 0 {10} {00001011}}
/testbench/cpu/l3/u0/leon3x0/vhdl/p0/iu/r.x.mac:0
/testbench/cpu/l3/u0/leon3x0/vhdl/p0/iu/r.m.divz:0
/testbench/cpu/l3/u0/leon3x0/vhdl/p0/iu/r.d.inst:{{10000010000000000110000000000001}}
/testbench/cpu/l3/u0/leon3x0/vhdl/p0/iu/r.e.rfe1:1
/testbench/cpu/l3/u0/leon3x0/vhdl/p0/iu/r.a.wovf:0
/testbench/cpu/l3/u0/leon3x0/vhdl/p0/iu/r.e.rfe2:0
/testbench/cpu/l3/u0/leon3x0/vhdl/p0/iu/r.e.op1:01000000000011111111111100000000
/testbench/cpu/l3/u0/leon3x0/vhdl/p0/iu/r.m.nalign:1
/testbench/cpu/l3/u0/leon3x0/vhdl/p0/iu/r.e.op2:00000000000000000000000001000100
/testbench/cpu/l3/u0/leon3x0/vhdl/p0/iu/r.d.rexen:0
/testbench/cpu/l3/u0/leon3x0/vhdl/p0/iu/r.a.ctrl:{{01000000000000000000000111101100} {10000010000000000110000000000001} {00} {10000001} {000000} 0 1 0 0 0 0 0 0 0}
/testbench/cpu/l3/u0/leon3x0/vhdl/p0/iu/r.x.ipend:0
/testbench/cpu/l3/u0/leon3x0/vhdl/p0/iu/r.e.ldbp1:0
/testbench/cpu/l3/u0/leon3x0/vhdl/p0/iu/r.e.aluadd:1
/testbench/cpu/l3/u0/leon3x0/vhdl/p0/iu/r.d.set:0
/testbench/cpu/l3/u0/leon3x0/vhdl/p0/iu/r.d.inull:0
/testbench/cpu/l3/u0/leon3x0/vhdl/p0/iu/r.e.ldbp2:0
/testbench/cpu/l3/u0/leon3x0/vhdl/p0/iu/r.d.cnt:00
/testbench/cpu/l3/u0/leon3x0/vhdl/p0/iu/r.a.su:1
/testbench/cpu/l3/u0/leon3x0/vhdl/p0/iu/r.a.et:1
/testbench/cpu/l3/u0/leon3x0/vhdl/p0/iu/r.e.mul:0
/testbench/cpu/l3/u0/leon3x0/vhdl/p0/iu/r.e.alusel:00
/testbench/cpu/l3/u0/leon3x0/vhdl/p0/iu/r.e.aw:U
/testbench/cpu/l3/u0/leon3x0/vhdl/p0/iu/r.e.mac:0
/testbench/cpu/l3/u0/leon3x0/vhdl/p0/iu/r.a.decill:0
/testbench/cpu/l3/u0/leon3x0/vhdl/p0/iu/r.x.icc:0000
/testbench/cpu/l3/u0/leon3x0/vhdl/p0/iu/r.x.result:01000000000011111111111011111100
/testbench/cpu/l3/u0/leon3x0/vhdl/p0/iu/r.e.bp:0
/testbench/cpu/l3/u0/leon3x0/vhdl/p0/iu/r.a.rs1:00001
/testbench/cpu/l3/u0/leon3x0/vhdl/p0/iu/r.e.jmpl:0
/testbench/cpu/l3/u0/leon3x0/vhdl/p0/iu/r.a.rsel1:001
/testbench/cpu/l3/u0/leon3x0/vhdl/p0/iu/r.x.y:00000000000000000000000000000000
/testbench/cpu/l3/u0/leon3x0/vhdl/p0/iu/r.a.rsel2:100
/testbench/cpu/l3/u0/leon3x0/vhdl/p0/iu/r.a.awp:000
/testbench/cpu/l3/u0/leon3x0/vhdl/p0/iu/r.a.paw:0
/testbench/cpu/l3/u0/leon3x0/vhdl/p0/iu/r.x.data:{{00000000000000000000000001110111}}
/testbench/cpu/l3/u0/leon3x0/vhdl/p0/iu/r.m.mul:0
/testbench/cpu/l3/u0/leon3x0/vhdl/p0/iu/r.e.rd:UUUUU
/testbench/cpu/l3/u0/leon3x0/vhdl/p0/iu/r.e.invop2:0
/testbench/cpu/l3/u0/leon3x0/vhdl/p0/iu/r.m.wawp:0
/testbench/cpu/l3/u0/leon3x0/vhdl/p0/iu/r.d.cwpmax:111
/testbench/cpu/l3/u0/leon3x0/vhdl/p0/iu/r.f.branch:0
/testbench/cpu/l3/u0/leon3x0/vhdl/p0/iu/r.d.pcheld:1
/testbench/cpu/l3/u0/leon3x0/vhdl/p0/iu/r.m.dci:{0 0 0 1 0 0 {10} {00001011}}
/testbench/cpu/l3/u0/leon3x0/vhdl/p0/iu/r.e.paw:U
/testbench/cpu/l3/u0/leon3x0/vhdl/p0/iu/r.e.awp:UUU
/testbench/cpu/l3/u0/leon3x0/vhdl/p0/iu/r.e.shcnt:00100
/testbench/cpu/l3/u0/leon3x0/vhdl/p0/iu/r.w.result:00000000000000000000000001000111
/testbench/cpu/l3/u0/leon3x0/vhdl/p0/iu/r.m.mac:0
/testbench/cpu/l3/u0/leon3x0/vhdl/p0/iu/r.m.y:00000000000000000000000000000000
/testbench/cpu/l3/u0/leon3x0/vhdl/p0/iu/r.d.cwp:110
/testbench/cpu/l3/u0/leon3x0/vhdl/p0/iu/r.x.laddr:00
/testbench/cpu/l3/u0/leon3x0/vhdl/p0/iu/r.e.mulstep:0
/testbench/cpu/l3/u0/leon3x0/vhdl/p0/iu/r.e.ymsb:0
/testbench/cpu/l3/u0/leon3x0/vhdl/p0/iu/r.d.rexbuf:00000000000000000000000000000000
/testbench/cpu/l3/u0/leon3x0/vhdl/p0/iu/r.x.npc:100
/testbench/cpu/l3/u0/leon3x0/vhdl/p0/iu/r.f.pc:01000000000000000000000111110000
/testbench/cpu/l3/u0/leon3x0/vhdl/p0/iu/r.d.annul:0
/testbench/cpu/l3/u0/leon3x0/vhdl/p0/iu/r.x.rstate:run
/testbench/cpu/l3/u0/leon3x0/vhdl/p0/iu/r.x.set:0
/testbench/cpu/l3/u0/leon3x0/vhdl/p0/iu/r.m.result:00000000000000000000000001000111
/testbench/cpu/l3/u0/leon3x0/vhdl/p0/iu/r.e.icc:UUUU
/testbench/cpu/l3/u0/leon3x0/vhdl/p0/iu/r.a.getpc:0
/testbench/cpu/l3/u0/leon3x0/vhdl/p0/iu/r.a.ldchkex:1
/testbench/cpu/l3/u0/leon3x0/vhdl/p0/iu/r.x.mexc:0
/testbench/cpu/l3/u0/leon3x0/vhdl/p0/iu/r.a.mulstart:0
/testbench/cpu/l3/u0/leon3x0/vhdl/p0/iu/r.d.rexpos:10
/testbench/cpu/l3/u0/leon3x0/vhdl/p0/iu/r.x.annul_all:0
/testbench/cpu/l3/u0/leon3x0/vhdl/p0/iu/r.e.aluop:000
/testbench/cpu/l3/u0/leon3x0/vhdl/p0/iu/r.x.debug:0
/testbench/cpu/l3/u0/leon3x0/vhdl/p0/iu/r.a.rfe1:0
/testbench/cpu/l3/u0/leon3x0/vhdl/p0/iu/r.d.step:0
/testbench/cpu/l3/u0/leon3x0/vhdl/p0/iu/r.a.rfe2:0
/testbench/cpu/l3/u0/leon3x0/vhdl/p0/iu/r.e.alucin:0
/testbench/cpu/l3/u0/leon3x0/vhdl/p0/iu/r.a.wunf:0
======================================
progstatus: -2
execerr: 72
latent: 1
time limit!
>>>>>>>>>>>>>>> 2737215000
======================================
