Test signal = /testbench/cpu/l3/u0/leon3x0/vhdl/p0/iu/r.d.cwp
oldval = 111
pos1: 2 pos0: -1 posU: -1
newval = 110
Signal value: 111
oldval = 111
pos1: 2 pos0: -1 posU: -1
newval = 110
force in 584373
584315000 >> iteration no: 0
994990000 >> iteration no: 1
1164615000 >> Requesting for the AHB bus...
1165065000 >> Requesting for the AHB bus...
1165515000 >> AHB granted, starting recovery...
1184715000 >> Recovery done, continuing...
1184765000 >> Requesting for the AHB bus...
1185415000 >> Requesting for the AHB bus...
1185815000 >> AHB granted, starting recovery...
1205015000 >> Recovery done, continuing...
1205065000 >> Requesting for the AHB bus...
1205715000 >> Requesting for the AHB bus...
1206115000 >> AHB granted, starting recovery...
1225315000 >> Recovery done, continuing...
1225365000 >> Requesting for the AHB bus...
1226015000 >> Requesting for the AHB bus...
1226415000 >> AHB granted, starting recovery...
1245615000 >> Recovery done, continuing...
1245665000 >> Requesting for the AHB bus...
1246315000 >> Requesting for the AHB bus...
1246715000 >> AHB granted, starting recovery...
1265915000 >> Recovery done, continuing...
1265965000 >> Requesting for the AHB bus...
1266615000 >> Requesting for the AHB bus...
1267015000 >> AHB granted, starting recovery...
1286215000 >> Recovery done, continuing...
1286265000 >> Requesting for the AHB bus...
1286915000 >> Requesting for the AHB bus...
1287315000 >> AHB granted, starting recovery...
1306515000 >> Recovery done, continuing...
1306565000 >> Requesting for the AHB bus...
1307215000 >> Requesting for the AHB bus...
1307615000 >> AHB granted, starting recovery...
1326815000 >> Recovery done, continuing...
1326865000 >> Requesting for the AHB bus...
1327515000 >> Requesting for the AHB bus...
1327915000 >> AHB granted, starting recovery...
1347115000 >> Recovery done, continuing...
1347165000 >> Requesting for the AHB bus...
1347815000 >> Requesting for the AHB bus...
1348215000 >> AHB granted, starting recovery...
1367415000 >> Recovery done, continuing...
1367465000 >> Requesting for the AHB bus...
1368115000 >> Requesting for the AHB bus...
1368515000 >> AHB granted, starting recovery...
1387715000 >> Recovery done, continuing...
1387765000 >> Requesting for the AHB bus...
1388415000 >> Requesting for the AHB bus...
1388815000 >> AHB granted, starting recovery...
1408015000 >> Recovery done, continuing...
1408065000 >> Requesting for the AHB bus...
1408890000 >> Requesting for the AHB bus...
1409290000 >> AHB granted, starting recovery...
1428490000 >> Recovery done, continuing...
1428540000 >> Requesting for the AHB bus...
1429190000 >> Requesting for the AHB bus...
1429590000 >> AHB granted, starting recovery...
1448790000 >> Recovery done, continuing...
1448840000 >> Requesting for the AHB bus...
1449490000 >> Requesting for the AHB bus...
1449890000 >> AHB granted, starting recovery...
1469090000 >> Recovery done, continuing...
1469140000 >> Requesting for the AHB bus...
1469790000 >> Requesting for the AHB bus...
1470190000 >> AHB granted, starting recovery...
1489390000 >> Recovery done, continuing...
1489440000 >> Requesting for the AHB bus...
1490090000 >> Requesting for the AHB bus...
1490490000 >> AHB granted, starting recovery...
1509690000 >> Recovery done, continuing...
1509740000 >> Requesting for the AHB bus...
1510390000 >> Requesting for the AHB bus...
1510790000 >> AHB granted, starting recovery...
1529990000 >> Recovery done, continuing...
1530040000 >> Requesting for the AHB bus...
1530740000 >> Requesting for the AHB bus...
1531140000 >> AHB granted, starting recovery...
1550340000 >> Recovery done, continuing...
1550390000 >> Requesting for the AHB bus...
1551040000 >> Requesting for the AHB bus...
1551440000 >> AHB granted, starting recovery...
1570640000 >> Recovery done, continuing...
1570690000 >> Requesting for the AHB bus...
1571340000 >> Requesting for the AHB bus...
1571740000 >> AHB granted, starting recovery...
1590940000 >> Recovery done, continuing...
1590990000 >> Requesting for the AHB bus...
1591640000 >> Requesting for the AHB bus...
1592040000 >> AHB granted, starting recovery...
1611240000 >> Recovery done, continuing...
1611290000 >> Requesting for the AHB bus...
1611940000 >> Requesting for the AHB bus...
1612340000 >> AHB granted, starting recovery...
1631540000 >> Recovery done, continuing...
1631590000 >> Requesting for the AHB bus...
1632240000 >> Requesting for the AHB bus...
1632640000 >> AHB granted, starting recovery...
1651840000 >> Recovery done, continuing...
1651890000 >> Requesting for the AHB bus...
1652540000 >> Requesting for the AHB bus...
1652940000 >> AHB granted, starting recovery...
1672140000 >> Recovery done, continuing...
1672190000 >> Requesting for the AHB bus...
1672840000 >> Requesting for the AHB bus...
1673240000 >> AHB granted, starting recovery...
1692440000 >> Recovery done, continuing...
1692490000 >> Requesting for the AHB bus...
1693140000 >> Requesting for the AHB bus...
1693540000 >> AHB granted, starting recovery...
1712740000 >> Recovery done, continuing...
1712790000 >> Requesting for the AHB bus...
1713440000 >> Requesting for the AHB bus...
1713840000 >> AHB granted, starting recovery...
1733040000 >> Recovery done, continuing...
1733090000 >> Requesting for the AHB bus...
1733740000 >> Requesting for the AHB bus...
1734140000 >> AHB granted, starting recovery...
1753340000 >> Recovery done, continuing...
1753390000 >> Requesting for the AHB bus...
1754040000 >> Requesting for the AHB bus...
1754440000 >> AHB granted, starting recovery...
1773640000 >> Recovery done, continuing...
1773690000 >> Requesting for the AHB bus...
1774340000 >> Requesting for the AHB bus...
1774740000 >> AHB granted, starting recovery...
1793940000 >> Recovery done, continuing...
1793990000 >> Requesting for the AHB bus...
1794640000 >> Requesting for the AHB bus...
1795040000 >> AHB granted, starting recovery...
1814240000 >> Recovery done, continuing...
1814290000 >> Requesting for the AHB bus...
1814940000 >> Requesting for the AHB bus...
1815340000 >> AHB granted, starting recovery...
1834540000 >> Recovery done, continuing...
1834590000 >> Requesting for the AHB bus...
1835240000 >> Requesting for the AHB bus...
1835640000 >> AHB granted, starting recovery...
1854840000 >> Recovery done, continuing...
1854890000 >> Requesting for the AHB bus...
1855540000 >> Requesting for the AHB bus...
1855940000 >> AHB granted, starting recovery...
1875140000 >> Recovery done, continuing...
1875190000 >> Requesting for the AHB bus...
1876015000 >> Requesting for the AHB bus...
1876415000 >> AHB granted, starting recovery...
1895615000 >> Recovery done, continuing...
1895665000 >> Requesting for the AHB bus...
1896315000 >> Requesting for the AHB bus...
1896715000 >> AHB granted, starting recovery...
1915915000 >> Recovery done, continuing...
1915965000 >> Requesting for the AHB bus...
1916615000 >> Requesting for the AHB bus...
1917015000 >> AHB granted, starting recovery...
1936215000 >> Recovery done, continuing...
1936265000 >> Requesting for the AHB bus...
1936915000 >> Requesting for the AHB bus...
1937315000 >> AHB granted, starting recovery...
1956515000 >> Recovery done, continuing...
1956565000 >> Requesting for the AHB bus...
1957215000 >> Requesting for the AHB bus...
1957615000 >> AHB granted, starting recovery...
1976815000 >> Recovery done, continuing...
1976865000 >> Requesting for the AHB bus...
1977515000 >> Requesting for the AHB bus...
1977915000 >> AHB granted, starting recovery...
1997115000 >> Recovery done, continuing...
1997165000 >> Requesting for the AHB bus...
1997940000 >> Requesting for the AHB bus...
1998340000 >> AHB granted, starting recovery...
2017540000 >> Recovery done, continuing...
2017590000 >> Requesting for the AHB bus...
2018240000 >> Requesting for the AHB bus...
2018640000 >> AHB granted, starting recovery...
2037840000 >> Recovery done, continuing...
2037890000 >> Requesting for the AHB bus...
2038540000 >> Requesting for the AHB bus...
2038940000 >> AHB granted, starting recovery...
2058140000 >> Recovery done, continuing...
2058190000 >> Requesting for the AHB bus...
2058840000 >> Requesting for the AHB bus...
2059240000 >> AHB granted, starting recovery...
2078440000 >> Recovery done, continuing...
2078490000 >> Requesting for the AHB bus...
2079140000 >> Requesting for the AHB bus...
2079540000 >> AHB granted, starting recovery...
2098740000 >> Recovery done, continuing...
2098790000 >> Requesting for the AHB bus...
2099440000 >> Requesting for the AHB bus...
2099840000 >> AHB granted, starting recovery...
2119040000 >> Recovery done, continuing...
2119090000 >> Requesting for the AHB bus...
2119740000 >> Requesting for the AHB bus...
2120140000 >> AHB granted, starting recovery...
2139340000 >> Recovery done, continuing...
2139390000 >> Requesting for the AHB bus...
2140040000 >> Requesting for the AHB bus...
2140440000 >> AHB granted, starting recovery...
2159640000 >> Recovery done, continuing...
2159690000 >> Requesting for the AHB bus...
2160340000 >> Requesting for the AHB bus...
2160740000 >> AHB granted, starting recovery...
2179940000 >> Recovery done, continuing...
2179990000 >> Requesting for the AHB bus...
2180640000 >> Requesting for the AHB bus...
2181040000 >> AHB granted, starting recovery...
2200240000 >> Recovery done, continuing...
2200290000 >> Requesting for the AHB bus...
2200940000 >> Requesting for the AHB bus...
2201340000 >> AHB granted, starting recovery...
2220540000 >> Recovery done, continuing...
2220590000 >> Requesting for the AHB bus...
2221240000 >> Requesting for the AHB bus...
2221640000 >> AHB granted, starting recovery...
2240840000 >> Recovery done, continuing...
2240890000 >> Requesting for the AHB bus...
2241540000 >> Requesting for the AHB bus...
2241940000 >> AHB granted, starting recovery...
2261140000 >> Recovery done, continuing...
2261190000 >> Requesting for the AHB bus...
2261840000 >> Requesting for the AHB bus...
2262240000 >> AHB granted, starting recovery...
2281440000 >> Recovery done, continuing...
2281490000 >> Requesting for the AHB bus...
2282140000 >> Requesting for the AHB bus...
2282540000 >> AHB granted, starting recovery...
2301740000 >> Recovery done, continuing...
2301790000 >> Requesting for the AHB bus...
2302440000 >> Requesting for the AHB bus...
2302840000 >> AHB granted, starting recovery...
2322040000 >> Recovery done, continuing...
2322090000 >> Requesting for the AHB bus...
2322740000 >> Requesting for the AHB bus...
2323140000 >> AHB granted, starting recovery...
2342340000 >> Recovery done, continuing...
2342390000 >> Requesting for the AHB bus...
2343215000 >> Requesting for the AHB bus...
2343615000 >> AHB granted, starting recovery...
2362815000 >> Recovery done, continuing...
2362865000 >> Requesting for the AHB bus...
2363515000 >> Requesting for the AHB bus...
2363915000 >> AHB granted, starting recovery...
2383115000 >> Recovery done, continuing...
2383165000 >> Requesting for the AHB bus...
2383815000 >> Requesting for the AHB bus...
2384215000 >> AHB granted, starting recovery...
2403415000 >> Recovery done, continuing...
2403465000 >> Requesting for the AHB bus...
2404115000 >> Requesting for the AHB bus...
2404515000 >> AHB granted, starting recovery...
2423715000 >> Recovery done, continuing...
2423765000 >> Requesting for the AHB bus...
2424415000 >> Requesting for the AHB bus...
2424815000 >> AHB granted, starting recovery...
2444015000 >> Recovery done, continuing...
2444065000 >> Requesting for the AHB bus...
2444715000 >> Requesting for the AHB bus...
2445115000 >> AHB granted, starting recovery...
2464315000 >> Recovery done, continuing...
2464365000 >> Requesting for the AHB bus...
2465140000 >> Requesting for the AHB bus...
2465540000 >> AHB granted, starting recovery...
2484740000 >> Recovery done, continuing...
2484790000 >> Requesting for the AHB bus...
2485440000 >> Requesting for the AHB bus...
2485840000 >> AHB granted, starting recovery...
2505040000 >> Recovery done, continuing...
2505090000 >> Requesting for the AHB bus...
2505740000 >> Requesting for the AHB bus...
2506140000 >> AHB granted, starting recovery...
2525340000 >> Recovery done, continuing...
2525390000 >> Requesting for the AHB bus...
2526040000 >> Requesting for the AHB bus...
2526440000 >> AHB granted, starting recovery...
2545640000 >> Recovery done, continuing...
2545690000 >> Requesting for the AHB bus...
2546340000 >> Requesting for the AHB bus...
2546740000 >> AHB granted, starting recovery...
2565940000 >> Recovery done, continuing...
2565990000 >> Requesting for the AHB bus...
2566640000 >> Requesting for the AHB bus...
2567040000 >> AHB granted, starting recovery...
2586240000 >> Recovery done, continuing...
2586290000 >> Requesting for the AHB bus...
2586940000 >> Requesting for the AHB bus...
2587340000 >> AHB granted, starting recovery...
2606540000 >> Recovery done, continuing...
2606590000 >> Requesting for the AHB bus...
2607240000 >> Requesting for the AHB bus...
2607640000 >> AHB granted, starting recovery...
2626840000 >> Recovery done, continuing...
2626890000 >> Requesting for the AHB bus...
2627540000 >> Requesting for the AHB bus...
2627940000 >> AHB granted, starting recovery...
2647140000 >> Recovery done, continuing...
2647190000 >> Requesting for the AHB bus...
2647840000 >> Requesting for the AHB bus...
2648240000 >> AHB granted, starting recovery...
2667440000 >> Recovery done, continuing...
2667490000 >> Requesting for the AHB bus...
2668140000 >> Requesting for the AHB bus...
2668540000 >> AHB granted, starting recovery...
2687740000 >> Recovery done, continuing...
2687790000 >> Requesting for the AHB bus...
2688440000 >> Requesting for the AHB bus...
2688840000 >> AHB granted, starting recovery...
2708040000 >> Recovery done, continuing...
2708090000 >> Requesting for the AHB bus...
2708740000 >> Requesting for the AHB bus...
2709140000 >> AHB granted, starting recovery...
2728340000 >> Recovery done, continuing...
2728390000 >> Requesting for the AHB bus...
2729040000 >> Requesting for the AHB bus...
2729440000 >> AHB granted, starting recovery...
2737215000 >> time limit reached...
/testbench/cpu/l3/u0/leon3x0/vhdl/p0/iu/r.w.wreg:1
/testbench/cpu/l3/u0/leon3x0/vhdl/p0/iu/r.m.irqen:1
/testbench/cpu/l3/u0/leon3x0/vhdl/p0/iu/r.m.icc:0000
/testbench/cpu/l3/u0/leon3x0/vhdl/p0/iu/r.a.ticc:0
/testbench/cpu/l3/u0/leon3x0/vhdl/p0/iu/r.a.step:0
/testbench/cpu/l3/u0/leon3x0/vhdl/p0/iu/r.m.irqen2:1
/testbench/cpu/l3/u0/leon3x0/vhdl/p0/iu/r.d.pc:01000000000000000000000111101100
/testbench/cpu/l3/u0/leon3x0/vhdl/p0/iu/r.d.rexpl:{{00000000000000000000000000000000} {00} {0} 0 0 {0000000000000000000} 0 0 0 0 0 0}
/testbench/cpu/l3/u0/leon3x0/vhdl/p0/iu/r.d.mexc:0
/testbench/cpu/l3/u0/leon3x0/vhdl/p0/iu/r.a.aw:0
/testbench/cpu/l3/u0/leon3x0/vhdl/p0/iu/r.e.ctrl:{{01000000000000000000000111101000} {11000010000001111010000001000100} {00} {10000001} {000000} 0 0 1 0 0 1 1 0 0}
/testbench/cpu/l3/u0/leon3x0/vhdl/p0/iu/r.a.divstart:0
/testbench/cpu/l3/u0/leon3x0/vhdl/p0/iu/r.e.shleft:0
/testbench/cpu/l3/u0/leon3x0/vhdl/p0/iu/r.a.bp:0
/testbench/cpu/l3/u0/leon3x0/vhdl/p0/iu/r.w.twcwp:000
/testbench/cpu/l3/u0/leon3x0/vhdl/p0/iu/r.a.jmpl:0
/testbench/cpu/l3/u0/leon3x0/vhdl/p0/iu/r.m.casa:0
/testbench/cpu/l3/u0/leon3x0/vhdl/p0/iu/r.m.werr:0
/testbench/cpu/l3/u0/leon3x0/vhdl/p0/iu/r.e.su:1
/testbench/cpu/l3/u0/leon3x0/vhdl/p0/iu/r.e.et:1
/testbench/cpu/l3/u0/leon3x0/vhdl/p0/iu/r.a.ldcheck1:1
/testbench/cpu/l3/u0/leon3x0/vhdl/p0/iu/r.d.stwin:000
/testbench/cpu/l3/u0/leon3x0/vhdl/p0/iu/r.a.ldcheck2:0
/testbench/cpu/l3/u0/leon3x0/vhdl/p0/iu/r.x.intack:0
/testbench/cpu/l3/u0/leon3x0/vhdl/p0/iu/r.m.ctrl:{{01000000000000000000000111100100} {11000010001001111011111111111100} {01} {10000001} {000000} 0 0 0 0 0 0 0 0 0}
/testbench/cpu/l3/u0/leon3x0/vhdl/p0/iu/r.a.cwp:110
/testbench/cpu/l3/u0/leon3x0/vhdl/p0/iu/r.e.sari:0
/testbench/cpu/l3/u0/leon3x0/vhdl/p0/iu/r.d.paw:0
/testbench/cpu/l3/u0/leon3x0/vhdl/p0/iu/r.d.aw:0
/testbench/cpu/l3/u0/leon3x0/vhdl/p0/iu/r.d.awp:000
/testbench/cpu/l3/u0/leon3x0/vhdl/p0/iu/r.x.ctrl:{{01000000000000000000000111100100} {11000010001001111011111111111100} {00} {10000001} {000000} 0 0 0 0 0 0 1 0 0}
/testbench/cpu/l3/u0/leon3x0/vhdl/p0/iu/r.m.rexnalign:0
/testbench/cpu/l3/u0/leon3x0/vhdl/p0/iu/r.m.su:1
/testbench/cpu/l3/u0/leon3x0/vhdl/p0/iu/r.m.wcwp:0
/testbench/cpu/l3/u0/leon3x0/vhdl/p0/iu/r.d.divrdy:0
/testbench/cpu/l3/u0/leon3x0/vhdl/p0/iu/r.e.cwp:110
/testbench/cpu/l3/u0/leon3x0/vhdl/p0/iu/r.w.except:0
/testbench/cpu/l3/u0/leon3x0/vhdl/p0/iu/r.x.nerror:0
/testbench/cpu/l3/u0/leon3x0/vhdl/p0/iu/r.a.bpimiss:0
/testbench/cpu/l3/u0/leon3x0/vhdl/p0/iu/r.a.nobp:0
/testbench/cpu/l3/u0/leon3x0/vhdl/p0/iu/r.d.rexcnt:0
/testbench/cpu/l3/u0/leon3x0/vhdl/p0/iu/r.w.s:{{101} {0000} {00000000} {01000000000000000000} {00000010} {0000} 0 0 1 1 1 {00000000000000000000000000000000} {UUUUUUUUUUUUUUUUUUUUUUUUUUUUUUUU} 1 0 0 1 1 1 0 0 {000} {000} {111}}
/testbench/cpu/l3/u0/leon3x0/vhdl/p0/iu/r.d.pv:1
/testbench/cpu/l3/u0/leon3x0/vhdl/p0/iu/r.a.ldchkra:1
/testbench/cpu/l3/u0/leon3x0/vhdl/p0/iu/r.a.rfa1:10000001
/testbench/cpu/l3/u0/leon3x0/vhdl/p0/iu/r.a.rfa2:10000001
/testbench/cpu/l3/u0/leon3x0/vhdl/p0/iu/r.a.imm:00000000000000000000000000000001
/testbench/cpu/l3/u0/leon3x0/vhdl/p0/iu/r.w.wa:10000001
/testbench/cpu/l3/u0/leon3x0/vhdl/p0/iu/r.m.casaz:1
/testbench/cpu/l3/u0/leon3x0/vhdl/p0/iu/r.x.dci:{0 1 0 0 0 0 {10} {00001011}}
/testbench/cpu/l3/u0/leon3x0/vhdl/p0/iu/r.x.mac:0
/testbench/cpu/l3/u0/leon3x0/vhdl/p0/iu/r.m.divz:0
/testbench/cpu/l3/u0/leon3x0/vhdl/p0/iu/r.d.inst:{{10000010000000000110000000000001}}
/testbench/cpu/l3/u0/leon3x0/vhdl/p0/iu/r.e.rfe1:1
/testbench/cpu/l3/u0/leon3x0/vhdl/p0/iu/r.a.wovf:0
/testbench/cpu/l3/u0/leon3x0/vhdl/p0/iu/r.e.rfe2:0
/testbench/cpu/l3/u0/leon3x0/vhdl/p0/iu/r.e.op1:01000000000011111111111100000000
/testbench/cpu/l3/u0/leon3x0/vhdl/p0/iu/r.m.nalign:0
/testbench/cpu/l3/u0/leon3x0/vhdl/p0/iu/r.e.op2:00000000000000000000000001000100
/testbench/cpu/l3/u0/leon3x0/vhdl/p0/iu/r.d.rexen:0
/testbench/cpu/l3/u0/leon3x0/vhdl/p0/iu/r.a.ctrl:{{01000000000000000000000111101100} {10000010000000000110000000000001} {00} {10000001} {000000} 0 1 0 0 0 0 0 0 0}
/testbench/cpu/l3/u0/leon3x0/vhdl/p0/iu/r.x.ipend:0
/testbench/cpu/l3/u0/leon3x0/vhdl/p0/iu/r.e.ldbp1:0
/testbench/cpu/l3/u0/leon3x0/vhdl/p0/iu/r.e.aluadd:1
/testbench/cpu/l3/u0/leon3x0/vhdl/p0/iu/r.d.set:0
/testbench/cpu/l3/u0/leon3x0/vhdl/p0/iu/r.d.inull:0
/testbench/cpu/l3/u0/leon3x0/vhdl/p0/iu/r.e.ldbp2:0
/testbench/cpu/l3/u0/leon3x0/vhdl/p0/iu/r.d.cnt:00
/testbench/cpu/l3/u0/leon3x0/vhdl/p0/iu/r.a.su:1
/testbench/cpu/l3/u0/leon3x0/vhdl/p0/iu/r.a.et:1
/testbench/cpu/l3/u0/leon3x0/vhdl/p0/iu/r.e.mul:0
/testbench/cpu/l3/u0/leon3x0/vhdl/p0/iu/r.e.alusel:00
/testbench/cpu/l3/u0/leon3x0/vhdl/p0/iu/r.e.aw:U
/testbench/cpu/l3/u0/leon3x0/vhdl/p0/iu/r.e.mac:0
/testbench/cpu/l3/u0/leon3x0/vhdl/p0/iu/r.a.decill:0
/testbench/cpu/l3/u0/leon3x0/vhdl/p0/iu/r.x.icc:0000
/testbench/cpu/l3/u0/leon3x0/vhdl/p0/iu/r.x.result:01000000000011111111111011111100
/testbench/cpu/l3/u0/leon3x0/vhdl/p0/iu/r.e.bp:0
/testbench/cpu/l3/u0/leon3x0/vhdl/p0/iu/r.a.rs1:00001
/testbench/cpu/l3/u0/leon3x0/vhdl/p0/iu/r.e.jmpl:0
/testbench/cpu/l3/u0/leon3x0/vhdl/p0/iu/r.a.rsel1:001
/testbench/cpu/l3/u0/leon3x0/vhdl/p0/iu/r.x.y:00000000000000000000000000000000
/testbench/cpu/l3/u0/leon3x0/vhdl/p0/iu/r.a.rsel2:100
/testbench/cpu/l3/u0/leon3x0/vhdl/p0/iu/r.a.awp:000
/testbench/cpu/l3/u0/leon3x0/vhdl/p0/iu/r.a.paw:0
/testbench/cpu/l3/u0/leon3x0/vhdl/p0/iu/r.x.data:{{00000000000000000000000001001010}}
/testbench/cpu/l3/u0/leon3x0/vhdl/p0/iu/r.m.mul:0
/testbench/cpu/l3/u0/leon3x0/vhdl/p0/iu/r.e.rd:UUUUU
/testbench/cpu/l3/u0/leon3x0/vhdl/p0/iu/r.e.invop2:0
/testbench/cpu/l3/u0/leon3x0/vhdl/p0/iu/r.m.wawp:0
/testbench/cpu/l3/u0/leon3x0/vhdl/p0/iu/r.d.cwpmax:111
/testbench/cpu/l3/u0/leon3x0/vhdl/p0/iu/r.f.branch:0
/testbench/cpu/l3/u0/leon3x0/vhdl/p0/iu/r.d.pcheld:1
/testbench/cpu/l3/u0/leon3x0/vhdl/p0/iu/r.m.dci:{0 0 0 1 0 0 {10} {00001011}}
/testbench/cpu/l3/u0/leon3x0/vhdl/p0/iu/r.e.paw:U
/testbench/cpu/l3/u0/leon3x0/vhdl/p0/iu/r.e.awp:UUU
/testbench/cpu/l3/u0/leon3x0/vhdl/p0/iu/r.e.shcnt:00100
/testbench/cpu/l3/u0/leon3x0/vhdl/p0/iu/r.w.result:00000000000000000000000000000100
/testbench/cpu/l3/u0/leon3x0/vhdl/p0/iu/r.m.mac:0
/testbench/cpu/l3/u0/leon3x0/vhdl/p0/iu/r.m.y:00000000000000000000000000000000
/testbench/cpu/l3/u0/leon3x0/vhdl/p0/iu/r.d.cwp:110
/testbench/cpu/l3/u0/leon3x0/vhdl/p0/iu/r.x.laddr:00
/testbench/cpu/l3/u0/leon3x0/vhdl/p0/iu/r.e.mulstep:0
/testbench/cpu/l3/u0/leon3x0/vhdl/p0/iu/r.e.ymsb:0
/testbench/cpu/l3/u0/leon3x0/vhdl/p0/iu/r.d.rexbuf:00000000000000000000000000000000
/testbench/cpu/l3/u0/leon3x0/vhdl/p0/iu/r.x.npc:100
/testbench/cpu/l3/u0/leon3x0/vhdl/p0/iu/r.f.pc:01000000000000000000000111110000
/testbench/cpu/l3/u0/leon3x0/vhdl/p0/iu/r.d.annul:0
/testbench/cpu/l3/u0/leon3x0/vhdl/p0/iu/r.x.rstate:run
/testbench/cpu/l3/u0/leon3x0/vhdl/p0/iu/r.x.set:0
/testbench/cpu/l3/u0/leon3x0/vhdl/p0/iu/r.m.result:00000000000000000000000000000100
/testbench/cpu/l3/u0/leon3x0/vhdl/p0/iu/r.e.icc:UUUU
/testbench/cpu/l3/u0/leon3x0/vhdl/p0/iu/r.a.getpc:0
/testbench/cpu/l3/u0/leon3x0/vhdl/p0/iu/r.a.ldchkex:1
/testbench/cpu/l3/u0/leon3x0/vhdl/p0/iu/r.x.mexc:0
/testbench/cpu/l3/u0/leon3x0/vhdl/p0/iu/r.a.mulstart:0
/testbench/cpu/l3/u0/leon3x0/vhdl/p0/iu/r.d.rexpos:10
/testbench/cpu/l3/u0/leon3x0/vhdl/p0/iu/r.x.annul_all:0
/testbench/cpu/l3/u0/leon3x0/vhdl/p0/iu/r.e.aluop:000
/testbench/cpu/l3/u0/leon3x0/vhdl/p0/iu/r.x.debug:0
/testbench/cpu/l3/u0/leon3x0/vhdl/p0/iu/r.a.rfe1:0
/testbench/cpu/l3/u0/leon3x0/vhdl/p0/iu/r.d.step:0
/testbench/cpu/l3/u0/leon3x0/vhdl/p0/iu/r.a.rfe2:0
/testbench/cpu/l3/u0/leon3x0/vhdl/p0/iu/r.e.alucin:0
/testbench/cpu/l3/u0/leon3x0/vhdl/p0/iu/r.a.wunf:0
======================================
progstatus: -2
execerr: 78
latent: 1
time limit!
>>>>>>>>>>>>>>> 2737215000
======================================
