Test signal = /testbench/cpu/l3/u0/leon3x0/vhdl/p0/iu/r.a.wovf
oldval = 0
pos1: -1 pos0: 0 posU: -1
newval = 1
Signal value: 0
oldval = 0
pos1: -1 pos0: 0 posU: -1
newval = 1
force in 127708
584315000 >> iteration no: 0
707665000 >> Requesting for the AHB bus...
708515000 >> AHB granted, starting recovery...
727715000 >> Recovery done, continuing...
727840000 >> Requesting for the AHB bus...
728715000 >> AHB granted, starting recovery...
747915000 >> Recovery done, continuing...
748040000 >> Requesting for the AHB bus...
748915000 >> AHB granted, starting recovery...
768115000 >> Recovery done, continuing...
768240000 >> Requesting for the AHB bus...
769115000 >> AHB granted, starting recovery...
788315000 >> Recovery done, continuing...
788440000 >> Requesting for the AHB bus...
789315000 >> AHB granted, starting recovery...
808515000 >> Recovery done, continuing...
808640000 >> Requesting for the AHB bus...
809515000 >> AHB granted, starting recovery...
828715000 >> Recovery done, continuing...
828840000 >> Requesting for the AHB bus...
829715000 >> AHB granted, starting recovery...
848915000 >> Recovery done, continuing...
849040000 >> Requesting for the AHB bus...
849915000 >> AHB granted, starting recovery...
869115000 >> Recovery done, continuing...
869240000 >> Requesting for the AHB bus...
870115000 >> AHB granted, starting recovery...
889315000 >> Recovery done, continuing...
889440000 >> Requesting for the AHB bus...
890315000 >> AHB granted, starting recovery...
909515000 >> Recovery done, continuing...
909640000 >> Requesting for the AHB bus...
910515000 >> AHB granted, starting recovery...
929715000 >> Recovery done, continuing...
929840000 >> Requesting for the AHB bus...
930715000 >> AHB granted, starting recovery...
949915000 >> Recovery done, continuing...
950040000 >> Requesting for the AHB bus...
950915000 >> AHB granted, starting recovery...
970115000 >> Recovery done, continuing...
970240000 >> Requesting for the AHB bus...
971115000 >> AHB granted, starting recovery...
990315000 >> Recovery done, continuing...
990440000 >> Requesting for the AHB bus...
991315000 >> AHB granted, starting recovery...
1010515000 >> Recovery done, continuing...
1010640000 >> Requesting for the AHB bus...
1011515000 >> AHB granted, starting recovery...
1030715000 >> Recovery done, continuing...
1030840000 >> Requesting for the AHB bus...
1031765000 >> AHB granted, starting recovery...
1050965000 >> Recovery done, continuing...
1051090000 >> Requesting for the AHB bus...
1051965000 >> AHB granted, starting recovery...
1071165000 >> Recovery done, continuing...
1071290000 >> Requesting for the AHB bus...
1072165000 >> AHB granted, starting recovery...
1091365000 >> Recovery done, continuing...
1091490000 >> Requesting for the AHB bus...
1092365000 >> AHB granted, starting recovery...
1111565000 >> Recovery done, continuing...
1111690000 >> Requesting for the AHB bus...
1112565000 >> AHB granted, starting recovery...
1131765000 >> Recovery done, continuing...
1131890000 >> Requesting for the AHB bus...
1132765000 >> AHB granted, starting recovery...
1151965000 >> Recovery done, continuing...
1152090000 >> Requesting for the AHB bus...
1152965000 >> AHB granted, starting recovery...
1172165000 >> Recovery done, continuing...
1172290000 >> Requesting for the AHB bus...
1173165000 >> AHB granted, starting recovery...
1192365000 >> Recovery done, continuing...
1192490000 >> Requesting for the AHB bus...
1193365000 >> AHB granted, starting recovery...
1212565000 >> Recovery done, continuing...
1212690000 >> Requesting for the AHB bus...
1213565000 >> AHB granted, starting recovery...
1232765000 >> Recovery done, continuing...
1232890000 >> Requesting for the AHB bus...
1233765000 >> AHB granted, starting recovery...
1252965000 >> Recovery done, continuing...
1253090000 >> Requesting for the AHB bus...
1253965000 >> AHB granted, starting recovery...
1273165000 >> Recovery done, continuing...
1273290000 >> Requesting for the AHB bus...
1274165000 >> AHB granted, starting recovery...
1293365000 >> Recovery done, continuing...
1293490000 >> Requesting for the AHB bus...
1294365000 >> AHB granted, starting recovery...
1313565000 >> Recovery done, continuing...
1313690000 >> Requesting for the AHB bus...
1314565000 >> AHB granted, starting recovery...
1333765000 >> Recovery done, continuing...
1333890000 >> Requesting for the AHB bus...
1334765000 >> AHB granted, starting recovery...
1353965000 >> Recovery done, continuing...
1354090000 >> Requesting for the AHB bus...
1354965000 >> AHB granted, starting recovery...
1374165000 >> Recovery done, continuing...
1374290000 >> Requesting for the AHB bus...
1375165000 >> AHB granted, starting recovery...
1394365000 >> Recovery done, continuing...
1394490000 >> Requesting for the AHB bus...
1395365000 >> AHB granted, starting recovery...
1414565000 >> Recovery done, continuing...
1414690000 >> Requesting for the AHB bus...
1415565000 >> AHB granted, starting recovery...
1434765000 >> Recovery done, continuing...
1434890000 >> Requesting for the AHB bus...
1435765000 >> AHB granted, starting recovery...
1454965000 >> Recovery done, continuing...
1455090000 >> Requesting for the AHB bus...
1455965000 >> AHB granted, starting recovery...
1475165000 >> Recovery done, continuing...
1475290000 >> Requesting for the AHB bus...
1476165000 >> AHB granted, starting recovery...
1495365000 >> Recovery done, continuing...
1495490000 >> Requesting for the AHB bus...
1496365000 >> AHB granted, starting recovery...
1515565000 >> Recovery done, continuing...
1515690000 >> Requesting for the AHB bus...
1516565000 >> AHB granted, starting recovery...
1535765000 >> Recovery done, continuing...
1535890000 >> Requesting for the AHB bus...
1536765000 >> AHB granted, starting recovery...
1555965000 >> Recovery done, continuing...
1556090000 >> Requesting for the AHB bus...
1556965000 >> AHB granted, starting recovery...
1576165000 >> Recovery done, continuing...
1576290000 >> Requesting for the AHB bus...
1577165000 >> AHB granted, starting recovery...
1596365000 >> Recovery done, continuing...
1596490000 >> Requesting for the AHB bus...
1597365000 >> AHB granted, starting recovery...
1616565000 >> Recovery done, continuing...
1616690000 >> Requesting for the AHB bus...
1617565000 >> AHB granted, starting recovery...
1636765000 >> Recovery done, continuing...
1636890000 >> Requesting for the AHB bus...
1637765000 >> AHB granted, starting recovery...
1656965000 >> Recovery done, continuing...
1657090000 >> Requesting for the AHB bus...
1657965000 >> AHB granted, starting recovery...
1677165000 >> Recovery done, continuing...
1677290000 >> Requesting for the AHB bus...
1678165000 >> AHB granted, starting recovery...
1697365000 >> Recovery done, continuing...
1697490000 >> Requesting for the AHB bus...
1698365000 >> AHB granted, starting recovery...
1717565000 >> Recovery done, continuing...
1717690000 >> Requesting for the AHB bus...
1718565000 >> AHB granted, starting recovery...
1737765000 >> Recovery done, continuing...
1737890000 >> Requesting for the AHB bus...
1738765000 >> AHB granted, starting recovery...
1757965000 >> Recovery done, continuing...
1758090000 >> Requesting for the AHB bus...
1758965000 >> AHB granted, starting recovery...
1778165000 >> Recovery done, continuing...
1778290000 >> Requesting for the AHB bus...
1779165000 >> AHB granted, starting recovery...
1798365000 >> Recovery done, continuing...
1798490000 >> Requesting for the AHB bus...
1799365000 >> AHB granted, starting recovery...
1818565000 >> Recovery done, continuing...
1818690000 >> Requesting for the AHB bus...
1819565000 >> AHB granted, starting recovery...
1838765000 >> Recovery done, continuing...
1838890000 >> Requesting for the AHB bus...
1839765000 >> AHB granted, starting recovery...
1858965000 >> Recovery done, continuing...
1859090000 >> Requesting for the AHB bus...
1859965000 >> AHB granted, starting recovery...
1879165000 >> Recovery done, continuing...
1879290000 >> Requesting for the AHB bus...
1880165000 >> AHB granted, starting recovery...
1899365000 >> Recovery done, continuing...
1899490000 >> Requesting for the AHB bus...
1900365000 >> AHB granted, starting recovery...
1919565000 >> Recovery done, continuing...
1919690000 >> Requesting for the AHB bus...
1920565000 >> AHB granted, starting recovery...
1939765000 >> Recovery done, continuing...
1939890000 >> Requesting for the AHB bus...
1940765000 >> AHB granted, starting recovery...
1959965000 >> Recovery done, continuing...
1960090000 >> Requesting for the AHB bus...
1960965000 >> AHB granted, starting recovery...
1980165000 >> Recovery done, continuing...
1980290000 >> Requesting for the AHB bus...
1981165000 >> AHB granted, starting recovery...
2000365000 >> Recovery done, continuing...
2000490000 >> Requesting for the AHB bus...
2001365000 >> AHB granted, starting recovery...
2020565000 >> Recovery done, continuing...
2020690000 >> Requesting for the AHB bus...
2021565000 >> AHB granted, starting recovery...
2040765000 >> Recovery done, continuing...
2040890000 >> Requesting for the AHB bus...
2041765000 >> AHB granted, starting recovery...
2060965000 >> Recovery done, continuing...
2061090000 >> Requesting for the AHB bus...
2061965000 >> AHB granted, starting recovery...
2081165000 >> Recovery done, continuing...
2081290000 >> Requesting for the AHB bus...
2082165000 >> AHB granted, starting recovery...
2101365000 >> Recovery done, continuing...
2101490000 >> Requesting for the AHB bus...
2102365000 >> AHB granted, starting recovery...
2121565000 >> Recovery done, continuing...
2121690000 >> Requesting for the AHB bus...
2122565000 >> AHB granted, starting recovery...
2141765000 >> Recovery done, continuing...
2141890000 >> Requesting for the AHB bus...
2142765000 >> AHB granted, starting recovery...
2161965000 >> Recovery done, continuing...
2162090000 >> Requesting for the AHB bus...
2162965000 >> AHB granted, starting recovery...
2182165000 >> Recovery done, continuing...
2182290000 >> Requesting for the AHB bus...
2183165000 >> AHB granted, starting recovery...
2202365000 >> Recovery done, continuing...
2202490000 >> Requesting for the AHB bus...
2203365000 >> AHB granted, starting recovery...
2222565000 >> Recovery done, continuing...
2222690000 >> Requesting for the AHB bus...
2223565000 >> AHB granted, starting recovery...
2242765000 >> Recovery done, continuing...
2242890000 >> Requesting for the AHB bus...
2243765000 >> AHB granted, starting recovery...
2262965000 >> Recovery done, continuing...
2263090000 >> Requesting for the AHB bus...
2263965000 >> AHB granted, starting recovery...
2283165000 >> Recovery done, continuing...
2283290000 >> Requesting for the AHB bus...
2284165000 >> AHB granted, starting recovery...
2303365000 >> Recovery done, continuing...
2303490000 >> Requesting for the AHB bus...
2304365000 >> AHB granted, starting recovery...
2323565000 >> Recovery done, continuing...
2323690000 >> Requesting for the AHB bus...
2324565000 >> AHB granted, starting recovery...
2343765000 >> Recovery done, continuing...
2343890000 >> Requesting for the AHB bus...
2344765000 >> AHB granted, starting recovery...
2363965000 >> Recovery done, continuing...
2364090000 >> Requesting for the AHB bus...
2364965000 >> AHB granted, starting recovery...
2384165000 >> Recovery done, continuing...
2384290000 >> Requesting for the AHB bus...
2385165000 >> AHB granted, starting recovery...
2404365000 >> Recovery done, continuing...
2404490000 >> Requesting for the AHB bus...
2405365000 >> AHB granted, starting recovery...
2424565000 >> Recovery done, continuing...
2424690000 >> Requesting for the AHB bus...
2425565000 >> AHB granted, starting recovery...
2444765000 >> Recovery done, continuing...
2444890000 >> Requesting for the AHB bus...
2445765000 >> AHB granted, starting recovery...
2464965000 >> Recovery done, continuing...
2465090000 >> Requesting for the AHB bus...
2465965000 >> AHB granted, starting recovery...
2485165000 >> Recovery done, continuing...
2485290000 >> Requesting for the AHB bus...
2486165000 >> AHB granted, starting recovery...
2505365000 >> Recovery done, continuing...
2505490000 >> Requesting for the AHB bus...
2506365000 >> AHB granted, starting recovery...
2525565000 >> Recovery done, continuing...
2525690000 >> Requesting for the AHB bus...
2526565000 >> AHB granted, starting recovery...
2545765000 >> Recovery done, continuing...
2545890000 >> Requesting for the AHB bus...
2546765000 >> AHB granted, starting recovery...
2565965000 >> Recovery done, continuing...
2566090000 >> Requesting for the AHB bus...
2566965000 >> AHB granted, starting recovery...
2586165000 >> Recovery done, continuing...
2586290000 >> Requesting for the AHB bus...
2587165000 >> AHB granted, starting recovery...
2606365000 >> Recovery done, continuing...
2606490000 >> Requesting for the AHB bus...
2607365000 >> AHB granted, starting recovery...
2626565000 >> Recovery done, continuing...
2626690000 >> Requesting for the AHB bus...
2627565000 >> AHB granted, starting recovery...
2646765000 >> Recovery done, continuing...
2646890000 >> Requesting for the AHB bus...
2647765000 >> AHB granted, starting recovery...
2666965000 >> Recovery done, continuing...
2667090000 >> Requesting for the AHB bus...
2667965000 >> AHB granted, starting recovery...
2687165000 >> Recovery done, continuing...
2687290000 >> Requesting for the AHB bus...
2688165000 >> AHB granted, starting recovery...
2707365000 >> Recovery done, continuing...
2707490000 >> Requesting for the AHB bus...
2708365000 >> AHB granted, starting recovery...
2727565000 >> Recovery done, continuing...
2727690000 >> Requesting for the AHB bus...
2728565000 >> AHB granted, starting recovery...
2737215000 >> time limit reached...
/testbench/cpu/l3/u0/leon3x0/vhdl/p0/iu/r.w.wreg:1
/testbench/cpu/l3/u0/leon3x0/vhdl/p0/iu/r.m.irqen:1
/testbench/cpu/l3/u0/leon3x0/vhdl/p0/iu/r.m.icc:0000
/testbench/cpu/l3/u0/leon3x0/vhdl/p0/iu/r.a.ticc:0
/testbench/cpu/l3/u0/leon3x0/vhdl/p0/iu/r.a.step:0
/testbench/cpu/l3/u0/leon3x0/vhdl/p0/iu/r.m.irqen2:1
/testbench/cpu/l3/u0/leon3x0/vhdl/p0/iu/r.d.pc:01000000000000000000000111111000
/testbench/cpu/l3/u0/leon3x0/vhdl/p0/iu/r.d.rexpl:{{00000000000000000000000000000000} {00} {0} 0 0 {0000000000000000000} 0 0 0 0 0 0}
/testbench/cpu/l3/u0/leon3x0/vhdl/p0/iu/r.d.mexc:0
/testbench/cpu/l3/u0/leon3x0/vhdl/p0/iu/r.a.aw:0
/testbench/cpu/l3/u0/leon3x0/vhdl/p0/iu/r.e.ctrl:{{01000000000000000000000111110100} {11000010000001111010000001000100} {00} {10000001} {000000} 0 0 1 0 0 1 1 0 0}
/testbench/cpu/l3/u0/leon3x0/vhdl/p0/iu/r.a.divstart:0
/testbench/cpu/l3/u0/leon3x0/vhdl/p0/iu/r.e.shleft:0
/testbench/cpu/l3/u0/leon3x0/vhdl/p0/iu/r.a.bp:0
/testbench/cpu/l3/u0/leon3x0/vhdl/p0/iu/r.w.twcwp:000
/testbench/cpu/l3/u0/leon3x0/vhdl/p0/iu/r.a.jmpl:0
/testbench/cpu/l3/u0/leon3x0/vhdl/p0/iu/r.m.casa:0
/testbench/cpu/l3/u0/leon3x0/vhdl/p0/iu/r.m.werr:0
/testbench/cpu/l3/u0/leon3x0/vhdl/p0/iu/r.e.su:1
/testbench/cpu/l3/u0/leon3x0/vhdl/p0/iu/r.e.et:1
/testbench/cpu/l3/u0/leon3x0/vhdl/p0/iu/r.a.ldcheck1:1
/testbench/cpu/l3/u0/leon3x0/vhdl/p0/iu/r.d.stwin:000
/testbench/cpu/l3/u0/leon3x0/vhdl/p0/iu/r.a.ldcheck2:1
/testbench/cpu/l3/u0/leon3x0/vhdl/p0/iu/r.x.intack:0
/testbench/cpu/l3/u0/leon3x0/vhdl/p0/iu/r.m.ctrl:{{01000000000000000000000111110000} {11000010001001111010000001000100} {01} {10000001} {000101} 1 0 0 0 0 0 0 0 0}
/testbench/cpu/l3/u0/leon3x0/vhdl/p0/iu/r.a.cwp:101
/testbench/cpu/l3/u0/leon3x0/vhdl/p0/iu/r.e.sari:0
/testbench/cpu/l3/u0/leon3x0/vhdl/p0/iu/r.d.paw:0
/testbench/cpu/l3/u0/leon3x0/vhdl/p0/iu/r.d.aw:0
/testbench/cpu/l3/u0/leon3x0/vhdl/p0/iu/r.d.awp:000
/testbench/cpu/l3/u0/leon3x0/vhdl/p0/iu/r.x.ctrl:{{01000000000000000000000111110000} {11000010001001111010000001000100} {00} {10000001} {000000} 0 0 0 0 0 0 1 0 0}
/testbench/cpu/l3/u0/leon3x0/vhdl/p0/iu/r.m.rexnalign:0
/testbench/cpu/l3/u0/leon3x0/vhdl/p0/iu/r.m.su:1
/testbench/cpu/l3/u0/leon3x0/vhdl/p0/iu/r.m.wcwp:0
/testbench/cpu/l3/u0/leon3x0/vhdl/p0/iu/r.d.divrdy:0
/testbench/cpu/l3/u0/leon3x0/vhdl/p0/iu/r.e.cwp:101
/testbench/cpu/l3/u0/leon3x0/vhdl/p0/iu/r.w.except:0
/testbench/cpu/l3/u0/leon3x0/vhdl/p0/iu/r.x.nerror:0
/testbench/cpu/l3/u0/leon3x0/vhdl/p0/iu/r.a.bpimiss:0
/testbench/cpu/l3/u0/leon3x0/vhdl/p0/iu/r.a.nobp:0
/testbench/cpu/l3/u0/leon3x0/vhdl/p0/iu/r.d.rexcnt:0
/testbench/cpu/l3/u0/leon3x0/vhdl/p0/iu/r.w.s:{{101} {0000} {00000000} {01000000000000000000} {00000010} {0000} 0 0 1 1 1 {00000000000000000000000000000000} {UUUUUUUUUUUUUUUUUUUUUUUUUUUUUUUU} 1 0 0 1 1 1 0 0 {000} {000} {111}}
/testbench/cpu/l3/u0/leon3x0/vhdl/p0/iu/r.d.pv:1
/testbench/cpu/l3/u0/leon3x0/vhdl/p0/iu/r.a.ldchkra:1
/testbench/cpu/l3/u0/leon3x0/vhdl/p0/iu/r.a.rfa1:10000001
/testbench/cpu/l3/u0/leon3x0/vhdl/p0/iu/r.a.rfa2:10000000
/testbench/cpu/l3/u0/leon3x0/vhdl/p0/iu/r.a.imm:00000000000000000000000000000000
/testbench/cpu/l3/u0/leon3x0/vhdl/p0/iu/r.w.wa:10000001
/testbench/cpu/l3/u0/leon3x0/vhdl/p0/iu/r.m.casaz:0
/testbench/cpu/l3/u0/leon3x0/vhdl/p0/iu/r.x.dci:{0 1 0 0 0 0 {10} {00001011}}
/testbench/cpu/l3/u0/leon3x0/vhdl/p0/iu/r.x.mac:0
/testbench/cpu/l3/u0/leon3x0/vhdl/p0/iu/r.m.divz:0
/testbench/cpu/l3/u0/leon3x0/vhdl/p0/iu/r.d.inst:{{11000010000010000100000000000000}}
/testbench/cpu/l3/u0/leon3x0/vhdl/p0/iu/r.e.rfe1:1
/testbench/cpu/l3/u0/leon3x0/vhdl/p0/iu/r.a.wovf:0
/testbench/cpu/l3/u0/leon3x0/vhdl/p0/iu/r.e.rfe2:0
/testbench/cpu/l3/u0/leon3x0/vhdl/p0/iu/r.e.op1:01000000000011111111111010011000
/testbench/cpu/l3/u0/leon3x0/vhdl/p0/iu/r.m.nalign:0
/testbench/cpu/l3/u0/leon3x0/vhdl/p0/iu/r.e.op2:00000000000000000000000001000100
/testbench/cpu/l3/u0/leon3x0/vhdl/p0/iu/r.d.rexen:0
/testbench/cpu/l3/u0/leon3x0/vhdl/p0/iu/r.a.ctrl:{{01000000000000000000000111111000} {11000010000010000100000000000000} {00} {10000001} {000000} 0 1 0 0 0 1 0 0 0}
/testbench/cpu/l3/u0/leon3x0/vhdl/p0/iu/r.x.ipend:0
/testbench/cpu/l3/u0/leon3x0/vhdl/p0/iu/r.e.ldbp1:0
/testbench/cpu/l3/u0/leon3x0/vhdl/p0/iu/r.e.aluadd:1
/testbench/cpu/l3/u0/leon3x0/vhdl/p0/iu/r.d.set:0
/testbench/cpu/l3/u0/leon3x0/vhdl/p0/iu/r.d.inull:0
/testbench/cpu/l3/u0/leon3x0/vhdl/p0/iu/r.e.ldbp2:0
/testbench/cpu/l3/u0/leon3x0/vhdl/p0/iu/r.d.cnt:00
/testbench/cpu/l3/u0/leon3x0/vhdl/p0/iu/r.a.su:1
/testbench/cpu/l3/u0/leon3x0/vhdl/p0/iu/r.a.et:1
/testbench/cpu/l3/u0/leon3x0/vhdl/p0/iu/r.e.mul:0
/testbench/cpu/l3/u0/leon3x0/vhdl/p0/iu/r.e.alusel:00
/testbench/cpu/l3/u0/leon3x0/vhdl/p0/iu/r.e.aw:U
/testbench/cpu/l3/u0/leon3x0/vhdl/p0/iu/r.e.mac:0
/testbench/cpu/l3/u0/leon3x0/vhdl/p0/iu/r.a.decill:0
/testbench/cpu/l3/u0/leon3x0/vhdl/p0/iu/r.x.icc:0000
/testbench/cpu/l3/u0/leon3x0/vhdl/p0/iu/r.x.result:01000000000011111111111011011100
/testbench/cpu/l3/u0/leon3x0/vhdl/p0/iu/r.e.bp:0
/testbench/cpu/l3/u0/leon3x0/vhdl/p0/iu/r.a.rs1:00001
/testbench/cpu/l3/u0/leon3x0/vhdl/p0/iu/r.e.jmpl:0
/testbench/cpu/l3/u0/leon3x0/vhdl/p0/iu/r.a.rsel1:001
/testbench/cpu/l3/u0/leon3x0/vhdl/p0/iu/r.x.y:00000000000000000000000000000000
/testbench/cpu/l3/u0/leon3x0/vhdl/p0/iu/r.a.rsel2:101
/testbench/cpu/l3/u0/leon3x0/vhdl/p0/iu/r.a.awp:000
/testbench/cpu/l3/u0/leon3x0/vhdl/p0/iu/r.a.paw:0
/testbench/cpu/l3/u0/leon3x0/vhdl/p0/iu/r.x.data:{{01000000000000000001001000110011}}
/testbench/cpu/l3/u0/leon3x0/vhdl/p0/iu/r.m.mul:0
/testbench/cpu/l3/u0/leon3x0/vhdl/p0/iu/r.e.rd:UUUUU
/testbench/cpu/l3/u0/leon3x0/vhdl/p0/iu/r.e.invop2:0
/testbench/cpu/l3/u0/leon3x0/vhdl/p0/iu/r.m.wawp:0
/testbench/cpu/l3/u0/leon3x0/vhdl/p0/iu/r.d.cwpmax:111
/testbench/cpu/l3/u0/leon3x0/vhdl/p0/iu/r.f.branch:0
/testbench/cpu/l3/u0/leon3x0/vhdl/p0/iu/r.d.pcheld:1
/testbench/cpu/l3/u0/leon3x0/vhdl/p0/iu/r.m.dci:{0 0 0 0 0 0 {10} {00001011}}
/testbench/cpu/l3/u0/leon3x0/vhdl/p0/iu/r.e.paw:U
/testbench/cpu/l3/u0/leon3x0/vhdl/p0/iu/r.e.awp:UUU
/testbench/cpu/l3/u0/leon3x0/vhdl/p0/iu/r.e.shcnt:00100
/testbench/cpu/l3/u0/leon3x0/vhdl/p0/iu/r.w.result:01000000000000000001001000110100
/testbench/cpu/l3/u0/leon3x0/vhdl/p0/iu/r.m.mac:0
/testbench/cpu/l3/u0/leon3x0/vhdl/p0/iu/r.m.y:00000000000000000000000000000000
/testbench/cpu/l3/u0/leon3x0/vhdl/p0/iu/r.d.cwp:101
/testbench/cpu/l3/u0/leon3x0/vhdl/p0/iu/r.x.laddr:00
/testbench/cpu/l3/u0/leon3x0/vhdl/p0/iu/r.e.mulstep:0
/testbench/cpu/l3/u0/leon3x0/vhdl/p0/iu/r.e.ymsb:0
/testbench/cpu/l3/u0/leon3x0/vhdl/p0/iu/r.d.rexbuf:00000000000000000000000000000000
/testbench/cpu/l3/u0/leon3x0/vhdl/p0/iu/r.x.npc:100
/testbench/cpu/l3/u0/leon3x0/vhdl/p0/iu/r.f.pc:01000000000000000000000111111100
/testbench/cpu/l3/u0/leon3x0/vhdl/p0/iu/r.d.annul:0
/testbench/cpu/l3/u0/leon3x0/vhdl/p0/iu/r.x.rstate:run
/testbench/cpu/l3/u0/leon3x0/vhdl/p0/iu/r.x.set:0
/testbench/cpu/l3/u0/leon3x0/vhdl/p0/iu/r.m.result:01000000000000000001001000110100
/testbench/cpu/l3/u0/leon3x0/vhdl/p0/iu/r.e.icc:UUUU
/testbench/cpu/l3/u0/leon3x0/vhdl/p0/iu/r.a.getpc:0
/testbench/cpu/l3/u0/leon3x0/vhdl/p0/iu/r.a.ldchkex:1
/testbench/cpu/l3/u0/leon3x0/vhdl/p0/iu/r.x.mexc:0
/testbench/cpu/l3/u0/leon3x0/vhdl/p0/iu/r.a.mulstart:0
/testbench/cpu/l3/u0/leon3x0/vhdl/p0/iu/r.d.rexpos:10
/testbench/cpu/l3/u0/leon3x0/vhdl/p0/iu/r.x.annul_all:0
/testbench/cpu/l3/u0/leon3x0/vhdl/p0/iu/r.e.aluop:000
/testbench/cpu/l3/u0/leon3x0/vhdl/p0/iu/r.x.debug:0
/testbench/cpu/l3/u0/leon3x0/vhdl/p0/iu/r.a.rfe1:0
/testbench/cpu/l3/u0/leon3x0/vhdl/p0/iu/r.d.step:0
/testbench/cpu/l3/u0/leon3x0/vhdl/p0/iu/r.a.rfe2:0
/testbench/cpu/l3/u0/leon3x0/vhdl/p0/iu/r.e.alucin:0
/testbench/cpu/l3/u0/leon3x0/vhdl/p0/iu/r.a.wunf:0
======================================
progstatus: -2
execerr: 101
latent: 1
time limit!
>>>>>>>>>>>>>>> 2737215000
======================================
