Test signal = /testbench/cpu/l3/u0/leon3x0/vhdl/p0/iu/r.a.wovf
oldval = 0
pos1: -1 pos0: 0 posU: -1
newval = 1
Signal value: 0
oldval = 0
pos1: -1 pos0: 0 posU: -1
newval = 1
force in 1293252
584315000 >> iteration no: 0
994990000 >> iteration no: 1
1405665000 >> iteration no: 2
1816315000 >> iteration no: 3
1873315000 >> Requesting for the AHB bus...
1874165000 >> AHB granted, starting recovery...
1893365000 >> Recovery done, continuing...
1893490000 >> Requesting for the AHB bus...
1894365000 >> AHB granted, starting recovery...
1913565000 >> Recovery done, continuing...
1913690000 >> Requesting for the AHB bus...
1914565000 >> AHB granted, starting recovery...
1933765000 >> Recovery done, continuing...
1933890000 >> Requesting for the AHB bus...
1934765000 >> AHB granted, starting recovery...
1953965000 >> Recovery done, continuing...
1954090000 >> Requesting for the AHB bus...
1954965000 >> AHB granted, starting recovery...
1974165000 >> Recovery done, continuing...
1974290000 >> Requesting for the AHB bus...
1975165000 >> AHB granted, starting recovery...
1994365000 >> Recovery done, continuing...
1994490000 >> Requesting for the AHB bus...
1995365000 >> AHB granted, starting recovery...
2014565000 >> Recovery done, continuing...
2014690000 >> Requesting for the AHB bus...
2015565000 >> AHB granted, starting recovery...
2034765000 >> Recovery done, continuing...
2034890000 >> Requesting for the AHB bus...
2035765000 >> AHB granted, starting recovery...
2054965000 >> Recovery done, continuing...
2055090000 >> Requesting for the AHB bus...
2055965000 >> AHB granted, starting recovery...
2075165000 >> Recovery done, continuing...
2075290000 >> Requesting for the AHB bus...
2076165000 >> AHB granted, starting recovery...
2095365000 >> Recovery done, continuing...
2095490000 >> Requesting for the AHB bus...
2096365000 >> AHB granted, starting recovery...
2115565000 >> Recovery done, continuing...
2115690000 >> Requesting for the AHB bus...
2116565000 >> AHB granted, starting recovery...
2135765000 >> Recovery done, continuing...
2135890000 >> Requesting for the AHB bus...
2136765000 >> AHB granted, starting recovery...
2155965000 >> Recovery done, continuing...
2156090000 >> Requesting for the AHB bus...
2156965000 >> AHB granted, starting recovery...
2176165000 >> Recovery done, continuing...
2176290000 >> Requesting for the AHB bus...
2177165000 >> AHB granted, starting recovery...
2196365000 >> Recovery done, continuing...
2196490000 >> Requesting for the AHB bus...
2197365000 >> AHB granted, starting recovery...
2216565000 >> Recovery done, continuing...
2216690000 >> Requesting for the AHB bus...
2217565000 >> AHB granted, starting recovery...
2236765000 >> Recovery done, continuing...
2236890000 >> Requesting for the AHB bus...
2237765000 >> AHB granted, starting recovery...
2256965000 >> Recovery done, continuing...
2257090000 >> Requesting for the AHB bus...
2257965000 >> AHB granted, starting recovery...
2277165000 >> Recovery done, continuing...
2277290000 >> Requesting for the AHB bus...
2278165000 >> AHB granted, starting recovery...
2297365000 >> Recovery done, continuing...
2297490000 >> Requesting for the AHB bus...
2298365000 >> AHB granted, starting recovery...
2317565000 >> Recovery done, continuing...
2317690000 >> Requesting for the AHB bus...
2318565000 >> AHB granted, starting recovery...
2337765000 >> Recovery done, continuing...
2337890000 >> Requesting for the AHB bus...
2338765000 >> AHB granted, starting recovery...
2357965000 >> Recovery done, continuing...
2358090000 >> Requesting for the AHB bus...
2358965000 >> AHB granted, starting recovery...
2378165000 >> Recovery done, continuing...
2378290000 >> Requesting for the AHB bus...
2379165000 >> AHB granted, starting recovery...
2398365000 >> Recovery done, continuing...
2398490000 >> Requesting for the AHB bus...
2399365000 >> AHB granted, starting recovery...
2418565000 >> Recovery done, continuing...
2418690000 >> Requesting for the AHB bus...
2419565000 >> AHB granted, starting recovery...
2438765000 >> Recovery done, continuing...
2438890000 >> Requesting for the AHB bus...
2439765000 >> AHB granted, starting recovery...
2458965000 >> Recovery done, continuing...
2459090000 >> Requesting for the AHB bus...
2459965000 >> AHB granted, starting recovery...
2479165000 >> Recovery done, continuing...
2479290000 >> Requesting for the AHB bus...
2480165000 >> AHB granted, starting recovery...
2499365000 >> Recovery done, continuing...
2499490000 >> Requesting for the AHB bus...
2500365000 >> AHB granted, starting recovery...
2519565000 >> Recovery done, continuing...
2519690000 >> Requesting for the AHB bus...
2520565000 >> AHB granted, starting recovery...
2539765000 >> Recovery done, continuing...
2539890000 >> Requesting for the AHB bus...
2540765000 >> AHB granted, starting recovery...
2559965000 >> Recovery done, continuing...
2560090000 >> Requesting for the AHB bus...
2560965000 >> AHB granted, starting recovery...
2580165000 >> Recovery done, continuing...
2580290000 >> Requesting for the AHB bus...
2581165000 >> AHB granted, starting recovery...
2600365000 >> Recovery done, continuing...
2600490000 >> Requesting for the AHB bus...
2601365000 >> AHB granted, starting recovery...
2620565000 >> Recovery done, continuing...
2620690000 >> Requesting for the AHB bus...
2621565000 >> AHB granted, starting recovery...
2640765000 >> Recovery done, continuing...
2640890000 >> Requesting for the AHB bus...
2641765000 >> AHB granted, starting recovery...
2660965000 >> Recovery done, continuing...
2661090000 >> Requesting for the AHB bus...
2661965000 >> AHB granted, starting recovery...
2681165000 >> Recovery done, continuing...
2681290000 >> Requesting for the AHB bus...
2682165000 >> AHB granted, starting recovery...
2701365000 >> Recovery done, continuing...
2701490000 >> Requesting for the AHB bus...
2702365000 >> AHB granted, starting recovery...
2721565000 >> Recovery done, continuing...
2721690000 >> Requesting for the AHB bus...
2722565000 >> AHB granted, starting recovery...
2737215000 >> time limit reached...
/testbench/cpu/l3/u0/leon3x0/vhdl/p0/iu/r.w.wreg:1
/testbench/cpu/l3/u0/leon3x0/vhdl/p0/iu/r.m.irqen:1
/testbench/cpu/l3/u0/leon3x0/vhdl/p0/iu/r.m.icc:0000
/testbench/cpu/l3/u0/leon3x0/vhdl/p0/iu/r.a.ticc:0
/testbench/cpu/l3/u0/leon3x0/vhdl/p0/iu/r.a.step:0
/testbench/cpu/l3/u0/leon3x0/vhdl/p0/iu/r.m.irqen2:1
/testbench/cpu/l3/u0/leon3x0/vhdl/p0/iu/r.d.pc:01000000000000000000000111111000
/testbench/cpu/l3/u0/leon3x0/vhdl/p0/iu/r.d.rexpl:{{00000000000000000000000000000000} {00} {0} 0 0 {0000000000000000000} 0 0 0 0 0 0}
/testbench/cpu/l3/u0/leon3x0/vhdl/p0/iu/r.d.mexc:0
/testbench/cpu/l3/u0/leon3x0/vhdl/p0/iu/r.a.aw:0
/testbench/cpu/l3/u0/leon3x0/vhdl/p0/iu/r.e.ctrl:{{01000000000000000000000111110100} {11000010000001111010000001000100} {00} {10000001} {000000} 0 0 1 0 0 1 1 0 0}
/testbench/cpu/l3/u0/leon3x0/vhdl/p0/iu/r.a.divstart:0
/testbench/cpu/l3/u0/leon3x0/vhdl/p0/iu/r.e.shleft:0
/testbench/cpu/l3/u0/leon3x0/vhdl/p0/iu/r.a.bp:0
/testbench/cpu/l3/u0/leon3x0/vhdl/p0/iu/r.w.twcwp:000
/testbench/cpu/l3/u0/leon3x0/vhdl/p0/iu/r.a.jmpl:0
/testbench/cpu/l3/u0/leon3x0/vhdl/p0/iu/r.m.casa:0
/testbench/cpu/l3/u0/leon3x0/vhdl/p0/iu/r.m.werr:0
/testbench/cpu/l3/u0/leon3x0/vhdl/p0/iu/r.e.su:1
/testbench/cpu/l3/u0/leon3x0/vhdl/p0/iu/r.e.et:1
/testbench/cpu/l3/u0/leon3x0/vhdl/p0/iu/r.a.ldcheck1:1
/testbench/cpu/l3/u0/leon3x0/vhdl/p0/iu/r.d.stwin:000
/testbench/cpu/l3/u0/leon3x0/vhdl/p0/iu/r.a.ldcheck2:1
/testbench/cpu/l3/u0/leon3x0/vhdl/p0/iu/r.x.intack:0
/testbench/cpu/l3/u0/leon3x0/vhdl/p0/iu/r.m.ctrl:{{01000000000000000000000111110000} {11000010001001111010000001000100} {01} {10000001} {000101} 1 0 0 0 0 0 0 0 0}
/testbench/cpu/l3/u0/leon3x0/vhdl/p0/iu/r.a.cwp:101
/testbench/cpu/l3/u0/leon3x0/vhdl/p0/iu/r.e.sari:0
/testbench/cpu/l3/u0/leon3x0/vhdl/p0/iu/r.d.paw:0
/testbench/cpu/l3/u0/leon3x0/vhdl/p0/iu/r.d.aw:0
/testbench/cpu/l3/u0/leon3x0/vhdl/p0/iu/r.d.awp:000
/testbench/cpu/l3/u0/leon3x0/vhdl/p0/iu/r.x.ctrl:{{01000000000000000000000111110000} {11000010001001111010000001000100} {00} {10000001} {000000} 0 0 0 0 0 0 1 0 0}
/testbench/cpu/l3/u0/leon3x0/vhdl/p0/iu/r.m.rexnalign:0
/testbench/cpu/l3/u0/leon3x0/vhdl/p0/iu/r.m.su:1
/testbench/cpu/l3/u0/leon3x0/vhdl/p0/iu/r.m.wcwp:0
/testbench/cpu/l3/u0/leon3x0/vhdl/p0/iu/r.d.divrdy:0
/testbench/cpu/l3/u0/leon3x0/vhdl/p0/iu/r.e.cwp:101
/testbench/cpu/l3/u0/leon3x0/vhdl/p0/iu/r.w.except:0
/testbench/cpu/l3/u0/leon3x0/vhdl/p0/iu/r.x.nerror:0
/testbench/cpu/l3/u0/leon3x0/vhdl/p0/iu/r.a.bpimiss:0
/testbench/cpu/l3/u0/leon3x0/vhdl/p0/iu/r.a.nobp:0
/testbench/cpu/l3/u0/leon3x0/vhdl/p0/iu/r.d.rexcnt:0
/testbench/cpu/l3/u0/leon3x0/vhdl/p0/iu/r.w.s:{{101} {0000} {00000000} {01000000000000000000} {00000010} {0000} 0 0 1 1 1 {00000000000000000000000000000000} {UUUUUUUUUUUUUUUUUUUUUUUUUUUUUUUU} 1 0 0 1 1 1 0 0 {000} {000} {111}}
/testbench/cpu/l3/u0/leon3x0/vhdl/p0/iu/r.d.pv:1
/testbench/cpu/l3/u0/leon3x0/vhdl/p0/iu/r.a.ldchkra:1
/testbench/cpu/l3/u0/leon3x0/vhdl/p0/iu/r.a.rfa1:10000001
/testbench/cpu/l3/u0/leon3x0/vhdl/p0/iu/r.a.rfa2:10000000
/testbench/cpu/l3/u0/leon3x0/vhdl/p0/iu/r.a.imm:00000000000000000000000000000000
/testbench/cpu/l3/u0/leon3x0/vhdl/p0/iu/r.w.wa:10000001
/testbench/cpu/l3/u0/leon3x0/vhdl/p0/iu/r.m.casaz:0
/testbench/cpu/l3/u0/leon3x0/vhdl/p0/iu/r.x.dci:{0 1 0 0 0 0 {10} {00001011}}
/testbench/cpu/l3/u0/leon3x0/vhdl/p0/iu/r.x.mac:0
/testbench/cpu/l3/u0/leon3x0/vhdl/p0/iu/r.m.divz:0
/testbench/cpu/l3/u0/leon3x0/vhdl/p0/iu/r.d.inst:{{11000010000010000100000000000000}}
/testbench/cpu/l3/u0/leon3x0/vhdl/p0/iu/r.e.rfe1:1
/testbench/cpu/l3/u0/leon3x0/vhdl/p0/iu/r.a.wovf:0
/testbench/cpu/l3/u0/leon3x0/vhdl/p0/iu/r.e.rfe2:0
/testbench/cpu/l3/u0/leon3x0/vhdl/p0/iu/r.e.op1:01000000000011111111111010011000
/testbench/cpu/l3/u0/leon3x0/vhdl/p0/iu/r.m.nalign:1
/testbench/cpu/l3/u0/leon3x0/vhdl/p0/iu/r.e.op2:00000000000000000000000001000100
/testbench/cpu/l3/u0/leon3x0/vhdl/p0/iu/r.d.rexen:0
/testbench/cpu/l3/u0/leon3x0/vhdl/p0/iu/r.a.ctrl:{{01000000000000000000000111111000} {11000010000010000100000000000000} {00} {10000001} {000000} 0 1 0 0 0 1 0 0 0}
/testbench/cpu/l3/u0/leon3x0/vhdl/p0/iu/r.x.ipend:0
/testbench/cpu/l3/u0/leon3x0/vhdl/p0/iu/r.e.ldbp1:0
/testbench/cpu/l3/u0/leon3x0/vhdl/p0/iu/r.e.aluadd:1
/testbench/cpu/l3/u0/leon3x0/vhdl/p0/iu/r.d.set:0
/testbench/cpu/l3/u0/leon3x0/vhdl/p0/iu/r.d.inull:0
/testbench/cpu/l3/u0/leon3x0/vhdl/p0/iu/r.e.ldbp2:0
/testbench/cpu/l3/u0/leon3x0/vhdl/p0/iu/r.d.cnt:00
/testbench/cpu/l3/u0/leon3x0/vhdl/p0/iu/r.a.su:1
/testbench/cpu/l3/u0/leon3x0/vhdl/p0/iu/r.a.et:1
/testbench/cpu/l3/u0/leon3x0/vhdl/p0/iu/r.e.mul:0
/testbench/cpu/l3/u0/leon3x0/vhdl/p0/iu/r.e.alusel:00
/testbench/cpu/l3/u0/leon3x0/vhdl/p0/iu/r.e.aw:U
/testbench/cpu/l3/u0/leon3x0/vhdl/p0/iu/r.e.mac:0
/testbench/cpu/l3/u0/leon3x0/vhdl/p0/iu/r.a.decill:0
/testbench/cpu/l3/u0/leon3x0/vhdl/p0/iu/r.x.icc:0000
/testbench/cpu/l3/u0/leon3x0/vhdl/p0/iu/r.x.result:01000000000011111111111011011100
/testbench/cpu/l3/u0/leon3x0/vhdl/p0/iu/r.e.bp:0
/testbench/cpu/l3/u0/leon3x0/vhdl/p0/iu/r.a.rs1:00001
/testbench/cpu/l3/u0/leon3x0/vhdl/p0/iu/r.e.jmpl:0
/testbench/cpu/l3/u0/leon3x0/vhdl/p0/iu/r.a.rsel1:001
/testbench/cpu/l3/u0/leon3x0/vhdl/p0/iu/r.x.y:00000000000000000000000000000000
/testbench/cpu/l3/u0/leon3x0/vhdl/p0/iu/r.a.rsel2:101
/testbench/cpu/l3/u0/leon3x0/vhdl/p0/iu/r.a.awp:000
/testbench/cpu/l3/u0/leon3x0/vhdl/p0/iu/r.a.paw:0
/testbench/cpu/l3/u0/leon3x0/vhdl/p0/iu/r.x.data:{{01000000000000000001001000101000}}
/testbench/cpu/l3/u0/leon3x0/vhdl/p0/iu/r.m.mul:0
/testbench/cpu/l3/u0/leon3x0/vhdl/p0/iu/r.e.rd:UUUUU
/testbench/cpu/l3/u0/leon3x0/vhdl/p0/iu/r.e.invop2:0
/testbench/cpu/l3/u0/leon3x0/vhdl/p0/iu/r.m.wawp:0
/testbench/cpu/l3/u0/leon3x0/vhdl/p0/iu/r.d.cwpmax:111
/testbench/cpu/l3/u0/leon3x0/vhdl/p0/iu/r.f.branch:0
/testbench/cpu/l3/u0/leon3x0/vhdl/p0/iu/r.d.pcheld:1
/testbench/cpu/l3/u0/leon3x0/vhdl/p0/iu/r.m.dci:{0 0 0 0 0 0 {10} {00001011}}
/testbench/cpu/l3/u0/leon3x0/vhdl/p0/iu/r.e.paw:U
/testbench/cpu/l3/u0/leon3x0/vhdl/p0/iu/r.e.awp:UUU
/testbench/cpu/l3/u0/leon3x0/vhdl/p0/iu/r.e.shcnt:00100
/testbench/cpu/l3/u0/leon3x0/vhdl/p0/iu/r.w.result:01000000000000000001001000101001
/testbench/cpu/l3/u0/leon3x0/vhdl/p0/iu/r.m.mac:0
/testbench/cpu/l3/u0/leon3x0/vhdl/p0/iu/r.m.y:00000000000000000000000000000000
/testbench/cpu/l3/u0/leon3x0/vhdl/p0/iu/r.d.cwp:101
/testbench/cpu/l3/u0/leon3x0/vhdl/p0/iu/r.x.laddr:00
/testbench/cpu/l3/u0/leon3x0/vhdl/p0/iu/r.e.mulstep:0
/testbench/cpu/l3/u0/leon3x0/vhdl/p0/iu/r.e.ymsb:0
/testbench/cpu/l3/u0/leon3x0/vhdl/p0/iu/r.d.rexbuf:00000000000000000000000000000000
/testbench/cpu/l3/u0/leon3x0/vhdl/p0/iu/r.x.npc:100
/testbench/cpu/l3/u0/leon3x0/vhdl/p0/iu/r.f.pc:01000000000000000000000111111100
/testbench/cpu/l3/u0/leon3x0/vhdl/p0/iu/r.d.annul:0
/testbench/cpu/l3/u0/leon3x0/vhdl/p0/iu/r.x.rstate:run
/testbench/cpu/l3/u0/leon3x0/vhdl/p0/iu/r.x.set:0
/testbench/cpu/l3/u0/leon3x0/vhdl/p0/iu/r.m.result:01000000000000000001001000101001
/testbench/cpu/l3/u0/leon3x0/vhdl/p0/iu/r.e.icc:UUUU
/testbench/cpu/l3/u0/leon3x0/vhdl/p0/iu/r.a.getpc:0
/testbench/cpu/l3/u0/leon3x0/vhdl/p0/iu/r.a.ldchkex:1
/testbench/cpu/l3/u0/leon3x0/vhdl/p0/iu/r.x.mexc:0
/testbench/cpu/l3/u0/leon3x0/vhdl/p0/iu/r.a.mulstart:0
/testbench/cpu/l3/u0/leon3x0/vhdl/p0/iu/r.d.rexpos:10
/testbench/cpu/l3/u0/leon3x0/vhdl/p0/iu/r.x.annul_all:0
/testbench/cpu/l3/u0/leon3x0/vhdl/p0/iu/r.e.aluop:000
/testbench/cpu/l3/u0/leon3x0/vhdl/p0/iu/r.x.debug:0
/testbench/cpu/l3/u0/leon3x0/vhdl/p0/iu/r.a.rfe1:0
/testbench/cpu/l3/u0/leon3x0/vhdl/p0/iu/r.d.step:0
/testbench/cpu/l3/u0/leon3x0/vhdl/p0/iu/r.a.rfe2:0
/testbench/cpu/l3/u0/leon3x0/vhdl/p0/iu/r.e.alucin:0
/testbench/cpu/l3/u0/leon3x0/vhdl/p0/iu/r.a.wunf:0
======================================
progstatus: -2
execerr: 43
latent: 1
time limit!
>>>>>>>>>>>>>>> 2737215000
======================================
