Test signal = /testbench/cpu/l3/u0/leon3x0/vhdl/p0/iu/r.d.pv
oldval = 1
pos1: 0 pos0: -1 posU: -1
newval = 0
Signal value: 1
oldval = 1
pos1: 0 pos0: -1 posU: -1
newval = 0
force in 669952
584315000 >> iteration no: 0
994990000 >> iteration no: 1
1250090000 >> Requesting for the AHB bus...
1250390000 >> Requesting for the AHB bus...
1250890000 >> AHB granted, starting recovery...
1270090000 >> Recovery done, continuing...
1270440000 >> Requesting for the AHB bus...
1270740000 >> Requesting for the AHB bus...
1271240000 >> AHB granted, starting recovery...
1290440000 >> Recovery done, continuing...
1290790000 >> Requesting for the AHB bus...
1291090000 >> Requesting for the AHB bus...
1291590000 >> AHB granted, starting recovery...
1310790000 >> Recovery done, continuing...
1311140000 >> Requesting for the AHB bus...
1311440000 >> Requesting for the AHB bus...
1311940000 >> AHB granted, starting recovery...
1331140000 >> Recovery done, continuing...
1331490000 >> Requesting for the AHB bus...
1331965000 >> Requesting for the AHB bus...
1332465000 >> AHB granted, starting recovery...
1351665000 >> Recovery done, continuing...
1352015000 >> Requesting for the AHB bus...
1352315000 >> Requesting for the AHB bus...
1352815000 >> AHB granted, starting recovery...
1372015000 >> Recovery done, continuing...
1372365000 >> Requesting for the AHB bus...
1372665000 >> Requesting for the AHB bus...
1373165000 >> AHB granted, starting recovery...
1392365000 >> Recovery done, continuing...
1392715000 >> Requesting for the AHB bus...
1393015000 >> Requesting for the AHB bus...
1393515000 >> AHB granted, starting recovery...
1412715000 >> Recovery done, continuing...
1413065000 >> Requesting for the AHB bus...
1413365000 >> Requesting for the AHB bus...
1413865000 >> AHB granted, starting recovery...
1433065000 >> Recovery done, continuing...
1433415000 >> Requesting for the AHB bus...
1433715000 >> Requesting for the AHB bus...
1434215000 >> AHB granted, starting recovery...
1453415000 >> Recovery done, continuing...
1453765000 >> Requesting for the AHB bus...
1454065000 >> Requesting for the AHB bus...
1454565000 >> AHB granted, starting recovery...
1473765000 >> Recovery done, continuing...
1474115000 >> Requesting for the AHB bus...
1474415000 >> Requesting for the AHB bus...
1474915000 >> AHB granted, starting recovery...
1494115000 >> Recovery done, continuing...
1494465000 >> Requesting for the AHB bus...
1494765000 >> Requesting for the AHB bus...
1495265000 >> AHB granted, starting recovery...
1514465000 >> Recovery done, continuing...
1514815000 >> Requesting for the AHB bus...
1515115000 >> Requesting for the AHB bus...
1515615000 >> AHB granted, starting recovery...
1534815000 >> Recovery done, continuing...
1535165000 >> Requesting for the AHB bus...
1535465000 >> Requesting for the AHB bus...
1535965000 >> AHB granted, starting recovery...
1555165000 >> Recovery done, continuing...
1555515000 >> Requesting for the AHB bus...
1555990000 >> Requesting for the AHB bus...
1556490000 >> AHB granted, starting recovery...
1575690000 >> Recovery done, continuing...
1576040000 >> Requesting for the AHB bus...
1576340000 >> Requesting for the AHB bus...
1576840000 >> AHB granted, starting recovery...
1596040000 >> Recovery done, continuing...
1596390000 >> Requesting for the AHB bus...
1596690000 >> Requesting for the AHB bus...
1597190000 >> AHB granted, starting recovery...
1616390000 >> Recovery done, continuing...
1616740000 >> Requesting for the AHB bus...
1617040000 >> Requesting for the AHB bus...
1617540000 >> AHB granted, starting recovery...
1636740000 >> Recovery done, continuing...
1637090000 >> Requesting for the AHB bus...
1637390000 >> Requesting for the AHB bus...
1637890000 >> AHB granted, starting recovery...
1657090000 >> Recovery done, continuing...
1657440000 >> Requesting for the AHB bus...
1657740000 >> Requesting for the AHB bus...
1658240000 >> AHB granted, starting recovery...
1677440000 >> Recovery done, continuing...
1677790000 >> Requesting for the AHB bus...
1678090000 >> Requesting for the AHB bus...
1678590000 >> AHB granted, starting recovery...
1697790000 >> Recovery done, continuing...
1698140000 >> Requesting for the AHB bus...
1698440000 >> Requesting for the AHB bus...
1698940000 >> AHB granted, starting recovery...
1718140000 >> Recovery done, continuing...
1718490000 >> Requesting for the AHB bus...
1718790000 >> Requesting for the AHB bus...
1719290000 >> AHB granted, starting recovery...
1738490000 >> Recovery done, continuing...
1738840000 >> Requesting for the AHB bus...
1739140000 >> Requesting for the AHB bus...
1739640000 >> AHB granted, starting recovery...
1758840000 >> Recovery done, continuing...
1759190000 >> Requesting for the AHB bus...
1759490000 >> Requesting for the AHB bus...
1759990000 >> AHB granted, starting recovery...
1779190000 >> Recovery done, continuing...
1779540000 >> Requesting for the AHB bus...
1780015000 >> Requesting for the AHB bus...
1780515000 >> AHB granted, starting recovery...
1799715000 >> Recovery done, continuing...
1800065000 >> Requesting for the AHB bus...
1800365000 >> Requesting for the AHB bus...
1800865000 >> AHB granted, starting recovery...
1820065000 >> Recovery done, continuing...
1820415000 >> Requesting for the AHB bus...
1820715000 >> Requesting for the AHB bus...
1821215000 >> AHB granted, starting recovery...
1840415000 >> Recovery done, continuing...
1840765000 >> Requesting for the AHB bus...
1841065000 >> Requesting for the AHB bus...
1841565000 >> AHB granted, starting recovery...
1860765000 >> Recovery done, continuing...
1861115000 >> Requesting for the AHB bus...
1861415000 >> Requesting for the AHB bus...
1861915000 >> AHB granted, starting recovery...
1881115000 >> Recovery done, continuing...
1881465000 >> Requesting for the AHB bus...
1881765000 >> Requesting for the AHB bus...
1882265000 >> AHB granted, starting recovery...
1901465000 >> Recovery done, continuing...
1901815000 >> Requesting for the AHB bus...
1902115000 >> Requesting for the AHB bus...
1902615000 >> AHB granted, starting recovery...
1921815000 >> Recovery done, continuing...
1922165000 >> Requesting for the AHB bus...
1922465000 >> Requesting for the AHB bus...
1922965000 >> AHB granted, starting recovery...
1942165000 >> Recovery done, continuing...
1942515000 >> Requesting for the AHB bus...
1942815000 >> Requesting for the AHB bus...
1943315000 >> AHB granted, starting recovery...
1962515000 >> Recovery done, continuing...
1962865000 >> Requesting for the AHB bus...
1963165000 >> Requesting for the AHB bus...
1963665000 >> AHB granted, starting recovery...
1982865000 >> Recovery done, continuing...
1983215000 >> Requesting for the AHB bus...
1983515000 >> Requesting for the AHB bus...
1984015000 >> AHB granted, starting recovery...
2003215000 >> Recovery done, continuing...
2003565000 >> Requesting for the AHB bus...
2004040000 >> Requesting for the AHB bus...
2004540000 >> AHB granted, starting recovery...
2023740000 >> Recovery done, continuing...
2024090000 >> Requesting for the AHB bus...
2024390000 >> Requesting for the AHB bus...
2024890000 >> AHB granted, starting recovery...
2044090000 >> Recovery done, continuing...
2044440000 >> Requesting for the AHB bus...
2044740000 >> Requesting for the AHB bus...
2045240000 >> AHB granted, starting recovery...
2064440000 >> Recovery done, continuing...
2064790000 >> Requesting for the AHB bus...
2065090000 >> Requesting for the AHB bus...
2065590000 >> AHB granted, starting recovery...
2084790000 >> Recovery done, continuing...
2085140000 >> Requesting for the AHB bus...
2085440000 >> Requesting for the AHB bus...
2085940000 >> AHB granted, starting recovery...
2105140000 >> Recovery done, continuing...
2105490000 >> Requesting for the AHB bus...
2105790000 >> Requesting for the AHB bus...
2106290000 >> AHB granted, starting recovery...
2125490000 >> Recovery done, continuing...
2125840000 >> Requesting for the AHB bus...
2126140000 >> Requesting for the AHB bus...
2126640000 >> AHB granted, starting recovery...
2145840000 >> Recovery done, continuing...
2146190000 >> Requesting for the AHB bus...
2146490000 >> Requesting for the AHB bus...
2146990000 >> AHB granted, starting recovery...
2166190000 >> Recovery done, continuing...
2166540000 >> Requesting for the AHB bus...
2166840000 >> Requesting for the AHB bus...
2167340000 >> AHB granted, starting recovery...
2186540000 >> Recovery done, continuing...
2186890000 >> Requesting for the AHB bus...
2187190000 >> Requesting for the AHB bus...
2187690000 >> AHB granted, starting recovery...
2206890000 >> Recovery done, continuing...
2207240000 >> Requesting for the AHB bus...
2207540000 >> Requesting for the AHB bus...
2208040000 >> AHB granted, starting recovery...
2227240000 >> Recovery done, continuing...
2227590000 >> Requesting for the AHB bus...
2228065000 >> Requesting for the AHB bus...
2228565000 >> AHB granted, starting recovery...
2247765000 >> Recovery done, continuing...
2248115000 >> Requesting for the AHB bus...
2248415000 >> Requesting for the AHB bus...
2248915000 >> AHB granted, starting recovery...
2268115000 >> Recovery done, continuing...
2268465000 >> Requesting for the AHB bus...
2268765000 >> Requesting for the AHB bus...
2269265000 >> AHB granted, starting recovery...
2288465000 >> Recovery done, continuing...
2288815000 >> Requesting for the AHB bus...
2289115000 >> Requesting for the AHB bus...
2289615000 >> AHB granted, starting recovery...
2308815000 >> Recovery done, continuing...
2309165000 >> Requesting for the AHB bus...
2309465000 >> Requesting for the AHB bus...
2309965000 >> AHB granted, starting recovery...
2329165000 >> Recovery done, continuing...
2329515000 >> Requesting for the AHB bus...
2329815000 >> Requesting for the AHB bus...
2330315000 >> AHB granted, starting recovery...
2349515000 >> Recovery done, continuing...
2349865000 >> Requesting for the AHB bus...
2350165000 >> Requesting for the AHB bus...
2350665000 >> AHB granted, starting recovery...
2369865000 >> Recovery done, continuing...
2370215000 >> Requesting for the AHB bus...
2370515000 >> Requesting for the AHB bus...
2371015000 >> AHB granted, starting recovery...
2390215000 >> Recovery done, continuing...
2390565000 >> Requesting for the AHB bus...
2390865000 >> Requesting for the AHB bus...
2391365000 >> AHB granted, starting recovery...
2410565000 >> Recovery done, continuing...
2410915000 >> Requesting for the AHB bus...
2411215000 >> Requesting for the AHB bus...
2411715000 >> AHB granted, starting recovery...
2430915000 >> Recovery done, continuing...
2431265000 >> Requesting for the AHB bus...
2431565000 >> Requesting for the AHB bus...
2432065000 >> AHB granted, starting recovery...
2451265000 >> Recovery done, continuing...
2451615000 >> Requesting for the AHB bus...
2452090000 >> Requesting for the AHB bus...
2452590000 >> AHB granted, starting recovery...
2471790000 >> Recovery done, continuing...
2472140000 >> Requesting for the AHB bus...
2472440000 >> Requesting for the AHB bus...
2472940000 >> AHB granted, starting recovery...
2492140000 >> Recovery done, continuing...
2492490000 >> Requesting for the AHB bus...
2492790000 >> Requesting for the AHB bus...
2493290000 >> AHB granted, starting recovery...
2512490000 >> Recovery done, continuing...
2512840000 >> Requesting for the AHB bus...
2513140000 >> Requesting for the AHB bus...
2513640000 >> AHB granted, starting recovery...
2532840000 >> Recovery done, continuing...
2533190000 >> Requesting for the AHB bus...
2533490000 >> Requesting for the AHB bus...
2533990000 >> AHB granted, starting recovery...
2553190000 >> Recovery done, continuing...
2553540000 >> Requesting for the AHB bus...
2553840000 >> Requesting for the AHB bus...
2554340000 >> AHB granted, starting recovery...
2573540000 >> Recovery done, continuing...
2573890000 >> Requesting for the AHB bus...
2574190000 >> Requesting for the AHB bus...
2574690000 >> AHB granted, starting recovery...
2593890000 >> Recovery done, continuing...
2594240000 >> Requesting for the AHB bus...
2594540000 >> Requesting for the AHB bus...
2595040000 >> AHB granted, starting recovery...
2614240000 >> Recovery done, continuing...
2614590000 >> Requesting for the AHB bus...
2614890000 >> Requesting for the AHB bus...
2615390000 >> AHB granted, starting recovery...
2634590000 >> Recovery done, continuing...
2634940000 >> Requesting for the AHB bus...
2635240000 >> Requesting for the AHB bus...
2635740000 >> AHB granted, starting recovery...
2654940000 >> Recovery done, continuing...
2655290000 >> Requesting for the AHB bus...
2655590000 >> Requesting for the AHB bus...
2656090000 >> AHB granted, starting recovery...
2675290000 >> Recovery done, continuing...
2675640000 >> Requesting for the AHB bus...
2676115000 >> Requesting for the AHB bus...
2676615000 >> AHB granted, starting recovery...
2695815000 >> Recovery done, continuing...
2696165000 >> Requesting for the AHB bus...
2696465000 >> Requesting for the AHB bus...
2696965000 >> AHB granted, starting recovery...
2716165000 >> Recovery done, continuing...
2716515000 >> Requesting for the AHB bus...
2716815000 >> Requesting for the AHB bus...
2717315000 >> AHB granted, starting recovery...
2736515000 >> Recovery done, continuing...
2736865000 >> Requesting for the AHB bus...
2737165000 >> Requesting for the AHB bus...
2737215000 >> time limit reached...
/testbench/cpu/l3/u0/leon3x0/vhdl/p0/iu/r.w.wreg:1
/testbench/cpu/l3/u0/leon3x0/vhdl/p0/iu/r.m.irqen:1
/testbench/cpu/l3/u0/leon3x0/vhdl/p0/iu/r.m.icc:0000
/testbench/cpu/l3/u0/leon3x0/vhdl/p0/iu/r.a.ticc:0
/testbench/cpu/l3/u0/leon3x0/vhdl/p0/iu/r.a.step:0
/testbench/cpu/l3/u0/leon3x0/vhdl/p0/iu/r.m.irqen2:1
/testbench/cpu/l3/u0/leon3x0/vhdl/p0/iu/r.d.pc:01000000000000000000000111110100
/testbench/cpu/l3/u0/leon3x0/vhdl/p0/iu/r.d.rexpl:{{00000000000000000000000000000000} {00} {0} 0 0 {0000000000000000000} 0 0 0 0 0 0}
/testbench/cpu/l3/u0/leon3x0/vhdl/p0/iu/r.d.mexc:0
/testbench/cpu/l3/u0/leon3x0/vhdl/p0/iu/r.a.aw:0
/testbench/cpu/l3/u0/leon3x0/vhdl/p0/iu/r.e.ctrl:{{01000000000000000000000111110000} {11000010001001111010000001000100} {00} {10000001} {000000} 0 0 0 0 0 0 1 0 0}
/testbench/cpu/l3/u0/leon3x0/vhdl/p0/iu/r.a.divstart:0
/testbench/cpu/l3/u0/leon3x0/vhdl/p0/iu/r.e.shleft:0
/testbench/cpu/l3/u0/leon3x0/vhdl/p0/iu/r.a.bp:0
/testbench/cpu/l3/u0/leon3x0/vhdl/p0/iu/r.w.twcwp:000
/testbench/cpu/l3/u0/leon3x0/vhdl/p0/iu/r.a.jmpl:0
/testbench/cpu/l3/u0/leon3x0/vhdl/p0/iu/r.m.casa:0
/testbench/cpu/l3/u0/leon3x0/vhdl/p0/iu/r.m.werr:0
/testbench/cpu/l3/u0/leon3x0/vhdl/p0/iu/r.e.su:1
/testbench/cpu/l3/u0/leon3x0/vhdl/p0/iu/r.e.et:1
/testbench/cpu/l3/u0/leon3x0/vhdl/p0/iu/r.a.ldcheck1:1
/testbench/cpu/l3/u0/leon3x0/vhdl/p0/iu/r.d.stwin:000
/testbench/cpu/l3/u0/leon3x0/vhdl/p0/iu/r.a.ldcheck2:0
/testbench/cpu/l3/u0/leon3x0/vhdl/p0/iu/r.x.intack:0
/testbench/cpu/l3/u0/leon3x0/vhdl/p0/iu/r.m.ctrl:{{01000000000000000000000111101100} {10000010000000000110000000000001} {00} {10000001} {000000} 0 0 1 0 0 0 1 0 0}
/testbench/cpu/l3/u0/leon3x0/vhdl/p0/iu/r.a.cwp:101
/testbench/cpu/l3/u0/leon3x0/vhdl/p0/iu/r.e.sari:0
/testbench/cpu/l3/u0/leon3x0/vhdl/p0/iu/r.d.paw:0
/testbench/cpu/l3/u0/leon3x0/vhdl/p0/iu/r.d.aw:0
/testbench/cpu/l3/u0/leon3x0/vhdl/p0/iu/r.d.awp:000
/testbench/cpu/l3/u0/leon3x0/vhdl/p0/iu/r.x.ctrl:{{01000000000000000000000111101100} {10000010000000000110000000000001} {00} {10000001} {000000} 0 1 0 0 0 0 0 0 0}
/testbench/cpu/l3/u0/leon3x0/vhdl/p0/iu/r.m.rexnalign:0
/testbench/cpu/l3/u0/leon3x0/vhdl/p0/iu/r.m.su:1
/testbench/cpu/l3/u0/leon3x0/vhdl/p0/iu/r.m.wcwp:0
/testbench/cpu/l3/u0/leon3x0/vhdl/p0/iu/r.d.divrdy:0
/testbench/cpu/l3/u0/leon3x0/vhdl/p0/iu/r.e.cwp:101
/testbench/cpu/l3/u0/leon3x0/vhdl/p0/iu/r.w.except:0
/testbench/cpu/l3/u0/leon3x0/vhdl/p0/iu/r.x.nerror:0
/testbench/cpu/l3/u0/leon3x0/vhdl/p0/iu/r.a.bpimiss:0
/testbench/cpu/l3/u0/leon3x0/vhdl/p0/iu/r.a.nobp:0
/testbench/cpu/l3/u0/leon3x0/vhdl/p0/iu/r.d.rexcnt:0
/testbench/cpu/l3/u0/leon3x0/vhdl/p0/iu/r.w.s:{{101} {0000} {00000000} {01000000000000000000} {00000010} {0000} 0 0 1 1 1 {00000000000000000000000000000000} {UUUUUUUUUUUUUUUUUUUUUUUUUUUUUUUU} 1 0 0 1 1 1 0 0 {000} {000} {111}}
/testbench/cpu/l3/u0/leon3x0/vhdl/p0/iu/r.d.pv:1
/testbench/cpu/l3/u0/leon3x0/vhdl/p0/iu/r.a.ldchkra:0
/testbench/cpu/l3/u0/leon3x0/vhdl/p0/iu/r.a.rfa1:10000001
/testbench/cpu/l3/u0/leon3x0/vhdl/p0/iu/r.a.rfa2:10000100
/testbench/cpu/l3/u0/leon3x0/vhdl/p0/iu/r.a.imm:00000000000000000000000001000100
/testbench/cpu/l3/u0/leon3x0/vhdl/p0/iu/r.w.wa:10000001
/testbench/cpu/l3/u0/leon3x0/vhdl/p0/iu/r.m.casaz:0
/testbench/cpu/l3/u0/leon3x0/vhdl/p0/iu/r.x.dci:{0 0 1 0 0 0 {10} {00001011}}
/testbench/cpu/l3/u0/leon3x0/vhdl/p0/iu/r.x.mac:0
/testbench/cpu/l3/u0/leon3x0/vhdl/p0/iu/r.m.divz:0
/testbench/cpu/l3/u0/leon3x0/vhdl/p0/iu/r.d.inst:{{00000000000000000000000000000000}}
/testbench/cpu/l3/u0/leon3x0/vhdl/p0/iu/r.e.rfe1:1
/testbench/cpu/l3/u0/leon3x0/vhdl/p0/iu/r.a.wovf:0
/testbench/cpu/l3/u0/leon3x0/vhdl/p0/iu/r.e.rfe2:0
/testbench/cpu/l3/u0/leon3x0/vhdl/p0/iu/r.e.op1:01000000000011111111111010011000
/testbench/cpu/l3/u0/leon3x0/vhdl/p0/iu/r.m.nalign:1
/testbench/cpu/l3/u0/leon3x0/vhdl/p0/iu/r.e.op2:00000000000000000000000001000100
/testbench/cpu/l3/u0/leon3x0/vhdl/p0/iu/r.d.rexen:0
/testbench/cpu/l3/u0/leon3x0/vhdl/p0/iu/r.a.ctrl:{{01000000000000000000000111110000} {11000010001001111010000001000100} {01} {10000001} {000000} 0 0 0 0 0 0 0 0 0}
/testbench/cpu/l3/u0/leon3x0/vhdl/p0/iu/r.x.ipend:0
/testbench/cpu/l3/u0/leon3x0/vhdl/p0/iu/r.e.ldbp1:0
/testbench/cpu/l3/u0/leon3x0/vhdl/p0/iu/r.e.aluadd:1
/testbench/cpu/l3/u0/leon3x0/vhdl/p0/iu/r.d.set:0
/testbench/cpu/l3/u0/leon3x0/vhdl/p0/iu/r.d.inull:0
/testbench/cpu/l3/u0/leon3x0/vhdl/p0/iu/r.e.ldbp2:0
/testbench/cpu/l3/u0/leon3x0/vhdl/p0/iu/r.d.cnt:00
/testbench/cpu/l3/u0/leon3x0/vhdl/p0/iu/r.a.su:1
/testbench/cpu/l3/u0/leon3x0/vhdl/p0/iu/r.a.et:1
/testbench/cpu/l3/u0/leon3x0/vhdl/p0/iu/r.e.mul:0
/testbench/cpu/l3/u0/leon3x0/vhdl/p0/iu/r.e.alusel:00
/testbench/cpu/l3/u0/leon3x0/vhdl/p0/iu/r.e.aw:U
/testbench/cpu/l3/u0/leon3x0/vhdl/p0/iu/r.e.mac:0
/testbench/cpu/l3/u0/leon3x0/vhdl/p0/iu/r.a.decill:0
/testbench/cpu/l3/u0/leon3x0/vhdl/p0/iu/r.x.icc:0000
/testbench/cpu/l3/u0/leon3x0/vhdl/p0/iu/r.x.result:01000000000011111111111011011101
/testbench/cpu/l3/u0/leon3x0/vhdl/p0/iu/r.e.bp:0
/testbench/cpu/l3/u0/leon3x0/vhdl/p0/iu/r.a.rs1:00001
/testbench/cpu/l3/u0/leon3x0/vhdl/p0/iu/r.e.jmpl:0
/testbench/cpu/l3/u0/leon3x0/vhdl/p0/iu/r.a.rsel1:010
/testbench/cpu/l3/u0/leon3x0/vhdl/p0/iu/r.x.y:00000000000000000000000000000000
/testbench/cpu/l3/u0/leon3x0/vhdl/p0/iu/r.a.rsel2:100
/testbench/cpu/l3/u0/leon3x0/vhdl/p0/iu/r.a.awp:000
/testbench/cpu/l3/u0/leon3x0/vhdl/p0/iu/r.a.paw:0
/testbench/cpu/l3/u0/leon3x0/vhdl/p0/iu/r.x.data:{{01000000000000000001001001001001}}
/testbench/cpu/l3/u0/leon3x0/vhdl/p0/iu/r.m.mul:0
/testbench/cpu/l3/u0/leon3x0/vhdl/p0/iu/r.e.rd:UUUUU
/testbench/cpu/l3/u0/leon3x0/vhdl/p0/iu/r.e.invop2:0
/testbench/cpu/l3/u0/leon3x0/vhdl/p0/iu/r.m.wawp:0
/testbench/cpu/l3/u0/leon3x0/vhdl/p0/iu/r.d.cwpmax:111
/testbench/cpu/l3/u0/leon3x0/vhdl/p0/iu/r.f.branch:0
/testbench/cpu/l3/u0/leon3x0/vhdl/p0/iu/r.d.pcheld:0
/testbench/cpu/l3/u0/leon3x0/vhdl/p0/iu/r.m.dci:{0 0 1 0 0 0 {10} {00001011}}
/testbench/cpu/l3/u0/leon3x0/vhdl/p0/iu/r.e.paw:U
/testbench/cpu/l3/u0/leon3x0/vhdl/p0/iu/r.e.awp:UUU
/testbench/cpu/l3/u0/leon3x0/vhdl/p0/iu/r.e.shcnt:00100
/testbench/cpu/l3/u0/leon3x0/vhdl/p0/iu/r.w.result:01000000000000000001001001001001
/testbench/cpu/l3/u0/leon3x0/vhdl/p0/iu/r.m.mac:0
/testbench/cpu/l3/u0/leon3x0/vhdl/p0/iu/r.m.y:00000000000000000000000000000000
/testbench/cpu/l3/u0/leon3x0/vhdl/p0/iu/r.d.cwp:101
/testbench/cpu/l3/u0/leon3x0/vhdl/p0/iu/r.x.laddr:01
/testbench/cpu/l3/u0/leon3x0/vhdl/p0/iu/r.e.mulstep:0
/testbench/cpu/l3/u0/leon3x0/vhdl/p0/iu/r.e.ymsb:0
/testbench/cpu/l3/u0/leon3x0/vhdl/p0/iu/r.d.rexbuf:00000000000000000000000000000000
/testbench/cpu/l3/u0/leon3x0/vhdl/p0/iu/r.x.npc:100
/testbench/cpu/l3/u0/leon3x0/vhdl/p0/iu/r.f.pc:01000000000000000000000111111000
/testbench/cpu/l3/u0/leon3x0/vhdl/p0/iu/r.d.annul:0
/testbench/cpu/l3/u0/leon3x0/vhdl/p0/iu/r.x.rstate:run
/testbench/cpu/l3/u0/leon3x0/vhdl/p0/iu/r.x.set:0
/testbench/cpu/l3/u0/leon3x0/vhdl/p0/iu/r.m.result:01000000000000000001001001001010
/testbench/cpu/l3/u0/leon3x0/vhdl/p0/iu/r.e.icc:UUUU
/testbench/cpu/l3/u0/leon3x0/vhdl/p0/iu/r.a.getpc:0
/testbench/cpu/l3/u0/leon3x0/vhdl/p0/iu/r.a.ldchkex:1
/testbench/cpu/l3/u0/leon3x0/vhdl/p0/iu/r.x.mexc:0
/testbench/cpu/l3/u0/leon3x0/vhdl/p0/iu/r.a.mulstart:0
/testbench/cpu/l3/u0/leon3x0/vhdl/p0/iu/r.d.rexpos:10
/testbench/cpu/l3/u0/leon3x0/vhdl/p0/iu/r.x.annul_all:0
/testbench/cpu/l3/u0/leon3x0/vhdl/p0/iu/r.e.aluop:000
/testbench/cpu/l3/u0/leon3x0/vhdl/p0/iu/r.x.debug:0
/testbench/cpu/l3/u0/leon3x0/vhdl/p0/iu/r.a.rfe1:0
/testbench/cpu/l3/u0/leon3x0/vhdl/p0/iu/r.d.step:0
/testbench/cpu/l3/u0/leon3x0/vhdl/p0/iu/r.a.rfe2:0
/testbench/cpu/l3/u0/leon3x0/vhdl/p0/iu/r.e.alucin:0
/testbench/cpu/l3/u0/leon3x0/vhdl/p0/iu/r.a.wunf:0
======================================
progstatus: -2
execerr: 73
latent: 1
time limit!
>>>>>>>>>>>>>>> 2737215000
======================================
