Test signal = /testbench/cpu/l3/u0/leon3x0/vhdl/p0/iu/r.d.pv
oldval = 1
pos1: 0 pos0: -1 posU: -1
newval = 0
Signal value: 1
oldval = 1
pos1: 0 pos0: -1 posU: -1
newval = 0
force in 151857
584315000 >> iteration no: 0
731865000 >> Requesting for the AHB bus...
732090000 >> Requesting for the AHB bus...
732590000 >> AHB granted, starting recovery...
751790000 >> Recovery done, continuing...
751915000 >> Requesting for the AHB bus...
752490000 >> Requesting for the AHB bus...
752940000 >> AHB granted, starting recovery...
772140000 >> Recovery done, continuing...
772265000 >> Requesting for the AHB bus...
772840000 >> Requesting for the AHB bus...
773290000 >> AHB granted, starting recovery...
792490000 >> Recovery done, continuing...
792615000 >> Requesting for the AHB bus...
793190000 >> Requesting for the AHB bus...
793640000 >> AHB granted, starting recovery...
812840000 >> Recovery done, continuing...
812965000 >> Requesting for the AHB bus...
813715000 >> Requesting for the AHB bus...
814165000 >> AHB granted, starting recovery...
833365000 >> Recovery done, continuing...
833490000 >> Requesting for the AHB bus...
834065000 >> Requesting for the AHB bus...
834515000 >> AHB granted, starting recovery...
853715000 >> Recovery done, continuing...
853840000 >> Requesting for the AHB bus...
854415000 >> Requesting for the AHB bus...
854865000 >> AHB granted, starting recovery...
874065000 >> Recovery done, continuing...
874190000 >> Requesting for the AHB bus...
874765000 >> Requesting for the AHB bus...
875215000 >> AHB granted, starting recovery...
894415000 >> Recovery done, continuing...
894540000 >> Requesting for the AHB bus...
895115000 >> Requesting for the AHB bus...
895565000 >> AHB granted, starting recovery...
914765000 >> Recovery done, continuing...
914890000 >> Requesting for the AHB bus...
915465000 >> Requesting for the AHB bus...
915915000 >> AHB granted, starting recovery...
935115000 >> Recovery done, continuing...
935240000 >> Requesting for the AHB bus...
935815000 >> Requesting for the AHB bus...
936265000 >> AHB granted, starting recovery...
955465000 >> Recovery done, continuing...
955590000 >> Requesting for the AHB bus...
956165000 >> Requesting for the AHB bus...
956615000 >> AHB granted, starting recovery...
975815000 >> Recovery done, continuing...
975940000 >> Requesting for the AHB bus...
976515000 >> Requesting for the AHB bus...
976965000 >> AHB granted, starting recovery...
996165000 >> Recovery done, continuing...
996290000 >> Requesting for the AHB bus...
996865000 >> Requesting for the AHB bus...
997315000 >> AHB granted, starting recovery...
1016515000 >> Recovery done, continuing...
1016640000 >> Requesting for the AHB bus...
1017215000 >> Requesting for the AHB bus...
1017665000 >> AHB granted, starting recovery...
1036865000 >> Recovery done, continuing...
1036990000 >> Requesting for the AHB bus...
1037740000 >> Requesting for the AHB bus...
1038190000 >> AHB granted, starting recovery...
1057390000 >> Recovery done, continuing...
1057515000 >> Requesting for the AHB bus...
1058090000 >> Requesting for the AHB bus...
1058540000 >> AHB granted, starting recovery...
1077740000 >> Recovery done, continuing...
1077865000 >> Requesting for the AHB bus...
1078440000 >> Requesting for the AHB bus...
1078890000 >> AHB granted, starting recovery...
1098090000 >> Recovery done, continuing...
1098215000 >> Requesting for the AHB bus...
1098790000 >> Requesting for the AHB bus...
1099240000 >> AHB granted, starting recovery...
1118440000 >> Recovery done, continuing...
1118565000 >> Requesting for the AHB bus...
1119140000 >> Requesting for the AHB bus...
1119590000 >> AHB granted, starting recovery...
1138790000 >> Recovery done, continuing...
1138915000 >> Requesting for the AHB bus...
1139490000 >> Requesting for the AHB bus...
1139940000 >> AHB granted, starting recovery...
1159140000 >> Recovery done, continuing...
1159265000 >> Requesting for the AHB bus...
1159840000 >> Requesting for the AHB bus...
1160290000 >> AHB granted, starting recovery...
1179490000 >> Recovery done, continuing...
1179615000 >> Requesting for the AHB bus...
1180190000 >> Requesting for the AHB bus...
1180640000 >> AHB granted, starting recovery...
1199840000 >> Recovery done, continuing...
1199965000 >> Requesting for the AHB bus...
1200540000 >> Requesting for the AHB bus...
1200990000 >> AHB granted, starting recovery...
1220190000 >> Recovery done, continuing...
1220315000 >> Requesting for the AHB bus...
1220890000 >> Requesting for the AHB bus...
1221340000 >> AHB granted, starting recovery...
1240540000 >> Recovery done, continuing...
1240665000 >> Requesting for the AHB bus...
1241240000 >> Requesting for the AHB bus...
1241690000 >> AHB granted, starting recovery...
1260890000 >> Recovery done, continuing...
1261015000 >> Requesting for the AHB bus...
1261765000 >> Requesting for the AHB bus...
1262215000 >> AHB granted, starting recovery...
1281415000 >> Recovery done, continuing...
1281540000 >> Requesting for the AHB bus...
1282115000 >> Requesting for the AHB bus...
1282565000 >> AHB granted, starting recovery...
1301765000 >> Recovery done, continuing...
1301890000 >> Requesting for the AHB bus...
1302465000 >> Requesting for the AHB bus...
1302915000 >> AHB granted, starting recovery...
1322115000 >> Recovery done, continuing...
1322240000 >> Requesting for the AHB bus...
1322815000 >> Requesting for the AHB bus...
1323265000 >> AHB granted, starting recovery...
1342465000 >> Recovery done, continuing...
1342590000 >> Requesting for the AHB bus...
1343165000 >> Requesting for the AHB bus...
1343615000 >> AHB granted, starting recovery...
1362815000 >> Recovery done, continuing...
1362940000 >> Requesting for the AHB bus...
1363515000 >> Requesting for the AHB bus...
1363965000 >> AHB granted, starting recovery...
1383165000 >> Recovery done, continuing...
1383290000 >> Requesting for the AHB bus...
1383865000 >> Requesting for the AHB bus...
1384315000 >> AHB granted, starting recovery...
1403515000 >> Recovery done, continuing...
1403640000 >> Requesting for the AHB bus...
1404215000 >> Requesting for the AHB bus...
1404665000 >> AHB granted, starting recovery...
1423865000 >> Recovery done, continuing...
1423990000 >> Requesting for the AHB bus...
1424565000 >> Requesting for the AHB bus...
1425015000 >> AHB granted, starting recovery...
1444215000 >> Recovery done, continuing...
1444340000 >> Requesting for the AHB bus...
1444915000 >> Requesting for the AHB bus...
1445365000 >> AHB granted, starting recovery...
1464565000 >> Recovery done, continuing...
1464690000 >> Requesting for the AHB bus...
1465265000 >> Requesting for the AHB bus...
1465715000 >> AHB granted, starting recovery...
1484915000 >> Recovery done, continuing...
1485040000 >> Requesting for the AHB bus...
1485790000 >> Requesting for the AHB bus...
1486240000 >> AHB granted, starting recovery...
1505440000 >> Recovery done, continuing...
1505565000 >> Requesting for the AHB bus...
1506140000 >> Requesting for the AHB bus...
1506590000 >> AHB granted, starting recovery...
1525790000 >> Recovery done, continuing...
1525915000 >> Requesting for the AHB bus...
1526490000 >> Requesting for the AHB bus...
1526940000 >> AHB granted, starting recovery...
1546140000 >> Recovery done, continuing...
1546265000 >> Requesting for the AHB bus...
1546840000 >> Requesting for the AHB bus...
1547290000 >> AHB granted, starting recovery...
1566490000 >> Recovery done, continuing...
1566615000 >> Requesting for the AHB bus...
1567190000 >> Requesting for the AHB bus...
1567640000 >> AHB granted, starting recovery...
1586840000 >> Recovery done, continuing...
1586965000 >> Requesting for the AHB bus...
1587540000 >> Requesting for the AHB bus...
1587990000 >> AHB granted, starting recovery...
1607190000 >> Recovery done, continuing...
1607315000 >> Requesting for the AHB bus...
1607890000 >> Requesting for the AHB bus...
1608340000 >> AHB granted, starting recovery...
1627540000 >> Recovery done, continuing...
1627665000 >> Requesting for the AHB bus...
1628240000 >> Requesting for the AHB bus...
1628690000 >> AHB granted, starting recovery...
1647890000 >> Recovery done, continuing...
1648015000 >> Requesting for the AHB bus...
1648590000 >> Requesting for the AHB bus...
1649040000 >> AHB granted, starting recovery...
1668240000 >> Recovery done, continuing...
1668365000 >> Requesting for the AHB bus...
1668940000 >> Requesting for the AHB bus...
1669390000 >> AHB granted, starting recovery...
1688590000 >> Recovery done, continuing...
1688715000 >> Requesting for the AHB bus...
1689290000 >> Requesting for the AHB bus...
1689740000 >> AHB granted, starting recovery...
1708940000 >> Recovery done, continuing...
1709065000 >> Requesting for the AHB bus...
1709815000 >> Requesting for the AHB bus...
1710265000 >> AHB granted, starting recovery...
1729465000 >> Recovery done, continuing...
1729590000 >> Requesting for the AHB bus...
1730165000 >> Requesting for the AHB bus...
1730615000 >> AHB granted, starting recovery...
1749815000 >> Recovery done, continuing...
1749940000 >> Requesting for the AHB bus...
1750515000 >> Requesting for the AHB bus...
1750965000 >> AHB granted, starting recovery...
1770165000 >> Recovery done, continuing...
1770290000 >> Requesting for the AHB bus...
1770865000 >> Requesting for the AHB bus...
1771315000 >> AHB granted, starting recovery...
1790515000 >> Recovery done, continuing...
1790640000 >> Requesting for the AHB bus...
1791215000 >> Requesting for the AHB bus...
1791665000 >> AHB granted, starting recovery...
1810865000 >> Recovery done, continuing...
1810990000 >> Requesting for the AHB bus...
1811565000 >> Requesting for the AHB bus...
1812015000 >> AHB granted, starting recovery...
1831215000 >> Recovery done, continuing...
1831340000 >> Requesting for the AHB bus...
1831915000 >> Requesting for the AHB bus...
1832365000 >> AHB granted, starting recovery...
1851565000 >> Recovery done, continuing...
1851690000 >> Requesting for the AHB bus...
1852265000 >> Requesting for the AHB bus...
1852715000 >> AHB granted, starting recovery...
1871915000 >> Recovery done, continuing...
1872040000 >> Requesting for the AHB bus...
1872615000 >> Requesting for the AHB bus...
1873065000 >> AHB granted, starting recovery...
1892265000 >> Recovery done, continuing...
1892390000 >> Requesting for the AHB bus...
1892965000 >> Requesting for the AHB bus...
1893415000 >> AHB granted, starting recovery...
1912615000 >> Recovery done, continuing...
1912740000 >> Requesting for the AHB bus...
1913315000 >> Requesting for the AHB bus...
1913765000 >> AHB granted, starting recovery...
1932965000 >> Recovery done, continuing...
1933090000 >> Requesting for the AHB bus...
1933840000 >> Requesting for the AHB bus...
1934290000 >> AHB granted, starting recovery...
1953490000 >> Recovery done, continuing...
1953615000 >> Requesting for the AHB bus...
1954190000 >> Requesting for the AHB bus...
1954640000 >> AHB granted, starting recovery...
1973840000 >> Recovery done, continuing...
1973965000 >> Requesting for the AHB bus...
1974540000 >> Requesting for the AHB bus...
1974990000 >> AHB granted, starting recovery...
1994190000 >> Recovery done, continuing...
1994315000 >> Requesting for the AHB bus...
1994890000 >> Requesting for the AHB bus...
1995340000 >> AHB granted, starting recovery...
2014540000 >> Recovery done, continuing...
2014665000 >> Requesting for the AHB bus...
2015240000 >> Requesting for the AHB bus...
2015690000 >> AHB granted, starting recovery...
2034890000 >> Recovery done, continuing...
2035015000 >> Requesting for the AHB bus...
2035590000 >> Requesting for the AHB bus...
2036040000 >> AHB granted, starting recovery...
2055240000 >> Recovery done, continuing...
2055365000 >> Requesting for the AHB bus...
2055940000 >> Requesting for the AHB bus...
2056390000 >> AHB granted, starting recovery...
2075590000 >> Recovery done, continuing...
2075715000 >> Requesting for the AHB bus...
2076290000 >> Requesting for the AHB bus...
2076740000 >> AHB granted, starting recovery...
2095940000 >> Recovery done, continuing...
2096065000 >> Requesting for the AHB bus...
2096640000 >> Requesting for the AHB bus...
2097090000 >> AHB granted, starting recovery...
2116290000 >> Recovery done, continuing...
2116415000 >> Requesting for the AHB bus...
2116990000 >> Requesting for the AHB bus...
2117440000 >> AHB granted, starting recovery...
2136640000 >> Recovery done, continuing...
2136765000 >> Requesting for the AHB bus...
2137340000 >> Requesting for the AHB bus...
2137790000 >> AHB granted, starting recovery...
2156990000 >> Recovery done, continuing...
2157115000 >> Requesting for the AHB bus...
2157865000 >> Requesting for the AHB bus...
2158315000 >> AHB granted, starting recovery...
2177515000 >> Recovery done, continuing...
2177640000 >> Requesting for the AHB bus...
2178215000 >> Requesting for the AHB bus...
2178665000 >> AHB granted, starting recovery...
2197865000 >> Recovery done, continuing...
2197990000 >> Requesting for the AHB bus...
2198565000 >> Requesting for the AHB bus...
2199015000 >> AHB granted, starting recovery...
2218215000 >> Recovery done, continuing...
2218340000 >> Requesting for the AHB bus...
2218915000 >> Requesting for the AHB bus...
2219365000 >> AHB granted, starting recovery...
2238565000 >> Recovery done, continuing...
2238690000 >> Requesting for the AHB bus...
2239265000 >> Requesting for the AHB bus...
2239715000 >> AHB granted, starting recovery...
2258915000 >> Recovery done, continuing...
2259040000 >> Requesting for the AHB bus...
2259615000 >> Requesting for the AHB bus...
2260065000 >> AHB granted, starting recovery...
2279265000 >> Recovery done, continuing...
2279390000 >> Requesting for the AHB bus...
2279965000 >> Requesting for the AHB bus...
2280415000 >> AHB granted, starting recovery...
2299615000 >> Recovery done, continuing...
2299740000 >> Requesting for the AHB bus...
2300315000 >> Requesting for the AHB bus...
2300765000 >> AHB granted, starting recovery...
2319965000 >> Recovery done, continuing...
2320090000 >> Requesting for the AHB bus...
2320665000 >> Requesting for the AHB bus...
2321115000 >> AHB granted, starting recovery...
2340315000 >> Recovery done, continuing...
2340440000 >> Requesting for the AHB bus...
2341015000 >> Requesting for the AHB bus...
2341465000 >> AHB granted, starting recovery...
2360665000 >> Recovery done, continuing...
2360790000 >> Requesting for the AHB bus...
2361365000 >> Requesting for the AHB bus...
2361815000 >> AHB granted, starting recovery...
2381015000 >> Recovery done, continuing...
2381140000 >> Requesting for the AHB bus...
2381890000 >> Requesting for the AHB bus...
2382340000 >> AHB granted, starting recovery...
2401540000 >> Recovery done, continuing...
2401665000 >> Requesting for the AHB bus...
2402240000 >> Requesting for the AHB bus...
2402690000 >> AHB granted, starting recovery...
2421890000 >> Recovery done, continuing...
2422015000 >> Requesting for the AHB bus...
2422590000 >> Requesting for the AHB bus...
2423040000 >> AHB granted, starting recovery...
2442240000 >> Recovery done, continuing...
2442365000 >> Requesting for the AHB bus...
2442940000 >> Requesting for the AHB bus...
2443390000 >> AHB granted, starting recovery...
2462590000 >> Recovery done, continuing...
2462715000 >> Requesting for the AHB bus...
2463290000 >> Requesting for the AHB bus...
2463740000 >> AHB granted, starting recovery...
2482940000 >> Recovery done, continuing...
2483065000 >> Requesting for the AHB bus...
2483640000 >> Requesting for the AHB bus...
2484090000 >> AHB granted, starting recovery...
2503290000 >> Recovery done, continuing...
2503415000 >> Requesting for the AHB bus...
2503990000 >> Requesting for the AHB bus...
2504440000 >> AHB granted, starting recovery...
2523640000 >> Recovery done, continuing...
2523765000 >> Requesting for the AHB bus...
2524340000 >> Requesting for the AHB bus...
2524790000 >> AHB granted, starting recovery...
2543990000 >> Recovery done, continuing...
2544115000 >> Requesting for the AHB bus...
2544690000 >> Requesting for the AHB bus...
2545140000 >> AHB granted, starting recovery...
2564340000 >> Recovery done, continuing...
2564465000 >> Requesting for the AHB bus...
2565040000 >> Requesting for the AHB bus...
2565490000 >> AHB granted, starting recovery...
2584690000 >> Recovery done, continuing...
2584815000 >> Requesting for the AHB bus...
2585390000 >> Requesting for the AHB bus...
2585840000 >> AHB granted, starting recovery...
2605040000 >> Recovery done, continuing...
2605165000 >> Requesting for the AHB bus...
2605890000 >> Requesting for the AHB bus...
2606340000 >> AHB granted, starting recovery...
2625540000 >> Recovery done, continuing...
2625665000 >> Requesting for the AHB bus...
2626240000 >> Requesting for the AHB bus...
2626690000 >> AHB granted, starting recovery...
2645890000 >> Recovery done, continuing...
2646015000 >> Requesting for the AHB bus...
2646590000 >> Requesting for the AHB bus...
2647040000 >> AHB granted, starting recovery...
2666240000 >> Recovery done, continuing...
2666365000 >> Requesting for the AHB bus...
2666940000 >> Requesting for the AHB bus...
2667390000 >> AHB granted, starting recovery...
2686590000 >> Recovery done, continuing...
2686715000 >> Requesting for the AHB bus...
2687290000 >> Requesting for the AHB bus...
2687740000 >> AHB granted, starting recovery...
2706940000 >> Recovery done, continuing...
2707065000 >> Requesting for the AHB bus...
2707640000 >> Requesting for the AHB bus...
2708090000 >> AHB granted, starting recovery...
2727290000 >> Recovery done, continuing...
2727415000 >> Requesting for the AHB bus...
2727990000 >> Requesting for the AHB bus...
2728440000 >> AHB granted, starting recovery...
2737215000 >> time limit reached...
/testbench/cpu/l3/u0/leon3x0/vhdl/p0/iu/r.w.wreg:1
/testbench/cpu/l3/u0/leon3x0/vhdl/p0/iu/r.m.irqen:1
/testbench/cpu/l3/u0/leon3x0/vhdl/p0/iu/r.m.icc:0000
/testbench/cpu/l3/u0/leon3x0/vhdl/p0/iu/r.a.ticc:0
/testbench/cpu/l3/u0/leon3x0/vhdl/p0/iu/r.a.step:0
/testbench/cpu/l3/u0/leon3x0/vhdl/p0/iu/r.m.irqen2:1
/testbench/cpu/l3/u0/leon3x0/vhdl/p0/iu/r.d.pc:01000000000000000000000111111000
/testbench/cpu/l3/u0/leon3x0/vhdl/p0/iu/r.d.rexpl:{{00000000000000000000000000000000} {00} {0} 0 0 {0000000000000000000} 0 0 0 0 0 0}
/testbench/cpu/l3/u0/leon3x0/vhdl/p0/iu/r.d.mexc:0
/testbench/cpu/l3/u0/leon3x0/vhdl/p0/iu/r.a.aw:0
/testbench/cpu/l3/u0/leon3x0/vhdl/p0/iu/r.e.ctrl:{{01000000000000000000000111110100} {11000010000001111010000001000100} {00} {10000001} {000000} 0 0 1 0 0 1 0 0 0}
/testbench/cpu/l3/u0/leon3x0/vhdl/p0/iu/r.a.divstart:0
/testbench/cpu/l3/u0/leon3x0/vhdl/p0/iu/r.e.shleft:0
/testbench/cpu/l3/u0/leon3x0/vhdl/p0/iu/r.a.bp:0
/testbench/cpu/l3/u0/leon3x0/vhdl/p0/iu/r.w.twcwp:000
/testbench/cpu/l3/u0/leon3x0/vhdl/p0/iu/r.a.jmpl:0
/testbench/cpu/l3/u0/leon3x0/vhdl/p0/iu/r.m.casa:0
/testbench/cpu/l3/u0/leon3x0/vhdl/p0/iu/r.m.werr:0
/testbench/cpu/l3/u0/leon3x0/vhdl/p0/iu/r.e.su:1
/testbench/cpu/l3/u0/leon3x0/vhdl/p0/iu/r.e.et:1
/testbench/cpu/l3/u0/leon3x0/vhdl/p0/iu/r.a.ldcheck1:1
/testbench/cpu/l3/u0/leon3x0/vhdl/p0/iu/r.d.stwin:000
/testbench/cpu/l3/u0/leon3x0/vhdl/p0/iu/r.a.ldcheck2:1
/testbench/cpu/l3/u0/leon3x0/vhdl/p0/iu/r.x.intack:0
/testbench/cpu/l3/u0/leon3x0/vhdl/p0/iu/r.m.ctrl:{{01000000000000000000000111110000} {11000010001001111010000001000100} {01} {10000001} {000000} 0 0 0 0 0 0 0 0 0}
/testbench/cpu/l3/u0/leon3x0/vhdl/p0/iu/r.a.cwp:101
/testbench/cpu/l3/u0/leon3x0/vhdl/p0/iu/r.e.sari:0
/testbench/cpu/l3/u0/leon3x0/vhdl/p0/iu/r.d.paw:0
/testbench/cpu/l3/u0/leon3x0/vhdl/p0/iu/r.d.aw:0
/testbench/cpu/l3/u0/leon3x0/vhdl/p0/iu/r.d.awp:000
/testbench/cpu/l3/u0/leon3x0/vhdl/p0/iu/r.x.ctrl:{{01000000000000000000000111110000} {11000010001001111010000001000100} {00} {10000001} {000000} 0 0 0 0 0 0 1 0 0}
/testbench/cpu/l3/u0/leon3x0/vhdl/p0/iu/r.m.rexnalign:0
/testbench/cpu/l3/u0/leon3x0/vhdl/p0/iu/r.m.su:1
/testbench/cpu/l3/u0/leon3x0/vhdl/p0/iu/r.m.wcwp:0
/testbench/cpu/l3/u0/leon3x0/vhdl/p0/iu/r.d.divrdy:0
/testbench/cpu/l3/u0/leon3x0/vhdl/p0/iu/r.e.cwp:101
/testbench/cpu/l3/u0/leon3x0/vhdl/p0/iu/r.w.except:0
/testbench/cpu/l3/u0/leon3x0/vhdl/p0/iu/r.x.nerror:0
/testbench/cpu/l3/u0/leon3x0/vhdl/p0/iu/r.a.bpimiss:0
/testbench/cpu/l3/u0/leon3x0/vhdl/p0/iu/r.a.nobp:0
/testbench/cpu/l3/u0/leon3x0/vhdl/p0/iu/r.d.rexcnt:0
/testbench/cpu/l3/u0/leon3x0/vhdl/p0/iu/r.w.s:{{101} {0000} {00000000} {01000000000000000000} {00000010} {0000} 0 0 1 1 1 {00000000000000000000000000000000} {UUUUUUUUUUUUUUUUUUUUUUUUUUUUUUUU} 1 0 0 1 1 1 0 0 {000} {000} {111}}
/testbench/cpu/l3/u0/leon3x0/vhdl/p0/iu/r.d.pv:1
/testbench/cpu/l3/u0/leon3x0/vhdl/p0/iu/r.a.ldchkra:1
/testbench/cpu/l3/u0/leon3x0/vhdl/p0/iu/r.a.rfa1:10000001
/testbench/cpu/l3/u0/leon3x0/vhdl/p0/iu/r.a.rfa2:10000000
/testbench/cpu/l3/u0/leon3x0/vhdl/p0/iu/r.a.imm:00000000000000000000000000000000
/testbench/cpu/l3/u0/leon3x0/vhdl/p0/iu/r.w.wa:10000001
/testbench/cpu/l3/u0/leon3x0/vhdl/p0/iu/r.m.casaz:0
/testbench/cpu/l3/u0/leon3x0/vhdl/p0/iu/r.x.dci:{0 1 0 0 0 0 {10} {00001011}}
/testbench/cpu/l3/u0/leon3x0/vhdl/p0/iu/r.x.mac:0
/testbench/cpu/l3/u0/leon3x0/vhdl/p0/iu/r.m.divz:0
/testbench/cpu/l3/u0/leon3x0/vhdl/p0/iu/r.d.inst:{{11000010000010000100000000000000}}
/testbench/cpu/l3/u0/leon3x0/vhdl/p0/iu/r.e.rfe1:1
/testbench/cpu/l3/u0/leon3x0/vhdl/p0/iu/r.a.wovf:0
/testbench/cpu/l3/u0/leon3x0/vhdl/p0/iu/r.e.rfe2:0
/testbench/cpu/l3/u0/leon3x0/vhdl/p0/iu/r.e.op1:01000000000011111111111010011000
/testbench/cpu/l3/u0/leon3x0/vhdl/p0/iu/r.m.nalign:0
/testbench/cpu/l3/u0/leon3x0/vhdl/p0/iu/r.e.op2:00000000000000000000000001000100
/testbench/cpu/l3/u0/leon3x0/vhdl/p0/iu/r.d.rexen:0
/testbench/cpu/l3/u0/leon3x0/vhdl/p0/iu/r.a.ctrl:{{01000000000000000000000111111000} {11000010000010000100000000000000} {00} {10000001} {000000} 0 1 0 0 0 1 0 0 0}
/testbench/cpu/l3/u0/leon3x0/vhdl/p0/iu/r.x.ipend:0
/testbench/cpu/l3/u0/leon3x0/vhdl/p0/iu/r.e.ldbp1:0
/testbench/cpu/l3/u0/leon3x0/vhdl/p0/iu/r.e.aluadd:1
/testbench/cpu/l3/u0/leon3x0/vhdl/p0/iu/r.d.set:0
/testbench/cpu/l3/u0/leon3x0/vhdl/p0/iu/r.d.inull:0
/testbench/cpu/l3/u0/leon3x0/vhdl/p0/iu/r.e.ldbp2:0
/testbench/cpu/l3/u0/leon3x0/vhdl/p0/iu/r.d.cnt:00
/testbench/cpu/l3/u0/leon3x0/vhdl/p0/iu/r.a.su:1
/testbench/cpu/l3/u0/leon3x0/vhdl/p0/iu/r.a.et:1
/testbench/cpu/l3/u0/leon3x0/vhdl/p0/iu/r.e.mul:0
/testbench/cpu/l3/u0/leon3x0/vhdl/p0/iu/r.e.alusel:00
/testbench/cpu/l3/u0/leon3x0/vhdl/p0/iu/r.e.aw:U
/testbench/cpu/l3/u0/leon3x0/vhdl/p0/iu/r.e.mac:0
/testbench/cpu/l3/u0/leon3x0/vhdl/p0/iu/r.a.decill:0
/testbench/cpu/l3/u0/leon3x0/vhdl/p0/iu/r.x.icc:0000
/testbench/cpu/l3/u0/leon3x0/vhdl/p0/iu/r.x.result:01000000000011111111111011011100
/testbench/cpu/l3/u0/leon3x0/vhdl/p0/iu/r.e.bp:0
/testbench/cpu/l3/u0/leon3x0/vhdl/p0/iu/r.a.rs1:00001
/testbench/cpu/l3/u0/leon3x0/vhdl/p0/iu/r.e.jmpl:0
/testbench/cpu/l3/u0/leon3x0/vhdl/p0/iu/r.a.rsel1:001
/testbench/cpu/l3/u0/leon3x0/vhdl/p0/iu/r.x.y:00000000000000000000000000000000
/testbench/cpu/l3/u0/leon3x0/vhdl/p0/iu/r.a.rsel2:101
/testbench/cpu/l3/u0/leon3x0/vhdl/p0/iu/r.a.awp:000
/testbench/cpu/l3/u0/leon3x0/vhdl/p0/iu/r.a.paw:0
/testbench/cpu/l3/u0/leon3x0/vhdl/p0/iu/r.x.data:{{01000000000000000001001000110111}}
/testbench/cpu/l3/u0/leon3x0/vhdl/p0/iu/r.m.mul:0
/testbench/cpu/l3/u0/leon3x0/vhdl/p0/iu/r.e.rd:UUUUU
/testbench/cpu/l3/u0/leon3x0/vhdl/p0/iu/r.e.invop2:0
/testbench/cpu/l3/u0/leon3x0/vhdl/p0/iu/r.m.wawp:0
/testbench/cpu/l3/u0/leon3x0/vhdl/p0/iu/r.d.cwpmax:111
/testbench/cpu/l3/u0/leon3x0/vhdl/p0/iu/r.f.branch:0
/testbench/cpu/l3/u0/leon3x0/vhdl/p0/iu/r.d.pcheld:1
/testbench/cpu/l3/u0/leon3x0/vhdl/p0/iu/r.m.dci:{0 0 0 1 0 0 {10} {00001011}}
/testbench/cpu/l3/u0/leon3x0/vhdl/p0/iu/r.e.paw:U
/testbench/cpu/l3/u0/leon3x0/vhdl/p0/iu/r.e.awp:UUU
/testbench/cpu/l3/u0/leon3x0/vhdl/p0/iu/r.e.shcnt:00100
/testbench/cpu/l3/u0/leon3x0/vhdl/p0/iu/r.w.result:01000000000000000001001000111000
/testbench/cpu/l3/u0/leon3x0/vhdl/p0/iu/r.m.mac:0
/testbench/cpu/l3/u0/leon3x0/vhdl/p0/iu/r.m.y:00000000000000000000000000000000
/testbench/cpu/l3/u0/leon3x0/vhdl/p0/iu/r.d.cwp:101
/testbench/cpu/l3/u0/leon3x0/vhdl/p0/iu/r.x.laddr:00
/testbench/cpu/l3/u0/leon3x0/vhdl/p0/iu/r.e.mulstep:0
/testbench/cpu/l3/u0/leon3x0/vhdl/p0/iu/r.e.ymsb:0
/testbench/cpu/l3/u0/leon3x0/vhdl/p0/iu/r.d.rexbuf:00000000000000000000000000000000
/testbench/cpu/l3/u0/leon3x0/vhdl/p0/iu/r.x.npc:100
/testbench/cpu/l3/u0/leon3x0/vhdl/p0/iu/r.f.pc:01000000000000000000000111111100
/testbench/cpu/l3/u0/leon3x0/vhdl/p0/iu/r.d.annul:0
/testbench/cpu/l3/u0/leon3x0/vhdl/p0/iu/r.x.rstate:run
/testbench/cpu/l3/u0/leon3x0/vhdl/p0/iu/r.x.set:0
/testbench/cpu/l3/u0/leon3x0/vhdl/p0/iu/r.m.result:01000000000000000001001000111000
/testbench/cpu/l3/u0/leon3x0/vhdl/p0/iu/r.e.icc:UUUU
/testbench/cpu/l3/u0/leon3x0/vhdl/p0/iu/r.a.getpc:0
/testbench/cpu/l3/u0/leon3x0/vhdl/p0/iu/r.a.ldchkex:1
/testbench/cpu/l3/u0/leon3x0/vhdl/p0/iu/r.x.mexc:0
/testbench/cpu/l3/u0/leon3x0/vhdl/p0/iu/r.a.mulstart:0
/testbench/cpu/l3/u0/leon3x0/vhdl/p0/iu/r.d.rexpos:10
/testbench/cpu/l3/u0/leon3x0/vhdl/p0/iu/r.x.annul_all:0
/testbench/cpu/l3/u0/leon3x0/vhdl/p0/iu/r.e.aluop:000
/testbench/cpu/l3/u0/leon3x0/vhdl/p0/iu/r.x.debug:0
/testbench/cpu/l3/u0/leon3x0/vhdl/p0/iu/r.a.rfe1:0
/testbench/cpu/l3/u0/leon3x0/vhdl/p0/iu/r.d.step:0
/testbench/cpu/l3/u0/leon3x0/vhdl/p0/iu/r.a.rfe2:0
/testbench/cpu/l3/u0/leon3x0/vhdl/p0/iu/r.e.alucin:0
/testbench/cpu/l3/u0/leon3x0/vhdl/p0/iu/r.a.wunf:0
======================================
progstatus: -2
execerr: 99
latent: 1
time limit!
>>>>>>>>>>>>>>> 2737215000
======================================
