Test signal = /testbench/cpu/l3/u0/leon3x0/vhdl/p0/iu/r.m.wcwp
oldval = 0
pos1: -1 pos0: 0 posU: -1
newval = 1
Signal value: 0
oldval = 0
pos1: -1 pos0: 0 posU: -1
newval = 1
force in 1006853
584315000 >> iteration no: 0
994990000 >> iteration no: 1
1405665000 >> iteration no: 2
1587365000 >> Requesting for the AHB bus...
1587990000 >> Requesting for the AHB bus...
1588440000 >> AHB granted, starting recovery...
1607640000 >> Recovery done, continuing...
1607690000 >> Requesting for the AHB bus...
1608340000 >> Requesting for the AHB bus...
1608740000 >> AHB granted, starting recovery...
1627940000 >> Recovery done, continuing...
1627990000 >> Requesting for the AHB bus...
1628640000 >> Requesting for the AHB bus...
1629040000 >> AHB granted, starting recovery...
1648240000 >> Recovery done, continuing...
1648290000 >> Requesting for the AHB bus...
1648940000 >> Requesting for the AHB bus...
1649340000 >> AHB granted, starting recovery...
1668540000 >> Recovery done, continuing...
1668590000 >> Requesting for the AHB bus...
1669240000 >> Requesting for the AHB bus...
1669640000 >> AHB granted, starting recovery...
1688840000 >> Recovery done, continuing...
1688890000 >> Requesting for the AHB bus...
1689540000 >> Requesting for the AHB bus...
1689940000 >> AHB granted, starting recovery...
1709140000 >> Recovery done, continuing...
1709190000 >> Requesting for the AHB bus...
1709940000 >> Requesting for the AHB bus...
1710340000 >> AHB granted, starting recovery...
1729540000 >> Recovery done, continuing...
1729590000 >> Requesting for the AHB bus...
1730240000 >> Requesting for the AHB bus...
1730640000 >> AHB granted, starting recovery...
1749840000 >> Recovery done, continuing...
1749890000 >> Requesting for the AHB bus...
1750540000 >> Requesting for the AHB bus...
1750940000 >> AHB granted, starting recovery...
1770140000 >> Recovery done, continuing...
1770190000 >> Requesting for the AHB bus...
1770840000 >> Requesting for the AHB bus...
1771240000 >> AHB granted, starting recovery...
1790440000 >> Recovery done, continuing...
1790490000 >> Requesting for the AHB bus...
1791140000 >> Requesting for the AHB bus...
1791540000 >> AHB granted, starting recovery...
1810740000 >> Recovery done, continuing...
1810790000 >> Requesting for the AHB bus...
1811440000 >> Requesting for the AHB bus...
1811840000 >> AHB granted, starting recovery...
1831040000 >> Recovery done, continuing...
1831090000 >> Requesting for the AHB bus...
1831740000 >> Requesting for the AHB bus...
1832140000 >> AHB granted, starting recovery...
1851340000 >> Recovery done, continuing...
1851390000 >> Requesting for the AHB bus...
1852040000 >> Requesting for the AHB bus...
1852440000 >> AHB granted, starting recovery...
1871640000 >> Recovery done, continuing...
1871690000 >> Requesting for the AHB bus...
1872340000 >> Requesting for the AHB bus...
1872740000 >> AHB granted, starting recovery...
1891940000 >> Recovery done, continuing...
1891990000 >> Requesting for the AHB bus...
1892640000 >> Requesting for the AHB bus...
1893040000 >> AHB granted, starting recovery...
1912240000 >> Recovery done, continuing...
1912290000 >> Requesting for the AHB bus...
1912940000 >> Requesting for the AHB bus...
1913340000 >> AHB granted, starting recovery...
1932540000 >> Recovery done, continuing...
1932590000 >> Requesting for the AHB bus...
1933240000 >> Requesting for the AHB bus...
1933640000 >> AHB granted, starting recovery...
1952840000 >> Recovery done, continuing...
1952890000 >> Requesting for the AHB bus...
1953540000 >> Requesting for the AHB bus...
1953940000 >> AHB granted, starting recovery...
1973140000 >> Recovery done, continuing...
1973190000 >> Requesting for the AHB bus...
1973840000 >> Requesting for the AHB bus...
1974240000 >> AHB granted, starting recovery...
1993440000 >> Recovery done, continuing...
1993490000 >> Requesting for the AHB bus...
1994140000 >> Requesting for the AHB bus...
1994540000 >> AHB granted, starting recovery...
2013740000 >> Recovery done, continuing...
2013790000 >> Requesting for the AHB bus...
2014440000 >> Requesting for the AHB bus...
2014840000 >> AHB granted, starting recovery...
2034040000 >> Recovery done, continuing...
2034090000 >> Requesting for the AHB bus...
2034740000 >> Requesting for the AHB bus...
2035140000 >> AHB granted, starting recovery...
2054340000 >> Recovery done, continuing...
2054390000 >> Requesting for the AHB bus...
2055215000 >> Requesting for the AHB bus...
2055615000 >> AHB granted, starting recovery...
2074815000 >> Recovery done, continuing...
2074865000 >> Requesting for the AHB bus...
2075515000 >> Requesting for the AHB bus...
2075915000 >> AHB granted, starting recovery...
2095115000 >> Recovery done, continuing...
2095165000 >> Requesting for the AHB bus...
2095815000 >> Requesting for the AHB bus...
2096215000 >> AHB granted, starting recovery...
2115415000 >> Recovery done, continuing...
2115465000 >> Requesting for the AHB bus...
2116115000 >> Requesting for the AHB bus...
2116515000 >> AHB granted, starting recovery...
2135715000 >> Recovery done, continuing...
2135765000 >> Requesting for the AHB bus...
2136415000 >> Requesting for the AHB bus...
2136815000 >> AHB granted, starting recovery...
2156015000 >> Recovery done, continuing...
2156065000 >> Requesting for the AHB bus...
2156715000 >> Requesting for the AHB bus...
2157115000 >> AHB granted, starting recovery...
2176315000 >> Recovery done, continuing...
2176365000 >> Requesting for the AHB bus...
2177140000 >> Requesting for the AHB bus...
2177540000 >> AHB granted, starting recovery...
2196740000 >> Recovery done, continuing...
2196790000 >> Requesting for the AHB bus...
2197440000 >> Requesting for the AHB bus...
2197840000 >> AHB granted, starting recovery...
2217040000 >> Recovery done, continuing...
2217090000 >> Requesting for the AHB bus...
2217740000 >> Requesting for the AHB bus...
2218140000 >> AHB granted, starting recovery...
2237340000 >> Recovery done, continuing...
2237390000 >> Requesting for the AHB bus...
2238040000 >> Requesting for the AHB bus...
2238440000 >> AHB granted, starting recovery...
2257640000 >> Recovery done, continuing...
2257690000 >> Requesting for the AHB bus...
2258340000 >> Requesting for the AHB bus...
2258740000 >> AHB granted, starting recovery...
2277940000 >> Recovery done, continuing...
2277990000 >> Requesting for the AHB bus...
2278640000 >> Requesting for the AHB bus...
2279040000 >> AHB granted, starting recovery...
2298240000 >> Recovery done, continuing...
2298290000 >> Requesting for the AHB bus...
2298940000 >> Requesting for the AHB bus...
2299340000 >> AHB granted, starting recovery...
2318540000 >> Recovery done, continuing...
2318590000 >> Requesting for the AHB bus...
2319240000 >> Requesting for the AHB bus...
2319640000 >> AHB granted, starting recovery...
2338840000 >> Recovery done, continuing...
2338890000 >> Requesting for the AHB bus...
2339540000 >> Requesting for the AHB bus...
2339940000 >> AHB granted, starting recovery...
2359140000 >> Recovery done, continuing...
2359190000 >> Requesting for the AHB bus...
2359840000 >> Requesting for the AHB bus...
2360240000 >> AHB granted, starting recovery...
2379440000 >> Recovery done, continuing...
2379490000 >> Requesting for the AHB bus...
2380140000 >> Requesting for the AHB bus...
2380540000 >> AHB granted, starting recovery...
2399740000 >> Recovery done, continuing...
2399790000 >> Requesting for the AHB bus...
2400440000 >> Requesting for the AHB bus...
2400840000 >> AHB granted, starting recovery...
2420040000 >> Recovery done, continuing...
2420090000 >> Requesting for the AHB bus...
2420740000 >> Requesting for the AHB bus...
2421140000 >> AHB granted, starting recovery...
2440340000 >> Recovery done, continuing...
2440390000 >> Requesting for the AHB bus...
2441040000 >> Requesting for the AHB bus...
2441440000 >> AHB granted, starting recovery...
2460640000 >> Recovery done, continuing...
2460690000 >> Requesting for the AHB bus...
2461340000 >> Requesting for the AHB bus...
2461740000 >> AHB granted, starting recovery...
2480940000 >> Recovery done, continuing...
2480990000 >> Requesting for the AHB bus...
2481640000 >> Requesting for the AHB bus...
2482040000 >> AHB granted, starting recovery...
2501240000 >> Recovery done, continuing...
2501290000 >> Requesting for the AHB bus...
2501940000 >> Requesting for the AHB bus...
2502340000 >> AHB granted, starting recovery...
2521540000 >> Recovery done, continuing...
2521590000 >> Requesting for the AHB bus...
2522415000 >> Requesting for the AHB bus...
2522815000 >> AHB granted, starting recovery...
2542015000 >> Recovery done, continuing...
2542065000 >> Requesting for the AHB bus...
2542715000 >> Requesting for the AHB bus...
2543115000 >> AHB granted, starting recovery...
2562315000 >> Recovery done, continuing...
2562365000 >> Requesting for the AHB bus...
2563015000 >> Requesting for the AHB bus...
2563415000 >> AHB granted, starting recovery...
2582615000 >> Recovery done, continuing...
2582665000 >> Requesting for the AHB bus...
2583315000 >> Requesting for the AHB bus...
2583715000 >> AHB granted, starting recovery...
2602915000 >> Recovery done, continuing...
2602965000 >> Requesting for the AHB bus...
2603615000 >> Requesting for the AHB bus...
2604015000 >> AHB granted, starting recovery...
2623215000 >> Recovery done, continuing...
2623265000 >> Requesting for the AHB bus...
2623915000 >> Requesting for the AHB bus...
2624315000 >> AHB granted, starting recovery...
2643515000 >> Recovery done, continuing...
2643565000 >> Requesting for the AHB bus...
2644340000 >> Requesting for the AHB bus...
2644740000 >> AHB granted, starting recovery...
2663940000 >> Recovery done, continuing...
2663990000 >> Requesting for the AHB bus...
2664640000 >> Requesting for the AHB bus...
2665040000 >> AHB granted, starting recovery...
2684240000 >> Recovery done, continuing...
2684290000 >> Requesting for the AHB bus...
2684940000 >> Requesting for the AHB bus...
2685340000 >> AHB granted, starting recovery...
2704540000 >> Recovery done, continuing...
2704590000 >> Requesting for the AHB bus...
2705240000 >> Requesting for the AHB bus...
2705640000 >> AHB granted, starting recovery...
2724840000 >> Recovery done, continuing...
2724890000 >> Requesting for the AHB bus...
2725540000 >> Requesting for the AHB bus...
2725940000 >> AHB granted, starting recovery...
2737215000 >> time limit reached...
/testbench/cpu/l3/u0/leon3x0/vhdl/p0/iu/r.w.wreg:1
/testbench/cpu/l3/u0/leon3x0/vhdl/p0/iu/r.m.irqen:1
/testbench/cpu/l3/u0/leon3x0/vhdl/p0/iu/r.m.icc:0000
/testbench/cpu/l3/u0/leon3x0/vhdl/p0/iu/r.a.ticc:0
/testbench/cpu/l3/u0/leon3x0/vhdl/p0/iu/r.a.step:0
/testbench/cpu/l3/u0/leon3x0/vhdl/p0/iu/r.m.irqen2:1
/testbench/cpu/l3/u0/leon3x0/vhdl/p0/iu/r.d.pc:01000000000000000000000111101100
/testbench/cpu/l3/u0/leon3x0/vhdl/p0/iu/r.d.rexpl:{{00000000000000000000000000000000} {00} {0} 0 0 {0000000000000000000} 0 0 0 0 0 0}
/testbench/cpu/l3/u0/leon3x0/vhdl/p0/iu/r.d.mexc:0
/testbench/cpu/l3/u0/leon3x0/vhdl/p0/iu/r.a.aw:0
/testbench/cpu/l3/u0/leon3x0/vhdl/p0/iu/r.e.ctrl:{{01000000000000000000000111101000} {11000010000001111010000001000100} {00} {10000001} {000000} 0 0 1 0 0 1 1 0 0}
/testbench/cpu/l3/u0/leon3x0/vhdl/p0/iu/r.a.divstart:0
/testbench/cpu/l3/u0/leon3x0/vhdl/p0/iu/r.e.shleft:0
/testbench/cpu/l3/u0/leon3x0/vhdl/p0/iu/r.a.bp:0
/testbench/cpu/l3/u0/leon3x0/vhdl/p0/iu/r.w.twcwp:000
/testbench/cpu/l3/u0/leon3x0/vhdl/p0/iu/r.a.jmpl:0
/testbench/cpu/l3/u0/leon3x0/vhdl/p0/iu/r.m.casa:0
/testbench/cpu/l3/u0/leon3x0/vhdl/p0/iu/r.m.werr:0
/testbench/cpu/l3/u0/leon3x0/vhdl/p0/iu/r.e.su:1
/testbench/cpu/l3/u0/leon3x0/vhdl/p0/iu/r.e.et:1
/testbench/cpu/l3/u0/leon3x0/vhdl/p0/iu/r.a.ldcheck1:1
/testbench/cpu/l3/u0/leon3x0/vhdl/p0/iu/r.d.stwin:000
/testbench/cpu/l3/u0/leon3x0/vhdl/p0/iu/r.a.ldcheck2:0
/testbench/cpu/l3/u0/leon3x0/vhdl/p0/iu/r.x.intack:0
/testbench/cpu/l3/u0/leon3x0/vhdl/p0/iu/r.m.ctrl:{{01000000000000000000000111100100} {11000010001001111011111111111100} {01} {10000001} {000000} 0 0 0 0 0 0 0 0 0}
/testbench/cpu/l3/u0/leon3x0/vhdl/p0/iu/r.a.cwp:000
/testbench/cpu/l3/u0/leon3x0/vhdl/p0/iu/r.e.sari:0
/testbench/cpu/l3/u0/leon3x0/vhdl/p0/iu/r.d.paw:0
/testbench/cpu/l3/u0/leon3x0/vhdl/p0/iu/r.d.aw:0
/testbench/cpu/l3/u0/leon3x0/vhdl/p0/iu/r.d.awp:000
/testbench/cpu/l3/u0/leon3x0/vhdl/p0/iu/r.x.ctrl:{{01000000000000000000000111100100} {11000010001001111011111111111100} {00} {10000001} {000000} 0 0 0 0 0 0 1 0 0}
/testbench/cpu/l3/u0/leon3x0/vhdl/p0/iu/r.m.rexnalign:0
/testbench/cpu/l3/u0/leon3x0/vhdl/p0/iu/r.m.su:1
/testbench/cpu/l3/u0/leon3x0/vhdl/p0/iu/r.m.wcwp:0
/testbench/cpu/l3/u0/leon3x0/vhdl/p0/iu/r.d.divrdy:0
/testbench/cpu/l3/u0/leon3x0/vhdl/p0/iu/r.e.cwp:000
/testbench/cpu/l3/u0/leon3x0/vhdl/p0/iu/r.w.except:0
/testbench/cpu/l3/u0/leon3x0/vhdl/p0/iu/r.x.nerror:0
/testbench/cpu/l3/u0/leon3x0/vhdl/p0/iu/r.a.bpimiss:0
/testbench/cpu/l3/u0/leon3x0/vhdl/p0/iu/r.a.nobp:0
/testbench/cpu/l3/u0/leon3x0/vhdl/p0/iu/r.d.rexcnt:0
/testbench/cpu/l3/u0/leon3x0/vhdl/p0/iu/r.w.s:{{101} {0000} {00000000} {01000000000000000000} {00000010} {0000} 0 0 1 1 1 {00000000000000000000000000000000} {UUUUUUUUUUUUUUUUUUUUUUUUUUUUUUUU} 1 0 0 1 1 1 0 0 {000} {000} {111}}
/testbench/cpu/l3/u0/leon3x0/vhdl/p0/iu/r.d.pv:1
/testbench/cpu/l3/u0/leon3x0/vhdl/p0/iu/r.a.ldchkra:1
/testbench/cpu/l3/u0/leon3x0/vhdl/p0/iu/r.a.rfa1:10000001
/testbench/cpu/l3/u0/leon3x0/vhdl/p0/iu/r.a.rfa2:10000001
/testbench/cpu/l3/u0/leon3x0/vhdl/p0/iu/r.a.imm:00000000000000000000000000000001
/testbench/cpu/l3/u0/leon3x0/vhdl/p0/iu/r.w.wa:10000001
/testbench/cpu/l3/u0/leon3x0/vhdl/p0/iu/r.m.casaz:0
/testbench/cpu/l3/u0/leon3x0/vhdl/p0/iu/r.x.dci:{0 1 0 0 0 0 {10} {00001011}}
/testbench/cpu/l3/u0/leon3x0/vhdl/p0/iu/r.x.mac:0
/testbench/cpu/l3/u0/leon3x0/vhdl/p0/iu/r.m.divz:0
/testbench/cpu/l3/u0/leon3x0/vhdl/p0/iu/r.d.inst:{{10000010000000000110000000000001}}
/testbench/cpu/l3/u0/leon3x0/vhdl/p0/iu/r.e.rfe1:1
/testbench/cpu/l3/u0/leon3x0/vhdl/p0/iu/r.a.wovf:0
/testbench/cpu/l3/u0/leon3x0/vhdl/p0/iu/r.e.rfe2:0
/testbench/cpu/l3/u0/leon3x0/vhdl/p0/iu/r.e.op1:01000000000011111111111111100000
/testbench/cpu/l3/u0/leon3x0/vhdl/p0/iu/r.m.nalign:0
/testbench/cpu/l3/u0/leon3x0/vhdl/p0/iu/r.e.op2:00000000000000000000000001000100
/testbench/cpu/l3/u0/leon3x0/vhdl/p0/iu/r.d.rexen:0
/testbench/cpu/l3/u0/leon3x0/vhdl/p0/iu/r.a.ctrl:{{01000000000000000000000111101100} {10000010000000000110000000000001} {00} {10000001} {000000} 0 1 0 0 0 0 0 0 0}
/testbench/cpu/l3/u0/leon3x0/vhdl/p0/iu/r.x.ipend:0
/testbench/cpu/l3/u0/leon3x0/vhdl/p0/iu/r.e.ldbp1:0
/testbench/cpu/l3/u0/leon3x0/vhdl/p0/iu/r.e.aluadd:1
/testbench/cpu/l3/u0/leon3x0/vhdl/p0/iu/r.d.set:0
/testbench/cpu/l3/u0/leon3x0/vhdl/p0/iu/r.d.inull:0
/testbench/cpu/l3/u0/leon3x0/vhdl/p0/iu/r.e.ldbp2:0
/testbench/cpu/l3/u0/leon3x0/vhdl/p0/iu/r.d.cnt:00
/testbench/cpu/l3/u0/leon3x0/vhdl/p0/iu/r.a.su:1
/testbench/cpu/l3/u0/leon3x0/vhdl/p0/iu/r.a.et:1
/testbench/cpu/l3/u0/leon3x0/vhdl/p0/iu/r.e.mul:0
/testbench/cpu/l3/u0/leon3x0/vhdl/p0/iu/r.e.alusel:00
/testbench/cpu/l3/u0/leon3x0/vhdl/p0/iu/r.e.aw:U
/testbench/cpu/l3/u0/leon3x0/vhdl/p0/iu/r.e.mac:0
/testbench/cpu/l3/u0/leon3x0/vhdl/p0/iu/r.a.decill:0
/testbench/cpu/l3/u0/leon3x0/vhdl/p0/iu/r.x.icc:0000
/testbench/cpu/l3/u0/leon3x0/vhdl/p0/iu/r.x.result:01000000000011111111111111011100
/testbench/cpu/l3/u0/leon3x0/vhdl/p0/iu/r.e.bp:0
/testbench/cpu/l3/u0/leon3x0/vhdl/p0/iu/r.a.rs1:00001
/testbench/cpu/l3/u0/leon3x0/vhdl/p0/iu/r.e.jmpl:0
/testbench/cpu/l3/u0/leon3x0/vhdl/p0/iu/r.a.rsel1:001
/testbench/cpu/l3/u0/leon3x0/vhdl/p0/iu/r.x.y:00000000000000000000000000000000
/testbench/cpu/l3/u0/leon3x0/vhdl/p0/iu/r.a.rsel2:100
/testbench/cpu/l3/u0/leon3x0/vhdl/p0/iu/r.a.awp:000
/testbench/cpu/l3/u0/leon3x0/vhdl/p0/iu/r.a.paw:0
/testbench/cpu/l3/u0/leon3x0/vhdl/p0/iu/r.x.data:{{00000000000000000000000000101000}}
/testbench/cpu/l3/u0/leon3x0/vhdl/p0/iu/r.m.mul:0
/testbench/cpu/l3/u0/leon3x0/vhdl/p0/iu/r.e.rd:UUUUU
/testbench/cpu/l3/u0/leon3x0/vhdl/p0/iu/r.e.invop2:0
/testbench/cpu/l3/u0/leon3x0/vhdl/p0/iu/r.m.wawp:0
/testbench/cpu/l3/u0/leon3x0/vhdl/p0/iu/r.d.cwpmax:111
/testbench/cpu/l3/u0/leon3x0/vhdl/p0/iu/r.f.branch:0
/testbench/cpu/l3/u0/leon3x0/vhdl/p0/iu/r.d.pcheld:1
/testbench/cpu/l3/u0/leon3x0/vhdl/p0/iu/r.m.dci:{0 0 0 1 0 0 {10} {00001011}}
/testbench/cpu/l3/u0/leon3x0/vhdl/p0/iu/r.e.paw:U
/testbench/cpu/l3/u0/leon3x0/vhdl/p0/iu/r.e.awp:UUU
/testbench/cpu/l3/u0/leon3x0/vhdl/p0/iu/r.e.shcnt:00100
/testbench/cpu/l3/u0/leon3x0/vhdl/p0/iu/r.w.result:00000000000000000000000000011000
/testbench/cpu/l3/u0/leon3x0/vhdl/p0/iu/r.m.mac:0
/testbench/cpu/l3/u0/leon3x0/vhdl/p0/iu/r.m.y:00000000000000000000000000000000
/testbench/cpu/l3/u0/leon3x0/vhdl/p0/iu/r.d.cwp:000
/testbench/cpu/l3/u0/leon3x0/vhdl/p0/iu/r.x.laddr:00
/testbench/cpu/l3/u0/leon3x0/vhdl/p0/iu/r.e.mulstep:0
/testbench/cpu/l3/u0/leon3x0/vhdl/p0/iu/r.e.ymsb:0
/testbench/cpu/l3/u0/leon3x0/vhdl/p0/iu/r.d.rexbuf:00000000000000000000000000000000
/testbench/cpu/l3/u0/leon3x0/vhdl/p0/iu/r.x.npc:100
/testbench/cpu/l3/u0/leon3x0/vhdl/p0/iu/r.f.pc:01000000000000000000000111110000
/testbench/cpu/l3/u0/leon3x0/vhdl/p0/iu/r.d.annul:0
/testbench/cpu/l3/u0/leon3x0/vhdl/p0/iu/r.x.rstate:run
/testbench/cpu/l3/u0/leon3x0/vhdl/p0/iu/r.x.set:0
/testbench/cpu/l3/u0/leon3x0/vhdl/p0/iu/r.m.result:00000000000000000000000000011000
/testbench/cpu/l3/u0/leon3x0/vhdl/p0/iu/r.e.icc:UUUU
/testbench/cpu/l3/u0/leon3x0/vhdl/p0/iu/r.a.getpc:0
/testbench/cpu/l3/u0/leon3x0/vhdl/p0/iu/r.a.ldchkex:1
/testbench/cpu/l3/u0/leon3x0/vhdl/p0/iu/r.x.mexc:0
/testbench/cpu/l3/u0/leon3x0/vhdl/p0/iu/r.a.mulstart:0
/testbench/cpu/l3/u0/leon3x0/vhdl/p0/iu/r.d.rexpos:10
/testbench/cpu/l3/u0/leon3x0/vhdl/p0/iu/r.x.annul_all:0
/testbench/cpu/l3/u0/leon3x0/vhdl/p0/iu/r.e.aluop:000
/testbench/cpu/l3/u0/leon3x0/vhdl/p0/iu/r.x.debug:0
/testbench/cpu/l3/u0/leon3x0/vhdl/p0/iu/r.a.rfe1:0
/testbench/cpu/l3/u0/leon3x0/vhdl/p0/iu/r.d.step:0
/testbench/cpu/l3/u0/leon3x0/vhdl/p0/iu/r.a.rfe2:0
/testbench/cpu/l3/u0/leon3x0/vhdl/p0/iu/r.e.alucin:0
/testbench/cpu/l3/u0/leon3x0/vhdl/p0/iu/r.a.wunf:0
======================================
progstatus: -2
execerr: 57
latent: 1
time limit!
>>>>>>>>>>>>>>> 2737215000
======================================
