Test signal = /testbench/cpu/l3/u0/leon3x0/vhdl/p0/iu/r.d.pv
oldval = 1
pos1: 0 pos0: -1 posU: -1
newval = 0
Signal value: 1
oldval = 1
pos1: 0 pos0: -1 posU: -1
newval = 0
force in 730450
584315000 >> iteration no: 0
994990000 >> iteration no: 1
1310390000 >> Requesting for the AHB bus...
1310690000 >> Requesting for the AHB bus...
1311190000 >> AHB granted, starting recovery...
1330390000 >> Recovery done, continuing...
1330740000 >> Requesting for the AHB bus...
1331040000 >> Requesting for the AHB bus...
1331540000 >> AHB granted, starting recovery...
1350740000 >> Recovery done, continuing...
1351190000 >> Requesting for the AHB bus...
1351490000 >> Requesting for the AHB bus...
1351990000 >> AHB granted, starting recovery...
1371190000 >> Recovery done, continuing...
1371540000 >> Requesting for the AHB bus...
1371840000 >> Requesting for the AHB bus...
1372340000 >> AHB granted, starting recovery...
1391540000 >> Recovery done, continuing...
1391890000 >> Requesting for the AHB bus...
1392190000 >> Requesting for the AHB bus...
1392690000 >> AHB granted, starting recovery...
1411890000 >> Recovery done, continuing...
1412240000 >> Requesting for the AHB bus...
1412540000 >> Requesting for the AHB bus...
1413040000 >> AHB granted, starting recovery...
1432240000 >> Recovery done, continuing...
1432590000 >> Requesting for the AHB bus...
1432890000 >> Requesting for the AHB bus...
1433390000 >> AHB granted, starting recovery...
1452590000 >> Recovery done, continuing...
1452940000 >> Requesting for the AHB bus...
1453240000 >> Requesting for the AHB bus...
1453740000 >> AHB granted, starting recovery...
1472940000 >> Recovery done, continuing...
1473290000 >> Requesting for the AHB bus...
1473590000 >> Requesting for the AHB bus...
1474090000 >> AHB granted, starting recovery...
1493290000 >> Recovery done, continuing...
1493640000 >> Requesting for the AHB bus...
1493940000 >> Requesting for the AHB bus...
1494440000 >> AHB granted, starting recovery...
1513640000 >> Recovery done, continuing...
1513990000 >> Requesting for the AHB bus...
1514290000 >> Requesting for the AHB bus...
1514790000 >> AHB granted, starting recovery...
1533990000 >> Recovery done, continuing...
1534340000 >> Requesting for the AHB bus...
1534640000 >> Requesting for the AHB bus...
1535140000 >> AHB granted, starting recovery...
1554340000 >> Recovery done, continuing...
1554690000 >> Requesting for the AHB bus...
1554990000 >> Requesting for the AHB bus...
1555490000 >> AHB granted, starting recovery...
1574690000 >> Recovery done, continuing...
1575190000 >> Requesting for the AHB bus...
1575490000 >> Requesting for the AHB bus...
1575990000 >> AHB granted, starting recovery...
1595190000 >> Recovery done, continuing...
1595540000 >> Requesting for the AHB bus...
1595840000 >> Requesting for the AHB bus...
1596340000 >> AHB granted, starting recovery...
1615540000 >> Recovery done, continuing...
1615890000 >> Requesting for the AHB bus...
1616190000 >> Requesting for the AHB bus...
1616690000 >> AHB granted, starting recovery...
1635890000 >> Recovery done, continuing...
1636240000 >> Requesting for the AHB bus...
1636540000 >> Requesting for the AHB bus...
1637040000 >> AHB granted, starting recovery...
1656240000 >> Recovery done, continuing...
1656590000 >> Requesting for the AHB bus...
1656890000 >> Requesting for the AHB bus...
1657390000 >> AHB granted, starting recovery...
1676590000 >> Recovery done, continuing...
1676940000 >> Requesting for the AHB bus...
1677240000 >> Requesting for the AHB bus...
1677740000 >> AHB granted, starting recovery...
1696940000 >> Recovery done, continuing...
1697290000 >> Requesting for the AHB bus...
1697590000 >> Requesting for the AHB bus...
1698090000 >> AHB granted, starting recovery...
1717290000 >> Recovery done, continuing...
1717640000 >> Requesting for the AHB bus...
1717940000 >> Requesting for the AHB bus...
1718440000 >> AHB granted, starting recovery...
1737640000 >> Recovery done, continuing...
1737990000 >> Requesting for the AHB bus...
1738290000 >> Requesting for the AHB bus...
1738790000 >> AHB granted, starting recovery...
1757990000 >> Recovery done, continuing...
1758340000 >> Requesting for the AHB bus...
1758640000 >> Requesting for the AHB bus...
1759140000 >> AHB granted, starting recovery...
1778340000 >> Recovery done, continuing...
1778690000 >> Requesting for the AHB bus...
1778990000 >> Requesting for the AHB bus...
1779490000 >> AHB granted, starting recovery...
1798690000 >> Recovery done, continuing...
1799190000 >> Requesting for the AHB bus...
1799490000 >> Requesting for the AHB bus...
1799990000 >> AHB granted, starting recovery...
1819190000 >> Recovery done, continuing...
1819540000 >> Requesting for the AHB bus...
1819840000 >> Requesting for the AHB bus...
1820340000 >> AHB granted, starting recovery...
1839540000 >> Recovery done, continuing...
1839890000 >> Requesting for the AHB bus...
1840190000 >> Requesting for the AHB bus...
1840690000 >> AHB granted, starting recovery...
1859890000 >> Recovery done, continuing...
1860240000 >> Requesting for the AHB bus...
1860540000 >> Requesting for the AHB bus...
1861040000 >> AHB granted, starting recovery...
1880240000 >> Recovery done, continuing...
1880590000 >> Requesting for the AHB bus...
1880890000 >> Requesting for the AHB bus...
1881390000 >> AHB granted, starting recovery...
1900590000 >> Recovery done, continuing...
1900940000 >> Requesting for the AHB bus...
1901240000 >> Requesting for the AHB bus...
1901740000 >> AHB granted, starting recovery...
1920940000 >> Recovery done, continuing...
1921290000 >> Requesting for the AHB bus...
1921590000 >> Requesting for the AHB bus...
1922090000 >> AHB granted, starting recovery...
1941290000 >> Recovery done, continuing...
1941640000 >> Requesting for the AHB bus...
1941940000 >> Requesting for the AHB bus...
1942440000 >> AHB granted, starting recovery...
1961640000 >> Recovery done, continuing...
1961990000 >> Requesting for the AHB bus...
1962290000 >> Requesting for the AHB bus...
1962790000 >> AHB granted, starting recovery...
1981990000 >> Recovery done, continuing...
1982340000 >> Requesting for the AHB bus...
1982640000 >> Requesting for the AHB bus...
1983140000 >> AHB granted, starting recovery...
2002340000 >> Recovery done, continuing...
2002690000 >> Requesting for the AHB bus...
2002990000 >> Requesting for the AHB bus...
2003490000 >> AHB granted, starting recovery...
2022690000 >> Recovery done, continuing...
2023190000 >> Requesting for the AHB bus...
2023490000 >> Requesting for the AHB bus...
2023990000 >> AHB granted, starting recovery...
2043190000 >> Recovery done, continuing...
2043540000 >> Requesting for the AHB bus...
2043840000 >> Requesting for the AHB bus...
2044340000 >> AHB granted, starting recovery...
2063540000 >> Recovery done, continuing...
2063890000 >> Requesting for the AHB bus...
2064190000 >> Requesting for the AHB bus...
2064690000 >> AHB granted, starting recovery...
2083890000 >> Recovery done, continuing...
2084240000 >> Requesting for the AHB bus...
2084540000 >> Requesting for the AHB bus...
2085040000 >> AHB granted, starting recovery...
2104240000 >> Recovery done, continuing...
2104590000 >> Requesting for the AHB bus...
2104890000 >> Requesting for the AHB bus...
2105390000 >> AHB granted, starting recovery...
2124590000 >> Recovery done, continuing...
2124940000 >> Requesting for the AHB bus...
2125240000 >> Requesting for the AHB bus...
2125740000 >> AHB granted, starting recovery...
2144940000 >> Recovery done, continuing...
2145290000 >> Requesting for the AHB bus...
2145590000 >> Requesting for the AHB bus...
2146090000 >> AHB granted, starting recovery...
2165290000 >> Recovery done, continuing...
2165640000 >> Requesting for the AHB bus...
2165940000 >> Requesting for the AHB bus...
2166440000 >> AHB granted, starting recovery...
2185640000 >> Recovery done, continuing...
2185990000 >> Requesting for the AHB bus...
2186290000 >> Requesting for the AHB bus...
2186790000 >> AHB granted, starting recovery...
2205990000 >> Recovery done, continuing...
2206340000 >> Requesting for the AHB bus...
2206640000 >> Requesting for the AHB bus...
2207140000 >> AHB granted, starting recovery...
2226340000 >> Recovery done, continuing...
2226690000 >> Requesting for the AHB bus...
2226990000 >> Requesting for the AHB bus...
2227490000 >> AHB granted, starting recovery...
2246690000 >> Recovery done, continuing...
2247190000 >> Requesting for the AHB bus...
2247490000 >> Requesting for the AHB bus...
2247990000 >> AHB granted, starting recovery...
2267190000 >> Recovery done, continuing...
2267540000 >> Requesting for the AHB bus...
2267840000 >> Requesting for the AHB bus...
2268340000 >> AHB granted, starting recovery...
2287540000 >> Recovery done, continuing...
2287890000 >> Requesting for the AHB bus...
2288190000 >> Requesting for the AHB bus...
2288690000 >> AHB granted, starting recovery...
2307890000 >> Recovery done, continuing...
2308240000 >> Requesting for the AHB bus...
2308540000 >> Requesting for the AHB bus...
2309040000 >> AHB granted, starting recovery...
2328240000 >> Recovery done, continuing...
2328590000 >> Requesting for the AHB bus...
2328890000 >> Requesting for the AHB bus...
2329390000 >> AHB granted, starting recovery...
2348590000 >> Recovery done, continuing...
2348940000 >> Requesting for the AHB bus...
2349240000 >> Requesting for the AHB bus...
2349740000 >> AHB granted, starting recovery...
2368940000 >> Recovery done, continuing...
2369290000 >> Requesting for the AHB bus...
2369590000 >> Requesting for the AHB bus...
2370090000 >> AHB granted, starting recovery...
2389290000 >> Recovery done, continuing...
2389640000 >> Requesting for the AHB bus...
2389940000 >> Requesting for the AHB bus...
2390440000 >> AHB granted, starting recovery...
2409640000 >> Recovery done, continuing...
2409990000 >> Requesting for the AHB bus...
2410290000 >> Requesting for the AHB bus...
2410790000 >> AHB granted, starting recovery...
2429990000 >> Recovery done, continuing...
2430340000 >> Requesting for the AHB bus...
2430640000 >> Requesting for the AHB bus...
2431140000 >> AHB granted, starting recovery...
2450340000 >> Recovery done, continuing...
2450690000 >> Requesting for the AHB bus...
2450990000 >> Requesting for the AHB bus...
2451490000 >> AHB granted, starting recovery...
2470690000 >> Recovery done, continuing...
2471190000 >> Requesting for the AHB bus...
2471490000 >> Requesting for the AHB bus...
2471990000 >> AHB granted, starting recovery...
2491190000 >> Recovery done, continuing...
2491540000 >> Requesting for the AHB bus...
2491840000 >> Requesting for the AHB bus...
2492340000 >> AHB granted, starting recovery...
2511540000 >> Recovery done, continuing...
2511890000 >> Requesting for the AHB bus...
2512190000 >> Requesting for the AHB bus...
2512690000 >> AHB granted, starting recovery...
2531890000 >> Recovery done, continuing...
2532240000 >> Requesting for the AHB bus...
2532540000 >> Requesting for the AHB bus...
2533040000 >> AHB granted, starting recovery...
2552240000 >> Recovery done, continuing...
2552590000 >> Requesting for the AHB bus...
2552890000 >> Requesting for the AHB bus...
2553390000 >> AHB granted, starting recovery...
2572590000 >> Recovery done, continuing...
2572940000 >> Requesting for the AHB bus...
2573240000 >> Requesting for the AHB bus...
2573740000 >> AHB granted, starting recovery...
2592940000 >> Recovery done, continuing...
2593290000 >> Requesting for the AHB bus...
2593590000 >> Requesting for the AHB bus...
2594090000 >> AHB granted, starting recovery...
2613290000 >> Recovery done, continuing...
2613640000 >> Requesting for the AHB bus...
2613940000 >> Requesting for the AHB bus...
2614440000 >> AHB granted, starting recovery...
2633640000 >> Recovery done, continuing...
2633990000 >> Requesting for the AHB bus...
2634290000 >> Requesting for the AHB bus...
2634790000 >> AHB granted, starting recovery...
2653990000 >> Recovery done, continuing...
2654340000 >> Requesting for the AHB bus...
2654640000 >> Requesting for the AHB bus...
2655140000 >> AHB granted, starting recovery...
2674340000 >> Recovery done, continuing...
2674690000 >> Requesting for the AHB bus...
2674990000 >> Requesting for the AHB bus...
2675490000 >> AHB granted, starting recovery...
2694690000 >> Recovery done, continuing...
2695190000 >> Requesting for the AHB bus...
2695490000 >> Requesting for the AHB bus...
2695990000 >> AHB granted, starting recovery...
2715190000 >> Recovery done, continuing...
2715540000 >> Requesting for the AHB bus...
2715840000 >> Requesting for the AHB bus...
2716340000 >> AHB granted, starting recovery...
2735540000 >> Recovery done, continuing...
2735890000 >> Requesting for the AHB bus...
2736190000 >> Requesting for the AHB bus...
2736690000 >> AHB granted, starting recovery...
2737215000 >> time limit reached...
/testbench/cpu/l3/u0/leon3x0/vhdl/p0/iu/r.w.wreg:1
/testbench/cpu/l3/u0/leon3x0/vhdl/p0/iu/r.m.irqen:1
/testbench/cpu/l3/u0/leon3x0/vhdl/p0/iu/r.m.icc:0000
/testbench/cpu/l3/u0/leon3x0/vhdl/p0/iu/r.a.ticc:0
/testbench/cpu/l3/u0/leon3x0/vhdl/p0/iu/r.a.step:0
/testbench/cpu/l3/u0/leon3x0/vhdl/p0/iu/r.m.irqen2:1
/testbench/cpu/l3/u0/leon3x0/vhdl/p0/iu/r.d.pc:01000000000000000000000111101100
/testbench/cpu/l3/u0/leon3x0/vhdl/p0/iu/r.d.rexpl:{{00000000000000000000000000000000} {00} {0} 0 0 {0000000000000000000} 0 0 0 0 0 0}
/testbench/cpu/l3/u0/leon3x0/vhdl/p0/iu/r.d.mexc:0
/testbench/cpu/l3/u0/leon3x0/vhdl/p0/iu/r.a.aw:0
/testbench/cpu/l3/u0/leon3x0/vhdl/p0/iu/r.e.ctrl:{{01000000000000000000000111101000} {11000010000001111010000001000100} {00} {10000001} {000000} 0 0 1 0 0 1 0 0 0}
/testbench/cpu/l3/u0/leon3x0/vhdl/p0/iu/r.a.divstart:0
/testbench/cpu/l3/u0/leon3x0/vhdl/p0/iu/r.e.shleft:0
/testbench/cpu/l3/u0/leon3x0/vhdl/p0/iu/r.a.bp:0
/testbench/cpu/l3/u0/leon3x0/vhdl/p0/iu/r.w.twcwp:000
/testbench/cpu/l3/u0/leon3x0/vhdl/p0/iu/r.a.jmpl:0
/testbench/cpu/l3/u0/leon3x0/vhdl/p0/iu/r.m.casa:0
/testbench/cpu/l3/u0/leon3x0/vhdl/p0/iu/r.m.werr:0
/testbench/cpu/l3/u0/leon3x0/vhdl/p0/iu/r.e.su:1
/testbench/cpu/l3/u0/leon3x0/vhdl/p0/iu/r.e.et:1
/testbench/cpu/l3/u0/leon3x0/vhdl/p0/iu/r.a.ldcheck1:1
/testbench/cpu/l3/u0/leon3x0/vhdl/p0/iu/r.d.stwin:000
/testbench/cpu/l3/u0/leon3x0/vhdl/p0/iu/r.a.ldcheck2:0
/testbench/cpu/l3/u0/leon3x0/vhdl/p0/iu/r.x.intack:0
/testbench/cpu/l3/u0/leon3x0/vhdl/p0/iu/r.m.ctrl:{{01000000000000000000000111100100} {11000010001001111011111111111100} {01} {10000001} {000000} 0 0 0 0 0 0 0 0 0}
/testbench/cpu/l3/u0/leon3x0/vhdl/p0/iu/r.a.cwp:101
/testbench/cpu/l3/u0/leon3x0/vhdl/p0/iu/r.e.sari:0
/testbench/cpu/l3/u0/leon3x0/vhdl/p0/iu/r.d.paw:0
/testbench/cpu/l3/u0/leon3x0/vhdl/p0/iu/r.d.aw:0
/testbench/cpu/l3/u0/leon3x0/vhdl/p0/iu/r.d.awp:000
/testbench/cpu/l3/u0/leon3x0/vhdl/p0/iu/r.x.ctrl:{{01000000000000000000000111100100} {11000010001001111011111111111100} {00} {10000001} {000000} 0 0 0 0 0 0 1 0 0}
/testbench/cpu/l3/u0/leon3x0/vhdl/p0/iu/r.m.rexnalign:0
/testbench/cpu/l3/u0/leon3x0/vhdl/p0/iu/r.m.su:1
/testbench/cpu/l3/u0/leon3x0/vhdl/p0/iu/r.m.wcwp:0
/testbench/cpu/l3/u0/leon3x0/vhdl/p0/iu/r.d.divrdy:0
/testbench/cpu/l3/u0/leon3x0/vhdl/p0/iu/r.e.cwp:101
/testbench/cpu/l3/u0/leon3x0/vhdl/p0/iu/r.w.except:0
/testbench/cpu/l3/u0/leon3x0/vhdl/p0/iu/r.x.nerror:0
/testbench/cpu/l3/u0/leon3x0/vhdl/p0/iu/r.a.bpimiss:0
/testbench/cpu/l3/u0/leon3x0/vhdl/p0/iu/r.a.nobp:0
/testbench/cpu/l3/u0/leon3x0/vhdl/p0/iu/r.d.rexcnt:0
/testbench/cpu/l3/u0/leon3x0/vhdl/p0/iu/r.w.s:{{101} {0000} {00000000} {01000000000000000000} {00000010} {0000} 0 0 1 1 1 {00000000000000000000000000000000} {UUUUUUUUUUUUUUUUUUUUUUUUUUUUUUUU} 1 0 0 1 1 1 0 0 {000} {000} {111}}
/testbench/cpu/l3/u0/leon3x0/vhdl/p0/iu/r.d.pv:1
/testbench/cpu/l3/u0/leon3x0/vhdl/p0/iu/r.a.ldchkra:1
/testbench/cpu/l3/u0/leon3x0/vhdl/p0/iu/r.a.rfa1:10000001
/testbench/cpu/l3/u0/leon3x0/vhdl/p0/iu/r.a.rfa2:10000001
/testbench/cpu/l3/u0/leon3x0/vhdl/p0/iu/r.a.imm:00000000000000000000000000000001
/testbench/cpu/l3/u0/leon3x0/vhdl/p0/iu/r.w.wa:10000001
/testbench/cpu/l3/u0/leon3x0/vhdl/p0/iu/r.m.casaz:0
/testbench/cpu/l3/u0/leon3x0/vhdl/p0/iu/r.x.dci:{0 1 0 0 0 0 {10} {00001011}}
/testbench/cpu/l3/u0/leon3x0/vhdl/p0/iu/r.x.mac:0
/testbench/cpu/l3/u0/leon3x0/vhdl/p0/iu/r.m.divz:0
/testbench/cpu/l3/u0/leon3x0/vhdl/p0/iu/r.d.inst:{{10000010000000000110000000000001}}
/testbench/cpu/l3/u0/leon3x0/vhdl/p0/iu/r.e.rfe1:1
/testbench/cpu/l3/u0/leon3x0/vhdl/p0/iu/r.a.wovf:0
/testbench/cpu/l3/u0/leon3x0/vhdl/p0/iu/r.e.rfe2:0
/testbench/cpu/l3/u0/leon3x0/vhdl/p0/iu/r.e.op1:01000000000011111111111010011000
/testbench/cpu/l3/u0/leon3x0/vhdl/p0/iu/r.m.nalign:1
/testbench/cpu/l3/u0/leon3x0/vhdl/p0/iu/r.e.op2:00000000000000000000000001000100
/testbench/cpu/l3/u0/leon3x0/vhdl/p0/iu/r.d.rexen:0
/testbench/cpu/l3/u0/leon3x0/vhdl/p0/iu/r.a.ctrl:{{01000000000000000000000111101100} {10000010000000000110000000000001} {00} {10000001} {000000} 0 1 0 0 0 0 0 0 0}
/testbench/cpu/l3/u0/leon3x0/vhdl/p0/iu/r.x.ipend:0
/testbench/cpu/l3/u0/leon3x0/vhdl/p0/iu/r.e.ldbp1:0
/testbench/cpu/l3/u0/leon3x0/vhdl/p0/iu/r.e.aluadd:1
/testbench/cpu/l3/u0/leon3x0/vhdl/p0/iu/r.d.set:0
/testbench/cpu/l3/u0/leon3x0/vhdl/p0/iu/r.d.inull:0
/testbench/cpu/l3/u0/leon3x0/vhdl/p0/iu/r.e.ldbp2:0
/testbench/cpu/l3/u0/leon3x0/vhdl/p0/iu/r.d.cnt:00
/testbench/cpu/l3/u0/leon3x0/vhdl/p0/iu/r.a.su:1
/testbench/cpu/l3/u0/leon3x0/vhdl/p0/iu/r.a.et:1
/testbench/cpu/l3/u0/leon3x0/vhdl/p0/iu/r.e.mul:0
/testbench/cpu/l3/u0/leon3x0/vhdl/p0/iu/r.e.alusel:00
/testbench/cpu/l3/u0/leon3x0/vhdl/p0/iu/r.e.aw:U
/testbench/cpu/l3/u0/leon3x0/vhdl/p0/iu/r.e.mac:0
/testbench/cpu/l3/u0/leon3x0/vhdl/p0/iu/r.a.decill:0
/testbench/cpu/l3/u0/leon3x0/vhdl/p0/iu/r.x.icc:0000
/testbench/cpu/l3/u0/leon3x0/vhdl/p0/iu/r.x.result:01000000000011111111111010010100
/testbench/cpu/l3/u0/leon3x0/vhdl/p0/iu/r.e.bp:0
/testbench/cpu/l3/u0/leon3x0/vhdl/p0/iu/r.a.rs1:00001
/testbench/cpu/l3/u0/leon3x0/vhdl/p0/iu/r.e.jmpl:0
/testbench/cpu/l3/u0/leon3x0/vhdl/p0/iu/r.a.rsel1:001
/testbench/cpu/l3/u0/leon3x0/vhdl/p0/iu/r.x.y:00000000000000000000000000000000
/testbench/cpu/l3/u0/leon3x0/vhdl/p0/iu/r.a.rsel2:100
/testbench/cpu/l3/u0/leon3x0/vhdl/p0/iu/r.a.awp:000
/testbench/cpu/l3/u0/leon3x0/vhdl/p0/iu/r.a.paw:0
/testbench/cpu/l3/u0/leon3x0/vhdl/p0/iu/r.x.data:{{00000000000000000000000001011000}}
/testbench/cpu/l3/u0/leon3x0/vhdl/p0/iu/r.m.mul:0
/testbench/cpu/l3/u0/leon3x0/vhdl/p0/iu/r.e.rd:UUUUU
/testbench/cpu/l3/u0/leon3x0/vhdl/p0/iu/r.e.invop2:0
/testbench/cpu/l3/u0/leon3x0/vhdl/p0/iu/r.m.wawp:0
/testbench/cpu/l3/u0/leon3x0/vhdl/p0/iu/r.d.cwpmax:111
/testbench/cpu/l3/u0/leon3x0/vhdl/p0/iu/r.f.branch:0
/testbench/cpu/l3/u0/leon3x0/vhdl/p0/iu/r.d.pcheld:1
/testbench/cpu/l3/u0/leon3x0/vhdl/p0/iu/r.m.dci:{0 0 0 1 0 0 {10} {00001011}}
/testbench/cpu/l3/u0/leon3x0/vhdl/p0/iu/r.e.paw:U
/testbench/cpu/l3/u0/leon3x0/vhdl/p0/iu/r.e.awp:UUU
/testbench/cpu/l3/u0/leon3x0/vhdl/p0/iu/r.e.shcnt:00100
/testbench/cpu/l3/u0/leon3x0/vhdl/p0/iu/r.w.result:00000000000000000000000001101110
/testbench/cpu/l3/u0/leon3x0/vhdl/p0/iu/r.m.mac:0
/testbench/cpu/l3/u0/leon3x0/vhdl/p0/iu/r.m.y:00000000000000000000000000000000
/testbench/cpu/l3/u0/leon3x0/vhdl/p0/iu/r.d.cwp:101
/testbench/cpu/l3/u0/leon3x0/vhdl/p0/iu/r.x.laddr:00
/testbench/cpu/l3/u0/leon3x0/vhdl/p0/iu/r.e.mulstep:0
/testbench/cpu/l3/u0/leon3x0/vhdl/p0/iu/r.e.ymsb:0
/testbench/cpu/l3/u0/leon3x0/vhdl/p0/iu/r.d.rexbuf:00000000000000000000000000000000
/testbench/cpu/l3/u0/leon3x0/vhdl/p0/iu/r.x.npc:100
/testbench/cpu/l3/u0/leon3x0/vhdl/p0/iu/r.f.pc:01000000000000000000000111110000
/testbench/cpu/l3/u0/leon3x0/vhdl/p0/iu/r.d.annul:0
/testbench/cpu/l3/u0/leon3x0/vhdl/p0/iu/r.x.rstate:run
/testbench/cpu/l3/u0/leon3x0/vhdl/p0/iu/r.x.set:0
/testbench/cpu/l3/u0/leon3x0/vhdl/p0/iu/r.m.result:00000000000000000000000001101110
/testbench/cpu/l3/u0/leon3x0/vhdl/p0/iu/r.e.icc:UUUU
/testbench/cpu/l3/u0/leon3x0/vhdl/p0/iu/r.a.getpc:0
/testbench/cpu/l3/u0/leon3x0/vhdl/p0/iu/r.a.ldchkex:1
/testbench/cpu/l3/u0/leon3x0/vhdl/p0/iu/r.x.mexc:0
/testbench/cpu/l3/u0/leon3x0/vhdl/p0/iu/r.a.mulstart:0
/testbench/cpu/l3/u0/leon3x0/vhdl/p0/iu/r.d.rexpos:10
/testbench/cpu/l3/u0/leon3x0/vhdl/p0/iu/r.x.annul_all:0
/testbench/cpu/l3/u0/leon3x0/vhdl/p0/iu/r.e.aluop:000
/testbench/cpu/l3/u0/leon3x0/vhdl/p0/iu/r.x.debug:0
/testbench/cpu/l3/u0/leon3x0/vhdl/p0/iu/r.a.rfe1:0
/testbench/cpu/l3/u0/leon3x0/vhdl/p0/iu/r.d.step:0
/testbench/cpu/l3/u0/leon3x0/vhdl/p0/iu/r.a.rfe2:0
/testbench/cpu/l3/u0/leon3x0/vhdl/p0/iu/r.e.alucin:0
/testbench/cpu/l3/u0/leon3x0/vhdl/p0/iu/r.a.wunf:0
======================================
progstatus: -2
execerr: 71
latent: 1
time limit!
>>>>>>>>>>>>>>> 2737215000
======================================
