Test signal = /testbench/cpu/l3/u0/leon3x0/vhdl/p0/iu/r.d.mexc
oldval = 0
pos1: -1 pos0: 0 posU: -1
newval = 1
Signal value: 0
oldval = 0
pos1: -1 pos0: 0 posU: -1
newval = 1
force in 1019965
584315000 >> iteration no: 0
994990000 >> iteration no: 1
1405665000 >> iteration no: 2
1600265000 >> Requesting for the AHB bus...
1600840000 >> AHB granted, starting recovery...
1620040000 >> Recovery done, continuing...
1620390000 >> Requesting for the AHB bus...
1620965000 >> AHB granted, starting recovery...
1640165000 >> Recovery done, continuing...
1640515000 >> Requesting for the AHB bus...
1641090000 >> AHB granted, starting recovery...
1660290000 >> Recovery done, continuing...
1660640000 >> Requesting for the AHB bus...
1661215000 >> AHB granted, starting recovery...
1680415000 >> Recovery done, continuing...
1680765000 >> Requesting for the AHB bus...
1681340000 >> AHB granted, starting recovery...
1700540000 >> Recovery done, continuing...
1700890000 >> Requesting for the AHB bus...
1701465000 >> AHB granted, starting recovery...
1720665000 >> Recovery done, continuing...
1721015000 >> Requesting for the AHB bus...
1721590000 >> AHB granted, starting recovery...
1740790000 >> Recovery done, continuing...
1741140000 >> Requesting for the AHB bus...
1741715000 >> AHB granted, starting recovery...
1760915000 >> Recovery done, continuing...
1761265000 >> Requesting for the AHB bus...
1761840000 >> AHB granted, starting recovery...
1781040000 >> Recovery done, continuing...
1781390000 >> Requesting for the AHB bus...
1781965000 >> AHB granted, starting recovery...
1801165000 >> Recovery done, continuing...
1801515000 >> Requesting for the AHB bus...
1802090000 >> AHB granted, starting recovery...
1821290000 >> Recovery done, continuing...
1821640000 >> Requesting for the AHB bus...
1822215000 >> AHB granted, starting recovery...
1841415000 >> Recovery done, continuing...
1841765000 >> Requesting for the AHB bus...
1842340000 >> AHB granted, starting recovery...
1861540000 >> Recovery done, continuing...
1861890000 >> Requesting for the AHB bus...
1862465000 >> AHB granted, starting recovery...
1881665000 >> Recovery done, continuing...
1882015000 >> Requesting for the AHB bus...
1882590000 >> AHB granted, starting recovery...
1901790000 >> Recovery done, continuing...
1902140000 >> Requesting for the AHB bus...
1902715000 >> AHB granted, starting recovery...
1921915000 >> Recovery done, continuing...
1922265000 >> Requesting for the AHB bus...
1922840000 >> AHB granted, starting recovery...
1942040000 >> Recovery done, continuing...
1942390000 >> Requesting for the AHB bus...
1942965000 >> AHB granted, starting recovery...
1962165000 >> Recovery done, continuing...
1962515000 >> Requesting for the AHB bus...
1963090000 >> AHB granted, starting recovery...
1982290000 >> Recovery done, continuing...
1982640000 >> Requesting for the AHB bus...
1983215000 >> AHB granted, starting recovery...
2002415000 >> Recovery done, continuing...
2002765000 >> Requesting for the AHB bus...
2003340000 >> AHB granted, starting recovery...
2022540000 >> Recovery done, continuing...
2022890000 >> Requesting for the AHB bus...
2023465000 >> AHB granted, starting recovery...
2042665000 >> Recovery done, continuing...
2043015000 >> Requesting for the AHB bus...
2043590000 >> AHB granted, starting recovery...
2062790000 >> Recovery done, continuing...
2063140000 >> Requesting for the AHB bus...
2063715000 >> AHB granted, starting recovery...
2082915000 >> Recovery done, continuing...
2083265000 >> Requesting for the AHB bus...
2083840000 >> AHB granted, starting recovery...
2103040000 >> Recovery done, continuing...
2103390000 >> Requesting for the AHB bus...
2103965000 >> AHB granted, starting recovery...
2123165000 >> Recovery done, continuing...
2123515000 >> Requesting for the AHB bus...
2124090000 >> AHB granted, starting recovery...
2143290000 >> Recovery done, continuing...
2143640000 >> Requesting for the AHB bus...
2144215000 >> AHB granted, starting recovery...
2163415000 >> Recovery done, continuing...
2163765000 >> Requesting for the AHB bus...
2164340000 >> AHB granted, starting recovery...
2183540000 >> Recovery done, continuing...
2183890000 >> Requesting for the AHB bus...
2184465000 >> AHB granted, starting recovery...
2203665000 >> Recovery done, continuing...
2204015000 >> Requesting for the AHB bus...
2204590000 >> AHB granted, starting recovery...
2223790000 >> Recovery done, continuing...
2224140000 >> Requesting for the AHB bus...
2224715000 >> AHB granted, starting recovery...
2243915000 >> Recovery done, continuing...
2244265000 >> Requesting for the AHB bus...
2244840000 >> AHB granted, starting recovery...
2264040000 >> Recovery done, continuing...
2264390000 >> Requesting for the AHB bus...
2264965000 >> AHB granted, starting recovery...
2284165000 >> Recovery done, continuing...
2284515000 >> Requesting for the AHB bus...
2285090000 >> AHB granted, starting recovery...
2304290000 >> Recovery done, continuing...
2304790000 >> Requesting for the AHB bus...
2305365000 >> AHB granted, starting recovery...
2324565000 >> Recovery done, continuing...
2324915000 >> Requesting for the AHB bus...
2325490000 >> AHB granted, starting recovery...
2344690000 >> Recovery done, continuing...
2345040000 >> Requesting for the AHB bus...
2345615000 >> AHB granted, starting recovery...
2364815000 >> Recovery done, continuing...
2365165000 >> Requesting for the AHB bus...
2365740000 >> AHB granted, starting recovery...
2384940000 >> Recovery done, continuing...
2385290000 >> Requesting for the AHB bus...
2385865000 >> AHB granted, starting recovery...
2405065000 >> Recovery done, continuing...
2405415000 >> Requesting for the AHB bus...
2405990000 >> AHB granted, starting recovery...
2425190000 >> Recovery done, continuing...
2425540000 >> Requesting for the AHB bus...
2426115000 >> AHB granted, starting recovery...
2445315000 >> Recovery done, continuing...
2445665000 >> Requesting for the AHB bus...
2446240000 >> AHB granted, starting recovery...
2465440000 >> Recovery done, continuing...
2465790000 >> Requesting for the AHB bus...
2466365000 >> AHB granted, starting recovery...
2485565000 >> Recovery done, continuing...
2485915000 >> Requesting for the AHB bus...
2486490000 >> AHB granted, starting recovery...
2505690000 >> Recovery done, continuing...
2506040000 >> Requesting for the AHB bus...
2506615000 >> AHB granted, starting recovery...
2525815000 >> Recovery done, continuing...
2526165000 >> Requesting for the AHB bus...
2526740000 >> AHB granted, starting recovery...
2545940000 >> Recovery done, continuing...
2546290000 >> Requesting for the AHB bus...
2546865000 >> AHB granted, starting recovery...
2566065000 >> Recovery done, continuing...
2566415000 >> Requesting for the AHB bus...
2566990000 >> AHB granted, starting recovery...
2586190000 >> Recovery done, continuing...
2586540000 >> Requesting for the AHB bus...
2587115000 >> AHB granted, starting recovery...
2606315000 >> Recovery done, continuing...
2606665000 >> Requesting for the AHB bus...
2607240000 >> AHB granted, starting recovery...
2626440000 >> Recovery done, continuing...
2626790000 >> Requesting for the AHB bus...
2627365000 >> AHB granted, starting recovery...
2646565000 >> Recovery done, continuing...
2646915000 >> Requesting for the AHB bus...
2647490000 >> AHB granted, starting recovery...
2666690000 >> Recovery done, continuing...
2667040000 >> Requesting for the AHB bus...
2667615000 >> AHB granted, starting recovery...
2686815000 >> Recovery done, continuing...
2687165000 >> Requesting for the AHB bus...
2687740000 >> AHB granted, starting recovery...
2706940000 >> Recovery done, continuing...
2707290000 >> Requesting for the AHB bus...
2707865000 >> AHB granted, starting recovery...
2727065000 >> Recovery done, continuing...
2727415000 >> Requesting for the AHB bus...
2727990000 >> AHB granted, starting recovery...
2737215000 >> time limit reached...
/testbench/cpu/l3/u0/leon3x0/vhdl/p0/iu/r.w.wreg:1
/testbench/cpu/l3/u0/leon3x0/vhdl/p0/iu/r.m.irqen:1
/testbench/cpu/l3/u0/leon3x0/vhdl/p0/iu/r.m.icc:0000
/testbench/cpu/l3/u0/leon3x0/vhdl/p0/iu/r.a.ticc:0
/testbench/cpu/l3/u0/leon3x0/vhdl/p0/iu/r.a.step:0
/testbench/cpu/l3/u0/leon3x0/vhdl/p0/iu/r.m.irqen2:1
/testbench/cpu/l3/u0/leon3x0/vhdl/p0/iu/r.d.pc:01000000000000000000000111101100
/testbench/cpu/l3/u0/leon3x0/vhdl/p0/iu/r.d.rexpl:{{00000000000000000000000000000000} {00} {0} 0 0 {0000000000000000000} 0 0 0 0 0 0}
/testbench/cpu/l3/u0/leon3x0/vhdl/p0/iu/r.d.mexc:0
/testbench/cpu/l3/u0/leon3x0/vhdl/p0/iu/r.a.aw:0
/testbench/cpu/l3/u0/leon3x0/vhdl/p0/iu/r.e.ctrl:{{01000000000000000000000111101000} {11000010000001111010000001000100} {00} {10000001} {000000} 0 0 1 0 0 1 1 0 0}
/testbench/cpu/l3/u0/leon3x0/vhdl/p0/iu/r.a.divstart:0
/testbench/cpu/l3/u0/leon3x0/vhdl/p0/iu/r.e.shleft:0
/testbench/cpu/l3/u0/leon3x0/vhdl/p0/iu/r.a.bp:0
/testbench/cpu/l3/u0/leon3x0/vhdl/p0/iu/r.w.twcwp:000
/testbench/cpu/l3/u0/leon3x0/vhdl/p0/iu/r.a.jmpl:0
/testbench/cpu/l3/u0/leon3x0/vhdl/p0/iu/r.m.casa:0
/testbench/cpu/l3/u0/leon3x0/vhdl/p0/iu/r.m.werr:0
/testbench/cpu/l3/u0/leon3x0/vhdl/p0/iu/r.e.su:1
/testbench/cpu/l3/u0/leon3x0/vhdl/p0/iu/r.e.et:1
/testbench/cpu/l3/u0/leon3x0/vhdl/p0/iu/r.a.ldcheck1:1
/testbench/cpu/l3/u0/leon3x0/vhdl/p0/iu/r.d.stwin:000
/testbench/cpu/l3/u0/leon3x0/vhdl/p0/iu/r.a.ldcheck2:0
/testbench/cpu/l3/u0/leon3x0/vhdl/p0/iu/r.x.intack:0
/testbench/cpu/l3/u0/leon3x0/vhdl/p0/iu/r.m.ctrl:{{01000000000000000000000111100100} {11000010001001111011111111111100} {01} {10000001} {000001} 1 0 0 0 0 0 0 0 0}
/testbench/cpu/l3/u0/leon3x0/vhdl/p0/iu/r.a.cwp:101
/testbench/cpu/l3/u0/leon3x0/vhdl/p0/iu/r.e.sari:0
/testbench/cpu/l3/u0/leon3x0/vhdl/p0/iu/r.d.paw:0
/testbench/cpu/l3/u0/leon3x0/vhdl/p0/iu/r.d.aw:0
/testbench/cpu/l3/u0/leon3x0/vhdl/p0/iu/r.d.awp:000
/testbench/cpu/l3/u0/leon3x0/vhdl/p0/iu/r.x.ctrl:{{01000000000000000000000111100100} {11000010001001111011111111111100} {00} {10000001} {000000} 0 0 0 0 0 0 1 0 0}
/testbench/cpu/l3/u0/leon3x0/vhdl/p0/iu/r.m.rexnalign:0
/testbench/cpu/l3/u0/leon3x0/vhdl/p0/iu/r.m.su:1
/testbench/cpu/l3/u0/leon3x0/vhdl/p0/iu/r.m.wcwp:0
/testbench/cpu/l3/u0/leon3x0/vhdl/p0/iu/r.d.divrdy:0
/testbench/cpu/l3/u0/leon3x0/vhdl/p0/iu/r.e.cwp:101
/testbench/cpu/l3/u0/leon3x0/vhdl/p0/iu/r.w.except:0
/testbench/cpu/l3/u0/leon3x0/vhdl/p0/iu/r.x.nerror:0
/testbench/cpu/l3/u0/leon3x0/vhdl/p0/iu/r.a.bpimiss:0
/testbench/cpu/l3/u0/leon3x0/vhdl/p0/iu/r.a.nobp:0
/testbench/cpu/l3/u0/leon3x0/vhdl/p0/iu/r.d.rexcnt:0
/testbench/cpu/l3/u0/leon3x0/vhdl/p0/iu/r.w.s:{{101} {0000} {00000000} {01000000000000000000} {00000010} {0000} 0 0 1 1 1 {00000000000000000000000000000000} {UUUUUUUUUUUUUUUUUUUUUUUUUUUUUUUU} 1 0 0 1 1 1 0 0 {000} {000} {111}}
/testbench/cpu/l3/u0/leon3x0/vhdl/p0/iu/r.d.pv:1
/testbench/cpu/l3/u0/leon3x0/vhdl/p0/iu/r.a.ldchkra:1
/testbench/cpu/l3/u0/leon3x0/vhdl/p0/iu/r.a.rfa1:10000001
/testbench/cpu/l3/u0/leon3x0/vhdl/p0/iu/r.a.rfa2:10000001
/testbench/cpu/l3/u0/leon3x0/vhdl/p0/iu/r.a.imm:00000000000000000000000000000001
/testbench/cpu/l3/u0/leon3x0/vhdl/p0/iu/r.w.wa:10000001
/testbench/cpu/l3/u0/leon3x0/vhdl/p0/iu/r.m.casaz:0
/testbench/cpu/l3/u0/leon3x0/vhdl/p0/iu/r.x.dci:{0 1 0 0 0 0 {10} {00001011}}
/testbench/cpu/l3/u0/leon3x0/vhdl/p0/iu/r.x.mac:0
/testbench/cpu/l3/u0/leon3x0/vhdl/p0/iu/r.m.divz:0
/testbench/cpu/l3/u0/leon3x0/vhdl/p0/iu/r.d.inst:{{10000010000000000110000000000001}}
/testbench/cpu/l3/u0/leon3x0/vhdl/p0/iu/r.e.rfe1:1
/testbench/cpu/l3/u0/leon3x0/vhdl/p0/iu/r.a.wovf:0
/testbench/cpu/l3/u0/leon3x0/vhdl/p0/iu/r.e.rfe2:0
/testbench/cpu/l3/u0/leon3x0/vhdl/p0/iu/r.e.op1:01000000000011111111111010011000
/testbench/cpu/l3/u0/leon3x0/vhdl/p0/iu/r.m.nalign:1
/testbench/cpu/l3/u0/leon3x0/vhdl/p0/iu/r.e.op2:00000000000000000000000001000100
/testbench/cpu/l3/u0/leon3x0/vhdl/p0/iu/r.d.rexen:0
/testbench/cpu/l3/u0/leon3x0/vhdl/p0/iu/r.a.ctrl:{{01000000000000000000000111101100} {10000010000000000110000000000001} {00} {10000001} {000000} 0 1 0 0 0 0 0 0 0}
/testbench/cpu/l3/u0/leon3x0/vhdl/p0/iu/r.x.ipend:0
/testbench/cpu/l3/u0/leon3x0/vhdl/p0/iu/r.e.ldbp1:0
/testbench/cpu/l3/u0/leon3x0/vhdl/p0/iu/r.e.aluadd:1
/testbench/cpu/l3/u0/leon3x0/vhdl/p0/iu/r.d.set:0
/testbench/cpu/l3/u0/leon3x0/vhdl/p0/iu/r.d.inull:0
/testbench/cpu/l3/u0/leon3x0/vhdl/p0/iu/r.e.ldbp2:0
/testbench/cpu/l3/u0/leon3x0/vhdl/p0/iu/r.d.cnt:00
/testbench/cpu/l3/u0/leon3x0/vhdl/p0/iu/r.a.su:1
/testbench/cpu/l3/u0/leon3x0/vhdl/p0/iu/r.a.et:1
/testbench/cpu/l3/u0/leon3x0/vhdl/p0/iu/r.e.mul:0
/testbench/cpu/l3/u0/leon3x0/vhdl/p0/iu/r.e.alusel:00
/testbench/cpu/l3/u0/leon3x0/vhdl/p0/iu/r.e.aw:U
/testbench/cpu/l3/u0/leon3x0/vhdl/p0/iu/r.e.mac:0
/testbench/cpu/l3/u0/leon3x0/vhdl/p0/iu/r.a.decill:0
/testbench/cpu/l3/u0/leon3x0/vhdl/p0/iu/r.x.icc:0000
/testbench/cpu/l3/u0/leon3x0/vhdl/p0/iu/r.x.result:01000000000011111111111010010100
/testbench/cpu/l3/u0/leon3x0/vhdl/p0/iu/r.e.bp:0
/testbench/cpu/l3/u0/leon3x0/vhdl/p0/iu/r.a.rs1:00001
/testbench/cpu/l3/u0/leon3x0/vhdl/p0/iu/r.e.jmpl:0
/testbench/cpu/l3/u0/leon3x0/vhdl/p0/iu/r.a.rsel1:001
/testbench/cpu/l3/u0/leon3x0/vhdl/p0/iu/r.x.y:00000000000000000000000000000000
/testbench/cpu/l3/u0/leon3x0/vhdl/p0/iu/r.a.rsel2:100
/testbench/cpu/l3/u0/leon3x0/vhdl/p0/iu/r.a.awp:000
/testbench/cpu/l3/u0/leon3x0/vhdl/p0/iu/r.a.paw:0
/testbench/cpu/l3/u0/leon3x0/vhdl/p0/iu/r.x.data:{{00000000000000000000000000101000}}
/testbench/cpu/l3/u0/leon3x0/vhdl/p0/iu/r.m.mul:0
/testbench/cpu/l3/u0/leon3x0/vhdl/p0/iu/r.e.rd:UUUUU
/testbench/cpu/l3/u0/leon3x0/vhdl/p0/iu/r.e.invop2:0
/testbench/cpu/l3/u0/leon3x0/vhdl/p0/iu/r.m.wawp:0
/testbench/cpu/l3/u0/leon3x0/vhdl/p0/iu/r.d.cwpmax:111
/testbench/cpu/l3/u0/leon3x0/vhdl/p0/iu/r.f.branch:0
/testbench/cpu/l3/u0/leon3x0/vhdl/p0/iu/r.d.pcheld:1
/testbench/cpu/l3/u0/leon3x0/vhdl/p0/iu/r.m.dci:{0 0 0 0 0 0 {10} {00001011}}
/testbench/cpu/l3/u0/leon3x0/vhdl/p0/iu/r.e.paw:U
/testbench/cpu/l3/u0/leon3x0/vhdl/p0/iu/r.e.awp:UUU
/testbench/cpu/l3/u0/leon3x0/vhdl/p0/iu/r.e.shcnt:00100
/testbench/cpu/l3/u0/leon3x0/vhdl/p0/iu/r.w.result:00000000000000000000000000011110
/testbench/cpu/l3/u0/leon3x0/vhdl/p0/iu/r.m.mac:0
/testbench/cpu/l3/u0/leon3x0/vhdl/p0/iu/r.m.y:00000000000000000000000000000000
/testbench/cpu/l3/u0/leon3x0/vhdl/p0/iu/r.d.cwp:101
/testbench/cpu/l3/u0/leon3x0/vhdl/p0/iu/r.x.laddr:00
/testbench/cpu/l3/u0/leon3x0/vhdl/p0/iu/r.e.mulstep:0
/testbench/cpu/l3/u0/leon3x0/vhdl/p0/iu/r.e.ymsb:0
/testbench/cpu/l3/u0/leon3x0/vhdl/p0/iu/r.d.rexbuf:00000000000000000000000000000000
/testbench/cpu/l3/u0/leon3x0/vhdl/p0/iu/r.x.npc:100
/testbench/cpu/l3/u0/leon3x0/vhdl/p0/iu/r.f.pc:01000000000000000000000111110000
/testbench/cpu/l3/u0/leon3x0/vhdl/p0/iu/r.d.annul:0
/testbench/cpu/l3/u0/leon3x0/vhdl/p0/iu/r.x.rstate:run
/testbench/cpu/l3/u0/leon3x0/vhdl/p0/iu/r.x.set:0
/testbench/cpu/l3/u0/leon3x0/vhdl/p0/iu/r.m.result:00000000000000000000000000011110
/testbench/cpu/l3/u0/leon3x0/vhdl/p0/iu/r.e.icc:UUUU
/testbench/cpu/l3/u0/leon3x0/vhdl/p0/iu/r.a.getpc:0
/testbench/cpu/l3/u0/leon3x0/vhdl/p0/iu/r.a.ldchkex:1
/testbench/cpu/l3/u0/leon3x0/vhdl/p0/iu/r.x.mexc:0
/testbench/cpu/l3/u0/leon3x0/vhdl/p0/iu/r.a.mulstart:0
/testbench/cpu/l3/u0/leon3x0/vhdl/p0/iu/r.d.rexpos:10
/testbench/cpu/l3/u0/leon3x0/vhdl/p0/iu/r.x.annul_all:0
/testbench/cpu/l3/u0/leon3x0/vhdl/p0/iu/r.e.aluop:000
/testbench/cpu/l3/u0/leon3x0/vhdl/p0/iu/r.x.debug:0
/testbench/cpu/l3/u0/leon3x0/vhdl/p0/iu/r.a.rfe1:0
/testbench/cpu/l3/u0/leon3x0/vhdl/p0/iu/r.d.step:0
/testbench/cpu/l3/u0/leon3x0/vhdl/p0/iu/r.a.rfe2:0
/testbench/cpu/l3/u0/leon3x0/vhdl/p0/iu/r.e.alucin:0
/testbench/cpu/l3/u0/leon3x0/vhdl/p0/iu/r.a.wunf:0
======================================
progstatus: -2
execerr: 57
latent: 1
time limit!
>>>>>>>>>>>>>>> 2737215000
======================================
