Test signal = /testbench/cpu/l3/cpu(0)/u0/leon3x0/vhdl/p0/iu/r.m.result
oldval = 00000000000000000000000000000000
pos1: -1 pos0: 31 posU: -1
newval = 00000000000000000000000000000001
force in 12752638
672,390 ns >> iteration no: 0
3,580,890 ns >> iteration no: 1
6,489,540 ns >> iteration no: 2
9,398,490 ns >> iteration no: 3
12,307,140 ns >> iteration no: 4
Signal value: 01000000000011111111111010010000
oldval = 01000000000011111111111010010000
pos1: 27 pos0: 31 posU: -1
newval = 01000000000011111111111010000000
Error detected -> Trying to recover
Successful recovery -> Returning to normal execution
15,244,090 ns >> prog fin.
compare to golden: 1
======================================
progstatus: 1
execerr: 1
latent: 1
program execution success!
total iterations: 5
>>>>>>>>>>>>>>> 15244090000
======================================
