Test signal = /testbench/cpu/l3/cpu(0)/u0/leon3x0/vhdl/p0/iu/r.w.result
oldval = 00000000000000000000000000000000
pos1: -1 pos0: 31 posU: -1
newval = 00000000000000000000000000000001
force in 3395546
672,390 ns >> iteration no: 0
3,580,890 ns >> iteration no: 1
Signal value: 01000000000011111111111010010000
oldval = 01000000000011111111111010010000
pos1: 27 pos0: 31 posU: -1
newval = 01000000000011111111111010000000
6,489,540 ns >> iteration no: 2
9,398,490 ns >> iteration no: 3
12,307,140 ns >> iteration no: 4
15,215,565 ns >> prog fin.
compare to golden: 1
======================================
progstatus: 1
execerr: 0
latent: 1
program execution success!
total iterations: 5
>>>>>>>>>>>>>>> 15215565000
======================================
