Test signal = /testbench/cpu/l3/cpu(0)/u0/leon3x0/vhdl/p0/iu/r.e.op1
oldval = 00000000000000000000000000000000
pos1: -1 pos0: 31 posU: -1
newval = 00000000000000000000000000000001
force in 3927244
672,390 ns >> iteration no: 0
3,580,890 ns >> iteration no: 1
Signal value: 00000000000000000000000000000100
oldval = 00000000000000000000000000000100
pos1: 29 pos0: 31 posU: -1
newval = 00000000000000000000000000000000
Error detected -> Trying to recover
Successful recovery -> Returning to normal execution
6,510,490 ns >> iteration no: 2
9,419,165 ns >> iteration no: 3
12,328,090 ns >> iteration no: 4
15,236,115 ns >> prog fin.
compare to golden: 1
======================================
progstatus: 1
execerr: 1
latent: 1
program execution success!
total iterations: 5
>>>>>>>>>>>>>>> 15236115000
======================================
