Test signal = /testbench/cpu/l3/cpu(0)/u0/leon3x0/vhdl/p0/iu/r.e.alusel
oldval = 11
pos1: 1 pos0: -1 posU: -1
newval = 10
force in 2456067
672,390 ns >> iteration no: 0
Signal value: 00
oldval = 00
pos1: -1 pos0: 1 posU: -1
newval = 01
Error detected -> Trying to recover
Successful recovery -> Returning to normal execution
3,606,090 ns >> iteration no: 1
6,514,940 ns >> iteration no: 2
9,423,640 ns >> iteration no: 3
12,332,540 ns >> iteration no: 4
15,240,740 ns >> prog fin.
compare to golden: 1
======================================
progstatus: 1
execerr: 1
latent: 1
program execution success!
total iterations: 5
>>>>>>>>>>>>>>> 15240740000
======================================
