Test signal = /testbench/cpu/l3/cpu(0)/u0/leon3x0/vhdl/p0/iu/r.a.wovf
oldval = 0
pos1: -1 pos0: 0 posU: -1
newval = 1
force in 1888031
672,390 ns >> iteration no: 0
Signal value: 0
oldval = 0
pos1: -1 pos0: 0 posU: -1
newval = 1
Error detected -> Trying to recover
Successful recovery -> Returning to normal execution
3,619,290 ns >> iteration no: 1
6,527,940 ns >> iteration no: 2
9,436,890 ns >> iteration no: 3
12,345,540 ns >> iteration no: 4
15,253,965 ns >> prog fin.
compare to golden: 1
======================================
progstatus: 1
execerr: 1
latent: 1
program execution success!
total iterations: 5
>>>>>>>>>>>>>>> 15253965000
======================================
