Test signal = /testbench/cpu/l3/cpu(0)/u0/leon3x0/vhdl/p0/iu/r.a.imm
oldval = 00000000000000000000000000000000
pos1: -1 pos0: 31 posU: -1
newval = 00000000000000000000000000000001
force in 13923117
672,390 ns >> iteration no: 0
3,580,890 ns >> iteration no: 1
6,489,540 ns >> iteration no: 2
9,398,490 ns >> iteration no: 3
12,307,140 ns >> iteration no: 4
Signal value: 11111111111111111111111111111000
oldval = 11111111111111111111111111111000
pos1: 28 pos0: 31 posU: -1
newval = 11111111111111111111111111110000
Error detected -> Trying to recover
Successful recovery -> Returning to normal execution
15,239,390 ns >> prog fin.
compare to golden: 1
======================================
progstatus: 1
execerr: 1
latent: 1
program execution success!
total iterations: 5
>>>>>>>>>>>>>>> 15239390000
======================================
