Test signal = /testbench/cpu/l3/cpu(0)/u0/leon3x0/vhdl/p0/iu/r.a.rsel1
oldval = 101
pos1: 2 pos0: 1 posU: -1
newval = 100
force in 360414
672,390 ns >> iteration no: 0
Signal value: 001
oldval = 001
pos1: 2 pos0: 1 posU: -1
newval = 000
Error detected -> Trying to recover
Successful recovery -> Returning to normal execution
3,609,540 ns >> iteration no: 1
6,518,490 ns >> iteration no: 2
9,427,140 ns >> iteration no: 3
12,336,090 ns >> iteration no: 4
15,244,090 ns >> prog fin.
compare to golden: 1
======================================
progstatus: 1
execerr: 1
latent: 1
program execution success!
total iterations: 5
>>>>>>>>>>>>>>> 15244090000
======================================
