Test signal = /testbench/cpu/l3/cpu(0)/u0/leon3x0/vhdl/p0/iu/r.e.ymsb
oldval = 0
pos1: -1 pos0: 0 posU: -1
newval = 1
force in 4193967
672,390 ns >> iteration no: 0
3,580,890 ns >> iteration no: 1
Signal value: 0
oldval = 0
pos1: -1 pos0: 0 posU: -1
newval = 1
6,489,540 ns >> iteration no: 2
9,398,490 ns >> iteration no: 3
12,307,140 ns >> iteration no: 4
15,215,565 ns >> prog fin.
compare to golden: 1
======================================
progstatus: 1
execerr: 0
latent: 1
program execution success!
total iterations: 5
>>>>>>>>>>>>>>> 15215565000
======================================
