Test signal = /testbench/cpu/l3/cpu(0)/u0/leon3x0/vhdl/p0/iu/r.d.cwp
oldval = 111
pos1: 2 pos0: -1 posU: -1
newval = 110
force in 9742957
672,390 ns >> iteration no: 0
3,580,890 ns >> iteration no: 1
6,489,540 ns >> iteration no: 2
9,398,490 ns >> iteration no: 3
Signal value: 101
oldval = 101
pos1: 2 pos0: 1 posU: -1
newval = 100
compare to golden: 1
======================================
progstatus: 0
execerr: 0
latent: 1
progstatus default value, probably error!
>>>>>>>>>>>>>>> 10414765000
======================================
