Test signal = /testbench/cpu/l3/cpu(0)/u0/leon3x0/vhdl/p0/iu/r.x.result
oldval = 00000000000000000000000000000000
pos1: -1 pos0: 31 posU: -1
newval = 00000000000000000000000000000001
force in 2205539
606,240 ns >> iteration no: 0
Signal value: 01000000000011111111111010010100
oldval = 01000000000011111111111010010100
pos1: 29 pos0: 31 posU: -1
newval = 01000000000011111111111010010000
4,038,140 ns >> iteration no: 1
7,470,515 ns >> iteration no: 2
10,902,715 ns >> iteration no: 3
14,334,665 ns >> iteration no: 4
17,766,140 ns >> prog fin.
compare to golden: 1
======================================
progstatus: 1
execerr: 0
latent: 1
program execution success!
total iterations: 5
>>>>>>>>>>>>>>> 17766140000
======================================
