Test signal = /testbench/cpu/l3/cpu(0)/u0/leon3x0/vhdl/p0/iu/r.d.cnt
oldval = 00
pos1: -1 pos0: 1 posU: -1
newval = 01
force in 8054505
606,240 ns >> iteration no: 0
4,038,140 ns >> iteration no: 1
7,470,515 ns >> iteration no: 2
Signal value: 00
oldval = 00
pos1: -1 pos0: 1 posU: -1
newval = 01
10,902,715 ns >> iteration no: 3
14,334,665 ns >> iteration no: 4
17,766,140 ns >> prog fin.
compare to golden: 1
======================================
progstatus: 1
execerr: 0
latent: 1
program execution success!
total iterations: 5
>>>>>>>>>>>>>>> 17766140000
======================================
