Test signal = /testbench/cpu/l3/cpu(0)/u0/leon3x0/vhdl/p0/iu/r.f.pc
oldval = 01000000000000000000001100100100
pos1: 29 pos0: 31 posU: -1
newval = 01000000000000000000001100100000
force in 4452679
606,240 ns >> iteration no: 0
4,038,140 ns >> iteration no: 1
Signal value: 01000000000000000000000111111100
oldval = 01000000000000000000000111111100
pos1: 29 pos0: 31 posU: -1
newval = 01000000000000000000000111111000
7,470,515 ns >> iteration no: 2
9,537,440 ns >> prog exec ERROR.
compare to golden: 1
======================================
progstatus: -1
execerr: 0
latent: 1
program error!
>>>>>>>>>>>>>>> 9537440000
======================================
