Test signal = /testbench/cpu/l3/u0/leon3x0/vhdl/p0/iu/r.f.pc
oldval = 01000000000000000000001100100100
pos1: 29 pos0: 31 posU: -1
newval = 01000000000000000000001100100000
force in 1328169
584315000 >> iteration no: 0
994990000 >> iteration no: 1
1405665000 >> iteration no: 2
1816315000 >> iteration no: 3
Signal value: 01000000000000000000000111101100
oldval = 01000000000000000000000111101100
pos1: 29 pos0: 31 posU: -1
newval = 01000000000000000000000111101000
1907815000 >> Requesting for the AHB bus...
1908840000 >> Requesting for the AHB bus...
1909240000 >> AHB granted, starting recovery...
1928440000 >> Recovery done, continuing...
1928490000 >> Requesting for the AHB bus...
1929165000 >> Requesting for the AHB bus...
1929565000 >> AHB granted, starting recovery...
1948765000 >> Recovery done, continuing...
1948815000 >> Requesting for the AHB bus...
1949490000 >> Requesting for the AHB bus...
1949890000 >> AHB granted, starting recovery...
1969090000 >> Recovery done, continuing...
1969140000 >> Requesting for the AHB bus...
1969815000 >> Requesting for the AHB bus...
1970215000 >> AHB granted, starting recovery...
1989415000 >> Recovery done, continuing...
1989465000 >> Requesting for the AHB bus...
1990140000 >> Requesting for the AHB bus...
1990540000 >> AHB granted, starting recovery...
2009740000 >> Recovery done, continuing...
2009790000 >> Requesting for the AHB bus...
2010640000 >> Requesting for the AHB bus...
2011040000 >> AHB granted, starting recovery...
2030240000 >> Recovery done, continuing...
2030290000 >> Requesting for the AHB bus...
2030965000 >> Requesting for the AHB bus...
2031365000 >> AHB granted, starting recovery...
2050565000 >> Recovery done, continuing...
2050615000 >> Requesting for the AHB bus...
2051290000 >> Requesting for the AHB bus...
2051690000 >> AHB granted, starting recovery...
2070890000 >> Recovery done, continuing...
2070940000 >> Requesting for the AHB bus...
2071615000 >> Requesting for the AHB bus...
2072015000 >> AHB granted, starting recovery...
2091215000 >> Recovery done, continuing...
2091265000 >> Requesting for the AHB bus...
2091940000 >> Requesting for the AHB bus...
2092340000 >> AHB granted, starting recovery...
2111540000 >> Recovery done, continuing...
2111590000 >> Requesting for the AHB bus...
2112265000 >> Requesting for the AHB bus...
2112665000 >> AHB granted, starting recovery...
2131865000 >> Recovery done, continuing...
2131915000 >> Requesting for the AHB bus...
2132590000 >> Requesting for the AHB bus...
2132990000 >> AHB granted, starting recovery...
2152190000 >> Recovery done, continuing...
2152240000 >> Requesting for the AHB bus...
2152915000 >> Requesting for the AHB bus...
2153315000 >> AHB granted, starting recovery...
2172515000 >> Recovery done, continuing...
2172565000 >> Requesting for the AHB bus...
2173240000 >> Requesting for the AHB bus...
2173640000 >> AHB granted, starting recovery...
2192840000 >> Recovery done, continuing...
2192890000 >> Requesting for the AHB bus...
2193565000 >> Requesting for the AHB bus...
2193965000 >> AHB granted, starting recovery...
2213165000 >> Recovery done, continuing...
2213215000 >> Requesting for the AHB bus...
2213890000 >> Requesting for the AHB bus...
2214290000 >> AHB granted, starting recovery...
2233490000 >> Recovery done, continuing...
2233540000 >> Requesting for the AHB bus...
2234215000 >> Requesting for the AHB bus...
2234615000 >> AHB granted, starting recovery...
2253815000 >> Recovery done, continuing...
2253865000 >> Requesting for the AHB bus...
2254540000 >> Requesting for the AHB bus...
2254940000 >> AHB granted, starting recovery...
2274140000 >> Recovery done, continuing...
2274190000 >> Requesting for the AHB bus...
2274865000 >> Requesting for the AHB bus...
2275265000 >> AHB granted, starting recovery...
2294465000 >> Recovery done, continuing...
2294515000 >> Requesting for the AHB bus...
2295190000 >> Requesting for the AHB bus...
2295590000 >> AHB granted, starting recovery...
2314790000 >> Recovery done, continuing...
2314840000 >> Requesting for the AHB bus...
2315515000 >> Requesting for the AHB bus...
2315915000 >> AHB granted, starting recovery...
2335115000 >> Recovery done, continuing...
2335165000 >> Requesting for the AHB bus...
2335840000 >> Requesting for the AHB bus...
2336240000 >> AHB granted, starting recovery...
2355440000 >> Recovery done, continuing...
2355490000 >> Requesting for the AHB bus...
2356340000 >> Requesting for the AHB bus...
2356740000 >> AHB granted, starting recovery...
2375940000 >> Recovery done, continuing...
2375990000 >> Requesting for the AHB bus...
2376665000 >> Requesting for the AHB bus...
2377065000 >> AHB granted, starting recovery...
2396265000 >> Recovery done, continuing...
2396315000 >> Requesting for the AHB bus...
2396990000 >> Requesting for the AHB bus...
2397390000 >> AHB granted, starting recovery...
2416590000 >> Recovery done, continuing...
2416640000 >> Requesting for the AHB bus...
2417315000 >> Requesting for the AHB bus...
2417715000 >> AHB granted, starting recovery...
2436915000 >> Recovery done, continuing...
2436965000 >> Requesting for the AHB bus...
2437640000 >> Requesting for the AHB bus...
2438040000 >> AHB granted, starting recovery...
2457240000 >> Recovery done, continuing...
2457290000 >> Requesting for the AHB bus...
2457965000 >> Requesting for the AHB bus...
2458365000 >> AHB granted, starting recovery...
2477565000 >> Recovery done, continuing...
2477615000 >> Requesting for the AHB bus...
2478290000 >> Requesting for the AHB bus...
2478690000 >> AHB granted, starting recovery...
2497890000 >> Recovery done, continuing...
2497940000 >> Requesting for the AHB bus...
2498615000 >> Requesting for the AHB bus...
2499015000 >> AHB granted, starting recovery...
2518215000 >> Recovery done, continuing...
2518265000 >> Requesting for the AHB bus...
2518940000 >> Requesting for the AHB bus...
2519340000 >> AHB granted, starting recovery...
2538540000 >> Recovery done, continuing...
2538590000 >> Requesting for the AHB bus...
2539265000 >> Requesting for the AHB bus...
2539665000 >> AHB granted, starting recovery...
2558865000 >> Recovery done, continuing...
2558915000 >> Requesting for the AHB bus...
2559590000 >> Requesting for the AHB bus...
2559990000 >> AHB granted, starting recovery...
2579190000 >> Recovery done, continuing...
2579240000 >> Requesting for the AHB bus...
2580090000 >> Requesting for the AHB bus...
2580490000 >> AHB granted, starting recovery...
2599690000 >> Recovery done, continuing...
2599740000 >> Requesting for the AHB bus...
2600415000 >> Requesting for the AHB bus...
2600815000 >> AHB granted, starting recovery...
2620015000 >> Recovery done, continuing...
2620065000 >> Requesting for the AHB bus...
2620740000 >> Requesting for the AHB bus...
2621140000 >> AHB granted, starting recovery...
2640340000 >> Recovery done, continuing...
2640390000 >> Requesting for the AHB bus...
2641065000 >> Requesting for the AHB bus...
2641465000 >> AHB granted, starting recovery...
2660665000 >> Recovery done, continuing...
2660715000 >> Requesting for the AHB bus...
2661390000 >> Requesting for the AHB bus...
2661790000 >> AHB granted, starting recovery...
2680990000 >> Recovery done, continuing...
2681040000 >> Requesting for the AHB bus...
2681715000 >> Requesting for the AHB bus...
2682115000 >> AHB granted, starting recovery...
2701315000 >> Recovery done, continuing...
2701365000 >> Requesting for the AHB bus...
2702040000 >> Requesting for the AHB bus...
2702440000 >> AHB granted, starting recovery...
2721640000 >> Recovery done, continuing...
2721690000 >> Requesting for the AHB bus...
2722365000 >> Requesting for the AHB bus...
2722765000 >> AHB granted, starting recovery...
2737215000 >> time limit reached...
/testbench/cpu/l3/u0/leon3x0/vhdl/p0/iu/r.w.wreg:1
/testbench/cpu/l3/u0/leon3x0/vhdl/p0/iu/r.m.irqen:1
/testbench/cpu/l3/u0/leon3x0/vhdl/p0/iu/r.m.icc:0000
/testbench/cpu/l3/u0/leon3x0/vhdl/p0/iu/r.a.ticc:0
/testbench/cpu/l3/u0/leon3x0/vhdl/p0/iu/r.a.step:0
/testbench/cpu/l3/u0/leon3x0/vhdl/p0/iu/r.m.irqen2:1
/testbench/cpu/l3/u0/leon3x0/vhdl/p0/iu/r.d.pc:01000000000000000000000111101000
/testbench/cpu/l3/u0/leon3x0/vhdl/p0/iu/r.d.rexpl:{{00000000000000000000000000000000} {00} {0} 0 0 {0000000000000000000} 0 0 0 0 0 0}
/testbench/cpu/l3/u0/leon3x0/vhdl/p0/iu/r.d.mexc:0
/testbench/cpu/l3/u0/leon3x0/vhdl/p0/iu/r.a.aw:0
/testbench/cpu/l3/u0/leon3x0/vhdl/p0/iu/r.e.ctrl:{{01000000000000000000000111101000} {11000010000001111010000001000100} {00} {10000001} {000000} 0 0 1 0 0 1 1 0 0}
/testbench/cpu/l3/u0/leon3x0/vhdl/p0/iu/r.a.divstart:0
/testbench/cpu/l3/u0/leon3x0/vhdl/p0/iu/r.e.shleft:0
/testbench/cpu/l3/u0/leon3x0/vhdl/p0/iu/r.a.bp:0
/testbench/cpu/l3/u0/leon3x0/vhdl/p0/iu/r.w.twcwp:000
/testbench/cpu/l3/u0/leon3x0/vhdl/p0/iu/r.a.jmpl:0
/testbench/cpu/l3/u0/leon3x0/vhdl/p0/iu/r.m.casa:0
/testbench/cpu/l3/u0/leon3x0/vhdl/p0/iu/r.m.werr:0
/testbench/cpu/l3/u0/leon3x0/vhdl/p0/iu/r.e.su:1
/testbench/cpu/l3/u0/leon3x0/vhdl/p0/iu/r.e.et:1
/testbench/cpu/l3/u0/leon3x0/vhdl/p0/iu/r.a.ldcheck1:1
/testbench/cpu/l3/u0/leon3x0/vhdl/p0/iu/r.d.stwin:000
/testbench/cpu/l3/u0/leon3x0/vhdl/p0/iu/r.a.ldcheck2:0
/testbench/cpu/l3/u0/leon3x0/vhdl/p0/iu/r.x.intack:0
/testbench/cpu/l3/u0/leon3x0/vhdl/p0/iu/r.m.ctrl:{{01000000000000000000000111100100} {11000010001001111011111111111100} {01} {10000001} {000000} 0 0 0 0 0 0 0 0 0}
/testbench/cpu/l3/u0/leon3x0/vhdl/p0/iu/r.a.cwp:101
/testbench/cpu/l3/u0/leon3x0/vhdl/p0/iu/r.e.sari:0
/testbench/cpu/l3/u0/leon3x0/vhdl/p0/iu/r.d.paw:0
/testbench/cpu/l3/u0/leon3x0/vhdl/p0/iu/r.d.aw:0
/testbench/cpu/l3/u0/leon3x0/vhdl/p0/iu/r.d.awp:000
/testbench/cpu/l3/u0/leon3x0/vhdl/p0/iu/r.x.ctrl:{{01000000000000000000000111100100} {11000010001001111011111111111100} {00} {10000001} {000000} 0 0 0 0 0 0 1 0 0}
/testbench/cpu/l3/u0/leon3x0/vhdl/p0/iu/r.m.rexnalign:0
/testbench/cpu/l3/u0/leon3x0/vhdl/p0/iu/r.m.su:1
/testbench/cpu/l3/u0/leon3x0/vhdl/p0/iu/r.m.wcwp:0
/testbench/cpu/l3/u0/leon3x0/vhdl/p0/iu/r.d.divrdy:0
/testbench/cpu/l3/u0/leon3x0/vhdl/p0/iu/r.e.cwp:101
/testbench/cpu/l3/u0/leon3x0/vhdl/p0/iu/r.w.except:0
/testbench/cpu/l3/u0/leon3x0/vhdl/p0/iu/r.x.nerror:0
/testbench/cpu/l3/u0/leon3x0/vhdl/p0/iu/r.a.bpimiss:0
/testbench/cpu/l3/u0/leon3x0/vhdl/p0/iu/r.a.nobp:0
/testbench/cpu/l3/u0/leon3x0/vhdl/p0/iu/r.d.rexcnt:0
/testbench/cpu/l3/u0/leon3x0/vhdl/p0/iu/r.w.s:{{101} {0000} {00000000} {01000000000000000000} {00000010} {0000} 0 0 1 1 1 {00000000000000000000000000000000} {UUUUUUUUUUUUUUUUUUUUUUUUUUUUUUUU} 1 0 0 1 1 1 0 0 {000} {000} {111}}
/testbench/cpu/l3/u0/leon3x0/vhdl/p0/iu/r.d.pv:1
/testbench/cpu/l3/u0/leon3x0/vhdl/p0/iu/r.a.ldchkra:1
/testbench/cpu/l3/u0/leon3x0/vhdl/p0/iu/r.a.rfa1:10000001
/testbench/cpu/l3/u0/leon3x0/vhdl/p0/iu/r.a.rfa2:10000001
/testbench/cpu/l3/u0/leon3x0/vhdl/p0/iu/r.a.imm:00000000000000000000000000000001
/testbench/cpu/l3/u0/leon3x0/vhdl/p0/iu/r.w.wa:10000001
/testbench/cpu/l3/u0/leon3x0/vhdl/p0/iu/r.m.casaz:0
/testbench/cpu/l3/u0/leon3x0/vhdl/p0/iu/r.x.dci:{0 1 0 0 0 0 {10} {00001011}}
/testbench/cpu/l3/u0/leon3x0/vhdl/p0/iu/r.x.mac:0
/testbench/cpu/l3/u0/leon3x0/vhdl/p0/iu/r.m.divz:0
/testbench/cpu/l3/u0/leon3x0/vhdl/p0/iu/r.d.inst:{{10000010000000000110000000000001}}
/testbench/cpu/l3/u0/leon3x0/vhdl/p0/iu/r.e.rfe1:1
/testbench/cpu/l3/u0/leon3x0/vhdl/p0/iu/r.a.wovf:0
/testbench/cpu/l3/u0/leon3x0/vhdl/p0/iu/r.e.rfe2:0
/testbench/cpu/l3/u0/leon3x0/vhdl/p0/iu/r.e.op1:01000000000011111111111010011000
/testbench/cpu/l3/u0/leon3x0/vhdl/p0/iu/r.m.nalign:1
/testbench/cpu/l3/u0/leon3x0/vhdl/p0/iu/r.e.op2:00000000000000000000000001000100
/testbench/cpu/l3/u0/leon3x0/vhdl/p0/iu/r.d.rexen:0
/testbench/cpu/l3/u0/leon3x0/vhdl/p0/iu/r.a.ctrl:{{01000000000000000000000111101000} {10000010000000000110000000000001} {00} {10000001} {000000} 0 1 0 0 0 0 0 0 0}
/testbench/cpu/l3/u0/leon3x0/vhdl/p0/iu/r.x.ipend:0
/testbench/cpu/l3/u0/leon3x0/vhdl/p0/iu/r.e.ldbp1:0
/testbench/cpu/l3/u0/leon3x0/vhdl/p0/iu/r.e.aluadd:1
/testbench/cpu/l3/u0/leon3x0/vhdl/p0/iu/r.d.set:0
/testbench/cpu/l3/u0/leon3x0/vhdl/p0/iu/r.d.inull:0
/testbench/cpu/l3/u0/leon3x0/vhdl/p0/iu/r.e.ldbp2:0
/testbench/cpu/l3/u0/leon3x0/vhdl/p0/iu/r.d.cnt:00
/testbench/cpu/l3/u0/leon3x0/vhdl/p0/iu/r.a.su:1
/testbench/cpu/l3/u0/leon3x0/vhdl/p0/iu/r.a.et:1
/testbench/cpu/l3/u0/leon3x0/vhdl/p0/iu/r.e.mul:0
/testbench/cpu/l3/u0/leon3x0/vhdl/p0/iu/r.e.alusel:00
/testbench/cpu/l3/u0/leon3x0/vhdl/p0/iu/r.e.aw:U
/testbench/cpu/l3/u0/leon3x0/vhdl/p0/iu/r.e.mac:0
/testbench/cpu/l3/u0/leon3x0/vhdl/p0/iu/r.a.decill:0
/testbench/cpu/l3/u0/leon3x0/vhdl/p0/iu/r.x.icc:0000
/testbench/cpu/l3/u0/leon3x0/vhdl/p0/iu/r.x.result:01000000000011111111111010010100
/testbench/cpu/l3/u0/leon3x0/vhdl/p0/iu/r.e.bp:0
/testbench/cpu/l3/u0/leon3x0/vhdl/p0/iu/r.a.rs1:00001
/testbench/cpu/l3/u0/leon3x0/vhdl/p0/iu/r.e.jmpl:0
/testbench/cpu/l3/u0/leon3x0/vhdl/p0/iu/r.a.rsel1:001
/testbench/cpu/l3/u0/leon3x0/vhdl/p0/iu/r.x.y:00000000000000000000000000000000
/testbench/cpu/l3/u0/leon3x0/vhdl/p0/iu/r.a.rsel2:100
/testbench/cpu/l3/u0/leon3x0/vhdl/p0/iu/r.a.awp:000
/testbench/cpu/l3/u0/leon3x0/vhdl/p0/iu/r.a.paw:0
/testbench/cpu/l3/u0/leon3x0/vhdl/p0/iu/r.x.data:{{00000000000000000000000001101101}}
/testbench/cpu/l3/u0/leon3x0/vhdl/p0/iu/r.m.mul:0
/testbench/cpu/l3/u0/leon3x0/vhdl/p0/iu/r.e.rd:UUUUU
/testbench/cpu/l3/u0/leon3x0/vhdl/p0/iu/r.e.invop2:0
/testbench/cpu/l3/u0/leon3x0/vhdl/p0/iu/r.m.wawp:0
/testbench/cpu/l3/u0/leon3x0/vhdl/p0/iu/r.d.cwpmax:111
/testbench/cpu/l3/u0/leon3x0/vhdl/p0/iu/r.f.branch:0
/testbench/cpu/l3/u0/leon3x0/vhdl/p0/iu/r.d.pcheld:1
/testbench/cpu/l3/u0/leon3x0/vhdl/p0/iu/r.m.dci:{0 0 0 1 0 0 {10} {00001011}}
/testbench/cpu/l3/u0/leon3x0/vhdl/p0/iu/r.e.paw:U
/testbench/cpu/l3/u0/leon3x0/vhdl/p0/iu/r.e.awp:UUU
/testbench/cpu/l3/u0/leon3x0/vhdl/p0/iu/r.e.shcnt:00100
/testbench/cpu/l3/u0/leon3x0/vhdl/p0/iu/r.w.result:00000000000000000000000001011101
/testbench/cpu/l3/u0/leon3x0/vhdl/p0/iu/r.m.mac:0
/testbench/cpu/l3/u0/leon3x0/vhdl/p0/iu/r.m.y:00000000000000000000000000000000
/testbench/cpu/l3/u0/leon3x0/vhdl/p0/iu/r.d.cwp:101
/testbench/cpu/l3/u0/leon3x0/vhdl/p0/iu/r.x.laddr:00
/testbench/cpu/l3/u0/leon3x0/vhdl/p0/iu/r.e.mulstep:0
/testbench/cpu/l3/u0/leon3x0/vhdl/p0/iu/r.e.ymsb:0
/testbench/cpu/l3/u0/leon3x0/vhdl/p0/iu/r.d.rexbuf:00000000000000000000000000000000
/testbench/cpu/l3/u0/leon3x0/vhdl/p0/iu/r.x.npc:100
/testbench/cpu/l3/u0/leon3x0/vhdl/p0/iu/r.f.pc:01000000000000000000000111101100
/testbench/cpu/l3/u0/leon3x0/vhdl/p0/iu/r.d.annul:0
/testbench/cpu/l3/u0/leon3x0/vhdl/p0/iu/r.x.rstate:run
/testbench/cpu/l3/u0/leon3x0/vhdl/p0/iu/r.x.set:0
/testbench/cpu/l3/u0/leon3x0/vhdl/p0/iu/r.m.result:00000000000000000000000001011101
/testbench/cpu/l3/u0/leon3x0/vhdl/p0/iu/r.e.icc:UUUU
/testbench/cpu/l3/u0/leon3x0/vhdl/p0/iu/r.a.getpc:0
/testbench/cpu/l3/u0/leon3x0/vhdl/p0/iu/r.a.ldchkex:1
/testbench/cpu/l3/u0/leon3x0/vhdl/p0/iu/r.x.mexc:0
/testbench/cpu/l3/u0/leon3x0/vhdl/p0/iu/r.a.mulstart:0
/testbench/cpu/l3/u0/leon3x0/vhdl/p0/iu/r.d.rexpos:10
/testbench/cpu/l3/u0/leon3x0/vhdl/p0/iu/r.x.annul_all:0
/testbench/cpu/l3/u0/leon3x0/vhdl/p0/iu/r.e.aluop:000
/testbench/cpu/l3/u0/leon3x0/vhdl/p0/iu/r.x.debug:0
/testbench/cpu/l3/u0/leon3x0/vhdl/p0/iu/r.a.rfe1:0
/testbench/cpu/l3/u0/leon3x0/vhdl/p0/iu/r.d.step:0
/testbench/cpu/l3/u0/leon3x0/vhdl/p0/iu/r.a.rfe2:0
/testbench/cpu/l3/u0/leon3x0/vhdl/p0/iu/r.e.alucin:0
/testbench/cpu/l3/u0/leon3x0/vhdl/p0/iu/r.a.wunf:0
compare to golden: 1
======================================
progstatus: -2
execerr: 41
latent: 1
time limit!
>>>>>>>>>>>>>>> 2737215000
======================================
