Test signal = /testbench/cpu/l3/u0/leon3x0/vhdl/p0/iu/r.d.cnt
oldval = 00
pos1: -1 pos0: 1 posU: -1
newval = 01
force in 502101
584315000 >> iteration no: 0
994990000 >> iteration no: 1
Signal value: 00
oldval = 00
pos1: -1 pos0: 1 posU: -1
newval = 01
1081715000 >> Requesting for the AHB bus...
1082540000 >> AHB granted, starting recovery...
1101740000 >> Recovery done, continuing...
1101790000 >> Requesting for the AHB bus...
1102390000 >> AHB granted, starting recovery...
1121590000 >> Recovery done, continuing...
1121640000 >> Requesting for the AHB bus...
1122240000 >> AHB granted, starting recovery...
1141440000 >> Recovery done, continuing...
1141490000 >> Requesting for the AHB bus...
1142090000 >> AHB granted, starting recovery...
1161290000 >> Recovery done, continuing...
1161340000 >> Requesting for the AHB bus...
1161940000 >> AHB granted, starting recovery...
1181140000 >> Recovery done, continuing...
1181190000 >> Requesting for the AHB bus...
1181790000 >> AHB granted, starting recovery...
1200990000 >> Recovery done, continuing...
1201040000 >> Requesting for the AHB bus...
1201640000 >> AHB granted, starting recovery...
1220840000 >> Recovery done, continuing...
1220890000 >> Requesting for the AHB bus...
1221490000 >> AHB granted, starting recovery...
1240690000 >> Recovery done, continuing...
1240740000 >> Requesting for the AHB bus...
1241340000 >> AHB granted, starting recovery...
1260540000 >> Recovery done, continuing...
1260590000 >> Requesting for the AHB bus...
1261190000 >> AHB granted, starting recovery...
1280390000 >> Recovery done, continuing...
1280440000 >> Requesting for the AHB bus...
1281040000 >> AHB granted, starting recovery...
1300240000 >> Recovery done, continuing...
1300290000 >> Requesting for the AHB bus...
1300890000 >> AHB granted, starting recovery...
1320090000 >> Recovery done, continuing...
1320140000 >> Requesting for the AHB bus...
1320740000 >> AHB granted, starting recovery...
1339940000 >> Recovery done, continuing...
1339990000 >> Requesting for the AHB bus...
1340590000 >> AHB granted, starting recovery...
1359790000 >> Recovery done, continuing...
1359840000 >> Requesting for the AHB bus...
1360440000 >> AHB granted, starting recovery...
1379640000 >> Recovery done, continuing...
1379690000 >> Requesting for the AHB bus...
1380290000 >> AHB granted, starting recovery...
1399490000 >> Recovery done, continuing...
1399540000 >> Requesting for the AHB bus...
1400140000 >> AHB granted, starting recovery...
1419340000 >> Recovery done, continuing...
1419390000 >> Requesting for the AHB bus...
1419990000 >> AHB granted, starting recovery...
1439190000 >> Recovery done, continuing...
1439240000 >> Requesting for the AHB bus...
1439840000 >> AHB granted, starting recovery...
1459040000 >> Recovery done, continuing...
1459090000 >> Requesting for the AHB bus...
1459690000 >> AHB granted, starting recovery...
1478890000 >> Recovery done, continuing...
1478940000 >> Requesting for the AHB bus...
1479540000 >> AHB granted, starting recovery...
1498740000 >> Recovery done, continuing...
1498790000 >> Requesting for the AHB bus...
1499390000 >> AHB granted, starting recovery...
1518590000 >> Recovery done, continuing...
1518640000 >> Requesting for the AHB bus...
1519240000 >> AHB granted, starting recovery...
1538440000 >> Recovery done, continuing...
1538490000 >> Requesting for the AHB bus...
1539090000 >> AHB granted, starting recovery...
1558290000 >> Recovery done, continuing...
1558340000 >> Requesting for the AHB bus...
1558940000 >> AHB granted, starting recovery...
1578140000 >> Recovery done, continuing...
1578190000 >> Requesting for the AHB bus...
1578790000 >> AHB granted, starting recovery...
1597990000 >> Recovery done, continuing...
1598040000 >> Requesting for the AHB bus...
1598640000 >> AHB granted, starting recovery...
1617840000 >> Recovery done, continuing...
1617890000 >> Requesting for the AHB bus...
1618490000 >> AHB granted, starting recovery...
1637690000 >> Recovery done, continuing...
1637740000 >> Requesting for the AHB bus...
1638340000 >> AHB granted, starting recovery...
1657540000 >> Recovery done, continuing...
1657590000 >> Requesting for the AHB bus...
1658190000 >> AHB granted, starting recovery...
1677390000 >> Recovery done, continuing...
1677440000 >> Requesting for the AHB bus...
1678040000 >> AHB granted, starting recovery...
1697240000 >> Recovery done, continuing...
1697290000 >> Requesting for the AHB bus...
1697890000 >> AHB granted, starting recovery...
1717090000 >> Recovery done, continuing...
1717140000 >> Requesting for the AHB bus...
1717740000 >> AHB granted, starting recovery...
1736940000 >> Recovery done, continuing...
1736990000 >> Requesting for the AHB bus...
1737590000 >> AHB granted, starting recovery...
1756790000 >> Recovery done, continuing...
1756840000 >> Requesting for the AHB bus...
1757440000 >> AHB granted, starting recovery...
1776640000 >> Recovery done, continuing...
1776690000 >> Requesting for the AHB bus...
1777290000 >> AHB granted, starting recovery...
1796490000 >> Recovery done, continuing...
1796540000 >> Requesting for the AHB bus...
1797140000 >> AHB granted, starting recovery...
1816340000 >> Recovery done, continuing...
1816390000 >> Requesting for the AHB bus...
1816990000 >> AHB granted, starting recovery...
1836190000 >> Recovery done, continuing...
1836240000 >> Requesting for the AHB bus...
1836840000 >> AHB granted, starting recovery...
1856040000 >> Recovery done, continuing...
1856090000 >> Requesting for the AHB bus...
1856690000 >> AHB granted, starting recovery...
1875890000 >> Recovery done, continuing...
1875940000 >> Requesting for the AHB bus...
1876540000 >> AHB granted, starting recovery...
1895740000 >> Recovery done, continuing...
1895790000 >> Requesting for the AHB bus...
1896390000 >> AHB granted, starting recovery...
1915590000 >> Recovery done, continuing...
1915640000 >> Requesting for the AHB bus...
1916240000 >> AHB granted, starting recovery...
1935440000 >> Recovery done, continuing...
1935490000 >> Requesting for the AHB bus...
1936090000 >> AHB granted, starting recovery...
1955290000 >> Recovery done, continuing...
1955340000 >> Requesting for the AHB bus...
1955940000 >> AHB granted, starting recovery...
1975140000 >> Recovery done, continuing...
1975190000 >> Requesting for the AHB bus...
1975790000 >> AHB granted, starting recovery...
1994990000 >> Recovery done, continuing...
1995040000 >> Requesting for the AHB bus...
1995640000 >> AHB granted, starting recovery...
2014840000 >> Recovery done, continuing...
2014890000 >> Requesting for the AHB bus...
2015490000 >> AHB granted, starting recovery...
2034690000 >> Recovery done, continuing...
2034740000 >> Requesting for the AHB bus...
2035340000 >> AHB granted, starting recovery...
2054540000 >> Recovery done, continuing...
2054590000 >> Requesting for the AHB bus...
2055190000 >> AHB granted, starting recovery...
2074390000 >> Recovery done, continuing...
2074440000 >> Requesting for the AHB bus...
2075040000 >> AHB granted, starting recovery...
2094240000 >> Recovery done, continuing...
2094290000 >> Requesting for the AHB bus...
2094890000 >> AHB granted, starting recovery...
2114090000 >> Recovery done, continuing...
2114140000 >> Requesting for the AHB bus...
2114740000 >> AHB granted, starting recovery...
2133940000 >> Recovery done, continuing...
2133990000 >> Requesting for the AHB bus...
2134590000 >> AHB granted, starting recovery...
2153790000 >> Recovery done, continuing...
2153840000 >> Requesting for the AHB bus...
2154440000 >> AHB granted, starting recovery...
2173640000 >> Recovery done, continuing...
2173690000 >> Requesting for the AHB bus...
2174290000 >> AHB granted, starting recovery...
2193490000 >> Recovery done, continuing...
2193540000 >> Requesting for the AHB bus...
2194140000 >> AHB granted, starting recovery...
2213340000 >> Recovery done, continuing...
2213390000 >> Requesting for the AHB bus...
2213990000 >> AHB granted, starting recovery...
2233190000 >> Recovery done, continuing...
2233240000 >> Requesting for the AHB bus...
2233840000 >> AHB granted, starting recovery...
2253040000 >> Recovery done, continuing...
2253090000 >> Requesting for the AHB bus...
2253690000 >> AHB granted, starting recovery...
2272890000 >> Recovery done, continuing...
2272940000 >> Requesting for the AHB bus...
2273540000 >> AHB granted, starting recovery...
2292740000 >> Recovery done, continuing...
2292790000 >> Requesting for the AHB bus...
2293390000 >> AHB granted, starting recovery...
2312590000 >> Recovery done, continuing...
2312640000 >> Requesting for the AHB bus...
2313240000 >> AHB granted, starting recovery...
2332440000 >> Recovery done, continuing...
2332490000 >> Requesting for the AHB bus...
2333090000 >> AHB granted, starting recovery...
2352290000 >> Recovery done, continuing...
2352340000 >> Requesting for the AHB bus...
2352940000 >> AHB granted, starting recovery...
2372140000 >> Recovery done, continuing...
2372190000 >> Requesting for the AHB bus...
2372790000 >> AHB granted, starting recovery...
2391990000 >> Recovery done, continuing...
2392040000 >> Requesting for the AHB bus...
2392640000 >> AHB granted, starting recovery...
2411840000 >> Recovery done, continuing...
2411890000 >> Requesting for the AHB bus...
2412490000 >> AHB granted, starting recovery...
2431690000 >> Recovery done, continuing...
2431740000 >> Requesting for the AHB bus...
2432340000 >> AHB granted, starting recovery...
2451540000 >> Recovery done, continuing...
2451590000 >> Requesting for the AHB bus...
2452190000 >> AHB granted, starting recovery...
2471390000 >> Recovery done, continuing...
2471440000 >> Requesting for the AHB bus...
2472040000 >> AHB granted, starting recovery...
2491240000 >> Recovery done, continuing...
2491290000 >> Requesting for the AHB bus...
2491890000 >> AHB granted, starting recovery...
2511090000 >> Recovery done, continuing...
2511140000 >> Requesting for the AHB bus...
2511740000 >> AHB granted, starting recovery...
2530940000 >> Recovery done, continuing...
2530990000 >> Requesting for the AHB bus...
2531590000 >> AHB granted, starting recovery...
2550790000 >> Recovery done, continuing...
2550840000 >> Requesting for the AHB bus...
2551440000 >> AHB granted, starting recovery...
2570640000 >> Recovery done, continuing...
2570690000 >> Requesting for the AHB bus...
2571290000 >> AHB granted, starting recovery...
2590490000 >> Recovery done, continuing...
2590540000 >> Requesting for the AHB bus...
2591140000 >> AHB granted, starting recovery...
2610340000 >> Recovery done, continuing...
2610390000 >> Requesting for the AHB bus...
2610990000 >> AHB granted, starting recovery...
2630190000 >> Recovery done, continuing...
2630240000 >> Requesting for the AHB bus...
2630840000 >> AHB granted, starting recovery...
2650040000 >> Recovery done, continuing...
2650090000 >> Requesting for the AHB bus...
2650690000 >> AHB granted, starting recovery...
2669890000 >> Recovery done, continuing...
2669940000 >> Requesting for the AHB bus...
2670540000 >> AHB granted, starting recovery...
2689740000 >> Recovery done, continuing...
2689790000 >> Requesting for the AHB bus...
2690390000 >> AHB granted, starting recovery...
2709590000 >> Recovery done, continuing...
2709640000 >> Requesting for the AHB bus...
2710240000 >> AHB granted, starting recovery...
2729440000 >> Recovery done, continuing...
2729490000 >> Requesting for the AHB bus...
2730090000 >> AHB granted, starting recovery...
2737215000 >> time limit reached...
/testbench/cpu/l3/u0/leon3x0/vhdl/p0/iu/r.w.wreg:1
/testbench/cpu/l3/u0/leon3x0/vhdl/p0/iu/r.m.irqen:1
/testbench/cpu/l3/u0/leon3x0/vhdl/p0/iu/r.m.icc:0000
/testbench/cpu/l3/u0/leon3x0/vhdl/p0/iu/r.a.ticc:0
/testbench/cpu/l3/u0/leon3x0/vhdl/p0/iu/r.a.step:0
/testbench/cpu/l3/u0/leon3x0/vhdl/p0/iu/r.m.irqen2:1
/testbench/cpu/l3/u0/leon3x0/vhdl/p0/iu/r.d.pc:01000000000000000000000111111000
/testbench/cpu/l3/u0/leon3x0/vhdl/p0/iu/r.d.rexpl:{{00000000000000000000000000000000} {00} {0} 0 0 {0000000000000000000} 0 0 0 0 0 0}
/testbench/cpu/l3/u0/leon3x0/vhdl/p0/iu/r.d.mexc:0
/testbench/cpu/l3/u0/leon3x0/vhdl/p0/iu/r.a.aw:0
/testbench/cpu/l3/u0/leon3x0/vhdl/p0/iu/r.e.ctrl:{{01000000000000000000000111110100} {11000010000001111010000001000100} {01} {10000001} {000000} 0 0 1 0 0 1 1 0 0}
/testbench/cpu/l3/u0/leon3x0/vhdl/p0/iu/r.a.divstart:0
/testbench/cpu/l3/u0/leon3x0/vhdl/p0/iu/r.e.shleft:0
/testbench/cpu/l3/u0/leon3x0/vhdl/p0/iu/r.a.bp:0
/testbench/cpu/l3/u0/leon3x0/vhdl/p0/iu/r.w.twcwp:000
/testbench/cpu/l3/u0/leon3x0/vhdl/p0/iu/r.a.jmpl:0
/testbench/cpu/l3/u0/leon3x0/vhdl/p0/iu/r.m.casa:0
/testbench/cpu/l3/u0/leon3x0/vhdl/p0/iu/r.m.werr:0
/testbench/cpu/l3/u0/leon3x0/vhdl/p0/iu/r.e.su:1
/testbench/cpu/l3/u0/leon3x0/vhdl/p0/iu/r.e.et:1
/testbench/cpu/l3/u0/leon3x0/vhdl/p0/iu/r.a.ldcheck1:1
/testbench/cpu/l3/u0/leon3x0/vhdl/p0/iu/r.d.stwin:000
/testbench/cpu/l3/u0/leon3x0/vhdl/p0/iu/r.a.ldcheck2:1
/testbench/cpu/l3/u0/leon3x0/vhdl/p0/iu/r.x.intack:0
/testbench/cpu/l3/u0/leon3x0/vhdl/p0/iu/r.m.ctrl:{{01000000000000000000000111110000} {11000010001001111010000001000100} {01} {10000001} {000000} 0 0 0 0 0 0 0 0 0}
/testbench/cpu/l3/u0/leon3x0/vhdl/p0/iu/r.a.cwp:101
/testbench/cpu/l3/u0/leon3x0/vhdl/p0/iu/r.e.sari:0
/testbench/cpu/l3/u0/leon3x0/vhdl/p0/iu/r.d.paw:0
/testbench/cpu/l3/u0/leon3x0/vhdl/p0/iu/r.d.aw:0
/testbench/cpu/l3/u0/leon3x0/vhdl/p0/iu/r.d.awp:000
/testbench/cpu/l3/u0/leon3x0/vhdl/p0/iu/r.x.ctrl:{{01000000000000000000000111110000} {11000010001001111010000001000100} {00} {10000001} {000000} 0 0 0 0 0 0 1 0 0}
/testbench/cpu/l3/u0/leon3x0/vhdl/p0/iu/r.m.rexnalign:0
/testbench/cpu/l3/u0/leon3x0/vhdl/p0/iu/r.m.su:1
/testbench/cpu/l3/u0/leon3x0/vhdl/p0/iu/r.m.wcwp:0
/testbench/cpu/l3/u0/leon3x0/vhdl/p0/iu/r.d.divrdy:0
/testbench/cpu/l3/u0/leon3x0/vhdl/p0/iu/r.e.cwp:101
/testbench/cpu/l3/u0/leon3x0/vhdl/p0/iu/r.w.except:0
/testbench/cpu/l3/u0/leon3x0/vhdl/p0/iu/r.x.nerror:0
/testbench/cpu/l3/u0/leon3x0/vhdl/p0/iu/r.a.bpimiss:0
/testbench/cpu/l3/u0/leon3x0/vhdl/p0/iu/r.a.nobp:0
/testbench/cpu/l3/u0/leon3x0/vhdl/p0/iu/r.d.rexcnt:0
/testbench/cpu/l3/u0/leon3x0/vhdl/p0/iu/r.w.s:{{101} {0000} {00000000} {01000000000000000000} {00000010} {0000} 0 0 1 1 1 {00000000000000000000000000000000} {UUUUUUUUUUUUUUUUUUUUUUUUUUUUUUUU} 1 0 0 1 1 1 0 0 {000} {000} {111}}
/testbench/cpu/l3/u0/leon3x0/vhdl/p0/iu/r.d.pv:1
/testbench/cpu/l3/u0/leon3x0/vhdl/p0/iu/r.a.ldchkra:1
/testbench/cpu/l3/u0/leon3x0/vhdl/p0/iu/r.a.rfa1:10000001
/testbench/cpu/l3/u0/leon3x0/vhdl/p0/iu/r.a.rfa2:10000000
/testbench/cpu/l3/u0/leon3x0/vhdl/p0/iu/r.a.imm:00000000000000000000000000000000
/testbench/cpu/l3/u0/leon3x0/vhdl/p0/iu/r.w.wa:10000001
/testbench/cpu/l3/u0/leon3x0/vhdl/p0/iu/r.m.casaz:0
/testbench/cpu/l3/u0/leon3x0/vhdl/p0/iu/r.x.dci:{0 1 0 0 0 0 {10} {00001011}}
/testbench/cpu/l3/u0/leon3x0/vhdl/p0/iu/r.x.mac:0
/testbench/cpu/l3/u0/leon3x0/vhdl/p0/iu/r.m.divz:0
/testbench/cpu/l3/u0/leon3x0/vhdl/p0/iu/r.d.inst:{{11000010000010000100000000000000}}
/testbench/cpu/l3/u0/leon3x0/vhdl/p0/iu/r.e.rfe1:1
/testbench/cpu/l3/u0/leon3x0/vhdl/p0/iu/r.a.wovf:0
/testbench/cpu/l3/u0/leon3x0/vhdl/p0/iu/r.e.rfe2:0
/testbench/cpu/l3/u0/leon3x0/vhdl/p0/iu/r.e.op1:01000000000011111111111010011000
/testbench/cpu/l3/u0/leon3x0/vhdl/p0/iu/r.m.nalign:1
/testbench/cpu/l3/u0/leon3x0/vhdl/p0/iu/r.e.op2:00000000000000000000000001000100
/testbench/cpu/l3/u0/leon3x0/vhdl/p0/iu/r.d.rexen:0
/testbench/cpu/l3/u0/leon3x0/vhdl/p0/iu/r.a.ctrl:{{01000000000000000000000111111000} {11000010000010000100000000000000} {00} {10000001} {000000} 0 1 0 0 0 1 0 0 0}
/testbench/cpu/l3/u0/leon3x0/vhdl/p0/iu/r.x.ipend:0
/testbench/cpu/l3/u0/leon3x0/vhdl/p0/iu/r.e.ldbp1:0
/testbench/cpu/l3/u0/leon3x0/vhdl/p0/iu/r.e.aluadd:1
/testbench/cpu/l3/u0/leon3x0/vhdl/p0/iu/r.d.set:0
/testbench/cpu/l3/u0/leon3x0/vhdl/p0/iu/r.d.inull:0
/testbench/cpu/l3/u0/leon3x0/vhdl/p0/iu/r.e.ldbp2:0
/testbench/cpu/l3/u0/leon3x0/vhdl/p0/iu/r.d.cnt:00
/testbench/cpu/l3/u0/leon3x0/vhdl/p0/iu/r.a.su:1
/testbench/cpu/l3/u0/leon3x0/vhdl/p0/iu/r.a.et:1
/testbench/cpu/l3/u0/leon3x0/vhdl/p0/iu/r.e.mul:0
/testbench/cpu/l3/u0/leon3x0/vhdl/p0/iu/r.e.alusel:11
/testbench/cpu/l3/u0/leon3x0/vhdl/p0/iu/r.e.aw:U
/testbench/cpu/l3/u0/leon3x0/vhdl/p0/iu/r.e.mac:0
/testbench/cpu/l3/u0/leon3x0/vhdl/p0/iu/r.a.decill:0
/testbench/cpu/l3/u0/leon3x0/vhdl/p0/iu/r.x.icc:0000
/testbench/cpu/l3/u0/leon3x0/vhdl/p0/iu/r.x.result:01000000000011111111111011011100
/testbench/cpu/l3/u0/leon3x0/vhdl/p0/iu/r.e.bp:0
/testbench/cpu/l3/u0/leon3x0/vhdl/p0/iu/r.a.rs1:00001
/testbench/cpu/l3/u0/leon3x0/vhdl/p0/iu/r.e.jmpl:0
/testbench/cpu/l3/u0/leon3x0/vhdl/p0/iu/r.a.rsel1:001
/testbench/cpu/l3/u0/leon3x0/vhdl/p0/iu/r.x.y:00000000000000000000000000000000
/testbench/cpu/l3/u0/leon3x0/vhdl/p0/iu/r.a.rsel2:101
/testbench/cpu/l3/u0/leon3x0/vhdl/p0/iu/r.a.awp:000
/testbench/cpu/l3/u0/leon3x0/vhdl/p0/iu/r.a.paw:0
/testbench/cpu/l3/u0/leon3x0/vhdl/p0/iu/r.x.data:{{01000000000000000001001000101101}}
/testbench/cpu/l3/u0/leon3x0/vhdl/p0/iu/r.m.mul:0
/testbench/cpu/l3/u0/leon3x0/vhdl/p0/iu/r.e.rd:UUUUU
/testbench/cpu/l3/u0/leon3x0/vhdl/p0/iu/r.e.invop2:0
/testbench/cpu/l3/u0/leon3x0/vhdl/p0/iu/r.m.wawp:0
/testbench/cpu/l3/u0/leon3x0/vhdl/p0/iu/r.d.cwpmax:111
/testbench/cpu/l3/u0/leon3x0/vhdl/p0/iu/r.f.branch:0
/testbench/cpu/l3/u0/leon3x0/vhdl/p0/iu/r.d.pcheld:1
/testbench/cpu/l3/u0/leon3x0/vhdl/p0/iu/r.m.dci:{0 0 0 1 0 0 {10} {00001011}}
/testbench/cpu/l3/u0/leon3x0/vhdl/p0/iu/r.e.paw:U
/testbench/cpu/l3/u0/leon3x0/vhdl/p0/iu/r.e.awp:UUU
/testbench/cpu/l3/u0/leon3x0/vhdl/p0/iu/r.e.shcnt:00100
/testbench/cpu/l3/u0/leon3x0/vhdl/p0/iu/r.w.result:01000000000000000001001000101110
/testbench/cpu/l3/u0/leon3x0/vhdl/p0/iu/r.m.mac:0
/testbench/cpu/l3/u0/leon3x0/vhdl/p0/iu/r.m.y:00000000000000000000000000000000
/testbench/cpu/l3/u0/leon3x0/vhdl/p0/iu/r.d.cwp:101
/testbench/cpu/l3/u0/leon3x0/vhdl/p0/iu/r.x.laddr:00
/testbench/cpu/l3/u0/leon3x0/vhdl/p0/iu/r.e.mulstep:0
/testbench/cpu/l3/u0/leon3x0/vhdl/p0/iu/r.e.ymsb:0
/testbench/cpu/l3/u0/leon3x0/vhdl/p0/iu/r.d.rexbuf:00000000000000000000000000000000
/testbench/cpu/l3/u0/leon3x0/vhdl/p0/iu/r.x.npc:100
/testbench/cpu/l3/u0/leon3x0/vhdl/p0/iu/r.f.pc:01000000000000000000000111111100
/testbench/cpu/l3/u0/leon3x0/vhdl/p0/iu/r.d.annul:0
/testbench/cpu/l3/u0/leon3x0/vhdl/p0/iu/r.x.rstate:run
/testbench/cpu/l3/u0/leon3x0/vhdl/p0/iu/r.x.set:0
/testbench/cpu/l3/u0/leon3x0/vhdl/p0/iu/r.m.result:01000000000000000001001000101110
/testbench/cpu/l3/u0/leon3x0/vhdl/p0/iu/r.e.icc:UUUU
/testbench/cpu/l3/u0/leon3x0/vhdl/p0/iu/r.a.getpc:0
/testbench/cpu/l3/u0/leon3x0/vhdl/p0/iu/r.a.ldchkex:1
/testbench/cpu/l3/u0/leon3x0/vhdl/p0/iu/r.x.mexc:0
/testbench/cpu/l3/u0/leon3x0/vhdl/p0/iu/r.a.mulstart:0
/testbench/cpu/l3/u0/leon3x0/vhdl/p0/iu/r.d.rexpos:10
/testbench/cpu/l3/u0/leon3x0/vhdl/p0/iu/r.x.annul_all:0
/testbench/cpu/l3/u0/leon3x0/vhdl/p0/iu/r.e.aluop:000
/testbench/cpu/l3/u0/leon3x0/vhdl/p0/iu/r.x.debug:0
/testbench/cpu/l3/u0/leon3x0/vhdl/p0/iu/r.a.rfe1:0
/testbench/cpu/l3/u0/leon3x0/vhdl/p0/iu/r.d.step:0
/testbench/cpu/l3/u0/leon3x0/vhdl/p0/iu/r.a.rfe2:0
/testbench/cpu/l3/u0/leon3x0/vhdl/p0/iu/r.e.alucin:0
/testbench/cpu/l3/u0/leon3x0/vhdl/p0/iu/r.a.wunf:0
compare to golden: 1
======================================
progstatus: -2
execerr: 84
latent: 1
time limit!
>>>>>>>>>>>>>>> 2737215000
======================================
