Test signal = /testbench/cpu/l3/u0/leon3x0/vhdl/p0/iu/r.a.ticc
oldval = 0
pos1: -1 pos0: 0 posU: -1
newval = 1
force in 936763
584315000 >> iteration no: 0
994990000 >> iteration no: 1
1405665000 >> iteration no: 2
Signal value: 0
oldval = 0
pos1: -1 pos0: 0 posU: -1
newval = 1
1516915000 >> Requesting for the AHB bus...
1517765000 >> AHB granted, starting recovery...
1536965000 >> Recovery done, continuing...
1537090000 >> Requesting for the AHB bus...
1537965000 >> AHB granted, starting recovery...
1557165000 >> Recovery done, continuing...
1557290000 >> Requesting for the AHB bus...
1558165000 >> AHB granted, starting recovery...
1577365000 >> Recovery done, continuing...
1577490000 >> Requesting for the AHB bus...
1578365000 >> AHB granted, starting recovery...
1597565000 >> Recovery done, continuing...
1597690000 >> Requesting for the AHB bus...
1598565000 >> AHB granted, starting recovery...
1617765000 >> Recovery done, continuing...
1617890000 >> Requesting for the AHB bus...
1618765000 >> AHB granted, starting recovery...
1637965000 >> Recovery done, continuing...
1638090000 >> Requesting for the AHB bus...
1638965000 >> AHB granted, starting recovery...
1658165000 >> Recovery done, continuing...
1658290000 >> Requesting for the AHB bus...
1659165000 >> AHB granted, starting recovery...
1678365000 >> Recovery done, continuing...
1678490000 >> Requesting for the AHB bus...
1679365000 >> AHB granted, starting recovery...
1698565000 >> Recovery done, continuing...
1698690000 >> Requesting for the AHB bus...
1699565000 >> AHB granted, starting recovery...
1718765000 >> Recovery done, continuing...
1718890000 >> Requesting for the AHB bus...
1719765000 >> AHB granted, starting recovery...
1738965000 >> Recovery done, continuing...
1739090000 >> Requesting for the AHB bus...
1739965000 >> AHB granted, starting recovery...
1759165000 >> Recovery done, continuing...
1759290000 >> Requesting for the AHB bus...
1760165000 >> AHB granted, starting recovery...
1779365000 >> Recovery done, continuing...
1779490000 >> Requesting for the AHB bus...
1780365000 >> AHB granted, starting recovery...
1799565000 >> Recovery done, continuing...
1799690000 >> Requesting for the AHB bus...
1800565000 >> AHB granted, starting recovery...
1819765000 >> Recovery done, continuing...
1819890000 >> Requesting for the AHB bus...
1820765000 >> AHB granted, starting recovery...
1839965000 >> Recovery done, continuing...
1840090000 >> Requesting for the AHB bus...
1840965000 >> AHB granted, starting recovery...
1860165000 >> Recovery done, continuing...
1860290000 >> Requesting for the AHB bus...
1861165000 >> AHB granted, starting recovery...
1880365000 >> Recovery done, continuing...
1880490000 >> Requesting for the AHB bus...
1881365000 >> AHB granted, starting recovery...
1900565000 >> Recovery done, continuing...
1900690000 >> Requesting for the AHB bus...
1901565000 >> AHB granted, starting recovery...
1920765000 >> Recovery done, continuing...
1920890000 >> Requesting for the AHB bus...
1921765000 >> AHB granted, starting recovery...
1940965000 >> Recovery done, continuing...
1941090000 >> Requesting for the AHB bus...
1941965000 >> AHB granted, starting recovery...
1961165000 >> Recovery done, continuing...
1961290000 >> Requesting for the AHB bus...
1962165000 >> AHB granted, starting recovery...
1981365000 >> Recovery done, continuing...
1981490000 >> Requesting for the AHB bus...
1982365000 >> AHB granted, starting recovery...
2001565000 >> Recovery done, continuing...
2001690000 >> Requesting for the AHB bus...
2002565000 >> AHB granted, starting recovery...
2021765000 >> Recovery done, continuing...
2021890000 >> Requesting for the AHB bus...
2022765000 >> AHB granted, starting recovery...
2041965000 >> Recovery done, continuing...
2042090000 >> Requesting for the AHB bus...
2042965000 >> AHB granted, starting recovery...
2062165000 >> Recovery done, continuing...
2062290000 >> Requesting for the AHB bus...
2063165000 >> AHB granted, starting recovery...
2082365000 >> Recovery done, continuing...
2082490000 >> Requesting for the AHB bus...
2083365000 >> AHB granted, starting recovery...
2102565000 >> Recovery done, continuing...
2102690000 >> Requesting for the AHB bus...
2103565000 >> AHB granted, starting recovery...
2122765000 >> Recovery done, continuing...
2122890000 >> Requesting for the AHB bus...
2123765000 >> AHB granted, starting recovery...
2142965000 >> Recovery done, continuing...
2143090000 >> Requesting for the AHB bus...
2143965000 >> AHB granted, starting recovery...
2163165000 >> Recovery done, continuing...
2163290000 >> Requesting for the AHB bus...
2164165000 >> AHB granted, starting recovery...
2183365000 >> Recovery done, continuing...
2183490000 >> Requesting for the AHB bus...
2184365000 >> AHB granted, starting recovery...
2203565000 >> Recovery done, continuing...
2203690000 >> Requesting for the AHB bus...
2204565000 >> AHB granted, starting recovery...
2223765000 >> Recovery done, continuing...
2223890000 >> Requesting for the AHB bus...
2224765000 >> AHB granted, starting recovery...
2243965000 >> Recovery done, continuing...
2244090000 >> Requesting for the AHB bus...
2244965000 >> AHB granted, starting recovery...
2264165000 >> Recovery done, continuing...
2264290000 >> Requesting for the AHB bus...
2265165000 >> AHB granted, starting recovery...
2284365000 >> Recovery done, continuing...
2284490000 >> Requesting for the AHB bus...
2285365000 >> AHB granted, starting recovery...
2304565000 >> Recovery done, continuing...
2304690000 >> Requesting for the AHB bus...
2305565000 >> AHB granted, starting recovery...
2324765000 >> Recovery done, continuing...
2324890000 >> Requesting for the AHB bus...
2325765000 >> AHB granted, starting recovery...
2344965000 >> Recovery done, continuing...
2345090000 >> Requesting for the AHB bus...
2345965000 >> AHB granted, starting recovery...
2365165000 >> Recovery done, continuing...
2365290000 >> Requesting for the AHB bus...
2366165000 >> AHB granted, starting recovery...
2385365000 >> Recovery done, continuing...
2385490000 >> Requesting for the AHB bus...
2386365000 >> AHB granted, starting recovery...
2405565000 >> Recovery done, continuing...
2405690000 >> Requesting for the AHB bus...
2406565000 >> AHB granted, starting recovery...
2425765000 >> Recovery done, continuing...
2425890000 >> Requesting for the AHB bus...
2426765000 >> AHB granted, starting recovery...
2445965000 >> Recovery done, continuing...
2446090000 >> Requesting for the AHB bus...
2446965000 >> AHB granted, starting recovery...
2466165000 >> Recovery done, continuing...
2466290000 >> Requesting for the AHB bus...
2467165000 >> AHB granted, starting recovery...
2486365000 >> Recovery done, continuing...
2486490000 >> Requesting for the AHB bus...
2487365000 >> AHB granted, starting recovery...
2506565000 >> Recovery done, continuing...
2506690000 >> Requesting for the AHB bus...
2507565000 >> AHB granted, starting recovery...
2526765000 >> Recovery done, continuing...
2526890000 >> Requesting for the AHB bus...
2527765000 >> AHB granted, starting recovery...
2546965000 >> Recovery done, continuing...
2547090000 >> Requesting for the AHB bus...
2547965000 >> AHB granted, starting recovery...
2567165000 >> Recovery done, continuing...
2567290000 >> Requesting for the AHB bus...
2568165000 >> AHB granted, starting recovery...
2587365000 >> Recovery done, continuing...
2587490000 >> Requesting for the AHB bus...
2588365000 >> AHB granted, starting recovery...
2607565000 >> Recovery done, continuing...
2607690000 >> Requesting for the AHB bus...
2608565000 >> AHB granted, starting recovery...
2627765000 >> Recovery done, continuing...
2627890000 >> Requesting for the AHB bus...
2628765000 >> AHB granted, starting recovery...
2647965000 >> Recovery done, continuing...
2648090000 >> Requesting for the AHB bus...
2648965000 >> AHB granted, starting recovery...
2668165000 >> Recovery done, continuing...
2668290000 >> Requesting for the AHB bus...
2669165000 >> AHB granted, starting recovery...
2688365000 >> Recovery done, continuing...
2688490000 >> Requesting for the AHB bus...
2689365000 >> AHB granted, starting recovery...
2708565000 >> Recovery done, continuing...
2708690000 >> Requesting for the AHB bus...
2709565000 >> AHB granted, starting recovery...
2728765000 >> Recovery done, continuing...
2728890000 >> Requesting for the AHB bus...
2729765000 >> AHB granted, starting recovery...
2737215000 >> time limit reached...
/testbench/cpu/l3/u0/leon3x0/vhdl/p0/iu/r.w.wreg:1
/testbench/cpu/l3/u0/leon3x0/vhdl/p0/iu/r.m.irqen:1
/testbench/cpu/l3/u0/leon3x0/vhdl/p0/iu/r.m.icc:0000
/testbench/cpu/l3/u0/leon3x0/vhdl/p0/iu/r.a.ticc:0
/testbench/cpu/l3/u0/leon3x0/vhdl/p0/iu/r.a.step:0
/testbench/cpu/l3/u0/leon3x0/vhdl/p0/iu/r.m.irqen2:1
/testbench/cpu/l3/u0/leon3x0/vhdl/p0/iu/r.d.pc:01000000000000000000000111111000
/testbench/cpu/l3/u0/leon3x0/vhdl/p0/iu/r.d.rexpl:{{00000000000000000000000000000000} {00} {0} 0 0 {0000000000000000000} 0 0 0 0 0 0}
/testbench/cpu/l3/u0/leon3x0/vhdl/p0/iu/r.d.mexc:0
/testbench/cpu/l3/u0/leon3x0/vhdl/p0/iu/r.a.aw:0
/testbench/cpu/l3/u0/leon3x0/vhdl/p0/iu/r.e.ctrl:{{01000000000000000000000111110100} {11000010000001111010000001000100} {00} {10000001} {000000} 0 0 1 0 0 1 1 0 0}
/testbench/cpu/l3/u0/leon3x0/vhdl/p0/iu/r.a.divstart:0
/testbench/cpu/l3/u0/leon3x0/vhdl/p0/iu/r.e.shleft:0
/testbench/cpu/l3/u0/leon3x0/vhdl/p0/iu/r.a.bp:0
/testbench/cpu/l3/u0/leon3x0/vhdl/p0/iu/r.w.twcwp:000
/testbench/cpu/l3/u0/leon3x0/vhdl/p0/iu/r.a.jmpl:0
/testbench/cpu/l3/u0/leon3x0/vhdl/p0/iu/r.m.casa:0
/testbench/cpu/l3/u0/leon3x0/vhdl/p0/iu/r.m.werr:0
/testbench/cpu/l3/u0/leon3x0/vhdl/p0/iu/r.e.su:1
/testbench/cpu/l3/u0/leon3x0/vhdl/p0/iu/r.e.et:1
/testbench/cpu/l3/u0/leon3x0/vhdl/p0/iu/r.a.ldcheck1:1
/testbench/cpu/l3/u0/leon3x0/vhdl/p0/iu/r.d.stwin:000
/testbench/cpu/l3/u0/leon3x0/vhdl/p0/iu/r.a.ldcheck2:1
/testbench/cpu/l3/u0/leon3x0/vhdl/p0/iu/r.x.intack:0
/testbench/cpu/l3/u0/leon3x0/vhdl/p0/iu/r.m.ctrl:{{01000000000000000000000111110000} {11000010001001111010000001000100} {01} {10000001} {111111} 1 0 0 0 0 0 0 0 0}
/testbench/cpu/l3/u0/leon3x0/vhdl/p0/iu/r.a.cwp:101
/testbench/cpu/l3/u0/leon3x0/vhdl/p0/iu/r.e.sari:0
/testbench/cpu/l3/u0/leon3x0/vhdl/p0/iu/r.d.paw:0
/testbench/cpu/l3/u0/leon3x0/vhdl/p0/iu/r.d.aw:0
/testbench/cpu/l3/u0/leon3x0/vhdl/p0/iu/r.d.awp:000
/testbench/cpu/l3/u0/leon3x0/vhdl/p0/iu/r.x.ctrl:{{01000000000000000000000111110000} {11000010001001111010000001000100} {00} {10000001} {000000} 0 0 0 0 0 0 1 0 0}
/testbench/cpu/l3/u0/leon3x0/vhdl/p0/iu/r.m.rexnalign:0
/testbench/cpu/l3/u0/leon3x0/vhdl/p0/iu/r.m.su:1
/testbench/cpu/l3/u0/leon3x0/vhdl/p0/iu/r.m.wcwp:0
/testbench/cpu/l3/u0/leon3x0/vhdl/p0/iu/r.d.divrdy:0
/testbench/cpu/l3/u0/leon3x0/vhdl/p0/iu/r.e.cwp:101
/testbench/cpu/l3/u0/leon3x0/vhdl/p0/iu/r.w.except:0
/testbench/cpu/l3/u0/leon3x0/vhdl/p0/iu/r.x.nerror:0
/testbench/cpu/l3/u0/leon3x0/vhdl/p0/iu/r.a.bpimiss:0
/testbench/cpu/l3/u0/leon3x0/vhdl/p0/iu/r.a.nobp:0
/testbench/cpu/l3/u0/leon3x0/vhdl/p0/iu/r.d.rexcnt:0
/testbench/cpu/l3/u0/leon3x0/vhdl/p0/iu/r.w.s:{{101} {0000} {00000000} {01000000000000000000} {00000010} {0000} 0 0 1 1 1 {00000000000000000000000000000000} {UUUUUUUUUUUUUUUUUUUUUUUUUUUUUUUU} 1 0 0 1 1 1 0 0 {000} {000} {111}}
/testbench/cpu/l3/u0/leon3x0/vhdl/p0/iu/r.d.pv:1
/testbench/cpu/l3/u0/leon3x0/vhdl/p0/iu/r.a.ldchkra:1
/testbench/cpu/l3/u0/leon3x0/vhdl/p0/iu/r.a.rfa1:10000001
/testbench/cpu/l3/u0/leon3x0/vhdl/p0/iu/r.a.rfa2:10000000
/testbench/cpu/l3/u0/leon3x0/vhdl/p0/iu/r.a.imm:00000000000000000000000000000000
/testbench/cpu/l3/u0/leon3x0/vhdl/p0/iu/r.w.wa:10000001
/testbench/cpu/l3/u0/leon3x0/vhdl/p0/iu/r.m.casaz:0
/testbench/cpu/l3/u0/leon3x0/vhdl/p0/iu/r.x.dci:{0 1 0 0 0 0 {10} {00001011}}
/testbench/cpu/l3/u0/leon3x0/vhdl/p0/iu/r.x.mac:0
/testbench/cpu/l3/u0/leon3x0/vhdl/p0/iu/r.m.divz:0
/testbench/cpu/l3/u0/leon3x0/vhdl/p0/iu/r.d.inst:{{11000010000010000100000000000000}}
/testbench/cpu/l3/u0/leon3x0/vhdl/p0/iu/r.e.rfe1:1
/testbench/cpu/l3/u0/leon3x0/vhdl/p0/iu/r.a.wovf:0
/testbench/cpu/l3/u0/leon3x0/vhdl/p0/iu/r.e.rfe2:0
/testbench/cpu/l3/u0/leon3x0/vhdl/p0/iu/r.e.op1:01000000000011111111111010011000
/testbench/cpu/l3/u0/leon3x0/vhdl/p0/iu/r.m.nalign:1
/testbench/cpu/l3/u0/leon3x0/vhdl/p0/iu/r.e.op2:00000000000000000000000001000100
/testbench/cpu/l3/u0/leon3x0/vhdl/p0/iu/r.d.rexen:0
/testbench/cpu/l3/u0/leon3x0/vhdl/p0/iu/r.a.ctrl:{{01000000000000000000000111111000} {11000010000010000100000000000000} {00} {10000001} {000000} 0 1 0 0 0 1 0 0 0}
/testbench/cpu/l3/u0/leon3x0/vhdl/p0/iu/r.x.ipend:0
/testbench/cpu/l3/u0/leon3x0/vhdl/p0/iu/r.e.ldbp1:0
/testbench/cpu/l3/u0/leon3x0/vhdl/p0/iu/r.e.aluadd:1
/testbench/cpu/l3/u0/leon3x0/vhdl/p0/iu/r.d.set:0
/testbench/cpu/l3/u0/leon3x0/vhdl/p0/iu/r.d.inull:0
/testbench/cpu/l3/u0/leon3x0/vhdl/p0/iu/r.e.ldbp2:0
/testbench/cpu/l3/u0/leon3x0/vhdl/p0/iu/r.d.cnt:00
/testbench/cpu/l3/u0/leon3x0/vhdl/p0/iu/r.a.su:1
/testbench/cpu/l3/u0/leon3x0/vhdl/p0/iu/r.a.et:1
/testbench/cpu/l3/u0/leon3x0/vhdl/p0/iu/r.e.mul:0
/testbench/cpu/l3/u0/leon3x0/vhdl/p0/iu/r.e.alusel:00
/testbench/cpu/l3/u0/leon3x0/vhdl/p0/iu/r.e.aw:U
/testbench/cpu/l3/u0/leon3x0/vhdl/p0/iu/r.e.mac:0
/testbench/cpu/l3/u0/leon3x0/vhdl/p0/iu/r.a.decill:0
/testbench/cpu/l3/u0/leon3x0/vhdl/p0/iu/r.x.icc:0000
/testbench/cpu/l3/u0/leon3x0/vhdl/p0/iu/r.x.result:01000000000011111111111011011100
/testbench/cpu/l3/u0/leon3x0/vhdl/p0/iu/r.e.bp:0
/testbench/cpu/l3/u0/leon3x0/vhdl/p0/iu/r.a.rs1:00001
/testbench/cpu/l3/u0/leon3x0/vhdl/p0/iu/r.e.jmpl:0
/testbench/cpu/l3/u0/leon3x0/vhdl/p0/iu/r.a.rsel1:001
/testbench/cpu/l3/u0/leon3x0/vhdl/p0/iu/r.x.y:00000000000000000000000000000000
/testbench/cpu/l3/u0/leon3x0/vhdl/p0/iu/r.a.rsel2:101
/testbench/cpu/l3/u0/leon3x0/vhdl/p0/iu/r.a.awp:000
/testbench/cpu/l3/u0/leon3x0/vhdl/p0/iu/r.a.paw:0
/testbench/cpu/l3/u0/leon3x0/vhdl/p0/iu/r.x.data:{{01000000000000000001001000110001}}
/testbench/cpu/l3/u0/leon3x0/vhdl/p0/iu/r.m.mul:0
/testbench/cpu/l3/u0/leon3x0/vhdl/p0/iu/r.e.rd:UUUUU
/testbench/cpu/l3/u0/leon3x0/vhdl/p0/iu/r.e.invop2:0
/testbench/cpu/l3/u0/leon3x0/vhdl/p0/iu/r.m.wawp:0
/testbench/cpu/l3/u0/leon3x0/vhdl/p0/iu/r.d.cwpmax:111
/testbench/cpu/l3/u0/leon3x0/vhdl/p0/iu/r.f.branch:0
/testbench/cpu/l3/u0/leon3x0/vhdl/p0/iu/r.d.pcheld:1
/testbench/cpu/l3/u0/leon3x0/vhdl/p0/iu/r.m.dci:{0 0 0 0 0 0 {10} {00001011}}
/testbench/cpu/l3/u0/leon3x0/vhdl/p0/iu/r.e.paw:U
/testbench/cpu/l3/u0/leon3x0/vhdl/p0/iu/r.e.awp:UUU
/testbench/cpu/l3/u0/leon3x0/vhdl/p0/iu/r.e.shcnt:00100
/testbench/cpu/l3/u0/leon3x0/vhdl/p0/iu/r.w.result:01000000000000000001001000110010
/testbench/cpu/l3/u0/leon3x0/vhdl/p0/iu/r.m.mac:0
/testbench/cpu/l3/u0/leon3x0/vhdl/p0/iu/r.m.y:00000000000000000000000000000000
/testbench/cpu/l3/u0/leon3x0/vhdl/p0/iu/r.d.cwp:101
/testbench/cpu/l3/u0/leon3x0/vhdl/p0/iu/r.x.laddr:00
/testbench/cpu/l3/u0/leon3x0/vhdl/p0/iu/r.e.mulstep:0
/testbench/cpu/l3/u0/leon3x0/vhdl/p0/iu/r.e.ymsb:0
/testbench/cpu/l3/u0/leon3x0/vhdl/p0/iu/r.d.rexbuf:00000000000000000000000000000000
/testbench/cpu/l3/u0/leon3x0/vhdl/p0/iu/r.x.npc:100
/testbench/cpu/l3/u0/leon3x0/vhdl/p0/iu/r.f.pc:01000000000000000000000111111100
/testbench/cpu/l3/u0/leon3x0/vhdl/p0/iu/r.d.annul:0
/testbench/cpu/l3/u0/leon3x0/vhdl/p0/iu/r.x.rstate:run
/testbench/cpu/l3/u0/leon3x0/vhdl/p0/iu/r.x.set:0
/testbench/cpu/l3/u0/leon3x0/vhdl/p0/iu/r.m.result:01000000000000000001001000110010
/testbench/cpu/l3/u0/leon3x0/vhdl/p0/iu/r.e.icc:UUUU
/testbench/cpu/l3/u0/leon3x0/vhdl/p0/iu/r.a.getpc:0
/testbench/cpu/l3/u0/leon3x0/vhdl/p0/iu/r.a.ldchkex:1
/testbench/cpu/l3/u0/leon3x0/vhdl/p0/iu/r.x.mexc:0
/testbench/cpu/l3/u0/leon3x0/vhdl/p0/iu/r.a.mulstart:0
/testbench/cpu/l3/u0/leon3x0/vhdl/p0/iu/r.d.rexpos:10
/testbench/cpu/l3/u0/leon3x0/vhdl/p0/iu/r.x.annul_all:0
/testbench/cpu/l3/u0/leon3x0/vhdl/p0/iu/r.e.aluop:000
/testbench/cpu/l3/u0/leon3x0/vhdl/p0/iu/r.x.debug:0
/testbench/cpu/l3/u0/leon3x0/vhdl/p0/iu/r.a.rfe1:0
/testbench/cpu/l3/u0/leon3x0/vhdl/p0/iu/r.d.step:0
/testbench/cpu/l3/u0/leon3x0/vhdl/p0/iu/r.a.rfe2:0
/testbench/cpu/l3/u0/leon3x0/vhdl/p0/iu/r.e.alucin:0
/testbench/cpu/l3/u0/leon3x0/vhdl/p0/iu/r.a.wunf:0
compare to golden: 1
======================================
progstatus: -2
execerr: 61
latent: 1
time limit!
>>>>>>>>>>>>>>> 2737215000
======================================
