Test signal = /testbench/cpu/l3/u0/leon3x0/vhdl/p0/iu/r.d.cwp
oldval = 111
pos1: 2 pos0: -1 posU: -1
newval = 110
force in 863786
584315000 >> iteration no: 0
994990000 >> iteration no: 1
1405665000 >> iteration no: 2
Signal value: 101
oldval = 101
pos1: 2 pos0: 1 posU: -1
newval = 100
1443715000 >> Requesting for the AHB bus...
1444440000 >> AHB granted, starting recovery...
1463640000 >> Recovery done, continuing...
1463865000 >> Requesting for the AHB bus...
1464690000 >> AHB granted, starting recovery...
1483890000 >> Recovery done, continuing...
1483940000 >> Requesting for the AHB bus...
1484540000 >> AHB granted, starting recovery...
1503740000 >> Recovery done, continuing...
1503790000 >> Requesting for the AHB bus...
1504390000 >> AHB granted, starting recovery...
1523590000 >> Recovery done, continuing...
1523640000 >> Requesting for the AHB bus...
1524240000 >> AHB granted, starting recovery...
1543440000 >> Recovery done, continuing...
1543490000 >> Requesting for the AHB bus...
1544090000 >> AHB granted, starting recovery...
1563290000 >> Recovery done, continuing...
1563340000 >> Requesting for the AHB bus...
1563940000 >> AHB granted, starting recovery...
1583140000 >> Recovery done, continuing...
1583190000 >> Requesting for the AHB bus...
1583790000 >> AHB granted, starting recovery...
1602990000 >> Recovery done, continuing...
1603040000 >> Requesting for the AHB bus...
1603640000 >> AHB granted, starting recovery...
1622840000 >> Recovery done, continuing...
1622890000 >> Requesting for the AHB bus...
1623490000 >> AHB granted, starting recovery...
1642690000 >> Recovery done, continuing...
1642740000 >> Requesting for the AHB bus...
1643340000 >> AHB granted, starting recovery...
1662540000 >> Recovery done, continuing...
1662590000 >> Requesting for the AHB bus...
1663190000 >> AHB granted, starting recovery...
1682390000 >> Recovery done, continuing...
1682440000 >> Requesting for the AHB bus...
1683040000 >> AHB granted, starting recovery...
1702240000 >> Recovery done, continuing...
1702290000 >> Requesting for the AHB bus...
1702890000 >> AHB granted, starting recovery...
1722090000 >> Recovery done, continuing...
1722140000 >> Requesting for the AHB bus...
1722740000 >> AHB granted, starting recovery...
1741940000 >> Recovery done, continuing...
1741990000 >> Requesting for the AHB bus...
1742590000 >> AHB granted, starting recovery...
1761790000 >> Recovery done, continuing...
1761840000 >> Requesting for the AHB bus...
1762440000 >> AHB granted, starting recovery...
1781640000 >> Recovery done, continuing...
1781690000 >> Requesting for the AHB bus...
1782290000 >> AHB granted, starting recovery...
1801490000 >> Recovery done, continuing...
1801540000 >> Requesting for the AHB bus...
1802140000 >> AHB granted, starting recovery...
1821340000 >> Recovery done, continuing...
1821390000 >> Requesting for the AHB bus...
1821990000 >> AHB granted, starting recovery...
1841190000 >> Recovery done, continuing...
1841240000 >> Requesting for the AHB bus...
1841840000 >> AHB granted, starting recovery...
1861040000 >> Recovery done, continuing...
1861090000 >> Requesting for the AHB bus...
1861690000 >> AHB granted, starting recovery...
1880890000 >> Recovery done, continuing...
1880940000 >> Requesting for the AHB bus...
1881540000 >> AHB granted, starting recovery...
1900740000 >> Recovery done, continuing...
1900790000 >> Requesting for the AHB bus...
1901390000 >> AHB granted, starting recovery...
1920590000 >> Recovery done, continuing...
1920640000 >> Requesting for the AHB bus...
1921240000 >> AHB granted, starting recovery...
1940440000 >> Recovery done, continuing...
1940490000 >> Requesting for the AHB bus...
1941090000 >> AHB granted, starting recovery...
1960290000 >> Recovery done, continuing...
1960340000 >> Requesting for the AHB bus...
1960940000 >> AHB granted, starting recovery...
1980140000 >> Recovery done, continuing...
1980190000 >> Requesting for the AHB bus...
1980790000 >> AHB granted, starting recovery...
1999990000 >> Recovery done, continuing...
2000040000 >> Requesting for the AHB bus...
2000640000 >> AHB granted, starting recovery...
2019840000 >> Recovery done, continuing...
2019890000 >> Requesting for the AHB bus...
2020490000 >> AHB granted, starting recovery...
2039690000 >> Recovery done, continuing...
2039740000 >> Requesting for the AHB bus...
2040340000 >> AHB granted, starting recovery...
2059540000 >> Recovery done, continuing...
2059590000 >> Requesting for the AHB bus...
2060190000 >> AHB granted, starting recovery...
2079390000 >> Recovery done, continuing...
2079440000 >> Requesting for the AHB bus...
2080040000 >> AHB granted, starting recovery...
2099240000 >> Recovery done, continuing...
2099290000 >> Requesting for the AHB bus...
2099890000 >> AHB granted, starting recovery...
2119090000 >> Recovery done, continuing...
2119140000 >> Requesting for the AHB bus...
2119740000 >> AHB granted, starting recovery...
2138940000 >> Recovery done, continuing...
2138990000 >> Requesting for the AHB bus...
2139590000 >> AHB granted, starting recovery...
2158790000 >> Recovery done, continuing...
2158840000 >> Requesting for the AHB bus...
2159440000 >> AHB granted, starting recovery...
2178640000 >> Recovery done, continuing...
2178690000 >> Requesting for the AHB bus...
2179290000 >> AHB granted, starting recovery...
2198490000 >> Recovery done, continuing...
2198540000 >> Requesting for the AHB bus...
2199140000 >> AHB granted, starting recovery...
2218340000 >> Recovery done, continuing...
2218390000 >> Requesting for the AHB bus...
2218990000 >> AHB granted, starting recovery...
2238190000 >> Recovery done, continuing...
2238240000 >> Requesting for the AHB bus...
2238840000 >> AHB granted, starting recovery...
2258040000 >> Recovery done, continuing...
2258090000 >> Requesting for the AHB bus...
2258690000 >> AHB granted, starting recovery...
2277890000 >> Recovery done, continuing...
2277940000 >> Requesting for the AHB bus...
2278540000 >> AHB granted, starting recovery...
2297740000 >> Recovery done, continuing...
2297790000 >> Requesting for the AHB bus...
2298390000 >> AHB granted, starting recovery...
2317590000 >> Recovery done, continuing...
2317640000 >> Requesting for the AHB bus...
2318240000 >> AHB granted, starting recovery...
2337440000 >> Recovery done, continuing...
2337490000 >> Requesting for the AHB bus...
2338090000 >> AHB granted, starting recovery...
2357290000 >> Recovery done, continuing...
2357340000 >> Requesting for the AHB bus...
2357940000 >> AHB granted, starting recovery...
2377140000 >> Recovery done, continuing...
2377190000 >> Requesting for the AHB bus...
2377790000 >> AHB granted, starting recovery...
2396990000 >> Recovery done, continuing...
2397040000 >> Requesting for the AHB bus...
2397640000 >> AHB granted, starting recovery...
2416840000 >> Recovery done, continuing...
2416890000 >> Requesting for the AHB bus...
2417490000 >> AHB granted, starting recovery...
2436690000 >> Recovery done, continuing...
2436740000 >> Requesting for the AHB bus...
2437340000 >> AHB granted, starting recovery...
2456540000 >> Recovery done, continuing...
2456590000 >> Requesting for the AHB bus...
2457190000 >> AHB granted, starting recovery...
2476390000 >> Recovery done, continuing...
2476440000 >> Requesting for the AHB bus...
2477040000 >> AHB granted, starting recovery...
2496240000 >> Recovery done, continuing...
2496290000 >> Requesting for the AHB bus...
2496890000 >> AHB granted, starting recovery...
2516090000 >> Recovery done, continuing...
2516140000 >> Requesting for the AHB bus...
2516740000 >> AHB granted, starting recovery...
2535940000 >> Recovery done, continuing...
2535990000 >> Requesting for the AHB bus...
2536590000 >> AHB granted, starting recovery...
2555790000 >> Recovery done, continuing...
2555840000 >> Requesting for the AHB bus...
2556440000 >> AHB granted, starting recovery...
2575640000 >> Recovery done, continuing...
2575690000 >> Requesting for the AHB bus...
2576290000 >> AHB granted, starting recovery...
2595490000 >> Recovery done, continuing...
2595540000 >> Requesting for the AHB bus...
2596140000 >> AHB granted, starting recovery...
2615340000 >> Recovery done, continuing...
2615390000 >> Requesting for the AHB bus...
2615990000 >> AHB granted, starting recovery...
2635190000 >> Recovery done, continuing...
2635240000 >> Requesting for the AHB bus...
2635840000 >> AHB granted, starting recovery...
2655040000 >> Recovery done, continuing...
2655090000 >> Requesting for the AHB bus...
2655690000 >> AHB granted, starting recovery...
2674890000 >> Recovery done, continuing...
2674940000 >> Requesting for the AHB bus...
2675540000 >> AHB granted, starting recovery...
2694740000 >> Recovery done, continuing...
2694790000 >> Requesting for the AHB bus...
2695390000 >> AHB granted, starting recovery...
2714590000 >> Recovery done, continuing...
2714640000 >> Requesting for the AHB bus...
2715240000 >> AHB granted, starting recovery...
2734440000 >> Recovery done, continuing...
2734490000 >> Requesting for the AHB bus...
2735090000 >> AHB granted, starting recovery...
2737215000 >> time limit reached...
/testbench/cpu/l3/u0/leon3x0/vhdl/p0/iu/r.w.wreg:0
/testbench/cpu/l3/u0/leon3x0/vhdl/p0/iu/r.m.irqen:1
/testbench/cpu/l3/u0/leon3x0/vhdl/p0/iu/r.m.icc:0000
/testbench/cpu/l3/u0/leon3x0/vhdl/p0/iu/r.a.ticc:0
/testbench/cpu/l3/u0/leon3x0/vhdl/p0/iu/r.a.step:0
/testbench/cpu/l3/u0/leon3x0/vhdl/p0/iu/r.m.irqen2:1
/testbench/cpu/l3/u0/leon3x0/vhdl/p0/iu/r.d.pc:01000000000000000000000111111100
/testbench/cpu/l3/u0/leon3x0/vhdl/p0/iu/r.d.rexpl:{{00000000000000000000000000000000} {00} {0} 0 0 {0000000000000000000} 0 0 0 0 0 0}
/testbench/cpu/l3/u0/leon3x0/vhdl/p0/iu/r.d.mexc:0
/testbench/cpu/l3/u0/leon3x0/vhdl/p0/iu/r.a.aw:0
/testbench/cpu/l3/u0/leon3x0/vhdl/p0/iu/r.e.ctrl:{{01000000000000000000000111111000} {11000010000010000100000000000000} {00} {10000001} {000000} 0 1 0 0 0 1 0 0 0}
/testbench/cpu/l3/u0/leon3x0/vhdl/p0/iu/r.a.divstart:0
/testbench/cpu/l3/u0/leon3x0/vhdl/p0/iu/r.e.shleft:0
/testbench/cpu/l3/u0/leon3x0/vhdl/p0/iu/r.a.bp:0
/testbench/cpu/l3/u0/leon3x0/vhdl/p0/iu/r.w.twcwp:000
/testbench/cpu/l3/u0/leon3x0/vhdl/p0/iu/r.a.jmpl:0
/testbench/cpu/l3/u0/leon3x0/vhdl/p0/iu/r.m.casa:0
/testbench/cpu/l3/u0/leon3x0/vhdl/p0/iu/r.m.werr:0
/testbench/cpu/l3/u0/leon3x0/vhdl/p0/iu/r.e.su:1
/testbench/cpu/l3/u0/leon3x0/vhdl/p0/iu/r.e.et:1
/testbench/cpu/l3/u0/leon3x0/vhdl/p0/iu/r.a.ldcheck1:1
/testbench/cpu/l3/u0/leon3x0/vhdl/p0/iu/r.d.stwin:000
/testbench/cpu/l3/u0/leon3x0/vhdl/p0/iu/r.a.ldcheck2:1
/testbench/cpu/l3/u0/leon3x0/vhdl/p0/iu/r.x.intack:0
/testbench/cpu/l3/u0/leon3x0/vhdl/p0/iu/r.m.ctrl:{{01000000000000000000000111110100} {11000010000001111010000001000100} {00} {10000001} {000000} 0 0 1 0 0 1 1 0 0}
/testbench/cpu/l3/u0/leon3x0/vhdl/p0/iu/r.a.cwp:100
/testbench/cpu/l3/u0/leon3x0/vhdl/p0/iu/r.e.sari:0
/testbench/cpu/l3/u0/leon3x0/vhdl/p0/iu/r.d.paw:0
/testbench/cpu/l3/u0/leon3x0/vhdl/p0/iu/r.d.aw:0
/testbench/cpu/l3/u0/leon3x0/vhdl/p0/iu/r.d.awp:000
/testbench/cpu/l3/u0/leon3x0/vhdl/p0/iu/r.x.ctrl:{{01000000000000000000000111110000} {11000010001001111010000001000100} {01} {10000001} {000000} 0 0 0 0 0 0 0 0 0}
/testbench/cpu/l3/u0/leon3x0/vhdl/p0/iu/r.m.rexnalign:0
/testbench/cpu/l3/u0/leon3x0/vhdl/p0/iu/r.m.su:1
/testbench/cpu/l3/u0/leon3x0/vhdl/p0/iu/r.m.wcwp:0
/testbench/cpu/l3/u0/leon3x0/vhdl/p0/iu/r.d.divrdy:0
/testbench/cpu/l3/u0/leon3x0/vhdl/p0/iu/r.e.cwp:100
/testbench/cpu/l3/u0/leon3x0/vhdl/p0/iu/r.w.except:0
/testbench/cpu/l3/u0/leon3x0/vhdl/p0/iu/r.x.nerror:0
/testbench/cpu/l3/u0/leon3x0/vhdl/p0/iu/r.a.bpimiss:0
/testbench/cpu/l3/u0/leon3x0/vhdl/p0/iu/r.a.nobp:0
/testbench/cpu/l3/u0/leon3x0/vhdl/p0/iu/r.d.rexcnt:0
/testbench/cpu/l3/u0/leon3x0/vhdl/p0/iu/r.w.s:{{101} {0000} {00000000} {01000000000000000000} {00000010} {0000} 0 0 1 1 1 {00000000000000000000000000000000} {UUUUUUUUUUUUUUUUUUUUUUUUUUUUUUUU} 1 0 0 1 1 1 0 0 {000} {000} {111}}
/testbench/cpu/l3/u0/leon3x0/vhdl/p0/iu/r.d.pv:1
/testbench/cpu/l3/u0/leon3x0/vhdl/p0/iu/r.a.ldchkra:1
/testbench/cpu/l3/u0/leon3x0/vhdl/p0/iu/r.a.rfa1:10000001
/testbench/cpu/l3/u0/leon3x0/vhdl/p0/iu/r.a.rfa2:10000000
/testbench/cpu/l3/u0/leon3x0/vhdl/p0/iu/r.a.imm:00000000000000000000000000000000
/testbench/cpu/l3/u0/leon3x0/vhdl/p0/iu/r.w.wa:10000001
/testbench/cpu/l3/u0/leon3x0/vhdl/p0/iu/r.m.casaz:0
/testbench/cpu/l3/u0/leon3x0/vhdl/p0/iu/r.x.dci:{0 0 0 1 0 0 {10} {00001011}}
/testbench/cpu/l3/u0/leon3x0/vhdl/p0/iu/r.x.mac:0
/testbench/cpu/l3/u0/leon3x0/vhdl/p0/iu/r.m.divz:0
/testbench/cpu/l3/u0/leon3x0/vhdl/p0/iu/r.d.inst:{{00000000000000000000000000000000}}
/testbench/cpu/l3/u0/leon3x0/vhdl/p0/iu/r.e.rfe1:0
/testbench/cpu/l3/u0/leon3x0/vhdl/p0/iu/r.a.wovf:0
/testbench/cpu/l3/u0/leon3x0/vhdl/p0/iu/r.e.rfe2:0
/testbench/cpu/l3/u0/leon3x0/vhdl/p0/iu/r.e.op1:01000000000011111111111001110100
/testbench/cpu/l3/u0/leon3x0/vhdl/p0/iu/r.m.nalign:0
/testbench/cpu/l3/u0/leon3x0/vhdl/p0/iu/r.e.op2:00000000000000000000000000000000
/testbench/cpu/l3/u0/leon3x0/vhdl/p0/iu/r.d.rexen:0
/testbench/cpu/l3/u0/leon3x0/vhdl/p0/iu/r.a.ctrl:{{01000000000000000000000111111000} {11000010000010000100000000000000} {00} {10000001} {000000} 0 0 1 0 0 1 1 0 0}
/testbench/cpu/l3/u0/leon3x0/vhdl/p0/iu/r.x.ipend:0
/testbench/cpu/l3/u0/leon3x0/vhdl/p0/iu/r.e.ldbp1:0
/testbench/cpu/l3/u0/leon3x0/vhdl/p0/iu/r.e.aluadd:1
/testbench/cpu/l3/u0/leon3x0/vhdl/p0/iu/r.d.set:0
/testbench/cpu/l3/u0/leon3x0/vhdl/p0/iu/r.d.inull:0
/testbench/cpu/l3/u0/leon3x0/vhdl/p0/iu/r.e.ldbp2:0
/testbench/cpu/l3/u0/leon3x0/vhdl/p0/iu/r.d.cnt:00
/testbench/cpu/l3/u0/leon3x0/vhdl/p0/iu/r.a.su:1
/testbench/cpu/l3/u0/leon3x0/vhdl/p0/iu/r.a.et:1
/testbench/cpu/l3/u0/leon3x0/vhdl/p0/iu/r.e.mul:0
/testbench/cpu/l3/u0/leon3x0/vhdl/p0/iu/r.e.alusel:00
/testbench/cpu/l3/u0/leon3x0/vhdl/p0/iu/r.e.aw:U
/testbench/cpu/l3/u0/leon3x0/vhdl/p0/iu/r.e.mac:0
/testbench/cpu/l3/u0/leon3x0/vhdl/p0/iu/r.a.decill:0
/testbench/cpu/l3/u0/leon3x0/vhdl/p0/iu/r.x.icc:0000
/testbench/cpu/l3/u0/leon3x0/vhdl/p0/iu/r.x.result:01000000000000000001001000100110
/testbench/cpu/l3/u0/leon3x0/vhdl/p0/iu/r.e.bp:0
/testbench/cpu/l3/u0/leon3x0/vhdl/p0/iu/r.a.rs1:00001
/testbench/cpu/l3/u0/leon3x0/vhdl/p0/iu/r.e.jmpl:0
/testbench/cpu/l3/u0/leon3x0/vhdl/p0/iu/r.a.rsel1:010
/testbench/cpu/l3/u0/leon3x0/vhdl/p0/iu/r.x.y:00000000000000000000000000000000
/testbench/cpu/l3/u0/leon3x0/vhdl/p0/iu/r.a.rsel2:101
/testbench/cpu/l3/u0/leon3x0/vhdl/p0/iu/r.a.awp:000
/testbench/cpu/l3/u0/leon3x0/vhdl/p0/iu/r.a.paw:0
/testbench/cpu/l3/u0/leon3x0/vhdl/p0/iu/r.x.data:{{01000000000000000001001000100101}}
/testbench/cpu/l3/u0/leon3x0/vhdl/p0/iu/r.m.mul:0
/testbench/cpu/l3/u0/leon3x0/vhdl/p0/iu/r.e.rd:UUUUU
/testbench/cpu/l3/u0/leon3x0/vhdl/p0/iu/r.e.invop2:0
/testbench/cpu/l3/u0/leon3x0/vhdl/p0/iu/r.m.wawp:0
/testbench/cpu/l3/u0/leon3x0/vhdl/p0/iu/r.d.cwpmax:111
/testbench/cpu/l3/u0/leon3x0/vhdl/p0/iu/r.f.branch:0
/testbench/cpu/l3/u0/leon3x0/vhdl/p0/iu/r.d.pcheld:0
/testbench/cpu/l3/u0/leon3x0/vhdl/p0/iu/r.m.dci:{0 1 1 0 0 0 {10} {00001011}}
/testbench/cpu/l3/u0/leon3x0/vhdl/p0/iu/r.e.paw:U
/testbench/cpu/l3/u0/leon3x0/vhdl/p0/iu/r.e.awp:UUU
/testbench/cpu/l3/u0/leon3x0/vhdl/p0/iu/r.e.shcnt:00000
/testbench/cpu/l3/u0/leon3x0/vhdl/p0/iu/r.w.result:01000000000011111111111001110100
/testbench/cpu/l3/u0/leon3x0/vhdl/p0/iu/r.m.mac:0
/testbench/cpu/l3/u0/leon3x0/vhdl/p0/iu/r.m.y:00000000000000000000000000000000
/testbench/cpu/l3/u0/leon3x0/vhdl/p0/iu/r.d.cwp:100
/testbench/cpu/l3/u0/leon3x0/vhdl/p0/iu/r.x.laddr:10
/testbench/cpu/l3/u0/leon3x0/vhdl/p0/iu/r.e.mulstep:0
/testbench/cpu/l3/u0/leon3x0/vhdl/p0/iu/r.e.ymsb:0
/testbench/cpu/l3/u0/leon3x0/vhdl/p0/iu/r.d.rexbuf:00000000000000000000000000000000
/testbench/cpu/l3/u0/leon3x0/vhdl/p0/iu/r.x.npc:100
/testbench/cpu/l3/u0/leon3x0/vhdl/p0/iu/r.f.pc:01000000000000000000001000000000
/testbench/cpu/l3/u0/leon3x0/vhdl/p0/iu/r.d.annul:0
/testbench/cpu/l3/u0/leon3x0/vhdl/p0/iu/r.x.rstate:run
/testbench/cpu/l3/u0/leon3x0/vhdl/p0/iu/r.x.set:0
/testbench/cpu/l3/u0/leon3x0/vhdl/p0/iu/r.m.result:01000000000011111111111001110100
/testbench/cpu/l3/u0/leon3x0/vhdl/p0/iu/r.e.icc:UUUU
/testbench/cpu/l3/u0/leon3x0/vhdl/p0/iu/r.a.getpc:0
/testbench/cpu/l3/u0/leon3x0/vhdl/p0/iu/r.a.ldchkex:1
/testbench/cpu/l3/u0/leon3x0/vhdl/p0/iu/r.x.mexc:0
/testbench/cpu/l3/u0/leon3x0/vhdl/p0/iu/r.a.mulstart:0
/testbench/cpu/l3/u0/leon3x0/vhdl/p0/iu/r.d.rexpos:10
/testbench/cpu/l3/u0/leon3x0/vhdl/p0/iu/r.x.annul_all:0
/testbench/cpu/l3/u0/leon3x0/vhdl/p0/iu/r.e.aluop:000
/testbench/cpu/l3/u0/leon3x0/vhdl/p0/iu/r.x.debug:0
/testbench/cpu/l3/u0/leon3x0/vhdl/p0/iu/r.a.rfe1:0
/testbench/cpu/l3/u0/leon3x0/vhdl/p0/iu/r.d.step:0
/testbench/cpu/l3/u0/leon3x0/vhdl/p0/iu/r.a.rfe2:0
/testbench/cpu/l3/u0/leon3x0/vhdl/p0/iu/r.e.alucin:0
/testbench/cpu/l3/u0/leon3x0/vhdl/p0/iu/r.a.wunf:0
compare to golden: 1
======================================
progstatus: -2
execerr: 66
latent: 1
time limit!
>>>>>>>>>>>>>>> 2737215000
======================================
