Test signal = /testbench/cpu/l3/u0/leon3x0/vhdl/p0/iu/r.a.wovf
oldval = 0
pos1: -1 pos0: 0 posU: -1
newval = 1
force in 168664
584315000 >> iteration no: 0
Signal value: 0
oldval = 0
pos1: -1 pos0: 0 posU: -1
newval = 1
748690000 >> Requesting for the AHB bus...
749265000 >> AHB granted, starting recovery...
768465000 >> Recovery done, continuing...
768815000 >> Requesting for the AHB bus...
769390000 >> AHB granted, starting recovery...
788590000 >> Recovery done, continuing...
788940000 >> Requesting for the AHB bus...
789515000 >> AHB granted, starting recovery...
808715000 >> Recovery done, continuing...
809065000 >> Requesting for the AHB bus...
809640000 >> AHB granted, starting recovery...
828840000 >> Recovery done, continuing...
829190000 >> Requesting for the AHB bus...
829765000 >> AHB granted, starting recovery...
848965000 >> Recovery done, continuing...
849315000 >> Requesting for the AHB bus...
849890000 >> AHB granted, starting recovery...
869090000 >> Recovery done, continuing...
869440000 >> Requesting for the AHB bus...
870015000 >> AHB granted, starting recovery...
889215000 >> Recovery done, continuing...
889565000 >> Requesting for the AHB bus...
890140000 >> AHB granted, starting recovery...
909340000 >> Recovery done, continuing...
909690000 >> Requesting for the AHB bus...
910265000 >> AHB granted, starting recovery...
929465000 >> Recovery done, continuing...
929815000 >> Requesting for the AHB bus...
930390000 >> AHB granted, starting recovery...
949590000 >> Recovery done, continuing...
949940000 >> Requesting for the AHB bus...
950515000 >> AHB granted, starting recovery...
969715000 >> Recovery done, continuing...
970065000 >> Requesting for the AHB bus...
970640000 >> AHB granted, starting recovery...
989840000 >> Recovery done, continuing...
990190000 >> Requesting for the AHB bus...
990765000 >> AHB granted, starting recovery...
1009965000 >> Recovery done, continuing...
1010315000 >> Requesting for the AHB bus...
1010890000 >> AHB granted, starting recovery...
1030090000 >> Recovery done, continuing...
1030440000 >> Requesting for the AHB bus...
1031015000 >> AHB granted, starting recovery...
1050215000 >> Recovery done, continuing...
1050565000 >> Requesting for the AHB bus...
1051140000 >> AHB granted, starting recovery...
1070340000 >> Recovery done, continuing...
1070690000 >> Requesting for the AHB bus...
1071265000 >> AHB granted, starting recovery...
1090465000 >> Recovery done, continuing...
1090815000 >> Requesting for the AHB bus...
1091390000 >> AHB granted, starting recovery...
1110590000 >> Recovery done, continuing...
1110940000 >> Requesting for the AHB bus...
1111515000 >> AHB granted, starting recovery...
1130715000 >> Recovery done, continuing...
1131065000 >> Requesting for the AHB bus...
1131640000 >> AHB granted, starting recovery...
1150840000 >> Recovery done, continuing...
1151190000 >> Requesting for the AHB bus...
1151765000 >> AHB granted, starting recovery...
1170965000 >> Recovery done, continuing...
1171315000 >> Requesting for the AHB bus...
1171890000 >> AHB granted, starting recovery...
1191090000 >> Recovery done, continuing...
1191440000 >> Requesting for the AHB bus...
1192015000 >> AHB granted, starting recovery...
1211215000 >> Recovery done, continuing...
1211565000 >> Requesting for the AHB bus...
1212140000 >> AHB granted, starting recovery...
1231340000 >> Recovery done, continuing...
1231690000 >> Requesting for the AHB bus...
1232265000 >> AHB granted, starting recovery...
1251465000 >> Recovery done, continuing...
1251815000 >> Requesting for the AHB bus...
1252390000 >> AHB granted, starting recovery...
1271590000 >> Recovery done, continuing...
1271940000 >> Requesting for the AHB bus...
1272515000 >> AHB granted, starting recovery...
1291715000 >> Recovery done, continuing...
1292065000 >> Requesting for the AHB bus...
1292640000 >> AHB granted, starting recovery...
1311840000 >> Recovery done, continuing...
1312190000 >> Requesting for the AHB bus...
1312765000 >> AHB granted, starting recovery...
1331965000 >> Recovery done, continuing...
1332315000 >> Requesting for the AHB bus...
1332890000 >> AHB granted, starting recovery...
1352090000 >> Recovery done, continuing...
1352440000 >> Requesting for the AHB bus...
1353015000 >> AHB granted, starting recovery...
1372215000 >> Recovery done, continuing...
1372565000 >> Requesting for the AHB bus...
1373140000 >> AHB granted, starting recovery...
1392340000 >> Recovery done, continuing...
1392690000 >> Requesting for the AHB bus...
1393265000 >> AHB granted, starting recovery...
1412465000 >> Recovery done, continuing...
1412815000 >> Requesting for the AHB bus...
1413390000 >> AHB granted, starting recovery...
1432590000 >> Recovery done, continuing...
1432940000 >> Requesting for the AHB bus...
1433515000 >> AHB granted, starting recovery...
1452715000 >> Recovery done, continuing...
1453065000 >> Requesting for the AHB bus...
1453640000 >> AHB granted, starting recovery...
1472840000 >> Recovery done, continuing...
1473190000 >> Requesting for the AHB bus...
1473765000 >> AHB granted, starting recovery...
1492965000 >> Recovery done, continuing...
1493315000 >> Requesting for the AHB bus...
1493890000 >> AHB granted, starting recovery...
1513090000 >> Recovery done, continuing...
1513440000 >> Requesting for the AHB bus...
1514015000 >> AHB granted, starting recovery...
1533215000 >> Recovery done, continuing...
1533565000 >> Requesting for the AHB bus...
1534140000 >> AHB granted, starting recovery...
1553340000 >> Recovery done, continuing...
1553690000 >> Requesting for the AHB bus...
1554265000 >> AHB granted, starting recovery...
1573465000 >> Recovery done, continuing...
1573815000 >> Requesting for the AHB bus...
1574390000 >> AHB granted, starting recovery...
1593590000 >> Recovery done, continuing...
1593940000 >> Requesting for the AHB bus...
1594515000 >> AHB granted, starting recovery...
1613715000 >> Recovery done, continuing...
1614065000 >> Requesting for the AHB bus...
1614640000 >> AHB granted, starting recovery...
1633840000 >> Recovery done, continuing...
1634190000 >> Requesting for the AHB bus...
1634765000 >> AHB granted, starting recovery...
1653965000 >> Recovery done, continuing...
1654315000 >> Requesting for the AHB bus...
1654890000 >> AHB granted, starting recovery...
1674090000 >> Recovery done, continuing...
1674440000 >> Requesting for the AHB bus...
1675015000 >> AHB granted, starting recovery...
1694215000 >> Recovery done, continuing...
1694565000 >> Requesting for the AHB bus...
1695140000 >> AHB granted, starting recovery...
1714340000 >> Recovery done, continuing...
1714690000 >> Requesting for the AHB bus...
1715265000 >> AHB granted, starting recovery...
1734465000 >> Recovery done, continuing...
1734815000 >> Requesting for the AHB bus...
1735390000 >> AHB granted, starting recovery...
1754590000 >> Recovery done, continuing...
1754940000 >> Requesting for the AHB bus...
1755515000 >> AHB granted, starting recovery...
1774715000 >> Recovery done, continuing...
1775065000 >> Requesting for the AHB bus...
1775640000 >> AHB granted, starting recovery...
1794840000 >> Recovery done, continuing...
1795190000 >> Requesting for the AHB bus...
1795765000 >> AHB granted, starting recovery...
1814965000 >> Recovery done, continuing...
1815315000 >> Requesting for the AHB bus...
1815890000 >> AHB granted, starting recovery...
1835090000 >> Recovery done, continuing...
1835440000 >> Requesting for the AHB bus...
1836015000 >> AHB granted, starting recovery...
1855215000 >> Recovery done, continuing...
1855565000 >> Requesting for the AHB bus...
1856140000 >> AHB granted, starting recovery...
1875340000 >> Recovery done, continuing...
1875690000 >> Requesting for the AHB bus...
1876265000 >> AHB granted, starting recovery...
1895465000 >> Recovery done, continuing...
1895815000 >> Requesting for the AHB bus...
1896390000 >> AHB granted, starting recovery...
1915590000 >> Recovery done, continuing...
1915940000 >> Requesting for the AHB bus...
1916515000 >> AHB granted, starting recovery...
1935715000 >> Recovery done, continuing...
1936065000 >> Requesting for the AHB bus...
1936640000 >> AHB granted, starting recovery...
1955840000 >> Recovery done, continuing...
1956190000 >> Requesting for the AHB bus...
1956765000 >> AHB granted, starting recovery...
1975965000 >> Recovery done, continuing...
1976315000 >> Requesting for the AHB bus...
1976890000 >> AHB granted, starting recovery...
1996090000 >> Recovery done, continuing...
1996440000 >> Requesting for the AHB bus...
1997015000 >> AHB granted, starting recovery...
2016215000 >> Recovery done, continuing...
2016565000 >> Requesting for the AHB bus...
2017140000 >> AHB granted, starting recovery...
2036340000 >> Recovery done, continuing...
2036690000 >> Requesting for the AHB bus...
2037265000 >> AHB granted, starting recovery...
2056465000 >> Recovery done, continuing...
2056815000 >> Requesting for the AHB bus...
2057390000 >> AHB granted, starting recovery...
2076590000 >> Recovery done, continuing...
2076940000 >> Requesting for the AHB bus...
2077515000 >> AHB granted, starting recovery...
2096715000 >> Recovery done, continuing...
2097065000 >> Requesting for the AHB bus...
2097640000 >> AHB granted, starting recovery...
2116840000 >> Recovery done, continuing...
2117190000 >> Requesting for the AHB bus...
2117765000 >> AHB granted, starting recovery...
2136965000 >> Recovery done, continuing...
2137315000 >> Requesting for the AHB bus...
2137890000 >> AHB granted, starting recovery...
2157090000 >> Recovery done, continuing...
2157590000 >> Requesting for the AHB bus...
2158165000 >> AHB granted, starting recovery...
2177365000 >> Recovery done, continuing...
2177715000 >> Requesting for the AHB bus...
2178290000 >> AHB granted, starting recovery...
2197490000 >> Recovery done, continuing...
2197840000 >> Requesting for the AHB bus...
2198415000 >> AHB granted, starting recovery...
2217615000 >> Recovery done, continuing...
2217965000 >> Requesting for the AHB bus...
2218540000 >> AHB granted, starting recovery...
2237740000 >> Recovery done, continuing...
2238090000 >> Requesting for the AHB bus...
2238665000 >> AHB granted, starting recovery...
2257865000 >> Recovery done, continuing...
2258215000 >> Requesting for the AHB bus...
2258790000 >> AHB granted, starting recovery...
2277990000 >> Recovery done, continuing...
2278340000 >> Requesting for the AHB bus...
2278915000 >> AHB granted, starting recovery...
2298115000 >> Recovery done, continuing...
2298465000 >> Requesting for the AHB bus...
2299040000 >> AHB granted, starting recovery...
2318240000 >> Recovery done, continuing...
2318590000 >> Requesting for the AHB bus...
2319165000 >> AHB granted, starting recovery...
2338365000 >> Recovery done, continuing...
2338715000 >> Requesting for the AHB bus...
2339290000 >> AHB granted, starting recovery...
2358490000 >> Recovery done, continuing...
2358840000 >> Requesting for the AHB bus...
2359415000 >> AHB granted, starting recovery...
2378615000 >> Recovery done, continuing...
2378965000 >> Requesting for the AHB bus...
2379540000 >> AHB granted, starting recovery...
2398740000 >> Recovery done, continuing...
2399090000 >> Requesting for the AHB bus...
2399665000 >> AHB granted, starting recovery...
2418865000 >> Recovery done, continuing...
2419215000 >> Requesting for the AHB bus...
2419790000 >> AHB granted, starting recovery...
2438990000 >> Recovery done, continuing...
2439340000 >> Requesting for the AHB bus...
2439915000 >> AHB granted, starting recovery...
2459115000 >> Recovery done, continuing...
2459465000 >> Requesting for the AHB bus...
2460040000 >> AHB granted, starting recovery...
2479240000 >> Recovery done, continuing...
2479590000 >> Requesting for the AHB bus...
2480165000 >> AHB granted, starting recovery...
2499365000 >> Recovery done, continuing...
2499715000 >> Requesting for the AHB bus...
2500290000 >> AHB granted, starting recovery...
2519490000 >> Recovery done, continuing...
2519840000 >> Requesting for the AHB bus...
2520415000 >> AHB granted, starting recovery...
2539615000 >> Recovery done, continuing...
2539965000 >> Requesting for the AHB bus...
2540540000 >> AHB granted, starting recovery...
2559740000 >> Recovery done, continuing...
2560090000 >> Requesting for the AHB bus...
2560665000 >> AHB granted, starting recovery...
2579865000 >> Recovery done, continuing...
2580215000 >> Requesting for the AHB bus...
2580790000 >> AHB granted, starting recovery...
2599990000 >> Recovery done, continuing...
2600340000 >> Requesting for the AHB bus...
2600915000 >> AHB granted, starting recovery...
2620115000 >> Recovery done, continuing...
2620465000 >> Requesting for the AHB bus...
2621040000 >> AHB granted, starting recovery...
2640240000 >> Recovery done, continuing...
2640590000 >> Requesting for the AHB bus...
2641165000 >> AHB granted, starting recovery...
2660365000 >> Recovery done, continuing...
2660715000 >> Requesting for the AHB bus...
2661290000 >> AHB granted, starting recovery...
2680490000 >> Recovery done, continuing...
2680840000 >> Requesting for the AHB bus...
2681415000 >> AHB granted, starting recovery...
2700615000 >> Recovery done, continuing...
2700965000 >> Requesting for the AHB bus...
2701540000 >> AHB granted, starting recovery...
2720740000 >> Recovery done, continuing...
2721090000 >> Requesting for the AHB bus...
2721665000 >> AHB granted, starting recovery...
2737215000 >> time limit reached...
/testbench/cpu/l3/u0/leon3x0/vhdl/p0/iu/r.w.wreg:1
/testbench/cpu/l3/u0/leon3x0/vhdl/p0/iu/r.m.irqen:1
/testbench/cpu/l3/u0/leon3x0/vhdl/p0/iu/r.m.icc:0000
/testbench/cpu/l3/u0/leon3x0/vhdl/p0/iu/r.a.ticc:0
/testbench/cpu/l3/u0/leon3x0/vhdl/p0/iu/r.a.step:0
/testbench/cpu/l3/u0/leon3x0/vhdl/p0/iu/r.m.irqen2:1
/testbench/cpu/l3/u0/leon3x0/vhdl/p0/iu/r.d.pc:01000000000000000000000111101100
/testbench/cpu/l3/u0/leon3x0/vhdl/p0/iu/r.d.rexpl:{{00000000000000000000000000000000} {00} {0} 0 0 {0000000000000000000} 0 0 0 0 0 0}
/testbench/cpu/l3/u0/leon3x0/vhdl/p0/iu/r.d.mexc:0
/testbench/cpu/l3/u0/leon3x0/vhdl/p0/iu/r.a.aw:0
/testbench/cpu/l3/u0/leon3x0/vhdl/p0/iu/r.e.ctrl:{{01000000000000000000000111101000} {11000010000001111010000001000100} {00} {10000001} {000000} 0 0 1 0 0 1 1 0 0}
/testbench/cpu/l3/u0/leon3x0/vhdl/p0/iu/r.a.divstart:0
/testbench/cpu/l3/u0/leon3x0/vhdl/p0/iu/r.e.shleft:0
/testbench/cpu/l3/u0/leon3x0/vhdl/p0/iu/r.a.bp:0
/testbench/cpu/l3/u0/leon3x0/vhdl/p0/iu/r.w.twcwp:000
/testbench/cpu/l3/u0/leon3x0/vhdl/p0/iu/r.a.jmpl:0
/testbench/cpu/l3/u0/leon3x0/vhdl/p0/iu/r.m.casa:0
/testbench/cpu/l3/u0/leon3x0/vhdl/p0/iu/r.m.werr:0
/testbench/cpu/l3/u0/leon3x0/vhdl/p0/iu/r.e.su:1
/testbench/cpu/l3/u0/leon3x0/vhdl/p0/iu/r.e.et:1
/testbench/cpu/l3/u0/leon3x0/vhdl/p0/iu/r.a.ldcheck1:1
/testbench/cpu/l3/u0/leon3x0/vhdl/p0/iu/r.d.stwin:000
/testbench/cpu/l3/u0/leon3x0/vhdl/p0/iu/r.a.ldcheck2:0
/testbench/cpu/l3/u0/leon3x0/vhdl/p0/iu/r.x.intack:0
/testbench/cpu/l3/u0/leon3x0/vhdl/p0/iu/r.m.ctrl:{{01000000000000000000000111100100} {11000010001001111011111111111100} {01} {10000001} {000101} 1 0 0 0 0 0 0 0 0}
/testbench/cpu/l3/u0/leon3x0/vhdl/p0/iu/r.a.cwp:101
/testbench/cpu/l3/u0/leon3x0/vhdl/p0/iu/r.e.sari:0
/testbench/cpu/l3/u0/leon3x0/vhdl/p0/iu/r.d.paw:0
/testbench/cpu/l3/u0/leon3x0/vhdl/p0/iu/r.d.aw:0
/testbench/cpu/l3/u0/leon3x0/vhdl/p0/iu/r.d.awp:000
/testbench/cpu/l3/u0/leon3x0/vhdl/p0/iu/r.x.ctrl:{{01000000000000000000000111100100} {11000010001001111011111111111100} {00} {10000001} {000000} 0 0 0 0 0 0 1 0 0}
/testbench/cpu/l3/u0/leon3x0/vhdl/p0/iu/r.m.rexnalign:0
/testbench/cpu/l3/u0/leon3x0/vhdl/p0/iu/r.m.su:1
/testbench/cpu/l3/u0/leon3x0/vhdl/p0/iu/r.m.wcwp:0
/testbench/cpu/l3/u0/leon3x0/vhdl/p0/iu/r.d.divrdy:0
/testbench/cpu/l3/u0/leon3x0/vhdl/p0/iu/r.e.cwp:101
/testbench/cpu/l3/u0/leon3x0/vhdl/p0/iu/r.w.except:0
/testbench/cpu/l3/u0/leon3x0/vhdl/p0/iu/r.x.nerror:0
/testbench/cpu/l3/u0/leon3x0/vhdl/p0/iu/r.a.bpimiss:0
/testbench/cpu/l3/u0/leon3x0/vhdl/p0/iu/r.a.nobp:0
/testbench/cpu/l3/u0/leon3x0/vhdl/p0/iu/r.d.rexcnt:0
/testbench/cpu/l3/u0/leon3x0/vhdl/p0/iu/r.w.s:{{101} {0000} {00000000} {01000000000000000000} {00000010} {0000} 0 0 1 1 1 {00000000000000000000000000000000} {UUUUUUUUUUUUUUUUUUUUUUUUUUUUUUUU} 1 0 0 1 1 1 0 0 {000} {000} {111}}
/testbench/cpu/l3/u0/leon3x0/vhdl/p0/iu/r.d.pv:1
/testbench/cpu/l3/u0/leon3x0/vhdl/p0/iu/r.a.ldchkra:1
/testbench/cpu/l3/u0/leon3x0/vhdl/p0/iu/r.a.rfa1:10000001
/testbench/cpu/l3/u0/leon3x0/vhdl/p0/iu/r.a.rfa2:10000001
/testbench/cpu/l3/u0/leon3x0/vhdl/p0/iu/r.a.imm:00000000000000000000000000000001
/testbench/cpu/l3/u0/leon3x0/vhdl/p0/iu/r.w.wa:10000001
/testbench/cpu/l3/u0/leon3x0/vhdl/p0/iu/r.m.casaz:0
/testbench/cpu/l3/u0/leon3x0/vhdl/p0/iu/r.x.dci:{0 1 0 0 0 0 {10} {00001011}}
/testbench/cpu/l3/u0/leon3x0/vhdl/p0/iu/r.x.mac:0
/testbench/cpu/l3/u0/leon3x0/vhdl/p0/iu/r.m.divz:0
/testbench/cpu/l3/u0/leon3x0/vhdl/p0/iu/r.d.inst:{{10000010000000000110000000000001}}
/testbench/cpu/l3/u0/leon3x0/vhdl/p0/iu/r.e.rfe1:1
/testbench/cpu/l3/u0/leon3x0/vhdl/p0/iu/r.a.wovf:0
/testbench/cpu/l3/u0/leon3x0/vhdl/p0/iu/r.e.rfe2:0
/testbench/cpu/l3/u0/leon3x0/vhdl/p0/iu/r.e.op1:01000000000011111111111010011000
/testbench/cpu/l3/u0/leon3x0/vhdl/p0/iu/r.m.nalign:1
/testbench/cpu/l3/u0/leon3x0/vhdl/p0/iu/r.e.op2:00000000000000000000000001000100
/testbench/cpu/l3/u0/leon3x0/vhdl/p0/iu/r.d.rexen:0
/testbench/cpu/l3/u0/leon3x0/vhdl/p0/iu/r.a.ctrl:{{01000000000000000000000111101100} {10000010000000000110000000000001} {00} {10000001} {000000} 0 1 0 0 0 0 0 0 0}
/testbench/cpu/l3/u0/leon3x0/vhdl/p0/iu/r.x.ipend:0
/testbench/cpu/l3/u0/leon3x0/vhdl/p0/iu/r.e.ldbp1:0
/testbench/cpu/l3/u0/leon3x0/vhdl/p0/iu/r.e.aluadd:1
/testbench/cpu/l3/u0/leon3x0/vhdl/p0/iu/r.d.set:0
/testbench/cpu/l3/u0/leon3x0/vhdl/p0/iu/r.d.inull:0
/testbench/cpu/l3/u0/leon3x0/vhdl/p0/iu/r.e.ldbp2:0
/testbench/cpu/l3/u0/leon3x0/vhdl/p0/iu/r.d.cnt:00
/testbench/cpu/l3/u0/leon3x0/vhdl/p0/iu/r.a.su:1
/testbench/cpu/l3/u0/leon3x0/vhdl/p0/iu/r.a.et:1
/testbench/cpu/l3/u0/leon3x0/vhdl/p0/iu/r.e.mul:0
/testbench/cpu/l3/u0/leon3x0/vhdl/p0/iu/r.e.alusel:00
/testbench/cpu/l3/u0/leon3x0/vhdl/p0/iu/r.e.aw:U
/testbench/cpu/l3/u0/leon3x0/vhdl/p0/iu/r.e.mac:0
/testbench/cpu/l3/u0/leon3x0/vhdl/p0/iu/r.a.decill:0
/testbench/cpu/l3/u0/leon3x0/vhdl/p0/iu/r.x.icc:0000
/testbench/cpu/l3/u0/leon3x0/vhdl/p0/iu/r.x.result:01000000000011111111111010010100
/testbench/cpu/l3/u0/leon3x0/vhdl/p0/iu/r.e.bp:0
/testbench/cpu/l3/u0/leon3x0/vhdl/p0/iu/r.a.rs1:00001
/testbench/cpu/l3/u0/leon3x0/vhdl/p0/iu/r.e.jmpl:0
/testbench/cpu/l3/u0/leon3x0/vhdl/p0/iu/r.a.rsel1:001
/testbench/cpu/l3/u0/leon3x0/vhdl/p0/iu/r.x.y:00000000000000000000000000000000
/testbench/cpu/l3/u0/leon3x0/vhdl/p0/iu/r.a.rsel2:100
/testbench/cpu/l3/u0/leon3x0/vhdl/p0/iu/r.a.awp:000
/testbench/cpu/l3/u0/leon3x0/vhdl/p0/iu/r.a.paw:0
/testbench/cpu/l3/u0/leon3x0/vhdl/p0/iu/r.x.data:{{00000000000000000000000001100110}}
/testbench/cpu/l3/u0/leon3x0/vhdl/p0/iu/r.m.mul:0
/testbench/cpu/l3/u0/leon3x0/vhdl/p0/iu/r.e.rd:UUUUU
/testbench/cpu/l3/u0/leon3x0/vhdl/p0/iu/r.e.invop2:0
/testbench/cpu/l3/u0/leon3x0/vhdl/p0/iu/r.m.wawp:0
/testbench/cpu/l3/u0/leon3x0/vhdl/p0/iu/r.d.cwpmax:111
/testbench/cpu/l3/u0/leon3x0/vhdl/p0/iu/r.f.branch:0
/testbench/cpu/l3/u0/leon3x0/vhdl/p0/iu/r.d.pcheld:1
/testbench/cpu/l3/u0/leon3x0/vhdl/p0/iu/r.m.dci:{0 0 0 0 0 0 {10} {00001011}}
/testbench/cpu/l3/u0/leon3x0/vhdl/p0/iu/r.e.paw:U
/testbench/cpu/l3/u0/leon3x0/vhdl/p0/iu/r.e.awp:UUU
/testbench/cpu/l3/u0/leon3x0/vhdl/p0/iu/r.e.shcnt:00100
/testbench/cpu/l3/u0/leon3x0/vhdl/p0/iu/r.w.result:00000000000000000000000001001010
/testbench/cpu/l3/u0/leon3x0/vhdl/p0/iu/r.m.mac:0
/testbench/cpu/l3/u0/leon3x0/vhdl/p0/iu/r.m.y:00000000000000000000000000000000
/testbench/cpu/l3/u0/leon3x0/vhdl/p0/iu/r.d.cwp:101
/testbench/cpu/l3/u0/leon3x0/vhdl/p0/iu/r.x.laddr:00
/testbench/cpu/l3/u0/leon3x0/vhdl/p0/iu/r.e.mulstep:0
/testbench/cpu/l3/u0/leon3x0/vhdl/p0/iu/r.e.ymsb:0
/testbench/cpu/l3/u0/leon3x0/vhdl/p0/iu/r.d.rexbuf:00000000000000000000000000000000
/testbench/cpu/l3/u0/leon3x0/vhdl/p0/iu/r.x.npc:100
/testbench/cpu/l3/u0/leon3x0/vhdl/p0/iu/r.f.pc:01000000000000000000000111110000
/testbench/cpu/l3/u0/leon3x0/vhdl/p0/iu/r.d.annul:0
/testbench/cpu/l3/u0/leon3x0/vhdl/p0/iu/r.x.rstate:run
/testbench/cpu/l3/u0/leon3x0/vhdl/p0/iu/r.x.set:0
/testbench/cpu/l3/u0/leon3x0/vhdl/p0/iu/r.m.result:00000000000000000000000001001010
/testbench/cpu/l3/u0/leon3x0/vhdl/p0/iu/r.e.icc:UUUU
/testbench/cpu/l3/u0/leon3x0/vhdl/p0/iu/r.a.getpc:0
/testbench/cpu/l3/u0/leon3x0/vhdl/p0/iu/r.a.ldchkex:1
/testbench/cpu/l3/u0/leon3x0/vhdl/p0/iu/r.x.mexc:0
/testbench/cpu/l3/u0/leon3x0/vhdl/p0/iu/r.a.mulstart:0
/testbench/cpu/l3/u0/leon3x0/vhdl/p0/iu/r.d.rexpos:10
/testbench/cpu/l3/u0/leon3x0/vhdl/p0/iu/r.x.annul_all:0
/testbench/cpu/l3/u0/leon3x0/vhdl/p0/iu/r.e.aluop:000
/testbench/cpu/l3/u0/leon3x0/vhdl/p0/iu/r.x.debug:0
/testbench/cpu/l3/u0/leon3x0/vhdl/p0/iu/r.a.rfe1:0
/testbench/cpu/l3/u0/leon3x0/vhdl/p0/iu/r.d.step:0
/testbench/cpu/l3/u0/leon3x0/vhdl/p0/iu/r.a.rfe2:0
/testbench/cpu/l3/u0/leon3x0/vhdl/p0/iu/r.e.alucin:0
/testbench/cpu/l3/u0/leon3x0/vhdl/p0/iu/r.a.wunf:0
compare to golden: 1
======================================
progstatus: -2
execerr: 99
latent: 1
time limit!
>>>>>>>>>>>>>>> 2737215000
======================================
