Test signal = /testbench/cpu/l3/u0/leon3x0/vhdl/p0/iu/r.d.mexc
oldval = 0
pos1: -1 pos0: 0 posU: -1
newval = 1
force in 905128
584315000 >> iteration no: 0
994990000 >> iteration no: 1
1405665000 >> iteration no: 2
Signal value: 0
oldval = 0
pos1: -1 pos0: 0 posU: -1
newval = 1
1485715000 >> Requesting for the AHB bus...
1486290000 >> AHB granted, starting recovery...
1505490000 >> Recovery done, continuing...
1505840000 >> Requesting for the AHB bus...
1506415000 >> AHB granted, starting recovery...
1525615000 >> Recovery done, continuing...
1525965000 >> Requesting for the AHB bus...
1526540000 >> AHB granted, starting recovery...
1545740000 >> Recovery done, continuing...
1546090000 >> Requesting for the AHB bus...
1546665000 >> AHB granted, starting recovery...
1565865000 >> Recovery done, continuing...
1566215000 >> Requesting for the AHB bus...
1566790000 >> AHB granted, starting recovery...
1585990000 >> Recovery done, continuing...
1586340000 >> Requesting for the AHB bus...
1586915000 >> AHB granted, starting recovery...
1606115000 >> Recovery done, continuing...
1606465000 >> Requesting for the AHB bus...
1607040000 >> AHB granted, starting recovery...
1626240000 >> Recovery done, continuing...
1626590000 >> Requesting for the AHB bus...
1627165000 >> AHB granted, starting recovery...
1646365000 >> Recovery done, continuing...
1646715000 >> Requesting for the AHB bus...
1647290000 >> AHB granted, starting recovery...
1666490000 >> Recovery done, continuing...
1666840000 >> Requesting for the AHB bus...
1667415000 >> AHB granted, starting recovery...
1686615000 >> Recovery done, continuing...
1686965000 >> Requesting for the AHB bus...
1687540000 >> AHB granted, starting recovery...
1706740000 >> Recovery done, continuing...
1707090000 >> Requesting for the AHB bus...
1707665000 >> AHB granted, starting recovery...
1726865000 >> Recovery done, continuing...
1727215000 >> Requesting for the AHB bus...
1727790000 >> AHB granted, starting recovery...
1746990000 >> Recovery done, continuing...
1747340000 >> Requesting for the AHB bus...
1747915000 >> AHB granted, starting recovery...
1767115000 >> Recovery done, continuing...
1767465000 >> Requesting for the AHB bus...
1768040000 >> AHB granted, starting recovery...
1787240000 >> Recovery done, continuing...
1787590000 >> Requesting for the AHB bus...
1788165000 >> AHB granted, starting recovery...
1807365000 >> Recovery done, continuing...
1807715000 >> Requesting for the AHB bus...
1808290000 >> AHB granted, starting recovery...
1827490000 >> Recovery done, continuing...
1827840000 >> Requesting for the AHB bus...
1828415000 >> AHB granted, starting recovery...
1847615000 >> Recovery done, continuing...
1847965000 >> Requesting for the AHB bus...
1848540000 >> AHB granted, starting recovery...
1867740000 >> Recovery done, continuing...
1868090000 >> Requesting for the AHB bus...
1868665000 >> AHB granted, starting recovery...
1887865000 >> Recovery done, continuing...
1888215000 >> Requesting for the AHB bus...
1888790000 >> AHB granted, starting recovery...
1907990000 >> Recovery done, continuing...
1908340000 >> Requesting for the AHB bus...
1908915000 >> AHB granted, starting recovery...
1928115000 >> Recovery done, continuing...
1928465000 >> Requesting for the AHB bus...
1929040000 >> AHB granted, starting recovery...
1948240000 >> Recovery done, continuing...
1948590000 >> Requesting for the AHB bus...
1949165000 >> AHB granted, starting recovery...
1968365000 >> Recovery done, continuing...
1968715000 >> Requesting for the AHB bus...
1969290000 >> AHB granted, starting recovery...
1988490000 >> Recovery done, continuing...
1988840000 >> Requesting for the AHB bus...
1989415000 >> AHB granted, starting recovery...
2008615000 >> Recovery done, continuing...
2008965000 >> Requesting for the AHB bus...
2009540000 >> AHB granted, starting recovery...
2028740000 >> Recovery done, continuing...
2029090000 >> Requesting for the AHB bus...
2029665000 >> AHB granted, starting recovery...
2048865000 >> Recovery done, continuing...
2049215000 >> Requesting for the AHB bus...
2049790000 >> AHB granted, starting recovery...
2068990000 >> Recovery done, continuing...
2069340000 >> Requesting for the AHB bus...
2069915000 >> AHB granted, starting recovery...
2089115000 >> Recovery done, continuing...
2089465000 >> Requesting for the AHB bus...
2090040000 >> AHB granted, starting recovery...
2109240000 >> Recovery done, continuing...
2109590000 >> Requesting for the AHB bus...
2110165000 >> AHB granted, starting recovery...
2129365000 >> Recovery done, continuing...
2129715000 >> Requesting for the AHB bus...
2130290000 >> AHB granted, starting recovery...
2149490000 >> Recovery done, continuing...
2149840000 >> Requesting for the AHB bus...
2150415000 >> AHB granted, starting recovery...
2169615000 >> Recovery done, continuing...
2169965000 >> Requesting for the AHB bus...
2170540000 >> AHB granted, starting recovery...
2189740000 >> Recovery done, continuing...
2190090000 >> Requesting for the AHB bus...
2190665000 >> AHB granted, starting recovery...
2209865000 >> Recovery done, continuing...
2210215000 >> Requesting for the AHB bus...
2210790000 >> AHB granted, starting recovery...
2229990000 >> Recovery done, continuing...
2230340000 >> Requesting for the AHB bus...
2230915000 >> AHB granted, starting recovery...
2250115000 >> Recovery done, continuing...
2250465000 >> Requesting for the AHB bus...
2251040000 >> AHB granted, starting recovery...
2270240000 >> Recovery done, continuing...
2270590000 >> Requesting for the AHB bus...
2271165000 >> AHB granted, starting recovery...
2290365000 >> Recovery done, continuing...
2290715000 >> Requesting for the AHB bus...
2291290000 >> AHB granted, starting recovery...
2310490000 >> Recovery done, continuing...
2310840000 >> Requesting for the AHB bus...
2311415000 >> AHB granted, starting recovery...
2330615000 >> Recovery done, continuing...
2330965000 >> Requesting for the AHB bus...
2331540000 >> AHB granted, starting recovery...
2350740000 >> Recovery done, continuing...
2351090000 >> Requesting for the AHB bus...
2351665000 >> AHB granted, starting recovery...
2370865000 >> Recovery done, continuing...
2371215000 >> Requesting for the AHB bus...
2371790000 >> AHB granted, starting recovery...
2390990000 >> Recovery done, continuing...
2391340000 >> Requesting for the AHB bus...
2391915000 >> AHB granted, starting recovery...
2411115000 >> Recovery done, continuing...
2411465000 >> Requesting for the AHB bus...
2412040000 >> AHB granted, starting recovery...
2431240000 >> Recovery done, continuing...
2431590000 >> Requesting for the AHB bus...
2432165000 >> AHB granted, starting recovery...
2451365000 >> Recovery done, continuing...
2451715000 >> Requesting for the AHB bus...
2452290000 >> AHB granted, starting recovery...
2471490000 >> Recovery done, continuing...
2471840000 >> Requesting for the AHB bus...
2472415000 >> AHB granted, starting recovery...
2491615000 >> Recovery done, continuing...
2491965000 >> Requesting for the AHB bus...
2492540000 >> AHB granted, starting recovery...
2511740000 >> Recovery done, continuing...
2512090000 >> Requesting for the AHB bus...
2512665000 >> AHB granted, starting recovery...
2531865000 >> Recovery done, continuing...
2532215000 >> Requesting for the AHB bus...
2532790000 >> AHB granted, starting recovery...
2551990000 >> Recovery done, continuing...
2552340000 >> Requesting for the AHB bus...
2552915000 >> AHB granted, starting recovery...
2572115000 >> Recovery done, continuing...
2572465000 >> Requesting for the AHB bus...
2573040000 >> AHB granted, starting recovery...
2592240000 >> Recovery done, continuing...
2592590000 >> Requesting for the AHB bus...
2593165000 >> AHB granted, starting recovery...
2612365000 >> Recovery done, continuing...
2612715000 >> Requesting for the AHB bus...
2613290000 >> AHB granted, starting recovery...
2632490000 >> Recovery done, continuing...
2632840000 >> Requesting for the AHB bus...
2633415000 >> AHB granted, starting recovery...
2652615000 >> Recovery done, continuing...
2652965000 >> Requesting for the AHB bus...
2653540000 >> AHB granted, starting recovery...
2672740000 >> Recovery done, continuing...
2673090000 >> Requesting for the AHB bus...
2673665000 >> AHB granted, starting recovery...
2692865000 >> Recovery done, continuing...
2693215000 >> Requesting for the AHB bus...
2693790000 >> AHB granted, starting recovery...
2712990000 >> Recovery done, continuing...
2713340000 >> Requesting for the AHB bus...
2713915000 >> AHB granted, starting recovery...
2733115000 >> Recovery done, continuing...
2733590000 >> Requesting for the AHB bus...
2734165000 >> AHB granted, starting recovery...
2737215000 >> time limit reached...
/testbench/cpu/l3/u0/leon3x0/vhdl/p0/iu/r.w.wreg:1
/testbench/cpu/l3/u0/leon3x0/vhdl/p0/iu/r.m.irqen:1
/testbench/cpu/l3/u0/leon3x0/vhdl/p0/iu/r.m.icc:0000
/testbench/cpu/l3/u0/leon3x0/vhdl/p0/iu/r.a.ticc:0
/testbench/cpu/l3/u0/leon3x0/vhdl/p0/iu/r.a.step:0
/testbench/cpu/l3/u0/leon3x0/vhdl/p0/iu/r.m.irqen2:1
/testbench/cpu/l3/u0/leon3x0/vhdl/p0/iu/r.d.pc:01000000000000000000000111101100
/testbench/cpu/l3/u0/leon3x0/vhdl/p0/iu/r.d.rexpl:{{00000000000000000000000000000000} {00} {0} 0 0 {0000000000000000000} 0 0 0 0 0 0}
/testbench/cpu/l3/u0/leon3x0/vhdl/p0/iu/r.d.mexc:0
/testbench/cpu/l3/u0/leon3x0/vhdl/p0/iu/r.a.aw:0
/testbench/cpu/l3/u0/leon3x0/vhdl/p0/iu/r.e.ctrl:{{01000000000000000000000111101000} {11000010000001111010000001000100} {00} {10000001} {000000} 0 0 1 0 0 1 1 0 0}
/testbench/cpu/l3/u0/leon3x0/vhdl/p0/iu/r.a.divstart:0
/testbench/cpu/l3/u0/leon3x0/vhdl/p0/iu/r.e.shleft:0
/testbench/cpu/l3/u0/leon3x0/vhdl/p0/iu/r.a.bp:0
/testbench/cpu/l3/u0/leon3x0/vhdl/p0/iu/r.w.twcwp:000
/testbench/cpu/l3/u0/leon3x0/vhdl/p0/iu/r.a.jmpl:0
/testbench/cpu/l3/u0/leon3x0/vhdl/p0/iu/r.m.casa:0
/testbench/cpu/l3/u0/leon3x0/vhdl/p0/iu/r.m.werr:0
/testbench/cpu/l3/u0/leon3x0/vhdl/p0/iu/r.e.su:1
/testbench/cpu/l3/u0/leon3x0/vhdl/p0/iu/r.e.et:1
/testbench/cpu/l3/u0/leon3x0/vhdl/p0/iu/r.a.ldcheck1:1
/testbench/cpu/l3/u0/leon3x0/vhdl/p0/iu/r.d.stwin:000
/testbench/cpu/l3/u0/leon3x0/vhdl/p0/iu/r.a.ldcheck2:0
/testbench/cpu/l3/u0/leon3x0/vhdl/p0/iu/r.x.intack:0
/testbench/cpu/l3/u0/leon3x0/vhdl/p0/iu/r.m.ctrl:{{01000000000000000000000111100100} {11000010001001111011111111111100} {01} {10000001} {000001} 1 0 0 0 0 0 0 0 0}
/testbench/cpu/l3/u0/leon3x0/vhdl/p0/iu/r.a.cwp:101
/testbench/cpu/l3/u0/leon3x0/vhdl/p0/iu/r.e.sari:0
/testbench/cpu/l3/u0/leon3x0/vhdl/p0/iu/r.d.paw:0
/testbench/cpu/l3/u0/leon3x0/vhdl/p0/iu/r.d.aw:0
/testbench/cpu/l3/u0/leon3x0/vhdl/p0/iu/r.d.awp:000
/testbench/cpu/l3/u0/leon3x0/vhdl/p0/iu/r.x.ctrl:{{01000000000000000000000111100100} {11000010001001111011111111111100} {00} {10000001} {000000} 0 0 0 0 0 0 1 0 0}
/testbench/cpu/l3/u0/leon3x0/vhdl/p0/iu/r.m.rexnalign:0
/testbench/cpu/l3/u0/leon3x0/vhdl/p0/iu/r.m.su:1
/testbench/cpu/l3/u0/leon3x0/vhdl/p0/iu/r.m.wcwp:0
/testbench/cpu/l3/u0/leon3x0/vhdl/p0/iu/r.d.divrdy:0
/testbench/cpu/l3/u0/leon3x0/vhdl/p0/iu/r.e.cwp:101
/testbench/cpu/l3/u0/leon3x0/vhdl/p0/iu/r.w.except:0
/testbench/cpu/l3/u0/leon3x0/vhdl/p0/iu/r.x.nerror:0
/testbench/cpu/l3/u0/leon3x0/vhdl/p0/iu/r.a.bpimiss:0
/testbench/cpu/l3/u0/leon3x0/vhdl/p0/iu/r.a.nobp:0
/testbench/cpu/l3/u0/leon3x0/vhdl/p0/iu/r.d.rexcnt:0
/testbench/cpu/l3/u0/leon3x0/vhdl/p0/iu/r.w.s:{{101} {0000} {00000000} {01000000000000000000} {00000010} {0000} 0 0 1 1 1 {00000000000000000000000000000000} {UUUUUUUUUUUUUUUUUUUUUUUUUUUUUUUU} 1 0 0 1 1 1 0 0 {000} {000} {111}}
/testbench/cpu/l3/u0/leon3x0/vhdl/p0/iu/r.d.pv:1
/testbench/cpu/l3/u0/leon3x0/vhdl/p0/iu/r.a.ldchkra:1
/testbench/cpu/l3/u0/leon3x0/vhdl/p0/iu/r.a.rfa1:10000001
/testbench/cpu/l3/u0/leon3x0/vhdl/p0/iu/r.a.rfa2:10000001
/testbench/cpu/l3/u0/leon3x0/vhdl/p0/iu/r.a.imm:00000000000000000000000000000001
/testbench/cpu/l3/u0/leon3x0/vhdl/p0/iu/r.w.wa:10000001
/testbench/cpu/l3/u0/leon3x0/vhdl/p0/iu/r.m.casaz:0
/testbench/cpu/l3/u0/leon3x0/vhdl/p0/iu/r.x.dci:{0 1 0 0 0 0 {10} {00001011}}
/testbench/cpu/l3/u0/leon3x0/vhdl/p0/iu/r.x.mac:0
/testbench/cpu/l3/u0/leon3x0/vhdl/p0/iu/r.m.divz:0
/testbench/cpu/l3/u0/leon3x0/vhdl/p0/iu/r.d.inst:{{10000010000000000110000000000001}}
/testbench/cpu/l3/u0/leon3x0/vhdl/p0/iu/r.e.rfe1:1
/testbench/cpu/l3/u0/leon3x0/vhdl/p0/iu/r.a.wovf:0
/testbench/cpu/l3/u0/leon3x0/vhdl/p0/iu/r.e.rfe2:0
/testbench/cpu/l3/u0/leon3x0/vhdl/p0/iu/r.e.op1:01000000000011111111111010011000
/testbench/cpu/l3/u0/leon3x0/vhdl/p0/iu/r.m.nalign:1
/testbench/cpu/l3/u0/leon3x0/vhdl/p0/iu/r.e.op2:00000000000000000000000001000100
/testbench/cpu/l3/u0/leon3x0/vhdl/p0/iu/r.d.rexen:0
/testbench/cpu/l3/u0/leon3x0/vhdl/p0/iu/r.a.ctrl:{{01000000000000000000000111101100} {10000010000000000110000000000001} {00} {10000001} {000000} 0 1 0 0 0 0 0 0 0}
/testbench/cpu/l3/u0/leon3x0/vhdl/p0/iu/r.x.ipend:0
/testbench/cpu/l3/u0/leon3x0/vhdl/p0/iu/r.e.ldbp1:0
/testbench/cpu/l3/u0/leon3x0/vhdl/p0/iu/r.e.aluadd:1
/testbench/cpu/l3/u0/leon3x0/vhdl/p0/iu/r.d.set:0
/testbench/cpu/l3/u0/leon3x0/vhdl/p0/iu/r.d.inull:0
/testbench/cpu/l3/u0/leon3x0/vhdl/p0/iu/r.e.ldbp2:0
/testbench/cpu/l3/u0/leon3x0/vhdl/p0/iu/r.d.cnt:00
/testbench/cpu/l3/u0/leon3x0/vhdl/p0/iu/r.a.su:1
/testbench/cpu/l3/u0/leon3x0/vhdl/p0/iu/r.a.et:1
/testbench/cpu/l3/u0/leon3x0/vhdl/p0/iu/r.e.mul:0
/testbench/cpu/l3/u0/leon3x0/vhdl/p0/iu/r.e.alusel:00
/testbench/cpu/l3/u0/leon3x0/vhdl/p0/iu/r.e.aw:U
/testbench/cpu/l3/u0/leon3x0/vhdl/p0/iu/r.e.mac:0
/testbench/cpu/l3/u0/leon3x0/vhdl/p0/iu/r.a.decill:0
/testbench/cpu/l3/u0/leon3x0/vhdl/p0/iu/r.x.icc:0000
/testbench/cpu/l3/u0/leon3x0/vhdl/p0/iu/r.x.result:01000000000011111111111010010100
/testbench/cpu/l3/u0/leon3x0/vhdl/p0/iu/r.e.bp:0
/testbench/cpu/l3/u0/leon3x0/vhdl/p0/iu/r.a.rs1:00001
/testbench/cpu/l3/u0/leon3x0/vhdl/p0/iu/r.e.jmpl:0
/testbench/cpu/l3/u0/leon3x0/vhdl/p0/iu/r.a.rsel1:001
/testbench/cpu/l3/u0/leon3x0/vhdl/p0/iu/r.x.y:00000000000000000000000000000000
/testbench/cpu/l3/u0/leon3x0/vhdl/p0/iu/r.a.rsel2:100
/testbench/cpu/l3/u0/leon3x0/vhdl/p0/iu/r.a.awp:000
/testbench/cpu/l3/u0/leon3x0/vhdl/p0/iu/r.a.paw:0
/testbench/cpu/l3/u0/leon3x0/vhdl/p0/iu/r.x.data:{{00000000000000000000000001110011}}
/testbench/cpu/l3/u0/leon3x0/vhdl/p0/iu/r.m.mul:0
/testbench/cpu/l3/u0/leon3x0/vhdl/p0/iu/r.e.rd:UUUUU
/testbench/cpu/l3/u0/leon3x0/vhdl/p0/iu/r.e.invop2:0
/testbench/cpu/l3/u0/leon3x0/vhdl/p0/iu/r.m.wawp:0
/testbench/cpu/l3/u0/leon3x0/vhdl/p0/iu/r.d.cwpmax:111
/testbench/cpu/l3/u0/leon3x0/vhdl/p0/iu/r.f.branch:0
/testbench/cpu/l3/u0/leon3x0/vhdl/p0/iu/r.d.pcheld:1
/testbench/cpu/l3/u0/leon3x0/vhdl/p0/iu/r.m.dci:{0 0 0 0 0 0 {10} {00001011}}
/testbench/cpu/l3/u0/leon3x0/vhdl/p0/iu/r.e.paw:U
/testbench/cpu/l3/u0/leon3x0/vhdl/p0/iu/r.e.awp:UUU
/testbench/cpu/l3/u0/leon3x0/vhdl/p0/iu/r.e.shcnt:00100
/testbench/cpu/l3/u0/leon3x0/vhdl/p0/iu/r.w.result:00000000000000000000000001011101
/testbench/cpu/l3/u0/leon3x0/vhdl/p0/iu/r.m.mac:0
/testbench/cpu/l3/u0/leon3x0/vhdl/p0/iu/r.m.y:00000000000000000000000000000000
/testbench/cpu/l3/u0/leon3x0/vhdl/p0/iu/r.d.cwp:101
/testbench/cpu/l3/u0/leon3x0/vhdl/p0/iu/r.x.laddr:00
/testbench/cpu/l3/u0/leon3x0/vhdl/p0/iu/r.e.mulstep:0
/testbench/cpu/l3/u0/leon3x0/vhdl/p0/iu/r.e.ymsb:0
/testbench/cpu/l3/u0/leon3x0/vhdl/p0/iu/r.d.rexbuf:00000000000000000000000000000000
/testbench/cpu/l3/u0/leon3x0/vhdl/p0/iu/r.x.npc:100
/testbench/cpu/l3/u0/leon3x0/vhdl/p0/iu/r.f.pc:01000000000000000000000111110000
/testbench/cpu/l3/u0/leon3x0/vhdl/p0/iu/r.d.annul:0
/testbench/cpu/l3/u0/leon3x0/vhdl/p0/iu/r.x.rstate:run
/testbench/cpu/l3/u0/leon3x0/vhdl/p0/iu/r.x.set:0
/testbench/cpu/l3/u0/leon3x0/vhdl/p0/iu/r.m.result:00000000000000000000000001011101
/testbench/cpu/l3/u0/leon3x0/vhdl/p0/iu/r.e.icc:UUUU
/testbench/cpu/l3/u0/leon3x0/vhdl/p0/iu/r.a.getpc:0
/testbench/cpu/l3/u0/leon3x0/vhdl/p0/iu/r.a.ldchkex:1
/testbench/cpu/l3/u0/leon3x0/vhdl/p0/iu/r.x.mexc:0
/testbench/cpu/l3/u0/leon3x0/vhdl/p0/iu/r.a.mulstart:0
/testbench/cpu/l3/u0/leon3x0/vhdl/p0/iu/r.d.rexpos:10
/testbench/cpu/l3/u0/leon3x0/vhdl/p0/iu/r.x.annul_all:0
/testbench/cpu/l3/u0/leon3x0/vhdl/p0/iu/r.e.aluop:000
/testbench/cpu/l3/u0/leon3x0/vhdl/p0/iu/r.x.debug:0
/testbench/cpu/l3/u0/leon3x0/vhdl/p0/iu/r.a.rfe1:0
/testbench/cpu/l3/u0/leon3x0/vhdl/p0/iu/r.d.step:0
/testbench/cpu/l3/u0/leon3x0/vhdl/p0/iu/r.a.rfe2:0
/testbench/cpu/l3/u0/leon3x0/vhdl/p0/iu/r.e.alucin:0
/testbench/cpu/l3/u0/leon3x0/vhdl/p0/iu/r.a.wunf:0
compare to golden: 1
======================================
progstatus: -2
execerr: 63
latent: 1
time limit!
>>>>>>>>>>>>>>> 2737215000
======================================
