Test signal = /testbench/cpu/l3/u0/leon3x0/vhdl/p0/iu/r.d.cwp
oldval = 111
pos1: 2 pos0: -1 posU: -1
newval = 110
force in 831620
584315000 >> iteration no: 0
994990000 >> iteration no: 1
1405665000 >> iteration no: 2
Signal value: 101
oldval = 101
pos1: 2 pos0: 1 posU: -1
newval = 100
1411690000 >> Requesting for the AHB bus...
1412265000 >> AHB granted, starting recovery...
1431465000 >> Recovery done, continuing...
1433040000 >> Requesting for the AHB bus...
1433815000 >> AHB granted, starting recovery...
1453015000 >> Recovery done, continuing...
1454740000 >> Requesting for the AHB bus...
1455515000 >> AHB granted, starting recovery...
1474715000 >> Recovery done, continuing...
1476290000 >> Requesting for the AHB bus...
1477065000 >> AHB granted, starting recovery...
1496265000 >> Recovery done, continuing...
1497840000 >> Requesting for the AHB bus...
1498615000 >> AHB granted, starting recovery...
1517815000 >> Recovery done, continuing...
1519390000 >> Requesting for the AHB bus...
1520165000 >> AHB granted, starting recovery...
1539365000 >> Recovery done, continuing...
1540940000 >> Requesting for the AHB bus...
1541715000 >> AHB granted, starting recovery...
1560915000 >> Recovery done, continuing...
1562665000 >> Requesting for the AHB bus...
1563440000 >> AHB granted, starting recovery...
1582640000 >> Recovery done, continuing...
1584215000 >> Requesting for the AHB bus...
1584990000 >> AHB granted, starting recovery...
1604190000 >> Recovery done, continuing...
1605765000 >> Requesting for the AHB bus...
1606540000 >> AHB granted, starting recovery...
1625740000 >> Recovery done, continuing...
1627465000 >> Requesting for the AHB bus...
1628240000 >> AHB granted, starting recovery...
1647440000 >> Recovery done, continuing...
1649015000 >> Requesting for the AHB bus...
1649790000 >> AHB granted, starting recovery...
1668990000 >> Recovery done, continuing...
1670565000 >> Requesting for the AHB bus...
1671340000 >> AHB granted, starting recovery...
1690540000 >> Recovery done, continuing...
1692115000 >> Requesting for the AHB bus...
1692890000 >> AHB granted, starting recovery...
1712090000 >> Recovery done, continuing...
1713665000 >> Requesting for the AHB bus...
1714440000 >> AHB granted, starting recovery...
1733640000 >> Recovery done, continuing...
1735390000 >> Requesting for the AHB bus...
1736165000 >> AHB granted, starting recovery...
1755365000 >> Recovery done, continuing...
1756940000 >> Requesting for the AHB bus...
1757715000 >> AHB granted, starting recovery...
1776915000 >> Recovery done, continuing...
1778490000 >> Requesting for the AHB bus...
1779265000 >> AHB granted, starting recovery...
1798465000 >> Recovery done, continuing...
1800190000 >> Requesting for the AHB bus...
1800965000 >> AHB granted, starting recovery...
1820165000 >> Recovery done, continuing...
1821740000 >> Requesting for the AHB bus...
1822515000 >> AHB granted, starting recovery...
1841715000 >> Recovery done, continuing...
1843290000 >> Requesting for the AHB bus...
1844065000 >> AHB granted, starting recovery...
1863265000 >> Recovery done, continuing...
1864840000 >> Requesting for the AHB bus...
1865615000 >> AHB granted, starting recovery...
1884815000 >> Recovery done, continuing...
1886390000 >> Requesting for the AHB bus...
1887165000 >> AHB granted, starting recovery...
1906365000 >> Recovery done, continuing...
1908115000 >> Requesting for the AHB bus...
1908890000 >> AHB granted, starting recovery...
1928090000 >> Recovery done, continuing...
1929665000 >> Requesting for the AHB bus...
1930440000 >> AHB granted, starting recovery...
1949640000 >> Recovery done, continuing...
1951215000 >> Requesting for the AHB bus...
1951990000 >> AHB granted, starting recovery...
1971190000 >> Recovery done, continuing...
1972940000 >> Requesting for the AHB bus...
1973715000 >> AHB granted, starting recovery...
1992915000 >> Recovery done, continuing...
1994490000 >> Requesting for the AHB bus...
1995265000 >> AHB granted, starting recovery...
2014465000 >> Recovery done, continuing...
2016040000 >> Requesting for the AHB bus...
2016815000 >> AHB granted, starting recovery...
2036015000 >> Recovery done, continuing...
2037590000 >> Requesting for the AHB bus...
2038365000 >> AHB granted, starting recovery...
2057565000 >> Recovery done, continuing...
2059140000 >> Requesting for the AHB bus...
2059915000 >> AHB granted, starting recovery...
2079115000 >> Recovery done, continuing...
2080690000 >> Requesting for the AHB bus...
2081615000 >> AHB granted, starting recovery...
2100815000 >> Recovery done, continuing...
2102390000 >> Requesting for the AHB bus...
2103165000 >> AHB granted, starting recovery...
2122365000 >> Recovery done, continuing...
2123940000 >> Requesting for the AHB bus...
2124715000 >> AHB granted, starting recovery...
2143915000 >> Recovery done, continuing...
2145665000 >> Requesting for the AHB bus...
2146440000 >> AHB granted, starting recovery...
2165640000 >> Recovery done, continuing...
2167215000 >> Requesting for the AHB bus...
2167990000 >> AHB granted, starting recovery...
2187190000 >> Recovery done, continuing...
2188765000 >> Requesting for the AHB bus...
2189540000 >> AHB granted, starting recovery...
2208740000 >> Recovery done, continuing...
2210315000 >> Requesting for the AHB bus...
2211090000 >> AHB granted, starting recovery...
2230290000 >> Recovery done, continuing...
2231865000 >> Requesting for the AHB bus...
2232640000 >> AHB granted, starting recovery...
2251840000 >> Recovery done, continuing...
2253415000 >> Requesting for the AHB bus...
2254340000 >> AHB granted, starting recovery...
2273540000 >> Recovery done, continuing...
2275115000 >> Requesting for the AHB bus...
2275890000 >> AHB granted, starting recovery...
2295090000 >> Recovery done, continuing...
2296665000 >> Requesting for the AHB bus...
2297440000 >> AHB granted, starting recovery...
2316640000 >> Recovery done, continuing...
2318390000 >> Requesting for the AHB bus...
2319165000 >> AHB granted, starting recovery...
2338365000 >> Recovery done, continuing...
2339940000 >> Requesting for the AHB bus...
2340715000 >> AHB granted, starting recovery...
2359915000 >> Recovery done, continuing...
2361490000 >> Requesting for the AHB bus...
2362265000 >> AHB granted, starting recovery...
2381465000 >> Recovery done, continuing...
2383040000 >> Requesting for the AHB bus...
2383815000 >> AHB granted, starting recovery...
2403015000 >> Recovery done, continuing...
2404590000 >> Requesting for the AHB bus...
2405365000 >> AHB granted, starting recovery...
2424565000 >> Recovery done, continuing...
2426140000 >> Requesting for the AHB bus...
2427065000 >> AHB granted, starting recovery...
2446265000 >> Recovery done, continuing...
2447840000 >> Requesting for the AHB bus...
2448615000 >> AHB granted, starting recovery...
2467815000 >> Recovery done, continuing...
2469390000 >> Requesting for the AHB bus...
2470165000 >> AHB granted, starting recovery...
2489365000 >> Recovery done, continuing...
2491115000 >> Requesting for the AHB bus...
2491890000 >> AHB granted, starting recovery...
2511090000 >> Recovery done, continuing...
2512665000 >> Requesting for the AHB bus...
2513440000 >> AHB granted, starting recovery...
2532640000 >> Recovery done, continuing...
2534215000 >> Requesting for the AHB bus...
2534990000 >> AHB granted, starting recovery...
2554190000 >> Recovery done, continuing...
2555765000 >> Requesting for the AHB bus...
2556540000 >> AHB granted, starting recovery...
2575740000 >> Recovery done, continuing...
2577315000 >> Requesting for the AHB bus...
2578090000 >> AHB granted, starting recovery...
2597290000 >> Recovery done, continuing...
2598865000 >> Requesting for the AHB bus...
2599790000 >> AHB granted, starting recovery...
2618990000 >> Recovery done, continuing...
2620565000 >> Requesting for the AHB bus...
2621340000 >> AHB granted, starting recovery...
2640540000 >> Recovery done, continuing...
2642115000 >> Requesting for the AHB bus...
2642890000 >> AHB granted, starting recovery...
2662090000 >> Recovery done, continuing...
2663840000 >> Requesting for the AHB bus...
2664615000 >> AHB granted, starting recovery...
2683815000 >> Recovery done, continuing...
2685390000 >> Requesting for the AHB bus...
2686165000 >> AHB granted, starting recovery...
2705365000 >> Recovery done, continuing...
2706940000 >> Requesting for the AHB bus...
2707715000 >> AHB granted, starting recovery...
2726915000 >> Recovery done, continuing...
2728490000 >> Requesting for the AHB bus...
2729265000 >> AHB granted, starting recovery...
2737215000 >> time limit reached...
/testbench/cpu/l3/u0/leon3x0/vhdl/p0/iu/r.w.wreg:0
/testbench/cpu/l3/u0/leon3x0/vhdl/p0/iu/r.m.irqen:1
/testbench/cpu/l3/u0/leon3x0/vhdl/p0/iu/r.m.icc:1001
/testbench/cpu/l3/u0/leon3x0/vhdl/p0/iu/r.a.ticc:0
/testbench/cpu/l3/u0/leon3x0/vhdl/p0/iu/r.a.step:0
/testbench/cpu/l3/u0/leon3x0/vhdl/p0/iu/r.m.irqen2:1
/testbench/cpu/l3/u0/leon3x0/vhdl/p0/iu/r.d.pc:01000000000000000000000111111000
/testbench/cpu/l3/u0/leon3x0/vhdl/p0/iu/r.d.rexpl:{{00000000000000000000000000000000} {00} {0} 0 0 {0000000000000000000} 0 0 0 0 0 0}
/testbench/cpu/l3/u0/leon3x0/vhdl/p0/iu/r.d.mexc:0
/testbench/cpu/l3/u0/leon3x0/vhdl/p0/iu/r.a.aw:0
/testbench/cpu/l3/u0/leon3x0/vhdl/p0/iu/r.e.ctrl:{{01000000000000000000000111110100} {11000010000001111010000001000100} {00} {10000001} {000000} 0 0 1 0 0 1 1 0 0}
/testbench/cpu/l3/u0/leon3x0/vhdl/p0/iu/r.a.divstart:0
/testbench/cpu/l3/u0/leon3x0/vhdl/p0/iu/r.e.shleft:0
/testbench/cpu/l3/u0/leon3x0/vhdl/p0/iu/r.a.bp:0
/testbench/cpu/l3/u0/leon3x0/vhdl/p0/iu/r.w.twcwp:000
/testbench/cpu/l3/u0/leon3x0/vhdl/p0/iu/r.a.jmpl:0
/testbench/cpu/l3/u0/leon3x0/vhdl/p0/iu/r.m.casa:0
/testbench/cpu/l3/u0/leon3x0/vhdl/p0/iu/r.m.werr:0
/testbench/cpu/l3/u0/leon3x0/vhdl/p0/iu/r.e.su:1
/testbench/cpu/l3/u0/leon3x0/vhdl/p0/iu/r.e.et:1
/testbench/cpu/l3/u0/leon3x0/vhdl/p0/iu/r.a.ldcheck1:1
/testbench/cpu/l3/u0/leon3x0/vhdl/p0/iu/r.d.stwin:000
/testbench/cpu/l3/u0/leon3x0/vhdl/p0/iu/r.a.ldcheck2:1
/testbench/cpu/l3/u0/leon3x0/vhdl/p0/iu/r.x.intack:0
/testbench/cpu/l3/u0/leon3x0/vhdl/p0/iu/r.m.ctrl:{{01000000000000000000000111001000} {00000001000000000000000000000000} {00} {10000000} {000000} 0 0 0 0 0 0 1 0 0}
/testbench/cpu/l3/u0/leon3x0/vhdl/p0/iu/r.a.cwp:101
/testbench/cpu/l3/u0/leon3x0/vhdl/p0/iu/r.e.sari:0
/testbench/cpu/l3/u0/leon3x0/vhdl/p0/iu/r.d.paw:0
/testbench/cpu/l3/u0/leon3x0/vhdl/p0/iu/r.d.aw:0
/testbench/cpu/l3/u0/leon3x0/vhdl/p0/iu/r.d.awp:000
/testbench/cpu/l3/u0/leon3x0/vhdl/p0/iu/r.x.ctrl:{{01000000000000000000000111000100} {00010000100000000000000000001100} {00} {01011000} {000000} 0 0 0 0 0 0 1 0 0}
/testbench/cpu/l3/u0/leon3x0/vhdl/p0/iu/r.m.rexnalign:0
/testbench/cpu/l3/u0/leon3x0/vhdl/p0/iu/r.m.su:1
/testbench/cpu/l3/u0/leon3x0/vhdl/p0/iu/r.m.wcwp:0
/testbench/cpu/l3/u0/leon3x0/vhdl/p0/iu/r.d.divrdy:0
/testbench/cpu/l3/u0/leon3x0/vhdl/p0/iu/r.e.cwp:101
/testbench/cpu/l3/u0/leon3x0/vhdl/p0/iu/r.w.except:0
/testbench/cpu/l3/u0/leon3x0/vhdl/p0/iu/r.x.nerror:0
/testbench/cpu/l3/u0/leon3x0/vhdl/p0/iu/r.a.bpimiss:0
/testbench/cpu/l3/u0/leon3x0/vhdl/p0/iu/r.a.nobp:0
/testbench/cpu/l3/u0/leon3x0/vhdl/p0/iu/r.d.rexcnt:0
/testbench/cpu/l3/u0/leon3x0/vhdl/p0/iu/r.w.s:{{101} {1001} {00000000} {01000000000000000000} {00000010} {0000} 0 0 1 1 1 {00000000000000000000000000000000} {UUUUUUUUUUUUUUUUUUUUUUUUUUUUUUUU} 1 0 0 1 1 1 0 0 {000} {000} {111}}
/testbench/cpu/l3/u0/leon3x0/vhdl/p0/iu/r.d.pv:1
/testbench/cpu/l3/u0/leon3x0/vhdl/p0/iu/r.a.ldchkra:1
/testbench/cpu/l3/u0/leon3x0/vhdl/p0/iu/r.a.rfa1:10000001
/testbench/cpu/l3/u0/leon3x0/vhdl/p0/iu/r.a.rfa2:10000000
/testbench/cpu/l3/u0/leon3x0/vhdl/p0/iu/r.a.imm:00000000000000000000000000000000
/testbench/cpu/l3/u0/leon3x0/vhdl/p0/iu/r.w.wa:10000000
/testbench/cpu/l3/u0/leon3x0/vhdl/p0/iu/r.m.casaz:1
/testbench/cpu/l3/u0/leon3x0/vhdl/p0/iu/r.x.dci:{0 0 1 0 0 0 {10} {00000000}}
/testbench/cpu/l3/u0/leon3x0/vhdl/p0/iu/r.x.mac:0
/testbench/cpu/l3/u0/leon3x0/vhdl/p0/iu/r.m.divz:0
/testbench/cpu/l3/u0/leon3x0/vhdl/p0/iu/r.d.inst:{{11000010000010000100000000000000}}
/testbench/cpu/l3/u0/leon3x0/vhdl/p0/iu/r.e.rfe1:1
/testbench/cpu/l3/u0/leon3x0/vhdl/p0/iu/r.a.wovf:0
/testbench/cpu/l3/u0/leon3x0/vhdl/p0/iu/r.e.rfe2:0
/testbench/cpu/l3/u0/leon3x0/vhdl/p0/iu/r.e.op1:01000000000011111111111010011000
/testbench/cpu/l3/u0/leon3x0/vhdl/p0/iu/r.m.nalign:0
/testbench/cpu/l3/u0/leon3x0/vhdl/p0/iu/r.e.op2:00000000000000000000000001000100
/testbench/cpu/l3/u0/leon3x0/vhdl/p0/iu/r.d.rexen:0
/testbench/cpu/l3/u0/leon3x0/vhdl/p0/iu/r.a.ctrl:{{01000000000000000000000111111000} {11000010000010000100000000000000} {00} {10000001} {000000} 0 1 0 0 0 1 0 0 0}
/testbench/cpu/l3/u0/leon3x0/vhdl/p0/iu/r.x.ipend:0
/testbench/cpu/l3/u0/leon3x0/vhdl/p0/iu/r.e.ldbp1:0
/testbench/cpu/l3/u0/leon3x0/vhdl/p0/iu/r.e.aluadd:1
/testbench/cpu/l3/u0/leon3x0/vhdl/p0/iu/r.d.set:0
/testbench/cpu/l3/u0/leon3x0/vhdl/p0/iu/r.d.inull:0
/testbench/cpu/l3/u0/leon3x0/vhdl/p0/iu/r.e.ldbp2:0
/testbench/cpu/l3/u0/leon3x0/vhdl/p0/iu/r.d.cnt:00
/testbench/cpu/l3/u0/leon3x0/vhdl/p0/iu/r.a.su:1
/testbench/cpu/l3/u0/leon3x0/vhdl/p0/iu/r.a.et:1
/testbench/cpu/l3/u0/leon3x0/vhdl/p0/iu/r.e.mul:0
/testbench/cpu/l3/u0/leon3x0/vhdl/p0/iu/r.e.alusel:00
/testbench/cpu/l3/u0/leon3x0/vhdl/p0/iu/r.e.aw:U
/testbench/cpu/l3/u0/leon3x0/vhdl/p0/iu/r.e.mac:0
/testbench/cpu/l3/u0/leon3x0/vhdl/p0/iu/r.a.decill:0
/testbench/cpu/l3/u0/leon3x0/vhdl/p0/iu/r.x.icc:1001
/testbench/cpu/l3/u0/leon3x0/vhdl/p0/iu/r.x.result:00000000000000000000000000000000
/testbench/cpu/l3/u0/leon3x0/vhdl/p0/iu/r.e.bp:0
/testbench/cpu/l3/u0/leon3x0/vhdl/p0/iu/r.a.rs1:00001
/testbench/cpu/l3/u0/leon3x0/vhdl/p0/iu/r.e.jmpl:0
/testbench/cpu/l3/u0/leon3x0/vhdl/p0/iu/r.a.rsel1:001
/testbench/cpu/l3/u0/leon3x0/vhdl/p0/iu/r.x.y:00000000000000000000000000000000
/testbench/cpu/l3/u0/leon3x0/vhdl/p0/iu/r.a.rsel2:101
/testbench/cpu/l3/u0/leon3x0/vhdl/p0/iu/r.a.awp:000
/testbench/cpu/l3/u0/leon3x0/vhdl/p0/iu/r.a.paw:0
/testbench/cpu/l3/u0/leon3x0/vhdl/p0/iu/r.x.data:{{01000000000000000001001000100000}}
/testbench/cpu/l3/u0/leon3x0/vhdl/p0/iu/r.m.mul:0
/testbench/cpu/l3/u0/leon3x0/vhdl/p0/iu/r.e.rd:UUUUU
/testbench/cpu/l3/u0/leon3x0/vhdl/p0/iu/r.e.invop2:0
/testbench/cpu/l3/u0/leon3x0/vhdl/p0/iu/r.m.wawp:0
/testbench/cpu/l3/u0/leon3x0/vhdl/p0/iu/r.d.cwpmax:111
/testbench/cpu/l3/u0/leon3x0/vhdl/p0/iu/r.f.branch:0
/testbench/cpu/l3/u0/leon3x0/vhdl/p0/iu/r.d.pcheld:1
/testbench/cpu/l3/u0/leon3x0/vhdl/p0/iu/r.m.dci:{0 0 1 0 0 0 {10} {00001011}}
/testbench/cpu/l3/u0/leon3x0/vhdl/p0/iu/r.e.paw:U
/testbench/cpu/l3/u0/leon3x0/vhdl/p0/iu/r.e.awp:UUU
/testbench/cpu/l3/u0/leon3x0/vhdl/p0/iu/r.e.shcnt:00100
/testbench/cpu/l3/u0/leon3x0/vhdl/p0/iu/r.w.result:00000000000000000000000000000000
/testbench/cpu/l3/u0/leon3x0/vhdl/p0/iu/r.m.mac:0
/testbench/cpu/l3/u0/leon3x0/vhdl/p0/iu/r.m.y:00000000000000000000000000000000
/testbench/cpu/l3/u0/leon3x0/vhdl/p0/iu/r.d.cwp:101
/testbench/cpu/l3/u0/leon3x0/vhdl/p0/iu/r.x.laddr:00
/testbench/cpu/l3/u0/leon3x0/vhdl/p0/iu/r.e.mulstep:0
/testbench/cpu/l3/u0/leon3x0/vhdl/p0/iu/r.e.ymsb:0
/testbench/cpu/l3/u0/leon3x0/vhdl/p0/iu/r.d.rexbuf:00000000000000000000000000000000
/testbench/cpu/l3/u0/leon3x0/vhdl/p0/iu/r.x.npc:100
/testbench/cpu/l3/u0/leon3x0/vhdl/p0/iu/r.f.pc:01000000000000000000000111111100
/testbench/cpu/l3/u0/leon3x0/vhdl/p0/iu/r.d.annul:0
/testbench/cpu/l3/u0/leon3x0/vhdl/p0/iu/r.x.rstate:run
/testbench/cpu/l3/u0/leon3x0/vhdl/p0/iu/r.x.set:0
/testbench/cpu/l3/u0/leon3x0/vhdl/p0/iu/r.m.result:00000000000000000000000000000000
/testbench/cpu/l3/u0/leon3x0/vhdl/p0/iu/r.e.icc:UUUU
/testbench/cpu/l3/u0/leon3x0/vhdl/p0/iu/r.a.getpc:0
/testbench/cpu/l3/u0/leon3x0/vhdl/p0/iu/r.a.ldchkex:1
/testbench/cpu/l3/u0/leon3x0/vhdl/p0/iu/r.x.mexc:0
/testbench/cpu/l3/u0/leon3x0/vhdl/p0/iu/r.a.mulstart:0
/testbench/cpu/l3/u0/leon3x0/vhdl/p0/iu/r.d.rexpos:10
/testbench/cpu/l3/u0/leon3x0/vhdl/p0/iu/r.x.annul_all:0
/testbench/cpu/l3/u0/leon3x0/vhdl/p0/iu/r.e.aluop:000
/testbench/cpu/l3/u0/leon3x0/vhdl/p0/iu/r.x.debug:0
/testbench/cpu/l3/u0/leon3x0/vhdl/p0/iu/r.a.rfe1:0
/testbench/cpu/l3/u0/leon3x0/vhdl/p0/iu/r.d.step:0
/testbench/cpu/l3/u0/leon3x0/vhdl/p0/iu/r.a.rfe2:0
/testbench/cpu/l3/u0/leon3x0/vhdl/p0/iu/r.e.alucin:0
/testbench/cpu/l3/u0/leon3x0/vhdl/p0/iu/r.a.wunf:0
compare to golden: 1
======================================
progstatus: -2
execerr: 62
latent: 1
time limit!
>>>>>>>>>>>>>>> 2737215000
======================================
