Test signal = /testbench/cpu/l3/u0/leon3x0/vhdl/p0/iu/r.d.mexc
oldval = 0
pos1: -1 pos0: 0 posU: -1
newval = 1
force in 1297954
584315000 >> iteration no: 0
994990000 >> iteration no: 1
1405665000 >> iteration no: 2
1816315000 >> iteration no: 3
Signal value: 0
oldval = 0
pos1: -1 pos0: 0 posU: -1
newval = 1
1878215000 >> Requesting for the AHB bus...
1878790000 >> AHB granted, starting recovery...
1897990000 >> Recovery done, continuing...
1898340000 >> Requesting for the AHB bus...
1898915000 >> AHB granted, starting recovery...
1918115000 >> Recovery done, continuing...
1918465000 >> Requesting for the AHB bus...
1919040000 >> AHB granted, starting recovery...
1938240000 >> Recovery done, continuing...
1938590000 >> Requesting for the AHB bus...
1939165000 >> AHB granted, starting recovery...
1958365000 >> Recovery done, continuing...
1958715000 >> Requesting for the AHB bus...
1959290000 >> AHB granted, starting recovery...
1978490000 >> Recovery done, continuing...
1978840000 >> Requesting for the AHB bus...
1979415000 >> AHB granted, starting recovery...
1998615000 >> Recovery done, continuing...
1998965000 >> Requesting for the AHB bus...
1999540000 >> AHB granted, starting recovery...
2018740000 >> Recovery done, continuing...
2019090000 >> Requesting for the AHB bus...
2019665000 >> AHB granted, starting recovery...
2038865000 >> Recovery done, continuing...
2039215000 >> Requesting for the AHB bus...
2039790000 >> AHB granted, starting recovery...
2058990000 >> Recovery done, continuing...
2059340000 >> Requesting for the AHB bus...
2059915000 >> AHB granted, starting recovery...
2079115000 >> Recovery done, continuing...
2079465000 >> Requesting for the AHB bus...
2080040000 >> AHB granted, starting recovery...
2099240000 >> Recovery done, continuing...
2099590000 >> Requesting for the AHB bus...
2100165000 >> AHB granted, starting recovery...
2119365000 >> Recovery done, continuing...
2119715000 >> Requesting for the AHB bus...
2120290000 >> AHB granted, starting recovery...
2139490000 >> Recovery done, continuing...
2139840000 >> Requesting for the AHB bus...
2140415000 >> AHB granted, starting recovery...
2159615000 >> Recovery done, continuing...
2159965000 >> Requesting for the AHB bus...
2160540000 >> AHB granted, starting recovery...
2179740000 >> Recovery done, continuing...
2180090000 >> Requesting for the AHB bus...
2180665000 >> AHB granted, starting recovery...
2199865000 >> Recovery done, continuing...
2200215000 >> Requesting for the AHB bus...
2200790000 >> AHB granted, starting recovery...
2219990000 >> Recovery done, continuing...
2220340000 >> Requesting for the AHB bus...
2220915000 >> AHB granted, starting recovery...
2240115000 >> Recovery done, continuing...
2240465000 >> Requesting for the AHB bus...
2241040000 >> AHB granted, starting recovery...
2260240000 >> Recovery done, continuing...
2260590000 >> Requesting for the AHB bus...
2261165000 >> AHB granted, starting recovery...
2280365000 >> Recovery done, continuing...
2280715000 >> Requesting for the AHB bus...
2281290000 >> AHB granted, starting recovery...
2300490000 >> Recovery done, continuing...
2300840000 >> Requesting for the AHB bus...
2301415000 >> AHB granted, starting recovery...
2320615000 >> Recovery done, continuing...
2320965000 >> Requesting for the AHB bus...
2321540000 >> AHB granted, starting recovery...
2340740000 >> Recovery done, continuing...
2341090000 >> Requesting for the AHB bus...
2341665000 >> AHB granted, starting recovery...
2360865000 >> Recovery done, continuing...
2361215000 >> Requesting for the AHB bus...
2361790000 >> AHB granted, starting recovery...
2380990000 >> Recovery done, continuing...
2381340000 >> Requesting for the AHB bus...
2381915000 >> AHB granted, starting recovery...
2401115000 >> Recovery done, continuing...
2401465000 >> Requesting for the AHB bus...
2402040000 >> AHB granted, starting recovery...
2421240000 >> Recovery done, continuing...
2421590000 >> Requesting for the AHB bus...
2422165000 >> AHB granted, starting recovery...
2441365000 >> Recovery done, continuing...
2441715000 >> Requesting for the AHB bus...
2442290000 >> AHB granted, starting recovery...
2461490000 >> Recovery done, continuing...
2461840000 >> Requesting for the AHB bus...
2462415000 >> AHB granted, starting recovery...
2481615000 >> Recovery done, continuing...
2481965000 >> Requesting for the AHB bus...
2482540000 >> AHB granted, starting recovery...
2501740000 >> Recovery done, continuing...
2502090000 >> Requesting for the AHB bus...
2502665000 >> AHB granted, starting recovery...
2521865000 >> Recovery done, continuing...
2522390000 >> Requesting for the AHB bus...
2522965000 >> AHB granted, starting recovery...
2542165000 >> Recovery done, continuing...
2542515000 >> Requesting for the AHB bus...
2543090000 >> AHB granted, starting recovery...
2562290000 >> Recovery done, continuing...
2562640000 >> Requesting for the AHB bus...
2563215000 >> AHB granted, starting recovery...
2582415000 >> Recovery done, continuing...
2582765000 >> Requesting for the AHB bus...
2583340000 >> AHB granted, starting recovery...
2602540000 >> Recovery done, continuing...
2602890000 >> Requesting for the AHB bus...
2603465000 >> AHB granted, starting recovery...
2622665000 >> Recovery done, continuing...
2623015000 >> Requesting for the AHB bus...
2623590000 >> AHB granted, starting recovery...
2642790000 >> Recovery done, continuing...
2643140000 >> Requesting for the AHB bus...
2643715000 >> AHB granted, starting recovery...
2662915000 >> Recovery done, continuing...
2663265000 >> Requesting for the AHB bus...
2663840000 >> AHB granted, starting recovery...
2683040000 >> Recovery done, continuing...
2683390000 >> Requesting for the AHB bus...
2683965000 >> AHB granted, starting recovery...
2703165000 >> Recovery done, continuing...
2703515000 >> Requesting for the AHB bus...
2704090000 >> AHB granted, starting recovery...
2723290000 >> Recovery done, continuing...
2723640000 >> Requesting for the AHB bus...
2724215000 >> AHB granted, starting recovery...
2737215000 >> time limit reached...
/testbench/cpu/l3/u0/leon3x0/vhdl/p0/iu/r.w.wreg:1
/testbench/cpu/l3/u0/leon3x0/vhdl/p0/iu/r.m.irqen:1
/testbench/cpu/l3/u0/leon3x0/vhdl/p0/iu/r.m.icc:0000
/testbench/cpu/l3/u0/leon3x0/vhdl/p0/iu/r.a.ticc:0
/testbench/cpu/l3/u0/leon3x0/vhdl/p0/iu/r.a.step:0
/testbench/cpu/l3/u0/leon3x0/vhdl/p0/iu/r.m.irqen2:1
/testbench/cpu/l3/u0/leon3x0/vhdl/p0/iu/r.d.pc:01000000000000000000000111101100
/testbench/cpu/l3/u0/leon3x0/vhdl/p0/iu/r.d.rexpl:{{00000000000000000000000000000000} {00} {0} 0 0 {0000000000000000000} 0 0 0 0 0 0}
/testbench/cpu/l3/u0/leon3x0/vhdl/p0/iu/r.d.mexc:0
/testbench/cpu/l3/u0/leon3x0/vhdl/p0/iu/r.a.aw:0
/testbench/cpu/l3/u0/leon3x0/vhdl/p0/iu/r.e.ctrl:{{01000000000000000000000111101000} {11000010000001111010000001000100} {00} {10000001} {000000} 0 0 1 0 0 1 1 0 0}
/testbench/cpu/l3/u0/leon3x0/vhdl/p0/iu/r.a.divstart:0
/testbench/cpu/l3/u0/leon3x0/vhdl/p0/iu/r.e.shleft:0
/testbench/cpu/l3/u0/leon3x0/vhdl/p0/iu/r.a.bp:0
/testbench/cpu/l3/u0/leon3x0/vhdl/p0/iu/r.w.twcwp:000
/testbench/cpu/l3/u0/leon3x0/vhdl/p0/iu/r.a.jmpl:0
/testbench/cpu/l3/u0/leon3x0/vhdl/p0/iu/r.m.casa:0
/testbench/cpu/l3/u0/leon3x0/vhdl/p0/iu/r.m.werr:0
/testbench/cpu/l3/u0/leon3x0/vhdl/p0/iu/r.e.su:1
/testbench/cpu/l3/u0/leon3x0/vhdl/p0/iu/r.e.et:1
/testbench/cpu/l3/u0/leon3x0/vhdl/p0/iu/r.a.ldcheck1:1
/testbench/cpu/l3/u0/leon3x0/vhdl/p0/iu/r.d.stwin:000
/testbench/cpu/l3/u0/leon3x0/vhdl/p0/iu/r.a.ldcheck2:0
/testbench/cpu/l3/u0/leon3x0/vhdl/p0/iu/r.x.intack:0
/testbench/cpu/l3/u0/leon3x0/vhdl/p0/iu/r.m.ctrl:{{01000000000000000000000111100100} {11000010001001111011111111111100} {01} {10000001} {000001} 1 0 0 0 0 0 0 0 0}
/testbench/cpu/l3/u0/leon3x0/vhdl/p0/iu/r.a.cwp:101
/testbench/cpu/l3/u0/leon3x0/vhdl/p0/iu/r.e.sari:0
/testbench/cpu/l3/u0/leon3x0/vhdl/p0/iu/r.d.paw:0
/testbench/cpu/l3/u0/leon3x0/vhdl/p0/iu/r.d.aw:0
/testbench/cpu/l3/u0/leon3x0/vhdl/p0/iu/r.d.awp:000
/testbench/cpu/l3/u0/leon3x0/vhdl/p0/iu/r.x.ctrl:{{01000000000000000000000111100100} {11000010001001111011111111111100} {00} {10000001} {000000} 0 0 0 0 0 0 1 0 0}
/testbench/cpu/l3/u0/leon3x0/vhdl/p0/iu/r.m.rexnalign:0
/testbench/cpu/l3/u0/leon3x0/vhdl/p0/iu/r.m.su:1
/testbench/cpu/l3/u0/leon3x0/vhdl/p0/iu/r.m.wcwp:0
/testbench/cpu/l3/u0/leon3x0/vhdl/p0/iu/r.d.divrdy:0
/testbench/cpu/l3/u0/leon3x0/vhdl/p0/iu/r.e.cwp:101
/testbench/cpu/l3/u0/leon3x0/vhdl/p0/iu/r.w.except:0
/testbench/cpu/l3/u0/leon3x0/vhdl/p0/iu/r.x.nerror:0
/testbench/cpu/l3/u0/leon3x0/vhdl/p0/iu/r.a.bpimiss:0
/testbench/cpu/l3/u0/leon3x0/vhdl/p0/iu/r.a.nobp:0
/testbench/cpu/l3/u0/leon3x0/vhdl/p0/iu/r.d.rexcnt:0
/testbench/cpu/l3/u0/leon3x0/vhdl/p0/iu/r.w.s:{{101} {0000} {00000000} {01000000000000000000} {00000010} {0000} 0 0 1 1 1 {00000000000000000000000000000000} {UUUUUUUUUUUUUUUUUUUUUUUUUUUUUUUU} 1 0 0 1 1 1 0 0 {000} {000} {111}}
/testbench/cpu/l3/u0/leon3x0/vhdl/p0/iu/r.d.pv:1
/testbench/cpu/l3/u0/leon3x0/vhdl/p0/iu/r.a.ldchkra:1
/testbench/cpu/l3/u0/leon3x0/vhdl/p0/iu/r.a.rfa1:10000001
/testbench/cpu/l3/u0/leon3x0/vhdl/p0/iu/r.a.rfa2:10000001
/testbench/cpu/l3/u0/leon3x0/vhdl/p0/iu/r.a.imm:00000000000000000000000000000001
/testbench/cpu/l3/u0/leon3x0/vhdl/p0/iu/r.w.wa:10000001
/testbench/cpu/l3/u0/leon3x0/vhdl/p0/iu/r.m.casaz:0
/testbench/cpu/l3/u0/leon3x0/vhdl/p0/iu/r.x.dci:{0 1 0 0 0 0 {10} {00001011}}
/testbench/cpu/l3/u0/leon3x0/vhdl/p0/iu/r.x.mac:0
/testbench/cpu/l3/u0/leon3x0/vhdl/p0/iu/r.m.divz:0
/testbench/cpu/l3/u0/leon3x0/vhdl/p0/iu/r.d.inst:{{10000010000000000110000000000001}}
/testbench/cpu/l3/u0/leon3x0/vhdl/p0/iu/r.e.rfe1:1
/testbench/cpu/l3/u0/leon3x0/vhdl/p0/iu/r.a.wovf:0
/testbench/cpu/l3/u0/leon3x0/vhdl/p0/iu/r.e.rfe2:0
/testbench/cpu/l3/u0/leon3x0/vhdl/p0/iu/r.e.op1:01000000000011111111111010011000
/testbench/cpu/l3/u0/leon3x0/vhdl/p0/iu/r.m.nalign:1
/testbench/cpu/l3/u0/leon3x0/vhdl/p0/iu/r.e.op2:00000000000000000000000001000100
/testbench/cpu/l3/u0/leon3x0/vhdl/p0/iu/r.d.rexen:0
/testbench/cpu/l3/u0/leon3x0/vhdl/p0/iu/r.a.ctrl:{{01000000000000000000000111101100} {10000010000000000110000000000001} {00} {10000001} {000000} 0 1 0 0 0 0 0 0 0}
/testbench/cpu/l3/u0/leon3x0/vhdl/p0/iu/r.x.ipend:0
/testbench/cpu/l3/u0/leon3x0/vhdl/p0/iu/r.e.ldbp1:0
/testbench/cpu/l3/u0/leon3x0/vhdl/p0/iu/r.e.aluadd:1
/testbench/cpu/l3/u0/leon3x0/vhdl/p0/iu/r.d.set:0
/testbench/cpu/l3/u0/leon3x0/vhdl/p0/iu/r.d.inull:0
/testbench/cpu/l3/u0/leon3x0/vhdl/p0/iu/r.e.ldbp2:0
/testbench/cpu/l3/u0/leon3x0/vhdl/p0/iu/r.d.cnt:00
/testbench/cpu/l3/u0/leon3x0/vhdl/p0/iu/r.a.su:1
/testbench/cpu/l3/u0/leon3x0/vhdl/p0/iu/r.a.et:1
/testbench/cpu/l3/u0/leon3x0/vhdl/p0/iu/r.e.mul:0
/testbench/cpu/l3/u0/leon3x0/vhdl/p0/iu/r.e.alusel:00
/testbench/cpu/l3/u0/leon3x0/vhdl/p0/iu/r.e.aw:U
/testbench/cpu/l3/u0/leon3x0/vhdl/p0/iu/r.e.mac:0
/testbench/cpu/l3/u0/leon3x0/vhdl/p0/iu/r.a.decill:0
/testbench/cpu/l3/u0/leon3x0/vhdl/p0/iu/r.x.icc:0000
/testbench/cpu/l3/u0/leon3x0/vhdl/p0/iu/r.x.result:01000000000011111111111010010100
/testbench/cpu/l3/u0/leon3x0/vhdl/p0/iu/r.e.bp:0
/testbench/cpu/l3/u0/leon3x0/vhdl/p0/iu/r.a.rs1:00001
/testbench/cpu/l3/u0/leon3x0/vhdl/p0/iu/r.e.jmpl:0
/testbench/cpu/l3/u0/leon3x0/vhdl/p0/iu/r.a.rsel1:001
/testbench/cpu/l3/u0/leon3x0/vhdl/p0/iu/r.x.y:00000000000000000000000000000000
/testbench/cpu/l3/u0/leon3x0/vhdl/p0/iu/r.a.rsel2:100
/testbench/cpu/l3/u0/leon3x0/vhdl/p0/iu/r.a.awp:000
/testbench/cpu/l3/u0/leon3x0/vhdl/p0/iu/r.a.paw:0
/testbench/cpu/l3/u0/leon3x0/vhdl/p0/iu/r.x.data:{{00000000000000000000000001000001}}
/testbench/cpu/l3/u0/leon3x0/vhdl/p0/iu/r.m.mul:0
/testbench/cpu/l3/u0/leon3x0/vhdl/p0/iu/r.e.rd:UUUUU
/testbench/cpu/l3/u0/leon3x0/vhdl/p0/iu/r.e.invop2:0
/testbench/cpu/l3/u0/leon3x0/vhdl/p0/iu/r.m.wawp:0
/testbench/cpu/l3/u0/leon3x0/vhdl/p0/iu/r.d.cwpmax:111
/testbench/cpu/l3/u0/leon3x0/vhdl/p0/iu/r.f.branch:0
/testbench/cpu/l3/u0/leon3x0/vhdl/p0/iu/r.d.pcheld:1
/testbench/cpu/l3/u0/leon3x0/vhdl/p0/iu/r.m.dci:{0 0 0 0 0 0 {10} {00001011}}
/testbench/cpu/l3/u0/leon3x0/vhdl/p0/iu/r.e.paw:U
/testbench/cpu/l3/u0/leon3x0/vhdl/p0/iu/r.e.awp:UUU
/testbench/cpu/l3/u0/leon3x0/vhdl/p0/iu/r.e.shcnt:00100
/testbench/cpu/l3/u0/leon3x0/vhdl/p0/iu/r.w.result:00000000000000000000000001110110
/testbench/cpu/l3/u0/leon3x0/vhdl/p0/iu/r.m.mac:0
/testbench/cpu/l3/u0/leon3x0/vhdl/p0/iu/r.m.y:00000000000000000000000000000000
/testbench/cpu/l3/u0/leon3x0/vhdl/p0/iu/r.d.cwp:101
/testbench/cpu/l3/u0/leon3x0/vhdl/p0/iu/r.x.laddr:00
/testbench/cpu/l3/u0/leon3x0/vhdl/p0/iu/r.e.mulstep:0
/testbench/cpu/l3/u0/leon3x0/vhdl/p0/iu/r.e.ymsb:0
/testbench/cpu/l3/u0/leon3x0/vhdl/p0/iu/r.d.rexbuf:00000000000000000000000000000000
/testbench/cpu/l3/u0/leon3x0/vhdl/p0/iu/r.x.npc:100
/testbench/cpu/l3/u0/leon3x0/vhdl/p0/iu/r.f.pc:01000000000000000000000111110000
/testbench/cpu/l3/u0/leon3x0/vhdl/p0/iu/r.d.annul:0
/testbench/cpu/l3/u0/leon3x0/vhdl/p0/iu/r.x.rstate:run
/testbench/cpu/l3/u0/leon3x0/vhdl/p0/iu/r.x.set:0
/testbench/cpu/l3/u0/leon3x0/vhdl/p0/iu/r.m.result:00000000000000000000000001110110
/testbench/cpu/l3/u0/leon3x0/vhdl/p0/iu/r.e.icc:UUUU
/testbench/cpu/l3/u0/leon3x0/vhdl/p0/iu/r.a.getpc:0
/testbench/cpu/l3/u0/leon3x0/vhdl/p0/iu/r.a.ldchkex:1
/testbench/cpu/l3/u0/leon3x0/vhdl/p0/iu/r.x.mexc:0
/testbench/cpu/l3/u0/leon3x0/vhdl/p0/iu/r.a.mulstart:0
/testbench/cpu/l3/u0/leon3x0/vhdl/p0/iu/r.d.rexpos:10
/testbench/cpu/l3/u0/leon3x0/vhdl/p0/iu/r.x.annul_all:0
/testbench/cpu/l3/u0/leon3x0/vhdl/p0/iu/r.e.aluop:000
/testbench/cpu/l3/u0/leon3x0/vhdl/p0/iu/r.x.debug:0
/testbench/cpu/l3/u0/leon3x0/vhdl/p0/iu/r.a.rfe1:0
/testbench/cpu/l3/u0/leon3x0/vhdl/p0/iu/r.d.step:0
/testbench/cpu/l3/u0/leon3x0/vhdl/p0/iu/r.a.rfe2:0
/testbench/cpu/l3/u0/leon3x0/vhdl/p0/iu/r.e.alucin:0
/testbench/cpu/l3/u0/leon3x0/vhdl/p0/iu/r.a.wunf:0
compare to golden: 1
======================================
progstatus: -2
execerr: 43
latent: 1
time limit!
>>>>>>>>>>>>>>> 2737215000
======================================
