Test signal = /testbench/cpu/l3/u0/leon3x0/vhdl/p0/iu/r.m.wcwp
oldval = 0
pos1: -1 pos0: 0 posU: -1
newval = 1
force in 1073960
584315000 >> iteration no: 0
994990000 >> iteration no: 1
1405665000 >> iteration no: 2
Signal value: 0
oldval = 0
pos1: -1 pos0: 0 posU: -1
newval = 1
1654340000 >> Requesting for the AHB bus...
1655040000 >> Requesting for the AHB bus...
1655440000 >> AHB granted, starting recovery...
1674640000 >> Recovery done, continuing...
1674690000 >> Requesting for the AHB bus...
1675340000 >> Requesting for the AHB bus...
1675740000 >> AHB granted, starting recovery...
1694940000 >> Recovery done, continuing...
1694990000 >> Requesting for the AHB bus...
1695640000 >> Requesting for the AHB bus...
1696040000 >> AHB granted, starting recovery...
1715240000 >> Recovery done, continuing...
1715290000 >> Requesting for the AHB bus...
1716115000 >> Requesting for the AHB bus...
1716515000 >> AHB granted, starting recovery...
1735715000 >> Recovery done, continuing...
1735765000 >> Requesting for the AHB bus...
1736415000 >> Requesting for the AHB bus...
1736815000 >> AHB granted, starting recovery...
1756015000 >> Recovery done, continuing...
1756065000 >> Requesting for the AHB bus...
1756715000 >> Requesting for the AHB bus...
1757115000 >> AHB granted, starting recovery...
1776315000 >> Recovery done, continuing...
1776365000 >> Requesting for the AHB bus...
1777015000 >> Requesting for the AHB bus...
1777415000 >> AHB granted, starting recovery...
1796615000 >> Recovery done, continuing...
1796665000 >> Requesting for the AHB bus...
1797315000 >> Requesting for the AHB bus...
1797715000 >> AHB granted, starting recovery...
1816915000 >> Recovery done, continuing...
1816965000 >> Requesting for the AHB bus...
1817615000 >> Requesting for the AHB bus...
1818015000 >> AHB granted, starting recovery...
1837215000 >> Recovery done, continuing...
1837265000 >> Requesting for the AHB bus...
1837940000 >> Requesting for the AHB bus...
1838340000 >> AHB granted, starting recovery...
1857540000 >> Recovery done, continuing...
1857590000 >> Requesting for the AHB bus...
1858240000 >> Requesting for the AHB bus...
1858640000 >> AHB granted, starting recovery...
1877840000 >> Recovery done, continuing...
1877890000 >> Requesting for the AHB bus...
1878540000 >> Requesting for the AHB bus...
1878940000 >> AHB granted, starting recovery...
1898140000 >> Recovery done, continuing...
1898190000 >> Requesting for the AHB bus...
1898840000 >> Requesting for the AHB bus...
1899240000 >> AHB granted, starting recovery...
1918440000 >> Recovery done, continuing...
1918490000 >> Requesting for the AHB bus...
1919140000 >> Requesting for the AHB bus...
1919540000 >> AHB granted, starting recovery...
1938740000 >> Recovery done, continuing...
1938790000 >> Requesting for the AHB bus...
1939440000 >> Requesting for the AHB bus...
1939840000 >> AHB granted, starting recovery...
1959040000 >> Recovery done, continuing...
1959090000 >> Requesting for the AHB bus...
1959740000 >> Requesting for the AHB bus...
1960140000 >> AHB granted, starting recovery...
1979340000 >> Recovery done, continuing...
1979390000 >> Requesting for the AHB bus...
1980040000 >> Requesting for the AHB bus...
1980440000 >> AHB granted, starting recovery...
1999640000 >> Recovery done, continuing...
1999690000 >> Requesting for the AHB bus...
2000340000 >> Requesting for the AHB bus...
2000740000 >> AHB granted, starting recovery...
2019940000 >> Recovery done, continuing...
2019990000 >> Requesting for the AHB bus...
2020640000 >> Requesting for the AHB bus...
2021040000 >> AHB granted, starting recovery...
2040240000 >> Recovery done, continuing...
2040290000 >> Requesting for the AHB bus...
2040940000 >> Requesting for the AHB bus...
2041340000 >> AHB granted, starting recovery...
2060540000 >> Recovery done, continuing...
2060590000 >> Requesting for the AHB bus...
2061240000 >> Requesting for the AHB bus...
2061640000 >> AHB granted, starting recovery...
2080840000 >> Recovery done, continuing...
2080890000 >> Requesting for the AHB bus...
2081540000 >> Requesting for the AHB bus...
2081940000 >> AHB granted, starting recovery...
2101140000 >> Recovery done, continuing...
2101190000 >> Requesting for the AHB bus...
2101840000 >> Requesting for the AHB bus...
2102240000 >> AHB granted, starting recovery...
2121440000 >> Recovery done, continuing...
2121490000 >> Requesting for the AHB bus...
2122140000 >> Requesting for the AHB bus...
2122540000 >> AHB granted, starting recovery...
2141740000 >> Recovery done, continuing...
2141790000 >> Requesting for the AHB bus...
2142440000 >> Requesting for the AHB bus...
2142840000 >> AHB granted, starting recovery...
2162040000 >> Recovery done, continuing...
2162090000 >> Requesting for the AHB bus...
2162740000 >> Requesting for the AHB bus...
2163140000 >> AHB granted, starting recovery...
2182340000 >> Recovery done, continuing...
2182390000 >> Requesting for the AHB bus...
2183215000 >> Requesting for the AHB bus...
2183615000 >> AHB granted, starting recovery...
2202815000 >> Recovery done, continuing...
2202865000 >> Requesting for the AHB bus...
2203515000 >> Requesting for the AHB bus...
2203915000 >> AHB granted, starting recovery...
2223115000 >> Recovery done, continuing...
2223165000 >> Requesting for the AHB bus...
2223815000 >> Requesting for the AHB bus...
2224215000 >> AHB granted, starting recovery...
2243415000 >> Recovery done, continuing...
2243465000 >> Requesting for the AHB bus...
2244115000 >> Requesting for the AHB bus...
2244515000 >> AHB granted, starting recovery...
2263715000 >> Recovery done, continuing...
2263765000 >> Requesting for the AHB bus...
2264415000 >> Requesting for the AHB bus...
2264815000 >> AHB granted, starting recovery...
2284015000 >> Recovery done, continuing...
2284065000 >> Requesting for the AHB bus...
2284715000 >> Requesting for the AHB bus...
2285115000 >> AHB granted, starting recovery...
2304315000 >> Recovery done, continuing...
2304365000 >> Requesting for the AHB bus...
2305140000 >> Requesting for the AHB bus...
2305540000 >> AHB granted, starting recovery...
2324740000 >> Recovery done, continuing...
2324790000 >> Requesting for the AHB bus...
2325440000 >> Requesting for the AHB bus...
2325840000 >> AHB granted, starting recovery...
2345040000 >> Recovery done, continuing...
2345090000 >> Requesting for the AHB bus...
2345740000 >> Requesting for the AHB bus...
2346140000 >> AHB granted, starting recovery...
2365340000 >> Recovery done, continuing...
2365390000 >> Requesting for the AHB bus...
2366040000 >> Requesting for the AHB bus...
2366440000 >> AHB granted, starting recovery...
2385640000 >> Recovery done, continuing...
2385690000 >> Requesting for the AHB bus...
2386340000 >> Requesting for the AHB bus...
2386740000 >> AHB granted, starting recovery...
2405940000 >> Recovery done, continuing...
2405990000 >> Requesting for the AHB bus...
2406640000 >> Requesting for the AHB bus...
2407040000 >> AHB granted, starting recovery...
2426240000 >> Recovery done, continuing...
2426290000 >> Requesting for the AHB bus...
2426940000 >> Requesting for the AHB bus...
2427340000 >> AHB granted, starting recovery...
2446540000 >> Recovery done, continuing...
2446590000 >> Requesting for the AHB bus...
2447240000 >> Requesting for the AHB bus...
2447640000 >> AHB granted, starting recovery...
2466840000 >> Recovery done, continuing...
2466890000 >> Requesting for the AHB bus...
2467540000 >> Requesting for the AHB bus...
2467940000 >> AHB granted, starting recovery...
2487140000 >> Recovery done, continuing...
2487190000 >> Requesting for the AHB bus...
2487840000 >> Requesting for the AHB bus...
2488240000 >> AHB granted, starting recovery...
2507440000 >> Recovery done, continuing...
2507490000 >> Requesting for the AHB bus...
2508140000 >> Requesting for the AHB bus...
2508540000 >> AHB granted, starting recovery...
2527740000 >> Recovery done, continuing...
2527790000 >> Requesting for the AHB bus...
2528440000 >> Requesting for the AHB bus...
2528840000 >> AHB granted, starting recovery...
2548040000 >> Recovery done, continuing...
2548090000 >> Requesting for the AHB bus...
2548740000 >> Requesting for the AHB bus...
2549140000 >> AHB granted, starting recovery...
2568340000 >> Recovery done, continuing...
2568390000 >> Requesting for the AHB bus...
2569040000 >> Requesting for the AHB bus...
2569440000 >> AHB granted, starting recovery...
2588640000 >> Recovery done, continuing...
2588690000 >> Requesting for the AHB bus...
2589340000 >> Requesting for the AHB bus...
2589740000 >> AHB granted, starting recovery...
2608940000 >> Recovery done, continuing...
2608990000 >> Requesting for the AHB bus...
2609640000 >> Requesting for the AHB bus...
2610040000 >> AHB granted, starting recovery...
2629240000 >> Recovery done, continuing...
2629290000 >> Requesting for the AHB bus...
2629940000 >> Requesting for the AHB bus...
2630340000 >> AHB granted, starting recovery...
2649540000 >> Recovery done, continuing...
2649590000 >> Requesting for the AHB bus...
2650415000 >> Requesting for the AHB bus...
2650815000 >> AHB granted, starting recovery...
2670015000 >> Recovery done, continuing...
2670065000 >> Requesting for the AHB bus...
2670715000 >> Requesting for the AHB bus...
2671115000 >> AHB granted, starting recovery...
2690315000 >> Recovery done, continuing...
2690365000 >> Requesting for the AHB bus...
2691015000 >> Requesting for the AHB bus...
2691415000 >> AHB granted, starting recovery...
2710615000 >> Recovery done, continuing...
2710665000 >> Requesting for the AHB bus...
2711315000 >> Requesting for the AHB bus...
2711715000 >> AHB granted, starting recovery...
2730915000 >> Recovery done, continuing...
2730965000 >> Requesting for the AHB bus...
2731615000 >> Requesting for the AHB bus...
2732015000 >> AHB granted, starting recovery...
2737215000 >> time limit reached...
/testbench/cpu/l3/u0/leon3x0/vhdl/p0/iu/r.w.wreg:1
/testbench/cpu/l3/u0/leon3x0/vhdl/p0/iu/r.m.irqen:1
/testbench/cpu/l3/u0/leon3x0/vhdl/p0/iu/r.m.icc:0000
/testbench/cpu/l3/u0/leon3x0/vhdl/p0/iu/r.a.ticc:0
/testbench/cpu/l3/u0/leon3x0/vhdl/p0/iu/r.a.step:0
/testbench/cpu/l3/u0/leon3x0/vhdl/p0/iu/r.m.irqen2:1
/testbench/cpu/l3/u0/leon3x0/vhdl/p0/iu/r.d.pc:01000000000000000000000111101100
/testbench/cpu/l3/u0/leon3x0/vhdl/p0/iu/r.d.rexpl:{{00000000000000000000000000000000} {00} {0} 0 0 {0000000000000000000} 0 0 0 0 0 0}
/testbench/cpu/l3/u0/leon3x0/vhdl/p0/iu/r.d.mexc:0
/testbench/cpu/l3/u0/leon3x0/vhdl/p0/iu/r.a.aw:0
/testbench/cpu/l3/u0/leon3x0/vhdl/p0/iu/r.e.ctrl:{{01000000000000000000000111101000} {11000010000001111010000001000100} {00} {10000001} {000000} 0 0 1 0 0 1 1 0 0}
/testbench/cpu/l3/u0/leon3x0/vhdl/p0/iu/r.a.divstart:0
/testbench/cpu/l3/u0/leon3x0/vhdl/p0/iu/r.e.shleft:0
/testbench/cpu/l3/u0/leon3x0/vhdl/p0/iu/r.a.bp:0
/testbench/cpu/l3/u0/leon3x0/vhdl/p0/iu/r.w.twcwp:000
/testbench/cpu/l3/u0/leon3x0/vhdl/p0/iu/r.a.jmpl:0
/testbench/cpu/l3/u0/leon3x0/vhdl/p0/iu/r.m.casa:0
/testbench/cpu/l3/u0/leon3x0/vhdl/p0/iu/r.m.werr:0
/testbench/cpu/l3/u0/leon3x0/vhdl/p0/iu/r.e.su:1
/testbench/cpu/l3/u0/leon3x0/vhdl/p0/iu/r.e.et:1
/testbench/cpu/l3/u0/leon3x0/vhdl/p0/iu/r.a.ldcheck1:1
/testbench/cpu/l3/u0/leon3x0/vhdl/p0/iu/r.d.stwin:000
/testbench/cpu/l3/u0/leon3x0/vhdl/p0/iu/r.a.ldcheck2:0
/testbench/cpu/l3/u0/leon3x0/vhdl/p0/iu/r.x.intack:0
/testbench/cpu/l3/u0/leon3x0/vhdl/p0/iu/r.m.ctrl:{{01000000000000000000000111100100} {11000010001001111011111111111100} {01} {10000001} {000000} 0 0 0 0 0 0 0 0 0}
/testbench/cpu/l3/u0/leon3x0/vhdl/p0/iu/r.a.cwp:100
/testbench/cpu/l3/u0/leon3x0/vhdl/p0/iu/r.e.sari:0
/testbench/cpu/l3/u0/leon3x0/vhdl/p0/iu/r.d.paw:0
/testbench/cpu/l3/u0/leon3x0/vhdl/p0/iu/r.d.aw:0
/testbench/cpu/l3/u0/leon3x0/vhdl/p0/iu/r.d.awp:000
/testbench/cpu/l3/u0/leon3x0/vhdl/p0/iu/r.x.ctrl:{{01000000000000000000000111100100} {11000010001001111011111111111100} {00} {10000001} {000000} 0 0 0 0 0 0 1 0 0}
/testbench/cpu/l3/u0/leon3x0/vhdl/p0/iu/r.m.rexnalign:0
/testbench/cpu/l3/u0/leon3x0/vhdl/p0/iu/r.m.su:1
/testbench/cpu/l3/u0/leon3x0/vhdl/p0/iu/r.m.wcwp:0
/testbench/cpu/l3/u0/leon3x0/vhdl/p0/iu/r.d.divrdy:0
/testbench/cpu/l3/u0/leon3x0/vhdl/p0/iu/r.e.cwp:100
/testbench/cpu/l3/u0/leon3x0/vhdl/p0/iu/r.w.except:0
/testbench/cpu/l3/u0/leon3x0/vhdl/p0/iu/r.x.nerror:0
/testbench/cpu/l3/u0/leon3x0/vhdl/p0/iu/r.a.bpimiss:0
/testbench/cpu/l3/u0/leon3x0/vhdl/p0/iu/r.a.nobp:0
/testbench/cpu/l3/u0/leon3x0/vhdl/p0/iu/r.d.rexcnt:0
/testbench/cpu/l3/u0/leon3x0/vhdl/p0/iu/r.w.s:{{101} {0000} {00000000} {01000000000000000000} {00000010} {0000} 0 0 1 1 1 {00000000000000000000000000000000} {UUUUUUUUUUUUUUUUUUUUUUUUUUUUUUUU} 1 0 0 1 1 1 0 0 {000} {000} {111}}
/testbench/cpu/l3/u0/leon3x0/vhdl/p0/iu/r.d.pv:1
/testbench/cpu/l3/u0/leon3x0/vhdl/p0/iu/r.a.ldchkra:1
/testbench/cpu/l3/u0/leon3x0/vhdl/p0/iu/r.a.rfa1:10000001
/testbench/cpu/l3/u0/leon3x0/vhdl/p0/iu/r.a.rfa2:10000001
/testbench/cpu/l3/u0/leon3x0/vhdl/p0/iu/r.a.imm:00000000000000000000000000000001
/testbench/cpu/l3/u0/leon3x0/vhdl/p0/iu/r.w.wa:10000001
/testbench/cpu/l3/u0/leon3x0/vhdl/p0/iu/r.m.casaz:0
/testbench/cpu/l3/u0/leon3x0/vhdl/p0/iu/r.x.dci:{0 1 0 0 0 0 {10} {00001011}}
/testbench/cpu/l3/u0/leon3x0/vhdl/p0/iu/r.x.mac:0
/testbench/cpu/l3/u0/leon3x0/vhdl/p0/iu/r.m.divz:0
/testbench/cpu/l3/u0/leon3x0/vhdl/p0/iu/r.d.inst:{{10000010000000000110000000000001}}
/testbench/cpu/l3/u0/leon3x0/vhdl/p0/iu/r.e.rfe1:1
/testbench/cpu/l3/u0/leon3x0/vhdl/p0/iu/r.a.wovf:0
/testbench/cpu/l3/u0/leon3x0/vhdl/p0/iu/r.e.rfe2:0
/testbench/cpu/l3/u0/leon3x0/vhdl/p0/iu/r.e.op1:01000000000011111111111000110000
/testbench/cpu/l3/u0/leon3x0/vhdl/p0/iu/r.m.nalign:1
/testbench/cpu/l3/u0/leon3x0/vhdl/p0/iu/r.e.op2:00000000000000000000000001000100
/testbench/cpu/l3/u0/leon3x0/vhdl/p0/iu/r.d.rexen:0
/testbench/cpu/l3/u0/leon3x0/vhdl/p0/iu/r.a.ctrl:{{01000000000000000000000111101100} {10000010000000000110000000000001} {00} {10000001} {000000} 0 1 0 0 0 0 0 0 0}
/testbench/cpu/l3/u0/leon3x0/vhdl/p0/iu/r.x.ipend:0
/testbench/cpu/l3/u0/leon3x0/vhdl/p0/iu/r.e.ldbp1:0
/testbench/cpu/l3/u0/leon3x0/vhdl/p0/iu/r.e.aluadd:1
/testbench/cpu/l3/u0/leon3x0/vhdl/p0/iu/r.d.set:0
/testbench/cpu/l3/u0/leon3x0/vhdl/p0/iu/r.d.inull:0
/testbench/cpu/l3/u0/leon3x0/vhdl/p0/iu/r.e.ldbp2:0
/testbench/cpu/l3/u0/leon3x0/vhdl/p0/iu/r.d.cnt:00
/testbench/cpu/l3/u0/leon3x0/vhdl/p0/iu/r.a.su:1
/testbench/cpu/l3/u0/leon3x0/vhdl/p0/iu/r.a.et:1
/testbench/cpu/l3/u0/leon3x0/vhdl/p0/iu/r.e.mul:0
/testbench/cpu/l3/u0/leon3x0/vhdl/p0/iu/r.e.alusel:00
/testbench/cpu/l3/u0/leon3x0/vhdl/p0/iu/r.e.aw:U
/testbench/cpu/l3/u0/leon3x0/vhdl/p0/iu/r.e.mac:0
/testbench/cpu/l3/u0/leon3x0/vhdl/p0/iu/r.a.decill:0
/testbench/cpu/l3/u0/leon3x0/vhdl/p0/iu/r.x.icc:0000
/testbench/cpu/l3/u0/leon3x0/vhdl/p0/iu/r.x.result:01000000000011111111111010010100
/testbench/cpu/l3/u0/leon3x0/vhdl/p0/iu/r.e.bp:0
/testbench/cpu/l3/u0/leon3x0/vhdl/p0/iu/r.a.rs1:00001
/testbench/cpu/l3/u0/leon3x0/vhdl/p0/iu/r.e.jmpl:0
/testbench/cpu/l3/u0/leon3x0/vhdl/p0/iu/r.a.rsel1:001
/testbench/cpu/l3/u0/leon3x0/vhdl/p0/iu/r.x.y:00000000000000000000000000000000
/testbench/cpu/l3/u0/leon3x0/vhdl/p0/iu/r.a.rsel2:100
/testbench/cpu/l3/u0/leon3x0/vhdl/p0/iu/r.a.awp:000
/testbench/cpu/l3/u0/leon3x0/vhdl/p0/iu/r.a.paw:0
/testbench/cpu/l3/u0/leon3x0/vhdl/p0/iu/r.x.data:{{00000000000000000000000000011010}}
/testbench/cpu/l3/u0/leon3x0/vhdl/p0/iu/r.m.mul:0
/testbench/cpu/l3/u0/leon3x0/vhdl/p0/iu/r.e.rd:UUUUU
/testbench/cpu/l3/u0/leon3x0/vhdl/p0/iu/r.e.invop2:0
/testbench/cpu/l3/u0/leon3x0/vhdl/p0/iu/r.m.wawp:0
/testbench/cpu/l3/u0/leon3x0/vhdl/p0/iu/r.d.cwpmax:111
/testbench/cpu/l3/u0/leon3x0/vhdl/p0/iu/r.f.branch:0
/testbench/cpu/l3/u0/leon3x0/vhdl/p0/iu/r.d.pcheld:1
/testbench/cpu/l3/u0/leon3x0/vhdl/p0/iu/r.m.dci:{0 0 0 1 0 0 {10} {00001011}}
/testbench/cpu/l3/u0/leon3x0/vhdl/p0/iu/r.e.paw:U
/testbench/cpu/l3/u0/leon3x0/vhdl/p0/iu/r.e.awp:UUU
/testbench/cpu/l3/u0/leon3x0/vhdl/p0/iu/r.e.shcnt:00100
/testbench/cpu/l3/u0/leon3x0/vhdl/p0/iu/r.w.result:00000000000000000000000001001101
/testbench/cpu/l3/u0/leon3x0/vhdl/p0/iu/r.m.mac:0
/testbench/cpu/l3/u0/leon3x0/vhdl/p0/iu/r.m.y:00000000000000000000000000000000
/testbench/cpu/l3/u0/leon3x0/vhdl/p0/iu/r.d.cwp:100
/testbench/cpu/l3/u0/leon3x0/vhdl/p0/iu/r.x.laddr:00
/testbench/cpu/l3/u0/leon3x0/vhdl/p0/iu/r.e.mulstep:0
/testbench/cpu/l3/u0/leon3x0/vhdl/p0/iu/r.e.ymsb:0
/testbench/cpu/l3/u0/leon3x0/vhdl/p0/iu/r.d.rexbuf:00000000000000000000000000000000
/testbench/cpu/l3/u0/leon3x0/vhdl/p0/iu/r.x.npc:100
/testbench/cpu/l3/u0/leon3x0/vhdl/p0/iu/r.f.pc:01000000000000000000000111110000
/testbench/cpu/l3/u0/leon3x0/vhdl/p0/iu/r.d.annul:0
/testbench/cpu/l3/u0/leon3x0/vhdl/p0/iu/r.x.rstate:run
/testbench/cpu/l3/u0/leon3x0/vhdl/p0/iu/r.x.set:0
/testbench/cpu/l3/u0/leon3x0/vhdl/p0/iu/r.m.result:00000000000000000000000001001101
/testbench/cpu/l3/u0/leon3x0/vhdl/p0/iu/r.e.icc:UUUU
/testbench/cpu/l3/u0/leon3x0/vhdl/p0/iu/r.a.getpc:0
/testbench/cpu/l3/u0/leon3x0/vhdl/p0/iu/r.a.ldchkex:1
/testbench/cpu/l3/u0/leon3x0/vhdl/p0/iu/r.x.mexc:0
/testbench/cpu/l3/u0/leon3x0/vhdl/p0/iu/r.a.mulstart:0
/testbench/cpu/l3/u0/leon3x0/vhdl/p0/iu/r.d.rexpos:10
/testbench/cpu/l3/u0/leon3x0/vhdl/p0/iu/r.x.annul_all:0
/testbench/cpu/l3/u0/leon3x0/vhdl/p0/iu/r.e.aluop:000
/testbench/cpu/l3/u0/leon3x0/vhdl/p0/iu/r.x.debug:0
/testbench/cpu/l3/u0/leon3x0/vhdl/p0/iu/r.a.rfe1:0
/testbench/cpu/l3/u0/leon3x0/vhdl/p0/iu/r.d.step:0
/testbench/cpu/l3/u0/leon3x0/vhdl/p0/iu/r.a.rfe2:0
/testbench/cpu/l3/u0/leon3x0/vhdl/p0/iu/r.e.alucin:0
/testbench/cpu/l3/u0/leon3x0/vhdl/p0/iu/r.a.wunf:0
compare to golden: 1
======================================
progstatus: -2
execerr: 54
latent: 1
time limit!
>>>>>>>>>>>>>>> 2737215000
======================================
