Test signal = /testbench/cpu/l3/u0/leon3x0/vhdl/p0/iu/r.d.cwp
oldval = 111
pos1: 2 pos0: -1 posU: -1
newval = 110
force in 1213404
584315000 >> iteration no: 0
994990000 >> iteration no: 1
1405665000 >> iteration no: 2
Signal value: 101
oldval = 101
pos1: 2 pos0: 1 posU: -1
newval = 100
1793265000 >> Requesting for the AHB bus...
1793965000 >> Requesting for the AHB bus...
1794365000 >> AHB granted, starting recovery...
1813565000 >> Recovery done, continuing...
1813615000 >> Requesting for the AHB bus...
1814265000 >> Requesting for the AHB bus...
1814665000 >> AHB granted, starting recovery...
1833865000 >> Recovery done, continuing...
1833915000 >> Requesting for the AHB bus...
1834565000 >> Requesting for the AHB bus...
1834965000 >> AHB granted, starting recovery...
1854165000 >> Recovery done, continuing...
1854215000 >> Requesting for the AHB bus...
1854865000 >> Requesting for the AHB bus...
1855265000 >> AHB granted, starting recovery...
1874465000 >> Recovery done, continuing...
1874515000 >> Requesting for the AHB bus...
1875165000 >> Requesting for the AHB bus...
1875565000 >> AHB granted, starting recovery...
1894765000 >> Recovery done, continuing...
1894815000 >> Requesting for the AHB bus...
1895540000 >> Requesting for the AHB bus...
1895940000 >> AHB granted, starting recovery...
1915140000 >> Recovery done, continuing...
1915190000 >> Requesting for the AHB bus...
1915840000 >> Requesting for the AHB bus...
1916240000 >> AHB granted, starting recovery...
1935440000 >> Recovery done, continuing...
1935490000 >> Requesting for the AHB bus...
1936140000 >> Requesting for the AHB bus...
1936540000 >> AHB granted, starting recovery...
1955740000 >> Recovery done, continuing...
1955790000 >> Requesting for the AHB bus...
1956440000 >> Requesting for the AHB bus...
1956840000 >> AHB granted, starting recovery...
1976040000 >> Recovery done, continuing...
1976090000 >> Requesting for the AHB bus...
1976740000 >> Requesting for the AHB bus...
1977140000 >> AHB granted, starting recovery...
1996340000 >> Recovery done, continuing...
1996390000 >> Requesting for the AHB bus...
1997040000 >> Requesting for the AHB bus...
1997440000 >> AHB granted, starting recovery...
2016640000 >> Recovery done, continuing...
2016690000 >> Requesting for the AHB bus...
2017340000 >> Requesting for the AHB bus...
2017740000 >> AHB granted, starting recovery...
2036940000 >> Recovery done, continuing...
2036990000 >> Requesting for the AHB bus...
2037640000 >> Requesting for the AHB bus...
2038040000 >> AHB granted, starting recovery...
2057240000 >> Recovery done, continuing...
2057290000 >> Requesting for the AHB bus...
2057940000 >> Requesting for the AHB bus...
2058340000 >> AHB granted, starting recovery...
2077540000 >> Recovery done, continuing...
2077590000 >> Requesting for the AHB bus...
2078240000 >> Requesting for the AHB bus...
2078640000 >> AHB granted, starting recovery...
2097840000 >> Recovery done, continuing...
2097890000 >> Requesting for the AHB bus...
2098540000 >> Requesting for the AHB bus...
2098940000 >> AHB granted, starting recovery...
2118140000 >> Recovery done, continuing...
2118190000 >> Requesting for the AHB bus...
2118840000 >> Requesting for the AHB bus...
2119240000 >> AHB granted, starting recovery...
2138440000 >> Recovery done, continuing...
2138490000 >> Requesting for the AHB bus...
2139140000 >> Requesting for the AHB bus...
2139540000 >> AHB granted, starting recovery...
2158740000 >> Recovery done, continuing...
2158790000 >> Requesting for the AHB bus...
2159440000 >> Requesting for the AHB bus...
2159840000 >> AHB granted, starting recovery...
2179040000 >> Recovery done, continuing...
2179090000 >> Requesting for the AHB bus...
2179740000 >> Requesting for the AHB bus...
2180140000 >> AHB granted, starting recovery...
2199340000 >> Recovery done, continuing...
2199390000 >> Requesting for the AHB bus...
2200040000 >> Requesting for the AHB bus...
2200440000 >> AHB granted, starting recovery...
2219640000 >> Recovery done, continuing...
2219690000 >> Requesting for the AHB bus...
2220340000 >> Requesting for the AHB bus...
2220740000 >> AHB granted, starting recovery...
2239940000 >> Recovery done, continuing...
2239990000 >> Requesting for the AHB bus...
2240815000 >> Requesting for the AHB bus...
2241215000 >> AHB granted, starting recovery...
2260415000 >> Recovery done, continuing...
2260465000 >> Requesting for the AHB bus...
2261115000 >> Requesting for the AHB bus...
2261515000 >> AHB granted, starting recovery...
2280715000 >> Recovery done, continuing...
2280765000 >> Requesting for the AHB bus...
2281415000 >> Requesting for the AHB bus...
2281815000 >> AHB granted, starting recovery...
2301015000 >> Recovery done, continuing...
2301065000 >> Requesting for the AHB bus...
2301715000 >> Requesting for the AHB bus...
2302115000 >> AHB granted, starting recovery...
2321315000 >> Recovery done, continuing...
2321365000 >> Requesting for the AHB bus...
2322015000 >> Requesting for the AHB bus...
2322415000 >> AHB granted, starting recovery...
2341615000 >> Recovery done, continuing...
2341665000 >> Requesting for the AHB bus...
2342315000 >> Requesting for the AHB bus...
2342715000 >> AHB granted, starting recovery...
2361915000 >> Recovery done, continuing...
2361965000 >> Requesting for the AHB bus...
2362740000 >> Requesting for the AHB bus...
2363140000 >> AHB granted, starting recovery...
2382340000 >> Recovery done, continuing...
2382390000 >> Requesting for the AHB bus...
2383040000 >> Requesting for the AHB bus...
2383440000 >> AHB granted, starting recovery...
2402640000 >> Recovery done, continuing...
2402690000 >> Requesting for the AHB bus...
2403340000 >> Requesting for the AHB bus...
2403740000 >> AHB granted, starting recovery...
2422940000 >> Recovery done, continuing...
2422990000 >> Requesting for the AHB bus...
2423640000 >> Requesting for the AHB bus...
2424040000 >> AHB granted, starting recovery...
2443240000 >> Recovery done, continuing...
2443290000 >> Requesting for the AHB bus...
2443940000 >> Requesting for the AHB bus...
2444340000 >> AHB granted, starting recovery...
2463540000 >> Recovery done, continuing...
2463590000 >> Requesting for the AHB bus...
2464240000 >> Requesting for the AHB bus...
2464640000 >> AHB granted, starting recovery...
2483840000 >> Recovery done, continuing...
2483890000 >> Requesting for the AHB bus...
2484540000 >> Requesting for the AHB bus...
2484940000 >> AHB granted, starting recovery...
2504140000 >> Recovery done, continuing...
2504190000 >> Requesting for the AHB bus...
2504840000 >> Requesting for the AHB bus...
2505240000 >> AHB granted, starting recovery...
2524440000 >> Recovery done, continuing...
2524490000 >> Requesting for the AHB bus...
2525140000 >> Requesting for the AHB bus...
2525540000 >> AHB granted, starting recovery...
2544740000 >> Recovery done, continuing...
2544790000 >> Requesting for the AHB bus...
2545440000 >> Requesting for the AHB bus...
2545840000 >> AHB granted, starting recovery...
2565040000 >> Recovery done, continuing...
2565090000 >> Requesting for the AHB bus...
2565740000 >> Requesting for the AHB bus...
2566140000 >> AHB granted, starting recovery...
2585340000 >> Recovery done, continuing...
2585390000 >> Requesting for the AHB bus...
2586040000 >> Requesting for the AHB bus...
2586440000 >> AHB granted, starting recovery...
2605640000 >> Recovery done, continuing...
2605690000 >> Requesting for the AHB bus...
2606340000 >> Requesting for the AHB bus...
2606740000 >> AHB granted, starting recovery...
2625940000 >> Recovery done, continuing...
2625990000 >> Requesting for the AHB bus...
2626640000 >> Requesting for the AHB bus...
2627040000 >> AHB granted, starting recovery...
2646240000 >> Recovery done, continuing...
2646290000 >> Requesting for the AHB bus...
2646940000 >> Requesting for the AHB bus...
2647340000 >> AHB granted, starting recovery...
2666540000 >> Recovery done, continuing...
2666590000 >> Requesting for the AHB bus...
2667240000 >> Requesting for the AHB bus...
2667640000 >> AHB granted, starting recovery...
2686840000 >> Recovery done, continuing...
2686890000 >> Requesting for the AHB bus...
2687540000 >> Requesting for the AHB bus...
2687940000 >> AHB granted, starting recovery...
2707140000 >> Recovery done, continuing...
2707190000 >> Requesting for the AHB bus...
2708015000 >> Requesting for the AHB bus...
2708415000 >> AHB granted, starting recovery...
2727615000 >> Recovery done, continuing...
2727665000 >> Requesting for the AHB bus...
2728315000 >> Requesting for the AHB bus...
2728715000 >> AHB granted, starting recovery...
2737215000 >> time limit reached...
/testbench/cpu/l3/u0/leon3x0/vhdl/p0/iu/r.w.wreg:1
/testbench/cpu/l3/u0/leon3x0/vhdl/p0/iu/r.m.irqen:1
/testbench/cpu/l3/u0/leon3x0/vhdl/p0/iu/r.m.icc:0000
/testbench/cpu/l3/u0/leon3x0/vhdl/p0/iu/r.a.ticc:0
/testbench/cpu/l3/u0/leon3x0/vhdl/p0/iu/r.a.step:0
/testbench/cpu/l3/u0/leon3x0/vhdl/p0/iu/r.m.irqen2:1
/testbench/cpu/l3/u0/leon3x0/vhdl/p0/iu/r.d.pc:01000000000000000000000111101100
/testbench/cpu/l3/u0/leon3x0/vhdl/p0/iu/r.d.rexpl:{{00000000000000000000000000000000} {00} {0} 0 0 {0000000000000000000} 0 0 0 0 0 0}
/testbench/cpu/l3/u0/leon3x0/vhdl/p0/iu/r.d.mexc:0
/testbench/cpu/l3/u0/leon3x0/vhdl/p0/iu/r.a.aw:0
/testbench/cpu/l3/u0/leon3x0/vhdl/p0/iu/r.e.ctrl:{{01000000000000000000000111101000} {11000010000001111010000001000100} {00} {10000001} {000000} 0 0 1 0 0 1 1 0 0}
/testbench/cpu/l3/u0/leon3x0/vhdl/p0/iu/r.a.divstart:0
/testbench/cpu/l3/u0/leon3x0/vhdl/p0/iu/r.e.shleft:0
/testbench/cpu/l3/u0/leon3x0/vhdl/p0/iu/r.a.bp:0
/testbench/cpu/l3/u0/leon3x0/vhdl/p0/iu/r.w.twcwp:000
/testbench/cpu/l3/u0/leon3x0/vhdl/p0/iu/r.a.jmpl:0
/testbench/cpu/l3/u0/leon3x0/vhdl/p0/iu/r.m.casa:0
/testbench/cpu/l3/u0/leon3x0/vhdl/p0/iu/r.m.werr:0
/testbench/cpu/l3/u0/leon3x0/vhdl/p0/iu/r.e.su:1
/testbench/cpu/l3/u0/leon3x0/vhdl/p0/iu/r.e.et:1
/testbench/cpu/l3/u0/leon3x0/vhdl/p0/iu/r.a.ldcheck1:1
/testbench/cpu/l3/u0/leon3x0/vhdl/p0/iu/r.d.stwin:000
/testbench/cpu/l3/u0/leon3x0/vhdl/p0/iu/r.a.ldcheck2:0
/testbench/cpu/l3/u0/leon3x0/vhdl/p0/iu/r.x.intack:0
/testbench/cpu/l3/u0/leon3x0/vhdl/p0/iu/r.m.ctrl:{{01000000000000000000000111100100} {11000010001001111011111111111100} {01} {10000001} {000000} 0 0 0 0 0 0 0 0 0}
/testbench/cpu/l3/u0/leon3x0/vhdl/p0/iu/r.a.cwp:100
/testbench/cpu/l3/u0/leon3x0/vhdl/p0/iu/r.e.sari:0
/testbench/cpu/l3/u0/leon3x0/vhdl/p0/iu/r.d.paw:0
/testbench/cpu/l3/u0/leon3x0/vhdl/p0/iu/r.d.aw:0
/testbench/cpu/l3/u0/leon3x0/vhdl/p0/iu/r.d.awp:000
/testbench/cpu/l3/u0/leon3x0/vhdl/p0/iu/r.x.ctrl:{{01000000000000000000000111100100} {11000010001001111011111111111100} {00} {10000001} {000000} 0 0 0 0 0 0 1 0 0}
/testbench/cpu/l3/u0/leon3x0/vhdl/p0/iu/r.m.rexnalign:0
/testbench/cpu/l3/u0/leon3x0/vhdl/p0/iu/r.m.su:1
/testbench/cpu/l3/u0/leon3x0/vhdl/p0/iu/r.m.wcwp:0
/testbench/cpu/l3/u0/leon3x0/vhdl/p0/iu/r.d.divrdy:0
/testbench/cpu/l3/u0/leon3x0/vhdl/p0/iu/r.e.cwp:100
/testbench/cpu/l3/u0/leon3x0/vhdl/p0/iu/r.w.except:0
/testbench/cpu/l3/u0/leon3x0/vhdl/p0/iu/r.x.nerror:0
/testbench/cpu/l3/u0/leon3x0/vhdl/p0/iu/r.a.bpimiss:0
/testbench/cpu/l3/u0/leon3x0/vhdl/p0/iu/r.a.nobp:0
/testbench/cpu/l3/u0/leon3x0/vhdl/p0/iu/r.d.rexcnt:0
/testbench/cpu/l3/u0/leon3x0/vhdl/p0/iu/r.w.s:{{101} {0000} {00000000} {01000000000000000000} {00000010} {0000} 0 0 1 1 1 {00000000000000000000000000000000} {UUUUUUUUUUUUUUUUUUUUUUUUUUUUUUUU} 1 0 0 1 1 1 0 0 {000} {000} {111}}
/testbench/cpu/l3/u0/leon3x0/vhdl/p0/iu/r.d.pv:1
/testbench/cpu/l3/u0/leon3x0/vhdl/p0/iu/r.a.ldchkra:1
/testbench/cpu/l3/u0/leon3x0/vhdl/p0/iu/r.a.rfa1:10000001
/testbench/cpu/l3/u0/leon3x0/vhdl/p0/iu/r.a.rfa2:10000001
/testbench/cpu/l3/u0/leon3x0/vhdl/p0/iu/r.a.imm:00000000000000000000000000000001
/testbench/cpu/l3/u0/leon3x0/vhdl/p0/iu/r.w.wa:10000001
/testbench/cpu/l3/u0/leon3x0/vhdl/p0/iu/r.m.casaz:0
/testbench/cpu/l3/u0/leon3x0/vhdl/p0/iu/r.x.dci:{0 1 0 0 0 0 {10} {00001011}}
/testbench/cpu/l3/u0/leon3x0/vhdl/p0/iu/r.x.mac:0
/testbench/cpu/l3/u0/leon3x0/vhdl/p0/iu/r.m.divz:0
/testbench/cpu/l3/u0/leon3x0/vhdl/p0/iu/r.d.inst:{{10000010000000000110000000000001}}
/testbench/cpu/l3/u0/leon3x0/vhdl/p0/iu/r.e.rfe1:1
/testbench/cpu/l3/u0/leon3x0/vhdl/p0/iu/r.a.wovf:0
/testbench/cpu/l3/u0/leon3x0/vhdl/p0/iu/r.e.rfe2:0
/testbench/cpu/l3/u0/leon3x0/vhdl/p0/iu/r.e.op1:01000000000011111111111000110000
/testbench/cpu/l3/u0/leon3x0/vhdl/p0/iu/r.m.nalign:1
/testbench/cpu/l3/u0/leon3x0/vhdl/p0/iu/r.e.op2:00000000000000000000000001000100
/testbench/cpu/l3/u0/leon3x0/vhdl/p0/iu/r.d.rexen:0
/testbench/cpu/l3/u0/leon3x0/vhdl/p0/iu/r.a.ctrl:{{01000000000000000000000111101100} {10000010000000000110000000000001} {00} {10000001} {000000} 0 1 0 0 0 0 0 0 0}
/testbench/cpu/l3/u0/leon3x0/vhdl/p0/iu/r.x.ipend:0
/testbench/cpu/l3/u0/leon3x0/vhdl/p0/iu/r.e.ldbp1:0
/testbench/cpu/l3/u0/leon3x0/vhdl/p0/iu/r.e.aluadd:1
/testbench/cpu/l3/u0/leon3x0/vhdl/p0/iu/r.d.set:0
/testbench/cpu/l3/u0/leon3x0/vhdl/p0/iu/r.d.inull:0
/testbench/cpu/l3/u0/leon3x0/vhdl/p0/iu/r.e.ldbp2:0
/testbench/cpu/l3/u0/leon3x0/vhdl/p0/iu/r.d.cnt:00
/testbench/cpu/l3/u0/leon3x0/vhdl/p0/iu/r.a.su:1
/testbench/cpu/l3/u0/leon3x0/vhdl/p0/iu/r.a.et:1
/testbench/cpu/l3/u0/leon3x0/vhdl/p0/iu/r.e.mul:0
/testbench/cpu/l3/u0/leon3x0/vhdl/p0/iu/r.e.alusel:00
/testbench/cpu/l3/u0/leon3x0/vhdl/p0/iu/r.e.aw:U
/testbench/cpu/l3/u0/leon3x0/vhdl/p0/iu/r.e.mac:0
/testbench/cpu/l3/u0/leon3x0/vhdl/p0/iu/r.a.decill:0
/testbench/cpu/l3/u0/leon3x0/vhdl/p0/iu/r.x.icc:0000
/testbench/cpu/l3/u0/leon3x0/vhdl/p0/iu/r.x.result:01000000000011111111111010010100
/testbench/cpu/l3/u0/leon3x0/vhdl/p0/iu/r.e.bp:0
/testbench/cpu/l3/u0/leon3x0/vhdl/p0/iu/r.a.rs1:00001
/testbench/cpu/l3/u0/leon3x0/vhdl/p0/iu/r.e.jmpl:0
/testbench/cpu/l3/u0/leon3x0/vhdl/p0/iu/r.a.rsel1:001
/testbench/cpu/l3/u0/leon3x0/vhdl/p0/iu/r.x.y:00000000000000000000000000000000
/testbench/cpu/l3/u0/leon3x0/vhdl/p0/iu/r.a.rsel2:100
/testbench/cpu/l3/u0/leon3x0/vhdl/p0/iu/r.a.awp:000
/testbench/cpu/l3/u0/leon3x0/vhdl/p0/iu/r.a.paw:0
/testbench/cpu/l3/u0/leon3x0/vhdl/p0/iu/r.x.data:{{00000000000000000000000000111011}}
/testbench/cpu/l3/u0/leon3x0/vhdl/p0/iu/r.m.mul:0
/testbench/cpu/l3/u0/leon3x0/vhdl/p0/iu/r.e.rd:UUUUU
/testbench/cpu/l3/u0/leon3x0/vhdl/p0/iu/r.e.invop2:0
/testbench/cpu/l3/u0/leon3x0/vhdl/p0/iu/r.m.wawp:0
/testbench/cpu/l3/u0/leon3x0/vhdl/p0/iu/r.d.cwpmax:111
/testbench/cpu/l3/u0/leon3x0/vhdl/p0/iu/r.f.branch:0
/testbench/cpu/l3/u0/leon3x0/vhdl/p0/iu/r.d.pcheld:1
/testbench/cpu/l3/u0/leon3x0/vhdl/p0/iu/r.m.dci:{0 0 0 1 0 0 {10} {00001011}}
/testbench/cpu/l3/u0/leon3x0/vhdl/p0/iu/r.e.paw:U
/testbench/cpu/l3/u0/leon3x0/vhdl/p0/iu/r.e.awp:UUU
/testbench/cpu/l3/u0/leon3x0/vhdl/p0/iu/r.e.shcnt:00100
/testbench/cpu/l3/u0/leon3x0/vhdl/p0/iu/r.w.result:00000000000000000000000001110110
/testbench/cpu/l3/u0/leon3x0/vhdl/p0/iu/r.m.mac:0
/testbench/cpu/l3/u0/leon3x0/vhdl/p0/iu/r.m.y:00000000000000000000000000000000
/testbench/cpu/l3/u0/leon3x0/vhdl/p0/iu/r.d.cwp:100
/testbench/cpu/l3/u0/leon3x0/vhdl/p0/iu/r.x.laddr:00
/testbench/cpu/l3/u0/leon3x0/vhdl/p0/iu/r.e.mulstep:0
/testbench/cpu/l3/u0/leon3x0/vhdl/p0/iu/r.e.ymsb:0
/testbench/cpu/l3/u0/leon3x0/vhdl/p0/iu/r.d.rexbuf:00000000000000000000000000000000
/testbench/cpu/l3/u0/leon3x0/vhdl/p0/iu/r.x.npc:100
/testbench/cpu/l3/u0/leon3x0/vhdl/p0/iu/r.f.pc:01000000000000000000000111110000
/testbench/cpu/l3/u0/leon3x0/vhdl/p0/iu/r.d.annul:0
/testbench/cpu/l3/u0/leon3x0/vhdl/p0/iu/r.x.rstate:run
/testbench/cpu/l3/u0/leon3x0/vhdl/p0/iu/r.x.set:0
/testbench/cpu/l3/u0/leon3x0/vhdl/p0/iu/r.m.result:00000000000000000000000001110110
/testbench/cpu/l3/u0/leon3x0/vhdl/p0/iu/r.e.icc:UUUU
/testbench/cpu/l3/u0/leon3x0/vhdl/p0/iu/r.a.getpc:0
/testbench/cpu/l3/u0/leon3x0/vhdl/p0/iu/r.a.ldchkex:1
/testbench/cpu/l3/u0/leon3x0/vhdl/p0/iu/r.x.mexc:0
/testbench/cpu/l3/u0/leon3x0/vhdl/p0/iu/r.a.mulstart:0
/testbench/cpu/l3/u0/leon3x0/vhdl/p0/iu/r.d.rexpos:10
/testbench/cpu/l3/u0/leon3x0/vhdl/p0/iu/r.x.annul_all:0
/testbench/cpu/l3/u0/leon3x0/vhdl/p0/iu/r.e.aluop:000
/testbench/cpu/l3/u0/leon3x0/vhdl/p0/iu/r.x.debug:0
/testbench/cpu/l3/u0/leon3x0/vhdl/p0/iu/r.a.rfe1:0
/testbench/cpu/l3/u0/leon3x0/vhdl/p0/iu/r.d.step:0
/testbench/cpu/l3/u0/leon3x0/vhdl/p0/iu/r.a.rfe2:0
/testbench/cpu/l3/u0/leon3x0/vhdl/p0/iu/r.e.alucin:0
/testbench/cpu/l3/u0/leon3x0/vhdl/p0/iu/r.a.wunf:0
compare to golden: 1
======================================
progstatus: -2
execerr: 47
latent: 1
time limit!
>>>>>>>>>>>>>>> 2737215000
======================================
