Test signal = /testbench/cpu/l3/u0/leon3x0/vhdl/p0/iu/r.m.wcwp
oldval = 0
pos1: -1 pos0: 0 posU: -1
newval = 1
force in 413911
584315000 >> iteration no: 0
Signal value: 0
oldval = 0
pos1: -1 pos0: 0 posU: -1
newval = 1
994990000 >> iteration no: 1
995840000 >> Requesting for the AHB bus...
996615000 >> AHB granted, starting recovery...
996665000 >> Requesting for the AHB bus...
1015815000 >> Recovery done, continuing...
1016490000 >> Requesting for the AHB bus...
1016790000 >> Requesting for the AHB bus...
1017215000 >> AHB granted, starting recovery...
1036415000 >> Recovery done, continuing...
1037390000 >> Requesting for the AHB bus...
1038315000 >> AHB granted, starting recovery...
1038365000 >> Requesting for the AHB bus...
1057515000 >> Recovery done, continuing...
1058190000 >> Requesting for the AHB bus...
1058490000 >> Requesting for the AHB bus...
1058915000 >> AHB granted, starting recovery...
1078115000 >> Recovery done, continuing...
1079090000 >> Requesting for the AHB bus...
1079865000 >> AHB granted, starting recovery...
1079915000 >> Requesting for the AHB bus...
1099065000 >> Recovery done, continuing...
1099740000 >> Requesting for the AHB bus...
1100040000 >> Requesting for the AHB bus...
1100465000 >> AHB granted, starting recovery...
1119665000 >> Recovery done, continuing...
1120640000 >> Requesting for the AHB bus...
1121565000 >> AHB granted, starting recovery...
1121615000 >> Requesting for the AHB bus...
1140765000 >> Recovery done, continuing...
1141440000 >> Requesting for the AHB bus...
1141740000 >> Requesting for the AHB bus...
1142165000 >> AHB granted, starting recovery...
1161365000 >> Recovery done, continuing...
1162340000 >> Requesting for the AHB bus...
1163115000 >> AHB granted, starting recovery...
1163165000 >> Requesting for the AHB bus...
1182315000 >> Recovery done, continuing...
1182990000 >> Requesting for the AHB bus...
1183290000 >> Requesting for the AHB bus...
1183715000 >> AHB granted, starting recovery...
1202915000 >> Recovery done, continuing...
1204065000 >> Requesting for the AHB bus...
1204840000 >> AHB granted, starting recovery...
1204890000 >> Requesting for the AHB bus...
1224040000 >> Recovery done, continuing...
1224715000 >> Requesting for the AHB bus...
1225015000 >> Requesting for the AHB bus...
1225440000 >> AHB granted, starting recovery...
1244640000 >> Recovery done, continuing...
1245615000 >> Requesting for the AHB bus...
1246390000 >> AHB granted, starting recovery...
1246440000 >> Requesting for the AHB bus...
1265590000 >> Recovery done, continuing...
1266265000 >> Requesting for the AHB bus...
1266565000 >> Requesting for the AHB bus...
1266990000 >> AHB granted, starting recovery...
1286190000 >> Recovery done, continuing...
1287340000 >> Requesting for the AHB bus...
1288115000 >> AHB granted, starting recovery...
1288165000 >> Requesting for the AHB bus...
1307315000 >> Recovery done, continuing...
1307990000 >> Requesting for the AHB bus...
1308290000 >> Requesting for the AHB bus...
1308715000 >> AHB granted, starting recovery...
1327915000 >> Recovery done, continuing...
1328890000 >> Requesting for the AHB bus...
1329665000 >> AHB granted, starting recovery...
1329715000 >> Requesting for the AHB bus...
1348865000 >> Recovery done, continuing...
1349540000 >> Requesting for the AHB bus...
1349840000 >> Requesting for the AHB bus...
1350265000 >> AHB granted, starting recovery...
1369465000 >> Recovery done, continuing...
1370615000 >> Requesting for the AHB bus...
1371390000 >> AHB granted, starting recovery...
1371440000 >> Requesting for the AHB bus...
1390590000 >> Recovery done, continuing...
1391265000 >> Requesting for the AHB bus...
1391565000 >> Requesting for the AHB bus...
1391990000 >> AHB granted, starting recovery...
1411190000 >> Recovery done, continuing...
1412165000 >> Requesting for the AHB bus...
1412940000 >> AHB granted, starting recovery...
1412990000 >> Requesting for the AHB bus...
1432140000 >> Recovery done, continuing...
1432815000 >> Requesting for the AHB bus...
1433115000 >> Requesting for the AHB bus...
1433540000 >> AHB granted, starting recovery...
1452740000 >> Recovery done, continuing...
1453890000 >> Requesting for the AHB bus...
1454665000 >> AHB granted, starting recovery...
1454715000 >> Requesting for the AHB bus...
1473865000 >> Recovery done, continuing...
1474540000 >> Requesting for the AHB bus...
1474840000 >> Requesting for the AHB bus...
1475265000 >> AHB granted, starting recovery...
1494465000 >> Recovery done, continuing...
1495440000 >> Requesting for the AHB bus...
1496215000 >> AHB granted, starting recovery...
1496265000 >> Requesting for the AHB bus...
1515415000 >> Recovery done, continuing...
1516090000 >> Requesting for the AHB bus...
1516390000 >> Requesting for the AHB bus...
1516815000 >> AHB granted, starting recovery...
1536015000 >> Recovery done, continuing...
1537165000 >> Requesting for the AHB bus...
1537940000 >> AHB granted, starting recovery...
1537990000 >> Requesting for the AHB bus...
1557140000 >> Recovery done, continuing...
1557815000 >> Requesting for the AHB bus...
1558115000 >> Requesting for the AHB bus...
1558540000 >> AHB granted, starting recovery...
1577740000 >> Recovery done, continuing...
1578715000 >> Requesting for the AHB bus...
1579490000 >> AHB granted, starting recovery...
1579540000 >> Requesting for the AHB bus...
1598690000 >> Recovery done, continuing...
1599365000 >> Requesting for the AHB bus...
1599665000 >> Requesting for the AHB bus...
1600090000 >> AHB granted, starting recovery...
1619290000 >> Recovery done, continuing...
1620440000 >> Requesting for the AHB bus...
1621215000 >> AHB granted, starting recovery...
1621265000 >> Requesting for the AHB bus...
1640415000 >> Recovery done, continuing...
1641090000 >> Requesting for the AHB bus...
1641390000 >> Requesting for the AHB bus...
1641815000 >> AHB granted, starting recovery...
1661015000 >> Recovery done, continuing...
1661990000 >> Requesting for the AHB bus...
1662765000 >> AHB granted, starting recovery...
1662815000 >> Requesting for the AHB bus...
1681965000 >> Recovery done, continuing...
1682640000 >> Requesting for the AHB bus...
1682940000 >> Requesting for the AHB bus...
1683365000 >> AHB granted, starting recovery...
1702565000 >> Recovery done, continuing...
1703715000 >> Requesting for the AHB bus...
1704490000 >> AHB granted, starting recovery...
1704540000 >> Requesting for the AHB bus...
1723690000 >> Recovery done, continuing...
1724365000 >> Requesting for the AHB bus...
1724665000 >> Requesting for the AHB bus...
1725090000 >> AHB granted, starting recovery...
1744290000 >> Recovery done, continuing...
1745265000 >> Requesting for the AHB bus...
1746040000 >> AHB granted, starting recovery...
1746090000 >> Requesting for the AHB bus...
1765240000 >> Recovery done, continuing...
1765915000 >> Requesting for the AHB bus...
1766215000 >> Requesting for the AHB bus...
1766640000 >> AHB granted, starting recovery...
1785840000 >> Recovery done, continuing...
1786990000 >> Requesting for the AHB bus...
1787765000 >> AHB granted, starting recovery...
1787815000 >> Requesting for the AHB bus...
1806965000 >> Recovery done, continuing...
1807640000 >> Requesting for the AHB bus...
1807940000 >> Requesting for the AHB bus...
1808365000 >> AHB granted, starting recovery...
1827565000 >> Recovery done, continuing...
1828540000 >> Requesting for the AHB bus...
1829315000 >> AHB granted, starting recovery...
1829365000 >> Requesting for the AHB bus...
1848515000 >> Recovery done, continuing...
1849190000 >> Requesting for the AHB bus...
1849490000 >> Requesting for the AHB bus...
1849915000 >> AHB granted, starting recovery...
1869115000 >> Recovery done, continuing...
1870215000 >> Requesting for the AHB bus...
1870990000 >> AHB granted, starting recovery...
1871040000 >> Requesting for the AHB bus...
1890190000 >> Recovery done, continuing...
1890865000 >> Requesting for the AHB bus...
1891165000 >> Requesting for the AHB bus...
1891590000 >> AHB granted, starting recovery...
1910790000 >> Recovery done, continuing...
1911765000 >> Requesting for the AHB bus...
1912540000 >> AHB granted, starting recovery...
1912590000 >> Requesting for the AHB bus...
1931740000 >> Recovery done, continuing...
1932415000 >> Requesting for the AHB bus...
1932715000 >> Requesting for the AHB bus...
1933140000 >> AHB granted, starting recovery...
1952340000 >> Recovery done, continuing...
1953415000 >> Requesting for the AHB bus...
1954190000 >> AHB granted, starting recovery...
1954240000 >> Requesting for the AHB bus...
1973390000 >> Recovery done, continuing...
1974065000 >> Requesting for the AHB bus...
1974365000 >> Requesting for the AHB bus...
1974790000 >> AHB granted, starting recovery...
1993990000 >> Recovery done, continuing...
1994965000 >> Requesting for the AHB bus...
1995740000 >> AHB granted, starting recovery...
1995790000 >> Requesting for the AHB bus...
2014940000 >> Recovery done, continuing...
2015615000 >> Requesting for the AHB bus...
2015915000 >> Requesting for the AHB bus...
2016340000 >> AHB granted, starting recovery...
2035540000 >> Recovery done, continuing...
2036615000 >> Requesting for the AHB bus...
2037390000 >> AHB granted, starting recovery...
2037440000 >> Requesting for the AHB bus...
2056590000 >> Recovery done, continuing...
2057265000 >> Requesting for the AHB bus...
2057565000 >> Requesting for the AHB bus...
2057990000 >> AHB granted, starting recovery...
2077190000 >> Recovery done, continuing...
2078165000 >> Requesting for the AHB bus...
2078940000 >> AHB granted, starting recovery...
2078990000 >> Requesting for the AHB bus...
2098140000 >> Recovery done, continuing...
2098815000 >> Requesting for the AHB bus...
2099115000 >> Requesting for the AHB bus...
2099540000 >> AHB granted, starting recovery...
2118740000 >> Recovery done, continuing...
2119815000 >> Requesting for the AHB bus...
2120590000 >> AHB granted, starting recovery...
2120640000 >> Requesting for the AHB bus...
2139790000 >> Recovery done, continuing...
2140465000 >> Requesting for the AHB bus...
2140765000 >> Requesting for the AHB bus...
2141190000 >> AHB granted, starting recovery...
2160390000 >> Recovery done, continuing...
2161365000 >> Requesting for the AHB bus...
2162140000 >> AHB granted, starting recovery...
2162190000 >> Requesting for the AHB bus...
2181340000 >> Recovery done, continuing...
2182015000 >> Requesting for the AHB bus...
2182315000 >> Requesting for the AHB bus...
2182740000 >> AHB granted, starting recovery...
2201940000 >> Recovery done, continuing...
2203015000 >> Requesting for the AHB bus...
2203790000 >> AHB granted, starting recovery...
2203840000 >> Requesting for the AHB bus...
2222990000 >> Recovery done, continuing...
2223665000 >> Requesting for the AHB bus...
2223965000 >> Requesting for the AHB bus...
2224390000 >> AHB granted, starting recovery...
2243590000 >> Recovery done, continuing...
2244565000 >> Requesting for the AHB bus...
2245340000 >> AHB granted, starting recovery...
2245390000 >> Requesting for the AHB bus...
2264540000 >> Recovery done, continuing...
2265215000 >> Requesting for the AHB bus...
2265515000 >> Requesting for the AHB bus...
2265940000 >> AHB granted, starting recovery...
2285140000 >> Recovery done, continuing...
2286215000 >> Requesting for the AHB bus...
2286990000 >> AHB granted, starting recovery...
2287040000 >> Requesting for the AHB bus...
2306190000 >> Recovery done, continuing...
2306865000 >> Requesting for the AHB bus...
2307165000 >> Requesting for the AHB bus...
2307590000 >> AHB granted, starting recovery...
2326790000 >> Recovery done, continuing...
2327765000 >> Requesting for the AHB bus...
2328540000 >> AHB granted, starting recovery...
2328590000 >> Requesting for the AHB bus...
2347740000 >> Recovery done, continuing...
2348415000 >> Requesting for the AHB bus...
2348715000 >> Requesting for the AHB bus...
2349140000 >> AHB granted, starting recovery...
2368340000 >> Recovery done, continuing...
2369415000 >> Requesting for the AHB bus...
2370190000 >> AHB granted, starting recovery...
2370240000 >> Requesting for the AHB bus...
2389390000 >> Recovery done, continuing...
2390065000 >> Requesting for the AHB bus...
2390365000 >> Requesting for the AHB bus...
2390790000 >> AHB granted, starting recovery...
2409990000 >> Recovery done, continuing...
2410965000 >> Requesting for the AHB bus...
2411740000 >> AHB granted, starting recovery...
2411790000 >> Requesting for the AHB bus...
2430940000 >> Recovery done, continuing...
2431615000 >> Requesting for the AHB bus...
2431915000 >> Requesting for the AHB bus...
2432340000 >> AHB granted, starting recovery...
2451540000 >> Recovery done, continuing...
2452615000 >> Requesting for the AHB bus...
2453390000 >> AHB granted, starting recovery...
2453440000 >> Requesting for the AHB bus...
2472590000 >> Recovery done, continuing...
2473265000 >> Requesting for the AHB bus...
2473565000 >> Requesting for the AHB bus...
2473990000 >> AHB granted, starting recovery...
2493190000 >> Recovery done, continuing...
2494165000 >> Requesting for the AHB bus...
2494940000 >> AHB granted, starting recovery...
2494990000 >> Requesting for the AHB bus...
2514140000 >> Recovery done, continuing...
2514815000 >> Requesting for the AHB bus...
2515115000 >> Requesting for the AHB bus...
2515540000 >> AHB granted, starting recovery...
2534740000 >> Recovery done, continuing...
2535815000 >> Requesting for the AHB bus...
2536590000 >> AHB granted, starting recovery...
2536640000 >> Requesting for the AHB bus...
2555790000 >> Recovery done, continuing...
2556465000 >> Requesting for the AHB bus...
2556765000 >> Requesting for the AHB bus...
2557190000 >> AHB granted, starting recovery...
2576390000 >> Recovery done, continuing...
2577365000 >> Requesting for the AHB bus...
2578140000 >> AHB granted, starting recovery...
2578190000 >> Requesting for the AHB bus...
2597340000 >> Recovery done, continuing...
2598015000 >> Requesting for the AHB bus...
2598315000 >> Requesting for the AHB bus...
2598740000 >> AHB granted, starting recovery...
2617940000 >> Recovery done, continuing...
2619015000 >> Requesting for the AHB bus...
2619790000 >> AHB granted, starting recovery...
2619840000 >> Requesting for the AHB bus...
2638990000 >> Recovery done, continuing...
2639665000 >> Requesting for the AHB bus...
2639965000 >> Requesting for the AHB bus...
2640390000 >> AHB granted, starting recovery...
2659590000 >> Recovery done, continuing...
2660565000 >> Requesting for the AHB bus...
2661340000 >> AHB granted, starting recovery...
2661390000 >> Requesting for the AHB bus...
2680540000 >> Recovery done, continuing...
2681215000 >> Requesting for the AHB bus...
2681515000 >> Requesting for the AHB bus...
2681940000 >> AHB granted, starting recovery...
2701140000 >> Recovery done, continuing...
2702215000 >> Requesting for the AHB bus...
2702990000 >> AHB granted, starting recovery...
2703040000 >> Requesting for the AHB bus...
2722190000 >> Recovery done, continuing...
2722865000 >> Requesting for the AHB bus...
2723165000 >> Requesting for the AHB bus...
2723590000 >> AHB granted, starting recovery...
2737215000 >> time limit reached...
/testbench/cpu/l3/u0/leon3x0/vhdl/p0/iu/r.w.wreg:0
/testbench/cpu/l3/u0/leon3x0/vhdl/p0/iu/r.m.irqen:1
/testbench/cpu/l3/u0/leon3x0/vhdl/p0/iu/r.m.icc:1001
/testbench/cpu/l3/u0/leon3x0/vhdl/p0/iu/r.a.ticc:0
/testbench/cpu/l3/u0/leon3x0/vhdl/p0/iu/r.a.step:0
/testbench/cpu/l3/u0/leon3x0/vhdl/p0/iu/r.m.irqen2:1
/testbench/cpu/l3/u0/leon3x0/vhdl/p0/iu/r.d.pc:01000000000000000000001001110100
/testbench/cpu/l3/u0/leon3x0/vhdl/p0/iu/r.d.rexpl:{{00000000000000000000000000000000} {00} {0} 0 0 {0000000000000000000} 0 0 0 0 0 0}
/testbench/cpu/l3/u0/leon3x0/vhdl/p0/iu/r.d.mexc:0
/testbench/cpu/l3/u0/leon3x0/vhdl/p0/iu/r.a.aw:0
/testbench/cpu/l3/u0/leon3x0/vhdl/p0/iu/r.e.ctrl:{{01000000000000000000001001110000} {11000010000000000100000000000000} {00} {10000001} {000000} 0 0 1 0 0 1 1 0 0}
/testbench/cpu/l3/u0/leon3x0/vhdl/p0/iu/r.a.divstart:0
/testbench/cpu/l3/u0/leon3x0/vhdl/p0/iu/r.e.shleft:0
/testbench/cpu/l3/u0/leon3x0/vhdl/p0/iu/r.a.bp:0
/testbench/cpu/l3/u0/leon3x0/vhdl/p0/iu/r.w.twcwp:000
/testbench/cpu/l3/u0/leon3x0/vhdl/p0/iu/r.a.jmpl:0
/testbench/cpu/l3/u0/leon3x0/vhdl/p0/iu/r.m.casa:0
/testbench/cpu/l3/u0/leon3x0/vhdl/p0/iu/r.m.werr:0
/testbench/cpu/l3/u0/leon3x0/vhdl/p0/iu/r.e.su:1
/testbench/cpu/l3/u0/leon3x0/vhdl/p0/iu/r.e.et:1
/testbench/cpu/l3/u0/leon3x0/vhdl/p0/iu/r.a.ldcheck1:1
/testbench/cpu/l3/u0/leon3x0/vhdl/p0/iu/r.d.stwin:000
/testbench/cpu/l3/u0/leon3x0/vhdl/p0/iu/r.a.ldcheck2:1
/testbench/cpu/l3/u0/leon3x0/vhdl/p0/iu/r.x.intack:0
/testbench/cpu/l3/u0/leon3x0/vhdl/p0/iu/r.m.ctrl:{{01000000000000000000001001101100} {10000010000100000110000000001100} {00} {10000001} {000000} 0 0 1 0 0 0 1 0 0}
/testbench/cpu/l3/u0/leon3x0/vhdl/p0/iu/r.a.cwp:001
/testbench/cpu/l3/u0/leon3x0/vhdl/p0/iu/r.e.sari:0
/testbench/cpu/l3/u0/leon3x0/vhdl/p0/iu/r.d.paw:0
/testbench/cpu/l3/u0/leon3x0/vhdl/p0/iu/r.d.aw:0
/testbench/cpu/l3/u0/leon3x0/vhdl/p0/iu/r.d.awp:000
/testbench/cpu/l3/u0/leon3x0/vhdl/p0/iu/r.x.ctrl:{{01000000000000000000001001101000} {00000011000100000000000000000101} {00} {10000001} {000000} 0 0 1 0 0 0 1 0 0}
/testbench/cpu/l3/u0/leon3x0/vhdl/p0/iu/r.m.rexnalign:0
/testbench/cpu/l3/u0/leon3x0/vhdl/p0/iu/r.m.su:1
/testbench/cpu/l3/u0/leon3x0/vhdl/p0/iu/r.m.wcwp:0
/testbench/cpu/l3/u0/leon3x0/vhdl/p0/iu/r.d.divrdy:0
/testbench/cpu/l3/u0/leon3x0/vhdl/p0/iu/r.e.cwp:001
/testbench/cpu/l3/u0/leon3x0/vhdl/p0/iu/r.w.except:0
/testbench/cpu/l3/u0/leon3x0/vhdl/p0/iu/r.x.nerror:0
/testbench/cpu/l3/u0/leon3x0/vhdl/p0/iu/r.a.bpimiss:0
/testbench/cpu/l3/u0/leon3x0/vhdl/p0/iu/r.a.nobp:0
/testbench/cpu/l3/u0/leon3x0/vhdl/p0/iu/r.d.rexcnt:0
/testbench/cpu/l3/u0/leon3x0/vhdl/p0/iu/r.w.s:{{110} {1001} {00000000} {01000000000000000000} {00000010} {0000} 0 0 1 1 1 {00000000000000000000000000000000} {UUUUUUUUUUUUUUUUUUUUUUUUUUUUUUUU} 1 0 0 1 1 1 0 0 {000} {000} {111}}
/testbench/cpu/l3/u0/leon3x0/vhdl/p0/iu/r.d.pv:1
/testbench/cpu/l3/u0/leon3x0/vhdl/p0/iu/r.a.ldchkra:1
/testbench/cpu/l3/u0/leon3x0/vhdl/p0/iu/r.a.rfa1:10000000
/testbench/cpu/l3/u0/leon3x0/vhdl/p0/iu/r.a.rfa2:10000001
/testbench/cpu/l3/u0/leon3x0/vhdl/p0/iu/r.a.imm:00000000000000000000000000000001
/testbench/cpu/l3/u0/leon3x0/vhdl/p0/iu/r.w.wa:10000010
/testbench/cpu/l3/u0/leon3x0/vhdl/p0/iu/r.m.casaz:0
/testbench/cpu/l3/u0/leon3x0/vhdl/p0/iu/r.x.dci:{0 0 1 0 0 0 {10} {00001011}}
/testbench/cpu/l3/u0/leon3x0/vhdl/p0/iu/r.x.mac:0
/testbench/cpu/l3/u0/leon3x0/vhdl/p0/iu/r.m.divz:0
/testbench/cpu/l3/u0/leon3x0/vhdl/p0/iu/r.d.inst:{{10010000000100000000000000000001}}
/testbench/cpu/l3/u0/leon3x0/vhdl/p0/iu/r.e.rfe1:0
/testbench/cpu/l3/u0/leon3x0/vhdl/p0/iu/r.a.wovf:0
/testbench/cpu/l3/u0/leon3x0/vhdl/p0/iu/r.e.rfe2:0
/testbench/cpu/l3/u0/leon3x0/vhdl/p0/iu/r.e.op1:01000000000000000001010000001100
/testbench/cpu/l3/u0/leon3x0/vhdl/p0/iu/r.m.nalign:0
/testbench/cpu/l3/u0/leon3x0/vhdl/p0/iu/r.e.op2:00000000000000000000000000000000
/testbench/cpu/l3/u0/leon3x0/vhdl/p0/iu/r.d.rexen:0
/testbench/cpu/l3/u0/leon3x0/vhdl/p0/iu/r.a.ctrl:{{01000000000000000000001001110100} {10010000000100000000000000000001} {00} {00011000} {000000} 0 1 0 0 0 0 0 0 0}
/testbench/cpu/l3/u0/leon3x0/vhdl/p0/iu/r.x.ipend:0
/testbench/cpu/l3/u0/leon3x0/vhdl/p0/iu/r.e.ldbp1:0
/testbench/cpu/l3/u0/leon3x0/vhdl/p0/iu/r.e.aluadd:1
/testbench/cpu/l3/u0/leon3x0/vhdl/p0/iu/r.d.set:0
/testbench/cpu/l3/u0/leon3x0/vhdl/p0/iu/r.d.inull:0
/testbench/cpu/l3/u0/leon3x0/vhdl/p0/iu/r.e.ldbp2:0
/testbench/cpu/l3/u0/leon3x0/vhdl/p0/iu/r.d.cnt:00
/testbench/cpu/l3/u0/leon3x0/vhdl/p0/iu/r.a.su:1
/testbench/cpu/l3/u0/leon3x0/vhdl/p0/iu/r.a.et:1
/testbench/cpu/l3/u0/leon3x0/vhdl/p0/iu/r.e.mul:0
/testbench/cpu/l3/u0/leon3x0/vhdl/p0/iu/r.e.alusel:00
/testbench/cpu/l3/u0/leon3x0/vhdl/p0/iu/r.e.aw:U
/testbench/cpu/l3/u0/leon3x0/vhdl/p0/iu/r.e.mac:0
/testbench/cpu/l3/u0/leon3x0/vhdl/p0/iu/r.a.decill:0
/testbench/cpu/l3/u0/leon3x0/vhdl/p0/iu/r.x.icc:1001
/testbench/cpu/l3/u0/leon3x0/vhdl/p0/iu/r.x.result:01000000000000000001010000000000
/testbench/cpu/l3/u0/leon3x0/vhdl/p0/iu/r.e.bp:0
/testbench/cpu/l3/u0/leon3x0/vhdl/p0/iu/r.a.rs1:00000
/testbench/cpu/l3/u0/leon3x0/vhdl/p0/iu/r.e.jmpl:0
/testbench/cpu/l3/u0/leon3x0/vhdl/p0/iu/r.a.rsel1:101
/testbench/cpu/l3/u0/leon3x0/vhdl/p0/iu/r.x.y:00000000000000000000000000000000
/testbench/cpu/l3/u0/leon3x0/vhdl/p0/iu/r.a.rsel2:001
/testbench/cpu/l3/u0/leon3x0/vhdl/p0/iu/r.a.awp:000
/testbench/cpu/l3/u0/leon3x0/vhdl/p0/iu/r.a.paw:0
/testbench/cpu/l3/u0/leon3x0/vhdl/p0/iu/r.x.data:{{00000000000000000000000000000000}}
/testbench/cpu/l3/u0/leon3x0/vhdl/p0/iu/r.m.mul:0
/testbench/cpu/l3/u0/leon3x0/vhdl/p0/iu/r.e.rd:UUUUU
/testbench/cpu/l3/u0/leon3x0/vhdl/p0/iu/r.e.invop2:0
/testbench/cpu/l3/u0/leon3x0/vhdl/p0/iu/r.m.wawp:0
/testbench/cpu/l3/u0/leon3x0/vhdl/p0/iu/r.d.cwpmax:111
/testbench/cpu/l3/u0/leon3x0/vhdl/p0/iu/r.f.branch:0
/testbench/cpu/l3/u0/leon3x0/vhdl/p0/iu/r.d.pcheld:1
/testbench/cpu/l3/u0/leon3x0/vhdl/p0/iu/r.m.dci:{0 0 1 0 0 0 {10} {00001011}}
/testbench/cpu/l3/u0/leon3x0/vhdl/p0/iu/r.e.paw:U
/testbench/cpu/l3/u0/leon3x0/vhdl/p0/iu/r.e.awp:UUU
/testbench/cpu/l3/u0/leon3x0/vhdl/p0/iu/r.e.shcnt:00000
/testbench/cpu/l3/u0/leon3x0/vhdl/p0/iu/r.w.result:00000000000000000000000001000000
/testbench/cpu/l3/u0/leon3x0/vhdl/p0/iu/r.m.mac:0
/testbench/cpu/l3/u0/leon3x0/vhdl/p0/iu/r.m.y:00000000000000000000000000000000
/testbench/cpu/l3/u0/leon3x0/vhdl/p0/iu/r.d.cwp:001
/testbench/cpu/l3/u0/leon3x0/vhdl/p0/iu/r.x.laddr:00
/testbench/cpu/l3/u0/leon3x0/vhdl/p0/iu/r.e.mulstep:0
/testbench/cpu/l3/u0/leon3x0/vhdl/p0/iu/r.e.ymsb:0
/testbench/cpu/l3/u0/leon3x0/vhdl/p0/iu/r.d.rexbuf:00000000000000000000000000000000
/testbench/cpu/l3/u0/leon3x0/vhdl/p0/iu/r.x.npc:100
/testbench/cpu/l3/u0/leon3x0/vhdl/p0/iu/r.f.pc:01000000000000000000001001111000
/testbench/cpu/l3/u0/leon3x0/vhdl/p0/iu/r.d.annul:0
/testbench/cpu/l3/u0/leon3x0/vhdl/p0/iu/r.x.rstate:run
/testbench/cpu/l3/u0/leon3x0/vhdl/p0/iu/r.x.set:0
/testbench/cpu/l3/u0/leon3x0/vhdl/p0/iu/r.m.result:01000000000000000001010000001100
/testbench/cpu/l3/u0/leon3x0/vhdl/p0/iu/r.e.icc:UUUU
/testbench/cpu/l3/u0/leon3x0/vhdl/p0/iu/r.a.getpc:0
/testbench/cpu/l3/u0/leon3x0/vhdl/p0/iu/r.a.ldchkex:1
/testbench/cpu/l3/u0/leon3x0/vhdl/p0/iu/r.x.mexc:0
/testbench/cpu/l3/u0/leon3x0/vhdl/p0/iu/r.a.mulstart:0
/testbench/cpu/l3/u0/leon3x0/vhdl/p0/iu/r.d.rexpos:10
/testbench/cpu/l3/u0/leon3x0/vhdl/p0/iu/r.x.annul_all:0
/testbench/cpu/l3/u0/leon3x0/vhdl/p0/iu/r.e.aluop:000
/testbench/cpu/l3/u0/leon3x0/vhdl/p0/iu/r.x.debug:0
/testbench/cpu/l3/u0/leon3x0/vhdl/p0/iu/r.a.rfe1:0
/testbench/cpu/l3/u0/leon3x0/vhdl/p0/iu/r.d.step:0
/testbench/cpu/l3/u0/leon3x0/vhdl/p0/iu/r.a.rfe2:0
/testbench/cpu/l3/u0/leon3x0/vhdl/p0/iu/r.e.alucin:0
/testbench/cpu/l3/u0/leon3x0/vhdl/p0/iu/r.a.wunf:0
compare to golden: 1
======================================
progstatus: -2
execerr: 84
latent: 1
time limit!
>>>>>>>>>>>>>>> 2737215000
======================================
