Test signal = /testbench/cpu/l3/u0/leon3x0/vhdl/p0/iu/r.d.inull
oldval = 1
pos1: 0 pos0: -1 posU: -1
newval = 0
force in 266310
584315000 >> iteration no: 0
Signal value: 0
oldval = 0
pos1: -1 pos0: 0 posU: -1
newval = 1
845790000 >> Requesting for the AHB bus...
846565000 >> AHB granted, starting recovery...
865765000 >> Recovery done, continuing...
866340000 >> Requesting for the AHB bus...
867115000 >> AHB granted, starting recovery...
886315000 >> Recovery done, continuing...
886415000 >> Requesting for the AHB bus...
887190000 >> AHB granted, starting recovery...
906390000 >> Recovery done, continuing...
906490000 >> Requesting for the AHB bus...
907265000 >> AHB granted, starting recovery...
926465000 >> Recovery done, continuing...
926565000 >> Requesting for the AHB bus...
927340000 >> AHB granted, starting recovery...
946540000 >> Recovery done, continuing...
946640000 >> Requesting for the AHB bus...
947415000 >> AHB granted, starting recovery...
966615000 >> Recovery done, continuing...
966715000 >> Requesting for the AHB bus...
967490000 >> AHB granted, starting recovery...
986690000 >> Recovery done, continuing...
986790000 >> Requesting for the AHB bus...
987565000 >> AHB granted, starting recovery...
1006765000 >> Recovery done, continuing...
1006865000 >> Requesting for the AHB bus...
1007640000 >> AHB granted, starting recovery...
1026840000 >> Recovery done, continuing...
1026940000 >> Requesting for the AHB bus...
1027715000 >> AHB granted, starting recovery...
1046915000 >> Recovery done, continuing...
1047015000 >> Requesting for the AHB bus...
1047790000 >> AHB granted, starting recovery...
1066990000 >> Recovery done, continuing...
1067090000 >> Requesting for the AHB bus...
1067865000 >> AHB granted, starting recovery...
1087065000 >> Recovery done, continuing...
1087165000 >> Requesting for the AHB bus...
1087940000 >> AHB granted, starting recovery...
1107140000 >> Recovery done, continuing...
1107240000 >> Requesting for the AHB bus...
1108015000 >> AHB granted, starting recovery...
1127215000 >> Recovery done, continuing...
1127315000 >> Requesting for the AHB bus...
1128090000 >> AHB granted, starting recovery...
1147290000 >> Recovery done, continuing...
1147390000 >> Requesting for the AHB bus...
1148165000 >> AHB granted, starting recovery...
1167365000 >> Recovery done, continuing...
1167465000 >> Requesting for the AHB bus...
1168240000 >> AHB granted, starting recovery...
1187440000 >> Recovery done, continuing...
1187540000 >> Requesting for the AHB bus...
1188315000 >> AHB granted, starting recovery...
1207515000 >> Recovery done, continuing...
1207615000 >> Requesting for the AHB bus...
1208390000 >> AHB granted, starting recovery...
1227590000 >> Recovery done, continuing...
1227690000 >> Requesting for the AHB bus...
1228465000 >> AHB granted, starting recovery...
1247665000 >> Recovery done, continuing...
1247765000 >> Requesting for the AHB bus...
1248540000 >> AHB granted, starting recovery...
1267740000 >> Recovery done, continuing...
1267840000 >> Requesting for the AHB bus...
1268615000 >> AHB granted, starting recovery...
1287815000 >> Recovery done, continuing...
1287915000 >> Requesting for the AHB bus...
1288690000 >> AHB granted, starting recovery...
1307890000 >> Recovery done, continuing...
1307990000 >> Requesting for the AHB bus...
1308765000 >> AHB granted, starting recovery...
1327965000 >> Recovery done, continuing...
1328065000 >> Requesting for the AHB bus...
1328840000 >> AHB granted, starting recovery...
1348040000 >> Recovery done, continuing...
1348140000 >> Requesting for the AHB bus...
1348915000 >> AHB granted, starting recovery...
1368115000 >> Recovery done, continuing...
1368215000 >> Requesting for the AHB bus...
1368990000 >> AHB granted, starting recovery...
1388190000 >> Recovery done, continuing...
1388290000 >> Requesting for the AHB bus...
1389065000 >> AHB granted, starting recovery...
1408265000 >> Recovery done, continuing...
1408365000 >> Requesting for the AHB bus...
1409315000 >> AHB granted, starting recovery...
1428515000 >> Recovery done, continuing...
1428615000 >> Requesting for the AHB bus...
1429390000 >> AHB granted, starting recovery...
1448590000 >> Recovery done, continuing...
1448690000 >> Requesting for the AHB bus...
1449465000 >> AHB granted, starting recovery...
1468665000 >> Recovery done, continuing...
1468765000 >> Requesting for the AHB bus...
1469540000 >> AHB granted, starting recovery...
1488740000 >> Recovery done, continuing...
1488840000 >> Requesting for the AHB bus...
1489615000 >> AHB granted, starting recovery...
1508815000 >> Recovery done, continuing...
1508915000 >> Requesting for the AHB bus...
1509690000 >> AHB granted, starting recovery...
1528890000 >> Recovery done, continuing...
1528990000 >> Requesting for the AHB bus...
1529765000 >> AHB granted, starting recovery...
1548965000 >> Recovery done, continuing...
1549065000 >> Requesting for the AHB bus...
1549840000 >> AHB granted, starting recovery...
1569040000 >> Recovery done, continuing...
1569140000 >> Requesting for the AHB bus...
1569915000 >> AHB granted, starting recovery...
1589115000 >> Recovery done, continuing...
1589215000 >> Requesting for the AHB bus...
1589990000 >> AHB granted, starting recovery...
1609190000 >> Recovery done, continuing...
1609290000 >> Requesting for the AHB bus...
1610065000 >> AHB granted, starting recovery...
1629265000 >> Recovery done, continuing...
1629365000 >> Requesting for the AHB bus...
1630140000 >> AHB granted, starting recovery...
1649340000 >> Recovery done, continuing...
1649440000 >> Requesting for the AHB bus...
1650215000 >> AHB granted, starting recovery...
1669415000 >> Recovery done, continuing...
1669515000 >> Requesting for the AHB bus...
1670290000 >> AHB granted, starting recovery...
1689490000 >> Recovery done, continuing...
1689590000 >> Requesting for the AHB bus...
1690365000 >> AHB granted, starting recovery...
1709565000 >> Recovery done, continuing...
1709665000 >> Requesting for the AHB bus...
1710440000 >> AHB granted, starting recovery...
1729640000 >> Recovery done, continuing...
1729740000 >> Requesting for the AHB bus...
1730515000 >> AHB granted, starting recovery...
1749715000 >> Recovery done, continuing...
1749815000 >> Requesting for the AHB bus...
1750590000 >> AHB granted, starting recovery...
1769790000 >> Recovery done, continuing...
1769890000 >> Requesting for the AHB bus...
1770665000 >> AHB granted, starting recovery...
1789865000 >> Recovery done, continuing...
1789965000 >> Requesting for the AHB bus...
1790740000 >> AHB granted, starting recovery...
1809940000 >> Recovery done, continuing...
1810040000 >> Requesting for the AHB bus...
1810815000 >> AHB granted, starting recovery...
1830015000 >> Recovery done, continuing...
1830115000 >> Requesting for the AHB bus...
1830890000 >> AHB granted, starting recovery...
1850090000 >> Recovery done, continuing...
1850190000 >> Requesting for the AHB bus...
1850965000 >> AHB granted, starting recovery...
1870165000 >> Recovery done, continuing...
1870265000 >> Requesting for the AHB bus...
1871040000 >> AHB granted, starting recovery...
1890240000 >> Recovery done, continuing...
1890340000 >> Requesting for the AHB bus...
1891115000 >> AHB granted, starting recovery...
1910315000 >> Recovery done, continuing...
1910415000 >> Requesting for the AHB bus...
1911190000 >> AHB granted, starting recovery...
1930390000 >> Recovery done, continuing...
1930490000 >> Requesting for the AHB bus...
1931265000 >> AHB granted, starting recovery...
1950465000 >> Recovery done, continuing...
1950565000 >> Requesting for the AHB bus...
1951340000 >> AHB granted, starting recovery...
1970540000 >> Recovery done, continuing...
1970640000 >> Requesting for the AHB bus...
1971415000 >> AHB granted, starting recovery...
1990615000 >> Recovery done, continuing...
1990715000 >> Requesting for the AHB bus...
1991490000 >> AHB granted, starting recovery...
2010690000 >> Recovery done, continuing...
2010790000 >> Requesting for the AHB bus...
2011565000 >> AHB granted, starting recovery...
2030765000 >> Recovery done, continuing...
2030865000 >> Requesting for the AHB bus...
2031640000 >> AHB granted, starting recovery...
2050840000 >> Recovery done, continuing...
2050940000 >> Requesting for the AHB bus...
2051715000 >> AHB granted, starting recovery...
2070915000 >> Recovery done, continuing...
2071015000 >> Requesting for the AHB bus...
2071790000 >> AHB granted, starting recovery...
2090990000 >> Recovery done, continuing...
2091090000 >> Requesting for the AHB bus...
2091865000 >> AHB granted, starting recovery...
2111065000 >> Recovery done, continuing...
2111165000 >> Requesting for the AHB bus...
2111940000 >> AHB granted, starting recovery...
2131140000 >> Recovery done, continuing...
2131240000 >> Requesting for the AHB bus...
2132015000 >> AHB granted, starting recovery...
2151215000 >> Recovery done, continuing...
2151315000 >> Requesting for the AHB bus...
2152090000 >> AHB granted, starting recovery...
2171290000 >> Recovery done, continuing...
2171390000 >> Requesting for the AHB bus...
2172165000 >> AHB granted, starting recovery...
2191365000 >> Recovery done, continuing...
2191465000 >> Requesting for the AHB bus...
2192240000 >> AHB granted, starting recovery...
2211440000 >> Recovery done, continuing...
2211540000 >> Requesting for the AHB bus...
2212315000 >> AHB granted, starting recovery...
2231515000 >> Recovery done, continuing...
2231615000 >> Requesting for the AHB bus...
2232390000 >> AHB granted, starting recovery...
2251590000 >> Recovery done, continuing...
2251690000 >> Requesting for the AHB bus...
2252465000 >> AHB granted, starting recovery...
2271665000 >> Recovery done, continuing...
2271765000 >> Requesting for the AHB bus...
2272540000 >> AHB granted, starting recovery...
2291740000 >> Recovery done, continuing...
2291840000 >> Requesting for the AHB bus...
2292615000 >> AHB granted, starting recovery...
2311815000 >> Recovery done, continuing...
2311915000 >> Requesting for the AHB bus...
2312690000 >> AHB granted, starting recovery...
2331890000 >> Recovery done, continuing...
2331990000 >> Requesting for the AHB bus...
2332765000 >> AHB granted, starting recovery...
2351965000 >> Recovery done, continuing...
2352065000 >> Requesting for the AHB bus...
2352840000 >> AHB granted, starting recovery...
2372040000 >> Recovery done, continuing...
2372140000 >> Requesting for the AHB bus...
2372915000 >> AHB granted, starting recovery...
2392115000 >> Recovery done, continuing...
2392215000 >> Requesting for the AHB bus...
2392990000 >> AHB granted, starting recovery...
2412190000 >> Recovery done, continuing...
2412290000 >> Requesting for the AHB bus...
2413065000 >> AHB granted, starting recovery...
2432265000 >> Recovery done, continuing...
2432365000 >> Requesting for the AHB bus...
2433315000 >> AHB granted, starting recovery...
2452515000 >> Recovery done, continuing...
2452615000 >> Requesting for the AHB bus...
2453390000 >> AHB granted, starting recovery...
2472590000 >> Recovery done, continuing...
2472690000 >> Requesting for the AHB bus...
2473465000 >> AHB granted, starting recovery...
2492665000 >> Recovery done, continuing...
2492765000 >> Requesting for the AHB bus...
2493540000 >> AHB granted, starting recovery...
2512740000 >> Recovery done, continuing...
2512840000 >> Requesting for the AHB bus...
2513615000 >> AHB granted, starting recovery...
2532815000 >> Recovery done, continuing...
2532915000 >> Requesting for the AHB bus...
2533690000 >> AHB granted, starting recovery...
2552890000 >> Recovery done, continuing...
2552990000 >> Requesting for the AHB bus...
2553765000 >> AHB granted, starting recovery...
2572965000 >> Recovery done, continuing...
2573065000 >> Requesting for the AHB bus...
2573840000 >> AHB granted, starting recovery...
2593040000 >> Recovery done, continuing...
2593140000 >> Requesting for the AHB bus...
2593915000 >> AHB granted, starting recovery...
2613115000 >> Recovery done, continuing...
2613215000 >> Requesting for the AHB bus...
2613990000 >> AHB granted, starting recovery...
2633190000 >> Recovery done, continuing...
2633290000 >> Requesting for the AHB bus...
2634065000 >> AHB granted, starting recovery...
2653265000 >> Recovery done, continuing...
2653365000 >> Requesting for the AHB bus...
2654140000 >> AHB granted, starting recovery...
2673340000 >> Recovery done, continuing...
2673440000 >> Requesting for the AHB bus...
2674215000 >> AHB granted, starting recovery...
2693415000 >> Recovery done, continuing...
2693515000 >> Requesting for the AHB bus...
2694290000 >> AHB granted, starting recovery...
2713490000 >> Recovery done, continuing...
2713590000 >> Requesting for the AHB bus...
2714365000 >> AHB granted, starting recovery...
2733565000 >> Recovery done, continuing...
2733665000 >> Requesting for the AHB bus...
2734440000 >> AHB granted, starting recovery...
2737215000 >> time limit reached...
/testbench/cpu/l3/u0/leon3x0/vhdl/p0/iu/r.w.wreg:0
/testbench/cpu/l3/u0/leon3x0/vhdl/p0/iu/r.m.irqen:1
/testbench/cpu/l3/u0/leon3x0/vhdl/p0/iu/r.m.icc:0000
/testbench/cpu/l3/u0/leon3x0/vhdl/p0/iu/r.a.ticc:0
/testbench/cpu/l3/u0/leon3x0/vhdl/p0/iu/r.a.step:0
/testbench/cpu/l3/u0/leon3x0/vhdl/p0/iu/r.m.irqen2:1
/testbench/cpu/l3/u0/leon3x0/vhdl/p0/iu/r.d.pc:01000000000000000000001000000000
/testbench/cpu/l3/u0/leon3x0/vhdl/p0/iu/r.d.rexpl:{{00000000000000000000000000000000} {00} {0} 0 0 {0000000000000000000} 0 0 0 0 0 0}
/testbench/cpu/l3/u0/leon3x0/vhdl/p0/iu/r.d.mexc:0
/testbench/cpu/l3/u0/leon3x0/vhdl/p0/iu/r.a.aw:0
/testbench/cpu/l3/u0/leon3x0/vhdl/p0/iu/r.e.ctrl:{{01000000000000000000000111111100} {10000011001010000110000000011000} {00} {10000001} {000000} 0 1 0 0 0 0 0 0 0}
/testbench/cpu/l3/u0/leon3x0/vhdl/p0/iu/r.a.divstart:0
/testbench/cpu/l3/u0/leon3x0/vhdl/p0/iu/r.e.shleft:1
/testbench/cpu/l3/u0/leon3x0/vhdl/p0/iu/r.a.bp:0
/testbench/cpu/l3/u0/leon3x0/vhdl/p0/iu/r.w.twcwp:000
/testbench/cpu/l3/u0/leon3x0/vhdl/p0/iu/r.a.jmpl:0
/testbench/cpu/l3/u0/leon3x0/vhdl/p0/iu/r.m.casa:0
/testbench/cpu/l3/u0/leon3x0/vhdl/p0/iu/r.m.werr:0
/testbench/cpu/l3/u0/leon3x0/vhdl/p0/iu/r.e.su:1
/testbench/cpu/l3/u0/leon3x0/vhdl/p0/iu/r.e.et:1
/testbench/cpu/l3/u0/leon3x0/vhdl/p0/iu/r.a.ldcheck1:1
/testbench/cpu/l3/u0/leon3x0/vhdl/p0/iu/r.d.stwin:000
/testbench/cpu/l3/u0/leon3x0/vhdl/p0/iu/r.a.ldcheck2:0
/testbench/cpu/l3/u0/leon3x0/vhdl/p0/iu/r.x.intack:0
/testbench/cpu/l3/u0/leon3x0/vhdl/p0/iu/r.m.ctrl:{{01000000000000000000000111111000} {11000010000010000100000000000000} {00} {10000001} {000000} 0 0 1 0 0 1 1 0 0}
/testbench/cpu/l3/u0/leon3x0/vhdl/p0/iu/r.a.cwp:101
/testbench/cpu/l3/u0/leon3x0/vhdl/p0/iu/r.e.sari:0
/testbench/cpu/l3/u0/leon3x0/vhdl/p0/iu/r.d.paw:0
/testbench/cpu/l3/u0/leon3x0/vhdl/p0/iu/r.d.aw:0
/testbench/cpu/l3/u0/leon3x0/vhdl/p0/iu/r.d.awp:000
/testbench/cpu/l3/u0/leon3x0/vhdl/p0/iu/r.x.ctrl:{{01000000000000000000000111110100} {00000000000000000000000000000000} {00} {10000000} {000000} 0 1 0 0 0 0 0 0 0}
/testbench/cpu/l3/u0/leon3x0/vhdl/p0/iu/r.m.rexnalign:0
/testbench/cpu/l3/u0/leon3x0/vhdl/p0/iu/r.m.su:1
/testbench/cpu/l3/u0/leon3x0/vhdl/p0/iu/r.m.wcwp:0
/testbench/cpu/l3/u0/leon3x0/vhdl/p0/iu/r.d.divrdy:0
/testbench/cpu/l3/u0/leon3x0/vhdl/p0/iu/r.e.cwp:101
/testbench/cpu/l3/u0/leon3x0/vhdl/p0/iu/r.w.except:0
/testbench/cpu/l3/u0/leon3x0/vhdl/p0/iu/r.x.nerror:0
/testbench/cpu/l3/u0/leon3x0/vhdl/p0/iu/r.a.bpimiss:0
/testbench/cpu/l3/u0/leon3x0/vhdl/p0/iu/r.a.nobp:0
/testbench/cpu/l3/u0/leon3x0/vhdl/p0/iu/r.d.rexcnt:0
/testbench/cpu/l3/u0/leon3x0/vhdl/p0/iu/r.w.s:{{101} {0000} {00000000} {01000000000000000000} {00000010} {0000} 0 0 1 1 1 {00000000000000000000000000000000} {UUUUUUUUUUUUUUUUUUUUUUUUUUUUUUUU} 1 0 0 1 1 1 0 0 {000} {000} {111}}
/testbench/cpu/l3/u0/leon3x0/vhdl/p0/iu/r.d.pv:1
/testbench/cpu/l3/u0/leon3x0/vhdl/p0/iu/r.a.ldchkra:1
/testbench/cpu/l3/u0/leon3x0/vhdl/p0/iu/r.a.rfa1:10000001
/testbench/cpu/l3/u0/leon3x0/vhdl/p0/iu/r.a.rfa2:01101000
/testbench/cpu/l3/u0/leon3x0/vhdl/p0/iu/r.a.imm:00000000000000000000000000011000
/testbench/cpu/l3/u0/leon3x0/vhdl/p0/iu/r.w.wa:10000001
/testbench/cpu/l3/u0/leon3x0/vhdl/p0/iu/r.m.casaz:0
/testbench/cpu/l3/u0/leon3x0/vhdl/p0/iu/r.x.dci:{0 0 1 0 0 0 {10} {00001011}}
/testbench/cpu/l3/u0/leon3x0/vhdl/p0/iu/r.x.mac:0
/testbench/cpu/l3/u0/leon3x0/vhdl/p0/iu/r.m.divz:0
/testbench/cpu/l3/u0/leon3x0/vhdl/p0/iu/r.d.inst:{{00000000000000000000000000000000}}
/testbench/cpu/l3/u0/leon3x0/vhdl/p0/iu/r.e.rfe1:0
/testbench/cpu/l3/u0/leon3x0/vhdl/p0/iu/r.a.wovf:0
/testbench/cpu/l3/u0/leon3x0/vhdl/p0/iu/r.e.rfe2:0
/testbench/cpu/l3/u0/leon3x0/vhdl/p0/iu/r.e.op1:01000000000000000001001001001011
/testbench/cpu/l3/u0/leon3x0/vhdl/p0/iu/r.m.nalign:1
/testbench/cpu/l3/u0/leon3x0/vhdl/p0/iu/r.e.op2:00000000000000000000000000011000
/testbench/cpu/l3/u0/leon3x0/vhdl/p0/iu/r.d.rexen:0
/testbench/cpu/l3/u0/leon3x0/vhdl/p0/iu/r.a.ctrl:{{01000000000000000000000111111100} {10000011001010000110000000011000} {00} {10000001} {000000} 0 0 1 0 0 0 1 0 0}
/testbench/cpu/l3/u0/leon3x0/vhdl/p0/iu/r.x.ipend:0
/testbench/cpu/l3/u0/leon3x0/vhdl/p0/iu/r.e.ldbp1:0
/testbench/cpu/l3/u0/leon3x0/vhdl/p0/iu/r.e.aluadd:1
/testbench/cpu/l3/u0/leon3x0/vhdl/p0/iu/r.d.set:0
/testbench/cpu/l3/u0/leon3x0/vhdl/p0/iu/r.d.inull:0
/testbench/cpu/l3/u0/leon3x0/vhdl/p0/iu/r.e.ldbp2:0
/testbench/cpu/l3/u0/leon3x0/vhdl/p0/iu/r.d.cnt:00
/testbench/cpu/l3/u0/leon3x0/vhdl/p0/iu/r.a.su:1
/testbench/cpu/l3/u0/leon3x0/vhdl/p0/iu/r.a.et:1
/testbench/cpu/l3/u0/leon3x0/vhdl/p0/iu/r.e.mul:0
/testbench/cpu/l3/u0/leon3x0/vhdl/p0/iu/r.e.alusel:01
/testbench/cpu/l3/u0/leon3x0/vhdl/p0/iu/r.e.aw:U
/testbench/cpu/l3/u0/leon3x0/vhdl/p0/iu/r.e.mac:0
/testbench/cpu/l3/u0/leon3x0/vhdl/p0/iu/r.a.decill:0
/testbench/cpu/l3/u0/leon3x0/vhdl/p0/iu/r.x.icc:0000
/testbench/cpu/l3/u0/leon3x0/vhdl/p0/iu/r.x.result:00000000000000000000000000000000
/testbench/cpu/l3/u0/leon3x0/vhdl/p0/iu/r.e.bp:0
/testbench/cpu/l3/u0/leon3x0/vhdl/p0/iu/r.a.rs1:00001
/testbench/cpu/l3/u0/leon3x0/vhdl/p0/iu/r.e.jmpl:0
/testbench/cpu/l3/u0/leon3x0/vhdl/p0/iu/r.a.rsel1:010
/testbench/cpu/l3/u0/leon3x0/vhdl/p0/iu/r.x.y:00000000000000000000000000000000
/testbench/cpu/l3/u0/leon3x0/vhdl/p0/iu/r.a.rsel2:100
/testbench/cpu/l3/u0/leon3x0/vhdl/p0/iu/r.a.awp:000
/testbench/cpu/l3/u0/leon3x0/vhdl/p0/iu/r.a.paw:0
/testbench/cpu/l3/u0/leon3x0/vhdl/p0/iu/r.x.data:{{01000000000000000001001001001010}}
/testbench/cpu/l3/u0/leon3x0/vhdl/p0/iu/r.m.mul:0
/testbench/cpu/l3/u0/leon3x0/vhdl/p0/iu/r.e.rd:UUUUU
/testbench/cpu/l3/u0/leon3x0/vhdl/p0/iu/r.e.invop2:1
/testbench/cpu/l3/u0/leon3x0/vhdl/p0/iu/r.m.wawp:0
/testbench/cpu/l3/u0/leon3x0/vhdl/p0/iu/r.d.cwpmax:111
/testbench/cpu/l3/u0/leon3x0/vhdl/p0/iu/r.f.branch:0
/testbench/cpu/l3/u0/leon3x0/vhdl/p0/iu/r.d.pcheld:0
/testbench/cpu/l3/u0/leon3x0/vhdl/p0/iu/r.m.dci:{0 1 1 0 0 0 {00} {00001011}}
/testbench/cpu/l3/u0/leon3x0/vhdl/p0/iu/r.e.paw:U
/testbench/cpu/l3/u0/leon3x0/vhdl/p0/iu/r.e.awp:UUU
/testbench/cpu/l3/u0/leon3x0/vhdl/p0/iu/r.e.shcnt:00111
/testbench/cpu/l3/u0/leon3x0/vhdl/p0/iu/r.w.result:01000000000000000001001001001011
/testbench/cpu/l3/u0/leon3x0/vhdl/p0/iu/r.m.mac:0
/testbench/cpu/l3/u0/leon3x0/vhdl/p0/iu/r.m.y:00000000000000000000000000000000
/testbench/cpu/l3/u0/leon3x0/vhdl/p0/iu/r.d.cwp:101
/testbench/cpu/l3/u0/leon3x0/vhdl/p0/iu/r.x.laddr:00
/testbench/cpu/l3/u0/leon3x0/vhdl/p0/iu/r.e.mulstep:0
/testbench/cpu/l3/u0/leon3x0/vhdl/p0/iu/r.e.ymsb:1
/testbench/cpu/l3/u0/leon3x0/vhdl/p0/iu/r.d.rexbuf:00000000000000000000000000000000
/testbench/cpu/l3/u0/leon3x0/vhdl/p0/iu/r.x.npc:100
/testbench/cpu/l3/u0/leon3x0/vhdl/p0/iu/r.f.pc:01000000000000000000001000000100
/testbench/cpu/l3/u0/leon3x0/vhdl/p0/iu/r.d.annul:0
/testbench/cpu/l3/u0/leon3x0/vhdl/p0/iu/r.x.rstate:run
/testbench/cpu/l3/u0/leon3x0/vhdl/p0/iu/r.x.set:0
/testbench/cpu/l3/u0/leon3x0/vhdl/p0/iu/r.m.result:01000000000000000001001001001011
/testbench/cpu/l3/u0/leon3x0/vhdl/p0/iu/r.e.icc:UUUU
/testbench/cpu/l3/u0/leon3x0/vhdl/p0/iu/r.a.getpc:0
/testbench/cpu/l3/u0/leon3x0/vhdl/p0/iu/r.a.ldchkex:1
/testbench/cpu/l3/u0/leon3x0/vhdl/p0/iu/r.x.mexc:0
/testbench/cpu/l3/u0/leon3x0/vhdl/p0/iu/r.a.mulstart:0
/testbench/cpu/l3/u0/leon3x0/vhdl/p0/iu/r.d.rexpos:10
/testbench/cpu/l3/u0/leon3x0/vhdl/p0/iu/r.x.annul_all:0
/testbench/cpu/l3/u0/leon3x0/vhdl/p0/iu/r.e.aluop:001
/testbench/cpu/l3/u0/leon3x0/vhdl/p0/iu/r.x.debug:0
/testbench/cpu/l3/u0/leon3x0/vhdl/p0/iu/r.a.rfe1:0
/testbench/cpu/l3/u0/leon3x0/vhdl/p0/iu/r.d.step:0
/testbench/cpu/l3/u0/leon3x0/vhdl/p0/iu/r.a.rfe2:0
/testbench/cpu/l3/u0/leon3x0/vhdl/p0/iu/r.e.alucin:0
/testbench/cpu/l3/u0/leon3x0/vhdl/p0/iu/r.a.wunf:0
compare to golden: 1
======================================
progstatus: -2
execerr: 95
latent: 1
time limit!
>>>>>>>>>>>>>>> 2737215000
======================================
