Test signal = /testbench/cpu/l3/cpu(0)/u0/leon3x0/vhdl/p0/iu/r.f.pc
oldval = 01000000000000000000000010001000
pos1: 28 pos0: 31 posU: -1
newval = 01000000000000000000000010000000
force in 4008260
672,390 ns >> iteration no: 0
3,580,890 ns >> iteration no: 1
Signal value: 01000000000000000000001010000100
oldval = 01000000000000000000001010000100
pos1: 29 pos0: 31 posU: -1
newval = 01000000000000000000001010000000
6,489,540 ns >> iteration no: 2
9,240,490 ns >> iteration no: 3
12,149,790 ns >> iteration no: 4
15,057,715 ns >> prog fin.
compare to golden: 1
======================================
progstatus: 1
execerr: 0
latent: 1
program execution success!
total iterations: 5
>>>>>>>>>>>>>>> 15057715000
======================================
