Test signal = /testbench/cpu/l3/cpu(0)/u0/leon3x0/vhdl/p0/iu/r.e.ldbp1
oldval = 0
pos1: -1 pos0: 0 posU: -1
newval = 1
force in 2323798
672,390 ns >> iteration no: 0
Signal value: 0
oldval = 0
pos1: -1 pos0: 0 posU: -1
newval = 1
3,580,890 ns >> iteration no: 1
Error detected -> Trying to recover
Successful recovery -> Returning to normal execution
6,518,315 ns >> iteration no: 2
9,427,140 ns >> iteration no: 3
12,336,090 ns >> iteration no: 4
15,244,090 ns >> prog fin.
compare to golden: 1
======================================
progstatus: 1
execerr: 1
latent: 1
program execution success!
total iterations: 5
>>>>>>>>>>>>>>> 15244090000
======================================
