Test signal = /testbench/cpu/l3/cpu(0)/u0/leon3x0/vhdl/p0/iu/r.d.pc
oldval = 01000000000000000000000010000100
pos1: 29 pos0: 31 posU: -1
newval = 01000000000000000000000010000000
force in 4306410
672,390 ns >> iteration no: 0
3,580,890 ns >> iteration no: 1
Signal value: 01000000000000000000001001110100
oldval = 01000000000000000000001001110100
pos1: 29 pos0: 31 posU: -1
newval = 01000000000000000000001001110000
6,489,540 ns >> iteration no: 2
9,398,490 ns >> iteration no: 3
12,307,140 ns >> iteration no: 4
15,215,565 ns >> prog fin.
compare to golden: 1
======================================
progstatus: 1
execerr: 0
latent: 1
program execution success!
total iterations: 5
>>>>>>>>>>>>>>> 15215565000
======================================
