Test signal = /testbench/cpu/l3/cpu(0)/u0/leon3x0/vhdl/p0/iu/r.w.wa
oldval = 10000001
pos1: 7 pos0: 6 posU: -1
newval = 10000000
force in 3989040
645,740 ns >> iteration no: 0
3,554,840 ns >> iteration no: 1
Signal value: 10000001
oldval = 10000001
pos1: 7 pos0: 6 posU: -1
newval = 10000000
6,463,740 ns >> iteration no: 2
9,372,440 ns >> iteration no: 3
12,281,340 ns >> iteration no: 4
15,189,540 ns >> prog fin.
compare to golden: 1
======================================
progstatus: 1
execerr: 0
latent: 1
program execution success!
total iterations: 5
>>>>>>>>>>>>>>> 15189540000
======================================
