Test signal = /testbench/cpu/l3/u0/leon3x0/vhdl/p0/iu/r.a.rsel2
oldval = 101
pos1: 2 pos0: 1 posU: -1
newval = 100
Signal value: 000
oldval = 000
pos1: -1 pos0: 2 posU: -1
newval = 001
force in 695182
586290000 >> iteration no: 0
1277565000 >> Requesting for the AHB bus...
1278565000 >> AHB granted, starting recovery...
1297765000 >> Recovery done, continuing...
1297815000 >> Requesting for the AHB bus...
1298640000 >> AHB granted, starting recovery...
1317840000 >> Recovery done, continuing...
1317890000 >> Requesting for the AHB bus...
1318715000 >> AHB granted, starting recovery...
1337915000 >> Recovery done, continuing...
1337965000 >> Requesting for the AHB bus...
1338915000 >> AHB granted, starting recovery...
1358115000 >> Recovery done, continuing...
1358165000 >> Requesting for the AHB bus...
1358990000 >> AHB granted, starting recovery...
1378190000 >> Recovery done, continuing...
1378240000 >> Requesting for the AHB bus...
1379065000 >> AHB granted, starting recovery...
1398265000 >> Recovery done, continuing...
1398315000 >> Requesting for the AHB bus...
1399140000 >> AHB granted, starting recovery...
1418340000 >> Recovery done, continuing...
1418390000 >> Requesting for the AHB bus...
1419215000 >> AHB granted, starting recovery...
1438415000 >> Recovery done, continuing...
1438465000 >> Requesting for the AHB bus...
1439290000 >> AHB granted, starting recovery...
1458490000 >> Recovery done, continuing...
1458540000 >> Requesting for the AHB bus...
1459365000 >> AHB granted, starting recovery...
1478565000 >> Recovery done, continuing...
1478615000 >> Requesting for the AHB bus...
1479440000 >> AHB granted, starting recovery...
1498640000 >> Recovery done, continuing...
1498690000 >> Requesting for the AHB bus...
1499515000 >> AHB granted, starting recovery...
1518715000 >> Recovery done, continuing...
1518765000 >> Requesting for the AHB bus...
1519590000 >> AHB granted, starting recovery...
1538790000 >> Recovery done, continuing...
1538840000 >> Requesting for the AHB bus...
1539665000 >> AHB granted, starting recovery...
1558865000 >> Recovery done, continuing...
1558915000 >> Requesting for the AHB bus...
1559740000 >> AHB granted, starting recovery...
1578940000 >> Recovery done, continuing...
1578990000 >> Requesting for the AHB bus...
1579815000 >> AHB granted, starting recovery...
1599015000 >> Recovery done, continuing...
1599065000 >> Requesting for the AHB bus...
1599890000 >> AHB granted, starting recovery...
1619090000 >> Recovery done, continuing...
1619140000 >> Requesting for the AHB bus...
1619965000 >> AHB granted, starting recovery...
1639165000 >> Recovery done, continuing...
1639215000 >> Requesting for the AHB bus...
1640040000 >> AHB granted, starting recovery...
1659240000 >> Recovery done, continuing...
1659290000 >> Requesting for the AHB bus...
1660115000 >> AHB granted, starting recovery...
1679315000 >> Recovery done, continuing...
1679365000 >> Requesting for the AHB bus...
1680190000 >> AHB granted, starting recovery...
1699390000 >> Recovery done, continuing...
1699440000 >> Requesting for the AHB bus...
1700265000 >> AHB granted, starting recovery...
1719465000 >> Recovery done, continuing...
1719515000 >> Requesting for the AHB bus...
1720340000 >> AHB granted, starting recovery...
1739540000 >> Recovery done, continuing...
1739590000 >> Requesting for the AHB bus...
1740415000 >> AHB granted, starting recovery...
1759615000 >> Recovery done, continuing...
1759665000 >> Requesting for the AHB bus...
1760490000 >> AHB granted, starting recovery...
1779690000 >> Recovery done, continuing...
1779740000 >> Requesting for the AHB bus...
1780565000 >> AHB granted, starting recovery...
1799765000 >> Recovery done, continuing...
1799815000 >> Requesting for the AHB bus...
1800640000 >> AHB granted, starting recovery...
1819840000 >> Recovery done, continuing...
1819890000 >> Requesting for the AHB bus...
1820715000 >> AHB granted, starting recovery...
1839915000 >> Recovery done, continuing...
1839965000 >> Requesting for the AHB bus...
1840790000 >> AHB granted, starting recovery...
1859990000 >> Recovery done, continuing...
1860040000 >> Requesting for the AHB bus...
1860865000 >> AHB granted, starting recovery...
1880065000 >> Recovery done, continuing...
1880115000 >> Requesting for the AHB bus...
1880940000 >> AHB granted, starting recovery...
1900140000 >> Recovery done, continuing...
1900190000 >> Requesting for the AHB bus...
1901015000 >> AHB granted, starting recovery...
1920215000 >> Recovery done, continuing...
1920265000 >> Requesting for the AHB bus...
1921090000 >> AHB granted, starting recovery...
1940290000 >> Recovery done, continuing...
1940340000 >> Requesting for the AHB bus...
1941165000 >> AHB granted, starting recovery...
1960365000 >> Recovery done, continuing...
1960415000 >> Requesting for the AHB bus...
1961240000 >> AHB granted, starting recovery...
1980440000 >> Recovery done, continuing...
1980490000 >> Requesting for the AHB bus...
1981315000 >> AHB granted, starting recovery...
2000515000 >> Recovery done, continuing...
2000565000 >> Requesting for the AHB bus...
2001390000 >> AHB granted, starting recovery...
2020590000 >> Recovery done, continuing...
2020640000 >> Requesting for the AHB bus...
2021465000 >> AHB granted, starting recovery...
2040665000 >> Recovery done, continuing...
2040715000 >> Requesting for the AHB bus...
2041540000 >> AHB granted, starting recovery...
2060740000 >> Recovery done, continuing...
2060790000 >> Requesting for the AHB bus...
2061615000 >> AHB granted, starting recovery...
2080815000 >> Recovery done, continuing...
2080865000 >> Requesting for the AHB bus...
2081690000 >> AHB granted, starting recovery...
2100890000 >> Recovery done, continuing...
2100940000 >> Requesting for the AHB bus...
2101765000 >> AHB granted, starting recovery...
2120965000 >> Recovery done, continuing...
2121015000 >> Requesting for the AHB bus...
2121840000 >> AHB granted, starting recovery...
2141040000 >> Recovery done, continuing...
2141090000 >> Requesting for the AHB bus...
2141915000 >> AHB granted, starting recovery...
2161115000 >> Recovery done, continuing...
2161165000 >> Requesting for the AHB bus...
2161990000 >> AHB granted, starting recovery...
2181190000 >> Recovery done, continuing...
2181240000 >> Requesting for the AHB bus...
2182065000 >> AHB granted, starting recovery...
2201265000 >> Recovery done, continuing...
2201315000 >> Requesting for the AHB bus...
2202140000 >> AHB granted, starting recovery...
2221340000 >> Recovery done, continuing...
2221390000 >> Requesting for the AHB bus...
2222215000 >> AHB granted, starting recovery...
2241415000 >> Recovery done, continuing...
2241465000 >> Requesting for the AHB bus...
2242290000 >> AHB granted, starting recovery...
2261490000 >> Recovery done, continuing...
2261540000 >> Requesting for the AHB bus...
2262365000 >> AHB granted, starting recovery...
2281565000 >> Recovery done, continuing...
2281615000 >> Requesting for the AHB bus...
2282440000 >> AHB granted, starting recovery...
2301640000 >> Recovery done, continuing...
2301690000 >> Requesting for the AHB bus...
2302515000 >> AHB granted, starting recovery...
2321715000 >> Recovery done, continuing...
2321765000 >> Requesting for the AHB bus...
2322590000 >> AHB granted, starting recovery...
2341790000 >> Recovery done, continuing...
2341840000 >> Requesting for the AHB bus...
2342665000 >> AHB granted, starting recovery...
2361865000 >> Recovery done, continuing...
2361915000 >> Requesting for the AHB bus...
2362915000 >> AHB granted, starting recovery...
2382115000 >> Recovery done, continuing...
2382165000 >> Requesting for the AHB bus...
2382990000 >> AHB granted, starting recovery...
2402190000 >> Recovery done, continuing...
2402240000 >> Requesting for the AHB bus...
2403065000 >> AHB granted, starting recovery...
2422265000 >> Recovery done, continuing...
2422315000 >> Requesting for the AHB bus...
2423140000 >> AHB granted, starting recovery...
2442340000 >> Recovery done, continuing...
2442390000 >> Requesting for the AHB bus...
2443215000 >> AHB granted, starting recovery...
2462415000 >> Recovery done, continuing...
2462465000 >> Requesting for the AHB bus...
2463290000 >> AHB granted, starting recovery...
2482490000 >> Recovery done, continuing...
2482540000 >> Requesting for the AHB bus...
2483365000 >> AHB granted, starting recovery...
2502565000 >> Recovery done, continuing...
2502615000 >> Requesting for the AHB bus...
2503440000 >> AHB granted, starting recovery...
2522640000 >> Recovery done, continuing...
2522690000 >> Requesting for the AHB bus...
2523515000 >> AHB granted, starting recovery...
2542715000 >> Recovery done, continuing...
2542765000 >> Requesting for the AHB bus...
2543590000 >> AHB granted, starting recovery...
2562790000 >> Recovery done, continuing...
2562840000 >> Requesting for the AHB bus...
2563665000 >> AHB granted, starting recovery...
2582865000 >> Recovery done, continuing...
2582915000 >> Requesting for the AHB bus...
2583740000 >> AHB granted, starting recovery...
2602940000 >> Recovery done, continuing...
2602990000 >> Requesting for the AHB bus...
2603815000 >> AHB granted, starting recovery...
2623015000 >> Recovery done, continuing...
2623065000 >> Requesting for the AHB bus...
2623890000 >> AHB granted, starting recovery...
2643090000 >> Recovery done, continuing...
2643140000 >> Requesting for the AHB bus...
2643965000 >> AHB granted, starting recovery...
2663165000 >> Recovery done, continuing...
2663215000 >> Requesting for the AHB bus...
2664040000 >> AHB granted, starting recovery...
2683240000 >> Recovery done, continuing...
2683290000 >> Requesting for the AHB bus...
2684115000 >> AHB granted, starting recovery...
2703315000 >> Recovery done, continuing...
2703365000 >> Requesting for the AHB bus...
2704190000 >> AHB granted, starting recovery...
2723390000 >> Recovery done, continuing...
2723440000 >> Requesting for the AHB bus...
2724265000 >> AHB granted, starting recovery...
2743465000 >> Recovery done, continuing...
2743515000 >> Requesting for the AHB bus...
2744340000 >> AHB granted, starting recovery...
2763540000 >> Recovery done, continuing...
2763590000 >> Requesting for the AHB bus...
2764415000 >> AHB granted, starting recovery...
2783615000 >> Recovery done, continuing...
2783665000 >> Requesting for the AHB bus...
2784490000 >> AHB granted, starting recovery...
2803690000 >> Recovery done, continuing...
2803740000 >> Requesting for the AHB bus...
2804565000 >> AHB granted, starting recovery...
2823765000 >> Recovery done, continuing...
2823815000 >> Requesting for the AHB bus...
2824640000 >> AHB granted, starting recovery...
2843840000 >> Recovery done, continuing...
2843890000 >> Requesting for the AHB bus...
2844715000 >> AHB granted, starting recovery...
2863915000 >> Recovery done, continuing...
2863965000 >> Requesting for the AHB bus...
2864790000 >> AHB granted, starting recovery...
2883990000 >> Recovery done, continuing...
2884040000 >> Requesting for the AHB bus...
2884865000 >> AHB granted, starting recovery...
2904065000 >> Recovery done, continuing...
2904115000 >> Requesting for the AHB bus...
2904940000 >> AHB granted, starting recovery...
2924140000 >> Recovery done, continuing...
2924190000 >> Requesting for the AHB bus...
2925015000 >> AHB granted, starting recovery...
2944215000 >> Recovery done, continuing...
2944265000 >> Requesting for the AHB bus...
2945090000 >> AHB granted, starting recovery...
2964290000 >> Recovery done, continuing...
2964340000 >> Requesting for the AHB bus...
2965165000 >> AHB granted, starting recovery...
2984365000 >> Recovery done, continuing...
2984415000 >> Requesting for the AHB bus...
2985240000 >> AHB granted, starting recovery...
3004440000 >> Recovery done, continuing...
3004490000 >> Requesting for the AHB bus...
3005315000 >> AHB granted, starting recovery...
3024515000 >> Recovery done, continuing...
3024565000 >> Requesting for the AHB bus...
3025390000 >> AHB granted, starting recovery...
3044590000 >> Recovery done, continuing...
3044640000 >> Requesting for the AHB bus...
3045465000 >> AHB granted, starting recovery...
3064665000 >> Recovery done, continuing...
3064715000 >> Requesting for the AHB bus...
3065540000 >> AHB granted, starting recovery...
3084740000 >> Recovery done, continuing...
3084790000 >> Requesting for the AHB bus...
3085615000 >> AHB granted, starting recovery...
3104815000 >> Recovery done, continuing...
3104865000 >> Requesting for the AHB bus...
3105690000 >> AHB granted, starting recovery...
3124890000 >> Recovery done, continuing...
3124940000 >> Requesting for the AHB bus...
3125765000 >> AHB granted, starting recovery...
3144965000 >> Recovery done, continuing...
3145015000 >> Requesting for the AHB bus...
3145840000 >> AHB granted, starting recovery...
3165040000 >> Recovery done, continuing...
3165090000 >> Requesting for the AHB bus...
3165915000 >> AHB granted, starting recovery...
3185115000 >> Recovery done, continuing...
3185165000 >> Requesting for the AHB bus...
3185990000 >> AHB granted, starting recovery...
3205190000 >> Recovery done, continuing...
3205240000 >> Requesting for the AHB bus...
3206065000 >> AHB granted, starting recovery...
3225265000 >> Recovery done, continuing...
3225315000 >> Requesting for the AHB bus...
3226140000 >> AHB granted, starting recovery...
3245340000 >> Recovery done, continuing...
3245390000 >> Requesting for the AHB bus...
3246215000 >> AHB granted, starting recovery...
3265415000 >> Recovery done, continuing...
3265465000 >> Requesting for the AHB bus...
3266290000 >> AHB granted, starting recovery...
3285490000 >> Recovery done, continuing...
3285540000 >> Requesting for the AHB bus...
3286365000 >> AHB granted, starting recovery...
3305565000 >> Recovery done, continuing...
3305615000 >> Requesting for the AHB bus...
3306440000 >> AHB granted, starting recovery...
3325640000 >> Recovery done, continuing...
3325690000 >> Requesting for the AHB bus...
3326515000 >> AHB granted, starting recovery...
3345715000 >> Recovery done, continuing...
3345765000 >> Requesting for the AHB bus...
3346590000 >> AHB granted, starting recovery...
3365790000 >> Recovery done, continuing...
3365840000 >> Requesting for the AHB bus...
3366665000 >> AHB granted, starting recovery...
3385865000 >> Recovery done, continuing...
3385915000 >> Requesting for the AHB bus...
3386915000 >> AHB granted, starting recovery...
3406115000 >> Recovery done, continuing...
3406165000 >> Requesting for the AHB bus...
3406990000 >> AHB granted, starting recovery...
3426190000 >> Recovery done, continuing...
3426240000 >> Requesting for the AHB bus...
3427065000 >> AHB granted, starting recovery...
3446265000 >> Recovery done, continuing...
3446315000 >> Requesting for the AHB bus...
3447140000 >> AHB granted, starting recovery...
3466340000 >> Recovery done, continuing...
3466390000 >> Requesting for the AHB bus...
3467215000 >> AHB granted, starting recovery...
3486415000 >> Recovery done, continuing...
3486465000 >> Requesting for the AHB bus...
3487290000 >> AHB granted, starting recovery...
3506490000 >> Recovery done, continuing...
3506540000 >> Requesting for the AHB bus...
3507365000 >> AHB granted, starting recovery...
3526565000 >> Recovery done, continuing...
3526615000 >> Requesting for the AHB bus...
3527440000 >> AHB granted, starting recovery...
3546640000 >> Recovery done, continuing...
3546690000 >> Requesting for the AHB bus...
3547515000 >> AHB granted, starting recovery...
3566715000 >> Recovery done, continuing...
3566765000 >> Requesting for the AHB bus...
3567590000 >> AHB granted, starting recovery...
3586790000 >> Recovery done, continuing...
3586840000 >> Requesting for the AHB bus...
3587665000 >> AHB granted, starting recovery...
3606865000 >> Recovery done, continuing...
3606915000 >> Requesting for the AHB bus...
3607740000 >> AHB granted, starting recovery...
3626940000 >> Recovery done, continuing...
3626990000 >> Requesting for the AHB bus...
3627815000 >> AHB granted, starting recovery...
3647015000 >> Recovery done, continuing...
3647065000 >> Requesting for the AHB bus...
3647890000 >> AHB granted, starting recovery...
3667090000 >> Recovery done, continuing...
3667140000 >> Requesting for the AHB bus...
3667965000 >> AHB granted, starting recovery...
3687165000 >> Recovery done, continuing...
3687215000 >> Requesting for the AHB bus...
3688040000 >> AHB granted, starting recovery...
3707240000 >> Recovery done, continuing...
3707290000 >> Requesting for the AHB bus...
3708115000 >> AHB granted, starting recovery...
3727315000 >> Recovery done, continuing...
3727365000 >> Requesting for the AHB bus...
3728190000 >> AHB granted, starting recovery...
3747390000 >> Recovery done, continuing...
3747440000 >> Requesting for the AHB bus...
3748265000 >> AHB granted, starting recovery...
3767465000 >> Recovery done, continuing...
3767515000 >> Requesting for the AHB bus...
3768340000 >> AHB granted, starting recovery...
3787540000 >> Recovery done, continuing...
3787590000 >> Requesting for the AHB bus...
3788415000 >> AHB granted, starting recovery...
3807615000 >> Recovery done, continuing...
3807665000 >> Requesting for the AHB bus...
3808490000 >> AHB granted, starting recovery...
3827690000 >> Recovery done, continuing...
3827740000 >> Requesting for the AHB bus...
3828565000 >> AHB granted, starting recovery...
3847765000 >> Recovery done, continuing...
3847815000 >> Requesting for the AHB bus...
3848640000 >> AHB granted, starting recovery...
3867840000 >> Recovery done, continuing...
3867890000 >> Requesting for the AHB bus...
3868715000 >> AHB granted, starting recovery...
3887915000 >> Recovery done, continuing...
3887965000 >> Requesting for the AHB bus...
3888790000 >> AHB granted, starting recovery...
3907990000 >> Recovery done, continuing...
3908040000 >> Requesting for the AHB bus...
3908865000 >> AHB granted, starting recovery...
3928065000 >> Recovery done, continuing...
3928115000 >> Requesting for the AHB bus...
3928940000 >> AHB granted, starting recovery...
3948140000 >> Recovery done, continuing...
3948190000 >> Requesting for the AHB bus...
3949015000 >> AHB granted, starting recovery...
3968215000 >> Recovery done, continuing...
3968265000 >> Requesting for the AHB bus...
3969090000 >> AHB granted, starting recovery...
3988290000 >> Recovery done, continuing...
3988340000 >> Requesting for the AHB bus...
3989165000 >> AHB granted, starting recovery...
4008365000 >> Recovery done, continuing...
4008415000 >> Requesting for the AHB bus...
4009240000 >> AHB granted, starting recovery...
4028440000 >> Recovery done, continuing...
4028490000 >> Requesting for the AHB bus...
4029315000 >> AHB granted, starting recovery...
4048515000 >> Recovery done, continuing...
4048565000 >> Requesting for the AHB bus...
4049390000 >> AHB granted, starting recovery...
4068590000 >> Recovery done, continuing...
4068640000 >> Requesting for the AHB bus...
4069465000 >> AHB granted, starting recovery...
4088665000 >> Recovery done, continuing...
4088715000 >> Requesting for the AHB bus...
4089540000 >> AHB granted, starting recovery...
4108740000 >> Recovery done, continuing...
4108790000 >> Requesting for the AHB bus...
4109615000 >> AHB granted, starting recovery...
4128815000 >> Recovery done, continuing...
4128865000 >> Requesting for the AHB bus...
4129690000 >> AHB granted, starting recovery...
4148890000 >> Recovery done, continuing...
4148940000 >> Requesting for the AHB bus...
4149765000 >> AHB granted, starting recovery...
4168965000 >> Recovery done, continuing...
4169015000 >> Requesting for the AHB bus...
4169840000 >> AHB granted, starting recovery...
4189040000 >> Recovery done, continuing...
4189090000 >> Requesting for the AHB bus...
4189915000 >> AHB granted, starting recovery...
4209115000 >> Recovery done, continuing...
4209165000 >> Requesting for the AHB bus...
4209990000 >> AHB granted, starting recovery...
4229190000 >> Recovery done, continuing...
4229240000 >> Requesting for the AHB bus...
4230065000 >> AHB granted, starting recovery...
4249265000 >> Recovery done, continuing...
4249315000 >> Requesting for the AHB bus...
4250140000 >> AHB granted, starting recovery...
4269340000 >> Recovery done, continuing...
4269390000 >> Requesting for the AHB bus...
4270215000 >> AHB granted, starting recovery...
4289415000 >> Recovery done, continuing...
4289465000 >> Requesting for the AHB bus...
4290290000 >> AHB granted, starting recovery...
4309490000 >> Recovery done, continuing...
4309540000 >> Requesting for the AHB bus...
4310365000 >> AHB granted, starting recovery...
4329565000 >> Recovery done, continuing...
4329615000 >> Requesting for the AHB bus...
4330440000 >> AHB granted, starting recovery...
4349640000 >> Recovery done, continuing...
4349690000 >> Requesting for the AHB bus...
4350515000 >> AHB granted, starting recovery...
4369715000 >> Recovery done, continuing...
4369765000 >> Requesting for the AHB bus...
4370590000 >> AHB granted, starting recovery...
4389790000 >> Recovery done, continuing...
4389840000 >> Requesting for the AHB bus...
4390665000 >> AHB granted, starting recovery...
4409865000 >> Recovery done, continuing...
4409915000 >> Requesting for the AHB bus...
4410915000 >> AHB granted, starting recovery...
4430115000 >> Recovery done, continuing...
4430165000 >> Requesting for the AHB bus...
4430990000 >> AHB granted, starting recovery...
4450190000 >> Recovery done, continuing...
4450240000 >> Requesting for the AHB bus...
4451065000 >> AHB granted, starting recovery...
4470265000 >> Recovery done, continuing...
4470315000 >> Requesting for the AHB bus...
4471140000 >> AHB granted, starting recovery...
4490340000 >> Recovery done, continuing...
4490390000 >> Requesting for the AHB bus...
4491215000 >> AHB granted, starting recovery...
4510415000 >> Recovery done, continuing...
4510465000 >> Requesting for the AHB bus...
4511290000 >> AHB granted, starting recovery...
4530490000 >> Recovery done, continuing...
4530540000 >> Requesting for the AHB bus...
4531365000 >> AHB granted, starting recovery...
4550565000 >> Recovery done, continuing...
4550615000 >> Requesting for the AHB bus...
4551440000 >> AHB granted, starting recovery...
4570640000 >> Recovery done, continuing...
4570690000 >> Requesting for the AHB bus...
4571515000 >> AHB granted, starting recovery...
4590715000 >> Recovery done, continuing...
4590765000 >> Requesting for the AHB bus...
4591590000 >> AHB granted, starting recovery...
4610790000 >> Recovery done, continuing...
4610840000 >> Requesting for the AHB bus...
4611665000 >> AHB granted, starting recovery...
4630865000 >> Recovery done, continuing...
4630915000 >> Requesting for the AHB bus...
4631740000 >> AHB granted, starting recovery...
4650940000 >> Recovery done, continuing...
4650990000 >> Requesting for the AHB bus...
4651815000 >> AHB granted, starting recovery...
4671015000 >> Recovery done, continuing...
4671065000 >> Requesting for the AHB bus...
4671890000 >> AHB granted, starting recovery...
4691090000 >> Recovery done, continuing...
4691140000 >> Requesting for the AHB bus...
4691965000 >> AHB granted, starting recovery...
4711165000 >> Recovery done, continuing...
4711215000 >> Requesting for the AHB bus...
4712040000 >> AHB granted, starting recovery...
4731240000 >> Recovery done, continuing...
4731290000 >> Requesting for the AHB bus...
4732115000 >> AHB granted, starting recovery...
4751315000 >> Recovery done, continuing...
4751365000 >> Requesting for the AHB bus...
4752190000 >> AHB granted, starting recovery...
4771390000 >> Recovery done, continuing...
4771440000 >> Requesting for the AHB bus...
4772265000 >> AHB granted, starting recovery...
4791465000 >> Recovery done, continuing...
4791515000 >> Requesting for the AHB bus...
4792340000 >> AHB granted, starting recovery...
4811540000 >> Recovery done, continuing...
4811590000 >> Requesting for the AHB bus...
4812415000 >> AHB granted, starting recovery...
4831615000 >> Recovery done, continuing...
4831665000 >> Requesting for the AHB bus...
4832490000 >> AHB granted, starting recovery...
4851690000 >> Recovery done, continuing...
4851740000 >> Requesting for the AHB bus...
4852565000 >> AHB granted, starting recovery...
4871765000 >> Recovery done, continuing...
4871815000 >> Requesting for the AHB bus...
4872640000 >> AHB granted, starting recovery...
4891840000 >> Recovery done, continuing...
4891890000 >> Requesting for the AHB bus...
4892715000 >> AHB granted, starting recovery...
4911915000 >> Recovery done, continuing...
4911965000 >> Requesting for the AHB bus...
4912790000 >> AHB granted, starting recovery...
4931990000 >> Recovery done, continuing...
4932040000 >> Requesting for the AHB bus...
4932865000 >> AHB granted, starting recovery...
4952065000 >> Recovery done, continuing...
4952115000 >> Requesting for the AHB bus...
4952940000 >> AHB granted, starting recovery...
4972140000 >> Recovery done, continuing...
4972190000 >> Requesting for the AHB bus...
4973015000 >> AHB granted, starting recovery...
4992215000 >> Recovery done, continuing...
4992265000 >> Requesting for the AHB bus...
4993090000 >> AHB granted, starting recovery...
5012290000 >> Recovery done, continuing...
5012340000 >> Requesting for the AHB bus...
5013165000 >> AHB granted, starting recovery...
5032365000 >> Recovery done, continuing...
5032415000 >> Requesting for the AHB bus...
5033240000 >> AHB granted, starting recovery...
5052440000 >> Recovery done, continuing...
5052490000 >> Requesting for the AHB bus...
5053315000 >> AHB granted, starting recovery...
5072515000 >> Recovery done, continuing...
5072565000 >> Requesting for the AHB bus...
5073390000 >> AHB granted, starting recovery...
5092590000 >> Recovery done, continuing...
5092640000 >> Requesting for the AHB bus...
5093465000 >> AHB granted, starting recovery...
5112665000 >> Recovery done, continuing...
5112715000 >> Requesting for the AHB bus...
5113540000 >> AHB granted, starting recovery...
5132740000 >> Recovery done, continuing...
5132790000 >> Requesting for the AHB bus...
5133615000 >> AHB granted, starting recovery...
5152815000 >> Recovery done, continuing...
5152865000 >> Requesting for the AHB bus...
5153690000 >> AHB granted, starting recovery...
5172890000 >> Recovery done, continuing...
5172940000 >> Requesting for the AHB bus...
5173765000 >> AHB granted, starting recovery...
5192965000 >> Recovery done, continuing...
5193015000 >> Requesting for the AHB bus...
5193840000 >> AHB granted, starting recovery...
5213040000 >> Recovery done, continuing...
5213090000 >> Requesting for the AHB bus...
5213915000 >> AHB granted, starting recovery...
5233115000 >> Recovery done, continuing...
5233165000 >> Requesting for the AHB bus...
5233990000 >> AHB granted, starting recovery...
5253190000 >> Recovery done, continuing...
5253240000 >> Requesting for the AHB bus...
5254065000 >> AHB granted, starting recovery...
5273265000 >> Recovery done, continuing...
5273315000 >> Requesting for the AHB bus...
5274140000 >> AHB granted, starting recovery...
5293340000 >> Recovery done, continuing...
5293390000 >> Requesting for the AHB bus...
5294215000 >> AHB granted, starting recovery...
5313415000 >> Recovery done, continuing...
5313465000 >> Requesting for the AHB bus...
5314290000 >> AHB granted, starting recovery...
5333490000 >> Recovery done, continuing...
5333540000 >> Requesting for the AHB bus...
5334365000 >> AHB granted, starting recovery...
5353565000 >> Recovery done, continuing...
5353615000 >> Requesting for the AHB bus...
5354440000 >> AHB granted, starting recovery...
5373640000 >> Recovery done, continuing...
5373690000 >> Requesting for the AHB bus...
5374515000 >> AHB granted, starting recovery...
5393715000 >> Recovery done, continuing...
5393765000 >> Requesting for the AHB bus...
5394590000 >> AHB granted, starting recovery...
5413790000 >> Recovery done, continuing...
5413840000 >> Requesting for the AHB bus...
5414665000 >> AHB granted, starting recovery...
5433865000 >> Recovery done, continuing...
5433915000 >> Requesting for the AHB bus...
5434915000 >> AHB granted, starting recovery...
5454115000 >> Recovery done, continuing...
5454165000 >> Requesting for the AHB bus...
5454990000 >> AHB granted, starting recovery...
5474190000 >> Recovery done, continuing...
5474240000 >> Requesting for the AHB bus...
5475065000 >> AHB granted, starting recovery...
5494265000 >> Recovery done, continuing...
5494315000 >> Requesting for the AHB bus...
5495140000 >> AHB granted, starting recovery...
5514340000 >> Recovery done, continuing...
5514390000 >> Requesting for the AHB bus...
5515215000 >> AHB granted, starting recovery...
5534415000 >> Recovery done, continuing...
5534465000 >> Requesting for the AHB bus...
5535290000 >> AHB granted, starting recovery...
5554490000 >> Recovery done, continuing...
5554540000 >> Requesting for the AHB bus...
5555365000 >> AHB granted, starting recovery...
5574565000 >> Recovery done, continuing...
5574615000 >> Requesting for the AHB bus...
5575440000 >> AHB granted, starting recovery...
5594640000 >> Recovery done, continuing...
5594690000 >> Requesting for the AHB bus...
5595515000 >> AHB granted, starting recovery...
5614715000 >> Recovery done, continuing...
5614765000 >> Requesting for the AHB bus...
5615590000 >> AHB granted, starting recovery...
5634790000 >> Recovery done, continuing...
5634840000 >> Requesting for the AHB bus...
5635665000 >> AHB granted, starting recovery...
5654865000 >> Recovery done, continuing...
5654915000 >> Requesting for the AHB bus...
5655740000 >> AHB granted, starting recovery...
5674940000 >> Recovery done, continuing...
5674990000 >> Requesting for the AHB bus...
5675815000 >> AHB granted, starting recovery...
5695015000 >> Recovery done, continuing...
5695065000 >> Requesting for the AHB bus...
5695890000 >> AHB granted, starting recovery...
5715090000 >> Recovery done, continuing...
5715140000 >> Requesting for the AHB bus...
5715965000 >> AHB granted, starting recovery...
5735165000 >> Recovery done, continuing...
5735215000 >> Requesting for the AHB bus...
5736040000 >> AHB granted, starting recovery...
5745715000 >> time limit reached...
/testbench/cpu/l3/u0/leon3x0/vhdl/p0/iu/r.w.wreg:0
/testbench/cpu/l3/u0/leon3x0/vhdl/p0/iu/r.m.irqen:1
/testbench/cpu/l3/u0/leon3x0/vhdl/p0/iu/r.m.icc:0000
/testbench/cpu/l3/u0/leon3x0/vhdl/p0/iu/r.a.ticc:0
/testbench/cpu/l3/u0/leon3x0/vhdl/p0/iu/r.a.step:0
/testbench/cpu/l3/u0/leon3x0/vhdl/p0/iu/r.m.irqen2:1
/testbench/cpu/l3/u0/leon3x0/vhdl/p0/iu/r.d.pc:01000000000000000000001100100100
/testbench/cpu/l3/u0/leon3x0/vhdl/p0/iu/r.d.rexpl:{{00000000000000000000000000000000} {00} {0} 0 0 {0000000000000000000} 0 0 0 0 0 0}
/testbench/cpu/l3/u0/leon3x0/vhdl/p0/iu/r.d.mexc:0
/testbench/cpu/l3/u0/leon3x0/vhdl/p0/iu/r.a.aw:0
/testbench/cpu/l3/u0/leon3x0/vhdl/p0/iu/r.e.ctrl:{{01000000000000000000001100100000} {11000100000001111010000001000100} {00} {10000010} {000000} 0 0 1 0 0 1 1 0 0}
/testbench/cpu/l3/u0/leon3x0/vhdl/p0/iu/r.a.divstart:0
/testbench/cpu/l3/u0/leon3x0/vhdl/p0/iu/r.e.shleft:0
/testbench/cpu/l3/u0/leon3x0/vhdl/p0/iu/r.a.bp:0
/testbench/cpu/l3/u0/leon3x0/vhdl/p0/iu/r.w.twcwp:000
/testbench/cpu/l3/u0/leon3x0/vhdl/p0/iu/r.a.jmpl:0
/testbench/cpu/l3/u0/leon3x0/vhdl/p0/iu/r.m.casa:0
/testbench/cpu/l3/u0/leon3x0/vhdl/p0/iu/r.m.werr:0
/testbench/cpu/l3/u0/leon3x0/vhdl/p0/iu/r.e.su:1
/testbench/cpu/l3/u0/leon3x0/vhdl/p0/iu/r.e.et:1
/testbench/cpu/l3/u0/leon3x0/vhdl/p0/iu/r.a.ldcheck1:1
/testbench/cpu/l3/u0/leon3x0/vhdl/p0/iu/r.d.stwin:000
/testbench/cpu/l3/u0/leon3x0/vhdl/p0/iu/r.a.ldcheck2:1
/testbench/cpu/l3/u0/leon3x0/vhdl/p0/iu/r.x.intack:0
/testbench/cpu/l3/u0/leon3x0/vhdl/p0/iu/r.m.ctrl:{{01000000000000000000001100011100} {11000010000001111011111111110100} {00} {10000001} {000000} 0 0 1 0 0 1 1 0 0}
/testbench/cpu/l3/u0/leon3x0/vhdl/p0/iu/r.a.cwp:101
/testbench/cpu/l3/u0/leon3x0/vhdl/p0/iu/r.e.sari:0
/testbench/cpu/l3/u0/leon3x0/vhdl/p0/iu/r.d.paw:0
/testbench/cpu/l3/u0/leon3x0/vhdl/p0/iu/r.d.aw:0
/testbench/cpu/l3/u0/leon3x0/vhdl/p0/iu/r.d.awp:000
/testbench/cpu/l3/u0/leon3x0/vhdl/p0/iu/r.x.ctrl:{{01000000000000000000001100011000} {11000010001011111011111111111111} {01} {10000001} {000000} 0 0 0 0 0 0 0 0 0}
/testbench/cpu/l3/u0/leon3x0/vhdl/p0/iu/r.m.rexnalign:0
/testbench/cpu/l3/u0/leon3x0/vhdl/p0/iu/r.m.su:1
/testbench/cpu/l3/u0/leon3x0/vhdl/p0/iu/r.m.wcwp:0
/testbench/cpu/l3/u0/leon3x0/vhdl/p0/iu/r.d.divrdy:0
/testbench/cpu/l3/u0/leon3x0/vhdl/p0/iu/r.e.cwp:101
/testbench/cpu/l3/u0/leon3x0/vhdl/p0/iu/r.w.except:0
/testbench/cpu/l3/u0/leon3x0/vhdl/p0/iu/r.x.nerror:0
/testbench/cpu/l3/u0/leon3x0/vhdl/p0/iu/r.a.bpimiss:0
/testbench/cpu/l3/u0/leon3x0/vhdl/p0/iu/r.a.nobp:0
/testbench/cpu/l3/u0/leon3x0/vhdl/p0/iu/r.d.rexcnt:0
/testbench/cpu/l3/u0/leon3x0/vhdl/p0/iu/r.w.s:{{101} {0000} {00000000} {01000000000000000000} {00000010} {0000} 0 0 1 1 1 {00000000000000000000000000000000} {UUUUUUUUUUUUUUUUUUUUUUUUUUUUUUUU} 1 0 0 1 1 1 0 0 {000} {000} {111}}
/testbench/cpu/l3/u0/leon3x0/vhdl/p0/iu/r.d.pv:1
/testbench/cpu/l3/u0/leon3x0/vhdl/p0/iu/r.a.ldchkra:1
/testbench/cpu/l3/u0/leon3x0/vhdl/p0/iu/r.a.rfa1:10000010
/testbench/cpu/l3/u0/leon3x0/vhdl/p0/iu/r.a.rfa2:10000001
/testbench/cpu/l3/u0/leon3x0/vhdl/p0/iu/r.a.imm:00000000000000000000000000000001
/testbench/cpu/l3/u0/leon3x0/vhdl/p0/iu/r.w.wa:10000001
/testbench/cpu/l3/u0/leon3x0/vhdl/p0/iu/r.m.casaz:0
/testbench/cpu/l3/u0/leon3x0/vhdl/p0/iu/r.x.dci:{0 0 0 1 0 0 {00} {00001011}}
/testbench/cpu/l3/u0/leon3x0/vhdl/p0/iu/r.x.mac:0
/testbench/cpu/l3/u0/leon3x0/vhdl/p0/iu/r.m.divz:0
/testbench/cpu/l3/u0/leon3x0/vhdl/p0/iu/r.d.inst:{{10000010000000001000000000000001}}
/testbench/cpu/l3/u0/leon3x0/vhdl/p0/iu/r.e.rfe1:1
/testbench/cpu/l3/u0/leon3x0/vhdl/p0/iu/r.a.wovf:0
/testbench/cpu/l3/u0/leon3x0/vhdl/p0/iu/r.e.rfe2:0
/testbench/cpu/l3/u0/leon3x0/vhdl/p0/iu/r.e.op1:01000000000011111111111010100000
/testbench/cpu/l3/u0/leon3x0/vhdl/p0/iu/r.m.nalign:1
/testbench/cpu/l3/u0/leon3x0/vhdl/p0/iu/r.e.op2:00000000000000000000000001000100
/testbench/cpu/l3/u0/leon3x0/vhdl/p0/iu/r.d.rexen:0
/testbench/cpu/l3/u0/leon3x0/vhdl/p0/iu/r.a.ctrl:{{01000000000000000000001100100100} {10000010000000001000000000000001} {00} {10000001} {000000} 0 1 0 0 0 0 0 0 0}
/testbench/cpu/l3/u0/leon3x0/vhdl/p0/iu/r.x.ipend:0
/testbench/cpu/l3/u0/leon3x0/vhdl/p0/iu/r.e.ldbp1:0
/testbench/cpu/l3/u0/leon3x0/vhdl/p0/iu/r.e.aluadd:1
/testbench/cpu/l3/u0/leon3x0/vhdl/p0/iu/r.d.set:0
/testbench/cpu/l3/u0/leon3x0/vhdl/p0/iu/r.d.inull:0
/testbench/cpu/l3/u0/leon3x0/vhdl/p0/iu/r.e.ldbp2:0
/testbench/cpu/l3/u0/leon3x0/vhdl/p0/iu/r.d.cnt:00
/testbench/cpu/l3/u0/leon3x0/vhdl/p0/iu/r.a.su:1
/testbench/cpu/l3/u0/leon3x0/vhdl/p0/iu/r.a.et:1
/testbench/cpu/l3/u0/leon3x0/vhdl/p0/iu/r.e.mul:0
/testbench/cpu/l3/u0/leon3x0/vhdl/p0/iu/r.e.alusel:00
/testbench/cpu/l3/u0/leon3x0/vhdl/p0/iu/r.e.aw:U
/testbench/cpu/l3/u0/leon3x0/vhdl/p0/iu/r.e.mac:0
/testbench/cpu/l3/u0/leon3x0/vhdl/p0/iu/r.a.decill:0
/testbench/cpu/l3/u0/leon3x0/vhdl/p0/iu/r.x.icc:0000
/testbench/cpu/l3/u0/leon3x0/vhdl/p0/iu/r.x.result:00000101000001010000010100000101
/testbench/cpu/l3/u0/leon3x0/vhdl/p0/iu/r.e.bp:0
/testbench/cpu/l3/u0/leon3x0/vhdl/p0/iu/r.a.rs1:00010
/testbench/cpu/l3/u0/leon3x0/vhdl/p0/iu/r.e.jmpl:0
/testbench/cpu/l3/u0/leon3x0/vhdl/p0/iu/r.a.rsel1:001
/testbench/cpu/l3/u0/leon3x0/vhdl/p0/iu/r.x.y:00000000000000000000000000000000
/testbench/cpu/l3/u0/leon3x0/vhdl/p0/iu/r.a.rsel2:010
/testbench/cpu/l3/u0/leon3x0/vhdl/p0/iu/r.a.awp:000
/testbench/cpu/l3/u0/leon3x0/vhdl/p0/iu/r.a.paw:0
/testbench/cpu/l3/u0/leon3x0/vhdl/p0/iu/r.x.data:{{00000000000000000000000000000101}}
/testbench/cpu/l3/u0/leon3x0/vhdl/p0/iu/r.m.mul:0
/testbench/cpu/l3/u0/leon3x0/vhdl/p0/iu/r.e.rd:UUUUU
/testbench/cpu/l3/u0/leon3x0/vhdl/p0/iu/r.e.invop2:0
/testbench/cpu/l3/u0/leon3x0/vhdl/p0/iu/r.m.wawp:0
/testbench/cpu/l3/u0/leon3x0/vhdl/p0/iu/r.d.cwpmax:111
/testbench/cpu/l3/u0/leon3x0/vhdl/p0/iu/r.f.branch:0
/testbench/cpu/l3/u0/leon3x0/vhdl/p0/iu/r.d.pcheld:1
/testbench/cpu/l3/u0/leon3x0/vhdl/p0/iu/r.m.dci:{0 1 1 0 0 0 {10} {00001011}}
/testbench/cpu/l3/u0/leon3x0/vhdl/p0/iu/r.e.paw:U
/testbench/cpu/l3/u0/leon3x0/vhdl/p0/iu/r.e.awp:UUU
/testbench/cpu/l3/u0/leon3x0/vhdl/p0/iu/r.e.shcnt:00100
/testbench/cpu/l3/u0/leon3x0/vhdl/p0/iu/r.w.result:01000000000011111111111010011111
/testbench/cpu/l3/u0/leon3x0/vhdl/p0/iu/r.m.mac:0
/testbench/cpu/l3/u0/leon3x0/vhdl/p0/iu/r.m.y:00000000000000000000000000000000
/testbench/cpu/l3/u0/leon3x0/vhdl/p0/iu/r.d.cwp:101
/testbench/cpu/l3/u0/leon3x0/vhdl/p0/iu/r.x.laddr:01
/testbench/cpu/l3/u0/leon3x0/vhdl/p0/iu/r.e.mulstep:0
/testbench/cpu/l3/u0/leon3x0/vhdl/p0/iu/r.e.ymsb:0
/testbench/cpu/l3/u0/leon3x0/vhdl/p0/iu/r.d.rexbuf:00000000000000000000000000000000
/testbench/cpu/l3/u0/leon3x0/vhdl/p0/iu/r.x.npc:100
/testbench/cpu/l3/u0/leon3x0/vhdl/p0/iu/r.f.pc:01000000000000000000001100101000
/testbench/cpu/l3/u0/leon3x0/vhdl/p0/iu/r.d.annul:0
/testbench/cpu/l3/u0/leon3x0/vhdl/p0/iu/r.x.rstate:run
/testbench/cpu/l3/u0/leon3x0/vhdl/p0/iu/r.x.set:0
/testbench/cpu/l3/u0/leon3x0/vhdl/p0/iu/r.m.result:01000101000101010000001110100101
/testbench/cpu/l3/u0/leon3x0/vhdl/p0/iu/r.e.icc:UUUU
/testbench/cpu/l3/u0/leon3x0/vhdl/p0/iu/r.a.getpc:0
/testbench/cpu/l3/u0/leon3x0/vhdl/p0/iu/r.a.ldchkex:1
/testbench/cpu/l3/u0/leon3x0/vhdl/p0/iu/r.x.mexc:0
/testbench/cpu/l3/u0/leon3x0/vhdl/p0/iu/r.a.mulstart:0
/testbench/cpu/l3/u0/leon3x0/vhdl/p0/iu/r.d.rexpos:10
/testbench/cpu/l3/u0/leon3x0/vhdl/p0/iu/r.x.annul_all:0
/testbench/cpu/l3/u0/leon3x0/vhdl/p0/iu/r.e.aluop:000
/testbench/cpu/l3/u0/leon3x0/vhdl/p0/iu/r.x.debug:0
/testbench/cpu/l3/u0/leon3x0/vhdl/p0/iu/r.a.rfe1:0
/testbench/cpu/l3/u0/leon3x0/vhdl/p0/iu/r.d.step:0
/testbench/cpu/l3/u0/leon3x0/vhdl/p0/iu/r.a.rfe2:0
/testbench/cpu/l3/u0/leon3x0/vhdl/p0/iu/r.e.alucin:0
/testbench/cpu/l3/u0/leon3x0/vhdl/p0/iu/r.a.wunf:0
======================================
progstatus: -2
execerr: 223
latent: 1
time limit!
>>>>>>>>>>>>>>> 5745715000
======================================
