Test signal = /testbench/cpu/l3/u0/leon3x0/vhdl/p0/iu/r.d.cwp
oldval = 111
pos1: 2 pos0: -1 posU: -1
newval = 110
Signal value: 111
oldval = 111
pos1: 2 pos0: -1 posU: -1
newval = 110
force in 2284670
586290000 >> iteration no: 0
1598340000 >> iteration no: 1
2610390000 >> iteration no: 2
2866790000 >> Requesting for the AHB bus...
2867490000 >> AHB granted, starting recovery...
2886690000 >> Recovery done, continuing...
2886740000 >> Requesting for the AHB bus...
2887940000 >> AHB granted, starting recovery...
2907140000 >> Recovery done, continuing...
2907190000 >> Requesting for the AHB bus...
2908240000 >> AHB granted, starting recovery...
2927440000 >> Recovery done, continuing...
2927490000 >> Requesting for the AHB bus...
2928540000 >> AHB granted, starting recovery...
2947740000 >> Recovery done, continuing...
2947790000 >> Requesting for the AHB bus...
2948840000 >> AHB granted, starting recovery...
2968040000 >> Recovery done, continuing...
2968090000 >> Requesting for the AHB bus...
2969140000 >> AHB granted, starting recovery...
2988340000 >> Recovery done, continuing...
2988390000 >> Requesting for the AHB bus...
2989440000 >> AHB granted, starting recovery...
3008640000 >> Recovery done, continuing...
3008690000 >> Requesting for the AHB bus...
3009740000 >> AHB granted, starting recovery...
3028940000 >> Recovery done, continuing...
3028990000 >> Requesting for the AHB bus...
3030040000 >> AHB granted, starting recovery...
3049240000 >> Recovery done, continuing...
3049290000 >> Requesting for the AHB bus...
3050340000 >> AHB granted, starting recovery...
3069540000 >> Recovery done, continuing...
3069590000 >> Requesting for the AHB bus...
3070640000 >> AHB granted, starting recovery...
3089840000 >> Recovery done, continuing...
3089890000 >> Requesting for the AHB bus...
3090940000 >> AHB granted, starting recovery...
3110140000 >> Recovery done, continuing...
3110190000 >> Requesting for the AHB bus...
3111240000 >> AHB granted, starting recovery...
3130440000 >> Recovery done, continuing...
3130490000 >> Requesting for the AHB bus...
3131540000 >> AHB granted, starting recovery...
3150740000 >> Recovery done, continuing...
3150790000 >> Requesting for the AHB bus...
3151840000 >> AHB granted, starting recovery...
3171040000 >> Recovery done, continuing...
3171090000 >> Requesting for the AHB bus...
3172140000 >> AHB granted, starting recovery...
3191340000 >> Recovery done, continuing...
3191390000 >> Requesting for the AHB bus...
3192440000 >> AHB granted, starting recovery...
3211640000 >> Recovery done, continuing...
3211690000 >> Requesting for the AHB bus...
3212740000 >> AHB granted, starting recovery...
3231940000 >> Recovery done, continuing...
3231990000 >> Requesting for the AHB bus...
3233215000 >> AHB granted, starting recovery...
3252415000 >> Recovery done, continuing...
3252465000 >> Requesting for the AHB bus...
3253515000 >> AHB granted, starting recovery...
3272715000 >> Recovery done, continuing...
3272765000 >> Requesting for the AHB bus...
3273815000 >> AHB granted, starting recovery...
3293015000 >> Recovery done, continuing...
3293065000 >> Requesting for the AHB bus...
3294115000 >> AHB granted, starting recovery...
3313315000 >> Recovery done, continuing...
3313365000 >> Requesting for the AHB bus...
3314415000 >> AHB granted, starting recovery...
3333615000 >> Recovery done, continuing...
3333665000 >> Requesting for the AHB bus...
3334715000 >> AHB granted, starting recovery...
3353915000 >> Recovery done, continuing...
3353965000 >> Requesting for the AHB bus...
3355140000 >> AHB granted, starting recovery...
3374340000 >> Recovery done, continuing...
3374390000 >> Requesting for the AHB bus...
3375440000 >> AHB granted, starting recovery...
3394640000 >> Recovery done, continuing...
3394690000 >> Requesting for the AHB bus...
3395740000 >> AHB granted, starting recovery...
3414940000 >> Recovery done, continuing...
3414990000 >> Requesting for the AHB bus...
3416040000 >> AHB granted, starting recovery...
3435240000 >> Recovery done, continuing...
3435290000 >> Requesting for the AHB bus...
3436340000 >> AHB granted, starting recovery...
3455540000 >> Recovery done, continuing...
3455590000 >> Requesting for the AHB bus...
3456640000 >> AHB granted, starting recovery...
3475840000 >> Recovery done, continuing...
3475890000 >> Requesting for the AHB bus...
3476940000 >> AHB granted, starting recovery...
3496140000 >> Recovery done, continuing...
3496190000 >> Requesting for the AHB bus...
3497240000 >> AHB granted, starting recovery...
3516440000 >> Recovery done, continuing...
3516490000 >> Requesting for the AHB bus...
3517540000 >> AHB granted, starting recovery...
3536740000 >> Recovery done, continuing...
3536790000 >> Requesting for the AHB bus...
3537840000 >> AHB granted, starting recovery...
3557040000 >> Recovery done, continuing...
3557090000 >> Requesting for the AHB bus...
3558140000 >> AHB granted, starting recovery...
3577340000 >> Recovery done, continuing...
3577390000 >> Requesting for the AHB bus...
3578440000 >> AHB granted, starting recovery...
3597640000 >> Recovery done, continuing...
3597690000 >> Requesting for the AHB bus...
3598740000 >> AHB granted, starting recovery...
3617940000 >> Recovery done, continuing...
3617990000 >> Requesting for the AHB bus...
3619040000 >> AHB granted, starting recovery...
3638240000 >> Recovery done, continuing...
3638290000 >> Requesting for the AHB bus...
3639340000 >> AHB granted, starting recovery...
3658540000 >> Recovery done, continuing...
3658590000 >> Requesting for the AHB bus...
3659640000 >> AHB granted, starting recovery...
3678840000 >> Recovery done, continuing...
3678890000 >> Requesting for the AHB bus...
3679940000 >> AHB granted, starting recovery...
3699140000 >> Recovery done, continuing...
3699190000 >> Requesting for the AHB bus...
3700415000 >> AHB granted, starting recovery...
3719615000 >> Recovery done, continuing...
3719665000 >> Requesting for the AHB bus...
3720715000 >> AHB granted, starting recovery...
3739915000 >> Recovery done, continuing...
3739965000 >> Requesting for the AHB bus...
3741015000 >> AHB granted, starting recovery...
3760215000 >> Recovery done, continuing...
3760265000 >> Requesting for the AHB bus...
3761315000 >> AHB granted, starting recovery...
3780515000 >> Recovery done, continuing...
3780565000 >> Requesting for the AHB bus...
3781615000 >> AHB granted, starting recovery...
3800815000 >> Recovery done, continuing...
3800865000 >> Requesting for the AHB bus...
3801915000 >> AHB granted, starting recovery...
3821115000 >> Recovery done, continuing...
3821165000 >> Requesting for the AHB bus...
3822340000 >> AHB granted, starting recovery...
3841540000 >> Recovery done, continuing...
3841590000 >> Requesting for the AHB bus...
3842640000 >> AHB granted, starting recovery...
3861840000 >> Recovery done, continuing...
3861890000 >> Requesting for the AHB bus...
3862940000 >> AHB granted, starting recovery...
3882140000 >> Recovery done, continuing...
3882190000 >> Requesting for the AHB bus...
3883240000 >> AHB granted, starting recovery...
3902440000 >> Recovery done, continuing...
3902490000 >> Requesting for the AHB bus...
3903540000 >> AHB granted, starting recovery...
3922740000 >> Recovery done, continuing...
3922790000 >> Requesting for the AHB bus...
3923840000 >> AHB granted, starting recovery...
3943040000 >> Recovery done, continuing...
3943090000 >> Requesting for the AHB bus...
3944140000 >> AHB granted, starting recovery...
3963340000 >> Recovery done, continuing...
3963390000 >> Requesting for the AHB bus...
3964440000 >> AHB granted, starting recovery...
3983640000 >> Recovery done, continuing...
3983690000 >> Requesting for the AHB bus...
3984740000 >> AHB granted, starting recovery...
4003940000 >> Recovery done, continuing...
4003990000 >> Requesting for the AHB bus...
4005040000 >> AHB granted, starting recovery...
4024240000 >> Recovery done, continuing...
4024290000 >> Requesting for the AHB bus...
4025340000 >> AHB granted, starting recovery...
4044540000 >> Recovery done, continuing...
4044590000 >> Requesting for the AHB bus...
4045640000 >> AHB granted, starting recovery...
4064840000 >> Recovery done, continuing...
4064890000 >> Requesting for the AHB bus...
4065940000 >> AHB granted, starting recovery...
4085140000 >> Recovery done, continuing...
4085190000 >> Requesting for the AHB bus...
4086240000 >> AHB granted, starting recovery...
4105440000 >> Recovery done, continuing...
4105490000 >> Requesting for the AHB bus...
4106540000 >> AHB granted, starting recovery...
4125740000 >> Recovery done, continuing...
4125790000 >> Requesting for the AHB bus...
4126840000 >> AHB granted, starting recovery...
4146040000 >> Recovery done, continuing...
4146090000 >> Requesting for the AHB bus...
4147140000 >> AHB granted, starting recovery...
4166340000 >> Recovery done, continuing...
4166390000 >> Requesting for the AHB bus...
4167615000 >> AHB granted, starting recovery...
4186815000 >> Recovery done, continuing...
4186865000 >> Requesting for the AHB bus...
4187915000 >> AHB granted, starting recovery...
4207115000 >> Recovery done, continuing...
4207165000 >> Requesting for the AHB bus...
4208215000 >> AHB granted, starting recovery...
4227415000 >> Recovery done, continuing...
4227465000 >> Requesting for the AHB bus...
4228515000 >> AHB granted, starting recovery...
4247715000 >> Recovery done, continuing...
4247765000 >> Requesting for the AHB bus...
4248815000 >> AHB granted, starting recovery...
4268015000 >> Recovery done, continuing...
4268065000 >> Requesting for the AHB bus...
4269115000 >> AHB granted, starting recovery...
4288315000 >> Recovery done, continuing...
4288365000 >> Requesting for the AHB bus...
4289540000 >> AHB granted, starting recovery...
4308740000 >> Recovery done, continuing...
4308790000 >> Requesting for the AHB bus...
4309840000 >> AHB granted, starting recovery...
4329040000 >> Recovery done, continuing...
4329090000 >> Requesting for the AHB bus...
4330140000 >> AHB granted, starting recovery...
4349340000 >> Recovery done, continuing...
4349390000 >> Requesting for the AHB bus...
4350440000 >> AHB granted, starting recovery...
4369640000 >> Recovery done, continuing...
4369690000 >> Requesting for the AHB bus...
4370740000 >> AHB granted, starting recovery...
4389940000 >> Recovery done, continuing...
4389990000 >> Requesting for the AHB bus...
4391040000 >> AHB granted, starting recovery...
4410240000 >> Recovery done, continuing...
4410290000 >> Requesting for the AHB bus...
4411340000 >> AHB granted, starting recovery...
4430540000 >> Recovery done, continuing...
4430590000 >> Requesting for the AHB bus...
4431640000 >> AHB granted, starting recovery...
4450840000 >> Recovery done, continuing...
4450890000 >> Requesting for the AHB bus...
4451940000 >> AHB granted, starting recovery...
4471140000 >> Recovery done, continuing...
4471190000 >> Requesting for the AHB bus...
4472240000 >> AHB granted, starting recovery...
4491440000 >> Recovery done, continuing...
4491490000 >> Requesting for the AHB bus...
4492540000 >> AHB granted, starting recovery...
4511740000 >> Recovery done, continuing...
4511790000 >> Requesting for the AHB bus...
4512840000 >> AHB granted, starting recovery...
4532040000 >> Recovery done, continuing...
4532090000 >> Requesting for the AHB bus...
4533140000 >> AHB granted, starting recovery...
4552340000 >> Recovery done, continuing...
4552390000 >> Requesting for the AHB bus...
4553440000 >> AHB granted, starting recovery...
4572640000 >> Recovery done, continuing...
4572690000 >> Requesting for the AHB bus...
4573740000 >> AHB granted, starting recovery...
4592940000 >> Recovery done, continuing...
4592990000 >> Requesting for the AHB bus...
4594040000 >> AHB granted, starting recovery...
4613240000 >> Recovery done, continuing...
4613290000 >> Requesting for the AHB bus...
4614340000 >> AHB granted, starting recovery...
4633540000 >> Recovery done, continuing...
4633590000 >> Requesting for the AHB bus...
4634815000 >> AHB granted, starting recovery...
4654015000 >> Recovery done, continuing...
4654065000 >> Requesting for the AHB bus...
4655115000 >> AHB granted, starting recovery...
4674315000 >> Recovery done, continuing...
4674365000 >> Requesting for the AHB bus...
4675415000 >> AHB granted, starting recovery...
4694615000 >> Recovery done, continuing...
4694665000 >> Requesting for the AHB bus...
4695715000 >> AHB granted, starting recovery...
4714915000 >> Recovery done, continuing...
4714965000 >> Requesting for the AHB bus...
4716015000 >> AHB granted, starting recovery...
4735215000 >> Recovery done, continuing...
4735265000 >> Requesting for the AHB bus...
4736315000 >> AHB granted, starting recovery...
4755515000 >> Recovery done, continuing...
4755565000 >> Requesting for the AHB bus...
4756740000 >> AHB granted, starting recovery...
4775940000 >> Recovery done, continuing...
4775990000 >> Requesting for the AHB bus...
4777040000 >> AHB granted, starting recovery...
4796240000 >> Recovery done, continuing...
4796290000 >> Requesting for the AHB bus...
4797340000 >> AHB granted, starting recovery...
4816540000 >> Recovery done, continuing...
4816590000 >> Requesting for the AHB bus...
4817640000 >> AHB granted, starting recovery...
4836840000 >> Recovery done, continuing...
4836890000 >> Requesting for the AHB bus...
4837940000 >> AHB granted, starting recovery...
4857140000 >> Recovery done, continuing...
4857190000 >> Requesting for the AHB bus...
4858240000 >> AHB granted, starting recovery...
4877440000 >> Recovery done, continuing...
4877490000 >> Requesting for the AHB bus...
4878540000 >> AHB granted, starting recovery...
4897740000 >> Recovery done, continuing...
4897790000 >> Requesting for the AHB bus...
4898840000 >> AHB granted, starting recovery...
4918040000 >> Recovery done, continuing...
4918090000 >> Requesting for the AHB bus...
4919140000 >> AHB granted, starting recovery...
4938340000 >> Recovery done, continuing...
4938390000 >> Requesting for the AHB bus...
4939440000 >> AHB granted, starting recovery...
4958640000 >> Recovery done, continuing...
4958690000 >> Requesting for the AHB bus...
4959740000 >> AHB granted, starting recovery...
4978940000 >> Recovery done, continuing...
4978990000 >> Requesting for the AHB bus...
4980040000 >> AHB granted, starting recovery...
4999240000 >> Recovery done, continuing...
4999290000 >> Requesting for the AHB bus...
5000340000 >> AHB granted, starting recovery...
5019540000 >> Recovery done, continuing...
5019590000 >> Requesting for the AHB bus...
5020640000 >> AHB granted, starting recovery...
5039840000 >> Recovery done, continuing...
5039890000 >> Requesting for the AHB bus...
5040940000 >> AHB granted, starting recovery...
5060140000 >> Recovery done, continuing...
5060190000 >> Requesting for the AHB bus...
5061240000 >> AHB granted, starting recovery...
5080440000 >> Recovery done, continuing...
5080490000 >> Requesting for the AHB bus...
5081540000 >> AHB granted, starting recovery...
5100740000 >> Recovery done, continuing...
5100790000 >> Requesting for the AHB bus...
5102015000 >> AHB granted, starting recovery...
5121215000 >> Recovery done, continuing...
5121265000 >> Requesting for the AHB bus...
5122315000 >> AHB granted, starting recovery...
5141515000 >> Recovery done, continuing...
5141565000 >> Requesting for the AHB bus...
5142615000 >> AHB granted, starting recovery...
5161815000 >> Recovery done, continuing...
5161865000 >> Requesting for the AHB bus...
5162915000 >> AHB granted, starting recovery...
5182115000 >> Recovery done, continuing...
5182165000 >> Requesting for the AHB bus...
5183215000 >> AHB granted, starting recovery...
5202415000 >> Recovery done, continuing...
5202465000 >> Requesting for the AHB bus...
5203515000 >> AHB granted, starting recovery...
5222715000 >> Recovery done, continuing...
5222765000 >> Requesting for the AHB bus...
5223940000 >> AHB granted, starting recovery...
5243140000 >> Recovery done, continuing...
5243190000 >> Requesting for the AHB bus...
5244240000 >> AHB granted, starting recovery...
5263440000 >> Recovery done, continuing...
5263490000 >> Requesting for the AHB bus...
5264540000 >> AHB granted, starting recovery...
5283740000 >> Recovery done, continuing...
5283790000 >> Requesting for the AHB bus...
5284840000 >> AHB granted, starting recovery...
5304040000 >> Recovery done, continuing...
5304090000 >> Requesting for the AHB bus...
5305140000 >> AHB granted, starting recovery...
5324340000 >> Recovery done, continuing...
5324390000 >> Requesting for the AHB bus...
5325440000 >> AHB granted, starting recovery...
5344640000 >> Recovery done, continuing...
5344690000 >> Requesting for the AHB bus...
5345740000 >> AHB granted, starting recovery...
5364940000 >> Recovery done, continuing...
5364990000 >> Requesting for the AHB bus...
5366040000 >> AHB granted, starting recovery...
5385240000 >> Recovery done, continuing...
5385290000 >> Requesting for the AHB bus...
5386340000 >> AHB granted, starting recovery...
5405540000 >> Recovery done, continuing...
5405590000 >> Requesting for the AHB bus...
5406640000 >> AHB granted, starting recovery...
5425840000 >> Recovery done, continuing...
5425890000 >> Requesting for the AHB bus...
5426940000 >> AHB granted, starting recovery...
5446140000 >> Recovery done, continuing...
5446190000 >> Requesting for the AHB bus...
5447240000 >> AHB granted, starting recovery...
5466440000 >> Recovery done, continuing...
5466490000 >> Requesting for the AHB bus...
5467540000 >> AHB granted, starting recovery...
5486740000 >> Recovery done, continuing...
5486790000 >> Requesting for the AHB bus...
5487840000 >> AHB granted, starting recovery...
5507040000 >> Recovery done, continuing...
5507090000 >> Requesting for the AHB bus...
5508140000 >> AHB granted, starting recovery...
5527340000 >> Recovery done, continuing...
5527390000 >> Requesting for the AHB bus...
5528440000 >> AHB granted, starting recovery...
5547640000 >> Recovery done, continuing...
5547690000 >> Requesting for the AHB bus...
5548740000 >> AHB granted, starting recovery...
5567940000 >> Recovery done, continuing...
5567990000 >> Requesting for the AHB bus...
5569215000 >> AHB granted, starting recovery...
5588415000 >> Recovery done, continuing...
5588465000 >> Requesting for the AHB bus...
5589515000 >> AHB granted, starting recovery...
5608715000 >> Recovery done, continuing...
5608765000 >> Requesting for the AHB bus...
5609815000 >> AHB granted, starting recovery...
5629015000 >> Recovery done, continuing...
5629065000 >> Requesting for the AHB bus...
5630115000 >> AHB granted, starting recovery...
5649315000 >> Recovery done, continuing...
5649365000 >> Requesting for the AHB bus...
5650415000 >> AHB granted, starting recovery...
5669615000 >> Recovery done, continuing...
5669665000 >> Requesting for the AHB bus...
5670715000 >> AHB granted, starting recovery...
5689915000 >> Recovery done, continuing...
5689965000 >> Requesting for the AHB bus...
5691140000 >> AHB granted, starting recovery...
5710340000 >> Recovery done, continuing...
5710390000 >> Requesting for the AHB bus...
5711440000 >> AHB granted, starting recovery...
5730640000 >> Recovery done, continuing...
5730690000 >> Requesting for the AHB bus...
5731740000 >> AHB granted, starting recovery...
5745715000 >> time limit reached...
/testbench/cpu/l3/u0/leon3x0/vhdl/p0/iu/r.w.wreg:1
/testbench/cpu/l3/u0/leon3x0/vhdl/p0/iu/r.m.irqen:1
/testbench/cpu/l3/u0/leon3x0/vhdl/p0/iu/r.m.icc:0000
/testbench/cpu/l3/u0/leon3x0/vhdl/p0/iu/r.a.ticc:0
/testbench/cpu/l3/u0/leon3x0/vhdl/p0/iu/r.a.step:0
/testbench/cpu/l3/u0/leon3x0/vhdl/p0/iu/r.m.irqen2:1
/testbench/cpu/l3/u0/leon3x0/vhdl/p0/iu/r.d.pc:01000000000000000000001011011100
/testbench/cpu/l3/u0/leon3x0/vhdl/p0/iu/r.d.rexpl:{{00000000000000000000000000000000} {00} {0} 0 0 {0000000000000000000} 0 0 0 0 0 0}
/testbench/cpu/l3/u0/leon3x0/vhdl/p0/iu/r.d.mexc:0
/testbench/cpu/l3/u0/leon3x0/vhdl/p0/iu/r.a.aw:0
/testbench/cpu/l3/u0/leon3x0/vhdl/p0/iu/r.e.ctrl:{{01000000000000000000001011010100} {11000010000001111011111111110100} {00} {10000001} {000000} 0 0 1 0 0 1 1 0 0}
/testbench/cpu/l3/u0/leon3x0/vhdl/p0/iu/r.a.divstart:0
/testbench/cpu/l3/u0/leon3x0/vhdl/p0/iu/r.e.shleft:0
/testbench/cpu/l3/u0/leon3x0/vhdl/p0/iu/r.a.bp:0
/testbench/cpu/l3/u0/leon3x0/vhdl/p0/iu/r.w.twcwp:000
/testbench/cpu/l3/u0/leon3x0/vhdl/p0/iu/r.a.jmpl:0
/testbench/cpu/l3/u0/leon3x0/vhdl/p0/iu/r.m.casa:0
/testbench/cpu/l3/u0/leon3x0/vhdl/p0/iu/r.m.werr:0
/testbench/cpu/l3/u0/leon3x0/vhdl/p0/iu/r.e.su:1
/testbench/cpu/l3/u0/leon3x0/vhdl/p0/iu/r.e.et:1
/testbench/cpu/l3/u0/leon3x0/vhdl/p0/iu/r.a.ldcheck1:1
/testbench/cpu/l3/u0/leon3x0/vhdl/p0/iu/r.d.stwin:000
/testbench/cpu/l3/u0/leon3x0/vhdl/p0/iu/r.a.ldcheck2:0
/testbench/cpu/l3/u0/leon3x0/vhdl/p0/iu/r.x.intack:0
/testbench/cpu/l3/u0/leon3x0/vhdl/p0/iu/r.m.ctrl:{{01000000000000000000001011010000} {11000010001001111011111111111000} {01} {10000001} {000000} 0 0 0 0 0 0 0 0 0}
/testbench/cpu/l3/u0/leon3x0/vhdl/p0/iu/r.a.cwp:101
/testbench/cpu/l3/u0/leon3x0/vhdl/p0/iu/r.e.sari:0
/testbench/cpu/l3/u0/leon3x0/vhdl/p0/iu/r.d.paw:0
/testbench/cpu/l3/u0/leon3x0/vhdl/p0/iu/r.d.aw:0
/testbench/cpu/l3/u0/leon3x0/vhdl/p0/iu/r.d.awp:000
/testbench/cpu/l3/u0/leon3x0/vhdl/p0/iu/r.x.ctrl:{{01000000000000000000001011010000} {11000010001001111011111111111000} {00} {10000001} {000000} 0 0 0 0 0 0 1 0 0}
/testbench/cpu/l3/u0/leon3x0/vhdl/p0/iu/r.m.rexnalign:0
/testbench/cpu/l3/u0/leon3x0/vhdl/p0/iu/r.m.su:1
/testbench/cpu/l3/u0/leon3x0/vhdl/p0/iu/r.m.wcwp:0
/testbench/cpu/l3/u0/leon3x0/vhdl/p0/iu/r.d.divrdy:0
/testbench/cpu/l3/u0/leon3x0/vhdl/p0/iu/r.e.cwp:101
/testbench/cpu/l3/u0/leon3x0/vhdl/p0/iu/r.w.except:0
/testbench/cpu/l3/u0/leon3x0/vhdl/p0/iu/r.x.nerror:0
/testbench/cpu/l3/u0/leon3x0/vhdl/p0/iu/r.a.bpimiss:0
/testbench/cpu/l3/u0/leon3x0/vhdl/p0/iu/r.a.nobp:0
/testbench/cpu/l3/u0/leon3x0/vhdl/p0/iu/r.d.rexcnt:0
/testbench/cpu/l3/u0/leon3x0/vhdl/p0/iu/r.w.s:{{101} {0000} {00000000} {01000000000000000000} {00000010} {0000} 0 0 1 1 1 {00000000000000000000000000000000} {UUUUUUUUUUUUUUUUUUUUUUUUUUUUUUUU} 1 0 0 1 1 1 0 0 {000} {000} {111}}
/testbench/cpu/l3/u0/leon3x0/vhdl/p0/iu/r.d.pv:1
/testbench/cpu/l3/u0/leon3x0/vhdl/p0/iu/r.a.ldchkra:1
/testbench/cpu/l3/u0/leon3x0/vhdl/p0/iu/r.a.rfa1:01101110
/testbench/cpu/l3/u0/leon3x0/vhdl/p0/iu/r.a.rfa2:10000100
/testbench/cpu/l3/u0/leon3x0/vhdl/p0/iu/r.a.imm:00000000000000000000000001000100
/testbench/cpu/l3/u0/leon3x0/vhdl/p0/iu/r.w.wa:10000001
/testbench/cpu/l3/u0/leon3x0/vhdl/p0/iu/r.m.casaz:0
/testbench/cpu/l3/u0/leon3x0/vhdl/p0/iu/r.x.dci:{0 1 0 0 0 0 {10} {00001011}}
/testbench/cpu/l3/u0/leon3x0/vhdl/p0/iu/r.x.mac:0
/testbench/cpu/l3/u0/leon3x0/vhdl/p0/iu/r.m.divz:0
/testbench/cpu/l3/u0/leon3x0/vhdl/p0/iu/r.d.inst:{{10000010000000001000000000000001}}
/testbench/cpu/l3/u0/leon3x0/vhdl/p0/iu/r.e.rfe1:1
/testbench/cpu/l3/u0/leon3x0/vhdl/p0/iu/r.a.wovf:0
/testbench/cpu/l3/u0/leon3x0/vhdl/p0/iu/r.e.rfe2:0
/testbench/cpu/l3/u0/leon3x0/vhdl/p0/iu/r.e.op1:01000000000011111111111010100000
/testbench/cpu/l3/u0/leon3x0/vhdl/p0/iu/r.m.nalign:1
/testbench/cpu/l3/u0/leon3x0/vhdl/p0/iu/r.e.op2:11111111111111111111111111110100
/testbench/cpu/l3/u0/leon3x0/vhdl/p0/iu/r.d.rexen:0
/testbench/cpu/l3/u0/leon3x0/vhdl/p0/iu/r.a.ctrl:{{01000000000000000000001011011000} {11000100000001111010000001000100} {00} {10000010} {000000} 0 0 1 0 0 1 1 0 0}
/testbench/cpu/l3/u0/leon3x0/vhdl/p0/iu/r.x.ipend:0
/testbench/cpu/l3/u0/leon3x0/vhdl/p0/iu/r.e.ldbp1:0
/testbench/cpu/l3/u0/leon3x0/vhdl/p0/iu/r.e.aluadd:1
/testbench/cpu/l3/u0/leon3x0/vhdl/p0/iu/r.d.set:0
/testbench/cpu/l3/u0/leon3x0/vhdl/p0/iu/r.d.inull:0
/testbench/cpu/l3/u0/leon3x0/vhdl/p0/iu/r.e.ldbp2:0
/testbench/cpu/l3/u0/leon3x0/vhdl/p0/iu/r.d.cnt:00
/testbench/cpu/l3/u0/leon3x0/vhdl/p0/iu/r.a.su:1
/testbench/cpu/l3/u0/leon3x0/vhdl/p0/iu/r.a.et:1
/testbench/cpu/l3/u0/leon3x0/vhdl/p0/iu/r.e.mul:0
/testbench/cpu/l3/u0/leon3x0/vhdl/p0/iu/r.e.alusel:00
/testbench/cpu/l3/u0/leon3x0/vhdl/p0/iu/r.e.aw:U
/testbench/cpu/l3/u0/leon3x0/vhdl/p0/iu/r.e.mac:0
/testbench/cpu/l3/u0/leon3x0/vhdl/p0/iu/r.a.decill:0
/testbench/cpu/l3/u0/leon3x0/vhdl/p0/iu/r.x.icc:0000
/testbench/cpu/l3/u0/leon3x0/vhdl/p0/iu/r.x.result:01000000000011111111111010011000
/testbench/cpu/l3/u0/leon3x0/vhdl/p0/iu/r.e.bp:0
/testbench/cpu/l3/u0/leon3x0/vhdl/p0/iu/r.a.rs1:11110
/testbench/cpu/l3/u0/leon3x0/vhdl/p0/iu/r.e.jmpl:0
/testbench/cpu/l3/u0/leon3x0/vhdl/p0/iu/r.a.rsel1:000
/testbench/cpu/l3/u0/leon3x0/vhdl/p0/iu/r.x.y:00000000000000000000000000000000
/testbench/cpu/l3/u0/leon3x0/vhdl/p0/iu/r.a.rsel2:100
/testbench/cpu/l3/u0/leon3x0/vhdl/p0/iu/r.a.awp:000
/testbench/cpu/l3/u0/leon3x0/vhdl/p0/iu/r.a.paw:0
/testbench/cpu/l3/u0/leon3x0/vhdl/p0/iu/r.x.data:{{00000000000000000000000000000001}}
/testbench/cpu/l3/u0/leon3x0/vhdl/p0/iu/r.m.mul:0
/testbench/cpu/l3/u0/leon3x0/vhdl/p0/iu/r.e.rd:UUUUU
/testbench/cpu/l3/u0/leon3x0/vhdl/p0/iu/r.e.invop2:0
/testbench/cpu/l3/u0/leon3x0/vhdl/p0/iu/r.m.wawp:0
/testbench/cpu/l3/u0/leon3x0/vhdl/p0/iu/r.d.cwpmax:111
/testbench/cpu/l3/u0/leon3x0/vhdl/p0/iu/r.f.branch:0
/testbench/cpu/l3/u0/leon3x0/vhdl/p0/iu/r.d.pcheld:0
/testbench/cpu/l3/u0/leon3x0/vhdl/p0/iu/r.m.dci:{0 0 0 1 0 0 {10} {00001011}}
/testbench/cpu/l3/u0/leon3x0/vhdl/p0/iu/r.e.paw:U
/testbench/cpu/l3/u0/leon3x0/vhdl/p0/iu/r.e.awp:UUU
/testbench/cpu/l3/u0/leon3x0/vhdl/p0/iu/r.e.shcnt:10100
/testbench/cpu/l3/u0/leon3x0/vhdl/p0/iu/r.w.result:00000000000000000000000000000010
/testbench/cpu/l3/u0/leon3x0/vhdl/p0/iu/r.m.mac:0
/testbench/cpu/l3/u0/leon3x0/vhdl/p0/iu/r.m.y:00000000000000000000000000000000
/testbench/cpu/l3/u0/leon3x0/vhdl/p0/iu/r.d.cwp:101
/testbench/cpu/l3/u0/leon3x0/vhdl/p0/iu/r.x.laddr:00
/testbench/cpu/l3/u0/leon3x0/vhdl/p0/iu/r.e.mulstep:0
/testbench/cpu/l3/u0/leon3x0/vhdl/p0/iu/r.e.ymsb:0
/testbench/cpu/l3/u0/leon3x0/vhdl/p0/iu/r.d.rexbuf:00000000000000000000000000000000
/testbench/cpu/l3/u0/leon3x0/vhdl/p0/iu/r.x.npc:100
/testbench/cpu/l3/u0/leon3x0/vhdl/p0/iu/r.f.pc:01000000000000000000001011100000
/testbench/cpu/l3/u0/leon3x0/vhdl/p0/iu/r.d.annul:0
/testbench/cpu/l3/u0/leon3x0/vhdl/p0/iu/r.x.rstate:run
/testbench/cpu/l3/u0/leon3x0/vhdl/p0/iu/r.x.set:0
/testbench/cpu/l3/u0/leon3x0/vhdl/p0/iu/r.m.result:00000000000000000000000000000010
/testbench/cpu/l3/u0/leon3x0/vhdl/p0/iu/r.e.icc:UUUU
/testbench/cpu/l3/u0/leon3x0/vhdl/p0/iu/r.a.getpc:0
/testbench/cpu/l3/u0/leon3x0/vhdl/p0/iu/r.a.ldchkex:1
/testbench/cpu/l3/u0/leon3x0/vhdl/p0/iu/r.x.mexc:0
/testbench/cpu/l3/u0/leon3x0/vhdl/p0/iu/r.a.mulstart:0
/testbench/cpu/l3/u0/leon3x0/vhdl/p0/iu/r.d.rexpos:10
/testbench/cpu/l3/u0/leon3x0/vhdl/p0/iu/r.x.annul_all:0
/testbench/cpu/l3/u0/leon3x0/vhdl/p0/iu/r.e.aluop:000
/testbench/cpu/l3/u0/leon3x0/vhdl/p0/iu/r.x.debug:0
/testbench/cpu/l3/u0/leon3x0/vhdl/p0/iu/r.a.rfe1:1
/testbench/cpu/l3/u0/leon3x0/vhdl/p0/iu/r.d.step:0
/testbench/cpu/l3/u0/leon3x0/vhdl/p0/iu/r.a.rfe2:0
/testbench/cpu/l3/u0/leon3x0/vhdl/p0/iu/r.e.alucin:0
/testbench/cpu/l3/u0/leon3x0/vhdl/p0/iu/r.a.wunf:0
======================================
progstatus: -2
execerr: 142
latent: 1
time limit!
>>>>>>>>>>>>>>> 5745715000
======================================
