Test signal = /testbench/cpu/l3/u0/leon3x0/vhdl/p0/iu/r.a.rsel1
oldval = 101
pos1: 2 pos0: 1 posU: -1
newval = 100
Signal value: 101
oldval = 101
pos1: 2 pos0: 1 posU: -1
newval = 100
force in 1127363
586290000 >> iteration no: 0
1598340000 >> iteration no: 1
1710190000 >> Requesting for the AHB bus...
1710765000 >> AHB granted, starting recovery...
1729965000 >> Recovery done, continuing...
1730315000 >> Requesting for the AHB bus...
1730890000 >> AHB granted, starting recovery...
1750090000 >> Recovery done, continuing...
1750440000 >> Requesting for the AHB bus...
1751015000 >> AHB granted, starting recovery...
1770215000 >> Recovery done, continuing...
1770565000 >> Requesting for the AHB bus...
1771140000 >> AHB granted, starting recovery...
1790340000 >> Recovery done, continuing...
1790690000 >> Requesting for the AHB bus...
1791265000 >> AHB granted, starting recovery...
1810465000 >> Recovery done, continuing...
1810815000 >> Requesting for the AHB bus...
1811390000 >> AHB granted, starting recovery...
1830590000 >> Recovery done, continuing...
1830940000 >> Requesting for the AHB bus...
1831515000 >> AHB granted, starting recovery...
1850715000 >> Recovery done, continuing...
1851065000 >> Requesting for the AHB bus...
1851640000 >> AHB granted, starting recovery...
1870840000 >> Recovery done, continuing...
1871190000 >> Requesting for the AHB bus...
1871765000 >> AHB granted, starting recovery...
1890965000 >> Recovery done, continuing...
1891315000 >> Requesting for the AHB bus...
1891890000 >> AHB granted, starting recovery...
1911090000 >> Recovery done, continuing...
1911440000 >> Requesting for the AHB bus...
1912015000 >> AHB granted, starting recovery...
1931215000 >> Recovery done, continuing...
1931565000 >> Requesting for the AHB bus...
1932140000 >> AHB granted, starting recovery...
1951340000 >> Recovery done, continuing...
1951690000 >> Requesting for the AHB bus...
1952265000 >> AHB granted, starting recovery...
1971465000 >> Recovery done, continuing...
1971990000 >> Requesting for the AHB bus...
1972565000 >> AHB granted, starting recovery...
1991765000 >> Recovery done, continuing...
1992115000 >> Requesting for the AHB bus...
1992690000 >> AHB granted, starting recovery...
2011890000 >> Recovery done, continuing...
2012240000 >> Requesting for the AHB bus...
2012815000 >> AHB granted, starting recovery...
2032015000 >> Recovery done, continuing...
2032365000 >> Requesting for the AHB bus...
2032940000 >> AHB granted, starting recovery...
2052140000 >> Recovery done, continuing...
2052490000 >> Requesting for the AHB bus...
2053065000 >> AHB granted, starting recovery...
2072265000 >> Recovery done, continuing...
2072615000 >> Requesting for the AHB bus...
2073190000 >> AHB granted, starting recovery...
2092390000 >> Recovery done, continuing...
2092740000 >> Requesting for the AHB bus...
2093315000 >> AHB granted, starting recovery...
2112515000 >> Recovery done, continuing...
2112865000 >> Requesting for the AHB bus...
2113440000 >> AHB granted, starting recovery...
2132640000 >> Recovery done, continuing...
2132990000 >> Requesting for the AHB bus...
2133565000 >> AHB granted, starting recovery...
2152765000 >> Recovery done, continuing...
2153115000 >> Requesting for the AHB bus...
2153690000 >> AHB granted, starting recovery...
2172890000 >> Recovery done, continuing...
2173240000 >> Requesting for the AHB bus...
2173815000 >> AHB granted, starting recovery...
2193015000 >> Recovery done, continuing...
2193365000 >> Requesting for the AHB bus...
2193940000 >> AHB granted, starting recovery...
2213140000 >> Recovery done, continuing...
2213490000 >> Requesting for the AHB bus...
2214065000 >> AHB granted, starting recovery...
2233265000 >> Recovery done, continuing...
2233615000 >> Requesting for the AHB bus...
2234190000 >> AHB granted, starting recovery...
2253390000 >> Recovery done, continuing...
2253740000 >> Requesting for the AHB bus...
2254315000 >> AHB granted, starting recovery...
2273515000 >> Recovery done, continuing...
2273865000 >> Requesting for the AHB bus...
2274440000 >> AHB granted, starting recovery...
2293640000 >> Recovery done, continuing...
2293990000 >> Requesting for the AHB bus...
2294565000 >> AHB granted, starting recovery...
2313765000 >> Recovery done, continuing...
2314115000 >> Requesting for the AHB bus...
2314690000 >> AHB granted, starting recovery...
2333890000 >> Recovery done, continuing...
2334240000 >> Requesting for the AHB bus...
2334815000 >> AHB granted, starting recovery...
2354015000 >> Recovery done, continuing...
2354365000 >> Requesting for the AHB bus...
2354940000 >> AHB granted, starting recovery...
2374140000 >> Recovery done, continuing...
2374490000 >> Requesting for the AHB bus...
2375065000 >> AHB granted, starting recovery...
2394265000 >> Recovery done, continuing...
2394615000 >> Requesting for the AHB bus...
2395190000 >> AHB granted, starting recovery...
2414390000 >> Recovery done, continuing...
2414740000 >> Requesting for the AHB bus...
2415315000 >> AHB granted, starting recovery...
2434515000 >> Recovery done, continuing...
2434865000 >> Requesting for the AHB bus...
2435440000 >> AHB granted, starting recovery...
2454640000 >> Recovery done, continuing...
2454990000 >> Requesting for the AHB bus...
2455565000 >> AHB granted, starting recovery...
2474765000 >> Recovery done, continuing...
2475115000 >> Requesting for the AHB bus...
2475690000 >> AHB granted, starting recovery...
2494890000 >> Recovery done, continuing...
2495240000 >> Requesting for the AHB bus...
2495815000 >> AHB granted, starting recovery...
2515015000 >> Recovery done, continuing...
2515365000 >> Requesting for the AHB bus...
2515940000 >> AHB granted, starting recovery...
2535140000 >> Recovery done, continuing...
2535490000 >> Requesting for the AHB bus...
2536065000 >> AHB granted, starting recovery...
2555265000 >> Recovery done, continuing...
2555615000 >> Requesting for the AHB bus...
2556190000 >> AHB granted, starting recovery...
2575390000 >> Recovery done, continuing...
2575740000 >> Requesting for the AHB bus...
2576315000 >> AHB granted, starting recovery...
2595515000 >> Recovery done, continuing...
2595865000 >> Requesting for the AHB bus...
2596440000 >> AHB granted, starting recovery...
2615640000 >> Recovery done, continuing...
2615990000 >> Requesting for the AHB bus...
2616565000 >> AHB granted, starting recovery...
2635765000 >> Recovery done, continuing...
2636115000 >> Requesting for the AHB bus...
2636690000 >> AHB granted, starting recovery...
2655890000 >> Recovery done, continuing...
2656240000 >> Requesting for the AHB bus...
2656815000 >> AHB granted, starting recovery...
2676015000 >> Recovery done, continuing...
2676365000 >> Requesting for the AHB bus...
2676940000 >> AHB granted, starting recovery...
2696140000 >> Recovery done, continuing...
2696490000 >> Requesting for the AHB bus...
2697065000 >> AHB granted, starting recovery...
2716265000 >> Recovery done, continuing...
2716615000 >> Requesting for the AHB bus...
2717190000 >> AHB granted, starting recovery...
2736390000 >> Recovery done, continuing...
2736740000 >> Requesting for the AHB bus...
2737315000 >> AHB granted, starting recovery...
2756515000 >> Recovery done, continuing...
2756865000 >> Requesting for the AHB bus...
2757440000 >> AHB granted, starting recovery...
2776640000 >> Recovery done, continuing...
2776990000 >> Requesting for the AHB bus...
2777565000 >> AHB granted, starting recovery...
2796765000 >> Recovery done, continuing...
2797115000 >> Requesting for the AHB bus...
2797690000 >> AHB granted, starting recovery...
2816890000 >> Recovery done, continuing...
2817240000 >> Requesting for the AHB bus...
2817815000 >> AHB granted, starting recovery...
2837015000 >> Recovery done, continuing...
2837365000 >> Requesting for the AHB bus...
2837940000 >> AHB granted, starting recovery...
2857140000 >> Recovery done, continuing...
2857490000 >> Requesting for the AHB bus...
2858065000 >> AHB granted, starting recovery...
2877265000 >> Recovery done, continuing...
2877615000 >> Requesting for the AHB bus...
2878190000 >> AHB granted, starting recovery...
2897390000 >> Recovery done, continuing...
2897740000 >> Requesting for the AHB bus...
2898315000 >> AHB granted, starting recovery...
2917515000 >> Recovery done, continuing...
2917865000 >> Requesting for the AHB bus...
2918440000 >> AHB granted, starting recovery...
2937640000 >> Recovery done, continuing...
2937990000 >> Requesting for the AHB bus...
2938565000 >> AHB granted, starting recovery...
2957765000 >> Recovery done, continuing...
2958115000 >> Requesting for the AHB bus...
2958690000 >> AHB granted, starting recovery...
2977890000 >> Recovery done, continuing...
2978240000 >> Requesting for the AHB bus...
2978815000 >> AHB granted, starting recovery...
2998015000 >> Recovery done, continuing...
2998365000 >> Requesting for the AHB bus...
2998940000 >> AHB granted, starting recovery...
3018140000 >> Recovery done, continuing...
3018490000 >> Requesting for the AHB bus...
3019065000 >> AHB granted, starting recovery...
3038265000 >> Recovery done, continuing...
3038615000 >> Requesting for the AHB bus...
3039190000 >> AHB granted, starting recovery...
3058390000 >> Recovery done, continuing...
3058740000 >> Requesting for the AHB bus...
3059315000 >> AHB granted, starting recovery...
3078515000 >> Recovery done, continuing...
3078865000 >> Requesting for the AHB bus...
3079440000 >> AHB granted, starting recovery...
3098640000 >> Recovery done, continuing...
3098990000 >> Requesting for the AHB bus...
3099565000 >> AHB granted, starting recovery...
3118765000 >> Recovery done, continuing...
3119115000 >> Requesting for the AHB bus...
3119690000 >> AHB granted, starting recovery...
3138890000 >> Recovery done, continuing...
3139240000 >> Requesting for the AHB bus...
3139815000 >> AHB granted, starting recovery...
3159015000 >> Recovery done, continuing...
3159365000 >> Requesting for the AHB bus...
3159940000 >> AHB granted, starting recovery...
3179140000 >> Recovery done, continuing...
3179490000 >> Requesting for the AHB bus...
3180065000 >> AHB granted, starting recovery...
3199265000 >> Recovery done, continuing...
3199615000 >> Requesting for the AHB bus...
3200190000 >> AHB granted, starting recovery...
3219390000 >> Recovery done, continuing...
3219740000 >> Requesting for the AHB bus...
3220315000 >> AHB granted, starting recovery...
3239515000 >> Recovery done, continuing...
3239865000 >> Requesting for the AHB bus...
3240440000 >> AHB granted, starting recovery...
3259640000 >> Recovery done, continuing...
3259990000 >> Requesting for the AHB bus...
3260565000 >> AHB granted, starting recovery...
3279765000 >> Recovery done, continuing...
3280115000 >> Requesting for the AHB bus...
3280690000 >> AHB granted, starting recovery...
3299890000 >> Recovery done, continuing...
3300240000 >> Requesting for the AHB bus...
3300815000 >> AHB granted, starting recovery...
3320015000 >> Recovery done, continuing...
3320365000 >> Requesting for the AHB bus...
3320940000 >> AHB granted, starting recovery...
3340140000 >> Recovery done, continuing...
3340490000 >> Requesting for the AHB bus...
3341065000 >> AHB granted, starting recovery...
3360265000 >> Recovery done, continuing...
3360790000 >> Requesting for the AHB bus...
3361365000 >> AHB granted, starting recovery...
3380565000 >> Recovery done, continuing...
3380915000 >> Requesting for the AHB bus...
3381490000 >> AHB granted, starting recovery...
3400690000 >> Recovery done, continuing...
3401040000 >> Requesting for the AHB bus...
3401615000 >> AHB granted, starting recovery...
3420815000 >> Recovery done, continuing...
3421165000 >> Requesting for the AHB bus...
3421740000 >> AHB granted, starting recovery...
3440940000 >> Recovery done, continuing...
3441290000 >> Requesting for the AHB bus...
3441865000 >> AHB granted, starting recovery...
3461065000 >> Recovery done, continuing...
3461415000 >> Requesting for the AHB bus...
3461990000 >> AHB granted, starting recovery...
3481190000 >> Recovery done, continuing...
3481540000 >> Requesting for the AHB bus...
3482115000 >> AHB granted, starting recovery...
3501315000 >> Recovery done, continuing...
3501665000 >> Requesting for the AHB bus...
3502240000 >> AHB granted, starting recovery...
3521440000 >> Recovery done, continuing...
3521790000 >> Requesting for the AHB bus...
3522365000 >> AHB granted, starting recovery...
3541565000 >> Recovery done, continuing...
3541915000 >> Requesting for the AHB bus...
3542490000 >> AHB granted, starting recovery...
3561690000 >> Recovery done, continuing...
3562040000 >> Requesting for the AHB bus...
3562615000 >> AHB granted, starting recovery...
3581815000 >> Recovery done, continuing...
3582165000 >> Requesting for the AHB bus...
3582740000 >> AHB granted, starting recovery...
3601940000 >> Recovery done, continuing...
3602290000 >> Requesting for the AHB bus...
3602865000 >> AHB granted, starting recovery...
3622065000 >> Recovery done, continuing...
3622415000 >> Requesting for the AHB bus...
3622990000 >> AHB granted, starting recovery...
3642190000 >> Recovery done, continuing...
3642540000 >> Requesting for the AHB bus...
3643115000 >> AHB granted, starting recovery...
3662315000 >> Recovery done, continuing...
3662665000 >> Requesting for the AHB bus...
3663240000 >> AHB granted, starting recovery...
3682440000 >> Recovery done, continuing...
3682790000 >> Requesting for the AHB bus...
3683365000 >> AHB granted, starting recovery...
3702565000 >> Recovery done, continuing...
3702915000 >> Requesting for the AHB bus...
3703490000 >> AHB granted, starting recovery...
3722690000 >> Recovery done, continuing...
3723040000 >> Requesting for the AHB bus...
3723615000 >> AHB granted, starting recovery...
3742815000 >> Recovery done, continuing...
3743165000 >> Requesting for the AHB bus...
3743740000 >> AHB granted, starting recovery...
3762940000 >> Recovery done, continuing...
3763290000 >> Requesting for the AHB bus...
3763865000 >> AHB granted, starting recovery...
3783065000 >> Recovery done, continuing...
3783415000 >> Requesting for the AHB bus...
3783990000 >> AHB granted, starting recovery...
3803190000 >> Recovery done, continuing...
3803540000 >> Requesting for the AHB bus...
3804115000 >> AHB granted, starting recovery...
3823315000 >> Recovery done, continuing...
3823665000 >> Requesting for the AHB bus...
3824240000 >> AHB granted, starting recovery...
3843440000 >> Recovery done, continuing...
3843790000 >> Requesting for the AHB bus...
3844365000 >> AHB granted, starting recovery...
3863565000 >> Recovery done, continuing...
3863915000 >> Requesting for the AHB bus...
3864490000 >> AHB granted, starting recovery...
3883690000 >> Recovery done, continuing...
3884040000 >> Requesting for the AHB bus...
3884615000 >> AHB granted, starting recovery...
3903815000 >> Recovery done, continuing...
3904165000 >> Requesting for the AHB bus...
3904740000 >> AHB granted, starting recovery...
3923940000 >> Recovery done, continuing...
3924290000 >> Requesting for the AHB bus...
3924865000 >> AHB granted, starting recovery...
3944065000 >> Recovery done, continuing...
3944415000 >> Requesting for the AHB bus...
3944990000 >> AHB granted, starting recovery...
3964190000 >> Recovery done, continuing...
3964540000 >> Requesting for the AHB bus...
3965115000 >> AHB granted, starting recovery...
3984315000 >> Recovery done, continuing...
3984665000 >> Requesting for the AHB bus...
3985240000 >> AHB granted, starting recovery...
4004440000 >> Recovery done, continuing...
4004790000 >> Requesting for the AHB bus...
4005365000 >> AHB granted, starting recovery...
4024565000 >> Recovery done, continuing...
4024915000 >> Requesting for the AHB bus...
4025490000 >> AHB granted, starting recovery...
4044690000 >> Recovery done, continuing...
4045040000 >> Requesting for the AHB bus...
4045615000 >> AHB granted, starting recovery...
4064815000 >> Recovery done, continuing...
4065165000 >> Requesting for the AHB bus...
4065740000 >> AHB granted, starting recovery...
4084940000 >> Recovery done, continuing...
4085290000 >> Requesting for the AHB bus...
4085865000 >> AHB granted, starting recovery...
4105065000 >> Recovery done, continuing...
4105415000 >> Requesting for the AHB bus...
4105990000 >> AHB granted, starting recovery...
4125190000 >> Recovery done, continuing...
4125540000 >> Requesting for the AHB bus...
4126115000 >> AHB granted, starting recovery...
4145315000 >> Recovery done, continuing...
4145665000 >> Requesting for the AHB bus...
4146240000 >> AHB granted, starting recovery...
4165440000 >> Recovery done, continuing...
4165790000 >> Requesting for the AHB bus...
4166365000 >> AHB granted, starting recovery...
4185565000 >> Recovery done, continuing...
4185915000 >> Requesting for the AHB bus...
4186490000 >> AHB granted, starting recovery...
4205690000 >> Recovery done, continuing...
4206040000 >> Requesting for the AHB bus...
4206615000 >> AHB granted, starting recovery...
4225815000 >> Recovery done, continuing...
4226165000 >> Requesting for the AHB bus...
4226740000 >> AHB granted, starting recovery...
4245940000 >> Recovery done, continuing...
4246290000 >> Requesting for the AHB bus...
4246865000 >> AHB granted, starting recovery...
4266065000 >> Recovery done, continuing...
4266415000 >> Requesting for the AHB bus...
4266990000 >> AHB granted, starting recovery...
4286190000 >> Recovery done, continuing...
4286540000 >> Requesting for the AHB bus...
4287115000 >> AHB granted, starting recovery...
4306315000 >> Recovery done, continuing...
4306665000 >> Requesting for the AHB bus...
4307240000 >> AHB granted, starting recovery...
4326440000 >> Recovery done, continuing...
4326790000 >> Requesting for the AHB bus...
4327365000 >> AHB granted, starting recovery...
4346565000 >> Recovery done, continuing...
4346915000 >> Requesting for the AHB bus...
4347490000 >> AHB granted, starting recovery...
4366690000 >> Recovery done, continuing...
4367040000 >> Requesting for the AHB bus...
4367615000 >> AHB granted, starting recovery...
4386815000 >> Recovery done, continuing...
4387165000 >> Requesting for the AHB bus...
4387740000 >> AHB granted, starting recovery...
4406940000 >> Recovery done, continuing...
4407290000 >> Requesting for the AHB bus...
4407865000 >> AHB granted, starting recovery...
4427065000 >> Recovery done, continuing...
4427415000 >> Requesting for the AHB bus...
4427990000 >> AHB granted, starting recovery...
4447190000 >> Recovery done, continuing...
4447540000 >> Requesting for the AHB bus...
4448115000 >> AHB granted, starting recovery...
4467315000 >> Recovery done, continuing...
4467665000 >> Requesting for the AHB bus...
4468240000 >> AHB granted, starting recovery...
4487440000 >> Recovery done, continuing...
4487790000 >> Requesting for the AHB bus...
4488365000 >> AHB granted, starting recovery...
4507565000 >> Recovery done, continuing...
4507915000 >> Requesting for the AHB bus...
4508490000 >> AHB granted, starting recovery...
4527690000 >> Recovery done, continuing...
4528040000 >> Requesting for the AHB bus...
4528615000 >> AHB granted, starting recovery...
4547815000 >> Recovery done, continuing...
4548165000 >> Requesting for the AHB bus...
4548740000 >> AHB granted, starting recovery...
4567940000 >> Recovery done, continuing...
4568290000 >> Requesting for the AHB bus...
4568865000 >> AHB granted, starting recovery...
4588065000 >> Recovery done, continuing...
4588415000 >> Requesting for the AHB bus...
4588990000 >> AHB granted, starting recovery...
4608190000 >> Recovery done, continuing...
4608540000 >> Requesting for the AHB bus...
4609115000 >> AHB granted, starting recovery...
4628315000 >> Recovery done, continuing...
4628665000 >> Requesting for the AHB bus...
4629240000 >> AHB granted, starting recovery...
4648440000 >> Recovery done, continuing...
4648790000 >> Requesting for the AHB bus...
4649365000 >> AHB granted, starting recovery...
4668565000 >> Recovery done, continuing...
4668915000 >> Requesting for the AHB bus...
4669490000 >> AHB granted, starting recovery...
4688690000 >> Recovery done, continuing...
4689040000 >> Requesting for the AHB bus...
4689615000 >> AHB granted, starting recovery...
4708815000 >> Recovery done, continuing...
4709165000 >> Requesting for the AHB bus...
4709740000 >> AHB granted, starting recovery...
4728940000 >> Recovery done, continuing...
4729290000 >> Requesting for the AHB bus...
4729865000 >> AHB granted, starting recovery...
4749065000 >> Recovery done, continuing...
4749590000 >> Requesting for the AHB bus...
4750165000 >> AHB granted, starting recovery...
4769365000 >> Recovery done, continuing...
4769715000 >> Requesting for the AHB bus...
4770290000 >> AHB granted, starting recovery...
4789490000 >> Recovery done, continuing...
4789840000 >> Requesting for the AHB bus...
4790415000 >> AHB granted, starting recovery...
4809615000 >> Recovery done, continuing...
4809965000 >> Requesting for the AHB bus...
4810540000 >> AHB granted, starting recovery...
4829740000 >> Recovery done, continuing...
4830090000 >> Requesting for the AHB bus...
4830665000 >> AHB granted, starting recovery...
4849865000 >> Recovery done, continuing...
4850215000 >> Requesting for the AHB bus...
4850790000 >> AHB granted, starting recovery...
4869990000 >> Recovery done, continuing...
4870340000 >> Requesting for the AHB bus...
4870915000 >> AHB granted, starting recovery...
4890115000 >> Recovery done, continuing...
4890465000 >> Requesting for the AHB bus...
4891040000 >> AHB granted, starting recovery...
4910240000 >> Recovery done, continuing...
4910590000 >> Requesting for the AHB bus...
4911165000 >> AHB granted, starting recovery...
4930365000 >> Recovery done, continuing...
4930715000 >> Requesting for the AHB bus...
4931290000 >> AHB granted, starting recovery...
4950490000 >> Recovery done, continuing...
4950840000 >> Requesting for the AHB bus...
4951415000 >> AHB granted, starting recovery...
4970615000 >> Recovery done, continuing...
4970965000 >> Requesting for the AHB bus...
4971540000 >> AHB granted, starting recovery...
4990740000 >> Recovery done, continuing...
4991090000 >> Requesting for the AHB bus...
4991665000 >> AHB granted, starting recovery...
5010865000 >> Recovery done, continuing...
5011215000 >> Requesting for the AHB bus...
5011790000 >> AHB granted, starting recovery...
5030990000 >> Recovery done, continuing...
5031340000 >> Requesting for the AHB bus...
5031915000 >> AHB granted, starting recovery...
5051115000 >> Recovery done, continuing...
5051465000 >> Requesting for the AHB bus...
5052040000 >> AHB granted, starting recovery...
5071240000 >> Recovery done, continuing...
5071590000 >> Requesting for the AHB bus...
5072165000 >> AHB granted, starting recovery...
5091365000 >> Recovery done, continuing...
5091715000 >> Requesting for the AHB bus...
5092290000 >> AHB granted, starting recovery...
5111490000 >> Recovery done, continuing...
5111840000 >> Requesting for the AHB bus...
5112415000 >> AHB granted, starting recovery...
5131615000 >> Recovery done, continuing...
5131965000 >> Requesting for the AHB bus...
5132540000 >> AHB granted, starting recovery...
5151740000 >> Recovery done, continuing...
5152090000 >> Requesting for the AHB bus...
5152665000 >> AHB granted, starting recovery...
5171865000 >> Recovery done, continuing...
5172215000 >> Requesting for the AHB bus...
5172790000 >> AHB granted, starting recovery...
5191990000 >> Recovery done, continuing...
5192340000 >> Requesting for the AHB bus...
5192915000 >> AHB granted, starting recovery...
5212115000 >> Recovery done, continuing...
5212465000 >> Requesting for the AHB bus...
5213040000 >> AHB granted, starting recovery...
5232240000 >> Recovery done, continuing...
5232590000 >> Requesting for the AHB bus...
5233165000 >> AHB granted, starting recovery...
5252365000 >> Recovery done, continuing...
5252715000 >> Requesting for the AHB bus...
5253290000 >> AHB granted, starting recovery...
5272490000 >> Recovery done, continuing...
5272840000 >> Requesting for the AHB bus...
5273415000 >> AHB granted, starting recovery...
5292615000 >> Recovery done, continuing...
5292965000 >> Requesting for the AHB bus...
5293540000 >> AHB granted, starting recovery...
5312740000 >> Recovery done, continuing...
5313090000 >> Requesting for the AHB bus...
5313665000 >> AHB granted, starting recovery...
5332865000 >> Recovery done, continuing...
5333215000 >> Requesting for the AHB bus...
5333790000 >> AHB granted, starting recovery...
5352990000 >> Recovery done, continuing...
5353340000 >> Requesting for the AHB bus...
5353915000 >> AHB granted, starting recovery...
5373115000 >> Recovery done, continuing...
5373465000 >> Requesting for the AHB bus...
5374040000 >> AHB granted, starting recovery...
5393240000 >> Recovery done, continuing...
5393590000 >> Requesting for the AHB bus...
5394165000 >> AHB granted, starting recovery...
5413365000 >> Recovery done, continuing...
5413715000 >> Requesting for the AHB bus...
5414290000 >> AHB granted, starting recovery...
5433490000 >> Recovery done, continuing...
5433840000 >> Requesting for the AHB bus...
5434415000 >> AHB granted, starting recovery...
5453615000 >> Recovery done, continuing...
5453965000 >> Requesting for the AHB bus...
5454540000 >> AHB granted, starting recovery...
5473740000 >> Recovery done, continuing...
5474090000 >> Requesting for the AHB bus...
5474665000 >> AHB granted, starting recovery...
5493865000 >> Recovery done, continuing...
5494215000 >> Requesting for the AHB bus...
5494790000 >> AHB granted, starting recovery...
5513990000 >> Recovery done, continuing...
5514340000 >> Requesting for the AHB bus...
5514915000 >> AHB granted, starting recovery...
5534115000 >> Recovery done, continuing...
5534465000 >> Requesting for the AHB bus...
5535040000 >> AHB granted, starting recovery...
5554240000 >> Recovery done, continuing...
5554590000 >> Requesting for the AHB bus...
5555165000 >> AHB granted, starting recovery...
5574365000 >> Recovery done, continuing...
5574715000 >> Requesting for the AHB bus...
5575290000 >> AHB granted, starting recovery...
5594490000 >> Recovery done, continuing...
5594840000 >> Requesting for the AHB bus...
5595415000 >> AHB granted, starting recovery...
5614615000 >> Recovery done, continuing...
5614965000 >> Requesting for the AHB bus...
5615540000 >> AHB granted, starting recovery...
5634740000 >> Recovery done, continuing...
5635090000 >> Requesting for the AHB bus...
5635665000 >> AHB granted, starting recovery...
5654865000 >> Recovery done, continuing...
5655215000 >> Requesting for the AHB bus...
5655790000 >> AHB granted, starting recovery...
5674990000 >> Recovery done, continuing...
5675340000 >> Requesting for the AHB bus...
5675915000 >> AHB granted, starting recovery...
5695115000 >> Recovery done, continuing...
5695465000 >> Requesting for the AHB bus...
5696040000 >> AHB granted, starting recovery...
5715240000 >> Recovery done, continuing...
5715590000 >> Requesting for the AHB bus...
5716165000 >> AHB granted, starting recovery...
5735365000 >> Recovery done, continuing...
5735715000 >> Requesting for the AHB bus...
5736290000 >> AHB granted, starting recovery...
5745715000 >> time limit reached...
/testbench/cpu/l3/u0/leon3x0/vhdl/p0/iu/r.w.wreg:0
/testbench/cpu/l3/u0/leon3x0/vhdl/p0/iu/r.m.irqen:1
/testbench/cpu/l3/u0/leon3x0/vhdl/p0/iu/r.m.icc:0000
/testbench/cpu/l3/u0/leon3x0/vhdl/p0/iu/r.a.ticc:0
/testbench/cpu/l3/u0/leon3x0/vhdl/p0/iu/r.a.step:0
/testbench/cpu/l3/u0/leon3x0/vhdl/p0/iu/r.m.irqen2:1
/testbench/cpu/l3/u0/leon3x0/vhdl/p0/iu/r.d.pc:01000000000000000000001101000100
/testbench/cpu/l3/u0/leon3x0/vhdl/p0/iu/r.d.rexpl:{{00000000000000000000000000000000} {00} {0} 0 0 {0000000000000000000} 0 0 0 0 0 0}
/testbench/cpu/l3/u0/leon3x0/vhdl/p0/iu/r.d.mexc:0
/testbench/cpu/l3/u0/leon3x0/vhdl/p0/iu/r.a.aw:0
/testbench/cpu/l3/u0/leon3x0/vhdl/p0/iu/r.e.ctrl:{{01000000000000000000001101000000} {11000100000001111010000001000100} {00} {10000010} {000000} 0 0 1 0 0 1 1 0 0}
/testbench/cpu/l3/u0/leon3x0/vhdl/p0/iu/r.a.divstart:0
/testbench/cpu/l3/u0/leon3x0/vhdl/p0/iu/r.e.shleft:0
/testbench/cpu/l3/u0/leon3x0/vhdl/p0/iu/r.a.bp:0
/testbench/cpu/l3/u0/leon3x0/vhdl/p0/iu/r.w.twcwp:000
/testbench/cpu/l3/u0/leon3x0/vhdl/p0/iu/r.a.jmpl:0
/testbench/cpu/l3/u0/leon3x0/vhdl/p0/iu/r.m.casa:0
/testbench/cpu/l3/u0/leon3x0/vhdl/p0/iu/r.m.werr:0
/testbench/cpu/l3/u0/leon3x0/vhdl/p0/iu/r.e.su:1
/testbench/cpu/l3/u0/leon3x0/vhdl/p0/iu/r.e.et:1
/testbench/cpu/l3/u0/leon3x0/vhdl/p0/iu/r.a.ldcheck1:1
/testbench/cpu/l3/u0/leon3x0/vhdl/p0/iu/r.d.stwin:000
/testbench/cpu/l3/u0/leon3x0/vhdl/p0/iu/r.a.ldcheck2:1
/testbench/cpu/l3/u0/leon3x0/vhdl/p0/iu/r.x.intack:0
/testbench/cpu/l3/u0/leon3x0/vhdl/p0/iu/r.m.ctrl:{{01000000000000000000001100111100} {11000010000001111011111111111000} {00} {10000001} {000000} 0 0 1 0 0 1 1 0 0}
/testbench/cpu/l3/u0/leon3x0/vhdl/p0/iu/r.a.cwp:101
/testbench/cpu/l3/u0/leon3x0/vhdl/p0/iu/r.e.sari:0
/testbench/cpu/l3/u0/leon3x0/vhdl/p0/iu/r.d.paw:0
/testbench/cpu/l3/u0/leon3x0/vhdl/p0/iu/r.d.aw:0
/testbench/cpu/l3/u0/leon3x0/vhdl/p0/iu/r.d.awp:000
/testbench/cpu/l3/u0/leon3x0/vhdl/p0/iu/r.x.ctrl:{{01000000000000000000001100111000} {11000100001010000100000000000000} {01} {10000010} {000000} 0 0 0 0 0 0 0 0 0}
/testbench/cpu/l3/u0/leon3x0/vhdl/p0/iu/r.m.rexnalign:0
/testbench/cpu/l3/u0/leon3x0/vhdl/p0/iu/r.m.su:1
/testbench/cpu/l3/u0/leon3x0/vhdl/p0/iu/r.m.wcwp:0
/testbench/cpu/l3/u0/leon3x0/vhdl/p0/iu/r.d.divrdy:0
/testbench/cpu/l3/u0/leon3x0/vhdl/p0/iu/r.e.cwp:101
/testbench/cpu/l3/u0/leon3x0/vhdl/p0/iu/r.w.except:0
/testbench/cpu/l3/u0/leon3x0/vhdl/p0/iu/r.x.nerror:0
/testbench/cpu/l3/u0/leon3x0/vhdl/p0/iu/r.a.bpimiss:0
/testbench/cpu/l3/u0/leon3x0/vhdl/p0/iu/r.a.nobp:0
/testbench/cpu/l3/u0/leon3x0/vhdl/p0/iu/r.d.rexcnt:0
/testbench/cpu/l3/u0/leon3x0/vhdl/p0/iu/r.w.s:{{101} {0000} {00000000} {01000000000000000000} {00000010} {0000} 0 0 1 1 1 {00000000000000000000000000000000} {UUUUUUUUUUUUUUUUUUUUUUUUUUUUUUUU} 1 0 0 1 1 1 0 0 {000} {000} {111}}
/testbench/cpu/l3/u0/leon3x0/vhdl/p0/iu/r.d.pv:1
/testbench/cpu/l3/u0/leon3x0/vhdl/p0/iu/r.a.ldchkra:1
/testbench/cpu/l3/u0/leon3x0/vhdl/p0/iu/r.a.rfa1:10000010
/testbench/cpu/l3/u0/leon3x0/vhdl/p0/iu/r.a.rfa2:10000001
/testbench/cpu/l3/u0/leon3x0/vhdl/p0/iu/r.a.imm:00000000000000000000000000000001
/testbench/cpu/l3/u0/leon3x0/vhdl/p0/iu/r.w.wa:10000010
/testbench/cpu/l3/u0/leon3x0/vhdl/p0/iu/r.m.casaz:0
/testbench/cpu/l3/u0/leon3x0/vhdl/p0/iu/r.x.dci:{0 0 0 1 0 0 {00} {00001011}}
/testbench/cpu/l3/u0/leon3x0/vhdl/p0/iu/r.x.mac:0
/testbench/cpu/l3/u0/leon3x0/vhdl/p0/iu/r.m.divz:0
/testbench/cpu/l3/u0/leon3x0/vhdl/p0/iu/r.d.inst:{{10000010000000001000000000000001}}
/testbench/cpu/l3/u0/leon3x0/vhdl/p0/iu/r.e.rfe1:1
/testbench/cpu/l3/u0/leon3x0/vhdl/p0/iu/r.a.wovf:0
/testbench/cpu/l3/u0/leon3x0/vhdl/p0/iu/r.e.rfe2:0
/testbench/cpu/l3/u0/leon3x0/vhdl/p0/iu/r.e.op1:01000000000011111111111010100000
/testbench/cpu/l3/u0/leon3x0/vhdl/p0/iu/r.m.nalign:0
/testbench/cpu/l3/u0/leon3x0/vhdl/p0/iu/r.e.op2:00000000000000000000000001000100
/testbench/cpu/l3/u0/leon3x0/vhdl/p0/iu/r.d.rexen:0
/testbench/cpu/l3/u0/leon3x0/vhdl/p0/iu/r.a.ctrl:{{01000000000000000000001101000100} {10000010000000001000000000000001} {00} {10000001} {000000} 0 1 0 0 0 0 0 0 0}
/testbench/cpu/l3/u0/leon3x0/vhdl/p0/iu/r.x.ipend:0
/testbench/cpu/l3/u0/leon3x0/vhdl/p0/iu/r.e.ldbp1:0
/testbench/cpu/l3/u0/leon3x0/vhdl/p0/iu/r.e.aluadd:1
/testbench/cpu/l3/u0/leon3x0/vhdl/p0/iu/r.d.set:0
/testbench/cpu/l3/u0/leon3x0/vhdl/p0/iu/r.d.inull:0
/testbench/cpu/l3/u0/leon3x0/vhdl/p0/iu/r.e.ldbp2:0
/testbench/cpu/l3/u0/leon3x0/vhdl/p0/iu/r.d.cnt:00
/testbench/cpu/l3/u0/leon3x0/vhdl/p0/iu/r.a.su:1
/testbench/cpu/l3/u0/leon3x0/vhdl/p0/iu/r.a.et:1
/testbench/cpu/l3/u0/leon3x0/vhdl/p0/iu/r.e.mul:0
/testbench/cpu/l3/u0/leon3x0/vhdl/p0/iu/r.e.alusel:00
/testbench/cpu/l3/u0/leon3x0/vhdl/p0/iu/r.e.aw:U
/testbench/cpu/l3/u0/leon3x0/vhdl/p0/iu/r.e.mac:0
/testbench/cpu/l3/u0/leon3x0/vhdl/p0/iu/r.a.decill:0
/testbench/cpu/l3/u0/leon3x0/vhdl/p0/iu/r.x.icc:0000
/testbench/cpu/l3/u0/leon3x0/vhdl/p0/iu/r.x.result:00000110000001100000011000000110
/testbench/cpu/l3/u0/leon3x0/vhdl/p0/iu/r.e.bp:0
/testbench/cpu/l3/u0/leon3x0/vhdl/p0/iu/r.a.rs1:00010
/testbench/cpu/l3/u0/leon3x0/vhdl/p0/iu/r.e.jmpl:0
/testbench/cpu/l3/u0/leon3x0/vhdl/p0/iu/r.a.rsel1:001
/testbench/cpu/l3/u0/leon3x0/vhdl/p0/iu/r.x.y:00000000000000000000000000000000
/testbench/cpu/l3/u0/leon3x0/vhdl/p0/iu/r.a.rsel2:010
/testbench/cpu/l3/u0/leon3x0/vhdl/p0/iu/r.a.awp:000
/testbench/cpu/l3/u0/leon3x0/vhdl/p0/iu/r.a.paw:0
/testbench/cpu/l3/u0/leon3x0/vhdl/p0/iu/r.x.data:{{00000000000000000000000000000110}}
/testbench/cpu/l3/u0/leon3x0/vhdl/p0/iu/r.m.mul:0
/testbench/cpu/l3/u0/leon3x0/vhdl/p0/iu/r.e.rd:UUUUU
/testbench/cpu/l3/u0/leon3x0/vhdl/p0/iu/r.e.invop2:0
/testbench/cpu/l3/u0/leon3x0/vhdl/p0/iu/r.m.wawp:0
/testbench/cpu/l3/u0/leon3x0/vhdl/p0/iu/r.d.cwpmax:111
/testbench/cpu/l3/u0/leon3x0/vhdl/p0/iu/r.f.branch:0
/testbench/cpu/l3/u0/leon3x0/vhdl/p0/iu/r.d.pcheld:1
/testbench/cpu/l3/u0/leon3x0/vhdl/p0/iu/r.m.dci:{0 1 1 0 0 0 {10} {00001011}}
/testbench/cpu/l3/u0/leon3x0/vhdl/p0/iu/r.e.paw:U
/testbench/cpu/l3/u0/leon3x0/vhdl/p0/iu/r.e.awp:UUU
/testbench/cpu/l3/u0/leon3x0/vhdl/p0/iu/r.e.shcnt:00100
/testbench/cpu/l3/u0/leon3x0/vhdl/p0/iu/r.w.result:01000000000000000001111001001010
/testbench/cpu/l3/u0/leon3x0/vhdl/p0/iu/r.m.mac:0
/testbench/cpu/l3/u0/leon3x0/vhdl/p0/iu/r.m.y:00000000000000000000000000000000
/testbench/cpu/l3/u0/leon3x0/vhdl/p0/iu/r.d.cwp:101
/testbench/cpu/l3/u0/leon3x0/vhdl/p0/iu/r.x.laddr:10
/testbench/cpu/l3/u0/leon3x0/vhdl/p0/iu/r.e.mulstep:0
/testbench/cpu/l3/u0/leon3x0/vhdl/p0/iu/r.e.ymsb:0
/testbench/cpu/l3/u0/leon3x0/vhdl/p0/iu/r.d.rexbuf:00000000000000000000000000000000
/testbench/cpu/l3/u0/leon3x0/vhdl/p0/iu/r.x.npc:100
/testbench/cpu/l3/u0/leon3x0/vhdl/p0/iu/r.f.pc:01000000000000000000001101001000
/testbench/cpu/l3/u0/leon3x0/vhdl/p0/iu/r.d.annul:0
/testbench/cpu/l3/u0/leon3x0/vhdl/p0/iu/r.x.rstate:run
/testbench/cpu/l3/u0/leon3x0/vhdl/p0/iu/r.x.set:0
/testbench/cpu/l3/u0/leon3x0/vhdl/p0/iu/r.m.result:11111111111111111111111111111000
/testbench/cpu/l3/u0/leon3x0/vhdl/p0/iu/r.e.icc:UUUU
/testbench/cpu/l3/u0/leon3x0/vhdl/p0/iu/r.a.getpc:0
/testbench/cpu/l3/u0/leon3x0/vhdl/p0/iu/r.a.ldchkex:1
/testbench/cpu/l3/u0/leon3x0/vhdl/p0/iu/r.x.mexc:0
/testbench/cpu/l3/u0/leon3x0/vhdl/p0/iu/r.a.mulstart:0
/testbench/cpu/l3/u0/leon3x0/vhdl/p0/iu/r.d.rexpos:10
/testbench/cpu/l3/u0/leon3x0/vhdl/p0/iu/r.x.annul_all:0
/testbench/cpu/l3/u0/leon3x0/vhdl/p0/iu/r.e.aluop:000
/testbench/cpu/l3/u0/leon3x0/vhdl/p0/iu/r.x.debug:0
/testbench/cpu/l3/u0/leon3x0/vhdl/p0/iu/r.a.rfe1:0
/testbench/cpu/l3/u0/leon3x0/vhdl/p0/iu/r.d.step:0
/testbench/cpu/l3/u0/leon3x0/vhdl/p0/iu/r.a.rfe2:0
/testbench/cpu/l3/u0/leon3x0/vhdl/p0/iu/r.e.alucin:0
/testbench/cpu/l3/u0/leon3x0/vhdl/p0/iu/r.a.wunf:0
======================================
progstatus: -2
execerr: 201
latent: 1
time limit!
>>>>>>>>>>>>>>> 5745715000
======================================
