Test signal = /testbench/cpu/l3/u0/leon3x0/vhdl/p0/iu/r.d.step
oldval = 0
pos1: -1 pos0: 0 posU: -1
newval = 1
Signal value: 0
oldval = 0
pos1: -1 pos0: 0 posU: -1
newval = 1
force in 2284894
586290000 >> iteration no: 0
1598340000 >> iteration no: 1
2610390000 >> iteration no: 2
2867615000 >> Requesting for the AHB bus...
2867640000 >> Requesting for the AHB bus...
2868565000 >> AHB granted, starting recovery...
2887765000 >> Recovery done, continuing...
2889615000 >> Requesting for the AHB bus...
2890190000 >> Requesting for the AHB bus...
2890615000 >> AHB granted, starting recovery...
2909815000 >> Recovery done, continuing...
2911665000 >> Requesting for the AHB bus...
2912240000 >> Requesting for the AHB bus...
2912665000 >> AHB granted, starting recovery...
2931865000 >> Recovery done, continuing...
2933715000 >> Requesting for the AHB bus...
2934290000 >> Requesting for the AHB bus...
2934715000 >> AHB granted, starting recovery...
2953915000 >> Recovery done, continuing...
2955765000 >> Requesting for the AHB bus...
2956340000 >> Requesting for the AHB bus...
2956765000 >> AHB granted, starting recovery...
2975965000 >> Recovery done, continuing...
2977990000 >> Requesting for the AHB bus...
2978565000 >> Requesting for the AHB bus...
2978990000 >> AHB granted, starting recovery...
2998190000 >> Recovery done, continuing...
3000040000 >> Requesting for the AHB bus...
3000615000 >> Requesting for the AHB bus...
3001040000 >> AHB granted, starting recovery...
3020240000 >> Recovery done, continuing...
3022265000 >> Requesting for the AHB bus...
3022840000 >> Requesting for the AHB bus...
3023265000 >> AHB granted, starting recovery...
3042465000 >> Recovery done, continuing...
3044315000 >> Requesting for the AHB bus...
3044890000 >> Requesting for the AHB bus...
3045315000 >> AHB granted, starting recovery...
3064515000 >> Recovery done, continuing...
3066540000 >> Requesting for the AHB bus...
3067115000 >> Requesting for the AHB bus...
3067540000 >> AHB granted, starting recovery...
3086740000 >> Recovery done, continuing...
3088590000 >> Requesting for the AHB bus...
3089165000 >> Requesting for the AHB bus...
3089590000 >> AHB granted, starting recovery...
3108790000 >> Recovery done, continuing...
3110640000 >> Requesting for the AHB bus...
3111390000 >> Requesting for the AHB bus...
3111815000 >> AHB granted, starting recovery...
3131015000 >> Recovery done, continuing...
3132865000 >> Requesting for the AHB bus...
3133440000 >> Requesting for the AHB bus...
3133865000 >> AHB granted, starting recovery...
3153065000 >> Recovery done, continuing...
3154915000 >> Requesting for the AHB bus...
3155490000 >> Requesting for the AHB bus...
3155915000 >> AHB granted, starting recovery...
3175115000 >> Recovery done, continuing...
3176965000 >> Requesting for the AHB bus...
3177540000 >> Requesting for the AHB bus...
3177965000 >> AHB granted, starting recovery...
3197165000 >> Recovery done, continuing...
3199015000 >> Requesting for the AHB bus...
3199590000 >> Requesting for the AHB bus...
3200015000 >> AHB granted, starting recovery...
3219215000 >> Recovery done, continuing...
3221240000 >> Requesting for the AHB bus...
3221815000 >> Requesting for the AHB bus...
3222240000 >> AHB granted, starting recovery...
3241440000 >> Recovery done, continuing...
3243290000 >> Requesting for the AHB bus...
3243865000 >> Requesting for the AHB bus...
3244290000 >> AHB granted, starting recovery...
3263490000 >> Recovery done, continuing...
3265515000 >> Requesting for the AHB bus...
3266090000 >> Requesting for the AHB bus...
3266515000 >> AHB granted, starting recovery...
3285715000 >> Recovery done, continuing...
3287565000 >> Requesting for the AHB bus...
3288140000 >> Requesting for the AHB bus...
3288565000 >> AHB granted, starting recovery...
3307765000 >> Recovery done, continuing...
3309790000 >> Requesting for the AHB bus...
3310365000 >> Requesting for the AHB bus...
3310790000 >> AHB granted, starting recovery...
3329990000 >> Recovery done, continuing...
3331840000 >> Requesting for the AHB bus...
3332415000 >> Requesting for the AHB bus...
3332840000 >> AHB granted, starting recovery...
3352040000 >> Recovery done, continuing...
3353890000 >> Requesting for the AHB bus...
3354640000 >> Requesting for the AHB bus...
3355065000 >> AHB granted, starting recovery...
3374265000 >> Recovery done, continuing...
3376115000 >> Requesting for the AHB bus...
3376690000 >> Requesting for the AHB bus...
3377115000 >> AHB granted, starting recovery...
3396315000 >> Recovery done, continuing...
3398165000 >> Requesting for the AHB bus...
3398740000 >> Requesting for the AHB bus...
3399165000 >> AHB granted, starting recovery...
3418365000 >> Recovery done, continuing...
3420215000 >> Requesting for the AHB bus...
3420790000 >> Requesting for the AHB bus...
3421215000 >> AHB granted, starting recovery...
3440415000 >> Recovery done, continuing...
3442265000 >> Requesting for the AHB bus...
3442840000 >> Requesting for the AHB bus...
3443265000 >> AHB granted, starting recovery...
3462465000 >> Recovery done, continuing...
3464490000 >> Requesting for the AHB bus...
3465065000 >> Requesting for the AHB bus...
3465490000 >> AHB granted, starting recovery...
3484690000 >> Recovery done, continuing...
3486540000 >> Requesting for the AHB bus...
3487115000 >> Requesting for the AHB bus...
3487540000 >> AHB granted, starting recovery...
3506740000 >> Recovery done, continuing...
3508765000 >> Requesting for the AHB bus...
3509340000 >> Requesting for the AHB bus...
3509765000 >> AHB granted, starting recovery...
3528965000 >> Recovery done, continuing...
3530815000 >> Requesting for the AHB bus...
3531390000 >> Requesting for the AHB bus...
3531815000 >> AHB granted, starting recovery...
3551015000 >> Recovery done, continuing...
3553040000 >> Requesting for the AHB bus...
3553615000 >> Requesting for the AHB bus...
3554040000 >> AHB granted, starting recovery...
3573240000 >> Recovery done, continuing...
3575090000 >> Requesting for the AHB bus...
3575665000 >> Requesting for the AHB bus...
3576090000 >> AHB granted, starting recovery...
3595290000 >> Recovery done, continuing...
3597140000 >> Requesting for the AHB bus...
3597890000 >> Requesting for the AHB bus...
3598315000 >> AHB granted, starting recovery...
3617515000 >> Recovery done, continuing...
3619365000 >> Requesting for the AHB bus...
3619940000 >> Requesting for the AHB bus...
3620365000 >> AHB granted, starting recovery...
3639565000 >> Recovery done, continuing...
3641415000 >> Requesting for the AHB bus...
3641990000 >> Requesting for the AHB bus...
3642415000 >> AHB granted, starting recovery...
3661615000 >> Recovery done, continuing...
3663465000 >> Requesting for the AHB bus...
3664040000 >> Requesting for the AHB bus...
3664465000 >> AHB granted, starting recovery...
3683665000 >> Recovery done, continuing...
3685515000 >> Requesting for the AHB bus...
3686090000 >> Requesting for the AHB bus...
3686515000 >> AHB granted, starting recovery...
3705715000 >> Recovery done, continuing...
3707740000 >> Requesting for the AHB bus...
3708315000 >> Requesting for the AHB bus...
3708740000 >> AHB granted, starting recovery...
3727940000 >> Recovery done, continuing...
3729790000 >> Requesting for the AHB bus...
3730365000 >> Requesting for the AHB bus...
3730790000 >> AHB granted, starting recovery...
3749990000 >> Recovery done, continuing...
3752015000 >> Requesting for the AHB bus...
3752590000 >> Requesting for the AHB bus...
3753015000 >> AHB granted, starting recovery...
3772215000 >> Recovery done, continuing...
3774065000 >> Requesting for the AHB bus...
3774640000 >> Requesting for the AHB bus...
3775065000 >> AHB granted, starting recovery...
3794265000 >> Recovery done, continuing...
3796290000 >> Requesting for the AHB bus...
3796865000 >> Requesting for the AHB bus...
3797290000 >> AHB granted, starting recovery...
3816490000 >> Recovery done, continuing...
3818340000 >> Requesting for the AHB bus...
3818915000 >> Requesting for the AHB bus...
3819340000 >> AHB granted, starting recovery...
3838540000 >> Recovery done, continuing...
3840390000 >> Requesting for the AHB bus...
3841140000 >> Requesting for the AHB bus...
3841565000 >> AHB granted, starting recovery...
3860765000 >> Recovery done, continuing...
3862615000 >> Requesting for the AHB bus...
3863190000 >> Requesting for the AHB bus...
3863615000 >> AHB granted, starting recovery...
3882815000 >> Recovery done, continuing...
3884665000 >> Requesting for the AHB bus...
3885240000 >> Requesting for the AHB bus...
3885665000 >> AHB granted, starting recovery...
3904865000 >> Recovery done, continuing...
3906715000 >> Requesting for the AHB bus...
3907290000 >> Requesting for the AHB bus...
3907715000 >> AHB granted, starting recovery...
3926915000 >> Recovery done, continuing...
3928765000 >> Requesting for the AHB bus...
3929340000 >> Requesting for the AHB bus...
3929765000 >> AHB granted, starting recovery...
3948965000 >> Recovery done, continuing...
3950990000 >> Requesting for the AHB bus...
3951565000 >> Requesting for the AHB bus...
3951990000 >> AHB granted, starting recovery...
3971190000 >> Recovery done, continuing...
3973040000 >> Requesting for the AHB bus...
3973615000 >> Requesting for the AHB bus...
3974040000 >> AHB granted, starting recovery...
3993240000 >> Recovery done, continuing...
3995265000 >> Requesting for the AHB bus...
3995840000 >> Requesting for the AHB bus...
3996265000 >> AHB granted, starting recovery...
4015465000 >> Recovery done, continuing...
4017315000 >> Requesting for the AHB bus...
4017890000 >> Requesting for the AHB bus...
4018315000 >> AHB granted, starting recovery...
4037515000 >> Recovery done, continuing...
4039540000 >> Requesting for the AHB bus...
4040115000 >> Requesting for the AHB bus...
4040540000 >> AHB granted, starting recovery...
4059740000 >> Recovery done, continuing...
4061590000 >> Requesting for the AHB bus...
4062165000 >> Requesting for the AHB bus...
4062590000 >> AHB granted, starting recovery...
4081790000 >> Recovery done, continuing...
4083640000 >> Requesting for the AHB bus...
4084390000 >> Requesting for the AHB bus...
4084815000 >> AHB granted, starting recovery...
4104015000 >> Recovery done, continuing...
4105865000 >> Requesting for the AHB bus...
4106440000 >> Requesting for the AHB bus...
4106865000 >> AHB granted, starting recovery...
4126065000 >> Recovery done, continuing...
4127915000 >> Requesting for the AHB bus...
4128490000 >> Requesting for the AHB bus...
4128915000 >> AHB granted, starting recovery...
4148115000 >> Recovery done, continuing...
4149965000 >> Requesting for the AHB bus...
4150540000 >> Requesting for the AHB bus...
4150965000 >> AHB granted, starting recovery...
4170165000 >> Recovery done, continuing...
4172015000 >> Requesting for the AHB bus...
4172590000 >> Requesting for the AHB bus...
4173015000 >> AHB granted, starting recovery...
4192215000 >> Recovery done, continuing...
4194240000 >> Requesting for the AHB bus...
4194815000 >> Requesting for the AHB bus...
4195240000 >> AHB granted, starting recovery...
4214440000 >> Recovery done, continuing...
4216290000 >> Requesting for the AHB bus...
4216865000 >> Requesting for the AHB bus...
4217290000 >> AHB granted, starting recovery...
4236490000 >> Recovery done, continuing...
4238515000 >> Requesting for the AHB bus...
4239090000 >> Requesting for the AHB bus...
4239515000 >> AHB granted, starting recovery...
4258715000 >> Recovery done, continuing...
4260565000 >> Requesting for the AHB bus...
4261140000 >> Requesting for the AHB bus...
4261565000 >> AHB granted, starting recovery...
4280765000 >> Recovery done, continuing...
4282790000 >> Requesting for the AHB bus...
4283365000 >> Requesting for the AHB bus...
4283790000 >> AHB granted, starting recovery...
4302990000 >> Recovery done, continuing...
4304840000 >> Requesting for the AHB bus...
4305415000 >> Requesting for the AHB bus...
4305840000 >> AHB granted, starting recovery...
4325040000 >> Recovery done, continuing...
4326890000 >> Requesting for the AHB bus...
4327640000 >> Requesting for the AHB bus...
4328065000 >> AHB granted, starting recovery...
4347265000 >> Recovery done, continuing...
4349115000 >> Requesting for the AHB bus...
4349690000 >> Requesting for the AHB bus...
4350115000 >> AHB granted, starting recovery...
4369315000 >> Recovery done, continuing...
4371165000 >> Requesting for the AHB bus...
4371740000 >> Requesting for the AHB bus...
4372165000 >> AHB granted, starting recovery...
4391365000 >> Recovery done, continuing...
4393215000 >> Requesting for the AHB bus...
4393790000 >> Requesting for the AHB bus...
4394215000 >> AHB granted, starting recovery...
4413415000 >> Recovery done, continuing...
4415265000 >> Requesting for the AHB bus...
4415840000 >> Requesting for the AHB bus...
4416265000 >> AHB granted, starting recovery...
4435465000 >> Recovery done, continuing...
4437490000 >> Requesting for the AHB bus...
4438065000 >> Requesting for the AHB bus...
4438490000 >> AHB granted, starting recovery...
4457690000 >> Recovery done, continuing...
4459540000 >> Requesting for the AHB bus...
4460115000 >> Requesting for the AHB bus...
4460540000 >> AHB granted, starting recovery...
4479740000 >> Recovery done, continuing...
4481765000 >> Requesting for the AHB bus...
4482340000 >> Requesting for the AHB bus...
4482765000 >> AHB granted, starting recovery...
4501965000 >> Recovery done, continuing...
4503815000 >> Requesting for the AHB bus...
4504390000 >> Requesting for the AHB bus...
4504815000 >> AHB granted, starting recovery...
4524015000 >> Recovery done, continuing...
4526040000 >> Requesting for the AHB bus...
4526615000 >> Requesting for the AHB bus...
4527040000 >> AHB granted, starting recovery...
4546240000 >> Recovery done, continuing...
4548090000 >> Requesting for the AHB bus...
4548665000 >> Requesting for the AHB bus...
4549090000 >> AHB granted, starting recovery...
4568290000 >> Recovery done, continuing...
4570140000 >> Requesting for the AHB bus...
4570890000 >> Requesting for the AHB bus...
4571315000 >> AHB granted, starting recovery...
4590515000 >> Recovery done, continuing...
4592365000 >> Requesting for the AHB bus...
4592940000 >> Requesting for the AHB bus...
4593365000 >> AHB granted, starting recovery...
4612565000 >> Recovery done, continuing...
4614415000 >> Requesting for the AHB bus...
4614990000 >> Requesting for the AHB bus...
4615415000 >> AHB granted, starting recovery...
4634615000 >> Recovery done, continuing...
4636465000 >> Requesting for the AHB bus...
4637040000 >> Requesting for the AHB bus...
4637465000 >> AHB granted, starting recovery...
4656665000 >> Recovery done, continuing...
4658515000 >> Requesting for the AHB bus...
4659090000 >> Requesting for the AHB bus...
4659515000 >> AHB granted, starting recovery...
4678715000 >> Recovery done, continuing...
4680690000 >> Requesting for the AHB bus...
4681265000 >> Requesting for the AHB bus...
4681690000 >> AHB granted, starting recovery...
4700890000 >> Recovery done, continuing...
4702740000 >> Requesting for the AHB bus...
4703315000 >> Requesting for the AHB bus...
4703740000 >> AHB granted, starting recovery...
4722940000 >> Recovery done, continuing...
4724965000 >> Requesting for the AHB bus...
4725540000 >> Requesting for the AHB bus...
4725965000 >> AHB granted, starting recovery...
4745165000 >> Recovery done, continuing...
4747015000 >> Requesting for the AHB bus...
4747590000 >> Requesting for the AHB bus...
4748015000 >> AHB granted, starting recovery...
4767215000 >> Recovery done, continuing...
4769240000 >> Requesting for the AHB bus...
4769815000 >> Requesting for the AHB bus...
4770240000 >> AHB granted, starting recovery...
4789440000 >> Recovery done, continuing...
4791290000 >> Requesting for the AHB bus...
4791865000 >> Requesting for the AHB bus...
4792290000 >> AHB granted, starting recovery...
4811490000 >> Recovery done, continuing...
4813340000 >> Requesting for the AHB bus...
4814090000 >> Requesting for the AHB bus...
4814515000 >> AHB granted, starting recovery...
4833715000 >> Recovery done, continuing...
4835565000 >> Requesting for the AHB bus...
4836140000 >> Requesting for the AHB bus...
4836565000 >> AHB granted, starting recovery...
4855765000 >> Recovery done, continuing...
4857615000 >> Requesting for the AHB bus...
4858190000 >> Requesting for the AHB bus...
4858615000 >> AHB granted, starting recovery...
4877815000 >> Recovery done, continuing...
4879665000 >> Requesting for the AHB bus...
4880240000 >> Requesting for the AHB bus...
4880665000 >> AHB granted, starting recovery...
4899865000 >> Recovery done, continuing...
4901715000 >> Requesting for the AHB bus...
4902290000 >> Requesting for the AHB bus...
4902715000 >> AHB granted, starting recovery...
4921915000 >> Recovery done, continuing...
4923890000 >> Requesting for the AHB bus...
4924465000 >> Requesting for the AHB bus...
4924890000 >> AHB granted, starting recovery...
4944090000 >> Recovery done, continuing...
4945940000 >> Requesting for the AHB bus...
4946515000 >> Requesting for the AHB bus...
4946940000 >> AHB granted, starting recovery...
4966140000 >> Recovery done, continuing...
4968165000 >> Requesting for the AHB bus...
4968740000 >> Requesting for the AHB bus...
4969165000 >> AHB granted, starting recovery...
4988365000 >> Recovery done, continuing...
4990215000 >> Requesting for the AHB bus...
4990790000 >> Requesting for the AHB bus...
4991215000 >> AHB granted, starting recovery...
5010415000 >> Recovery done, continuing...
5012440000 >> Requesting for the AHB bus...
5013015000 >> Requesting for the AHB bus...
5013440000 >> AHB granted, starting recovery...
5032640000 >> Recovery done, continuing...
5034490000 >> Requesting for the AHB bus...
5035065000 >> Requesting for the AHB bus...
5035490000 >> AHB granted, starting recovery...
5054690000 >> Recovery done, continuing...
5056540000 >> Requesting for the AHB bus...
5057290000 >> Requesting for the AHB bus...
5057715000 >> AHB granted, starting recovery...
5076915000 >> Recovery done, continuing...
5078765000 >> Requesting for the AHB bus...
5079340000 >> Requesting for the AHB bus...
5079765000 >> AHB granted, starting recovery...
5098965000 >> Recovery done, continuing...
5100815000 >> Requesting for the AHB bus...
5101390000 >> Requesting for the AHB bus...
5101815000 >> AHB granted, starting recovery...
5121015000 >> Recovery done, continuing...
5122865000 >> Requesting for the AHB bus...
5123440000 >> Requesting for the AHB bus...
5123865000 >> AHB granted, starting recovery...
5143065000 >> Recovery done, continuing...
5144915000 >> Requesting for the AHB bus...
5145490000 >> Requesting for the AHB bus...
5145915000 >> AHB granted, starting recovery...
5165115000 >> Recovery done, continuing...
5167090000 >> Requesting for the AHB bus...
5167665000 >> Requesting for the AHB bus...
5168090000 >> AHB granted, starting recovery...
5187290000 >> Recovery done, continuing...
5189140000 >> Requesting for the AHB bus...
5189715000 >> Requesting for the AHB bus...
5190140000 >> AHB granted, starting recovery...
5209340000 >> Recovery done, continuing...
5211365000 >> Requesting for the AHB bus...
5211940000 >> Requesting for the AHB bus...
5212365000 >> AHB granted, starting recovery...
5231565000 >> Recovery done, continuing...
5233415000 >> Requesting for the AHB bus...
5233990000 >> Requesting for the AHB bus...
5234415000 >> AHB granted, starting recovery...
5253615000 >> Recovery done, continuing...
5255640000 >> Requesting for the AHB bus...
5256215000 >> Requesting for the AHB bus...
5256640000 >> AHB granted, starting recovery...
5275840000 >> Recovery done, continuing...
5277690000 >> Requesting for the AHB bus...
5278265000 >> Requesting for the AHB bus...
5278690000 >> AHB granted, starting recovery...
5297890000 >> Recovery done, continuing...
5299740000 >> Requesting for the AHB bus...
5300490000 >> Requesting for the AHB bus...
5300915000 >> AHB granted, starting recovery...
5320115000 >> Recovery done, continuing...
5321965000 >> Requesting for the AHB bus...
5322540000 >> Requesting for the AHB bus...
5322965000 >> AHB granted, starting recovery...
5342165000 >> Recovery done, continuing...
5344015000 >> Requesting for the AHB bus...
5344590000 >> Requesting for the AHB bus...
5345015000 >> AHB granted, starting recovery...
5364215000 >> Recovery done, continuing...
5366065000 >> Requesting for the AHB bus...
5366640000 >> Requesting for the AHB bus...
5367065000 >> AHB granted, starting recovery...
5386265000 >> Recovery done, continuing...
5388115000 >> Requesting for the AHB bus...
5388690000 >> Requesting for the AHB bus...
5389115000 >> AHB granted, starting recovery...
5408315000 >> Recovery done, continuing...
5410290000 >> Requesting for the AHB bus...
5410865000 >> Requesting for the AHB bus...
5411290000 >> AHB granted, starting recovery...
5430490000 >> Recovery done, continuing...
5432340000 >> Requesting for the AHB bus...
5432915000 >> Requesting for the AHB bus...
5433340000 >> AHB granted, starting recovery...
5452540000 >> Recovery done, continuing...
5454565000 >> Requesting for the AHB bus...
5455140000 >> Requesting for the AHB bus...
5455565000 >> AHB granted, starting recovery...
5474765000 >> Recovery done, continuing...
5476615000 >> Requesting for the AHB bus...
5477190000 >> Requesting for the AHB bus...
5477615000 >> AHB granted, starting recovery...
5496815000 >> Recovery done, continuing...
5498840000 >> Requesting for the AHB bus...
5499415000 >> Requesting for the AHB bus...
5499840000 >> AHB granted, starting recovery...
5519040000 >> Recovery done, continuing...
5520890000 >> Requesting for the AHB bus...
5521465000 >> Requesting for the AHB bus...
5521890000 >> AHB granted, starting recovery...
5541090000 >> Recovery done, continuing...
5542940000 >> Requesting for the AHB bus...
5543690000 >> Requesting for the AHB bus...
5544115000 >> AHB granted, starting recovery...
5563315000 >> Recovery done, continuing...
5565165000 >> Requesting for the AHB bus...
5565740000 >> Requesting for the AHB bus...
5566165000 >> AHB granted, starting recovery...
5585365000 >> Recovery done, continuing...
5587215000 >> Requesting for the AHB bus...
5587790000 >> Requesting for the AHB bus...
5588215000 >> AHB granted, starting recovery...
5607415000 >> Recovery done, continuing...
5609265000 >> Requesting for the AHB bus...
5609840000 >> Requesting for the AHB bus...
5610265000 >> AHB granted, starting recovery...
5629465000 >> Recovery done, continuing...
5631315000 >> Requesting for the AHB bus...
5631890000 >> Requesting for the AHB bus...
5632315000 >> AHB granted, starting recovery...
5651515000 >> Recovery done, continuing...
5653490000 >> Requesting for the AHB bus...
5654065000 >> Requesting for the AHB bus...
5654490000 >> AHB granted, starting recovery...
5673690000 >> Recovery done, continuing...
5675540000 >> Requesting for the AHB bus...
5676115000 >> Requesting for the AHB bus...
5676540000 >> AHB granted, starting recovery...
5695740000 >> Recovery done, continuing...
5697765000 >> Requesting for the AHB bus...
5698340000 >> Requesting for the AHB bus...
5698765000 >> AHB granted, starting recovery...
5717965000 >> Recovery done, continuing...
5719815000 >> Requesting for the AHB bus...
5720390000 >> Requesting for the AHB bus...
5720815000 >> AHB granted, starting recovery...
5740015000 >> Recovery done, continuing...
5742040000 >> Requesting for the AHB bus...
5742615000 >> Requesting for the AHB bus...
5743040000 >> AHB granted, starting recovery...
5745715000 >> time limit reached...
/testbench/cpu/l3/u0/leon3x0/vhdl/p0/iu/r.w.wreg:1
/testbench/cpu/l3/u0/leon3x0/vhdl/p0/iu/r.m.irqen:1
/testbench/cpu/l3/u0/leon3x0/vhdl/p0/iu/r.m.icc:0000
/testbench/cpu/l3/u0/leon3x0/vhdl/p0/iu/r.a.ticc:0
/testbench/cpu/l3/u0/leon3x0/vhdl/p0/iu/r.a.step:0
/testbench/cpu/l3/u0/leon3x0/vhdl/p0/iu/r.m.irqen2:1
/testbench/cpu/l3/u0/leon3x0/vhdl/p0/iu/r.d.pc:01000000000000000000001011011100
/testbench/cpu/l3/u0/leon3x0/vhdl/p0/iu/r.d.rexpl:{{00000000000000000000000000000000} {00} {0} 0 0 {0000000000000000000} 0 0 0 0 0 0}
/testbench/cpu/l3/u0/leon3x0/vhdl/p0/iu/r.d.mexc:0
/testbench/cpu/l3/u0/leon3x0/vhdl/p0/iu/r.a.aw:0
/testbench/cpu/l3/u0/leon3x0/vhdl/p0/iu/r.e.ctrl:{{01000000000000000000001011010100} {11000010000001111011111111110100} {00} {10000001} {000000} 0 0 1 0 0 1 1 0 0}
/testbench/cpu/l3/u0/leon3x0/vhdl/p0/iu/r.a.divstart:0
/testbench/cpu/l3/u0/leon3x0/vhdl/p0/iu/r.e.shleft:0
/testbench/cpu/l3/u0/leon3x0/vhdl/p0/iu/r.a.bp:0
/testbench/cpu/l3/u0/leon3x0/vhdl/p0/iu/r.w.twcwp:000
/testbench/cpu/l3/u0/leon3x0/vhdl/p0/iu/r.a.jmpl:0
/testbench/cpu/l3/u0/leon3x0/vhdl/p0/iu/r.m.casa:0
/testbench/cpu/l3/u0/leon3x0/vhdl/p0/iu/r.m.werr:0
/testbench/cpu/l3/u0/leon3x0/vhdl/p0/iu/r.e.su:1
/testbench/cpu/l3/u0/leon3x0/vhdl/p0/iu/r.e.et:1
/testbench/cpu/l3/u0/leon3x0/vhdl/p0/iu/r.a.ldcheck1:1
/testbench/cpu/l3/u0/leon3x0/vhdl/p0/iu/r.d.stwin:000
/testbench/cpu/l3/u0/leon3x0/vhdl/p0/iu/r.a.ldcheck2:0
/testbench/cpu/l3/u0/leon3x0/vhdl/p0/iu/r.x.intack:0
/testbench/cpu/l3/u0/leon3x0/vhdl/p0/iu/r.m.ctrl:{{01000000000000000000001011010000} {11000010001001111011111111111000} {01} {10000001} {000000} 0 0 0 0 0 0 0 0 0}
/testbench/cpu/l3/u0/leon3x0/vhdl/p0/iu/r.a.cwp:101
/testbench/cpu/l3/u0/leon3x0/vhdl/p0/iu/r.e.sari:0
/testbench/cpu/l3/u0/leon3x0/vhdl/p0/iu/r.d.paw:0
/testbench/cpu/l3/u0/leon3x0/vhdl/p0/iu/r.d.aw:0
/testbench/cpu/l3/u0/leon3x0/vhdl/p0/iu/r.d.awp:000
/testbench/cpu/l3/u0/leon3x0/vhdl/p0/iu/r.x.ctrl:{{01000000000000000000001011010000} {11000010001001111011111111111000} {00} {10000001} {000000} 0 0 0 0 0 0 1 0 0}
/testbench/cpu/l3/u0/leon3x0/vhdl/p0/iu/r.m.rexnalign:0
/testbench/cpu/l3/u0/leon3x0/vhdl/p0/iu/r.m.su:1
/testbench/cpu/l3/u0/leon3x0/vhdl/p0/iu/r.m.wcwp:0
/testbench/cpu/l3/u0/leon3x0/vhdl/p0/iu/r.d.divrdy:0
/testbench/cpu/l3/u0/leon3x0/vhdl/p0/iu/r.e.cwp:101
/testbench/cpu/l3/u0/leon3x0/vhdl/p0/iu/r.w.except:0
/testbench/cpu/l3/u0/leon3x0/vhdl/p0/iu/r.x.nerror:0
/testbench/cpu/l3/u0/leon3x0/vhdl/p0/iu/r.a.bpimiss:0
/testbench/cpu/l3/u0/leon3x0/vhdl/p0/iu/r.a.nobp:0
/testbench/cpu/l3/u0/leon3x0/vhdl/p0/iu/r.d.rexcnt:0
/testbench/cpu/l3/u0/leon3x0/vhdl/p0/iu/r.w.s:{{101} {0000} {00000000} {01000000000000000000} {00000010} {0000} 0 0 1 1 1 {00000000000000000000000000000000} {UUUUUUUUUUUUUUUUUUUUUUUUUUUUUUUU} 1 0 0 1 1 1 0 0 {000} {000} {111}}
/testbench/cpu/l3/u0/leon3x0/vhdl/p0/iu/r.d.pv:1
/testbench/cpu/l3/u0/leon3x0/vhdl/p0/iu/r.a.ldchkra:1
/testbench/cpu/l3/u0/leon3x0/vhdl/p0/iu/r.a.rfa1:01101110
/testbench/cpu/l3/u0/leon3x0/vhdl/p0/iu/r.a.rfa2:10000100
/testbench/cpu/l3/u0/leon3x0/vhdl/p0/iu/r.a.imm:00000000000000000000000001000100
/testbench/cpu/l3/u0/leon3x0/vhdl/p0/iu/r.w.wa:10000001
/testbench/cpu/l3/u0/leon3x0/vhdl/p0/iu/r.m.casaz:0
/testbench/cpu/l3/u0/leon3x0/vhdl/p0/iu/r.x.dci:{0 1 0 0 0 0 {10} {00001011}}
/testbench/cpu/l3/u0/leon3x0/vhdl/p0/iu/r.x.mac:0
/testbench/cpu/l3/u0/leon3x0/vhdl/p0/iu/r.m.divz:0
/testbench/cpu/l3/u0/leon3x0/vhdl/p0/iu/r.d.inst:{{10000010000000001000000000000001}}
/testbench/cpu/l3/u0/leon3x0/vhdl/p0/iu/r.e.rfe1:1
/testbench/cpu/l3/u0/leon3x0/vhdl/p0/iu/r.a.wovf:0
/testbench/cpu/l3/u0/leon3x0/vhdl/p0/iu/r.e.rfe2:0
/testbench/cpu/l3/u0/leon3x0/vhdl/p0/iu/r.e.op1:01000000000011111111111010100000
/testbench/cpu/l3/u0/leon3x0/vhdl/p0/iu/r.m.nalign:1
/testbench/cpu/l3/u0/leon3x0/vhdl/p0/iu/r.e.op2:11111111111111111111111111110100
/testbench/cpu/l3/u0/leon3x0/vhdl/p0/iu/r.d.rexen:0
/testbench/cpu/l3/u0/leon3x0/vhdl/p0/iu/r.a.ctrl:{{01000000000000000000001011011000} {11000100000001111010000001000100} {00} {10000010} {000000} 0 0 1 0 0 1 1 0 0}
/testbench/cpu/l3/u0/leon3x0/vhdl/p0/iu/r.x.ipend:0
/testbench/cpu/l3/u0/leon3x0/vhdl/p0/iu/r.e.ldbp1:0
/testbench/cpu/l3/u0/leon3x0/vhdl/p0/iu/r.e.aluadd:1
/testbench/cpu/l3/u0/leon3x0/vhdl/p0/iu/r.d.set:0
/testbench/cpu/l3/u0/leon3x0/vhdl/p0/iu/r.d.inull:0
/testbench/cpu/l3/u0/leon3x0/vhdl/p0/iu/r.e.ldbp2:0
/testbench/cpu/l3/u0/leon3x0/vhdl/p0/iu/r.d.cnt:00
/testbench/cpu/l3/u0/leon3x0/vhdl/p0/iu/r.a.su:1
/testbench/cpu/l3/u0/leon3x0/vhdl/p0/iu/r.a.et:1
/testbench/cpu/l3/u0/leon3x0/vhdl/p0/iu/r.e.mul:0
/testbench/cpu/l3/u0/leon3x0/vhdl/p0/iu/r.e.alusel:00
/testbench/cpu/l3/u0/leon3x0/vhdl/p0/iu/r.e.aw:U
/testbench/cpu/l3/u0/leon3x0/vhdl/p0/iu/r.e.mac:0
/testbench/cpu/l3/u0/leon3x0/vhdl/p0/iu/r.a.decill:0
/testbench/cpu/l3/u0/leon3x0/vhdl/p0/iu/r.x.icc:0000
/testbench/cpu/l3/u0/leon3x0/vhdl/p0/iu/r.x.result:01000000000011111111111010011000
/testbench/cpu/l3/u0/leon3x0/vhdl/p0/iu/r.e.bp:0
/testbench/cpu/l3/u0/leon3x0/vhdl/p0/iu/r.a.rs1:11110
/testbench/cpu/l3/u0/leon3x0/vhdl/p0/iu/r.e.jmpl:0
/testbench/cpu/l3/u0/leon3x0/vhdl/p0/iu/r.a.rsel1:000
/testbench/cpu/l3/u0/leon3x0/vhdl/p0/iu/r.x.y:00000000000000000000000000000000
/testbench/cpu/l3/u0/leon3x0/vhdl/p0/iu/r.a.rsel2:100
/testbench/cpu/l3/u0/leon3x0/vhdl/p0/iu/r.a.awp:000
/testbench/cpu/l3/u0/leon3x0/vhdl/p0/iu/r.a.paw:0
/testbench/cpu/l3/u0/leon3x0/vhdl/p0/iu/r.x.data:{{00000000000000000000000000000001}}
/testbench/cpu/l3/u0/leon3x0/vhdl/p0/iu/r.m.mul:0
/testbench/cpu/l3/u0/leon3x0/vhdl/p0/iu/r.e.rd:UUUUU
/testbench/cpu/l3/u0/leon3x0/vhdl/p0/iu/r.e.invop2:0
/testbench/cpu/l3/u0/leon3x0/vhdl/p0/iu/r.m.wawp:0
/testbench/cpu/l3/u0/leon3x0/vhdl/p0/iu/r.d.cwpmax:111
/testbench/cpu/l3/u0/leon3x0/vhdl/p0/iu/r.f.branch:0
/testbench/cpu/l3/u0/leon3x0/vhdl/p0/iu/r.d.pcheld:0
/testbench/cpu/l3/u0/leon3x0/vhdl/p0/iu/r.m.dci:{0 0 0 1 0 0 {10} {00001011}}
/testbench/cpu/l3/u0/leon3x0/vhdl/p0/iu/r.e.paw:U
/testbench/cpu/l3/u0/leon3x0/vhdl/p0/iu/r.e.awp:UUU
/testbench/cpu/l3/u0/leon3x0/vhdl/p0/iu/r.e.shcnt:10100
/testbench/cpu/l3/u0/leon3x0/vhdl/p0/iu/r.w.result:00000000000000000000000000000010
/testbench/cpu/l3/u0/leon3x0/vhdl/p0/iu/r.m.mac:0
/testbench/cpu/l3/u0/leon3x0/vhdl/p0/iu/r.m.y:00000000000000000000000000000000
/testbench/cpu/l3/u0/leon3x0/vhdl/p0/iu/r.d.cwp:101
/testbench/cpu/l3/u0/leon3x0/vhdl/p0/iu/r.x.laddr:00
/testbench/cpu/l3/u0/leon3x0/vhdl/p0/iu/r.e.mulstep:0
/testbench/cpu/l3/u0/leon3x0/vhdl/p0/iu/r.e.ymsb:0
/testbench/cpu/l3/u0/leon3x0/vhdl/p0/iu/r.d.rexbuf:00000000000000000000000000000000
/testbench/cpu/l3/u0/leon3x0/vhdl/p0/iu/r.x.npc:100
/testbench/cpu/l3/u0/leon3x0/vhdl/p0/iu/r.f.pc:01000000000000000000001011100000
/testbench/cpu/l3/u0/leon3x0/vhdl/p0/iu/r.d.annul:0
/testbench/cpu/l3/u0/leon3x0/vhdl/p0/iu/r.x.rstate:run
/testbench/cpu/l3/u0/leon3x0/vhdl/p0/iu/r.x.set:0
/testbench/cpu/l3/u0/leon3x0/vhdl/p0/iu/r.m.result:00000000000000000000000000000010
/testbench/cpu/l3/u0/leon3x0/vhdl/p0/iu/r.e.icc:UUUU
/testbench/cpu/l3/u0/leon3x0/vhdl/p0/iu/r.a.getpc:0
/testbench/cpu/l3/u0/leon3x0/vhdl/p0/iu/r.a.ldchkex:1
/testbench/cpu/l3/u0/leon3x0/vhdl/p0/iu/r.x.mexc:0
/testbench/cpu/l3/u0/leon3x0/vhdl/p0/iu/r.a.mulstart:0
/testbench/cpu/l3/u0/leon3x0/vhdl/p0/iu/r.d.rexpos:10
/testbench/cpu/l3/u0/leon3x0/vhdl/p0/iu/r.x.annul_all:0
/testbench/cpu/l3/u0/leon3x0/vhdl/p0/iu/r.e.aluop:000
/testbench/cpu/l3/u0/leon3x0/vhdl/p0/iu/r.x.debug:0
/testbench/cpu/l3/u0/leon3x0/vhdl/p0/iu/r.a.rfe1:1
/testbench/cpu/l3/u0/leon3x0/vhdl/p0/iu/r.d.step:0
/testbench/cpu/l3/u0/leon3x0/vhdl/p0/iu/r.a.rfe2:0
/testbench/cpu/l3/u0/leon3x0/vhdl/p0/iu/r.e.alucin:0
/testbench/cpu/l3/u0/leon3x0/vhdl/p0/iu/r.a.wunf:0
======================================
progstatus: -2
execerr: 131
latent: 1
time limit!
>>>>>>>>>>>>>>> 5745715000
======================================
