Test signal = /testbench/cpu/l3/u0/leon3x0/vhdl/p0/iu/r.d.cwp
oldval = 111
pos1: 2 pos0: -1 posU: -1
newval = 110
Signal value: 111
oldval = 111
pos1: 2 pos0: -1 posU: -1
newval = 110
force in 1082448
586290000 >> iteration no: 0
1598340000 >> iteration no: 1
1664590000 >> Requesting for the AHB bus...
1665765000 >> AHB granted, starting recovery...
1684965000 >> Recovery done, continuing...
1685015000 >> Requesting for the AHB bus...
1686065000 >> AHB granted, starting recovery...
1705265000 >> Recovery done, continuing...
1705315000 >> Requesting for the AHB bus...
1706365000 >> AHB granted, starting recovery...
1725565000 >> Recovery done, continuing...
1725615000 >> Requesting for the AHB bus...
1726665000 >> AHB granted, starting recovery...
1745865000 >> Recovery done, continuing...
1745915000 >> Requesting for the AHB bus...
1746965000 >> AHB granted, starting recovery...
1766165000 >> Recovery done, continuing...
1766215000 >> Requesting for the AHB bus...
1767265000 >> AHB granted, starting recovery...
1786465000 >> Recovery done, continuing...
1786515000 >> Requesting for the AHB bus...
1787565000 >> AHB granted, starting recovery...
1806765000 >> Recovery done, continuing...
1806815000 >> Requesting for the AHB bus...
1807865000 >> AHB granted, starting recovery...
1827065000 >> Recovery done, continuing...
1827115000 >> Requesting for the AHB bus...
1828165000 >> AHB granted, starting recovery...
1847365000 >> Recovery done, continuing...
1847415000 >> Requesting for the AHB bus...
1848465000 >> AHB granted, starting recovery...
1867665000 >> Recovery done, continuing...
1867715000 >> Requesting for the AHB bus...
1868765000 >> AHB granted, starting recovery...
1887965000 >> Recovery done, continuing...
1888015000 >> Requesting for the AHB bus...
1889240000 >> AHB granted, starting recovery...
1908440000 >> Recovery done, continuing...
1908490000 >> Requesting for the AHB bus...
1909540000 >> AHB granted, starting recovery...
1928740000 >> Recovery done, continuing...
1928790000 >> Requesting for the AHB bus...
1929840000 >> AHB granted, starting recovery...
1949040000 >> Recovery done, continuing...
1949090000 >> Requesting for the AHB bus...
1950140000 >> AHB granted, starting recovery...
1969340000 >> Recovery done, continuing...
1969390000 >> Requesting for the AHB bus...
1970440000 >> AHB granted, starting recovery...
1989640000 >> Recovery done, continuing...
1989690000 >> Requesting for the AHB bus...
1990740000 >> AHB granted, starting recovery...
2009940000 >> Recovery done, continuing...
2009990000 >> Requesting for the AHB bus...
2011140000 >> AHB granted, starting recovery...
2030340000 >> Recovery done, continuing...
2030390000 >> Requesting for the AHB bus...
2031440000 >> AHB granted, starting recovery...
2050640000 >> Recovery done, continuing...
2050690000 >> Requesting for the AHB bus...
2051740000 >> AHB granted, starting recovery...
2070940000 >> Recovery done, continuing...
2070990000 >> Requesting for the AHB bus...
2072040000 >> AHB granted, starting recovery...
2091240000 >> Recovery done, continuing...
2091290000 >> Requesting for the AHB bus...
2092340000 >> AHB granted, starting recovery...
2111540000 >> Recovery done, continuing...
2111590000 >> Requesting for the AHB bus...
2112640000 >> AHB granted, starting recovery...
2131840000 >> Recovery done, continuing...
2131890000 >> Requesting for the AHB bus...
2132940000 >> AHB granted, starting recovery...
2152140000 >> Recovery done, continuing...
2152190000 >> Requesting for the AHB bus...
2153240000 >> AHB granted, starting recovery...
2172440000 >> Recovery done, continuing...
2172490000 >> Requesting for the AHB bus...
2173540000 >> AHB granted, starting recovery...
2192740000 >> Recovery done, continuing...
2192790000 >> Requesting for the AHB bus...
2193840000 >> AHB granted, starting recovery...
2213040000 >> Recovery done, continuing...
2213090000 >> Requesting for the AHB bus...
2214140000 >> AHB granted, starting recovery...
2233340000 >> Recovery done, continuing...
2233390000 >> Requesting for the AHB bus...
2234440000 >> AHB granted, starting recovery...
2253640000 >> Recovery done, continuing...
2253690000 >> Requesting for the AHB bus...
2254740000 >> AHB granted, starting recovery...
2273940000 >> Recovery done, continuing...
2273990000 >> Requesting for the AHB bus...
2275040000 >> AHB granted, starting recovery...
2294240000 >> Recovery done, continuing...
2294290000 >> Requesting for the AHB bus...
2295340000 >> AHB granted, starting recovery...
2314540000 >> Recovery done, continuing...
2314590000 >> Requesting for the AHB bus...
2315640000 >> AHB granted, starting recovery...
2334840000 >> Recovery done, continuing...
2334890000 >> Requesting for the AHB bus...
2335940000 >> AHB granted, starting recovery...
2355140000 >> Recovery done, continuing...
2355190000 >> Requesting for the AHB bus...
2356415000 >> AHB granted, starting recovery...
2375615000 >> Recovery done, continuing...
2375665000 >> Requesting for the AHB bus...
2376715000 >> AHB granted, starting recovery...
2395915000 >> Recovery done, continuing...
2395965000 >> Requesting for the AHB bus...
2397015000 >> AHB granted, starting recovery...
2416215000 >> Recovery done, continuing...
2416265000 >> Requesting for the AHB bus...
2417315000 >> AHB granted, starting recovery...
2436515000 >> Recovery done, continuing...
2436565000 >> Requesting for the AHB bus...
2437615000 >> AHB granted, starting recovery...
2456815000 >> Recovery done, continuing...
2456865000 >> Requesting for the AHB bus...
2457915000 >> AHB granted, starting recovery...
2477115000 >> Recovery done, continuing...
2477165000 >> Requesting for the AHB bus...
2478340000 >> AHB granted, starting recovery...
2497540000 >> Recovery done, continuing...
2497590000 >> Requesting for the AHB bus...
2498640000 >> AHB granted, starting recovery...
2517840000 >> Recovery done, continuing...
2517890000 >> Requesting for the AHB bus...
2518940000 >> AHB granted, starting recovery...
2538140000 >> Recovery done, continuing...
2538190000 >> Requesting for the AHB bus...
2539240000 >> AHB granted, starting recovery...
2558440000 >> Recovery done, continuing...
2558490000 >> Requesting for the AHB bus...
2559540000 >> AHB granted, starting recovery...
2578740000 >> Recovery done, continuing...
2578790000 >> Requesting for the AHB bus...
2579840000 >> AHB granted, starting recovery...
2599040000 >> Recovery done, continuing...
2599090000 >> Requesting for the AHB bus...
2600140000 >> AHB granted, starting recovery...
2619340000 >> Recovery done, continuing...
2619390000 >> Requesting for the AHB bus...
2620440000 >> AHB granted, starting recovery...
2639640000 >> Recovery done, continuing...
2639690000 >> Requesting for the AHB bus...
2640740000 >> AHB granted, starting recovery...
2659940000 >> Recovery done, continuing...
2659990000 >> Requesting for the AHB bus...
2661040000 >> AHB granted, starting recovery...
2680240000 >> Recovery done, continuing...
2680290000 >> Requesting for the AHB bus...
2681340000 >> AHB granted, starting recovery...
2700540000 >> Recovery done, continuing...
2700590000 >> Requesting for the AHB bus...
2701640000 >> AHB granted, starting recovery...
2720840000 >> Recovery done, continuing...
2720890000 >> Requesting for the AHB bus...
2721940000 >> AHB granted, starting recovery...
2741140000 >> Recovery done, continuing...
2741190000 >> Requesting for the AHB bus...
2742240000 >> AHB granted, starting recovery...
2761440000 >> Recovery done, continuing...
2761490000 >> Requesting for the AHB bus...
2762540000 >> AHB granted, starting recovery...
2781740000 >> Recovery done, continuing...
2781790000 >> Requesting for the AHB bus...
2782840000 >> AHB granted, starting recovery...
2802040000 >> Recovery done, continuing...
2802090000 >> Requesting for the AHB bus...
2803140000 >> AHB granted, starting recovery...
2822340000 >> Recovery done, continuing...
2822390000 >> Requesting for the AHB bus...
2823615000 >> AHB granted, starting recovery...
2842815000 >> Recovery done, continuing...
2842865000 >> Requesting for the AHB bus...
2843915000 >> AHB granted, starting recovery...
2863115000 >> Recovery done, continuing...
2863165000 >> Requesting for the AHB bus...
2864215000 >> AHB granted, starting recovery...
2883415000 >> Recovery done, continuing...
2883465000 >> Requesting for the AHB bus...
2884515000 >> AHB granted, starting recovery...
2903715000 >> Recovery done, continuing...
2903765000 >> Requesting for the AHB bus...
2904815000 >> AHB granted, starting recovery...
2924015000 >> Recovery done, continuing...
2924065000 >> Requesting for the AHB bus...
2925115000 >> AHB granted, starting recovery...
2944315000 >> Recovery done, continuing...
2944365000 >> Requesting for the AHB bus...
2945540000 >> AHB granted, starting recovery...
2964740000 >> Recovery done, continuing...
2964790000 >> Requesting for the AHB bus...
2965840000 >> AHB granted, starting recovery...
2985040000 >> Recovery done, continuing...
2985090000 >> Requesting for the AHB bus...
2986140000 >> AHB granted, starting recovery...
3005340000 >> Recovery done, continuing...
3005390000 >> Requesting for the AHB bus...
3006440000 >> AHB granted, starting recovery...
3025640000 >> Recovery done, continuing...
3025690000 >> Requesting for the AHB bus...
3026740000 >> AHB granted, starting recovery...
3045940000 >> Recovery done, continuing...
3045990000 >> Requesting for the AHB bus...
3047040000 >> AHB granted, starting recovery...
3066240000 >> Recovery done, continuing...
3066290000 >> Requesting for the AHB bus...
3067340000 >> AHB granted, starting recovery...
3086540000 >> Recovery done, continuing...
3086590000 >> Requesting for the AHB bus...
3087640000 >> AHB granted, starting recovery...
3106840000 >> Recovery done, continuing...
3106890000 >> Requesting for the AHB bus...
3107940000 >> AHB granted, starting recovery...
3127140000 >> Recovery done, continuing...
3127190000 >> Requesting for the AHB bus...
3128240000 >> AHB granted, starting recovery...
3147440000 >> Recovery done, continuing...
3147490000 >> Requesting for the AHB bus...
3148540000 >> AHB granted, starting recovery...
3167740000 >> Recovery done, continuing...
3167790000 >> Requesting for the AHB bus...
3168840000 >> AHB granted, starting recovery...
3188040000 >> Recovery done, continuing...
3188090000 >> Requesting for the AHB bus...
3189140000 >> AHB granted, starting recovery...
3208340000 >> Recovery done, continuing...
3208390000 >> Requesting for the AHB bus...
3209440000 >> AHB granted, starting recovery...
3228640000 >> Recovery done, continuing...
3228690000 >> Requesting for the AHB bus...
3229740000 >> AHB granted, starting recovery...
3248940000 >> Recovery done, continuing...
3248990000 >> Requesting for the AHB bus...
3250040000 >> AHB granted, starting recovery...
3269240000 >> Recovery done, continuing...
3269290000 >> Requesting for the AHB bus...
3270340000 >> AHB granted, starting recovery...
3289540000 >> Recovery done, continuing...
3289590000 >> Requesting for the AHB bus...
3290815000 >> AHB granted, starting recovery...
3310015000 >> Recovery done, continuing...
3310065000 >> Requesting for the AHB bus...
3311115000 >> AHB granted, starting recovery...
3330315000 >> Recovery done, continuing...
3330365000 >> Requesting for the AHB bus...
3331415000 >> AHB granted, starting recovery...
3350615000 >> Recovery done, continuing...
3350665000 >> Requesting for the AHB bus...
3351715000 >> AHB granted, starting recovery...
3370915000 >> Recovery done, continuing...
3370965000 >> Requesting for the AHB bus...
3372015000 >> AHB granted, starting recovery...
3391215000 >> Recovery done, continuing...
3391265000 >> Requesting for the AHB bus...
3392315000 >> AHB granted, starting recovery...
3411515000 >> Recovery done, continuing...
3411565000 >> Requesting for the AHB bus...
3412740000 >> AHB granted, starting recovery...
3431940000 >> Recovery done, continuing...
3431990000 >> Requesting for the AHB bus...
3433040000 >> AHB granted, starting recovery...
3452240000 >> Recovery done, continuing...
3452290000 >> Requesting for the AHB bus...
3453340000 >> AHB granted, starting recovery...
3472540000 >> Recovery done, continuing...
3472590000 >> Requesting for the AHB bus...
3473640000 >> AHB granted, starting recovery...
3492840000 >> Recovery done, continuing...
3492890000 >> Requesting for the AHB bus...
3493940000 >> AHB granted, starting recovery...
3513140000 >> Recovery done, continuing...
3513190000 >> Requesting for the AHB bus...
3514240000 >> AHB granted, starting recovery...
3533440000 >> Recovery done, continuing...
3533490000 >> Requesting for the AHB bus...
3534540000 >> AHB granted, starting recovery...
3553740000 >> Recovery done, continuing...
3553790000 >> Requesting for the AHB bus...
3554840000 >> AHB granted, starting recovery...
3574040000 >> Recovery done, continuing...
3574090000 >> Requesting for the AHB bus...
3575140000 >> AHB granted, starting recovery...
3594340000 >> Recovery done, continuing...
3594390000 >> Requesting for the AHB bus...
3595440000 >> AHB granted, starting recovery...
3614640000 >> Recovery done, continuing...
3614690000 >> Requesting for the AHB bus...
3615740000 >> AHB granted, starting recovery...
3634940000 >> Recovery done, continuing...
3634990000 >> Requesting for the AHB bus...
3636040000 >> AHB granted, starting recovery...
3655240000 >> Recovery done, continuing...
3655290000 >> Requesting for the AHB bus...
3656340000 >> AHB granted, starting recovery...
3675540000 >> Recovery done, continuing...
3675590000 >> Requesting for the AHB bus...
3676640000 >> AHB granted, starting recovery...
3695840000 >> Recovery done, continuing...
3695890000 >> Requesting for the AHB bus...
3696940000 >> AHB granted, starting recovery...
3716140000 >> Recovery done, continuing...
3716190000 >> Requesting for the AHB bus...
3717240000 >> AHB granted, starting recovery...
3736440000 >> Recovery done, continuing...
3736490000 >> Requesting for the AHB bus...
3737540000 >> AHB granted, starting recovery...
3756740000 >> Recovery done, continuing...
3756790000 >> Requesting for the AHB bus...
3758015000 >> AHB granted, starting recovery...
3777215000 >> Recovery done, continuing...
3777265000 >> Requesting for the AHB bus...
3778315000 >> AHB granted, starting recovery...
3797515000 >> Recovery done, continuing...
3797565000 >> Requesting for the AHB bus...
3798615000 >> AHB granted, starting recovery...
3817815000 >> Recovery done, continuing...
3817865000 >> Requesting for the AHB bus...
3818915000 >> AHB granted, starting recovery...
3838115000 >> Recovery done, continuing...
3838165000 >> Requesting for the AHB bus...
3839215000 >> AHB granted, starting recovery...
3858415000 >> Recovery done, continuing...
3858465000 >> Requesting for the AHB bus...
3859515000 >> AHB granted, starting recovery...
3878715000 >> Recovery done, continuing...
3878765000 >> Requesting for the AHB bus...
3879940000 >> AHB granted, starting recovery...
3899140000 >> Recovery done, continuing...
3899190000 >> Requesting for the AHB bus...
3900240000 >> AHB granted, starting recovery...
3919440000 >> Recovery done, continuing...
3919490000 >> Requesting for the AHB bus...
3920540000 >> AHB granted, starting recovery...
3939740000 >> Recovery done, continuing...
3939790000 >> Requesting for the AHB bus...
3940840000 >> AHB granted, starting recovery...
3960040000 >> Recovery done, continuing...
3960090000 >> Requesting for the AHB bus...
3961140000 >> AHB granted, starting recovery...
3980340000 >> Recovery done, continuing...
3980390000 >> Requesting for the AHB bus...
3981440000 >> AHB granted, starting recovery...
4000640000 >> Recovery done, continuing...
4000690000 >> Requesting for the AHB bus...
4001740000 >> AHB granted, starting recovery...
4020940000 >> Recovery done, continuing...
4020990000 >> Requesting for the AHB bus...
4022040000 >> AHB granted, starting recovery...
4041240000 >> Recovery done, continuing...
4041290000 >> Requesting for the AHB bus...
4042340000 >> AHB granted, starting recovery...
4061540000 >> Recovery done, continuing...
4061590000 >> Requesting for the AHB bus...
4062640000 >> AHB granted, starting recovery...
4081840000 >> Recovery done, continuing...
4081890000 >> Requesting for the AHB bus...
4082940000 >> AHB granted, starting recovery...
4102140000 >> Recovery done, continuing...
4102190000 >> Requesting for the AHB bus...
4103240000 >> AHB granted, starting recovery...
4122440000 >> Recovery done, continuing...
4122490000 >> Requesting for the AHB bus...
4123540000 >> AHB granted, starting recovery...
4142740000 >> Recovery done, continuing...
4142790000 >> Requesting for the AHB bus...
4143840000 >> AHB granted, starting recovery...
4163040000 >> Recovery done, continuing...
4163090000 >> Requesting for the AHB bus...
4164140000 >> AHB granted, starting recovery...
4183340000 >> Recovery done, continuing...
4183390000 >> Requesting for the AHB bus...
4184440000 >> AHB granted, starting recovery...
4203640000 >> Recovery done, continuing...
4203690000 >> Requesting for the AHB bus...
4204740000 >> AHB granted, starting recovery...
4223940000 >> Recovery done, continuing...
4223990000 >> Requesting for the AHB bus...
4225215000 >> AHB granted, starting recovery...
4244415000 >> Recovery done, continuing...
4244465000 >> Requesting for the AHB bus...
4245515000 >> AHB granted, starting recovery...
4264715000 >> Recovery done, continuing...
4264765000 >> Requesting for the AHB bus...
4265815000 >> AHB granted, starting recovery...
4285015000 >> Recovery done, continuing...
4285065000 >> Requesting for the AHB bus...
4286115000 >> AHB granted, starting recovery...
4305315000 >> Recovery done, continuing...
4305365000 >> Requesting for the AHB bus...
4306415000 >> AHB granted, starting recovery...
4325615000 >> Recovery done, continuing...
4325665000 >> Requesting for the AHB bus...
4326715000 >> AHB granted, starting recovery...
4345915000 >> Recovery done, continuing...
4345965000 >> Requesting for the AHB bus...
4347140000 >> AHB granted, starting recovery...
4366340000 >> Recovery done, continuing...
4366390000 >> Requesting for the AHB bus...
4367440000 >> AHB granted, starting recovery...
4386640000 >> Recovery done, continuing...
4386690000 >> Requesting for the AHB bus...
4387740000 >> AHB granted, starting recovery...
4406940000 >> Recovery done, continuing...
4406990000 >> Requesting for the AHB bus...
4408040000 >> AHB granted, starting recovery...
4427240000 >> Recovery done, continuing...
4427290000 >> Requesting for the AHB bus...
4428340000 >> AHB granted, starting recovery...
4447540000 >> Recovery done, continuing...
4447590000 >> Requesting for the AHB bus...
4448640000 >> AHB granted, starting recovery...
4467840000 >> Recovery done, continuing...
4467890000 >> Requesting for the AHB bus...
4468940000 >> AHB granted, starting recovery...
4488140000 >> Recovery done, continuing...
4488190000 >> Requesting for the AHB bus...
4489240000 >> AHB granted, starting recovery...
4508440000 >> Recovery done, continuing...
4508490000 >> Requesting for the AHB bus...
4509540000 >> AHB granted, starting recovery...
4528740000 >> Recovery done, continuing...
4528790000 >> Requesting for the AHB bus...
4529840000 >> AHB granted, starting recovery...
4549040000 >> Recovery done, continuing...
4549090000 >> Requesting for the AHB bus...
4550140000 >> AHB granted, starting recovery...
4569340000 >> Recovery done, continuing...
4569390000 >> Requesting for the AHB bus...
4570440000 >> AHB granted, starting recovery...
4589640000 >> Recovery done, continuing...
4589690000 >> Requesting for the AHB bus...
4590740000 >> AHB granted, starting recovery...
4609940000 >> Recovery done, continuing...
4609990000 >> Requesting for the AHB bus...
4611040000 >> AHB granted, starting recovery...
4630240000 >> Recovery done, continuing...
4630290000 >> Requesting for the AHB bus...
4631340000 >> AHB granted, starting recovery...
4650540000 >> Recovery done, continuing...
4650590000 >> Requesting for the AHB bus...
4651640000 >> AHB granted, starting recovery...
4670840000 >> Recovery done, continuing...
4670890000 >> Requesting for the AHB bus...
4671940000 >> AHB granted, starting recovery...
4691140000 >> Recovery done, continuing...
4691190000 >> Requesting for the AHB bus...
4692415000 >> AHB granted, starting recovery...
4711615000 >> Recovery done, continuing...
4711665000 >> Requesting for the AHB bus...
4712715000 >> AHB granted, starting recovery...
4731915000 >> Recovery done, continuing...
4731965000 >> Requesting for the AHB bus...
4733015000 >> AHB granted, starting recovery...
4752215000 >> Recovery done, continuing...
4752265000 >> Requesting for the AHB bus...
4753315000 >> AHB granted, starting recovery...
4772515000 >> Recovery done, continuing...
4772565000 >> Requesting for the AHB bus...
4773615000 >> AHB granted, starting recovery...
4792815000 >> Recovery done, continuing...
4792865000 >> Requesting for the AHB bus...
4793915000 >> AHB granted, starting recovery...
4813115000 >> Recovery done, continuing...
4813165000 >> Requesting for the AHB bus...
4814340000 >> AHB granted, starting recovery...
4833540000 >> Recovery done, continuing...
4833590000 >> Requesting for the AHB bus...
4834640000 >> AHB granted, starting recovery...
4853840000 >> Recovery done, continuing...
4853890000 >> Requesting for the AHB bus...
4854940000 >> AHB granted, starting recovery...
4874140000 >> Recovery done, continuing...
4874190000 >> Requesting for the AHB bus...
4875240000 >> AHB granted, starting recovery...
4894440000 >> Recovery done, continuing...
4894490000 >> Requesting for the AHB bus...
4895540000 >> AHB granted, starting recovery...
4914740000 >> Recovery done, continuing...
4914790000 >> Requesting for the AHB bus...
4915840000 >> AHB granted, starting recovery...
4935040000 >> Recovery done, continuing...
4935090000 >> Requesting for the AHB bus...
4936140000 >> AHB granted, starting recovery...
4955340000 >> Recovery done, continuing...
4955390000 >> Requesting for the AHB bus...
4956440000 >> AHB granted, starting recovery...
4975640000 >> Recovery done, continuing...
4975690000 >> Requesting for the AHB bus...
4976740000 >> AHB granted, starting recovery...
4995940000 >> Recovery done, continuing...
4995990000 >> Requesting for the AHB bus...
4997040000 >> AHB granted, starting recovery...
5016240000 >> Recovery done, continuing...
5016290000 >> Requesting for the AHB bus...
5017340000 >> AHB granted, starting recovery...
5036540000 >> Recovery done, continuing...
5036590000 >> Requesting for the AHB bus...
5037640000 >> AHB granted, starting recovery...
5056840000 >> Recovery done, continuing...
5056890000 >> Requesting for the AHB bus...
5057940000 >> AHB granted, starting recovery...
5077140000 >> Recovery done, continuing...
5077190000 >> Requesting for the AHB bus...
5078240000 >> AHB granted, starting recovery...
5097440000 >> Recovery done, continuing...
5097490000 >> Requesting for the AHB bus...
5098540000 >> AHB granted, starting recovery...
5117740000 >> Recovery done, continuing...
5117790000 >> Requesting for the AHB bus...
5118840000 >> AHB granted, starting recovery...
5138040000 >> Recovery done, continuing...
5138090000 >> Requesting for the AHB bus...
5139140000 >> AHB granted, starting recovery...
5158340000 >> Recovery done, continuing...
5158390000 >> Requesting for the AHB bus...
5159615000 >> AHB granted, starting recovery...
5178815000 >> Recovery done, continuing...
5178865000 >> Requesting for the AHB bus...
5179915000 >> AHB granted, starting recovery...
5199115000 >> Recovery done, continuing...
5199165000 >> Requesting for the AHB bus...
5200215000 >> AHB granted, starting recovery...
5219415000 >> Recovery done, continuing...
5219465000 >> Requesting for the AHB bus...
5220515000 >> AHB granted, starting recovery...
5239715000 >> Recovery done, continuing...
5239765000 >> Requesting for the AHB bus...
5240815000 >> AHB granted, starting recovery...
5260015000 >> Recovery done, continuing...
5260065000 >> Requesting for the AHB bus...
5261115000 >> AHB granted, starting recovery...
5280315000 >> Recovery done, continuing...
5280365000 >> Requesting for the AHB bus...
5281540000 >> AHB granted, starting recovery...
5300740000 >> Recovery done, continuing...
5300790000 >> Requesting for the AHB bus...
5301840000 >> AHB granted, starting recovery...
5321040000 >> Recovery done, continuing...
5321090000 >> Requesting for the AHB bus...
5322140000 >> AHB granted, starting recovery...
5341340000 >> Recovery done, continuing...
5341390000 >> Requesting for the AHB bus...
5342440000 >> AHB granted, starting recovery...
5361640000 >> Recovery done, continuing...
5361690000 >> Requesting for the AHB bus...
5362740000 >> AHB granted, starting recovery...
5381940000 >> Recovery done, continuing...
5381990000 >> Requesting for the AHB bus...
5383040000 >> AHB granted, starting recovery...
5402240000 >> Recovery done, continuing...
5402290000 >> Requesting for the AHB bus...
5403340000 >> AHB granted, starting recovery...
5422540000 >> Recovery done, continuing...
5422590000 >> Requesting for the AHB bus...
5423640000 >> AHB granted, starting recovery...
5442840000 >> Recovery done, continuing...
5442890000 >> Requesting for the AHB bus...
5443940000 >> AHB granted, starting recovery...
5463140000 >> Recovery done, continuing...
5463190000 >> Requesting for the AHB bus...
5464240000 >> AHB granted, starting recovery...
5483440000 >> Recovery done, continuing...
5483490000 >> Requesting for the AHB bus...
5484540000 >> AHB granted, starting recovery...
5503740000 >> Recovery done, continuing...
5503790000 >> Requesting for the AHB bus...
5504840000 >> AHB granted, starting recovery...
5524040000 >> Recovery done, continuing...
5524090000 >> Requesting for the AHB bus...
5525140000 >> AHB granted, starting recovery...
5544340000 >> Recovery done, continuing...
5544390000 >> Requesting for the AHB bus...
5545440000 >> AHB granted, starting recovery...
5564640000 >> Recovery done, continuing...
5564690000 >> Requesting for the AHB bus...
5565740000 >> AHB granted, starting recovery...
5584940000 >> Recovery done, continuing...
5584990000 >> Requesting for the AHB bus...
5586040000 >> AHB granted, starting recovery...
5605240000 >> Recovery done, continuing...
5605290000 >> Requesting for the AHB bus...
5606340000 >> AHB granted, starting recovery...
5625540000 >> Recovery done, continuing...
5625590000 >> Requesting for the AHB bus...
5626815000 >> AHB granted, starting recovery...
5646015000 >> Recovery done, continuing...
5646065000 >> Requesting for the AHB bus...
5647115000 >> AHB granted, starting recovery...
5666315000 >> Recovery done, continuing...
5666365000 >> Requesting for the AHB bus...
5667415000 >> AHB granted, starting recovery...
5686615000 >> Recovery done, continuing...
5686665000 >> Requesting for the AHB bus...
5687715000 >> AHB granted, starting recovery...
5706915000 >> Recovery done, continuing...
5706965000 >> Requesting for the AHB bus...
5708015000 >> AHB granted, starting recovery...
5727215000 >> Recovery done, continuing...
5727265000 >> Requesting for the AHB bus...
5728315000 >> AHB granted, starting recovery...
5745715000 >> time limit reached...
/testbench/cpu/l3/u0/leon3x0/vhdl/p0/iu/r.w.wreg:1
/testbench/cpu/l3/u0/leon3x0/vhdl/p0/iu/r.m.irqen:1
/testbench/cpu/l3/u0/leon3x0/vhdl/p0/iu/r.m.icc:0000
/testbench/cpu/l3/u0/leon3x0/vhdl/p0/iu/r.a.ticc:0
/testbench/cpu/l3/u0/leon3x0/vhdl/p0/iu/r.a.step:0
/testbench/cpu/l3/u0/leon3x0/vhdl/p0/iu/r.m.irqen2:1
/testbench/cpu/l3/u0/leon3x0/vhdl/p0/iu/r.d.pc:01000000000000000000001011011100
/testbench/cpu/l3/u0/leon3x0/vhdl/p0/iu/r.d.rexpl:{{00000000000000000000000000000000} {00} {0} 0 0 {0000000000000000000} 0 0 0 0 0 0}
/testbench/cpu/l3/u0/leon3x0/vhdl/p0/iu/r.d.mexc:0
/testbench/cpu/l3/u0/leon3x0/vhdl/p0/iu/r.a.aw:0
/testbench/cpu/l3/u0/leon3x0/vhdl/p0/iu/r.e.ctrl:{{01000000000000000000001011010100} {11000010000001111011111111110100} {00} {10000001} {000000} 0 0 1 0 0 1 1 0 0}
/testbench/cpu/l3/u0/leon3x0/vhdl/p0/iu/r.a.divstart:0
/testbench/cpu/l3/u0/leon3x0/vhdl/p0/iu/r.e.shleft:0
/testbench/cpu/l3/u0/leon3x0/vhdl/p0/iu/r.a.bp:0
/testbench/cpu/l3/u0/leon3x0/vhdl/p0/iu/r.w.twcwp:000
/testbench/cpu/l3/u0/leon3x0/vhdl/p0/iu/r.a.jmpl:0
/testbench/cpu/l3/u0/leon3x0/vhdl/p0/iu/r.m.casa:0
/testbench/cpu/l3/u0/leon3x0/vhdl/p0/iu/r.m.werr:0
/testbench/cpu/l3/u0/leon3x0/vhdl/p0/iu/r.e.su:1
/testbench/cpu/l3/u0/leon3x0/vhdl/p0/iu/r.e.et:1
/testbench/cpu/l3/u0/leon3x0/vhdl/p0/iu/r.a.ldcheck1:1
/testbench/cpu/l3/u0/leon3x0/vhdl/p0/iu/r.d.stwin:000
/testbench/cpu/l3/u0/leon3x0/vhdl/p0/iu/r.a.ldcheck2:0
/testbench/cpu/l3/u0/leon3x0/vhdl/p0/iu/r.x.intack:0
/testbench/cpu/l3/u0/leon3x0/vhdl/p0/iu/r.m.ctrl:{{01000000000000000000001011010000} {11000010001001111011111111111000} {01} {10000001} {000000} 0 0 0 0 0 0 0 0 0}
/testbench/cpu/l3/u0/leon3x0/vhdl/p0/iu/r.a.cwp:101
/testbench/cpu/l3/u0/leon3x0/vhdl/p0/iu/r.e.sari:0
/testbench/cpu/l3/u0/leon3x0/vhdl/p0/iu/r.d.paw:0
/testbench/cpu/l3/u0/leon3x0/vhdl/p0/iu/r.d.aw:0
/testbench/cpu/l3/u0/leon3x0/vhdl/p0/iu/r.d.awp:000
/testbench/cpu/l3/u0/leon3x0/vhdl/p0/iu/r.x.ctrl:{{01000000000000000000001011010000} {11000010001001111011111111111000} {00} {10000001} {000000} 0 0 0 0 0 0 1 0 0}
/testbench/cpu/l3/u0/leon3x0/vhdl/p0/iu/r.m.rexnalign:0
/testbench/cpu/l3/u0/leon3x0/vhdl/p0/iu/r.m.su:1
/testbench/cpu/l3/u0/leon3x0/vhdl/p0/iu/r.m.wcwp:0
/testbench/cpu/l3/u0/leon3x0/vhdl/p0/iu/r.d.divrdy:0
/testbench/cpu/l3/u0/leon3x0/vhdl/p0/iu/r.e.cwp:101
/testbench/cpu/l3/u0/leon3x0/vhdl/p0/iu/r.w.except:0
/testbench/cpu/l3/u0/leon3x0/vhdl/p0/iu/r.x.nerror:0
/testbench/cpu/l3/u0/leon3x0/vhdl/p0/iu/r.a.bpimiss:0
/testbench/cpu/l3/u0/leon3x0/vhdl/p0/iu/r.a.nobp:0
/testbench/cpu/l3/u0/leon3x0/vhdl/p0/iu/r.d.rexcnt:0
/testbench/cpu/l3/u0/leon3x0/vhdl/p0/iu/r.w.s:{{101} {0000} {00000000} {01000000000000000000} {00000010} {0000} 0 0 1 1 1 {00000000000000000000000000000000} {UUUUUUUUUUUUUUUUUUUUUUUUUUUUUUUU} 1 0 0 1 1 1 0 0 {000} {000} {111}}
/testbench/cpu/l3/u0/leon3x0/vhdl/p0/iu/r.d.pv:1
/testbench/cpu/l3/u0/leon3x0/vhdl/p0/iu/r.a.ldchkra:1
/testbench/cpu/l3/u0/leon3x0/vhdl/p0/iu/r.a.rfa1:01101110
/testbench/cpu/l3/u0/leon3x0/vhdl/p0/iu/r.a.rfa2:10000100
/testbench/cpu/l3/u0/leon3x0/vhdl/p0/iu/r.a.imm:00000000000000000000000001000100
/testbench/cpu/l3/u0/leon3x0/vhdl/p0/iu/r.w.wa:10000001
/testbench/cpu/l3/u0/leon3x0/vhdl/p0/iu/r.m.casaz:0
/testbench/cpu/l3/u0/leon3x0/vhdl/p0/iu/r.x.dci:{0 1 0 0 0 0 {10} {00001011}}
/testbench/cpu/l3/u0/leon3x0/vhdl/p0/iu/r.x.mac:0
/testbench/cpu/l3/u0/leon3x0/vhdl/p0/iu/r.m.divz:0
/testbench/cpu/l3/u0/leon3x0/vhdl/p0/iu/r.d.inst:{{10000010000000001000000000000001}}
/testbench/cpu/l3/u0/leon3x0/vhdl/p0/iu/r.e.rfe1:1
/testbench/cpu/l3/u0/leon3x0/vhdl/p0/iu/r.a.wovf:0
/testbench/cpu/l3/u0/leon3x0/vhdl/p0/iu/r.e.rfe2:0
/testbench/cpu/l3/u0/leon3x0/vhdl/p0/iu/r.e.op1:01000000000011111111111010100000
/testbench/cpu/l3/u0/leon3x0/vhdl/p0/iu/r.m.nalign:1
/testbench/cpu/l3/u0/leon3x0/vhdl/p0/iu/r.e.op2:11111111111111111111111111110100
/testbench/cpu/l3/u0/leon3x0/vhdl/p0/iu/r.d.rexen:0
/testbench/cpu/l3/u0/leon3x0/vhdl/p0/iu/r.a.ctrl:{{01000000000000000000001011011000} {11000100000001111010000001000100} {00} {10000010} {000000} 0 0 1 0 0 1 1 0 0}
/testbench/cpu/l3/u0/leon3x0/vhdl/p0/iu/r.x.ipend:0
/testbench/cpu/l3/u0/leon3x0/vhdl/p0/iu/r.e.ldbp1:0
/testbench/cpu/l3/u0/leon3x0/vhdl/p0/iu/r.e.aluadd:1
/testbench/cpu/l3/u0/leon3x0/vhdl/p0/iu/r.d.set:0
/testbench/cpu/l3/u0/leon3x0/vhdl/p0/iu/r.d.inull:0
/testbench/cpu/l3/u0/leon3x0/vhdl/p0/iu/r.e.ldbp2:0
/testbench/cpu/l3/u0/leon3x0/vhdl/p0/iu/r.d.cnt:00
/testbench/cpu/l3/u0/leon3x0/vhdl/p0/iu/r.a.su:1
/testbench/cpu/l3/u0/leon3x0/vhdl/p0/iu/r.a.et:1
/testbench/cpu/l3/u0/leon3x0/vhdl/p0/iu/r.e.mul:0
/testbench/cpu/l3/u0/leon3x0/vhdl/p0/iu/r.e.alusel:00
/testbench/cpu/l3/u0/leon3x0/vhdl/p0/iu/r.e.aw:U
/testbench/cpu/l3/u0/leon3x0/vhdl/p0/iu/r.e.mac:0
/testbench/cpu/l3/u0/leon3x0/vhdl/p0/iu/r.a.decill:0
/testbench/cpu/l3/u0/leon3x0/vhdl/p0/iu/r.x.icc:0000
/testbench/cpu/l3/u0/leon3x0/vhdl/p0/iu/r.x.result:01000000000011111111111010011000
/testbench/cpu/l3/u0/leon3x0/vhdl/p0/iu/r.e.bp:0
/testbench/cpu/l3/u0/leon3x0/vhdl/p0/iu/r.a.rs1:11110
/testbench/cpu/l3/u0/leon3x0/vhdl/p0/iu/r.e.jmpl:0
/testbench/cpu/l3/u0/leon3x0/vhdl/p0/iu/r.a.rsel1:000
/testbench/cpu/l3/u0/leon3x0/vhdl/p0/iu/r.x.y:00000000000000000000000000000000
/testbench/cpu/l3/u0/leon3x0/vhdl/p0/iu/r.a.rsel2:100
/testbench/cpu/l3/u0/leon3x0/vhdl/p0/iu/r.a.awp:000
/testbench/cpu/l3/u0/leon3x0/vhdl/p0/iu/r.a.paw:0
/testbench/cpu/l3/u0/leon3x0/vhdl/p0/iu/r.x.data:{{00000000000000000000000000000000}}
/testbench/cpu/l3/u0/leon3x0/vhdl/p0/iu/r.m.mul:0
/testbench/cpu/l3/u0/leon3x0/vhdl/p0/iu/r.e.rd:UUUUU
/testbench/cpu/l3/u0/leon3x0/vhdl/p0/iu/r.e.invop2:0
/testbench/cpu/l3/u0/leon3x0/vhdl/p0/iu/r.m.wawp:0
/testbench/cpu/l3/u0/leon3x0/vhdl/p0/iu/r.d.cwpmax:111
/testbench/cpu/l3/u0/leon3x0/vhdl/p0/iu/r.f.branch:0
/testbench/cpu/l3/u0/leon3x0/vhdl/p0/iu/r.d.pcheld:0
/testbench/cpu/l3/u0/leon3x0/vhdl/p0/iu/r.m.dci:{0 0 0 1 0 0 {10} {00001011}}
/testbench/cpu/l3/u0/leon3x0/vhdl/p0/iu/r.e.paw:U
/testbench/cpu/l3/u0/leon3x0/vhdl/p0/iu/r.e.awp:UUU
/testbench/cpu/l3/u0/leon3x0/vhdl/p0/iu/r.e.shcnt:10100
/testbench/cpu/l3/u0/leon3x0/vhdl/p0/iu/r.w.result:00000000000000000000000000000001
/testbench/cpu/l3/u0/leon3x0/vhdl/p0/iu/r.m.mac:0
/testbench/cpu/l3/u0/leon3x0/vhdl/p0/iu/r.m.y:00000000000000000000000000000000
/testbench/cpu/l3/u0/leon3x0/vhdl/p0/iu/r.d.cwp:101
/testbench/cpu/l3/u0/leon3x0/vhdl/p0/iu/r.x.laddr:00
/testbench/cpu/l3/u0/leon3x0/vhdl/p0/iu/r.e.mulstep:0
/testbench/cpu/l3/u0/leon3x0/vhdl/p0/iu/r.e.ymsb:0
/testbench/cpu/l3/u0/leon3x0/vhdl/p0/iu/r.d.rexbuf:00000000000000000000000000000000
/testbench/cpu/l3/u0/leon3x0/vhdl/p0/iu/r.x.npc:100
/testbench/cpu/l3/u0/leon3x0/vhdl/p0/iu/r.f.pc:01000000000000000000001011100000
/testbench/cpu/l3/u0/leon3x0/vhdl/p0/iu/r.d.annul:0
/testbench/cpu/l3/u0/leon3x0/vhdl/p0/iu/r.x.rstate:run
/testbench/cpu/l3/u0/leon3x0/vhdl/p0/iu/r.x.set:0
/testbench/cpu/l3/u0/leon3x0/vhdl/p0/iu/r.m.result:00000000000000000000000000000001
/testbench/cpu/l3/u0/leon3x0/vhdl/p0/iu/r.e.icc:UUUU
/testbench/cpu/l3/u0/leon3x0/vhdl/p0/iu/r.a.getpc:0
/testbench/cpu/l3/u0/leon3x0/vhdl/p0/iu/r.a.ldchkex:1
/testbench/cpu/l3/u0/leon3x0/vhdl/p0/iu/r.x.mexc:0
/testbench/cpu/l3/u0/leon3x0/vhdl/p0/iu/r.a.mulstart:0
/testbench/cpu/l3/u0/leon3x0/vhdl/p0/iu/r.d.rexpos:10
/testbench/cpu/l3/u0/leon3x0/vhdl/p0/iu/r.x.annul_all:0
/testbench/cpu/l3/u0/leon3x0/vhdl/p0/iu/r.e.aluop:000
/testbench/cpu/l3/u0/leon3x0/vhdl/p0/iu/r.x.debug:0
/testbench/cpu/l3/u0/leon3x0/vhdl/p0/iu/r.a.rfe1:1
/testbench/cpu/l3/u0/leon3x0/vhdl/p0/iu/r.d.step:0
/testbench/cpu/l3/u0/leon3x0/vhdl/p0/iu/r.a.rfe2:0
/testbench/cpu/l3/u0/leon3x0/vhdl/p0/iu/r.e.alucin:0
/testbench/cpu/l3/u0/leon3x0/vhdl/p0/iu/r.a.wunf:0
======================================
progstatus: -2
execerr: 201
latent: 1
time limit!
>>>>>>>>>>>>>>> 5745715000
======================================
