Test signal = /testbench/cpu/l3/u0/leon3x0/vhdl/p0/iu/r.m.wcwp
oldval = 0
pos1: -1 pos0: 0 posU: -1
newval = 1
Signal value: 0
oldval = 0
pos1: -1 pos0: 0 posU: -1
newval = 1
force in 4078466
586290000 >> iteration no: 0
1598340000 >> iteration no: 1
2610390000 >> iteration no: 2
3622265000 >> iteration no: 3
4634040000 >> iteration no: 4
4660815000 >> Requesting for the AHB bus...
4661640000 >> AHB granted, starting recovery...
4680840000 >> Recovery done, continuing...
4680890000 >> Requesting for the AHB bus...
4681490000 >> AHB granted, starting recovery...
4700690000 >> Recovery done, continuing...
4700740000 >> Requesting for the AHB bus...
4701340000 >> AHB granted, starting recovery...
4720540000 >> Recovery done, continuing...
4720590000 >> Requesting for the AHB bus...
4721190000 >> AHB granted, starting recovery...
4740390000 >> Recovery done, continuing...
4740440000 >> Requesting for the AHB bus...
4741040000 >> AHB granted, starting recovery...
4760240000 >> Recovery done, continuing...
4760290000 >> Requesting for the AHB bus...
4760890000 >> AHB granted, starting recovery...
4780090000 >> Recovery done, continuing...
4780140000 >> Requesting for the AHB bus...
4780740000 >> AHB granted, starting recovery...
4799940000 >> Recovery done, continuing...
4799990000 >> Requesting for the AHB bus...
4800590000 >> AHB granted, starting recovery...
4819790000 >> Recovery done, continuing...
4819840000 >> Requesting for the AHB bus...
4820440000 >> AHB granted, starting recovery...
4839640000 >> Recovery done, continuing...
4839690000 >> Requesting for the AHB bus...
4840290000 >> AHB granted, starting recovery...
4859490000 >> Recovery done, continuing...
4859540000 >> Requesting for the AHB bus...
4860140000 >> AHB granted, starting recovery...
4879340000 >> Recovery done, continuing...
4879390000 >> Requesting for the AHB bus...
4879990000 >> AHB granted, starting recovery...
4899190000 >> Recovery done, continuing...
4899240000 >> Requesting for the AHB bus...
4899840000 >> AHB granted, starting recovery...
4919040000 >> Recovery done, continuing...
4919090000 >> Requesting for the AHB bus...
4919690000 >> AHB granted, starting recovery...
4938890000 >> Recovery done, continuing...
4938940000 >> Requesting for the AHB bus...
4939540000 >> AHB granted, starting recovery...
4958740000 >> Recovery done, continuing...
4958790000 >> Requesting for the AHB bus...
4959390000 >> AHB granted, starting recovery...
4978590000 >> Recovery done, continuing...
4978640000 >> Requesting for the AHB bus...
4979240000 >> AHB granted, starting recovery...
4998440000 >> Recovery done, continuing...
4998490000 >> Requesting for the AHB bus...
4999090000 >> AHB granted, starting recovery...
5018290000 >> Recovery done, continuing...
5018340000 >> Requesting for the AHB bus...
5018940000 >> AHB granted, starting recovery...
5038140000 >> Recovery done, continuing...
5038190000 >> Requesting for the AHB bus...
5038790000 >> AHB granted, starting recovery...
5057990000 >> Recovery done, continuing...
5058040000 >> Requesting for the AHB bus...
5058640000 >> AHB granted, starting recovery...
5077840000 >> Recovery done, continuing...
5077890000 >> Requesting for the AHB bus...
5078490000 >> AHB granted, starting recovery...
5097690000 >> Recovery done, continuing...
5097740000 >> Requesting for the AHB bus...
5098340000 >> AHB granted, starting recovery...
5117540000 >> Recovery done, continuing...
5117590000 >> Requesting for the AHB bus...
5118190000 >> AHB granted, starting recovery...
5137390000 >> Recovery done, continuing...
5137440000 >> Requesting for the AHB bus...
5138040000 >> AHB granted, starting recovery...
5157240000 >> Recovery done, continuing...
5157290000 >> Requesting for the AHB bus...
5157890000 >> AHB granted, starting recovery...
5177090000 >> Recovery done, continuing...
5177140000 >> Requesting for the AHB bus...
5177740000 >> AHB granted, starting recovery...
5196940000 >> Recovery done, continuing...
5196990000 >> Requesting for the AHB bus...
5197590000 >> AHB granted, starting recovery...
5216790000 >> Recovery done, continuing...
5216840000 >> Requesting for the AHB bus...
5217440000 >> AHB granted, starting recovery...
5236640000 >> Recovery done, continuing...
5236690000 >> Requesting for the AHB bus...
5237290000 >> AHB granted, starting recovery...
5256490000 >> Recovery done, continuing...
5256540000 >> Requesting for the AHB bus...
5257140000 >> AHB granted, starting recovery...
5276340000 >> Recovery done, continuing...
5276390000 >> Requesting for the AHB bus...
5276990000 >> AHB granted, starting recovery...
5296190000 >> Recovery done, continuing...
5296240000 >> Requesting for the AHB bus...
5296840000 >> AHB granted, starting recovery...
5316040000 >> Recovery done, continuing...
5316090000 >> Requesting for the AHB bus...
5316690000 >> AHB granted, starting recovery...
5335890000 >> Recovery done, continuing...
5335940000 >> Requesting for the AHB bus...
5336540000 >> AHB granted, starting recovery...
5355740000 >> Recovery done, continuing...
5355790000 >> Requesting for the AHB bus...
5356390000 >> AHB granted, starting recovery...
5375590000 >> Recovery done, continuing...
5375640000 >> Requesting for the AHB bus...
5376240000 >> AHB granted, starting recovery...
5395440000 >> Recovery done, continuing...
5395490000 >> Requesting for the AHB bus...
5396090000 >> AHB granted, starting recovery...
5415290000 >> Recovery done, continuing...
5415340000 >> Requesting for the AHB bus...
5415940000 >> AHB granted, starting recovery...
5435140000 >> Recovery done, continuing...
5435190000 >> Requesting for the AHB bus...
5435790000 >> AHB granted, starting recovery...
5454990000 >> Recovery done, continuing...
5455040000 >> Requesting for the AHB bus...
5455640000 >> AHB granted, starting recovery...
5474840000 >> Recovery done, continuing...
5474890000 >> Requesting for the AHB bus...
5475490000 >> AHB granted, starting recovery...
5494690000 >> Recovery done, continuing...
5494740000 >> Requesting for the AHB bus...
5495340000 >> AHB granted, starting recovery...
5514540000 >> Recovery done, continuing...
5514590000 >> Requesting for the AHB bus...
5515190000 >> AHB granted, starting recovery...
5534390000 >> Recovery done, continuing...
5534440000 >> Requesting for the AHB bus...
5535040000 >> AHB granted, starting recovery...
5554240000 >> Recovery done, continuing...
5554290000 >> Requesting for the AHB bus...
5554890000 >> AHB granted, starting recovery...
5574090000 >> Recovery done, continuing...
5574140000 >> Requesting for the AHB bus...
5574740000 >> AHB granted, starting recovery...
5593940000 >> Recovery done, continuing...
5593990000 >> Requesting for the AHB bus...
5594590000 >> AHB granted, starting recovery...
5613790000 >> Recovery done, continuing...
5613840000 >> Requesting for the AHB bus...
5614440000 >> AHB granted, starting recovery...
5633640000 >> Recovery done, continuing...
5633690000 >> Requesting for the AHB bus...
5634290000 >> AHB granted, starting recovery...
5653490000 >> Recovery done, continuing...
5653540000 >> Requesting for the AHB bus...
5654140000 >> AHB granted, starting recovery...
5673340000 >> Recovery done, continuing...
5673390000 >> Requesting for the AHB bus...
5673990000 >> AHB granted, starting recovery...
5693190000 >> Recovery done, continuing...
5693240000 >> Requesting for the AHB bus...
5693840000 >> AHB granted, starting recovery...
5713040000 >> Recovery done, continuing...
5713090000 >> Requesting for the AHB bus...
5713690000 >> AHB granted, starting recovery...
5732890000 >> Recovery done, continuing...
5732940000 >> Requesting for the AHB bus...
5733540000 >> AHB granted, starting recovery...
5745715000 >> time limit reached...
/testbench/cpu/l3/u0/leon3x0/vhdl/p0/iu/r.w.wreg:1
/testbench/cpu/l3/u0/leon3x0/vhdl/p0/iu/r.m.irqen:1
/testbench/cpu/l3/u0/leon3x0/vhdl/p0/iu/r.m.icc:1001
/testbench/cpu/l3/u0/leon3x0/vhdl/p0/iu/r.a.ticc:0
/testbench/cpu/l3/u0/leon3x0/vhdl/p0/iu/r.a.step:0
/testbench/cpu/l3/u0/leon3x0/vhdl/p0/iu/r.m.irqen2:1
/testbench/cpu/l3/u0/leon3x0/vhdl/p0/iu/r.d.pc:01000000000000000000001001111000
/testbench/cpu/l3/u0/leon3x0/vhdl/p0/iu/r.d.rexpl:{{00000000000000000000000000000000} {00} {0} 0 0 {0000000000000000000} 0 0 0 0 0 0}
/testbench/cpu/l3/u0/leon3x0/vhdl/p0/iu/r.d.mexc:0
/testbench/cpu/l3/u0/leon3x0/vhdl/p0/iu/r.a.aw:0
/testbench/cpu/l3/u0/leon3x0/vhdl/p0/iu/r.e.ctrl:{{01000000000000000000001001110100} {11000010000001111011111111111100} {00} {10000001} {000000} 0 0 1 0 0 1 1 0 0}
/testbench/cpu/l3/u0/leon3x0/vhdl/p0/iu/r.a.divstart:0
/testbench/cpu/l3/u0/leon3x0/vhdl/p0/iu/r.e.shleft:0
/testbench/cpu/l3/u0/leon3x0/vhdl/p0/iu/r.a.bp:0
/testbench/cpu/l3/u0/leon3x0/vhdl/p0/iu/r.w.twcwp:000
/testbench/cpu/l3/u0/leon3x0/vhdl/p0/iu/r.a.jmpl:0
/testbench/cpu/l3/u0/leon3x0/vhdl/p0/iu/r.m.casa:0
/testbench/cpu/l3/u0/leon3x0/vhdl/p0/iu/r.m.werr:0
/testbench/cpu/l3/u0/leon3x0/vhdl/p0/iu/r.e.su:1
/testbench/cpu/l3/u0/leon3x0/vhdl/p0/iu/r.e.et:1
/testbench/cpu/l3/u0/leon3x0/vhdl/p0/iu/r.a.ldcheck1:1
/testbench/cpu/l3/u0/leon3x0/vhdl/p0/iu/r.d.stwin:000
/testbench/cpu/l3/u0/leon3x0/vhdl/p0/iu/r.a.ldcheck2:0
/testbench/cpu/l3/u0/leon3x0/vhdl/p0/iu/r.x.intack:0
/testbench/cpu/l3/u0/leon3x0/vhdl/p0/iu/r.m.ctrl:{{01000000000000000000001001110000} {11000100001010000100000000000000} {01} {10000010} {000000} 0 0 0 0 0 0 0 0 0}
/testbench/cpu/l3/u0/leon3x0/vhdl/p0/iu/r.a.cwp:001
/testbench/cpu/l3/u0/leon3x0/vhdl/p0/iu/r.e.sari:0
/testbench/cpu/l3/u0/leon3x0/vhdl/p0/iu/r.d.paw:0
/testbench/cpu/l3/u0/leon3x0/vhdl/p0/iu/r.d.aw:0
/testbench/cpu/l3/u0/leon3x0/vhdl/p0/iu/r.d.awp:000
/testbench/cpu/l3/u0/leon3x0/vhdl/p0/iu/r.x.ctrl:{{01000000000000000000001001110000} {11000100001010000100000000000000} {00} {10000010} {000000} 0 0 0 0 0 0 1 0 0}
/testbench/cpu/l3/u0/leon3x0/vhdl/p0/iu/r.m.rexnalign:0
/testbench/cpu/l3/u0/leon3x0/vhdl/p0/iu/r.m.su:1
/testbench/cpu/l3/u0/leon3x0/vhdl/p0/iu/r.m.wcwp:0
/testbench/cpu/l3/u0/leon3x0/vhdl/p0/iu/r.d.divrdy:0
/testbench/cpu/l3/u0/leon3x0/vhdl/p0/iu/r.e.cwp:001
/testbench/cpu/l3/u0/leon3x0/vhdl/p0/iu/r.w.except:0
/testbench/cpu/l3/u0/leon3x0/vhdl/p0/iu/r.x.nerror:0
/testbench/cpu/l3/u0/leon3x0/vhdl/p0/iu/r.a.bpimiss:0
/testbench/cpu/l3/u0/leon3x0/vhdl/p0/iu/r.a.nobp:0
/testbench/cpu/l3/u0/leon3x0/vhdl/p0/iu/r.d.rexcnt:0
/testbench/cpu/l3/u0/leon3x0/vhdl/p0/iu/r.w.s:{{101} {1001} {00000000} {01000000000000000000} {00000010} {0000} 0 0 1 1 1 {00000000000000000000000000000000} {UUUUUUUUUUUUUUUUUUUUUUUUUUUUUUUU} 1 0 0 1 1 1 0 0 {000} {000} {111}}
/testbench/cpu/l3/u0/leon3x0/vhdl/p0/iu/r.d.pv:1
/testbench/cpu/l3/u0/leon3x0/vhdl/p0/iu/r.a.ldchkra:1
/testbench/cpu/l3/u0/leon3x0/vhdl/p0/iu/r.a.rfa1:10000001
/testbench/cpu/l3/u0/leon3x0/vhdl/p0/iu/r.a.rfa2:10000001
/testbench/cpu/l3/u0/leon3x0/vhdl/p0/iu/r.a.imm:00000000000000000000000000000001
/testbench/cpu/l3/u0/leon3x0/vhdl/p0/iu/r.w.wa:10000010
/testbench/cpu/l3/u0/leon3x0/vhdl/p0/iu/r.m.casaz:0
/testbench/cpu/l3/u0/leon3x0/vhdl/p0/iu/r.x.dci:{0 1 0 0 0 0 {00} {00001011}}
/testbench/cpu/l3/u0/leon3x0/vhdl/p0/iu/r.x.mac:0
/testbench/cpu/l3/u0/leon3x0/vhdl/p0/iu/r.m.divz:0
/testbench/cpu/l3/u0/leon3x0/vhdl/p0/iu/r.d.inst:{{10000010000000000110000000000001}}
/testbench/cpu/l3/u0/leon3x0/vhdl/p0/iu/r.e.rfe1:1
/testbench/cpu/l3/u0/leon3x0/vhdl/p0/iu/r.a.wovf:0
/testbench/cpu/l3/u0/leon3x0/vhdl/p0/iu/r.e.rfe2:0
/testbench/cpu/l3/u0/leon3x0/vhdl/p0/iu/r.e.op1:00000000000000000000000000000000
/testbench/cpu/l3/u0/leon3x0/vhdl/p0/iu/r.m.nalign:1
/testbench/cpu/l3/u0/leon3x0/vhdl/p0/iu/r.e.op2:11111111111111111111111111111100
/testbench/cpu/l3/u0/leon3x0/vhdl/p0/iu/r.d.rexen:0
/testbench/cpu/l3/u0/leon3x0/vhdl/p0/iu/r.a.ctrl:{{01000000000000000000001001111000} {10000010000000000110000000000001} {00} {10000001} {000000} 0 1 0 0 0 0 0 0 0}
/testbench/cpu/l3/u0/leon3x0/vhdl/p0/iu/r.x.ipend:0
/testbench/cpu/l3/u0/leon3x0/vhdl/p0/iu/r.e.ldbp1:0
/testbench/cpu/l3/u0/leon3x0/vhdl/p0/iu/r.e.aluadd:1
/testbench/cpu/l3/u0/leon3x0/vhdl/p0/iu/r.d.set:0
/testbench/cpu/l3/u0/leon3x0/vhdl/p0/iu/r.d.inull:0
/testbench/cpu/l3/u0/leon3x0/vhdl/p0/iu/r.e.ldbp2:0
/testbench/cpu/l3/u0/leon3x0/vhdl/p0/iu/r.d.cnt:00
/testbench/cpu/l3/u0/leon3x0/vhdl/p0/iu/r.a.su:1
/testbench/cpu/l3/u0/leon3x0/vhdl/p0/iu/r.a.et:1
/testbench/cpu/l3/u0/leon3x0/vhdl/p0/iu/r.e.mul:0
/testbench/cpu/l3/u0/leon3x0/vhdl/p0/iu/r.e.alusel:00
/testbench/cpu/l3/u0/leon3x0/vhdl/p0/iu/r.e.aw:U
/testbench/cpu/l3/u0/leon3x0/vhdl/p0/iu/r.e.mac:0
/testbench/cpu/l3/u0/leon3x0/vhdl/p0/iu/r.a.decill:0
/testbench/cpu/l3/u0/leon3x0/vhdl/p0/iu/r.x.icc:1001
/testbench/cpu/l3/u0/leon3x0/vhdl/p0/iu/r.x.result:01000000000000000001111001001100
/testbench/cpu/l3/u0/leon3x0/vhdl/p0/iu/r.e.bp:0
/testbench/cpu/l3/u0/leon3x0/vhdl/p0/iu/r.a.rs1:00001
/testbench/cpu/l3/u0/leon3x0/vhdl/p0/iu/r.e.jmpl:0
/testbench/cpu/l3/u0/leon3x0/vhdl/p0/iu/r.a.rsel1:001
/testbench/cpu/l3/u0/leon3x0/vhdl/p0/iu/r.x.y:00000000000000000000000000000000
/testbench/cpu/l3/u0/leon3x0/vhdl/p0/iu/r.a.rsel2:100
/testbench/cpu/l3/u0/leon3x0/vhdl/p0/iu/r.a.awp:000
/testbench/cpu/l3/u0/leon3x0/vhdl/p0/iu/r.a.paw:0
/testbench/cpu/l3/u0/leon3x0/vhdl/p0/iu/r.x.data:{{00000000000000000000000000000100}}
/testbench/cpu/l3/u0/leon3x0/vhdl/p0/iu/r.m.mul:0
/testbench/cpu/l3/u0/leon3x0/vhdl/p0/iu/r.e.rd:UUUUU
/testbench/cpu/l3/u0/leon3x0/vhdl/p0/iu/r.e.invop2:0
/testbench/cpu/l3/u0/leon3x0/vhdl/p0/iu/r.m.wawp:0
/testbench/cpu/l3/u0/leon3x0/vhdl/p0/iu/r.d.cwpmax:111
/testbench/cpu/l3/u0/leon3x0/vhdl/p0/iu/r.f.branch:0
/testbench/cpu/l3/u0/leon3x0/vhdl/p0/iu/r.d.pcheld:1
/testbench/cpu/l3/u0/leon3x0/vhdl/p0/iu/r.m.dci:{0 0 0 1 0 0 {00} {00001011}}
/testbench/cpu/l3/u0/leon3x0/vhdl/p0/iu/r.e.paw:U
/testbench/cpu/l3/u0/leon3x0/vhdl/p0/iu/r.e.awp:UUU
/testbench/cpu/l3/u0/leon3x0/vhdl/p0/iu/r.e.shcnt:11100
/testbench/cpu/l3/u0/leon3x0/vhdl/p0/iu/r.w.result:00000000000000000000000000000101
/testbench/cpu/l3/u0/leon3x0/vhdl/p0/iu/r.m.mac:0
/testbench/cpu/l3/u0/leon3x0/vhdl/p0/iu/r.m.y:00000000000000000000000000000000
/testbench/cpu/l3/u0/leon3x0/vhdl/p0/iu/r.d.cwp:001
/testbench/cpu/l3/u0/leon3x0/vhdl/p0/iu/r.x.laddr:00
/testbench/cpu/l3/u0/leon3x0/vhdl/p0/iu/r.e.mulstep:0
/testbench/cpu/l3/u0/leon3x0/vhdl/p0/iu/r.e.ymsb:0
/testbench/cpu/l3/u0/leon3x0/vhdl/p0/iu/r.d.rexbuf:00000000000000000000000000000000
/testbench/cpu/l3/u0/leon3x0/vhdl/p0/iu/r.x.npc:100
/testbench/cpu/l3/u0/leon3x0/vhdl/p0/iu/r.f.pc:01000000000000000000001001111100
/testbench/cpu/l3/u0/leon3x0/vhdl/p0/iu/r.d.annul:0
/testbench/cpu/l3/u0/leon3x0/vhdl/p0/iu/r.x.rstate:run
/testbench/cpu/l3/u0/leon3x0/vhdl/p0/iu/r.x.set:0
/testbench/cpu/l3/u0/leon3x0/vhdl/p0/iu/r.m.result:00000101000001010000010100000101
/testbench/cpu/l3/u0/leon3x0/vhdl/p0/iu/r.e.icc:UUUU
/testbench/cpu/l3/u0/leon3x0/vhdl/p0/iu/r.a.getpc:0
/testbench/cpu/l3/u0/leon3x0/vhdl/p0/iu/r.a.ldchkex:1
/testbench/cpu/l3/u0/leon3x0/vhdl/p0/iu/r.x.mexc:0
/testbench/cpu/l3/u0/leon3x0/vhdl/p0/iu/r.a.mulstart:0
/testbench/cpu/l3/u0/leon3x0/vhdl/p0/iu/r.d.rexpos:10
/testbench/cpu/l3/u0/leon3x0/vhdl/p0/iu/r.x.annul_all:0
/testbench/cpu/l3/u0/leon3x0/vhdl/p0/iu/r.e.aluop:000
/testbench/cpu/l3/u0/leon3x0/vhdl/p0/iu/r.x.debug:0
/testbench/cpu/l3/u0/leon3x0/vhdl/p0/iu/r.a.rfe1:0
/testbench/cpu/l3/u0/leon3x0/vhdl/p0/iu/r.d.step:0
/testbench/cpu/l3/u0/leon3x0/vhdl/p0/iu/r.a.rfe2:0
/testbench/cpu/l3/u0/leon3x0/vhdl/p0/iu/r.e.alucin:0
/testbench/cpu/l3/u0/leon3x0/vhdl/p0/iu/r.a.wunf:0
======================================
progstatus: -2
execerr: 55
latent: 1
time limit!
>>>>>>>>>>>>>>> 5745715000
======================================
