Test signal = /testbench/cpu/l3/u0/leon3x0/vhdl/p0/iu/r.d.step
oldval = 0
pos1: -1 pos0: 0 posU: -1
newval = 1
Signal value: 0
oldval = 0
pos1: -1 pos0: 0 posU: -1
newval = 1
force in 616142
586290000 >> iteration no: 0
1198790000 >> Requesting for the AHB bus...
1199790000 >> AHB granted, starting recovery...
1218990000 >> Recovery done, continuing...
1219040000 >> Requesting for the AHB bus...
1219865000 >> AHB granted, starting recovery...
1239065000 >> Recovery done, continuing...
1239115000 >> Requesting for the AHB bus...
1239940000 >> AHB granted, starting recovery...
1259140000 >> Recovery done, continuing...
1259190000 >> Requesting for the AHB bus...
1260015000 >> AHB granted, starting recovery...
1279215000 >> Recovery done, continuing...
1279265000 >> Requesting for the AHB bus...
1280090000 >> AHB granted, starting recovery...
1299290000 >> Recovery done, continuing...
1299340000 >> Requesting for the AHB bus...
1300165000 >> AHB granted, starting recovery...
1319365000 >> Recovery done, continuing...
1319415000 >> Requesting for the AHB bus...
1320240000 >> AHB granted, starting recovery...
1339440000 >> Recovery done, continuing...
1339490000 >> Requesting for the AHB bus...
1340315000 >> AHB granted, starting recovery...
1359515000 >> Recovery done, continuing...
1359565000 >> Requesting for the AHB bus...
1360390000 >> AHB granted, starting recovery...
1379590000 >> Recovery done, continuing...
1379640000 >> Requesting for the AHB bus...
1380465000 >> AHB granted, starting recovery...
1399665000 >> Recovery done, continuing...
1399715000 >> Requesting for the AHB bus...
1400540000 >> AHB granted, starting recovery...
1419740000 >> Recovery done, continuing...
1419790000 >> Requesting for the AHB bus...
1420615000 >> AHB granted, starting recovery...
1439815000 >> Recovery done, continuing...
1439865000 >> Requesting for the AHB bus...
1440690000 >> AHB granted, starting recovery...
1459890000 >> Recovery done, continuing...
1459940000 >> Requesting for the AHB bus...
1460765000 >> AHB granted, starting recovery...
1479965000 >> Recovery done, continuing...
1480015000 >> Requesting for the AHB bus...
1480840000 >> AHB granted, starting recovery...
1500040000 >> Recovery done, continuing...
1500090000 >> Requesting for the AHB bus...
1500915000 >> AHB granted, starting recovery...
1520115000 >> Recovery done, continuing...
1520165000 >> Requesting for the AHB bus...
1520990000 >> AHB granted, starting recovery...
1540190000 >> Recovery done, continuing...
1540240000 >> Requesting for the AHB bus...
1541065000 >> AHB granted, starting recovery...
1560265000 >> Recovery done, continuing...
1560315000 >> Requesting for the AHB bus...
1561140000 >> AHB granted, starting recovery...
1580340000 >> Recovery done, continuing...
1580390000 >> Requesting for the AHB bus...
1581215000 >> AHB granted, starting recovery...
1600415000 >> Recovery done, continuing...
1600465000 >> Requesting for the AHB bus...
1601315000 >> AHB granted, starting recovery...
1620515000 >> Recovery done, continuing...
1620565000 >> Requesting for the AHB bus...
1621390000 >> AHB granted, starting recovery...
1640590000 >> Recovery done, continuing...
1640640000 >> Requesting for the AHB bus...
1641465000 >> AHB granted, starting recovery...
1660665000 >> Recovery done, continuing...
1660715000 >> Requesting for the AHB bus...
1661540000 >> AHB granted, starting recovery...
1680740000 >> Recovery done, continuing...
1680790000 >> Requesting for the AHB bus...
1681615000 >> AHB granted, starting recovery...
1700815000 >> Recovery done, continuing...
1700865000 >> Requesting for the AHB bus...
1701690000 >> AHB granted, starting recovery...
1720890000 >> Recovery done, continuing...
1720940000 >> Requesting for the AHB bus...
1721765000 >> AHB granted, starting recovery...
1740965000 >> Recovery done, continuing...
1741015000 >> Requesting for the AHB bus...
1741840000 >> AHB granted, starting recovery...
1761040000 >> Recovery done, continuing...
1761090000 >> Requesting for the AHB bus...
1761915000 >> AHB granted, starting recovery...
1781115000 >> Recovery done, continuing...
1781165000 >> Requesting for the AHB bus...
1781990000 >> AHB granted, starting recovery...
1801190000 >> Recovery done, continuing...
1801240000 >> Requesting for the AHB bus...
1802065000 >> AHB granted, starting recovery...
1821265000 >> Recovery done, continuing...
1821315000 >> Requesting for the AHB bus...
1822140000 >> AHB granted, starting recovery...
1841340000 >> Recovery done, continuing...
1841390000 >> Requesting for the AHB bus...
1842215000 >> AHB granted, starting recovery...
1861415000 >> Recovery done, continuing...
1861465000 >> Requesting for the AHB bus...
1862290000 >> AHB granted, starting recovery...
1881490000 >> Recovery done, continuing...
1881540000 >> Requesting for the AHB bus...
1882365000 >> AHB granted, starting recovery...
1901565000 >> Recovery done, continuing...
1901615000 >> Requesting for the AHB bus...
1902440000 >> AHB granted, starting recovery...
1921640000 >> Recovery done, continuing...
1921690000 >> Requesting for the AHB bus...
1922515000 >> AHB granted, starting recovery...
1941715000 >> Recovery done, continuing...
1941765000 >> Requesting for the AHB bus...
1942590000 >> AHB granted, starting recovery...
1961790000 >> Recovery done, continuing...
1961840000 >> Requesting for the AHB bus...
1962665000 >> AHB granted, starting recovery...
1981865000 >> Recovery done, continuing...
1981915000 >> Requesting for the AHB bus...
1982740000 >> AHB granted, starting recovery...
2001940000 >> Recovery done, continuing...
2001990000 >> Requesting for the AHB bus...
2002815000 >> AHB granted, starting recovery...
2022015000 >> Recovery done, continuing...
2022065000 >> Requesting for the AHB bus...
2022890000 >> AHB granted, starting recovery...
2042090000 >> Recovery done, continuing...
2042140000 >> Requesting for the AHB bus...
2042965000 >> AHB granted, starting recovery...
2062165000 >> Recovery done, continuing...
2062215000 >> Requesting for the AHB bus...
2063040000 >> AHB granted, starting recovery...
2082240000 >> Recovery done, continuing...
2082290000 >> Requesting for the AHB bus...
2083115000 >> AHB granted, starting recovery...
2102315000 >> Recovery done, continuing...
2102365000 >> Requesting for the AHB bus...
2103190000 >> AHB granted, starting recovery...
2122390000 >> Recovery done, continuing...
2122440000 >> Requesting for the AHB bus...
2123265000 >> AHB granted, starting recovery...
2142465000 >> Recovery done, continuing...
2142515000 >> Requesting for the AHB bus...
2143340000 >> AHB granted, starting recovery...
2162540000 >> Recovery done, continuing...
2162590000 >> Requesting for the AHB bus...
2163415000 >> AHB granted, starting recovery...
2182615000 >> Recovery done, continuing...
2182665000 >> Requesting for the AHB bus...
2183490000 >> AHB granted, starting recovery...
2202690000 >> Recovery done, continuing...
2202740000 >> Requesting for the AHB bus...
2203565000 >> AHB granted, starting recovery...
2222765000 >> Recovery done, continuing...
2222815000 >> Requesting for the AHB bus...
2223640000 >> AHB granted, starting recovery...
2242840000 >> Recovery done, continuing...
2242890000 >> Requesting for the AHB bus...
2243715000 >> AHB granted, starting recovery...
2262915000 >> Recovery done, continuing...
2262965000 >> Requesting for the AHB bus...
2263790000 >> AHB granted, starting recovery...
2282990000 >> Recovery done, continuing...
2283040000 >> Requesting for the AHB bus...
2283865000 >> AHB granted, starting recovery...
2303065000 >> Recovery done, continuing...
2303115000 >> Requesting for the AHB bus...
2303940000 >> AHB granted, starting recovery...
2323140000 >> Recovery done, continuing...
2323190000 >> Requesting for the AHB bus...
2324015000 >> AHB granted, starting recovery...
2343215000 >> Recovery done, continuing...
2343265000 >> Requesting for the AHB bus...
2344090000 >> AHB granted, starting recovery...
2363290000 >> Recovery done, continuing...
2363340000 >> Requesting for the AHB bus...
2364165000 >> AHB granted, starting recovery...
2383365000 >> Recovery done, continuing...
2383415000 >> Requesting for the AHB bus...
2384240000 >> AHB granted, starting recovery...
2403440000 >> Recovery done, continuing...
2403490000 >> Requesting for the AHB bus...
2404315000 >> AHB granted, starting recovery...
2423515000 >> Recovery done, continuing...
2423565000 >> Requesting for the AHB bus...
2424390000 >> AHB granted, starting recovery...
2443590000 >> Recovery done, continuing...
2443640000 >> Requesting for the AHB bus...
2444465000 >> AHB granted, starting recovery...
2463665000 >> Recovery done, continuing...
2463715000 >> Requesting for the AHB bus...
2464540000 >> AHB granted, starting recovery...
2483740000 >> Recovery done, continuing...
2483790000 >> Requesting for the AHB bus...
2484615000 >> AHB granted, starting recovery...
2503815000 >> Recovery done, continuing...
2503865000 >> Requesting for the AHB bus...
2504690000 >> AHB granted, starting recovery...
2523890000 >> Recovery done, continuing...
2523940000 >> Requesting for the AHB bus...
2524765000 >> AHB granted, starting recovery...
2543965000 >> Recovery done, continuing...
2544015000 >> Requesting for the AHB bus...
2544840000 >> AHB granted, starting recovery...
2564040000 >> Recovery done, continuing...
2564090000 >> Requesting for the AHB bus...
2564915000 >> AHB granted, starting recovery...
2584115000 >> Recovery done, continuing...
2584165000 >> Requesting for the AHB bus...
2584990000 >> AHB granted, starting recovery...
2604190000 >> Recovery done, continuing...
2604240000 >> Requesting for the AHB bus...
2605065000 >> AHB granted, starting recovery...
2624265000 >> Recovery done, continuing...
2624315000 >> Requesting for the AHB bus...
2625315000 >> AHB granted, starting recovery...
2644515000 >> Recovery done, continuing...
2644565000 >> Requesting for the AHB bus...
2645390000 >> AHB granted, starting recovery...
2664590000 >> Recovery done, continuing...
2664640000 >> Requesting for the AHB bus...
2665465000 >> AHB granted, starting recovery...
2684665000 >> Recovery done, continuing...
2684715000 >> Requesting for the AHB bus...
2685540000 >> AHB granted, starting recovery...
2704740000 >> Recovery done, continuing...
2704790000 >> Requesting for the AHB bus...
2705615000 >> AHB granted, starting recovery...
2724815000 >> Recovery done, continuing...
2724865000 >> Requesting for the AHB bus...
2725690000 >> AHB granted, starting recovery...
2744890000 >> Recovery done, continuing...
2744940000 >> Requesting for the AHB bus...
2745765000 >> AHB granted, starting recovery...
2764965000 >> Recovery done, continuing...
2765015000 >> Requesting for the AHB bus...
2765840000 >> AHB granted, starting recovery...
2785040000 >> Recovery done, continuing...
2785090000 >> Requesting for the AHB bus...
2785915000 >> AHB granted, starting recovery...
2805115000 >> Recovery done, continuing...
2805165000 >> Requesting for the AHB bus...
2805990000 >> AHB granted, starting recovery...
2825190000 >> Recovery done, continuing...
2825240000 >> Requesting for the AHB bus...
2826065000 >> AHB granted, starting recovery...
2845265000 >> Recovery done, continuing...
2845315000 >> Requesting for the AHB bus...
2846140000 >> AHB granted, starting recovery...
2865340000 >> Recovery done, continuing...
2865390000 >> Requesting for the AHB bus...
2866215000 >> AHB granted, starting recovery...
2885415000 >> Recovery done, continuing...
2885465000 >> Requesting for the AHB bus...
2886290000 >> AHB granted, starting recovery...
2905490000 >> Recovery done, continuing...
2905540000 >> Requesting for the AHB bus...
2906365000 >> AHB granted, starting recovery...
2925565000 >> Recovery done, continuing...
2925615000 >> Requesting for the AHB bus...
2926440000 >> AHB granted, starting recovery...
2945640000 >> Recovery done, continuing...
2945690000 >> Requesting for the AHB bus...
2946515000 >> AHB granted, starting recovery...
2965715000 >> Recovery done, continuing...
2965765000 >> Requesting for the AHB bus...
2966590000 >> AHB granted, starting recovery...
2985790000 >> Recovery done, continuing...
2985840000 >> Requesting for the AHB bus...
2986665000 >> AHB granted, starting recovery...
3005865000 >> Recovery done, continuing...
3005915000 >> Requesting for the AHB bus...
3006740000 >> AHB granted, starting recovery...
3025940000 >> Recovery done, continuing...
3025990000 >> Requesting for the AHB bus...
3026815000 >> AHB granted, starting recovery...
3046015000 >> Recovery done, continuing...
3046065000 >> Requesting for the AHB bus...
3046890000 >> AHB granted, starting recovery...
3066090000 >> Recovery done, continuing...
3066140000 >> Requesting for the AHB bus...
3066965000 >> AHB granted, starting recovery...
3086165000 >> Recovery done, continuing...
3086215000 >> Requesting for the AHB bus...
3087040000 >> AHB granted, starting recovery...
3106240000 >> Recovery done, continuing...
3106290000 >> Requesting for the AHB bus...
3107115000 >> AHB granted, starting recovery...
3126315000 >> Recovery done, continuing...
3126365000 >> Requesting for the AHB bus...
3127190000 >> AHB granted, starting recovery...
3146390000 >> Recovery done, continuing...
3146440000 >> Requesting for the AHB bus...
3147265000 >> AHB granted, starting recovery...
3166465000 >> Recovery done, continuing...
3166515000 >> Requesting for the AHB bus...
3167340000 >> AHB granted, starting recovery...
3186540000 >> Recovery done, continuing...
3186590000 >> Requesting for the AHB bus...
3187415000 >> AHB granted, starting recovery...
3206615000 >> Recovery done, continuing...
3206665000 >> Requesting for the AHB bus...
3207490000 >> AHB granted, starting recovery...
3226690000 >> Recovery done, continuing...
3226740000 >> Requesting for the AHB bus...
3227565000 >> AHB granted, starting recovery...
3246765000 >> Recovery done, continuing...
3246815000 >> Requesting for the AHB bus...
3247640000 >> AHB granted, starting recovery...
3266840000 >> Recovery done, continuing...
3266890000 >> Requesting for the AHB bus...
3267715000 >> AHB granted, starting recovery...
3286915000 >> Recovery done, continuing...
3286965000 >> Requesting for the AHB bus...
3287790000 >> AHB granted, starting recovery...
3306990000 >> Recovery done, continuing...
3307040000 >> Requesting for the AHB bus...
3307865000 >> AHB granted, starting recovery...
3327065000 >> Recovery done, continuing...
3327115000 >> Requesting for the AHB bus...
3327940000 >> AHB granted, starting recovery...
3347140000 >> Recovery done, continuing...
3347190000 >> Requesting for the AHB bus...
3348015000 >> AHB granted, starting recovery...
3367215000 >> Recovery done, continuing...
3367265000 >> Requesting for the AHB bus...
3368090000 >> AHB granted, starting recovery...
3387290000 >> Recovery done, continuing...
3387340000 >> Requesting for the AHB bus...
3388165000 >> AHB granted, starting recovery...
3407365000 >> Recovery done, continuing...
3407415000 >> Requesting for the AHB bus...
3408240000 >> AHB granted, starting recovery...
3427440000 >> Recovery done, continuing...
3427490000 >> Requesting for the AHB bus...
3428315000 >> AHB granted, starting recovery...
3447515000 >> Recovery done, continuing...
3447565000 >> Requesting for the AHB bus...
3448390000 >> AHB granted, starting recovery...
3467590000 >> Recovery done, continuing...
3467640000 >> Requesting for the AHB bus...
3468465000 >> AHB granted, starting recovery...
3487665000 >> Recovery done, continuing...
3487715000 >> Requesting for the AHB bus...
3488540000 >> AHB granted, starting recovery...
3507740000 >> Recovery done, continuing...
3507790000 >> Requesting for the AHB bus...
3508615000 >> AHB granted, starting recovery...
3527815000 >> Recovery done, continuing...
3527865000 >> Requesting for the AHB bus...
3528690000 >> AHB granted, starting recovery...
3547890000 >> Recovery done, continuing...
3547940000 >> Requesting for the AHB bus...
3548765000 >> AHB granted, starting recovery...
3567965000 >> Recovery done, continuing...
3568015000 >> Requesting for the AHB bus...
3568840000 >> AHB granted, starting recovery...
3588040000 >> Recovery done, continuing...
3588090000 >> Requesting for the AHB bus...
3588915000 >> AHB granted, starting recovery...
3608115000 >> Recovery done, continuing...
3608165000 >> Requesting for the AHB bus...
3608990000 >> AHB granted, starting recovery...
3628190000 >> Recovery done, continuing...
3628240000 >> Requesting for the AHB bus...
3629065000 >> AHB granted, starting recovery...
3648265000 >> Recovery done, continuing...
3648315000 >> Requesting for the AHB bus...
3649315000 >> AHB granted, starting recovery...
3668515000 >> Recovery done, continuing...
3668565000 >> Requesting for the AHB bus...
3669390000 >> AHB granted, starting recovery...
3688590000 >> Recovery done, continuing...
3688640000 >> Requesting for the AHB bus...
3689465000 >> AHB granted, starting recovery...
3708665000 >> Recovery done, continuing...
3708715000 >> Requesting for the AHB bus...
3709540000 >> AHB granted, starting recovery...
3728740000 >> Recovery done, continuing...
3728790000 >> Requesting for the AHB bus...
3729615000 >> AHB granted, starting recovery...
3748815000 >> Recovery done, continuing...
3748865000 >> Requesting for the AHB bus...
3749690000 >> AHB granted, starting recovery...
3768890000 >> Recovery done, continuing...
3768940000 >> Requesting for the AHB bus...
3769765000 >> AHB granted, starting recovery...
3788965000 >> Recovery done, continuing...
3789015000 >> Requesting for the AHB bus...
3789840000 >> AHB granted, starting recovery...
3809040000 >> Recovery done, continuing...
3809090000 >> Requesting for the AHB bus...
3809915000 >> AHB granted, starting recovery...
3829115000 >> Recovery done, continuing...
3829165000 >> Requesting for the AHB bus...
3829990000 >> AHB granted, starting recovery...
3849190000 >> Recovery done, continuing...
3849240000 >> Requesting for the AHB bus...
3850065000 >> AHB granted, starting recovery...
3869265000 >> Recovery done, continuing...
3869315000 >> Requesting for the AHB bus...
3870140000 >> AHB granted, starting recovery...
3889340000 >> Recovery done, continuing...
3889390000 >> Requesting for the AHB bus...
3890215000 >> AHB granted, starting recovery...
3909415000 >> Recovery done, continuing...
3909465000 >> Requesting for the AHB bus...
3910290000 >> AHB granted, starting recovery...
3929490000 >> Recovery done, continuing...
3929540000 >> Requesting for the AHB bus...
3930365000 >> AHB granted, starting recovery...
3949565000 >> Recovery done, continuing...
3949615000 >> Requesting for the AHB bus...
3950440000 >> AHB granted, starting recovery...
3969640000 >> Recovery done, continuing...
3969690000 >> Requesting for the AHB bus...
3970515000 >> AHB granted, starting recovery...
3989715000 >> Recovery done, continuing...
3989765000 >> Requesting for the AHB bus...
3990590000 >> AHB granted, starting recovery...
4009790000 >> Recovery done, continuing...
4009840000 >> Requesting for the AHB bus...
4010665000 >> AHB granted, starting recovery...
4029865000 >> Recovery done, continuing...
4029915000 >> Requesting for the AHB bus...
4030740000 >> AHB granted, starting recovery...
4049940000 >> Recovery done, continuing...
4049990000 >> Requesting for the AHB bus...
4050815000 >> AHB granted, starting recovery...
4070015000 >> Recovery done, continuing...
4070065000 >> Requesting for the AHB bus...
4070890000 >> AHB granted, starting recovery...
4090090000 >> Recovery done, continuing...
4090140000 >> Requesting for the AHB bus...
4090965000 >> AHB granted, starting recovery...
4110165000 >> Recovery done, continuing...
4110215000 >> Requesting for the AHB bus...
4111040000 >> AHB granted, starting recovery...
4130240000 >> Recovery done, continuing...
4130290000 >> Requesting for the AHB bus...
4131115000 >> AHB granted, starting recovery...
4150315000 >> Recovery done, continuing...
4150365000 >> Requesting for the AHB bus...
4151190000 >> AHB granted, starting recovery...
4170390000 >> Recovery done, continuing...
4170440000 >> Requesting for the AHB bus...
4171265000 >> AHB granted, starting recovery...
4190465000 >> Recovery done, continuing...
4190515000 >> Requesting for the AHB bus...
4191340000 >> AHB granted, starting recovery...
4210540000 >> Recovery done, continuing...
4210590000 >> Requesting for the AHB bus...
4211415000 >> AHB granted, starting recovery...
4230615000 >> Recovery done, continuing...
4230665000 >> Requesting for the AHB bus...
4231490000 >> AHB granted, starting recovery...
4250690000 >> Recovery done, continuing...
4250740000 >> Requesting for the AHB bus...
4251565000 >> AHB granted, starting recovery...
4270765000 >> Recovery done, continuing...
4270815000 >> Requesting for the AHB bus...
4271640000 >> AHB granted, starting recovery...
4290840000 >> Recovery done, continuing...
4290890000 >> Requesting for the AHB bus...
4291715000 >> AHB granted, starting recovery...
4310915000 >> Recovery done, continuing...
4310965000 >> Requesting for the AHB bus...
4311790000 >> AHB granted, starting recovery...
4330990000 >> Recovery done, continuing...
4331040000 >> Requesting for the AHB bus...
4331865000 >> AHB granted, starting recovery...
4351065000 >> Recovery done, continuing...
4351115000 >> Requesting for the AHB bus...
4351940000 >> AHB granted, starting recovery...
4371140000 >> Recovery done, continuing...
4371190000 >> Requesting for the AHB bus...
4372015000 >> AHB granted, starting recovery...
4391215000 >> Recovery done, continuing...
4391265000 >> Requesting for the AHB bus...
4392090000 >> AHB granted, starting recovery...
4411290000 >> Recovery done, continuing...
4411340000 >> Requesting for the AHB bus...
4412165000 >> AHB granted, starting recovery...
4431365000 >> Recovery done, continuing...
4431415000 >> Requesting for the AHB bus...
4432240000 >> AHB granted, starting recovery...
4451440000 >> Recovery done, continuing...
4451490000 >> Requesting for the AHB bus...
4452315000 >> AHB granted, starting recovery...
4471515000 >> Recovery done, continuing...
4471565000 >> Requesting for the AHB bus...
4472390000 >> AHB granted, starting recovery...
4491590000 >> Recovery done, continuing...
4491640000 >> Requesting for the AHB bus...
4492465000 >> AHB granted, starting recovery...
4511665000 >> Recovery done, continuing...
4511715000 >> Requesting for the AHB bus...
4512540000 >> AHB granted, starting recovery...
4531740000 >> Recovery done, continuing...
4531790000 >> Requesting for the AHB bus...
4532615000 >> AHB granted, starting recovery...
4551815000 >> Recovery done, continuing...
4551865000 >> Requesting for the AHB bus...
4552690000 >> AHB granted, starting recovery...
4571890000 >> Recovery done, continuing...
4571940000 >> Requesting for the AHB bus...
4572765000 >> AHB granted, starting recovery...
4591965000 >> Recovery done, continuing...
4592015000 >> Requesting for the AHB bus...
4592840000 >> AHB granted, starting recovery...
4612040000 >> Recovery done, continuing...
4612090000 >> Requesting for the AHB bus...
4612915000 >> AHB granted, starting recovery...
4632115000 >> Recovery done, continuing...
4632165000 >> Requesting for the AHB bus...
4632990000 >> AHB granted, starting recovery...
4652190000 >> Recovery done, continuing...
4652240000 >> Requesting for the AHB bus...
4653065000 >> AHB granted, starting recovery...
4672265000 >> Recovery done, continuing...
4672315000 >> Requesting for the AHB bus...
4673315000 >> AHB granted, starting recovery...
4692515000 >> Recovery done, continuing...
4692565000 >> Requesting for the AHB bus...
4693390000 >> AHB granted, starting recovery...
4712590000 >> Recovery done, continuing...
4712640000 >> Requesting for the AHB bus...
4713465000 >> AHB granted, starting recovery...
4732665000 >> Recovery done, continuing...
4732715000 >> Requesting for the AHB bus...
4733540000 >> AHB granted, starting recovery...
4752740000 >> Recovery done, continuing...
4752790000 >> Requesting for the AHB bus...
4753615000 >> AHB granted, starting recovery...
4772815000 >> Recovery done, continuing...
4772865000 >> Requesting for the AHB bus...
4773690000 >> AHB granted, starting recovery...
4792890000 >> Recovery done, continuing...
4792940000 >> Requesting for the AHB bus...
4793765000 >> AHB granted, starting recovery...
4812965000 >> Recovery done, continuing...
4813015000 >> Requesting for the AHB bus...
4813840000 >> AHB granted, starting recovery...
4833040000 >> Recovery done, continuing...
4833090000 >> Requesting for the AHB bus...
4833915000 >> AHB granted, starting recovery...
4853115000 >> Recovery done, continuing...
4853165000 >> Requesting for the AHB bus...
4853990000 >> AHB granted, starting recovery...
4873190000 >> Recovery done, continuing...
4873240000 >> Requesting for the AHB bus...
4874065000 >> AHB granted, starting recovery...
4893265000 >> Recovery done, continuing...
4893315000 >> Requesting for the AHB bus...
4894140000 >> AHB granted, starting recovery...
4913340000 >> Recovery done, continuing...
4913390000 >> Requesting for the AHB bus...
4914215000 >> AHB granted, starting recovery...
4933415000 >> Recovery done, continuing...
4933465000 >> Requesting for the AHB bus...
4934290000 >> AHB granted, starting recovery...
4953490000 >> Recovery done, continuing...
4953540000 >> Requesting for the AHB bus...
4954365000 >> AHB granted, starting recovery...
4973565000 >> Recovery done, continuing...
4973615000 >> Requesting for the AHB bus...
4974440000 >> AHB granted, starting recovery...
4993640000 >> Recovery done, continuing...
4993690000 >> Requesting for the AHB bus...
4994515000 >> AHB granted, starting recovery...
5013715000 >> Recovery done, continuing...
5013765000 >> Requesting for the AHB bus...
5014590000 >> AHB granted, starting recovery...
5033790000 >> Recovery done, continuing...
5033840000 >> Requesting for the AHB bus...
5034665000 >> AHB granted, starting recovery...
5053865000 >> Recovery done, continuing...
5053915000 >> Requesting for the AHB bus...
5054740000 >> AHB granted, starting recovery...
5073940000 >> Recovery done, continuing...
5073990000 >> Requesting for the AHB bus...
5074815000 >> AHB granted, starting recovery...
5094015000 >> Recovery done, continuing...
5094065000 >> Requesting for the AHB bus...
5094890000 >> AHB granted, starting recovery...
5114090000 >> Recovery done, continuing...
5114140000 >> Requesting for the AHB bus...
5114965000 >> AHB granted, starting recovery...
5134165000 >> Recovery done, continuing...
5134215000 >> Requesting for the AHB bus...
5135040000 >> AHB granted, starting recovery...
5154240000 >> Recovery done, continuing...
5154290000 >> Requesting for the AHB bus...
5155115000 >> AHB granted, starting recovery...
5174315000 >> Recovery done, continuing...
5174365000 >> Requesting for the AHB bus...
5175190000 >> AHB granted, starting recovery...
5194390000 >> Recovery done, continuing...
5194440000 >> Requesting for the AHB bus...
5195265000 >> AHB granted, starting recovery...
5214465000 >> Recovery done, continuing...
5214515000 >> Requesting for the AHB bus...
5215340000 >> AHB granted, starting recovery...
5234540000 >> Recovery done, continuing...
5234590000 >> Requesting for the AHB bus...
5235415000 >> AHB granted, starting recovery...
5254615000 >> Recovery done, continuing...
5254665000 >> Requesting for the AHB bus...
5255490000 >> AHB granted, starting recovery...
5274690000 >> Recovery done, continuing...
5274740000 >> Requesting for the AHB bus...
5275565000 >> AHB granted, starting recovery...
5294765000 >> Recovery done, continuing...
5294815000 >> Requesting for the AHB bus...
5295640000 >> AHB granted, starting recovery...
5314840000 >> Recovery done, continuing...
5314890000 >> Requesting for the AHB bus...
5315715000 >> AHB granted, starting recovery...
5334915000 >> Recovery done, continuing...
5334965000 >> Requesting for the AHB bus...
5335790000 >> AHB granted, starting recovery...
5354990000 >> Recovery done, continuing...
5355040000 >> Requesting for the AHB bus...
5355865000 >> AHB granted, starting recovery...
5375065000 >> Recovery done, continuing...
5375115000 >> Requesting for the AHB bus...
5375940000 >> AHB granted, starting recovery...
5395140000 >> Recovery done, continuing...
5395190000 >> Requesting for the AHB bus...
5396015000 >> AHB granted, starting recovery...
5415215000 >> Recovery done, continuing...
5415265000 >> Requesting for the AHB bus...
5416090000 >> AHB granted, starting recovery...
5435290000 >> Recovery done, continuing...
5435340000 >> Requesting for the AHB bus...
5436165000 >> AHB granted, starting recovery...
5455365000 >> Recovery done, continuing...
5455415000 >> Requesting for the AHB bus...
5456240000 >> AHB granted, starting recovery...
5475440000 >> Recovery done, continuing...
5475490000 >> Requesting for the AHB bus...
5476315000 >> AHB granted, starting recovery...
5495515000 >> Recovery done, continuing...
5495565000 >> Requesting for the AHB bus...
5496390000 >> AHB granted, starting recovery...
5515590000 >> Recovery done, continuing...
5515640000 >> Requesting for the AHB bus...
5516465000 >> AHB granted, starting recovery...
5535665000 >> Recovery done, continuing...
5535715000 >> Requesting for the AHB bus...
5536540000 >> AHB granted, starting recovery...
5555740000 >> Recovery done, continuing...
5555790000 >> Requesting for the AHB bus...
5556615000 >> AHB granted, starting recovery...
5575815000 >> Recovery done, continuing...
5575865000 >> Requesting for the AHB bus...
5576690000 >> AHB granted, starting recovery...
5595890000 >> Recovery done, continuing...
5595940000 >> Requesting for the AHB bus...
5596765000 >> AHB granted, starting recovery...
5615965000 >> Recovery done, continuing...
5616015000 >> Requesting for the AHB bus...
5616840000 >> AHB granted, starting recovery...
5636040000 >> Recovery done, continuing...
5636090000 >> Requesting for the AHB bus...
5636915000 >> AHB granted, starting recovery...
5656115000 >> Recovery done, continuing...
5656165000 >> Requesting for the AHB bus...
5656990000 >> AHB granted, starting recovery...
5676190000 >> Recovery done, continuing...
5676240000 >> Requesting for the AHB bus...
5677065000 >> AHB granted, starting recovery...
5696265000 >> Recovery done, continuing...
5696315000 >> Requesting for the AHB bus...
5697315000 >> AHB granted, starting recovery...
5716515000 >> Recovery done, continuing...
5716565000 >> Requesting for the AHB bus...
5717390000 >> AHB granted, starting recovery...
5736590000 >> Recovery done, continuing...
5736640000 >> Requesting for the AHB bus...
5737465000 >> AHB granted, starting recovery...
5745715000 >> time limit reached...
/testbench/cpu/l3/u0/leon3x0/vhdl/p0/iu/r.w.wreg:0
/testbench/cpu/l3/u0/leon3x0/vhdl/p0/iu/r.m.irqen:1
/testbench/cpu/l3/u0/leon3x0/vhdl/p0/iu/r.m.icc:0000
/testbench/cpu/l3/u0/leon3x0/vhdl/p0/iu/r.a.ticc:0
/testbench/cpu/l3/u0/leon3x0/vhdl/p0/iu/r.a.step:0
/testbench/cpu/l3/u0/leon3x0/vhdl/p0/iu/r.m.irqen2:1
/testbench/cpu/l3/u0/leon3x0/vhdl/p0/iu/r.d.pc:01000000000000000000001100100100
/testbench/cpu/l3/u0/leon3x0/vhdl/p0/iu/r.d.rexpl:{{00000000000000000000000000000000} {00} {0} 0 0 {0000000000000000000} 0 0 0 0 0 0}
/testbench/cpu/l3/u0/leon3x0/vhdl/p0/iu/r.d.mexc:0
/testbench/cpu/l3/u0/leon3x0/vhdl/p0/iu/r.a.aw:0
/testbench/cpu/l3/u0/leon3x0/vhdl/p0/iu/r.e.ctrl:{{01000000000000000000001100100000} {11000100000001111010000001000100} {00} {10000010} {000000} 0 0 1 0 0 1 1 0 0}
/testbench/cpu/l3/u0/leon3x0/vhdl/p0/iu/r.a.divstart:0
/testbench/cpu/l3/u0/leon3x0/vhdl/p0/iu/r.e.shleft:0
/testbench/cpu/l3/u0/leon3x0/vhdl/p0/iu/r.a.bp:0
/testbench/cpu/l3/u0/leon3x0/vhdl/p0/iu/r.w.twcwp:000
/testbench/cpu/l3/u0/leon3x0/vhdl/p0/iu/r.a.jmpl:0
/testbench/cpu/l3/u0/leon3x0/vhdl/p0/iu/r.m.casa:0
/testbench/cpu/l3/u0/leon3x0/vhdl/p0/iu/r.m.werr:0
/testbench/cpu/l3/u0/leon3x0/vhdl/p0/iu/r.e.su:1
/testbench/cpu/l3/u0/leon3x0/vhdl/p0/iu/r.e.et:1
/testbench/cpu/l3/u0/leon3x0/vhdl/p0/iu/r.a.ldcheck1:1
/testbench/cpu/l3/u0/leon3x0/vhdl/p0/iu/r.d.stwin:000
/testbench/cpu/l3/u0/leon3x0/vhdl/p0/iu/r.a.ldcheck2:1
/testbench/cpu/l3/u0/leon3x0/vhdl/p0/iu/r.x.intack:0
/testbench/cpu/l3/u0/leon3x0/vhdl/p0/iu/r.m.ctrl:{{01000000000000000000001100011100} {11000010000001111011111111110100} {00} {10000001} {001011} 1 0 1 0 0 1 1 0 0}
/testbench/cpu/l3/u0/leon3x0/vhdl/p0/iu/r.a.cwp:101
/testbench/cpu/l3/u0/leon3x0/vhdl/p0/iu/r.e.sari:0
/testbench/cpu/l3/u0/leon3x0/vhdl/p0/iu/r.d.paw:0
/testbench/cpu/l3/u0/leon3x0/vhdl/p0/iu/r.d.aw:0
/testbench/cpu/l3/u0/leon3x0/vhdl/p0/iu/r.d.awp:000
/testbench/cpu/l3/u0/leon3x0/vhdl/p0/iu/r.x.ctrl:{{01000000000000000000001100011000} {11000010001011111011111111111111} {01} {10000001} {000000} 0 0 0 0 0 0 0 0 0}
/testbench/cpu/l3/u0/leon3x0/vhdl/p0/iu/r.m.rexnalign:0
/testbench/cpu/l3/u0/leon3x0/vhdl/p0/iu/r.m.su:1
/testbench/cpu/l3/u0/leon3x0/vhdl/p0/iu/r.m.wcwp:0
/testbench/cpu/l3/u0/leon3x0/vhdl/p0/iu/r.d.divrdy:0
/testbench/cpu/l3/u0/leon3x0/vhdl/p0/iu/r.e.cwp:101
/testbench/cpu/l3/u0/leon3x0/vhdl/p0/iu/r.w.except:0
/testbench/cpu/l3/u0/leon3x0/vhdl/p0/iu/r.x.nerror:0
/testbench/cpu/l3/u0/leon3x0/vhdl/p0/iu/r.a.bpimiss:0
/testbench/cpu/l3/u0/leon3x0/vhdl/p0/iu/r.a.nobp:0
/testbench/cpu/l3/u0/leon3x0/vhdl/p0/iu/r.d.rexcnt:0
/testbench/cpu/l3/u0/leon3x0/vhdl/p0/iu/r.w.s:{{101} {0000} {00000000} {01000000000000000000} {00000010} {0000} 0 0 1 1 1 {00000000000000000000000000000000} {UUUUUUUUUUUUUUUUUUUUUUUUUUUUUUUU} 1 0 0 1 1 1 0 0 {000} {000} {111}}
/testbench/cpu/l3/u0/leon3x0/vhdl/p0/iu/r.d.pv:1
/testbench/cpu/l3/u0/leon3x0/vhdl/p0/iu/r.a.ldchkra:1
/testbench/cpu/l3/u0/leon3x0/vhdl/p0/iu/r.a.rfa1:10000010
/testbench/cpu/l3/u0/leon3x0/vhdl/p0/iu/r.a.rfa2:10000001
/testbench/cpu/l3/u0/leon3x0/vhdl/p0/iu/r.a.imm:00000000000000000000000000000001
/testbench/cpu/l3/u0/leon3x0/vhdl/p0/iu/r.w.wa:10000001
/testbench/cpu/l3/u0/leon3x0/vhdl/p0/iu/r.m.casaz:0
/testbench/cpu/l3/u0/leon3x0/vhdl/p0/iu/r.x.dci:{0 0 0 1 0 0 {00} {00001011}}
/testbench/cpu/l3/u0/leon3x0/vhdl/p0/iu/r.x.mac:0
/testbench/cpu/l3/u0/leon3x0/vhdl/p0/iu/r.m.divz:0
/testbench/cpu/l3/u0/leon3x0/vhdl/p0/iu/r.d.inst:{{10000010000000001000000000000001}}
/testbench/cpu/l3/u0/leon3x0/vhdl/p0/iu/r.e.rfe1:1
/testbench/cpu/l3/u0/leon3x0/vhdl/p0/iu/r.a.wovf:0
/testbench/cpu/l3/u0/leon3x0/vhdl/p0/iu/r.e.rfe2:0
/testbench/cpu/l3/u0/leon3x0/vhdl/p0/iu/r.e.op1:01000000000011111111111010100000
/testbench/cpu/l3/u0/leon3x0/vhdl/p0/iu/r.m.nalign:0
/testbench/cpu/l3/u0/leon3x0/vhdl/p0/iu/r.e.op2:00000000000000000000000001000100
/testbench/cpu/l3/u0/leon3x0/vhdl/p0/iu/r.d.rexen:0
/testbench/cpu/l3/u0/leon3x0/vhdl/p0/iu/r.a.ctrl:{{01000000000000000000001100100100} {10000010000000001000000000000001} {00} {10000001} {000000} 0 1 0 0 0 0 0 0 0}
/testbench/cpu/l3/u0/leon3x0/vhdl/p0/iu/r.x.ipend:0
/testbench/cpu/l3/u0/leon3x0/vhdl/p0/iu/r.e.ldbp1:0
/testbench/cpu/l3/u0/leon3x0/vhdl/p0/iu/r.e.aluadd:1
/testbench/cpu/l3/u0/leon3x0/vhdl/p0/iu/r.d.set:0
/testbench/cpu/l3/u0/leon3x0/vhdl/p0/iu/r.d.inull:0
/testbench/cpu/l3/u0/leon3x0/vhdl/p0/iu/r.e.ldbp2:0
/testbench/cpu/l3/u0/leon3x0/vhdl/p0/iu/r.d.cnt:00
/testbench/cpu/l3/u0/leon3x0/vhdl/p0/iu/r.a.su:1
/testbench/cpu/l3/u0/leon3x0/vhdl/p0/iu/r.a.et:1
/testbench/cpu/l3/u0/leon3x0/vhdl/p0/iu/r.e.mul:0
/testbench/cpu/l3/u0/leon3x0/vhdl/p0/iu/r.e.alusel:00
/testbench/cpu/l3/u0/leon3x0/vhdl/p0/iu/r.e.aw:U
/testbench/cpu/l3/u0/leon3x0/vhdl/p0/iu/r.e.mac:0
/testbench/cpu/l3/u0/leon3x0/vhdl/p0/iu/r.a.decill:0
/testbench/cpu/l3/u0/leon3x0/vhdl/p0/iu/r.x.icc:0000
/testbench/cpu/l3/u0/leon3x0/vhdl/p0/iu/r.x.result:00000110000001100000011000000110
/testbench/cpu/l3/u0/leon3x0/vhdl/p0/iu/r.e.bp:0
/testbench/cpu/l3/u0/leon3x0/vhdl/p0/iu/r.a.rs1:00010
/testbench/cpu/l3/u0/leon3x0/vhdl/p0/iu/r.e.jmpl:0
/testbench/cpu/l3/u0/leon3x0/vhdl/p0/iu/r.a.rsel1:001
/testbench/cpu/l3/u0/leon3x0/vhdl/p0/iu/r.x.y:00000000000000000000000000000000
/testbench/cpu/l3/u0/leon3x0/vhdl/p0/iu/r.a.rsel2:010
/testbench/cpu/l3/u0/leon3x0/vhdl/p0/iu/r.a.awp:000
/testbench/cpu/l3/u0/leon3x0/vhdl/p0/iu/r.a.paw:0
/testbench/cpu/l3/u0/leon3x0/vhdl/p0/iu/r.x.data:{{00000000000000000000000000000110}}
/testbench/cpu/l3/u0/leon3x0/vhdl/p0/iu/r.m.mul:0
/testbench/cpu/l3/u0/leon3x0/vhdl/p0/iu/r.e.rd:UUUUU
/testbench/cpu/l3/u0/leon3x0/vhdl/p0/iu/r.e.invop2:0
/testbench/cpu/l3/u0/leon3x0/vhdl/p0/iu/r.m.wawp:0
/testbench/cpu/l3/u0/leon3x0/vhdl/p0/iu/r.d.cwpmax:111
/testbench/cpu/l3/u0/leon3x0/vhdl/p0/iu/r.f.branch:0
/testbench/cpu/l3/u0/leon3x0/vhdl/p0/iu/r.d.pcheld:1
/testbench/cpu/l3/u0/leon3x0/vhdl/p0/iu/r.m.dci:{0 0 1 0 0 0 {10} {00001011}}
/testbench/cpu/l3/u0/leon3x0/vhdl/p0/iu/r.e.paw:U
/testbench/cpu/l3/u0/leon3x0/vhdl/p0/iu/r.e.awp:UUU
/testbench/cpu/l3/u0/leon3x0/vhdl/p0/iu/r.e.shcnt:00100
/testbench/cpu/l3/u0/leon3x0/vhdl/p0/iu/r.w.result:01000000000011111111111010011111
/testbench/cpu/l3/u0/leon3x0/vhdl/p0/iu/r.m.mac:0
/testbench/cpu/l3/u0/leon3x0/vhdl/p0/iu/r.m.y:00000000000000000000000000000000
/testbench/cpu/l3/u0/leon3x0/vhdl/p0/iu/r.d.cwp:101
/testbench/cpu/l3/u0/leon3x0/vhdl/p0/iu/r.x.laddr:10
/testbench/cpu/l3/u0/leon3x0/vhdl/p0/iu/r.e.mulstep:0
/testbench/cpu/l3/u0/leon3x0/vhdl/p0/iu/r.e.ymsb:0
/testbench/cpu/l3/u0/leon3x0/vhdl/p0/iu/r.d.rexbuf:00000000000000000000000000000000
/testbench/cpu/l3/u0/leon3x0/vhdl/p0/iu/r.x.npc:100
/testbench/cpu/l3/u0/leon3x0/vhdl/p0/iu/r.f.pc:01000000000000000000001100101000
/testbench/cpu/l3/u0/leon3x0/vhdl/p0/iu/r.d.annul:0
/testbench/cpu/l3/u0/leon3x0/vhdl/p0/iu/r.x.rstate:run
/testbench/cpu/l3/u0/leon3x0/vhdl/p0/iu/r.x.set:0
/testbench/cpu/l3/u0/leon3x0/vhdl/p0/iu/r.m.result:01000000000011111111111010010100
/testbench/cpu/l3/u0/leon3x0/vhdl/p0/iu/r.e.icc:UUUU
/testbench/cpu/l3/u0/leon3x0/vhdl/p0/iu/r.a.getpc:0
/testbench/cpu/l3/u0/leon3x0/vhdl/p0/iu/r.a.ldchkex:1
/testbench/cpu/l3/u0/leon3x0/vhdl/p0/iu/r.x.mexc:0
/testbench/cpu/l3/u0/leon3x0/vhdl/p0/iu/r.a.mulstart:0
/testbench/cpu/l3/u0/leon3x0/vhdl/p0/iu/r.d.rexpos:10
/testbench/cpu/l3/u0/leon3x0/vhdl/p0/iu/r.x.annul_all:0
/testbench/cpu/l3/u0/leon3x0/vhdl/p0/iu/r.e.aluop:000
/testbench/cpu/l3/u0/leon3x0/vhdl/p0/iu/r.x.debug:0
/testbench/cpu/l3/u0/leon3x0/vhdl/p0/iu/r.a.rfe1:0
/testbench/cpu/l3/u0/leon3x0/vhdl/p0/iu/r.d.step:0
/testbench/cpu/l3/u0/leon3x0/vhdl/p0/iu/r.a.rfe2:0
/testbench/cpu/l3/u0/leon3x0/vhdl/p0/iu/r.e.alucin:0
/testbench/cpu/l3/u0/leon3x0/vhdl/p0/iu/r.a.wunf:0
======================================
progstatus: -2
execerr: 227
latent: 1
time limit!
>>>>>>>>>>>>>>> 5745715000
======================================
