Test signal = /testbench/cpu/l3/u0/leon3x0/vhdl/p0/iu/r.a.ticc
oldval = 0
pos1: -1 pos0: 0 posU: -1
newval = 1
Signal value: 0
oldval = 0
pos1: -1 pos0: 0 posU: -1
newval = 1
force in 1331189
586290000 >> iteration no: 0
1598340000 >> iteration no: 1
1913890000 >> Requesting for the AHB bus...
1915115000 >> AHB granted, starting recovery...
1934315000 >> Recovery done, continuing...
1934365000 >> Requesting for the AHB bus...
1935240000 >> AHB granted, starting recovery...
1954440000 >> Recovery done, continuing...
1954490000 >> Requesting for the AHB bus...
1955365000 >> AHB granted, starting recovery...
1974565000 >> Recovery done, continuing...
1974615000 >> Requesting for the AHB bus...
1975490000 >> AHB granted, starting recovery...
1994690000 >> Recovery done, continuing...
1994740000 >> Requesting for the AHB bus...
1995615000 >> AHB granted, starting recovery...
2014815000 >> Recovery done, continuing...
2014865000 >> Requesting for the AHB bus...
2015740000 >> AHB granted, starting recovery...
2034940000 >> Recovery done, continuing...
2034990000 >> Requesting for the AHB bus...
2035865000 >> AHB granted, starting recovery...
2055065000 >> Recovery done, continuing...
2055115000 >> Requesting for the AHB bus...
2055990000 >> AHB granted, starting recovery...
2075190000 >> Recovery done, continuing...
2075240000 >> Requesting for the AHB bus...
2076115000 >> AHB granted, starting recovery...
2095315000 >> Recovery done, continuing...
2095365000 >> Requesting for the AHB bus...
2096240000 >> AHB granted, starting recovery...
2115440000 >> Recovery done, continuing...
2115490000 >> Requesting for the AHB bus...
2116365000 >> AHB granted, starting recovery...
2135565000 >> Recovery done, continuing...
2135615000 >> Requesting for the AHB bus...
2136490000 >> AHB granted, starting recovery...
2155690000 >> Recovery done, continuing...
2155740000 >> Requesting for the AHB bus...
2156615000 >> AHB granted, starting recovery...
2175815000 >> Recovery done, continuing...
2175865000 >> Requesting for the AHB bus...
2176740000 >> AHB granted, starting recovery...
2195940000 >> Recovery done, continuing...
2195990000 >> Requesting for the AHB bus...
2196865000 >> AHB granted, starting recovery...
2216065000 >> Recovery done, continuing...
2216115000 >> Requesting for the AHB bus...
2216990000 >> AHB granted, starting recovery...
2236190000 >> Recovery done, continuing...
2236240000 >> Requesting for the AHB bus...
2237115000 >> AHB granted, starting recovery...
2256315000 >> Recovery done, continuing...
2256365000 >> Requesting for the AHB bus...
2257240000 >> AHB granted, starting recovery...
2276440000 >> Recovery done, continuing...
2276490000 >> Requesting for the AHB bus...
2277365000 >> AHB granted, starting recovery...
2296565000 >> Recovery done, continuing...
2296615000 >> Requesting for the AHB bus...
2297490000 >> AHB granted, starting recovery...
2316690000 >> Recovery done, continuing...
2316740000 >> Requesting for the AHB bus...
2317615000 >> AHB granted, starting recovery...
2336815000 >> Recovery done, continuing...
2336865000 >> Requesting for the AHB bus...
2337740000 >> AHB granted, starting recovery...
2356940000 >> Recovery done, continuing...
2356990000 >> Requesting for the AHB bus...
2357865000 >> AHB granted, starting recovery...
2377065000 >> Recovery done, continuing...
2377115000 >> Requesting for the AHB bus...
2377990000 >> AHB granted, starting recovery...
2397190000 >> Recovery done, continuing...
2397240000 >> Requesting for the AHB bus...
2398115000 >> AHB granted, starting recovery...
2417315000 >> Recovery done, continuing...
2417365000 >> Requesting for the AHB bus...
2418240000 >> AHB granted, starting recovery...
2437440000 >> Recovery done, continuing...
2437490000 >> Requesting for the AHB bus...
2438365000 >> AHB granted, starting recovery...
2457565000 >> Recovery done, continuing...
2457615000 >> Requesting for the AHB bus...
2458490000 >> AHB granted, starting recovery...
2477690000 >> Recovery done, continuing...
2477740000 >> Requesting for the AHB bus...
2478615000 >> AHB granted, starting recovery...
2497815000 >> Recovery done, continuing...
2497865000 >> Requesting for the AHB bus...
2498740000 >> AHB granted, starting recovery...
2517940000 >> Recovery done, continuing...
2517990000 >> Requesting for the AHB bus...
2518865000 >> AHB granted, starting recovery...
2538065000 >> Recovery done, continuing...
2538115000 >> Requesting for the AHB bus...
2538990000 >> AHB granted, starting recovery...
2558190000 >> Recovery done, continuing...
2558240000 >> Requesting for the AHB bus...
2559115000 >> AHB granted, starting recovery...
2578315000 >> Recovery done, continuing...
2578365000 >> Requesting for the AHB bus...
2579240000 >> AHB granted, starting recovery...
2598440000 >> Recovery done, continuing...
2598490000 >> Requesting for the AHB bus...
2599365000 >> AHB granted, starting recovery...
2618565000 >> Recovery done, continuing...
2618615000 >> Requesting for the AHB bus...
2619490000 >> AHB granted, starting recovery...
2638690000 >> Recovery done, continuing...
2638740000 >> Requesting for the AHB bus...
2639615000 >> AHB granted, starting recovery...
2658815000 >> Recovery done, continuing...
2658865000 >> Requesting for the AHB bus...
2659740000 >> AHB granted, starting recovery...
2678940000 >> Recovery done, continuing...
2678990000 >> Requesting for the AHB bus...
2679865000 >> AHB granted, starting recovery...
2699065000 >> Recovery done, continuing...
2699115000 >> Requesting for the AHB bus...
2699990000 >> AHB granted, starting recovery...
2719190000 >> Recovery done, continuing...
2719240000 >> Requesting for the AHB bus...
2720115000 >> AHB granted, starting recovery...
2739315000 >> Recovery done, continuing...
2739365000 >> Requesting for the AHB bus...
2740240000 >> AHB granted, starting recovery...
2759440000 >> Recovery done, continuing...
2759490000 >> Requesting for the AHB bus...
2760365000 >> AHB granted, starting recovery...
2779565000 >> Recovery done, continuing...
2779615000 >> Requesting for the AHB bus...
2780490000 >> AHB granted, starting recovery...
2799690000 >> Recovery done, continuing...
2799740000 >> Requesting for the AHB bus...
2800615000 >> AHB granted, starting recovery...
2819815000 >> Recovery done, continuing...
2819865000 >> Requesting for the AHB bus...
2820740000 >> AHB granted, starting recovery...
2839940000 >> Recovery done, continuing...
2839990000 >> Requesting for the AHB bus...
2840865000 >> AHB granted, starting recovery...
2860065000 >> Recovery done, continuing...
2860115000 >> Requesting for the AHB bus...
2860990000 >> AHB granted, starting recovery...
2880190000 >> Recovery done, continuing...
2880240000 >> Requesting for the AHB bus...
2881115000 >> AHB granted, starting recovery...
2900315000 >> Recovery done, continuing...
2900365000 >> Requesting for the AHB bus...
2901240000 >> AHB granted, starting recovery...
2920440000 >> Recovery done, continuing...
2920490000 >> Requesting for the AHB bus...
2921365000 >> AHB granted, starting recovery...
2940565000 >> Recovery done, continuing...
2940615000 >> Requesting for the AHB bus...
2941490000 >> AHB granted, starting recovery...
2960690000 >> Recovery done, continuing...
2960740000 >> Requesting for the AHB bus...
2961615000 >> AHB granted, starting recovery...
2980815000 >> Recovery done, continuing...
2980865000 >> Requesting for the AHB bus...
2981740000 >> AHB granted, starting recovery...
3000940000 >> Recovery done, continuing...
3000990000 >> Requesting for the AHB bus...
3001865000 >> AHB granted, starting recovery...
3021065000 >> Recovery done, continuing...
3021115000 >> Requesting for the AHB bus...
3022165000 >> AHB granted, starting recovery...
3041365000 >> Recovery done, continuing...
3041415000 >> Requesting for the AHB bus...
3042290000 >> AHB granted, starting recovery...
3061490000 >> Recovery done, continuing...
3061540000 >> Requesting for the AHB bus...
3062415000 >> AHB granted, starting recovery...
3081615000 >> Recovery done, continuing...
3081665000 >> Requesting for the AHB bus...
3082540000 >> AHB granted, starting recovery...
3101740000 >> Recovery done, continuing...
3101790000 >> Requesting for the AHB bus...
3102665000 >> AHB granted, starting recovery...
3121865000 >> Recovery done, continuing...
3121915000 >> Requesting for the AHB bus...
3122790000 >> AHB granted, starting recovery...
3141990000 >> Recovery done, continuing...
3142040000 >> Requesting for the AHB bus...
3142915000 >> AHB granted, starting recovery...
3162115000 >> Recovery done, continuing...
3162165000 >> Requesting for the AHB bus...
3163040000 >> AHB granted, starting recovery...
3182240000 >> Recovery done, continuing...
3182290000 >> Requesting for the AHB bus...
3183165000 >> AHB granted, starting recovery...
3202365000 >> Recovery done, continuing...
3202415000 >> Requesting for the AHB bus...
3203290000 >> AHB granted, starting recovery...
3222490000 >> Recovery done, continuing...
3222540000 >> Requesting for the AHB bus...
3223415000 >> AHB granted, starting recovery...
3242615000 >> Recovery done, continuing...
3242665000 >> Requesting for the AHB bus...
3243540000 >> AHB granted, starting recovery...
3262740000 >> Recovery done, continuing...
3262790000 >> Requesting for the AHB bus...
3263665000 >> AHB granted, starting recovery...
3282865000 >> Recovery done, continuing...
3282915000 >> Requesting for the AHB bus...
3283790000 >> AHB granted, starting recovery...
3302990000 >> Recovery done, continuing...
3303040000 >> Requesting for the AHB bus...
3303915000 >> AHB granted, starting recovery...
3323115000 >> Recovery done, continuing...
3323165000 >> Requesting for the AHB bus...
3324040000 >> AHB granted, starting recovery...
3343240000 >> Recovery done, continuing...
3343290000 >> Requesting for the AHB bus...
3344165000 >> AHB granted, starting recovery...
3363365000 >> Recovery done, continuing...
3363415000 >> Requesting for the AHB bus...
3364290000 >> AHB granted, starting recovery...
3383490000 >> Recovery done, continuing...
3383540000 >> Requesting for the AHB bus...
3384415000 >> AHB granted, starting recovery...
3403615000 >> Recovery done, continuing...
3403665000 >> Requesting for the AHB bus...
3404540000 >> AHB granted, starting recovery...
3423740000 >> Recovery done, continuing...
3423790000 >> Requesting for the AHB bus...
3424665000 >> AHB granted, starting recovery...
3443865000 >> Recovery done, continuing...
3443915000 >> Requesting for the AHB bus...
3444790000 >> AHB granted, starting recovery...
3463990000 >> Recovery done, continuing...
3464040000 >> Requesting for the AHB bus...
3464915000 >> AHB granted, starting recovery...
3484115000 >> Recovery done, continuing...
3484165000 >> Requesting for the AHB bus...
3485040000 >> AHB granted, starting recovery...
3504240000 >> Recovery done, continuing...
3504290000 >> Requesting for the AHB bus...
3505165000 >> AHB granted, starting recovery...
3524365000 >> Recovery done, continuing...
3524415000 >> Requesting for the AHB bus...
3525290000 >> AHB granted, starting recovery...
3544490000 >> Recovery done, continuing...
3544540000 >> Requesting for the AHB bus...
3545415000 >> AHB granted, starting recovery...
3564615000 >> Recovery done, continuing...
3564665000 >> Requesting for the AHB bus...
3565540000 >> AHB granted, starting recovery...
3584740000 >> Recovery done, continuing...
3584790000 >> Requesting for the AHB bus...
3585665000 >> AHB granted, starting recovery...
3604865000 >> Recovery done, continuing...
3604915000 >> Requesting for the AHB bus...
3605790000 >> AHB granted, starting recovery...
3624990000 >> Recovery done, continuing...
3625040000 >> Requesting for the AHB bus...
3625915000 >> AHB granted, starting recovery...
3645115000 >> Recovery done, continuing...
3645165000 >> Requesting for the AHB bus...
3646040000 >> AHB granted, starting recovery...
3665240000 >> Recovery done, continuing...
3665290000 >> Requesting for the AHB bus...
3666165000 >> AHB granted, starting recovery...
3685365000 >> Recovery done, continuing...
3685415000 >> Requesting for the AHB bus...
3686290000 >> AHB granted, starting recovery...
3705490000 >> Recovery done, continuing...
3705540000 >> Requesting for the AHB bus...
3706415000 >> AHB granted, starting recovery...
3725615000 >> Recovery done, continuing...
3725665000 >> Requesting for the AHB bus...
3726540000 >> AHB granted, starting recovery...
3745740000 >> Recovery done, continuing...
3745790000 >> Requesting for the AHB bus...
3746665000 >> AHB granted, starting recovery...
3765865000 >> Recovery done, continuing...
3765915000 >> Requesting for the AHB bus...
3766790000 >> AHB granted, starting recovery...
3785990000 >> Recovery done, continuing...
3786040000 >> Requesting for the AHB bus...
3786915000 >> AHB granted, starting recovery...
3806115000 >> Recovery done, continuing...
3806165000 >> Requesting for the AHB bus...
3807040000 >> AHB granted, starting recovery...
3826240000 >> Recovery done, continuing...
3826290000 >> Requesting for the AHB bus...
3827165000 >> AHB granted, starting recovery...
3846365000 >> Recovery done, continuing...
3846415000 >> Requesting for the AHB bus...
3847290000 >> AHB granted, starting recovery...
3866490000 >> Recovery done, continuing...
3866540000 >> Requesting for the AHB bus...
3867415000 >> AHB granted, starting recovery...
3886615000 >> Recovery done, continuing...
3886665000 >> Requesting for the AHB bus...
3887540000 >> AHB granted, starting recovery...
3906740000 >> Recovery done, continuing...
3906790000 >> Requesting for the AHB bus...
3907665000 >> AHB granted, starting recovery...
3926865000 >> Recovery done, continuing...
3926915000 >> Requesting for the AHB bus...
3927790000 >> AHB granted, starting recovery...
3946990000 >> Recovery done, continuing...
3947040000 >> Requesting for the AHB bus...
3947915000 >> AHB granted, starting recovery...
3967115000 >> Recovery done, continuing...
3967165000 >> Requesting for the AHB bus...
3968040000 >> AHB granted, starting recovery...
3987240000 >> Recovery done, continuing...
3987290000 >> Requesting for the AHB bus...
3988165000 >> AHB granted, starting recovery...
4007365000 >> Recovery done, continuing...
4007415000 >> Requesting for the AHB bus...
4008290000 >> AHB granted, starting recovery...
4027490000 >> Recovery done, continuing...
4027540000 >> Requesting for the AHB bus...
4028415000 >> AHB granted, starting recovery...
4047615000 >> Recovery done, continuing...
4047665000 >> Requesting for the AHB bus...
4048540000 >> AHB granted, starting recovery...
4067740000 >> Recovery done, continuing...
4067790000 >> Requesting for the AHB bus...
4068665000 >> AHB granted, starting recovery...
4087865000 >> Recovery done, continuing...
4087915000 >> Requesting for the AHB bus...
4088790000 >> AHB granted, starting recovery...
4107990000 >> Recovery done, continuing...
4108040000 >> Requesting for the AHB bus...
4108915000 >> AHB granted, starting recovery...
4128115000 >> Recovery done, continuing...
4128165000 >> Requesting for the AHB bus...
4129040000 >> AHB granted, starting recovery...
4148240000 >> Recovery done, continuing...
4148290000 >> Requesting for the AHB bus...
4149165000 >> AHB granted, starting recovery...
4168365000 >> Recovery done, continuing...
4168415000 >> Requesting for the AHB bus...
4169290000 >> AHB granted, starting recovery...
4188490000 >> Recovery done, continuing...
4188540000 >> Requesting for the AHB bus...
4189415000 >> AHB granted, starting recovery...
4208615000 >> Recovery done, continuing...
4208665000 >> Requesting for the AHB bus...
4209540000 >> AHB granted, starting recovery...
4228740000 >> Recovery done, continuing...
4228790000 >> Requesting for the AHB bus...
4229665000 >> AHB granted, starting recovery...
4248865000 >> Recovery done, continuing...
4248915000 >> Requesting for the AHB bus...
4249790000 >> AHB granted, starting recovery...
4268990000 >> Recovery done, continuing...
4269040000 >> Requesting for the AHB bus...
4269915000 >> AHB granted, starting recovery...
4289115000 >> Recovery done, continuing...
4289165000 >> Requesting for the AHB bus...
4290040000 >> AHB granted, starting recovery...
4309240000 >> Recovery done, continuing...
4309290000 >> Requesting for the AHB bus...
4310165000 >> AHB granted, starting recovery...
4329365000 >> Recovery done, continuing...
4329415000 >> Requesting for the AHB bus...
4330290000 >> AHB granted, starting recovery...
4349490000 >> Recovery done, continuing...
4349540000 >> Requesting for the AHB bus...
4350415000 >> AHB granted, starting recovery...
4369615000 >> Recovery done, continuing...
4369665000 >> Requesting for the AHB bus...
4370540000 >> AHB granted, starting recovery...
4389740000 >> Recovery done, continuing...
4389790000 >> Requesting for the AHB bus...
4390665000 >> AHB granted, starting recovery...
4409865000 >> Recovery done, continuing...
4409915000 >> Requesting for the AHB bus...
4410965000 >> AHB granted, starting recovery...
4430165000 >> Recovery done, continuing...
4430215000 >> Requesting for the AHB bus...
4431090000 >> AHB granted, starting recovery...
4450290000 >> Recovery done, continuing...
4450340000 >> Requesting for the AHB bus...
4451215000 >> AHB granted, starting recovery...
4470415000 >> Recovery done, continuing...
4470465000 >> Requesting for the AHB bus...
4471340000 >> AHB granted, starting recovery...
4490540000 >> Recovery done, continuing...
4490590000 >> Requesting for the AHB bus...
4491465000 >> AHB granted, starting recovery...
4510665000 >> Recovery done, continuing...
4510715000 >> Requesting for the AHB bus...
4511590000 >> AHB granted, starting recovery...
4530790000 >> Recovery done, continuing...
4530840000 >> Requesting for the AHB bus...
4531715000 >> AHB granted, starting recovery...
4550915000 >> Recovery done, continuing...
4550965000 >> Requesting for the AHB bus...
4551840000 >> AHB granted, starting recovery...
4571040000 >> Recovery done, continuing...
4571090000 >> Requesting for the AHB bus...
4571965000 >> AHB granted, starting recovery...
4591165000 >> Recovery done, continuing...
4591215000 >> Requesting for the AHB bus...
4592090000 >> AHB granted, starting recovery...
4611290000 >> Recovery done, continuing...
4611340000 >> Requesting for the AHB bus...
4612215000 >> AHB granted, starting recovery...
4631415000 >> Recovery done, continuing...
4631465000 >> Requesting for the AHB bus...
4632340000 >> AHB granted, starting recovery...
4651540000 >> Recovery done, continuing...
4651590000 >> Requesting for the AHB bus...
4652465000 >> AHB granted, starting recovery...
4671665000 >> Recovery done, continuing...
4671715000 >> Requesting for the AHB bus...
4672590000 >> AHB granted, starting recovery...
4691790000 >> Recovery done, continuing...
4691840000 >> Requesting for the AHB bus...
4692715000 >> AHB granted, starting recovery...
4711915000 >> Recovery done, continuing...
4711965000 >> Requesting for the AHB bus...
4712840000 >> AHB granted, starting recovery...
4732040000 >> Recovery done, continuing...
4732090000 >> Requesting for the AHB bus...
4732965000 >> AHB granted, starting recovery...
4752165000 >> Recovery done, continuing...
4752215000 >> Requesting for the AHB bus...
4753090000 >> AHB granted, starting recovery...
4772290000 >> Recovery done, continuing...
4772340000 >> Requesting for the AHB bus...
4773215000 >> AHB granted, starting recovery...
4792415000 >> Recovery done, continuing...
4792465000 >> Requesting for the AHB bus...
4793340000 >> AHB granted, starting recovery...
4812540000 >> Recovery done, continuing...
4812590000 >> Requesting for the AHB bus...
4813465000 >> AHB granted, starting recovery...
4832665000 >> Recovery done, continuing...
4832715000 >> Requesting for the AHB bus...
4833590000 >> AHB granted, starting recovery...
4852790000 >> Recovery done, continuing...
4852840000 >> Requesting for the AHB bus...
4853715000 >> AHB granted, starting recovery...
4872915000 >> Recovery done, continuing...
4872965000 >> Requesting for the AHB bus...
4873840000 >> AHB granted, starting recovery...
4893040000 >> Recovery done, continuing...
4893090000 >> Requesting for the AHB bus...
4893965000 >> AHB granted, starting recovery...
4913165000 >> Recovery done, continuing...
4913215000 >> Requesting for the AHB bus...
4914090000 >> AHB granted, starting recovery...
4933290000 >> Recovery done, continuing...
4933340000 >> Requesting for the AHB bus...
4934215000 >> AHB granted, starting recovery...
4953415000 >> Recovery done, continuing...
4953465000 >> Requesting for the AHB bus...
4954340000 >> AHB granted, starting recovery...
4973540000 >> Recovery done, continuing...
4973590000 >> Requesting for the AHB bus...
4974465000 >> AHB granted, starting recovery...
4993665000 >> Recovery done, continuing...
4993715000 >> Requesting for the AHB bus...
4994590000 >> AHB granted, starting recovery...
5013790000 >> Recovery done, continuing...
5013840000 >> Requesting for the AHB bus...
5014715000 >> AHB granted, starting recovery...
5033915000 >> Recovery done, continuing...
5033965000 >> Requesting for the AHB bus...
5034840000 >> AHB granted, starting recovery...
5054040000 >> Recovery done, continuing...
5054090000 >> Requesting for the AHB bus...
5054965000 >> AHB granted, starting recovery...
5074165000 >> Recovery done, continuing...
5074215000 >> Requesting for the AHB bus...
5075090000 >> AHB granted, starting recovery...
5094290000 >> Recovery done, continuing...
5094340000 >> Requesting for the AHB bus...
5095215000 >> AHB granted, starting recovery...
5114415000 >> Recovery done, continuing...
5114465000 >> Requesting for the AHB bus...
5115340000 >> AHB granted, starting recovery...
5134540000 >> Recovery done, continuing...
5134590000 >> Requesting for the AHB bus...
5135465000 >> AHB granted, starting recovery...
5154665000 >> Recovery done, continuing...
5154715000 >> Requesting for the AHB bus...
5155590000 >> AHB granted, starting recovery...
5174790000 >> Recovery done, continuing...
5174840000 >> Requesting for the AHB bus...
5175715000 >> AHB granted, starting recovery...
5194915000 >> Recovery done, continuing...
5194965000 >> Requesting for the AHB bus...
5195840000 >> AHB granted, starting recovery...
5215040000 >> Recovery done, continuing...
5215090000 >> Requesting for the AHB bus...
5215965000 >> AHB granted, starting recovery...
5235165000 >> Recovery done, continuing...
5235215000 >> Requesting for the AHB bus...
5236090000 >> AHB granted, starting recovery...
5255290000 >> Recovery done, continuing...
5255340000 >> Requesting for the AHB bus...
5256215000 >> AHB granted, starting recovery...
5275415000 >> Recovery done, continuing...
5275465000 >> Requesting for the AHB bus...
5276340000 >> AHB granted, starting recovery...
5295540000 >> Recovery done, continuing...
5295590000 >> Requesting for the AHB bus...
5296465000 >> AHB granted, starting recovery...
5315665000 >> Recovery done, continuing...
5315715000 >> Requesting for the AHB bus...
5316590000 >> AHB granted, starting recovery...
5335790000 >> Recovery done, continuing...
5335840000 >> Requesting for the AHB bus...
5336715000 >> AHB granted, starting recovery...
5355915000 >> Recovery done, continuing...
5355965000 >> Requesting for the AHB bus...
5356840000 >> AHB granted, starting recovery...
5376040000 >> Recovery done, continuing...
5376090000 >> Requesting for the AHB bus...
5376965000 >> AHB granted, starting recovery...
5396165000 >> Recovery done, continuing...
5396215000 >> Requesting for the AHB bus...
5397090000 >> AHB granted, starting recovery...
5416290000 >> Recovery done, continuing...
5416340000 >> Requesting for the AHB bus...
5417215000 >> AHB granted, starting recovery...
5436415000 >> Recovery done, continuing...
5436465000 >> Requesting for the AHB bus...
5437340000 >> AHB granted, starting recovery...
5456540000 >> Recovery done, continuing...
5456590000 >> Requesting for the AHB bus...
5457465000 >> AHB granted, starting recovery...
5476665000 >> Recovery done, continuing...
5476715000 >> Requesting for the AHB bus...
5477590000 >> AHB granted, starting recovery...
5496790000 >> Recovery done, continuing...
5496840000 >> Requesting for the AHB bus...
5497715000 >> AHB granted, starting recovery...
5516915000 >> Recovery done, continuing...
5516965000 >> Requesting for the AHB bus...
5517840000 >> AHB granted, starting recovery...
5537040000 >> Recovery done, continuing...
5537090000 >> Requesting for the AHB bus...
5537965000 >> AHB granted, starting recovery...
5557165000 >> Recovery done, continuing...
5557215000 >> Requesting for the AHB bus...
5558090000 >> AHB granted, starting recovery...
5577290000 >> Recovery done, continuing...
5577340000 >> Requesting for the AHB bus...
5578215000 >> AHB granted, starting recovery...
5597415000 >> Recovery done, continuing...
5597465000 >> Requesting for the AHB bus...
5598340000 >> AHB granted, starting recovery...
5617540000 >> Recovery done, continuing...
5617590000 >> Requesting for the AHB bus...
5618465000 >> AHB granted, starting recovery...
5637665000 >> Recovery done, continuing...
5637715000 >> Requesting for the AHB bus...
5638590000 >> AHB granted, starting recovery...
5657790000 >> Recovery done, continuing...
5657840000 >> Requesting for the AHB bus...
5658715000 >> AHB granted, starting recovery...
5677915000 >> Recovery done, continuing...
5677965000 >> Requesting for the AHB bus...
5678840000 >> AHB granted, starting recovery...
5698040000 >> Recovery done, continuing...
5698090000 >> Requesting for the AHB bus...
5698965000 >> AHB granted, starting recovery...
5718165000 >> Recovery done, continuing...
5718215000 >> Requesting for the AHB bus...
5719090000 >> AHB granted, starting recovery...
5738290000 >> Recovery done, continuing...
5738340000 >> Requesting for the AHB bus...
5739215000 >> AHB granted, starting recovery...
5745715000 >> time limit reached...
/testbench/cpu/l3/u0/leon3x0/vhdl/p0/iu/r.w.wreg:0
/testbench/cpu/l3/u0/leon3x0/vhdl/p0/iu/r.m.irqen:1
/testbench/cpu/l3/u0/leon3x0/vhdl/p0/iu/r.m.icc:0000
/testbench/cpu/l3/u0/leon3x0/vhdl/p0/iu/r.a.ticc:0
/testbench/cpu/l3/u0/leon3x0/vhdl/p0/iu/r.a.step:0
/testbench/cpu/l3/u0/leon3x0/vhdl/p0/iu/r.m.irqen2:1
/testbench/cpu/l3/u0/leon3x0/vhdl/p0/iu/r.d.pc:01000000000000000000001101000100
/testbench/cpu/l3/u0/leon3x0/vhdl/p0/iu/r.d.rexpl:{{00000000000000000000000000000000} {00} {0} 0 0 {0000000000000000000} 0 0 0 0 0 0}
/testbench/cpu/l3/u0/leon3x0/vhdl/p0/iu/r.d.mexc:0
/testbench/cpu/l3/u0/leon3x0/vhdl/p0/iu/r.a.aw:0
/testbench/cpu/l3/u0/leon3x0/vhdl/p0/iu/r.e.ctrl:{{01000000000000000000001101000000} {11000100000001111010000001000100} {00} {10000010} {000000} 0 0 1 0 0 1 1 0 0}
/testbench/cpu/l3/u0/leon3x0/vhdl/p0/iu/r.a.divstart:0
/testbench/cpu/l3/u0/leon3x0/vhdl/p0/iu/r.e.shleft:0
/testbench/cpu/l3/u0/leon3x0/vhdl/p0/iu/r.a.bp:0
/testbench/cpu/l3/u0/leon3x0/vhdl/p0/iu/r.w.twcwp:000
/testbench/cpu/l3/u0/leon3x0/vhdl/p0/iu/r.a.jmpl:0
/testbench/cpu/l3/u0/leon3x0/vhdl/p0/iu/r.m.casa:0
/testbench/cpu/l3/u0/leon3x0/vhdl/p0/iu/r.m.werr:0
/testbench/cpu/l3/u0/leon3x0/vhdl/p0/iu/r.e.su:1
/testbench/cpu/l3/u0/leon3x0/vhdl/p0/iu/r.e.et:1
/testbench/cpu/l3/u0/leon3x0/vhdl/p0/iu/r.a.ldcheck1:1
/testbench/cpu/l3/u0/leon3x0/vhdl/p0/iu/r.d.stwin:000
/testbench/cpu/l3/u0/leon3x0/vhdl/p0/iu/r.a.ldcheck2:1
/testbench/cpu/l3/u0/leon3x0/vhdl/p0/iu/r.x.intack:0
/testbench/cpu/l3/u0/leon3x0/vhdl/p0/iu/r.m.ctrl:{{01000000000000000000001100111100} {11000010000001111011111111111000} {00} {10000001} {000000} 0 0 1 0 0 1 1 0 0}
/testbench/cpu/l3/u0/leon3x0/vhdl/p0/iu/r.a.cwp:101
/testbench/cpu/l3/u0/leon3x0/vhdl/p0/iu/r.e.sari:0
/testbench/cpu/l3/u0/leon3x0/vhdl/p0/iu/r.d.paw:0
/testbench/cpu/l3/u0/leon3x0/vhdl/p0/iu/r.d.aw:0
/testbench/cpu/l3/u0/leon3x0/vhdl/p0/iu/r.d.awp:000
/testbench/cpu/l3/u0/leon3x0/vhdl/p0/iu/r.x.ctrl:{{01000000000000000000001100111000} {11000100001010000100000000000000} {01} {10000010} {111111} 1 0 0 0 0 0 0 0 0}
/testbench/cpu/l3/u0/leon3x0/vhdl/p0/iu/r.m.rexnalign:0
/testbench/cpu/l3/u0/leon3x0/vhdl/p0/iu/r.m.su:1
/testbench/cpu/l3/u0/leon3x0/vhdl/p0/iu/r.m.wcwp:0
/testbench/cpu/l3/u0/leon3x0/vhdl/p0/iu/r.d.divrdy:0
/testbench/cpu/l3/u0/leon3x0/vhdl/p0/iu/r.e.cwp:101
/testbench/cpu/l3/u0/leon3x0/vhdl/p0/iu/r.w.except:0
/testbench/cpu/l3/u0/leon3x0/vhdl/p0/iu/r.x.nerror:0
/testbench/cpu/l3/u0/leon3x0/vhdl/p0/iu/r.a.bpimiss:0
/testbench/cpu/l3/u0/leon3x0/vhdl/p0/iu/r.a.nobp:0
/testbench/cpu/l3/u0/leon3x0/vhdl/p0/iu/r.d.rexcnt:0
/testbench/cpu/l3/u0/leon3x0/vhdl/p0/iu/r.w.s:{{101} {0000} {00000000} {01000000000000000000} {00000010} {0000} 0 0 1 1 1 {00000000000000000000000000000000} {UUUUUUUUUUUUUUUUUUUUUUUUUUUUUUUU} 1 0 0 1 1 1 0 0 {000} {000} {111}}
/testbench/cpu/l3/u0/leon3x0/vhdl/p0/iu/r.d.pv:1
/testbench/cpu/l3/u0/leon3x0/vhdl/p0/iu/r.a.ldchkra:1
/testbench/cpu/l3/u0/leon3x0/vhdl/p0/iu/r.a.rfa1:10000010
/testbench/cpu/l3/u0/leon3x0/vhdl/p0/iu/r.a.rfa2:10000001
/testbench/cpu/l3/u0/leon3x0/vhdl/p0/iu/r.a.imm:00000000000000000000000000000001
/testbench/cpu/l3/u0/leon3x0/vhdl/p0/iu/r.w.wa:10000010
/testbench/cpu/l3/u0/leon3x0/vhdl/p0/iu/r.m.casaz:0
/testbench/cpu/l3/u0/leon3x0/vhdl/p0/iu/r.x.dci:{0 0 0 0 0 0 {00} {00001011}}
/testbench/cpu/l3/u0/leon3x0/vhdl/p0/iu/r.x.mac:0
/testbench/cpu/l3/u0/leon3x0/vhdl/p0/iu/r.m.divz:0
/testbench/cpu/l3/u0/leon3x0/vhdl/p0/iu/r.d.inst:{{10000010000000001000000000000001}}
/testbench/cpu/l3/u0/leon3x0/vhdl/p0/iu/r.e.rfe1:1
/testbench/cpu/l3/u0/leon3x0/vhdl/p0/iu/r.a.wovf:0
/testbench/cpu/l3/u0/leon3x0/vhdl/p0/iu/r.e.rfe2:0
/testbench/cpu/l3/u0/leon3x0/vhdl/p0/iu/r.e.op1:01000000000011111111111010100000
/testbench/cpu/l3/u0/leon3x0/vhdl/p0/iu/r.m.nalign:0
/testbench/cpu/l3/u0/leon3x0/vhdl/p0/iu/r.e.op2:00000000000000000000000001000100
/testbench/cpu/l3/u0/leon3x0/vhdl/p0/iu/r.d.rexen:0
/testbench/cpu/l3/u0/leon3x0/vhdl/p0/iu/r.a.ctrl:{{01000000000000000000001101000100} {10000010000000001000000000000001} {00} {10000001} {000000} 0 1 0 0 0 0 0 0 0}
/testbench/cpu/l3/u0/leon3x0/vhdl/p0/iu/r.x.ipend:0
/testbench/cpu/l3/u0/leon3x0/vhdl/p0/iu/r.e.ldbp1:0
/testbench/cpu/l3/u0/leon3x0/vhdl/p0/iu/r.e.aluadd:1
/testbench/cpu/l3/u0/leon3x0/vhdl/p0/iu/r.d.set:0
/testbench/cpu/l3/u0/leon3x0/vhdl/p0/iu/r.d.inull:0
/testbench/cpu/l3/u0/leon3x0/vhdl/p0/iu/r.e.ldbp2:0
/testbench/cpu/l3/u0/leon3x0/vhdl/p0/iu/r.d.cnt:00
/testbench/cpu/l3/u0/leon3x0/vhdl/p0/iu/r.a.su:1
/testbench/cpu/l3/u0/leon3x0/vhdl/p0/iu/r.a.et:1
/testbench/cpu/l3/u0/leon3x0/vhdl/p0/iu/r.e.mul:0
/testbench/cpu/l3/u0/leon3x0/vhdl/p0/iu/r.e.alusel:00
/testbench/cpu/l3/u0/leon3x0/vhdl/p0/iu/r.e.aw:U
/testbench/cpu/l3/u0/leon3x0/vhdl/p0/iu/r.e.mac:0
/testbench/cpu/l3/u0/leon3x0/vhdl/p0/iu/r.a.decill:0
/testbench/cpu/l3/u0/leon3x0/vhdl/p0/iu/r.x.icc:0000
/testbench/cpu/l3/u0/leon3x0/vhdl/p0/iu/r.x.result:00000011000000110000001100000011
/testbench/cpu/l3/u0/leon3x0/vhdl/p0/iu/r.e.bp:0
/testbench/cpu/l3/u0/leon3x0/vhdl/p0/iu/r.a.rs1:00010
/testbench/cpu/l3/u0/leon3x0/vhdl/p0/iu/r.e.jmpl:0
/testbench/cpu/l3/u0/leon3x0/vhdl/p0/iu/r.a.rsel1:001
/testbench/cpu/l3/u0/leon3x0/vhdl/p0/iu/r.x.y:00000000000000000000000000000000
/testbench/cpu/l3/u0/leon3x0/vhdl/p0/iu/r.a.rsel2:010
/testbench/cpu/l3/u0/leon3x0/vhdl/p0/iu/r.a.awp:000
/testbench/cpu/l3/u0/leon3x0/vhdl/p0/iu/r.a.paw:0
/testbench/cpu/l3/u0/leon3x0/vhdl/p0/iu/r.x.data:{{00000000000000000000000000000011}}
/testbench/cpu/l3/u0/leon3x0/vhdl/p0/iu/r.m.mul:0
/testbench/cpu/l3/u0/leon3x0/vhdl/p0/iu/r.e.rd:UUUUU
/testbench/cpu/l3/u0/leon3x0/vhdl/p0/iu/r.e.invop2:0
/testbench/cpu/l3/u0/leon3x0/vhdl/p0/iu/r.m.wawp:0
/testbench/cpu/l3/u0/leon3x0/vhdl/p0/iu/r.d.cwpmax:111
/testbench/cpu/l3/u0/leon3x0/vhdl/p0/iu/r.f.branch:0
/testbench/cpu/l3/u0/leon3x0/vhdl/p0/iu/r.d.pcheld:1
/testbench/cpu/l3/u0/leon3x0/vhdl/p0/iu/r.m.dci:{0 0 1 0 0 0 {10} {00001011}}
/testbench/cpu/l3/u0/leon3x0/vhdl/p0/iu/r.e.paw:U
/testbench/cpu/l3/u0/leon3x0/vhdl/p0/iu/r.e.awp:UUU
/testbench/cpu/l3/u0/leon3x0/vhdl/p0/iu/r.e.shcnt:00100
/testbench/cpu/l3/u0/leon3x0/vhdl/p0/iu/r.w.result:01000000000000000001111001001100
/testbench/cpu/l3/u0/leon3x0/vhdl/p0/iu/r.m.mac:0
/testbench/cpu/l3/u0/leon3x0/vhdl/p0/iu/r.m.y:00000000000000000000000000000000
/testbench/cpu/l3/u0/leon3x0/vhdl/p0/iu/r.d.cwp:101
/testbench/cpu/l3/u0/leon3x0/vhdl/p0/iu/r.x.laddr:11
/testbench/cpu/l3/u0/leon3x0/vhdl/p0/iu/r.e.mulstep:0
/testbench/cpu/l3/u0/leon3x0/vhdl/p0/iu/r.e.ymsb:0
/testbench/cpu/l3/u0/leon3x0/vhdl/p0/iu/r.d.rexbuf:00000000000000000000000000000000
/testbench/cpu/l3/u0/leon3x0/vhdl/p0/iu/r.x.npc:100
/testbench/cpu/l3/u0/leon3x0/vhdl/p0/iu/r.f.pc:01000000000000000000001101001000
/testbench/cpu/l3/u0/leon3x0/vhdl/p0/iu/r.d.annul:0
/testbench/cpu/l3/u0/leon3x0/vhdl/p0/iu/r.x.rstate:run
/testbench/cpu/l3/u0/leon3x0/vhdl/p0/iu/r.x.set:0
/testbench/cpu/l3/u0/leon3x0/vhdl/p0/iu/r.m.result:01000000000011111111111010011000
/testbench/cpu/l3/u0/leon3x0/vhdl/p0/iu/r.e.icc:UUUU
/testbench/cpu/l3/u0/leon3x0/vhdl/p0/iu/r.a.getpc:0
/testbench/cpu/l3/u0/leon3x0/vhdl/p0/iu/r.a.ldchkex:1
/testbench/cpu/l3/u0/leon3x0/vhdl/p0/iu/r.x.mexc:0
/testbench/cpu/l3/u0/leon3x0/vhdl/p0/iu/r.a.mulstart:0
/testbench/cpu/l3/u0/leon3x0/vhdl/p0/iu/r.d.rexpos:10
/testbench/cpu/l3/u0/leon3x0/vhdl/p0/iu/r.x.annul_all:0
/testbench/cpu/l3/u0/leon3x0/vhdl/p0/iu/r.e.aluop:000
/testbench/cpu/l3/u0/leon3x0/vhdl/p0/iu/r.x.debug:0
/testbench/cpu/l3/u0/leon3x0/vhdl/p0/iu/r.a.rfe1:0
/testbench/cpu/l3/u0/leon3x0/vhdl/p0/iu/r.d.step:0
/testbench/cpu/l3/u0/leon3x0/vhdl/p0/iu/r.a.rfe2:0
/testbench/cpu/l3/u0/leon3x0/vhdl/p0/iu/r.e.alucin:0
/testbench/cpu/l3/u0/leon3x0/vhdl/p0/iu/r.a.wunf:0
======================================
progstatus: -2
execerr: 191
latent: 1
time limit!
>>>>>>>>>>>>>>> 5745715000
======================================
