Test signal = /testbench/cpu/l3/u0/leon3x0/vhdl/p0/iu/r.a.jmpl
oldval = 0
pos1: -1 pos0: 0 posU: -1
newval = 1
Signal value: 0
oldval = 0
pos1: -1 pos0: 0 posU: -1
newval = 1
force in 548823
586290000 >> iteration no: 0
1131590000 >> Requesting for the AHB bus...
1132390000 >> AHB granted, starting recovery...
1151590000 >> Recovery done, continuing...
1151940000 >> Requesting for the AHB bus...
1152740000 >> AHB granted, starting recovery...
1171940000 >> Recovery done, continuing...
1172290000 >> Requesting for the AHB bus...
1173090000 >> AHB granted, starting recovery...
1192290000 >> Recovery done, continuing...
1192640000 >> Requesting for the AHB bus...
1193440000 >> AHB granted, starting recovery...
1212640000 >> Recovery done, continuing...
1212990000 >> Requesting for the AHB bus...
1213790000 >> AHB granted, starting recovery...
1232990000 >> Recovery done, continuing...
1233340000 >> Requesting for the AHB bus...
1234140000 >> AHB granted, starting recovery...
1253340000 >> Recovery done, continuing...
1253690000 >> Requesting for the AHB bus...
1254490000 >> AHB granted, starting recovery...
1273690000 >> Recovery done, continuing...
1274040000 >> Requesting for the AHB bus...
1275015000 >> AHB granted, starting recovery...
1294215000 >> Recovery done, continuing...
1294565000 >> Requesting for the AHB bus...
1295365000 >> AHB granted, starting recovery...
1314565000 >> Recovery done, continuing...
1314915000 >> Requesting for the AHB bus...
1315715000 >> AHB granted, starting recovery...
1334915000 >> Recovery done, continuing...
1335265000 >> Requesting for the AHB bus...
1336065000 >> AHB granted, starting recovery...
1355265000 >> Recovery done, continuing...
1355615000 >> Requesting for the AHB bus...
1356415000 >> AHB granted, starting recovery...
1375615000 >> Recovery done, continuing...
1375965000 >> Requesting for the AHB bus...
1376765000 >> AHB granted, starting recovery...
1395965000 >> Recovery done, continuing...
1396315000 >> Requesting for the AHB bus...
1397115000 >> AHB granted, starting recovery...
1416315000 >> Recovery done, continuing...
1416665000 >> Requesting for the AHB bus...
1417465000 >> AHB granted, starting recovery...
1436665000 >> Recovery done, continuing...
1437015000 >> Requesting for the AHB bus...
1437815000 >> AHB granted, starting recovery...
1457015000 >> Recovery done, continuing...
1457365000 >> Requesting for the AHB bus...
1458165000 >> AHB granted, starting recovery...
1477365000 >> Recovery done, continuing...
1477715000 >> Requesting for the AHB bus...
1478515000 >> AHB granted, starting recovery...
1497715000 >> Recovery done, continuing...
1498065000 >> Requesting for the AHB bus...
1499040000 >> AHB granted, starting recovery...
1518240000 >> Recovery done, continuing...
1518590000 >> Requesting for the AHB bus...
1519390000 >> AHB granted, starting recovery...
1538590000 >> Recovery done, continuing...
1538940000 >> Requesting for the AHB bus...
1539740000 >> AHB granted, starting recovery...
1558940000 >> Recovery done, continuing...
1559290000 >> Requesting for the AHB bus...
1560090000 >> AHB granted, starting recovery...
1579290000 >> Recovery done, continuing...
1579640000 >> Requesting for the AHB bus...
1580440000 >> AHB granted, starting recovery...
1599640000 >> Recovery done, continuing...
1599990000 >> Requesting for the AHB bus...
1600790000 >> AHB granted, starting recovery...
1619990000 >> Recovery done, continuing...
1620340000 >> Requesting for the AHB bus...
1621140000 >> AHB granted, starting recovery...
1640340000 >> Recovery done, continuing...
1640690000 >> Requesting for the AHB bus...
1641490000 >> AHB granted, starting recovery...
1660690000 >> Recovery done, continuing...
1661040000 >> Requesting for the AHB bus...
1661840000 >> AHB granted, starting recovery...
1681040000 >> Recovery done, continuing...
1681390000 >> Requesting for the AHB bus...
1682190000 >> AHB granted, starting recovery...
1701390000 >> Recovery done, continuing...
1701740000 >> Requesting for the AHB bus...
1702540000 >> AHB granted, starting recovery...
1721740000 >> Recovery done, continuing...
1722090000 >> Requesting for the AHB bus...
1723065000 >> AHB granted, starting recovery...
1742265000 >> Recovery done, continuing...
1742615000 >> Requesting for the AHB bus...
1743415000 >> AHB granted, starting recovery...
1762615000 >> Recovery done, continuing...
1762965000 >> Requesting for the AHB bus...
1763765000 >> AHB granted, starting recovery...
1782965000 >> Recovery done, continuing...
1783315000 >> Requesting for the AHB bus...
1784115000 >> AHB granted, starting recovery...
1803315000 >> Recovery done, continuing...
1803665000 >> Requesting for the AHB bus...
1804465000 >> AHB granted, starting recovery...
1823665000 >> Recovery done, continuing...
1824015000 >> Requesting for the AHB bus...
1824815000 >> AHB granted, starting recovery...
1844015000 >> Recovery done, continuing...
1844365000 >> Requesting for the AHB bus...
1845165000 >> AHB granted, starting recovery...
1864365000 >> Recovery done, continuing...
1864715000 >> Requesting for the AHB bus...
1865515000 >> AHB granted, starting recovery...
1884715000 >> Recovery done, continuing...
1885065000 >> Requesting for the AHB bus...
1885865000 >> AHB granted, starting recovery...
1905065000 >> Recovery done, continuing...
1905415000 >> Requesting for the AHB bus...
1906215000 >> AHB granted, starting recovery...
1925415000 >> Recovery done, continuing...
1925765000 >> Requesting for the AHB bus...
1926565000 >> AHB granted, starting recovery...
1945765000 >> Recovery done, continuing...
1946115000 >> Requesting for the AHB bus...
1947090000 >> AHB granted, starting recovery...
1966290000 >> Recovery done, continuing...
1966640000 >> Requesting for the AHB bus...
1967440000 >> AHB granted, starting recovery...
1986640000 >> Recovery done, continuing...
1986990000 >> Requesting for the AHB bus...
1987790000 >> AHB granted, starting recovery...
2006990000 >> Recovery done, continuing...
2007340000 >> Requesting for the AHB bus...
2008140000 >> AHB granted, starting recovery...
2027340000 >> Recovery done, continuing...
2027690000 >> Requesting for the AHB bus...
2028490000 >> AHB granted, starting recovery...
2047690000 >> Recovery done, continuing...
2048040000 >> Requesting for the AHB bus...
2048840000 >> AHB granted, starting recovery...
2068040000 >> Recovery done, continuing...
2068390000 >> Requesting for the AHB bus...
2069190000 >> AHB granted, starting recovery...
2088390000 >> Recovery done, continuing...
2088740000 >> Requesting for the AHB bus...
2089540000 >> AHB granted, starting recovery...
2108740000 >> Recovery done, continuing...
2109090000 >> Requesting for the AHB bus...
2109890000 >> AHB granted, starting recovery...
2129090000 >> Recovery done, continuing...
2129440000 >> Requesting for the AHB bus...
2130240000 >> AHB granted, starting recovery...
2149440000 >> Recovery done, continuing...
2149790000 >> Requesting for the AHB bus...
2150590000 >> AHB granted, starting recovery...
2169790000 >> Recovery done, continuing...
2170140000 >> Requesting for the AHB bus...
2171115000 >> AHB granted, starting recovery...
2190315000 >> Recovery done, continuing...
2190665000 >> Requesting for the AHB bus...
2191465000 >> AHB granted, starting recovery...
2210665000 >> Recovery done, continuing...
2211015000 >> Requesting for the AHB bus...
2211815000 >> AHB granted, starting recovery...
2231015000 >> Recovery done, continuing...
2231365000 >> Requesting for the AHB bus...
2232165000 >> AHB granted, starting recovery...
2251365000 >> Recovery done, continuing...
2251715000 >> Requesting for the AHB bus...
2252515000 >> AHB granted, starting recovery...
2271715000 >> Recovery done, continuing...
2272065000 >> Requesting for the AHB bus...
2272865000 >> AHB granted, starting recovery...
2292065000 >> Recovery done, continuing...
2292415000 >> Requesting for the AHB bus...
2293215000 >> AHB granted, starting recovery...
2312415000 >> Recovery done, continuing...
2312765000 >> Requesting for the AHB bus...
2313565000 >> AHB granted, starting recovery...
2332765000 >> Recovery done, continuing...
2333115000 >> Requesting for the AHB bus...
2333915000 >> AHB granted, starting recovery...
2353115000 >> Recovery done, continuing...
2353465000 >> Requesting for the AHB bus...
2354265000 >> AHB granted, starting recovery...
2373465000 >> Recovery done, continuing...
2373815000 >> Requesting for the AHB bus...
2374615000 >> AHB granted, starting recovery...
2393815000 >> Recovery done, continuing...
2394165000 >> Requesting for the AHB bus...
2395140000 >> AHB granted, starting recovery...
2414340000 >> Recovery done, continuing...
2414690000 >> Requesting for the AHB bus...
2415490000 >> AHB granted, starting recovery...
2434690000 >> Recovery done, continuing...
2435040000 >> Requesting for the AHB bus...
2435840000 >> AHB granted, starting recovery...
2455040000 >> Recovery done, continuing...
2455390000 >> Requesting for the AHB bus...
2456190000 >> AHB granted, starting recovery...
2475390000 >> Recovery done, continuing...
2475740000 >> Requesting for the AHB bus...
2476540000 >> AHB granted, starting recovery...
2495740000 >> Recovery done, continuing...
2496090000 >> Requesting for the AHB bus...
2496890000 >> AHB granted, starting recovery...
2516090000 >> Recovery done, continuing...
2516440000 >> Requesting for the AHB bus...
2517240000 >> AHB granted, starting recovery...
2536440000 >> Recovery done, continuing...
2536790000 >> Requesting for the AHB bus...
2537590000 >> AHB granted, starting recovery...
2556790000 >> Recovery done, continuing...
2557140000 >> Requesting for the AHB bus...
2557940000 >> AHB granted, starting recovery...
2577140000 >> Recovery done, continuing...
2577490000 >> Requesting for the AHB bus...
2578290000 >> AHB granted, starting recovery...
2597490000 >> Recovery done, continuing...
2597840000 >> Requesting for the AHB bus...
2598640000 >> AHB granted, starting recovery...
2617840000 >> Recovery done, continuing...
2618190000 >> Requesting for the AHB bus...
2619165000 >> AHB granted, starting recovery...
2638365000 >> Recovery done, continuing...
2638715000 >> Requesting for the AHB bus...
2639515000 >> AHB granted, starting recovery...
2658715000 >> Recovery done, continuing...
2659065000 >> Requesting for the AHB bus...
2659865000 >> AHB granted, starting recovery...
2679065000 >> Recovery done, continuing...
2679415000 >> Requesting for the AHB bus...
2680215000 >> AHB granted, starting recovery...
2699415000 >> Recovery done, continuing...
2699765000 >> Requesting for the AHB bus...
2700565000 >> AHB granted, starting recovery...
2719765000 >> Recovery done, continuing...
2720115000 >> Requesting for the AHB bus...
2720915000 >> AHB granted, starting recovery...
2740115000 >> Recovery done, continuing...
2740465000 >> Requesting for the AHB bus...
2741265000 >> AHB granted, starting recovery...
2760465000 >> Recovery done, continuing...
2760815000 >> Requesting for the AHB bus...
2761615000 >> AHB granted, starting recovery...
2780815000 >> Recovery done, continuing...
2781165000 >> Requesting for the AHB bus...
2781965000 >> AHB granted, starting recovery...
2801165000 >> Recovery done, continuing...
2801515000 >> Requesting for the AHB bus...
2802315000 >> AHB granted, starting recovery...
2821515000 >> Recovery done, continuing...
2821865000 >> Requesting for the AHB bus...
2822665000 >> AHB granted, starting recovery...
2841865000 >> Recovery done, continuing...
2842390000 >> Requesting for the AHB bus...
2843190000 >> AHB granted, starting recovery...
2862390000 >> Recovery done, continuing...
2862740000 >> Requesting for the AHB bus...
2863540000 >> AHB granted, starting recovery...
2882740000 >> Recovery done, continuing...
2883090000 >> Requesting for the AHB bus...
2883890000 >> AHB granted, starting recovery...
2903090000 >> Recovery done, continuing...
2903440000 >> Requesting for the AHB bus...
2904240000 >> AHB granted, starting recovery...
2923440000 >> Recovery done, continuing...
2923790000 >> Requesting for the AHB bus...
2924590000 >> AHB granted, starting recovery...
2943790000 >> Recovery done, continuing...
2944140000 >> Requesting for the AHB bus...
2944940000 >> AHB granted, starting recovery...
2964140000 >> Recovery done, continuing...
2964490000 >> Requesting for the AHB bus...
2965290000 >> AHB granted, starting recovery...
2984490000 >> Recovery done, continuing...
2984840000 >> Requesting for the AHB bus...
2985640000 >> AHB granted, starting recovery...
3004840000 >> Recovery done, continuing...
3005190000 >> Requesting for the AHB bus...
3005990000 >> AHB granted, starting recovery...
3025190000 >> Recovery done, continuing...
3025540000 >> Requesting for the AHB bus...
3026340000 >> AHB granted, starting recovery...
3045540000 >> Recovery done, continuing...
3045890000 >> Requesting for the AHB bus...
3046690000 >> AHB granted, starting recovery...
3065890000 >> Recovery done, continuing...
3066390000 >> Requesting for the AHB bus...
3067190000 >> AHB granted, starting recovery...
3086390000 >> Recovery done, continuing...
3086740000 >> Requesting for the AHB bus...
3087540000 >> AHB granted, starting recovery...
3106740000 >> Recovery done, continuing...
3107090000 >> Requesting for the AHB bus...
3107890000 >> AHB granted, starting recovery...
3127090000 >> Recovery done, continuing...
3127440000 >> Requesting for the AHB bus...
3128240000 >> AHB granted, starting recovery...
3147440000 >> Recovery done, continuing...
3147790000 >> Requesting for the AHB bus...
3148590000 >> AHB granted, starting recovery...
3167790000 >> Recovery done, continuing...
3168140000 >> Requesting for the AHB bus...
3168940000 >> AHB granted, starting recovery...
3188140000 >> Recovery done, continuing...
3188490000 >> Requesting for the AHB bus...
3189290000 >> AHB granted, starting recovery...
3208490000 >> Recovery done, continuing...
3208840000 >> Requesting for the AHB bus...
3209640000 >> AHB granted, starting recovery...
3228840000 >> Recovery done, continuing...
3229190000 >> Requesting for the AHB bus...
3229990000 >> AHB granted, starting recovery...
3249190000 >> Recovery done, continuing...
3249540000 >> Requesting for the AHB bus...
3250340000 >> AHB granted, starting recovery...
3269540000 >> Recovery done, continuing...
3269890000 >> Requesting for the AHB bus...
3270690000 >> AHB granted, starting recovery...
3289890000 >> Recovery done, continuing...
3290390000 >> Requesting for the AHB bus...
3291190000 >> AHB granted, starting recovery...
3310390000 >> Recovery done, continuing...
3310740000 >> Requesting for the AHB bus...
3311540000 >> AHB granted, starting recovery...
3330740000 >> Recovery done, continuing...
3331090000 >> Requesting for the AHB bus...
3331890000 >> AHB granted, starting recovery...
3351090000 >> Recovery done, continuing...
3351440000 >> Requesting for the AHB bus...
3352240000 >> AHB granted, starting recovery...
3371440000 >> Recovery done, continuing...
3371790000 >> Requesting for the AHB bus...
3372590000 >> AHB granted, starting recovery...
3391790000 >> Recovery done, continuing...
3392140000 >> Requesting for the AHB bus...
3392940000 >> AHB granted, starting recovery...
3412140000 >> Recovery done, continuing...
3412490000 >> Requesting for the AHB bus...
3413290000 >> AHB granted, starting recovery...
3432490000 >> Recovery done, continuing...
3432840000 >> Requesting for the AHB bus...
3433640000 >> AHB granted, starting recovery...
3452840000 >> Recovery done, continuing...
3453190000 >> Requesting for the AHB bus...
3453990000 >> AHB granted, starting recovery...
3473190000 >> Recovery done, continuing...
3473540000 >> Requesting for the AHB bus...
3474340000 >> AHB granted, starting recovery...
3493540000 >> Recovery done, continuing...
3493890000 >> Requesting for the AHB bus...
3494690000 >> AHB granted, starting recovery...
3513890000 >> Recovery done, continuing...
3514390000 >> Requesting for the AHB bus...
3515190000 >> AHB granted, starting recovery...
3534390000 >> Recovery done, continuing...
3534740000 >> Requesting for the AHB bus...
3535540000 >> AHB granted, starting recovery...
3554740000 >> Recovery done, continuing...
3555090000 >> Requesting for the AHB bus...
3555890000 >> AHB granted, starting recovery...
3575090000 >> Recovery done, continuing...
3575440000 >> Requesting for the AHB bus...
3576240000 >> AHB granted, starting recovery...
3595440000 >> Recovery done, continuing...
3595790000 >> Requesting for the AHB bus...
3596590000 >> AHB granted, starting recovery...
3615790000 >> Recovery done, continuing...
3616140000 >> Requesting for the AHB bus...
3616940000 >> AHB granted, starting recovery...
3636140000 >> Recovery done, continuing...
3636490000 >> Requesting for the AHB bus...
3637290000 >> AHB granted, starting recovery...
3656490000 >> Recovery done, continuing...
3656840000 >> Requesting for the AHB bus...
3657640000 >> AHB granted, starting recovery...
3676840000 >> Recovery done, continuing...
3677190000 >> Requesting for the AHB bus...
3677990000 >> AHB granted, starting recovery...
3697190000 >> Recovery done, continuing...
3697540000 >> Requesting for the AHB bus...
3698340000 >> AHB granted, starting recovery...
3717540000 >> Recovery done, continuing...
3717890000 >> Requesting for the AHB bus...
3718690000 >> AHB granted, starting recovery...
3737890000 >> Recovery done, continuing...
3738390000 >> Requesting for the AHB bus...
3739190000 >> AHB granted, starting recovery...
3758390000 >> Recovery done, continuing...
3758740000 >> Requesting for the AHB bus...
3759540000 >> AHB granted, starting recovery...
3778740000 >> Recovery done, continuing...
3779090000 >> Requesting for the AHB bus...
3779890000 >> AHB granted, starting recovery...
3799090000 >> Recovery done, continuing...
3799440000 >> Requesting for the AHB bus...
3800240000 >> AHB granted, starting recovery...
3819440000 >> Recovery done, continuing...
3819790000 >> Requesting for the AHB bus...
3820590000 >> AHB granted, starting recovery...
3839790000 >> Recovery done, continuing...
3840140000 >> Requesting for the AHB bus...
3840940000 >> AHB granted, starting recovery...
3860140000 >> Recovery done, continuing...
3860490000 >> Requesting for the AHB bus...
3861290000 >> AHB granted, starting recovery...
3880490000 >> Recovery done, continuing...
3880840000 >> Requesting for the AHB bus...
3881640000 >> AHB granted, starting recovery...
3900840000 >> Recovery done, continuing...
3901190000 >> Requesting for the AHB bus...
3901990000 >> AHB granted, starting recovery...
3921190000 >> Recovery done, continuing...
3921540000 >> Requesting for the AHB bus...
3922340000 >> AHB granted, starting recovery...
3941540000 >> Recovery done, continuing...
3941890000 >> Requesting for the AHB bus...
3942690000 >> AHB granted, starting recovery...
3961890000 >> Recovery done, continuing...
3962390000 >> Requesting for the AHB bus...
3963190000 >> AHB granted, starting recovery...
3982390000 >> Recovery done, continuing...
3982740000 >> Requesting for the AHB bus...
3983540000 >> AHB granted, starting recovery...
4002740000 >> Recovery done, continuing...
4003090000 >> Requesting for the AHB bus...
4003890000 >> AHB granted, starting recovery...
4023090000 >> Recovery done, continuing...
4023440000 >> Requesting for the AHB bus...
4024240000 >> AHB granted, starting recovery...
4043440000 >> Recovery done, continuing...
4043790000 >> Requesting for the AHB bus...
4044590000 >> AHB granted, starting recovery...
4063790000 >> Recovery done, continuing...
4064140000 >> Requesting for the AHB bus...
4064940000 >> AHB granted, starting recovery...
4084140000 >> Recovery done, continuing...
4084490000 >> Requesting for the AHB bus...
4085290000 >> AHB granted, starting recovery...
4104490000 >> Recovery done, continuing...
4104840000 >> Requesting for the AHB bus...
4105640000 >> AHB granted, starting recovery...
4124840000 >> Recovery done, continuing...
4125190000 >> Requesting for the AHB bus...
4125990000 >> AHB granted, starting recovery...
4145190000 >> Recovery done, continuing...
4145540000 >> Requesting for the AHB bus...
4146340000 >> AHB granted, starting recovery...
4165540000 >> Recovery done, continuing...
4165890000 >> Requesting for the AHB bus...
4166690000 >> AHB granted, starting recovery...
4185890000 >> Recovery done, continuing...
4186390000 >> Requesting for the AHB bus...
4187190000 >> AHB granted, starting recovery...
4206390000 >> Recovery done, continuing...
4206740000 >> Requesting for the AHB bus...
4207540000 >> AHB granted, starting recovery...
4226740000 >> Recovery done, continuing...
4227090000 >> Requesting for the AHB bus...
4227890000 >> AHB granted, starting recovery...
4247090000 >> Recovery done, continuing...
4247440000 >> Requesting for the AHB bus...
4248240000 >> AHB granted, starting recovery...
4267440000 >> Recovery done, continuing...
4267790000 >> Requesting for the AHB bus...
4268590000 >> AHB granted, starting recovery...
4287790000 >> Recovery done, continuing...
4288140000 >> Requesting for the AHB bus...
4288940000 >> AHB granted, starting recovery...
4308140000 >> Recovery done, continuing...
4308490000 >> Requesting for the AHB bus...
4309290000 >> AHB granted, starting recovery...
4328490000 >> Recovery done, continuing...
4328840000 >> Requesting for the AHB bus...
4329640000 >> AHB granted, starting recovery...
4348840000 >> Recovery done, continuing...
4349190000 >> Requesting for the AHB bus...
4349990000 >> AHB granted, starting recovery...
4369190000 >> Recovery done, continuing...
4369540000 >> Requesting for the AHB bus...
4370340000 >> AHB granted, starting recovery...
4389540000 >> Recovery done, continuing...
4389890000 >> Requesting for the AHB bus...
4390690000 >> AHB granted, starting recovery...
4409890000 >> Recovery done, continuing...
4410390000 >> Requesting for the AHB bus...
4411190000 >> AHB granted, starting recovery...
4430390000 >> Recovery done, continuing...
4430740000 >> Requesting for the AHB bus...
4431540000 >> AHB granted, starting recovery...
4450740000 >> Recovery done, continuing...
4451090000 >> Requesting for the AHB bus...
4451890000 >> AHB granted, starting recovery...
4471090000 >> Recovery done, continuing...
4471440000 >> Requesting for the AHB bus...
4472240000 >> AHB granted, starting recovery...
4491440000 >> Recovery done, continuing...
4491790000 >> Requesting for the AHB bus...
4492590000 >> AHB granted, starting recovery...
4511790000 >> Recovery done, continuing...
4512140000 >> Requesting for the AHB bus...
4512940000 >> AHB granted, starting recovery...
4532140000 >> Recovery done, continuing...
4532490000 >> Requesting for the AHB bus...
4533290000 >> AHB granted, starting recovery...
4552490000 >> Recovery done, continuing...
4552840000 >> Requesting for the AHB bus...
4553640000 >> AHB granted, starting recovery...
4572840000 >> Recovery done, continuing...
4573190000 >> Requesting for the AHB bus...
4573990000 >> AHB granted, starting recovery...
4593190000 >> Recovery done, continuing...
4593540000 >> Requesting for the AHB bus...
4594340000 >> AHB granted, starting recovery...
4613540000 >> Recovery done, continuing...
4613890000 >> Requesting for the AHB bus...
4614690000 >> AHB granted, starting recovery...
4633890000 >> Recovery done, continuing...
4634390000 >> Requesting for the AHB bus...
4635190000 >> AHB granted, starting recovery...
4654390000 >> Recovery done, continuing...
4654740000 >> Requesting for the AHB bus...
4655540000 >> AHB granted, starting recovery...
4674740000 >> Recovery done, continuing...
4675090000 >> Requesting for the AHB bus...
4675890000 >> AHB granted, starting recovery...
4695090000 >> Recovery done, continuing...
4695440000 >> Requesting for the AHB bus...
4696240000 >> AHB granted, starting recovery...
4715440000 >> Recovery done, continuing...
4715790000 >> Requesting for the AHB bus...
4716590000 >> AHB granted, starting recovery...
4735790000 >> Recovery done, continuing...
4736140000 >> Requesting for the AHB bus...
4736940000 >> AHB granted, starting recovery...
4756140000 >> Recovery done, continuing...
4756490000 >> Requesting for the AHB bus...
4757290000 >> AHB granted, starting recovery...
4776490000 >> Recovery done, continuing...
4776840000 >> Requesting for the AHB bus...
4777640000 >> AHB granted, starting recovery...
4796840000 >> Recovery done, continuing...
4797190000 >> Requesting for the AHB bus...
4797990000 >> AHB granted, starting recovery...
4817190000 >> Recovery done, continuing...
4817540000 >> Requesting for the AHB bus...
4818340000 >> AHB granted, starting recovery...
4837540000 >> Recovery done, continuing...
4837890000 >> Requesting for the AHB bus...
4838690000 >> AHB granted, starting recovery...
4857890000 >> Recovery done, continuing...
4858390000 >> Requesting for the AHB bus...
4859190000 >> AHB granted, starting recovery...
4878390000 >> Recovery done, continuing...
4878740000 >> Requesting for the AHB bus...
4879540000 >> AHB granted, starting recovery...
4898740000 >> Recovery done, continuing...
4899090000 >> Requesting for the AHB bus...
4899890000 >> AHB granted, starting recovery...
4919090000 >> Recovery done, continuing...
4919440000 >> Requesting for the AHB bus...
4920240000 >> AHB granted, starting recovery...
4939440000 >> Recovery done, continuing...
4939790000 >> Requesting for the AHB bus...
4940590000 >> AHB granted, starting recovery...
4959790000 >> Recovery done, continuing...
4960140000 >> Requesting for the AHB bus...
4960940000 >> AHB granted, starting recovery...
4980140000 >> Recovery done, continuing...
4980490000 >> Requesting for the AHB bus...
4981290000 >> AHB granted, starting recovery...
5000490000 >> Recovery done, continuing...
5000840000 >> Requesting for the AHB bus...
5001640000 >> AHB granted, starting recovery...
5020840000 >> Recovery done, continuing...
5021190000 >> Requesting for the AHB bus...
5021990000 >> AHB granted, starting recovery...
5041190000 >> Recovery done, continuing...
5041540000 >> Requesting for the AHB bus...
5042340000 >> AHB granted, starting recovery...
5061540000 >> Recovery done, continuing...
5061890000 >> Requesting for the AHB bus...
5062690000 >> AHB granted, starting recovery...
5081890000 >> Recovery done, continuing...
5082390000 >> Requesting for the AHB bus...
5083190000 >> AHB granted, starting recovery...
5102390000 >> Recovery done, continuing...
5102740000 >> Requesting for the AHB bus...
5103540000 >> AHB granted, starting recovery...
5122740000 >> Recovery done, continuing...
5123090000 >> Requesting for the AHB bus...
5123890000 >> AHB granted, starting recovery...
5143090000 >> Recovery done, continuing...
5143440000 >> Requesting for the AHB bus...
5144240000 >> AHB granted, starting recovery...
5163440000 >> Recovery done, continuing...
5163790000 >> Requesting for the AHB bus...
5164590000 >> AHB granted, starting recovery...
5183790000 >> Recovery done, continuing...
5184140000 >> Requesting for the AHB bus...
5184940000 >> AHB granted, starting recovery...
5204140000 >> Recovery done, continuing...
5204490000 >> Requesting for the AHB bus...
5205290000 >> AHB granted, starting recovery...
5224490000 >> Recovery done, continuing...
5224840000 >> Requesting for the AHB bus...
5225640000 >> AHB granted, starting recovery...
5244840000 >> Recovery done, continuing...
5245190000 >> Requesting for the AHB bus...
5245990000 >> AHB granted, starting recovery...
5265190000 >> Recovery done, continuing...
5265540000 >> Requesting for the AHB bus...
5266340000 >> AHB granted, starting recovery...
5285540000 >> Recovery done, continuing...
5285890000 >> Requesting for the AHB bus...
5286690000 >> AHB granted, starting recovery...
5305890000 >> Recovery done, continuing...
5306390000 >> Requesting for the AHB bus...
5307190000 >> AHB granted, starting recovery...
5326390000 >> Recovery done, continuing...
5326740000 >> Requesting for the AHB bus...
5327540000 >> AHB granted, starting recovery...
5346740000 >> Recovery done, continuing...
5347090000 >> Requesting for the AHB bus...
5347890000 >> AHB granted, starting recovery...
5367090000 >> Recovery done, continuing...
5367440000 >> Requesting for the AHB bus...
5368240000 >> AHB granted, starting recovery...
5387440000 >> Recovery done, continuing...
5387790000 >> Requesting for the AHB bus...
5388590000 >> AHB granted, starting recovery...
5407790000 >> Recovery done, continuing...
5408140000 >> Requesting for the AHB bus...
5408940000 >> AHB granted, starting recovery...
5428140000 >> Recovery done, continuing...
5428490000 >> Requesting for the AHB bus...
5429290000 >> AHB granted, starting recovery...
5448490000 >> Recovery done, continuing...
5448840000 >> Requesting for the AHB bus...
5449640000 >> AHB granted, starting recovery...
5468840000 >> Recovery done, continuing...
5469190000 >> Requesting for the AHB bus...
5469990000 >> AHB granted, starting recovery...
5489190000 >> Recovery done, continuing...
5489540000 >> Requesting for the AHB bus...
5490340000 >> AHB granted, starting recovery...
5509540000 >> Recovery done, continuing...
5509890000 >> Requesting for the AHB bus...
5510690000 >> AHB granted, starting recovery...
5529890000 >> Recovery done, continuing...
5530390000 >> Requesting for the AHB bus...
5531190000 >> AHB granted, starting recovery...
5550390000 >> Recovery done, continuing...
5550740000 >> Requesting for the AHB bus...
5551540000 >> AHB granted, starting recovery...
5570740000 >> Recovery done, continuing...
5571090000 >> Requesting for the AHB bus...
5571890000 >> AHB granted, starting recovery...
5591090000 >> Recovery done, continuing...
5591440000 >> Requesting for the AHB bus...
5592240000 >> AHB granted, starting recovery...
5611440000 >> Recovery done, continuing...
5611790000 >> Requesting for the AHB bus...
5612590000 >> AHB granted, starting recovery...
5631790000 >> Recovery done, continuing...
5632140000 >> Requesting for the AHB bus...
5632940000 >> AHB granted, starting recovery...
5652140000 >> Recovery done, continuing...
5652490000 >> Requesting for the AHB bus...
5653290000 >> AHB granted, starting recovery...
5672490000 >> Recovery done, continuing...
5672840000 >> Requesting for the AHB bus...
5673640000 >> AHB granted, starting recovery...
5692840000 >> Recovery done, continuing...
5693190000 >> Requesting for the AHB bus...
5693990000 >> AHB granted, starting recovery...
5713190000 >> Recovery done, continuing...
5713540000 >> Requesting for the AHB bus...
5714340000 >> AHB granted, starting recovery...
5733540000 >> Recovery done, continuing...
5733890000 >> Requesting for the AHB bus...
5734690000 >> AHB granted, starting recovery...
5745715000 >> time limit reached...
/testbench/cpu/l3/u0/leon3x0/vhdl/p0/iu/r.w.wreg:0
/testbench/cpu/l3/u0/leon3x0/vhdl/p0/iu/r.m.irqen:1
/testbench/cpu/l3/u0/leon3x0/vhdl/p0/iu/r.m.icc:0000
/testbench/cpu/l3/u0/leon3x0/vhdl/p0/iu/r.a.ticc:0
/testbench/cpu/l3/u0/leon3x0/vhdl/p0/iu/r.a.step:0
/testbench/cpu/l3/u0/leon3x0/vhdl/p0/iu/r.m.irqen2:1
/testbench/cpu/l3/u0/leon3x0/vhdl/p0/iu/r.d.pc:01000000000000000000001101000100
/testbench/cpu/l3/u0/leon3x0/vhdl/p0/iu/r.d.rexpl:{{00000000000000000000000000000000} {00} {0} 0 0 {0000000000000000000} 0 0 0 0 0 0}
/testbench/cpu/l3/u0/leon3x0/vhdl/p0/iu/r.d.mexc:0
/testbench/cpu/l3/u0/leon3x0/vhdl/p0/iu/r.a.aw:0
/testbench/cpu/l3/u0/leon3x0/vhdl/p0/iu/r.e.ctrl:{{01000000000000000000001101000000} {11000100000001111010000001000100} {00} {10000010} {000000} 0 0 1 0 0 1 1 0 0}
/testbench/cpu/l3/u0/leon3x0/vhdl/p0/iu/r.a.divstart:0
/testbench/cpu/l3/u0/leon3x0/vhdl/p0/iu/r.e.shleft:0
/testbench/cpu/l3/u0/leon3x0/vhdl/p0/iu/r.a.bp:0
/testbench/cpu/l3/u0/leon3x0/vhdl/p0/iu/r.w.twcwp:000
/testbench/cpu/l3/u0/leon3x0/vhdl/p0/iu/r.a.jmpl:0
/testbench/cpu/l3/u0/leon3x0/vhdl/p0/iu/r.m.casa:0
/testbench/cpu/l3/u0/leon3x0/vhdl/p0/iu/r.m.werr:0
/testbench/cpu/l3/u0/leon3x0/vhdl/p0/iu/r.e.su:1
/testbench/cpu/l3/u0/leon3x0/vhdl/p0/iu/r.e.et:1
/testbench/cpu/l3/u0/leon3x0/vhdl/p0/iu/r.a.ldcheck1:1
/testbench/cpu/l3/u0/leon3x0/vhdl/p0/iu/r.d.stwin:000
/testbench/cpu/l3/u0/leon3x0/vhdl/p0/iu/r.a.ldcheck2:1
/testbench/cpu/l3/u0/leon3x0/vhdl/p0/iu/r.x.intack:0
/testbench/cpu/l3/u0/leon3x0/vhdl/p0/iu/r.m.ctrl:{{01000000000000000000001100111100} {11000010000001111011111111111000} {00} {10000001} {000000} 0 0 1 0 0 1 1 0 0}
/testbench/cpu/l3/u0/leon3x0/vhdl/p0/iu/r.a.cwp:101
/testbench/cpu/l3/u0/leon3x0/vhdl/p0/iu/r.e.sari:0
/testbench/cpu/l3/u0/leon3x0/vhdl/p0/iu/r.d.paw:0
/testbench/cpu/l3/u0/leon3x0/vhdl/p0/iu/r.d.aw:0
/testbench/cpu/l3/u0/leon3x0/vhdl/p0/iu/r.d.awp:000
/testbench/cpu/l3/u0/leon3x0/vhdl/p0/iu/r.x.ctrl:{{01000000000000000000001100111000} {11000100001010000100000000000000} {01} {10000010} {000000} 0 0 0 0 0 0 0 0 0}
/testbench/cpu/l3/u0/leon3x0/vhdl/p0/iu/r.m.rexnalign:0
/testbench/cpu/l3/u0/leon3x0/vhdl/p0/iu/r.m.su:1
/testbench/cpu/l3/u0/leon3x0/vhdl/p0/iu/r.m.wcwp:0
/testbench/cpu/l3/u0/leon3x0/vhdl/p0/iu/r.d.divrdy:0
/testbench/cpu/l3/u0/leon3x0/vhdl/p0/iu/r.e.cwp:101
/testbench/cpu/l3/u0/leon3x0/vhdl/p0/iu/r.w.except:0
/testbench/cpu/l3/u0/leon3x0/vhdl/p0/iu/r.x.nerror:0
/testbench/cpu/l3/u0/leon3x0/vhdl/p0/iu/r.a.bpimiss:0
/testbench/cpu/l3/u0/leon3x0/vhdl/p0/iu/r.a.nobp:0
/testbench/cpu/l3/u0/leon3x0/vhdl/p0/iu/r.d.rexcnt:0
/testbench/cpu/l3/u0/leon3x0/vhdl/p0/iu/r.w.s:{{101} {0000} {00000000} {01000000000000000000} {00000010} {0000} 0 0 1 1 1 {00000000000000000000000000000000} {UUUUUUUUUUUUUUUUUUUUUUUUUUUUUUUU} 1 0 0 1 1 1 0 0 {000} {000} {111}}
/testbench/cpu/l3/u0/leon3x0/vhdl/p0/iu/r.d.pv:1
/testbench/cpu/l3/u0/leon3x0/vhdl/p0/iu/r.a.ldchkra:1
/testbench/cpu/l3/u0/leon3x0/vhdl/p0/iu/r.a.rfa1:10000010
/testbench/cpu/l3/u0/leon3x0/vhdl/p0/iu/r.a.rfa2:10000001
/testbench/cpu/l3/u0/leon3x0/vhdl/p0/iu/r.a.imm:00000000000000000000000000000001
/testbench/cpu/l3/u0/leon3x0/vhdl/p0/iu/r.w.wa:10000010
/testbench/cpu/l3/u0/leon3x0/vhdl/p0/iu/r.m.casaz:0
/testbench/cpu/l3/u0/leon3x0/vhdl/p0/iu/r.x.dci:{0 0 0 1 0 0 {00} {00001011}}
/testbench/cpu/l3/u0/leon3x0/vhdl/p0/iu/r.x.mac:0
/testbench/cpu/l3/u0/leon3x0/vhdl/p0/iu/r.m.divz:0
/testbench/cpu/l3/u0/leon3x0/vhdl/p0/iu/r.d.inst:{{10000010000000001000000000000001}}
/testbench/cpu/l3/u0/leon3x0/vhdl/p0/iu/r.e.rfe1:1
/testbench/cpu/l3/u0/leon3x0/vhdl/p0/iu/r.a.wovf:0
/testbench/cpu/l3/u0/leon3x0/vhdl/p0/iu/r.e.rfe2:0
/testbench/cpu/l3/u0/leon3x0/vhdl/p0/iu/r.e.op1:01000000000011111111111010100000
/testbench/cpu/l3/u0/leon3x0/vhdl/p0/iu/r.m.nalign:0
/testbench/cpu/l3/u0/leon3x0/vhdl/p0/iu/r.e.op2:00000000000000000000000001000100
/testbench/cpu/l3/u0/leon3x0/vhdl/p0/iu/r.d.rexen:0
/testbench/cpu/l3/u0/leon3x0/vhdl/p0/iu/r.a.ctrl:{{01000000000000000000001101000100} {10000010000000001000000000000001} {00} {10000001} {000000} 0 1 0 0 0 0 0 0 0}
/testbench/cpu/l3/u0/leon3x0/vhdl/p0/iu/r.x.ipend:0
/testbench/cpu/l3/u0/leon3x0/vhdl/p0/iu/r.e.ldbp1:0
/testbench/cpu/l3/u0/leon3x0/vhdl/p0/iu/r.e.aluadd:1
/testbench/cpu/l3/u0/leon3x0/vhdl/p0/iu/r.d.set:0
/testbench/cpu/l3/u0/leon3x0/vhdl/p0/iu/r.d.inull:0
/testbench/cpu/l3/u0/leon3x0/vhdl/p0/iu/r.e.ldbp2:0
/testbench/cpu/l3/u0/leon3x0/vhdl/p0/iu/r.d.cnt:00
/testbench/cpu/l3/u0/leon3x0/vhdl/p0/iu/r.a.su:1
/testbench/cpu/l3/u0/leon3x0/vhdl/p0/iu/r.a.et:1
/testbench/cpu/l3/u0/leon3x0/vhdl/p0/iu/r.e.mul:0
/testbench/cpu/l3/u0/leon3x0/vhdl/p0/iu/r.e.alusel:00
/testbench/cpu/l3/u0/leon3x0/vhdl/p0/iu/r.e.aw:U
/testbench/cpu/l3/u0/leon3x0/vhdl/p0/iu/r.e.mac:0
/testbench/cpu/l3/u0/leon3x0/vhdl/p0/iu/r.a.decill:0
/testbench/cpu/l3/u0/leon3x0/vhdl/p0/iu/r.x.icc:0000
/testbench/cpu/l3/u0/leon3x0/vhdl/p0/iu/r.x.result:00000100000001000000010000000100
/testbench/cpu/l3/u0/leon3x0/vhdl/p0/iu/r.e.bp:0
/testbench/cpu/l3/u0/leon3x0/vhdl/p0/iu/r.a.rs1:00010
/testbench/cpu/l3/u0/leon3x0/vhdl/p0/iu/r.e.jmpl:0
/testbench/cpu/l3/u0/leon3x0/vhdl/p0/iu/r.a.rsel1:001
/testbench/cpu/l3/u0/leon3x0/vhdl/p0/iu/r.x.y:00000000000000000000000000000000
/testbench/cpu/l3/u0/leon3x0/vhdl/p0/iu/r.a.rsel2:010
/testbench/cpu/l3/u0/leon3x0/vhdl/p0/iu/r.a.awp:000
/testbench/cpu/l3/u0/leon3x0/vhdl/p0/iu/r.a.paw:0
/testbench/cpu/l3/u0/leon3x0/vhdl/p0/iu/r.x.data:{{00000000000000000000000000000100}}
/testbench/cpu/l3/u0/leon3x0/vhdl/p0/iu/r.m.mul:0
/testbench/cpu/l3/u0/leon3x0/vhdl/p0/iu/r.e.rd:UUUUU
/testbench/cpu/l3/u0/leon3x0/vhdl/p0/iu/r.e.invop2:0
/testbench/cpu/l3/u0/leon3x0/vhdl/p0/iu/r.m.wawp:0
/testbench/cpu/l3/u0/leon3x0/vhdl/p0/iu/r.d.cwpmax:111
/testbench/cpu/l3/u0/leon3x0/vhdl/p0/iu/r.f.branch:0
/testbench/cpu/l3/u0/leon3x0/vhdl/p0/iu/r.d.pcheld:1
/testbench/cpu/l3/u0/leon3x0/vhdl/p0/iu/r.m.dci:{0 1 1 0 0 0 {10} {00001011}}
/testbench/cpu/l3/u0/leon3x0/vhdl/p0/iu/r.e.paw:U
/testbench/cpu/l3/u0/leon3x0/vhdl/p0/iu/r.e.awp:UUU
/testbench/cpu/l3/u0/leon3x0/vhdl/p0/iu/r.e.shcnt:00100
/testbench/cpu/l3/u0/leon3x0/vhdl/p0/iu/r.w.result:01000000000000000001111001001001
/testbench/cpu/l3/u0/leon3x0/vhdl/p0/iu/r.m.mac:0
/testbench/cpu/l3/u0/leon3x0/vhdl/p0/iu/r.m.y:00000000000000000000000000000000
/testbench/cpu/l3/u0/leon3x0/vhdl/p0/iu/r.d.cwp:101
/testbench/cpu/l3/u0/leon3x0/vhdl/p0/iu/r.x.laddr:00
/testbench/cpu/l3/u0/leon3x0/vhdl/p0/iu/r.e.mulstep:0
/testbench/cpu/l3/u0/leon3x0/vhdl/p0/iu/r.e.ymsb:0
/testbench/cpu/l3/u0/leon3x0/vhdl/p0/iu/r.d.rexbuf:00000000000000000000000000000000
/testbench/cpu/l3/u0/leon3x0/vhdl/p0/iu/r.x.npc:100
/testbench/cpu/l3/u0/leon3x0/vhdl/p0/iu/r.f.pc:01000000000000000000001101001000
/testbench/cpu/l3/u0/leon3x0/vhdl/p0/iu/r.d.annul:0
/testbench/cpu/l3/u0/leon3x0/vhdl/p0/iu/r.x.rstate:run
/testbench/cpu/l3/u0/leon3x0/vhdl/p0/iu/r.x.set:0
/testbench/cpu/l3/u0/leon3x0/vhdl/p0/iu/r.m.result:01000000000000000000001100111100
/testbench/cpu/l3/u0/leon3x0/vhdl/p0/iu/r.e.icc:UUUU
/testbench/cpu/l3/u0/leon3x0/vhdl/p0/iu/r.a.getpc:0
/testbench/cpu/l3/u0/leon3x0/vhdl/p0/iu/r.a.ldchkex:1
/testbench/cpu/l3/u0/leon3x0/vhdl/p0/iu/r.x.mexc:0
/testbench/cpu/l3/u0/leon3x0/vhdl/p0/iu/r.a.mulstart:0
/testbench/cpu/l3/u0/leon3x0/vhdl/p0/iu/r.d.rexpos:10
/testbench/cpu/l3/u0/leon3x0/vhdl/p0/iu/r.x.annul_all:0
/testbench/cpu/l3/u0/leon3x0/vhdl/p0/iu/r.e.aluop:000
/testbench/cpu/l3/u0/leon3x0/vhdl/p0/iu/r.x.debug:0
/testbench/cpu/l3/u0/leon3x0/vhdl/p0/iu/r.a.rfe1:0
/testbench/cpu/l3/u0/leon3x0/vhdl/p0/iu/r.d.step:0
/testbench/cpu/l3/u0/leon3x0/vhdl/p0/iu/r.a.rfe2:0
/testbench/cpu/l3/u0/leon3x0/vhdl/p0/iu/r.e.alucin:0
/testbench/cpu/l3/u0/leon3x0/vhdl/p0/iu/r.a.wunf:0
======================================
progstatus: -2
execerr: 227
latent: 1
time limit!
>>>>>>>>>>>>>>> 5745715000
======================================
