Test signal = /testbench/cpu/l3/u0/leon3x0/vhdl/p0/iu/r.a.rsel1
oldval = 101
pos1: 2 pos0: 1 posU: -1
newval = 100
Signal value: 101
oldval = 101
pos1: 2 pos0: 1 posU: -1
newval = 100
force in 364640
584840000 >> iteration no: 0
944715000 >> Requesting for the AHB bus...
945815000 >> AHB granted, starting recovery...
965015000 >> Recovery done, continuing...
965090000 >> Requesting for the AHB bus...
966115000 >> AHB granted, starting recovery...
985315000 >> Recovery done, continuing...
985390000 >> Requesting for the AHB bus...
986415000 >> AHB granted, starting recovery...
1005615000 >> Recovery done, continuing...
1005690000 >> Requesting for the AHB bus...
1006715000 >> AHB granted, starting recovery...
1025915000 >> Recovery done, continuing...
1025990000 >> Requesting for the AHB bus...
1027015000 >> AHB granted, starting recovery...
1046215000 >> Recovery done, continuing...
1046290000 >> Requesting for the AHB bus...
1047315000 >> AHB granted, starting recovery...
1066515000 >> Recovery done, continuing...
1066590000 >> Requesting for the AHB bus...
1067615000 >> AHB granted, starting recovery...
1086815000 >> Recovery done, continuing...
1086890000 >> Requesting for the AHB bus...
1087915000 >> AHB granted, starting recovery...
1107115000 >> Recovery done, continuing...
1107190000 >> Requesting for the AHB bus...
1108215000 >> AHB granted, starting recovery...
1127415000 >> Recovery done, continuing...
1127490000 >> Requesting for the AHB bus...
1128515000 >> AHB granted, starting recovery...
1147715000 >> Recovery done, continuing...
1147790000 >> Requesting for the AHB bus...
1148815000 >> AHB granted, starting recovery...
1168015000 >> Recovery done, continuing...
1168090000 >> Requesting for the AHB bus...
1169115000 >> AHB granted, starting recovery...
1188315000 >> Recovery done, continuing...
1188390000 >> Requesting for the AHB bus...
1189415000 >> AHB granted, starting recovery...
1208615000 >> Recovery done, continuing...
1208690000 >> Requesting for the AHB bus...
1209715000 >> AHB granted, starting recovery...
1228915000 >> Recovery done, continuing...
1228990000 >> Requesting for the AHB bus...
1230190000 >> AHB granted, starting recovery...
1249390000 >> Recovery done, continuing...
1249465000 >> Requesting for the AHB bus...
1250490000 >> AHB granted, starting recovery...
1269690000 >> Recovery done, continuing...
1269765000 >> Requesting for the AHB bus...
1270790000 >> AHB granted, starting recovery...
1289990000 >> Recovery done, continuing...
1290065000 >> Requesting for the AHB bus...
1291090000 >> AHB granted, starting recovery...
1310290000 >> Recovery done, continuing...
1310365000 >> Requesting for the AHB bus...
1311390000 >> AHB granted, starting recovery...
1330590000 >> Recovery done, continuing...
1330665000 >> Requesting for the AHB bus...
1331690000 >> AHB granted, starting recovery...
1350890000 >> Recovery done, continuing...
1350965000 >> Requesting for the AHB bus...
1351990000 >> AHB granted, starting recovery...
1371190000 >> Recovery done, continuing...
1371265000 >> Requesting for the AHB bus...
1372290000 >> AHB granted, starting recovery...
1391490000 >> Recovery done, continuing...
1391565000 >> Requesting for the AHB bus...
1392590000 >> AHB granted, starting recovery...
1411790000 >> Recovery done, continuing...
1411865000 >> Requesting for the AHB bus...
1412890000 >> AHB granted, starting recovery...
1432090000 >> Recovery done, continuing...
1432165000 >> Requesting for the AHB bus...
1433190000 >> AHB granted, starting recovery...
1452390000 >> Recovery done, continuing...
1452465000 >> Requesting for the AHB bus...
1453490000 >> AHB granted, starting recovery...
1472690000 >> Recovery done, continuing...
1472765000 >> Requesting for the AHB bus...
1473790000 >> AHB granted, starting recovery...
1492990000 >> Recovery done, continuing...
1493065000 >> Requesting for the AHB bus...
1494090000 >> AHB granted, starting recovery...
1513290000 >> Recovery done, continuing...
1513365000 >> Requesting for the AHB bus...
1514390000 >> AHB granted, starting recovery...
1533590000 >> Recovery done, continuing...
1533665000 >> Requesting for the AHB bus...
1534690000 >> AHB granted, starting recovery...
1553890000 >> Recovery done, continuing...
1553965000 >> Requesting for the AHB bus...
1554990000 >> AHB granted, starting recovery...
1574190000 >> Recovery done, continuing...
1574265000 >> Requesting for the AHB bus...
1575290000 >> AHB granted, starting recovery...
1594490000 >> Recovery done, continuing...
1594565000 >> Requesting for the AHB bus...
1595590000 >> AHB granted, starting recovery...
1614790000 >> Recovery done, continuing...
1614865000 >> Requesting for the AHB bus...
1615890000 >> AHB granted, starting recovery...
1635090000 >> Recovery done, continuing...
1635165000 >> Requesting for the AHB bus...
1636190000 >> AHB granted, starting recovery...
1655390000 >> Recovery done, continuing...
1655465000 >> Requesting for the AHB bus...
1656490000 >> AHB granted, starting recovery...
1675690000 >> Recovery done, continuing...
1675765000 >> Requesting for the AHB bus...
1676790000 >> AHB granted, starting recovery...
1695990000 >> Recovery done, continuing...
1696065000 >> Requesting for the AHB bus...
1697265000 >> AHB granted, starting recovery...
1716465000 >> Recovery done, continuing...
1716540000 >> Requesting for the AHB bus...
1717565000 >> AHB granted, starting recovery...
1736765000 >> Recovery done, continuing...
1736840000 >> Requesting for the AHB bus...
1737865000 >> AHB granted, starting recovery...
1757065000 >> Recovery done, continuing...
1757140000 >> Requesting for the AHB bus...
1758165000 >> AHB granted, starting recovery...
1777365000 >> Recovery done, continuing...
1777440000 >> Requesting for the AHB bus...
1778465000 >> AHB granted, starting recovery...
1797665000 >> Recovery done, continuing...
1797740000 >> Requesting for the AHB bus...
1798765000 >> AHB granted, starting recovery...
1817965000 >> Recovery done, continuing...
1818040000 >> Requesting for the AHB bus...
1819140000 >> AHB granted, starting recovery...
1838340000 >> Recovery done, continuing...
1838415000 >> Requesting for the AHB bus...
1839440000 >> AHB granted, starting recovery...
1858640000 >> Recovery done, continuing...
1858715000 >> Requesting for the AHB bus...
1859740000 >> AHB granted, starting recovery...
1878940000 >> Recovery done, continuing...
1879015000 >> Requesting for the AHB bus...
1880040000 >> AHB granted, starting recovery...
1899240000 >> Recovery done, continuing...
1899315000 >> Requesting for the AHB bus...
1900340000 >> AHB granted, starting recovery...
1919540000 >> Recovery done, continuing...
1919615000 >> Requesting for the AHB bus...
1920640000 >> AHB granted, starting recovery...
1939840000 >> Recovery done, continuing...
1939915000 >> Requesting for the AHB bus...
1940940000 >> AHB granted, starting recovery...
1960140000 >> Recovery done, continuing...
1960215000 >> Requesting for the AHB bus...
1961240000 >> AHB granted, starting recovery...
1980440000 >> Recovery done, continuing...
1980515000 >> Requesting for the AHB bus...
1981540000 >> AHB granted, starting recovery...
2000740000 >> Recovery done, continuing...
2000815000 >> Requesting for the AHB bus...
2001840000 >> AHB granted, starting recovery...
2021040000 >> Recovery done, continuing...
2021115000 >> Requesting for the AHB bus...
2022140000 >> AHB granted, starting recovery...
2041340000 >> Recovery done, continuing...
2041415000 >> Requesting for the AHB bus...
2042440000 >> AHB granted, starting recovery...
2061640000 >> Recovery done, continuing...
2061715000 >> Requesting for the AHB bus...
2062740000 >> AHB granted, starting recovery...
2081940000 >> Recovery done, continuing...
2082015000 >> Requesting for the AHB bus...
2083040000 >> AHB granted, starting recovery...
2102240000 >> Recovery done, continuing...
2102315000 >> Requesting for the AHB bus...
2103340000 >> AHB granted, starting recovery...
2122540000 >> Recovery done, continuing...
2122615000 >> Requesting for the AHB bus...
2123640000 >> AHB granted, starting recovery...
2142840000 >> Recovery done, continuing...
2142915000 >> Requesting for the AHB bus...
2143940000 >> AHB granted, starting recovery...
2163140000 >> Recovery done, continuing...
2163215000 >> Requesting for the AHB bus...
2164415000 >> AHB granted, starting recovery...
2183615000 >> Recovery done, continuing...
2183690000 >> Requesting for the AHB bus...
2184715000 >> AHB granted, starting recovery...
2203915000 >> Recovery done, continuing...
2203990000 >> Requesting for the AHB bus...
2205015000 >> AHB granted, starting recovery...
2224215000 >> Recovery done, continuing...
2224290000 >> Requesting for the AHB bus...
2225315000 >> AHB granted, starting recovery...
2244515000 >> Recovery done, continuing...
2244590000 >> Requesting for the AHB bus...
2245615000 >> AHB granted, starting recovery...
2264815000 >> Recovery done, continuing...
2264890000 >> Requesting for the AHB bus...
2265915000 >> AHB granted, starting recovery...
2285115000 >> Recovery done, continuing...
2285190000 >> Requesting for the AHB bus...
2286340000 >> AHB granted, starting recovery...
2305540000 >> Recovery done, continuing...
2305615000 >> Requesting for the AHB bus...
2306640000 >> AHB granted, starting recovery...
2325840000 >> Recovery done, continuing...
2325915000 >> Requesting for the AHB bus...
2326940000 >> AHB granted, starting recovery...
2346140000 >> Recovery done, continuing...
2346215000 >> Requesting for the AHB bus...
2347240000 >> AHB granted, starting recovery...
2366440000 >> Recovery done, continuing...
2366515000 >> Requesting for the AHB bus...
2367540000 >> AHB granted, starting recovery...
2386740000 >> Recovery done, continuing...
2386815000 >> Requesting for the AHB bus...
2387840000 >> AHB granted, starting recovery...
2407040000 >> Recovery done, continuing...
2407115000 >> Requesting for the AHB bus...
2408140000 >> AHB granted, starting recovery...
2427340000 >> Recovery done, continuing...
2427415000 >> Requesting for the AHB bus...
2428440000 >> AHB granted, starting recovery...
2447640000 >> Recovery done, continuing...
2447715000 >> Requesting for the AHB bus...
2448740000 >> AHB granted, starting recovery...
2467940000 >> Recovery done, continuing...
2468015000 >> Requesting for the AHB bus...
2469040000 >> AHB granted, starting recovery...
2488240000 >> Recovery done, continuing...
2488315000 >> Requesting for the AHB bus...
2489340000 >> AHB granted, starting recovery...
2508540000 >> Recovery done, continuing...
2508615000 >> Requesting for the AHB bus...
2509640000 >> AHB granted, starting recovery...
2528840000 >> Recovery done, continuing...
2528915000 >> Requesting for the AHB bus...
2529940000 >> AHB granted, starting recovery...
2549140000 >> Recovery done, continuing...
2549215000 >> Requesting for the AHB bus...
2550240000 >> AHB granted, starting recovery...
2569440000 >> Recovery done, continuing...
2569515000 >> Requesting for the AHB bus...
2570540000 >> AHB granted, starting recovery...
2589740000 >> Recovery done, continuing...
2589815000 >> Requesting for the AHB bus...
2590840000 >> AHB granted, starting recovery...
2610040000 >> Recovery done, continuing...
2610115000 >> Requesting for the AHB bus...
2611140000 >> AHB granted, starting recovery...
2630340000 >> Recovery done, continuing...
2630415000 >> Requesting for the AHB bus...
2631615000 >> AHB granted, starting recovery...
2650815000 >> Recovery done, continuing...
2650890000 >> Requesting for the AHB bus...
2651915000 >> AHB granted, starting recovery...
2671115000 >> Recovery done, continuing...
2671190000 >> Requesting for the AHB bus...
2672215000 >> AHB granted, starting recovery...
2691415000 >> Recovery done, continuing...
2691490000 >> Requesting for the AHB bus...
2692515000 >> AHB granted, starting recovery...
2711715000 >> Recovery done, continuing...
2711790000 >> Requesting for the AHB bus...
2712815000 >> AHB granted, starting recovery...
2732015000 >> Recovery done, continuing...
2732090000 >> Requesting for the AHB bus...
2733115000 >> AHB granted, starting recovery...
2752315000 >> Recovery done, continuing...
2752390000 >> Requesting for the AHB bus...
2753540000 >> AHB granted, starting recovery...
2772740000 >> Recovery done, continuing...
2772815000 >> Requesting for the AHB bus...
2773840000 >> AHB granted, starting recovery...
2793040000 >> Recovery done, continuing...
2793115000 >> Requesting for the AHB bus...
2794140000 >> AHB granted, starting recovery...
2813340000 >> Recovery done, continuing...
2813415000 >> Requesting for the AHB bus...
2814440000 >> AHB granted, starting recovery...
2833640000 >> Recovery done, continuing...
2833715000 >> Requesting for the AHB bus...
2834740000 >> AHB granted, starting recovery...
2853940000 >> Recovery done, continuing...
2854015000 >> Requesting for the AHB bus...
2855040000 >> AHB granted, starting recovery...
2874240000 >> Recovery done, continuing...
2874315000 >> Requesting for the AHB bus...
2875340000 >> AHB granted, starting recovery...
2894540000 >> Recovery done, continuing...
2894615000 >> Requesting for the AHB bus...
2895640000 >> AHB granted, starting recovery...
2899665000 >> time limit reached...
/testbench/cpu/l3/u0/leon3x0/vhdl/p0/iu/r.w.wreg:1
/testbench/cpu/l3/u0/leon3x0/vhdl/p0/iu/r.m.irqen:1
/testbench/cpu/l3/u0/leon3x0/vhdl/p0/iu/r.m.icc:0100
/testbench/cpu/l3/u0/leon3x0/vhdl/p0/iu/r.a.ticc:0
/testbench/cpu/l3/u0/leon3x0/vhdl/p0/iu/r.a.step:0
/testbench/cpu/l3/u0/leon3x0/vhdl/p0/iu/r.m.irqen2:1
/testbench/cpu/l3/u0/leon3x0/vhdl/p0/iu/r.d.pc:01000000000000000000001001000000
/testbench/cpu/l3/u0/leon3x0/vhdl/p0/iu/r.d.rexpl:{{00000000000000000000000000000000} {00} {0} 0 0 {0000000000000000000} 0 0 0 0 0 0}
/testbench/cpu/l3/u0/leon3x0/vhdl/p0/iu/r.d.mexc:0
/testbench/cpu/l3/u0/leon3x0/vhdl/p0/iu/r.a.aw:0
/testbench/cpu/l3/u0/leon3x0/vhdl/p0/iu/r.e.ctrl:{{01000000000000000000001000111100} {11000010000001111011111111111100} {00} {10000001} {000000} 0 0 1 0 0 1 1 0 0}
/testbench/cpu/l3/u0/leon3x0/vhdl/p0/iu/r.a.divstart:0
/testbench/cpu/l3/u0/leon3x0/vhdl/p0/iu/r.e.shleft:0
/testbench/cpu/l3/u0/leon3x0/vhdl/p0/iu/r.a.bp:0
/testbench/cpu/l3/u0/leon3x0/vhdl/p0/iu/r.w.twcwp:000
/testbench/cpu/l3/u0/leon3x0/vhdl/p0/iu/r.a.jmpl:0
/testbench/cpu/l3/u0/leon3x0/vhdl/p0/iu/r.m.casa:0
/testbench/cpu/l3/u0/leon3x0/vhdl/p0/iu/r.m.werr:0
/testbench/cpu/l3/u0/leon3x0/vhdl/p0/iu/r.e.su:1
/testbench/cpu/l3/u0/leon3x0/vhdl/p0/iu/r.e.et:1
/testbench/cpu/l3/u0/leon3x0/vhdl/p0/iu/r.a.ldcheck1:1
/testbench/cpu/l3/u0/leon3x0/vhdl/p0/iu/r.d.stwin:000
/testbench/cpu/l3/u0/leon3x0/vhdl/p0/iu/r.a.ldcheck2:0
/testbench/cpu/l3/u0/leon3x0/vhdl/p0/iu/r.x.intack:0
/testbench/cpu/l3/u0/leon3x0/vhdl/p0/iu/r.m.ctrl:{{01000000000000000000001000111000} {11000010001001111011111111111100} {01} {10000001} {000000} 0 0 0 0 0 0 0 0 0}
/testbench/cpu/l3/u0/leon3x0/vhdl/p0/iu/r.a.cwp:101
/testbench/cpu/l3/u0/leon3x0/vhdl/p0/iu/r.e.sari:0
/testbench/cpu/l3/u0/leon3x0/vhdl/p0/iu/r.d.paw:0
/testbench/cpu/l3/u0/leon3x0/vhdl/p0/iu/r.d.aw:0
/testbench/cpu/l3/u0/leon3x0/vhdl/p0/iu/r.d.awp:000
/testbench/cpu/l3/u0/leon3x0/vhdl/p0/iu/r.x.ctrl:{{01000000000000000000001000111000} {11000010001001111011111111111100} {00} {10000001} {000000} 0 0 0 0 0 0 1 0 0}
/testbench/cpu/l3/u0/leon3x0/vhdl/p0/iu/r.m.rexnalign:0
/testbench/cpu/l3/u0/leon3x0/vhdl/p0/iu/r.m.su:1
/testbench/cpu/l3/u0/leon3x0/vhdl/p0/iu/r.m.wcwp:0
/testbench/cpu/l3/u0/leon3x0/vhdl/p0/iu/r.d.divrdy:0
/testbench/cpu/l3/u0/leon3x0/vhdl/p0/iu/r.e.cwp:101
/testbench/cpu/l3/u0/leon3x0/vhdl/p0/iu/r.w.except:0
/testbench/cpu/l3/u0/leon3x0/vhdl/p0/iu/r.x.nerror:0
/testbench/cpu/l3/u0/leon3x0/vhdl/p0/iu/r.a.bpimiss:0
/testbench/cpu/l3/u0/leon3x0/vhdl/p0/iu/r.a.nobp:0
/testbench/cpu/l3/u0/leon3x0/vhdl/p0/iu/r.d.rexcnt:0
/testbench/cpu/l3/u0/leon3x0/vhdl/p0/iu/r.w.s:{{101} {0100} {00000000} {01000000000000000000} {00000010} {0000} 0 0 1 1 1 {00000000000000000000000000000000} {UUUUUUUUUUUUUUUUUUUUUUUUUUUUUUUU} 1 0 0 1 1 1 0 0 {000} {000} {111}}
/testbench/cpu/l3/u0/leon3x0/vhdl/p0/iu/r.d.pv:1
/testbench/cpu/l3/u0/leon3x0/vhdl/p0/iu/r.a.ldchkra:1
/testbench/cpu/l3/u0/leon3x0/vhdl/p0/iu/r.a.rfa1:10000001
/testbench/cpu/l3/u0/leon3x0/vhdl/p0/iu/r.a.rfa2:10000011
/testbench/cpu/l3/u0/leon3x0/vhdl/p0/iu/r.a.imm:00000000000000000000000000000011
/testbench/cpu/l3/u0/leon3x0/vhdl/p0/iu/r.w.wa:10000001
/testbench/cpu/l3/u0/leon3x0/vhdl/p0/iu/r.m.casaz:1
/testbench/cpu/l3/u0/leon3x0/vhdl/p0/iu/r.x.dci:{0 1 0 0 0 0 {10} {00001011}}
/testbench/cpu/l3/u0/leon3x0/vhdl/p0/iu/r.x.mac:0
/testbench/cpu/l3/u0/leon3x0/vhdl/p0/iu/r.m.divz:0
/testbench/cpu/l3/u0/leon3x0/vhdl/p0/iu/r.d.inst:{{10000000101000000110000000000011}}
/testbench/cpu/l3/u0/leon3x0/vhdl/p0/iu/r.e.rfe1:1
/testbench/cpu/l3/u0/leon3x0/vhdl/p0/iu/r.a.wovf:0
/testbench/cpu/l3/u0/leon3x0/vhdl/p0/iu/r.e.rfe2:0
/testbench/cpu/l3/u0/leon3x0/vhdl/p0/iu/r.e.op1:01000000000011111111111010011000
/testbench/cpu/l3/u0/leon3x0/vhdl/p0/iu/r.m.nalign:0
/testbench/cpu/l3/u0/leon3x0/vhdl/p0/iu/r.e.op2:11111111111111111111111111111100
/testbench/cpu/l3/u0/leon3x0/vhdl/p0/iu/r.d.rexen:0
/testbench/cpu/l3/u0/leon3x0/vhdl/p0/iu/r.a.ctrl:{{01000000000000000000001001000000} {10000000101000000110000000000011} {00} {10000000} {000000} 0 1 0 0 0 0 0 0 0}
/testbench/cpu/l3/u0/leon3x0/vhdl/p0/iu/r.x.ipend:0
/testbench/cpu/l3/u0/leon3x0/vhdl/p0/iu/r.e.ldbp1:0
/testbench/cpu/l3/u0/leon3x0/vhdl/p0/iu/r.e.aluadd:1
/testbench/cpu/l3/u0/leon3x0/vhdl/p0/iu/r.d.set:0
/testbench/cpu/l3/u0/leon3x0/vhdl/p0/iu/r.d.inull:0
/testbench/cpu/l3/u0/leon3x0/vhdl/p0/iu/r.e.ldbp2:0
/testbench/cpu/l3/u0/leon3x0/vhdl/p0/iu/r.d.cnt:00
/testbench/cpu/l3/u0/leon3x0/vhdl/p0/iu/r.a.su:1
/testbench/cpu/l3/u0/leon3x0/vhdl/p0/iu/r.a.et:1
/testbench/cpu/l3/u0/leon3x0/vhdl/p0/iu/r.e.mul:0
/testbench/cpu/l3/u0/leon3x0/vhdl/p0/iu/r.e.alusel:00
/testbench/cpu/l3/u0/leon3x0/vhdl/p0/iu/r.e.aw:U
/testbench/cpu/l3/u0/leon3x0/vhdl/p0/iu/r.e.mac:0
/testbench/cpu/l3/u0/leon3x0/vhdl/p0/iu/r.a.decill:0
/testbench/cpu/l3/u0/leon3x0/vhdl/p0/iu/r.x.icc:0100
/testbench/cpu/l3/u0/leon3x0/vhdl/p0/iu/r.x.result:01000000000011111111111010010100
/testbench/cpu/l3/u0/leon3x0/vhdl/p0/iu/r.e.bp:0
/testbench/cpu/l3/u0/leon3x0/vhdl/p0/iu/r.a.rs1:00001
/testbench/cpu/l3/u0/leon3x0/vhdl/p0/iu/r.e.jmpl:0
/testbench/cpu/l3/u0/leon3x0/vhdl/p0/iu/r.a.rsel1:100
/testbench/cpu/l3/u0/leon3x0/vhdl/p0/iu/r.x.y:00000000000000000000000000000000
/testbench/cpu/l3/u0/leon3x0/vhdl/p0/iu/r.a.rsel2:100
/testbench/cpu/l3/u0/leon3x0/vhdl/p0/iu/r.a.awp:000
/testbench/cpu/l3/u0/leon3x0/vhdl/p0/iu/r.a.paw:0
/testbench/cpu/l3/u0/leon3x0/vhdl/p0/iu/r.x.data:{{00000000000000000000000000000011}}
/testbench/cpu/l3/u0/leon3x0/vhdl/p0/iu/r.m.mul:0
/testbench/cpu/l3/u0/leon3x0/vhdl/p0/iu/r.e.rd:UUUUU
/testbench/cpu/l3/u0/leon3x0/vhdl/p0/iu/r.e.invop2:0
/testbench/cpu/l3/u0/leon3x0/vhdl/p0/iu/r.m.wawp:0
/testbench/cpu/l3/u0/leon3x0/vhdl/p0/iu/r.d.cwpmax:111
/testbench/cpu/l3/u0/leon3x0/vhdl/p0/iu/r.f.branch:0
/testbench/cpu/l3/u0/leon3x0/vhdl/p0/iu/r.d.pcheld:1
/testbench/cpu/l3/u0/leon3x0/vhdl/p0/iu/r.m.dci:{0 0 0 1 0 0 {10} {00001011}}
/testbench/cpu/l3/u0/leon3x0/vhdl/p0/iu/r.e.paw:U
/testbench/cpu/l3/u0/leon3x0/vhdl/p0/iu/r.e.awp:UUU
/testbench/cpu/l3/u0/leon3x0/vhdl/p0/iu/r.e.shcnt:11100
/testbench/cpu/l3/u0/leon3x0/vhdl/p0/iu/r.w.result:00000000000000000000000000000100
/testbench/cpu/l3/u0/leon3x0/vhdl/p0/iu/r.m.mac:0
/testbench/cpu/l3/u0/leon3x0/vhdl/p0/iu/r.m.y:00000000000000000000000000000000
/testbench/cpu/l3/u0/leon3x0/vhdl/p0/iu/r.d.cwp:101
/testbench/cpu/l3/u0/leon3x0/vhdl/p0/iu/r.x.laddr:00
/testbench/cpu/l3/u0/leon3x0/vhdl/p0/iu/r.e.mulstep:0
/testbench/cpu/l3/u0/leon3x0/vhdl/p0/iu/r.e.ymsb:0
/testbench/cpu/l3/u0/leon3x0/vhdl/p0/iu/r.d.rexbuf:00000000000000000000000000000000
/testbench/cpu/l3/u0/leon3x0/vhdl/p0/iu/r.x.npc:100
/testbench/cpu/l3/u0/leon3x0/vhdl/p0/iu/r.f.pc:01000000000000000000001001000100
/testbench/cpu/l3/u0/leon3x0/vhdl/p0/iu/r.d.annul:0
/testbench/cpu/l3/u0/leon3x0/vhdl/p0/iu/r.x.rstate:run
/testbench/cpu/l3/u0/leon3x0/vhdl/p0/iu/r.x.set:0
/testbench/cpu/l3/u0/leon3x0/vhdl/p0/iu/r.m.result:00000000000000000000000000000100
/testbench/cpu/l3/u0/leon3x0/vhdl/p0/iu/r.e.icc:UUUU
/testbench/cpu/l3/u0/leon3x0/vhdl/p0/iu/r.a.getpc:0
/testbench/cpu/l3/u0/leon3x0/vhdl/p0/iu/r.a.ldchkex:1
/testbench/cpu/l3/u0/leon3x0/vhdl/p0/iu/r.x.mexc:0
/testbench/cpu/l3/u0/leon3x0/vhdl/p0/iu/r.a.mulstart:0
/testbench/cpu/l3/u0/leon3x0/vhdl/p0/iu/r.d.rexpos:10
/testbench/cpu/l3/u0/leon3x0/vhdl/p0/iu/r.x.annul_all:0
/testbench/cpu/l3/u0/leon3x0/vhdl/p0/iu/r.e.aluop:000
/testbench/cpu/l3/u0/leon3x0/vhdl/p0/iu/r.x.debug:0
/testbench/cpu/l3/u0/leon3x0/vhdl/p0/iu/r.a.rfe1:0
/testbench/cpu/l3/u0/leon3x0/vhdl/p0/iu/r.d.step:0
/testbench/cpu/l3/u0/leon3x0/vhdl/p0/iu/r.a.rfe2:0
/testbench/cpu/l3/u0/leon3x0/vhdl/p0/iu/r.e.alucin:0
/testbench/cpu/l3/u0/leon3x0/vhdl/p0/iu/r.a.wunf:0
======================================
progstatus: -2
execerr: 97
latent: 1
time limit!
>>>>>>>>>>>>>>> 2899665000
======================================
