Test signal = /testbench/cpu/l3/u0/leon3x0/vhdl/p0/iu/r.e.ldbp2
oldval = 0
pos1: -1 pos0: 0 posU: -1
newval = 1
Signal value: 0
oldval = 0
pos1: -1 pos0: 0 posU: -1
newval = 1
force in 161639
584840000 >> iteration no: 0
741715000 >> Requesting for the AHB bus...
742565000 >> AHB granted, starting recovery...
761765000 >> Recovery done, continuing...
761840000 >> Requesting for the AHB bus...
762615000 >> AHB granted, starting recovery...
781815000 >> Recovery done, continuing...
781890000 >> Requesting for the AHB bus...
782665000 >> AHB granted, starting recovery...
801865000 >> Recovery done, continuing...
801940000 >> Requesting for the AHB bus...
802715000 >> AHB granted, starting recovery...
821915000 >> Recovery done, continuing...
821990000 >> Requesting for the AHB bus...
822765000 >> AHB granted, starting recovery...
841965000 >> Recovery done, continuing...
842040000 >> Requesting for the AHB bus...
842815000 >> AHB granted, starting recovery...
862015000 >> Recovery done, continuing...
862090000 >> Requesting for the AHB bus...
862865000 >> AHB granted, starting recovery...
882065000 >> Recovery done, continuing...
882140000 >> Requesting for the AHB bus...
882915000 >> AHB granted, starting recovery...
902115000 >> Recovery done, continuing...
902190000 >> Requesting for the AHB bus...
902965000 >> AHB granted, starting recovery...
922165000 >> Recovery done, continuing...
922240000 >> Requesting for the AHB bus...
923015000 >> AHB granted, starting recovery...
942215000 >> Recovery done, continuing...
942290000 >> Requesting for the AHB bus...
943065000 >> AHB granted, starting recovery...
962265000 >> Recovery done, continuing...
962340000 >> Requesting for the AHB bus...
963115000 >> AHB granted, starting recovery...
982315000 >> Recovery done, continuing...
982390000 >> Requesting for the AHB bus...
983165000 >> AHB granted, starting recovery...
1002365000 >> Recovery done, continuing...
1002440000 >> Requesting for the AHB bus...
1003215000 >> AHB granted, starting recovery...
1022415000 >> Recovery done, continuing...
1022490000 >> Requesting for the AHB bus...
1023265000 >> AHB granted, starting recovery...
1042465000 >> Recovery done, continuing...
1042540000 >> Requesting for the AHB bus...
1043315000 >> AHB granted, starting recovery...
1062515000 >> Recovery done, continuing...
1062590000 >> Requesting for the AHB bus...
1063365000 >> AHB granted, starting recovery...
1082565000 >> Recovery done, continuing...
1082640000 >> Requesting for the AHB bus...
1083415000 >> AHB granted, starting recovery...
1102615000 >> Recovery done, continuing...
1102690000 >> Requesting for the AHB bus...
1103465000 >> AHB granted, starting recovery...
1122665000 >> Recovery done, continuing...
1122740000 >> Requesting for the AHB bus...
1123515000 >> AHB granted, starting recovery...
1142715000 >> Recovery done, continuing...
1142790000 >> Requesting for the AHB bus...
1143565000 >> AHB granted, starting recovery...
1162765000 >> Recovery done, continuing...
1162840000 >> Requesting for the AHB bus...
1163615000 >> AHB granted, starting recovery...
1182815000 >> Recovery done, continuing...
1182890000 >> Requesting for the AHB bus...
1183665000 >> AHB granted, starting recovery...
1202865000 >> Recovery done, continuing...
1202940000 >> Requesting for the AHB bus...
1203715000 >> AHB granted, starting recovery...
1222915000 >> Recovery done, continuing...
1222990000 >> Requesting for the AHB bus...
1223765000 >> AHB granted, starting recovery...
1242965000 >> Recovery done, continuing...
1243040000 >> Requesting for the AHB bus...
1243815000 >> AHB granted, starting recovery...
1263015000 >> Recovery done, continuing...
1263090000 >> Requesting for the AHB bus...
1263865000 >> AHB granted, starting recovery...
1283065000 >> Recovery done, continuing...
1283140000 >> Requesting for the AHB bus...
1283915000 >> AHB granted, starting recovery...
1303115000 >> Recovery done, continuing...
1303190000 >> Requesting for the AHB bus...
1303965000 >> AHB granted, starting recovery...
1323165000 >> Recovery done, continuing...
1323240000 >> Requesting for the AHB bus...
1324015000 >> AHB granted, starting recovery...
1343215000 >> Recovery done, continuing...
1343290000 >> Requesting for the AHB bus...
1344065000 >> AHB granted, starting recovery...
1363265000 >> Recovery done, continuing...
1363340000 >> Requesting for the AHB bus...
1364115000 >> AHB granted, starting recovery...
1383315000 >> Recovery done, continuing...
1383390000 >> Requesting for the AHB bus...
1384165000 >> AHB granted, starting recovery...
1403365000 >> Recovery done, continuing...
1403440000 >> Requesting for the AHB bus...
1404215000 >> AHB granted, starting recovery...
1423415000 >> Recovery done, continuing...
1423490000 >> Requesting for the AHB bus...
1424265000 >> AHB granted, starting recovery...
1443465000 >> Recovery done, continuing...
1443540000 >> Requesting for the AHB bus...
1444315000 >> AHB granted, starting recovery...
1463515000 >> Recovery done, continuing...
1463590000 >> Requesting for the AHB bus...
1464365000 >> AHB granted, starting recovery...
1483565000 >> Recovery done, continuing...
1483640000 >> Requesting for the AHB bus...
1484415000 >> AHB granted, starting recovery...
1503615000 >> Recovery done, continuing...
1503690000 >> Requesting for the AHB bus...
1504465000 >> AHB granted, starting recovery...
1523665000 >> Recovery done, continuing...
1523740000 >> Requesting for the AHB bus...
1524515000 >> AHB granted, starting recovery...
1543715000 >> Recovery done, continuing...
1543790000 >> Requesting for the AHB bus...
1544565000 >> AHB granted, starting recovery...
1563765000 >> Recovery done, continuing...
1563840000 >> Requesting for the AHB bus...
1564615000 >> AHB granted, starting recovery...
1583815000 >> Recovery done, continuing...
1583890000 >> Requesting for the AHB bus...
1584665000 >> AHB granted, starting recovery...
1603865000 >> Recovery done, continuing...
1603940000 >> Requesting for the AHB bus...
1604715000 >> AHB granted, starting recovery...
1623915000 >> Recovery done, continuing...
1623990000 >> Requesting for the AHB bus...
1624765000 >> AHB granted, starting recovery...
1643965000 >> Recovery done, continuing...
1644040000 >> Requesting for the AHB bus...
1644815000 >> AHB granted, starting recovery...
1664015000 >> Recovery done, continuing...
1664090000 >> Requesting for the AHB bus...
1664865000 >> AHB granted, starting recovery...
1684065000 >> Recovery done, continuing...
1684140000 >> Requesting for the AHB bus...
1684915000 >> AHB granted, starting recovery...
1704115000 >> Recovery done, continuing...
1704190000 >> Requesting for the AHB bus...
1704965000 >> AHB granted, starting recovery...
1724165000 >> Recovery done, continuing...
1724240000 >> Requesting for the AHB bus...
1725015000 >> AHB granted, starting recovery...
1744215000 >> Recovery done, continuing...
1744290000 >> Requesting for the AHB bus...
1745065000 >> AHB granted, starting recovery...
1764265000 >> Recovery done, continuing...
1764340000 >> Requesting for the AHB bus...
1765115000 >> AHB granted, starting recovery...
1784315000 >> Recovery done, continuing...
1784390000 >> Requesting for the AHB bus...
1785165000 >> AHB granted, starting recovery...
1804365000 >> Recovery done, continuing...
1804440000 >> Requesting for the AHB bus...
1805215000 >> AHB granted, starting recovery...
1824415000 >> Recovery done, continuing...
1824490000 >> Requesting for the AHB bus...
1825290000 >> AHB granted, starting recovery...
1844490000 >> Recovery done, continuing...
1844565000 >> Requesting for the AHB bus...
1845340000 >> AHB granted, starting recovery...
1864540000 >> Recovery done, continuing...
1864615000 >> Requesting for the AHB bus...
1865390000 >> AHB granted, starting recovery...
1884590000 >> Recovery done, continuing...
1884665000 >> Requesting for the AHB bus...
1885440000 >> AHB granted, starting recovery...
1904640000 >> Recovery done, continuing...
1904715000 >> Requesting for the AHB bus...
1905490000 >> AHB granted, starting recovery...
1924690000 >> Recovery done, continuing...
1924765000 >> Requesting for the AHB bus...
1925540000 >> AHB granted, starting recovery...
1944740000 >> Recovery done, continuing...
1944815000 >> Requesting for the AHB bus...
1945590000 >> AHB granted, starting recovery...
1964790000 >> Recovery done, continuing...
1964865000 >> Requesting for the AHB bus...
1965640000 >> AHB granted, starting recovery...
1984840000 >> Recovery done, continuing...
1984915000 >> Requesting for the AHB bus...
1985690000 >> AHB granted, starting recovery...
2004890000 >> Recovery done, continuing...
2004965000 >> Requesting for the AHB bus...
2005740000 >> AHB granted, starting recovery...
2024940000 >> Recovery done, continuing...
2025015000 >> Requesting for the AHB bus...
2025790000 >> AHB granted, starting recovery...
2044990000 >> Recovery done, continuing...
2045065000 >> Requesting for the AHB bus...
2045840000 >> AHB granted, starting recovery...
2065040000 >> Recovery done, continuing...
2065115000 >> Requesting for the AHB bus...
2065890000 >> AHB granted, starting recovery...
2085090000 >> Recovery done, continuing...
2085165000 >> Requesting for the AHB bus...
2085940000 >> AHB granted, starting recovery...
2105140000 >> Recovery done, continuing...
2105215000 >> Requesting for the AHB bus...
2105990000 >> AHB granted, starting recovery...
2125190000 >> Recovery done, continuing...
2125265000 >> Requesting for the AHB bus...
2126090000 >> AHB granted, starting recovery...
2145290000 >> Recovery done, continuing...
2145365000 >> Requesting for the AHB bus...
2146140000 >> AHB granted, starting recovery...
2165340000 >> Recovery done, continuing...
2165415000 >> Requesting for the AHB bus...
2166190000 >> AHB granted, starting recovery...
2185390000 >> Recovery done, continuing...
2185465000 >> Requesting for the AHB bus...
2186240000 >> AHB granted, starting recovery...
2205440000 >> Recovery done, continuing...
2205515000 >> Requesting for the AHB bus...
2206290000 >> AHB granted, starting recovery...
2225490000 >> Recovery done, continuing...
2225565000 >> Requesting for the AHB bus...
2226340000 >> AHB granted, starting recovery...
2245540000 >> Recovery done, continuing...
2245615000 >> Requesting for the AHB bus...
2246390000 >> AHB granted, starting recovery...
2265590000 >> Recovery done, continuing...
2265665000 >> Requesting for the AHB bus...
2266440000 >> AHB granted, starting recovery...
2285640000 >> Recovery done, continuing...
2285715000 >> Requesting for the AHB bus...
2286490000 >> AHB granted, starting recovery...
2305690000 >> Recovery done, continuing...
2305765000 >> Requesting for the AHB bus...
2306540000 >> AHB granted, starting recovery...
2325740000 >> Recovery done, continuing...
2325815000 >> Requesting for the AHB bus...
2326590000 >> AHB granted, starting recovery...
2345790000 >> Recovery done, continuing...
2345865000 >> Requesting for the AHB bus...
2346640000 >> AHB granted, starting recovery...
2365840000 >> Recovery done, continuing...
2365915000 >> Requesting for the AHB bus...
2366690000 >> AHB granted, starting recovery...
2385890000 >> Recovery done, continuing...
2385965000 >> Requesting for the AHB bus...
2386740000 >> AHB granted, starting recovery...
2405940000 >> Recovery done, continuing...
2406015000 >> Requesting for the AHB bus...
2406790000 >> AHB granted, starting recovery...
2425990000 >> Recovery done, continuing...
2426065000 >> Requesting for the AHB bus...
2426890000 >> AHB granted, starting recovery...
2446090000 >> Recovery done, continuing...
2446165000 >> Requesting for the AHB bus...
2446940000 >> AHB granted, starting recovery...
2466140000 >> Recovery done, continuing...
2466215000 >> Requesting for the AHB bus...
2466990000 >> AHB granted, starting recovery...
2486190000 >> Recovery done, continuing...
2486265000 >> Requesting for the AHB bus...
2487040000 >> AHB granted, starting recovery...
2506240000 >> Recovery done, continuing...
2506315000 >> Requesting for the AHB bus...
2507090000 >> AHB granted, starting recovery...
2526290000 >> Recovery done, continuing...
2526365000 >> Requesting for the AHB bus...
2527140000 >> AHB granted, starting recovery...
2546340000 >> Recovery done, continuing...
2546415000 >> Requesting for the AHB bus...
2547190000 >> AHB granted, starting recovery...
2566390000 >> Recovery done, continuing...
2566465000 >> Requesting for the AHB bus...
2567240000 >> AHB granted, starting recovery...
2586440000 >> Recovery done, continuing...
2586515000 >> Requesting for the AHB bus...
2587290000 >> AHB granted, starting recovery...
2606490000 >> Recovery done, continuing...
2606565000 >> Requesting for the AHB bus...
2607340000 >> AHB granted, starting recovery...
2626540000 >> Recovery done, continuing...
2626615000 >> Requesting for the AHB bus...
2627390000 >> AHB granted, starting recovery...
2646590000 >> Recovery done, continuing...
2646665000 >> Requesting for the AHB bus...
2647440000 >> AHB granted, starting recovery...
2666640000 >> Recovery done, continuing...
2666715000 >> Requesting for the AHB bus...
2667490000 >> AHB granted, starting recovery...
2686690000 >> Recovery done, continuing...
2686765000 >> Requesting for the AHB bus...
2687540000 >> AHB granted, starting recovery...
2706740000 >> Recovery done, continuing...
2706815000 >> Requesting for the AHB bus...
2707590000 >> AHB granted, starting recovery...
2726790000 >> Recovery done, continuing...
2726865000 >> Requesting for the AHB bus...
2727690000 >> AHB granted, starting recovery...
2746890000 >> Recovery done, continuing...
2746965000 >> Requesting for the AHB bus...
2747740000 >> AHB granted, starting recovery...
2766940000 >> Recovery done, continuing...
2767015000 >> Requesting for the AHB bus...
2767790000 >> AHB granted, starting recovery...
2786990000 >> Recovery done, continuing...
2787065000 >> Requesting for the AHB bus...
2787840000 >> AHB granted, starting recovery...
2807040000 >> Recovery done, continuing...
2807115000 >> Requesting for the AHB bus...
2807890000 >> AHB granted, starting recovery...
2827090000 >> Recovery done, continuing...
2827165000 >> Requesting for the AHB bus...
2827940000 >> AHB granted, starting recovery...
2847140000 >> Recovery done, continuing...
2847215000 >> Requesting for the AHB bus...
2847990000 >> AHB granted, starting recovery...
2867190000 >> Recovery done, continuing...
2867265000 >> Requesting for the AHB bus...
2868040000 >> AHB granted, starting recovery...
2887240000 >> Recovery done, continuing...
2887315000 >> Requesting for the AHB bus...
2888090000 >> AHB granted, starting recovery...
2899665000 >> time limit reached...
/testbench/cpu/l3/u0/leon3x0/vhdl/p0/iu/r.w.wreg:1
/testbench/cpu/l3/u0/leon3x0/vhdl/p0/iu/r.m.irqen:1
/testbench/cpu/l3/u0/leon3x0/vhdl/p0/iu/r.m.icc:0000
/testbench/cpu/l3/u0/leon3x0/vhdl/p0/iu/r.a.ticc:0
/testbench/cpu/l3/u0/leon3x0/vhdl/p0/iu/r.a.step:0
/testbench/cpu/l3/u0/leon3x0/vhdl/p0/iu/r.m.irqen2:1
/testbench/cpu/l3/u0/leon3x0/vhdl/p0/iu/r.d.pc:01000000000000000000001001110100
/testbench/cpu/l3/u0/leon3x0/vhdl/p0/iu/r.d.rexpl:{{00000000000000000000000000000000} {00} {0} 0 0 {0000000000000000000} 0 0 0 0 0 0}
/testbench/cpu/l3/u0/leon3x0/vhdl/p0/iu/r.d.mexc:0
/testbench/cpu/l3/u0/leon3x0/vhdl/p0/iu/r.a.aw:0
/testbench/cpu/l3/u0/leon3x0/vhdl/p0/iu/r.e.ctrl:{{01000000000000000000001001110000} {11000010000001111011111111111000} {00} {10000001} {000000} 0 0 1 0 0 1 1 0 0}
/testbench/cpu/l3/u0/leon3x0/vhdl/p0/iu/r.a.divstart:0
/testbench/cpu/l3/u0/leon3x0/vhdl/p0/iu/r.e.shleft:0
/testbench/cpu/l3/u0/leon3x0/vhdl/p0/iu/r.a.bp:0
/testbench/cpu/l3/u0/leon3x0/vhdl/p0/iu/r.w.twcwp:000
/testbench/cpu/l3/u0/leon3x0/vhdl/p0/iu/r.a.jmpl:0
/testbench/cpu/l3/u0/leon3x0/vhdl/p0/iu/r.m.casa:0
/testbench/cpu/l3/u0/leon3x0/vhdl/p0/iu/r.m.werr:0
/testbench/cpu/l3/u0/leon3x0/vhdl/p0/iu/r.e.su:1
/testbench/cpu/l3/u0/leon3x0/vhdl/p0/iu/r.e.et:1
/testbench/cpu/l3/u0/leon3x0/vhdl/p0/iu/r.a.ldcheck1:1
/testbench/cpu/l3/u0/leon3x0/vhdl/p0/iu/r.d.stwin:000
/testbench/cpu/l3/u0/leon3x0/vhdl/p0/iu/r.a.ldcheck2:0
/testbench/cpu/l3/u0/leon3x0/vhdl/p0/iu/r.x.intack:0
/testbench/cpu/l3/u0/leon3x0/vhdl/p0/iu/r.m.ctrl:{{01000000000000000000001001101100} {11000100001010000100000000000000} {01} {10000010} {000000} 0 0 0 0 0 0 0 0 0}
/testbench/cpu/l3/u0/leon3x0/vhdl/p0/iu/r.a.cwp:101
/testbench/cpu/l3/u0/leon3x0/vhdl/p0/iu/r.e.sari:0
/testbench/cpu/l3/u0/leon3x0/vhdl/p0/iu/r.d.paw:0
/testbench/cpu/l3/u0/leon3x0/vhdl/p0/iu/r.d.aw:0
/testbench/cpu/l3/u0/leon3x0/vhdl/p0/iu/r.d.awp:000
/testbench/cpu/l3/u0/leon3x0/vhdl/p0/iu/r.x.ctrl:{{01000000000000000000001001101100} {11000100001010000100000000000000} {00} {10000010} {000000} 0 0 0 0 0 0 1 0 0}
/testbench/cpu/l3/u0/leon3x0/vhdl/p0/iu/r.m.rexnalign:0
/testbench/cpu/l3/u0/leon3x0/vhdl/p0/iu/r.m.su:1
/testbench/cpu/l3/u0/leon3x0/vhdl/p0/iu/r.m.wcwp:0
/testbench/cpu/l3/u0/leon3x0/vhdl/p0/iu/r.d.divrdy:0
/testbench/cpu/l3/u0/leon3x0/vhdl/p0/iu/r.e.cwp:101
/testbench/cpu/l3/u0/leon3x0/vhdl/p0/iu/r.w.except:0
/testbench/cpu/l3/u0/leon3x0/vhdl/p0/iu/r.x.nerror:0
/testbench/cpu/l3/u0/leon3x0/vhdl/p0/iu/r.a.bpimiss:0
/testbench/cpu/l3/u0/leon3x0/vhdl/p0/iu/r.a.nobp:0
/testbench/cpu/l3/u0/leon3x0/vhdl/p0/iu/r.d.rexcnt:0
/testbench/cpu/l3/u0/leon3x0/vhdl/p0/iu/r.w.s:{{101} {0000} {00000000} {01000000000000000000} {00000010} {0000} 0 0 1 1 1 {00000000000000000000000000000000} {UUUUUUUUUUUUUUUUUUUUUUUUUUUUUUUU} 1 0 0 1 1 1 0 0 {000} {000} {111}}
/testbench/cpu/l3/u0/leon3x0/vhdl/p0/iu/r.d.pv:1
/testbench/cpu/l3/u0/leon3x0/vhdl/p0/iu/r.a.ldchkra:1
/testbench/cpu/l3/u0/leon3x0/vhdl/p0/iu/r.a.rfa1:10000001
/testbench/cpu/l3/u0/leon3x0/vhdl/p0/iu/r.a.rfa2:10000001
/testbench/cpu/l3/u0/leon3x0/vhdl/p0/iu/r.a.imm:00000000000000000000000000000001
/testbench/cpu/l3/u0/leon3x0/vhdl/p0/iu/r.w.wa:10000010
/testbench/cpu/l3/u0/leon3x0/vhdl/p0/iu/r.m.casaz:0
/testbench/cpu/l3/u0/leon3x0/vhdl/p0/iu/r.x.dci:{0 1 0 0 0 0 {00} {00001011}}
/testbench/cpu/l3/u0/leon3x0/vhdl/p0/iu/r.x.mac:0
/testbench/cpu/l3/u0/leon3x0/vhdl/p0/iu/r.m.divz:0
/testbench/cpu/l3/u0/leon3x0/vhdl/p0/iu/r.d.inst:{{10000010000000000110000000000001}}
/testbench/cpu/l3/u0/leon3x0/vhdl/p0/iu/r.e.rfe1:1
/testbench/cpu/l3/u0/leon3x0/vhdl/p0/iu/r.a.wovf:0
/testbench/cpu/l3/u0/leon3x0/vhdl/p0/iu/r.e.rfe2:0
/testbench/cpu/l3/u0/leon3x0/vhdl/p0/iu/r.e.op1:01000000000011111111111010011000
/testbench/cpu/l3/u0/leon3x0/vhdl/p0/iu/r.m.nalign:1
/testbench/cpu/l3/u0/leon3x0/vhdl/p0/iu/r.e.op2:11111111111111111111111111111000
/testbench/cpu/l3/u0/leon3x0/vhdl/p0/iu/r.d.rexen:0
/testbench/cpu/l3/u0/leon3x0/vhdl/p0/iu/r.a.ctrl:{{01000000000000000000001001110100} {10000010000000000110000000000001} {00} {10000001} {000000} 0 1 0 0 0 0 0 0 0}
/testbench/cpu/l3/u0/leon3x0/vhdl/p0/iu/r.x.ipend:0
/testbench/cpu/l3/u0/leon3x0/vhdl/p0/iu/r.e.ldbp1:0
/testbench/cpu/l3/u0/leon3x0/vhdl/p0/iu/r.e.aluadd:1
/testbench/cpu/l3/u0/leon3x0/vhdl/p0/iu/r.d.set:0
/testbench/cpu/l3/u0/leon3x0/vhdl/p0/iu/r.d.inull:0
/testbench/cpu/l3/u0/leon3x0/vhdl/p0/iu/r.e.ldbp2:1
/testbench/cpu/l3/u0/leon3x0/vhdl/p0/iu/r.d.cnt:00
/testbench/cpu/l3/u0/leon3x0/vhdl/p0/iu/r.a.su:1
/testbench/cpu/l3/u0/leon3x0/vhdl/p0/iu/r.a.et:1
/testbench/cpu/l3/u0/leon3x0/vhdl/p0/iu/r.e.mul:0
/testbench/cpu/l3/u0/leon3x0/vhdl/p0/iu/r.e.alusel:00
/testbench/cpu/l3/u0/leon3x0/vhdl/p0/iu/r.e.aw:U
/testbench/cpu/l3/u0/leon3x0/vhdl/p0/iu/r.e.mac:0
/testbench/cpu/l3/u0/leon3x0/vhdl/p0/iu/r.a.decill:0
/testbench/cpu/l3/u0/leon3x0/vhdl/p0/iu/r.x.icc:0000
/testbench/cpu/l3/u0/leon3x0/vhdl/p0/iu/r.x.result:01000000000000000001101011100010
/testbench/cpu/l3/u0/leon3x0/vhdl/p0/iu/r.e.bp:0
/testbench/cpu/l3/u0/leon3x0/vhdl/p0/iu/r.a.rs1:00001
/testbench/cpu/l3/u0/leon3x0/vhdl/p0/iu/r.e.jmpl:0
/testbench/cpu/l3/u0/leon3x0/vhdl/p0/iu/r.a.rsel1:001
/testbench/cpu/l3/u0/leon3x0/vhdl/p0/iu/r.x.y:00000000000000000000000000000000
/testbench/cpu/l3/u0/leon3x0/vhdl/p0/iu/r.a.rsel2:100
/testbench/cpu/l3/u0/leon3x0/vhdl/p0/iu/r.a.awp:000
/testbench/cpu/l3/u0/leon3x0/vhdl/p0/iu/r.a.paw:0
/testbench/cpu/l3/u0/leon3x0/vhdl/p0/iu/r.x.data:{{00000000000000000000000000000001}}
/testbench/cpu/l3/u0/leon3x0/vhdl/p0/iu/r.m.mul:0
/testbench/cpu/l3/u0/leon3x0/vhdl/p0/iu/r.e.rd:UUUUU
/testbench/cpu/l3/u0/leon3x0/vhdl/p0/iu/r.e.invop2:0
/testbench/cpu/l3/u0/leon3x0/vhdl/p0/iu/r.m.wawp:0
/testbench/cpu/l3/u0/leon3x0/vhdl/p0/iu/r.d.cwpmax:111
/testbench/cpu/l3/u0/leon3x0/vhdl/p0/iu/r.f.branch:0
/testbench/cpu/l3/u0/leon3x0/vhdl/p0/iu/r.d.pcheld:1
/testbench/cpu/l3/u0/leon3x0/vhdl/p0/iu/r.m.dci:{0 0 0 1 0 0 {00} {00001011}}
/testbench/cpu/l3/u0/leon3x0/vhdl/p0/iu/r.e.paw:U
/testbench/cpu/l3/u0/leon3x0/vhdl/p0/iu/r.e.awp:UUU
/testbench/cpu/l3/u0/leon3x0/vhdl/p0/iu/r.e.shcnt:11000
/testbench/cpu/l3/u0/leon3x0/vhdl/p0/iu/r.w.result:00000000000000000000000000000001
/testbench/cpu/l3/u0/leon3x0/vhdl/p0/iu/r.m.mac:0
/testbench/cpu/l3/u0/leon3x0/vhdl/p0/iu/r.m.y:00000000000000000000000000000000
/testbench/cpu/l3/u0/leon3x0/vhdl/p0/iu/r.d.cwp:101
/testbench/cpu/l3/u0/leon3x0/vhdl/p0/iu/r.x.laddr:10
/testbench/cpu/l3/u0/leon3x0/vhdl/p0/iu/r.e.mulstep:0
/testbench/cpu/l3/u0/leon3x0/vhdl/p0/iu/r.e.ymsb:0
/testbench/cpu/l3/u0/leon3x0/vhdl/p0/iu/r.d.rexbuf:00000000000000000000000000000000
/testbench/cpu/l3/u0/leon3x0/vhdl/p0/iu/r.x.npc:100
/testbench/cpu/l3/u0/leon3x0/vhdl/p0/iu/r.f.pc:01000000000000000000001001111000
/testbench/cpu/l3/u0/leon3x0/vhdl/p0/iu/r.d.annul:0
/testbench/cpu/l3/u0/leon3x0/vhdl/p0/iu/r.x.rstate:run
/testbench/cpu/l3/u0/leon3x0/vhdl/p0/iu/r.x.set:0
/testbench/cpu/l3/u0/leon3x0/vhdl/p0/iu/r.m.result:00000001000000010000000100000001
/testbench/cpu/l3/u0/leon3x0/vhdl/p0/iu/r.e.icc:UUUU
/testbench/cpu/l3/u0/leon3x0/vhdl/p0/iu/r.a.getpc:0
/testbench/cpu/l3/u0/leon3x0/vhdl/p0/iu/r.a.ldchkex:1
/testbench/cpu/l3/u0/leon3x0/vhdl/p0/iu/r.x.mexc:0
/testbench/cpu/l3/u0/leon3x0/vhdl/p0/iu/r.a.mulstart:0
/testbench/cpu/l3/u0/leon3x0/vhdl/p0/iu/r.d.rexpos:10
/testbench/cpu/l3/u0/leon3x0/vhdl/p0/iu/r.x.annul_all:0
/testbench/cpu/l3/u0/leon3x0/vhdl/p0/iu/r.e.aluop:000
/testbench/cpu/l3/u0/leon3x0/vhdl/p0/iu/r.x.debug:0
/testbench/cpu/l3/u0/leon3x0/vhdl/p0/iu/r.a.rfe1:0
/testbench/cpu/l3/u0/leon3x0/vhdl/p0/iu/r.d.step:0
/testbench/cpu/l3/u0/leon3x0/vhdl/p0/iu/r.a.rfe2:0
/testbench/cpu/l3/u0/leon3x0/vhdl/p0/iu/r.e.alucin:0
/testbench/cpu/l3/u0/leon3x0/vhdl/p0/iu/r.a.wunf:0
======================================
progstatus: -2
execerr: 108
latent: 1
time limit!
>>>>>>>>>>>>>>> 2899665000
======================================
