Test signal = /testbench/cpu/l3/u0/leon3x0/vhdl/p0/iu/r.m.wcwp
oldval = 0
pos1: -1 pos0: 0 posU: -1
newval = 1
Signal value: 0
oldval = 0
pos1: -1 pos0: 0 posU: -1
newval = 1
force in 473241
584840000 >> iteration no: 0
1027865000 >> iteration no: 1
1054390000 >> Requesting for the AHB bus...
1055090000 >> Requesting for the AHB bus...
1055490000 >> AHB granted, starting recovery...
1074690000 >> Recovery done, continuing...
1074740000 >> Requesting for the AHB bus...
1075390000 >> Requesting for the AHB bus...
1075790000 >> AHB granted, starting recovery...
1094990000 >> Recovery done, continuing...
1095040000 >> Requesting for the AHB bus...
1095690000 >> Requesting for the AHB bus...
1096090000 >> AHB granted, starting recovery...
1115290000 >> Recovery done, continuing...
1115340000 >> Requesting for the AHB bus...
1115990000 >> Requesting for the AHB bus...
1116390000 >> AHB granted, starting recovery...
1135590000 >> Recovery done, continuing...
1135640000 >> Requesting for the AHB bus...
1136290000 >> Requesting for the AHB bus...
1136690000 >> AHB granted, starting recovery...
1155890000 >> Recovery done, continuing...
1155940000 >> Requesting for the AHB bus...
1156590000 >> Requesting for the AHB bus...
1156990000 >> AHB granted, starting recovery...
1176190000 >> Recovery done, continuing...
1176240000 >> Requesting for the AHB bus...
1176890000 >> Requesting for the AHB bus...
1177290000 >> AHB granted, starting recovery...
1196490000 >> Recovery done, continuing...
1196540000 >> Requesting for the AHB bus...
1197190000 >> Requesting for the AHB bus...
1197590000 >> AHB granted, starting recovery...
1216790000 >> Recovery done, continuing...
1216840000 >> Requesting for the AHB bus...
1217490000 >> Requesting for the AHB bus...
1217890000 >> AHB granted, starting recovery...
1237090000 >> Recovery done, continuing...
1237140000 >> Requesting for the AHB bus...
1237790000 >> Requesting for the AHB bus...
1238190000 >> AHB granted, starting recovery...
1257390000 >> Recovery done, continuing...
1257440000 >> Requesting for the AHB bus...
1258090000 >> Requesting for the AHB bus...
1258490000 >> AHB granted, starting recovery...
1277690000 >> Recovery done, continuing...
1277740000 >> Requesting for the AHB bus...
1278390000 >> Requesting for the AHB bus...
1278790000 >> AHB granted, starting recovery...
1297990000 >> Recovery done, continuing...
1298040000 >> Requesting for the AHB bus...
1298690000 >> Requesting for the AHB bus...
1299090000 >> AHB granted, starting recovery...
1318290000 >> Recovery done, continuing...
1318340000 >> Requesting for the AHB bus...
1318990000 >> Requesting for the AHB bus...
1319390000 >> AHB granted, starting recovery...
1338590000 >> Recovery done, continuing...
1338640000 >> Requesting for the AHB bus...
1339290000 >> Requesting for the AHB bus...
1339690000 >> AHB granted, starting recovery...
1358890000 >> Recovery done, continuing...
1358940000 >> Requesting for the AHB bus...
1359590000 >> Requesting for the AHB bus...
1359990000 >> AHB granted, starting recovery...
1379190000 >> Recovery done, continuing...
1379240000 >> Requesting for the AHB bus...
1379890000 >> Requesting for the AHB bus...
1380290000 >> AHB granted, starting recovery...
1399490000 >> Recovery done, continuing...
1399540000 >> Requesting for the AHB bus...
1400190000 >> Requesting for the AHB bus...
1400590000 >> AHB granted, starting recovery...
1419790000 >> Recovery done, continuing...
1419840000 >> Requesting for the AHB bus...
1420490000 >> Requesting for the AHB bus...
1420890000 >> AHB granted, starting recovery...
1440090000 >> Recovery done, continuing...
1440140000 >> Requesting for the AHB bus...
1440965000 >> Requesting for the AHB bus...
1441365000 >> AHB granted, starting recovery...
1460565000 >> Recovery done, continuing...
1460615000 >> Requesting for the AHB bus...
1461265000 >> Requesting for the AHB bus...
1461665000 >> AHB granted, starting recovery...
1480865000 >> Recovery done, continuing...
1480915000 >> Requesting for the AHB bus...
1481565000 >> Requesting for the AHB bus...
1481965000 >> AHB granted, starting recovery...
1501165000 >> Recovery done, continuing...
1501215000 >> Requesting for the AHB bus...
1501865000 >> Requesting for the AHB bus...
1502265000 >> AHB granted, starting recovery...
1521465000 >> Recovery done, continuing...
1521515000 >> Requesting for the AHB bus...
1522165000 >> Requesting for the AHB bus...
1522565000 >> AHB granted, starting recovery...
1541765000 >> Recovery done, continuing...
1541815000 >> Requesting for the AHB bus...
1542465000 >> Requesting for the AHB bus...
1542865000 >> AHB granted, starting recovery...
1562065000 >> Recovery done, continuing...
1562115000 >> Requesting for the AHB bus...
1562765000 >> Requesting for the AHB bus...
1563165000 >> AHB granted, starting recovery...
1582365000 >> Recovery done, continuing...
1582415000 >> Requesting for the AHB bus...
1583065000 >> Requesting for the AHB bus...
1583465000 >> AHB granted, starting recovery...
1602665000 >> Recovery done, continuing...
1602715000 >> Requesting for the AHB bus...
1603365000 >> Requesting for the AHB bus...
1603765000 >> AHB granted, starting recovery...
1622965000 >> Recovery done, continuing...
1623015000 >> Requesting for the AHB bus...
1623665000 >> Requesting for the AHB bus...
1624065000 >> AHB granted, starting recovery...
1643265000 >> Recovery done, continuing...
1643315000 >> Requesting for the AHB bus...
1643965000 >> Requesting for the AHB bus...
1644365000 >> AHB granted, starting recovery...
1663565000 >> Recovery done, continuing...
1663615000 >> Requesting for the AHB bus...
1664265000 >> Requesting for the AHB bus...
1664665000 >> AHB granted, starting recovery...
1683865000 >> Recovery done, continuing...
1683915000 >> Requesting for the AHB bus...
1684565000 >> Requesting for the AHB bus...
1684965000 >> AHB granted, starting recovery...
1704165000 >> Recovery done, continuing...
1704215000 >> Requesting for the AHB bus...
1704865000 >> Requesting for the AHB bus...
1705265000 >> AHB granted, starting recovery...
1724465000 >> Recovery done, continuing...
1724515000 >> Requesting for the AHB bus...
1725165000 >> Requesting for the AHB bus...
1725565000 >> AHB granted, starting recovery...
1744765000 >> Recovery done, continuing...
1744815000 >> Requesting for the AHB bus...
1745465000 >> Requesting for the AHB bus...
1745865000 >> AHB granted, starting recovery...
1765065000 >> Recovery done, continuing...
1765115000 >> Requesting for the AHB bus...
1765765000 >> Requesting for the AHB bus...
1766165000 >> AHB granted, starting recovery...
1785365000 >> Recovery done, continuing...
1785415000 >> Requesting for the AHB bus...
1786065000 >> Requesting for the AHB bus...
1786465000 >> AHB granted, starting recovery...
1805665000 >> Recovery done, continuing...
1805715000 >> Requesting for the AHB bus...
1806365000 >> Requesting for the AHB bus...
1806765000 >> AHB granted, starting recovery...
1825965000 >> Recovery done, continuing...
1826015000 >> Requesting for the AHB bus...
1826665000 >> Requesting for the AHB bus...
1827065000 >> AHB granted, starting recovery...
1846265000 >> Recovery done, continuing...
1846315000 >> Requesting for the AHB bus...
1846965000 >> Requesting for the AHB bus...
1847365000 >> AHB granted, starting recovery...
1866565000 >> Recovery done, continuing...
1866615000 >> Requesting for the AHB bus...
1867265000 >> Requesting for the AHB bus...
1867665000 >> AHB granted, starting recovery...
1886865000 >> Recovery done, continuing...
1886915000 >> Requesting for the AHB bus...
1887565000 >> Requesting for the AHB bus...
1887965000 >> AHB granted, starting recovery...
1907165000 >> Recovery done, continuing...
1907215000 >> Requesting for the AHB bus...
1908040000 >> Requesting for the AHB bus...
1908440000 >> AHB granted, starting recovery...
1927640000 >> Recovery done, continuing...
1927690000 >> Requesting for the AHB bus...
1928340000 >> Requesting for the AHB bus...
1928740000 >> AHB granted, starting recovery...
1947940000 >> Recovery done, continuing...
1947990000 >> Requesting for the AHB bus...
1948640000 >> Requesting for the AHB bus...
1949040000 >> AHB granted, starting recovery...
1968240000 >> Recovery done, continuing...
1968290000 >> Requesting for the AHB bus...
1968940000 >> Requesting for the AHB bus...
1969340000 >> AHB granted, starting recovery...
1988540000 >> Recovery done, continuing...
1988590000 >> Requesting for the AHB bus...
1989240000 >> Requesting for the AHB bus...
1989640000 >> AHB granted, starting recovery...
2008840000 >> Recovery done, continuing...
2008890000 >> Requesting for the AHB bus...
2009540000 >> Requesting for the AHB bus...
2009940000 >> AHB granted, starting recovery...
2029140000 >> Recovery done, continuing...
2029190000 >> Requesting for the AHB bus...
2029940000 >> Requesting for the AHB bus...
2030340000 >> AHB granted, starting recovery...
2049540000 >> Recovery done, continuing...
2049590000 >> Requesting for the AHB bus...
2050240000 >> Requesting for the AHB bus...
2050640000 >> AHB granted, starting recovery...
2069840000 >> Recovery done, continuing...
2069890000 >> Requesting for the AHB bus...
2070540000 >> Requesting for the AHB bus...
2070940000 >> AHB granted, starting recovery...
2090140000 >> Recovery done, continuing...
2090190000 >> Requesting for the AHB bus...
2090840000 >> Requesting for the AHB bus...
2091240000 >> AHB granted, starting recovery...
2110440000 >> Recovery done, continuing...
2110490000 >> Requesting for the AHB bus...
2111140000 >> Requesting for the AHB bus...
2111540000 >> AHB granted, starting recovery...
2130740000 >> Recovery done, continuing...
2130790000 >> Requesting for the AHB bus...
2131440000 >> Requesting for the AHB bus...
2131840000 >> AHB granted, starting recovery...
2151040000 >> Recovery done, continuing...
2151090000 >> Requesting for the AHB bus...
2151740000 >> Requesting for the AHB bus...
2152140000 >> AHB granted, starting recovery...
2171340000 >> Recovery done, continuing...
2171390000 >> Requesting for the AHB bus...
2172040000 >> Requesting for the AHB bus...
2172440000 >> AHB granted, starting recovery...
2191640000 >> Recovery done, continuing...
2191690000 >> Requesting for the AHB bus...
2192340000 >> Requesting for the AHB bus...
2192740000 >> AHB granted, starting recovery...
2211940000 >> Recovery done, continuing...
2211990000 >> Requesting for the AHB bus...
2212640000 >> Requesting for the AHB bus...
2213040000 >> AHB granted, starting recovery...
2232240000 >> Recovery done, continuing...
2232290000 >> Requesting for the AHB bus...
2232940000 >> Requesting for the AHB bus...
2233340000 >> AHB granted, starting recovery...
2252540000 >> Recovery done, continuing...
2252590000 >> Requesting for the AHB bus...
2253240000 >> Requesting for the AHB bus...
2253640000 >> AHB granted, starting recovery...
2272840000 >> Recovery done, continuing...
2272890000 >> Requesting for the AHB bus...
2273540000 >> Requesting for the AHB bus...
2273940000 >> AHB granted, starting recovery...
2293140000 >> Recovery done, continuing...
2293190000 >> Requesting for the AHB bus...
2293840000 >> Requesting for the AHB bus...
2294240000 >> AHB granted, starting recovery...
2313440000 >> Recovery done, continuing...
2313490000 >> Requesting for the AHB bus...
2314140000 >> Requesting for the AHB bus...
2314540000 >> AHB granted, starting recovery...
2333740000 >> Recovery done, continuing...
2333790000 >> Requesting for the AHB bus...
2334440000 >> Requesting for the AHB bus...
2334840000 >> AHB granted, starting recovery...
2354040000 >> Recovery done, continuing...
2354090000 >> Requesting for the AHB bus...
2354740000 >> Requesting for the AHB bus...
2355140000 >> AHB granted, starting recovery...
2374340000 >> Recovery done, continuing...
2374390000 >> Requesting for the AHB bus...
2375215000 >> Requesting for the AHB bus...
2375615000 >> AHB granted, starting recovery...
2394815000 >> Recovery done, continuing...
2394865000 >> Requesting for the AHB bus...
2395515000 >> Requesting for the AHB bus...
2395915000 >> AHB granted, starting recovery...
2415115000 >> Recovery done, continuing...
2415165000 >> Requesting for the AHB bus...
2415815000 >> Requesting for the AHB bus...
2416215000 >> AHB granted, starting recovery...
2435415000 >> Recovery done, continuing...
2435465000 >> Requesting for the AHB bus...
2436115000 >> Requesting for the AHB bus...
2436515000 >> AHB granted, starting recovery...
2455715000 >> Recovery done, continuing...
2455765000 >> Requesting for the AHB bus...
2456415000 >> Requesting for the AHB bus...
2456815000 >> AHB granted, starting recovery...
2476015000 >> Recovery done, continuing...
2476065000 >> Requesting for the AHB bus...
2476715000 >> Requesting for the AHB bus...
2477115000 >> AHB granted, starting recovery...
2496315000 >> Recovery done, continuing...
2496365000 >> Requesting for the AHB bus...
2497140000 >> Requesting for the AHB bus...
2497540000 >> AHB granted, starting recovery...
2516740000 >> Recovery done, continuing...
2516790000 >> Requesting for the AHB bus...
2517440000 >> Requesting for the AHB bus...
2517840000 >> AHB granted, starting recovery...
2537040000 >> Recovery done, continuing...
2537090000 >> Requesting for the AHB bus...
2537740000 >> Requesting for the AHB bus...
2538140000 >> AHB granted, starting recovery...
2557340000 >> Recovery done, continuing...
2557390000 >> Requesting for the AHB bus...
2558040000 >> Requesting for the AHB bus...
2558440000 >> AHB granted, starting recovery...
2577640000 >> Recovery done, continuing...
2577690000 >> Requesting for the AHB bus...
2578340000 >> Requesting for the AHB bus...
2578740000 >> AHB granted, starting recovery...
2597940000 >> Recovery done, continuing...
2597990000 >> Requesting for the AHB bus...
2598640000 >> Requesting for the AHB bus...
2599040000 >> AHB granted, starting recovery...
2618240000 >> Recovery done, continuing...
2618290000 >> Requesting for the AHB bus...
2618940000 >> Requesting for the AHB bus...
2619340000 >> AHB granted, starting recovery...
2638540000 >> Recovery done, continuing...
2638590000 >> Requesting for the AHB bus...
2639240000 >> Requesting for the AHB bus...
2639640000 >> AHB granted, starting recovery...
2658840000 >> Recovery done, continuing...
2658890000 >> Requesting for the AHB bus...
2659540000 >> Requesting for the AHB bus...
2659940000 >> AHB granted, starting recovery...
2679140000 >> Recovery done, continuing...
2679190000 >> Requesting for the AHB bus...
2679840000 >> Requesting for the AHB bus...
2680240000 >> AHB granted, starting recovery...
2699440000 >> Recovery done, continuing...
2699490000 >> Requesting for the AHB bus...
2700140000 >> Requesting for the AHB bus...
2700540000 >> AHB granted, starting recovery...
2719740000 >> Recovery done, continuing...
2719790000 >> Requesting for the AHB bus...
2720440000 >> Requesting for the AHB bus...
2720840000 >> AHB granted, starting recovery...
2740040000 >> Recovery done, continuing...
2740090000 >> Requesting for the AHB bus...
2740740000 >> Requesting for the AHB bus...
2741140000 >> AHB granted, starting recovery...
2760340000 >> Recovery done, continuing...
2760390000 >> Requesting for the AHB bus...
2761040000 >> Requesting for the AHB bus...
2761440000 >> AHB granted, starting recovery...
2780640000 >> Recovery done, continuing...
2780690000 >> Requesting for the AHB bus...
2781340000 >> Requesting for the AHB bus...
2781740000 >> AHB granted, starting recovery...
2800940000 >> Recovery done, continuing...
2800990000 >> Requesting for the AHB bus...
2801640000 >> Requesting for the AHB bus...
2802040000 >> AHB granted, starting recovery...
2821240000 >> Recovery done, continuing...
2821290000 >> Requesting for the AHB bus...
2821940000 >> Requesting for the AHB bus...
2822340000 >> AHB granted, starting recovery...
2841540000 >> Recovery done, continuing...
2841590000 >> Requesting for the AHB bus...
2842415000 >> Requesting for the AHB bus...
2842815000 >> AHB granted, starting recovery...
2862015000 >> Recovery done, continuing...
2862065000 >> Requesting for the AHB bus...
2862715000 >> Requesting for the AHB bus...
2863115000 >> AHB granted, starting recovery...
2882315000 >> Recovery done, continuing...
2882365000 >> Requesting for the AHB bus...
2883015000 >> Requesting for the AHB bus...
2883415000 >> AHB granted, starting recovery...
2899665000 >> time limit reached...
/testbench/cpu/l3/u0/leon3x0/vhdl/p0/iu/r.w.wreg:1
/testbench/cpu/l3/u0/leon3x0/vhdl/p0/iu/r.m.irqen:1
/testbench/cpu/l3/u0/leon3x0/vhdl/p0/iu/r.m.icc:1001
/testbench/cpu/l3/u0/leon3x0/vhdl/p0/iu/r.a.ticc:0
/testbench/cpu/l3/u0/leon3x0/vhdl/p0/iu/r.a.step:0
/testbench/cpu/l3/u0/leon3x0/vhdl/p0/iu/r.m.irqen2:1
/testbench/cpu/l3/u0/leon3x0/vhdl/p0/iu/r.d.pc:01000000000000000000001001000000
/testbench/cpu/l3/u0/leon3x0/vhdl/p0/iu/r.d.rexpl:{{00000000000000000000000000000000} {00} {0} 0 0 {0000000000000000000} 0 0 0 0 0 0}
/testbench/cpu/l3/u0/leon3x0/vhdl/p0/iu/r.d.mexc:0
/testbench/cpu/l3/u0/leon3x0/vhdl/p0/iu/r.a.aw:0
/testbench/cpu/l3/u0/leon3x0/vhdl/p0/iu/r.e.ctrl:{{01000000000000000000001000111100} {11000010000001111011111111111100} {00} {10000001} {000000} 0 0 1 0 0 1 1 0 0}
/testbench/cpu/l3/u0/leon3x0/vhdl/p0/iu/r.a.divstart:0
/testbench/cpu/l3/u0/leon3x0/vhdl/p0/iu/r.e.shleft:0
/testbench/cpu/l3/u0/leon3x0/vhdl/p0/iu/r.a.bp:0
/testbench/cpu/l3/u0/leon3x0/vhdl/p0/iu/r.w.twcwp:000
/testbench/cpu/l3/u0/leon3x0/vhdl/p0/iu/r.a.jmpl:0
/testbench/cpu/l3/u0/leon3x0/vhdl/p0/iu/r.m.casa:0
/testbench/cpu/l3/u0/leon3x0/vhdl/p0/iu/r.m.werr:0
/testbench/cpu/l3/u0/leon3x0/vhdl/p0/iu/r.e.su:1
/testbench/cpu/l3/u0/leon3x0/vhdl/p0/iu/r.e.et:1
/testbench/cpu/l3/u0/leon3x0/vhdl/p0/iu/r.a.ldcheck1:1
/testbench/cpu/l3/u0/leon3x0/vhdl/p0/iu/r.d.stwin:000
/testbench/cpu/l3/u0/leon3x0/vhdl/p0/iu/r.a.ldcheck2:0
/testbench/cpu/l3/u0/leon3x0/vhdl/p0/iu/r.x.intack:0
/testbench/cpu/l3/u0/leon3x0/vhdl/p0/iu/r.m.ctrl:{{01000000000000000000001000111000} {11000010001001111011111111111100} {01} {10000001} {000000} 0 0 0 0 0 0 0 0 0}
/testbench/cpu/l3/u0/leon3x0/vhdl/p0/iu/r.a.cwp:100
/testbench/cpu/l3/u0/leon3x0/vhdl/p0/iu/r.e.sari:0
/testbench/cpu/l3/u0/leon3x0/vhdl/p0/iu/r.d.paw:0
/testbench/cpu/l3/u0/leon3x0/vhdl/p0/iu/r.d.aw:0
/testbench/cpu/l3/u0/leon3x0/vhdl/p0/iu/r.d.awp:000
/testbench/cpu/l3/u0/leon3x0/vhdl/p0/iu/r.x.ctrl:{{01000000000000000000001000111000} {11000010001001111011111111111100} {00} {10000001} {000000} 0 0 0 0 0 0 1 0 0}
/testbench/cpu/l3/u0/leon3x0/vhdl/p0/iu/r.m.rexnalign:0
/testbench/cpu/l3/u0/leon3x0/vhdl/p0/iu/r.m.su:1
/testbench/cpu/l3/u0/leon3x0/vhdl/p0/iu/r.m.wcwp:0
/testbench/cpu/l3/u0/leon3x0/vhdl/p0/iu/r.d.divrdy:0
/testbench/cpu/l3/u0/leon3x0/vhdl/p0/iu/r.e.cwp:100
/testbench/cpu/l3/u0/leon3x0/vhdl/p0/iu/r.w.except:0
/testbench/cpu/l3/u0/leon3x0/vhdl/p0/iu/r.x.nerror:0
/testbench/cpu/l3/u0/leon3x0/vhdl/p0/iu/r.a.bpimiss:0
/testbench/cpu/l3/u0/leon3x0/vhdl/p0/iu/r.a.nobp:0
/testbench/cpu/l3/u0/leon3x0/vhdl/p0/iu/r.d.rexcnt:0
/testbench/cpu/l3/u0/leon3x0/vhdl/p0/iu/r.w.s:{{101} {1001} {00000000} {01000000000000000000} {00000010} {0000} 0 0 1 1 1 {00000000000000000000000000000000} {UUUUUUUUUUUUUUUUUUUUUUUUUUUUUUUU} 1 0 0 1 1 1 0 0 {000} {000} {111}}
/testbench/cpu/l3/u0/leon3x0/vhdl/p0/iu/r.d.pv:1
/testbench/cpu/l3/u0/leon3x0/vhdl/p0/iu/r.a.ldchkra:1
/testbench/cpu/l3/u0/leon3x0/vhdl/p0/iu/r.a.rfa1:10000001
/testbench/cpu/l3/u0/leon3x0/vhdl/p0/iu/r.a.rfa2:10000011
/testbench/cpu/l3/u0/leon3x0/vhdl/p0/iu/r.a.imm:00000000000000000000000000000011
/testbench/cpu/l3/u0/leon3x0/vhdl/p0/iu/r.w.wa:10000001
/testbench/cpu/l3/u0/leon3x0/vhdl/p0/iu/r.m.casaz:0
/testbench/cpu/l3/u0/leon3x0/vhdl/p0/iu/r.x.dci:{0 1 0 0 0 0 {10} {00001011}}
/testbench/cpu/l3/u0/leon3x0/vhdl/p0/iu/r.x.mac:0
/testbench/cpu/l3/u0/leon3x0/vhdl/p0/iu/r.m.divz:0
/testbench/cpu/l3/u0/leon3x0/vhdl/p0/iu/r.d.inst:{{10000000101000000110000000000011}}
/testbench/cpu/l3/u0/leon3x0/vhdl/p0/iu/r.e.rfe1:1
/testbench/cpu/l3/u0/leon3x0/vhdl/p0/iu/r.a.wovf:0
/testbench/cpu/l3/u0/leon3x0/vhdl/p0/iu/r.e.rfe2:0
/testbench/cpu/l3/u0/leon3x0/vhdl/p0/iu/r.e.op1:01000000000011111111111000110000
/testbench/cpu/l3/u0/leon3x0/vhdl/p0/iu/r.m.nalign:1
/testbench/cpu/l3/u0/leon3x0/vhdl/p0/iu/r.e.op2:11111111111111111111111111111100
/testbench/cpu/l3/u0/leon3x0/vhdl/p0/iu/r.d.rexen:0
/testbench/cpu/l3/u0/leon3x0/vhdl/p0/iu/r.a.ctrl:{{01000000000000000000001001000000} {10000000101000000110000000000011} {00} {10000000} {000000} 0 1 0 0 0 0 0 0 0}
/testbench/cpu/l3/u0/leon3x0/vhdl/p0/iu/r.x.ipend:0
/testbench/cpu/l3/u0/leon3x0/vhdl/p0/iu/r.e.ldbp1:0
/testbench/cpu/l3/u0/leon3x0/vhdl/p0/iu/r.e.aluadd:1
/testbench/cpu/l3/u0/leon3x0/vhdl/p0/iu/r.d.set:0
/testbench/cpu/l3/u0/leon3x0/vhdl/p0/iu/r.d.inull:0
/testbench/cpu/l3/u0/leon3x0/vhdl/p0/iu/r.e.ldbp2:0
/testbench/cpu/l3/u0/leon3x0/vhdl/p0/iu/r.d.cnt:00
/testbench/cpu/l3/u0/leon3x0/vhdl/p0/iu/r.a.su:1
/testbench/cpu/l3/u0/leon3x0/vhdl/p0/iu/r.a.et:1
/testbench/cpu/l3/u0/leon3x0/vhdl/p0/iu/r.e.mul:0
/testbench/cpu/l3/u0/leon3x0/vhdl/p0/iu/r.e.alusel:00
/testbench/cpu/l3/u0/leon3x0/vhdl/p0/iu/r.e.aw:U
/testbench/cpu/l3/u0/leon3x0/vhdl/p0/iu/r.e.mac:0
/testbench/cpu/l3/u0/leon3x0/vhdl/p0/iu/r.a.decill:0
/testbench/cpu/l3/u0/leon3x0/vhdl/p0/iu/r.x.icc:1001
/testbench/cpu/l3/u0/leon3x0/vhdl/p0/iu/r.x.result:01000000000011111111111010010100
/testbench/cpu/l3/u0/leon3x0/vhdl/p0/iu/r.e.bp:0
/testbench/cpu/l3/u0/leon3x0/vhdl/p0/iu/r.a.rs1:00001
/testbench/cpu/l3/u0/leon3x0/vhdl/p0/iu/r.e.jmpl:0
/testbench/cpu/l3/u0/leon3x0/vhdl/p0/iu/r.a.rsel1:001
/testbench/cpu/l3/u0/leon3x0/vhdl/p0/iu/r.x.y:00000000000000000000000000000000
/testbench/cpu/l3/u0/leon3x0/vhdl/p0/iu/r.a.rsel2:100
/testbench/cpu/l3/u0/leon3x0/vhdl/p0/iu/r.a.awp:000
/testbench/cpu/l3/u0/leon3x0/vhdl/p0/iu/r.a.paw:0
/testbench/cpu/l3/u0/leon3x0/vhdl/p0/iu/r.x.data:{{00000000000000000000000000000001}}
/testbench/cpu/l3/u0/leon3x0/vhdl/p0/iu/r.m.mul:0
/testbench/cpu/l3/u0/leon3x0/vhdl/p0/iu/r.e.rd:UUUUU
/testbench/cpu/l3/u0/leon3x0/vhdl/p0/iu/r.e.invop2:0
/testbench/cpu/l3/u0/leon3x0/vhdl/p0/iu/r.m.wawp:0
/testbench/cpu/l3/u0/leon3x0/vhdl/p0/iu/r.d.cwpmax:111
/testbench/cpu/l3/u0/leon3x0/vhdl/p0/iu/r.f.branch:0
/testbench/cpu/l3/u0/leon3x0/vhdl/p0/iu/r.d.pcheld:1
/testbench/cpu/l3/u0/leon3x0/vhdl/p0/iu/r.m.dci:{0 0 0 1 0 0 {10} {00001011}}
/testbench/cpu/l3/u0/leon3x0/vhdl/p0/iu/r.e.paw:U
/testbench/cpu/l3/u0/leon3x0/vhdl/p0/iu/r.e.awp:UUU
/testbench/cpu/l3/u0/leon3x0/vhdl/p0/iu/r.e.shcnt:11100
/testbench/cpu/l3/u0/leon3x0/vhdl/p0/iu/r.w.result:00000000000000000000000000000010
/testbench/cpu/l3/u0/leon3x0/vhdl/p0/iu/r.m.mac:0
/testbench/cpu/l3/u0/leon3x0/vhdl/p0/iu/r.m.y:00000000000000000000000000000000
/testbench/cpu/l3/u0/leon3x0/vhdl/p0/iu/r.d.cwp:100
/testbench/cpu/l3/u0/leon3x0/vhdl/p0/iu/r.x.laddr:00
/testbench/cpu/l3/u0/leon3x0/vhdl/p0/iu/r.e.mulstep:0
/testbench/cpu/l3/u0/leon3x0/vhdl/p0/iu/r.e.ymsb:0
/testbench/cpu/l3/u0/leon3x0/vhdl/p0/iu/r.d.rexbuf:00000000000000000000000000000000
/testbench/cpu/l3/u0/leon3x0/vhdl/p0/iu/r.x.npc:100
/testbench/cpu/l3/u0/leon3x0/vhdl/p0/iu/r.f.pc:01000000000000000000001001000100
/testbench/cpu/l3/u0/leon3x0/vhdl/p0/iu/r.d.annul:0
/testbench/cpu/l3/u0/leon3x0/vhdl/p0/iu/r.x.rstate:run
/testbench/cpu/l3/u0/leon3x0/vhdl/p0/iu/r.x.set:0
/testbench/cpu/l3/u0/leon3x0/vhdl/p0/iu/r.m.result:00000000000000000000000000000010
/testbench/cpu/l3/u0/leon3x0/vhdl/p0/iu/r.e.icc:UUUU
/testbench/cpu/l3/u0/leon3x0/vhdl/p0/iu/r.a.getpc:0
/testbench/cpu/l3/u0/leon3x0/vhdl/p0/iu/r.a.ldchkex:1
/testbench/cpu/l3/u0/leon3x0/vhdl/p0/iu/r.x.mexc:0
/testbench/cpu/l3/u0/leon3x0/vhdl/p0/iu/r.a.mulstart:0
/testbench/cpu/l3/u0/leon3x0/vhdl/p0/iu/r.d.rexpos:10
/testbench/cpu/l3/u0/leon3x0/vhdl/p0/iu/r.x.annul_all:0
/testbench/cpu/l3/u0/leon3x0/vhdl/p0/iu/r.e.aluop:000
/testbench/cpu/l3/u0/leon3x0/vhdl/p0/iu/r.x.debug:0
/testbench/cpu/l3/u0/leon3x0/vhdl/p0/iu/r.a.rfe1:0
/testbench/cpu/l3/u0/leon3x0/vhdl/p0/iu/r.d.step:0
/testbench/cpu/l3/u0/leon3x0/vhdl/p0/iu/r.a.rfe2:0
/testbench/cpu/l3/u0/leon3x0/vhdl/p0/iu/r.e.alucin:0
/testbench/cpu/l3/u0/leon3x0/vhdl/p0/iu/r.a.wunf:0
======================================
progstatus: -2
execerr: 91
latent: 1
time limit!
>>>>>>>>>>>>>>> 2899665000
======================================
