Test signal = /testbench/cpu/l3/u0/leon3x0/vhdl/p0/iu/r.m.wcwp
oldval = 0
pos1: -1 pos0: 0 posU: -1
newval = 1
Signal value: 0
oldval = 0
pos1: -1 pos0: 0 posU: -1
newval = 1
force in 1361003
584840000 >> iteration no: 0
1027865000 >> iteration no: 1
1470840000 >> iteration no: 2
1913815000 >> iteration no: 3
1942090000 >> Requesting for the AHB bus...
1942665000 >> AHB granted, starting recovery...
1961865000 >> Recovery done, continuing...
1962565000 >> Requesting for the AHB bus...
1963340000 >> AHB granted, starting recovery...
1982540000 >> Recovery done, continuing...
1983240000 >> Requesting for the AHB bus...
1984015000 >> AHB granted, starting recovery...
2003215000 >> Recovery done, continuing...
2004090000 >> Requesting for the AHB bus...
2004865000 >> AHB granted, starting recovery...
2024065000 >> Recovery done, continuing...
2024765000 >> Requesting for the AHB bus...
2025540000 >> AHB granted, starting recovery...
2044740000 >> Recovery done, continuing...
2045440000 >> Requesting for the AHB bus...
2046215000 >> AHB granted, starting recovery...
2065415000 >> Recovery done, continuing...
2066115000 >> Requesting for the AHB bus...
2066890000 >> AHB granted, starting recovery...
2086090000 >> Recovery done, continuing...
2086790000 >> Requesting for the AHB bus...
2087715000 >> AHB granted, starting recovery...
2106915000 >> Recovery done, continuing...
2107615000 >> Requesting for the AHB bus...
2108390000 >> AHB granted, starting recovery...
2127590000 >> Recovery done, continuing...
2128290000 >> Requesting for the AHB bus...
2129065000 >> AHB granted, starting recovery...
2148265000 >> Recovery done, continuing...
2148965000 >> Requesting for the AHB bus...
2149740000 >> AHB granted, starting recovery...
2168940000 >> Recovery done, continuing...
2169640000 >> Requesting for the AHB bus...
2170415000 >> AHB granted, starting recovery...
2189615000 >> Recovery done, continuing...
2190315000 >> Requesting for the AHB bus...
2191090000 >> AHB granted, starting recovery...
2210290000 >> Recovery done, continuing...
2210990000 >> Requesting for the AHB bus...
2211765000 >> AHB granted, starting recovery...
2230965000 >> Recovery done, continuing...
2231665000 >> Requesting for the AHB bus...
2232440000 >> AHB granted, starting recovery...
2251640000 >> Recovery done, continuing...
2252340000 >> Requesting for the AHB bus...
2253115000 >> AHB granted, starting recovery...
2272315000 >> Recovery done, continuing...
2273140000 >> Requesting for the AHB bus...
2273915000 >> AHB granted, starting recovery...
2293115000 >> Recovery done, continuing...
2293815000 >> Requesting for the AHB bus...
2294590000 >> AHB granted, starting recovery...
2313790000 >> Recovery done, continuing...
2314490000 >> Requesting for the AHB bus...
2315265000 >> AHB granted, starting recovery...
2334465000 >> Recovery done, continuing...
2335165000 >> Requesting for the AHB bus...
2335940000 >> AHB granted, starting recovery...
2355140000 >> Recovery done, continuing...
2356015000 >> Requesting for the AHB bus...
2356790000 >> AHB granted, starting recovery...
2375990000 >> Recovery done, continuing...
2376690000 >> Requesting for the AHB bus...
2377465000 >> AHB granted, starting recovery...
2396665000 >> Recovery done, continuing...
2397365000 >> Requesting for the AHB bus...
2398140000 >> AHB granted, starting recovery...
2417340000 >> Recovery done, continuing...
2418040000 >> Requesting for the AHB bus...
2418815000 >> AHB granted, starting recovery...
2438015000 >> Recovery done, continuing...
2438715000 >> Requesting for the AHB bus...
2439490000 >> AHB granted, starting recovery...
2458690000 >> Recovery done, continuing...
2459390000 >> Requesting for the AHB bus...
2460165000 >> AHB granted, starting recovery...
2479365000 >> Recovery done, continuing...
2480065000 >> Requesting for the AHB bus...
2480840000 >> AHB granted, starting recovery...
2500040000 >> Recovery done, continuing...
2500740000 >> Requesting for the AHB bus...
2501515000 >> AHB granted, starting recovery...
2520715000 >> Recovery done, continuing...
2521415000 >> Requesting for the AHB bus...
2522190000 >> AHB granted, starting recovery...
2541390000 >> Recovery done, continuing...
2542090000 >> Requesting for the AHB bus...
2542865000 >> AHB granted, starting recovery...
2562065000 >> Recovery done, continuing...
2562765000 >> Requesting for the AHB bus...
2563540000 >> AHB granted, starting recovery...
2582740000 >> Recovery done, continuing...
2583440000 >> Requesting for the AHB bus...
2584215000 >> AHB granted, starting recovery...
2603415000 >> Recovery done, continuing...
2604115000 >> Requesting for the AHB bus...
2604890000 >> AHB granted, starting recovery...
2624090000 >> Recovery done, continuing...
2624965000 >> Requesting for the AHB bus...
2625740000 >> AHB granted, starting recovery...
2644940000 >> Recovery done, continuing...
2645640000 >> Requesting for the AHB bus...
2646415000 >> AHB granted, starting recovery...
2665615000 >> Recovery done, continuing...
2666315000 >> Requesting for the AHB bus...
2667090000 >> AHB granted, starting recovery...
2686290000 >> Recovery done, continuing...
2686990000 >> Requesting for the AHB bus...
2687765000 >> AHB granted, starting recovery...
2706965000 >> Recovery done, continuing...
2707665000 >> Requesting for the AHB bus...
2708590000 >> AHB granted, starting recovery...
2727790000 >> Recovery done, continuing...
2728490000 >> Requesting for the AHB bus...
2729265000 >> AHB granted, starting recovery...
2748465000 >> Recovery done, continuing...
2749165000 >> Requesting for the AHB bus...
2749940000 >> AHB granted, starting recovery...
2769140000 >> Recovery done, continuing...
2769840000 >> Requesting for the AHB bus...
2770615000 >> AHB granted, starting recovery...
2789815000 >> Recovery done, continuing...
2790515000 >> Requesting for the AHB bus...
2791290000 >> AHB granted, starting recovery...
2810490000 >> Recovery done, continuing...
2811190000 >> Requesting for the AHB bus...
2811965000 >> AHB granted, starting recovery...
2831165000 >> Recovery done, continuing...
2831865000 >> Requesting for the AHB bus...
2832640000 >> AHB granted, starting recovery...
2851840000 >> Recovery done, continuing...
2852540000 >> Requesting for the AHB bus...
2853315000 >> AHB granted, starting recovery...
2872515000 >> Recovery done, continuing...
2873215000 >> Requesting for the AHB bus...
2873990000 >> AHB granted, starting recovery...
2893190000 >> Recovery done, continuing...
2893940000 >> Requesting for the AHB bus...
2894715000 >> AHB granted, starting recovery...
2899665000 >> time limit reached...
/testbench/cpu/l3/u0/leon3x0/vhdl/p0/iu/r.w.wreg:1
/testbench/cpu/l3/u0/leon3x0/vhdl/p0/iu/r.m.irqen:1
/testbench/cpu/l3/u0/leon3x0/vhdl/p0/iu/r.m.icc:1001
/testbench/cpu/l3/u0/leon3x0/vhdl/p0/iu/r.a.ticc:0
/testbench/cpu/l3/u0/leon3x0/vhdl/p0/iu/r.a.step:0
/testbench/cpu/l3/u0/leon3x0/vhdl/p0/iu/r.m.irqen2:1
/testbench/cpu/l3/u0/leon3x0/vhdl/p0/iu/r.d.pc:01000000000000000000001001000000
/testbench/cpu/l3/u0/leon3x0/vhdl/p0/iu/r.d.rexpl:{{00000000000000000000000000000000} {00} {0} 0 0 {0000000000000000000} 0 0 0 0 0 0}
/testbench/cpu/l3/u0/leon3x0/vhdl/p0/iu/r.d.mexc:0
/testbench/cpu/l3/u0/leon3x0/vhdl/p0/iu/r.a.aw:0
/testbench/cpu/l3/u0/leon3x0/vhdl/p0/iu/r.e.ctrl:{{01000000000000000000001000111100} {11000010000001111011111111111100} {00} {10000001} {000000} 0 0 1 0 0 1 1 0 0}
/testbench/cpu/l3/u0/leon3x0/vhdl/p0/iu/r.a.divstart:0
/testbench/cpu/l3/u0/leon3x0/vhdl/p0/iu/r.e.shleft:0
/testbench/cpu/l3/u0/leon3x0/vhdl/p0/iu/r.a.bp:0
/testbench/cpu/l3/u0/leon3x0/vhdl/p0/iu/r.w.twcwp:000
/testbench/cpu/l3/u0/leon3x0/vhdl/p0/iu/r.a.jmpl:0
/testbench/cpu/l3/u0/leon3x0/vhdl/p0/iu/r.m.casa:0
/testbench/cpu/l3/u0/leon3x0/vhdl/p0/iu/r.m.werr:0
/testbench/cpu/l3/u0/leon3x0/vhdl/p0/iu/r.e.su:1
/testbench/cpu/l3/u0/leon3x0/vhdl/p0/iu/r.e.et:1
/testbench/cpu/l3/u0/leon3x0/vhdl/p0/iu/r.a.ldcheck1:1
/testbench/cpu/l3/u0/leon3x0/vhdl/p0/iu/r.d.stwin:000
/testbench/cpu/l3/u0/leon3x0/vhdl/p0/iu/r.a.ldcheck2:0
/testbench/cpu/l3/u0/leon3x0/vhdl/p0/iu/r.x.intack:0
/testbench/cpu/l3/u0/leon3x0/vhdl/p0/iu/r.m.ctrl:{{01000000000000000000001000111000} {11000010001001111011111111111100} {01} {10000001} {000000} 0 0 0 0 0 0 0 0 0}
/testbench/cpu/l3/u0/leon3x0/vhdl/p0/iu/r.a.cwp:101
/testbench/cpu/l3/u0/leon3x0/vhdl/p0/iu/r.e.sari:0
/testbench/cpu/l3/u0/leon3x0/vhdl/p0/iu/r.d.paw:0
/testbench/cpu/l3/u0/leon3x0/vhdl/p0/iu/r.d.aw:0
/testbench/cpu/l3/u0/leon3x0/vhdl/p0/iu/r.d.awp:000
/testbench/cpu/l3/u0/leon3x0/vhdl/p0/iu/r.x.ctrl:{{01000000000000000000001000111000} {11000010001001111011111111111100} {00} {10000001} {000000} 0 0 0 0 0 0 1 0 0}
/testbench/cpu/l3/u0/leon3x0/vhdl/p0/iu/r.m.rexnalign:0
/testbench/cpu/l3/u0/leon3x0/vhdl/p0/iu/r.m.su:1
/testbench/cpu/l3/u0/leon3x0/vhdl/p0/iu/r.m.wcwp:0
/testbench/cpu/l3/u0/leon3x0/vhdl/p0/iu/r.d.divrdy:0
/testbench/cpu/l3/u0/leon3x0/vhdl/p0/iu/r.e.cwp:101
/testbench/cpu/l3/u0/leon3x0/vhdl/p0/iu/r.w.except:0
/testbench/cpu/l3/u0/leon3x0/vhdl/p0/iu/r.x.nerror:0
/testbench/cpu/l3/u0/leon3x0/vhdl/p0/iu/r.a.bpimiss:0
/testbench/cpu/l3/u0/leon3x0/vhdl/p0/iu/r.a.nobp:0
/testbench/cpu/l3/u0/leon3x0/vhdl/p0/iu/r.d.rexcnt:0
/testbench/cpu/l3/u0/leon3x0/vhdl/p0/iu/r.w.s:{{101} {1001} {00000000} {01000000000000000000} {00000010} {0000} 0 0 1 1 1 {00000000000000000000000000000000} {UUUUUUUUUUUUUUUUUUUUUUUUUUUUUUUU} 1 0 0 1 1 1 0 0 {000} {000} {111}}
/testbench/cpu/l3/u0/leon3x0/vhdl/p0/iu/r.d.pv:1
/testbench/cpu/l3/u0/leon3x0/vhdl/p0/iu/r.a.ldchkra:1
/testbench/cpu/l3/u0/leon3x0/vhdl/p0/iu/r.a.rfa1:10000001
/testbench/cpu/l3/u0/leon3x0/vhdl/p0/iu/r.a.rfa2:10000011
/testbench/cpu/l3/u0/leon3x0/vhdl/p0/iu/r.a.imm:00000000000000000000000000000011
/testbench/cpu/l3/u0/leon3x0/vhdl/p0/iu/r.w.wa:10000001
/testbench/cpu/l3/u0/leon3x0/vhdl/p0/iu/r.m.casaz:0
/testbench/cpu/l3/u0/leon3x0/vhdl/p0/iu/r.x.dci:{0 1 0 0 0 0 {10} {00001011}}
/testbench/cpu/l3/u0/leon3x0/vhdl/p0/iu/r.x.mac:0
/testbench/cpu/l3/u0/leon3x0/vhdl/p0/iu/r.m.divz:0
/testbench/cpu/l3/u0/leon3x0/vhdl/p0/iu/r.d.inst:{{10000000101000000110000000000011}}
/testbench/cpu/l3/u0/leon3x0/vhdl/p0/iu/r.e.rfe1:1
/testbench/cpu/l3/u0/leon3x0/vhdl/p0/iu/r.a.wovf:0
/testbench/cpu/l3/u0/leon3x0/vhdl/p0/iu/r.e.rfe2:0
/testbench/cpu/l3/u0/leon3x0/vhdl/p0/iu/r.e.op1:01000000000011111111111010011000
/testbench/cpu/l3/u0/leon3x0/vhdl/p0/iu/r.m.nalign:1
/testbench/cpu/l3/u0/leon3x0/vhdl/p0/iu/r.e.op2:11111111111111111111111111111100
/testbench/cpu/l3/u0/leon3x0/vhdl/p0/iu/r.d.rexen:0
/testbench/cpu/l3/u0/leon3x0/vhdl/p0/iu/r.a.ctrl:{{01000000000000000000001001000000} {10000000101000000110000000000011} {00} {10000000} {000000} 0 1 0 0 0 0 0 0 0}
/testbench/cpu/l3/u0/leon3x0/vhdl/p0/iu/r.x.ipend:0
/testbench/cpu/l3/u0/leon3x0/vhdl/p0/iu/r.e.ldbp1:0
/testbench/cpu/l3/u0/leon3x0/vhdl/p0/iu/r.e.aluadd:1
/testbench/cpu/l3/u0/leon3x0/vhdl/p0/iu/r.d.set:0
/testbench/cpu/l3/u0/leon3x0/vhdl/p0/iu/r.d.inull:0
/testbench/cpu/l3/u0/leon3x0/vhdl/p0/iu/r.e.ldbp2:0
/testbench/cpu/l3/u0/leon3x0/vhdl/p0/iu/r.d.cnt:00
/testbench/cpu/l3/u0/leon3x0/vhdl/p0/iu/r.a.su:1
/testbench/cpu/l3/u0/leon3x0/vhdl/p0/iu/r.a.et:1
/testbench/cpu/l3/u0/leon3x0/vhdl/p0/iu/r.e.mul:0
/testbench/cpu/l3/u0/leon3x0/vhdl/p0/iu/r.e.alusel:00
/testbench/cpu/l3/u0/leon3x0/vhdl/p0/iu/r.e.aw:U
/testbench/cpu/l3/u0/leon3x0/vhdl/p0/iu/r.e.mac:0
/testbench/cpu/l3/u0/leon3x0/vhdl/p0/iu/r.a.decill:0
/testbench/cpu/l3/u0/leon3x0/vhdl/p0/iu/r.x.icc:1001
/testbench/cpu/l3/u0/leon3x0/vhdl/p0/iu/r.x.result:01000000000011111111111010010100
/testbench/cpu/l3/u0/leon3x0/vhdl/p0/iu/r.e.bp:0
/testbench/cpu/l3/u0/leon3x0/vhdl/p0/iu/r.a.rs1:00001
/testbench/cpu/l3/u0/leon3x0/vhdl/p0/iu/r.e.jmpl:0
/testbench/cpu/l3/u0/leon3x0/vhdl/p0/iu/r.a.rsel1:001
/testbench/cpu/l3/u0/leon3x0/vhdl/p0/iu/r.x.y:00000000000000000000000000000000
/testbench/cpu/l3/u0/leon3x0/vhdl/p0/iu/r.a.rsel2:100
/testbench/cpu/l3/u0/leon3x0/vhdl/p0/iu/r.a.awp:000
/testbench/cpu/l3/u0/leon3x0/vhdl/p0/iu/r.a.paw:0
/testbench/cpu/l3/u0/leon3x0/vhdl/p0/iu/r.x.data:{{00000000000000000000000000000001}}
/testbench/cpu/l3/u0/leon3x0/vhdl/p0/iu/r.m.mul:0
/testbench/cpu/l3/u0/leon3x0/vhdl/p0/iu/r.e.rd:UUUUU
/testbench/cpu/l3/u0/leon3x0/vhdl/p0/iu/r.e.invop2:0
/testbench/cpu/l3/u0/leon3x0/vhdl/p0/iu/r.m.wawp:0
/testbench/cpu/l3/u0/leon3x0/vhdl/p0/iu/r.d.cwpmax:111
/testbench/cpu/l3/u0/leon3x0/vhdl/p0/iu/r.f.branch:0
/testbench/cpu/l3/u0/leon3x0/vhdl/p0/iu/r.d.pcheld:1
/testbench/cpu/l3/u0/leon3x0/vhdl/p0/iu/r.m.dci:{0 0 0 1 0 0 {10} {00001011}}
/testbench/cpu/l3/u0/leon3x0/vhdl/p0/iu/r.e.paw:U
/testbench/cpu/l3/u0/leon3x0/vhdl/p0/iu/r.e.awp:UUU
/testbench/cpu/l3/u0/leon3x0/vhdl/p0/iu/r.e.shcnt:11100
/testbench/cpu/l3/u0/leon3x0/vhdl/p0/iu/r.w.result:00000000000000000000000000000010
/testbench/cpu/l3/u0/leon3x0/vhdl/p0/iu/r.m.mac:0
/testbench/cpu/l3/u0/leon3x0/vhdl/p0/iu/r.m.y:00000000000000000000000000000000
/testbench/cpu/l3/u0/leon3x0/vhdl/p0/iu/r.d.cwp:101
/testbench/cpu/l3/u0/leon3x0/vhdl/p0/iu/r.x.laddr:00
/testbench/cpu/l3/u0/leon3x0/vhdl/p0/iu/r.e.mulstep:0
/testbench/cpu/l3/u0/leon3x0/vhdl/p0/iu/r.e.ymsb:0
/testbench/cpu/l3/u0/leon3x0/vhdl/p0/iu/r.d.rexbuf:00000000000000000000000000000000
/testbench/cpu/l3/u0/leon3x0/vhdl/p0/iu/r.x.npc:100
/testbench/cpu/l3/u0/leon3x0/vhdl/p0/iu/r.f.pc:01000000000000000000001001000100
/testbench/cpu/l3/u0/leon3x0/vhdl/p0/iu/r.d.annul:0
/testbench/cpu/l3/u0/leon3x0/vhdl/p0/iu/r.x.rstate:run
/testbench/cpu/l3/u0/leon3x0/vhdl/p0/iu/r.x.set:0
/testbench/cpu/l3/u0/leon3x0/vhdl/p0/iu/r.m.result:00000000000000000000000000000010
/testbench/cpu/l3/u0/leon3x0/vhdl/p0/iu/r.e.icc:UUUU
/testbench/cpu/l3/u0/leon3x0/vhdl/p0/iu/r.a.getpc:0
/testbench/cpu/l3/u0/leon3x0/vhdl/p0/iu/r.a.ldchkex:1
/testbench/cpu/l3/u0/leon3x0/vhdl/p0/iu/r.x.mexc:0
/testbench/cpu/l3/u0/leon3x0/vhdl/p0/iu/r.a.mulstart:0
/testbench/cpu/l3/u0/leon3x0/vhdl/p0/iu/r.d.rexpos:10
/testbench/cpu/l3/u0/leon3x0/vhdl/p0/iu/r.x.annul_all:0
/testbench/cpu/l3/u0/leon3x0/vhdl/p0/iu/r.e.aluop:000
/testbench/cpu/l3/u0/leon3x0/vhdl/p0/iu/r.x.debug:0
/testbench/cpu/l3/u0/leon3x0/vhdl/p0/iu/r.a.rfe1:0
/testbench/cpu/l3/u0/leon3x0/vhdl/p0/iu/r.d.step:0
/testbench/cpu/l3/u0/leon3x0/vhdl/p0/iu/r.a.rfe2:0
/testbench/cpu/l3/u0/leon3x0/vhdl/p0/iu/r.e.alucin:0
/testbench/cpu/l3/u0/leon3x0/vhdl/p0/iu/r.a.wunf:0
======================================
progstatus: -2
execerr: 47
latent: 1
time limit!
>>>>>>>>>>>>>>> 2899665000
======================================
