Test signal = /testbench/cpu/l3/u0/leon3x0/vhdl/p0/iu/r.a.jmpl
oldval = 0
pos1: -1 pos0: 0 posU: -1
newval = 1
Signal value: 0
oldval = 0
pos1: -1 pos0: 0 posU: -1
newval = 1
force in 1221773
584840000 >> iteration no: 0
1027865000 >> iteration no: 1
1470840000 >> iteration no: 2
1802690000 >> Requesting for the AHB bus...
1803740000 >> AHB granted, starting recovery...
1822940000 >> Recovery done, continuing...
1823640000 >> Requesting for the AHB bus...
1824415000 >> AHB granted, starting recovery...
1843615000 >> Recovery done, continuing...
1844340000 >> Requesting for the AHB bus...
1845115000 >> AHB granted, starting recovery...
1864315000 >> Recovery done, continuing...
1865015000 >> Requesting for the AHB bus...
1865790000 >> AHB granted, starting recovery...
1884990000 >> Recovery done, continuing...
1885690000 >> Requesting for the AHB bus...
1886465000 >> AHB granted, starting recovery...
1905665000 >> Recovery done, continuing...
1906365000 >> Requesting for the AHB bus...
1907140000 >> AHB granted, starting recovery...
1926340000 >> Recovery done, continuing...
1927215000 >> Requesting for the AHB bus...
1927990000 >> AHB granted, starting recovery...
1947190000 >> Recovery done, continuing...
1947890000 >> Requesting for the AHB bus...
1948665000 >> AHB granted, starting recovery...
1967865000 >> Recovery done, continuing...
1968565000 >> Requesting for the AHB bus...
1969340000 >> AHB granted, starting recovery...
1988540000 >> Recovery done, continuing...
1989240000 >> Requesting for the AHB bus...
1990015000 >> AHB granted, starting recovery...
2009215000 >> Recovery done, continuing...
2009915000 >> Requesting for the AHB bus...
2010690000 >> AHB granted, starting recovery...
2029890000 >> Recovery done, continuing...
2030590000 >> Requesting for the AHB bus...
2031365000 >> AHB granted, starting recovery...
2050565000 >> Recovery done, continuing...
2051265000 >> Requesting for the AHB bus...
2052040000 >> AHB granted, starting recovery...
2071240000 >> Recovery done, continuing...
2071940000 >> Requesting for the AHB bus...
2072715000 >> AHB granted, starting recovery...
2091915000 >> Recovery done, continuing...
2092615000 >> Requesting for the AHB bus...
2093390000 >> AHB granted, starting recovery...
2112590000 >> Recovery done, continuing...
2113290000 >> Requesting for the AHB bus...
2114065000 >> AHB granted, starting recovery...
2133265000 >> Recovery done, continuing...
2133965000 >> Requesting for the AHB bus...
2134740000 >> AHB granted, starting recovery...
2153940000 >> Recovery done, continuing...
2154640000 >> Requesting for the AHB bus...
2155415000 >> AHB granted, starting recovery...
2174615000 >> Recovery done, continuing...
2175315000 >> Requesting for the AHB bus...
2176090000 >> AHB granted, starting recovery...
2195290000 >> Recovery done, continuing...
2196165000 >> Requesting for the AHB bus...
2196940000 >> AHB granted, starting recovery...
2216140000 >> Recovery done, continuing...
2216840000 >> Requesting for the AHB bus...
2217615000 >> AHB granted, starting recovery...
2236815000 >> Recovery done, continuing...
2237515000 >> Requesting for the AHB bus...
2238290000 >> AHB granted, starting recovery...
2257490000 >> Recovery done, continuing...
2258190000 >> Requesting for the AHB bus...
2258965000 >> AHB granted, starting recovery...
2278165000 >> Recovery done, continuing...
2278865000 >> Requesting for the AHB bus...
2279790000 >> AHB granted, starting recovery...
2298990000 >> Recovery done, continuing...
2299690000 >> Requesting for the AHB bus...
2300465000 >> AHB granted, starting recovery...
2319665000 >> Recovery done, continuing...
2320365000 >> Requesting for the AHB bus...
2321140000 >> AHB granted, starting recovery...
2340340000 >> Recovery done, continuing...
2341040000 >> Requesting for the AHB bus...
2341815000 >> AHB granted, starting recovery...
2361015000 >> Recovery done, continuing...
2361715000 >> Requesting for the AHB bus...
2362490000 >> AHB granted, starting recovery...
2381690000 >> Recovery done, continuing...
2382390000 >> Requesting for the AHB bus...
2383165000 >> AHB granted, starting recovery...
2402365000 >> Recovery done, continuing...
2403065000 >> Requesting for the AHB bus...
2403840000 >> AHB granted, starting recovery...
2423040000 >> Recovery done, continuing...
2423740000 >> Requesting for the AHB bus...
2424515000 >> AHB granted, starting recovery...
2443715000 >> Recovery done, continuing...
2444415000 >> Requesting for the AHB bus...
2445190000 >> AHB granted, starting recovery...
2464390000 >> Recovery done, continuing...
2465140000 >> Requesting for the AHB bus...
2465915000 >> AHB granted, starting recovery...
2485115000 >> Recovery done, continuing...
2485815000 >> Requesting for the AHB bus...
2486590000 >> AHB granted, starting recovery...
2505790000 >> Recovery done, continuing...
2506490000 >> Requesting for the AHB bus...
2507265000 >> AHB granted, starting recovery...
2526465000 >> Recovery done, continuing...
2527165000 >> Requesting for the AHB bus...
2527940000 >> AHB granted, starting recovery...
2547140000 >> Recovery done, continuing...
2548015000 >> Requesting for the AHB bus...
2548790000 >> AHB granted, starting recovery...
2567990000 >> Recovery done, continuing...
2568690000 >> Requesting for the AHB bus...
2569465000 >> AHB granted, starting recovery...
2588665000 >> Recovery done, continuing...
2589365000 >> Requesting for the AHB bus...
2590140000 >> AHB granted, starting recovery...
2609340000 >> Recovery done, continuing...
2610040000 >> Requesting for the AHB bus...
2610815000 >> AHB granted, starting recovery...
2630015000 >> Recovery done, continuing...
2630715000 >> Requesting for the AHB bus...
2631490000 >> AHB granted, starting recovery...
2650690000 >> Recovery done, continuing...
2651390000 >> Requesting for the AHB bus...
2652165000 >> AHB granted, starting recovery...
2671365000 >> Recovery done, continuing...
2672065000 >> Requesting for the AHB bus...
2672840000 >> AHB granted, starting recovery...
2692040000 >> Recovery done, continuing...
2692740000 >> Requesting for the AHB bus...
2693515000 >> AHB granted, starting recovery...
2712715000 >> Recovery done, continuing...
2713415000 >> Requesting for the AHB bus...
2714190000 >> AHB granted, starting recovery...
2733390000 >> Recovery done, continuing...
2734090000 >> Requesting for the AHB bus...
2734865000 >> AHB granted, starting recovery...
2754065000 >> Recovery done, continuing...
2754765000 >> Requesting for the AHB bus...
2755540000 >> AHB granted, starting recovery...
2774740000 >> Recovery done, continuing...
2775440000 >> Requesting for the AHB bus...
2776215000 >> AHB granted, starting recovery...
2795415000 >> Recovery done, continuing...
2796115000 >> Requesting for the AHB bus...
2796890000 >> AHB granted, starting recovery...
2816090000 >> Recovery done, continuing...
2816965000 >> Requesting for the AHB bus...
2817740000 >> AHB granted, starting recovery...
2836940000 >> Recovery done, continuing...
2837640000 >> Requesting for the AHB bus...
2838415000 >> AHB granted, starting recovery...
2857615000 >> Recovery done, continuing...
2858315000 >> Requesting for the AHB bus...
2859090000 >> AHB granted, starting recovery...
2878290000 >> Recovery done, continuing...
2878990000 >> Requesting for the AHB bus...
2879765000 >> AHB granted, starting recovery...
2898965000 >> Recovery done, continuing...
2899665000 >> time limit reached...
/testbench/cpu/l3/u0/leon3x0/vhdl/p0/iu/r.w.wreg:1
/testbench/cpu/l3/u0/leon3x0/vhdl/p0/iu/r.m.irqen:1
/testbench/cpu/l3/u0/leon3x0/vhdl/p0/iu/r.m.icc:1001
/testbench/cpu/l3/u0/leon3x0/vhdl/p0/iu/r.a.ticc:0
/testbench/cpu/l3/u0/leon3x0/vhdl/p0/iu/r.a.step:0
/testbench/cpu/l3/u0/leon3x0/vhdl/p0/iu/r.m.irqen2:1
/testbench/cpu/l3/u0/leon3x0/vhdl/p0/iu/r.d.pc:01000000000000000000001001000100
/testbench/cpu/l3/u0/leon3x0/vhdl/p0/iu/r.d.rexpl:{{00000000000000000000000000000000} {00} {0} 0 0 {0000000000000000000} 0 0 0 0 0 0}
/testbench/cpu/l3/u0/leon3x0/vhdl/p0/iu/r.d.mexc:0
/testbench/cpu/l3/u0/leon3x0/vhdl/p0/iu/r.a.aw:0
/testbench/cpu/l3/u0/leon3x0/vhdl/p0/iu/r.e.ctrl:{{01000000000000000000001001000100} {00000100101111111111111111100110} {00} {10000010} {000000} 0 1 0 0 0 0 0 0 0}
/testbench/cpu/l3/u0/leon3x0/vhdl/p0/iu/r.a.divstart:0
/testbench/cpu/l3/u0/leon3x0/vhdl/p0/iu/r.e.shleft:0
/testbench/cpu/l3/u0/leon3x0/vhdl/p0/iu/r.a.bp:0
/testbench/cpu/l3/u0/leon3x0/vhdl/p0/iu/r.w.twcwp:000
/testbench/cpu/l3/u0/leon3x0/vhdl/p0/iu/r.a.jmpl:0
/testbench/cpu/l3/u0/leon3x0/vhdl/p0/iu/r.m.casa:0
/testbench/cpu/l3/u0/leon3x0/vhdl/p0/iu/r.m.werr:0
/testbench/cpu/l3/u0/leon3x0/vhdl/p0/iu/r.e.su:1
/testbench/cpu/l3/u0/leon3x0/vhdl/p0/iu/r.e.et:1
/testbench/cpu/l3/u0/leon3x0/vhdl/p0/iu/r.a.ldcheck1:0
/testbench/cpu/l3/u0/leon3x0/vhdl/p0/iu/r.d.stwin:000
/testbench/cpu/l3/u0/leon3x0/vhdl/p0/iu/r.a.ldcheck2:0
/testbench/cpu/l3/u0/leon3x0/vhdl/p0/iu/r.x.intack:0
/testbench/cpu/l3/u0/leon3x0/vhdl/p0/iu/r.m.ctrl:{{01000000000000000000001001000000} {10000000101000000110000000000011} {00} {10000000} {000000} 0 0 0 1 0 0 1 0 0}
/testbench/cpu/l3/u0/leon3x0/vhdl/p0/iu/r.a.cwp:101
/testbench/cpu/l3/u0/leon3x0/vhdl/p0/iu/r.e.sari:0
/testbench/cpu/l3/u0/leon3x0/vhdl/p0/iu/r.d.paw:0
/testbench/cpu/l3/u0/leon3x0/vhdl/p0/iu/r.d.aw:0
/testbench/cpu/l3/u0/leon3x0/vhdl/p0/iu/r.d.awp:000
/testbench/cpu/l3/u0/leon3x0/vhdl/p0/iu/r.x.ctrl:{{01000000000000000000001001000000} {10000000101000000110000000000011} {00} {10000000} {000000} 0 1 0 0 0 0 0 0 0}
/testbench/cpu/l3/u0/leon3x0/vhdl/p0/iu/r.m.rexnalign:0
/testbench/cpu/l3/u0/leon3x0/vhdl/p0/iu/r.m.su:1
/testbench/cpu/l3/u0/leon3x0/vhdl/p0/iu/r.m.wcwp:0
/testbench/cpu/l3/u0/leon3x0/vhdl/p0/iu/r.d.divrdy:0
/testbench/cpu/l3/u0/leon3x0/vhdl/p0/iu/r.e.cwp:101
/testbench/cpu/l3/u0/leon3x0/vhdl/p0/iu/r.w.except:0
/testbench/cpu/l3/u0/leon3x0/vhdl/p0/iu/r.x.nerror:0
/testbench/cpu/l3/u0/leon3x0/vhdl/p0/iu/r.a.bpimiss:0
/testbench/cpu/l3/u0/leon3x0/vhdl/p0/iu/r.a.nobp:0
/testbench/cpu/l3/u0/leon3x0/vhdl/p0/iu/r.d.rexcnt:0
/testbench/cpu/l3/u0/leon3x0/vhdl/p0/iu/r.w.s:{{101} {1001} {00000000} {01000000000000000000} {00000010} {0000} 0 0 1 1 1 {00000000000000000000000000000000} {UUUUUUUUUUUUUUUUUUUUUUUUUUUUUUUU} 1 0 0 1 1 1 0 0 {000} {000} {111}}
/testbench/cpu/l3/u0/leon3x0/vhdl/p0/iu/r.d.pv:1
/testbench/cpu/l3/u0/leon3x0/vhdl/p0/iu/r.a.ldchkra:1
/testbench/cpu/l3/u0/leon3x0/vhdl/p0/iu/r.a.rfa1:01101111
/testbench/cpu/l3/u0/leon3x0/vhdl/p0/iu/r.a.rfa2:10000110
/testbench/cpu/l3/u0/leon3x0/vhdl/p0/iu/r.a.imm:11111111111111111001100000000000
/testbench/cpu/l3/u0/leon3x0/vhdl/p0/iu/r.w.wa:10000001
/testbench/cpu/l3/u0/leon3x0/vhdl/p0/iu/r.m.casaz:0
/testbench/cpu/l3/u0/leon3x0/vhdl/p0/iu/r.x.dci:{0 0 0 0 0 0 {10} {00000000}}
/testbench/cpu/l3/u0/leon3x0/vhdl/p0/iu/r.x.mac:0
/testbench/cpu/l3/u0/leon3x0/vhdl/p0/iu/r.m.divz:0
/testbench/cpu/l3/u0/leon3x0/vhdl/p0/iu/r.d.inst:{{00000100101111111111111111100110}}
/testbench/cpu/l3/u0/leon3x0/vhdl/p0/iu/r.e.rfe1:0
/testbench/cpu/l3/u0/leon3x0/vhdl/p0/iu/r.a.wovf:0
/testbench/cpu/l3/u0/leon3x0/vhdl/p0/iu/r.e.rfe2:0
/testbench/cpu/l3/u0/leon3x0/vhdl/p0/iu/r.e.op1:01000000000011111111111010011000
/testbench/cpu/l3/u0/leon3x0/vhdl/p0/iu/r.m.nalign:1
/testbench/cpu/l3/u0/leon3x0/vhdl/p0/iu/r.e.op2:00000000000000000000000000000000
/testbench/cpu/l3/u0/leon3x0/vhdl/p0/iu/r.d.rexen:0
/testbench/cpu/l3/u0/leon3x0/vhdl/p0/iu/r.a.ctrl:{{01000000000000000000001001000100} {00000100101111111111111111100110} {00} {10000010} {000000} 0 1 0 0 0 0 0 0 0}
/testbench/cpu/l3/u0/leon3x0/vhdl/p0/iu/r.x.ipend:0
/testbench/cpu/l3/u0/leon3x0/vhdl/p0/iu/r.e.ldbp1:0
/testbench/cpu/l3/u0/leon3x0/vhdl/p0/iu/r.e.aluadd:1
/testbench/cpu/l3/u0/leon3x0/vhdl/p0/iu/r.d.set:0
/testbench/cpu/l3/u0/leon3x0/vhdl/p0/iu/r.d.inull:0
/testbench/cpu/l3/u0/leon3x0/vhdl/p0/iu/r.e.ldbp2:0
/testbench/cpu/l3/u0/leon3x0/vhdl/p0/iu/r.d.cnt:00
/testbench/cpu/l3/u0/leon3x0/vhdl/p0/iu/r.a.su:1
/testbench/cpu/l3/u0/leon3x0/vhdl/p0/iu/r.a.et:1
/testbench/cpu/l3/u0/leon3x0/vhdl/p0/iu/r.e.mul:0
/testbench/cpu/l3/u0/leon3x0/vhdl/p0/iu/r.e.alusel:11
/testbench/cpu/l3/u0/leon3x0/vhdl/p0/iu/r.e.aw:U
/testbench/cpu/l3/u0/leon3x0/vhdl/p0/iu/r.e.mac:0
/testbench/cpu/l3/u0/leon3x0/vhdl/p0/iu/r.a.decill:0
/testbench/cpu/l3/u0/leon3x0/vhdl/p0/iu/r.x.icc:1001
/testbench/cpu/l3/u0/leon3x0/vhdl/p0/iu/r.x.result:01000000000011111111111010010001
/testbench/cpu/l3/u0/leon3x0/vhdl/p0/iu/r.e.bp:0
/testbench/cpu/l3/u0/leon3x0/vhdl/p0/iu/r.a.rs1:11111
/testbench/cpu/l3/u0/leon3x0/vhdl/p0/iu/r.e.jmpl:0
/testbench/cpu/l3/u0/leon3x0/vhdl/p0/iu/r.a.rsel1:000
/testbench/cpu/l3/u0/leon3x0/vhdl/p0/iu/r.x.y:00000000000000000000000000000000
/testbench/cpu/l3/u0/leon3x0/vhdl/p0/iu/r.a.rsel2:000
/testbench/cpu/l3/u0/leon3x0/vhdl/p0/iu/r.a.awp:000
/testbench/cpu/l3/u0/leon3x0/vhdl/p0/iu/r.a.paw:0
/testbench/cpu/l3/u0/leon3x0/vhdl/p0/iu/r.x.data:{{00000000000000000000000000000001}}
/testbench/cpu/l3/u0/leon3x0/vhdl/p0/iu/r.m.mul:0
/testbench/cpu/l3/u0/leon3x0/vhdl/p0/iu/r.e.rd:UUUUU
/testbench/cpu/l3/u0/leon3x0/vhdl/p0/iu/r.e.invop2:0
/testbench/cpu/l3/u0/leon3x0/vhdl/p0/iu/r.m.wawp:0
/testbench/cpu/l3/u0/leon3x0/vhdl/p0/iu/r.d.cwpmax:111
/testbench/cpu/l3/u0/leon3x0/vhdl/p0/iu/r.f.branch:0
/testbench/cpu/l3/u0/leon3x0/vhdl/p0/iu/r.d.pcheld:1
/testbench/cpu/l3/u0/leon3x0/vhdl/p0/iu/r.m.dci:{0 0 0 0 0 0 {10} {00000000}}
/testbench/cpu/l3/u0/leon3x0/vhdl/p0/iu/r.e.paw:U
/testbench/cpu/l3/u0/leon3x0/vhdl/p0/iu/r.e.awp:UUU
/testbench/cpu/l3/u0/leon3x0/vhdl/p0/iu/r.e.shcnt:00000
/testbench/cpu/l3/u0/leon3x0/vhdl/p0/iu/r.w.result:00000000000000000000000000000001
/testbench/cpu/l3/u0/leon3x0/vhdl/p0/iu/r.m.mac:0
/testbench/cpu/l3/u0/leon3x0/vhdl/p0/iu/r.m.y:00000000000000000000000000000000
/testbench/cpu/l3/u0/leon3x0/vhdl/p0/iu/r.d.cwp:101
/testbench/cpu/l3/u0/leon3x0/vhdl/p0/iu/r.x.laddr:01
/testbench/cpu/l3/u0/leon3x0/vhdl/p0/iu/r.e.mulstep:0
/testbench/cpu/l3/u0/leon3x0/vhdl/p0/iu/r.e.ymsb:0
/testbench/cpu/l3/u0/leon3x0/vhdl/p0/iu/r.d.rexbuf:00000000000000000000000000000000
/testbench/cpu/l3/u0/leon3x0/vhdl/p0/iu/r.x.npc:100
/testbench/cpu/l3/u0/leon3x0/vhdl/p0/iu/r.f.pc:01000000000000000000001001001000
/testbench/cpu/l3/u0/leon3x0/vhdl/p0/iu/r.d.annul:0
/testbench/cpu/l3/u0/leon3x0/vhdl/p0/iu/r.x.rstate:run
/testbench/cpu/l3/u0/leon3x0/vhdl/p0/iu/r.x.set:0
/testbench/cpu/l3/u0/leon3x0/vhdl/p0/iu/r.m.result:11111111111111111111111111111110
/testbench/cpu/l3/u0/leon3x0/vhdl/p0/iu/r.e.icc:UUUU
/testbench/cpu/l3/u0/leon3x0/vhdl/p0/iu/r.a.getpc:0
/testbench/cpu/l3/u0/leon3x0/vhdl/p0/iu/r.a.ldchkex:1
/testbench/cpu/l3/u0/leon3x0/vhdl/p0/iu/r.x.mexc:0
/testbench/cpu/l3/u0/leon3x0/vhdl/p0/iu/r.a.mulstart:0
/testbench/cpu/l3/u0/leon3x0/vhdl/p0/iu/r.d.rexpos:10
/testbench/cpu/l3/u0/leon3x0/vhdl/p0/iu/r.x.annul_all:0
/testbench/cpu/l3/u0/leon3x0/vhdl/p0/iu/r.e.aluop:000
/testbench/cpu/l3/u0/leon3x0/vhdl/p0/iu/r.x.debug:0
/testbench/cpu/l3/u0/leon3x0/vhdl/p0/iu/r.a.rfe1:0
/testbench/cpu/l3/u0/leon3x0/vhdl/p0/iu/r.d.step:0
/testbench/cpu/l3/u0/leon3x0/vhdl/p0/iu/r.a.rfe2:0
/testbench/cpu/l3/u0/leon3x0/vhdl/p0/iu/r.e.alucin:0
/testbench/cpu/l3/u0/leon3x0/vhdl/p0/iu/r.a.wunf:0
======================================
progstatus: -2
execerr: 53
latent: 1
time limit!
>>>>>>>>>>>>>>> 2899665000
======================================
