Test signal = /testbench/cpu/l3/u0/leon3x0/vhdl/p0/iu/r.d.cnt
oldval = 00
pos1: -1 pos0: 1 posU: -1
newval = 01
Signal value: 00
oldval = 00
pos1: -1 pos0: 1 posU: -1
newval = 01
force in 990574
584840000 >> iteration no: 0
1027865000 >> iteration no: 1
1470840000 >> iteration no: 2
1571040000 >> Requesting for the AHB bus...
1572140000 >> AHB granted, starting recovery...
1591340000 >> Recovery done, continuing...
1591415000 >> Requesting for the AHB bus...
1592440000 >> AHB granted, starting recovery...
1611640000 >> Recovery done, continuing...
1611715000 >> Requesting for the AHB bus...
1612740000 >> AHB granted, starting recovery...
1631940000 >> Recovery done, continuing...
1632015000 >> Requesting for the AHB bus...
1633215000 >> AHB granted, starting recovery...
1652415000 >> Recovery done, continuing...
1652490000 >> Requesting for the AHB bus...
1653515000 >> AHB granted, starting recovery...
1672715000 >> Recovery done, continuing...
1672790000 >> Requesting for the AHB bus...
1673815000 >> AHB granted, starting recovery...
1693015000 >> Recovery done, continuing...
1693090000 >> Requesting for the AHB bus...
1694115000 >> AHB granted, starting recovery...
1713315000 >> Recovery done, continuing...
1713390000 >> Requesting for the AHB bus...
1714415000 >> AHB granted, starting recovery...
1733615000 >> Recovery done, continuing...
1733690000 >> Requesting for the AHB bus...
1734715000 >> AHB granted, starting recovery...
1753915000 >> Recovery done, continuing...
1753990000 >> Requesting for the AHB bus...
1755140000 >> AHB granted, starting recovery...
1774340000 >> Recovery done, continuing...
1774415000 >> Requesting for the AHB bus...
1775440000 >> AHB granted, starting recovery...
1794640000 >> Recovery done, continuing...
1794715000 >> Requesting for the AHB bus...
1795740000 >> AHB granted, starting recovery...
1814940000 >> Recovery done, continuing...
1815015000 >> Requesting for the AHB bus...
1816040000 >> AHB granted, starting recovery...
1835240000 >> Recovery done, continuing...
1835315000 >> Requesting for the AHB bus...
1836340000 >> AHB granted, starting recovery...
1855540000 >> Recovery done, continuing...
1855615000 >> Requesting for the AHB bus...
1856640000 >> AHB granted, starting recovery...
1875840000 >> Recovery done, continuing...
1875915000 >> Requesting for the AHB bus...
1876940000 >> AHB granted, starting recovery...
1896140000 >> Recovery done, continuing...
1896215000 >> Requesting for the AHB bus...
1897240000 >> AHB granted, starting recovery...
1916440000 >> Recovery done, continuing...
1916515000 >> Requesting for the AHB bus...
1917540000 >> AHB granted, starting recovery...
1936740000 >> Recovery done, continuing...
1936815000 >> Requesting for the AHB bus...
1937840000 >> AHB granted, starting recovery...
1957040000 >> Recovery done, continuing...
1957115000 >> Requesting for the AHB bus...
1958140000 >> AHB granted, starting recovery...
1977340000 >> Recovery done, continuing...
1977415000 >> Requesting for the AHB bus...
1978440000 >> AHB granted, starting recovery...
1997640000 >> Recovery done, continuing...
1997715000 >> Requesting for the AHB bus...
1998740000 >> AHB granted, starting recovery...
2017940000 >> Recovery done, continuing...
2018015000 >> Requesting for the AHB bus...
2019040000 >> AHB granted, starting recovery...
2038240000 >> Recovery done, continuing...
2038315000 >> Requesting for the AHB bus...
2039340000 >> AHB granted, starting recovery...
2058540000 >> Recovery done, continuing...
2058615000 >> Requesting for the AHB bus...
2059640000 >> AHB granted, starting recovery...
2078840000 >> Recovery done, continuing...
2078915000 >> Requesting for the AHB bus...
2079940000 >> AHB granted, starting recovery...
2099140000 >> Recovery done, continuing...
2099215000 >> Requesting for the AHB bus...
2100415000 >> AHB granted, starting recovery...
2119615000 >> Recovery done, continuing...
2119690000 >> Requesting for the AHB bus...
2120715000 >> AHB granted, starting recovery...
2139915000 >> Recovery done, continuing...
2139990000 >> Requesting for the AHB bus...
2141015000 >> AHB granted, starting recovery...
2160215000 >> Recovery done, continuing...
2160290000 >> Requesting for the AHB bus...
2161315000 >> AHB granted, starting recovery...
2180515000 >> Recovery done, continuing...
2180590000 >> Requesting for the AHB bus...
2181615000 >> AHB granted, starting recovery...
2200815000 >> Recovery done, continuing...
2200890000 >> Requesting for the AHB bus...
2201915000 >> AHB granted, starting recovery...
2221115000 >> Recovery done, continuing...
2221190000 >> Requesting for the AHB bus...
2222340000 >> AHB granted, starting recovery...
2241540000 >> Recovery done, continuing...
2241615000 >> Requesting for the AHB bus...
2242640000 >> AHB granted, starting recovery...
2261840000 >> Recovery done, continuing...
2261915000 >> Requesting for the AHB bus...
2262940000 >> AHB granted, starting recovery...
2282140000 >> Recovery done, continuing...
2282215000 >> Requesting for the AHB bus...
2283240000 >> AHB granted, starting recovery...
2302440000 >> Recovery done, continuing...
2302515000 >> Requesting for the AHB bus...
2303540000 >> AHB granted, starting recovery...
2322740000 >> Recovery done, continuing...
2322815000 >> Requesting for the AHB bus...
2323840000 >> AHB granted, starting recovery...
2343040000 >> Recovery done, continuing...
2343115000 >> Requesting for the AHB bus...
2344140000 >> AHB granted, starting recovery...
2363340000 >> Recovery done, continuing...
2363415000 >> Requesting for the AHB bus...
2364440000 >> AHB granted, starting recovery...
2383640000 >> Recovery done, continuing...
2383715000 >> Requesting for the AHB bus...
2384740000 >> AHB granted, starting recovery...
2403940000 >> Recovery done, continuing...
2404015000 >> Requesting for the AHB bus...
2405040000 >> AHB granted, starting recovery...
2424240000 >> Recovery done, continuing...
2424315000 >> Requesting for the AHB bus...
2425340000 >> AHB granted, starting recovery...
2444540000 >> Recovery done, continuing...
2444615000 >> Requesting for the AHB bus...
2445640000 >> AHB granted, starting recovery...
2464840000 >> Recovery done, continuing...
2464915000 >> Requesting for the AHB bus...
2465940000 >> AHB granted, starting recovery...
2485140000 >> Recovery done, continuing...
2485215000 >> Requesting for the AHB bus...
2486240000 >> AHB granted, starting recovery...
2505440000 >> Recovery done, continuing...
2505515000 >> Requesting for the AHB bus...
2506540000 >> AHB granted, starting recovery...
2525740000 >> Recovery done, continuing...
2525815000 >> Requesting for the AHB bus...
2526840000 >> AHB granted, starting recovery...
2546040000 >> Recovery done, continuing...
2546115000 >> Requesting for the AHB bus...
2547140000 >> AHB granted, starting recovery...
2566340000 >> Recovery done, continuing...
2566415000 >> Requesting for the AHB bus...
2567615000 >> AHB granted, starting recovery...
2586815000 >> Recovery done, continuing...
2586890000 >> Requesting for the AHB bus...
2587915000 >> AHB granted, starting recovery...
2607115000 >> Recovery done, continuing...
2607190000 >> Requesting for the AHB bus...
2608215000 >> AHB granted, starting recovery...
2627415000 >> Recovery done, continuing...
2627490000 >> Requesting for the AHB bus...
2628515000 >> AHB granted, starting recovery...
2647715000 >> Recovery done, continuing...
2647790000 >> Requesting for the AHB bus...
2648815000 >> AHB granted, starting recovery...
2668015000 >> Recovery done, continuing...
2668090000 >> Requesting for the AHB bus...
2669115000 >> AHB granted, starting recovery...
2688315000 >> Recovery done, continuing...
2688390000 >> Requesting for the AHB bus...
2689540000 >> AHB granted, starting recovery...
2708740000 >> Recovery done, continuing...
2708815000 >> Requesting for the AHB bus...
2709840000 >> AHB granted, starting recovery...
2729040000 >> Recovery done, continuing...
2729115000 >> Requesting for the AHB bus...
2730140000 >> AHB granted, starting recovery...
2749340000 >> Recovery done, continuing...
2749415000 >> Requesting for the AHB bus...
2750440000 >> AHB granted, starting recovery...
2769640000 >> Recovery done, continuing...
2769715000 >> Requesting for the AHB bus...
2770740000 >> AHB granted, starting recovery...
2789940000 >> Recovery done, continuing...
2790015000 >> Requesting for the AHB bus...
2791040000 >> AHB granted, starting recovery...
2810240000 >> Recovery done, continuing...
2810315000 >> Requesting for the AHB bus...
2811340000 >> AHB granted, starting recovery...
2830540000 >> Recovery done, continuing...
2830615000 >> Requesting for the AHB bus...
2831640000 >> AHB granted, starting recovery...
2850840000 >> Recovery done, continuing...
2850915000 >> Requesting for the AHB bus...
2851940000 >> AHB granted, starting recovery...
2871140000 >> Recovery done, continuing...
2871215000 >> Requesting for the AHB bus...
2872240000 >> AHB granted, starting recovery...
2891440000 >> Recovery done, continuing...
2891515000 >> Requesting for the AHB bus...
2892540000 >> AHB granted, starting recovery...
2899665000 >> time limit reached...
/testbench/cpu/l3/u0/leon3x0/vhdl/p0/iu/r.w.wreg:1
/testbench/cpu/l3/u0/leon3x0/vhdl/p0/iu/r.m.irqen:1
/testbench/cpu/l3/u0/leon3x0/vhdl/p0/iu/r.m.icc:0100
/testbench/cpu/l3/u0/leon3x0/vhdl/p0/iu/r.a.ticc:0
/testbench/cpu/l3/u0/leon3x0/vhdl/p0/iu/r.a.step:0
/testbench/cpu/l3/u0/leon3x0/vhdl/p0/iu/r.m.irqen2:1
/testbench/cpu/l3/u0/leon3x0/vhdl/p0/iu/r.d.pc:01000000000000000000001001000000
/testbench/cpu/l3/u0/leon3x0/vhdl/p0/iu/r.d.rexpl:{{00000000000000000000000000000000} {00} {0} 0 0 {0000000000000000000} 0 0 0 0 0 0}
/testbench/cpu/l3/u0/leon3x0/vhdl/p0/iu/r.d.mexc:0
/testbench/cpu/l3/u0/leon3x0/vhdl/p0/iu/r.a.aw:0
/testbench/cpu/l3/u0/leon3x0/vhdl/p0/iu/r.e.ctrl:{{01000000000000000000001000111100} {11000010000001111011111111111100} {01} {10000001} {000000} 0 0 1 0 0 1 1 0 0}
/testbench/cpu/l3/u0/leon3x0/vhdl/p0/iu/r.a.divstart:0
/testbench/cpu/l3/u0/leon3x0/vhdl/p0/iu/r.e.shleft:0
/testbench/cpu/l3/u0/leon3x0/vhdl/p0/iu/r.a.bp:0
/testbench/cpu/l3/u0/leon3x0/vhdl/p0/iu/r.w.twcwp:000
/testbench/cpu/l3/u0/leon3x0/vhdl/p0/iu/r.a.jmpl:0
/testbench/cpu/l3/u0/leon3x0/vhdl/p0/iu/r.m.casa:0
/testbench/cpu/l3/u0/leon3x0/vhdl/p0/iu/r.m.werr:0
/testbench/cpu/l3/u0/leon3x0/vhdl/p0/iu/r.e.su:1
/testbench/cpu/l3/u0/leon3x0/vhdl/p0/iu/r.e.et:1
/testbench/cpu/l3/u0/leon3x0/vhdl/p0/iu/r.a.ldcheck1:1
/testbench/cpu/l3/u0/leon3x0/vhdl/p0/iu/r.d.stwin:000
/testbench/cpu/l3/u0/leon3x0/vhdl/p0/iu/r.a.ldcheck2:0
/testbench/cpu/l3/u0/leon3x0/vhdl/p0/iu/r.x.intack:0
/testbench/cpu/l3/u0/leon3x0/vhdl/p0/iu/r.m.ctrl:{{01000000000000000000001000111000} {11000010001001111011111111111100} {01} {10000001} {000000} 0 0 0 0 0 0 0 0 0}
/testbench/cpu/l3/u0/leon3x0/vhdl/p0/iu/r.a.cwp:101
/testbench/cpu/l3/u0/leon3x0/vhdl/p0/iu/r.e.sari:0
/testbench/cpu/l3/u0/leon3x0/vhdl/p0/iu/r.d.paw:0
/testbench/cpu/l3/u0/leon3x0/vhdl/p0/iu/r.d.aw:0
/testbench/cpu/l3/u0/leon3x0/vhdl/p0/iu/r.d.awp:000
/testbench/cpu/l3/u0/leon3x0/vhdl/p0/iu/r.x.ctrl:{{01000000000000000000001000111000} {11000010001001111011111111111100} {00} {10000001} {000000} 0 0 0 0 0 0 1 0 0}
/testbench/cpu/l3/u0/leon3x0/vhdl/p0/iu/r.m.rexnalign:0
/testbench/cpu/l3/u0/leon3x0/vhdl/p0/iu/r.m.su:1
/testbench/cpu/l3/u0/leon3x0/vhdl/p0/iu/r.m.wcwp:0
/testbench/cpu/l3/u0/leon3x0/vhdl/p0/iu/r.d.divrdy:0
/testbench/cpu/l3/u0/leon3x0/vhdl/p0/iu/r.e.cwp:101
/testbench/cpu/l3/u0/leon3x0/vhdl/p0/iu/r.w.except:0
/testbench/cpu/l3/u0/leon3x0/vhdl/p0/iu/r.x.nerror:0
/testbench/cpu/l3/u0/leon3x0/vhdl/p0/iu/r.a.bpimiss:0
/testbench/cpu/l3/u0/leon3x0/vhdl/p0/iu/r.a.nobp:0
/testbench/cpu/l3/u0/leon3x0/vhdl/p0/iu/r.d.rexcnt:0
/testbench/cpu/l3/u0/leon3x0/vhdl/p0/iu/r.w.s:{{101} {0100} {00000000} {01000000000000000000} {00000010} {0000} 0 0 1 1 1 {00000000000000000000000000000000} {UUUUUUUUUUUUUUUUUUUUUUUUUUUUUUUU} 1 0 0 1 1 1 0 0 {000} {000} {111}}
/testbench/cpu/l3/u0/leon3x0/vhdl/p0/iu/r.d.pv:1
/testbench/cpu/l3/u0/leon3x0/vhdl/p0/iu/r.a.ldchkra:1
/testbench/cpu/l3/u0/leon3x0/vhdl/p0/iu/r.a.rfa1:10000001
/testbench/cpu/l3/u0/leon3x0/vhdl/p0/iu/r.a.rfa2:10000011
/testbench/cpu/l3/u0/leon3x0/vhdl/p0/iu/r.a.imm:00000000000000000000000000000011
/testbench/cpu/l3/u0/leon3x0/vhdl/p0/iu/r.w.wa:10000001
/testbench/cpu/l3/u0/leon3x0/vhdl/p0/iu/r.m.casaz:1
/testbench/cpu/l3/u0/leon3x0/vhdl/p0/iu/r.x.dci:{0 1 0 0 0 0 {10} {00001011}}
/testbench/cpu/l3/u0/leon3x0/vhdl/p0/iu/r.x.mac:0
/testbench/cpu/l3/u0/leon3x0/vhdl/p0/iu/r.m.divz:0
/testbench/cpu/l3/u0/leon3x0/vhdl/p0/iu/r.d.inst:{{10000000101000000110000000000011}}
/testbench/cpu/l3/u0/leon3x0/vhdl/p0/iu/r.e.rfe1:1
/testbench/cpu/l3/u0/leon3x0/vhdl/p0/iu/r.a.wovf:0
/testbench/cpu/l3/u0/leon3x0/vhdl/p0/iu/r.e.rfe2:0
/testbench/cpu/l3/u0/leon3x0/vhdl/p0/iu/r.e.op1:01000000000011111111111010011000
/testbench/cpu/l3/u0/leon3x0/vhdl/p0/iu/r.m.nalign:0
/testbench/cpu/l3/u0/leon3x0/vhdl/p0/iu/r.e.op2:11111111111111111111111111111100
/testbench/cpu/l3/u0/leon3x0/vhdl/p0/iu/r.d.rexen:0
/testbench/cpu/l3/u0/leon3x0/vhdl/p0/iu/r.a.ctrl:{{01000000000000000000001001000000} {10000000101000000110000000000011} {00} {10000000} {000000} 0 1 0 0 0 0 0 0 0}
/testbench/cpu/l3/u0/leon3x0/vhdl/p0/iu/r.x.ipend:0
/testbench/cpu/l3/u0/leon3x0/vhdl/p0/iu/r.e.ldbp1:0
/testbench/cpu/l3/u0/leon3x0/vhdl/p0/iu/r.e.aluadd:1
/testbench/cpu/l3/u0/leon3x0/vhdl/p0/iu/r.d.set:0
/testbench/cpu/l3/u0/leon3x0/vhdl/p0/iu/r.d.inull:0
/testbench/cpu/l3/u0/leon3x0/vhdl/p0/iu/r.e.ldbp2:0
/testbench/cpu/l3/u0/leon3x0/vhdl/p0/iu/r.d.cnt:00
/testbench/cpu/l3/u0/leon3x0/vhdl/p0/iu/r.a.su:1
/testbench/cpu/l3/u0/leon3x0/vhdl/p0/iu/r.a.et:1
/testbench/cpu/l3/u0/leon3x0/vhdl/p0/iu/r.e.mul:0
/testbench/cpu/l3/u0/leon3x0/vhdl/p0/iu/r.e.alusel:11
/testbench/cpu/l3/u0/leon3x0/vhdl/p0/iu/r.e.aw:U
/testbench/cpu/l3/u0/leon3x0/vhdl/p0/iu/r.e.mac:0
/testbench/cpu/l3/u0/leon3x0/vhdl/p0/iu/r.a.decill:0
/testbench/cpu/l3/u0/leon3x0/vhdl/p0/iu/r.x.icc:0100
/testbench/cpu/l3/u0/leon3x0/vhdl/p0/iu/r.x.result:01000000000011111111111010010100
/testbench/cpu/l3/u0/leon3x0/vhdl/p0/iu/r.e.bp:0
/testbench/cpu/l3/u0/leon3x0/vhdl/p0/iu/r.a.rs1:00001
/testbench/cpu/l3/u0/leon3x0/vhdl/p0/iu/r.e.jmpl:0
/testbench/cpu/l3/u0/leon3x0/vhdl/p0/iu/r.a.rsel1:001
/testbench/cpu/l3/u0/leon3x0/vhdl/p0/iu/r.x.y:00000000000000000000000000000000
/testbench/cpu/l3/u0/leon3x0/vhdl/p0/iu/r.a.rsel2:100
/testbench/cpu/l3/u0/leon3x0/vhdl/p0/iu/r.a.awp:000
/testbench/cpu/l3/u0/leon3x0/vhdl/p0/iu/r.a.paw:0
/testbench/cpu/l3/u0/leon3x0/vhdl/p0/iu/r.x.data:{{00000000000000000000000000000011}}
/testbench/cpu/l3/u0/leon3x0/vhdl/p0/iu/r.m.mul:0
/testbench/cpu/l3/u0/leon3x0/vhdl/p0/iu/r.e.rd:UUUUU
/testbench/cpu/l3/u0/leon3x0/vhdl/p0/iu/r.e.invop2:0
/testbench/cpu/l3/u0/leon3x0/vhdl/p0/iu/r.m.wawp:0
/testbench/cpu/l3/u0/leon3x0/vhdl/p0/iu/r.d.cwpmax:111
/testbench/cpu/l3/u0/leon3x0/vhdl/p0/iu/r.f.branch:0
/testbench/cpu/l3/u0/leon3x0/vhdl/p0/iu/r.d.pcheld:1
/testbench/cpu/l3/u0/leon3x0/vhdl/p0/iu/r.m.dci:{0 0 0 1 0 0 {10} {00001011}}
/testbench/cpu/l3/u0/leon3x0/vhdl/p0/iu/r.e.paw:U
/testbench/cpu/l3/u0/leon3x0/vhdl/p0/iu/r.e.awp:UUU
/testbench/cpu/l3/u0/leon3x0/vhdl/p0/iu/r.e.shcnt:11100
/testbench/cpu/l3/u0/leon3x0/vhdl/p0/iu/r.w.result:00000000000000000000000000000100
/testbench/cpu/l3/u0/leon3x0/vhdl/p0/iu/r.m.mac:0
/testbench/cpu/l3/u0/leon3x0/vhdl/p0/iu/r.m.y:00000000000000000000000000000000
/testbench/cpu/l3/u0/leon3x0/vhdl/p0/iu/r.d.cwp:101
/testbench/cpu/l3/u0/leon3x0/vhdl/p0/iu/r.x.laddr:00
/testbench/cpu/l3/u0/leon3x0/vhdl/p0/iu/r.e.mulstep:0
/testbench/cpu/l3/u0/leon3x0/vhdl/p0/iu/r.e.ymsb:0
/testbench/cpu/l3/u0/leon3x0/vhdl/p0/iu/r.d.rexbuf:00000000000000000000000000000000
/testbench/cpu/l3/u0/leon3x0/vhdl/p0/iu/r.x.npc:100
/testbench/cpu/l3/u0/leon3x0/vhdl/p0/iu/r.f.pc:01000000000000000000001001000100
/testbench/cpu/l3/u0/leon3x0/vhdl/p0/iu/r.d.annul:0
/testbench/cpu/l3/u0/leon3x0/vhdl/p0/iu/r.x.rstate:run
/testbench/cpu/l3/u0/leon3x0/vhdl/p0/iu/r.x.set:0
/testbench/cpu/l3/u0/leon3x0/vhdl/p0/iu/r.m.result:00000000000000000000000000000100
/testbench/cpu/l3/u0/leon3x0/vhdl/p0/iu/r.e.icc:UUUU
/testbench/cpu/l3/u0/leon3x0/vhdl/p0/iu/r.a.getpc:0
/testbench/cpu/l3/u0/leon3x0/vhdl/p0/iu/r.a.ldchkex:1
/testbench/cpu/l3/u0/leon3x0/vhdl/p0/iu/r.x.mexc:0
/testbench/cpu/l3/u0/leon3x0/vhdl/p0/iu/r.a.mulstart:0
/testbench/cpu/l3/u0/leon3x0/vhdl/p0/iu/r.d.rexpos:10
/testbench/cpu/l3/u0/leon3x0/vhdl/p0/iu/r.x.annul_all:0
/testbench/cpu/l3/u0/leon3x0/vhdl/p0/iu/r.e.aluop:000
/testbench/cpu/l3/u0/leon3x0/vhdl/p0/iu/r.x.debug:0
/testbench/cpu/l3/u0/leon3x0/vhdl/p0/iu/r.a.rfe1:0
/testbench/cpu/l3/u0/leon3x0/vhdl/p0/iu/r.d.step:0
/testbench/cpu/l3/u0/leon3x0/vhdl/p0/iu/r.a.rfe2:0
/testbench/cpu/l3/u0/leon3x0/vhdl/p0/iu/r.e.alucin:0
/testbench/cpu/l3/u0/leon3x0/vhdl/p0/iu/r.a.wunf:0
======================================
progstatus: -2
execerr: 66
latent: 1
time limit!
>>>>>>>>>>>>>>> 2899665000
======================================
