Test signal = /testbench/cpu/l3/u0/leon3x0/vhdl/p0/iu/r.d.inull
oldval = 0
pos1: -1 pos0: 0 posU: -1
newval = 1
Signal value: 0
oldval = 0
pos1: -1 pos0: 0 posU: -1
newval = 1
force in 936796
584840000 >> iteration no: 0
1027865000 >> iteration no: 1
1470840000 >> iteration no: 2
1516740000 >> Requesting for the AHB bus...
1517140000 >> Requesting for the AHB bus...
1517540000 >> AHB granted, starting recovery...
1536740000 >> Recovery done, continuing...
1537440000 >> Requesting for the AHB bus...
1538215000 >> AHB granted, starting recovery...
1557415000 >> Recovery done, continuing...
1558115000 >> Requesting for the AHB bus...
1558890000 >> AHB granted, starting recovery...
1578090000 >> Recovery done, continuing...
1578790000 >> Requesting for the AHB bus...
1579565000 >> AHB granted, starting recovery...
1598765000 >> Recovery done, continuing...
1599465000 >> Requesting for the AHB bus...
1600240000 >> AHB granted, starting recovery...
1619440000 >> Recovery done, continuing...
1620315000 >> Requesting for the AHB bus...
1621090000 >> AHB granted, starting recovery...
1640290000 >> Recovery done, continuing...
1640990000 >> Requesting for the AHB bus...
1641765000 >> AHB granted, starting recovery...
1660965000 >> Recovery done, continuing...
1661665000 >> Requesting for the AHB bus...
1662440000 >> AHB granted, starting recovery...
1681640000 >> Recovery done, continuing...
1682340000 >> Requesting for the AHB bus...
1683115000 >> AHB granted, starting recovery...
1702315000 >> Recovery done, continuing...
1703015000 >> Requesting for the AHB bus...
1703940000 >> AHB granted, starting recovery...
1723140000 >> Recovery done, continuing...
1723840000 >> Requesting for the AHB bus...
1724615000 >> AHB granted, starting recovery...
1743815000 >> Recovery done, continuing...
1744515000 >> Requesting for the AHB bus...
1745290000 >> AHB granted, starting recovery...
1764490000 >> Recovery done, continuing...
1765190000 >> Requesting for the AHB bus...
1765965000 >> AHB granted, starting recovery...
1785165000 >> Recovery done, continuing...
1785865000 >> Requesting for the AHB bus...
1786640000 >> AHB granted, starting recovery...
1805840000 >> Recovery done, continuing...
1806540000 >> Requesting for the AHB bus...
1807315000 >> AHB granted, starting recovery...
1826515000 >> Recovery done, continuing...
1827215000 >> Requesting for the AHB bus...
1827990000 >> AHB granted, starting recovery...
1847190000 >> Recovery done, continuing...
1847890000 >> Requesting for the AHB bus...
1848665000 >> AHB granted, starting recovery...
1867865000 >> Recovery done, continuing...
1868565000 >> Requesting for the AHB bus...
1869340000 >> AHB granted, starting recovery...
1888540000 >> Recovery done, continuing...
1889240000 >> Requesting for the AHB bus...
1890015000 >> AHB granted, starting recovery...
1909215000 >> Recovery done, continuing...
1909915000 >> Requesting for the AHB bus...
1910690000 >> AHB granted, starting recovery...
1929890000 >> Recovery done, continuing...
1930590000 >> Requesting for the AHB bus...
1931365000 >> AHB granted, starting recovery...
1950565000 >> Recovery done, continuing...
1951265000 >> Requesting for the AHB bus...
1952040000 >> AHB granted, starting recovery...
1971240000 >> Recovery done, continuing...
1972115000 >> Requesting for the AHB bus...
1972890000 >> AHB granted, starting recovery...
1992090000 >> Recovery done, continuing...
1992790000 >> Requesting for the AHB bus...
1993565000 >> AHB granted, starting recovery...
2012765000 >> Recovery done, continuing...
2013465000 >> Requesting for the AHB bus...
2014240000 >> AHB granted, starting recovery...
2033440000 >> Recovery done, continuing...
2034140000 >> Requesting for the AHB bus...
2034915000 >> AHB granted, starting recovery...
2054115000 >> Recovery done, continuing...
2054815000 >> Requesting for the AHB bus...
2055740000 >> AHB granted, starting recovery...
2074940000 >> Recovery done, continuing...
2075640000 >> Requesting for the AHB bus...
2076415000 >> AHB granted, starting recovery...
2095615000 >> Recovery done, continuing...
2096315000 >> Requesting for the AHB bus...
2097090000 >> AHB granted, starting recovery...
2116290000 >> Recovery done, continuing...
2116990000 >> Requesting for the AHB bus...
2117765000 >> AHB granted, starting recovery...
2136965000 >> Recovery done, continuing...
2137665000 >> Requesting for the AHB bus...
2138440000 >> AHB granted, starting recovery...
2157640000 >> Recovery done, continuing...
2158340000 >> Requesting for the AHB bus...
2159115000 >> AHB granted, starting recovery...
2178315000 >> Recovery done, continuing...
2179015000 >> Requesting for the AHB bus...
2179790000 >> AHB granted, starting recovery...
2198990000 >> Recovery done, continuing...
2199690000 >> Requesting for the AHB bus...
2200465000 >> AHB granted, starting recovery...
2219665000 >> Recovery done, continuing...
2220365000 >> Requesting for the AHB bus...
2221140000 >> AHB granted, starting recovery...
2240340000 >> Recovery done, continuing...
2241140000 >> Requesting for the AHB bus...
2241915000 >> AHB granted, starting recovery...
2261115000 >> Recovery done, continuing...
2261815000 >> Requesting for the AHB bus...
2262590000 >> AHB granted, starting recovery...
2281790000 >> Recovery done, continuing...
2282490000 >> Requesting for the AHB bus...
2283265000 >> AHB granted, starting recovery...
2302465000 >> Recovery done, continuing...
2303165000 >> Requesting for the AHB bus...
2303940000 >> AHB granted, starting recovery...
2323140000 >> Recovery done, continuing...
2324015000 >> Requesting for the AHB bus...
2324790000 >> AHB granted, starting recovery...
2343990000 >> Recovery done, continuing...
2344690000 >> Requesting for the AHB bus...
2345465000 >> AHB granted, starting recovery...
2364665000 >> Recovery done, continuing...
2365365000 >> Requesting for the AHB bus...
2366140000 >> AHB granted, starting recovery...
2385340000 >> Recovery done, continuing...
2386040000 >> Requesting for the AHB bus...
2386815000 >> AHB granted, starting recovery...
2406015000 >> Recovery done, continuing...
2406715000 >> Requesting for the AHB bus...
2407490000 >> AHB granted, starting recovery...
2426690000 >> Recovery done, continuing...
2427390000 >> Requesting for the AHB bus...
2428165000 >> AHB granted, starting recovery...
2447365000 >> Recovery done, continuing...
2448065000 >> Requesting for the AHB bus...
2448840000 >> AHB granted, starting recovery...
2468040000 >> Recovery done, continuing...
2468740000 >> Requesting for the AHB bus...
2469515000 >> AHB granted, starting recovery...
2488715000 >> Recovery done, continuing...
2489415000 >> Requesting for the AHB bus...
2490190000 >> AHB granted, starting recovery...
2509390000 >> Recovery done, continuing...
2510090000 >> Requesting for the AHB bus...
2510865000 >> AHB granted, starting recovery...
2530065000 >> Recovery done, continuing...
2530765000 >> Requesting for the AHB bus...
2531540000 >> AHB granted, starting recovery...
2550740000 >> Recovery done, continuing...
2551440000 >> Requesting for the AHB bus...
2552215000 >> AHB granted, starting recovery...
2571415000 >> Recovery done, continuing...
2572115000 >> Requesting for the AHB bus...
2572890000 >> AHB granted, starting recovery...
2592090000 >> Recovery done, continuing...
2592965000 >> Requesting for the AHB bus...
2593740000 >> AHB granted, starting recovery...
2612940000 >> Recovery done, continuing...
2613640000 >> Requesting for the AHB bus...
2614415000 >> AHB granted, starting recovery...
2633615000 >> Recovery done, continuing...
2634315000 >> Requesting for the AHB bus...
2635090000 >> AHB granted, starting recovery...
2654290000 >> Recovery done, continuing...
2654990000 >> Requesting for the AHB bus...
2655765000 >> AHB granted, starting recovery...
2674965000 >> Recovery done, continuing...
2675665000 >> Requesting for the AHB bus...
2676590000 >> AHB granted, starting recovery...
2695790000 >> Recovery done, continuing...
2696490000 >> Requesting for the AHB bus...
2697265000 >> AHB granted, starting recovery...
2716465000 >> Recovery done, continuing...
2717165000 >> Requesting for the AHB bus...
2717940000 >> AHB granted, starting recovery...
2737140000 >> Recovery done, continuing...
2737840000 >> Requesting for the AHB bus...
2738615000 >> AHB granted, starting recovery...
2757815000 >> Recovery done, continuing...
2758515000 >> Requesting for the AHB bus...
2759290000 >> AHB granted, starting recovery...
2778490000 >> Recovery done, continuing...
2779190000 >> Requesting for the AHB bus...
2779965000 >> AHB granted, starting recovery...
2799165000 >> Recovery done, continuing...
2799865000 >> Requesting for the AHB bus...
2800640000 >> AHB granted, starting recovery...
2819840000 >> Recovery done, continuing...
2820540000 >> Requesting for the AHB bus...
2821315000 >> AHB granted, starting recovery...
2840515000 >> Recovery done, continuing...
2841215000 >> Requesting for the AHB bus...
2841990000 >> AHB granted, starting recovery...
2861190000 >> Recovery done, continuing...
2861940000 >> Requesting for the AHB bus...
2862715000 >> AHB granted, starting recovery...
2881915000 >> Recovery done, continuing...
2882615000 >> Requesting for the AHB bus...
2883390000 >> AHB granted, starting recovery...
2899665000 >> time limit reached...
/testbench/cpu/l3/u0/leon3x0/vhdl/p0/iu/r.w.wreg:1
/testbench/cpu/l3/u0/leon3x0/vhdl/p0/iu/r.m.irqen:1
/testbench/cpu/l3/u0/leon3x0/vhdl/p0/iu/r.m.icc:1001
/testbench/cpu/l3/u0/leon3x0/vhdl/p0/iu/r.a.ticc:0
/testbench/cpu/l3/u0/leon3x0/vhdl/p0/iu/r.a.step:0
/testbench/cpu/l3/u0/leon3x0/vhdl/p0/iu/r.m.irqen2:1
/testbench/cpu/l3/u0/leon3x0/vhdl/p0/iu/r.d.pc:01000000000000000000001001000000
/testbench/cpu/l3/u0/leon3x0/vhdl/p0/iu/r.d.rexpl:{{00000000000000000000000000000000} {00} {0} 0 0 {0000000000000000000} 0 0 0 0 0 0}
/testbench/cpu/l3/u0/leon3x0/vhdl/p0/iu/r.d.mexc:0
/testbench/cpu/l3/u0/leon3x0/vhdl/p0/iu/r.a.aw:0
/testbench/cpu/l3/u0/leon3x0/vhdl/p0/iu/r.e.ctrl:{{01000000000000000000001000111100} {11000010000001111011111111111100} {00} {10000001} {000000} 0 0 1 0 0 1 1 0 0}
/testbench/cpu/l3/u0/leon3x0/vhdl/p0/iu/r.a.divstart:0
/testbench/cpu/l3/u0/leon3x0/vhdl/p0/iu/r.e.shleft:0
/testbench/cpu/l3/u0/leon3x0/vhdl/p0/iu/r.a.bp:0
/testbench/cpu/l3/u0/leon3x0/vhdl/p0/iu/r.w.twcwp:000
/testbench/cpu/l3/u0/leon3x0/vhdl/p0/iu/r.a.jmpl:0
/testbench/cpu/l3/u0/leon3x0/vhdl/p0/iu/r.m.casa:0
/testbench/cpu/l3/u0/leon3x0/vhdl/p0/iu/r.m.werr:0
/testbench/cpu/l3/u0/leon3x0/vhdl/p0/iu/r.e.su:1
/testbench/cpu/l3/u0/leon3x0/vhdl/p0/iu/r.e.et:1
/testbench/cpu/l3/u0/leon3x0/vhdl/p0/iu/r.a.ldcheck1:1
/testbench/cpu/l3/u0/leon3x0/vhdl/p0/iu/r.d.stwin:000
/testbench/cpu/l3/u0/leon3x0/vhdl/p0/iu/r.a.ldcheck2:0
/testbench/cpu/l3/u0/leon3x0/vhdl/p0/iu/r.x.intack:0
/testbench/cpu/l3/u0/leon3x0/vhdl/p0/iu/r.m.ctrl:{{01000000000000000000001000111000} {11000010001001111011111111111100} {01} {10000001} {000000} 0 0 0 0 0 0 0 0 0}
/testbench/cpu/l3/u0/leon3x0/vhdl/p0/iu/r.a.cwp:101
/testbench/cpu/l3/u0/leon3x0/vhdl/p0/iu/r.e.sari:0
/testbench/cpu/l3/u0/leon3x0/vhdl/p0/iu/r.d.paw:0
/testbench/cpu/l3/u0/leon3x0/vhdl/p0/iu/r.d.aw:0
/testbench/cpu/l3/u0/leon3x0/vhdl/p0/iu/r.d.awp:000
/testbench/cpu/l3/u0/leon3x0/vhdl/p0/iu/r.x.ctrl:{{01000000000000000000001000111000} {11000010001001111011111111111100} {00} {10000001} {000000} 0 0 0 0 0 0 1 0 0}
/testbench/cpu/l3/u0/leon3x0/vhdl/p0/iu/r.m.rexnalign:0
/testbench/cpu/l3/u0/leon3x0/vhdl/p0/iu/r.m.su:1
/testbench/cpu/l3/u0/leon3x0/vhdl/p0/iu/r.m.wcwp:0
/testbench/cpu/l3/u0/leon3x0/vhdl/p0/iu/r.d.divrdy:0
/testbench/cpu/l3/u0/leon3x0/vhdl/p0/iu/r.e.cwp:101
/testbench/cpu/l3/u0/leon3x0/vhdl/p0/iu/r.w.except:0
/testbench/cpu/l3/u0/leon3x0/vhdl/p0/iu/r.x.nerror:0
/testbench/cpu/l3/u0/leon3x0/vhdl/p0/iu/r.a.bpimiss:0
/testbench/cpu/l3/u0/leon3x0/vhdl/p0/iu/r.a.nobp:0
/testbench/cpu/l3/u0/leon3x0/vhdl/p0/iu/r.d.rexcnt:0
/testbench/cpu/l3/u0/leon3x0/vhdl/p0/iu/r.w.s:{{101} {1001} {00000000} {01000000000000000000} {00000010} {0000} 0 0 1 1 1 {00000000000000000000000000000000} {UUUUUUUUUUUUUUUUUUUUUUUUUUUUUUUU} 1 0 0 1 1 1 0 0 {000} {000} {111}}
/testbench/cpu/l3/u0/leon3x0/vhdl/p0/iu/r.d.pv:1
/testbench/cpu/l3/u0/leon3x0/vhdl/p0/iu/r.a.ldchkra:1
/testbench/cpu/l3/u0/leon3x0/vhdl/p0/iu/r.a.rfa1:10000001
/testbench/cpu/l3/u0/leon3x0/vhdl/p0/iu/r.a.rfa2:10000011
/testbench/cpu/l3/u0/leon3x0/vhdl/p0/iu/r.a.imm:00000000000000000000000000000011
/testbench/cpu/l3/u0/leon3x0/vhdl/p0/iu/r.w.wa:10000001
/testbench/cpu/l3/u0/leon3x0/vhdl/p0/iu/r.m.casaz:0
/testbench/cpu/l3/u0/leon3x0/vhdl/p0/iu/r.x.dci:{0 1 0 0 0 0 {10} {00001011}}
/testbench/cpu/l3/u0/leon3x0/vhdl/p0/iu/r.x.mac:0
/testbench/cpu/l3/u0/leon3x0/vhdl/p0/iu/r.m.divz:0
/testbench/cpu/l3/u0/leon3x0/vhdl/p0/iu/r.d.inst:{{10000000101000000110000000000011}}
/testbench/cpu/l3/u0/leon3x0/vhdl/p0/iu/r.e.rfe1:1
/testbench/cpu/l3/u0/leon3x0/vhdl/p0/iu/r.a.wovf:0
/testbench/cpu/l3/u0/leon3x0/vhdl/p0/iu/r.e.rfe2:0
/testbench/cpu/l3/u0/leon3x0/vhdl/p0/iu/r.e.op1:01000000000011111111111010011000
/testbench/cpu/l3/u0/leon3x0/vhdl/p0/iu/r.m.nalign:1
/testbench/cpu/l3/u0/leon3x0/vhdl/p0/iu/r.e.op2:11111111111111111111111111111100
/testbench/cpu/l3/u0/leon3x0/vhdl/p0/iu/r.d.rexen:0
/testbench/cpu/l3/u0/leon3x0/vhdl/p0/iu/r.a.ctrl:{{01000000000000000000001001000000} {10000000101000000110000000000011} {00} {10000000} {000000} 0 1 0 0 0 0 0 0 0}
/testbench/cpu/l3/u0/leon3x0/vhdl/p0/iu/r.x.ipend:0
/testbench/cpu/l3/u0/leon3x0/vhdl/p0/iu/r.e.ldbp1:0
/testbench/cpu/l3/u0/leon3x0/vhdl/p0/iu/r.e.aluadd:1
/testbench/cpu/l3/u0/leon3x0/vhdl/p0/iu/r.d.set:0
/testbench/cpu/l3/u0/leon3x0/vhdl/p0/iu/r.d.inull:0
/testbench/cpu/l3/u0/leon3x0/vhdl/p0/iu/r.e.ldbp2:0
/testbench/cpu/l3/u0/leon3x0/vhdl/p0/iu/r.d.cnt:00
/testbench/cpu/l3/u0/leon3x0/vhdl/p0/iu/r.a.su:1
/testbench/cpu/l3/u0/leon3x0/vhdl/p0/iu/r.a.et:1
/testbench/cpu/l3/u0/leon3x0/vhdl/p0/iu/r.e.mul:0
/testbench/cpu/l3/u0/leon3x0/vhdl/p0/iu/r.e.alusel:00
/testbench/cpu/l3/u0/leon3x0/vhdl/p0/iu/r.e.aw:U
/testbench/cpu/l3/u0/leon3x0/vhdl/p0/iu/r.e.mac:0
/testbench/cpu/l3/u0/leon3x0/vhdl/p0/iu/r.a.decill:0
/testbench/cpu/l3/u0/leon3x0/vhdl/p0/iu/r.x.icc:1001
/testbench/cpu/l3/u0/leon3x0/vhdl/p0/iu/r.x.result:01000000000011111111111010010100
/testbench/cpu/l3/u0/leon3x0/vhdl/p0/iu/r.e.bp:0
/testbench/cpu/l3/u0/leon3x0/vhdl/p0/iu/r.a.rs1:00001
/testbench/cpu/l3/u0/leon3x0/vhdl/p0/iu/r.e.jmpl:0
/testbench/cpu/l3/u0/leon3x0/vhdl/p0/iu/r.a.rsel1:001
/testbench/cpu/l3/u0/leon3x0/vhdl/p0/iu/r.x.y:00000000000000000000000000000000
/testbench/cpu/l3/u0/leon3x0/vhdl/p0/iu/r.a.rsel2:100
/testbench/cpu/l3/u0/leon3x0/vhdl/p0/iu/r.a.awp:000
/testbench/cpu/l3/u0/leon3x0/vhdl/p0/iu/r.a.paw:0
/testbench/cpu/l3/u0/leon3x0/vhdl/p0/iu/r.x.data:{{00000000000000000000000000000010}}
/testbench/cpu/l3/u0/leon3x0/vhdl/p0/iu/r.m.mul:0
/testbench/cpu/l3/u0/leon3x0/vhdl/p0/iu/r.e.rd:UUUUU
/testbench/cpu/l3/u0/leon3x0/vhdl/p0/iu/r.e.invop2:0
/testbench/cpu/l3/u0/leon3x0/vhdl/p0/iu/r.m.wawp:0
/testbench/cpu/l3/u0/leon3x0/vhdl/p0/iu/r.d.cwpmax:111
/testbench/cpu/l3/u0/leon3x0/vhdl/p0/iu/r.f.branch:0
/testbench/cpu/l3/u0/leon3x0/vhdl/p0/iu/r.d.pcheld:1
/testbench/cpu/l3/u0/leon3x0/vhdl/p0/iu/r.m.dci:{0 0 0 1 0 0 {10} {00001011}}
/testbench/cpu/l3/u0/leon3x0/vhdl/p0/iu/r.e.paw:U
/testbench/cpu/l3/u0/leon3x0/vhdl/p0/iu/r.e.awp:UUU
/testbench/cpu/l3/u0/leon3x0/vhdl/p0/iu/r.e.shcnt:11100
/testbench/cpu/l3/u0/leon3x0/vhdl/p0/iu/r.w.result:00000000000000000000000000000011
/testbench/cpu/l3/u0/leon3x0/vhdl/p0/iu/r.m.mac:0
/testbench/cpu/l3/u0/leon3x0/vhdl/p0/iu/r.m.y:00000000000000000000000000000000
/testbench/cpu/l3/u0/leon3x0/vhdl/p0/iu/r.d.cwp:101
/testbench/cpu/l3/u0/leon3x0/vhdl/p0/iu/r.x.laddr:00
/testbench/cpu/l3/u0/leon3x0/vhdl/p0/iu/r.e.mulstep:0
/testbench/cpu/l3/u0/leon3x0/vhdl/p0/iu/r.e.ymsb:0
/testbench/cpu/l3/u0/leon3x0/vhdl/p0/iu/r.d.rexbuf:00000000000000000000000000000000
/testbench/cpu/l3/u0/leon3x0/vhdl/p0/iu/r.x.npc:100
/testbench/cpu/l3/u0/leon3x0/vhdl/p0/iu/r.f.pc:01000000000000000000001001000100
/testbench/cpu/l3/u0/leon3x0/vhdl/p0/iu/r.d.annul:0
/testbench/cpu/l3/u0/leon3x0/vhdl/p0/iu/r.x.rstate:run
/testbench/cpu/l3/u0/leon3x0/vhdl/p0/iu/r.x.set:0
/testbench/cpu/l3/u0/leon3x0/vhdl/p0/iu/r.m.result:00000000000000000000000000000011
/testbench/cpu/l3/u0/leon3x0/vhdl/p0/iu/r.e.icc:UUUU
/testbench/cpu/l3/u0/leon3x0/vhdl/p0/iu/r.a.getpc:0
/testbench/cpu/l3/u0/leon3x0/vhdl/p0/iu/r.a.ldchkex:1
/testbench/cpu/l3/u0/leon3x0/vhdl/p0/iu/r.x.mexc:0
/testbench/cpu/l3/u0/leon3x0/vhdl/p0/iu/r.a.mulstart:0
/testbench/cpu/l3/u0/leon3x0/vhdl/p0/iu/r.d.rexpos:10
/testbench/cpu/l3/u0/leon3x0/vhdl/p0/iu/r.x.annul_all:0
/testbench/cpu/l3/u0/leon3x0/vhdl/p0/iu/r.e.aluop:000
/testbench/cpu/l3/u0/leon3x0/vhdl/p0/iu/r.x.debug:0
/testbench/cpu/l3/u0/leon3x0/vhdl/p0/iu/r.a.rfe1:0
/testbench/cpu/l3/u0/leon3x0/vhdl/p0/iu/r.d.step:0
/testbench/cpu/l3/u0/leon3x0/vhdl/p0/iu/r.a.rfe2:0
/testbench/cpu/l3/u0/leon3x0/vhdl/p0/iu/r.e.alucin:0
/testbench/cpu/l3/u0/leon3x0/vhdl/p0/iu/r.a.wunf:0
======================================
progstatus: -2
execerr: 67
latent: 1
time limit!
>>>>>>>>>>>>>>> 2899665000
======================================
