Test signal = /testbench/cpu/l3/u0/leon3x0/vhdl/p0/iu/r.a.ticc
oldval = 0
pos1: -1 pos0: 0 posU: -1
newval = 1
Signal value: 0
oldval = 0
pos1: -1 pos0: 0 posU: -1
newval = 1
force in 1334822
584840000 >> iteration no: 0
1027865000 >> iteration no: 1
1470840000 >> iteration no: 2
1913815000 >> iteration no: 3
1915490000 >> Requesting for the AHB bus...
1916540000 >> AHB granted, starting recovery...
1935740000 >> Recovery done, continuing...
1936265000 >> Requesting for the AHB bus...
1936615000 >> Requesting for the AHB bus...
1937015000 >> AHB granted, starting recovery...
1956215000 >> Recovery done, continuing...
1956740000 >> Requesting for the AHB bus...
1957090000 >> Requesting for the AHB bus...
1957490000 >> AHB granted, starting recovery...
1976690000 >> Recovery done, continuing...
1977215000 >> Requesting for the AHB bus...
1977565000 >> Requesting for the AHB bus...
1977965000 >> AHB granted, starting recovery...
1997165000 >> Recovery done, continuing...
1997765000 >> Requesting for the AHB bus...
1998115000 >> Requesting for the AHB bus...
1998515000 >> AHB granted, starting recovery...
2017715000 >> Recovery done, continuing...
2018240000 >> Requesting for the AHB bus...
2018590000 >> Requesting for the AHB bus...
2018990000 >> AHB granted, starting recovery...
2038190000 >> Recovery done, continuing...
2038715000 >> Requesting for the AHB bus...
2039065000 >> Requesting for the AHB bus...
2039465000 >> AHB granted, starting recovery...
2058665000 >> Recovery done, continuing...
2059190000 >> Requesting for the AHB bus...
2059540000 >> Requesting for the AHB bus...
2059940000 >> AHB granted, starting recovery...
2079140000 >> Recovery done, continuing...
2079665000 >> Requesting for the AHB bus...
2080015000 >> Requesting for the AHB bus...
2080415000 >> AHB granted, starting recovery...
2099615000 >> Recovery done, continuing...
2100165000 >> Requesting for the AHB bus...
2100515000 >> Requesting for the AHB bus...
2100915000 >> AHB granted, starting recovery...
2120115000 >> Recovery done, continuing...
2120640000 >> Requesting for the AHB bus...
2120990000 >> Requesting for the AHB bus...
2121390000 >> AHB granted, starting recovery...
2140590000 >> Recovery done, continuing...
2141115000 >> Requesting for the AHB bus...
2141465000 >> Requesting for the AHB bus...
2141865000 >> AHB granted, starting recovery...
2161065000 >> Recovery done, continuing...
2161590000 >> Requesting for the AHB bus...
2161940000 >> Requesting for the AHB bus...
2162340000 >> AHB granted, starting recovery...
2181540000 >> Recovery done, continuing...
2182065000 >> Requesting for the AHB bus...
2182415000 >> Requesting for the AHB bus...
2182815000 >> AHB granted, starting recovery...
2202015000 >> Recovery done, continuing...
2202565000 >> Requesting for the AHB bus...
2202915000 >> Requesting for the AHB bus...
2203315000 >> AHB granted, starting recovery...
2222515000 >> Recovery done, continuing...
2223040000 >> Requesting for the AHB bus...
2223390000 >> Requesting for the AHB bus...
2223790000 >> AHB granted, starting recovery...
2242990000 >> Recovery done, continuing...
2243515000 >> Requesting for the AHB bus...
2243865000 >> Requesting for the AHB bus...
2244265000 >> AHB granted, starting recovery...
2263465000 >> Recovery done, continuing...
2263990000 >> Requesting for the AHB bus...
2264340000 >> Requesting for the AHB bus...
2264740000 >> AHB granted, starting recovery...
2283940000 >> Recovery done, continuing...
2284465000 >> Requesting for the AHB bus...
2284815000 >> Requesting for the AHB bus...
2285215000 >> AHB granted, starting recovery...
2304415000 >> Recovery done, continuing...
2304965000 >> Requesting for the AHB bus...
2305315000 >> Requesting for the AHB bus...
2305715000 >> AHB granted, starting recovery...
2324915000 >> Recovery done, continuing...
2325440000 >> Requesting for the AHB bus...
2325790000 >> Requesting for the AHB bus...
2326190000 >> AHB granted, starting recovery...
2345390000 >> Recovery done, continuing...
2345915000 >> Requesting for the AHB bus...
2346265000 >> Requesting for the AHB bus...
2346665000 >> AHB granted, starting recovery...
2365865000 >> Recovery done, continuing...
2366390000 >> Requesting for the AHB bus...
2366740000 >> Requesting for the AHB bus...
2367140000 >> AHB granted, starting recovery...
2386340000 >> Recovery done, continuing...
2386865000 >> Requesting for the AHB bus...
2387215000 >> Requesting for the AHB bus...
2387615000 >> AHB granted, starting recovery...
2406815000 >> Recovery done, continuing...
2407365000 >> Requesting for the AHB bus...
2407715000 >> Requesting for the AHB bus...
2408115000 >> AHB granted, starting recovery...
2427315000 >> Recovery done, continuing...
2427840000 >> Requesting for the AHB bus...
2428190000 >> Requesting for the AHB bus...
2428590000 >> AHB granted, starting recovery...
2447790000 >> Recovery done, continuing...
2448315000 >> Requesting for the AHB bus...
2448665000 >> Requesting for the AHB bus...
2449065000 >> AHB granted, starting recovery...
2468265000 >> Recovery done, continuing...
2468790000 >> Requesting for the AHB bus...
2469140000 >> Requesting for the AHB bus...
2469540000 >> AHB granted, starting recovery...
2488740000 >> Recovery done, continuing...
2489265000 >> Requesting for the AHB bus...
2489615000 >> Requesting for the AHB bus...
2490015000 >> AHB granted, starting recovery...
2509215000 >> Recovery done, continuing...
2509765000 >> Requesting for the AHB bus...
2510115000 >> Requesting for the AHB bus...
2510515000 >> AHB granted, starting recovery...
2529715000 >> Recovery done, continuing...
2530240000 >> Requesting for the AHB bus...
2530590000 >> Requesting for the AHB bus...
2530990000 >> AHB granted, starting recovery...
2550190000 >> Recovery done, continuing...
2550715000 >> Requesting for the AHB bus...
2551065000 >> Requesting for the AHB bus...
2551465000 >> AHB granted, starting recovery...
2570665000 >> Recovery done, continuing...
2571190000 >> Requesting for the AHB bus...
2571540000 >> Requesting for the AHB bus...
2571940000 >> AHB granted, starting recovery...
2591140000 >> Recovery done, continuing...
2591665000 >> Requesting for the AHB bus...
2592015000 >> Requesting for the AHB bus...
2592415000 >> AHB granted, starting recovery...
2611615000 >> Recovery done, continuing...
2612165000 >> Requesting for the AHB bus...
2612515000 >> Requesting for the AHB bus...
2612915000 >> AHB granted, starting recovery...
2632115000 >> Recovery done, continuing...
2632640000 >> Requesting for the AHB bus...
2632990000 >> Requesting for the AHB bus...
2633390000 >> AHB granted, starting recovery...
2652590000 >> Recovery done, continuing...
2653115000 >> Requesting for the AHB bus...
2653465000 >> Requesting for the AHB bus...
2653865000 >> AHB granted, starting recovery...
2673065000 >> Recovery done, continuing...
2673590000 >> Requesting for the AHB bus...
2673940000 >> Requesting for the AHB bus...
2674340000 >> AHB granted, starting recovery...
2693540000 >> Recovery done, continuing...
2694065000 >> Requesting for the AHB bus...
2694415000 >> Requesting for the AHB bus...
2694815000 >> AHB granted, starting recovery...
2714015000 >> Recovery done, continuing...
2714565000 >> Requesting for the AHB bus...
2714915000 >> Requesting for the AHB bus...
2715315000 >> AHB granted, starting recovery...
2734515000 >> Recovery done, continuing...
2735040000 >> Requesting for the AHB bus...
2735390000 >> Requesting for the AHB bus...
2735790000 >> AHB granted, starting recovery...
2754990000 >> Recovery done, continuing...
2755515000 >> Requesting for the AHB bus...
2755865000 >> Requesting for the AHB bus...
2756265000 >> AHB granted, starting recovery...
2775465000 >> Recovery done, continuing...
2775990000 >> Requesting for the AHB bus...
2776340000 >> Requesting for the AHB bus...
2776740000 >> AHB granted, starting recovery...
2795940000 >> Recovery done, continuing...
2796465000 >> Requesting for the AHB bus...
2796815000 >> Requesting for the AHB bus...
2797215000 >> AHB granted, starting recovery...
2816415000 >> Recovery done, continuing...
2816965000 >> Requesting for the AHB bus...
2817315000 >> Requesting for the AHB bus...
2817715000 >> AHB granted, starting recovery...
2836915000 >> Recovery done, continuing...
2837440000 >> Requesting for the AHB bus...
2837790000 >> Requesting for the AHB bus...
2838190000 >> AHB granted, starting recovery...
2857390000 >> Recovery done, continuing...
2857915000 >> Requesting for the AHB bus...
2858265000 >> Requesting for the AHB bus...
2858665000 >> AHB granted, starting recovery...
2877865000 >> Recovery done, continuing...
2878390000 >> Requesting for the AHB bus...
2878740000 >> Requesting for the AHB bus...
2879140000 >> AHB granted, starting recovery...
2898340000 >> Recovery done, continuing...
2898865000 >> Requesting for the AHB bus...
2899215000 >> Requesting for the AHB bus...
2899615000 >> AHB granted, starting recovery...
2899665000 >> time limit reached...
/testbench/cpu/l3/u0/leon3x0/vhdl/p0/iu/r.w.wreg:0
/testbench/cpu/l3/u0/leon3x0/vhdl/p0/iu/r.m.irqen:1
/testbench/cpu/l3/u0/leon3x0/vhdl/p0/iu/r.m.icc:1001
/testbench/cpu/l3/u0/leon3x0/vhdl/p0/iu/r.a.ticc:0
/testbench/cpu/l3/u0/leon3x0/vhdl/p0/iu/r.a.step:0
/testbench/cpu/l3/u0/leon3x0/vhdl/p0/iu/r.m.irqen2:1
/testbench/cpu/l3/u0/leon3x0/vhdl/p0/iu/r.d.pc:01000000000000000000010011000000
/testbench/cpu/l3/u0/leon3x0/vhdl/p0/iu/r.d.rexpl:{{00000000000000000000000000000000} {00} {0} 0 0 {0000000000000000000} 0 0 0 0 0 0}
/testbench/cpu/l3/u0/leon3x0/vhdl/p0/iu/r.d.mexc:0
/testbench/cpu/l3/u0/leon3x0/vhdl/p0/iu/r.a.aw:0
/testbench/cpu/l3/u0/leon3x0/vhdl/p0/iu/r.e.ctrl:{{01000000000000000000010010111000} {10100110000011001110111111110000} {00} {01010011} {000000} 0 0 1 0 0 0 1 0 0}
/testbench/cpu/l3/u0/leon3x0/vhdl/p0/iu/r.a.divstart:0
/testbench/cpu/l3/u0/leon3x0/vhdl/p0/iu/r.e.shleft:0
/testbench/cpu/l3/u0/leon3x0/vhdl/p0/iu/r.a.bp:0
/testbench/cpu/l3/u0/leon3x0/vhdl/p0/iu/r.w.twcwp:000
/testbench/cpu/l3/u0/leon3x0/vhdl/p0/iu/r.a.jmpl:0
/testbench/cpu/l3/u0/leon3x0/vhdl/p0/iu/r.m.casa:0
/testbench/cpu/l3/u0/leon3x0/vhdl/p0/iu/r.m.werr:0
/testbench/cpu/l3/u0/leon3x0/vhdl/p0/iu/r.e.su:1
/testbench/cpu/l3/u0/leon3x0/vhdl/p0/iu/r.e.et:0
/testbench/cpu/l3/u0/leon3x0/vhdl/p0/iu/r.a.ldcheck1:1
/testbench/cpu/l3/u0/leon3x0/vhdl/p0/iu/r.d.stwin:000
/testbench/cpu/l3/u0/leon3x0/vhdl/p0/iu/r.a.ldcheck2:0
/testbench/cpu/l3/u0/leon3x0/vhdl/p0/iu/r.x.intack:0
/testbench/cpu/l3/u0/leon3x0/vhdl/p0/iu/r.m.ctrl:{{01000000000000000000010010110100} {10100001010010000000000000000000} {00} {01010000} {000000} 0 0 1 0 0 0 1 0 0}
/testbench/cpu/l3/u0/leon3x0/vhdl/p0/iu/r.a.cwp:100
/testbench/cpu/l3/u0/leon3x0/vhdl/p0/iu/r.e.sari:0
/testbench/cpu/l3/u0/leon3x0/vhdl/p0/iu/r.d.paw:0
/testbench/cpu/l3/u0/leon3x0/vhdl/p0/iu/r.d.aw:0
/testbench/cpu/l3/u0/leon3x0/vhdl/p0/iu/r.d.awp:000
/testbench/cpu/l3/u0/leon3x0/vhdl/p0/iu/r.x.ctrl:{{01000000000000000000010010110000} {10100111010110000000000000000000} {00} {01010011} {000000} 0 0 1 0 0 0 1 0 0}
/testbench/cpu/l3/u0/leon3x0/vhdl/p0/iu/r.m.rexnalign:0
/testbench/cpu/l3/u0/leon3x0/vhdl/p0/iu/r.m.su:1
/testbench/cpu/l3/u0/leon3x0/vhdl/p0/iu/r.m.wcwp:0
/testbench/cpu/l3/u0/leon3x0/vhdl/p0/iu/r.d.divrdy:0
/testbench/cpu/l3/u0/leon3x0/vhdl/p0/iu/r.e.cwp:100
/testbench/cpu/l3/u0/leon3x0/vhdl/p0/iu/r.w.except:0
/testbench/cpu/l3/u0/leon3x0/vhdl/p0/iu/r.x.nerror:0
/testbench/cpu/l3/u0/leon3x0/vhdl/p0/iu/r.a.bpimiss:0
/testbench/cpu/l3/u0/leon3x0/vhdl/p0/iu/r.a.nobp:0
/testbench/cpu/l3/u0/leon3x0/vhdl/p0/iu/r.d.rexcnt:0
/testbench/cpu/l3/u0/leon3x0/vhdl/p0/iu/r.w.s:{{100} {1001} {11010000} {01000000000000000000} {00000010} {0000} 0 0 1 1 0 {00000000000000000000000000000000} {UUUUUUUUUUUUUUUUUUUUUUUUUUUUUUUU} 1 0 0 1 1 1 0 0 {000} {000} {111}}
/testbench/cpu/l3/u0/leon3x0/vhdl/p0/iu/r.d.pv:1
/testbench/cpu/l3/u0/leon3x0/vhdl/p0/iu/r.a.ldchkra:1
/testbench/cpu/l3/u0/leon3x0/vhdl/p0/iu/r.a.rfa1:01010011
/testbench/cpu/l3/u0/leon3x0/vhdl/p0/iu/r.a.rfa2:10000100
/testbench/cpu/l3/u0/leon3x0/vhdl/p0/iu/r.a.imm:00000000000000000000000000000100
/testbench/cpu/l3/u0/leon3x0/vhdl/p0/iu/r.w.wa:10000000
/testbench/cpu/l3/u0/leon3x0/vhdl/p0/iu/r.m.casaz:1
/testbench/cpu/l3/u0/leon3x0/vhdl/p0/iu/r.x.dci:{0 0 1 0 0 0 {10} {00001011}}
/testbench/cpu/l3/u0/leon3x0/vhdl/p0/iu/r.x.mac:0
/testbench/cpu/l3/u0/leon3x0/vhdl/p0/iu/r.m.divz:0
/testbench/cpu/l3/u0/leon3x0/vhdl/p0/iu/r.d.inst:{{00000000000000000000000000000000}}
/testbench/cpu/l3/u0/leon3x0/vhdl/p0/iu/r.e.rfe1:0
/testbench/cpu/l3/u0/leon3x0/vhdl/p0/iu/r.a.wovf:0
/testbench/cpu/l3/u0/leon3x0/vhdl/p0/iu/r.e.rfe2:0
/testbench/cpu/l3/u0/leon3x0/vhdl/p0/iu/r.e.op1:01000000000000000000110100000000
/testbench/cpu/l3/u0/leon3x0/vhdl/p0/iu/r.m.nalign:0
/testbench/cpu/l3/u0/leon3x0/vhdl/p0/iu/r.e.op2:00000000000000000000111111110000
/testbench/cpu/l3/u0/leon3x0/vhdl/p0/iu/r.d.rexen:0
/testbench/cpu/l3/u0/leon3x0/vhdl/p0/iu/r.a.ctrl:{{01000000000000000000010010111100} {10100111001101001110000000000100} {00} {01010011} {000000} 0 0 1 0 0 0 1 0 0}
/testbench/cpu/l3/u0/leon3x0/vhdl/p0/iu/r.x.ipend:0
/testbench/cpu/l3/u0/leon3x0/vhdl/p0/iu/r.e.ldbp1:0
/testbench/cpu/l3/u0/leon3x0/vhdl/p0/iu/r.e.aluadd:1
/testbench/cpu/l3/u0/leon3x0/vhdl/p0/iu/r.d.set:0
/testbench/cpu/l3/u0/leon3x0/vhdl/p0/iu/r.d.inull:0
/testbench/cpu/l3/u0/leon3x0/vhdl/p0/iu/r.e.ldbp2:0
/testbench/cpu/l3/u0/leon3x0/vhdl/p0/iu/r.d.cnt:00
/testbench/cpu/l3/u0/leon3x0/vhdl/p0/iu/r.a.su:1
/testbench/cpu/l3/u0/leon3x0/vhdl/p0/iu/r.a.et:0
/testbench/cpu/l3/u0/leon3x0/vhdl/p0/iu/r.e.mul:0
/testbench/cpu/l3/u0/leon3x0/vhdl/p0/iu/r.e.alusel:10
/testbench/cpu/l3/u0/leon3x0/vhdl/p0/iu/r.e.aw:U
/testbench/cpu/l3/u0/leon3x0/vhdl/p0/iu/r.e.mac:0
/testbench/cpu/l3/u0/leon3x0/vhdl/p0/iu/r.a.decill:0
/testbench/cpu/l3/u0/leon3x0/vhdl/p0/iu/r.x.icc:1001
/testbench/cpu/l3/u0/leon3x0/vhdl/p0/iu/r.x.result:01000000000000000000110100000000
/testbench/cpu/l3/u0/leon3x0/vhdl/p0/iu/r.e.bp:0
/testbench/cpu/l3/u0/leon3x0/vhdl/p0/iu/r.a.rs1:10011
/testbench/cpu/l3/u0/leon3x0/vhdl/p0/iu/r.e.jmpl:0
/testbench/cpu/l3/u0/leon3x0/vhdl/p0/iu/r.a.rsel1:001
/testbench/cpu/l3/u0/leon3x0/vhdl/p0/iu/r.x.y:00000000000000000000000000000000
/testbench/cpu/l3/u0/leon3x0/vhdl/p0/iu/r.a.rsel2:100
/testbench/cpu/l3/u0/leon3x0/vhdl/p0/iu/r.a.awp:000
/testbench/cpu/l3/u0/leon3x0/vhdl/p0/iu/r.a.paw:0
/testbench/cpu/l3/u0/leon3x0/vhdl/p0/iu/r.x.data:{{00000000000000000000000000000000}}
/testbench/cpu/l3/u0/leon3x0/vhdl/p0/iu/r.m.mul:0
/testbench/cpu/l3/u0/leon3x0/vhdl/p0/iu/r.e.rd:UUUUU
/testbench/cpu/l3/u0/leon3x0/vhdl/p0/iu/r.e.invop2:0
/testbench/cpu/l3/u0/leon3x0/vhdl/p0/iu/r.m.wawp:0
/testbench/cpu/l3/u0/leon3x0/vhdl/p0/iu/r.d.cwpmax:111
/testbench/cpu/l3/u0/leon3x0/vhdl/p0/iu/r.f.branch:0
/testbench/cpu/l3/u0/leon3x0/vhdl/p0/iu/r.d.pcheld:0
/testbench/cpu/l3/u0/leon3x0/vhdl/p0/iu/r.m.dci:{0 0 1 0 0 0 {10} {00001011}}
/testbench/cpu/l3/u0/leon3x0/vhdl/p0/iu/r.e.paw:U
/testbench/cpu/l3/u0/leon3x0/vhdl/p0/iu/r.e.awp:UUU
/testbench/cpu/l3/u0/leon3x0/vhdl/p0/iu/r.e.shcnt:10000
/testbench/cpu/l3/u0/leon3x0/vhdl/p0/iu/r.w.result:00000000000000000000000000000000
/testbench/cpu/l3/u0/leon3x0/vhdl/p0/iu/r.m.mac:0
/testbench/cpu/l3/u0/leon3x0/vhdl/p0/iu/r.m.y:00000000000000000000000000000000
/testbench/cpu/l3/u0/leon3x0/vhdl/p0/iu/r.d.cwp:100
/testbench/cpu/l3/u0/leon3x0/vhdl/p0/iu/r.x.laddr:00
/testbench/cpu/l3/u0/leon3x0/vhdl/p0/iu/r.e.mulstep:0
/testbench/cpu/l3/u0/leon3x0/vhdl/p0/iu/r.e.ymsb:0
/testbench/cpu/l3/u0/leon3x0/vhdl/p0/iu/r.d.rexbuf:00000000000000000000000000000000
/testbench/cpu/l3/u0/leon3x0/vhdl/p0/iu/r.x.npc:000
/testbench/cpu/l3/u0/leon3x0/vhdl/p0/iu/r.f.pc:01000000000000000000010011000100
/testbench/cpu/l3/u0/leon3x0/vhdl/p0/iu/r.d.annul:0
/testbench/cpu/l3/u0/leon3x0/vhdl/p0/iu/r.x.rstate:run
/testbench/cpu/l3/u0/leon3x0/vhdl/p0/iu/r.x.set:0
/testbench/cpu/l3/u0/leon3x0/vhdl/p0/iu/r.m.result:11110011100100000000000011000100
/testbench/cpu/l3/u0/leon3x0/vhdl/p0/iu/r.e.icc:UUUU
/testbench/cpu/l3/u0/leon3x0/vhdl/p0/iu/r.a.getpc:0
/testbench/cpu/l3/u0/leon3x0/vhdl/p0/iu/r.a.ldchkex:1
/testbench/cpu/l3/u0/leon3x0/vhdl/p0/iu/r.x.mexc:0
/testbench/cpu/l3/u0/leon3x0/vhdl/p0/iu/r.a.mulstart:0
/testbench/cpu/l3/u0/leon3x0/vhdl/p0/iu/r.d.rexpos:10
/testbench/cpu/l3/u0/leon3x0/vhdl/p0/iu/r.x.annul_all:0
/testbench/cpu/l3/u0/leon3x0/vhdl/p0/iu/r.e.aluop:000
/testbench/cpu/l3/u0/leon3x0/vhdl/p0/iu/r.x.debug:0
/testbench/cpu/l3/u0/leon3x0/vhdl/p0/iu/r.a.rfe1:0
/testbench/cpu/l3/u0/leon3x0/vhdl/p0/iu/r.d.step:0
/testbench/cpu/l3/u0/leon3x0/vhdl/p0/iu/r.a.rfe2:0
/testbench/cpu/l3/u0/leon3x0/vhdl/p0/iu/r.e.alucin:0
/testbench/cpu/l3/u0/leon3x0/vhdl/p0/iu/r.a.wunf:0
======================================
progstatus: -2
execerr: 49
latent: 1
time limit!
>>>>>>>>>>>>>>> 2899665000
======================================
