Test signal = /testbench/cpu/l3/u0/leon3x0/vhdl/p0/iu/r.a.step
oldval = 0
pos1: -1 pos0: 0 posU: -1
newval = 1
Signal value: 0
oldval = 0
pos1: -1 pos0: 0 posU: -1
newval = 1
force in 791282
584840000 >> iteration no: 0
1027865000 >> iteration no: 1
1372615000 >> Requesting for the AHB bus...
1372840000 >> Requesting for the AHB bus...
1373390000 >> AHB granted, starting recovery...
1392590000 >> Recovery done, continuing...
1393290000 >> Requesting for the AHB bus...
1394065000 >> AHB granted, starting recovery...
1413265000 >> Recovery done, continuing...
1413965000 >> Requesting for the AHB bus...
1414740000 >> AHB granted, starting recovery...
1433940000 >> Recovery done, continuing...
1434740000 >> Requesting for the AHB bus...
1435515000 >> AHB granted, starting recovery...
1454715000 >> Recovery done, continuing...
1455415000 >> Requesting for the AHB bus...
1456190000 >> AHB granted, starting recovery...
1475390000 >> Recovery done, continuing...
1476090000 >> Requesting for the AHB bus...
1476865000 >> AHB granted, starting recovery...
1496065000 >> Recovery done, continuing...
1496765000 >> Requesting for the AHB bus...
1497540000 >> AHB granted, starting recovery...
1516740000 >> Recovery done, continuing...
1517615000 >> Requesting for the AHB bus...
1518390000 >> AHB granted, starting recovery...
1537590000 >> Recovery done, continuing...
1538290000 >> Requesting for the AHB bus...
1539065000 >> AHB granted, starting recovery...
1558265000 >> Recovery done, continuing...
1558965000 >> Requesting for the AHB bus...
1559740000 >> AHB granted, starting recovery...
1578940000 >> Recovery done, continuing...
1579640000 >> Requesting for the AHB bus...
1580415000 >> AHB granted, starting recovery...
1599615000 >> Recovery done, continuing...
1600315000 >> Requesting for the AHB bus...
1601090000 >> AHB granted, starting recovery...
1620290000 >> Recovery done, continuing...
1620990000 >> Requesting for the AHB bus...
1621765000 >> AHB granted, starting recovery...
1640965000 >> Recovery done, continuing...
1641665000 >> Requesting for the AHB bus...
1642440000 >> AHB granted, starting recovery...
1661640000 >> Recovery done, continuing...
1662340000 >> Requesting for the AHB bus...
1663115000 >> AHB granted, starting recovery...
1682315000 >> Recovery done, continuing...
1683015000 >> Requesting for the AHB bus...
1683790000 >> AHB granted, starting recovery...
1702990000 >> Recovery done, continuing...
1703690000 >> Requesting for the AHB bus...
1704465000 >> AHB granted, starting recovery...
1723665000 >> Recovery done, continuing...
1724365000 >> Requesting for the AHB bus...
1725140000 >> AHB granted, starting recovery...
1744340000 >> Recovery done, continuing...
1745040000 >> Requesting for the AHB bus...
1745815000 >> AHB granted, starting recovery...
1765015000 >> Recovery done, continuing...
1765715000 >> Requesting for the AHB bus...
1766490000 >> AHB granted, starting recovery...
1785690000 >> Recovery done, continuing...
1786565000 >> Requesting for the AHB bus...
1787340000 >> AHB granted, starting recovery...
1806540000 >> Recovery done, continuing...
1807240000 >> Requesting for the AHB bus...
1808015000 >> AHB granted, starting recovery...
1827215000 >> Recovery done, continuing...
1827915000 >> Requesting for the AHB bus...
1828690000 >> AHB granted, starting recovery...
1847890000 >> Recovery done, continuing...
1848590000 >> Requesting for the AHB bus...
1849365000 >> AHB granted, starting recovery...
1868565000 >> Recovery done, continuing...
1869265000 >> Requesting for the AHB bus...
1870190000 >> AHB granted, starting recovery...
1889390000 >> Recovery done, continuing...
1890090000 >> Requesting for the AHB bus...
1890865000 >> AHB granted, starting recovery...
1910065000 >> Recovery done, continuing...
1910765000 >> Requesting for the AHB bus...
1911540000 >> AHB granted, starting recovery...
1930740000 >> Recovery done, continuing...
1931440000 >> Requesting for the AHB bus...
1932215000 >> AHB granted, starting recovery...
1951415000 >> Recovery done, continuing...
1952115000 >> Requesting for the AHB bus...
1952890000 >> AHB granted, starting recovery...
1972090000 >> Recovery done, continuing...
1972790000 >> Requesting for the AHB bus...
1973565000 >> AHB granted, starting recovery...
1992765000 >> Recovery done, continuing...
1993465000 >> Requesting for the AHB bus...
1994240000 >> AHB granted, starting recovery...
2013440000 >> Recovery done, continuing...
2014140000 >> Requesting for the AHB bus...
2014915000 >> AHB granted, starting recovery...
2034115000 >> Recovery done, continuing...
2034815000 >> Requesting for the AHB bus...
2035590000 >> AHB granted, starting recovery...
2054790000 >> Recovery done, continuing...
2055540000 >> Requesting for the AHB bus...
2056315000 >> AHB granted, starting recovery...
2075515000 >> Recovery done, continuing...
2076215000 >> Requesting for the AHB bus...
2076990000 >> AHB granted, starting recovery...
2096190000 >> Recovery done, continuing...
2096890000 >> Requesting for the AHB bus...
2097665000 >> AHB granted, starting recovery...
2116865000 >> Recovery done, continuing...
2117565000 >> Requesting for the AHB bus...
2118340000 >> AHB granted, starting recovery...
2137540000 >> Recovery done, continuing...
2138415000 >> Requesting for the AHB bus...
2139190000 >> AHB granted, starting recovery...
2158390000 >> Recovery done, continuing...
2159090000 >> Requesting for the AHB bus...
2159865000 >> AHB granted, starting recovery...
2179065000 >> Recovery done, continuing...
2179765000 >> Requesting for the AHB bus...
2180540000 >> AHB granted, starting recovery...
2199740000 >> Recovery done, continuing...
2200440000 >> Requesting for the AHB bus...
2201215000 >> AHB granted, starting recovery...
2220415000 >> Recovery done, continuing...
2221115000 >> Requesting for the AHB bus...
2221890000 >> AHB granted, starting recovery...
2241090000 >> Recovery done, continuing...
2241790000 >> Requesting for the AHB bus...
2242565000 >> AHB granted, starting recovery...
2261765000 >> Recovery done, continuing...
2262465000 >> Requesting for the AHB bus...
2263240000 >> AHB granted, starting recovery...
2282440000 >> Recovery done, continuing...
2283140000 >> Requesting for the AHB bus...
2283915000 >> AHB granted, starting recovery...
2303115000 >> Recovery done, continuing...
2303815000 >> Requesting for the AHB bus...
2304590000 >> AHB granted, starting recovery...
2323790000 >> Recovery done, continuing...
2324490000 >> Requesting for the AHB bus...
2325265000 >> AHB granted, starting recovery...
2344465000 >> Recovery done, continuing...
2345165000 >> Requesting for the AHB bus...
2345940000 >> AHB granted, starting recovery...
2365140000 >> Recovery done, continuing...
2365840000 >> Requesting for the AHB bus...
2366615000 >> AHB granted, starting recovery...
2385815000 >> Recovery done, continuing...
2386515000 >> Requesting for the AHB bus...
2387290000 >> AHB granted, starting recovery...
2406490000 >> Recovery done, continuing...
2407365000 >> Requesting for the AHB bus...
2408140000 >> AHB granted, starting recovery...
2427340000 >> Recovery done, continuing...
2428040000 >> Requesting for the AHB bus...
2428815000 >> AHB granted, starting recovery...
2448015000 >> Recovery done, continuing...
2448715000 >> Requesting for the AHB bus...
2449490000 >> AHB granted, starting recovery...
2468690000 >> Recovery done, continuing...
2469390000 >> Requesting for the AHB bus...
2470165000 >> AHB granted, starting recovery...
2489365000 >> Recovery done, continuing...
2490065000 >> Requesting for the AHB bus...
2490990000 >> AHB granted, starting recovery...
2510190000 >> Recovery done, continuing...
2510890000 >> Requesting for the AHB bus...
2511665000 >> AHB granted, starting recovery...
2530865000 >> Recovery done, continuing...
2531565000 >> Requesting for the AHB bus...
2532340000 >> AHB granted, starting recovery...
2551540000 >> Recovery done, continuing...
2552240000 >> Requesting for the AHB bus...
2553015000 >> AHB granted, starting recovery...
2572215000 >> Recovery done, continuing...
2572915000 >> Requesting for the AHB bus...
2573690000 >> AHB granted, starting recovery...
2592890000 >> Recovery done, continuing...
2593590000 >> Requesting for the AHB bus...
2594365000 >> AHB granted, starting recovery...
2613565000 >> Recovery done, continuing...
2614265000 >> Requesting for the AHB bus...
2615040000 >> AHB granted, starting recovery...
2634240000 >> Recovery done, continuing...
2634940000 >> Requesting for the AHB bus...
2635715000 >> AHB granted, starting recovery...
2654915000 >> Recovery done, continuing...
2655615000 >> Requesting for the AHB bus...
2656390000 >> AHB granted, starting recovery...
2675590000 >> Recovery done, continuing...
2676340000 >> Requesting for the AHB bus...
2677115000 >> AHB granted, starting recovery...
2696315000 >> Recovery done, continuing...
2697015000 >> Requesting for the AHB bus...
2697790000 >> AHB granted, starting recovery...
2716990000 >> Recovery done, continuing...
2717690000 >> Requesting for the AHB bus...
2718465000 >> AHB granted, starting recovery...
2737665000 >> Recovery done, continuing...
2738365000 >> Requesting for the AHB bus...
2739140000 >> AHB granted, starting recovery...
2758340000 >> Recovery done, continuing...
2759215000 >> Requesting for the AHB bus...
2759990000 >> AHB granted, starting recovery...
2779190000 >> Recovery done, continuing...
2779890000 >> Requesting for the AHB bus...
2780665000 >> AHB granted, starting recovery...
2799865000 >> Recovery done, continuing...
2800565000 >> Requesting for the AHB bus...
2801340000 >> AHB granted, starting recovery...
2820540000 >> Recovery done, continuing...
2821240000 >> Requesting for the AHB bus...
2822015000 >> AHB granted, starting recovery...
2841215000 >> Recovery done, continuing...
2841915000 >> Requesting for the AHB bus...
2842690000 >> AHB granted, starting recovery...
2861890000 >> Recovery done, continuing...
2862590000 >> Requesting for the AHB bus...
2863365000 >> AHB granted, starting recovery...
2882565000 >> Recovery done, continuing...
2883265000 >> Requesting for the AHB bus...
2884040000 >> AHB granted, starting recovery...
2899665000 >> time limit reached...
/testbench/cpu/l3/u0/leon3x0/vhdl/p0/iu/r.w.wreg:1
/testbench/cpu/l3/u0/leon3x0/vhdl/p0/iu/r.m.irqen:1
/testbench/cpu/l3/u0/leon3x0/vhdl/p0/iu/r.m.icc:1001
/testbench/cpu/l3/u0/leon3x0/vhdl/p0/iu/r.a.ticc:0
/testbench/cpu/l3/u0/leon3x0/vhdl/p0/iu/r.a.step:0
/testbench/cpu/l3/u0/leon3x0/vhdl/p0/iu/r.m.irqen2:1
/testbench/cpu/l3/u0/leon3x0/vhdl/p0/iu/r.d.pc:01000000000000000000001001000000
/testbench/cpu/l3/u0/leon3x0/vhdl/p0/iu/r.d.rexpl:{{00000000000000000000000000000000} {00} {0} 0 0 {0000000000000000000} 0 0 0 0 0 0}
/testbench/cpu/l3/u0/leon3x0/vhdl/p0/iu/r.d.mexc:0
/testbench/cpu/l3/u0/leon3x0/vhdl/p0/iu/r.a.aw:0
/testbench/cpu/l3/u0/leon3x0/vhdl/p0/iu/r.e.ctrl:{{01000000000000000000001000111100} {11000010000001111011111111111100} {00} {10000001} {000000} 0 0 1 0 0 1 1 0 0}
/testbench/cpu/l3/u0/leon3x0/vhdl/p0/iu/r.a.divstart:0
/testbench/cpu/l3/u0/leon3x0/vhdl/p0/iu/r.e.shleft:0
/testbench/cpu/l3/u0/leon3x0/vhdl/p0/iu/r.a.bp:0
/testbench/cpu/l3/u0/leon3x0/vhdl/p0/iu/r.w.twcwp:000
/testbench/cpu/l3/u0/leon3x0/vhdl/p0/iu/r.a.jmpl:0
/testbench/cpu/l3/u0/leon3x0/vhdl/p0/iu/r.m.casa:0
/testbench/cpu/l3/u0/leon3x0/vhdl/p0/iu/r.m.werr:0
/testbench/cpu/l3/u0/leon3x0/vhdl/p0/iu/r.e.su:1
/testbench/cpu/l3/u0/leon3x0/vhdl/p0/iu/r.e.et:1
/testbench/cpu/l3/u0/leon3x0/vhdl/p0/iu/r.a.ldcheck1:1
/testbench/cpu/l3/u0/leon3x0/vhdl/p0/iu/r.d.stwin:000
/testbench/cpu/l3/u0/leon3x0/vhdl/p0/iu/r.a.ldcheck2:0
/testbench/cpu/l3/u0/leon3x0/vhdl/p0/iu/r.x.intack:0
/testbench/cpu/l3/u0/leon3x0/vhdl/p0/iu/r.m.ctrl:{{01000000000000000000001000111000} {11000010001001111011111111111100} {01} {10000001} {000000} 0 0 0 0 0 0 0 0 0}
/testbench/cpu/l3/u0/leon3x0/vhdl/p0/iu/r.a.cwp:101
/testbench/cpu/l3/u0/leon3x0/vhdl/p0/iu/r.e.sari:0
/testbench/cpu/l3/u0/leon3x0/vhdl/p0/iu/r.d.paw:0
/testbench/cpu/l3/u0/leon3x0/vhdl/p0/iu/r.d.aw:0
/testbench/cpu/l3/u0/leon3x0/vhdl/p0/iu/r.d.awp:000
/testbench/cpu/l3/u0/leon3x0/vhdl/p0/iu/r.x.ctrl:{{01000000000000000000001000111000} {11000010001001111011111111111100} {00} {10000001} {000000} 0 0 0 0 0 0 1 0 0}
/testbench/cpu/l3/u0/leon3x0/vhdl/p0/iu/r.m.rexnalign:0
/testbench/cpu/l3/u0/leon3x0/vhdl/p0/iu/r.m.su:1
/testbench/cpu/l3/u0/leon3x0/vhdl/p0/iu/r.m.wcwp:0
/testbench/cpu/l3/u0/leon3x0/vhdl/p0/iu/r.d.divrdy:0
/testbench/cpu/l3/u0/leon3x0/vhdl/p0/iu/r.e.cwp:101
/testbench/cpu/l3/u0/leon3x0/vhdl/p0/iu/r.w.except:0
/testbench/cpu/l3/u0/leon3x0/vhdl/p0/iu/r.x.nerror:0
/testbench/cpu/l3/u0/leon3x0/vhdl/p0/iu/r.a.bpimiss:0
/testbench/cpu/l3/u0/leon3x0/vhdl/p0/iu/r.a.nobp:0
/testbench/cpu/l3/u0/leon3x0/vhdl/p0/iu/r.d.rexcnt:0
/testbench/cpu/l3/u0/leon3x0/vhdl/p0/iu/r.w.s:{{101} {1001} {00000000} {01000000000000000000} {00000010} {0000} 0 0 1 1 1 {00000000000000000000000000000000} {UUUUUUUUUUUUUUUUUUUUUUUUUUUUUUUU} 1 0 0 1 1 1 0 0 {000} {000} {111}}
/testbench/cpu/l3/u0/leon3x0/vhdl/p0/iu/r.d.pv:1
/testbench/cpu/l3/u0/leon3x0/vhdl/p0/iu/r.a.ldchkra:1
/testbench/cpu/l3/u0/leon3x0/vhdl/p0/iu/r.a.rfa1:10000001
/testbench/cpu/l3/u0/leon3x0/vhdl/p0/iu/r.a.rfa2:10000011
/testbench/cpu/l3/u0/leon3x0/vhdl/p0/iu/r.a.imm:00000000000000000000000000000011
/testbench/cpu/l3/u0/leon3x0/vhdl/p0/iu/r.w.wa:10000001
/testbench/cpu/l3/u0/leon3x0/vhdl/p0/iu/r.m.casaz:0
/testbench/cpu/l3/u0/leon3x0/vhdl/p0/iu/r.x.dci:{0 1 0 0 0 0 {10} {00001011}}
/testbench/cpu/l3/u0/leon3x0/vhdl/p0/iu/r.x.mac:0
/testbench/cpu/l3/u0/leon3x0/vhdl/p0/iu/r.m.divz:0
/testbench/cpu/l3/u0/leon3x0/vhdl/p0/iu/r.d.inst:{{10000000101000000110000000000011}}
/testbench/cpu/l3/u0/leon3x0/vhdl/p0/iu/r.e.rfe1:1
/testbench/cpu/l3/u0/leon3x0/vhdl/p0/iu/r.a.wovf:0
/testbench/cpu/l3/u0/leon3x0/vhdl/p0/iu/r.e.rfe2:0
/testbench/cpu/l3/u0/leon3x0/vhdl/p0/iu/r.e.op1:01000000000011111111111010011000
/testbench/cpu/l3/u0/leon3x0/vhdl/p0/iu/r.m.nalign:1
/testbench/cpu/l3/u0/leon3x0/vhdl/p0/iu/r.e.op2:11111111111111111111111111111100
/testbench/cpu/l3/u0/leon3x0/vhdl/p0/iu/r.d.rexen:0
/testbench/cpu/l3/u0/leon3x0/vhdl/p0/iu/r.a.ctrl:{{01000000000000000000001001000000} {10000000101000000110000000000011} {00} {10000000} {000000} 0 1 0 0 0 0 0 0 0}
/testbench/cpu/l3/u0/leon3x0/vhdl/p0/iu/r.x.ipend:0
/testbench/cpu/l3/u0/leon3x0/vhdl/p0/iu/r.e.ldbp1:0
/testbench/cpu/l3/u0/leon3x0/vhdl/p0/iu/r.e.aluadd:1
/testbench/cpu/l3/u0/leon3x0/vhdl/p0/iu/r.d.set:0
/testbench/cpu/l3/u0/leon3x0/vhdl/p0/iu/r.d.inull:0
/testbench/cpu/l3/u0/leon3x0/vhdl/p0/iu/r.e.ldbp2:0
/testbench/cpu/l3/u0/leon3x0/vhdl/p0/iu/r.d.cnt:00
/testbench/cpu/l3/u0/leon3x0/vhdl/p0/iu/r.a.su:1
/testbench/cpu/l3/u0/leon3x0/vhdl/p0/iu/r.a.et:1
/testbench/cpu/l3/u0/leon3x0/vhdl/p0/iu/r.e.mul:0
/testbench/cpu/l3/u0/leon3x0/vhdl/p0/iu/r.e.alusel:00
/testbench/cpu/l3/u0/leon3x0/vhdl/p0/iu/r.e.aw:U
/testbench/cpu/l3/u0/leon3x0/vhdl/p0/iu/r.e.mac:0
/testbench/cpu/l3/u0/leon3x0/vhdl/p0/iu/r.a.decill:0
/testbench/cpu/l3/u0/leon3x0/vhdl/p0/iu/r.x.icc:1001
/testbench/cpu/l3/u0/leon3x0/vhdl/p0/iu/r.x.result:01000000000011111111111010010100
/testbench/cpu/l3/u0/leon3x0/vhdl/p0/iu/r.e.bp:0
/testbench/cpu/l3/u0/leon3x0/vhdl/p0/iu/r.a.rs1:00001
/testbench/cpu/l3/u0/leon3x0/vhdl/p0/iu/r.e.jmpl:0
/testbench/cpu/l3/u0/leon3x0/vhdl/p0/iu/r.a.rsel1:001
/testbench/cpu/l3/u0/leon3x0/vhdl/p0/iu/r.x.y:00000000000000000000000000000000
/testbench/cpu/l3/u0/leon3x0/vhdl/p0/iu/r.a.rsel2:100
/testbench/cpu/l3/u0/leon3x0/vhdl/p0/iu/r.a.awp:000
/testbench/cpu/l3/u0/leon3x0/vhdl/p0/iu/r.a.paw:0
/testbench/cpu/l3/u0/leon3x0/vhdl/p0/iu/r.x.data:{{00000000000000000000000000000001}}
/testbench/cpu/l3/u0/leon3x0/vhdl/p0/iu/r.m.mul:0
/testbench/cpu/l3/u0/leon3x0/vhdl/p0/iu/r.e.rd:UUUUU
/testbench/cpu/l3/u0/leon3x0/vhdl/p0/iu/r.e.invop2:0
/testbench/cpu/l3/u0/leon3x0/vhdl/p0/iu/r.m.wawp:0
/testbench/cpu/l3/u0/leon3x0/vhdl/p0/iu/r.d.cwpmax:111
/testbench/cpu/l3/u0/leon3x0/vhdl/p0/iu/r.f.branch:0
/testbench/cpu/l3/u0/leon3x0/vhdl/p0/iu/r.d.pcheld:1
/testbench/cpu/l3/u0/leon3x0/vhdl/p0/iu/r.m.dci:{0 0 0 1 0 0 {10} {00001011}}
/testbench/cpu/l3/u0/leon3x0/vhdl/p0/iu/r.e.paw:U
/testbench/cpu/l3/u0/leon3x0/vhdl/p0/iu/r.e.awp:UUU
/testbench/cpu/l3/u0/leon3x0/vhdl/p0/iu/r.e.shcnt:11100
/testbench/cpu/l3/u0/leon3x0/vhdl/p0/iu/r.w.result:00000000000000000000000000000010
/testbench/cpu/l3/u0/leon3x0/vhdl/p0/iu/r.m.mac:0
/testbench/cpu/l3/u0/leon3x0/vhdl/p0/iu/r.m.y:00000000000000000000000000000000
/testbench/cpu/l3/u0/leon3x0/vhdl/p0/iu/r.d.cwp:101
/testbench/cpu/l3/u0/leon3x0/vhdl/p0/iu/r.x.laddr:00
/testbench/cpu/l3/u0/leon3x0/vhdl/p0/iu/r.e.mulstep:0
/testbench/cpu/l3/u0/leon3x0/vhdl/p0/iu/r.e.ymsb:0
/testbench/cpu/l3/u0/leon3x0/vhdl/p0/iu/r.d.rexbuf:00000000000000000000000000000000
/testbench/cpu/l3/u0/leon3x0/vhdl/p0/iu/r.x.npc:100
/testbench/cpu/l3/u0/leon3x0/vhdl/p0/iu/r.f.pc:01000000000000000000001001000100
/testbench/cpu/l3/u0/leon3x0/vhdl/p0/iu/r.d.annul:0
/testbench/cpu/l3/u0/leon3x0/vhdl/p0/iu/r.x.rstate:run
/testbench/cpu/l3/u0/leon3x0/vhdl/p0/iu/r.x.set:0
/testbench/cpu/l3/u0/leon3x0/vhdl/p0/iu/r.m.result:00000000000000000000000000000010
/testbench/cpu/l3/u0/leon3x0/vhdl/p0/iu/r.e.icc:UUUU
/testbench/cpu/l3/u0/leon3x0/vhdl/p0/iu/r.a.getpc:0
/testbench/cpu/l3/u0/leon3x0/vhdl/p0/iu/r.a.ldchkex:1
/testbench/cpu/l3/u0/leon3x0/vhdl/p0/iu/r.x.mexc:0
/testbench/cpu/l3/u0/leon3x0/vhdl/p0/iu/r.a.mulstart:0
/testbench/cpu/l3/u0/leon3x0/vhdl/p0/iu/r.d.rexpos:10
/testbench/cpu/l3/u0/leon3x0/vhdl/p0/iu/r.x.annul_all:0
/testbench/cpu/l3/u0/leon3x0/vhdl/p0/iu/r.e.aluop:000
/testbench/cpu/l3/u0/leon3x0/vhdl/p0/iu/r.x.debug:0
/testbench/cpu/l3/u0/leon3x0/vhdl/p0/iu/r.a.rfe1:0
/testbench/cpu/l3/u0/leon3x0/vhdl/p0/iu/r.d.step:0
/testbench/cpu/l3/u0/leon3x0/vhdl/p0/iu/r.a.rfe2:0
/testbench/cpu/l3/u0/leon3x0/vhdl/p0/iu/r.e.alucin:0
/testbench/cpu/l3/u0/leon3x0/vhdl/p0/iu/r.a.wunf:0
======================================
progstatus: -2
execerr: 74
latent: 1
time limit!
>>>>>>>>>>>>>>> 2899665000
======================================
