Test signal = /testbench/cpu/l3/u0/leon3x0/vhdl/p0/iu/r.d.step
oldval = 0
pos1: -1 pos0: 0 posU: -1
newval = 1
Signal value: 0
oldval = 0
pos1: -1 pos0: 0 posU: -1
newval = 1
force in 807265
584840000 >> iteration no: 0
1027865000 >> iteration no: 1
1388065000 >> Requesting for the AHB bus...
1388640000 >> AHB granted, starting recovery...
1407840000 >> Recovery done, continuing...
1408190000 >> Requesting for the AHB bus...
1408765000 >> AHB granted, starting recovery...
1427965000 >> Recovery done, continuing...
1428315000 >> Requesting for the AHB bus...
1428890000 >> AHB granted, starting recovery...
1448090000 >> Recovery done, continuing...
1448440000 >> Requesting for the AHB bus...
1449015000 >> AHB granted, starting recovery...
1468215000 >> Recovery done, continuing...
1468565000 >> Requesting for the AHB bus...
1469140000 >> AHB granted, starting recovery...
1488340000 >> Recovery done, continuing...
1488690000 >> Requesting for the AHB bus...
1489265000 >> AHB granted, starting recovery...
1508465000 >> Recovery done, continuing...
1508815000 >> Requesting for the AHB bus...
1509390000 >> AHB granted, starting recovery...
1528590000 >> Recovery done, continuing...
1528940000 >> Requesting for the AHB bus...
1529515000 >> AHB granted, starting recovery...
1548715000 >> Recovery done, continuing...
1549065000 >> Requesting for the AHB bus...
1549640000 >> AHB granted, starting recovery...
1568840000 >> Recovery done, continuing...
1569190000 >> Requesting for the AHB bus...
1569765000 >> AHB granted, starting recovery...
1588965000 >> Recovery done, continuing...
1589315000 >> Requesting for the AHB bus...
1589890000 >> AHB granted, starting recovery...
1609090000 >> Recovery done, continuing...
1609440000 >> Requesting for the AHB bus...
1610015000 >> AHB granted, starting recovery...
1629215000 >> Recovery done, continuing...
1629565000 >> Requesting for the AHB bus...
1630140000 >> AHB granted, starting recovery...
1649340000 >> Recovery done, continuing...
1649690000 >> Requesting for the AHB bus...
1650265000 >> AHB granted, starting recovery...
1669465000 >> Recovery done, continuing...
1669815000 >> Requesting for the AHB bus...
1670390000 >> AHB granted, starting recovery...
1689590000 >> Recovery done, continuing...
1689940000 >> Requesting for the AHB bus...
1690515000 >> AHB granted, starting recovery...
1709715000 >> Recovery done, continuing...
1710065000 >> Requesting for the AHB bus...
1710640000 >> AHB granted, starting recovery...
1729840000 >> Recovery done, continuing...
1730190000 >> Requesting for the AHB bus...
1730765000 >> AHB granted, starting recovery...
1749965000 >> Recovery done, continuing...
1750315000 >> Requesting for the AHB bus...
1750890000 >> AHB granted, starting recovery...
1770090000 >> Recovery done, continuing...
1770440000 >> Requesting for the AHB bus...
1771015000 >> AHB granted, starting recovery...
1790215000 >> Recovery done, continuing...
1790565000 >> Requesting for the AHB bus...
1791140000 >> AHB granted, starting recovery...
1810340000 >> Recovery done, continuing...
1810690000 >> Requesting for the AHB bus...
1811265000 >> AHB granted, starting recovery...
1830465000 >> Recovery done, continuing...
1830815000 >> Requesting for the AHB bus...
1831390000 >> AHB granted, starting recovery...
1850590000 >> Recovery done, continuing...
1850940000 >> Requesting for the AHB bus...
1851515000 >> AHB granted, starting recovery...
1870715000 >> Recovery done, continuing...
1871065000 >> Requesting for the AHB bus...
1871640000 >> AHB granted, starting recovery...
1890840000 >> Recovery done, continuing...
1891190000 >> Requesting for the AHB bus...
1891765000 >> AHB granted, starting recovery...
1910965000 >> Recovery done, continuing...
1911315000 >> Requesting for the AHB bus...
1911890000 >> AHB granted, starting recovery...
1931090000 >> Recovery done, continuing...
1931440000 >> Requesting for the AHB bus...
1932015000 >> AHB granted, starting recovery...
1951215000 >> Recovery done, continuing...
1951565000 >> Requesting for the AHB bus...
1952140000 >> AHB granted, starting recovery...
1971340000 >> Recovery done, continuing...
1971690000 >> Requesting for the AHB bus...
1972265000 >> AHB granted, starting recovery...
1991465000 >> Recovery done, continuing...
1991815000 >> Requesting for the AHB bus...
1992390000 >> AHB granted, starting recovery...
2011590000 >> Recovery done, continuing...
2011940000 >> Requesting for the AHB bus...
2012515000 >> AHB granted, starting recovery...
2031715000 >> Recovery done, continuing...
2032065000 >> Requesting for the AHB bus...
2032640000 >> AHB granted, starting recovery...
2051840000 >> Recovery done, continuing...
2052190000 >> Requesting for the AHB bus...
2052765000 >> AHB granted, starting recovery...
2071965000 >> Recovery done, continuing...
2072315000 >> Requesting for the AHB bus...
2072890000 >> AHB granted, starting recovery...
2092090000 >> Recovery done, continuing...
2092440000 >> Requesting for the AHB bus...
2093015000 >> AHB granted, starting recovery...
2112215000 >> Recovery done, continuing...
2112565000 >> Requesting for the AHB bus...
2113140000 >> AHB granted, starting recovery...
2132340000 >> Recovery done, continuing...
2132690000 >> Requesting for the AHB bus...
2133265000 >> AHB granted, starting recovery...
2152465000 >> Recovery done, continuing...
2152815000 >> Requesting for the AHB bus...
2153390000 >> AHB granted, starting recovery...
2172590000 >> Recovery done, continuing...
2172940000 >> Requesting for the AHB bus...
2173515000 >> AHB granted, starting recovery...
2192715000 >> Recovery done, continuing...
2193065000 >> Requesting for the AHB bus...
2193640000 >> AHB granted, starting recovery...
2212840000 >> Recovery done, continuing...
2213190000 >> Requesting for the AHB bus...
2213765000 >> AHB granted, starting recovery...
2232965000 >> Recovery done, continuing...
2233315000 >> Requesting for the AHB bus...
2233890000 >> AHB granted, starting recovery...
2253090000 >> Recovery done, continuing...
2253590000 >> Requesting for the AHB bus...
2254165000 >> AHB granted, starting recovery...
2273365000 >> Recovery done, continuing...
2273715000 >> Requesting for the AHB bus...
2274290000 >> AHB granted, starting recovery...
2293490000 >> Recovery done, continuing...
2293840000 >> Requesting for the AHB bus...
2294415000 >> AHB granted, starting recovery...
2313615000 >> Recovery done, continuing...
2313965000 >> Requesting for the AHB bus...
2314540000 >> AHB granted, starting recovery...
2333740000 >> Recovery done, continuing...
2334090000 >> Requesting for the AHB bus...
2334665000 >> AHB granted, starting recovery...
2353865000 >> Recovery done, continuing...
2354215000 >> Requesting for the AHB bus...
2354790000 >> AHB granted, starting recovery...
2373990000 >> Recovery done, continuing...
2374340000 >> Requesting for the AHB bus...
2374915000 >> AHB granted, starting recovery...
2394115000 >> Recovery done, continuing...
2394465000 >> Requesting for the AHB bus...
2395040000 >> AHB granted, starting recovery...
2414240000 >> Recovery done, continuing...
2414590000 >> Requesting for the AHB bus...
2415165000 >> AHB granted, starting recovery...
2434365000 >> Recovery done, continuing...
2434715000 >> Requesting for the AHB bus...
2435290000 >> AHB granted, starting recovery...
2454490000 >> Recovery done, continuing...
2454840000 >> Requesting for the AHB bus...
2455415000 >> AHB granted, starting recovery...
2474615000 >> Recovery done, continuing...
2474965000 >> Requesting for the AHB bus...
2475540000 >> AHB granted, starting recovery...
2494740000 >> Recovery done, continuing...
2495090000 >> Requesting for the AHB bus...
2495665000 >> AHB granted, starting recovery...
2514865000 >> Recovery done, continuing...
2515215000 >> Requesting for the AHB bus...
2515790000 >> AHB granted, starting recovery...
2534990000 >> Recovery done, continuing...
2535340000 >> Requesting for the AHB bus...
2535915000 >> AHB granted, starting recovery...
2555115000 >> Recovery done, continuing...
2555465000 >> Requesting for the AHB bus...
2556040000 >> AHB granted, starting recovery...
2575240000 >> Recovery done, continuing...
2575590000 >> Requesting for the AHB bus...
2576165000 >> AHB granted, starting recovery...
2595365000 >> Recovery done, continuing...
2595715000 >> Requesting for the AHB bus...
2596290000 >> AHB granted, starting recovery...
2615490000 >> Recovery done, continuing...
2615840000 >> Requesting for the AHB bus...
2616415000 >> AHB granted, starting recovery...
2635615000 >> Recovery done, continuing...
2635965000 >> Requesting for the AHB bus...
2636540000 >> AHB granted, starting recovery...
2655740000 >> Recovery done, continuing...
2656090000 >> Requesting for the AHB bus...
2656665000 >> AHB granted, starting recovery...
2675865000 >> Recovery done, continuing...
2676215000 >> Requesting for the AHB bus...
2676790000 >> AHB granted, starting recovery...
2695990000 >> Recovery done, continuing...
2696340000 >> Requesting for the AHB bus...
2696915000 >> AHB granted, starting recovery...
2716115000 >> Recovery done, continuing...
2716465000 >> Requesting for the AHB bus...
2717040000 >> AHB granted, starting recovery...
2736240000 >> Recovery done, continuing...
2736590000 >> Requesting for the AHB bus...
2737165000 >> AHB granted, starting recovery...
2756365000 >> Recovery done, continuing...
2756715000 >> Requesting for the AHB bus...
2757290000 >> AHB granted, starting recovery...
2776490000 >> Recovery done, continuing...
2776840000 >> Requesting for the AHB bus...
2777415000 >> AHB granted, starting recovery...
2796615000 >> Recovery done, continuing...
2796965000 >> Requesting for the AHB bus...
2797540000 >> AHB granted, starting recovery...
2816740000 >> Recovery done, continuing...
2817090000 >> Requesting for the AHB bus...
2817665000 >> AHB granted, starting recovery...
2836865000 >> Recovery done, continuing...
2837215000 >> Requesting for the AHB bus...
2837790000 >> AHB granted, starting recovery...
2856990000 >> Recovery done, continuing...
2857340000 >> Requesting for the AHB bus...
2857915000 >> AHB granted, starting recovery...
2877115000 >> Recovery done, continuing...
2877465000 >> Requesting for the AHB bus...
2878040000 >> AHB granted, starting recovery...
2897240000 >> Recovery done, continuing...
2897590000 >> Requesting for the AHB bus...
2898165000 >> AHB granted, starting recovery...
2899665000 >> time limit reached...
/testbench/cpu/l3/u0/leon3x0/vhdl/p0/iu/r.w.wreg:1
/testbench/cpu/l3/u0/leon3x0/vhdl/p0/iu/r.m.irqen:1
/testbench/cpu/l3/u0/leon3x0/vhdl/p0/iu/r.m.icc:0100
/testbench/cpu/l3/u0/leon3x0/vhdl/p0/iu/r.a.ticc:0
/testbench/cpu/l3/u0/leon3x0/vhdl/p0/iu/r.a.step:0
/testbench/cpu/l3/u0/leon3x0/vhdl/p0/iu/r.m.irqen2:1
/testbench/cpu/l3/u0/leon3x0/vhdl/p0/iu/r.d.pc:01000000000000000000001001000000
/testbench/cpu/l3/u0/leon3x0/vhdl/p0/iu/r.d.rexpl:{{00000000000000000000000000000000} {00} {0} 0 0 {0000000000000000000} 0 0 0 0 0 0}
/testbench/cpu/l3/u0/leon3x0/vhdl/p0/iu/r.d.mexc:0
/testbench/cpu/l3/u0/leon3x0/vhdl/p0/iu/r.a.aw:0
/testbench/cpu/l3/u0/leon3x0/vhdl/p0/iu/r.e.ctrl:{{01000000000000000000001000111100} {11000010000001111011111111111100} {00} {10000001} {001011} 1 0 1 0 0 1 1 0 0}
/testbench/cpu/l3/u0/leon3x0/vhdl/p0/iu/r.a.divstart:0
/testbench/cpu/l3/u0/leon3x0/vhdl/p0/iu/r.e.shleft:0
/testbench/cpu/l3/u0/leon3x0/vhdl/p0/iu/r.a.bp:0
/testbench/cpu/l3/u0/leon3x0/vhdl/p0/iu/r.w.twcwp:000
/testbench/cpu/l3/u0/leon3x0/vhdl/p0/iu/r.a.jmpl:0
/testbench/cpu/l3/u0/leon3x0/vhdl/p0/iu/r.m.casa:0
/testbench/cpu/l3/u0/leon3x0/vhdl/p0/iu/r.m.werr:0
/testbench/cpu/l3/u0/leon3x0/vhdl/p0/iu/r.e.su:1
/testbench/cpu/l3/u0/leon3x0/vhdl/p0/iu/r.e.et:1
/testbench/cpu/l3/u0/leon3x0/vhdl/p0/iu/r.a.ldcheck1:1
/testbench/cpu/l3/u0/leon3x0/vhdl/p0/iu/r.d.stwin:000
/testbench/cpu/l3/u0/leon3x0/vhdl/p0/iu/r.a.ldcheck2:0
/testbench/cpu/l3/u0/leon3x0/vhdl/p0/iu/r.x.intack:0
/testbench/cpu/l3/u0/leon3x0/vhdl/p0/iu/r.m.ctrl:{{01000000000000000000001000111000} {11000010001001111011111111111100} {01} {10000001} {000000} 0 0 0 0 0 0 0 0 0}
/testbench/cpu/l3/u0/leon3x0/vhdl/p0/iu/r.a.cwp:101
/testbench/cpu/l3/u0/leon3x0/vhdl/p0/iu/r.e.sari:0
/testbench/cpu/l3/u0/leon3x0/vhdl/p0/iu/r.d.paw:0
/testbench/cpu/l3/u0/leon3x0/vhdl/p0/iu/r.d.aw:0
/testbench/cpu/l3/u0/leon3x0/vhdl/p0/iu/r.d.awp:000
/testbench/cpu/l3/u0/leon3x0/vhdl/p0/iu/r.x.ctrl:{{01000000000000000000001000111000} {11000010001001111011111111111100} {00} {10000001} {000000} 0 0 0 0 0 0 1 0 0}
/testbench/cpu/l3/u0/leon3x0/vhdl/p0/iu/r.m.rexnalign:0
/testbench/cpu/l3/u0/leon3x0/vhdl/p0/iu/r.m.su:1
/testbench/cpu/l3/u0/leon3x0/vhdl/p0/iu/r.m.wcwp:0
/testbench/cpu/l3/u0/leon3x0/vhdl/p0/iu/r.d.divrdy:0
/testbench/cpu/l3/u0/leon3x0/vhdl/p0/iu/r.e.cwp:101
/testbench/cpu/l3/u0/leon3x0/vhdl/p0/iu/r.w.except:0
/testbench/cpu/l3/u0/leon3x0/vhdl/p0/iu/r.x.nerror:0
/testbench/cpu/l3/u0/leon3x0/vhdl/p0/iu/r.a.bpimiss:0
/testbench/cpu/l3/u0/leon3x0/vhdl/p0/iu/r.a.nobp:0
/testbench/cpu/l3/u0/leon3x0/vhdl/p0/iu/r.d.rexcnt:0
/testbench/cpu/l3/u0/leon3x0/vhdl/p0/iu/r.w.s:{{101} {0100} {00000000} {01000000000000000000} {00000010} {0000} 0 0 1 1 1 {00000000000000000000000000000000} {UUUUUUUUUUUUUUUUUUUUUUUUUUUUUUUU} 1 0 0 1 1 1 0 0 {000} {000} {111}}
/testbench/cpu/l3/u0/leon3x0/vhdl/p0/iu/r.d.pv:1
/testbench/cpu/l3/u0/leon3x0/vhdl/p0/iu/r.a.ldchkra:1
/testbench/cpu/l3/u0/leon3x0/vhdl/p0/iu/r.a.rfa1:10000001
/testbench/cpu/l3/u0/leon3x0/vhdl/p0/iu/r.a.rfa2:10000011
/testbench/cpu/l3/u0/leon3x0/vhdl/p0/iu/r.a.imm:00000000000000000000000000000011
/testbench/cpu/l3/u0/leon3x0/vhdl/p0/iu/r.w.wa:10000001
/testbench/cpu/l3/u0/leon3x0/vhdl/p0/iu/r.m.casaz:1
/testbench/cpu/l3/u0/leon3x0/vhdl/p0/iu/r.x.dci:{0 1 0 0 0 0 {10} {00001011}}
/testbench/cpu/l3/u0/leon3x0/vhdl/p0/iu/r.x.mac:0
/testbench/cpu/l3/u0/leon3x0/vhdl/p0/iu/r.m.divz:0
/testbench/cpu/l3/u0/leon3x0/vhdl/p0/iu/r.d.inst:{{10000000101000000110000000000011}}
/testbench/cpu/l3/u0/leon3x0/vhdl/p0/iu/r.e.rfe1:1
/testbench/cpu/l3/u0/leon3x0/vhdl/p0/iu/r.a.wovf:0
/testbench/cpu/l3/u0/leon3x0/vhdl/p0/iu/r.e.rfe2:0
/testbench/cpu/l3/u0/leon3x0/vhdl/p0/iu/r.e.op1:01000000000011111111111010011000
/testbench/cpu/l3/u0/leon3x0/vhdl/p0/iu/r.m.nalign:0
/testbench/cpu/l3/u0/leon3x0/vhdl/p0/iu/r.e.op2:11111111111111111111111111111100
/testbench/cpu/l3/u0/leon3x0/vhdl/p0/iu/r.d.rexen:0
/testbench/cpu/l3/u0/leon3x0/vhdl/p0/iu/r.a.ctrl:{{01000000000000000000001001000000} {10000000101000000110000000000011} {00} {10000000} {000000} 0 1 0 0 0 0 0 0 0}
/testbench/cpu/l3/u0/leon3x0/vhdl/p0/iu/r.x.ipend:0
/testbench/cpu/l3/u0/leon3x0/vhdl/p0/iu/r.e.ldbp1:0
/testbench/cpu/l3/u0/leon3x0/vhdl/p0/iu/r.e.aluadd:1
/testbench/cpu/l3/u0/leon3x0/vhdl/p0/iu/r.d.set:0
/testbench/cpu/l3/u0/leon3x0/vhdl/p0/iu/r.d.inull:0
/testbench/cpu/l3/u0/leon3x0/vhdl/p0/iu/r.e.ldbp2:0
/testbench/cpu/l3/u0/leon3x0/vhdl/p0/iu/r.d.cnt:00
/testbench/cpu/l3/u0/leon3x0/vhdl/p0/iu/r.a.su:1
/testbench/cpu/l3/u0/leon3x0/vhdl/p0/iu/r.a.et:1
/testbench/cpu/l3/u0/leon3x0/vhdl/p0/iu/r.e.mul:0
/testbench/cpu/l3/u0/leon3x0/vhdl/p0/iu/r.e.alusel:00
/testbench/cpu/l3/u0/leon3x0/vhdl/p0/iu/r.e.aw:U
/testbench/cpu/l3/u0/leon3x0/vhdl/p0/iu/r.e.mac:0
/testbench/cpu/l3/u0/leon3x0/vhdl/p0/iu/r.a.decill:0
/testbench/cpu/l3/u0/leon3x0/vhdl/p0/iu/r.x.icc:0100
/testbench/cpu/l3/u0/leon3x0/vhdl/p0/iu/r.x.result:01000000000011111111111010010100
/testbench/cpu/l3/u0/leon3x0/vhdl/p0/iu/r.e.bp:0
/testbench/cpu/l3/u0/leon3x0/vhdl/p0/iu/r.a.rs1:00001
/testbench/cpu/l3/u0/leon3x0/vhdl/p0/iu/r.e.jmpl:0
/testbench/cpu/l3/u0/leon3x0/vhdl/p0/iu/r.a.rsel1:001
/testbench/cpu/l3/u0/leon3x0/vhdl/p0/iu/r.x.y:00000000000000000000000000000000
/testbench/cpu/l3/u0/leon3x0/vhdl/p0/iu/r.a.rsel2:100
/testbench/cpu/l3/u0/leon3x0/vhdl/p0/iu/r.a.awp:000
/testbench/cpu/l3/u0/leon3x0/vhdl/p0/iu/r.a.paw:0
/testbench/cpu/l3/u0/leon3x0/vhdl/p0/iu/r.x.data:{{00000000000000000000000000000011}}
/testbench/cpu/l3/u0/leon3x0/vhdl/p0/iu/r.m.mul:0
/testbench/cpu/l3/u0/leon3x0/vhdl/p0/iu/r.e.rd:UUUUU
/testbench/cpu/l3/u0/leon3x0/vhdl/p0/iu/r.e.invop2:0
/testbench/cpu/l3/u0/leon3x0/vhdl/p0/iu/r.m.wawp:0
/testbench/cpu/l3/u0/leon3x0/vhdl/p0/iu/r.d.cwpmax:111
/testbench/cpu/l3/u0/leon3x0/vhdl/p0/iu/r.f.branch:0
/testbench/cpu/l3/u0/leon3x0/vhdl/p0/iu/r.d.pcheld:1
/testbench/cpu/l3/u0/leon3x0/vhdl/p0/iu/r.m.dci:{0 0 0 1 0 0 {10} {00001011}}
/testbench/cpu/l3/u0/leon3x0/vhdl/p0/iu/r.e.paw:U
/testbench/cpu/l3/u0/leon3x0/vhdl/p0/iu/r.e.awp:UUU
/testbench/cpu/l3/u0/leon3x0/vhdl/p0/iu/r.e.shcnt:11100
/testbench/cpu/l3/u0/leon3x0/vhdl/p0/iu/r.w.result:00000000000000000000000000000100
/testbench/cpu/l3/u0/leon3x0/vhdl/p0/iu/r.m.mac:0
/testbench/cpu/l3/u0/leon3x0/vhdl/p0/iu/r.m.y:00000000000000000000000000000000
/testbench/cpu/l3/u0/leon3x0/vhdl/p0/iu/r.d.cwp:101
/testbench/cpu/l3/u0/leon3x0/vhdl/p0/iu/r.x.laddr:00
/testbench/cpu/l3/u0/leon3x0/vhdl/p0/iu/r.e.mulstep:0
/testbench/cpu/l3/u0/leon3x0/vhdl/p0/iu/r.e.ymsb:0
/testbench/cpu/l3/u0/leon3x0/vhdl/p0/iu/r.d.rexbuf:00000000000000000000000000000000
/testbench/cpu/l3/u0/leon3x0/vhdl/p0/iu/r.x.npc:100
/testbench/cpu/l3/u0/leon3x0/vhdl/p0/iu/r.f.pc:01000000000000000000001001000100
/testbench/cpu/l3/u0/leon3x0/vhdl/p0/iu/r.d.annul:0
/testbench/cpu/l3/u0/leon3x0/vhdl/p0/iu/r.x.rstate:run
/testbench/cpu/l3/u0/leon3x0/vhdl/p0/iu/r.x.set:0
/testbench/cpu/l3/u0/leon3x0/vhdl/p0/iu/r.m.result:00000000000000000000000000000100
/testbench/cpu/l3/u0/leon3x0/vhdl/p0/iu/r.e.icc:UUUU
/testbench/cpu/l3/u0/leon3x0/vhdl/p0/iu/r.a.getpc:0
/testbench/cpu/l3/u0/leon3x0/vhdl/p0/iu/r.a.ldchkex:1
/testbench/cpu/l3/u0/leon3x0/vhdl/p0/iu/r.x.mexc:0
/testbench/cpu/l3/u0/leon3x0/vhdl/p0/iu/r.a.mulstart:0
/testbench/cpu/l3/u0/leon3x0/vhdl/p0/iu/r.d.rexpos:10
/testbench/cpu/l3/u0/leon3x0/vhdl/p0/iu/r.x.annul_all:0
/testbench/cpu/l3/u0/leon3x0/vhdl/p0/iu/r.e.aluop:000
/testbench/cpu/l3/u0/leon3x0/vhdl/p0/iu/r.x.debug:0
/testbench/cpu/l3/u0/leon3x0/vhdl/p0/iu/r.a.rfe1:0
/testbench/cpu/l3/u0/leon3x0/vhdl/p0/iu/r.d.step:0
/testbench/cpu/l3/u0/leon3x0/vhdl/p0/iu/r.a.rfe2:0
/testbench/cpu/l3/u0/leon3x0/vhdl/p0/iu/r.e.alucin:0
/testbench/cpu/l3/u0/leon3x0/vhdl/p0/iu/r.a.wunf:0
======================================
progstatus: -2
execerr: 76
latent: 1
time limit!
>>>>>>>>>>>>>>> 2899665000
======================================
