Test signal = /testbench/cpu/l3/u0/leon3x0/vhdl/p0/iu/r.m.wcwp
oldval = 0
pos1: -1 pos0: 0 posU: -1
newval = 1
Signal value: 0
oldval = 0
pos1: -1 pos0: 0 posU: -1
newval = 1
force in 707620
584840000 >> iteration no: 0
1027865000 >> iteration no: 1
1288715000 >> Requesting for the AHB bus...
1289565000 >> AHB granted, starting recovery...
1308765000 >> Recovery done, continuing...
1308815000 >> Requesting for the AHB bus...
1309615000 >> AHB granted, starting recovery...
1328815000 >> Recovery done, continuing...
1328865000 >> Requesting for the AHB bus...
1329665000 >> AHB granted, starting recovery...
1348865000 >> Recovery done, continuing...
1348915000 >> Requesting for the AHB bus...
1349715000 >> AHB granted, starting recovery...
1368915000 >> Recovery done, continuing...
1368965000 >> Requesting for the AHB bus...
1369765000 >> AHB granted, starting recovery...
1388965000 >> Recovery done, continuing...
1389015000 >> Requesting for the AHB bus...
1389815000 >> AHB granted, starting recovery...
1409015000 >> Recovery done, continuing...
1409065000 >> Requesting for the AHB bus...
1409865000 >> AHB granted, starting recovery...
1429065000 >> Recovery done, continuing...
1429115000 >> Requesting for the AHB bus...
1429915000 >> AHB granted, starting recovery...
1449115000 >> Recovery done, continuing...
1449165000 >> Requesting for the AHB bus...
1449965000 >> AHB granted, starting recovery...
1469165000 >> Recovery done, continuing...
1469215000 >> Requesting for the AHB bus...
1470015000 >> AHB granted, starting recovery...
1489215000 >> Recovery done, continuing...
1489265000 >> Requesting for the AHB bus...
1490065000 >> AHB granted, starting recovery...
1509265000 >> Recovery done, continuing...
1509315000 >> Requesting for the AHB bus...
1510115000 >> AHB granted, starting recovery...
1529315000 >> Recovery done, continuing...
1529365000 >> Requesting for the AHB bus...
1530165000 >> AHB granted, starting recovery...
1549365000 >> Recovery done, continuing...
1549415000 >> Requesting for the AHB bus...
1550215000 >> AHB granted, starting recovery...
1569415000 >> Recovery done, continuing...
1569465000 >> Requesting for the AHB bus...
1570265000 >> AHB granted, starting recovery...
1589465000 >> Recovery done, continuing...
1589515000 >> Requesting for the AHB bus...
1590315000 >> AHB granted, starting recovery...
1609515000 >> Recovery done, continuing...
1609565000 >> Requesting for the AHB bus...
1610365000 >> AHB granted, starting recovery...
1629565000 >> Recovery done, continuing...
1629615000 >> Requesting for the AHB bus...
1630415000 >> AHB granted, starting recovery...
1649615000 >> Recovery done, continuing...
1649665000 >> Requesting for the AHB bus...
1650465000 >> AHB granted, starting recovery...
1669665000 >> Recovery done, continuing...
1669715000 >> Requesting for the AHB bus...
1670515000 >> AHB granted, starting recovery...
1689715000 >> Recovery done, continuing...
1689765000 >> Requesting for the AHB bus...
1690565000 >> AHB granted, starting recovery...
1709765000 >> Recovery done, continuing...
1709815000 >> Requesting for the AHB bus...
1710615000 >> AHB granted, starting recovery...
1729815000 >> Recovery done, continuing...
1729865000 >> Requesting for the AHB bus...
1730665000 >> AHB granted, starting recovery...
1749865000 >> Recovery done, continuing...
1749915000 >> Requesting for the AHB bus...
1750715000 >> AHB granted, starting recovery...
1769915000 >> Recovery done, continuing...
1769965000 >> Requesting for the AHB bus...
1770765000 >> AHB granted, starting recovery...
1789965000 >> Recovery done, continuing...
1790015000 >> Requesting for the AHB bus...
1790815000 >> AHB granted, starting recovery...
1810015000 >> Recovery done, continuing...
1810065000 >> Requesting for the AHB bus...
1810865000 >> AHB granted, starting recovery...
1830065000 >> Recovery done, continuing...
1830115000 >> Requesting for the AHB bus...
1830915000 >> AHB granted, starting recovery...
1850115000 >> Recovery done, continuing...
1850165000 >> Requesting for the AHB bus...
1850965000 >> AHB granted, starting recovery...
1870165000 >> Recovery done, continuing...
1870215000 >> Requesting for the AHB bus...
1871015000 >> AHB granted, starting recovery...
1890215000 >> Recovery done, continuing...
1890265000 >> Requesting for the AHB bus...
1891065000 >> AHB granted, starting recovery...
1910265000 >> Recovery done, continuing...
1910315000 >> Requesting for the AHB bus...
1911115000 >> AHB granted, starting recovery...
1930315000 >> Recovery done, continuing...
1930365000 >> Requesting for the AHB bus...
1931165000 >> AHB granted, starting recovery...
1950365000 >> Recovery done, continuing...
1950415000 >> Requesting for the AHB bus...
1951215000 >> AHB granted, starting recovery...
1970415000 >> Recovery done, continuing...
1970465000 >> Requesting for the AHB bus...
1971265000 >> AHB granted, starting recovery...
1990465000 >> Recovery done, continuing...
1990515000 >> Requesting for the AHB bus...
1991315000 >> AHB granted, starting recovery...
2010515000 >> Recovery done, continuing...
2010565000 >> Requesting for the AHB bus...
2011365000 >> AHB granted, starting recovery...
2030565000 >> Recovery done, continuing...
2030615000 >> Requesting for the AHB bus...
2031415000 >> AHB granted, starting recovery...
2050615000 >> Recovery done, continuing...
2050665000 >> Requesting for the AHB bus...
2051465000 >> AHB granted, starting recovery...
2070665000 >> Recovery done, continuing...
2070715000 >> Requesting for the AHB bus...
2071515000 >> AHB granted, starting recovery...
2090715000 >> Recovery done, continuing...
2090765000 >> Requesting for the AHB bus...
2091565000 >> AHB granted, starting recovery...
2110765000 >> Recovery done, continuing...
2110815000 >> Requesting for the AHB bus...
2111615000 >> AHB granted, starting recovery...
2130815000 >> Recovery done, continuing...
2130865000 >> Requesting for the AHB bus...
2131665000 >> AHB granted, starting recovery...
2150865000 >> Recovery done, continuing...
2150915000 >> Requesting for the AHB bus...
2151715000 >> AHB granted, starting recovery...
2170915000 >> Recovery done, continuing...
2170965000 >> Requesting for the AHB bus...
2171765000 >> AHB granted, starting recovery...
2190965000 >> Recovery done, continuing...
2191015000 >> Requesting for the AHB bus...
2191815000 >> AHB granted, starting recovery...
2211015000 >> Recovery done, continuing...
2211065000 >> Requesting for the AHB bus...
2211865000 >> AHB granted, starting recovery...
2231065000 >> Recovery done, continuing...
2231115000 >> Requesting for the AHB bus...
2231915000 >> AHB granted, starting recovery...
2251115000 >> Recovery done, continuing...
2251165000 >> Requesting for the AHB bus...
2251965000 >> AHB granted, starting recovery...
2271165000 >> Recovery done, continuing...
2271215000 >> Requesting for the AHB bus...
2272015000 >> AHB granted, starting recovery...
2291215000 >> Recovery done, continuing...
2291265000 >> Requesting for the AHB bus...
2292065000 >> AHB granted, starting recovery...
2311265000 >> Recovery done, continuing...
2311315000 >> Requesting for the AHB bus...
2312115000 >> AHB granted, starting recovery...
2331315000 >> Recovery done, continuing...
2331365000 >> Requesting for the AHB bus...
2332165000 >> AHB granted, starting recovery...
2351365000 >> Recovery done, continuing...
2351415000 >> Requesting for the AHB bus...
2352215000 >> AHB granted, starting recovery...
2371415000 >> Recovery done, continuing...
2371465000 >> Requesting for the AHB bus...
2372265000 >> AHB granted, starting recovery...
2391465000 >> Recovery done, continuing...
2391515000 >> Requesting for the AHB bus...
2392315000 >> AHB granted, starting recovery...
2411515000 >> Recovery done, continuing...
2411565000 >> Requesting for the AHB bus...
2412365000 >> AHB granted, starting recovery...
2431565000 >> Recovery done, continuing...
2431615000 >> Requesting for the AHB bus...
2432415000 >> AHB granted, starting recovery...
2451615000 >> Recovery done, continuing...
2451665000 >> Requesting for the AHB bus...
2452490000 >> AHB granted, starting recovery...
2471690000 >> Recovery done, continuing...
2471740000 >> Requesting for the AHB bus...
2472540000 >> AHB granted, starting recovery...
2491740000 >> Recovery done, continuing...
2491790000 >> Requesting for the AHB bus...
2492590000 >> AHB granted, starting recovery...
2511790000 >> Recovery done, continuing...
2511840000 >> Requesting for the AHB bus...
2512640000 >> AHB granted, starting recovery...
2531840000 >> Recovery done, continuing...
2531890000 >> Requesting for the AHB bus...
2532690000 >> AHB granted, starting recovery...
2551890000 >> Recovery done, continuing...
2551940000 >> Requesting for the AHB bus...
2552740000 >> AHB granted, starting recovery...
2571940000 >> Recovery done, continuing...
2571990000 >> Requesting for the AHB bus...
2572790000 >> AHB granted, starting recovery...
2591990000 >> Recovery done, continuing...
2592040000 >> Requesting for the AHB bus...
2592840000 >> AHB granted, starting recovery...
2612040000 >> Recovery done, continuing...
2612090000 >> Requesting for the AHB bus...
2612890000 >> AHB granted, starting recovery...
2632090000 >> Recovery done, continuing...
2632140000 >> Requesting for the AHB bus...
2632940000 >> AHB granted, starting recovery...
2652140000 >> Recovery done, continuing...
2652190000 >> Requesting for the AHB bus...
2652990000 >> AHB granted, starting recovery...
2672190000 >> Recovery done, continuing...
2672240000 >> Requesting for the AHB bus...
2673040000 >> AHB granted, starting recovery...
2692240000 >> Recovery done, continuing...
2692290000 >> Requesting for the AHB bus...
2693090000 >> AHB granted, starting recovery...
2712290000 >> Recovery done, continuing...
2712340000 >> Requesting for the AHB bus...
2713140000 >> AHB granted, starting recovery...
2732340000 >> Recovery done, continuing...
2732390000 >> Requesting for the AHB bus...
2733190000 >> AHB granted, starting recovery...
2752390000 >> Recovery done, continuing...
2752440000 >> Requesting for the AHB bus...
2753290000 >> AHB granted, starting recovery...
2772490000 >> Recovery done, continuing...
2772540000 >> Requesting for the AHB bus...
2773340000 >> AHB granted, starting recovery...
2792540000 >> Recovery done, continuing...
2792590000 >> Requesting for the AHB bus...
2793390000 >> AHB granted, starting recovery...
2812590000 >> Recovery done, continuing...
2812640000 >> Requesting for the AHB bus...
2813440000 >> AHB granted, starting recovery...
2832640000 >> Recovery done, continuing...
2832690000 >> Requesting for the AHB bus...
2833490000 >> AHB granted, starting recovery...
2852690000 >> Recovery done, continuing...
2852740000 >> Requesting for the AHB bus...
2853540000 >> AHB granted, starting recovery...
2872740000 >> Recovery done, continuing...
2872790000 >> Requesting for the AHB bus...
2873590000 >> AHB granted, starting recovery...
2892790000 >> Recovery done, continuing...
2892840000 >> Requesting for the AHB bus...
2893640000 >> AHB granted, starting recovery...
2899665000 >> time limit reached...
/testbench/cpu/l3/u0/leon3x0/vhdl/p0/iu/r.w.wreg:1
/testbench/cpu/l3/u0/leon3x0/vhdl/p0/iu/r.m.irqen:1
/testbench/cpu/l3/u0/leon3x0/vhdl/p0/iu/r.m.icc:0000
/testbench/cpu/l3/u0/leon3x0/vhdl/p0/iu/r.a.ticc:0
/testbench/cpu/l3/u0/leon3x0/vhdl/p0/iu/r.a.step:0
/testbench/cpu/l3/u0/leon3x0/vhdl/p0/iu/r.m.irqen2:1
/testbench/cpu/l3/u0/leon3x0/vhdl/p0/iu/r.d.pc:01000000000000000000001001110100
/testbench/cpu/l3/u0/leon3x0/vhdl/p0/iu/r.d.rexpl:{{00000000000000000000000000000000} {00} {0} 0 0 {0000000000000000000} 0 0 0 0 0 0}
/testbench/cpu/l3/u0/leon3x0/vhdl/p0/iu/r.d.mexc:0
/testbench/cpu/l3/u0/leon3x0/vhdl/p0/iu/r.a.aw:0
/testbench/cpu/l3/u0/leon3x0/vhdl/p0/iu/r.e.ctrl:{{01000000000000000000001001110000} {11000010000001111011111111111000} {00} {10000001} {000000} 0 0 1 0 0 1 1 0 0}
/testbench/cpu/l3/u0/leon3x0/vhdl/p0/iu/r.a.divstart:0
/testbench/cpu/l3/u0/leon3x0/vhdl/p0/iu/r.e.shleft:0
/testbench/cpu/l3/u0/leon3x0/vhdl/p0/iu/r.a.bp:0
/testbench/cpu/l3/u0/leon3x0/vhdl/p0/iu/r.w.twcwp:000
/testbench/cpu/l3/u0/leon3x0/vhdl/p0/iu/r.a.jmpl:0
/testbench/cpu/l3/u0/leon3x0/vhdl/p0/iu/r.m.casa:0
/testbench/cpu/l3/u0/leon3x0/vhdl/p0/iu/r.m.werr:0
/testbench/cpu/l3/u0/leon3x0/vhdl/p0/iu/r.e.su:1
/testbench/cpu/l3/u0/leon3x0/vhdl/p0/iu/r.e.et:1
/testbench/cpu/l3/u0/leon3x0/vhdl/p0/iu/r.a.ldcheck1:1
/testbench/cpu/l3/u0/leon3x0/vhdl/p0/iu/r.d.stwin:000
/testbench/cpu/l3/u0/leon3x0/vhdl/p0/iu/r.a.ldcheck2:0
/testbench/cpu/l3/u0/leon3x0/vhdl/p0/iu/r.x.intack:0
/testbench/cpu/l3/u0/leon3x0/vhdl/p0/iu/r.m.ctrl:{{01000000000000000000001001101100} {11000100001010000100000000000000} {01} {10000010} {000000} 0 0 0 0 0 0 0 0 0}
/testbench/cpu/l3/u0/leon3x0/vhdl/p0/iu/r.a.cwp:000
/testbench/cpu/l3/u0/leon3x0/vhdl/p0/iu/r.e.sari:0
/testbench/cpu/l3/u0/leon3x0/vhdl/p0/iu/r.d.paw:0
/testbench/cpu/l3/u0/leon3x0/vhdl/p0/iu/r.d.aw:0
/testbench/cpu/l3/u0/leon3x0/vhdl/p0/iu/r.d.awp:000
/testbench/cpu/l3/u0/leon3x0/vhdl/p0/iu/r.x.ctrl:{{01000000000000000000001001101100} {11000100001010000100000000000000} {00} {10000010} {000000} 0 0 0 0 0 0 1 0 0}
/testbench/cpu/l3/u0/leon3x0/vhdl/p0/iu/r.m.rexnalign:0
/testbench/cpu/l3/u0/leon3x0/vhdl/p0/iu/r.m.su:1
/testbench/cpu/l3/u0/leon3x0/vhdl/p0/iu/r.m.wcwp:0
/testbench/cpu/l3/u0/leon3x0/vhdl/p0/iu/r.d.divrdy:0
/testbench/cpu/l3/u0/leon3x0/vhdl/p0/iu/r.e.cwp:000
/testbench/cpu/l3/u0/leon3x0/vhdl/p0/iu/r.w.except:0
/testbench/cpu/l3/u0/leon3x0/vhdl/p0/iu/r.x.nerror:0
/testbench/cpu/l3/u0/leon3x0/vhdl/p0/iu/r.a.bpimiss:0
/testbench/cpu/l3/u0/leon3x0/vhdl/p0/iu/r.a.nobp:0
/testbench/cpu/l3/u0/leon3x0/vhdl/p0/iu/r.d.rexcnt:0
/testbench/cpu/l3/u0/leon3x0/vhdl/p0/iu/r.w.s:{{101} {0000} {00000000} {01000000000000000000} {00000010} {0000} 0 0 1 1 1 {00000000000000000000000000000000} {UUUUUUUUUUUUUUUUUUUUUUUUUUUUUUUU} 1 0 0 1 1 1 0 0 {000} {000} {111}}
/testbench/cpu/l3/u0/leon3x0/vhdl/p0/iu/r.d.pv:1
/testbench/cpu/l3/u0/leon3x0/vhdl/p0/iu/r.a.ldchkra:1
/testbench/cpu/l3/u0/leon3x0/vhdl/p0/iu/r.a.rfa1:10000001
/testbench/cpu/l3/u0/leon3x0/vhdl/p0/iu/r.a.rfa2:10000001
/testbench/cpu/l3/u0/leon3x0/vhdl/p0/iu/r.a.imm:00000000000000000000000000000001
/testbench/cpu/l3/u0/leon3x0/vhdl/p0/iu/r.w.wa:10000010
/testbench/cpu/l3/u0/leon3x0/vhdl/p0/iu/r.m.casaz:1
/testbench/cpu/l3/u0/leon3x0/vhdl/p0/iu/r.x.dci:{0 1 0 0 0 0 {00} {00001011}}
/testbench/cpu/l3/u0/leon3x0/vhdl/p0/iu/r.x.mac:0
/testbench/cpu/l3/u0/leon3x0/vhdl/p0/iu/r.m.divz:0
/testbench/cpu/l3/u0/leon3x0/vhdl/p0/iu/r.d.inst:{{10000010000000000110000000000001}}
/testbench/cpu/l3/u0/leon3x0/vhdl/p0/iu/r.e.rfe1:1
/testbench/cpu/l3/u0/leon3x0/vhdl/p0/iu/r.a.wovf:0
/testbench/cpu/l3/u0/leon3x0/vhdl/p0/iu/r.e.rfe2:0
/testbench/cpu/l3/u0/leon3x0/vhdl/p0/iu/r.e.op1:01000000000011111111111111100000
/testbench/cpu/l3/u0/leon3x0/vhdl/p0/iu/r.m.nalign:0
/testbench/cpu/l3/u0/leon3x0/vhdl/p0/iu/r.e.op2:11111111111111111111111111111000
/testbench/cpu/l3/u0/leon3x0/vhdl/p0/iu/r.d.rexen:0
/testbench/cpu/l3/u0/leon3x0/vhdl/p0/iu/r.a.ctrl:{{01000000000000000000001001110100} {10000010000000000110000000000001} {00} {10000001} {000000} 0 1 0 0 0 0 0 0 0}
/testbench/cpu/l3/u0/leon3x0/vhdl/p0/iu/r.x.ipend:0
/testbench/cpu/l3/u0/leon3x0/vhdl/p0/iu/r.e.ldbp1:0
/testbench/cpu/l3/u0/leon3x0/vhdl/p0/iu/r.e.aluadd:1
/testbench/cpu/l3/u0/leon3x0/vhdl/p0/iu/r.d.set:0
/testbench/cpu/l3/u0/leon3x0/vhdl/p0/iu/r.d.inull:0
/testbench/cpu/l3/u0/leon3x0/vhdl/p0/iu/r.e.ldbp2:0
/testbench/cpu/l3/u0/leon3x0/vhdl/p0/iu/r.d.cnt:00
/testbench/cpu/l3/u0/leon3x0/vhdl/p0/iu/r.a.su:1
/testbench/cpu/l3/u0/leon3x0/vhdl/p0/iu/r.a.et:1
/testbench/cpu/l3/u0/leon3x0/vhdl/p0/iu/r.e.mul:0
/testbench/cpu/l3/u0/leon3x0/vhdl/p0/iu/r.e.alusel:00
/testbench/cpu/l3/u0/leon3x0/vhdl/p0/iu/r.e.aw:U
/testbench/cpu/l3/u0/leon3x0/vhdl/p0/iu/r.e.mac:0
/testbench/cpu/l3/u0/leon3x0/vhdl/p0/iu/r.a.decill:0
/testbench/cpu/l3/u0/leon3x0/vhdl/p0/iu/r.x.icc:0000
/testbench/cpu/l3/u0/leon3x0/vhdl/p0/iu/r.x.result:01000000000000000001101011100100
/testbench/cpu/l3/u0/leon3x0/vhdl/p0/iu/r.e.bp:0
/testbench/cpu/l3/u0/leon3x0/vhdl/p0/iu/r.a.rs1:00001
/testbench/cpu/l3/u0/leon3x0/vhdl/p0/iu/r.e.jmpl:0
/testbench/cpu/l3/u0/leon3x0/vhdl/p0/iu/r.a.rsel1:001
/testbench/cpu/l3/u0/leon3x0/vhdl/p0/iu/r.x.y:00000000000000000000000000000000
/testbench/cpu/l3/u0/leon3x0/vhdl/p0/iu/r.a.rsel2:100
/testbench/cpu/l3/u0/leon3x0/vhdl/p0/iu/r.a.awp:000
/testbench/cpu/l3/u0/leon3x0/vhdl/p0/iu/r.a.paw:0
/testbench/cpu/l3/u0/leon3x0/vhdl/p0/iu/r.x.data:{{00000000000000000000000000000000}}
/testbench/cpu/l3/u0/leon3x0/vhdl/p0/iu/r.m.mul:0
/testbench/cpu/l3/u0/leon3x0/vhdl/p0/iu/r.e.rd:UUUUU
/testbench/cpu/l3/u0/leon3x0/vhdl/p0/iu/r.e.invop2:0
/testbench/cpu/l3/u0/leon3x0/vhdl/p0/iu/r.m.wawp:0
/testbench/cpu/l3/u0/leon3x0/vhdl/p0/iu/r.d.cwpmax:111
/testbench/cpu/l3/u0/leon3x0/vhdl/p0/iu/r.f.branch:0
/testbench/cpu/l3/u0/leon3x0/vhdl/p0/iu/r.d.pcheld:1
/testbench/cpu/l3/u0/leon3x0/vhdl/p0/iu/r.m.dci:{0 0 0 1 0 0 {00} {00001011}}
/testbench/cpu/l3/u0/leon3x0/vhdl/p0/iu/r.e.paw:U
/testbench/cpu/l3/u0/leon3x0/vhdl/p0/iu/r.e.awp:UUU
/testbench/cpu/l3/u0/leon3x0/vhdl/p0/iu/r.e.shcnt:11000
/testbench/cpu/l3/u0/leon3x0/vhdl/p0/iu/r.w.result:00000000000000000000000000000000
/testbench/cpu/l3/u0/leon3x0/vhdl/p0/iu/r.m.mac:0
/testbench/cpu/l3/u0/leon3x0/vhdl/p0/iu/r.m.y:00000000000000000000000000000000
/testbench/cpu/l3/u0/leon3x0/vhdl/p0/iu/r.d.cwp:000
/testbench/cpu/l3/u0/leon3x0/vhdl/p0/iu/r.x.laddr:00
/testbench/cpu/l3/u0/leon3x0/vhdl/p0/iu/r.e.mulstep:0
/testbench/cpu/l3/u0/leon3x0/vhdl/p0/iu/r.e.ymsb:0
/testbench/cpu/l3/u0/leon3x0/vhdl/p0/iu/r.d.rexbuf:00000000000000000000000000000000
/testbench/cpu/l3/u0/leon3x0/vhdl/p0/iu/r.x.npc:100
/testbench/cpu/l3/u0/leon3x0/vhdl/p0/iu/r.f.pc:01000000000000000000001001111000
/testbench/cpu/l3/u0/leon3x0/vhdl/p0/iu/r.d.annul:0
/testbench/cpu/l3/u0/leon3x0/vhdl/p0/iu/r.x.rstate:run
/testbench/cpu/l3/u0/leon3x0/vhdl/p0/iu/r.x.set:0
/testbench/cpu/l3/u0/leon3x0/vhdl/p0/iu/r.m.result:00000000000000000000000000000000
/testbench/cpu/l3/u0/leon3x0/vhdl/p0/iu/r.e.icc:UUUU
/testbench/cpu/l3/u0/leon3x0/vhdl/p0/iu/r.a.getpc:0
/testbench/cpu/l3/u0/leon3x0/vhdl/p0/iu/r.a.ldchkex:1
/testbench/cpu/l3/u0/leon3x0/vhdl/p0/iu/r.x.mexc:0
/testbench/cpu/l3/u0/leon3x0/vhdl/p0/iu/r.a.mulstart:0
/testbench/cpu/l3/u0/leon3x0/vhdl/p0/iu/r.d.rexpos:10
/testbench/cpu/l3/u0/leon3x0/vhdl/p0/iu/r.x.annul_all:0
/testbench/cpu/l3/u0/leon3x0/vhdl/p0/iu/r.e.aluop:000
/testbench/cpu/l3/u0/leon3x0/vhdl/p0/iu/r.x.debug:0
/testbench/cpu/l3/u0/leon3x0/vhdl/p0/iu/r.a.rfe1:0
/testbench/cpu/l3/u0/leon3x0/vhdl/p0/iu/r.d.step:0
/testbench/cpu/l3/u0/leon3x0/vhdl/p0/iu/r.a.rfe2:0
/testbench/cpu/l3/u0/leon3x0/vhdl/p0/iu/r.e.alucin:0
/testbench/cpu/l3/u0/leon3x0/vhdl/p0/iu/r.a.wunf:0
======================================
progstatus: -2
execerr: 81
latent: 1
time limit!
>>>>>>>>>>>>>>> 2899665000
======================================
