Test signal = /testbench/cpu/l3/u0/leon3x0/vhdl/p0/iu/r.m.wcwp
oldval = 0
pos1: -1 pos0: 0 posU: -1
newval = 1
Signal value: 0
oldval = 0
pos1: -1 pos0: 0 posU: -1
newval = 1
force in 907861
584840000 >> iteration no: 0
1027865000 >> iteration no: 1
1470840000 >> iteration no: 2
1488315000 >> Requesting for the AHB bus...
1488890000 >> AHB granted, starting recovery...
1508090000 >> Recovery done, continuing...
1508790000 >> Requesting for the AHB bus...
1509565000 >> AHB granted, starting recovery...
1528765000 >> Recovery done, continuing...
1529465000 >> Requesting for the AHB bus...
1530240000 >> AHB granted, starting recovery...
1549440000 >> Recovery done, continuing...
1550140000 >> Requesting for the AHB bus...
1550915000 >> AHB granted, starting recovery...
1570115000 >> Recovery done, continuing...
1570815000 >> Requesting for the AHB bus...
1571590000 >> AHB granted, starting recovery...
1590790000 >> Recovery done, continuing...
1591490000 >> Requesting for the AHB bus...
1592265000 >> AHB granted, starting recovery...
1611465000 >> Recovery done, continuing...
1612165000 >> Requesting for the AHB bus...
1612940000 >> AHB granted, starting recovery...
1632140000 >> Recovery done, continuing...
1633015000 >> Requesting for the AHB bus...
1633790000 >> AHB granted, starting recovery...
1652990000 >> Recovery done, continuing...
1653690000 >> Requesting for the AHB bus...
1654465000 >> AHB granted, starting recovery...
1673665000 >> Recovery done, continuing...
1674365000 >> Requesting for the AHB bus...
1675140000 >> AHB granted, starting recovery...
1694340000 >> Recovery done, continuing...
1695040000 >> Requesting for the AHB bus...
1695815000 >> AHB granted, starting recovery...
1715015000 >> Recovery done, continuing...
1715715000 >> Requesting for the AHB bus...
1716640000 >> AHB granted, starting recovery...
1735840000 >> Recovery done, continuing...
1736540000 >> Requesting for the AHB bus...
1737315000 >> AHB granted, starting recovery...
1756515000 >> Recovery done, continuing...
1757215000 >> Requesting for the AHB bus...
1757990000 >> AHB granted, starting recovery...
1777190000 >> Recovery done, continuing...
1777890000 >> Requesting for the AHB bus...
1778665000 >> AHB granted, starting recovery...
1797865000 >> Recovery done, continuing...
1798565000 >> Requesting for the AHB bus...
1799340000 >> AHB granted, starting recovery...
1818540000 >> Recovery done, continuing...
1819240000 >> Requesting for the AHB bus...
1820015000 >> AHB granted, starting recovery...
1839215000 >> Recovery done, continuing...
1839915000 >> Requesting for the AHB bus...
1840690000 >> AHB granted, starting recovery...
1859890000 >> Recovery done, continuing...
1860590000 >> Requesting for the AHB bus...
1861365000 >> AHB granted, starting recovery...
1880565000 >> Recovery done, continuing...
1881265000 >> Requesting for the AHB bus...
1882040000 >> AHB granted, starting recovery...
1901240000 >> Recovery done, continuing...
1901940000 >> Requesting for the AHB bus...
1902715000 >> AHB granted, starting recovery...
1921915000 >> Recovery done, continuing...
1922615000 >> Requesting for the AHB bus...
1923390000 >> AHB granted, starting recovery...
1942590000 >> Recovery done, continuing...
1943290000 >> Requesting for the AHB bus...
1944065000 >> AHB granted, starting recovery...
1963265000 >> Recovery done, continuing...
1963965000 >> Requesting for the AHB bus...
1964740000 >> AHB granted, starting recovery...
1983940000 >> Recovery done, continuing...
1984815000 >> Requesting for the AHB bus...
1985590000 >> AHB granted, starting recovery...
2004790000 >> Recovery done, continuing...
2005490000 >> Requesting for the AHB bus...
2006265000 >> AHB granted, starting recovery...
2025465000 >> Recovery done, continuing...
2026165000 >> Requesting for the AHB bus...
2026940000 >> AHB granted, starting recovery...
2046140000 >> Recovery done, continuing...
2046840000 >> Requesting for the AHB bus...
2047615000 >> AHB granted, starting recovery...
2066815000 >> Recovery done, continuing...
2067515000 >> Requesting for the AHB bus...
2068290000 >> AHB granted, starting recovery...
2087490000 >> Recovery done, continuing...
2088190000 >> Requesting for the AHB bus...
2088965000 >> AHB granted, starting recovery...
2108165000 >> Recovery done, continuing...
2108865000 >> Requesting for the AHB bus...
2109640000 >> AHB granted, starting recovery...
2128840000 >> Recovery done, continuing...
2129540000 >> Requesting for the AHB bus...
2130315000 >> AHB granted, starting recovery...
2149515000 >> Recovery done, continuing...
2150215000 >> Requesting for the AHB bus...
2150990000 >> AHB granted, starting recovery...
2170190000 >> Recovery done, continuing...
2170890000 >> Requesting for the AHB bus...
2171665000 >> AHB granted, starting recovery...
2190865000 >> Recovery done, continuing...
2191565000 >> Requesting for the AHB bus...
2192340000 >> AHB granted, starting recovery...
2211540000 >> Recovery done, continuing...
2212240000 >> Requesting for the AHB bus...
2213015000 >> AHB granted, starting recovery...
2232215000 >> Recovery done, continuing...
2232915000 >> Requesting for the AHB bus...
2233690000 >> AHB granted, starting recovery...
2252890000 >> Recovery done, continuing...
2253765000 >> Requesting for the AHB bus...
2254540000 >> AHB granted, starting recovery...
2273740000 >> Recovery done, continuing...
2274440000 >> Requesting for the AHB bus...
2275215000 >> AHB granted, starting recovery...
2294415000 >> Recovery done, continuing...
2295115000 >> Requesting for the AHB bus...
2295890000 >> AHB granted, starting recovery...
2315090000 >> Recovery done, continuing...
2315790000 >> Requesting for the AHB bus...
2316565000 >> AHB granted, starting recovery...
2335765000 >> Recovery done, continuing...
2336465000 >> Requesting for the AHB bus...
2337390000 >> AHB granted, starting recovery...
2356590000 >> Recovery done, continuing...
2357290000 >> Requesting for the AHB bus...
2358065000 >> AHB granted, starting recovery...
2377265000 >> Recovery done, continuing...
2377965000 >> Requesting for the AHB bus...
2378740000 >> AHB granted, starting recovery...
2397940000 >> Recovery done, continuing...
2398640000 >> Requesting for the AHB bus...
2399415000 >> AHB granted, starting recovery...
2418615000 >> Recovery done, continuing...
2419315000 >> Requesting for the AHB bus...
2420090000 >> AHB granted, starting recovery...
2439290000 >> Recovery done, continuing...
2439990000 >> Requesting for the AHB bus...
2440765000 >> AHB granted, starting recovery...
2459965000 >> Recovery done, continuing...
2460665000 >> Requesting for the AHB bus...
2461440000 >> AHB granted, starting recovery...
2480640000 >> Recovery done, continuing...
2481340000 >> Requesting for the AHB bus...
2482115000 >> AHB granted, starting recovery...
2501315000 >> Recovery done, continuing...
2502015000 >> Requesting for the AHB bus...
2502790000 >> AHB granted, starting recovery...
2521990000 >> Recovery done, continuing...
2522740000 >> Requesting for the AHB bus...
2523515000 >> AHB granted, starting recovery...
2542715000 >> Recovery done, continuing...
2543415000 >> Requesting for the AHB bus...
2544190000 >> AHB granted, starting recovery...
2563390000 >> Recovery done, continuing...
2564090000 >> Requesting for the AHB bus...
2564865000 >> AHB granted, starting recovery...
2584065000 >> Recovery done, continuing...
2584765000 >> Requesting for the AHB bus...
2585540000 >> AHB granted, starting recovery...
2604740000 >> Recovery done, continuing...
2605615000 >> Requesting for the AHB bus...
2606390000 >> AHB granted, starting recovery...
2625590000 >> Recovery done, continuing...
2626290000 >> Requesting for the AHB bus...
2627065000 >> AHB granted, starting recovery...
2646265000 >> Recovery done, continuing...
2646965000 >> Requesting for the AHB bus...
2647740000 >> AHB granted, starting recovery...
2666940000 >> Recovery done, continuing...
2667640000 >> Requesting for the AHB bus...
2668415000 >> AHB granted, starting recovery...
2687615000 >> Recovery done, continuing...
2688315000 >> Requesting for the AHB bus...
2689090000 >> AHB granted, starting recovery...
2708290000 >> Recovery done, continuing...
2708990000 >> Requesting for the AHB bus...
2709765000 >> AHB granted, starting recovery...
2728965000 >> Recovery done, continuing...
2729665000 >> Requesting for the AHB bus...
2730440000 >> AHB granted, starting recovery...
2749640000 >> Recovery done, continuing...
2750340000 >> Requesting for the AHB bus...
2751115000 >> AHB granted, starting recovery...
2770315000 >> Recovery done, continuing...
2771015000 >> Requesting for the AHB bus...
2771790000 >> AHB granted, starting recovery...
2790990000 >> Recovery done, continuing...
2791690000 >> Requesting for the AHB bus...
2792465000 >> AHB granted, starting recovery...
2811665000 >> Recovery done, continuing...
2812365000 >> Requesting for the AHB bus...
2813140000 >> AHB granted, starting recovery...
2832340000 >> Recovery done, continuing...
2833040000 >> Requesting for the AHB bus...
2833815000 >> AHB granted, starting recovery...
2853015000 >> Recovery done, continuing...
2853715000 >> Requesting for the AHB bus...
2854490000 >> AHB granted, starting recovery...
2873690000 >> Recovery done, continuing...
2874565000 >> Requesting for the AHB bus...
2875340000 >> AHB granted, starting recovery...
2894540000 >> Recovery done, continuing...
2895240000 >> Requesting for the AHB bus...
2896015000 >> AHB granted, starting recovery...
2899665000 >> time limit reached...
/testbench/cpu/l3/u0/leon3x0/vhdl/p0/iu/r.w.wreg:1
/testbench/cpu/l3/u0/leon3x0/vhdl/p0/iu/r.m.irqen:1
/testbench/cpu/l3/u0/leon3x0/vhdl/p0/iu/r.m.icc:1001
/testbench/cpu/l3/u0/leon3x0/vhdl/p0/iu/r.a.ticc:0
/testbench/cpu/l3/u0/leon3x0/vhdl/p0/iu/r.a.step:0
/testbench/cpu/l3/u0/leon3x0/vhdl/p0/iu/r.m.irqen2:1
/testbench/cpu/l3/u0/leon3x0/vhdl/p0/iu/r.d.pc:01000000000000000000001001000000
/testbench/cpu/l3/u0/leon3x0/vhdl/p0/iu/r.d.rexpl:{{00000000000000000000000000000000} {00} {0} 0 0 {0000000000000000000} 0 0 0 0 0 0}
/testbench/cpu/l3/u0/leon3x0/vhdl/p0/iu/r.d.mexc:0
/testbench/cpu/l3/u0/leon3x0/vhdl/p0/iu/r.a.aw:0
/testbench/cpu/l3/u0/leon3x0/vhdl/p0/iu/r.e.ctrl:{{01000000000000000000001000111100} {11000010000001111011111111111100} {00} {10000001} {000000} 0 0 1 0 0 1 1 0 0}
/testbench/cpu/l3/u0/leon3x0/vhdl/p0/iu/r.a.divstart:0
/testbench/cpu/l3/u0/leon3x0/vhdl/p0/iu/r.e.shleft:0
/testbench/cpu/l3/u0/leon3x0/vhdl/p0/iu/r.a.bp:0
/testbench/cpu/l3/u0/leon3x0/vhdl/p0/iu/r.w.twcwp:000
/testbench/cpu/l3/u0/leon3x0/vhdl/p0/iu/r.a.jmpl:0
/testbench/cpu/l3/u0/leon3x0/vhdl/p0/iu/r.m.casa:0
/testbench/cpu/l3/u0/leon3x0/vhdl/p0/iu/r.m.werr:0
/testbench/cpu/l3/u0/leon3x0/vhdl/p0/iu/r.e.su:1
/testbench/cpu/l3/u0/leon3x0/vhdl/p0/iu/r.e.et:1
/testbench/cpu/l3/u0/leon3x0/vhdl/p0/iu/r.a.ldcheck1:1
/testbench/cpu/l3/u0/leon3x0/vhdl/p0/iu/r.d.stwin:000
/testbench/cpu/l3/u0/leon3x0/vhdl/p0/iu/r.a.ldcheck2:0
/testbench/cpu/l3/u0/leon3x0/vhdl/p0/iu/r.x.intack:0
/testbench/cpu/l3/u0/leon3x0/vhdl/p0/iu/r.m.ctrl:{{01000000000000000000001000111000} {11000010001001111011111111111100} {01} {10000001} {000000} 0 0 0 0 0 0 0 0 0}
/testbench/cpu/l3/u0/leon3x0/vhdl/p0/iu/r.a.cwp:101
/testbench/cpu/l3/u0/leon3x0/vhdl/p0/iu/r.e.sari:0
/testbench/cpu/l3/u0/leon3x0/vhdl/p0/iu/r.d.paw:0
/testbench/cpu/l3/u0/leon3x0/vhdl/p0/iu/r.d.aw:0
/testbench/cpu/l3/u0/leon3x0/vhdl/p0/iu/r.d.awp:000
/testbench/cpu/l3/u0/leon3x0/vhdl/p0/iu/r.x.ctrl:{{01000000000000000000001000111000} {11000010001001111011111111111100} {00} {10000001} {000000} 0 0 0 0 0 0 1 0 0}
/testbench/cpu/l3/u0/leon3x0/vhdl/p0/iu/r.m.rexnalign:0
/testbench/cpu/l3/u0/leon3x0/vhdl/p0/iu/r.m.su:1
/testbench/cpu/l3/u0/leon3x0/vhdl/p0/iu/r.m.wcwp:0
/testbench/cpu/l3/u0/leon3x0/vhdl/p0/iu/r.d.divrdy:0
/testbench/cpu/l3/u0/leon3x0/vhdl/p0/iu/r.e.cwp:101
/testbench/cpu/l3/u0/leon3x0/vhdl/p0/iu/r.w.except:0
/testbench/cpu/l3/u0/leon3x0/vhdl/p0/iu/r.x.nerror:0
/testbench/cpu/l3/u0/leon3x0/vhdl/p0/iu/r.a.bpimiss:0
/testbench/cpu/l3/u0/leon3x0/vhdl/p0/iu/r.a.nobp:0
/testbench/cpu/l3/u0/leon3x0/vhdl/p0/iu/r.d.rexcnt:0
/testbench/cpu/l3/u0/leon3x0/vhdl/p0/iu/r.w.s:{{101} {1001} {00000000} {01000000000000000000} {00000010} {0000} 0 0 1 1 1 {00000000000000000000000000000000} {UUUUUUUUUUUUUUUUUUUUUUUUUUUUUUUU} 1 0 0 1 1 1 0 0 {000} {000} {111}}
/testbench/cpu/l3/u0/leon3x0/vhdl/p0/iu/r.d.pv:1
/testbench/cpu/l3/u0/leon3x0/vhdl/p0/iu/r.a.ldchkra:1
/testbench/cpu/l3/u0/leon3x0/vhdl/p0/iu/r.a.rfa1:10000001
/testbench/cpu/l3/u0/leon3x0/vhdl/p0/iu/r.a.rfa2:10000011
/testbench/cpu/l3/u0/leon3x0/vhdl/p0/iu/r.a.imm:00000000000000000000000000000011
/testbench/cpu/l3/u0/leon3x0/vhdl/p0/iu/r.w.wa:10000001
/testbench/cpu/l3/u0/leon3x0/vhdl/p0/iu/r.m.casaz:0
/testbench/cpu/l3/u0/leon3x0/vhdl/p0/iu/r.x.dci:{0 1 0 0 0 0 {10} {00001011}}
/testbench/cpu/l3/u0/leon3x0/vhdl/p0/iu/r.x.mac:0
/testbench/cpu/l3/u0/leon3x0/vhdl/p0/iu/r.m.divz:0
/testbench/cpu/l3/u0/leon3x0/vhdl/p0/iu/r.d.inst:{{10000000101000000110000000000011}}
/testbench/cpu/l3/u0/leon3x0/vhdl/p0/iu/r.e.rfe1:1
/testbench/cpu/l3/u0/leon3x0/vhdl/p0/iu/r.a.wovf:0
/testbench/cpu/l3/u0/leon3x0/vhdl/p0/iu/r.e.rfe2:0
/testbench/cpu/l3/u0/leon3x0/vhdl/p0/iu/r.e.op1:01000000000011111111111010011000
/testbench/cpu/l3/u0/leon3x0/vhdl/p0/iu/r.m.nalign:1
/testbench/cpu/l3/u0/leon3x0/vhdl/p0/iu/r.e.op2:11111111111111111111111111111100
/testbench/cpu/l3/u0/leon3x0/vhdl/p0/iu/r.d.rexen:0
/testbench/cpu/l3/u0/leon3x0/vhdl/p0/iu/r.a.ctrl:{{01000000000000000000001001000000} {10000000101000000110000000000011} {00} {10000000} {000000} 0 1 0 0 0 0 0 0 0}
/testbench/cpu/l3/u0/leon3x0/vhdl/p0/iu/r.x.ipend:0
/testbench/cpu/l3/u0/leon3x0/vhdl/p0/iu/r.e.ldbp1:0
/testbench/cpu/l3/u0/leon3x0/vhdl/p0/iu/r.e.aluadd:1
/testbench/cpu/l3/u0/leon3x0/vhdl/p0/iu/r.d.set:0
/testbench/cpu/l3/u0/leon3x0/vhdl/p0/iu/r.d.inull:0
/testbench/cpu/l3/u0/leon3x0/vhdl/p0/iu/r.e.ldbp2:0
/testbench/cpu/l3/u0/leon3x0/vhdl/p0/iu/r.d.cnt:00
/testbench/cpu/l3/u0/leon3x0/vhdl/p0/iu/r.a.su:1
/testbench/cpu/l3/u0/leon3x0/vhdl/p0/iu/r.a.et:1
/testbench/cpu/l3/u0/leon3x0/vhdl/p0/iu/r.e.mul:0
/testbench/cpu/l3/u0/leon3x0/vhdl/p0/iu/r.e.alusel:00
/testbench/cpu/l3/u0/leon3x0/vhdl/p0/iu/r.e.aw:U
/testbench/cpu/l3/u0/leon3x0/vhdl/p0/iu/r.e.mac:0
/testbench/cpu/l3/u0/leon3x0/vhdl/p0/iu/r.a.decill:0
/testbench/cpu/l3/u0/leon3x0/vhdl/p0/iu/r.x.icc:1001
/testbench/cpu/l3/u0/leon3x0/vhdl/p0/iu/r.x.result:01000000000011111111111010010100
/testbench/cpu/l3/u0/leon3x0/vhdl/p0/iu/r.e.bp:0
/testbench/cpu/l3/u0/leon3x0/vhdl/p0/iu/r.a.rs1:00001
/testbench/cpu/l3/u0/leon3x0/vhdl/p0/iu/r.e.jmpl:0
/testbench/cpu/l3/u0/leon3x0/vhdl/p0/iu/r.a.rsel1:001
/testbench/cpu/l3/u0/leon3x0/vhdl/p0/iu/r.x.y:00000000000000000000000000000000
/testbench/cpu/l3/u0/leon3x0/vhdl/p0/iu/r.a.rsel2:100
/testbench/cpu/l3/u0/leon3x0/vhdl/p0/iu/r.a.awp:000
/testbench/cpu/l3/u0/leon3x0/vhdl/p0/iu/r.a.paw:0
/testbench/cpu/l3/u0/leon3x0/vhdl/p0/iu/r.x.data:{{00000000000000000000000000000000}}
/testbench/cpu/l3/u0/leon3x0/vhdl/p0/iu/r.m.mul:0
/testbench/cpu/l3/u0/leon3x0/vhdl/p0/iu/r.e.rd:UUUUU
/testbench/cpu/l3/u0/leon3x0/vhdl/p0/iu/r.e.invop2:0
/testbench/cpu/l3/u0/leon3x0/vhdl/p0/iu/r.m.wawp:0
/testbench/cpu/l3/u0/leon3x0/vhdl/p0/iu/r.d.cwpmax:111
/testbench/cpu/l3/u0/leon3x0/vhdl/p0/iu/r.f.branch:0
/testbench/cpu/l3/u0/leon3x0/vhdl/p0/iu/r.d.pcheld:1
/testbench/cpu/l3/u0/leon3x0/vhdl/p0/iu/r.m.dci:{0 0 0 1 0 0 {10} {00001011}}
/testbench/cpu/l3/u0/leon3x0/vhdl/p0/iu/r.e.paw:U
/testbench/cpu/l3/u0/leon3x0/vhdl/p0/iu/r.e.awp:UUU
/testbench/cpu/l3/u0/leon3x0/vhdl/p0/iu/r.e.shcnt:11100
/testbench/cpu/l3/u0/leon3x0/vhdl/p0/iu/r.w.result:00000000000000000000000000000001
/testbench/cpu/l3/u0/leon3x0/vhdl/p0/iu/r.m.mac:0
/testbench/cpu/l3/u0/leon3x0/vhdl/p0/iu/r.m.y:00000000000000000000000000000000
/testbench/cpu/l3/u0/leon3x0/vhdl/p0/iu/r.d.cwp:101
/testbench/cpu/l3/u0/leon3x0/vhdl/p0/iu/r.x.laddr:00
/testbench/cpu/l3/u0/leon3x0/vhdl/p0/iu/r.e.mulstep:0
/testbench/cpu/l3/u0/leon3x0/vhdl/p0/iu/r.e.ymsb:0
/testbench/cpu/l3/u0/leon3x0/vhdl/p0/iu/r.d.rexbuf:00000000000000000000000000000000
/testbench/cpu/l3/u0/leon3x0/vhdl/p0/iu/r.x.npc:100
/testbench/cpu/l3/u0/leon3x0/vhdl/p0/iu/r.f.pc:01000000000000000000001001000100
/testbench/cpu/l3/u0/leon3x0/vhdl/p0/iu/r.d.annul:0
/testbench/cpu/l3/u0/leon3x0/vhdl/p0/iu/r.x.rstate:run
/testbench/cpu/l3/u0/leon3x0/vhdl/p0/iu/r.x.set:0
/testbench/cpu/l3/u0/leon3x0/vhdl/p0/iu/r.m.result:00000000000000000000000000000001
/testbench/cpu/l3/u0/leon3x0/vhdl/p0/iu/r.e.icc:UUUU
/testbench/cpu/l3/u0/leon3x0/vhdl/p0/iu/r.a.getpc:0
/testbench/cpu/l3/u0/leon3x0/vhdl/p0/iu/r.a.ldchkex:1
/testbench/cpu/l3/u0/leon3x0/vhdl/p0/iu/r.x.mexc:0
/testbench/cpu/l3/u0/leon3x0/vhdl/p0/iu/r.a.mulstart:0
/testbench/cpu/l3/u0/leon3x0/vhdl/p0/iu/r.d.rexpos:10
/testbench/cpu/l3/u0/leon3x0/vhdl/p0/iu/r.x.annul_all:0
/testbench/cpu/l3/u0/leon3x0/vhdl/p0/iu/r.e.aluop:000
/testbench/cpu/l3/u0/leon3x0/vhdl/p0/iu/r.x.debug:0
/testbench/cpu/l3/u0/leon3x0/vhdl/p0/iu/r.a.rfe1:0
/testbench/cpu/l3/u0/leon3x0/vhdl/p0/iu/r.d.step:0
/testbench/cpu/l3/u0/leon3x0/vhdl/p0/iu/r.a.rfe2:0
/testbench/cpu/l3/u0/leon3x0/vhdl/p0/iu/r.e.alucin:0
/testbench/cpu/l3/u0/leon3x0/vhdl/p0/iu/r.a.wunf:0
======================================
progstatus: -2
execerr: 69
latent: 1
time limit!
>>>>>>>>>>>>>>> 2899665000
======================================
