Test signal = /testbench/cpu/l3/u0/leon3x0/vhdl/p0/iu/r.m.wcwp
oldval = 0
pos1: -1 pos0: 0 posU: -1
newval = 1
Signal value: 0
oldval = 0
pos1: -1 pos0: 0 posU: -1
newval = 1
force in 180660
584840000 >> iteration no: 0
761640000 >> Requesting for the AHB bus...
762815000 >> AHB granted, starting recovery...
762865000 >> Requesting for the AHB bus...
782015000 >> Recovery done, continuing...
782715000 >> Requesting for the AHB bus...
783490000 >> AHB granted, starting recovery...
802690000 >> Recovery done, continuing...
803390000 >> Requesting for the AHB bus...
804165000 >> AHB granted, starting recovery...
823365000 >> Recovery done, continuing...
824065000 >> Requesting for the AHB bus...
824840000 >> AHB granted, starting recovery...
844040000 >> Recovery done, continuing...
844740000 >> Requesting for the AHB bus...
845515000 >> AHB granted, starting recovery...
864715000 >> Recovery done, continuing...
865415000 >> Requesting for the AHB bus...
866190000 >> AHB granted, starting recovery...
885390000 >> Recovery done, continuing...
886090000 >> Requesting for the AHB bus...
886865000 >> AHB granted, starting recovery...
906065000 >> Recovery done, continuing...
906765000 >> Requesting for the AHB bus...
907540000 >> AHB granted, starting recovery...
926740000 >> Recovery done, continuing...
927440000 >> Requesting for the AHB bus...
928215000 >> AHB granted, starting recovery...
947415000 >> Recovery done, continuing...
948290000 >> Requesting for the AHB bus...
949065000 >> AHB granted, starting recovery...
968265000 >> Recovery done, continuing...
968965000 >> Requesting for the AHB bus...
969740000 >> AHB granted, starting recovery...
988940000 >> Recovery done, continuing...
989640000 >> Requesting for the AHB bus...
990415000 >> AHB granted, starting recovery...
1009615000 >> Recovery done, continuing...
1010315000 >> Requesting for the AHB bus...
1011090000 >> AHB granted, starting recovery...
1030290000 >> Recovery done, continuing...
1030990000 >> Requesting for the AHB bus...
1031915000 >> AHB granted, starting recovery...
1051115000 >> Recovery done, continuing...
1051815000 >> Requesting for the AHB bus...
1052590000 >> AHB granted, starting recovery...
1071790000 >> Recovery done, continuing...
1072490000 >> Requesting for the AHB bus...
1073265000 >> AHB granted, starting recovery...
1092465000 >> Recovery done, continuing...
1093165000 >> Requesting for the AHB bus...
1093940000 >> AHB granted, starting recovery...
1113140000 >> Recovery done, continuing...
1113840000 >> Requesting for the AHB bus...
1114615000 >> AHB granted, starting recovery...
1133815000 >> Recovery done, continuing...
1134515000 >> Requesting for the AHB bus...
1135290000 >> AHB granted, starting recovery...
1154490000 >> Recovery done, continuing...
1155190000 >> Requesting for the AHB bus...
1155965000 >> AHB granted, starting recovery...
1175165000 >> Recovery done, continuing...
1175865000 >> Requesting for the AHB bus...
1176640000 >> AHB granted, starting recovery...
1195840000 >> Recovery done, continuing...
1196540000 >> Requesting for the AHB bus...
1197315000 >> AHB granted, starting recovery...
1216515000 >> Recovery done, continuing...
1217215000 >> Requesting for the AHB bus...
1217990000 >> AHB granted, starting recovery...
1237190000 >> Recovery done, continuing...
1237890000 >> Requesting for the AHB bus...
1238665000 >> AHB granted, starting recovery...
1257865000 >> Recovery done, continuing...
1258565000 >> Requesting for the AHB bus...
1259340000 >> AHB granted, starting recovery...
1278540000 >> Recovery done, continuing...
1279240000 >> Requesting for the AHB bus...
1280015000 >> AHB granted, starting recovery...
1299215000 >> Recovery done, continuing...
1300090000 >> Requesting for the AHB bus...
1300865000 >> AHB granted, starting recovery...
1320065000 >> Recovery done, continuing...
1320765000 >> Requesting for the AHB bus...
1321540000 >> AHB granted, starting recovery...
1340740000 >> Recovery done, continuing...
1341440000 >> Requesting for the AHB bus...
1342215000 >> AHB granted, starting recovery...
1361415000 >> Recovery done, continuing...
1362115000 >> Requesting for the AHB bus...
1362890000 >> AHB granted, starting recovery...
1382090000 >> Recovery done, continuing...
1382790000 >> Requesting for the AHB bus...
1383715000 >> AHB granted, starting recovery...
1402915000 >> Recovery done, continuing...
1403615000 >> Requesting for the AHB bus...
1404390000 >> AHB granted, starting recovery...
1423590000 >> Recovery done, continuing...
1424290000 >> Requesting for the AHB bus...
1425065000 >> AHB granted, starting recovery...
1444265000 >> Recovery done, continuing...
1444965000 >> Requesting for the AHB bus...
1445740000 >> AHB granted, starting recovery...
1464940000 >> Recovery done, continuing...
1465640000 >> Requesting for the AHB bus...
1466415000 >> AHB granted, starting recovery...
1485615000 >> Recovery done, continuing...
1486315000 >> Requesting for the AHB bus...
1487090000 >> AHB granted, starting recovery...
1506290000 >> Recovery done, continuing...
1506990000 >> Requesting for the AHB bus...
1507765000 >> AHB granted, starting recovery...
1526965000 >> Recovery done, continuing...
1527665000 >> Requesting for the AHB bus...
1528440000 >> AHB granted, starting recovery...
1547640000 >> Recovery done, continuing...
1548340000 >> Requesting for the AHB bus...
1549115000 >> AHB granted, starting recovery...
1568315000 >> Recovery done, continuing...
1569140000 >> Requesting for the AHB bus...
1569915000 >> AHB granted, starting recovery...
1589115000 >> Recovery done, continuing...
1589815000 >> Requesting for the AHB bus...
1590590000 >> AHB granted, starting recovery...
1609790000 >> Recovery done, continuing...
1610490000 >> Requesting for the AHB bus...
1611265000 >> AHB granted, starting recovery...
1630465000 >> Recovery done, continuing...
1631165000 >> Requesting for the AHB bus...
1631940000 >> AHB granted, starting recovery...
1651140000 >> Recovery done, continuing...
1652015000 >> Requesting for the AHB bus...
1652790000 >> AHB granted, starting recovery...
1671990000 >> Recovery done, continuing...
1672690000 >> Requesting for the AHB bus...
1673465000 >> AHB granted, starting recovery...
1692665000 >> Recovery done, continuing...
1693365000 >> Requesting for the AHB bus...
1694140000 >> AHB granted, starting recovery...
1713340000 >> Recovery done, continuing...
1714040000 >> Requesting for the AHB bus...
1714815000 >> AHB granted, starting recovery...
1734015000 >> Recovery done, continuing...
1734715000 >> Requesting for the AHB bus...
1735490000 >> AHB granted, starting recovery...
1754690000 >> Recovery done, continuing...
1755390000 >> Requesting for the AHB bus...
1756165000 >> AHB granted, starting recovery...
1775365000 >> Recovery done, continuing...
1776065000 >> Requesting for the AHB bus...
1776840000 >> AHB granted, starting recovery...
1796040000 >> Recovery done, continuing...
1796740000 >> Requesting for the AHB bus...
1797515000 >> AHB granted, starting recovery...
1816715000 >> Recovery done, continuing...
1817415000 >> Requesting for the AHB bus...
1818190000 >> AHB granted, starting recovery...
1837390000 >> Recovery done, continuing...
1838090000 >> Requesting for the AHB bus...
1838865000 >> AHB granted, starting recovery...
1858065000 >> Recovery done, continuing...
1858765000 >> Requesting for the AHB bus...
1859540000 >> AHB granted, starting recovery...
1878740000 >> Recovery done, continuing...
1879440000 >> Requesting for the AHB bus...
1880215000 >> AHB granted, starting recovery...
1899415000 >> Recovery done, continuing...
1900115000 >> Requesting for the AHB bus...
1900890000 >> AHB granted, starting recovery...
1920090000 >> Recovery done, continuing...
1920965000 >> Requesting for the AHB bus...
1921740000 >> AHB granted, starting recovery...
1940940000 >> Recovery done, continuing...
1941640000 >> Requesting for the AHB bus...
1942415000 >> AHB granted, starting recovery...
1961615000 >> Recovery done, continuing...
1962315000 >> Requesting for the AHB bus...
1963090000 >> AHB granted, starting recovery...
1982290000 >> Recovery done, continuing...
1982990000 >> Requesting for the AHB bus...
1983765000 >> AHB granted, starting recovery...
2002965000 >> Recovery done, continuing...
2003665000 >> Requesting for the AHB bus...
2004590000 >> AHB granted, starting recovery...
2023790000 >> Recovery done, continuing...
2024490000 >> Requesting for the AHB bus...
2025265000 >> AHB granted, starting recovery...
2044465000 >> Recovery done, continuing...
2045165000 >> Requesting for the AHB bus...
2045940000 >> AHB granted, starting recovery...
2065140000 >> Recovery done, continuing...
2065840000 >> Requesting for the AHB bus...
2066615000 >> AHB granted, starting recovery...
2085815000 >> Recovery done, continuing...
2086515000 >> Requesting for the AHB bus...
2087290000 >> AHB granted, starting recovery...
2106490000 >> Recovery done, continuing...
2107190000 >> Requesting for the AHB bus...
2107965000 >> AHB granted, starting recovery...
2127165000 >> Recovery done, continuing...
2127865000 >> Requesting for the AHB bus...
2128640000 >> AHB granted, starting recovery...
2147840000 >> Recovery done, continuing...
2148540000 >> Requesting for the AHB bus...
2149315000 >> AHB granted, starting recovery...
2168515000 >> Recovery done, continuing...
2169215000 >> Requesting for the AHB bus...
2169990000 >> AHB granted, starting recovery...
2189190000 >> Recovery done, continuing...
2189940000 >> Requesting for the AHB bus...
2190715000 >> AHB granted, starting recovery...
2209915000 >> Recovery done, continuing...
2210615000 >> Requesting for the AHB bus...
2211390000 >> AHB granted, starting recovery...
2230590000 >> Recovery done, continuing...
2231290000 >> Requesting for the AHB bus...
2232065000 >> AHB granted, starting recovery...
2251265000 >> Recovery done, continuing...
2251965000 >> Requesting for the AHB bus...
2252740000 >> AHB granted, starting recovery...
2271940000 >> Recovery done, continuing...
2272815000 >> Requesting for the AHB bus...
2273590000 >> AHB granted, starting recovery...
2292790000 >> Recovery done, continuing...
2293490000 >> Requesting for the AHB bus...
2294265000 >> AHB granted, starting recovery...
2313465000 >> Recovery done, continuing...
2314165000 >> Requesting for the AHB bus...
2314940000 >> AHB granted, starting recovery...
2334140000 >> Recovery done, continuing...
2334840000 >> Requesting for the AHB bus...
2335615000 >> AHB granted, starting recovery...
2354815000 >> Recovery done, continuing...
2355515000 >> Requesting for the AHB bus...
2356290000 >> AHB granted, starting recovery...
2375490000 >> Recovery done, continuing...
2376190000 >> Requesting for the AHB bus...
2376965000 >> AHB granted, starting recovery...
2396165000 >> Recovery done, continuing...
2396865000 >> Requesting for the AHB bus...
2397640000 >> AHB granted, starting recovery...
2416840000 >> Recovery done, continuing...
2417540000 >> Requesting for the AHB bus...
2418315000 >> AHB granted, starting recovery...
2437515000 >> Recovery done, continuing...
2438215000 >> Requesting for the AHB bus...
2438990000 >> AHB granted, starting recovery...
2458190000 >> Recovery done, continuing...
2458890000 >> Requesting for the AHB bus...
2459665000 >> AHB granted, starting recovery...
2478865000 >> Recovery done, continuing...
2479565000 >> Requesting for the AHB bus...
2480340000 >> AHB granted, starting recovery...
2499540000 >> Recovery done, continuing...
2500240000 >> Requesting for the AHB bus...
2501015000 >> AHB granted, starting recovery...
2520215000 >> Recovery done, continuing...
2520915000 >> Requesting for the AHB bus...
2521690000 >> AHB granted, starting recovery...
2540890000 >> Recovery done, continuing...
2541765000 >> Requesting for the AHB bus...
2542540000 >> AHB granted, starting recovery...
2561740000 >> Recovery done, continuing...
2562440000 >> Requesting for the AHB bus...
2563215000 >> AHB granted, starting recovery...
2582415000 >> Recovery done, continuing...
2583115000 >> Requesting for the AHB bus...
2583890000 >> AHB granted, starting recovery...
2603090000 >> Recovery done, continuing...
2603790000 >> Requesting for the AHB bus...
2604565000 >> AHB granted, starting recovery...
2623765000 >> Recovery done, continuing...
2624465000 >> Requesting for the AHB bus...
2625390000 >> AHB granted, starting recovery...
2644590000 >> Recovery done, continuing...
2645290000 >> Requesting for the AHB bus...
2646065000 >> AHB granted, starting recovery...
2665265000 >> Recovery done, continuing...
2665965000 >> Requesting for the AHB bus...
2666740000 >> AHB granted, starting recovery...
2685940000 >> Recovery done, continuing...
2686640000 >> Requesting for the AHB bus...
2687415000 >> AHB granted, starting recovery...
2706615000 >> Recovery done, continuing...
2707315000 >> Requesting for the AHB bus...
2708090000 >> AHB granted, starting recovery...
2727290000 >> Recovery done, continuing...
2727990000 >> Requesting for the AHB bus...
2728765000 >> AHB granted, starting recovery...
2747965000 >> Recovery done, continuing...
2748665000 >> Requesting for the AHB bus...
2749440000 >> AHB granted, starting recovery...
2768640000 >> Recovery done, continuing...
2769340000 >> Requesting for the AHB bus...
2770115000 >> AHB granted, starting recovery...
2789315000 >> Recovery done, continuing...
2790015000 >> Requesting for the AHB bus...
2790790000 >> AHB granted, starting recovery...
2809990000 >> Recovery done, continuing...
2810740000 >> Requesting for the AHB bus...
2811515000 >> AHB granted, starting recovery...
2830715000 >> Recovery done, continuing...
2831415000 >> Requesting for the AHB bus...
2832190000 >> AHB granted, starting recovery...
2851390000 >> Recovery done, continuing...
2852090000 >> Requesting for the AHB bus...
2852865000 >> AHB granted, starting recovery...
2872065000 >> Recovery done, continuing...
2872765000 >> Requesting for the AHB bus...
2873540000 >> AHB granted, starting recovery...
2892740000 >> Recovery done, continuing...
2893615000 >> Requesting for the AHB bus...
2894390000 >> AHB granted, starting recovery...
2899665000 >> time limit reached...
/testbench/cpu/l3/u0/leon3x0/vhdl/p0/iu/r.w.wreg:1
/testbench/cpu/l3/u0/leon3x0/vhdl/p0/iu/r.m.irqen:1
/testbench/cpu/l3/u0/leon3x0/vhdl/p0/iu/r.m.icc:1001
/testbench/cpu/l3/u0/leon3x0/vhdl/p0/iu/r.a.ticc:0
/testbench/cpu/l3/u0/leon3x0/vhdl/p0/iu/r.a.step:0
/testbench/cpu/l3/u0/leon3x0/vhdl/p0/iu/r.m.irqen2:1
/testbench/cpu/l3/u0/leon3x0/vhdl/p0/iu/r.d.pc:01000000000000000000001001000000
/testbench/cpu/l3/u0/leon3x0/vhdl/p0/iu/r.d.rexpl:{{00000000000000000000000000000000} {00} {0} 0 0 {0000000000000000000} 0 0 0 0 0 0}
/testbench/cpu/l3/u0/leon3x0/vhdl/p0/iu/r.d.mexc:0
/testbench/cpu/l3/u0/leon3x0/vhdl/p0/iu/r.a.aw:0
/testbench/cpu/l3/u0/leon3x0/vhdl/p0/iu/r.e.ctrl:{{01000000000000000000001000111100} {11000010000001111011111111111100} {00} {10000001} {000000} 0 0 1 0 0 1 1 0 0}
/testbench/cpu/l3/u0/leon3x0/vhdl/p0/iu/r.a.divstart:0
/testbench/cpu/l3/u0/leon3x0/vhdl/p0/iu/r.e.shleft:0
/testbench/cpu/l3/u0/leon3x0/vhdl/p0/iu/r.a.bp:0
/testbench/cpu/l3/u0/leon3x0/vhdl/p0/iu/r.w.twcwp:000
/testbench/cpu/l3/u0/leon3x0/vhdl/p0/iu/r.a.jmpl:0
/testbench/cpu/l3/u0/leon3x0/vhdl/p0/iu/r.m.casa:0
/testbench/cpu/l3/u0/leon3x0/vhdl/p0/iu/r.m.werr:0
/testbench/cpu/l3/u0/leon3x0/vhdl/p0/iu/r.e.su:1
/testbench/cpu/l3/u0/leon3x0/vhdl/p0/iu/r.e.et:1
/testbench/cpu/l3/u0/leon3x0/vhdl/p0/iu/r.a.ldcheck1:1
/testbench/cpu/l3/u0/leon3x0/vhdl/p0/iu/r.d.stwin:000
/testbench/cpu/l3/u0/leon3x0/vhdl/p0/iu/r.a.ldcheck2:0
/testbench/cpu/l3/u0/leon3x0/vhdl/p0/iu/r.x.intack:0
/testbench/cpu/l3/u0/leon3x0/vhdl/p0/iu/r.m.ctrl:{{01000000000000000000001000111000} {11000010001001111011111111111100} {01} {10000001} {000000} 0 0 0 0 0 0 0 0 0}
/testbench/cpu/l3/u0/leon3x0/vhdl/p0/iu/r.a.cwp:101
/testbench/cpu/l3/u0/leon3x0/vhdl/p0/iu/r.e.sari:0
/testbench/cpu/l3/u0/leon3x0/vhdl/p0/iu/r.d.paw:0
/testbench/cpu/l3/u0/leon3x0/vhdl/p0/iu/r.d.aw:0
/testbench/cpu/l3/u0/leon3x0/vhdl/p0/iu/r.d.awp:000
/testbench/cpu/l3/u0/leon3x0/vhdl/p0/iu/r.x.ctrl:{{01000000000000000000001000111000} {11000010001001111011111111111100} {00} {10000001} {000000} 0 0 0 0 0 0 1 0 0}
/testbench/cpu/l3/u0/leon3x0/vhdl/p0/iu/r.m.rexnalign:0
/testbench/cpu/l3/u0/leon3x0/vhdl/p0/iu/r.m.su:1
/testbench/cpu/l3/u0/leon3x0/vhdl/p0/iu/r.m.wcwp:0
/testbench/cpu/l3/u0/leon3x0/vhdl/p0/iu/r.d.divrdy:0
/testbench/cpu/l3/u0/leon3x0/vhdl/p0/iu/r.e.cwp:101
/testbench/cpu/l3/u0/leon3x0/vhdl/p0/iu/r.w.except:0
/testbench/cpu/l3/u0/leon3x0/vhdl/p0/iu/r.x.nerror:0
/testbench/cpu/l3/u0/leon3x0/vhdl/p0/iu/r.a.bpimiss:0
/testbench/cpu/l3/u0/leon3x0/vhdl/p0/iu/r.a.nobp:0
/testbench/cpu/l3/u0/leon3x0/vhdl/p0/iu/r.d.rexcnt:0
/testbench/cpu/l3/u0/leon3x0/vhdl/p0/iu/r.w.s:{{101} {1001} {00000000} {01000000000000000000} {00000010} {0000} 0 0 1 1 1 {00000000000000000000000000000000} {UUUUUUUUUUUUUUUUUUUUUUUUUUUUUUUU} 1 0 0 1 1 1 0 0 {000} {000} {111}}
/testbench/cpu/l3/u0/leon3x0/vhdl/p0/iu/r.d.pv:1
/testbench/cpu/l3/u0/leon3x0/vhdl/p0/iu/r.a.ldchkra:1
/testbench/cpu/l3/u0/leon3x0/vhdl/p0/iu/r.a.rfa1:10000001
/testbench/cpu/l3/u0/leon3x0/vhdl/p0/iu/r.a.rfa2:10000011
/testbench/cpu/l3/u0/leon3x0/vhdl/p0/iu/r.a.imm:00000000000000000000000000000011
/testbench/cpu/l3/u0/leon3x0/vhdl/p0/iu/r.w.wa:10000001
/testbench/cpu/l3/u0/leon3x0/vhdl/p0/iu/r.m.casaz:0
/testbench/cpu/l3/u0/leon3x0/vhdl/p0/iu/r.x.dci:{0 1 0 0 0 0 {10} {00001011}}
/testbench/cpu/l3/u0/leon3x0/vhdl/p0/iu/r.x.mac:0
/testbench/cpu/l3/u0/leon3x0/vhdl/p0/iu/r.m.divz:0
/testbench/cpu/l3/u0/leon3x0/vhdl/p0/iu/r.d.inst:{{10000000101000000110000000000011}}
/testbench/cpu/l3/u0/leon3x0/vhdl/p0/iu/r.e.rfe1:1
/testbench/cpu/l3/u0/leon3x0/vhdl/p0/iu/r.a.wovf:0
/testbench/cpu/l3/u0/leon3x0/vhdl/p0/iu/r.e.rfe2:0
/testbench/cpu/l3/u0/leon3x0/vhdl/p0/iu/r.e.op1:01000000000011111111111010011000
/testbench/cpu/l3/u0/leon3x0/vhdl/p0/iu/r.m.nalign:1
/testbench/cpu/l3/u0/leon3x0/vhdl/p0/iu/r.e.op2:11111111111111111111111111111100
/testbench/cpu/l3/u0/leon3x0/vhdl/p0/iu/r.d.rexen:0
/testbench/cpu/l3/u0/leon3x0/vhdl/p0/iu/r.a.ctrl:{{01000000000000000000001001000000} {10000000101000000110000000000011} {00} {10000000} {000000} 0 1 0 0 0 0 0 0 0}
/testbench/cpu/l3/u0/leon3x0/vhdl/p0/iu/r.x.ipend:0
/testbench/cpu/l3/u0/leon3x0/vhdl/p0/iu/r.e.ldbp1:0
/testbench/cpu/l3/u0/leon3x0/vhdl/p0/iu/r.e.aluadd:1
/testbench/cpu/l3/u0/leon3x0/vhdl/p0/iu/r.d.set:0
/testbench/cpu/l3/u0/leon3x0/vhdl/p0/iu/r.d.inull:0
/testbench/cpu/l3/u0/leon3x0/vhdl/p0/iu/r.e.ldbp2:0
/testbench/cpu/l3/u0/leon3x0/vhdl/p0/iu/r.d.cnt:00
/testbench/cpu/l3/u0/leon3x0/vhdl/p0/iu/r.a.su:1
/testbench/cpu/l3/u0/leon3x0/vhdl/p0/iu/r.a.et:1
/testbench/cpu/l3/u0/leon3x0/vhdl/p0/iu/r.e.mul:0
/testbench/cpu/l3/u0/leon3x0/vhdl/p0/iu/r.e.alusel:00
/testbench/cpu/l3/u0/leon3x0/vhdl/p0/iu/r.e.aw:U
/testbench/cpu/l3/u0/leon3x0/vhdl/p0/iu/r.e.mac:0
/testbench/cpu/l3/u0/leon3x0/vhdl/p0/iu/r.a.decill:0
/testbench/cpu/l3/u0/leon3x0/vhdl/p0/iu/r.x.icc:1001
/testbench/cpu/l3/u0/leon3x0/vhdl/p0/iu/r.x.result:01000000000011111111111010010100
/testbench/cpu/l3/u0/leon3x0/vhdl/p0/iu/r.e.bp:0
/testbench/cpu/l3/u0/leon3x0/vhdl/p0/iu/r.a.rs1:00001
/testbench/cpu/l3/u0/leon3x0/vhdl/p0/iu/r.e.jmpl:0
/testbench/cpu/l3/u0/leon3x0/vhdl/p0/iu/r.a.rsel1:001
/testbench/cpu/l3/u0/leon3x0/vhdl/p0/iu/r.x.y:00000000000000000000000000000000
/testbench/cpu/l3/u0/leon3x0/vhdl/p0/iu/r.a.rsel2:100
/testbench/cpu/l3/u0/leon3x0/vhdl/p0/iu/r.a.awp:000
/testbench/cpu/l3/u0/leon3x0/vhdl/p0/iu/r.a.paw:0
/testbench/cpu/l3/u0/leon3x0/vhdl/p0/iu/r.x.data:{{00000000000000000000000000000000}}
/testbench/cpu/l3/u0/leon3x0/vhdl/p0/iu/r.m.mul:0
/testbench/cpu/l3/u0/leon3x0/vhdl/p0/iu/r.e.rd:UUUUU
/testbench/cpu/l3/u0/leon3x0/vhdl/p0/iu/r.e.invop2:0
/testbench/cpu/l3/u0/leon3x0/vhdl/p0/iu/r.m.wawp:0
/testbench/cpu/l3/u0/leon3x0/vhdl/p0/iu/r.d.cwpmax:111
/testbench/cpu/l3/u0/leon3x0/vhdl/p0/iu/r.f.branch:0
/testbench/cpu/l3/u0/leon3x0/vhdl/p0/iu/r.d.pcheld:1
/testbench/cpu/l3/u0/leon3x0/vhdl/p0/iu/r.m.dci:{0 0 0 1 0 0 {10} {00001011}}
/testbench/cpu/l3/u0/leon3x0/vhdl/p0/iu/r.e.paw:U
/testbench/cpu/l3/u0/leon3x0/vhdl/p0/iu/r.e.awp:UUU
/testbench/cpu/l3/u0/leon3x0/vhdl/p0/iu/r.e.shcnt:11100
/testbench/cpu/l3/u0/leon3x0/vhdl/p0/iu/r.w.result:00000000000000000000000000000001
/testbench/cpu/l3/u0/leon3x0/vhdl/p0/iu/r.m.mac:0
/testbench/cpu/l3/u0/leon3x0/vhdl/p0/iu/r.m.y:00000000000000000000000000000000
/testbench/cpu/l3/u0/leon3x0/vhdl/p0/iu/r.d.cwp:101
/testbench/cpu/l3/u0/leon3x0/vhdl/p0/iu/r.x.laddr:00
/testbench/cpu/l3/u0/leon3x0/vhdl/p0/iu/r.e.mulstep:0
/testbench/cpu/l3/u0/leon3x0/vhdl/p0/iu/r.e.ymsb:0
/testbench/cpu/l3/u0/leon3x0/vhdl/p0/iu/r.d.rexbuf:00000000000000000000000000000000
/testbench/cpu/l3/u0/leon3x0/vhdl/p0/iu/r.x.npc:100
/testbench/cpu/l3/u0/leon3x0/vhdl/p0/iu/r.f.pc:01000000000000000000001001000100
/testbench/cpu/l3/u0/leon3x0/vhdl/p0/iu/r.d.annul:0
/testbench/cpu/l3/u0/leon3x0/vhdl/p0/iu/r.x.rstate:run
/testbench/cpu/l3/u0/leon3x0/vhdl/p0/iu/r.x.set:0
/testbench/cpu/l3/u0/leon3x0/vhdl/p0/iu/r.m.result:00000000000000000000000000000001
/testbench/cpu/l3/u0/leon3x0/vhdl/p0/iu/r.e.icc:UUUU
/testbench/cpu/l3/u0/leon3x0/vhdl/p0/iu/r.a.getpc:0
/testbench/cpu/l3/u0/leon3x0/vhdl/p0/iu/r.a.ldchkex:1
/testbench/cpu/l3/u0/leon3x0/vhdl/p0/iu/r.x.mexc:0
/testbench/cpu/l3/u0/leon3x0/vhdl/p0/iu/r.a.mulstart:0
/testbench/cpu/l3/u0/leon3x0/vhdl/p0/iu/r.d.rexpos:10
/testbench/cpu/l3/u0/leon3x0/vhdl/p0/iu/r.x.annul_all:0
/testbench/cpu/l3/u0/leon3x0/vhdl/p0/iu/r.e.aluop:000
/testbench/cpu/l3/u0/leon3x0/vhdl/p0/iu/r.x.debug:0
/testbench/cpu/l3/u0/leon3x0/vhdl/p0/iu/r.a.rfe1:0
/testbench/cpu/l3/u0/leon3x0/vhdl/p0/iu/r.d.step:0
/testbench/cpu/l3/u0/leon3x0/vhdl/p0/iu/r.a.rfe2:0
/testbench/cpu/l3/u0/leon3x0/vhdl/p0/iu/r.e.alucin:0
/testbench/cpu/l3/u0/leon3x0/vhdl/p0/iu/r.a.wunf:0
======================================
progstatus: -2
execerr: 104
latent: 1
time limit!
>>>>>>>>>>>>>>> 2899665000
======================================
