Test signal = /testbench/cpu/l3/u0/leon3x0/vhdl/p0/iu/r.a.wunf
oldval = 0
pos1: -1 pos0: 0 posU: -1
newval = 1
Signal value: 0
oldval = 0
pos1: -1 pos0: 0 posU: -1
newval = 1
force in 1062270
584840000 >> iteration no: 0
1027865000 >> iteration no: 1
1470840000 >> iteration no: 2
1642815000 >> Requesting for the AHB bus...
1643390000 >> AHB granted, starting recovery...
1662590000 >> Recovery done, continuing...
1662940000 >> Requesting for the AHB bus...
1663515000 >> AHB granted, starting recovery...
1682715000 >> Recovery done, continuing...
1683065000 >> Requesting for the AHB bus...
1683640000 >> AHB granted, starting recovery...
1702840000 >> Recovery done, continuing...
1703190000 >> Requesting for the AHB bus...
1703765000 >> AHB granted, starting recovery...
1722965000 >> Recovery done, continuing...
1723315000 >> Requesting for the AHB bus...
1723890000 >> AHB granted, starting recovery...
1743090000 >> Recovery done, continuing...
1743440000 >> Requesting for the AHB bus...
1744015000 >> AHB granted, starting recovery...
1763215000 >> Recovery done, continuing...
1763565000 >> Requesting for the AHB bus...
1764140000 >> AHB granted, starting recovery...
1783340000 >> Recovery done, continuing...
1783690000 >> Requesting for the AHB bus...
1784265000 >> AHB granted, starting recovery...
1803465000 >> Recovery done, continuing...
1803815000 >> Requesting for the AHB bus...
1804390000 >> AHB granted, starting recovery...
1823590000 >> Recovery done, continuing...
1823940000 >> Requesting for the AHB bus...
1824515000 >> AHB granted, starting recovery...
1843715000 >> Recovery done, continuing...
1844065000 >> Requesting for the AHB bus...
1844640000 >> AHB granted, starting recovery...
1863840000 >> Recovery done, continuing...
1864190000 >> Requesting for the AHB bus...
1864765000 >> AHB granted, starting recovery...
1883965000 >> Recovery done, continuing...
1884315000 >> Requesting for the AHB bus...
1884890000 >> AHB granted, starting recovery...
1904090000 >> Recovery done, continuing...
1904440000 >> Requesting for the AHB bus...
1905015000 >> AHB granted, starting recovery...
1924215000 >> Recovery done, continuing...
1924565000 >> Requesting for the AHB bus...
1925140000 >> AHB granted, starting recovery...
1944340000 >> Recovery done, continuing...
1944690000 >> Requesting for the AHB bus...
1945265000 >> AHB granted, starting recovery...
1964465000 >> Recovery done, continuing...
1964815000 >> Requesting for the AHB bus...
1965390000 >> AHB granted, starting recovery...
1984590000 >> Recovery done, continuing...
1984940000 >> Requesting for the AHB bus...
1985515000 >> AHB granted, starting recovery...
2004715000 >> Recovery done, continuing...
2005065000 >> Requesting for the AHB bus...
2005640000 >> AHB granted, starting recovery...
2024840000 >> Recovery done, continuing...
2025190000 >> Requesting for the AHB bus...
2025765000 >> AHB granted, starting recovery...
2044965000 >> Recovery done, continuing...
2045315000 >> Requesting for the AHB bus...
2045890000 >> AHB granted, starting recovery...
2065090000 >> Recovery done, continuing...
2065440000 >> Requesting for the AHB bus...
2066015000 >> AHB granted, starting recovery...
2085215000 >> Recovery done, continuing...
2085565000 >> Requesting for the AHB bus...
2086140000 >> AHB granted, starting recovery...
2105340000 >> Recovery done, continuing...
2105690000 >> Requesting for the AHB bus...
2106265000 >> AHB granted, starting recovery...
2125465000 >> Recovery done, continuing...
2125815000 >> Requesting for the AHB bus...
2126390000 >> AHB granted, starting recovery...
2145590000 >> Recovery done, continuing...
2145940000 >> Requesting for the AHB bus...
2146515000 >> AHB granted, starting recovery...
2165715000 >> Recovery done, continuing...
2166065000 >> Requesting for the AHB bus...
2166640000 >> AHB granted, starting recovery...
2185840000 >> Recovery done, continuing...
2186190000 >> Requesting for the AHB bus...
2186765000 >> AHB granted, starting recovery...
2205965000 >> Recovery done, continuing...
2206315000 >> Requesting for the AHB bus...
2206890000 >> AHB granted, starting recovery...
2226090000 >> Recovery done, continuing...
2226440000 >> Requesting for the AHB bus...
2227015000 >> AHB granted, starting recovery...
2246215000 >> Recovery done, continuing...
2246565000 >> Requesting for the AHB bus...
2247140000 >> AHB granted, starting recovery...
2266340000 >> Recovery done, continuing...
2266690000 >> Requesting for the AHB bus...
2267265000 >> AHB granted, starting recovery...
2286465000 >> Recovery done, continuing...
2286815000 >> Requesting for the AHB bus...
2287390000 >> AHB granted, starting recovery...
2306590000 >> Recovery done, continuing...
2306940000 >> Requesting for the AHB bus...
2307515000 >> AHB granted, starting recovery...
2326715000 >> Recovery done, continuing...
2327065000 >> Requesting for the AHB bus...
2327640000 >> AHB granted, starting recovery...
2346840000 >> Recovery done, continuing...
2347190000 >> Requesting for the AHB bus...
2347765000 >> AHB granted, starting recovery...
2366965000 >> Recovery done, continuing...
2367315000 >> Requesting for the AHB bus...
2367890000 >> AHB granted, starting recovery...
2387090000 >> Recovery done, continuing...
2387440000 >> Requesting for the AHB bus...
2388015000 >> AHB granted, starting recovery...
2407215000 >> Recovery done, continuing...
2407565000 >> Requesting for the AHB bus...
2408140000 >> AHB granted, starting recovery...
2427340000 >> Recovery done, continuing...
2427690000 >> Requesting for the AHB bus...
2428265000 >> AHB granted, starting recovery...
2447465000 >> Recovery done, continuing...
2447815000 >> Requesting for the AHB bus...
2448390000 >> AHB granted, starting recovery...
2467590000 >> Recovery done, continuing...
2467940000 >> Requesting for the AHB bus...
2468515000 >> AHB granted, starting recovery...
2487715000 >> Recovery done, continuing...
2488065000 >> Requesting for the AHB bus...
2488640000 >> AHB granted, starting recovery...
2507840000 >> Recovery done, continuing...
2508190000 >> Requesting for the AHB bus...
2508765000 >> AHB granted, starting recovery...
2527965000 >> Recovery done, continuing...
2528315000 >> Requesting for the AHB bus...
2528890000 >> AHB granted, starting recovery...
2548090000 >> Recovery done, continuing...
2548440000 >> Requesting for the AHB bus...
2549015000 >> AHB granted, starting recovery...
2568215000 >> Recovery done, continuing...
2568565000 >> Requesting for the AHB bus...
2569140000 >> AHB granted, starting recovery...
2588340000 >> Recovery done, continuing...
2588690000 >> Requesting for the AHB bus...
2589265000 >> AHB granted, starting recovery...
2608465000 >> Recovery done, continuing...
2608815000 >> Requesting for the AHB bus...
2609390000 >> AHB granted, starting recovery...
2628590000 >> Recovery done, continuing...
2628940000 >> Requesting for the AHB bus...
2629515000 >> AHB granted, starting recovery...
2648715000 >> Recovery done, continuing...
2649065000 >> Requesting for the AHB bus...
2649640000 >> AHB granted, starting recovery...
2668840000 >> Recovery done, continuing...
2669190000 >> Requesting for the AHB bus...
2669765000 >> AHB granted, starting recovery...
2688965000 >> Recovery done, continuing...
2689315000 >> Requesting for the AHB bus...
2689890000 >> AHB granted, starting recovery...
2709090000 >> Recovery done, continuing...
2709440000 >> Requesting for the AHB bus...
2710015000 >> AHB granted, starting recovery...
2729215000 >> Recovery done, continuing...
2729565000 >> Requesting for the AHB bus...
2730140000 >> AHB granted, starting recovery...
2749340000 >> Recovery done, continuing...
2749690000 >> Requesting for the AHB bus...
2750265000 >> AHB granted, starting recovery...
2769465000 >> Recovery done, continuing...
2769815000 >> Requesting for the AHB bus...
2770390000 >> AHB granted, starting recovery...
2789590000 >> Recovery done, continuing...
2789940000 >> Requesting for the AHB bus...
2790515000 >> AHB granted, starting recovery...
2809715000 >> Recovery done, continuing...
2810065000 >> Requesting for the AHB bus...
2810640000 >> AHB granted, starting recovery...
2829840000 >> Recovery done, continuing...
2830190000 >> Requesting for the AHB bus...
2830765000 >> AHB granted, starting recovery...
2849965000 >> Recovery done, continuing...
2850315000 >> Requesting for the AHB bus...
2850890000 >> AHB granted, starting recovery...
2870090000 >> Recovery done, continuing...
2870440000 >> Requesting for the AHB bus...
2871015000 >> AHB granted, starting recovery...
2890215000 >> Recovery done, continuing...
2890565000 >> Requesting for the AHB bus...
2891140000 >> AHB granted, starting recovery...
2899665000 >> time limit reached...
/testbench/cpu/l3/u0/leon3x0/vhdl/p0/iu/r.w.wreg:1
/testbench/cpu/l3/u0/leon3x0/vhdl/p0/iu/r.m.irqen:1
/testbench/cpu/l3/u0/leon3x0/vhdl/p0/iu/r.m.icc:1001
/testbench/cpu/l3/u0/leon3x0/vhdl/p0/iu/r.a.ticc:0
/testbench/cpu/l3/u0/leon3x0/vhdl/p0/iu/r.a.step:0
/testbench/cpu/l3/u0/leon3x0/vhdl/p0/iu/r.m.irqen2:1
/testbench/cpu/l3/u0/leon3x0/vhdl/p0/iu/r.d.pc:01000000000000000000001001000000
/testbench/cpu/l3/u0/leon3x0/vhdl/p0/iu/r.d.rexpl:{{00000000000000000000000000000000} {00} {0} 0 0 {0000000000000000000} 0 0 0 0 0 0}
/testbench/cpu/l3/u0/leon3x0/vhdl/p0/iu/r.d.mexc:0
/testbench/cpu/l3/u0/leon3x0/vhdl/p0/iu/r.a.aw:0
/testbench/cpu/l3/u0/leon3x0/vhdl/p0/iu/r.e.ctrl:{{01000000000000000000001000111100} {11000010000001111011111111111100} {00} {10000001} {000110} 1 0 1 0 0 1 1 0 0}
/testbench/cpu/l3/u0/leon3x0/vhdl/p0/iu/r.a.divstart:0
/testbench/cpu/l3/u0/leon3x0/vhdl/p0/iu/r.e.shleft:0
/testbench/cpu/l3/u0/leon3x0/vhdl/p0/iu/r.a.bp:0
/testbench/cpu/l3/u0/leon3x0/vhdl/p0/iu/r.w.twcwp:000
/testbench/cpu/l3/u0/leon3x0/vhdl/p0/iu/r.a.jmpl:0
/testbench/cpu/l3/u0/leon3x0/vhdl/p0/iu/r.m.casa:0
/testbench/cpu/l3/u0/leon3x0/vhdl/p0/iu/r.m.werr:0
/testbench/cpu/l3/u0/leon3x0/vhdl/p0/iu/r.e.su:1
/testbench/cpu/l3/u0/leon3x0/vhdl/p0/iu/r.e.et:1
/testbench/cpu/l3/u0/leon3x0/vhdl/p0/iu/r.a.ldcheck1:1
/testbench/cpu/l3/u0/leon3x0/vhdl/p0/iu/r.d.stwin:000
/testbench/cpu/l3/u0/leon3x0/vhdl/p0/iu/r.a.ldcheck2:0
/testbench/cpu/l3/u0/leon3x0/vhdl/p0/iu/r.x.intack:0
/testbench/cpu/l3/u0/leon3x0/vhdl/p0/iu/r.m.ctrl:{{01000000000000000000001000111000} {11000010001001111011111111111100} {01} {10000001} {000000} 0 0 0 0 0 0 0 0 0}
/testbench/cpu/l3/u0/leon3x0/vhdl/p0/iu/r.a.cwp:101
/testbench/cpu/l3/u0/leon3x0/vhdl/p0/iu/r.e.sari:0
/testbench/cpu/l3/u0/leon3x0/vhdl/p0/iu/r.d.paw:0
/testbench/cpu/l3/u0/leon3x0/vhdl/p0/iu/r.d.aw:0
/testbench/cpu/l3/u0/leon3x0/vhdl/p0/iu/r.d.awp:000
/testbench/cpu/l3/u0/leon3x0/vhdl/p0/iu/r.x.ctrl:{{01000000000000000000001000111000} {11000010001001111011111111111100} {00} {10000001} {000000} 0 0 0 0 0 0 1 0 0}
/testbench/cpu/l3/u0/leon3x0/vhdl/p0/iu/r.m.rexnalign:0
/testbench/cpu/l3/u0/leon3x0/vhdl/p0/iu/r.m.su:1
/testbench/cpu/l3/u0/leon3x0/vhdl/p0/iu/r.m.wcwp:0
/testbench/cpu/l3/u0/leon3x0/vhdl/p0/iu/r.d.divrdy:0
/testbench/cpu/l3/u0/leon3x0/vhdl/p0/iu/r.e.cwp:101
/testbench/cpu/l3/u0/leon3x0/vhdl/p0/iu/r.w.except:0
/testbench/cpu/l3/u0/leon3x0/vhdl/p0/iu/r.x.nerror:0
/testbench/cpu/l3/u0/leon3x0/vhdl/p0/iu/r.a.bpimiss:0
/testbench/cpu/l3/u0/leon3x0/vhdl/p0/iu/r.a.nobp:0
/testbench/cpu/l3/u0/leon3x0/vhdl/p0/iu/r.d.rexcnt:0
/testbench/cpu/l3/u0/leon3x0/vhdl/p0/iu/r.w.s:{{101} {1001} {00000000} {01000000000000000000} {00000010} {0000} 0 0 1 1 1 {00000000000000000000000000000000} {UUUUUUUUUUUUUUUUUUUUUUUUUUUUUUUU} 1 0 0 1 1 1 0 0 {000} {000} {111}}
/testbench/cpu/l3/u0/leon3x0/vhdl/p0/iu/r.d.pv:1
/testbench/cpu/l3/u0/leon3x0/vhdl/p0/iu/r.a.ldchkra:1
/testbench/cpu/l3/u0/leon3x0/vhdl/p0/iu/r.a.rfa1:10000001
/testbench/cpu/l3/u0/leon3x0/vhdl/p0/iu/r.a.rfa2:10000011
/testbench/cpu/l3/u0/leon3x0/vhdl/p0/iu/r.a.imm:00000000000000000000000000000011
/testbench/cpu/l3/u0/leon3x0/vhdl/p0/iu/r.w.wa:10000001
/testbench/cpu/l3/u0/leon3x0/vhdl/p0/iu/r.m.casaz:0
/testbench/cpu/l3/u0/leon3x0/vhdl/p0/iu/r.x.dci:{0 1 0 0 0 0 {10} {00001011}}
/testbench/cpu/l3/u0/leon3x0/vhdl/p0/iu/r.x.mac:0
/testbench/cpu/l3/u0/leon3x0/vhdl/p0/iu/r.m.divz:0
/testbench/cpu/l3/u0/leon3x0/vhdl/p0/iu/r.d.inst:{{10000000101000000110000000000011}}
/testbench/cpu/l3/u0/leon3x0/vhdl/p0/iu/r.e.rfe1:1
/testbench/cpu/l3/u0/leon3x0/vhdl/p0/iu/r.a.wovf:0
/testbench/cpu/l3/u0/leon3x0/vhdl/p0/iu/r.e.rfe2:0
/testbench/cpu/l3/u0/leon3x0/vhdl/p0/iu/r.e.op1:01000000000011111111111010011000
/testbench/cpu/l3/u0/leon3x0/vhdl/p0/iu/r.m.nalign:1
/testbench/cpu/l3/u0/leon3x0/vhdl/p0/iu/r.e.op2:11111111111111111111111111111100
/testbench/cpu/l3/u0/leon3x0/vhdl/p0/iu/r.d.rexen:0
/testbench/cpu/l3/u0/leon3x0/vhdl/p0/iu/r.a.ctrl:{{01000000000000000000001001000000} {10000000101000000110000000000011} {00} {10000000} {000000} 0 1 0 0 0 0 0 0 0}
/testbench/cpu/l3/u0/leon3x0/vhdl/p0/iu/r.x.ipend:0
/testbench/cpu/l3/u0/leon3x0/vhdl/p0/iu/r.e.ldbp1:0
/testbench/cpu/l3/u0/leon3x0/vhdl/p0/iu/r.e.aluadd:1
/testbench/cpu/l3/u0/leon3x0/vhdl/p0/iu/r.d.set:0
/testbench/cpu/l3/u0/leon3x0/vhdl/p0/iu/r.d.inull:0
/testbench/cpu/l3/u0/leon3x0/vhdl/p0/iu/r.e.ldbp2:0
/testbench/cpu/l3/u0/leon3x0/vhdl/p0/iu/r.d.cnt:00
/testbench/cpu/l3/u0/leon3x0/vhdl/p0/iu/r.a.su:1
/testbench/cpu/l3/u0/leon3x0/vhdl/p0/iu/r.a.et:1
/testbench/cpu/l3/u0/leon3x0/vhdl/p0/iu/r.e.mul:0
/testbench/cpu/l3/u0/leon3x0/vhdl/p0/iu/r.e.alusel:00
/testbench/cpu/l3/u0/leon3x0/vhdl/p0/iu/r.e.aw:U
/testbench/cpu/l3/u0/leon3x0/vhdl/p0/iu/r.e.mac:0
/testbench/cpu/l3/u0/leon3x0/vhdl/p0/iu/r.a.decill:0
/testbench/cpu/l3/u0/leon3x0/vhdl/p0/iu/r.x.icc:1001
/testbench/cpu/l3/u0/leon3x0/vhdl/p0/iu/r.x.result:01000000000011111111111010010100
/testbench/cpu/l3/u0/leon3x0/vhdl/p0/iu/r.e.bp:0
/testbench/cpu/l3/u0/leon3x0/vhdl/p0/iu/r.a.rs1:00001
/testbench/cpu/l3/u0/leon3x0/vhdl/p0/iu/r.e.jmpl:0
/testbench/cpu/l3/u0/leon3x0/vhdl/p0/iu/r.a.rsel1:001
/testbench/cpu/l3/u0/leon3x0/vhdl/p0/iu/r.x.y:00000000000000000000000000000000
/testbench/cpu/l3/u0/leon3x0/vhdl/p0/iu/r.a.rsel2:100
/testbench/cpu/l3/u0/leon3x0/vhdl/p0/iu/r.a.awp:000
/testbench/cpu/l3/u0/leon3x0/vhdl/p0/iu/r.a.paw:0
/testbench/cpu/l3/u0/leon3x0/vhdl/p0/iu/r.x.data:{{00000000000000000000000000000000}}
/testbench/cpu/l3/u0/leon3x0/vhdl/p0/iu/r.m.mul:0
/testbench/cpu/l3/u0/leon3x0/vhdl/p0/iu/r.e.rd:UUUUU
/testbench/cpu/l3/u0/leon3x0/vhdl/p0/iu/r.e.invop2:0
/testbench/cpu/l3/u0/leon3x0/vhdl/p0/iu/r.m.wawp:0
/testbench/cpu/l3/u0/leon3x0/vhdl/p0/iu/r.d.cwpmax:111
/testbench/cpu/l3/u0/leon3x0/vhdl/p0/iu/r.f.branch:0
/testbench/cpu/l3/u0/leon3x0/vhdl/p0/iu/r.d.pcheld:1
/testbench/cpu/l3/u0/leon3x0/vhdl/p0/iu/r.m.dci:{0 0 0 1 0 0 {10} {00001011}}
/testbench/cpu/l3/u0/leon3x0/vhdl/p0/iu/r.e.paw:U
/testbench/cpu/l3/u0/leon3x0/vhdl/p0/iu/r.e.awp:UUU
/testbench/cpu/l3/u0/leon3x0/vhdl/p0/iu/r.e.shcnt:11100
/testbench/cpu/l3/u0/leon3x0/vhdl/p0/iu/r.w.result:00000000000000000000000000000001
/testbench/cpu/l3/u0/leon3x0/vhdl/p0/iu/r.m.mac:0
/testbench/cpu/l3/u0/leon3x0/vhdl/p0/iu/r.m.y:00000000000000000000000000000000
/testbench/cpu/l3/u0/leon3x0/vhdl/p0/iu/r.d.cwp:101
/testbench/cpu/l3/u0/leon3x0/vhdl/p0/iu/r.x.laddr:00
/testbench/cpu/l3/u0/leon3x0/vhdl/p0/iu/r.e.mulstep:0
/testbench/cpu/l3/u0/leon3x0/vhdl/p0/iu/r.e.ymsb:0
/testbench/cpu/l3/u0/leon3x0/vhdl/p0/iu/r.d.rexbuf:00000000000000000000000000000000
/testbench/cpu/l3/u0/leon3x0/vhdl/p0/iu/r.x.npc:100
/testbench/cpu/l3/u0/leon3x0/vhdl/p0/iu/r.f.pc:01000000000000000000001001000100
/testbench/cpu/l3/u0/leon3x0/vhdl/p0/iu/r.d.annul:0
/testbench/cpu/l3/u0/leon3x0/vhdl/p0/iu/r.x.rstate:run
/testbench/cpu/l3/u0/leon3x0/vhdl/p0/iu/r.x.set:0
/testbench/cpu/l3/u0/leon3x0/vhdl/p0/iu/r.m.result:00000000000000000000000000000001
/testbench/cpu/l3/u0/leon3x0/vhdl/p0/iu/r.e.icc:UUUU
/testbench/cpu/l3/u0/leon3x0/vhdl/p0/iu/r.a.getpc:0
/testbench/cpu/l3/u0/leon3x0/vhdl/p0/iu/r.a.ldchkex:1
/testbench/cpu/l3/u0/leon3x0/vhdl/p0/iu/r.x.mexc:0
/testbench/cpu/l3/u0/leon3x0/vhdl/p0/iu/r.a.mulstart:0
/testbench/cpu/l3/u0/leon3x0/vhdl/p0/iu/r.d.rexpos:10
/testbench/cpu/l3/u0/leon3x0/vhdl/p0/iu/r.x.annul_all:0
/testbench/cpu/l3/u0/leon3x0/vhdl/p0/iu/r.e.aluop:000
/testbench/cpu/l3/u0/leon3x0/vhdl/p0/iu/r.x.debug:0
/testbench/cpu/l3/u0/leon3x0/vhdl/p0/iu/r.a.rfe1:0
/testbench/cpu/l3/u0/leon3x0/vhdl/p0/iu/r.d.step:0
/testbench/cpu/l3/u0/leon3x0/vhdl/p0/iu/r.a.rfe2:0
/testbench/cpu/l3/u0/leon3x0/vhdl/p0/iu/r.e.alucin:0
/testbench/cpu/l3/u0/leon3x0/vhdl/p0/iu/r.a.wunf:0
======================================
progstatus: -2
execerr: 63
latent: 1
time limit!
>>>>>>>>>>>>>>> 2899665000
======================================
