Test signal = /testbench/cpu/l3/u0/leon3x0/vhdl/p0/iu/r.a.jmpl
oldval = 0
pos1: -1 pos0: 0 posU: -1
newval = 1
Signal value: 0
oldval = 0
pos1: -1 pos0: 0 posU: -1
newval = 1
force in 20243
584840000 >> iteration no: 0
600415000 >> Requesting for the AHB bus...
601640000 >> AHB granted, starting recovery...
620840000 >> Recovery done, continuing...
620890000 >> Requesting for the AHB bus...
622115000 >> AHB granted, starting recovery...
641315000 >> Recovery done, continuing...
641365000 >> Requesting for the AHB bus...
642415000 >> AHB granted, starting recovery...
661615000 >> Recovery done, continuing...
661665000 >> Requesting for the AHB bus...
662715000 >> AHB granted, starting recovery...
681915000 >> Recovery done, continuing...
681965000 >> Requesting for the AHB bus...
683015000 >> AHB granted, starting recovery...
702215000 >> Recovery done, continuing...
702265000 >> Requesting for the AHB bus...
703315000 >> AHB granted, starting recovery...
722515000 >> Recovery done, continuing...
722565000 >> Requesting for the AHB bus...
723615000 >> AHB granted, starting recovery...
742815000 >> Recovery done, continuing...
742865000 >> Requesting for the AHB bus...
743940000 >> AHB granted, starting recovery...
763140000 >> Recovery done, continuing...
763190000 >> Requesting for the AHB bus...
764240000 >> AHB granted, starting recovery...
783440000 >> Recovery done, continuing...
783490000 >> Requesting for the AHB bus...
784540000 >> AHB granted, starting recovery...
803740000 >> Recovery done, continuing...
803790000 >> Requesting for the AHB bus...
804840000 >> AHB granted, starting recovery...
824040000 >> Recovery done, continuing...
824090000 >> Requesting for the AHB bus...
825140000 >> AHB granted, starting recovery...
844340000 >> Recovery done, continuing...
844390000 >> Requesting for the AHB bus...
845440000 >> AHB granted, starting recovery...
864640000 >> Recovery done, continuing...
864690000 >> Requesting for the AHB bus...
865740000 >> AHB granted, starting recovery...
884940000 >> Recovery done, continuing...
884990000 >> Requesting for the AHB bus...
886040000 >> AHB granted, starting recovery...
905240000 >> Recovery done, continuing...
905290000 >> Requesting for the AHB bus...
906340000 >> AHB granted, starting recovery...
925540000 >> Recovery done, continuing...
925590000 >> Requesting for the AHB bus...
926640000 >> AHB granted, starting recovery...
945840000 >> Recovery done, continuing...
945890000 >> Requesting for the AHB bus...
946940000 >> AHB granted, starting recovery...
966140000 >> Recovery done, continuing...
966190000 >> Requesting for the AHB bus...
967240000 >> AHB granted, starting recovery...
986440000 >> Recovery done, continuing...
986490000 >> Requesting for the AHB bus...
987540000 >> AHB granted, starting recovery...
1006740000 >> Recovery done, continuing...
1006790000 >> Requesting for the AHB bus...
1007840000 >> AHB granted, starting recovery...
1027040000 >> Recovery done, continuing...
1027090000 >> Requesting for the AHB bus...
1028140000 >> AHB granted, starting recovery...
1047340000 >> Recovery done, continuing...
1047390000 >> Requesting for the AHB bus...
1048440000 >> AHB granted, starting recovery...
1067640000 >> Recovery done, continuing...
1067690000 >> Requesting for the AHB bus...
1068740000 >> AHB granted, starting recovery...
1087940000 >> Recovery done, continuing...
1087990000 >> Requesting for the AHB bus...
1089215000 >> AHB granted, starting recovery...
1108415000 >> Recovery done, continuing...
1108465000 >> Requesting for the AHB bus...
1109515000 >> AHB granted, starting recovery...
1128715000 >> Recovery done, continuing...
1128765000 >> Requesting for the AHB bus...
1129815000 >> AHB granted, starting recovery...
1149015000 >> Recovery done, continuing...
1149065000 >> Requesting for the AHB bus...
1150115000 >> AHB granted, starting recovery...
1169315000 >> Recovery done, continuing...
1169365000 >> Requesting for the AHB bus...
1170415000 >> AHB granted, starting recovery...
1189615000 >> Recovery done, continuing...
1189665000 >> Requesting for the AHB bus...
1190715000 >> AHB granted, starting recovery...
1209915000 >> Recovery done, continuing...
1209965000 >> Requesting for the AHB bus...
1211140000 >> AHB granted, starting recovery...
1230340000 >> Recovery done, continuing...
1230390000 >> Requesting for the AHB bus...
1231440000 >> AHB granted, starting recovery...
1250640000 >> Recovery done, continuing...
1250690000 >> Requesting for the AHB bus...
1251740000 >> AHB granted, starting recovery...
1270940000 >> Recovery done, continuing...
1270990000 >> Requesting for the AHB bus...
1272040000 >> AHB granted, starting recovery...
1291240000 >> Recovery done, continuing...
1291290000 >> Requesting for the AHB bus...
1292340000 >> AHB granted, starting recovery...
1311540000 >> Recovery done, continuing...
1311590000 >> Requesting for the AHB bus...
1312640000 >> AHB granted, starting recovery...
1331840000 >> Recovery done, continuing...
1331890000 >> Requesting for the AHB bus...
1332940000 >> AHB granted, starting recovery...
1352140000 >> Recovery done, continuing...
1352190000 >> Requesting for the AHB bus...
1353240000 >> AHB granted, starting recovery...
1372440000 >> Recovery done, continuing...
1372490000 >> Requesting for the AHB bus...
1373540000 >> AHB granted, starting recovery...
1392740000 >> Recovery done, continuing...
1392790000 >> Requesting for the AHB bus...
1393840000 >> AHB granted, starting recovery...
1413040000 >> Recovery done, continuing...
1413090000 >> Requesting for the AHB bus...
1414140000 >> AHB granted, starting recovery...
1433340000 >> Recovery done, continuing...
1433390000 >> Requesting for the AHB bus...
1434440000 >> AHB granted, starting recovery...
1453640000 >> Recovery done, continuing...
1453690000 >> Requesting for the AHB bus...
1454740000 >> AHB granted, starting recovery...
1473940000 >> Recovery done, continuing...
1473990000 >> Requesting for the AHB bus...
1475040000 >> AHB granted, starting recovery...
1494240000 >> Recovery done, continuing...
1494290000 >> Requesting for the AHB bus...
1495340000 >> AHB granted, starting recovery...
1514540000 >> Recovery done, continuing...
1514590000 >> Requesting for the AHB bus...
1515640000 >> AHB granted, starting recovery...
1534840000 >> Recovery done, continuing...
1534890000 >> Requesting for the AHB bus...
1535940000 >> AHB granted, starting recovery...
1555140000 >> Recovery done, continuing...
1555190000 >> Requesting for the AHB bus...
1556415000 >> AHB granted, starting recovery...
1575615000 >> Recovery done, continuing...
1575665000 >> Requesting for the AHB bus...
1576715000 >> AHB granted, starting recovery...
1595915000 >> Recovery done, continuing...
1595965000 >> Requesting for the AHB bus...
1597015000 >> AHB granted, starting recovery...
1616215000 >> Recovery done, continuing...
1616265000 >> Requesting for the AHB bus...
1617315000 >> AHB granted, starting recovery...
1636515000 >> Recovery done, continuing...
1636565000 >> Requesting for the AHB bus...
1637615000 >> AHB granted, starting recovery...
1656815000 >> Recovery done, continuing...
1656865000 >> Requesting for the AHB bus...
1657915000 >> AHB granted, starting recovery...
1677115000 >> Recovery done, continuing...
1677165000 >> Requesting for the AHB bus...
1678340000 >> AHB granted, starting recovery...
1697540000 >> Recovery done, continuing...
1697590000 >> Requesting for the AHB bus...
1698640000 >> AHB granted, starting recovery...
1717840000 >> Recovery done, continuing...
1717890000 >> Requesting for the AHB bus...
1718940000 >> AHB granted, starting recovery...
1738140000 >> Recovery done, continuing...
1738190000 >> Requesting for the AHB bus...
1739240000 >> AHB granted, starting recovery...
1758440000 >> Recovery done, continuing...
1758490000 >> Requesting for the AHB bus...
1759540000 >> AHB granted, starting recovery...
1778740000 >> Recovery done, continuing...
1778790000 >> Requesting for the AHB bus...
1779840000 >> AHB granted, starting recovery...
1799040000 >> Recovery done, continuing...
1799090000 >> Requesting for the AHB bus...
1800140000 >> AHB granted, starting recovery...
1819340000 >> Recovery done, continuing...
1819390000 >> Requesting for the AHB bus...
1820440000 >> AHB granted, starting recovery...
1839640000 >> Recovery done, continuing...
1839690000 >> Requesting for the AHB bus...
1840740000 >> AHB granted, starting recovery...
1859940000 >> Recovery done, continuing...
1859990000 >> Requesting for the AHB bus...
1861040000 >> AHB granted, starting recovery...
1880240000 >> Recovery done, continuing...
1880290000 >> Requesting for the AHB bus...
1881340000 >> AHB granted, starting recovery...
1900540000 >> Recovery done, continuing...
1900590000 >> Requesting for the AHB bus...
1901640000 >> AHB granted, starting recovery...
1920840000 >> Recovery done, continuing...
1920890000 >> Requesting for the AHB bus...
1921940000 >> AHB granted, starting recovery...
1941140000 >> Recovery done, continuing...
1941190000 >> Requesting for the AHB bus...
1942240000 >> AHB granted, starting recovery...
1961440000 >> Recovery done, continuing...
1961490000 >> Requesting for the AHB bus...
1962540000 >> AHB granted, starting recovery...
1981740000 >> Recovery done, continuing...
1981790000 >> Requesting for the AHB bus...
1982840000 >> AHB granted, starting recovery...
2002040000 >> Recovery done, continuing...
2002090000 >> Requesting for the AHB bus...
2003140000 >> AHB granted, starting recovery...
2022340000 >> Recovery done, continuing...
2022390000 >> Requesting for the AHB bus...
2023615000 >> AHB granted, starting recovery...
2042815000 >> Recovery done, continuing...
2042865000 >> Requesting for the AHB bus...
2043915000 >> AHB granted, starting recovery...
2063115000 >> Recovery done, continuing...
2063165000 >> Requesting for the AHB bus...
2064215000 >> AHB granted, starting recovery...
2083415000 >> Recovery done, continuing...
2083465000 >> Requesting for the AHB bus...
2084515000 >> AHB granted, starting recovery...
2103715000 >> Recovery done, continuing...
2103765000 >> Requesting for the AHB bus...
2104815000 >> AHB granted, starting recovery...
2124015000 >> Recovery done, continuing...
2124065000 >> Requesting for the AHB bus...
2125115000 >> AHB granted, starting recovery...
2144315000 >> Recovery done, continuing...
2144365000 >> Requesting for the AHB bus...
2145540000 >> AHB granted, starting recovery...
2164740000 >> Recovery done, continuing...
2164790000 >> Requesting for the AHB bus...
2165840000 >> AHB granted, starting recovery...
2185040000 >> Recovery done, continuing...
2185090000 >> Requesting for the AHB bus...
2186140000 >> AHB granted, starting recovery...
2205340000 >> Recovery done, continuing...
2205390000 >> Requesting for the AHB bus...
2206440000 >> AHB granted, starting recovery...
2225640000 >> Recovery done, continuing...
2225690000 >> Requesting for the AHB bus...
2226740000 >> AHB granted, starting recovery...
2245940000 >> Recovery done, continuing...
2245990000 >> Requesting for the AHB bus...
2247040000 >> AHB granted, starting recovery...
2266240000 >> Recovery done, continuing...
2266290000 >> Requesting for the AHB bus...
2267340000 >> AHB granted, starting recovery...
2286540000 >> Recovery done, continuing...
2286590000 >> Requesting for the AHB bus...
2287640000 >> AHB granted, starting recovery...
2306840000 >> Recovery done, continuing...
2306890000 >> Requesting for the AHB bus...
2307940000 >> AHB granted, starting recovery...
2327140000 >> Recovery done, continuing...
2327190000 >> Requesting for the AHB bus...
2328240000 >> AHB granted, starting recovery...
2347440000 >> Recovery done, continuing...
2347490000 >> Requesting for the AHB bus...
2348540000 >> AHB granted, starting recovery...
2367740000 >> Recovery done, continuing...
2367790000 >> Requesting for the AHB bus...
2368840000 >> AHB granted, starting recovery...
2388040000 >> Recovery done, continuing...
2388090000 >> Requesting for the AHB bus...
2389140000 >> AHB granted, starting recovery...
2408340000 >> Recovery done, continuing...
2408390000 >> Requesting for the AHB bus...
2409440000 >> AHB granted, starting recovery...
2428640000 >> Recovery done, continuing...
2428690000 >> Requesting for the AHB bus...
2429740000 >> AHB granted, starting recovery...
2448940000 >> Recovery done, continuing...
2448990000 >> Requesting for the AHB bus...
2450040000 >> AHB granted, starting recovery...
2469240000 >> Recovery done, continuing...
2469290000 >> Requesting for the AHB bus...
2470340000 >> AHB granted, starting recovery...
2489540000 >> Recovery done, continuing...
2489590000 >> Requesting for the AHB bus...
2490815000 >> AHB granted, starting recovery...
2510015000 >> Recovery done, continuing...
2510065000 >> Requesting for the AHB bus...
2511115000 >> AHB granted, starting recovery...
2530315000 >> Recovery done, continuing...
2530365000 >> Requesting for the AHB bus...
2531415000 >> AHB granted, starting recovery...
2550615000 >> Recovery done, continuing...
2550665000 >> Requesting for the AHB bus...
2551715000 >> AHB granted, starting recovery...
2570915000 >> Recovery done, continuing...
2570965000 >> Requesting for the AHB bus...
2572015000 >> AHB granted, starting recovery...
2591215000 >> Recovery done, continuing...
2591265000 >> Requesting for the AHB bus...
2592315000 >> AHB granted, starting recovery...
2611515000 >> Recovery done, continuing...
2611565000 >> Requesting for the AHB bus...
2612740000 >> AHB granted, starting recovery...
2631940000 >> Recovery done, continuing...
2631990000 >> Requesting for the AHB bus...
2633040000 >> AHB granted, starting recovery...
2652240000 >> Recovery done, continuing...
2652290000 >> Requesting for the AHB bus...
2653340000 >> AHB granted, starting recovery...
2672540000 >> Recovery done, continuing...
2672590000 >> Requesting for the AHB bus...
2673640000 >> AHB granted, starting recovery...
2692840000 >> Recovery done, continuing...
2692890000 >> Requesting for the AHB bus...
2693940000 >> AHB granted, starting recovery...
2713140000 >> Recovery done, continuing...
2713190000 >> Requesting for the AHB bus...
2714240000 >> AHB granted, starting recovery...
2733440000 >> Recovery done, continuing...
2733490000 >> Requesting for the AHB bus...
2734540000 >> AHB granted, starting recovery...
2753740000 >> Recovery done, continuing...
2753790000 >> Requesting for the AHB bus...
2754840000 >> AHB granted, starting recovery...
2774040000 >> Recovery done, continuing...
2774090000 >> Requesting for the AHB bus...
2775140000 >> AHB granted, starting recovery...
2794340000 >> Recovery done, continuing...
2794390000 >> Requesting for the AHB bus...
2795440000 >> AHB granted, starting recovery...
2814640000 >> Recovery done, continuing...
2814690000 >> Requesting for the AHB bus...
2815740000 >> AHB granted, starting recovery...
2834940000 >> Recovery done, continuing...
2834990000 >> Requesting for the AHB bus...
2836040000 >> AHB granted, starting recovery...
2855240000 >> Recovery done, continuing...
2855290000 >> Requesting for the AHB bus...
2856340000 >> AHB granted, starting recovery...
2875540000 >> Recovery done, continuing...
2875590000 >> Requesting for the AHB bus...
2876640000 >> AHB granted, starting recovery...
2895840000 >> Recovery done, continuing...
2895890000 >> Requesting for the AHB bus...
2896940000 >> AHB granted, starting recovery...
2899665000 >> time limit reached...
/testbench/cpu/l3/u0/leon3x0/vhdl/p0/iu/r.w.wreg:1
/testbench/cpu/l3/u0/leon3x0/vhdl/p0/iu/r.m.irqen:1
/testbench/cpu/l3/u0/leon3x0/vhdl/p0/iu/r.m.icc:1001
/testbench/cpu/l3/u0/leon3x0/vhdl/p0/iu/r.a.ticc:0
/testbench/cpu/l3/u0/leon3x0/vhdl/p0/iu/r.a.step:0
/testbench/cpu/l3/u0/leon3x0/vhdl/p0/iu/r.m.irqen2:1
/testbench/cpu/l3/u0/leon3x0/vhdl/p0/iu/r.d.pc:01000000000000000000001001000000
/testbench/cpu/l3/u0/leon3x0/vhdl/p0/iu/r.d.rexpl:{{00000000000000000000000000000000} {00} {0} 0 0 {0000000000000000000} 0 0 0 0 0 0}
/testbench/cpu/l3/u0/leon3x0/vhdl/p0/iu/r.d.mexc:0
/testbench/cpu/l3/u0/leon3x0/vhdl/p0/iu/r.a.aw:0
/testbench/cpu/l3/u0/leon3x0/vhdl/p0/iu/r.e.ctrl:{{01000000000000000000001000111100} {11000010000001111011111111111100} {00} {10000001} {000000} 0 0 1 0 0 1 1 0 0}
/testbench/cpu/l3/u0/leon3x0/vhdl/p0/iu/r.a.divstart:0
/testbench/cpu/l3/u0/leon3x0/vhdl/p0/iu/r.e.shleft:0
/testbench/cpu/l3/u0/leon3x0/vhdl/p0/iu/r.a.bp:0
/testbench/cpu/l3/u0/leon3x0/vhdl/p0/iu/r.w.twcwp:000
/testbench/cpu/l3/u0/leon3x0/vhdl/p0/iu/r.a.jmpl:0
/testbench/cpu/l3/u0/leon3x0/vhdl/p0/iu/r.m.casa:0
/testbench/cpu/l3/u0/leon3x0/vhdl/p0/iu/r.m.werr:0
/testbench/cpu/l3/u0/leon3x0/vhdl/p0/iu/r.e.su:1
/testbench/cpu/l3/u0/leon3x0/vhdl/p0/iu/r.e.et:1
/testbench/cpu/l3/u0/leon3x0/vhdl/p0/iu/r.a.ldcheck1:1
/testbench/cpu/l3/u0/leon3x0/vhdl/p0/iu/r.d.stwin:000
/testbench/cpu/l3/u0/leon3x0/vhdl/p0/iu/r.a.ldcheck2:0
/testbench/cpu/l3/u0/leon3x0/vhdl/p0/iu/r.x.intack:0
/testbench/cpu/l3/u0/leon3x0/vhdl/p0/iu/r.m.ctrl:{{01000000000000000000001000111000} {11000010001001111011111111111100} {01} {10000001} {000000} 0 0 0 0 0 0 0 0 0}
/testbench/cpu/l3/u0/leon3x0/vhdl/p0/iu/r.a.cwp:101
/testbench/cpu/l3/u0/leon3x0/vhdl/p0/iu/r.e.sari:0
/testbench/cpu/l3/u0/leon3x0/vhdl/p0/iu/r.d.paw:0
/testbench/cpu/l3/u0/leon3x0/vhdl/p0/iu/r.d.aw:0
/testbench/cpu/l3/u0/leon3x0/vhdl/p0/iu/r.d.awp:000
/testbench/cpu/l3/u0/leon3x0/vhdl/p0/iu/r.x.ctrl:{{01000000000000000000001000111000} {11000010001001111011111111111100} {00} {10000001} {000000} 0 0 0 0 0 0 1 0 0}
/testbench/cpu/l3/u0/leon3x0/vhdl/p0/iu/r.m.rexnalign:0
/testbench/cpu/l3/u0/leon3x0/vhdl/p0/iu/r.m.su:1
/testbench/cpu/l3/u0/leon3x0/vhdl/p0/iu/r.m.wcwp:0
/testbench/cpu/l3/u0/leon3x0/vhdl/p0/iu/r.d.divrdy:0
/testbench/cpu/l3/u0/leon3x0/vhdl/p0/iu/r.e.cwp:101
/testbench/cpu/l3/u0/leon3x0/vhdl/p0/iu/r.w.except:0
/testbench/cpu/l3/u0/leon3x0/vhdl/p0/iu/r.x.nerror:0
/testbench/cpu/l3/u0/leon3x0/vhdl/p0/iu/r.a.bpimiss:0
/testbench/cpu/l3/u0/leon3x0/vhdl/p0/iu/r.a.nobp:0
/testbench/cpu/l3/u0/leon3x0/vhdl/p0/iu/r.d.rexcnt:0
/testbench/cpu/l3/u0/leon3x0/vhdl/p0/iu/r.w.s:{{101} {1001} {00000000} {01000000000000000000} {00000010} {0000} 0 0 1 1 1 {00000000000000000000000000000000} {UUUUUUUUUUUUUUUUUUUUUUUUUUUUUUUU} 1 0 0 1 1 1 0 0 {000} {000} {111}}
/testbench/cpu/l3/u0/leon3x0/vhdl/p0/iu/r.d.pv:1
/testbench/cpu/l3/u0/leon3x0/vhdl/p0/iu/r.a.ldchkra:1
/testbench/cpu/l3/u0/leon3x0/vhdl/p0/iu/r.a.rfa1:10000001
/testbench/cpu/l3/u0/leon3x0/vhdl/p0/iu/r.a.rfa2:10000011
/testbench/cpu/l3/u0/leon3x0/vhdl/p0/iu/r.a.imm:00000000000000000000000000000011
/testbench/cpu/l3/u0/leon3x0/vhdl/p0/iu/r.w.wa:10000001
/testbench/cpu/l3/u0/leon3x0/vhdl/p0/iu/r.m.casaz:0
/testbench/cpu/l3/u0/leon3x0/vhdl/p0/iu/r.x.dci:{0 1 0 0 0 0 {10} {00001011}}
/testbench/cpu/l3/u0/leon3x0/vhdl/p0/iu/r.x.mac:0
/testbench/cpu/l3/u0/leon3x0/vhdl/p0/iu/r.m.divz:0
/testbench/cpu/l3/u0/leon3x0/vhdl/p0/iu/r.d.inst:{{10000000101000000110000000000011}}
/testbench/cpu/l3/u0/leon3x0/vhdl/p0/iu/r.e.rfe1:1
/testbench/cpu/l3/u0/leon3x0/vhdl/p0/iu/r.a.wovf:0
/testbench/cpu/l3/u0/leon3x0/vhdl/p0/iu/r.e.rfe2:0
/testbench/cpu/l3/u0/leon3x0/vhdl/p0/iu/r.e.op1:01000000000011111111111010011000
/testbench/cpu/l3/u0/leon3x0/vhdl/p0/iu/r.m.nalign:1
/testbench/cpu/l3/u0/leon3x0/vhdl/p0/iu/r.e.op2:11111111111111111111111111111100
/testbench/cpu/l3/u0/leon3x0/vhdl/p0/iu/r.d.rexen:0
/testbench/cpu/l3/u0/leon3x0/vhdl/p0/iu/r.a.ctrl:{{01000000000000000000001001000000} {10000000101000000110000000000011} {00} {10000000} {000000} 0 1 0 0 0 0 0 0 0}
/testbench/cpu/l3/u0/leon3x0/vhdl/p0/iu/r.x.ipend:0
/testbench/cpu/l3/u0/leon3x0/vhdl/p0/iu/r.e.ldbp1:0
/testbench/cpu/l3/u0/leon3x0/vhdl/p0/iu/r.e.aluadd:1
/testbench/cpu/l3/u0/leon3x0/vhdl/p0/iu/r.d.set:0
/testbench/cpu/l3/u0/leon3x0/vhdl/p0/iu/r.d.inull:1
/testbench/cpu/l3/u0/leon3x0/vhdl/p0/iu/r.e.ldbp2:0
/testbench/cpu/l3/u0/leon3x0/vhdl/p0/iu/r.d.cnt:00
/testbench/cpu/l3/u0/leon3x0/vhdl/p0/iu/r.a.su:1
/testbench/cpu/l3/u0/leon3x0/vhdl/p0/iu/r.a.et:1
/testbench/cpu/l3/u0/leon3x0/vhdl/p0/iu/r.e.mul:0
/testbench/cpu/l3/u0/leon3x0/vhdl/p0/iu/r.e.alusel:00
/testbench/cpu/l3/u0/leon3x0/vhdl/p0/iu/r.e.aw:U
/testbench/cpu/l3/u0/leon3x0/vhdl/p0/iu/r.e.mac:0
/testbench/cpu/l3/u0/leon3x0/vhdl/p0/iu/r.a.decill:0
/testbench/cpu/l3/u0/leon3x0/vhdl/p0/iu/r.x.icc:1001
/testbench/cpu/l3/u0/leon3x0/vhdl/p0/iu/r.x.result:01000000000011111111111010010100
/testbench/cpu/l3/u0/leon3x0/vhdl/p0/iu/r.e.bp:0
/testbench/cpu/l3/u0/leon3x0/vhdl/p0/iu/r.a.rs1:00001
/testbench/cpu/l3/u0/leon3x0/vhdl/p0/iu/r.e.jmpl:1
/testbench/cpu/l3/u0/leon3x0/vhdl/p0/iu/r.a.rsel1:001
/testbench/cpu/l3/u0/leon3x0/vhdl/p0/iu/r.x.y:00000000000000000000000000000000
/testbench/cpu/l3/u0/leon3x0/vhdl/p0/iu/r.a.rsel2:100
/testbench/cpu/l3/u0/leon3x0/vhdl/p0/iu/r.a.awp:000
/testbench/cpu/l3/u0/leon3x0/vhdl/p0/iu/r.a.paw:0
/testbench/cpu/l3/u0/leon3x0/vhdl/p0/iu/r.x.data:{{00000000000000000000000000000000}}
/testbench/cpu/l3/u0/leon3x0/vhdl/p0/iu/r.m.mul:0
/testbench/cpu/l3/u0/leon3x0/vhdl/p0/iu/r.e.rd:UUUUU
/testbench/cpu/l3/u0/leon3x0/vhdl/p0/iu/r.e.invop2:0
/testbench/cpu/l3/u0/leon3x0/vhdl/p0/iu/r.m.wawp:0
/testbench/cpu/l3/u0/leon3x0/vhdl/p0/iu/r.d.cwpmax:111
/testbench/cpu/l3/u0/leon3x0/vhdl/p0/iu/r.f.branch:0
/testbench/cpu/l3/u0/leon3x0/vhdl/p0/iu/r.d.pcheld:1
/testbench/cpu/l3/u0/leon3x0/vhdl/p0/iu/r.m.dci:{0 0 0 1 0 0 {10} {00001011}}
/testbench/cpu/l3/u0/leon3x0/vhdl/p0/iu/r.e.paw:U
/testbench/cpu/l3/u0/leon3x0/vhdl/p0/iu/r.e.awp:UUU
/testbench/cpu/l3/u0/leon3x0/vhdl/p0/iu/r.e.shcnt:11100
/testbench/cpu/l3/u0/leon3x0/vhdl/p0/iu/r.w.result:00000000000000000000000000000001
/testbench/cpu/l3/u0/leon3x0/vhdl/p0/iu/r.m.mac:0
/testbench/cpu/l3/u0/leon3x0/vhdl/p0/iu/r.m.y:00000000000000000000000000000000
/testbench/cpu/l3/u0/leon3x0/vhdl/p0/iu/r.d.cwp:101
/testbench/cpu/l3/u0/leon3x0/vhdl/p0/iu/r.x.laddr:00
/testbench/cpu/l3/u0/leon3x0/vhdl/p0/iu/r.e.mulstep:0
/testbench/cpu/l3/u0/leon3x0/vhdl/p0/iu/r.e.ymsb:0
/testbench/cpu/l3/u0/leon3x0/vhdl/p0/iu/r.d.rexbuf:00000000000000000000000000000000
/testbench/cpu/l3/u0/leon3x0/vhdl/p0/iu/r.x.npc:100
/testbench/cpu/l3/u0/leon3x0/vhdl/p0/iu/r.f.pc:01000000000000000000001001000100
/testbench/cpu/l3/u0/leon3x0/vhdl/p0/iu/r.d.annul:0
/testbench/cpu/l3/u0/leon3x0/vhdl/p0/iu/r.x.rstate:run
/testbench/cpu/l3/u0/leon3x0/vhdl/p0/iu/r.x.set:0
/testbench/cpu/l3/u0/leon3x0/vhdl/p0/iu/r.m.result:00000000000000000000000000000001
/testbench/cpu/l3/u0/leon3x0/vhdl/p0/iu/r.e.icc:UUUU
/testbench/cpu/l3/u0/leon3x0/vhdl/p0/iu/r.a.getpc:0
/testbench/cpu/l3/u0/leon3x0/vhdl/p0/iu/r.a.ldchkex:1
/testbench/cpu/l3/u0/leon3x0/vhdl/p0/iu/r.x.mexc:0
/testbench/cpu/l3/u0/leon3x0/vhdl/p0/iu/r.a.mulstart:0
/testbench/cpu/l3/u0/leon3x0/vhdl/p0/iu/r.d.rexpos:10
/testbench/cpu/l3/u0/leon3x0/vhdl/p0/iu/r.x.annul_all:0
/testbench/cpu/l3/u0/leon3x0/vhdl/p0/iu/r.e.aluop:000
/testbench/cpu/l3/u0/leon3x0/vhdl/p0/iu/r.x.debug:0
/testbench/cpu/l3/u0/leon3x0/vhdl/p0/iu/r.a.rfe1:0
/testbench/cpu/l3/u0/leon3x0/vhdl/p0/iu/r.d.step:0
/testbench/cpu/l3/u0/leon3x0/vhdl/p0/iu/r.a.rfe2:0
/testbench/cpu/l3/u0/leon3x0/vhdl/p0/iu/r.e.alucin:0
/testbench/cpu/l3/u0/leon3x0/vhdl/p0/iu/r.a.wunf:0
======================================
progstatus: -2
execerr: 114
latent: 1
time limit!
>>>>>>>>>>>>>>> 2899665000
======================================
