Test signal = /testbench/cpu/l3/u0/leon3x0/vhdl/p0/iu/r.a.bpimiss
oldval = 0
pos1: -1 pos0: 0 posU: -1
newval = 1
Signal value: 0
oldval = 0
pos1: -1 pos0: 0 posU: -1
newval = 1
force in 892382
584840000 >> iteration no: 0
1027865000 >> iteration no: 1
1470840000 >> iteration no: 2
1473040000 >> Requesting for the AHB bus...
1473590000 >> Requesting for the AHB bus...
1474040000 >> AHB granted, starting recovery...
1493240000 >> Recovery done, continuing...
1493290000 >> Requesting for the AHB bus...
1493690000 >> Requesting for the AHB bus...
1494140000 >> AHB granted, starting recovery...
1513340000 >> Recovery done, continuing...
1513390000 >> Requesting for the AHB bus...
1513790000 >> Requesting for the AHB bus...
1514240000 >> AHB granted, starting recovery...
1533440000 >> Recovery done, continuing...
1533490000 >> Requesting for the AHB bus...
1533890000 >> Requesting for the AHB bus...
1534340000 >> AHB granted, starting recovery...
1553540000 >> Recovery done, continuing...
1553590000 >> Requesting for the AHB bus...
1553990000 >> Requesting for the AHB bus...
1554440000 >> AHB granted, starting recovery...
1573640000 >> Recovery done, continuing...
1573690000 >> Requesting for the AHB bus...
1574090000 >> Requesting for the AHB bus...
1574540000 >> AHB granted, starting recovery...
1593740000 >> Recovery done, continuing...
1593790000 >> Requesting for the AHB bus...
1594190000 >> Requesting for the AHB bus...
1594640000 >> AHB granted, starting recovery...
1613840000 >> Recovery done, continuing...
1613890000 >> Requesting for the AHB bus...
1614290000 >> Requesting for the AHB bus...
1614740000 >> AHB granted, starting recovery...
1633940000 >> Recovery done, continuing...
1633990000 >> Requesting for the AHB bus...
1634390000 >> Requesting for the AHB bus...
1634840000 >> AHB granted, starting recovery...
1654040000 >> Recovery done, continuing...
1654090000 >> Requesting for the AHB bus...
1654490000 >> Requesting for the AHB bus...
1654940000 >> AHB granted, starting recovery...
1674140000 >> Recovery done, continuing...
1674190000 >> Requesting for the AHB bus...
1674590000 >> Requesting for the AHB bus...
1675040000 >> AHB granted, starting recovery...
1694240000 >> Recovery done, continuing...
1694290000 >> Requesting for the AHB bus...
1694690000 >> Requesting for the AHB bus...
1695140000 >> AHB granted, starting recovery...
1714340000 >> Recovery done, continuing...
1714390000 >> Requesting for the AHB bus...
1714790000 >> Requesting for the AHB bus...
1715240000 >> AHB granted, starting recovery...
1734440000 >> Recovery done, continuing...
1734490000 >> Requesting for the AHB bus...
1734890000 >> Requesting for the AHB bus...
1735340000 >> AHB granted, starting recovery...
1754540000 >> Recovery done, continuing...
1754590000 >> Requesting for the AHB bus...
1754990000 >> Requesting for the AHB bus...
1755440000 >> AHB granted, starting recovery...
1774640000 >> Recovery done, continuing...
1774690000 >> Requesting for the AHB bus...
1775090000 >> Requesting for the AHB bus...
1775540000 >> AHB granted, starting recovery...
1794740000 >> Recovery done, continuing...
1794790000 >> Requesting for the AHB bus...
1795190000 >> Requesting for the AHB bus...
1795640000 >> AHB granted, starting recovery...
1814840000 >> Recovery done, continuing...
1814890000 >> Requesting for the AHB bus...
1815290000 >> Requesting for the AHB bus...
1815740000 >> AHB granted, starting recovery...
1834940000 >> Recovery done, continuing...
1834990000 >> Requesting for the AHB bus...
1835390000 >> Requesting for the AHB bus...
1835840000 >> AHB granted, starting recovery...
1855040000 >> Recovery done, continuing...
1855090000 >> Requesting for the AHB bus...
1855490000 >> Requesting for the AHB bus...
1855940000 >> AHB granted, starting recovery...
1875140000 >> Recovery done, continuing...
1875190000 >> Requesting for the AHB bus...
1875590000 >> Requesting for the AHB bus...
1876040000 >> AHB granted, starting recovery...
1895240000 >> Recovery done, continuing...
1895290000 >> Requesting for the AHB bus...
1895690000 >> Requesting for the AHB bus...
1896140000 >> AHB granted, starting recovery...
1915340000 >> Recovery done, continuing...
1915390000 >> Requesting for the AHB bus...
1915790000 >> Requesting for the AHB bus...
1916240000 >> AHB granted, starting recovery...
1935440000 >> Recovery done, continuing...
1935490000 >> Requesting for the AHB bus...
1935890000 >> Requesting for the AHB bus...
1936340000 >> AHB granted, starting recovery...
1955540000 >> Recovery done, continuing...
1955590000 >> Requesting for the AHB bus...
1955990000 >> Requesting for the AHB bus...
1956440000 >> AHB granted, starting recovery...
1975640000 >> Recovery done, continuing...
1975690000 >> Requesting for the AHB bus...
1976090000 >> Requesting for the AHB bus...
1976540000 >> AHB granted, starting recovery...
1995740000 >> Recovery done, continuing...
1995790000 >> Requesting for the AHB bus...
1996190000 >> Requesting for the AHB bus...
1996640000 >> AHB granted, starting recovery...
2015840000 >> Recovery done, continuing...
2015890000 >> Requesting for the AHB bus...
2016290000 >> Requesting for the AHB bus...
2016740000 >> AHB granted, starting recovery...
2035940000 >> Recovery done, continuing...
2035990000 >> Requesting for the AHB bus...
2036390000 >> Requesting for the AHB bus...
2036840000 >> AHB granted, starting recovery...
2056040000 >> Recovery done, continuing...
2056090000 >> Requesting for the AHB bus...
2056490000 >> Requesting for the AHB bus...
2056940000 >> AHB granted, starting recovery...
2076140000 >> Recovery done, continuing...
2076190000 >> Requesting for the AHB bus...
2076590000 >> Requesting for the AHB bus...
2077040000 >> AHB granted, starting recovery...
2096240000 >> Recovery done, continuing...
2096290000 >> Requesting for the AHB bus...
2096690000 >> Requesting for the AHB bus...
2097140000 >> AHB granted, starting recovery...
2116340000 >> Recovery done, continuing...
2116390000 >> Requesting for the AHB bus...
2116790000 >> Requesting for the AHB bus...
2117240000 >> AHB granted, starting recovery...
2136440000 >> Recovery done, continuing...
2136490000 >> Requesting for the AHB bus...
2136890000 >> Requesting for the AHB bus...
2137340000 >> AHB granted, starting recovery...
2156540000 >> Recovery done, continuing...
2156590000 >> Requesting for the AHB bus...
2156990000 >> Requesting for the AHB bus...
2157440000 >> AHB granted, starting recovery...
2176640000 >> Recovery done, continuing...
2176690000 >> Requesting for the AHB bus...
2177090000 >> Requesting for the AHB bus...
2177540000 >> AHB granted, starting recovery...
2196740000 >> Recovery done, continuing...
2196790000 >> Requesting for the AHB bus...
2197190000 >> Requesting for the AHB bus...
2197640000 >> AHB granted, starting recovery...
2216840000 >> Recovery done, continuing...
2216890000 >> Requesting for the AHB bus...
2217290000 >> Requesting for the AHB bus...
2217740000 >> AHB granted, starting recovery...
2236940000 >> Recovery done, continuing...
2236990000 >> Requesting for the AHB bus...
2237390000 >> Requesting for the AHB bus...
2237840000 >> AHB granted, starting recovery...
2257040000 >> Recovery done, continuing...
2257090000 >> Requesting for the AHB bus...
2257490000 >> Requesting for the AHB bus...
2257940000 >> AHB granted, starting recovery...
2277140000 >> Recovery done, continuing...
2277190000 >> Requesting for the AHB bus...
2277590000 >> Requesting for the AHB bus...
2278040000 >> AHB granted, starting recovery...
2297240000 >> Recovery done, continuing...
2297290000 >> Requesting for the AHB bus...
2297690000 >> Requesting for the AHB bus...
2298140000 >> AHB granted, starting recovery...
2317340000 >> Recovery done, continuing...
2317390000 >> Requesting for the AHB bus...
2317790000 >> Requesting for the AHB bus...
2318240000 >> AHB granted, starting recovery...
2337440000 >> Recovery done, continuing...
2337490000 >> Requesting for the AHB bus...
2337890000 >> Requesting for the AHB bus...
2338340000 >> AHB granted, starting recovery...
2357540000 >> Recovery done, continuing...
2357590000 >> Requesting for the AHB bus...
2357990000 >> Requesting for the AHB bus...
2358440000 >> AHB granted, starting recovery...
2377640000 >> Recovery done, continuing...
2377690000 >> Requesting for the AHB bus...
2378090000 >> Requesting for the AHB bus...
2378540000 >> AHB granted, starting recovery...
2397740000 >> Recovery done, continuing...
2397790000 >> Requesting for the AHB bus...
2398190000 >> Requesting for the AHB bus...
2398640000 >> AHB granted, starting recovery...
2417840000 >> Recovery done, continuing...
2417890000 >> Requesting for the AHB bus...
2418290000 >> Requesting for the AHB bus...
2418740000 >> AHB granted, starting recovery...
2437940000 >> Recovery done, continuing...
2437990000 >> Requesting for the AHB bus...
2438390000 >> Requesting for the AHB bus...
2438840000 >> AHB granted, starting recovery...
2458040000 >> Recovery done, continuing...
2458090000 >> Requesting for the AHB bus...
2458490000 >> Requesting for the AHB bus...
2458940000 >> AHB granted, starting recovery...
2478140000 >> Recovery done, continuing...
2478190000 >> Requesting for the AHB bus...
2478590000 >> Requesting for the AHB bus...
2479040000 >> AHB granted, starting recovery...
2498240000 >> Recovery done, continuing...
2498290000 >> Requesting for the AHB bus...
2498690000 >> Requesting for the AHB bus...
2499140000 >> AHB granted, starting recovery...
2518340000 >> Recovery done, continuing...
2518390000 >> Requesting for the AHB bus...
2518790000 >> Requesting for the AHB bus...
2519240000 >> AHB granted, starting recovery...
2538440000 >> Recovery done, continuing...
2538490000 >> Requesting for the AHB bus...
2538890000 >> Requesting for the AHB bus...
2539340000 >> AHB granted, starting recovery...
2558540000 >> Recovery done, continuing...
2558590000 >> Requesting for the AHB bus...
2558990000 >> Requesting for the AHB bus...
2559440000 >> AHB granted, starting recovery...
2578640000 >> Recovery done, continuing...
2578690000 >> Requesting for the AHB bus...
2579090000 >> Requesting for the AHB bus...
2579540000 >> AHB granted, starting recovery...
2598740000 >> Recovery done, continuing...
2598790000 >> Requesting for the AHB bus...
2599290000 >> Requesting for the AHB bus...
2599740000 >> AHB granted, starting recovery...
2618940000 >> Recovery done, continuing...
2618990000 >> Requesting for the AHB bus...
2619390000 >> Requesting for the AHB bus...
2619840000 >> AHB granted, starting recovery...
2639040000 >> Recovery done, continuing...
2639090000 >> Requesting for the AHB bus...
2639490000 >> Requesting for the AHB bus...
2639940000 >> AHB granted, starting recovery...
2659140000 >> Recovery done, continuing...
2659190000 >> Requesting for the AHB bus...
2659590000 >> Requesting for the AHB bus...
2660040000 >> AHB granted, starting recovery...
2679240000 >> Recovery done, continuing...
2679290000 >> Requesting for the AHB bus...
2679690000 >> Requesting for the AHB bus...
2680140000 >> AHB granted, starting recovery...
2699340000 >> Recovery done, continuing...
2699390000 >> Requesting for the AHB bus...
2699790000 >> Requesting for the AHB bus...
2700240000 >> AHB granted, starting recovery...
2719440000 >> Recovery done, continuing...
2719490000 >> Requesting for the AHB bus...
2719890000 >> Requesting for the AHB bus...
2720340000 >> AHB granted, starting recovery...
2739540000 >> Recovery done, continuing...
2739590000 >> Requesting for the AHB bus...
2740090000 >> Requesting for the AHB bus...
2740540000 >> AHB granted, starting recovery...
2759740000 >> Recovery done, continuing...
2759790000 >> Requesting for the AHB bus...
2760190000 >> Requesting for the AHB bus...
2760640000 >> AHB granted, starting recovery...
2779840000 >> Recovery done, continuing...
2779890000 >> Requesting for the AHB bus...
2780290000 >> Requesting for the AHB bus...
2780740000 >> AHB granted, starting recovery...
2799940000 >> Recovery done, continuing...
2799990000 >> Requesting for the AHB bus...
2800390000 >> Requesting for the AHB bus...
2800840000 >> AHB granted, starting recovery...
2820040000 >> Recovery done, continuing...
2820090000 >> Requesting for the AHB bus...
2820490000 >> Requesting for the AHB bus...
2820940000 >> AHB granted, starting recovery...
2840140000 >> Recovery done, continuing...
2840190000 >> Requesting for the AHB bus...
2840590000 >> Requesting for the AHB bus...
2841040000 >> AHB granted, starting recovery...
2860240000 >> Recovery done, continuing...
2860290000 >> Requesting for the AHB bus...
2860690000 >> Requesting for the AHB bus...
2861140000 >> AHB granted, starting recovery...
2880340000 >> Recovery done, continuing...
2880390000 >> Requesting for the AHB bus...
2880890000 >> Requesting for the AHB bus...
2881340000 >> AHB granted, starting recovery...
2899665000 >> time limit reached...
/testbench/cpu/l3/u0/leon3x0/vhdl/p0/iu/r.w.wreg:0
/testbench/cpu/l3/u0/leon3x0/vhdl/p0/iu/r.m.irqen:1
/testbench/cpu/l3/u0/leon3x0/vhdl/p0/iu/r.m.icc:1001
/testbench/cpu/l3/u0/leon3x0/vhdl/p0/iu/r.a.ticc:0
/testbench/cpu/l3/u0/leon3x0/vhdl/p0/iu/r.a.step:0
/testbench/cpu/l3/u0/leon3x0/vhdl/p0/iu/r.m.irqen2:1
/testbench/cpu/l3/u0/leon3x0/vhdl/p0/iu/r.d.pc:01000000000000000000001001111100
/testbench/cpu/l3/u0/leon3x0/vhdl/p0/iu/r.d.rexpl:{{00000000000000000000000000000000} {00} {0} 0 0 {0000000000000000000} 0 0 0 0 0 0}
/testbench/cpu/l3/u0/leon3x0/vhdl/p0/iu/r.d.mexc:0
/testbench/cpu/l3/u0/leon3x0/vhdl/p0/iu/r.a.aw:0
/testbench/cpu/l3/u0/leon3x0/vhdl/p0/iu/r.e.ctrl:{{01000000000000000000000111001000} {00010000100000000000000000101101} {00} {01011000} {000000} 0 0 0 0 0 0 1 0 0}
/testbench/cpu/l3/u0/leon3x0/vhdl/p0/iu/r.a.divstart:0
/testbench/cpu/l3/u0/leon3x0/vhdl/p0/iu/r.e.shleft:0
/testbench/cpu/l3/u0/leon3x0/vhdl/p0/iu/r.a.bp:0
/testbench/cpu/l3/u0/leon3x0/vhdl/p0/iu/r.w.twcwp:000
/testbench/cpu/l3/u0/leon3x0/vhdl/p0/iu/r.a.jmpl:0
/testbench/cpu/l3/u0/leon3x0/vhdl/p0/iu/r.m.casa:0
/testbench/cpu/l3/u0/leon3x0/vhdl/p0/iu/r.m.werr:0
/testbench/cpu/l3/u0/leon3x0/vhdl/p0/iu/r.e.su:1
/testbench/cpu/l3/u0/leon3x0/vhdl/p0/iu/r.e.et:1
/testbench/cpu/l3/u0/leon3x0/vhdl/p0/iu/r.a.ldcheck1:0
/testbench/cpu/l3/u0/leon3x0/vhdl/p0/iu/r.d.stwin:000
/testbench/cpu/l3/u0/leon3x0/vhdl/p0/iu/r.a.ldcheck2:0
/testbench/cpu/l3/u0/leon3x0/vhdl/p0/iu/r.x.intack:0
/testbench/cpu/l3/u0/leon3x0/vhdl/p0/iu/r.m.ctrl:{{01000000000000000000000111000100} {11000000001001111011111111111000} {01} {10000000} {000000} 0 0 0 0 0 0 0 0 0}
/testbench/cpu/l3/u0/leon3x0/vhdl/p0/iu/r.a.cwp:101
/testbench/cpu/l3/u0/leon3x0/vhdl/p0/iu/r.e.sari:0
/testbench/cpu/l3/u0/leon3x0/vhdl/p0/iu/r.d.paw:0
/testbench/cpu/l3/u0/leon3x0/vhdl/p0/iu/r.d.aw:0
/testbench/cpu/l3/u0/leon3x0/vhdl/p0/iu/r.d.awp:000
/testbench/cpu/l3/u0/leon3x0/vhdl/p0/iu/r.x.ctrl:{{01000000000000000000000111000100} {11000000001001111011111111111000} {00} {10000000} {000000} 0 0 0 0 0 0 1 0 0}
/testbench/cpu/l3/u0/leon3x0/vhdl/p0/iu/r.m.rexnalign:0
/testbench/cpu/l3/u0/leon3x0/vhdl/p0/iu/r.m.su:1
/testbench/cpu/l3/u0/leon3x0/vhdl/p0/iu/r.m.wcwp:0
/testbench/cpu/l3/u0/leon3x0/vhdl/p0/iu/r.d.divrdy:0
/testbench/cpu/l3/u0/leon3x0/vhdl/p0/iu/r.e.cwp:101
/testbench/cpu/l3/u0/leon3x0/vhdl/p0/iu/r.w.except:0
/testbench/cpu/l3/u0/leon3x0/vhdl/p0/iu/r.x.nerror:0
/testbench/cpu/l3/u0/leon3x0/vhdl/p0/iu/r.a.bpimiss:0
/testbench/cpu/l3/u0/leon3x0/vhdl/p0/iu/r.a.nobp:0
/testbench/cpu/l3/u0/leon3x0/vhdl/p0/iu/r.d.rexcnt:0
/testbench/cpu/l3/u0/leon3x0/vhdl/p0/iu/r.w.s:{{101} {1001} {00000000} {01000000000000000000} {00000010} {0000} 0 0 1 1 1 {00000000000000000000000000000000} {UUUUUUUUUUUUUUUUUUUUUUUUUUUUUUUU} 1 0 0 1 1 1 0 0 {000} {000} {111}}
/testbench/cpu/l3/u0/leon3x0/vhdl/p0/iu/r.d.pv:1
/testbench/cpu/l3/u0/leon3x0/vhdl/p0/iu/r.a.ldchkra:1
/testbench/cpu/l3/u0/leon3x0/vhdl/p0/iu/r.a.rfa1:10000000
/testbench/cpu/l3/u0/leon3x0/vhdl/p0/iu/r.a.rfa2:10000000
/testbench/cpu/l3/u0/leon3x0/vhdl/p0/iu/r.a.imm:00000000000000000000000000000000
/testbench/cpu/l3/u0/leon3x0/vhdl/p0/iu/r.w.wa:01101001
/testbench/cpu/l3/u0/leon3x0/vhdl/p0/iu/r.m.casaz:0
/testbench/cpu/l3/u0/leon3x0/vhdl/p0/iu/r.x.dci:{0 1 0 0 0 0 {10} {00001011}}
/testbench/cpu/l3/u0/leon3x0/vhdl/p0/iu/r.x.mac:0
/testbench/cpu/l3/u0/leon3x0/vhdl/p0/iu/r.m.divz:0
/testbench/cpu/l3/u0/leon3x0/vhdl/p0/iu/r.d.inst:{{11000010000001111011111111111000}}
/testbench/cpu/l3/u0/leon3x0/vhdl/p0/iu/r.e.rfe1:0
/testbench/cpu/l3/u0/leon3x0/vhdl/p0/iu/r.a.wovf:0
/testbench/cpu/l3/u0/leon3x0/vhdl/p0/iu/r.e.rfe2:0
/testbench/cpu/l3/u0/leon3x0/vhdl/p0/iu/r.e.op1:00000000000000000000000000000000
/testbench/cpu/l3/u0/leon3x0/vhdl/p0/iu/r.m.nalign:0
/testbench/cpu/l3/u0/leon3x0/vhdl/p0/iu/r.e.op2:00000000000000000000000000000110
/testbench/cpu/l3/u0/leon3x0/vhdl/p0/iu/r.d.rexen:0
/testbench/cpu/l3/u0/leon3x0/vhdl/p0/iu/r.a.ctrl:{{01000000000000000000000111001100} {00000001000000000000000000000000} {00} {10000000} {000000} 0 0 0 0 0 0 1 0 0}
/testbench/cpu/l3/u0/leon3x0/vhdl/p0/iu/r.x.ipend:0
/testbench/cpu/l3/u0/leon3x0/vhdl/p0/iu/r.e.ldbp1:0
/testbench/cpu/l3/u0/leon3x0/vhdl/p0/iu/r.e.aluadd:1
/testbench/cpu/l3/u0/leon3x0/vhdl/p0/iu/r.d.set:0
/testbench/cpu/l3/u0/leon3x0/vhdl/p0/iu/r.d.inull:0
/testbench/cpu/l3/u0/leon3x0/vhdl/p0/iu/r.e.ldbp2:0
/testbench/cpu/l3/u0/leon3x0/vhdl/p0/iu/r.d.cnt:00
/testbench/cpu/l3/u0/leon3x0/vhdl/p0/iu/r.a.su:1
/testbench/cpu/l3/u0/leon3x0/vhdl/p0/iu/r.a.et:1
/testbench/cpu/l3/u0/leon3x0/vhdl/p0/iu/r.e.mul:0
/testbench/cpu/l3/u0/leon3x0/vhdl/p0/iu/r.e.alusel:11
/testbench/cpu/l3/u0/leon3x0/vhdl/p0/iu/r.e.aw:U
/testbench/cpu/l3/u0/leon3x0/vhdl/p0/iu/r.e.mac:0
/testbench/cpu/l3/u0/leon3x0/vhdl/p0/iu/r.a.decill:0
/testbench/cpu/l3/u0/leon3x0/vhdl/p0/iu/r.x.icc:1001
/testbench/cpu/l3/u0/leon3x0/vhdl/p0/iu/r.x.result:01000000000011111111111010010000
/testbench/cpu/l3/u0/leon3x0/vhdl/p0/iu/r.e.bp:0
/testbench/cpu/l3/u0/leon3x0/vhdl/p0/iu/r.a.rs1:00000
/testbench/cpu/l3/u0/leon3x0/vhdl/p0/iu/r.e.jmpl:0
/testbench/cpu/l3/u0/leon3x0/vhdl/p0/iu/r.a.rsel1:101
/testbench/cpu/l3/u0/leon3x0/vhdl/p0/iu/r.x.y:00000000000000000000000000000000
/testbench/cpu/l3/u0/leon3x0/vhdl/p0/iu/r.a.rsel2:100
/testbench/cpu/l3/u0/leon3x0/vhdl/p0/iu/r.a.awp:000
/testbench/cpu/l3/u0/leon3x0/vhdl/p0/iu/r.a.paw:0
/testbench/cpu/l3/u0/leon3x0/vhdl/p0/iu/r.x.data:{{00000000000000000000000000000000}}
/testbench/cpu/l3/u0/leon3x0/vhdl/p0/iu/r.m.mul:0
/testbench/cpu/l3/u0/leon3x0/vhdl/p0/iu/r.e.rd:UUUUU
/testbench/cpu/l3/u0/leon3x0/vhdl/p0/iu/r.e.invop2:0
/testbench/cpu/l3/u0/leon3x0/vhdl/p0/iu/r.m.wawp:0
/testbench/cpu/l3/u0/leon3x0/vhdl/p0/iu/r.d.cwpmax:111
/testbench/cpu/l3/u0/leon3x0/vhdl/p0/iu/r.f.branch:1
/testbench/cpu/l3/u0/leon3x0/vhdl/p0/iu/r.d.pcheld:0
/testbench/cpu/l3/u0/leon3x0/vhdl/p0/iu/r.m.dci:{0 0 0 1 0 0 {10} {00001011}}
/testbench/cpu/l3/u0/leon3x0/vhdl/p0/iu/r.e.paw:U
/testbench/cpu/l3/u0/leon3x0/vhdl/p0/iu/r.e.awp:UUU
/testbench/cpu/l3/u0/leon3x0/vhdl/p0/iu/r.e.shcnt:00110
/testbench/cpu/l3/u0/leon3x0/vhdl/p0/iu/r.w.result:01000000000000000001001101010000
/testbench/cpu/l3/u0/leon3x0/vhdl/p0/iu/r.m.mac:0
/testbench/cpu/l3/u0/leon3x0/vhdl/p0/iu/r.m.y:00000000000000000000000000000000
/testbench/cpu/l3/u0/leon3x0/vhdl/p0/iu/r.d.cwp:101
/testbench/cpu/l3/u0/leon3x0/vhdl/p0/iu/r.x.laddr:00
/testbench/cpu/l3/u0/leon3x0/vhdl/p0/iu/r.e.mulstep:0
/testbench/cpu/l3/u0/leon3x0/vhdl/p0/iu/r.e.ymsb:0
/testbench/cpu/l3/u0/leon3x0/vhdl/p0/iu/r.d.rexbuf:00000000000000000000000000000000
/testbench/cpu/l3/u0/leon3x0/vhdl/p0/iu/r.x.npc:100
/testbench/cpu/l3/u0/leon3x0/vhdl/p0/iu/r.f.pc:01000000000000000000000111001100
/testbench/cpu/l3/u0/leon3x0/vhdl/p0/iu/r.d.annul:0
/testbench/cpu/l3/u0/leon3x0/vhdl/p0/iu/r.x.rstate:run
/testbench/cpu/l3/u0/leon3x0/vhdl/p0/iu/r.x.set:0
/testbench/cpu/l3/u0/leon3x0/vhdl/p0/iu/r.m.result:00000000000000000000000000000000
/testbench/cpu/l3/u0/leon3x0/vhdl/p0/iu/r.e.icc:UUUU
/testbench/cpu/l3/u0/leon3x0/vhdl/p0/iu/r.a.getpc:0
/testbench/cpu/l3/u0/leon3x0/vhdl/p0/iu/r.a.ldchkex:1
/testbench/cpu/l3/u0/leon3x0/vhdl/p0/iu/r.x.mexc:0
/testbench/cpu/l3/u0/leon3x0/vhdl/p0/iu/r.a.mulstart:0
/testbench/cpu/l3/u0/leon3x0/vhdl/p0/iu/r.d.rexpos:10
/testbench/cpu/l3/u0/leon3x0/vhdl/p0/iu/r.x.annul_all:0
/testbench/cpu/l3/u0/leon3x0/vhdl/p0/iu/r.e.aluop:000
/testbench/cpu/l3/u0/leon3x0/vhdl/p0/iu/r.x.debug:0
/testbench/cpu/l3/u0/leon3x0/vhdl/p0/iu/r.a.rfe1:0
/testbench/cpu/l3/u0/leon3x0/vhdl/p0/iu/r.d.step:0
/testbench/cpu/l3/u0/leon3x0/vhdl/p0/iu/r.a.rfe2:0
/testbench/cpu/l3/u0/leon3x0/vhdl/p0/iu/r.e.alucin:0
/testbench/cpu/l3/u0/leon3x0/vhdl/p0/iu/r.a.wunf:0
======================================
progstatus: -2
execerr: 71
latent: 1
time limit!
>>>>>>>>>>>>>>> 2899665000
======================================
