Test signal = /testbench/cpu/l3/u0/leon3x0/vhdl/p0/iu/r.d.cnt
oldval = 00
pos1: -1 pos0: 1 posU: -1
newval = 01
Signal value: 00
oldval = 00
pos1: -1 pos0: 1 posU: -1
newval = 01
force in 2997063
586290000 >> iteration no: 0
1598340000 >> iteration no: 1
2610390000 >> iteration no: 2
3579565000 >> Requesting for the AHB bus...
3580365000 >> AHB granted, starting recovery...
3599565000 >> Recovery done, continuing...
3600265000 >> Requesting for the AHB bus...
3601065000 >> AHB granted, starting recovery...
3620265000 >> Recovery done, continuing...
3620965000 >> Requesting for the AHB bus...
3621765000 >> AHB granted, starting recovery...
3640965000 >> Recovery done, continuing...
3641665000 >> Requesting for the AHB bus...
3642465000 >> AHB granted, starting recovery...
3661665000 >> Recovery done, continuing...
3662365000 >> Requesting for the AHB bus...
3663165000 >> AHB granted, starting recovery...
3682365000 >> Recovery done, continuing...
3683065000 >> Requesting for the AHB bus...
3683865000 >> AHB granted, starting recovery...
3703065000 >> Recovery done, continuing...
3703765000 >> Requesting for the AHB bus...
3704565000 >> AHB granted, starting recovery...
3723765000 >> Recovery done, continuing...
3724465000 >> Requesting for the AHB bus...
3725265000 >> AHB granted, starting recovery...
3744465000 >> Recovery done, continuing...
3745165000 >> Requesting for the AHB bus...
3745965000 >> AHB granted, starting recovery...
3765165000 >> Recovery done, continuing...
3765865000 >> Requesting for the AHB bus...
3766665000 >> AHB granted, starting recovery...
3785865000 >> Recovery done, continuing...
3786565000 >> Requesting for the AHB bus...
3787365000 >> AHB granted, starting recovery...
3806565000 >> Recovery done, continuing...
3807265000 >> Requesting for the AHB bus...
3808065000 >> AHB granted, starting recovery...
3827265000 >> Recovery done, continuing...
3828140000 >> Requesting for the AHB bus...
3828940000 >> AHB granted, starting recovery...
3848140000 >> Recovery done, continuing...
3848840000 >> Requesting for the AHB bus...
3849640000 >> AHB granted, starting recovery...
3868840000 >> Recovery done, continuing...
3869540000 >> Requesting for the AHB bus...
3870340000 >> AHB granted, starting recovery...
3889540000 >> Recovery done, continuing...
3890240000 >> Requesting for the AHB bus...
3891040000 >> AHB granted, starting recovery...
3910240000 >> Recovery done, continuing...
3910940000 >> Requesting for the AHB bus...
3911865000 >> AHB granted, starting recovery...
3931065000 >> Recovery done, continuing...
3931765000 >> Requesting for the AHB bus...
3932565000 >> AHB granted, starting recovery...
3951765000 >> Recovery done, continuing...
3952465000 >> Requesting for the AHB bus...
3953265000 >> AHB granted, starting recovery...
3972465000 >> Recovery done, continuing...
3973165000 >> Requesting for the AHB bus...
3973965000 >> AHB granted, starting recovery...
3993165000 >> Recovery done, continuing...
3993865000 >> Requesting for the AHB bus...
3994665000 >> AHB granted, starting recovery...
4013865000 >> Recovery done, continuing...
4014565000 >> Requesting for the AHB bus...
4015365000 >> AHB granted, starting recovery...
4034565000 >> Recovery done, continuing...
4035265000 >> Requesting for the AHB bus...
4036065000 >> AHB granted, starting recovery...
4055265000 >> Recovery done, continuing...
4055965000 >> Requesting for the AHB bus...
4056765000 >> AHB granted, starting recovery...
4075965000 >> Recovery done, continuing...
4076665000 >> Requesting for the AHB bus...
4077465000 >> AHB granted, starting recovery...
4096665000 >> Recovery done, continuing...
4097365000 >> Requesting for the AHB bus...
4098165000 >> AHB granted, starting recovery...
4117365000 >> Recovery done, continuing...
4118065000 >> Requesting for the AHB bus...
4118865000 >> AHB granted, starting recovery...
4138065000 >> Recovery done, continuing...
4138765000 >> Requesting for the AHB bus...
4139565000 >> AHB granted, starting recovery...
4158765000 >> Recovery done, continuing...
4159465000 >> Requesting for the AHB bus...
4160265000 >> AHB granted, starting recovery...
4179465000 >> Recovery done, continuing...
4180340000 >> Requesting for the AHB bus...
4181140000 >> AHB granted, starting recovery...
4200340000 >> Recovery done, continuing...
4201040000 >> Requesting for the AHB bus...
4201840000 >> AHB granted, starting recovery...
4221040000 >> Recovery done, continuing...
4221740000 >> Requesting for the AHB bus...
4222540000 >> AHB granted, starting recovery...
4241740000 >> Recovery done, continuing...
4242440000 >> Requesting for the AHB bus...
4243240000 >> AHB granted, starting recovery...
4262440000 >> Recovery done, continuing...
4263315000 >> Requesting for the AHB bus...
4264115000 >> AHB granted, starting recovery...
4283315000 >> Recovery done, continuing...
4284015000 >> Requesting for the AHB bus...
4284815000 >> AHB granted, starting recovery...
4304015000 >> Recovery done, continuing...
4304715000 >> Requesting for the AHB bus...
4305515000 >> AHB granted, starting recovery...
4324715000 >> Recovery done, continuing...
4325415000 >> Requesting for the AHB bus...
4326215000 >> AHB granted, starting recovery...
4345415000 >> Recovery done, continuing...
4346115000 >> Requesting for the AHB bus...
4347040000 >> AHB granted, starting recovery...
4366240000 >> Recovery done, continuing...
4366940000 >> Requesting for the AHB bus...
4367740000 >> AHB granted, starting recovery...
4386940000 >> Recovery done, continuing...
4387640000 >> Requesting for the AHB bus...
4388440000 >> AHB granted, starting recovery...
4407640000 >> Recovery done, continuing...
4408340000 >> Requesting for the AHB bus...
4409140000 >> AHB granted, starting recovery...
4428340000 >> Recovery done, continuing...
4429040000 >> Requesting for the AHB bus...
4429840000 >> AHB granted, starting recovery...
4449040000 >> Recovery done, continuing...
4449740000 >> Requesting for the AHB bus...
4450540000 >> AHB granted, starting recovery...
4469740000 >> Recovery done, continuing...
4470440000 >> Requesting for the AHB bus...
4471240000 >> AHB granted, starting recovery...
4490440000 >> Recovery done, continuing...
4491140000 >> Requesting for the AHB bus...
4491940000 >> AHB granted, starting recovery...
4511140000 >> Recovery done, continuing...
4511840000 >> Requesting for the AHB bus...
4512640000 >> AHB granted, starting recovery...
4531840000 >> Recovery done, continuing...
4532540000 >> Requesting for the AHB bus...
4533340000 >> AHB granted, starting recovery...
4552540000 >> Recovery done, continuing...
4553240000 >> Requesting for the AHB bus...
4554040000 >> AHB granted, starting recovery...
4573240000 >> Recovery done, continuing...
4573940000 >> Requesting for the AHB bus...
4574740000 >> AHB granted, starting recovery...
4593940000 >> Recovery done, continuing...
4594640000 >> Requesting for the AHB bus...
4595440000 >> AHB granted, starting recovery...
4614640000 >> Recovery done, continuing...
4615515000 >> Requesting for the AHB bus...
4616315000 >> AHB granted, starting recovery...
4635515000 >> Recovery done, continuing...
4636215000 >> Requesting for the AHB bus...
4637015000 >> AHB granted, starting recovery...
4656215000 >> Recovery done, continuing...
4656915000 >> Requesting for the AHB bus...
4657715000 >> AHB granted, starting recovery...
4676915000 >> Recovery done, continuing...
4677615000 >> Requesting for the AHB bus...
4678415000 >> AHB granted, starting recovery...
4697615000 >> Recovery done, continuing...
4698490000 >> Requesting for the AHB bus...
4699290000 >> AHB granted, starting recovery...
4718490000 >> Recovery done, continuing...
4719190000 >> Requesting for the AHB bus...
4719990000 >> AHB granted, starting recovery...
4739190000 >> Recovery done, continuing...
4739890000 >> Requesting for the AHB bus...
4740690000 >> AHB granted, starting recovery...
4759890000 >> Recovery done, continuing...
4760590000 >> Requesting for the AHB bus...
4761390000 >> AHB granted, starting recovery...
4780590000 >> Recovery done, continuing...
4781290000 >> Requesting for the AHB bus...
4782215000 >> AHB granted, starting recovery...
4801415000 >> Recovery done, continuing...
4802115000 >> Requesting for the AHB bus...
4802915000 >> AHB granted, starting recovery...
4822115000 >> Recovery done, continuing...
4822815000 >> Requesting for the AHB bus...
4823615000 >> AHB granted, starting recovery...
4842815000 >> Recovery done, continuing...
4843515000 >> Requesting for the AHB bus...
4844315000 >> AHB granted, starting recovery...
4863515000 >> Recovery done, continuing...
4864215000 >> Requesting for the AHB bus...
4865015000 >> AHB granted, starting recovery...
4884215000 >> Recovery done, continuing...
4884915000 >> Requesting for the AHB bus...
4885715000 >> AHB granted, starting recovery...
4904915000 >> Recovery done, continuing...
4905615000 >> Requesting for the AHB bus...
4906415000 >> AHB granted, starting recovery...
4925615000 >> Recovery done, continuing...
4926315000 >> Requesting for the AHB bus...
4927115000 >> AHB granted, starting recovery...
4946315000 >> Recovery done, continuing...
4947015000 >> Requesting for the AHB bus...
4947815000 >> AHB granted, starting recovery...
4967015000 >> Recovery done, continuing...
4967715000 >> Requesting for the AHB bus...
4968515000 >> AHB granted, starting recovery...
4987715000 >> Recovery done, continuing...
4988415000 >> Requesting for the AHB bus...
4989215000 >> AHB granted, starting recovery...
5008415000 >> Recovery done, continuing...
5009115000 >> Requesting for the AHB bus...
5009915000 >> AHB granted, starting recovery...
5029115000 >> Recovery done, continuing...
5029815000 >> Requesting for the AHB bus...
5030615000 >> AHB granted, starting recovery...
5049815000 >> Recovery done, continuing...
5050690000 >> Requesting for the AHB bus...
5051490000 >> AHB granted, starting recovery...
5070690000 >> Recovery done, continuing...
5071390000 >> Requesting for the AHB bus...
5072190000 >> AHB granted, starting recovery...
5091390000 >> Recovery done, continuing...
5092090000 >> Requesting for the AHB bus...
5092890000 >> AHB granted, starting recovery...
5112090000 >> Recovery done, continuing...
5112790000 >> Requesting for the AHB bus...
5113590000 >> AHB granted, starting recovery...
5132790000 >> Recovery done, continuing...
5133665000 >> Requesting for the AHB bus...
5134465000 >> AHB granted, starting recovery...
5153665000 >> Recovery done, continuing...
5154365000 >> Requesting for the AHB bus...
5155165000 >> AHB granted, starting recovery...
5174365000 >> Recovery done, continuing...
5175065000 >> Requesting for the AHB bus...
5175865000 >> AHB granted, starting recovery...
5195065000 >> Recovery done, continuing...
5195765000 >> Requesting for the AHB bus...
5196565000 >> AHB granted, starting recovery...
5215765000 >> Recovery done, continuing...
5216465000 >> Requesting for the AHB bus...
5217390000 >> AHB granted, starting recovery...
5236590000 >> Recovery done, continuing...
5237290000 >> Requesting for the AHB bus...
5238090000 >> AHB granted, starting recovery...
5257290000 >> Recovery done, continuing...
5257990000 >> Requesting for the AHB bus...
5258790000 >> AHB granted, starting recovery...
5277990000 >> Recovery done, continuing...
5278690000 >> Requesting for the AHB bus...
5279490000 >> AHB granted, starting recovery...
5298690000 >> Recovery done, continuing...
5299390000 >> Requesting for the AHB bus...
5300190000 >> AHB granted, starting recovery...
5319390000 >> Recovery done, continuing...
5320090000 >> Requesting for the AHB bus...
5320890000 >> AHB granted, starting recovery...
5340090000 >> Recovery done, continuing...
5340790000 >> Requesting for the AHB bus...
5341590000 >> AHB granted, starting recovery...
5360790000 >> Recovery done, continuing...
5361490000 >> Requesting for the AHB bus...
5362290000 >> AHB granted, starting recovery...
5381490000 >> Recovery done, continuing...
5382190000 >> Requesting for the AHB bus...
5382990000 >> AHB granted, starting recovery...
5402190000 >> Recovery done, continuing...
5402890000 >> Requesting for the AHB bus...
5403690000 >> AHB granted, starting recovery...
5422890000 >> Recovery done, continuing...
5423590000 >> Requesting for the AHB bus...
5424390000 >> AHB granted, starting recovery...
5443590000 >> Recovery done, continuing...
5444290000 >> Requesting for the AHB bus...
5445090000 >> AHB granted, starting recovery...
5464290000 >> Recovery done, continuing...
5464990000 >> Requesting for the AHB bus...
5465790000 >> AHB granted, starting recovery...
5484990000 >> Recovery done, continuing...
5485865000 >> Requesting for the AHB bus...
5486665000 >> AHB granted, starting recovery...
5505865000 >> Recovery done, continuing...
5506565000 >> Requesting for the AHB bus...
5507365000 >> AHB granted, starting recovery...
5526565000 >> Recovery done, continuing...
5527265000 >> Requesting for the AHB bus...
5528065000 >> AHB granted, starting recovery...
5547265000 >> Recovery done, continuing...
5547965000 >> Requesting for the AHB bus...
5548765000 >> AHB granted, starting recovery...
5567965000 >> Recovery done, continuing...
5568840000 >> Requesting for the AHB bus...
5569640000 >> AHB granted, starting recovery...
5588840000 >> Recovery done, continuing...
5589540000 >> Requesting for the AHB bus...
5590340000 >> AHB granted, starting recovery...
5609540000 >> Recovery done, continuing...
5610240000 >> Requesting for the AHB bus...
5611040000 >> AHB granted, starting recovery...
5630240000 >> Recovery done, continuing...
5630940000 >> Requesting for the AHB bus...
5631740000 >> AHB granted, starting recovery...
5650940000 >> Recovery done, continuing...
5651640000 >> Requesting for the AHB bus...
5652565000 >> AHB granted, starting recovery...
5671765000 >> Recovery done, continuing...
5672465000 >> Requesting for the AHB bus...
5673265000 >> AHB granted, starting recovery...
5692465000 >> Recovery done, continuing...
5693165000 >> Requesting for the AHB bus...
5693965000 >> AHB granted, starting recovery...
5713165000 >> Recovery done, continuing...
5713865000 >> Requesting for the AHB bus...
5714665000 >> AHB granted, starting recovery...
5733865000 >> Recovery done, continuing...
5734565000 >> Requesting for the AHB bus...
5735365000 >> AHB granted, starting recovery...
5745715000 >> time limit reached...
/testbench/cpu/l3/u0/leon3x0/vhdl/p0/iu/r.w.wreg:1
/testbench/cpu/l3/u0/leon3x0/vhdl/p0/iu/r.m.irqen:1
/testbench/cpu/l3/u0/leon3x0/vhdl/p0/iu/r.m.icc:1001
/testbench/cpu/l3/u0/leon3x0/vhdl/p0/iu/r.a.ticc:0
/testbench/cpu/l3/u0/leon3x0/vhdl/p0/iu/r.a.step:0
/testbench/cpu/l3/u0/leon3x0/vhdl/p0/iu/r.m.irqen2:1
/testbench/cpu/l3/u0/leon3x0/vhdl/p0/iu/r.d.pc:01000000000000000000001000100000
/testbench/cpu/l3/u0/leon3x0/vhdl/p0/iu/r.d.rexpl:{{00000000000000000000000000000000} {00} {0} 0 0 {0000000000000000000} 0 0 0 0 0 0}
/testbench/cpu/l3/u0/leon3x0/vhdl/p0/iu/r.d.mexc:0
/testbench/cpu/l3/u0/leon3x0/vhdl/p0/iu/r.a.aw:0
/testbench/cpu/l3/u0/leon3x0/vhdl/p0/iu/r.e.ctrl:{{01000000000000000000001000011100} {11000010000001111011111111111100} {00} {10000001} {000000} 0 0 1 0 0 1 1 0 0}
/testbench/cpu/l3/u0/leon3x0/vhdl/p0/iu/r.a.divstart:0
/testbench/cpu/l3/u0/leon3x0/vhdl/p0/iu/r.e.shleft:0
/testbench/cpu/l3/u0/leon3x0/vhdl/p0/iu/r.a.bp:0
/testbench/cpu/l3/u0/leon3x0/vhdl/p0/iu/r.w.twcwp:000
/testbench/cpu/l3/u0/leon3x0/vhdl/p0/iu/r.a.jmpl:0
/testbench/cpu/l3/u0/leon3x0/vhdl/p0/iu/r.m.casa:0
/testbench/cpu/l3/u0/leon3x0/vhdl/p0/iu/r.m.werr:0
/testbench/cpu/l3/u0/leon3x0/vhdl/p0/iu/r.e.su:1
/testbench/cpu/l3/u0/leon3x0/vhdl/p0/iu/r.e.et:1
/testbench/cpu/l3/u0/leon3x0/vhdl/p0/iu/r.a.ldcheck1:1
/testbench/cpu/l3/u0/leon3x0/vhdl/p0/iu/r.d.stwin:000
/testbench/cpu/l3/u0/leon3x0/vhdl/p0/iu/r.a.ldcheck2:0
/testbench/cpu/l3/u0/leon3x0/vhdl/p0/iu/r.x.intack:0
/testbench/cpu/l3/u0/leon3x0/vhdl/p0/iu/r.m.ctrl:{{01000000000000000000001000011000} {11000010001001111011111111111100} {01} {10000001} {000000} 0 0 0 0 0 0 0 0 0}
/testbench/cpu/l3/u0/leon3x0/vhdl/p0/iu/r.a.cwp:101
/testbench/cpu/l3/u0/leon3x0/vhdl/p0/iu/r.e.sari:0
/testbench/cpu/l3/u0/leon3x0/vhdl/p0/iu/r.d.paw:0
/testbench/cpu/l3/u0/leon3x0/vhdl/p0/iu/r.d.aw:0
/testbench/cpu/l3/u0/leon3x0/vhdl/p0/iu/r.d.awp:000
/testbench/cpu/l3/u0/leon3x0/vhdl/p0/iu/r.x.ctrl:{{01000000000000000000001000011000} {11000010001001111011111111111100} {00} {10000001} {000000} 0 0 0 0 0 0 1 0 0}
/testbench/cpu/l3/u0/leon3x0/vhdl/p0/iu/r.m.rexnalign:0
/testbench/cpu/l3/u0/leon3x0/vhdl/p0/iu/r.m.su:1
/testbench/cpu/l3/u0/leon3x0/vhdl/p0/iu/r.m.wcwp:0
/testbench/cpu/l3/u0/leon3x0/vhdl/p0/iu/r.d.divrdy:0
/testbench/cpu/l3/u0/leon3x0/vhdl/p0/iu/r.e.cwp:101
/testbench/cpu/l3/u0/leon3x0/vhdl/p0/iu/r.w.except:0
/testbench/cpu/l3/u0/leon3x0/vhdl/p0/iu/r.x.nerror:0
/testbench/cpu/l3/u0/leon3x0/vhdl/p0/iu/r.a.bpimiss:0
/testbench/cpu/l3/u0/leon3x0/vhdl/p0/iu/r.a.nobp:0
/testbench/cpu/l3/u0/leon3x0/vhdl/p0/iu/r.d.rexcnt:0
/testbench/cpu/l3/u0/leon3x0/vhdl/p0/iu/r.w.s:{{101} {1001} {00000000} {01000000000000000000} {00000010} {0000} 0 0 1 1 1 {00000000000000000000000000000000} {UUUUUUUUUUUUUUUUUUUUUUUUUUUUUUUU} 1 0 0 1 1 1 0 0 {000} {000} {111}}
/testbench/cpu/l3/u0/leon3x0/vhdl/p0/iu/r.d.pv:1
/testbench/cpu/l3/u0/leon3x0/vhdl/p0/iu/r.a.ldchkra:1
/testbench/cpu/l3/u0/leon3x0/vhdl/p0/iu/r.a.rfa1:10000001
/testbench/cpu/l3/u0/leon3x0/vhdl/p0/iu/r.a.rfa2:01011000
/testbench/cpu/l3/u0/leon3x0/vhdl/p0/iu/r.a.imm:00000000000000000000000000001000
/testbench/cpu/l3/u0/leon3x0/vhdl/p0/iu/r.w.wa:10000001
/testbench/cpu/l3/u0/leon3x0/vhdl/p0/iu/r.m.casaz:1
/testbench/cpu/l3/u0/leon3x0/vhdl/p0/iu/r.x.dci:{0 1 0 0 0 0 {10} {00001011}}
/testbench/cpu/l3/u0/leon3x0/vhdl/p0/iu/r.x.mac:0
/testbench/cpu/l3/u0/leon3x0/vhdl/p0/iu/r.m.divz:0
/testbench/cpu/l3/u0/leon3x0/vhdl/p0/iu/r.d.inst:{{10000000101000000110000000001000}}
/testbench/cpu/l3/u0/leon3x0/vhdl/p0/iu/r.e.rfe1:1
/testbench/cpu/l3/u0/leon3x0/vhdl/p0/iu/r.a.wovf:0
/testbench/cpu/l3/u0/leon3x0/vhdl/p0/iu/r.e.rfe2:0
/testbench/cpu/l3/u0/leon3x0/vhdl/p0/iu/r.e.op1:01000000000011111111111010100000
/testbench/cpu/l3/u0/leon3x0/vhdl/p0/iu/r.m.nalign:0
/testbench/cpu/l3/u0/leon3x0/vhdl/p0/iu/r.e.op2:11111111111111111111111111111100
/testbench/cpu/l3/u0/leon3x0/vhdl/p0/iu/r.d.rexen:0
/testbench/cpu/l3/u0/leon3x0/vhdl/p0/iu/r.a.ctrl:{{01000000000000000000001000100000} {10000000101000000110000000001000} {00} {10000000} {000000} 0 1 0 0 0 0 0 0 0}
/testbench/cpu/l3/u0/leon3x0/vhdl/p0/iu/r.x.ipend:0
/testbench/cpu/l3/u0/leon3x0/vhdl/p0/iu/r.e.ldbp1:0
/testbench/cpu/l3/u0/leon3x0/vhdl/p0/iu/r.e.aluadd:1
/testbench/cpu/l3/u0/leon3x0/vhdl/p0/iu/r.d.set:0
/testbench/cpu/l3/u0/leon3x0/vhdl/p0/iu/r.d.inull:0
/testbench/cpu/l3/u0/leon3x0/vhdl/p0/iu/r.e.ldbp2:0
/testbench/cpu/l3/u0/leon3x0/vhdl/p0/iu/r.d.cnt:01
/testbench/cpu/l3/u0/leon3x0/vhdl/p0/iu/r.a.su:1
/testbench/cpu/l3/u0/leon3x0/vhdl/p0/iu/r.a.et:1
/testbench/cpu/l3/u0/leon3x0/vhdl/p0/iu/r.e.mul:0
/testbench/cpu/l3/u0/leon3x0/vhdl/p0/iu/r.e.alusel:00
/testbench/cpu/l3/u0/leon3x0/vhdl/p0/iu/r.e.aw:U
/testbench/cpu/l3/u0/leon3x0/vhdl/p0/iu/r.e.mac:0
/testbench/cpu/l3/u0/leon3x0/vhdl/p0/iu/r.a.decill:0
/testbench/cpu/l3/u0/leon3x0/vhdl/p0/iu/r.x.icc:1001
/testbench/cpu/l3/u0/leon3x0/vhdl/p0/iu/r.x.result:01000000000011111111111010011100
/testbench/cpu/l3/u0/leon3x0/vhdl/p0/iu/r.e.bp:0
/testbench/cpu/l3/u0/leon3x0/vhdl/p0/iu/r.a.rs1:00001
/testbench/cpu/l3/u0/leon3x0/vhdl/p0/iu/r.e.jmpl:0
/testbench/cpu/l3/u0/leon3x0/vhdl/p0/iu/r.a.rsel1:001
/testbench/cpu/l3/u0/leon3x0/vhdl/p0/iu/r.x.y:00000000000000000000000000000000
/testbench/cpu/l3/u0/leon3x0/vhdl/p0/iu/r.a.rsel2:100
/testbench/cpu/l3/u0/leon3x0/vhdl/p0/iu/r.a.awp:000
/testbench/cpu/l3/u0/leon3x0/vhdl/p0/iu/r.a.paw:0
/testbench/cpu/l3/u0/leon3x0/vhdl/p0/iu/r.x.data:{{00000000000000000000000000000011}}
/testbench/cpu/l3/u0/leon3x0/vhdl/p0/iu/r.m.mul:0
/testbench/cpu/l3/u0/leon3x0/vhdl/p0/iu/r.e.rd:UUUUU
/testbench/cpu/l3/u0/leon3x0/vhdl/p0/iu/r.e.invop2:0
/testbench/cpu/l3/u0/leon3x0/vhdl/p0/iu/r.m.wawp:0
/testbench/cpu/l3/u0/leon3x0/vhdl/p0/iu/r.d.cwpmax:111
/testbench/cpu/l3/u0/leon3x0/vhdl/p0/iu/r.f.branch:0
/testbench/cpu/l3/u0/leon3x0/vhdl/p0/iu/r.d.pcheld:1
/testbench/cpu/l3/u0/leon3x0/vhdl/p0/iu/r.m.dci:{0 0 0 1 0 0 {10} {00001011}}
/testbench/cpu/l3/u0/leon3x0/vhdl/p0/iu/r.e.paw:U
/testbench/cpu/l3/u0/leon3x0/vhdl/p0/iu/r.e.awp:UUU
/testbench/cpu/l3/u0/leon3x0/vhdl/p0/iu/r.e.shcnt:11100
/testbench/cpu/l3/u0/leon3x0/vhdl/p0/iu/r.w.result:00000000000000000000000000000100
/testbench/cpu/l3/u0/leon3x0/vhdl/p0/iu/r.m.mac:0
/testbench/cpu/l3/u0/leon3x0/vhdl/p0/iu/r.m.y:00000000000000000000000000000000
/testbench/cpu/l3/u0/leon3x0/vhdl/p0/iu/r.d.cwp:101
/testbench/cpu/l3/u0/leon3x0/vhdl/p0/iu/r.x.laddr:00
/testbench/cpu/l3/u0/leon3x0/vhdl/p0/iu/r.e.mulstep:0
/testbench/cpu/l3/u0/leon3x0/vhdl/p0/iu/r.e.ymsb:0
/testbench/cpu/l3/u0/leon3x0/vhdl/p0/iu/r.d.rexbuf:00000000000000000000000000000000
/testbench/cpu/l3/u0/leon3x0/vhdl/p0/iu/r.x.npc:100
/testbench/cpu/l3/u0/leon3x0/vhdl/p0/iu/r.f.pc:01000000000000000000001000100100
/testbench/cpu/l3/u0/leon3x0/vhdl/p0/iu/r.d.annul:0
/testbench/cpu/l3/u0/leon3x0/vhdl/p0/iu/r.x.rstate:run
/testbench/cpu/l3/u0/leon3x0/vhdl/p0/iu/r.x.set:0
/testbench/cpu/l3/u0/leon3x0/vhdl/p0/iu/r.m.result:00000000000000000000000000000100
/testbench/cpu/l3/u0/leon3x0/vhdl/p0/iu/r.e.icc:UUUU
/testbench/cpu/l3/u0/leon3x0/vhdl/p0/iu/r.a.getpc:0
/testbench/cpu/l3/u0/leon3x0/vhdl/p0/iu/r.a.ldchkex:1
/testbench/cpu/l3/u0/leon3x0/vhdl/p0/iu/r.x.mexc:0
/testbench/cpu/l3/u0/leon3x0/vhdl/p0/iu/r.a.mulstart:0
/testbench/cpu/l3/u0/leon3x0/vhdl/p0/iu/r.d.rexpos:10
/testbench/cpu/l3/u0/leon3x0/vhdl/p0/iu/r.x.annul_all:0
/testbench/cpu/l3/u0/leon3x0/vhdl/p0/iu/r.e.aluop:000
/testbench/cpu/l3/u0/leon3x0/vhdl/p0/iu/r.x.debug:0
/testbench/cpu/l3/u0/leon3x0/vhdl/p0/iu/r.a.rfe1:0
/testbench/cpu/l3/u0/leon3x0/vhdl/p0/iu/r.d.step:0
/testbench/cpu/l3/u0/leon3x0/vhdl/p0/iu/r.a.rfe2:0
/testbench/cpu/l3/u0/leon3x0/vhdl/p0/iu/r.e.alucin:0
/testbench/cpu/l3/u0/leon3x0/vhdl/p0/iu/r.a.wunf:0
======================================
progstatus: -2
execerr: 105
latent: 1
time limit!
>>>>>>>>>>>>>>> 5745715000
======================================
