Test signal = /testbench/cpu/l3/u0/leon3x0/vhdl/p0/iu/r.m.wcwp
oldval = 0
pos1: -1 pos0: 0 posU: -1
newval = 1
Signal value: 0
oldval = 0
pos1: -1 pos0: 0 posU: -1
newval = 1
force in 2221359
586290000 >> iteration no: 0
1598340000 >> iteration no: 1
2610390000 >> iteration no: 2
2804765000 >> Requesting for the AHB bus...
2805340000 >> AHB granted, starting recovery...
2824540000 >> Recovery done, continuing...
2824590000 >> Requesting for the AHB bus...
2825640000 >> AHB granted, starting recovery...
2844840000 >> Recovery done, continuing...
2844890000 >> Requesting for the AHB bus...
2845940000 >> AHB granted, starting recovery...
2865140000 >> Recovery done, continuing...
2865190000 >> Requesting for the AHB bus...
2866240000 >> AHB granted, starting recovery...
2885440000 >> Recovery done, continuing...
2885490000 >> Requesting for the AHB bus...
2886540000 >> AHB granted, starting recovery...
2905740000 >> Recovery done, continuing...
2905790000 >> Requesting for the AHB bus...
2907015000 >> AHB granted, starting recovery...
2926215000 >> Recovery done, continuing...
2926265000 >> Requesting for the AHB bus...
2927315000 >> AHB granted, starting recovery...
2946515000 >> Recovery done, continuing...
2946565000 >> Requesting for the AHB bus...
2947615000 >> AHB granted, starting recovery...
2966815000 >> Recovery done, continuing...
2966865000 >> Requesting for the AHB bus...
2967915000 >> AHB granted, starting recovery...
2987115000 >> Recovery done, continuing...
2987165000 >> Requesting for the AHB bus...
2988215000 >> AHB granted, starting recovery...
3007415000 >> Recovery done, continuing...
3007465000 >> Requesting for the AHB bus...
3008515000 >> AHB granted, starting recovery...
3027715000 >> Recovery done, continuing...
3027765000 >> Requesting for the AHB bus...
3028815000 >> AHB granted, starting recovery...
3048015000 >> Recovery done, continuing...
3048065000 >> Requesting for the AHB bus...
3049115000 >> AHB granted, starting recovery...
3068315000 >> Recovery done, continuing...
3068365000 >> Requesting for the AHB bus...
3069415000 >> AHB granted, starting recovery...
3088615000 >> Recovery done, continuing...
3088665000 >> Requesting for the AHB bus...
3089715000 >> AHB granted, starting recovery...
3108915000 >> Recovery done, continuing...
3108965000 >> Requesting for the AHB bus...
3110015000 >> AHB granted, starting recovery...
3129215000 >> Recovery done, continuing...
3129265000 >> Requesting for the AHB bus...
3130315000 >> AHB granted, starting recovery...
3149515000 >> Recovery done, continuing...
3149565000 >> Requesting for the AHB bus...
3150615000 >> AHB granted, starting recovery...
3169815000 >> Recovery done, continuing...
3169865000 >> Requesting for the AHB bus...
3170915000 >> AHB granted, starting recovery...
3190115000 >> Recovery done, continuing...
3190165000 >> Requesting for the AHB bus...
3191215000 >> AHB granted, starting recovery...
3210415000 >> Recovery done, continuing...
3210465000 >> Requesting for the AHB bus...
3211515000 >> AHB granted, starting recovery...
3230715000 >> Recovery done, continuing...
3230765000 >> Requesting for the AHB bus...
3231815000 >> AHB granted, starting recovery...
3251015000 >> Recovery done, continuing...
3251065000 >> Requesting for the AHB bus...
3252115000 >> AHB granted, starting recovery...
3271315000 >> Recovery done, continuing...
3271365000 >> Requesting for the AHB bus...
3272415000 >> AHB granted, starting recovery...
3291615000 >> Recovery done, continuing...
3291665000 >> Requesting for the AHB bus...
3292715000 >> AHB granted, starting recovery...
3311915000 >> Recovery done, continuing...
3311965000 >> Requesting for the AHB bus...
3313015000 >> AHB granted, starting recovery...
3332215000 >> Recovery done, continuing...
3332265000 >> Requesting for the AHB bus...
3333315000 >> AHB granted, starting recovery...
3352515000 >> Recovery done, continuing...
3352565000 >> Requesting for the AHB bus...
3353615000 >> AHB granted, starting recovery...
3372815000 >> Recovery done, continuing...
3372865000 >> Requesting for the AHB bus...
3374090000 >> AHB granted, starting recovery...
3393290000 >> Recovery done, continuing...
3393340000 >> Requesting for the AHB bus...
3394390000 >> AHB granted, starting recovery...
3413590000 >> Recovery done, continuing...
3413640000 >> Requesting for the AHB bus...
3414690000 >> AHB granted, starting recovery...
3433890000 >> Recovery done, continuing...
3433940000 >> Requesting for the AHB bus...
3434990000 >> AHB granted, starting recovery...
3454190000 >> Recovery done, continuing...
3454240000 >> Requesting for the AHB bus...
3455290000 >> AHB granted, starting recovery...
3474490000 >> Recovery done, continuing...
3474540000 >> Requesting for the AHB bus...
3475590000 >> AHB granted, starting recovery...
3494790000 >> Recovery done, continuing...
3494840000 >> Requesting for the AHB bus...
3495940000 >> AHB granted, starting recovery...
3515140000 >> Recovery done, continuing...
3515190000 >> Requesting for the AHB bus...
3516240000 >> AHB granted, starting recovery...
3535440000 >> Recovery done, continuing...
3535490000 >> Requesting for the AHB bus...
3536540000 >> AHB granted, starting recovery...
3555740000 >> Recovery done, continuing...
3555790000 >> Requesting for the AHB bus...
3556840000 >> AHB granted, starting recovery...
3576040000 >> Recovery done, continuing...
3576090000 >> Requesting for the AHB bus...
3577140000 >> AHB granted, starting recovery...
3596340000 >> Recovery done, continuing...
3596390000 >> Requesting for the AHB bus...
3597440000 >> AHB granted, starting recovery...
3616640000 >> Recovery done, continuing...
3616690000 >> Requesting for the AHB bus...
3617740000 >> AHB granted, starting recovery...
3636940000 >> Recovery done, continuing...
3636990000 >> Requesting for the AHB bus...
3638040000 >> AHB granted, starting recovery...
3657240000 >> Recovery done, continuing...
3657290000 >> Requesting for the AHB bus...
3658340000 >> AHB granted, starting recovery...
3677540000 >> Recovery done, continuing...
3677590000 >> Requesting for the AHB bus...
3678640000 >> AHB granted, starting recovery...
3697840000 >> Recovery done, continuing...
3697890000 >> Requesting for the AHB bus...
3698940000 >> AHB granted, starting recovery...
3718140000 >> Recovery done, continuing...
3718190000 >> Requesting for the AHB bus...
3719240000 >> AHB granted, starting recovery...
3738440000 >> Recovery done, continuing...
3738490000 >> Requesting for the AHB bus...
3739540000 >> AHB granted, starting recovery...
3758740000 >> Recovery done, continuing...
3758790000 >> Requesting for the AHB bus...
3759840000 >> AHB granted, starting recovery...
3779040000 >> Recovery done, continuing...
3779090000 >> Requesting for the AHB bus...
3780140000 >> AHB granted, starting recovery...
3799340000 >> Recovery done, continuing...
3799390000 >> Requesting for the AHB bus...
3800440000 >> AHB granted, starting recovery...
3819640000 >> Recovery done, continuing...
3819690000 >> Requesting for the AHB bus...
3820740000 >> AHB granted, starting recovery...
3839940000 >> Recovery done, continuing...
3839990000 >> Requesting for the AHB bus...
3841215000 >> AHB granted, starting recovery...
3860415000 >> Recovery done, continuing...
3860465000 >> Requesting for the AHB bus...
3861515000 >> AHB granted, starting recovery...
3880715000 >> Recovery done, continuing...
3880765000 >> Requesting for the AHB bus...
3881815000 >> AHB granted, starting recovery...
3901015000 >> Recovery done, continuing...
3901065000 >> Requesting for the AHB bus...
3902115000 >> AHB granted, starting recovery...
3921315000 >> Recovery done, continuing...
3921365000 >> Requesting for the AHB bus...
3922415000 >> AHB granted, starting recovery...
3941615000 >> Recovery done, continuing...
3941665000 >> Requesting for the AHB bus...
3942715000 >> AHB granted, starting recovery...
3961915000 >> Recovery done, continuing...
3961965000 >> Requesting for the AHB bus...
3963140000 >> AHB granted, starting recovery...
3982340000 >> Recovery done, continuing...
3982390000 >> Requesting for the AHB bus...
3983440000 >> AHB granted, starting recovery...
4002640000 >> Recovery done, continuing...
4002690000 >> Requesting for the AHB bus...
4003740000 >> AHB granted, starting recovery...
4022940000 >> Recovery done, continuing...
4022990000 >> Requesting for the AHB bus...
4024040000 >> AHB granted, starting recovery...
4043240000 >> Recovery done, continuing...
4043290000 >> Requesting for the AHB bus...
4044340000 >> AHB granted, starting recovery...
4063540000 >> Recovery done, continuing...
4063590000 >> Requesting for the AHB bus...
4064640000 >> AHB granted, starting recovery...
4083840000 >> Recovery done, continuing...
4083890000 >> Requesting for the AHB bus...
4084940000 >> AHB granted, starting recovery...
4104140000 >> Recovery done, continuing...
4104190000 >> Requesting for the AHB bus...
4105240000 >> AHB granted, starting recovery...
4124440000 >> Recovery done, continuing...
4124490000 >> Requesting for the AHB bus...
4125540000 >> AHB granted, starting recovery...
4144740000 >> Recovery done, continuing...
4144790000 >> Requesting for the AHB bus...
4145840000 >> AHB granted, starting recovery...
4165040000 >> Recovery done, continuing...
4165090000 >> Requesting for the AHB bus...
4166140000 >> AHB granted, starting recovery...
4185340000 >> Recovery done, continuing...
4185390000 >> Requesting for the AHB bus...
4186440000 >> AHB granted, starting recovery...
4205640000 >> Recovery done, continuing...
4205690000 >> Requesting for the AHB bus...
4206740000 >> AHB granted, starting recovery...
4225940000 >> Recovery done, continuing...
4225990000 >> Requesting for the AHB bus...
4227040000 >> AHB granted, starting recovery...
4246240000 >> Recovery done, continuing...
4246290000 >> Requesting for the AHB bus...
4247340000 >> AHB granted, starting recovery...
4266540000 >> Recovery done, continuing...
4266590000 >> Requesting for the AHB bus...
4267640000 >> AHB granted, starting recovery...
4286840000 >> Recovery done, continuing...
4286890000 >> Requesting for the AHB bus...
4287940000 >> AHB granted, starting recovery...
4307140000 >> Recovery done, continuing...
4307190000 >> Requesting for the AHB bus...
4308415000 >> AHB granted, starting recovery...
4327615000 >> Recovery done, continuing...
4327665000 >> Requesting for the AHB bus...
4328715000 >> AHB granted, starting recovery...
4347915000 >> Recovery done, continuing...
4347965000 >> Requesting for the AHB bus...
4349015000 >> AHB granted, starting recovery...
4368215000 >> Recovery done, continuing...
4368265000 >> Requesting for the AHB bus...
4369315000 >> AHB granted, starting recovery...
4388515000 >> Recovery done, continuing...
4388565000 >> Requesting for the AHB bus...
4389615000 >> AHB granted, starting recovery...
4408815000 >> Recovery done, continuing...
4408865000 >> Requesting for the AHB bus...
4409915000 >> AHB granted, starting recovery...
4429115000 >> Recovery done, continuing...
4429165000 >> Requesting for the AHB bus...
4430340000 >> AHB granted, starting recovery...
4449540000 >> Recovery done, continuing...
4449590000 >> Requesting for the AHB bus...
4450640000 >> AHB granted, starting recovery...
4469840000 >> Recovery done, continuing...
4469890000 >> Requesting for the AHB bus...
4470940000 >> AHB granted, starting recovery...
4490140000 >> Recovery done, continuing...
4490190000 >> Requesting for the AHB bus...
4491240000 >> AHB granted, starting recovery...
4510440000 >> Recovery done, continuing...
4510490000 >> Requesting for the AHB bus...
4511540000 >> AHB granted, starting recovery...
4530740000 >> Recovery done, continuing...
4530790000 >> Requesting for the AHB bus...
4531840000 >> AHB granted, starting recovery...
4551040000 >> Recovery done, continuing...
4551090000 >> Requesting for the AHB bus...
4552140000 >> AHB granted, starting recovery...
4571340000 >> Recovery done, continuing...
4571390000 >> Requesting for the AHB bus...
4572440000 >> AHB granted, starting recovery...
4591640000 >> Recovery done, continuing...
4591690000 >> Requesting for the AHB bus...
4592740000 >> AHB granted, starting recovery...
4611940000 >> Recovery done, continuing...
4611990000 >> Requesting for the AHB bus...
4613040000 >> AHB granted, starting recovery...
4632240000 >> Recovery done, continuing...
4632290000 >> Requesting for the AHB bus...
4633340000 >> AHB granted, starting recovery...
4652540000 >> Recovery done, continuing...
4652590000 >> Requesting for the AHB bus...
4653640000 >> AHB granted, starting recovery...
4672840000 >> Recovery done, continuing...
4672890000 >> Requesting for the AHB bus...
4673940000 >> AHB granted, starting recovery...
4693140000 >> Recovery done, continuing...
4693190000 >> Requesting for the AHB bus...
4694240000 >> AHB granted, starting recovery...
4713440000 >> Recovery done, continuing...
4713490000 >> Requesting for the AHB bus...
4714540000 >> AHB granted, starting recovery...
4733740000 >> Recovery done, continuing...
4733790000 >> Requesting for the AHB bus...
4734840000 >> AHB granted, starting recovery...
4754040000 >> Recovery done, continuing...
4754090000 >> Requesting for the AHB bus...
4755140000 >> AHB granted, starting recovery...
4774340000 >> Recovery done, continuing...
4774390000 >> Requesting for the AHB bus...
4775615000 >> AHB granted, starting recovery...
4794815000 >> Recovery done, continuing...
4794865000 >> Requesting for the AHB bus...
4795915000 >> AHB granted, starting recovery...
4815115000 >> Recovery done, continuing...
4815165000 >> Requesting for the AHB bus...
4816215000 >> AHB granted, starting recovery...
4835415000 >> Recovery done, continuing...
4835465000 >> Requesting for the AHB bus...
4836515000 >> AHB granted, starting recovery...
4855715000 >> Recovery done, continuing...
4855765000 >> Requesting for the AHB bus...
4856815000 >> AHB granted, starting recovery...
4876015000 >> Recovery done, continuing...
4876065000 >> Requesting for the AHB bus...
4877115000 >> AHB granted, starting recovery...
4896315000 >> Recovery done, continuing...
4896365000 >> Requesting for the AHB bus...
4897540000 >> AHB granted, starting recovery...
4916740000 >> Recovery done, continuing...
4916790000 >> Requesting for the AHB bus...
4917840000 >> AHB granted, starting recovery...
4937040000 >> Recovery done, continuing...
4937090000 >> Requesting for the AHB bus...
4938140000 >> AHB granted, starting recovery...
4957340000 >> Recovery done, continuing...
4957390000 >> Requesting for the AHB bus...
4958440000 >> AHB granted, starting recovery...
4977640000 >> Recovery done, continuing...
4977690000 >> Requesting for the AHB bus...
4978740000 >> AHB granted, starting recovery...
4997940000 >> Recovery done, continuing...
4997990000 >> Requesting for the AHB bus...
4999040000 >> AHB granted, starting recovery...
5018240000 >> Recovery done, continuing...
5018290000 >> Requesting for the AHB bus...
5019340000 >> AHB granted, starting recovery...
5038540000 >> Recovery done, continuing...
5038590000 >> Requesting for the AHB bus...
5039640000 >> AHB granted, starting recovery...
5058840000 >> Recovery done, continuing...
5058890000 >> Requesting for the AHB bus...
5059940000 >> AHB granted, starting recovery...
5079140000 >> Recovery done, continuing...
5079190000 >> Requesting for the AHB bus...
5080240000 >> AHB granted, starting recovery...
5099440000 >> Recovery done, continuing...
5099490000 >> Requesting for the AHB bus...
5100540000 >> AHB granted, starting recovery...
5119740000 >> Recovery done, continuing...
5119790000 >> Requesting for the AHB bus...
5120840000 >> AHB granted, starting recovery...
5140040000 >> Recovery done, continuing...
5140090000 >> Requesting for the AHB bus...
5141140000 >> AHB granted, starting recovery...
5160340000 >> Recovery done, continuing...
5160390000 >> Requesting for the AHB bus...
5161440000 >> AHB granted, starting recovery...
5180640000 >> Recovery done, continuing...
5180690000 >> Requesting for the AHB bus...
5181740000 >> AHB granted, starting recovery...
5200940000 >> Recovery done, continuing...
5200990000 >> Requesting for the AHB bus...
5202040000 >> AHB granted, starting recovery...
5221240000 >> Recovery done, continuing...
5221290000 >> Requesting for the AHB bus...
5222340000 >> AHB granted, starting recovery...
5241540000 >> Recovery done, continuing...
5241590000 >> Requesting for the AHB bus...
5242815000 >> AHB granted, starting recovery...
5262015000 >> Recovery done, continuing...
5262065000 >> Requesting for the AHB bus...
5263115000 >> AHB granted, starting recovery...
5282315000 >> Recovery done, continuing...
5282365000 >> Requesting for the AHB bus...
5283415000 >> AHB granted, starting recovery...
5302615000 >> Recovery done, continuing...
5302665000 >> Requesting for the AHB bus...
5303715000 >> AHB granted, starting recovery...
5322915000 >> Recovery done, continuing...
5322965000 >> Requesting for the AHB bus...
5324015000 >> AHB granted, starting recovery...
5343215000 >> Recovery done, continuing...
5343265000 >> Requesting for the AHB bus...
5344315000 >> AHB granted, starting recovery...
5363515000 >> Recovery done, continuing...
5363565000 >> Requesting for the AHB bus...
5364740000 >> AHB granted, starting recovery...
5383940000 >> Recovery done, continuing...
5383990000 >> Requesting for the AHB bus...
5385040000 >> AHB granted, starting recovery...
5404240000 >> Recovery done, continuing...
5404290000 >> Requesting for the AHB bus...
5405340000 >> AHB granted, starting recovery...
5424540000 >> Recovery done, continuing...
5424590000 >> Requesting for the AHB bus...
5425640000 >> AHB granted, starting recovery...
5444840000 >> Recovery done, continuing...
5444890000 >> Requesting for the AHB bus...
5445940000 >> AHB granted, starting recovery...
5465140000 >> Recovery done, continuing...
5465190000 >> Requesting for the AHB bus...
5466240000 >> AHB granted, starting recovery...
5485440000 >> Recovery done, continuing...
5485490000 >> Requesting for the AHB bus...
5486540000 >> AHB granted, starting recovery...
5505740000 >> Recovery done, continuing...
5505790000 >> Requesting for the AHB bus...
5506840000 >> AHB granted, starting recovery...
5526040000 >> Recovery done, continuing...
5526090000 >> Requesting for the AHB bus...
5527140000 >> AHB granted, starting recovery...
5546340000 >> Recovery done, continuing...
5546390000 >> Requesting for the AHB bus...
5547440000 >> AHB granted, starting recovery...
5566640000 >> Recovery done, continuing...
5566690000 >> Requesting for the AHB bus...
5567740000 >> AHB granted, starting recovery...
5586940000 >> Recovery done, continuing...
5586990000 >> Requesting for the AHB bus...
5588040000 >> AHB granted, starting recovery...
5607240000 >> Recovery done, continuing...
5607290000 >> Requesting for the AHB bus...
5608340000 >> AHB granted, starting recovery...
5627540000 >> Recovery done, continuing...
5627590000 >> Requesting for the AHB bus...
5628640000 >> AHB granted, starting recovery...
5647840000 >> Recovery done, continuing...
5647890000 >> Requesting for the AHB bus...
5648940000 >> AHB granted, starting recovery...
5668140000 >> Recovery done, continuing...
5668190000 >> Requesting for the AHB bus...
5669240000 >> AHB granted, starting recovery...
5688440000 >> Recovery done, continuing...
5688490000 >> Requesting for the AHB bus...
5689540000 >> AHB granted, starting recovery...
5708740000 >> Recovery done, continuing...
5708790000 >> Requesting for the AHB bus...
5710015000 >> AHB granted, starting recovery...
5729215000 >> Recovery done, continuing...
5729265000 >> Requesting for the AHB bus...
5730315000 >> AHB granted, starting recovery...
5745715000 >> time limit reached...
/testbench/cpu/l3/u0/leon3x0/vhdl/p0/iu/r.w.wreg:1
/testbench/cpu/l3/u0/leon3x0/vhdl/p0/iu/r.m.irqen:1
/testbench/cpu/l3/u0/leon3x0/vhdl/p0/iu/r.m.icc:0000
/testbench/cpu/l3/u0/leon3x0/vhdl/p0/iu/r.a.ticc:0
/testbench/cpu/l3/u0/leon3x0/vhdl/p0/iu/r.a.step:0
/testbench/cpu/l3/u0/leon3x0/vhdl/p0/iu/r.m.irqen2:1
/testbench/cpu/l3/u0/leon3x0/vhdl/p0/iu/r.d.pc:01000000000000000000001011011100
/testbench/cpu/l3/u0/leon3x0/vhdl/p0/iu/r.d.rexpl:{{00000000000000000000000000000000} {00} {0} 0 0 {0000000000000000000} 0 0 0 0 0 0}
/testbench/cpu/l3/u0/leon3x0/vhdl/p0/iu/r.d.mexc:0
/testbench/cpu/l3/u0/leon3x0/vhdl/p0/iu/r.a.aw:0
/testbench/cpu/l3/u0/leon3x0/vhdl/p0/iu/r.e.ctrl:{{01000000000000000000001011010100} {11000010000001111011111111110100} {00} {10000001} {000000} 0 0 1 0 0 1 1 0 0}
/testbench/cpu/l3/u0/leon3x0/vhdl/p0/iu/r.a.divstart:0
/testbench/cpu/l3/u0/leon3x0/vhdl/p0/iu/r.e.shleft:0
/testbench/cpu/l3/u0/leon3x0/vhdl/p0/iu/r.a.bp:0
/testbench/cpu/l3/u0/leon3x0/vhdl/p0/iu/r.w.twcwp:000
/testbench/cpu/l3/u0/leon3x0/vhdl/p0/iu/r.a.jmpl:0
/testbench/cpu/l3/u0/leon3x0/vhdl/p0/iu/r.m.casa:0
/testbench/cpu/l3/u0/leon3x0/vhdl/p0/iu/r.m.werr:0
/testbench/cpu/l3/u0/leon3x0/vhdl/p0/iu/r.e.su:1
/testbench/cpu/l3/u0/leon3x0/vhdl/p0/iu/r.e.et:1
/testbench/cpu/l3/u0/leon3x0/vhdl/p0/iu/r.a.ldcheck1:1
/testbench/cpu/l3/u0/leon3x0/vhdl/p0/iu/r.d.stwin:000
/testbench/cpu/l3/u0/leon3x0/vhdl/p0/iu/r.a.ldcheck2:0
/testbench/cpu/l3/u0/leon3x0/vhdl/p0/iu/r.x.intack:0
/testbench/cpu/l3/u0/leon3x0/vhdl/p0/iu/r.m.ctrl:{{01000000000000000000001011010000} {11000010001001111011111111111000} {01} {10000001} {000000} 0 0 0 0 0 0 0 0 0}
/testbench/cpu/l3/u0/leon3x0/vhdl/p0/iu/r.a.cwp:101
/testbench/cpu/l3/u0/leon3x0/vhdl/p0/iu/r.e.sari:0
/testbench/cpu/l3/u0/leon3x0/vhdl/p0/iu/r.d.paw:0
/testbench/cpu/l3/u0/leon3x0/vhdl/p0/iu/r.d.aw:0
/testbench/cpu/l3/u0/leon3x0/vhdl/p0/iu/r.d.awp:000
/testbench/cpu/l3/u0/leon3x0/vhdl/p0/iu/r.x.ctrl:{{01000000000000000000001011010000} {11000010001001111011111111111000} {00} {10000001} {000000} 0 0 0 0 0 0 1 0 0}
/testbench/cpu/l3/u0/leon3x0/vhdl/p0/iu/r.m.rexnalign:0
/testbench/cpu/l3/u0/leon3x0/vhdl/p0/iu/r.m.su:1
/testbench/cpu/l3/u0/leon3x0/vhdl/p0/iu/r.m.wcwp:0
/testbench/cpu/l3/u0/leon3x0/vhdl/p0/iu/r.d.divrdy:0
/testbench/cpu/l3/u0/leon3x0/vhdl/p0/iu/r.e.cwp:101
/testbench/cpu/l3/u0/leon3x0/vhdl/p0/iu/r.w.except:0
/testbench/cpu/l3/u0/leon3x0/vhdl/p0/iu/r.x.nerror:0
/testbench/cpu/l3/u0/leon3x0/vhdl/p0/iu/r.a.bpimiss:0
/testbench/cpu/l3/u0/leon3x0/vhdl/p0/iu/r.a.nobp:0
/testbench/cpu/l3/u0/leon3x0/vhdl/p0/iu/r.d.rexcnt:0
/testbench/cpu/l3/u0/leon3x0/vhdl/p0/iu/r.w.s:{{101} {0000} {00000000} {01000000000000000000} {00000010} {0000} 0 0 1 1 1 {00000000000000000000000000000000} {UUUUUUUUUUUUUUUUUUUUUUUUUUUUUUUU} 1 0 0 1 1 1 0 0 {000} {000} {111}}
/testbench/cpu/l3/u0/leon3x0/vhdl/p0/iu/r.d.pv:1
/testbench/cpu/l3/u0/leon3x0/vhdl/p0/iu/r.a.ldchkra:1
/testbench/cpu/l3/u0/leon3x0/vhdl/p0/iu/r.a.rfa1:01101110
/testbench/cpu/l3/u0/leon3x0/vhdl/p0/iu/r.a.rfa2:10000100
/testbench/cpu/l3/u0/leon3x0/vhdl/p0/iu/r.a.imm:00000000000000000000000001000100
/testbench/cpu/l3/u0/leon3x0/vhdl/p0/iu/r.w.wa:10000001
/testbench/cpu/l3/u0/leon3x0/vhdl/p0/iu/r.m.casaz:1
/testbench/cpu/l3/u0/leon3x0/vhdl/p0/iu/r.x.dci:{0 1 0 0 0 0 {10} {00001011}}
/testbench/cpu/l3/u0/leon3x0/vhdl/p0/iu/r.x.mac:0
/testbench/cpu/l3/u0/leon3x0/vhdl/p0/iu/r.m.divz:0
/testbench/cpu/l3/u0/leon3x0/vhdl/p0/iu/r.d.inst:{{10000010000000001000000000000001}}
/testbench/cpu/l3/u0/leon3x0/vhdl/p0/iu/r.e.rfe1:1
/testbench/cpu/l3/u0/leon3x0/vhdl/p0/iu/r.a.wovf:0
/testbench/cpu/l3/u0/leon3x0/vhdl/p0/iu/r.e.rfe2:0
/testbench/cpu/l3/u0/leon3x0/vhdl/p0/iu/r.e.op1:01000000000011111111111010100000
/testbench/cpu/l3/u0/leon3x0/vhdl/p0/iu/r.m.nalign:0
/testbench/cpu/l3/u0/leon3x0/vhdl/p0/iu/r.e.op2:11111111111111111111111111110100
/testbench/cpu/l3/u0/leon3x0/vhdl/p0/iu/r.d.rexen:0
/testbench/cpu/l3/u0/leon3x0/vhdl/p0/iu/r.a.ctrl:{{01000000000000000000001011011000} {11000100000001111010000001000100} {00} {10000010} {000000} 0 0 1 0 0 1 1 0 0}
/testbench/cpu/l3/u0/leon3x0/vhdl/p0/iu/r.x.ipend:0
/testbench/cpu/l3/u0/leon3x0/vhdl/p0/iu/r.e.ldbp1:0
/testbench/cpu/l3/u0/leon3x0/vhdl/p0/iu/r.e.aluadd:1
/testbench/cpu/l3/u0/leon3x0/vhdl/p0/iu/r.d.set:0
/testbench/cpu/l3/u0/leon3x0/vhdl/p0/iu/r.d.inull:0
/testbench/cpu/l3/u0/leon3x0/vhdl/p0/iu/r.e.ldbp2:0
/testbench/cpu/l3/u0/leon3x0/vhdl/p0/iu/r.d.cnt:00
/testbench/cpu/l3/u0/leon3x0/vhdl/p0/iu/r.a.su:1
/testbench/cpu/l3/u0/leon3x0/vhdl/p0/iu/r.a.et:1
/testbench/cpu/l3/u0/leon3x0/vhdl/p0/iu/r.e.mul:0
/testbench/cpu/l3/u0/leon3x0/vhdl/p0/iu/r.e.alusel:00
/testbench/cpu/l3/u0/leon3x0/vhdl/p0/iu/r.e.aw:U
/testbench/cpu/l3/u0/leon3x0/vhdl/p0/iu/r.e.mac:0
/testbench/cpu/l3/u0/leon3x0/vhdl/p0/iu/r.a.decill:0
/testbench/cpu/l3/u0/leon3x0/vhdl/p0/iu/r.x.icc:0000
/testbench/cpu/l3/u0/leon3x0/vhdl/p0/iu/r.x.result:01000000000011111111111010011000
/testbench/cpu/l3/u0/leon3x0/vhdl/p0/iu/r.e.bp:0
/testbench/cpu/l3/u0/leon3x0/vhdl/p0/iu/r.a.rs1:11110
/testbench/cpu/l3/u0/leon3x0/vhdl/p0/iu/r.e.jmpl:0
/testbench/cpu/l3/u0/leon3x0/vhdl/p0/iu/r.a.rsel1:000
/testbench/cpu/l3/u0/leon3x0/vhdl/p0/iu/r.x.y:00000000000000000000000000000000
/testbench/cpu/l3/u0/leon3x0/vhdl/p0/iu/r.a.rsel2:100
/testbench/cpu/l3/u0/leon3x0/vhdl/p0/iu/r.a.awp:000
/testbench/cpu/l3/u0/leon3x0/vhdl/p0/iu/r.a.paw:0
/testbench/cpu/l3/u0/leon3x0/vhdl/p0/iu/r.x.data:{{00000000000000000000000000000111}}
/testbench/cpu/l3/u0/leon3x0/vhdl/p0/iu/r.m.mul:0
/testbench/cpu/l3/u0/leon3x0/vhdl/p0/iu/r.e.rd:UUUUU
/testbench/cpu/l3/u0/leon3x0/vhdl/p0/iu/r.e.invop2:0
/testbench/cpu/l3/u0/leon3x0/vhdl/p0/iu/r.m.wawp:0
/testbench/cpu/l3/u0/leon3x0/vhdl/p0/iu/r.d.cwpmax:111
/testbench/cpu/l3/u0/leon3x0/vhdl/p0/iu/r.f.branch:0
/testbench/cpu/l3/u0/leon3x0/vhdl/p0/iu/r.d.pcheld:0
/testbench/cpu/l3/u0/leon3x0/vhdl/p0/iu/r.m.dci:{0 0 0 1 0 0 {10} {00001011}}
/testbench/cpu/l3/u0/leon3x0/vhdl/p0/iu/r.e.paw:U
/testbench/cpu/l3/u0/leon3x0/vhdl/p0/iu/r.e.awp:UUU
/testbench/cpu/l3/u0/leon3x0/vhdl/p0/iu/r.e.shcnt:10100
/testbench/cpu/l3/u0/leon3x0/vhdl/p0/iu/r.w.result:00000000000000000000000000001000
/testbench/cpu/l3/u0/leon3x0/vhdl/p0/iu/r.m.mac:0
/testbench/cpu/l3/u0/leon3x0/vhdl/p0/iu/r.m.y:00000000000000000000000000000000
/testbench/cpu/l3/u0/leon3x0/vhdl/p0/iu/r.d.cwp:101
/testbench/cpu/l3/u0/leon3x0/vhdl/p0/iu/r.x.laddr:00
/testbench/cpu/l3/u0/leon3x0/vhdl/p0/iu/r.e.mulstep:0
/testbench/cpu/l3/u0/leon3x0/vhdl/p0/iu/r.e.ymsb:0
/testbench/cpu/l3/u0/leon3x0/vhdl/p0/iu/r.d.rexbuf:00000000000000000000000000000000
/testbench/cpu/l3/u0/leon3x0/vhdl/p0/iu/r.x.npc:100
/testbench/cpu/l3/u0/leon3x0/vhdl/p0/iu/r.f.pc:01000000000000000000001011100000
/testbench/cpu/l3/u0/leon3x0/vhdl/p0/iu/r.d.annul:0
/testbench/cpu/l3/u0/leon3x0/vhdl/p0/iu/r.x.rstate:run
/testbench/cpu/l3/u0/leon3x0/vhdl/p0/iu/r.x.set:0
/testbench/cpu/l3/u0/leon3x0/vhdl/p0/iu/r.m.result:00000000000000000000000000001000
/testbench/cpu/l3/u0/leon3x0/vhdl/p0/iu/r.e.icc:UUUU
/testbench/cpu/l3/u0/leon3x0/vhdl/p0/iu/r.a.getpc:0
/testbench/cpu/l3/u0/leon3x0/vhdl/p0/iu/r.a.ldchkex:1
/testbench/cpu/l3/u0/leon3x0/vhdl/p0/iu/r.x.mexc:0
/testbench/cpu/l3/u0/leon3x0/vhdl/p0/iu/r.a.mulstart:0
/testbench/cpu/l3/u0/leon3x0/vhdl/p0/iu/r.d.rexpos:10
/testbench/cpu/l3/u0/leon3x0/vhdl/p0/iu/r.x.annul_all:0
/testbench/cpu/l3/u0/leon3x0/vhdl/p0/iu/r.e.aluop:000
/testbench/cpu/l3/u0/leon3x0/vhdl/p0/iu/r.x.debug:0
/testbench/cpu/l3/u0/leon3x0/vhdl/p0/iu/r.a.rfe1:1
/testbench/cpu/l3/u0/leon3x0/vhdl/p0/iu/r.d.step:0
/testbench/cpu/l3/u0/leon3x0/vhdl/p0/iu/r.a.rfe2:0
/testbench/cpu/l3/u0/leon3x0/vhdl/p0/iu/r.e.alucin:0
/testbench/cpu/l3/u0/leon3x0/vhdl/p0/iu/r.a.wunf:0
======================================
progstatus: -2
execerr: 145
latent: 1
time limit!
>>>>>>>>>>>>>>> 5745715000
======================================
