Test signal = /testbench/cpu/l3/u0/leon3x0/vhdl/p0/iu/r.a.rsel1
oldval = 101
pos1: 2 pos0: 1 posU: -1
newval = 100
Signal value: 101
oldval = 101
pos1: 2 pos0: 1 posU: -1
newval = 100
force in 717328
586290000 >> iteration no: 0
1300165000 >> Requesting for the AHB bus...
1300740000 >> AHB granted, starting recovery...
1319940000 >> Recovery done, continuing...
1320290000 >> Requesting for the AHB bus...
1320865000 >> AHB granted, starting recovery...
1340065000 >> Recovery done, continuing...
1340415000 >> Requesting for the AHB bus...
1340990000 >> AHB granted, starting recovery...
1360190000 >> Recovery done, continuing...
1360540000 >> Requesting for the AHB bus...
1361115000 >> AHB granted, starting recovery...
1380315000 >> Recovery done, continuing...
1380665000 >> Requesting for the AHB bus...
1381240000 >> AHB granted, starting recovery...
1400440000 >> Recovery done, continuing...
1400790000 >> Requesting for the AHB bus...
1401365000 >> AHB granted, starting recovery...
1420565000 >> Recovery done, continuing...
1420915000 >> Requesting for the AHB bus...
1421490000 >> AHB granted, starting recovery...
1440690000 >> Recovery done, continuing...
1441040000 >> Requesting for the AHB bus...
1441615000 >> AHB granted, starting recovery...
1460815000 >> Recovery done, continuing...
1461165000 >> Requesting for the AHB bus...
1461740000 >> AHB granted, starting recovery...
1480940000 >> Recovery done, continuing...
1481290000 >> Requesting for the AHB bus...
1481865000 >> AHB granted, starting recovery...
1501065000 >> Recovery done, continuing...
1501415000 >> Requesting for the AHB bus...
1501990000 >> AHB granted, starting recovery...
1521190000 >> Recovery done, continuing...
1521540000 >> Requesting for the AHB bus...
1522115000 >> AHB granted, starting recovery...
1541315000 >> Recovery done, continuing...
1541665000 >> Requesting for the AHB bus...
1542240000 >> AHB granted, starting recovery...
1561440000 >> Recovery done, continuing...
1561790000 >> Requesting for the AHB bus...
1562365000 >> AHB granted, starting recovery...
1581565000 >> Recovery done, continuing...
1581915000 >> Requesting for the AHB bus...
1582490000 >> AHB granted, starting recovery...
1601690000 >> Recovery done, continuing...
1602040000 >> Requesting for the AHB bus...
1602615000 >> AHB granted, starting recovery...
1621815000 >> Recovery done, continuing...
1622165000 >> Requesting for the AHB bus...
1622740000 >> AHB granted, starting recovery...
1641940000 >> Recovery done, continuing...
1642290000 >> Requesting for the AHB bus...
1642865000 >> AHB granted, starting recovery...
1662065000 >> Recovery done, continuing...
1662415000 >> Requesting for the AHB bus...
1662990000 >> AHB granted, starting recovery...
1682190000 >> Recovery done, continuing...
1682540000 >> Requesting for the AHB bus...
1683115000 >> AHB granted, starting recovery...
1702315000 >> Recovery done, continuing...
1702665000 >> Requesting for the AHB bus...
1703240000 >> AHB granted, starting recovery...
1722440000 >> Recovery done, continuing...
1722790000 >> Requesting for the AHB bus...
1723365000 >> AHB granted, starting recovery...
1742565000 >> Recovery done, continuing...
1742915000 >> Requesting for the AHB bus...
1743490000 >> AHB granted, starting recovery...
1762690000 >> Recovery done, continuing...
1763040000 >> Requesting for the AHB bus...
1763615000 >> AHB granted, starting recovery...
1782815000 >> Recovery done, continuing...
1783165000 >> Requesting for the AHB bus...
1783740000 >> AHB granted, starting recovery...
1802940000 >> Recovery done, continuing...
1803290000 >> Requesting for the AHB bus...
1803865000 >> AHB granted, starting recovery...
1823065000 >> Recovery done, continuing...
1823415000 >> Requesting for the AHB bus...
1823990000 >> AHB granted, starting recovery...
1843190000 >> Recovery done, continuing...
1843540000 >> Requesting for the AHB bus...
1844115000 >> AHB granted, starting recovery...
1863315000 >> Recovery done, continuing...
1863665000 >> Requesting for the AHB bus...
1864240000 >> AHB granted, starting recovery...
1883440000 >> Recovery done, continuing...
1883790000 >> Requesting for the AHB bus...
1884365000 >> AHB granted, starting recovery...
1903565000 >> Recovery done, continuing...
1903915000 >> Requesting for the AHB bus...
1904490000 >> AHB granted, starting recovery...
1923690000 >> Recovery done, continuing...
1924040000 >> Requesting for the AHB bus...
1924615000 >> AHB granted, starting recovery...
1943815000 >> Recovery done, continuing...
1944165000 >> Requesting for the AHB bus...
1944740000 >> AHB granted, starting recovery...
1963940000 >> Recovery done, continuing...
1964290000 >> Requesting for the AHB bus...
1964865000 >> AHB granted, starting recovery...
1984065000 >> Recovery done, continuing...
1984415000 >> Requesting for the AHB bus...
1984990000 >> AHB granted, starting recovery...
2004190000 >> Recovery done, continuing...
2004540000 >> Requesting for the AHB bus...
2005115000 >> AHB granted, starting recovery...
2024315000 >> Recovery done, continuing...
2024665000 >> Requesting for the AHB bus...
2025240000 >> AHB granted, starting recovery...
2044440000 >> Recovery done, continuing...
2044790000 >> Requesting for the AHB bus...
2045365000 >> AHB granted, starting recovery...
2064565000 >> Recovery done, continuing...
2064915000 >> Requesting for the AHB bus...
2065490000 >> AHB granted, starting recovery...
2084690000 >> Recovery done, continuing...
2085040000 >> Requesting for the AHB bus...
2085615000 >> AHB granted, starting recovery...
2104815000 >> Recovery done, continuing...
2105165000 >> Requesting for the AHB bus...
2105740000 >> AHB granted, starting recovery...
2124940000 >> Recovery done, continuing...
2125290000 >> Requesting for the AHB bus...
2125865000 >> AHB granted, starting recovery...
2145065000 >> Recovery done, continuing...
2145415000 >> Requesting for the AHB bus...
2145990000 >> AHB granted, starting recovery...
2165190000 >> Recovery done, continuing...
2165540000 >> Requesting for the AHB bus...
2166115000 >> AHB granted, starting recovery...
2185315000 >> Recovery done, continuing...
2185665000 >> Requesting for the AHB bus...
2186240000 >> AHB granted, starting recovery...
2205440000 >> Recovery done, continuing...
2205790000 >> Requesting for the AHB bus...
2206365000 >> AHB granted, starting recovery...
2225565000 >> Recovery done, continuing...
2225915000 >> Requesting for the AHB bus...
2226490000 >> AHB granted, starting recovery...
2245690000 >> Recovery done, continuing...
2246040000 >> Requesting for the AHB bus...
2246615000 >> AHB granted, starting recovery...
2265815000 >> Recovery done, continuing...
2266165000 >> Requesting for the AHB bus...
2266740000 >> AHB granted, starting recovery...
2285940000 >> Recovery done, continuing...
2286290000 >> Requesting for the AHB bus...
2286865000 >> AHB granted, starting recovery...
2306065000 >> Recovery done, continuing...
2306415000 >> Requesting for the AHB bus...
2306990000 >> AHB granted, starting recovery...
2326190000 >> Recovery done, continuing...
2326540000 >> Requesting for the AHB bus...
2327115000 >> AHB granted, starting recovery...
2346315000 >> Recovery done, continuing...
2346665000 >> Requesting for the AHB bus...
2347240000 >> AHB granted, starting recovery...
2366440000 >> Recovery done, continuing...
2366790000 >> Requesting for the AHB bus...
2367365000 >> AHB granted, starting recovery...
2386565000 >> Recovery done, continuing...
2386915000 >> Requesting for the AHB bus...
2387490000 >> AHB granted, starting recovery...
2406690000 >> Recovery done, continuing...
2407190000 >> Requesting for the AHB bus...
2407765000 >> AHB granted, starting recovery...
2426965000 >> Recovery done, continuing...
2427315000 >> Requesting for the AHB bus...
2427890000 >> AHB granted, starting recovery...
2447090000 >> Recovery done, continuing...
2447440000 >> Requesting for the AHB bus...
2448015000 >> AHB granted, starting recovery...
2467215000 >> Recovery done, continuing...
2467565000 >> Requesting for the AHB bus...
2468140000 >> AHB granted, starting recovery...
2487340000 >> Recovery done, continuing...
2487690000 >> Requesting for the AHB bus...
2488265000 >> AHB granted, starting recovery...
2507465000 >> Recovery done, continuing...
2507815000 >> Requesting for the AHB bus...
2508390000 >> AHB granted, starting recovery...
2527590000 >> Recovery done, continuing...
2527940000 >> Requesting for the AHB bus...
2528515000 >> AHB granted, starting recovery...
2547715000 >> Recovery done, continuing...
2548065000 >> Requesting for the AHB bus...
2548640000 >> AHB granted, starting recovery...
2567840000 >> Recovery done, continuing...
2568190000 >> Requesting for the AHB bus...
2568765000 >> AHB granted, starting recovery...
2587965000 >> Recovery done, continuing...
2588315000 >> Requesting for the AHB bus...
2588890000 >> AHB granted, starting recovery...
2608090000 >> Recovery done, continuing...
2608440000 >> Requesting for the AHB bus...
2609015000 >> AHB granted, starting recovery...
2628215000 >> Recovery done, continuing...
2628565000 >> Requesting for the AHB bus...
2629140000 >> AHB granted, starting recovery...
2648340000 >> Recovery done, continuing...
2648690000 >> Requesting for the AHB bus...
2649265000 >> AHB granted, starting recovery...
2668465000 >> Recovery done, continuing...
2668815000 >> Requesting for the AHB bus...
2669390000 >> AHB granted, starting recovery...
2688590000 >> Recovery done, continuing...
2688940000 >> Requesting for the AHB bus...
2689515000 >> AHB granted, starting recovery...
2708715000 >> Recovery done, continuing...
2709065000 >> Requesting for the AHB bus...
2709640000 >> AHB granted, starting recovery...
2728840000 >> Recovery done, continuing...
2729190000 >> Requesting for the AHB bus...
2729765000 >> AHB granted, starting recovery...
2748965000 >> Recovery done, continuing...
2749315000 >> Requesting for the AHB bus...
2749890000 >> AHB granted, starting recovery...
2769090000 >> Recovery done, continuing...
2769440000 >> Requesting for the AHB bus...
2770015000 >> AHB granted, starting recovery...
2789215000 >> Recovery done, continuing...
2789565000 >> Requesting for the AHB bus...
2790140000 >> AHB granted, starting recovery...
2809340000 >> Recovery done, continuing...
2809690000 >> Requesting for the AHB bus...
2810265000 >> AHB granted, starting recovery...
2829465000 >> Recovery done, continuing...
2829815000 >> Requesting for the AHB bus...
2830390000 >> AHB granted, starting recovery...
2849590000 >> Recovery done, continuing...
2849940000 >> Requesting for the AHB bus...
2850515000 >> AHB granted, starting recovery...
2869715000 >> Recovery done, continuing...
2870065000 >> Requesting for the AHB bus...
2870640000 >> AHB granted, starting recovery...
2889840000 >> Recovery done, continuing...
2890190000 >> Requesting for the AHB bus...
2890765000 >> AHB granted, starting recovery...
2909965000 >> Recovery done, continuing...
2910315000 >> Requesting for the AHB bus...
2910890000 >> AHB granted, starting recovery...
2930090000 >> Recovery done, continuing...
2930440000 >> Requesting for the AHB bus...
2931015000 >> AHB granted, starting recovery...
2950215000 >> Recovery done, continuing...
2950565000 >> Requesting for the AHB bus...
2951140000 >> AHB granted, starting recovery...
2970340000 >> Recovery done, continuing...
2970690000 >> Requesting for the AHB bus...
2971265000 >> AHB granted, starting recovery...
2990465000 >> Recovery done, continuing...
2990815000 >> Requesting for the AHB bus...
2991390000 >> AHB granted, starting recovery...
3010590000 >> Recovery done, continuing...
3010940000 >> Requesting for the AHB bus...
3011515000 >> AHB granted, starting recovery...
3030715000 >> Recovery done, continuing...
3031065000 >> Requesting for the AHB bus...
3031640000 >> AHB granted, starting recovery...
3050840000 >> Recovery done, continuing...
3051190000 >> Requesting for the AHB bus...
3051765000 >> AHB granted, starting recovery...
3070965000 >> Recovery done, continuing...
3071315000 >> Requesting for the AHB bus...
3071890000 >> AHB granted, starting recovery...
3091090000 >> Recovery done, continuing...
3091440000 >> Requesting for the AHB bus...
3092015000 >> AHB granted, starting recovery...
3111215000 >> Recovery done, continuing...
3111565000 >> Requesting for the AHB bus...
3112140000 >> AHB granted, starting recovery...
3131340000 >> Recovery done, continuing...
3131690000 >> Requesting for the AHB bus...
3132265000 >> AHB granted, starting recovery...
3151465000 >> Recovery done, continuing...
3151815000 >> Requesting for the AHB bus...
3152390000 >> AHB granted, starting recovery...
3171590000 >> Recovery done, continuing...
3171940000 >> Requesting for the AHB bus...
3172515000 >> AHB granted, starting recovery...
3191715000 >> Recovery done, continuing...
3192065000 >> Requesting for the AHB bus...
3192640000 >> AHB granted, starting recovery...
3211840000 >> Recovery done, continuing...
3212190000 >> Requesting for the AHB bus...
3212765000 >> AHB granted, starting recovery...
3231965000 >> Recovery done, continuing...
3232315000 >> Requesting for the AHB bus...
3232890000 >> AHB granted, starting recovery...
3252090000 >> Recovery done, continuing...
3252440000 >> Requesting for the AHB bus...
3253015000 >> AHB granted, starting recovery...
3272215000 >> Recovery done, continuing...
3272565000 >> Requesting for the AHB bus...
3273140000 >> AHB granted, starting recovery...
3292340000 >> Recovery done, continuing...
3292690000 >> Requesting for the AHB bus...
3293265000 >> AHB granted, starting recovery...
3312465000 >> Recovery done, continuing...
3312815000 >> Requesting for the AHB bus...
3313390000 >> AHB granted, starting recovery...
3332590000 >> Recovery done, continuing...
3332940000 >> Requesting for the AHB bus...
3333515000 >> AHB granted, starting recovery...
3352715000 >> Recovery done, continuing...
3353065000 >> Requesting for the AHB bus...
3353640000 >> AHB granted, starting recovery...
3372840000 >> Recovery done, continuing...
3373190000 >> Requesting for the AHB bus...
3373765000 >> AHB granted, starting recovery...
3392965000 >> Recovery done, continuing...
3393315000 >> Requesting for the AHB bus...
3393890000 >> AHB granted, starting recovery...
3413090000 >> Recovery done, continuing...
3413440000 >> Requesting for the AHB bus...
3414015000 >> AHB granted, starting recovery...
3433215000 >> Recovery done, continuing...
3433565000 >> Requesting for the AHB bus...
3434140000 >> AHB granted, starting recovery...
3453340000 >> Recovery done, continuing...
3453690000 >> Requesting for the AHB bus...
3454265000 >> AHB granted, starting recovery...
3473465000 >> Recovery done, continuing...
3473815000 >> Requesting for the AHB bus...
3474390000 >> AHB granted, starting recovery...
3493590000 >> Recovery done, continuing...
3493940000 >> Requesting for the AHB bus...
3494515000 >> AHB granted, starting recovery...
3513715000 >> Recovery done, continuing...
3514065000 >> Requesting for the AHB bus...
3514640000 >> AHB granted, starting recovery...
3533840000 >> Recovery done, continuing...
3534190000 >> Requesting for the AHB bus...
3534765000 >> AHB granted, starting recovery...
3553965000 >> Recovery done, continuing...
3554315000 >> Requesting for the AHB bus...
3554890000 >> AHB granted, starting recovery...
3574090000 >> Recovery done, continuing...
3574440000 >> Requesting for the AHB bus...
3575015000 >> AHB granted, starting recovery...
3594215000 >> Recovery done, continuing...
3594565000 >> Requesting for the AHB bus...
3595140000 >> AHB granted, starting recovery...
3614340000 >> Recovery done, continuing...
3614690000 >> Requesting for the AHB bus...
3615265000 >> AHB granted, starting recovery...
3634465000 >> Recovery done, continuing...
3634815000 >> Requesting for the AHB bus...
3635390000 >> AHB granted, starting recovery...
3654590000 >> Recovery done, continuing...
3654940000 >> Requesting for the AHB bus...
3655515000 >> AHB granted, starting recovery...
3674715000 >> Recovery done, continuing...
3675065000 >> Requesting for the AHB bus...
3675640000 >> AHB granted, starting recovery...
3694840000 >> Recovery done, continuing...
3695190000 >> Requesting for the AHB bus...
3695765000 >> AHB granted, starting recovery...
3714965000 >> Recovery done, continuing...
3715315000 >> Requesting for the AHB bus...
3715890000 >> AHB granted, starting recovery...
3735090000 >> Recovery done, continuing...
3735440000 >> Requesting for the AHB bus...
3736015000 >> AHB granted, starting recovery...
3755215000 >> Recovery done, continuing...
3755565000 >> Requesting for the AHB bus...
3756140000 >> AHB granted, starting recovery...
3775340000 >> Recovery done, continuing...
3775690000 >> Requesting for the AHB bus...
3776265000 >> AHB granted, starting recovery...
3795465000 >> Recovery done, continuing...
3795990000 >> Requesting for the AHB bus...
3796565000 >> AHB granted, starting recovery...
3815765000 >> Recovery done, continuing...
3816115000 >> Requesting for the AHB bus...
3816690000 >> AHB granted, starting recovery...
3835890000 >> Recovery done, continuing...
3836240000 >> Requesting for the AHB bus...
3836815000 >> AHB granted, starting recovery...
3856015000 >> Recovery done, continuing...
3856365000 >> Requesting for the AHB bus...
3856940000 >> AHB granted, starting recovery...
3876140000 >> Recovery done, continuing...
3876490000 >> Requesting for the AHB bus...
3877065000 >> AHB granted, starting recovery...
3896265000 >> Recovery done, continuing...
3896615000 >> Requesting for the AHB bus...
3897190000 >> AHB granted, starting recovery...
3916390000 >> Recovery done, continuing...
3916740000 >> Requesting for the AHB bus...
3917315000 >> AHB granted, starting recovery...
3936515000 >> Recovery done, continuing...
3936865000 >> Requesting for the AHB bus...
3937440000 >> AHB granted, starting recovery...
3956640000 >> Recovery done, continuing...
3956990000 >> Requesting for the AHB bus...
3957565000 >> AHB granted, starting recovery...
3976765000 >> Recovery done, continuing...
3977115000 >> Requesting for the AHB bus...
3977690000 >> AHB granted, starting recovery...
3996890000 >> Recovery done, continuing...
3997240000 >> Requesting for the AHB bus...
3997815000 >> AHB granted, starting recovery...
4017015000 >> Recovery done, continuing...
4017365000 >> Requesting for the AHB bus...
4017940000 >> AHB granted, starting recovery...
4037140000 >> Recovery done, continuing...
4037490000 >> Requesting for the AHB bus...
4038065000 >> AHB granted, starting recovery...
4057265000 >> Recovery done, continuing...
4057615000 >> Requesting for the AHB bus...
4058190000 >> AHB granted, starting recovery...
4077390000 >> Recovery done, continuing...
4077740000 >> Requesting for the AHB bus...
4078315000 >> AHB granted, starting recovery...
4097515000 >> Recovery done, continuing...
4097865000 >> Requesting for the AHB bus...
4098440000 >> AHB granted, starting recovery...
4117640000 >> Recovery done, continuing...
4117990000 >> Requesting for the AHB bus...
4118565000 >> AHB granted, starting recovery...
4137765000 >> Recovery done, continuing...
4138115000 >> Requesting for the AHB bus...
4138690000 >> AHB granted, starting recovery...
4157890000 >> Recovery done, continuing...
4158240000 >> Requesting for the AHB bus...
4158815000 >> AHB granted, starting recovery...
4178015000 >> Recovery done, continuing...
4178365000 >> Requesting for the AHB bus...
4178940000 >> AHB granted, starting recovery...
4198140000 >> Recovery done, continuing...
4198490000 >> Requesting for the AHB bus...
4199065000 >> AHB granted, starting recovery...
4218265000 >> Recovery done, continuing...
4218615000 >> Requesting for the AHB bus...
4219190000 >> AHB granted, starting recovery...
4238390000 >> Recovery done, continuing...
4238740000 >> Requesting for the AHB bus...
4239315000 >> AHB granted, starting recovery...
4258515000 >> Recovery done, continuing...
4258865000 >> Requesting for the AHB bus...
4259440000 >> AHB granted, starting recovery...
4278640000 >> Recovery done, continuing...
4278990000 >> Requesting for the AHB bus...
4279565000 >> AHB granted, starting recovery...
4298765000 >> Recovery done, continuing...
4299115000 >> Requesting for the AHB bus...
4299690000 >> AHB granted, starting recovery...
4318890000 >> Recovery done, continuing...
4319240000 >> Requesting for the AHB bus...
4319815000 >> AHB granted, starting recovery...
4339015000 >> Recovery done, continuing...
4339365000 >> Requesting for the AHB bus...
4339940000 >> AHB granted, starting recovery...
4359140000 >> Recovery done, continuing...
4359490000 >> Requesting for the AHB bus...
4360065000 >> AHB granted, starting recovery...
4379265000 >> Recovery done, continuing...
4379615000 >> Requesting for the AHB bus...
4380190000 >> AHB granted, starting recovery...
4399390000 >> Recovery done, continuing...
4399740000 >> Requesting for the AHB bus...
4400315000 >> AHB granted, starting recovery...
4419515000 >> Recovery done, continuing...
4419865000 >> Requesting for the AHB bus...
4420440000 >> AHB granted, starting recovery...
4439640000 >> Recovery done, continuing...
4439990000 >> Requesting for the AHB bus...
4440565000 >> AHB granted, starting recovery...
4459765000 >> Recovery done, continuing...
4460115000 >> Requesting for the AHB bus...
4460690000 >> AHB granted, starting recovery...
4479890000 >> Recovery done, continuing...
4480240000 >> Requesting for the AHB bus...
4480815000 >> AHB granted, starting recovery...
4500015000 >> Recovery done, continuing...
4500365000 >> Requesting for the AHB bus...
4500940000 >> AHB granted, starting recovery...
4520140000 >> Recovery done, continuing...
4520490000 >> Requesting for the AHB bus...
4521065000 >> AHB granted, starting recovery...
4540265000 >> Recovery done, continuing...
4540615000 >> Requesting for the AHB bus...
4541190000 >> AHB granted, starting recovery...
4560390000 >> Recovery done, continuing...
4560740000 >> Requesting for the AHB bus...
4561315000 >> AHB granted, starting recovery...
4580515000 >> Recovery done, continuing...
4580865000 >> Requesting for the AHB bus...
4581440000 >> AHB granted, starting recovery...
4600640000 >> Recovery done, continuing...
4600990000 >> Requesting for the AHB bus...
4601565000 >> AHB granted, starting recovery...
4620765000 >> Recovery done, continuing...
4621115000 >> Requesting for the AHB bus...
4621690000 >> AHB granted, starting recovery...
4640890000 >> Recovery done, continuing...
4641240000 >> Requesting for the AHB bus...
4641815000 >> AHB granted, starting recovery...
4661015000 >> Recovery done, continuing...
4661365000 >> Requesting for the AHB bus...
4661940000 >> AHB granted, starting recovery...
4681140000 >> Recovery done, continuing...
4681490000 >> Requesting for the AHB bus...
4682065000 >> AHB granted, starting recovery...
4701265000 >> Recovery done, continuing...
4701615000 >> Requesting for the AHB bus...
4702190000 >> AHB granted, starting recovery...
4721390000 >> Recovery done, continuing...
4721740000 >> Requesting for the AHB bus...
4722315000 >> AHB granted, starting recovery...
4741515000 >> Recovery done, continuing...
4741865000 >> Requesting for the AHB bus...
4742440000 >> AHB granted, starting recovery...
4761640000 >> Recovery done, continuing...
4761990000 >> Requesting for the AHB bus...
4762565000 >> AHB granted, starting recovery...
4781765000 >> Recovery done, continuing...
4782115000 >> Requesting for the AHB bus...
4782690000 >> AHB granted, starting recovery...
4801890000 >> Recovery done, continuing...
4802240000 >> Requesting for the AHB bus...
4802815000 >> AHB granted, starting recovery...
4822015000 >> Recovery done, continuing...
4822365000 >> Requesting for the AHB bus...
4822940000 >> AHB granted, starting recovery...
4842140000 >> Recovery done, continuing...
4842490000 >> Requesting for the AHB bus...
4843065000 >> AHB granted, starting recovery...
4862265000 >> Recovery done, continuing...
4862615000 >> Requesting for the AHB bus...
4863190000 >> AHB granted, starting recovery...
4882390000 >> Recovery done, continuing...
4882740000 >> Requesting for the AHB bus...
4883315000 >> AHB granted, starting recovery...
4902515000 >> Recovery done, continuing...
4902865000 >> Requesting for the AHB bus...
4903440000 >> AHB granted, starting recovery...
4922640000 >> Recovery done, continuing...
4922990000 >> Requesting for the AHB bus...
4923565000 >> AHB granted, starting recovery...
4942765000 >> Recovery done, continuing...
4943115000 >> Requesting for the AHB bus...
4943690000 >> AHB granted, starting recovery...
4962890000 >> Recovery done, continuing...
4963240000 >> Requesting for the AHB bus...
4963815000 >> AHB granted, starting recovery...
4983015000 >> Recovery done, continuing...
4983365000 >> Requesting for the AHB bus...
4983940000 >> AHB granted, starting recovery...
5003140000 >> Recovery done, continuing...
5003490000 >> Requesting for the AHB bus...
5004065000 >> AHB granted, starting recovery...
5023265000 >> Recovery done, continuing...
5023615000 >> Requesting for the AHB bus...
5024190000 >> AHB granted, starting recovery...
5043390000 >> Recovery done, continuing...
5043740000 >> Requesting for the AHB bus...
5044315000 >> AHB granted, starting recovery...
5063515000 >> Recovery done, continuing...
5063865000 >> Requesting for the AHB bus...
5064440000 >> AHB granted, starting recovery...
5083640000 >> Recovery done, continuing...
5083990000 >> Requesting for the AHB bus...
5084565000 >> AHB granted, starting recovery...
5103765000 >> Recovery done, continuing...
5104115000 >> Requesting for the AHB bus...
5104690000 >> AHB granted, starting recovery...
5123890000 >> Recovery done, continuing...
5124240000 >> Requesting for the AHB bus...
5124815000 >> AHB granted, starting recovery...
5144015000 >> Recovery done, continuing...
5144365000 >> Requesting for the AHB bus...
5144940000 >> AHB granted, starting recovery...
5164140000 >> Recovery done, continuing...
5164490000 >> Requesting for the AHB bus...
5165065000 >> AHB granted, starting recovery...
5184265000 >> Recovery done, continuing...
5184790000 >> Requesting for the AHB bus...
5185365000 >> AHB granted, starting recovery...
5204565000 >> Recovery done, continuing...
5204915000 >> Requesting for the AHB bus...
5205490000 >> AHB granted, starting recovery...
5224690000 >> Recovery done, continuing...
5225040000 >> Requesting for the AHB bus...
5225615000 >> AHB granted, starting recovery...
5244815000 >> Recovery done, continuing...
5245165000 >> Requesting for the AHB bus...
5245740000 >> AHB granted, starting recovery...
5264940000 >> Recovery done, continuing...
5265290000 >> Requesting for the AHB bus...
5265865000 >> AHB granted, starting recovery...
5285065000 >> Recovery done, continuing...
5285415000 >> Requesting for the AHB bus...
5285990000 >> AHB granted, starting recovery...
5305190000 >> Recovery done, continuing...
5305540000 >> Requesting for the AHB bus...
5306115000 >> AHB granted, starting recovery...
5325315000 >> Recovery done, continuing...
5325665000 >> Requesting for the AHB bus...
5326240000 >> AHB granted, starting recovery...
5345440000 >> Recovery done, continuing...
5345790000 >> Requesting for the AHB bus...
5346365000 >> AHB granted, starting recovery...
5365565000 >> Recovery done, continuing...
5365915000 >> Requesting for the AHB bus...
5366490000 >> AHB granted, starting recovery...
5385690000 >> Recovery done, continuing...
5386040000 >> Requesting for the AHB bus...
5386615000 >> AHB granted, starting recovery...
5405815000 >> Recovery done, continuing...
5406165000 >> Requesting for the AHB bus...
5406740000 >> AHB granted, starting recovery...
5425940000 >> Recovery done, continuing...
5426290000 >> Requesting for the AHB bus...
5426865000 >> AHB granted, starting recovery...
5446065000 >> Recovery done, continuing...
5446415000 >> Requesting for the AHB bus...
5446990000 >> AHB granted, starting recovery...
5466190000 >> Recovery done, continuing...
5466540000 >> Requesting for the AHB bus...
5467115000 >> AHB granted, starting recovery...
5486315000 >> Recovery done, continuing...
5486665000 >> Requesting for the AHB bus...
5487240000 >> AHB granted, starting recovery...
5506440000 >> Recovery done, continuing...
5506790000 >> Requesting for the AHB bus...
5507365000 >> AHB granted, starting recovery...
5526565000 >> Recovery done, continuing...
5526915000 >> Requesting for the AHB bus...
5527490000 >> AHB granted, starting recovery...
5546690000 >> Recovery done, continuing...
5547040000 >> Requesting for the AHB bus...
5547615000 >> AHB granted, starting recovery...
5566815000 >> Recovery done, continuing...
5567165000 >> Requesting for the AHB bus...
5567740000 >> AHB granted, starting recovery...
5586940000 >> Recovery done, continuing...
5587290000 >> Requesting for the AHB bus...
5587865000 >> AHB granted, starting recovery...
5607065000 >> Recovery done, continuing...
5607415000 >> Requesting for the AHB bus...
5607990000 >> AHB granted, starting recovery...
5627190000 >> Recovery done, continuing...
5627540000 >> Requesting for the AHB bus...
5628115000 >> AHB granted, starting recovery...
5647315000 >> Recovery done, continuing...
5647665000 >> Requesting for the AHB bus...
5648240000 >> AHB granted, starting recovery...
5667440000 >> Recovery done, continuing...
5667790000 >> Requesting for the AHB bus...
5668365000 >> AHB granted, starting recovery...
5687565000 >> Recovery done, continuing...
5687915000 >> Requesting for the AHB bus...
5688490000 >> AHB granted, starting recovery...
5707690000 >> Recovery done, continuing...
5708040000 >> Requesting for the AHB bus...
5708615000 >> AHB granted, starting recovery...
5727815000 >> Recovery done, continuing...
5728165000 >> Requesting for the AHB bus...
5728740000 >> AHB granted, starting recovery...
5745715000 >> time limit reached...
/testbench/cpu/l3/u0/leon3x0/vhdl/p0/iu/r.w.wreg:0
/testbench/cpu/l3/u0/leon3x0/vhdl/p0/iu/r.m.irqen:1
/testbench/cpu/l3/u0/leon3x0/vhdl/p0/iu/r.m.icc:0000
/testbench/cpu/l3/u0/leon3x0/vhdl/p0/iu/r.a.ticc:0
/testbench/cpu/l3/u0/leon3x0/vhdl/p0/iu/r.a.step:0
/testbench/cpu/l3/u0/leon3x0/vhdl/p0/iu/r.m.irqen2:1
/testbench/cpu/l3/u0/leon3x0/vhdl/p0/iu/r.d.pc:01000000000000000000001101000100
/testbench/cpu/l3/u0/leon3x0/vhdl/p0/iu/r.d.rexpl:{{00000000000000000000000000000000} {00} {0} 0 0 {0000000000000000000} 0 0 0 0 0 0}
/testbench/cpu/l3/u0/leon3x0/vhdl/p0/iu/r.d.mexc:0
/testbench/cpu/l3/u0/leon3x0/vhdl/p0/iu/r.a.aw:0
/testbench/cpu/l3/u0/leon3x0/vhdl/p0/iu/r.e.ctrl:{{01000000000000000000001101000000} {11000100000001111010000001000100} {00} {10000010} {000000} 0 0 1 0 0 1 1 0 0}
/testbench/cpu/l3/u0/leon3x0/vhdl/p0/iu/r.a.divstart:0
/testbench/cpu/l3/u0/leon3x0/vhdl/p0/iu/r.e.shleft:0
/testbench/cpu/l3/u0/leon3x0/vhdl/p0/iu/r.a.bp:0
/testbench/cpu/l3/u0/leon3x0/vhdl/p0/iu/r.w.twcwp:000
/testbench/cpu/l3/u0/leon3x0/vhdl/p0/iu/r.a.jmpl:0
/testbench/cpu/l3/u0/leon3x0/vhdl/p0/iu/r.m.casa:0
/testbench/cpu/l3/u0/leon3x0/vhdl/p0/iu/r.m.werr:0
/testbench/cpu/l3/u0/leon3x0/vhdl/p0/iu/r.e.su:1
/testbench/cpu/l3/u0/leon3x0/vhdl/p0/iu/r.e.et:1
/testbench/cpu/l3/u0/leon3x0/vhdl/p0/iu/r.a.ldcheck1:1
/testbench/cpu/l3/u0/leon3x0/vhdl/p0/iu/r.d.stwin:000
/testbench/cpu/l3/u0/leon3x0/vhdl/p0/iu/r.a.ldcheck2:1
/testbench/cpu/l3/u0/leon3x0/vhdl/p0/iu/r.x.intack:0
/testbench/cpu/l3/u0/leon3x0/vhdl/p0/iu/r.m.ctrl:{{01000000000000000000001100111100} {11000010000001111011111111111000} {00} {10000001} {000000} 0 0 1 0 0 1 1 0 0}
/testbench/cpu/l3/u0/leon3x0/vhdl/p0/iu/r.a.cwp:101
/testbench/cpu/l3/u0/leon3x0/vhdl/p0/iu/r.e.sari:0
/testbench/cpu/l3/u0/leon3x0/vhdl/p0/iu/r.d.paw:0
/testbench/cpu/l3/u0/leon3x0/vhdl/p0/iu/r.d.aw:0
/testbench/cpu/l3/u0/leon3x0/vhdl/p0/iu/r.d.awp:000
/testbench/cpu/l3/u0/leon3x0/vhdl/p0/iu/r.x.ctrl:{{01000000000000000000001100111000} {11000100001010000100000000000000} {01} {10000010} {000000} 0 0 0 0 0 0 0 0 0}
/testbench/cpu/l3/u0/leon3x0/vhdl/p0/iu/r.m.rexnalign:0
/testbench/cpu/l3/u0/leon3x0/vhdl/p0/iu/r.m.su:1
/testbench/cpu/l3/u0/leon3x0/vhdl/p0/iu/r.m.wcwp:0
/testbench/cpu/l3/u0/leon3x0/vhdl/p0/iu/r.d.divrdy:0
/testbench/cpu/l3/u0/leon3x0/vhdl/p0/iu/r.e.cwp:101
/testbench/cpu/l3/u0/leon3x0/vhdl/p0/iu/r.w.except:0
/testbench/cpu/l3/u0/leon3x0/vhdl/p0/iu/r.x.nerror:0
/testbench/cpu/l3/u0/leon3x0/vhdl/p0/iu/r.a.bpimiss:0
/testbench/cpu/l3/u0/leon3x0/vhdl/p0/iu/r.a.nobp:0
/testbench/cpu/l3/u0/leon3x0/vhdl/p0/iu/r.d.rexcnt:0
/testbench/cpu/l3/u0/leon3x0/vhdl/p0/iu/r.w.s:{{101} {0000} {00000000} {01000000000000000000} {00000010} {0000} 0 0 1 1 1 {00000000000000000000000000000000} {UUUUUUUUUUUUUUUUUUUUUUUUUUUUUUUU} 1 0 0 1 1 1 0 0 {000} {000} {111}}
/testbench/cpu/l3/u0/leon3x0/vhdl/p0/iu/r.d.pv:1
/testbench/cpu/l3/u0/leon3x0/vhdl/p0/iu/r.a.ldchkra:1
/testbench/cpu/l3/u0/leon3x0/vhdl/p0/iu/r.a.rfa1:10000010
/testbench/cpu/l3/u0/leon3x0/vhdl/p0/iu/r.a.rfa2:10000001
/testbench/cpu/l3/u0/leon3x0/vhdl/p0/iu/r.a.imm:00000000000000000000000000000001
/testbench/cpu/l3/u0/leon3x0/vhdl/p0/iu/r.w.wa:10000010
/testbench/cpu/l3/u0/leon3x0/vhdl/p0/iu/r.m.casaz:0
/testbench/cpu/l3/u0/leon3x0/vhdl/p0/iu/r.x.dci:{0 0 0 1 0 0 {00} {00001011}}
/testbench/cpu/l3/u0/leon3x0/vhdl/p0/iu/r.x.mac:0
/testbench/cpu/l3/u0/leon3x0/vhdl/p0/iu/r.m.divz:0
/testbench/cpu/l3/u0/leon3x0/vhdl/p0/iu/r.d.inst:{{10000010000000001000000000000001}}
/testbench/cpu/l3/u0/leon3x0/vhdl/p0/iu/r.e.rfe1:1
/testbench/cpu/l3/u0/leon3x0/vhdl/p0/iu/r.a.wovf:0
/testbench/cpu/l3/u0/leon3x0/vhdl/p0/iu/r.e.rfe2:0
/testbench/cpu/l3/u0/leon3x0/vhdl/p0/iu/r.e.op1:01000000000011111111111010100000
/testbench/cpu/l3/u0/leon3x0/vhdl/p0/iu/r.m.nalign:0
/testbench/cpu/l3/u0/leon3x0/vhdl/p0/iu/r.e.op2:00000000000000000000000001000100
/testbench/cpu/l3/u0/leon3x0/vhdl/p0/iu/r.d.rexen:0
/testbench/cpu/l3/u0/leon3x0/vhdl/p0/iu/r.a.ctrl:{{01000000000000000000001101000100} {10000010000000001000000000000001} {00} {10000001} {000000} 0 1 0 0 0 0 0 0 0}
/testbench/cpu/l3/u0/leon3x0/vhdl/p0/iu/r.x.ipend:0
/testbench/cpu/l3/u0/leon3x0/vhdl/p0/iu/r.e.ldbp1:0
/testbench/cpu/l3/u0/leon3x0/vhdl/p0/iu/r.e.aluadd:1
/testbench/cpu/l3/u0/leon3x0/vhdl/p0/iu/r.d.set:0
/testbench/cpu/l3/u0/leon3x0/vhdl/p0/iu/r.d.inull:0
/testbench/cpu/l3/u0/leon3x0/vhdl/p0/iu/r.e.ldbp2:0
/testbench/cpu/l3/u0/leon3x0/vhdl/p0/iu/r.d.cnt:00
/testbench/cpu/l3/u0/leon3x0/vhdl/p0/iu/r.a.su:1
/testbench/cpu/l3/u0/leon3x0/vhdl/p0/iu/r.a.et:1
/testbench/cpu/l3/u0/leon3x0/vhdl/p0/iu/r.e.mul:0
/testbench/cpu/l3/u0/leon3x0/vhdl/p0/iu/r.e.alusel:00
/testbench/cpu/l3/u0/leon3x0/vhdl/p0/iu/r.e.aw:U
/testbench/cpu/l3/u0/leon3x0/vhdl/p0/iu/r.e.mac:0
/testbench/cpu/l3/u0/leon3x0/vhdl/p0/iu/r.a.decill:0
/testbench/cpu/l3/u0/leon3x0/vhdl/p0/iu/r.x.icc:0000
/testbench/cpu/l3/u0/leon3x0/vhdl/p0/iu/r.x.result:00000000000000000000000000000000
/testbench/cpu/l3/u0/leon3x0/vhdl/p0/iu/r.e.bp:0
/testbench/cpu/l3/u0/leon3x0/vhdl/p0/iu/r.a.rs1:00010
/testbench/cpu/l3/u0/leon3x0/vhdl/p0/iu/r.e.jmpl:0
/testbench/cpu/l3/u0/leon3x0/vhdl/p0/iu/r.a.rsel1:001
/testbench/cpu/l3/u0/leon3x0/vhdl/p0/iu/r.x.y:00000000000000000000000000000000
/testbench/cpu/l3/u0/leon3x0/vhdl/p0/iu/r.a.rsel2:010
/testbench/cpu/l3/u0/leon3x0/vhdl/p0/iu/r.a.awp:000
/testbench/cpu/l3/u0/leon3x0/vhdl/p0/iu/r.a.paw:0
/testbench/cpu/l3/u0/leon3x0/vhdl/p0/iu/r.x.data:{{00000000000000000000000000000000}}
/testbench/cpu/l3/u0/leon3x0/vhdl/p0/iu/r.m.mul:0
/testbench/cpu/l3/u0/leon3x0/vhdl/p0/iu/r.e.rd:UUUUU
/testbench/cpu/l3/u0/leon3x0/vhdl/p0/iu/r.e.invop2:0
/testbench/cpu/l3/u0/leon3x0/vhdl/p0/iu/r.m.wawp:0
/testbench/cpu/l3/u0/leon3x0/vhdl/p0/iu/r.d.cwpmax:111
/testbench/cpu/l3/u0/leon3x0/vhdl/p0/iu/r.f.branch:0
/testbench/cpu/l3/u0/leon3x0/vhdl/p0/iu/r.d.pcheld:1
/testbench/cpu/l3/u0/leon3x0/vhdl/p0/iu/r.m.dci:{0 1 1 0 0 0 {10} {00001011}}
/testbench/cpu/l3/u0/leon3x0/vhdl/p0/iu/r.e.paw:U
/testbench/cpu/l3/u0/leon3x0/vhdl/p0/iu/r.e.awp:UUU
/testbench/cpu/l3/u0/leon3x0/vhdl/p0/iu/r.e.shcnt:00100
/testbench/cpu/l3/u0/leon3x0/vhdl/p0/iu/r.w.result:01000000000000000001111001001100
/testbench/cpu/l3/u0/leon3x0/vhdl/p0/iu/r.m.mac:0
/testbench/cpu/l3/u0/leon3x0/vhdl/p0/iu/r.m.y:00000000000000000000000000000000
/testbench/cpu/l3/u0/leon3x0/vhdl/p0/iu/r.d.cwp:101
/testbench/cpu/l3/u0/leon3x0/vhdl/p0/iu/r.x.laddr:00
/testbench/cpu/l3/u0/leon3x0/vhdl/p0/iu/r.e.mulstep:0
/testbench/cpu/l3/u0/leon3x0/vhdl/p0/iu/r.e.ymsb:0
/testbench/cpu/l3/u0/leon3x0/vhdl/p0/iu/r.d.rexbuf:00000000000000000000000000000000
/testbench/cpu/l3/u0/leon3x0/vhdl/p0/iu/r.x.npc:100
/testbench/cpu/l3/u0/leon3x0/vhdl/p0/iu/r.f.pc:01000000000000000000001101001000
/testbench/cpu/l3/u0/leon3x0/vhdl/p0/iu/r.d.annul:0
/testbench/cpu/l3/u0/leon3x0/vhdl/p0/iu/r.x.rstate:run
/testbench/cpu/l3/u0/leon3x0/vhdl/p0/iu/r.x.set:0
/testbench/cpu/l3/u0/leon3x0/vhdl/p0/iu/r.m.result:11111111111111111111111111111000
/testbench/cpu/l3/u0/leon3x0/vhdl/p0/iu/r.e.icc:UUUU
/testbench/cpu/l3/u0/leon3x0/vhdl/p0/iu/r.a.getpc:0
/testbench/cpu/l3/u0/leon3x0/vhdl/p0/iu/r.a.ldchkex:1
/testbench/cpu/l3/u0/leon3x0/vhdl/p0/iu/r.x.mexc:0
/testbench/cpu/l3/u0/leon3x0/vhdl/p0/iu/r.a.mulstart:0
/testbench/cpu/l3/u0/leon3x0/vhdl/p0/iu/r.d.rexpos:10
/testbench/cpu/l3/u0/leon3x0/vhdl/p0/iu/r.x.annul_all:0
/testbench/cpu/l3/u0/leon3x0/vhdl/p0/iu/r.e.aluop:000
/testbench/cpu/l3/u0/leon3x0/vhdl/p0/iu/r.x.debug:0
/testbench/cpu/l3/u0/leon3x0/vhdl/p0/iu/r.a.rfe1:0
/testbench/cpu/l3/u0/leon3x0/vhdl/p0/iu/r.d.step:0
/testbench/cpu/l3/u0/leon3x0/vhdl/p0/iu/r.a.rfe2:0
/testbench/cpu/l3/u0/leon3x0/vhdl/p0/iu/r.e.alucin:0
/testbench/cpu/l3/u0/leon3x0/vhdl/p0/iu/r.a.wunf:0
======================================
progstatus: -2
execerr: 221
latent: 1
time limit!
>>>>>>>>>>>>>>> 5745715000
======================================
