Test signal = /testbench/cpu/l3/u0/leon3x0/vhdl/p0/iu/r.m.wcwp
oldval = 0
pos1: -1 pos0: 0 posU: -1
newval = 1
Signal value: 0
oldval = 0
pos1: -1 pos0: 0 posU: -1
newval = 1
force in 2955385
586290000 >> iteration no: 0
1598340000 >> iteration no: 1
2610390000 >> iteration no: 2
3537840000 >> Requesting for the AHB bus...
3538290000 >> Requesting for the AHB bus...
3538740000 >> AHB granted, starting recovery...
3557940000 >> Recovery done, continuing...
3557990000 >> Requesting for the AHB bus...
3558790000 >> AHB granted, starting recovery...
3577990000 >> Recovery done, continuing...
3578040000 >> Requesting for the AHB bus...
3578890000 >> AHB granted, starting recovery...
3598090000 >> Recovery done, continuing...
3598140000 >> Requesting for the AHB bus...
3598940000 >> AHB granted, starting recovery...
3618140000 >> Recovery done, continuing...
3618190000 >> Requesting for the AHB bus...
3618990000 >> AHB granted, starting recovery...
3638190000 >> Recovery done, continuing...
3638240000 >> Requesting for the AHB bus...
3639040000 >> AHB granted, starting recovery...
3658240000 >> Recovery done, continuing...
3658290000 >> Requesting for the AHB bus...
3659090000 >> AHB granted, starting recovery...
3678290000 >> Recovery done, continuing...
3678340000 >> Requesting for the AHB bus...
3679140000 >> AHB granted, starting recovery...
3698340000 >> Recovery done, continuing...
3698390000 >> Requesting for the AHB bus...
3699190000 >> AHB granted, starting recovery...
3718390000 >> Recovery done, continuing...
3718440000 >> Requesting for the AHB bus...
3719240000 >> AHB granted, starting recovery...
3738440000 >> Recovery done, continuing...
3738490000 >> Requesting for the AHB bus...
3739290000 >> AHB granted, starting recovery...
3758490000 >> Recovery done, continuing...
3758540000 >> Requesting for the AHB bus...
3759340000 >> AHB granted, starting recovery...
3778540000 >> Recovery done, continuing...
3778590000 >> Requesting for the AHB bus...
3779390000 >> AHB granted, starting recovery...
3798590000 >> Recovery done, continuing...
3798640000 >> Requesting for the AHB bus...
3799440000 >> AHB granted, starting recovery...
3818640000 >> Recovery done, continuing...
3818690000 >> Requesting for the AHB bus...
3819490000 >> AHB granted, starting recovery...
3838690000 >> Recovery done, continuing...
3838740000 >> Requesting for the AHB bus...
3839540000 >> AHB granted, starting recovery...
3858740000 >> Recovery done, continuing...
3858790000 >> Requesting for the AHB bus...
3859590000 >> AHB granted, starting recovery...
3878790000 >> Recovery done, continuing...
3878840000 >> Requesting for the AHB bus...
3879690000 >> AHB granted, starting recovery...
3898890000 >> Recovery done, continuing...
3898940000 >> Requesting for the AHB bus...
3899740000 >> AHB granted, starting recovery...
3918940000 >> Recovery done, continuing...
3918990000 >> Requesting for the AHB bus...
3919790000 >> AHB granted, starting recovery...
3938990000 >> Recovery done, continuing...
3939040000 >> Requesting for the AHB bus...
3939840000 >> AHB granted, starting recovery...
3959040000 >> Recovery done, continuing...
3959090000 >> Requesting for the AHB bus...
3959890000 >> AHB granted, starting recovery...
3979090000 >> Recovery done, continuing...
3979140000 >> Requesting for the AHB bus...
3979940000 >> AHB granted, starting recovery...
3999140000 >> Recovery done, continuing...
3999190000 >> Requesting for the AHB bus...
3999990000 >> AHB granted, starting recovery...
4019190000 >> Recovery done, continuing...
4019240000 >> Requesting for the AHB bus...
4020040000 >> AHB granted, starting recovery...
4039240000 >> Recovery done, continuing...
4039290000 >> Requesting for the AHB bus...
4040090000 >> AHB granted, starting recovery...
4059290000 >> Recovery done, continuing...
4059340000 >> Requesting for the AHB bus...
4060140000 >> AHB granted, starting recovery...
4079340000 >> Recovery done, continuing...
4079390000 >> Requesting for the AHB bus...
4080190000 >> AHB granted, starting recovery...
4099390000 >> Recovery done, continuing...
4099440000 >> Requesting for the AHB bus...
4100240000 >> AHB granted, starting recovery...
4119440000 >> Recovery done, continuing...
4119490000 >> Requesting for the AHB bus...
4120290000 >> AHB granted, starting recovery...
4139490000 >> Recovery done, continuing...
4139540000 >> Requesting for the AHB bus...
4140340000 >> AHB granted, starting recovery...
4159540000 >> Recovery done, continuing...
4159590000 >> Requesting for the AHB bus...
4160390000 >> AHB granted, starting recovery...
4179590000 >> Recovery done, continuing...
4179640000 >> Requesting for the AHB bus...
4180490000 >> AHB granted, starting recovery...
4199690000 >> Recovery done, continuing...
4199740000 >> Requesting for the AHB bus...
4200540000 >> AHB granted, starting recovery...
4219740000 >> Recovery done, continuing...
4219790000 >> Requesting for the AHB bus...
4220590000 >> AHB granted, starting recovery...
4239790000 >> Recovery done, continuing...
4239840000 >> Requesting for the AHB bus...
4240640000 >> AHB granted, starting recovery...
4259840000 >> Recovery done, continuing...
4259890000 >> Requesting for the AHB bus...
4260690000 >> AHB granted, starting recovery...
4279890000 >> Recovery done, continuing...
4279940000 >> Requesting for the AHB bus...
4280740000 >> AHB granted, starting recovery...
4299940000 >> Recovery done, continuing...
4299990000 >> Requesting for the AHB bus...
4300790000 >> AHB granted, starting recovery...
4319990000 >> Recovery done, continuing...
4320040000 >> Requesting for the AHB bus...
4320840000 >> AHB granted, starting recovery...
4340040000 >> Recovery done, continuing...
4340090000 >> Requesting for the AHB bus...
4340890000 >> AHB granted, starting recovery...
4360090000 >> Recovery done, continuing...
4360140000 >> Requesting for the AHB bus...
4360940000 >> AHB granted, starting recovery...
4380140000 >> Recovery done, continuing...
4380190000 >> Requesting for the AHB bus...
4380990000 >> AHB granted, starting recovery...
4400190000 >> Recovery done, continuing...
4400240000 >> Requesting for the AHB bus...
4401040000 >> AHB granted, starting recovery...
4420240000 >> Recovery done, continuing...
4420290000 >> Requesting for the AHB bus...
4421090000 >> AHB granted, starting recovery...
4440290000 >> Recovery done, continuing...
4440340000 >> Requesting for the AHB bus...
4441140000 >> AHB granted, starting recovery...
4460340000 >> Recovery done, continuing...
4460390000 >> Requesting for the AHB bus...
4461190000 >> AHB granted, starting recovery...
4480390000 >> Recovery done, continuing...
4480440000 >> Requesting for the AHB bus...
4481290000 >> AHB granted, starting recovery...
4500490000 >> Recovery done, continuing...
4500540000 >> Requesting for the AHB bus...
4501340000 >> AHB granted, starting recovery...
4520540000 >> Recovery done, continuing...
4520590000 >> Requesting for the AHB bus...
4521390000 >> AHB granted, starting recovery...
4540590000 >> Recovery done, continuing...
4540640000 >> Requesting for the AHB bus...
4541440000 >> AHB granted, starting recovery...
4560640000 >> Recovery done, continuing...
4560690000 >> Requesting for the AHB bus...
4561490000 >> AHB granted, starting recovery...
4580690000 >> Recovery done, continuing...
4580740000 >> Requesting for the AHB bus...
4581540000 >> AHB granted, starting recovery...
4600740000 >> Recovery done, continuing...
4600790000 >> Requesting for the AHB bus...
4601590000 >> AHB granted, starting recovery...
4620790000 >> Recovery done, continuing...
4620840000 >> Requesting for the AHB bus...
4621640000 >> AHB granted, starting recovery...
4640840000 >> Recovery done, continuing...
4640890000 >> Requesting for the AHB bus...
4641690000 >> AHB granted, starting recovery...
4660890000 >> Recovery done, continuing...
4660940000 >> Requesting for the AHB bus...
4661740000 >> AHB granted, starting recovery...
4680940000 >> Recovery done, continuing...
4680990000 >> Requesting for the AHB bus...
4681790000 >> AHB granted, starting recovery...
4700990000 >> Recovery done, continuing...
4701040000 >> Requesting for the AHB bus...
4701840000 >> AHB granted, starting recovery...
4721040000 >> Recovery done, continuing...
4721090000 >> Requesting for the AHB bus...
4721890000 >> AHB granted, starting recovery...
4741090000 >> Recovery done, continuing...
4741140000 >> Requesting for the AHB bus...
4741940000 >> AHB granted, starting recovery...
4761140000 >> Recovery done, continuing...
4761190000 >> Requesting for the AHB bus...
4761990000 >> AHB granted, starting recovery...
4781190000 >> Recovery done, continuing...
4781240000 >> Requesting for the AHB bus...
4782090000 >> AHB granted, starting recovery...
4801290000 >> Recovery done, continuing...
4801340000 >> Requesting for the AHB bus...
4802140000 >> AHB granted, starting recovery...
4821340000 >> Recovery done, continuing...
4821390000 >> Requesting for the AHB bus...
4822190000 >> AHB granted, starting recovery...
4841390000 >> Recovery done, continuing...
4841440000 >> Requesting for the AHB bus...
4842240000 >> AHB granted, starting recovery...
4861440000 >> Recovery done, continuing...
4861490000 >> Requesting for the AHB bus...
4862290000 >> AHB granted, starting recovery...
4881490000 >> Recovery done, continuing...
4881540000 >> Requesting for the AHB bus...
4882340000 >> AHB granted, starting recovery...
4901540000 >> Recovery done, continuing...
4901590000 >> Requesting for the AHB bus...
4902390000 >> AHB granted, starting recovery...
4921590000 >> Recovery done, continuing...
4921640000 >> Requesting for the AHB bus...
4922440000 >> AHB granted, starting recovery...
4941640000 >> Recovery done, continuing...
4941690000 >> Requesting for the AHB bus...
4942490000 >> AHB granted, starting recovery...
4961690000 >> Recovery done, continuing...
4961740000 >> Requesting for the AHB bus...
4962540000 >> AHB granted, starting recovery...
4981740000 >> Recovery done, continuing...
4981790000 >> Requesting for the AHB bus...
4982590000 >> AHB granted, starting recovery...
5001790000 >> Recovery done, continuing...
5001840000 >> Requesting for the AHB bus...
5002640000 >> AHB granted, starting recovery...
5021840000 >> Recovery done, continuing...
5021890000 >> Requesting for the AHB bus...
5022690000 >> AHB granted, starting recovery...
5041890000 >> Recovery done, continuing...
5041940000 >> Requesting for the AHB bus...
5042740000 >> AHB granted, starting recovery...
5061940000 >> Recovery done, continuing...
5061990000 >> Requesting for the AHB bus...
5062790000 >> AHB granted, starting recovery...
5081990000 >> Recovery done, continuing...
5082040000 >> Requesting for the AHB bus...
5082890000 >> AHB granted, starting recovery...
5102090000 >> Recovery done, continuing...
5102140000 >> Requesting for the AHB bus...
5102940000 >> AHB granted, starting recovery...
5122140000 >> Recovery done, continuing...
5122190000 >> Requesting for the AHB bus...
5122990000 >> AHB granted, starting recovery...
5142190000 >> Recovery done, continuing...
5142240000 >> Requesting for the AHB bus...
5143040000 >> AHB granted, starting recovery...
5162240000 >> Recovery done, continuing...
5162290000 >> Requesting for the AHB bus...
5163090000 >> AHB granted, starting recovery...
5182290000 >> Recovery done, continuing...
5182340000 >> Requesting for the AHB bus...
5183140000 >> AHB granted, starting recovery...
5202340000 >> Recovery done, continuing...
5202390000 >> Requesting for the AHB bus...
5203190000 >> AHB granted, starting recovery...
5222390000 >> Recovery done, continuing...
5222440000 >> Requesting for the AHB bus...
5223240000 >> AHB granted, starting recovery...
5242440000 >> Recovery done, continuing...
5242490000 >> Requesting for the AHB bus...
5243290000 >> AHB granted, starting recovery...
5262490000 >> Recovery done, continuing...
5262540000 >> Requesting for the AHB bus...
5263340000 >> AHB granted, starting recovery...
5282540000 >> Recovery done, continuing...
5282590000 >> Requesting for the AHB bus...
5283390000 >> AHB granted, starting recovery...
5302590000 >> Recovery done, continuing...
5302640000 >> Requesting for the AHB bus...
5303440000 >> AHB granted, starting recovery...
5322640000 >> Recovery done, continuing...
5322690000 >> Requesting for the AHB bus...
5323490000 >> AHB granted, starting recovery...
5342690000 >> Recovery done, continuing...
5342740000 >> Requesting for the AHB bus...
5343540000 >> AHB granted, starting recovery...
5362740000 >> Recovery done, continuing...
5362790000 >> Requesting for the AHB bus...
5363590000 >> AHB granted, starting recovery...
5382790000 >> Recovery done, continuing...
5382840000 >> Requesting for the AHB bus...
5383690000 >> AHB granted, starting recovery...
5402890000 >> Recovery done, continuing...
5402940000 >> Requesting for the AHB bus...
5403740000 >> AHB granted, starting recovery...
5422940000 >> Recovery done, continuing...
5422990000 >> Requesting for the AHB bus...
5423790000 >> AHB granted, starting recovery...
5442990000 >> Recovery done, continuing...
5443040000 >> Requesting for the AHB bus...
5443840000 >> AHB granted, starting recovery...
5463040000 >> Recovery done, continuing...
5463090000 >> Requesting for the AHB bus...
5463890000 >> AHB granted, starting recovery...
5483090000 >> Recovery done, continuing...
5483140000 >> Requesting for the AHB bus...
5483940000 >> AHB granted, starting recovery...
5503140000 >> Recovery done, continuing...
5503190000 >> Requesting for the AHB bus...
5503990000 >> AHB granted, starting recovery...
5523190000 >> Recovery done, continuing...
5523240000 >> Requesting for the AHB bus...
5524040000 >> AHB granted, starting recovery...
5543240000 >> Recovery done, continuing...
5543290000 >> Requesting for the AHB bus...
5544090000 >> AHB granted, starting recovery...
5563290000 >> Recovery done, continuing...
5563340000 >> Requesting for the AHB bus...
5564140000 >> AHB granted, starting recovery...
5583340000 >> Recovery done, continuing...
5583390000 >> Requesting for the AHB bus...
5584190000 >> AHB granted, starting recovery...
5603390000 >> Recovery done, continuing...
5603440000 >> Requesting for the AHB bus...
5604240000 >> AHB granted, starting recovery...
5623440000 >> Recovery done, continuing...
5623490000 >> Requesting for the AHB bus...
5624290000 >> AHB granted, starting recovery...
5643490000 >> Recovery done, continuing...
5643540000 >> Requesting for the AHB bus...
5644340000 >> AHB granted, starting recovery...
5663540000 >> Recovery done, continuing...
5663590000 >> Requesting for the AHB bus...
5664390000 >> AHB granted, starting recovery...
5683590000 >> Recovery done, continuing...
5683640000 >> Requesting for the AHB bus...
5684490000 >> AHB granted, starting recovery...
5703690000 >> Recovery done, continuing...
5703740000 >> Requesting for the AHB bus...
5704540000 >> AHB granted, starting recovery...
5723740000 >> Recovery done, continuing...
5723790000 >> Requesting for the AHB bus...
5724590000 >> AHB granted, starting recovery...
5743790000 >> Recovery done, continuing...
5743840000 >> Requesting for the AHB bus...
5744640000 >> AHB granted, starting recovery...
5745715000 >> time limit reached...
/testbench/cpu/l3/u0/leon3x0/vhdl/p0/iu/r.w.wreg:1
/testbench/cpu/l3/u0/leon3x0/vhdl/p0/iu/r.m.irqen:1
/testbench/cpu/l3/u0/leon3x0/vhdl/p0/iu/r.m.icc:0100
/testbench/cpu/l3/u0/leon3x0/vhdl/p0/iu/r.a.ticc:0
/testbench/cpu/l3/u0/leon3x0/vhdl/p0/iu/r.a.step:0
/testbench/cpu/l3/u0/leon3x0/vhdl/p0/iu/r.m.irqen2:1
/testbench/cpu/l3/u0/leon3x0/vhdl/p0/iu/r.d.pc:01000000000000000000001110010000
/testbench/cpu/l3/u0/leon3x0/vhdl/p0/iu/r.d.rexpl:{{00000000000000000000000000000000} {00} {0} 0 0 {0000000000000000000} 0 0 0 0 0 0}
/testbench/cpu/l3/u0/leon3x0/vhdl/p0/iu/r.d.mexc:0
/testbench/cpu/l3/u0/leon3x0/vhdl/p0/iu/r.a.aw:0
/testbench/cpu/l3/u0/leon3x0/vhdl/p0/iu/r.e.ctrl:{{01000000000000000000001110001100} {11000010000001111011111111110000} {00} {10000001} {000000} 0 0 1 0 0 1 1 0 0}
/testbench/cpu/l3/u0/leon3x0/vhdl/p0/iu/r.a.divstart:0
/testbench/cpu/l3/u0/leon3x0/vhdl/p0/iu/r.e.shleft:0
/testbench/cpu/l3/u0/leon3x0/vhdl/p0/iu/r.a.bp:0
/testbench/cpu/l3/u0/leon3x0/vhdl/p0/iu/r.w.twcwp:000
/testbench/cpu/l3/u0/leon3x0/vhdl/p0/iu/r.a.jmpl:0
/testbench/cpu/l3/u0/leon3x0/vhdl/p0/iu/r.m.casa:0
/testbench/cpu/l3/u0/leon3x0/vhdl/p0/iu/r.m.werr:0
/testbench/cpu/l3/u0/leon3x0/vhdl/p0/iu/r.e.su:1
/testbench/cpu/l3/u0/leon3x0/vhdl/p0/iu/r.e.et:1
/testbench/cpu/l3/u0/leon3x0/vhdl/p0/iu/r.a.ldcheck1:1
/testbench/cpu/l3/u0/leon3x0/vhdl/p0/iu/r.d.stwin:000
/testbench/cpu/l3/u0/leon3x0/vhdl/p0/iu/r.a.ldcheck2:0
/testbench/cpu/l3/u0/leon3x0/vhdl/p0/iu/r.x.intack:0
/testbench/cpu/l3/u0/leon3x0/vhdl/p0/iu/r.m.ctrl:{{01000000000000000000001110001000} {11000010001001111011111111110000} {01} {10000001} {000000} 0 0 0 0 0 0 0 0 0}
/testbench/cpu/l3/u0/leon3x0/vhdl/p0/iu/r.a.cwp:000
/testbench/cpu/l3/u0/leon3x0/vhdl/p0/iu/r.e.sari:0
/testbench/cpu/l3/u0/leon3x0/vhdl/p0/iu/r.d.paw:0
/testbench/cpu/l3/u0/leon3x0/vhdl/p0/iu/r.d.aw:0
/testbench/cpu/l3/u0/leon3x0/vhdl/p0/iu/r.d.awp:000
/testbench/cpu/l3/u0/leon3x0/vhdl/p0/iu/r.x.ctrl:{{01000000000000000000001110001000} {11000010001001111011111111110000} {00} {10000001} {000000} 0 0 0 0 0 0 1 0 0}
/testbench/cpu/l3/u0/leon3x0/vhdl/p0/iu/r.m.rexnalign:0
/testbench/cpu/l3/u0/leon3x0/vhdl/p0/iu/r.m.su:1
/testbench/cpu/l3/u0/leon3x0/vhdl/p0/iu/r.m.wcwp:0
/testbench/cpu/l3/u0/leon3x0/vhdl/p0/iu/r.d.divrdy:0
/testbench/cpu/l3/u0/leon3x0/vhdl/p0/iu/r.e.cwp:000
/testbench/cpu/l3/u0/leon3x0/vhdl/p0/iu/r.w.except:0
/testbench/cpu/l3/u0/leon3x0/vhdl/p0/iu/r.x.nerror:0
/testbench/cpu/l3/u0/leon3x0/vhdl/p0/iu/r.a.bpimiss:0
/testbench/cpu/l3/u0/leon3x0/vhdl/p0/iu/r.a.nobp:0
/testbench/cpu/l3/u0/leon3x0/vhdl/p0/iu/r.d.rexcnt:0
/testbench/cpu/l3/u0/leon3x0/vhdl/p0/iu/r.w.s:{{101} {0100} {00000000} {01000000000000000000} {00000010} {0000} 0 0 1 1 1 {00000000000000000000000000000000} {UUUUUUUUUUUUUUUUUUUUUUUUUUUUUUUU} 1 0 0 1 1 1 0 0 {000} {000} {111}}
/testbench/cpu/l3/u0/leon3x0/vhdl/p0/iu/r.d.pv:1
/testbench/cpu/l3/u0/leon3x0/vhdl/p0/iu/r.a.ldchkra:1
/testbench/cpu/l3/u0/leon3x0/vhdl/p0/iu/r.a.rfa1:10000001
/testbench/cpu/l3/u0/leon3x0/vhdl/p0/iu/r.a.rfa2:00001001
/testbench/cpu/l3/u0/leon3x0/vhdl/p0/iu/r.a.imm:00000000000000000000000000001001
/testbench/cpu/l3/u0/leon3x0/vhdl/p0/iu/r.w.wa:10000001
/testbench/cpu/l3/u0/leon3x0/vhdl/p0/iu/r.m.casaz:0
/testbench/cpu/l3/u0/leon3x0/vhdl/p0/iu/r.x.dci:{0 1 0 0 0 0 {10} {00001011}}
/testbench/cpu/l3/u0/leon3x0/vhdl/p0/iu/r.x.mac:0
/testbench/cpu/l3/u0/leon3x0/vhdl/p0/iu/r.m.divz:0
/testbench/cpu/l3/u0/leon3x0/vhdl/p0/iu/r.d.inst:{{10000000101000000110000000001001}}
/testbench/cpu/l3/u0/leon3x0/vhdl/p0/iu/r.e.rfe1:1
/testbench/cpu/l3/u0/leon3x0/vhdl/p0/iu/r.a.wovf:0
/testbench/cpu/l3/u0/leon3x0/vhdl/p0/iu/r.e.rfe2:0
/testbench/cpu/l3/u0/leon3x0/vhdl/p0/iu/r.e.op1:01000000000011111111111111100000
/testbench/cpu/l3/u0/leon3x0/vhdl/p0/iu/r.m.nalign:1
/testbench/cpu/l3/u0/leon3x0/vhdl/p0/iu/r.e.op2:11111111111111111111111111110000
/testbench/cpu/l3/u0/leon3x0/vhdl/p0/iu/r.d.rexen:0
/testbench/cpu/l3/u0/leon3x0/vhdl/p0/iu/r.a.ctrl:{{01000000000000000000001110010000} {10000000101000000110000000001001} {00} {10000000} {000000} 0 1 0 0 0 0 0 0 0}
/testbench/cpu/l3/u0/leon3x0/vhdl/p0/iu/r.x.ipend:0
/testbench/cpu/l3/u0/leon3x0/vhdl/p0/iu/r.e.ldbp1:0
/testbench/cpu/l3/u0/leon3x0/vhdl/p0/iu/r.e.aluadd:1
/testbench/cpu/l3/u0/leon3x0/vhdl/p0/iu/r.d.set:0
/testbench/cpu/l3/u0/leon3x0/vhdl/p0/iu/r.d.inull:0
/testbench/cpu/l3/u0/leon3x0/vhdl/p0/iu/r.e.ldbp2:0
/testbench/cpu/l3/u0/leon3x0/vhdl/p0/iu/r.d.cnt:00
/testbench/cpu/l3/u0/leon3x0/vhdl/p0/iu/r.a.su:1
/testbench/cpu/l3/u0/leon3x0/vhdl/p0/iu/r.a.et:1
/testbench/cpu/l3/u0/leon3x0/vhdl/p0/iu/r.e.mul:0
/testbench/cpu/l3/u0/leon3x0/vhdl/p0/iu/r.e.alusel:00
/testbench/cpu/l3/u0/leon3x0/vhdl/p0/iu/r.e.aw:U
/testbench/cpu/l3/u0/leon3x0/vhdl/p0/iu/r.e.mac:0
/testbench/cpu/l3/u0/leon3x0/vhdl/p0/iu/r.a.decill:0
/testbench/cpu/l3/u0/leon3x0/vhdl/p0/iu/r.x.icc:0100
/testbench/cpu/l3/u0/leon3x0/vhdl/p0/iu/r.x.result:01000000000011111111111111010000
/testbench/cpu/l3/u0/leon3x0/vhdl/p0/iu/r.e.bp:0
/testbench/cpu/l3/u0/leon3x0/vhdl/p0/iu/r.a.rs1:00001
/testbench/cpu/l3/u0/leon3x0/vhdl/p0/iu/r.e.jmpl:0
/testbench/cpu/l3/u0/leon3x0/vhdl/p0/iu/r.a.rsel1:001
/testbench/cpu/l3/u0/leon3x0/vhdl/p0/iu/r.x.y:00000000000000000000000000000000
/testbench/cpu/l3/u0/leon3x0/vhdl/p0/iu/r.a.rsel2:100
/testbench/cpu/l3/u0/leon3x0/vhdl/p0/iu/r.a.awp:000
/testbench/cpu/l3/u0/leon3x0/vhdl/p0/iu/r.a.paw:0
/testbench/cpu/l3/u0/leon3x0/vhdl/p0/iu/r.x.data:{{00000000000000000000000000001000}}
/testbench/cpu/l3/u0/leon3x0/vhdl/p0/iu/r.m.mul:0
/testbench/cpu/l3/u0/leon3x0/vhdl/p0/iu/r.e.rd:UUUUU
/testbench/cpu/l3/u0/leon3x0/vhdl/p0/iu/r.e.invop2:0
/testbench/cpu/l3/u0/leon3x0/vhdl/p0/iu/r.m.wawp:0
/testbench/cpu/l3/u0/leon3x0/vhdl/p0/iu/r.d.cwpmax:111
/testbench/cpu/l3/u0/leon3x0/vhdl/p0/iu/r.f.branch:0
/testbench/cpu/l3/u0/leon3x0/vhdl/p0/iu/r.d.pcheld:1
/testbench/cpu/l3/u0/leon3x0/vhdl/p0/iu/r.m.dci:{0 0 0 1 0 0 {10} {00001011}}
/testbench/cpu/l3/u0/leon3x0/vhdl/p0/iu/r.e.paw:U
/testbench/cpu/l3/u0/leon3x0/vhdl/p0/iu/r.e.awp:UUU
/testbench/cpu/l3/u0/leon3x0/vhdl/p0/iu/r.e.shcnt:10000
/testbench/cpu/l3/u0/leon3x0/vhdl/p0/iu/r.w.result:00000000000000000000000000001001
/testbench/cpu/l3/u0/leon3x0/vhdl/p0/iu/r.m.mac:0
/testbench/cpu/l3/u0/leon3x0/vhdl/p0/iu/r.m.y:00000000000000000000000000000000
/testbench/cpu/l3/u0/leon3x0/vhdl/p0/iu/r.d.cwp:000
/testbench/cpu/l3/u0/leon3x0/vhdl/p0/iu/r.x.laddr:00
/testbench/cpu/l3/u0/leon3x0/vhdl/p0/iu/r.e.mulstep:0
/testbench/cpu/l3/u0/leon3x0/vhdl/p0/iu/r.e.ymsb:0
/testbench/cpu/l3/u0/leon3x0/vhdl/p0/iu/r.d.rexbuf:00000000000000000000000000000000
/testbench/cpu/l3/u0/leon3x0/vhdl/p0/iu/r.x.npc:100
/testbench/cpu/l3/u0/leon3x0/vhdl/p0/iu/r.f.pc:01000000000000000000001110010100
/testbench/cpu/l3/u0/leon3x0/vhdl/p0/iu/r.d.annul:0
/testbench/cpu/l3/u0/leon3x0/vhdl/p0/iu/r.x.rstate:run
/testbench/cpu/l3/u0/leon3x0/vhdl/p0/iu/r.x.set:0
/testbench/cpu/l3/u0/leon3x0/vhdl/p0/iu/r.m.result:00000000000000000000000000001001
/testbench/cpu/l3/u0/leon3x0/vhdl/p0/iu/r.e.icc:UUUU
/testbench/cpu/l3/u0/leon3x0/vhdl/p0/iu/r.a.getpc:0
/testbench/cpu/l3/u0/leon3x0/vhdl/p0/iu/r.a.ldchkex:1
/testbench/cpu/l3/u0/leon3x0/vhdl/p0/iu/r.x.mexc:0
/testbench/cpu/l3/u0/leon3x0/vhdl/p0/iu/r.a.mulstart:0
/testbench/cpu/l3/u0/leon3x0/vhdl/p0/iu/r.d.rexpos:10
/testbench/cpu/l3/u0/leon3x0/vhdl/p0/iu/r.x.annul_all:0
/testbench/cpu/l3/u0/leon3x0/vhdl/p0/iu/r.e.aluop:000
/testbench/cpu/l3/u0/leon3x0/vhdl/p0/iu/r.x.debug:0
/testbench/cpu/l3/u0/leon3x0/vhdl/p0/iu/r.a.rfe1:0
/testbench/cpu/l3/u0/leon3x0/vhdl/p0/iu/r.d.step:0
/testbench/cpu/l3/u0/leon3x0/vhdl/p0/iu/r.a.rfe2:0
/testbench/cpu/l3/u0/leon3x0/vhdl/p0/iu/r.e.alucin:0
/testbench/cpu/l3/u0/leon3x0/vhdl/p0/iu/r.a.wunf:0
======================================
progstatus: -2
execerr: 111
latent: 1
time limit!
>>>>>>>>>>>>>>> 5745715000
======================================
