Test signal = /testbench/cpu/l3/u0/leon3x0/vhdl/p0/iu/r.d.cwp
oldval = 111
pos1: 2 pos0: -1 posU: -1
newval = 110
Signal value: 111
oldval = 111
pos1: 2 pos0: -1 posU: -1
newval = 110
force in 2333313
586290000 >> iteration no: 0
1598340000 >> iteration no: 1
2610390000 >> iteration no: 2
2916565000 >> Requesting for the AHB bus...
2917365000 >> AHB granted, starting recovery...
2936565000 >> Recovery done, continuing...
2936615000 >> Requesting for the AHB bus...
2937665000 >> AHB granted, starting recovery...
2956865000 >> Recovery done, continuing...
2956915000 >> Requesting for the AHB bus...
2958140000 >> AHB granted, starting recovery...
2977340000 >> Recovery done, continuing...
2977390000 >> Requesting for the AHB bus...
2978440000 >> AHB granted, starting recovery...
2997640000 >> Recovery done, continuing...
2997690000 >> Requesting for the AHB bus...
2998740000 >> AHB granted, starting recovery...
3017940000 >> Recovery done, continuing...
3017990000 >> Requesting for the AHB bus...
3019040000 >> AHB granted, starting recovery...
3038240000 >> Recovery done, continuing...
3038290000 >> Requesting for the AHB bus...
3039340000 >> AHB granted, starting recovery...
3058540000 >> Recovery done, continuing...
3058590000 >> Requesting for the AHB bus...
3059640000 >> AHB granted, starting recovery...
3078840000 >> Recovery done, continuing...
3078890000 >> Requesting for the AHB bus...
3079940000 >> AHB granted, starting recovery...
3099140000 >> Recovery done, continuing...
3099190000 >> Requesting for the AHB bus...
3100240000 >> AHB granted, starting recovery...
3119440000 >> Recovery done, continuing...
3119490000 >> Requesting for the AHB bus...
3120540000 >> AHB granted, starting recovery...
3139740000 >> Recovery done, continuing...
3139790000 >> Requesting for the AHB bus...
3140840000 >> AHB granted, starting recovery...
3160040000 >> Recovery done, continuing...
3160090000 >> Requesting for the AHB bus...
3161140000 >> AHB granted, starting recovery...
3180340000 >> Recovery done, continuing...
3180390000 >> Requesting for the AHB bus...
3181440000 >> AHB granted, starting recovery...
3200640000 >> Recovery done, continuing...
3200690000 >> Requesting for the AHB bus...
3201740000 >> AHB granted, starting recovery...
3220940000 >> Recovery done, continuing...
3220990000 >> Requesting for the AHB bus...
3222040000 >> AHB granted, starting recovery...
3241240000 >> Recovery done, continuing...
3241290000 >> Requesting for the AHB bus...
3242340000 >> AHB granted, starting recovery...
3261540000 >> Recovery done, continuing...
3261590000 >> Requesting for the AHB bus...
3262640000 >> AHB granted, starting recovery...
3281840000 >> Recovery done, continuing...
3281890000 >> Requesting for the AHB bus...
3282940000 >> AHB granted, starting recovery...
3302140000 >> Recovery done, continuing...
3302190000 >> Requesting for the AHB bus...
3303240000 >> AHB granted, starting recovery...
3322440000 >> Recovery done, continuing...
3322490000 >> Requesting for the AHB bus...
3323540000 >> AHB granted, starting recovery...
3342740000 >> Recovery done, continuing...
3342790000 >> Requesting for the AHB bus...
3343840000 >> AHB granted, starting recovery...
3363040000 >> Recovery done, continuing...
3363090000 >> Requesting for the AHB bus...
3364140000 >> AHB granted, starting recovery...
3383340000 >> Recovery done, continuing...
3383390000 >> Requesting for the AHB bus...
3384440000 >> AHB granted, starting recovery...
3403640000 >> Recovery done, continuing...
3403690000 >> Requesting for the AHB bus...
3404740000 >> AHB granted, starting recovery...
3423940000 >> Recovery done, continuing...
3423990000 >> Requesting for the AHB bus...
3425215000 >> AHB granted, starting recovery...
3444415000 >> Recovery done, continuing...
3444465000 >> Requesting for the AHB bus...
3445515000 >> AHB granted, starting recovery...
3464715000 >> Recovery done, continuing...
3464765000 >> Requesting for the AHB bus...
3465815000 >> AHB granted, starting recovery...
3485015000 >> Recovery done, continuing...
3485065000 >> Requesting for the AHB bus...
3486115000 >> AHB granted, starting recovery...
3505315000 >> Recovery done, continuing...
3505365000 >> Requesting for the AHB bus...
3506415000 >> AHB granted, starting recovery...
3525615000 >> Recovery done, continuing...
3525665000 >> Requesting for the AHB bus...
3526715000 >> AHB granted, starting recovery...
3545915000 >> Recovery done, continuing...
3545965000 >> Requesting for the AHB bus...
3547140000 >> AHB granted, starting recovery...
3566340000 >> Recovery done, continuing...
3566390000 >> Requesting for the AHB bus...
3567440000 >> AHB granted, starting recovery...
3586640000 >> Recovery done, continuing...
3586690000 >> Requesting for the AHB bus...
3587740000 >> AHB granted, starting recovery...
3606940000 >> Recovery done, continuing...
3606990000 >> Requesting for the AHB bus...
3608040000 >> AHB granted, starting recovery...
3627240000 >> Recovery done, continuing...
3627290000 >> Requesting for the AHB bus...
3628340000 >> AHB granted, starting recovery...
3647540000 >> Recovery done, continuing...
3647590000 >> Requesting for the AHB bus...
3648640000 >> AHB granted, starting recovery...
3667840000 >> Recovery done, continuing...
3667890000 >> Requesting for the AHB bus...
3668940000 >> AHB granted, starting recovery...
3688140000 >> Recovery done, continuing...
3688190000 >> Requesting for the AHB bus...
3689240000 >> AHB granted, starting recovery...
3708440000 >> Recovery done, continuing...
3708490000 >> Requesting for the AHB bus...
3709540000 >> AHB granted, starting recovery...
3728740000 >> Recovery done, continuing...
3728790000 >> Requesting for the AHB bus...
3729840000 >> AHB granted, starting recovery...
3749040000 >> Recovery done, continuing...
3749090000 >> Requesting for the AHB bus...
3750140000 >> AHB granted, starting recovery...
3769340000 >> Recovery done, continuing...
3769390000 >> Requesting for the AHB bus...
3770440000 >> AHB granted, starting recovery...
3789640000 >> Recovery done, continuing...
3789690000 >> Requesting for the AHB bus...
3790740000 >> AHB granted, starting recovery...
3809940000 >> Recovery done, continuing...
3809990000 >> Requesting for the AHB bus...
3811040000 >> AHB granted, starting recovery...
3830240000 >> Recovery done, continuing...
3830290000 >> Requesting for the AHB bus...
3831340000 >> AHB granted, starting recovery...
3850540000 >> Recovery done, continuing...
3850590000 >> Requesting for the AHB bus...
3851640000 >> AHB granted, starting recovery...
3870840000 >> Recovery done, continuing...
3870890000 >> Requesting for the AHB bus...
3871940000 >> AHB granted, starting recovery...
3891140000 >> Recovery done, continuing...
3891190000 >> Requesting for the AHB bus...
3892415000 >> AHB granted, starting recovery...
3911615000 >> Recovery done, continuing...
3911665000 >> Requesting for the AHB bus...
3912715000 >> AHB granted, starting recovery...
3931915000 >> Recovery done, continuing...
3931965000 >> Requesting for the AHB bus...
3933015000 >> AHB granted, starting recovery...
3952215000 >> Recovery done, continuing...
3952265000 >> Requesting for the AHB bus...
3953315000 >> AHB granted, starting recovery...
3972515000 >> Recovery done, continuing...
3972565000 >> Requesting for the AHB bus...
3973615000 >> AHB granted, starting recovery...
3992815000 >> Recovery done, continuing...
3992865000 >> Requesting for the AHB bus...
3993915000 >> AHB granted, starting recovery...
4013115000 >> Recovery done, continuing...
4013165000 >> Requesting for the AHB bus...
4014340000 >> AHB granted, starting recovery...
4033540000 >> Recovery done, continuing...
4033590000 >> Requesting for the AHB bus...
4034640000 >> AHB granted, starting recovery...
4053840000 >> Recovery done, continuing...
4053890000 >> Requesting for the AHB bus...
4054940000 >> AHB granted, starting recovery...
4074140000 >> Recovery done, continuing...
4074190000 >> Requesting for the AHB bus...
4075240000 >> AHB granted, starting recovery...
4094440000 >> Recovery done, continuing...
4094490000 >> Requesting for the AHB bus...
4095540000 >> AHB granted, starting recovery...
4114740000 >> Recovery done, continuing...
4114790000 >> Requesting for the AHB bus...
4115840000 >> AHB granted, starting recovery...
4135040000 >> Recovery done, continuing...
4135090000 >> Requesting for the AHB bus...
4136140000 >> AHB granted, starting recovery...
4155340000 >> Recovery done, continuing...
4155390000 >> Requesting for the AHB bus...
4156440000 >> AHB granted, starting recovery...
4175640000 >> Recovery done, continuing...
4175690000 >> Requesting for the AHB bus...
4176740000 >> AHB granted, starting recovery...
4195940000 >> Recovery done, continuing...
4195990000 >> Requesting for the AHB bus...
4197040000 >> AHB granted, starting recovery...
4216240000 >> Recovery done, continuing...
4216290000 >> Requesting for the AHB bus...
4217340000 >> AHB granted, starting recovery...
4236540000 >> Recovery done, continuing...
4236590000 >> Requesting for the AHB bus...
4237640000 >> AHB granted, starting recovery...
4256840000 >> Recovery done, continuing...
4256890000 >> Requesting for the AHB bus...
4257940000 >> AHB granted, starting recovery...
4277140000 >> Recovery done, continuing...
4277190000 >> Requesting for the AHB bus...
4278240000 >> AHB granted, starting recovery...
4297440000 >> Recovery done, continuing...
4297490000 >> Requesting for the AHB bus...
4298540000 >> AHB granted, starting recovery...
4317740000 >> Recovery done, continuing...
4317790000 >> Requesting for the AHB bus...
4318840000 >> AHB granted, starting recovery...
4338040000 >> Recovery done, continuing...
4338090000 >> Requesting for the AHB bus...
4339140000 >> AHB granted, starting recovery...
4358340000 >> Recovery done, continuing...
4358390000 >> Requesting for the AHB bus...
4359615000 >> AHB granted, starting recovery...
4378815000 >> Recovery done, continuing...
4378865000 >> Requesting for the AHB bus...
4379915000 >> AHB granted, starting recovery...
4399115000 >> Recovery done, continuing...
4399165000 >> Requesting for the AHB bus...
4400215000 >> AHB granted, starting recovery...
4419415000 >> Recovery done, continuing...
4419465000 >> Requesting for the AHB bus...
4420515000 >> AHB granted, starting recovery...
4439715000 >> Recovery done, continuing...
4439765000 >> Requesting for the AHB bus...
4440815000 >> AHB granted, starting recovery...
4460015000 >> Recovery done, continuing...
4460065000 >> Requesting for the AHB bus...
4461115000 >> AHB granted, starting recovery...
4480315000 >> Recovery done, continuing...
4480365000 >> Requesting for the AHB bus...
4481540000 >> AHB granted, starting recovery...
4500740000 >> Recovery done, continuing...
4500790000 >> Requesting for the AHB bus...
4501840000 >> AHB granted, starting recovery...
4521040000 >> Recovery done, continuing...
4521090000 >> Requesting for the AHB bus...
4522140000 >> AHB granted, starting recovery...
4541340000 >> Recovery done, continuing...
4541390000 >> Requesting for the AHB bus...
4542440000 >> AHB granted, starting recovery...
4561640000 >> Recovery done, continuing...
4561690000 >> Requesting for the AHB bus...
4562740000 >> AHB granted, starting recovery...
4581940000 >> Recovery done, continuing...
4581990000 >> Requesting for the AHB bus...
4583040000 >> AHB granted, starting recovery...
4602240000 >> Recovery done, continuing...
4602290000 >> Requesting for the AHB bus...
4603340000 >> AHB granted, starting recovery...
4622540000 >> Recovery done, continuing...
4622590000 >> Requesting for the AHB bus...
4623640000 >> AHB granted, starting recovery...
4642840000 >> Recovery done, continuing...
4642890000 >> Requesting for the AHB bus...
4643940000 >> AHB granted, starting recovery...
4663140000 >> Recovery done, continuing...
4663190000 >> Requesting for the AHB bus...
4664240000 >> AHB granted, starting recovery...
4683440000 >> Recovery done, continuing...
4683490000 >> Requesting for the AHB bus...
4684540000 >> AHB granted, starting recovery...
4703740000 >> Recovery done, continuing...
4703790000 >> Requesting for the AHB bus...
4704840000 >> AHB granted, starting recovery...
4724040000 >> Recovery done, continuing...
4724090000 >> Requesting for the AHB bus...
4725140000 >> AHB granted, starting recovery...
4744340000 >> Recovery done, continuing...
4744390000 >> Requesting for the AHB bus...
4745440000 >> AHB granted, starting recovery...
4764640000 >> Recovery done, continuing...
4764690000 >> Requesting for the AHB bus...
4765740000 >> AHB granted, starting recovery...
4784940000 >> Recovery done, continuing...
4784990000 >> Requesting for the AHB bus...
4786040000 >> AHB granted, starting recovery...
4805240000 >> Recovery done, continuing...
4805290000 >> Requesting for the AHB bus...
4806340000 >> AHB granted, starting recovery...
4825540000 >> Recovery done, continuing...
4825590000 >> Requesting for the AHB bus...
4826815000 >> AHB granted, starting recovery...
4846015000 >> Recovery done, continuing...
4846065000 >> Requesting for the AHB bus...
4847115000 >> AHB granted, starting recovery...
4866315000 >> Recovery done, continuing...
4866365000 >> Requesting for the AHB bus...
4867415000 >> AHB granted, starting recovery...
4886615000 >> Recovery done, continuing...
4886665000 >> Requesting for the AHB bus...
4887715000 >> AHB granted, starting recovery...
4906915000 >> Recovery done, continuing...
4906965000 >> Requesting for the AHB bus...
4908015000 >> AHB granted, starting recovery...
4927215000 >> Recovery done, continuing...
4927265000 >> Requesting for the AHB bus...
4928315000 >> AHB granted, starting recovery...
4947515000 >> Recovery done, continuing...
4947565000 >> Requesting for the AHB bus...
4948740000 >> AHB granted, starting recovery...
4967940000 >> Recovery done, continuing...
4967990000 >> Requesting for the AHB bus...
4969040000 >> AHB granted, starting recovery...
4988240000 >> Recovery done, continuing...
4988290000 >> Requesting for the AHB bus...
4989340000 >> AHB granted, starting recovery...
5008540000 >> Recovery done, continuing...
5008590000 >> Requesting for the AHB bus...
5009640000 >> AHB granted, starting recovery...
5028840000 >> Recovery done, continuing...
5028890000 >> Requesting for the AHB bus...
5029940000 >> AHB granted, starting recovery...
5049140000 >> Recovery done, continuing...
5049190000 >> Requesting for the AHB bus...
5050240000 >> AHB granted, starting recovery...
5069440000 >> Recovery done, continuing...
5069490000 >> Requesting for the AHB bus...
5070540000 >> AHB granted, starting recovery...
5089740000 >> Recovery done, continuing...
5089790000 >> Requesting for the AHB bus...
5090840000 >> AHB granted, starting recovery...
5110040000 >> Recovery done, continuing...
5110090000 >> Requesting for the AHB bus...
5111140000 >> AHB granted, starting recovery...
5130340000 >> Recovery done, continuing...
5130390000 >> Requesting for the AHB bus...
5131440000 >> AHB granted, starting recovery...
5150640000 >> Recovery done, continuing...
5150690000 >> Requesting for the AHB bus...
5151740000 >> AHB granted, starting recovery...
5170940000 >> Recovery done, continuing...
5170990000 >> Requesting for the AHB bus...
5172040000 >> AHB granted, starting recovery...
5191240000 >> Recovery done, continuing...
5191290000 >> Requesting for the AHB bus...
5192340000 >> AHB granted, starting recovery...
5211540000 >> Recovery done, continuing...
5211590000 >> Requesting for the AHB bus...
5212640000 >> AHB granted, starting recovery...
5231840000 >> Recovery done, continuing...
5231890000 >> Requesting for the AHB bus...
5232940000 >> AHB granted, starting recovery...
5252140000 >> Recovery done, continuing...
5252190000 >> Requesting for the AHB bus...
5253240000 >> AHB granted, starting recovery...
5272440000 >> Recovery done, continuing...
5272490000 >> Requesting for the AHB bus...
5273540000 >> AHB granted, starting recovery...
5292740000 >> Recovery done, continuing...
5292790000 >> Requesting for the AHB bus...
5294015000 >> AHB granted, starting recovery...
5313215000 >> Recovery done, continuing...
5313265000 >> Requesting for the AHB bus...
5314315000 >> AHB granted, starting recovery...
5333515000 >> Recovery done, continuing...
5333565000 >> Requesting for the AHB bus...
5334615000 >> AHB granted, starting recovery...
5353815000 >> Recovery done, continuing...
5353865000 >> Requesting for the AHB bus...
5354915000 >> AHB granted, starting recovery...
5374115000 >> Recovery done, continuing...
5374165000 >> Requesting for the AHB bus...
5375215000 >> AHB granted, starting recovery...
5394415000 >> Recovery done, continuing...
5394465000 >> Requesting for the AHB bus...
5395515000 >> AHB granted, starting recovery...
5414715000 >> Recovery done, continuing...
5414765000 >> Requesting for the AHB bus...
5415940000 >> AHB granted, starting recovery...
5435140000 >> Recovery done, continuing...
5435190000 >> Requesting for the AHB bus...
5436240000 >> AHB granted, starting recovery...
5455440000 >> Recovery done, continuing...
5455490000 >> Requesting for the AHB bus...
5456540000 >> AHB granted, starting recovery...
5475740000 >> Recovery done, continuing...
5475790000 >> Requesting for the AHB bus...
5476840000 >> AHB granted, starting recovery...
5496040000 >> Recovery done, continuing...
5496090000 >> Requesting for the AHB bus...
5497140000 >> AHB granted, starting recovery...
5516340000 >> Recovery done, continuing...
5516390000 >> Requesting for the AHB bus...
5517440000 >> AHB granted, starting recovery...
5536640000 >> Recovery done, continuing...
5536690000 >> Requesting for the AHB bus...
5537740000 >> AHB granted, starting recovery...
5556940000 >> Recovery done, continuing...
5556990000 >> Requesting for the AHB bus...
5558040000 >> AHB granted, starting recovery...
5577240000 >> Recovery done, continuing...
5577290000 >> Requesting for the AHB bus...
5578340000 >> AHB granted, starting recovery...
5597540000 >> Recovery done, continuing...
5597590000 >> Requesting for the AHB bus...
5598640000 >> AHB granted, starting recovery...
5617840000 >> Recovery done, continuing...
5617890000 >> Requesting for the AHB bus...
5618940000 >> AHB granted, starting recovery...
5638140000 >> Recovery done, continuing...
5638190000 >> Requesting for the AHB bus...
5639240000 >> AHB granted, starting recovery...
5658440000 >> Recovery done, continuing...
5658490000 >> Requesting for the AHB bus...
5659540000 >> AHB granted, starting recovery...
5678740000 >> Recovery done, continuing...
5678790000 >> Requesting for the AHB bus...
5679840000 >> AHB granted, starting recovery...
5699040000 >> Recovery done, continuing...
5699090000 >> Requesting for the AHB bus...
5700140000 >> AHB granted, starting recovery...
5719340000 >> Recovery done, continuing...
5719390000 >> Requesting for the AHB bus...
5720440000 >> AHB granted, starting recovery...
5739640000 >> Recovery done, continuing...
5739690000 >> Requesting for the AHB bus...
5740740000 >> AHB granted, starting recovery...
5745715000 >> time limit reached...
/testbench/cpu/l3/u0/leon3x0/vhdl/p0/iu/r.w.wreg:1
/testbench/cpu/l3/u0/leon3x0/vhdl/p0/iu/r.m.irqen:1
/testbench/cpu/l3/u0/leon3x0/vhdl/p0/iu/r.m.icc:0000
/testbench/cpu/l3/u0/leon3x0/vhdl/p0/iu/r.a.ticc:0
/testbench/cpu/l3/u0/leon3x0/vhdl/p0/iu/r.a.step:0
/testbench/cpu/l3/u0/leon3x0/vhdl/p0/iu/r.m.irqen2:1
/testbench/cpu/l3/u0/leon3x0/vhdl/p0/iu/r.d.pc:01000000000000000000001011011100
/testbench/cpu/l3/u0/leon3x0/vhdl/p0/iu/r.d.rexpl:{{00000000000000000000000000000000} {00} {0} 0 0 {0000000000000000000} 0 0 0 0 0 0}
/testbench/cpu/l3/u0/leon3x0/vhdl/p0/iu/r.d.mexc:0
/testbench/cpu/l3/u0/leon3x0/vhdl/p0/iu/r.a.aw:0
/testbench/cpu/l3/u0/leon3x0/vhdl/p0/iu/r.e.ctrl:{{01000000000000000000001011010100} {11000010000001111011111111110100} {00} {10000001} {000000} 0 0 1 0 0 1 1 0 0}
/testbench/cpu/l3/u0/leon3x0/vhdl/p0/iu/r.a.divstart:0
/testbench/cpu/l3/u0/leon3x0/vhdl/p0/iu/r.e.shleft:0
/testbench/cpu/l3/u0/leon3x0/vhdl/p0/iu/r.a.bp:0
/testbench/cpu/l3/u0/leon3x0/vhdl/p0/iu/r.w.twcwp:000
/testbench/cpu/l3/u0/leon3x0/vhdl/p0/iu/r.a.jmpl:0
/testbench/cpu/l3/u0/leon3x0/vhdl/p0/iu/r.m.casa:0
/testbench/cpu/l3/u0/leon3x0/vhdl/p0/iu/r.m.werr:0
/testbench/cpu/l3/u0/leon3x0/vhdl/p0/iu/r.e.su:1
/testbench/cpu/l3/u0/leon3x0/vhdl/p0/iu/r.e.et:1
/testbench/cpu/l3/u0/leon3x0/vhdl/p0/iu/r.a.ldcheck1:1
/testbench/cpu/l3/u0/leon3x0/vhdl/p0/iu/r.d.stwin:000
/testbench/cpu/l3/u0/leon3x0/vhdl/p0/iu/r.a.ldcheck2:0
/testbench/cpu/l3/u0/leon3x0/vhdl/p0/iu/r.x.intack:0
/testbench/cpu/l3/u0/leon3x0/vhdl/p0/iu/r.m.ctrl:{{01000000000000000000001011010000} {11000010001001111011111111111000} {01} {10000001} {000000} 0 0 0 0 0 0 0 0 0}
/testbench/cpu/l3/u0/leon3x0/vhdl/p0/iu/r.a.cwp:101
/testbench/cpu/l3/u0/leon3x0/vhdl/p0/iu/r.e.sari:0
/testbench/cpu/l3/u0/leon3x0/vhdl/p0/iu/r.d.paw:0
/testbench/cpu/l3/u0/leon3x0/vhdl/p0/iu/r.d.aw:0
/testbench/cpu/l3/u0/leon3x0/vhdl/p0/iu/r.d.awp:000
/testbench/cpu/l3/u0/leon3x0/vhdl/p0/iu/r.x.ctrl:{{01000000000000000000001011010000} {11000010001001111011111111111000} {00} {10000001} {000000} 0 0 0 0 0 0 1 0 0}
/testbench/cpu/l3/u0/leon3x0/vhdl/p0/iu/r.m.rexnalign:0
/testbench/cpu/l3/u0/leon3x0/vhdl/p0/iu/r.m.su:1
/testbench/cpu/l3/u0/leon3x0/vhdl/p0/iu/r.m.wcwp:0
/testbench/cpu/l3/u0/leon3x0/vhdl/p0/iu/r.d.divrdy:0
/testbench/cpu/l3/u0/leon3x0/vhdl/p0/iu/r.e.cwp:101
/testbench/cpu/l3/u0/leon3x0/vhdl/p0/iu/r.w.except:0
/testbench/cpu/l3/u0/leon3x0/vhdl/p0/iu/r.x.nerror:0
/testbench/cpu/l3/u0/leon3x0/vhdl/p0/iu/r.a.bpimiss:0
/testbench/cpu/l3/u0/leon3x0/vhdl/p0/iu/r.a.nobp:0
/testbench/cpu/l3/u0/leon3x0/vhdl/p0/iu/r.d.rexcnt:0
/testbench/cpu/l3/u0/leon3x0/vhdl/p0/iu/r.w.s:{{101} {0000} {00000000} {01000000000000000000} {00000010} {0000} 0 0 1 1 1 {00000000000000000000000000000000} {UUUUUUUUUUUUUUUUUUUUUUUUUUUUUUUU} 1 0 0 1 1 1 0 0 {000} {000} {111}}
/testbench/cpu/l3/u0/leon3x0/vhdl/p0/iu/r.d.pv:1
/testbench/cpu/l3/u0/leon3x0/vhdl/p0/iu/r.a.ldchkra:1
/testbench/cpu/l3/u0/leon3x0/vhdl/p0/iu/r.a.rfa1:01101110
/testbench/cpu/l3/u0/leon3x0/vhdl/p0/iu/r.a.rfa2:10000100
/testbench/cpu/l3/u0/leon3x0/vhdl/p0/iu/r.a.imm:00000000000000000000000001000100
/testbench/cpu/l3/u0/leon3x0/vhdl/p0/iu/r.w.wa:10000001
/testbench/cpu/l3/u0/leon3x0/vhdl/p0/iu/r.m.casaz:0
/testbench/cpu/l3/u0/leon3x0/vhdl/p0/iu/r.x.dci:{0 1 0 0 0 0 {10} {00001011}}
/testbench/cpu/l3/u0/leon3x0/vhdl/p0/iu/r.x.mac:0
/testbench/cpu/l3/u0/leon3x0/vhdl/p0/iu/r.m.divz:0
/testbench/cpu/l3/u0/leon3x0/vhdl/p0/iu/r.d.inst:{{10000010000000001000000000000001}}
/testbench/cpu/l3/u0/leon3x0/vhdl/p0/iu/r.e.rfe1:1
/testbench/cpu/l3/u0/leon3x0/vhdl/p0/iu/r.a.wovf:0
/testbench/cpu/l3/u0/leon3x0/vhdl/p0/iu/r.e.rfe2:0
/testbench/cpu/l3/u0/leon3x0/vhdl/p0/iu/r.e.op1:01000000000011111111111010100000
/testbench/cpu/l3/u0/leon3x0/vhdl/p0/iu/r.m.nalign:1
/testbench/cpu/l3/u0/leon3x0/vhdl/p0/iu/r.e.op2:11111111111111111111111111110100
/testbench/cpu/l3/u0/leon3x0/vhdl/p0/iu/r.d.rexen:0
/testbench/cpu/l3/u0/leon3x0/vhdl/p0/iu/r.a.ctrl:{{01000000000000000000001011011000} {11000100000001111010000001000100} {00} {10000010} {000000} 0 0 1 0 0 1 1 0 0}
/testbench/cpu/l3/u0/leon3x0/vhdl/p0/iu/r.x.ipend:0
/testbench/cpu/l3/u0/leon3x0/vhdl/p0/iu/r.e.ldbp1:0
/testbench/cpu/l3/u0/leon3x0/vhdl/p0/iu/r.e.aluadd:1
/testbench/cpu/l3/u0/leon3x0/vhdl/p0/iu/r.d.set:0
/testbench/cpu/l3/u0/leon3x0/vhdl/p0/iu/r.d.inull:0
/testbench/cpu/l3/u0/leon3x0/vhdl/p0/iu/r.e.ldbp2:0
/testbench/cpu/l3/u0/leon3x0/vhdl/p0/iu/r.d.cnt:00
/testbench/cpu/l3/u0/leon3x0/vhdl/p0/iu/r.a.su:1
/testbench/cpu/l3/u0/leon3x0/vhdl/p0/iu/r.a.et:1
/testbench/cpu/l3/u0/leon3x0/vhdl/p0/iu/r.e.mul:0
/testbench/cpu/l3/u0/leon3x0/vhdl/p0/iu/r.e.alusel:00
/testbench/cpu/l3/u0/leon3x0/vhdl/p0/iu/r.e.aw:U
/testbench/cpu/l3/u0/leon3x0/vhdl/p0/iu/r.e.mac:0
/testbench/cpu/l3/u0/leon3x0/vhdl/p0/iu/r.a.decill:0
/testbench/cpu/l3/u0/leon3x0/vhdl/p0/iu/r.x.icc:0000
/testbench/cpu/l3/u0/leon3x0/vhdl/p0/iu/r.x.result:01000000000011111111111010011000
/testbench/cpu/l3/u0/leon3x0/vhdl/p0/iu/r.e.bp:0
/testbench/cpu/l3/u0/leon3x0/vhdl/p0/iu/r.a.rs1:11110
/testbench/cpu/l3/u0/leon3x0/vhdl/p0/iu/r.e.jmpl:0
/testbench/cpu/l3/u0/leon3x0/vhdl/p0/iu/r.a.rsel1:000
/testbench/cpu/l3/u0/leon3x0/vhdl/p0/iu/r.x.y:00000000000000000000000000000000
/testbench/cpu/l3/u0/leon3x0/vhdl/p0/iu/r.a.rsel2:100
/testbench/cpu/l3/u0/leon3x0/vhdl/p0/iu/r.a.awp:000
/testbench/cpu/l3/u0/leon3x0/vhdl/p0/iu/r.a.paw:0
/testbench/cpu/l3/u0/leon3x0/vhdl/p0/iu/r.x.data:{{00000000000000000000000000000100}}
/testbench/cpu/l3/u0/leon3x0/vhdl/p0/iu/r.m.mul:0
/testbench/cpu/l3/u0/leon3x0/vhdl/p0/iu/r.e.rd:UUUUU
/testbench/cpu/l3/u0/leon3x0/vhdl/p0/iu/r.e.invop2:0
/testbench/cpu/l3/u0/leon3x0/vhdl/p0/iu/r.m.wawp:0
/testbench/cpu/l3/u0/leon3x0/vhdl/p0/iu/r.d.cwpmax:111
/testbench/cpu/l3/u0/leon3x0/vhdl/p0/iu/r.f.branch:0
/testbench/cpu/l3/u0/leon3x0/vhdl/p0/iu/r.d.pcheld:0
/testbench/cpu/l3/u0/leon3x0/vhdl/p0/iu/r.m.dci:{0 0 0 1 0 0 {10} {00001011}}
/testbench/cpu/l3/u0/leon3x0/vhdl/p0/iu/r.e.paw:U
/testbench/cpu/l3/u0/leon3x0/vhdl/p0/iu/r.e.awp:UUU
/testbench/cpu/l3/u0/leon3x0/vhdl/p0/iu/r.e.shcnt:10100
/testbench/cpu/l3/u0/leon3x0/vhdl/p0/iu/r.w.result:00000000000000000000000000000101
/testbench/cpu/l3/u0/leon3x0/vhdl/p0/iu/r.m.mac:0
/testbench/cpu/l3/u0/leon3x0/vhdl/p0/iu/r.m.y:00000000000000000000000000000000
/testbench/cpu/l3/u0/leon3x0/vhdl/p0/iu/r.d.cwp:101
/testbench/cpu/l3/u0/leon3x0/vhdl/p0/iu/r.x.laddr:00
/testbench/cpu/l3/u0/leon3x0/vhdl/p0/iu/r.e.mulstep:0
/testbench/cpu/l3/u0/leon3x0/vhdl/p0/iu/r.e.ymsb:0
/testbench/cpu/l3/u0/leon3x0/vhdl/p0/iu/r.d.rexbuf:00000000000000000000000000000000
/testbench/cpu/l3/u0/leon3x0/vhdl/p0/iu/r.x.npc:100
/testbench/cpu/l3/u0/leon3x0/vhdl/p0/iu/r.f.pc:01000000000000000000001011100000
/testbench/cpu/l3/u0/leon3x0/vhdl/p0/iu/r.d.annul:0
/testbench/cpu/l3/u0/leon3x0/vhdl/p0/iu/r.x.rstate:run
/testbench/cpu/l3/u0/leon3x0/vhdl/p0/iu/r.x.set:0
/testbench/cpu/l3/u0/leon3x0/vhdl/p0/iu/r.m.result:00000000000000000000000000000101
/testbench/cpu/l3/u0/leon3x0/vhdl/p0/iu/r.e.icc:UUUU
/testbench/cpu/l3/u0/leon3x0/vhdl/p0/iu/r.a.getpc:0
/testbench/cpu/l3/u0/leon3x0/vhdl/p0/iu/r.a.ldchkex:1
/testbench/cpu/l3/u0/leon3x0/vhdl/p0/iu/r.x.mexc:0
/testbench/cpu/l3/u0/leon3x0/vhdl/p0/iu/r.a.mulstart:0
/testbench/cpu/l3/u0/leon3x0/vhdl/p0/iu/r.d.rexpos:10
/testbench/cpu/l3/u0/leon3x0/vhdl/p0/iu/r.x.annul_all:0
/testbench/cpu/l3/u0/leon3x0/vhdl/p0/iu/r.e.aluop:000
/testbench/cpu/l3/u0/leon3x0/vhdl/p0/iu/r.x.debug:0
/testbench/cpu/l3/u0/leon3x0/vhdl/p0/iu/r.a.rfe1:1
/testbench/cpu/l3/u0/leon3x0/vhdl/p0/iu/r.d.step:0
/testbench/cpu/l3/u0/leon3x0/vhdl/p0/iu/r.a.rfe2:0
/testbench/cpu/l3/u0/leon3x0/vhdl/p0/iu/r.e.alucin:0
/testbench/cpu/l3/u0/leon3x0/vhdl/p0/iu/r.a.wunf:0
======================================
progstatus: -2
execerr: 140
latent: 1
time limit!
>>>>>>>>>>>>>>> 5745715000
======================================
