Test signal = /testbench/cpu/l3/u0/leon3x0/vhdl/p0/iu/r.e.ldbp2
oldval = 0
pos1: -1 pos0: 0 posU: -1
newval = 1
Signal value: 0
oldval = 0
pos1: -1 pos0: 0 posU: -1
newval = 1
force in 2697249
586290000 >> iteration no: 0
1598340000 >> iteration no: 1
2610390000 >> iteration no: 2
3279490000 >> Requesting for the AHB bus...
3280240000 >> AHB granted, starting recovery...
3299440000 >> Recovery done, continuing...
3299490000 >> Requesting for the AHB bus...
3300540000 >> AHB granted, starting recovery...
3319740000 >> Recovery done, continuing...
3319790000 >> Requesting for the AHB bus...
3320840000 >> AHB granted, starting recovery...
3340040000 >> Recovery done, continuing...
3340090000 >> Requesting for the AHB bus...
3341140000 >> AHB granted, starting recovery...
3360340000 >> Recovery done, continuing...
3360390000 >> Requesting for the AHB bus...
3361540000 >> AHB granted, starting recovery...
3380740000 >> Recovery done, continuing...
3380790000 >> Requesting for the AHB bus...
3381840000 >> AHB granted, starting recovery...
3401040000 >> Recovery done, continuing...
3401090000 >> Requesting for the AHB bus...
3402140000 >> AHB granted, starting recovery...
3421340000 >> Recovery done, continuing...
3421390000 >> Requesting for the AHB bus...
3422440000 >> AHB granted, starting recovery...
3441640000 >> Recovery done, continuing...
3441690000 >> Requesting for the AHB bus...
3442740000 >> AHB granted, starting recovery...
3461940000 >> Recovery done, continuing...
3461990000 >> Requesting for the AHB bus...
3463040000 >> AHB granted, starting recovery...
3482240000 >> Recovery done, continuing...
3482290000 >> Requesting for the AHB bus...
3483340000 >> AHB granted, starting recovery...
3502540000 >> Recovery done, continuing...
3502590000 >> Requesting for the AHB bus...
3503640000 >> AHB granted, starting recovery...
3522840000 >> Recovery done, continuing...
3522890000 >> Requesting for the AHB bus...
3523940000 >> AHB granted, starting recovery...
3543140000 >> Recovery done, continuing...
3543190000 >> Requesting for the AHB bus...
3544240000 >> AHB granted, starting recovery...
3563440000 >> Recovery done, continuing...
3563490000 >> Requesting for the AHB bus...
3564540000 >> AHB granted, starting recovery...
3583740000 >> Recovery done, continuing...
3583790000 >> Requesting for the AHB bus...
3584840000 >> AHB granted, starting recovery...
3604040000 >> Recovery done, continuing...
3604090000 >> Requesting for the AHB bus...
3605140000 >> AHB granted, starting recovery...
3624340000 >> Recovery done, continuing...
3624390000 >> Requesting for the AHB bus...
3625440000 >> AHB granted, starting recovery...
3644640000 >> Recovery done, continuing...
3644690000 >> Requesting for the AHB bus...
3645740000 >> AHB granted, starting recovery...
3664940000 >> Recovery done, continuing...
3664990000 >> Requesting for the AHB bus...
3666040000 >> AHB granted, starting recovery...
3685240000 >> Recovery done, continuing...
3685290000 >> Requesting for the AHB bus...
3686340000 >> AHB granted, starting recovery...
3705540000 >> Recovery done, continuing...
3705590000 >> Requesting for the AHB bus...
3706815000 >> AHB granted, starting recovery...
3726015000 >> Recovery done, continuing...
3726065000 >> Requesting for the AHB bus...
3727115000 >> AHB granted, starting recovery...
3746315000 >> Recovery done, continuing...
3746365000 >> Requesting for the AHB bus...
3747415000 >> AHB granted, starting recovery...
3766615000 >> Recovery done, continuing...
3766665000 >> Requesting for the AHB bus...
3767715000 >> AHB granted, starting recovery...
3786915000 >> Recovery done, continuing...
3786965000 >> Requesting for the AHB bus...
3788015000 >> AHB granted, starting recovery...
3807215000 >> Recovery done, continuing...
3807265000 >> Requesting for the AHB bus...
3808315000 >> AHB granted, starting recovery...
3827515000 >> Recovery done, continuing...
3827565000 >> Requesting for the AHB bus...
3828740000 >> AHB granted, starting recovery...
3847940000 >> Recovery done, continuing...
3847990000 >> Requesting for the AHB bus...
3849040000 >> AHB granted, starting recovery...
3868240000 >> Recovery done, continuing...
3868290000 >> Requesting for the AHB bus...
3869340000 >> AHB granted, starting recovery...
3888540000 >> Recovery done, continuing...
3888590000 >> Requesting for the AHB bus...
3889640000 >> AHB granted, starting recovery...
3908840000 >> Recovery done, continuing...
3908890000 >> Requesting for the AHB bus...
3909940000 >> AHB granted, starting recovery...
3929140000 >> Recovery done, continuing...
3929190000 >> Requesting for the AHB bus...
3930240000 >> AHB granted, starting recovery...
3949440000 >> Recovery done, continuing...
3949490000 >> Requesting for the AHB bus...
3950540000 >> AHB granted, starting recovery...
3969740000 >> Recovery done, continuing...
3969790000 >> Requesting for the AHB bus...
3970840000 >> AHB granted, starting recovery...
3990040000 >> Recovery done, continuing...
3990090000 >> Requesting for the AHB bus...
3991140000 >> AHB granted, starting recovery...
4010340000 >> Recovery done, continuing...
4010390000 >> Requesting for the AHB bus...
4011440000 >> AHB granted, starting recovery...
4030640000 >> Recovery done, continuing...
4030690000 >> Requesting for the AHB bus...
4031740000 >> AHB granted, starting recovery...
4050940000 >> Recovery done, continuing...
4050990000 >> Requesting for the AHB bus...
4052040000 >> AHB granted, starting recovery...
4071240000 >> Recovery done, continuing...
4071290000 >> Requesting for the AHB bus...
4072340000 >> AHB granted, starting recovery...
4091540000 >> Recovery done, continuing...
4091590000 >> Requesting for the AHB bus...
4092640000 >> AHB granted, starting recovery...
4111840000 >> Recovery done, continuing...
4111890000 >> Requesting for the AHB bus...
4112940000 >> AHB granted, starting recovery...
4132140000 >> Recovery done, continuing...
4132190000 >> Requesting for the AHB bus...
4133240000 >> AHB granted, starting recovery...
4152440000 >> Recovery done, continuing...
4152490000 >> Requesting for the AHB bus...
4153540000 >> AHB granted, starting recovery...
4172740000 >> Recovery done, continuing...
4172790000 >> Requesting for the AHB bus...
4174015000 >> AHB granted, starting recovery...
4193215000 >> Recovery done, continuing...
4193265000 >> Requesting for the AHB bus...
4194315000 >> AHB granted, starting recovery...
4213515000 >> Recovery done, continuing...
4213565000 >> Requesting for the AHB bus...
4214615000 >> AHB granted, starting recovery...
4233815000 >> Recovery done, continuing...
4233865000 >> Requesting for the AHB bus...
4234915000 >> AHB granted, starting recovery...
4254115000 >> Recovery done, continuing...
4254165000 >> Requesting for the AHB bus...
4255215000 >> AHB granted, starting recovery...
4274415000 >> Recovery done, continuing...
4274465000 >> Requesting for the AHB bus...
4275515000 >> AHB granted, starting recovery...
4294715000 >> Recovery done, continuing...
4294765000 >> Requesting for the AHB bus...
4295940000 >> AHB granted, starting recovery...
4315140000 >> Recovery done, continuing...
4315190000 >> Requesting for the AHB bus...
4316240000 >> AHB granted, starting recovery...
4335440000 >> Recovery done, continuing...
4335490000 >> Requesting for the AHB bus...
4336540000 >> AHB granted, starting recovery...
4355740000 >> Recovery done, continuing...
4355790000 >> Requesting for the AHB bus...
4356840000 >> AHB granted, starting recovery...
4376040000 >> Recovery done, continuing...
4376090000 >> Requesting for the AHB bus...
4377140000 >> AHB granted, starting recovery...
4396340000 >> Recovery done, continuing...
4396390000 >> Requesting for the AHB bus...
4397440000 >> AHB granted, starting recovery...
4416640000 >> Recovery done, continuing...
4416690000 >> Requesting for the AHB bus...
4417740000 >> AHB granted, starting recovery...
4436940000 >> Recovery done, continuing...
4436990000 >> Requesting for the AHB bus...
4438040000 >> AHB granted, starting recovery...
4457240000 >> Recovery done, continuing...
4457290000 >> Requesting for the AHB bus...
4458340000 >> AHB granted, starting recovery...
4477540000 >> Recovery done, continuing...
4477590000 >> Requesting for the AHB bus...
4478640000 >> AHB granted, starting recovery...
4497840000 >> Recovery done, continuing...
4497890000 >> Requesting for the AHB bus...
4498940000 >> AHB granted, starting recovery...
4518140000 >> Recovery done, continuing...
4518190000 >> Requesting for the AHB bus...
4519240000 >> AHB granted, starting recovery...
4538440000 >> Recovery done, continuing...
4538490000 >> Requesting for the AHB bus...
4539540000 >> AHB granted, starting recovery...
4558740000 >> Recovery done, continuing...
4558790000 >> Requesting for the AHB bus...
4559840000 >> AHB granted, starting recovery...
4579040000 >> Recovery done, continuing...
4579090000 >> Requesting for the AHB bus...
4580140000 >> AHB granted, starting recovery...
4599340000 >> Recovery done, continuing...
4599390000 >> Requesting for the AHB bus...
4600440000 >> AHB granted, starting recovery...
4619640000 >> Recovery done, continuing...
4619690000 >> Requesting for the AHB bus...
4620740000 >> AHB granted, starting recovery...
4639940000 >> Recovery done, continuing...
4639990000 >> Requesting for the AHB bus...
4641215000 >> AHB granted, starting recovery...
4660415000 >> Recovery done, continuing...
4660465000 >> Requesting for the AHB bus...
4661515000 >> AHB granted, starting recovery...
4680715000 >> Recovery done, continuing...
4680765000 >> Requesting for the AHB bus...
4681815000 >> AHB granted, starting recovery...
4701015000 >> Recovery done, continuing...
4701065000 >> Requesting for the AHB bus...
4702115000 >> AHB granted, starting recovery...
4721315000 >> Recovery done, continuing...
4721365000 >> Requesting for the AHB bus...
4722415000 >> AHB granted, starting recovery...
4741615000 >> Recovery done, continuing...
4741665000 >> Requesting for the AHB bus...
4742715000 >> AHB granted, starting recovery...
4761915000 >> Recovery done, continuing...
4761965000 >> Requesting for the AHB bus...
4763140000 >> AHB granted, starting recovery...
4782340000 >> Recovery done, continuing...
4782390000 >> Requesting for the AHB bus...
4783440000 >> AHB granted, starting recovery...
4802640000 >> Recovery done, continuing...
4802690000 >> Requesting for the AHB bus...
4803740000 >> AHB granted, starting recovery...
4822940000 >> Recovery done, continuing...
4822990000 >> Requesting for the AHB bus...
4824040000 >> AHB granted, starting recovery...
4843240000 >> Recovery done, continuing...
4843290000 >> Requesting for the AHB bus...
4844340000 >> AHB granted, starting recovery...
4863540000 >> Recovery done, continuing...
4863590000 >> Requesting for the AHB bus...
4864640000 >> AHB granted, starting recovery...
4883840000 >> Recovery done, continuing...
4883890000 >> Requesting for the AHB bus...
4884940000 >> AHB granted, starting recovery...
4904140000 >> Recovery done, continuing...
4904190000 >> Requesting for the AHB bus...
4905240000 >> AHB granted, starting recovery...
4924440000 >> Recovery done, continuing...
4924490000 >> Requesting for the AHB bus...
4925540000 >> AHB granted, starting recovery...
4944740000 >> Recovery done, continuing...
4944790000 >> Requesting for the AHB bus...
4945840000 >> AHB granted, starting recovery...
4965040000 >> Recovery done, continuing...
4965090000 >> Requesting for the AHB bus...
4966140000 >> AHB granted, starting recovery...
4985340000 >> Recovery done, continuing...
4985390000 >> Requesting for the AHB bus...
4986440000 >> AHB granted, starting recovery...
5005640000 >> Recovery done, continuing...
5005690000 >> Requesting for the AHB bus...
5006740000 >> AHB granted, starting recovery...
5025940000 >> Recovery done, continuing...
5025990000 >> Requesting for the AHB bus...
5027040000 >> AHB granted, starting recovery...
5046240000 >> Recovery done, continuing...
5046290000 >> Requesting for the AHB bus...
5047340000 >> AHB granted, starting recovery...
5066540000 >> Recovery done, continuing...
5066590000 >> Requesting for the AHB bus...
5067640000 >> AHB granted, starting recovery...
5086840000 >> Recovery done, continuing...
5086890000 >> Requesting for the AHB bus...
5087940000 >> AHB granted, starting recovery...
5107140000 >> Recovery done, continuing...
5107190000 >> Requesting for the AHB bus...
5108415000 >> AHB granted, starting recovery...
5127615000 >> Recovery done, continuing...
5127665000 >> Requesting for the AHB bus...
5128715000 >> AHB granted, starting recovery...
5147915000 >> Recovery done, continuing...
5147965000 >> Requesting for the AHB bus...
5149015000 >> AHB granted, starting recovery...
5168215000 >> Recovery done, continuing...
5168265000 >> Requesting for the AHB bus...
5169315000 >> AHB granted, starting recovery...
5188515000 >> Recovery done, continuing...
5188565000 >> Requesting for the AHB bus...
5189615000 >> AHB granted, starting recovery...
5208815000 >> Recovery done, continuing...
5208865000 >> Requesting for the AHB bus...
5209915000 >> AHB granted, starting recovery...
5229115000 >> Recovery done, continuing...
5229165000 >> Requesting for the AHB bus...
5230340000 >> AHB granted, starting recovery...
5249540000 >> Recovery done, continuing...
5249590000 >> Requesting for the AHB bus...
5250640000 >> AHB granted, starting recovery...
5269840000 >> Recovery done, continuing...
5269890000 >> Requesting for the AHB bus...
5270940000 >> AHB granted, starting recovery...
5290140000 >> Recovery done, continuing...
5290190000 >> Requesting for the AHB bus...
5291240000 >> AHB granted, starting recovery...
5310440000 >> Recovery done, continuing...
5310490000 >> Requesting for the AHB bus...
5311540000 >> AHB granted, starting recovery...
5330740000 >> Recovery done, continuing...
5330790000 >> Requesting for the AHB bus...
5331840000 >> AHB granted, starting recovery...
5351040000 >> Recovery done, continuing...
5351090000 >> Requesting for the AHB bus...
5352140000 >> AHB granted, starting recovery...
5371340000 >> Recovery done, continuing...
5371390000 >> Requesting for the AHB bus...
5372440000 >> AHB granted, starting recovery...
5391640000 >> Recovery done, continuing...
5391690000 >> Requesting for the AHB bus...
5392740000 >> AHB granted, starting recovery...
5411940000 >> Recovery done, continuing...
5411990000 >> Requesting for the AHB bus...
5413040000 >> AHB granted, starting recovery...
5432240000 >> Recovery done, continuing...
5432290000 >> Requesting for the AHB bus...
5433340000 >> AHB granted, starting recovery...
5452540000 >> Recovery done, continuing...
5452590000 >> Requesting for the AHB bus...
5453640000 >> AHB granted, starting recovery...
5472840000 >> Recovery done, continuing...
5472890000 >> Requesting for the AHB bus...
5473940000 >> AHB granted, starting recovery...
5493140000 >> Recovery done, continuing...
5493190000 >> Requesting for the AHB bus...
5494240000 >> AHB granted, starting recovery...
5513440000 >> Recovery done, continuing...
5513490000 >> Requesting for the AHB bus...
5514540000 >> AHB granted, starting recovery...
5533740000 >> Recovery done, continuing...
5533790000 >> Requesting for the AHB bus...
5534840000 >> AHB granted, starting recovery...
5554040000 >> Recovery done, continuing...
5554090000 >> Requesting for the AHB bus...
5555140000 >> AHB granted, starting recovery...
5574340000 >> Recovery done, continuing...
5574390000 >> Requesting for the AHB bus...
5575615000 >> AHB granted, starting recovery...
5594815000 >> Recovery done, continuing...
5594865000 >> Requesting for the AHB bus...
5595915000 >> AHB granted, starting recovery...
5615115000 >> Recovery done, continuing...
5615165000 >> Requesting for the AHB bus...
5616215000 >> AHB granted, starting recovery...
5635415000 >> Recovery done, continuing...
5635465000 >> Requesting for the AHB bus...
5636515000 >> AHB granted, starting recovery...
5655715000 >> Recovery done, continuing...
5655765000 >> Requesting for the AHB bus...
5656815000 >> AHB granted, starting recovery...
5676015000 >> Recovery done, continuing...
5676065000 >> Requesting for the AHB bus...
5677115000 >> AHB granted, starting recovery...
5696315000 >> Recovery done, continuing...
5696365000 >> Requesting for the AHB bus...
5697540000 >> AHB granted, starting recovery...
5716740000 >> Recovery done, continuing...
5716790000 >> Requesting for the AHB bus...
5717840000 >> AHB granted, starting recovery...
5737040000 >> Recovery done, continuing...
5737090000 >> Requesting for the AHB bus...
5738140000 >> AHB granted, starting recovery...
5745715000 >> time limit reached...
/testbench/cpu/l3/u0/leon3x0/vhdl/p0/iu/r.w.wreg:1
/testbench/cpu/l3/u0/leon3x0/vhdl/p0/iu/r.m.irqen:1
/testbench/cpu/l3/u0/leon3x0/vhdl/p0/iu/r.m.icc:0000
/testbench/cpu/l3/u0/leon3x0/vhdl/p0/iu/r.a.ticc:0
/testbench/cpu/l3/u0/leon3x0/vhdl/p0/iu/r.a.step:0
/testbench/cpu/l3/u0/leon3x0/vhdl/p0/iu/r.m.irqen2:1
/testbench/cpu/l3/u0/leon3x0/vhdl/p0/iu/r.d.pc:01000000000000000000001011011100
/testbench/cpu/l3/u0/leon3x0/vhdl/p0/iu/r.d.rexpl:{{00000000000000000000000000000000} {00} {0} 0 0 {0000000000000000000} 0 0 0 0 0 0}
/testbench/cpu/l3/u0/leon3x0/vhdl/p0/iu/r.d.mexc:0
/testbench/cpu/l3/u0/leon3x0/vhdl/p0/iu/r.a.aw:0
/testbench/cpu/l3/u0/leon3x0/vhdl/p0/iu/r.e.ctrl:{{01000000000000000000001011010100} {11000010000001111011111111110100} {00} {10000001} {000000} 0 0 1 0 0 1 1 0 0}
/testbench/cpu/l3/u0/leon3x0/vhdl/p0/iu/r.a.divstart:0
/testbench/cpu/l3/u0/leon3x0/vhdl/p0/iu/r.e.shleft:0
/testbench/cpu/l3/u0/leon3x0/vhdl/p0/iu/r.a.bp:0
/testbench/cpu/l3/u0/leon3x0/vhdl/p0/iu/r.w.twcwp:000
/testbench/cpu/l3/u0/leon3x0/vhdl/p0/iu/r.a.jmpl:0
/testbench/cpu/l3/u0/leon3x0/vhdl/p0/iu/r.m.casa:0
/testbench/cpu/l3/u0/leon3x0/vhdl/p0/iu/r.m.werr:0
/testbench/cpu/l3/u0/leon3x0/vhdl/p0/iu/r.e.su:1
/testbench/cpu/l3/u0/leon3x0/vhdl/p0/iu/r.e.et:1
/testbench/cpu/l3/u0/leon3x0/vhdl/p0/iu/r.a.ldcheck1:1
/testbench/cpu/l3/u0/leon3x0/vhdl/p0/iu/r.d.stwin:000
/testbench/cpu/l3/u0/leon3x0/vhdl/p0/iu/r.a.ldcheck2:0
/testbench/cpu/l3/u0/leon3x0/vhdl/p0/iu/r.x.intack:0
/testbench/cpu/l3/u0/leon3x0/vhdl/p0/iu/r.m.ctrl:{{01000000000000000000001011010000} {11000010001001111011111111111000} {01} {10000001} {000000} 0 0 0 0 0 0 0 0 0}
/testbench/cpu/l3/u0/leon3x0/vhdl/p0/iu/r.a.cwp:101
/testbench/cpu/l3/u0/leon3x0/vhdl/p0/iu/r.e.sari:0
/testbench/cpu/l3/u0/leon3x0/vhdl/p0/iu/r.d.paw:0
/testbench/cpu/l3/u0/leon3x0/vhdl/p0/iu/r.d.aw:0
/testbench/cpu/l3/u0/leon3x0/vhdl/p0/iu/r.d.awp:000
/testbench/cpu/l3/u0/leon3x0/vhdl/p0/iu/r.x.ctrl:{{01000000000000000000001011010000} {11000010001001111011111111111000} {00} {10000001} {000000} 0 0 0 0 0 0 1 0 0}
/testbench/cpu/l3/u0/leon3x0/vhdl/p0/iu/r.m.rexnalign:0
/testbench/cpu/l3/u0/leon3x0/vhdl/p0/iu/r.m.su:1
/testbench/cpu/l3/u0/leon3x0/vhdl/p0/iu/r.m.wcwp:0
/testbench/cpu/l3/u0/leon3x0/vhdl/p0/iu/r.d.divrdy:0
/testbench/cpu/l3/u0/leon3x0/vhdl/p0/iu/r.e.cwp:101
/testbench/cpu/l3/u0/leon3x0/vhdl/p0/iu/r.w.except:0
/testbench/cpu/l3/u0/leon3x0/vhdl/p0/iu/r.x.nerror:0
/testbench/cpu/l3/u0/leon3x0/vhdl/p0/iu/r.a.bpimiss:0
/testbench/cpu/l3/u0/leon3x0/vhdl/p0/iu/r.a.nobp:0
/testbench/cpu/l3/u0/leon3x0/vhdl/p0/iu/r.d.rexcnt:0
/testbench/cpu/l3/u0/leon3x0/vhdl/p0/iu/r.w.s:{{101} {0000} {00000000} {01000000000000000000} {00000010} {0000} 0 0 1 1 1 {00000000000000000000000000000000} {UUUUUUUUUUUUUUUUUUUUUUUUUUUUUUUU} 1 0 0 1 1 1 0 0 {000} {000} {111}}
/testbench/cpu/l3/u0/leon3x0/vhdl/p0/iu/r.d.pv:1
/testbench/cpu/l3/u0/leon3x0/vhdl/p0/iu/r.a.ldchkra:1
/testbench/cpu/l3/u0/leon3x0/vhdl/p0/iu/r.a.rfa1:01101110
/testbench/cpu/l3/u0/leon3x0/vhdl/p0/iu/r.a.rfa2:10000100
/testbench/cpu/l3/u0/leon3x0/vhdl/p0/iu/r.a.imm:00000000000000000000000001000100
/testbench/cpu/l3/u0/leon3x0/vhdl/p0/iu/r.w.wa:10000001
/testbench/cpu/l3/u0/leon3x0/vhdl/p0/iu/r.m.casaz:0
/testbench/cpu/l3/u0/leon3x0/vhdl/p0/iu/r.x.dci:{0 1 0 0 0 0 {10} {00001011}}
/testbench/cpu/l3/u0/leon3x0/vhdl/p0/iu/r.x.mac:0
/testbench/cpu/l3/u0/leon3x0/vhdl/p0/iu/r.m.divz:0
/testbench/cpu/l3/u0/leon3x0/vhdl/p0/iu/r.d.inst:{{10000010000000001000000000000001}}
/testbench/cpu/l3/u0/leon3x0/vhdl/p0/iu/r.e.rfe1:1
/testbench/cpu/l3/u0/leon3x0/vhdl/p0/iu/r.a.wovf:0
/testbench/cpu/l3/u0/leon3x0/vhdl/p0/iu/r.e.rfe2:0
/testbench/cpu/l3/u0/leon3x0/vhdl/p0/iu/r.e.op1:01000000000011111111111010100000
/testbench/cpu/l3/u0/leon3x0/vhdl/p0/iu/r.m.nalign:1
/testbench/cpu/l3/u0/leon3x0/vhdl/p0/iu/r.e.op2:11111111111111111111111111110100
/testbench/cpu/l3/u0/leon3x0/vhdl/p0/iu/r.d.rexen:0
/testbench/cpu/l3/u0/leon3x0/vhdl/p0/iu/r.a.ctrl:{{01000000000000000000001011011000} {11000100000001111010000001000100} {00} {10000010} {000000} 0 0 1 0 0 1 1 0 0}
/testbench/cpu/l3/u0/leon3x0/vhdl/p0/iu/r.x.ipend:0
/testbench/cpu/l3/u0/leon3x0/vhdl/p0/iu/r.e.ldbp1:0
/testbench/cpu/l3/u0/leon3x0/vhdl/p0/iu/r.e.aluadd:1
/testbench/cpu/l3/u0/leon3x0/vhdl/p0/iu/r.d.set:0
/testbench/cpu/l3/u0/leon3x0/vhdl/p0/iu/r.d.inull:0
/testbench/cpu/l3/u0/leon3x0/vhdl/p0/iu/r.e.ldbp2:0
/testbench/cpu/l3/u0/leon3x0/vhdl/p0/iu/r.d.cnt:00
/testbench/cpu/l3/u0/leon3x0/vhdl/p0/iu/r.a.su:1
/testbench/cpu/l3/u0/leon3x0/vhdl/p0/iu/r.a.et:1
/testbench/cpu/l3/u0/leon3x0/vhdl/p0/iu/r.e.mul:0
/testbench/cpu/l3/u0/leon3x0/vhdl/p0/iu/r.e.alusel:00
/testbench/cpu/l3/u0/leon3x0/vhdl/p0/iu/r.e.aw:U
/testbench/cpu/l3/u0/leon3x0/vhdl/p0/iu/r.e.mac:0
/testbench/cpu/l3/u0/leon3x0/vhdl/p0/iu/r.a.decill:0
/testbench/cpu/l3/u0/leon3x0/vhdl/p0/iu/r.x.icc:0000
/testbench/cpu/l3/u0/leon3x0/vhdl/p0/iu/r.x.result:01000000000011111111111010011000
/testbench/cpu/l3/u0/leon3x0/vhdl/p0/iu/r.e.bp:0
/testbench/cpu/l3/u0/leon3x0/vhdl/p0/iu/r.a.rs1:11110
/testbench/cpu/l3/u0/leon3x0/vhdl/p0/iu/r.e.jmpl:0
/testbench/cpu/l3/u0/leon3x0/vhdl/p0/iu/r.a.rsel1:000
/testbench/cpu/l3/u0/leon3x0/vhdl/p0/iu/r.x.y:00000000000000000000000000000000
/testbench/cpu/l3/u0/leon3x0/vhdl/p0/iu/r.a.rsel2:100
/testbench/cpu/l3/u0/leon3x0/vhdl/p0/iu/r.a.awp:000
/testbench/cpu/l3/u0/leon3x0/vhdl/p0/iu/r.a.paw:0
/testbench/cpu/l3/u0/leon3x0/vhdl/p0/iu/r.x.data:{{00000000000000000000000000000010}}
/testbench/cpu/l3/u0/leon3x0/vhdl/p0/iu/r.m.mul:0
/testbench/cpu/l3/u0/leon3x0/vhdl/p0/iu/r.e.rd:UUUUU
/testbench/cpu/l3/u0/leon3x0/vhdl/p0/iu/r.e.invop2:0
/testbench/cpu/l3/u0/leon3x0/vhdl/p0/iu/r.m.wawp:0
/testbench/cpu/l3/u0/leon3x0/vhdl/p0/iu/r.d.cwpmax:111
/testbench/cpu/l3/u0/leon3x0/vhdl/p0/iu/r.f.branch:0
/testbench/cpu/l3/u0/leon3x0/vhdl/p0/iu/r.d.pcheld:0
/testbench/cpu/l3/u0/leon3x0/vhdl/p0/iu/r.m.dci:{0 0 0 1 0 0 {10} {00001011}}
/testbench/cpu/l3/u0/leon3x0/vhdl/p0/iu/r.e.paw:U
/testbench/cpu/l3/u0/leon3x0/vhdl/p0/iu/r.e.awp:UUU
/testbench/cpu/l3/u0/leon3x0/vhdl/p0/iu/r.e.shcnt:10100
/testbench/cpu/l3/u0/leon3x0/vhdl/p0/iu/r.w.result:00000000000000000000000000000011
/testbench/cpu/l3/u0/leon3x0/vhdl/p0/iu/r.m.mac:0
/testbench/cpu/l3/u0/leon3x0/vhdl/p0/iu/r.m.y:00000000000000000000000000000000
/testbench/cpu/l3/u0/leon3x0/vhdl/p0/iu/r.d.cwp:101
/testbench/cpu/l3/u0/leon3x0/vhdl/p0/iu/r.x.laddr:00
/testbench/cpu/l3/u0/leon3x0/vhdl/p0/iu/r.e.mulstep:0
/testbench/cpu/l3/u0/leon3x0/vhdl/p0/iu/r.e.ymsb:0
/testbench/cpu/l3/u0/leon3x0/vhdl/p0/iu/r.d.rexbuf:00000000000000000000000000000000
/testbench/cpu/l3/u0/leon3x0/vhdl/p0/iu/r.x.npc:100
/testbench/cpu/l3/u0/leon3x0/vhdl/p0/iu/r.f.pc:01000000000000000000001011100000
/testbench/cpu/l3/u0/leon3x0/vhdl/p0/iu/r.d.annul:0
/testbench/cpu/l3/u0/leon3x0/vhdl/p0/iu/r.x.rstate:run
/testbench/cpu/l3/u0/leon3x0/vhdl/p0/iu/r.x.set:0
/testbench/cpu/l3/u0/leon3x0/vhdl/p0/iu/r.m.result:00000000000000000000000000000011
/testbench/cpu/l3/u0/leon3x0/vhdl/p0/iu/r.e.icc:UUUU
/testbench/cpu/l3/u0/leon3x0/vhdl/p0/iu/r.a.getpc:0
/testbench/cpu/l3/u0/leon3x0/vhdl/p0/iu/r.a.ldchkex:1
/testbench/cpu/l3/u0/leon3x0/vhdl/p0/iu/r.x.mexc:0
/testbench/cpu/l3/u0/leon3x0/vhdl/p0/iu/r.a.mulstart:0
/testbench/cpu/l3/u0/leon3x0/vhdl/p0/iu/r.d.rexpos:10
/testbench/cpu/l3/u0/leon3x0/vhdl/p0/iu/r.x.annul_all:0
/testbench/cpu/l3/u0/leon3x0/vhdl/p0/iu/r.e.aluop:000
/testbench/cpu/l3/u0/leon3x0/vhdl/p0/iu/r.x.debug:0
/testbench/cpu/l3/u0/leon3x0/vhdl/p0/iu/r.a.rfe1:1
/testbench/cpu/l3/u0/leon3x0/vhdl/p0/iu/r.d.step:0
/testbench/cpu/l3/u0/leon3x0/vhdl/p0/iu/r.a.rfe2:0
/testbench/cpu/l3/u0/leon3x0/vhdl/p0/iu/r.e.alucin:0
/testbench/cpu/l3/u0/leon3x0/vhdl/p0/iu/r.a.wunf:0
======================================
progstatus: -2
execerr: 122
latent: 1
time limit!
>>>>>>>>>>>>>>> 5745715000
======================================
