Test signal = /testbench/cpu/l3/u0/leon3x0/vhdl/p0/iu/r.f.pc
oldval = 01000000000000000000010011000100
pos1: 29 pos0: 31 posU: -1
newval = 01000000000000000000010011000000
Signal value: 01000000000000000000001110111000
oldval = 01000000000000000000001110111000
pos1: 28 pos0: 31 posU: -1
newval = 01000000000000000000001110110000
force in 2690561
586290000 >> iteration no: 0
1598340000 >> iteration no: 1
2610390000 >> iteration no: 2
3272665000 >> Requesting for the AHB bus...
3273615000 >> AHB granted, starting recovery...
3273665000 >> Requesting for the AHB bus...
3292815000 >> Recovery done, continuing...
3293490000 >> Requesting for the AHB bus...
3294240000 >> AHB granted, starting recovery...
3313440000 >> Recovery done, continuing...
3314115000 >> Requesting for the AHB bus...
3314865000 >> AHB granted, starting recovery...
3334065000 >> Recovery done, continuing...
3334740000 >> Requesting for the AHB bus...
3335490000 >> AHB granted, starting recovery...
3354690000 >> Recovery done, continuing...
3355365000 >> Requesting for the AHB bus...
3356115000 >> AHB granted, starting recovery...
3375315000 >> Recovery done, continuing...
3375990000 >> Requesting for the AHB bus...
3376740000 >> AHB granted, starting recovery...
3395940000 >> Recovery done, continuing...
3396615000 >> Requesting for the AHB bus...
3397365000 >> AHB granted, starting recovery...
3416565000 >> Recovery done, continuing...
3417240000 >> Requesting for the AHB bus...
3417990000 >> AHB granted, starting recovery...
3437190000 >> Recovery done, continuing...
3437890000 >> Requesting for the AHB bus...
3438640000 >> AHB granted, starting recovery...
3457840000 >> Recovery done, continuing...
3458515000 >> Requesting for the AHB bus...
3459265000 >> AHB granted, starting recovery...
3478465000 >> Recovery done, continuing...
3479140000 >> Requesting for the AHB bus...
3479890000 >> AHB granted, starting recovery...
3499090000 >> Recovery done, continuing...
3499765000 >> Requesting for the AHB bus...
3500515000 >> AHB granted, starting recovery...
3519715000 >> Recovery done, continuing...
3520390000 >> Requesting for the AHB bus...
3521315000 >> AHB granted, starting recovery...
3540515000 >> Recovery done, continuing...
3541190000 >> Requesting for the AHB bus...
3541940000 >> AHB granted, starting recovery...
3561140000 >> Recovery done, continuing...
3561815000 >> Requesting for the AHB bus...
3562565000 >> AHB granted, starting recovery...
3581765000 >> Recovery done, continuing...
3582440000 >> Requesting for the AHB bus...
3583190000 >> AHB granted, starting recovery...
3602390000 >> Recovery done, continuing...
3603065000 >> Requesting for the AHB bus...
3603815000 >> AHB granted, starting recovery...
3623015000 >> Recovery done, continuing...
3623690000 >> Requesting for the AHB bus...
3624440000 >> AHB granted, starting recovery...
3643640000 >> Recovery done, continuing...
3644315000 >> Requesting for the AHB bus...
3645065000 >> AHB granted, starting recovery...
3664265000 >> Recovery done, continuing...
3664940000 >> Requesting for the AHB bus...
3665690000 >> AHB granted, starting recovery...
3684890000 >> Recovery done, continuing...
3685565000 >> Requesting for the AHB bus...
3686315000 >> AHB granted, starting recovery...
3705515000 >> Recovery done, continuing...
3706190000 >> Requesting for the AHB bus...
3707115000 >> AHB granted, starting recovery...
3726315000 >> Recovery done, continuing...
3726990000 >> Requesting for the AHB bus...
3727740000 >> AHB granted, starting recovery...
3746940000 >> Recovery done, continuing...
3747615000 >> Requesting for the AHB bus...
3748365000 >> AHB granted, starting recovery...
3767565000 >> Recovery done, continuing...
3768240000 >> Requesting for the AHB bus...
3768990000 >> AHB granted, starting recovery...
3788190000 >> Recovery done, continuing...
3788865000 >> Requesting for the AHB bus...
3789615000 >> AHB granted, starting recovery...
3808815000 >> Recovery done, continuing...
3809490000 >> Requesting for the AHB bus...
3810240000 >> AHB granted, starting recovery...
3829440000 >> Recovery done, continuing...
3830115000 >> Requesting for the AHB bus...
3830865000 >> AHB granted, starting recovery...
3850065000 >> Recovery done, continuing...
3850740000 >> Requesting for the AHB bus...
3851490000 >> AHB granted, starting recovery...
3870690000 >> Recovery done, continuing...
3871365000 >> Requesting for the AHB bus...
3872115000 >> AHB granted, starting recovery...
3891315000 >> Recovery done, continuing...
3892165000 >> Requesting for the AHB bus...
3892915000 >> AHB granted, starting recovery...
3912115000 >> Recovery done, continuing...
3912790000 >> Requesting for the AHB bus...
3913540000 >> AHB granted, starting recovery...
3932740000 >> Recovery done, continuing...
3933415000 >> Requesting for the AHB bus...
3934165000 >> AHB granted, starting recovery...
3953365000 >> Recovery done, continuing...
3954040000 >> Requesting for the AHB bus...
3954790000 >> AHB granted, starting recovery...
3973990000 >> Recovery done, continuing...
3974665000 >> Requesting for the AHB bus...
3975415000 >> AHB granted, starting recovery...
3994615000 >> Recovery done, continuing...
3995290000 >> Requesting for the AHB bus...
3996040000 >> AHB granted, starting recovery...
4015240000 >> Recovery done, continuing...
4015915000 >> Requesting for the AHB bus...
4016665000 >> AHB granted, starting recovery...
4035865000 >> Recovery done, continuing...
4036540000 >> Requesting for the AHB bus...
4037290000 >> AHB granted, starting recovery...
4056490000 >> Recovery done, continuing...
4057165000 >> Requesting for the AHB bus...
4057915000 >> AHB granted, starting recovery...
4077115000 >> Recovery done, continuing...
4077890000 >> Requesting for the AHB bus...
4078640000 >> AHB granted, starting recovery...
4097840000 >> Recovery done, continuing...
4098515000 >> Requesting for the AHB bus...
4099265000 >> AHB granted, starting recovery...
4118465000 >> Recovery done, continuing...
4119140000 >> Requesting for the AHB bus...
4119890000 >> AHB granted, starting recovery...
4139090000 >> Recovery done, continuing...
4139765000 >> Requesting for the AHB bus...
4140515000 >> AHB granted, starting recovery...
4159715000 >> Recovery done, continuing...
4160390000 >> Requesting for the AHB bus...
4161315000 >> AHB granted, starting recovery...
4180515000 >> Recovery done, continuing...
4181190000 >> Requesting for the AHB bus...
4181940000 >> AHB granted, starting recovery...
4201140000 >> Recovery done, continuing...
4201815000 >> Requesting for the AHB bus...
4202565000 >> AHB granted, starting recovery...
4221765000 >> Recovery done, continuing...
4222440000 >> Requesting for the AHB bus...
4223190000 >> AHB granted, starting recovery...
4242390000 >> Recovery done, continuing...
4243065000 >> Requesting for the AHB bus...
4243815000 >> AHB granted, starting recovery...
4263015000 >> Recovery done, continuing...
4263690000 >> Requesting for the AHB bus...
4264440000 >> AHB granted, starting recovery...
4283640000 >> Recovery done, continuing...
4284315000 >> Requesting for the AHB bus...
4285065000 >> AHB granted, starting recovery...
4304265000 >> Recovery done, continuing...
4304940000 >> Requesting for the AHB bus...
4305690000 >> AHB granted, starting recovery...
4324890000 >> Recovery done, continuing...
4325565000 >> Requesting for the AHB bus...
4326315000 >> AHB granted, starting recovery...
4345515000 >> Recovery done, continuing...
4346190000 >> Requesting for the AHB bus...
4347115000 >> AHB granted, starting recovery...
4366315000 >> Recovery done, continuing...
4366990000 >> Requesting for the AHB bus...
4367740000 >> AHB granted, starting recovery...
4386940000 >> Recovery done, continuing...
4387615000 >> Requesting for the AHB bus...
4388365000 >> AHB granted, starting recovery...
4407565000 >> Recovery done, continuing...
4408240000 >> Requesting for the AHB bus...
4408990000 >> AHB granted, starting recovery...
4428190000 >> Recovery done, continuing...
4428865000 >> Requesting for the AHB bus...
4429615000 >> AHB granted, starting recovery...
4448815000 >> Recovery done, continuing...
4449490000 >> Requesting for the AHB bus...
4450240000 >> AHB granted, starting recovery...
4469440000 >> Recovery done, continuing...
4470115000 >> Requesting for the AHB bus...
4470865000 >> AHB granted, starting recovery...
4490065000 >> Recovery done, continuing...
4490740000 >> Requesting for the AHB bus...
4491490000 >> AHB granted, starting recovery...
4510690000 >> Recovery done, continuing...
4511365000 >> Requesting for the AHB bus...
4512115000 >> AHB granted, starting recovery...
4531315000 >> Recovery done, continuing...
4532165000 >> Requesting for the AHB bus...
4532915000 >> AHB granted, starting recovery...
4552115000 >> Recovery done, continuing...
4552790000 >> Requesting for the AHB bus...
4553540000 >> AHB granted, starting recovery...
4572740000 >> Recovery done, continuing...
4573415000 >> Requesting for the AHB bus...
4574165000 >> AHB granted, starting recovery...
4593365000 >> Recovery done, continuing...
4594040000 >> Requesting for the AHB bus...
4594790000 >> AHB granted, starting recovery...
4613990000 >> Recovery done, continuing...
4614665000 >> Requesting for the AHB bus...
4615415000 >> AHB granted, starting recovery...
4634615000 >> Recovery done, continuing...
4635290000 >> Requesting for the AHB bus...
4636040000 >> AHB granted, starting recovery...
4655240000 >> Recovery done, continuing...
4655915000 >> Requesting for the AHB bus...
4656665000 >> AHB granted, starting recovery...
4675865000 >> Recovery done, continuing...
4676540000 >> Requesting for the AHB bus...
4677290000 >> AHB granted, starting recovery...
4696490000 >> Recovery done, continuing...
4697165000 >> Requesting for the AHB bus...
4697915000 >> AHB granted, starting recovery...
4717115000 >> Recovery done, continuing...
4717890000 >> Requesting for the AHB bus...
4718640000 >> AHB granted, starting recovery...
4737840000 >> Recovery done, continuing...
4738515000 >> Requesting for the AHB bus...
4739265000 >> AHB granted, starting recovery...
4758465000 >> Recovery done, continuing...
4759140000 >> Requesting for the AHB bus...
4759890000 >> AHB granted, starting recovery...
4779090000 >> Recovery done, continuing...
4779765000 >> Requesting for the AHB bus...
4780515000 >> AHB granted, starting recovery...
4799715000 >> Recovery done, continuing...
4800390000 >> Requesting for the AHB bus...
4801315000 >> AHB granted, starting recovery...
4820515000 >> Recovery done, continuing...
4821190000 >> Requesting for the AHB bus...
4821940000 >> AHB granted, starting recovery...
4841140000 >> Recovery done, continuing...
4841815000 >> Requesting for the AHB bus...
4842565000 >> AHB granted, starting recovery...
4861765000 >> Recovery done, continuing...
4862440000 >> Requesting for the AHB bus...
4863190000 >> AHB granted, starting recovery...
4882390000 >> Recovery done, continuing...
4883065000 >> Requesting for the AHB bus...
4883815000 >> AHB granted, starting recovery...
4903015000 >> Recovery done, continuing...
4903690000 >> Requesting for the AHB bus...
4904440000 >> AHB granted, starting recovery...
4923640000 >> Recovery done, continuing...
4924315000 >> Requesting for the AHB bus...
4925065000 >> AHB granted, starting recovery...
4944265000 >> Recovery done, continuing...
4944940000 >> Requesting for the AHB bus...
4945690000 >> AHB granted, starting recovery...
4964890000 >> Recovery done, continuing...
4965565000 >> Requesting for the AHB bus...
4966315000 >> AHB granted, starting recovery...
4985515000 >> Recovery done, continuing...
4986190000 >> Requesting for the AHB bus...
4987115000 >> AHB granted, starting recovery...
5006315000 >> Recovery done, continuing...
5006990000 >> Requesting for the AHB bus...
5007740000 >> AHB granted, starting recovery...
5026940000 >> Recovery done, continuing...
5027615000 >> Requesting for the AHB bus...
5028365000 >> AHB granted, starting recovery...
5047565000 >> Recovery done, continuing...
5048240000 >> Requesting for the AHB bus...
5048990000 >> AHB granted, starting recovery...
5068190000 >> Recovery done, continuing...
5068865000 >> Requesting for the AHB bus...
5069615000 >> AHB granted, starting recovery...
5088815000 >> Recovery done, continuing...
5089490000 >> Requesting for the AHB bus...
5090240000 >> AHB granted, starting recovery...
5109440000 >> Recovery done, continuing...
5110115000 >> Requesting for the AHB bus...
5110865000 >> AHB granted, starting recovery...
5130065000 >> Recovery done, continuing...
5130740000 >> Requesting for the AHB bus...
5131490000 >> AHB granted, starting recovery...
5150690000 >> Recovery done, continuing...
5151365000 >> Requesting for the AHB bus...
5152115000 >> AHB granted, starting recovery...
5171315000 >> Recovery done, continuing...
5172165000 >> Requesting for the AHB bus...
5172915000 >> AHB granted, starting recovery...
5192115000 >> Recovery done, continuing...
5192790000 >> Requesting for the AHB bus...
5193540000 >> AHB granted, starting recovery...
5212740000 >> Recovery done, continuing...
5213415000 >> Requesting for the AHB bus...
5214165000 >> AHB granted, starting recovery...
5233365000 >> Recovery done, continuing...
5234040000 >> Requesting for the AHB bus...
5234790000 >> AHB granted, starting recovery...
5253990000 >> Recovery done, continuing...
5254665000 >> Requesting for the AHB bus...
5255415000 >> AHB granted, starting recovery...
5274615000 >> Recovery done, continuing...
5275290000 >> Requesting for the AHB bus...
5276040000 >> AHB granted, starting recovery...
5295240000 >> Recovery done, continuing...
5295915000 >> Requesting for the AHB bus...
5296665000 >> AHB granted, starting recovery...
5315865000 >> Recovery done, continuing...
5316540000 >> Requesting for the AHB bus...
5317290000 >> AHB granted, starting recovery...
5336490000 >> Recovery done, continuing...
5337165000 >> Requesting for the AHB bus...
5337915000 >> AHB granted, starting recovery...
5357115000 >> Recovery done, continuing...
5357890000 >> Requesting for the AHB bus...
5358640000 >> AHB granted, starting recovery...
5377840000 >> Recovery done, continuing...
5378515000 >> Requesting for the AHB bus...
5379265000 >> AHB granted, starting recovery...
5398465000 >> Recovery done, continuing...
5399140000 >> Requesting for the AHB bus...
5399890000 >> AHB granted, starting recovery...
5419090000 >> Recovery done, continuing...
5419765000 >> Requesting for the AHB bus...
5420515000 >> AHB granted, starting recovery...
5439715000 >> Recovery done, continuing...
5440390000 >> Requesting for the AHB bus...
5441315000 >> AHB granted, starting recovery...
5460515000 >> Recovery done, continuing...
5461190000 >> Requesting for the AHB bus...
5461940000 >> AHB granted, starting recovery...
5481140000 >> Recovery done, continuing...
5481815000 >> Requesting for the AHB bus...
5482565000 >> AHB granted, starting recovery...
5501765000 >> Recovery done, continuing...
5502440000 >> Requesting for the AHB bus...
5503190000 >> AHB granted, starting recovery...
5522390000 >> Recovery done, continuing...
5523065000 >> Requesting for the AHB bus...
5523815000 >> AHB granted, starting recovery...
5543015000 >> Recovery done, continuing...
5543690000 >> Requesting for the AHB bus...
5544440000 >> AHB granted, starting recovery...
5563640000 >> Recovery done, continuing...
5564315000 >> Requesting for the AHB bus...
5565065000 >> AHB granted, starting recovery...
5584265000 >> Recovery done, continuing...
5584940000 >> Requesting for the AHB bus...
5585690000 >> AHB granted, starting recovery...
5604890000 >> Recovery done, continuing...
5605565000 >> Requesting for the AHB bus...
5606315000 >> AHB granted, starting recovery...
5625515000 >> Recovery done, continuing...
5626190000 >> Requesting for the AHB bus...
5627115000 >> AHB granted, starting recovery...
5646315000 >> Recovery done, continuing...
5646990000 >> Requesting for the AHB bus...
5647740000 >> AHB granted, starting recovery...
5666940000 >> Recovery done, continuing...
5667615000 >> Requesting for the AHB bus...
5668365000 >> AHB granted, starting recovery...
5687565000 >> Recovery done, continuing...
5688240000 >> Requesting for the AHB bus...
5688990000 >> AHB granted, starting recovery...
5708190000 >> Recovery done, continuing...
5708865000 >> Requesting for the AHB bus...
5709615000 >> AHB granted, starting recovery...
5728815000 >> Recovery done, continuing...
5729490000 >> Requesting for the AHB bus...
5730240000 >> AHB granted, starting recovery...
5745715000 >> time limit reached...
/testbench/cpu/l3/u0/leon3x0/vhdl/p0/iu/r.w.wreg:0
/testbench/cpu/l3/u0/leon3x0/vhdl/p0/iu/r.m.irqen:1
/testbench/cpu/l3/u0/leon3x0/vhdl/p0/iu/r.m.icc:0000
/testbench/cpu/l3/u0/leon3x0/vhdl/p0/iu/r.a.ticc:0
/testbench/cpu/l3/u0/leon3x0/vhdl/p0/iu/r.a.step:0
/testbench/cpu/l3/u0/leon3x0/vhdl/p0/iu/r.m.irqen2:1
/testbench/cpu/l3/u0/leon3x0/vhdl/p0/iu/r.d.pc:01000000000000000000001110110100
/testbench/cpu/l3/u0/leon3x0/vhdl/p0/iu/r.d.rexpl:{{00000000000000000000000000000000} {00} {0} 0 0 {0000000000000000000} 0 0 0 0 0 0}
/testbench/cpu/l3/u0/leon3x0/vhdl/p0/iu/r.d.mexc:0
/testbench/cpu/l3/u0/leon3x0/vhdl/p0/iu/r.a.aw:0
/testbench/cpu/l3/u0/leon3x0/vhdl/p0/iu/r.e.ctrl:{{01000000000000000000001110110000} {10000010000000000110000000000001} {00} {10000001} {000000} 0 1 0 0 0 0 0 0 0}
/testbench/cpu/l3/u0/leon3x0/vhdl/p0/iu/r.a.divstart:0
/testbench/cpu/l3/u0/leon3x0/vhdl/p0/iu/r.e.shleft:0
/testbench/cpu/l3/u0/leon3x0/vhdl/p0/iu/r.a.bp:0
/testbench/cpu/l3/u0/leon3x0/vhdl/p0/iu/r.w.twcwp:000
/testbench/cpu/l3/u0/leon3x0/vhdl/p0/iu/r.a.jmpl:0
/testbench/cpu/l3/u0/leon3x0/vhdl/p0/iu/r.m.casa:0
/testbench/cpu/l3/u0/leon3x0/vhdl/p0/iu/r.m.werr:0
/testbench/cpu/l3/u0/leon3x0/vhdl/p0/iu/r.e.su:1
/testbench/cpu/l3/u0/leon3x0/vhdl/p0/iu/r.e.et:1
/testbench/cpu/l3/u0/leon3x0/vhdl/p0/iu/r.a.ldcheck1:1
/testbench/cpu/l3/u0/leon3x0/vhdl/p0/iu/r.d.stwin:000
/testbench/cpu/l3/u0/leon3x0/vhdl/p0/iu/r.a.ldcheck2:0
/testbench/cpu/l3/u0/leon3x0/vhdl/p0/iu/r.x.intack:0
/testbench/cpu/l3/u0/leon3x0/vhdl/p0/iu/r.m.ctrl:{{01000000000000000000001101011000} {11000010000001111011111111110100} {00} {10000001} {000000} 0 0 1 0 0 1 1 0 0}
/testbench/cpu/l3/u0/leon3x0/vhdl/p0/iu/r.a.cwp:101
/testbench/cpu/l3/u0/leon3x0/vhdl/p0/iu/r.e.sari:0
/testbench/cpu/l3/u0/leon3x0/vhdl/p0/iu/r.d.paw:0
/testbench/cpu/l3/u0/leon3x0/vhdl/p0/iu/r.d.aw:0
/testbench/cpu/l3/u0/leon3x0/vhdl/p0/iu/r.d.awp:000
/testbench/cpu/l3/u0/leon3x0/vhdl/p0/iu/r.x.ctrl:{{01000000000000000000001101010100} {11000010001001111011111111101100} {01} {10000001} {000000} 0 0 0 0 0 0 0 0 0}
/testbench/cpu/l3/u0/leon3x0/vhdl/p0/iu/r.m.rexnalign:0
/testbench/cpu/l3/u0/leon3x0/vhdl/p0/iu/r.m.su:1
/testbench/cpu/l3/u0/leon3x0/vhdl/p0/iu/r.m.wcwp:0
/testbench/cpu/l3/u0/leon3x0/vhdl/p0/iu/r.d.divrdy:0
/testbench/cpu/l3/u0/leon3x0/vhdl/p0/iu/r.e.cwp:101
/testbench/cpu/l3/u0/leon3x0/vhdl/p0/iu/r.w.except:0
/testbench/cpu/l3/u0/leon3x0/vhdl/p0/iu/r.x.nerror:0
/testbench/cpu/l3/u0/leon3x0/vhdl/p0/iu/r.a.bpimiss:0
/testbench/cpu/l3/u0/leon3x0/vhdl/p0/iu/r.a.nobp:0
/testbench/cpu/l3/u0/leon3x0/vhdl/p0/iu/r.d.rexcnt:0
/testbench/cpu/l3/u0/leon3x0/vhdl/p0/iu/r.w.s:{{101} {0000} {00000000} {01000000000000000000} {00000010} {0000} 0 0 1 1 1 {00000000000000000000000000000000} {UUUUUUUUUUUUUUUUUUUUUUUUUUUUUUUU} 1 0 0 1 1 1 0 0 {000} {000} {111}}
/testbench/cpu/l3/u0/leon3x0/vhdl/p0/iu/r.d.pv:1
/testbench/cpu/l3/u0/leon3x0/vhdl/p0/iu/r.a.ldchkra:1
/testbench/cpu/l3/u0/leon3x0/vhdl/p0/iu/r.a.rfa1:10000001
/testbench/cpu/l3/u0/leon3x0/vhdl/p0/iu/r.a.rfa2:10000001
/testbench/cpu/l3/u0/leon3x0/vhdl/p0/iu/r.a.imm:00000000000000000000000000000001
/testbench/cpu/l3/u0/leon3x0/vhdl/p0/iu/r.w.wa:10000001
/testbench/cpu/l3/u0/leon3x0/vhdl/p0/iu/r.m.casaz:0
/testbench/cpu/l3/u0/leon3x0/vhdl/p0/iu/r.x.dci:{0 0 0 1 0 0 {10} {00001011}}
/testbench/cpu/l3/u0/leon3x0/vhdl/p0/iu/r.x.mac:0
/testbench/cpu/l3/u0/leon3x0/vhdl/p0/iu/r.m.divz:0
/testbench/cpu/l3/u0/leon3x0/vhdl/p0/iu/r.d.inst:{{00000000000000000000000000000000}}
/testbench/cpu/l3/u0/leon3x0/vhdl/p0/iu/r.e.rfe1:0
/testbench/cpu/l3/u0/leon3x0/vhdl/p0/iu/r.a.wovf:0
/testbench/cpu/l3/u0/leon3x0/vhdl/p0/iu/r.e.rfe2:0
/testbench/cpu/l3/u0/leon3x0/vhdl/p0/iu/r.e.op1:01000000000011111111111010010100
/testbench/cpu/l3/u0/leon3x0/vhdl/p0/iu/r.m.nalign:0
/testbench/cpu/l3/u0/leon3x0/vhdl/p0/iu/r.e.op2:00000000000000000000000000000001
/testbench/cpu/l3/u0/leon3x0/vhdl/p0/iu/r.d.rexen:0
/testbench/cpu/l3/u0/leon3x0/vhdl/p0/iu/r.a.ctrl:{{01000000000000000000001110110000} {10000010000000000110000000000001} {00} {10000001} {000000} 0 0 1 0 0 0 1 0 0}
/testbench/cpu/l3/u0/leon3x0/vhdl/p0/iu/r.x.ipend:0
/testbench/cpu/l3/u0/leon3x0/vhdl/p0/iu/r.e.ldbp1:0
/testbench/cpu/l3/u0/leon3x0/vhdl/p0/iu/r.e.aluadd:1
/testbench/cpu/l3/u0/leon3x0/vhdl/p0/iu/r.d.set:0
/testbench/cpu/l3/u0/leon3x0/vhdl/p0/iu/r.d.inull:0
/testbench/cpu/l3/u0/leon3x0/vhdl/p0/iu/r.e.ldbp2:0
/testbench/cpu/l3/u0/leon3x0/vhdl/p0/iu/r.d.cnt:00
/testbench/cpu/l3/u0/leon3x0/vhdl/p0/iu/r.a.su:1
/testbench/cpu/l3/u0/leon3x0/vhdl/p0/iu/r.a.et:1
/testbench/cpu/l3/u0/leon3x0/vhdl/p0/iu/r.e.mul:0
/testbench/cpu/l3/u0/leon3x0/vhdl/p0/iu/r.e.alusel:00
/testbench/cpu/l3/u0/leon3x0/vhdl/p0/iu/r.e.aw:U
/testbench/cpu/l3/u0/leon3x0/vhdl/p0/iu/r.e.mac:0
/testbench/cpu/l3/u0/leon3x0/vhdl/p0/iu/r.a.decill:0
/testbench/cpu/l3/u0/leon3x0/vhdl/p0/iu/r.x.icc:0000
/testbench/cpu/l3/u0/leon3x0/vhdl/p0/iu/r.x.result:00000000000000000000000000000001
/testbench/cpu/l3/u0/leon3x0/vhdl/p0/iu/r.e.bp:0
/testbench/cpu/l3/u0/leon3x0/vhdl/p0/iu/r.a.rs1:00001
/testbench/cpu/l3/u0/leon3x0/vhdl/p0/iu/r.e.jmpl:0
/testbench/cpu/l3/u0/leon3x0/vhdl/p0/iu/r.a.rsel1:010
/testbench/cpu/l3/u0/leon3x0/vhdl/p0/iu/r.x.y:00000000000000000000000000000000
/testbench/cpu/l3/u0/leon3x0/vhdl/p0/iu/r.a.rsel2:100
/testbench/cpu/l3/u0/leon3x0/vhdl/p0/iu/r.a.awp:000
/testbench/cpu/l3/u0/leon3x0/vhdl/p0/iu/r.a.paw:0
/testbench/cpu/l3/u0/leon3x0/vhdl/p0/iu/r.x.data:{{00000000000000000000000000000101}}
/testbench/cpu/l3/u0/leon3x0/vhdl/p0/iu/r.m.mul:0
/testbench/cpu/l3/u0/leon3x0/vhdl/p0/iu/r.e.rd:UUUUU
/testbench/cpu/l3/u0/leon3x0/vhdl/p0/iu/r.e.invop2:0
/testbench/cpu/l3/u0/leon3x0/vhdl/p0/iu/r.m.wawp:0
/testbench/cpu/l3/u0/leon3x0/vhdl/p0/iu/r.d.cwpmax:111
/testbench/cpu/l3/u0/leon3x0/vhdl/p0/iu/r.f.branch:0
/testbench/cpu/l3/u0/leon3x0/vhdl/p0/iu/r.d.pcheld:0
/testbench/cpu/l3/u0/leon3x0/vhdl/p0/iu/r.m.dci:{0 1 1 0 0 0 {10} {00001011}}
/testbench/cpu/l3/u0/leon3x0/vhdl/p0/iu/r.e.paw:U
/testbench/cpu/l3/u0/leon3x0/vhdl/p0/iu/r.e.awp:UUU
/testbench/cpu/l3/u0/leon3x0/vhdl/p0/iu/r.e.shcnt:00001
/testbench/cpu/l3/u0/leon3x0/vhdl/p0/iu/r.w.result:01000000000011111111111010001100
/testbench/cpu/l3/u0/leon3x0/vhdl/p0/iu/r.m.mac:0
/testbench/cpu/l3/u0/leon3x0/vhdl/p0/iu/r.m.y:00000000000000000000000000000000
/testbench/cpu/l3/u0/leon3x0/vhdl/p0/iu/r.d.cwp:101
/testbench/cpu/l3/u0/leon3x0/vhdl/p0/iu/r.x.laddr:01
/testbench/cpu/l3/u0/leon3x0/vhdl/p0/iu/r.e.mulstep:0
/testbench/cpu/l3/u0/leon3x0/vhdl/p0/iu/r.e.ymsb:0
/testbench/cpu/l3/u0/leon3x0/vhdl/p0/iu/r.d.rexbuf:00000000000000000000000000000000
/testbench/cpu/l3/u0/leon3x0/vhdl/p0/iu/r.x.npc:100
/testbench/cpu/l3/u0/leon3x0/vhdl/p0/iu/r.f.pc:01000000000000000000001110111000
/testbench/cpu/l3/u0/leon3x0/vhdl/p0/iu/r.d.annul:0
/testbench/cpu/l3/u0/leon3x0/vhdl/p0/iu/r.x.rstate:run
/testbench/cpu/l3/u0/leon3x0/vhdl/p0/iu/r.x.set:0
/testbench/cpu/l3/u0/leon3x0/vhdl/p0/iu/r.m.result:01000000000011111111111010010100
/testbench/cpu/l3/u0/leon3x0/vhdl/p0/iu/r.e.icc:UUUU
/testbench/cpu/l3/u0/leon3x0/vhdl/p0/iu/r.a.getpc:0
/testbench/cpu/l3/u0/leon3x0/vhdl/p0/iu/r.a.ldchkex:1
/testbench/cpu/l3/u0/leon3x0/vhdl/p0/iu/r.x.mexc:0
/testbench/cpu/l3/u0/leon3x0/vhdl/p0/iu/r.a.mulstart:0
/testbench/cpu/l3/u0/leon3x0/vhdl/p0/iu/r.d.rexpos:10
/testbench/cpu/l3/u0/leon3x0/vhdl/p0/iu/r.x.annul_all:0
/testbench/cpu/l3/u0/leon3x0/vhdl/p0/iu/r.e.aluop:000
/testbench/cpu/l3/u0/leon3x0/vhdl/p0/iu/r.x.debug:0
/testbench/cpu/l3/u0/leon3x0/vhdl/p0/iu/r.a.rfe1:0
/testbench/cpu/l3/u0/leon3x0/vhdl/p0/iu/r.d.step:0
/testbench/cpu/l3/u0/leon3x0/vhdl/p0/iu/r.a.rfe2:0
/testbench/cpu/l3/u0/leon3x0/vhdl/p0/iu/r.e.alucin:0
/testbench/cpu/l3/u0/leon3x0/vhdl/p0/iu/r.a.wunf:0
======================================
progstatus: -2
execerr: 120
latent: 1
time limit!
>>>>>>>>>>>>>>> 5745715000
======================================
