Test signal = /testbench/cpu/l3/u0/leon3x0/vhdl/p0/iu/r.a.step
oldval = 0
pos1: -1 pos0: 0 posU: -1
newval = 1
Signal value: 0
oldval = 0
pos1: -1 pos0: 0 posU: -1
newval = 1
force in 297360
586290000 >> iteration no: 0
879765000 >> Requesting for the AHB bus...
880765000 >> AHB granted, starting recovery...
899965000 >> Recovery done, continuing...
900015000 >> Requesting for the AHB bus...
900840000 >> AHB granted, starting recovery...
920040000 >> Recovery done, continuing...
920090000 >> Requesting for the AHB bus...
920915000 >> AHB granted, starting recovery...
940115000 >> Recovery done, continuing...
940165000 >> Requesting for the AHB bus...
940990000 >> AHB granted, starting recovery...
960190000 >> Recovery done, continuing...
960240000 >> Requesting for the AHB bus...
961065000 >> AHB granted, starting recovery...
980265000 >> Recovery done, continuing...
980315000 >> Requesting for the AHB bus...
981140000 >> AHB granted, starting recovery...
1000340000 >> Recovery done, continuing...
1000390000 >> Requesting for the AHB bus...
1001215000 >> AHB granted, starting recovery...
1020415000 >> Recovery done, continuing...
1020465000 >> Requesting for the AHB bus...
1021290000 >> AHB granted, starting recovery...
1040490000 >> Recovery done, continuing...
1040540000 >> Requesting for the AHB bus...
1041365000 >> AHB granted, starting recovery...
1060565000 >> Recovery done, continuing...
1060615000 >> Requesting for the AHB bus...
1061440000 >> AHB granted, starting recovery...
1080640000 >> Recovery done, continuing...
1080690000 >> Requesting for the AHB bus...
1081515000 >> AHB granted, starting recovery...
1100715000 >> Recovery done, continuing...
1100765000 >> Requesting for the AHB bus...
1101590000 >> AHB granted, starting recovery...
1120790000 >> Recovery done, continuing...
1120840000 >> Requesting for the AHB bus...
1121665000 >> AHB granted, starting recovery...
1140865000 >> Recovery done, continuing...
1140915000 >> Requesting for the AHB bus...
1141740000 >> AHB granted, starting recovery...
1160940000 >> Recovery done, continuing...
1160990000 >> Requesting for the AHB bus...
1161815000 >> AHB granted, starting recovery...
1181015000 >> Recovery done, continuing...
1181065000 >> Requesting for the AHB bus...
1181890000 >> AHB granted, starting recovery...
1201090000 >> Recovery done, continuing...
1201140000 >> Requesting for the AHB bus...
1201965000 >> AHB granted, starting recovery...
1221165000 >> Recovery done, continuing...
1221215000 >> Requesting for the AHB bus...
1222040000 >> AHB granted, starting recovery...
1241240000 >> Recovery done, continuing...
1241290000 >> Requesting for the AHB bus...
1242115000 >> AHB granted, starting recovery...
1261315000 >> Recovery done, continuing...
1261365000 >> Requesting for the AHB bus...
1262190000 >> AHB granted, starting recovery...
1281390000 >> Recovery done, continuing...
1281440000 >> Requesting for the AHB bus...
1282265000 >> AHB granted, starting recovery...
1301465000 >> Recovery done, continuing...
1301515000 >> Requesting for the AHB bus...
1302340000 >> AHB granted, starting recovery...
1321540000 >> Recovery done, continuing...
1321590000 >> Requesting for the AHB bus...
1322415000 >> AHB granted, starting recovery...
1341615000 >> Recovery done, continuing...
1341665000 >> Requesting for the AHB bus...
1342490000 >> AHB granted, starting recovery...
1361690000 >> Recovery done, continuing...
1361740000 >> Requesting for the AHB bus...
1362565000 >> AHB granted, starting recovery...
1381765000 >> Recovery done, continuing...
1381815000 >> Requesting for the AHB bus...
1382640000 >> AHB granted, starting recovery...
1401840000 >> Recovery done, continuing...
1401890000 >> Requesting for the AHB bus...
1402715000 >> AHB granted, starting recovery...
1421915000 >> Recovery done, continuing...
1421965000 >> Requesting for the AHB bus...
1422790000 >> AHB granted, starting recovery...
1441990000 >> Recovery done, continuing...
1442040000 >> Requesting for the AHB bus...
1442865000 >> AHB granted, starting recovery...
1462065000 >> Recovery done, continuing...
1462115000 >> Requesting for the AHB bus...
1462940000 >> AHB granted, starting recovery...
1482140000 >> Recovery done, continuing...
1482190000 >> Requesting for the AHB bus...
1483015000 >> AHB granted, starting recovery...
1502215000 >> Recovery done, continuing...
1502265000 >> Requesting for the AHB bus...
1503090000 >> AHB granted, starting recovery...
1522290000 >> Recovery done, continuing...
1522340000 >> Requesting for the AHB bus...
1523165000 >> AHB granted, starting recovery...
1542365000 >> Recovery done, continuing...
1542415000 >> Requesting for the AHB bus...
1543240000 >> AHB granted, starting recovery...
1562440000 >> Recovery done, continuing...
1562490000 >> Requesting for the AHB bus...
1563315000 >> AHB granted, starting recovery...
1582515000 >> Recovery done, continuing...
1582565000 >> Requesting for the AHB bus...
1583390000 >> AHB granted, starting recovery...
1602590000 >> Recovery done, continuing...
1602640000 >> Requesting for the AHB bus...
1603465000 >> AHB granted, starting recovery...
1622665000 >> Recovery done, continuing...
1622715000 >> Requesting for the AHB bus...
1623540000 >> AHB granted, starting recovery...
1642740000 >> Recovery done, continuing...
1642790000 >> Requesting for the AHB bus...
1643615000 >> AHB granted, starting recovery...
1662815000 >> Recovery done, continuing...
1662865000 >> Requesting for the AHB bus...
1663690000 >> AHB granted, starting recovery...
1682890000 >> Recovery done, continuing...
1682940000 >> Requesting for the AHB bus...
1683765000 >> AHB granted, starting recovery...
1702965000 >> Recovery done, continuing...
1703015000 >> Requesting for the AHB bus...
1703840000 >> AHB granted, starting recovery...
1723040000 >> Recovery done, continuing...
1723090000 >> Requesting for the AHB bus...
1723915000 >> AHB granted, starting recovery...
1743115000 >> Recovery done, continuing...
1743165000 >> Requesting for the AHB bus...
1743990000 >> AHB granted, starting recovery...
1763190000 >> Recovery done, continuing...
1763240000 >> Requesting for the AHB bus...
1764065000 >> AHB granted, starting recovery...
1783265000 >> Recovery done, continuing...
1783315000 >> Requesting for the AHB bus...
1784140000 >> AHB granted, starting recovery...
1803340000 >> Recovery done, continuing...
1803390000 >> Requesting for the AHB bus...
1804215000 >> AHB granted, starting recovery...
1823415000 >> Recovery done, continuing...
1823465000 >> Requesting for the AHB bus...
1824290000 >> AHB granted, starting recovery...
1843490000 >> Recovery done, continuing...
1843540000 >> Requesting for the AHB bus...
1844515000 >> AHB granted, starting recovery...
1863715000 >> Recovery done, continuing...
1863765000 >> Requesting for the AHB bus...
1864590000 >> AHB granted, starting recovery...
1883790000 >> Recovery done, continuing...
1883840000 >> Requesting for the AHB bus...
1884665000 >> AHB granted, starting recovery...
1903865000 >> Recovery done, continuing...
1903915000 >> Requesting for the AHB bus...
1904740000 >> AHB granted, starting recovery...
1923940000 >> Recovery done, continuing...
1923990000 >> Requesting for the AHB bus...
1924815000 >> AHB granted, starting recovery...
1944015000 >> Recovery done, continuing...
1944065000 >> Requesting for the AHB bus...
1944890000 >> AHB granted, starting recovery...
1964090000 >> Recovery done, continuing...
1964140000 >> Requesting for the AHB bus...
1964965000 >> AHB granted, starting recovery...
1984165000 >> Recovery done, continuing...
1984215000 >> Requesting for the AHB bus...
1985040000 >> AHB granted, starting recovery...
2004240000 >> Recovery done, continuing...
2004290000 >> Requesting for the AHB bus...
2005115000 >> AHB granted, starting recovery...
2024315000 >> Recovery done, continuing...
2024365000 >> Requesting for the AHB bus...
2025190000 >> AHB granted, starting recovery...
2044390000 >> Recovery done, continuing...
2044440000 >> Requesting for the AHB bus...
2045265000 >> AHB granted, starting recovery...
2064465000 >> Recovery done, continuing...
2064515000 >> Requesting for the AHB bus...
2065340000 >> AHB granted, starting recovery...
2084540000 >> Recovery done, continuing...
2084590000 >> Requesting for the AHB bus...
2085415000 >> AHB granted, starting recovery...
2104615000 >> Recovery done, continuing...
2104665000 >> Requesting for the AHB bus...
2105490000 >> AHB granted, starting recovery...
2124690000 >> Recovery done, continuing...
2124740000 >> Requesting for the AHB bus...
2125565000 >> AHB granted, starting recovery...
2144765000 >> Recovery done, continuing...
2144815000 >> Requesting for the AHB bus...
2145640000 >> AHB granted, starting recovery...
2164840000 >> Recovery done, continuing...
2164890000 >> Requesting for the AHB bus...
2165715000 >> AHB granted, starting recovery...
2184915000 >> Recovery done, continuing...
2184965000 >> Requesting for the AHB bus...
2185790000 >> AHB granted, starting recovery...
2204990000 >> Recovery done, continuing...
2205040000 >> Requesting for the AHB bus...
2205865000 >> AHB granted, starting recovery...
2225065000 >> Recovery done, continuing...
2225115000 >> Requesting for the AHB bus...
2225940000 >> AHB granted, starting recovery...
2245140000 >> Recovery done, continuing...
2245190000 >> Requesting for the AHB bus...
2246015000 >> AHB granted, starting recovery...
2265215000 >> Recovery done, continuing...
2265265000 >> Requesting for the AHB bus...
2266090000 >> AHB granted, starting recovery...
2285290000 >> Recovery done, continuing...
2285340000 >> Requesting for the AHB bus...
2286165000 >> AHB granted, starting recovery...
2305365000 >> Recovery done, continuing...
2305415000 >> Requesting for the AHB bus...
2306240000 >> AHB granted, starting recovery...
2325440000 >> Recovery done, continuing...
2325490000 >> Requesting for the AHB bus...
2326315000 >> AHB granted, starting recovery...
2345515000 >> Recovery done, continuing...
2345565000 >> Requesting for the AHB bus...
2346390000 >> AHB granted, starting recovery...
2365590000 >> Recovery done, continuing...
2365640000 >> Requesting for the AHB bus...
2366465000 >> AHB granted, starting recovery...
2385665000 >> Recovery done, continuing...
2385715000 >> Requesting for the AHB bus...
2386540000 >> AHB granted, starting recovery...
2405740000 >> Recovery done, continuing...
2405790000 >> Requesting for the AHB bus...
2406615000 >> AHB granted, starting recovery...
2425815000 >> Recovery done, continuing...
2425865000 >> Requesting for the AHB bus...
2426690000 >> AHB granted, starting recovery...
2445890000 >> Recovery done, continuing...
2445940000 >> Requesting for the AHB bus...
2446765000 >> AHB granted, starting recovery...
2465965000 >> Recovery done, continuing...
2466015000 >> Requesting for the AHB bus...
2466840000 >> AHB granted, starting recovery...
2486040000 >> Recovery done, continuing...
2486090000 >> Requesting for the AHB bus...
2486915000 >> AHB granted, starting recovery...
2506115000 >> Recovery done, continuing...
2506165000 >> Requesting for the AHB bus...
2506990000 >> AHB granted, starting recovery...
2526190000 >> Recovery done, continuing...
2526240000 >> Requesting for the AHB bus...
2527065000 >> AHB granted, starting recovery...
2546265000 >> Recovery done, continuing...
2546315000 >> Requesting for the AHB bus...
2547140000 >> AHB granted, starting recovery...
2566340000 >> Recovery done, continuing...
2566390000 >> Requesting for the AHB bus...
2567215000 >> AHB granted, starting recovery...
2586415000 >> Recovery done, continuing...
2586465000 >> Requesting for the AHB bus...
2587290000 >> AHB granted, starting recovery...
2606490000 >> Recovery done, continuing...
2606540000 >> Requesting for the AHB bus...
2607365000 >> AHB granted, starting recovery...
2626565000 >> Recovery done, continuing...
2626615000 >> Requesting for the AHB bus...
2627440000 >> AHB granted, starting recovery...
2646640000 >> Recovery done, continuing...
2646690000 >> Requesting for the AHB bus...
2647515000 >> AHB granted, starting recovery...
2666715000 >> Recovery done, continuing...
2666765000 >> Requesting for the AHB bus...
2667590000 >> AHB granted, starting recovery...
2686790000 >> Recovery done, continuing...
2686840000 >> Requesting for the AHB bus...
2687665000 >> AHB granted, starting recovery...
2706865000 >> Recovery done, continuing...
2706915000 >> Requesting for the AHB bus...
2707740000 >> AHB granted, starting recovery...
2726940000 >> Recovery done, continuing...
2726990000 >> Requesting for the AHB bus...
2727815000 >> AHB granted, starting recovery...
2747015000 >> Recovery done, continuing...
2747065000 >> Requesting for the AHB bus...
2747890000 >> AHB granted, starting recovery...
2767090000 >> Recovery done, continuing...
2767140000 >> Requesting for the AHB bus...
2767965000 >> AHB granted, starting recovery...
2787165000 >> Recovery done, continuing...
2787215000 >> Requesting for the AHB bus...
2788040000 >> AHB granted, starting recovery...
2807240000 >> Recovery done, continuing...
2807290000 >> Requesting for the AHB bus...
2808115000 >> AHB granted, starting recovery...
2827315000 >> Recovery done, continuing...
2827365000 >> Requesting for the AHB bus...
2828190000 >> AHB granted, starting recovery...
2847390000 >> Recovery done, continuing...
2847440000 >> Requesting for the AHB bus...
2848265000 >> AHB granted, starting recovery...
2867465000 >> Recovery done, continuing...
2867515000 >> Requesting for the AHB bus...
2868515000 >> AHB granted, starting recovery...
2887715000 >> Recovery done, continuing...
2887765000 >> Requesting for the AHB bus...
2888590000 >> AHB granted, starting recovery...
2907790000 >> Recovery done, continuing...
2907840000 >> Requesting for the AHB bus...
2908665000 >> AHB granted, starting recovery...
2927865000 >> Recovery done, continuing...
2927915000 >> Requesting for the AHB bus...
2928740000 >> AHB granted, starting recovery...
2947940000 >> Recovery done, continuing...
2947990000 >> Requesting for the AHB bus...
2948815000 >> AHB granted, starting recovery...
2968015000 >> Recovery done, continuing...
2968065000 >> Requesting for the AHB bus...
2968890000 >> AHB granted, starting recovery...
2988090000 >> Recovery done, continuing...
2988140000 >> Requesting for the AHB bus...
2988965000 >> AHB granted, starting recovery...
3008165000 >> Recovery done, continuing...
3008215000 >> Requesting for the AHB bus...
3009040000 >> AHB granted, starting recovery...
3028240000 >> Recovery done, continuing...
3028290000 >> Requesting for the AHB bus...
3029115000 >> AHB granted, starting recovery...
3048315000 >> Recovery done, continuing...
3048365000 >> Requesting for the AHB bus...
3049190000 >> AHB granted, starting recovery...
3068390000 >> Recovery done, continuing...
3068440000 >> Requesting for the AHB bus...
3069265000 >> AHB granted, starting recovery...
3088465000 >> Recovery done, continuing...
3088515000 >> Requesting for the AHB bus...
3089340000 >> AHB granted, starting recovery...
3108540000 >> Recovery done, continuing...
3108590000 >> Requesting for the AHB bus...
3109415000 >> AHB granted, starting recovery...
3128615000 >> Recovery done, continuing...
3128665000 >> Requesting for the AHB bus...
3129490000 >> AHB granted, starting recovery...
3148690000 >> Recovery done, continuing...
3148740000 >> Requesting for the AHB bus...
3149565000 >> AHB granted, starting recovery...
3168765000 >> Recovery done, continuing...
3168815000 >> Requesting for the AHB bus...
3169640000 >> AHB granted, starting recovery...
3188840000 >> Recovery done, continuing...
3188890000 >> Requesting for the AHB bus...
3189715000 >> AHB granted, starting recovery...
3208915000 >> Recovery done, continuing...
3208965000 >> Requesting for the AHB bus...
3209790000 >> AHB granted, starting recovery...
3228990000 >> Recovery done, continuing...
3229040000 >> Requesting for the AHB bus...
3229865000 >> AHB granted, starting recovery...
3249065000 >> Recovery done, continuing...
3249115000 >> Requesting for the AHB bus...
3249940000 >> AHB granted, starting recovery...
3269140000 >> Recovery done, continuing...
3269190000 >> Requesting for the AHB bus...
3270015000 >> AHB granted, starting recovery...
3289215000 >> Recovery done, continuing...
3289265000 >> Requesting for the AHB bus...
3290090000 >> AHB granted, starting recovery...
3309290000 >> Recovery done, continuing...
3309340000 >> Requesting for the AHB bus...
3310165000 >> AHB granted, starting recovery...
3329365000 >> Recovery done, continuing...
3329415000 >> Requesting for the AHB bus...
3330240000 >> AHB granted, starting recovery...
3349440000 >> Recovery done, continuing...
3349490000 >> Requesting for the AHB bus...
3350315000 >> AHB granted, starting recovery...
3369515000 >> Recovery done, continuing...
3369565000 >> Requesting for the AHB bus...
3370390000 >> AHB granted, starting recovery...
3389590000 >> Recovery done, continuing...
3389640000 >> Requesting for the AHB bus...
3390465000 >> AHB granted, starting recovery...
3409665000 >> Recovery done, continuing...
3409715000 >> Requesting for the AHB bus...
3410540000 >> AHB granted, starting recovery...
3429740000 >> Recovery done, continuing...
3429790000 >> Requesting for the AHB bus...
3430615000 >> AHB granted, starting recovery...
3449815000 >> Recovery done, continuing...
3449865000 >> Requesting for the AHB bus...
3450690000 >> AHB granted, starting recovery...
3469890000 >> Recovery done, continuing...
3469940000 >> Requesting for the AHB bus...
3470765000 >> AHB granted, starting recovery...
3489965000 >> Recovery done, continuing...
3490015000 >> Requesting for the AHB bus...
3490840000 >> AHB granted, starting recovery...
3510040000 >> Recovery done, continuing...
3510090000 >> Requesting for the AHB bus...
3510915000 >> AHB granted, starting recovery...
3530115000 >> Recovery done, continuing...
3530165000 >> Requesting for the AHB bus...
3530990000 >> AHB granted, starting recovery...
3550190000 >> Recovery done, continuing...
3550240000 >> Requesting for the AHB bus...
3551065000 >> AHB granted, starting recovery...
3570265000 >> Recovery done, continuing...
3570315000 >> Requesting for the AHB bus...
3571140000 >> AHB granted, starting recovery...
3590340000 >> Recovery done, continuing...
3590390000 >> Requesting for the AHB bus...
3591215000 >> AHB granted, starting recovery...
3610415000 >> Recovery done, continuing...
3610465000 >> Requesting for the AHB bus...
3611290000 >> AHB granted, starting recovery...
3630490000 >> Recovery done, continuing...
3630540000 >> Requesting for the AHB bus...
3631365000 >> AHB granted, starting recovery...
3650565000 >> Recovery done, continuing...
3650615000 >> Requesting for the AHB bus...
3651440000 >> AHB granted, starting recovery...
3670640000 >> Recovery done, continuing...
3670690000 >> Requesting for the AHB bus...
3671515000 >> AHB granted, starting recovery...
3690715000 >> Recovery done, continuing...
3690765000 >> Requesting for the AHB bus...
3691590000 >> AHB granted, starting recovery...
3710790000 >> Recovery done, continuing...
3710840000 >> Requesting for the AHB bus...
3711665000 >> AHB granted, starting recovery...
3730865000 >> Recovery done, continuing...
3730915000 >> Requesting for the AHB bus...
3731740000 >> AHB granted, starting recovery...
3750940000 >> Recovery done, continuing...
3750990000 >> Requesting for the AHB bus...
3751815000 >> AHB granted, starting recovery...
3771015000 >> Recovery done, continuing...
3771065000 >> Requesting for the AHB bus...
3771890000 >> AHB granted, starting recovery...
3791090000 >> Recovery done, continuing...
3791140000 >> Requesting for the AHB bus...
3791965000 >> AHB granted, starting recovery...
3811165000 >> Recovery done, continuing...
3811215000 >> Requesting for the AHB bus...
3812040000 >> AHB granted, starting recovery...
3831240000 >> Recovery done, continuing...
3831290000 >> Requesting for the AHB bus...
3832115000 >> AHB granted, starting recovery...
3851315000 >> Recovery done, continuing...
3851365000 >> Requesting for the AHB bus...
3852190000 >> AHB granted, starting recovery...
3871390000 >> Recovery done, continuing...
3871440000 >> Requesting for the AHB bus...
3872265000 >> AHB granted, starting recovery...
3891465000 >> Recovery done, continuing...
3891515000 >> Requesting for the AHB bus...
3892515000 >> AHB granted, starting recovery...
3911715000 >> Recovery done, continuing...
3911765000 >> Requesting for the AHB bus...
3912590000 >> AHB granted, starting recovery...
3931790000 >> Recovery done, continuing...
3931840000 >> Requesting for the AHB bus...
3932665000 >> AHB granted, starting recovery...
3951865000 >> Recovery done, continuing...
3951915000 >> Requesting for the AHB bus...
3952740000 >> AHB granted, starting recovery...
3971940000 >> Recovery done, continuing...
3971990000 >> Requesting for the AHB bus...
3972815000 >> AHB granted, starting recovery...
3992015000 >> Recovery done, continuing...
3992065000 >> Requesting for the AHB bus...
3992890000 >> AHB granted, starting recovery...
4012090000 >> Recovery done, continuing...
4012140000 >> Requesting for the AHB bus...
4012965000 >> AHB granted, starting recovery...
4032165000 >> Recovery done, continuing...
4032215000 >> Requesting for the AHB bus...
4033040000 >> AHB granted, starting recovery...
4052240000 >> Recovery done, continuing...
4052290000 >> Requesting for the AHB bus...
4053115000 >> AHB granted, starting recovery...
4072315000 >> Recovery done, continuing...
4072365000 >> Requesting for the AHB bus...
4073190000 >> AHB granted, starting recovery...
4092390000 >> Recovery done, continuing...
4092440000 >> Requesting for the AHB bus...
4093265000 >> AHB granted, starting recovery...
4112465000 >> Recovery done, continuing...
4112515000 >> Requesting for the AHB bus...
4113340000 >> AHB granted, starting recovery...
4132540000 >> Recovery done, continuing...
4132590000 >> Requesting for the AHB bus...
4133415000 >> AHB granted, starting recovery...
4152615000 >> Recovery done, continuing...
4152665000 >> Requesting for the AHB bus...
4153490000 >> AHB granted, starting recovery...
4172690000 >> Recovery done, continuing...
4172740000 >> Requesting for the AHB bus...
4173565000 >> AHB granted, starting recovery...
4192765000 >> Recovery done, continuing...
4192815000 >> Requesting for the AHB bus...
4193640000 >> AHB granted, starting recovery...
4212840000 >> Recovery done, continuing...
4212890000 >> Requesting for the AHB bus...
4213715000 >> AHB granted, starting recovery...
4232915000 >> Recovery done, continuing...
4232965000 >> Requesting for the AHB bus...
4233790000 >> AHB granted, starting recovery...
4252990000 >> Recovery done, continuing...
4253040000 >> Requesting for the AHB bus...
4253865000 >> AHB granted, starting recovery...
4273065000 >> Recovery done, continuing...
4273115000 >> Requesting for the AHB bus...
4273940000 >> AHB granted, starting recovery...
4293140000 >> Recovery done, continuing...
4293190000 >> Requesting for the AHB bus...
4294015000 >> AHB granted, starting recovery...
4313215000 >> Recovery done, continuing...
4313265000 >> Requesting for the AHB bus...
4314090000 >> AHB granted, starting recovery...
4333290000 >> Recovery done, continuing...
4333340000 >> Requesting for the AHB bus...
4334165000 >> AHB granted, starting recovery...
4353365000 >> Recovery done, continuing...
4353415000 >> Requesting for the AHB bus...
4354240000 >> AHB granted, starting recovery...
4373440000 >> Recovery done, continuing...
4373490000 >> Requesting for the AHB bus...
4374315000 >> AHB granted, starting recovery...
4393515000 >> Recovery done, continuing...
4393565000 >> Requesting for the AHB bus...
4394390000 >> AHB granted, starting recovery...
4413590000 >> Recovery done, continuing...
4413640000 >> Requesting for the AHB bus...
4414465000 >> AHB granted, starting recovery...
4433665000 >> Recovery done, continuing...
4433715000 >> Requesting for the AHB bus...
4434540000 >> AHB granted, starting recovery...
4453740000 >> Recovery done, continuing...
4453790000 >> Requesting for the AHB bus...
4454615000 >> AHB granted, starting recovery...
4473815000 >> Recovery done, continuing...
4473865000 >> Requesting for the AHB bus...
4474690000 >> AHB granted, starting recovery...
4493890000 >> Recovery done, continuing...
4493940000 >> Requesting for the AHB bus...
4494765000 >> AHB granted, starting recovery...
4513965000 >> Recovery done, continuing...
4514015000 >> Requesting for the AHB bus...
4514840000 >> AHB granted, starting recovery...
4534040000 >> Recovery done, continuing...
4534090000 >> Requesting for the AHB bus...
4534915000 >> AHB granted, starting recovery...
4554115000 >> Recovery done, continuing...
4554165000 >> Requesting for the AHB bus...
4554990000 >> AHB granted, starting recovery...
4574190000 >> Recovery done, continuing...
4574240000 >> Requesting for the AHB bus...
4575065000 >> AHB granted, starting recovery...
4594265000 >> Recovery done, continuing...
4594315000 >> Requesting for the AHB bus...
4595140000 >> AHB granted, starting recovery...
4614340000 >> Recovery done, continuing...
4614390000 >> Requesting for the AHB bus...
4615215000 >> AHB granted, starting recovery...
4634415000 >> Recovery done, continuing...
4634465000 >> Requesting for the AHB bus...
4635290000 >> AHB granted, starting recovery...
4654490000 >> Recovery done, continuing...
4654540000 >> Requesting for the AHB bus...
4655365000 >> AHB granted, starting recovery...
4674565000 >> Recovery done, continuing...
4674615000 >> Requesting for the AHB bus...
4675440000 >> AHB granted, starting recovery...
4694640000 >> Recovery done, continuing...
4694690000 >> Requesting for the AHB bus...
4695515000 >> AHB granted, starting recovery...
4714715000 >> Recovery done, continuing...
4714765000 >> Requesting for the AHB bus...
4715590000 >> AHB granted, starting recovery...
4734790000 >> Recovery done, continuing...
4734840000 >> Requesting for the AHB bus...
4735665000 >> AHB granted, starting recovery...
4754865000 >> Recovery done, continuing...
4754915000 >> Requesting for the AHB bus...
4755740000 >> AHB granted, starting recovery...
4774940000 >> Recovery done, continuing...
4774990000 >> Requesting for the AHB bus...
4775815000 >> AHB granted, starting recovery...
4795015000 >> Recovery done, continuing...
4795065000 >> Requesting for the AHB bus...
4795890000 >> AHB granted, starting recovery...
4815090000 >> Recovery done, continuing...
4815140000 >> Requesting for the AHB bus...
4815965000 >> AHB granted, starting recovery...
4835165000 >> Recovery done, continuing...
4835215000 >> Requesting for the AHB bus...
4836040000 >> AHB granted, starting recovery...
4855240000 >> Recovery done, continuing...
4855290000 >> Requesting for the AHB bus...
4856115000 >> AHB granted, starting recovery...
4875315000 >> Recovery done, continuing...
4875365000 >> Requesting for the AHB bus...
4876190000 >> AHB granted, starting recovery...
4895390000 >> Recovery done, continuing...
4895440000 >> Requesting for the AHB bus...
4896265000 >> AHB granted, starting recovery...
4915465000 >> Recovery done, continuing...
4915515000 >> Requesting for the AHB bus...
4916515000 >> AHB granted, starting recovery...
4935715000 >> Recovery done, continuing...
4935765000 >> Requesting for the AHB bus...
4936590000 >> AHB granted, starting recovery...
4955790000 >> Recovery done, continuing...
4955840000 >> Requesting for the AHB bus...
4956665000 >> AHB granted, starting recovery...
4975865000 >> Recovery done, continuing...
4975915000 >> Requesting for the AHB bus...
4976740000 >> AHB granted, starting recovery...
4995940000 >> Recovery done, continuing...
4995990000 >> Requesting for the AHB bus...
4996815000 >> AHB granted, starting recovery...
5016015000 >> Recovery done, continuing...
5016065000 >> Requesting for the AHB bus...
5016890000 >> AHB granted, starting recovery...
5036090000 >> Recovery done, continuing...
5036140000 >> Requesting for the AHB bus...
5036965000 >> AHB granted, starting recovery...
5056165000 >> Recovery done, continuing...
5056215000 >> Requesting for the AHB bus...
5057040000 >> AHB granted, starting recovery...
5076240000 >> Recovery done, continuing...
5076290000 >> Requesting for the AHB bus...
5077115000 >> AHB granted, starting recovery...
5096315000 >> Recovery done, continuing...
5096365000 >> Requesting for the AHB bus...
5097190000 >> AHB granted, starting recovery...
5116390000 >> Recovery done, continuing...
5116440000 >> Requesting for the AHB bus...
5117265000 >> AHB granted, starting recovery...
5136465000 >> Recovery done, continuing...
5136515000 >> Requesting for the AHB bus...
5137340000 >> AHB granted, starting recovery...
5156540000 >> Recovery done, continuing...
5156590000 >> Requesting for the AHB bus...
5157415000 >> AHB granted, starting recovery...
5176615000 >> Recovery done, continuing...
5176665000 >> Requesting for the AHB bus...
5177490000 >> AHB granted, starting recovery...
5196690000 >> Recovery done, continuing...
5196740000 >> Requesting for the AHB bus...
5197565000 >> AHB granted, starting recovery...
5216765000 >> Recovery done, continuing...
5216815000 >> Requesting for the AHB bus...
5217640000 >> AHB granted, starting recovery...
5236840000 >> Recovery done, continuing...
5236890000 >> Requesting for the AHB bus...
5237715000 >> AHB granted, starting recovery...
5256915000 >> Recovery done, continuing...
5256965000 >> Requesting for the AHB bus...
5257790000 >> AHB granted, starting recovery...
5276990000 >> Recovery done, continuing...
5277040000 >> Requesting for the AHB bus...
5277865000 >> AHB granted, starting recovery...
5297065000 >> Recovery done, continuing...
5297115000 >> Requesting for the AHB bus...
5297940000 >> AHB granted, starting recovery...
5317140000 >> Recovery done, continuing...
5317190000 >> Requesting for the AHB bus...
5318015000 >> AHB granted, starting recovery...
5337215000 >> Recovery done, continuing...
5337265000 >> Requesting for the AHB bus...
5338090000 >> AHB granted, starting recovery...
5357290000 >> Recovery done, continuing...
5357340000 >> Requesting for the AHB bus...
5358165000 >> AHB granted, starting recovery...
5377365000 >> Recovery done, continuing...
5377415000 >> Requesting for the AHB bus...
5378240000 >> AHB granted, starting recovery...
5397440000 >> Recovery done, continuing...
5397490000 >> Requesting for the AHB bus...
5398315000 >> AHB granted, starting recovery...
5417515000 >> Recovery done, continuing...
5417565000 >> Requesting for the AHB bus...
5418390000 >> AHB granted, starting recovery...
5437590000 >> Recovery done, continuing...
5437640000 >> Requesting for the AHB bus...
5438465000 >> AHB granted, starting recovery...
5457665000 >> Recovery done, continuing...
5457715000 >> Requesting for the AHB bus...
5458540000 >> AHB granted, starting recovery...
5477740000 >> Recovery done, continuing...
5477790000 >> Requesting for the AHB bus...
5478615000 >> AHB granted, starting recovery...
5497815000 >> Recovery done, continuing...
5497865000 >> Requesting for the AHB bus...
5498690000 >> AHB granted, starting recovery...
5517890000 >> Recovery done, continuing...
5517940000 >> Requesting for the AHB bus...
5518765000 >> AHB granted, starting recovery...
5537965000 >> Recovery done, continuing...
5538015000 >> Requesting for the AHB bus...
5538840000 >> AHB granted, starting recovery...
5558040000 >> Recovery done, continuing...
5558090000 >> Requesting for the AHB bus...
5558915000 >> AHB granted, starting recovery...
5578115000 >> Recovery done, continuing...
5578165000 >> Requesting for the AHB bus...
5578990000 >> AHB granted, starting recovery...
5598190000 >> Recovery done, continuing...
5598240000 >> Requesting for the AHB bus...
5599065000 >> AHB granted, starting recovery...
5618265000 >> Recovery done, continuing...
5618315000 >> Requesting for the AHB bus...
5619140000 >> AHB granted, starting recovery...
5638340000 >> Recovery done, continuing...
5638390000 >> Requesting for the AHB bus...
5639215000 >> AHB granted, starting recovery...
5658415000 >> Recovery done, continuing...
5658465000 >> Requesting for the AHB bus...
5659290000 >> AHB granted, starting recovery...
5678490000 >> Recovery done, continuing...
5678540000 >> Requesting for the AHB bus...
5679365000 >> AHB granted, starting recovery...
5698565000 >> Recovery done, continuing...
5698615000 >> Requesting for the AHB bus...
5699440000 >> AHB granted, starting recovery...
5718640000 >> Recovery done, continuing...
5718690000 >> Requesting for the AHB bus...
5719515000 >> AHB granted, starting recovery...
5738715000 >> Recovery done, continuing...
5738765000 >> Requesting for the AHB bus...
5739590000 >> AHB granted, starting recovery...
5745715000 >> time limit reached...
/testbench/cpu/l3/u0/leon3x0/vhdl/p0/iu/r.w.wreg:0
/testbench/cpu/l3/u0/leon3x0/vhdl/p0/iu/r.m.irqen:1
/testbench/cpu/l3/u0/leon3x0/vhdl/p0/iu/r.m.icc:0000
/testbench/cpu/l3/u0/leon3x0/vhdl/p0/iu/r.a.ticc:0
/testbench/cpu/l3/u0/leon3x0/vhdl/p0/iu/r.a.step:0
/testbench/cpu/l3/u0/leon3x0/vhdl/p0/iu/r.m.irqen2:1
/testbench/cpu/l3/u0/leon3x0/vhdl/p0/iu/r.d.pc:01000000000000000000001100100100
/testbench/cpu/l3/u0/leon3x0/vhdl/p0/iu/r.d.rexpl:{{00000000000000000000000000000000} {00} {0} 0 0 {0000000000000000000} 0 0 0 0 0 0}
/testbench/cpu/l3/u0/leon3x0/vhdl/p0/iu/r.d.mexc:0
/testbench/cpu/l3/u0/leon3x0/vhdl/p0/iu/r.a.aw:0
/testbench/cpu/l3/u0/leon3x0/vhdl/p0/iu/r.e.ctrl:{{01000000000000000000001100100000} {11000100000001111010000001000100} {00} {10000010} {000000} 0 0 1 0 0 1 1 0 0}
/testbench/cpu/l3/u0/leon3x0/vhdl/p0/iu/r.a.divstart:0
/testbench/cpu/l3/u0/leon3x0/vhdl/p0/iu/r.e.shleft:0
/testbench/cpu/l3/u0/leon3x0/vhdl/p0/iu/r.a.bp:0
/testbench/cpu/l3/u0/leon3x0/vhdl/p0/iu/r.w.twcwp:000
/testbench/cpu/l3/u0/leon3x0/vhdl/p0/iu/r.a.jmpl:0
/testbench/cpu/l3/u0/leon3x0/vhdl/p0/iu/r.m.casa:0
/testbench/cpu/l3/u0/leon3x0/vhdl/p0/iu/r.m.werr:0
/testbench/cpu/l3/u0/leon3x0/vhdl/p0/iu/r.e.su:1
/testbench/cpu/l3/u0/leon3x0/vhdl/p0/iu/r.e.et:1
/testbench/cpu/l3/u0/leon3x0/vhdl/p0/iu/r.a.ldcheck1:1
/testbench/cpu/l3/u0/leon3x0/vhdl/p0/iu/r.d.stwin:000
/testbench/cpu/l3/u0/leon3x0/vhdl/p0/iu/r.a.ldcheck2:1
/testbench/cpu/l3/u0/leon3x0/vhdl/p0/iu/r.x.intack:0
/testbench/cpu/l3/u0/leon3x0/vhdl/p0/iu/r.m.ctrl:{{01000000000000000000001100011100} {11000010000001111011111111110100} {00} {10000001} {001011} 1 0 1 0 0 1 1 0 0}
/testbench/cpu/l3/u0/leon3x0/vhdl/p0/iu/r.a.cwp:101
/testbench/cpu/l3/u0/leon3x0/vhdl/p0/iu/r.e.sari:0
/testbench/cpu/l3/u0/leon3x0/vhdl/p0/iu/r.d.paw:0
/testbench/cpu/l3/u0/leon3x0/vhdl/p0/iu/r.d.aw:0
/testbench/cpu/l3/u0/leon3x0/vhdl/p0/iu/r.d.awp:000
/testbench/cpu/l3/u0/leon3x0/vhdl/p0/iu/r.x.ctrl:{{01000000000000000000001100011000} {11000010001011111011111111111111} {01} {10000001} {000000} 0 0 0 0 0 0 0 0 0}
/testbench/cpu/l3/u0/leon3x0/vhdl/p0/iu/r.m.rexnalign:0
/testbench/cpu/l3/u0/leon3x0/vhdl/p0/iu/r.m.su:1
/testbench/cpu/l3/u0/leon3x0/vhdl/p0/iu/r.m.wcwp:0
/testbench/cpu/l3/u0/leon3x0/vhdl/p0/iu/r.d.divrdy:0
/testbench/cpu/l3/u0/leon3x0/vhdl/p0/iu/r.e.cwp:101
/testbench/cpu/l3/u0/leon3x0/vhdl/p0/iu/r.w.except:0
/testbench/cpu/l3/u0/leon3x0/vhdl/p0/iu/r.x.nerror:0
/testbench/cpu/l3/u0/leon3x0/vhdl/p0/iu/r.a.bpimiss:0
/testbench/cpu/l3/u0/leon3x0/vhdl/p0/iu/r.a.nobp:0
/testbench/cpu/l3/u0/leon3x0/vhdl/p0/iu/r.d.rexcnt:0
/testbench/cpu/l3/u0/leon3x0/vhdl/p0/iu/r.w.s:{{101} {0000} {00000000} {01000000000000000000} {00000010} {0000} 0 0 1 1 1 {00000000000000000000000000000000} {UUUUUUUUUUUUUUUUUUUUUUUUUUUUUUUU} 1 0 0 1 1 1 0 0 {000} {000} {111}}
/testbench/cpu/l3/u0/leon3x0/vhdl/p0/iu/r.d.pv:1
/testbench/cpu/l3/u0/leon3x0/vhdl/p0/iu/r.a.ldchkra:1
/testbench/cpu/l3/u0/leon3x0/vhdl/p0/iu/r.a.rfa1:10000010
/testbench/cpu/l3/u0/leon3x0/vhdl/p0/iu/r.a.rfa2:10000001
/testbench/cpu/l3/u0/leon3x0/vhdl/p0/iu/r.a.imm:00000000000000000000000000000001
/testbench/cpu/l3/u0/leon3x0/vhdl/p0/iu/r.w.wa:10000001
/testbench/cpu/l3/u0/leon3x0/vhdl/p0/iu/r.m.casaz:0
/testbench/cpu/l3/u0/leon3x0/vhdl/p0/iu/r.x.dci:{0 0 0 1 0 0 {00} {00001011}}
/testbench/cpu/l3/u0/leon3x0/vhdl/p0/iu/r.x.mac:0
/testbench/cpu/l3/u0/leon3x0/vhdl/p0/iu/r.m.divz:0
/testbench/cpu/l3/u0/leon3x0/vhdl/p0/iu/r.d.inst:{{10000010000000001000000000000001}}
/testbench/cpu/l3/u0/leon3x0/vhdl/p0/iu/r.e.rfe1:1
/testbench/cpu/l3/u0/leon3x0/vhdl/p0/iu/r.a.wovf:0
/testbench/cpu/l3/u0/leon3x0/vhdl/p0/iu/r.e.rfe2:0
/testbench/cpu/l3/u0/leon3x0/vhdl/p0/iu/r.e.op1:01000000000011111111111010100000
/testbench/cpu/l3/u0/leon3x0/vhdl/p0/iu/r.m.nalign:0
/testbench/cpu/l3/u0/leon3x0/vhdl/p0/iu/r.e.op2:00000000000000000000000001000100
/testbench/cpu/l3/u0/leon3x0/vhdl/p0/iu/r.d.rexen:0
/testbench/cpu/l3/u0/leon3x0/vhdl/p0/iu/r.a.ctrl:{{01000000000000000000001100100100} {10000010000000001000000000000001} {00} {10000001} {000000} 0 1 0 0 0 0 0 0 0}
/testbench/cpu/l3/u0/leon3x0/vhdl/p0/iu/r.x.ipend:0
/testbench/cpu/l3/u0/leon3x0/vhdl/p0/iu/r.e.ldbp1:0
/testbench/cpu/l3/u0/leon3x0/vhdl/p0/iu/r.e.aluadd:1
/testbench/cpu/l3/u0/leon3x0/vhdl/p0/iu/r.d.set:0
/testbench/cpu/l3/u0/leon3x0/vhdl/p0/iu/r.d.inull:0
/testbench/cpu/l3/u0/leon3x0/vhdl/p0/iu/r.e.ldbp2:0
/testbench/cpu/l3/u0/leon3x0/vhdl/p0/iu/r.d.cnt:00
/testbench/cpu/l3/u0/leon3x0/vhdl/p0/iu/r.a.su:1
/testbench/cpu/l3/u0/leon3x0/vhdl/p0/iu/r.a.et:1
/testbench/cpu/l3/u0/leon3x0/vhdl/p0/iu/r.e.mul:0
/testbench/cpu/l3/u0/leon3x0/vhdl/p0/iu/r.e.alusel:00
/testbench/cpu/l3/u0/leon3x0/vhdl/p0/iu/r.e.aw:U
/testbench/cpu/l3/u0/leon3x0/vhdl/p0/iu/r.e.mac:0
/testbench/cpu/l3/u0/leon3x0/vhdl/p0/iu/r.a.decill:0
/testbench/cpu/l3/u0/leon3x0/vhdl/p0/iu/r.x.icc:0000
/testbench/cpu/l3/u0/leon3x0/vhdl/p0/iu/r.x.result:00001000000010000000100000001000
/testbench/cpu/l3/u0/leon3x0/vhdl/p0/iu/r.e.bp:0
/testbench/cpu/l3/u0/leon3x0/vhdl/p0/iu/r.a.rs1:00010
/testbench/cpu/l3/u0/leon3x0/vhdl/p0/iu/r.e.jmpl:0
/testbench/cpu/l3/u0/leon3x0/vhdl/p0/iu/r.a.rsel1:001
/testbench/cpu/l3/u0/leon3x0/vhdl/p0/iu/r.x.y:00000000000000000000000000000000
/testbench/cpu/l3/u0/leon3x0/vhdl/p0/iu/r.a.rsel2:010
/testbench/cpu/l3/u0/leon3x0/vhdl/p0/iu/r.a.awp:000
/testbench/cpu/l3/u0/leon3x0/vhdl/p0/iu/r.a.paw:0
/testbench/cpu/l3/u0/leon3x0/vhdl/p0/iu/r.x.data:{{00000000000000000000000000001000}}
/testbench/cpu/l3/u0/leon3x0/vhdl/p0/iu/r.m.mul:0
/testbench/cpu/l3/u0/leon3x0/vhdl/p0/iu/r.e.rd:UUUUU
/testbench/cpu/l3/u0/leon3x0/vhdl/p0/iu/r.e.invop2:0
/testbench/cpu/l3/u0/leon3x0/vhdl/p0/iu/r.m.wawp:0
/testbench/cpu/l3/u0/leon3x0/vhdl/p0/iu/r.d.cwpmax:111
/testbench/cpu/l3/u0/leon3x0/vhdl/p0/iu/r.f.branch:0
/testbench/cpu/l3/u0/leon3x0/vhdl/p0/iu/r.d.pcheld:1
/testbench/cpu/l3/u0/leon3x0/vhdl/p0/iu/r.m.dci:{0 0 1 0 0 0 {10} {00001011}}
/testbench/cpu/l3/u0/leon3x0/vhdl/p0/iu/r.e.paw:U
/testbench/cpu/l3/u0/leon3x0/vhdl/p0/iu/r.e.awp:UUU
/testbench/cpu/l3/u0/leon3x0/vhdl/p0/iu/r.e.shcnt:00100
/testbench/cpu/l3/u0/leon3x0/vhdl/p0/iu/r.w.result:01000000000011111111111010011111
/testbench/cpu/l3/u0/leon3x0/vhdl/p0/iu/r.m.mac:0
/testbench/cpu/l3/u0/leon3x0/vhdl/p0/iu/r.m.y:00000000000000000000000000000000
/testbench/cpu/l3/u0/leon3x0/vhdl/p0/iu/r.d.cwp:101
/testbench/cpu/l3/u0/leon3x0/vhdl/p0/iu/r.x.laddr:00
/testbench/cpu/l3/u0/leon3x0/vhdl/p0/iu/r.e.mulstep:0
/testbench/cpu/l3/u0/leon3x0/vhdl/p0/iu/r.e.ymsb:0
/testbench/cpu/l3/u0/leon3x0/vhdl/p0/iu/r.d.rexbuf:00000000000000000000000000000000
/testbench/cpu/l3/u0/leon3x0/vhdl/p0/iu/r.x.npc:100
/testbench/cpu/l3/u0/leon3x0/vhdl/p0/iu/r.f.pc:01000000000000000000001100101000
/testbench/cpu/l3/u0/leon3x0/vhdl/p0/iu/r.d.annul:0
/testbench/cpu/l3/u0/leon3x0/vhdl/p0/iu/r.x.rstate:run
/testbench/cpu/l3/u0/leon3x0/vhdl/p0/iu/r.x.set:0
/testbench/cpu/l3/u0/leon3x0/vhdl/p0/iu/r.m.result:01000000000011111111111010010100
/testbench/cpu/l3/u0/leon3x0/vhdl/p0/iu/r.e.icc:UUUU
/testbench/cpu/l3/u0/leon3x0/vhdl/p0/iu/r.a.getpc:0
/testbench/cpu/l3/u0/leon3x0/vhdl/p0/iu/r.a.ldchkex:1
/testbench/cpu/l3/u0/leon3x0/vhdl/p0/iu/r.x.mexc:0
/testbench/cpu/l3/u0/leon3x0/vhdl/p0/iu/r.a.mulstart:0
/testbench/cpu/l3/u0/leon3x0/vhdl/p0/iu/r.d.rexpos:10
/testbench/cpu/l3/u0/leon3x0/vhdl/p0/iu/r.x.annul_all:0
/testbench/cpu/l3/u0/leon3x0/vhdl/p0/iu/r.e.aluop:000
/testbench/cpu/l3/u0/leon3x0/vhdl/p0/iu/r.x.debug:0
/testbench/cpu/l3/u0/leon3x0/vhdl/p0/iu/r.a.rfe1:0
/testbench/cpu/l3/u0/leon3x0/vhdl/p0/iu/r.d.step:0
/testbench/cpu/l3/u0/leon3x0/vhdl/p0/iu/r.a.rfe2:0
/testbench/cpu/l3/u0/leon3x0/vhdl/p0/iu/r.e.alucin:0
/testbench/cpu/l3/u0/leon3x0/vhdl/p0/iu/r.a.wunf:0
======================================
progstatus: -2
execerr: 243
latent: 1
time limit!
>>>>>>>>>>>>>>> 5745715000
======================================
