Test signal = /testbench/cpu/l3/u0/leon3x0/vhdl/p0/iu/r.d.inull
oldval = 0
pos1: -1 pos0: 0 posU: -1
newval = 1
Signal value: 0
oldval = 0
pos1: -1 pos0: 0 posU: -1
newval = 1
force in 1550029
586290000 >> iteration no: 0
1598340000 >> iteration no: 1
2131715000 >> Requesting for the AHB bus...
2132640000 >> AHB granted, starting recovery...
2151840000 >> Recovery done, continuing...
2152415000 >> Requesting for the AHB bus...
2153190000 >> AHB granted, starting recovery...
2172390000 >> Recovery done, continuing...
2172490000 >> Requesting for the AHB bus...
2173265000 >> AHB granted, starting recovery...
2192465000 >> Recovery done, continuing...
2192565000 >> Requesting for the AHB bus...
2193340000 >> AHB granted, starting recovery...
2212540000 >> Recovery done, continuing...
2212640000 >> Requesting for the AHB bus...
2213415000 >> AHB granted, starting recovery...
2232615000 >> Recovery done, continuing...
2232715000 >> Requesting for the AHB bus...
2233490000 >> AHB granted, starting recovery...
2252690000 >> Recovery done, continuing...
2252790000 >> Requesting for the AHB bus...
2253565000 >> AHB granted, starting recovery...
2272765000 >> Recovery done, continuing...
2272865000 >> Requesting for the AHB bus...
2273640000 >> AHB granted, starting recovery...
2292840000 >> Recovery done, continuing...
2292940000 >> Requesting for the AHB bus...
2293715000 >> AHB granted, starting recovery...
2312915000 >> Recovery done, continuing...
2313015000 >> Requesting for the AHB bus...
2313790000 >> AHB granted, starting recovery...
2332990000 >> Recovery done, continuing...
2333090000 >> Requesting for the AHB bus...
2333865000 >> AHB granted, starting recovery...
2353065000 >> Recovery done, continuing...
2353165000 >> Requesting for the AHB bus...
2353940000 >> AHB granted, starting recovery...
2373140000 >> Recovery done, continuing...
2373240000 >> Requesting for the AHB bus...
2374015000 >> AHB granted, starting recovery...
2393215000 >> Recovery done, continuing...
2393315000 >> Requesting for the AHB bus...
2394090000 >> AHB granted, starting recovery...
2413290000 >> Recovery done, continuing...
2413390000 >> Requesting for the AHB bus...
2414165000 >> AHB granted, starting recovery...
2433365000 >> Recovery done, continuing...
2433465000 >> Requesting for the AHB bus...
2434240000 >> AHB granted, starting recovery...
2453440000 >> Recovery done, continuing...
2453540000 >> Requesting for the AHB bus...
2454315000 >> AHB granted, starting recovery...
2473515000 >> Recovery done, continuing...
2473615000 >> Requesting for the AHB bus...
2474390000 >> AHB granted, starting recovery...
2493590000 >> Recovery done, continuing...
2493690000 >> Requesting for the AHB bus...
2494465000 >> AHB granted, starting recovery...
2513665000 >> Recovery done, continuing...
2513765000 >> Requesting for the AHB bus...
2514540000 >> AHB granted, starting recovery...
2533740000 >> Recovery done, continuing...
2533840000 >> Requesting for the AHB bus...
2534615000 >> AHB granted, starting recovery...
2553815000 >> Recovery done, continuing...
2553915000 >> Requesting for the AHB bus...
2554690000 >> AHB granted, starting recovery...
2573890000 >> Recovery done, continuing...
2573990000 >> Requesting for the AHB bus...
2574765000 >> AHB granted, starting recovery...
2593965000 >> Recovery done, continuing...
2594065000 >> Requesting for the AHB bus...
2594840000 >> AHB granted, starting recovery...
2614040000 >> Recovery done, continuing...
2614140000 >> Requesting for the AHB bus...
2614915000 >> AHB granted, starting recovery...
2634115000 >> Recovery done, continuing...
2634215000 >> Requesting for the AHB bus...
2634990000 >> AHB granted, starting recovery...
2654190000 >> Recovery done, continuing...
2654290000 >> Requesting for the AHB bus...
2655065000 >> AHB granted, starting recovery...
2674265000 >> Recovery done, continuing...
2674365000 >> Requesting for the AHB bus...
2675140000 >> AHB granted, starting recovery...
2694340000 >> Recovery done, continuing...
2694440000 >> Requesting for the AHB bus...
2695215000 >> AHB granted, starting recovery...
2714415000 >> Recovery done, continuing...
2714515000 >> Requesting for the AHB bus...
2715290000 >> AHB granted, starting recovery...
2734490000 >> Recovery done, continuing...
2734590000 >> Requesting for the AHB bus...
2735365000 >> AHB granted, starting recovery...
2754565000 >> Recovery done, continuing...
2754665000 >> Requesting for the AHB bus...
2755440000 >> AHB granted, starting recovery...
2774640000 >> Recovery done, continuing...
2774740000 >> Requesting for the AHB bus...
2775515000 >> AHB granted, starting recovery...
2794715000 >> Recovery done, continuing...
2794815000 >> Requesting for the AHB bus...
2795590000 >> AHB granted, starting recovery...
2814790000 >> Recovery done, continuing...
2814890000 >> Requesting for the AHB bus...
2815665000 >> AHB granted, starting recovery...
2834865000 >> Recovery done, continuing...
2834965000 >> Requesting for the AHB bus...
2835740000 >> AHB granted, starting recovery...
2854940000 >> Recovery done, continuing...
2855040000 >> Requesting for the AHB bus...
2855815000 >> AHB granted, starting recovery...
2875015000 >> Recovery done, continuing...
2875115000 >> Requesting for the AHB bus...
2875890000 >> AHB granted, starting recovery...
2895090000 >> Recovery done, continuing...
2895190000 >> Requesting for the AHB bus...
2895965000 >> AHB granted, starting recovery...
2915165000 >> Recovery done, continuing...
2915265000 >> Requesting for the AHB bus...
2916040000 >> AHB granted, starting recovery...
2935240000 >> Recovery done, continuing...
2935340000 >> Requesting for the AHB bus...
2936115000 >> AHB granted, starting recovery...
2955315000 >> Recovery done, continuing...
2955415000 >> Requesting for the AHB bus...
2956190000 >> AHB granted, starting recovery...
2975390000 >> Recovery done, continuing...
2975490000 >> Requesting for the AHB bus...
2976265000 >> AHB granted, starting recovery...
2995465000 >> Recovery done, continuing...
2995565000 >> Requesting for the AHB bus...
2996515000 >> AHB granted, starting recovery...
3015715000 >> Recovery done, continuing...
3015815000 >> Requesting for the AHB bus...
3016590000 >> AHB granted, starting recovery...
3035790000 >> Recovery done, continuing...
3035890000 >> Requesting for the AHB bus...
3036665000 >> AHB granted, starting recovery...
3055865000 >> Recovery done, continuing...
3055965000 >> Requesting for the AHB bus...
3056740000 >> AHB granted, starting recovery...
3075940000 >> Recovery done, continuing...
3076040000 >> Requesting for the AHB bus...
3076815000 >> AHB granted, starting recovery...
3096015000 >> Recovery done, continuing...
3096115000 >> Requesting for the AHB bus...
3096890000 >> AHB granted, starting recovery...
3116090000 >> Recovery done, continuing...
3116190000 >> Requesting for the AHB bus...
3116965000 >> AHB granted, starting recovery...
3136165000 >> Recovery done, continuing...
3136265000 >> Requesting for the AHB bus...
3137040000 >> AHB granted, starting recovery...
3156240000 >> Recovery done, continuing...
3156340000 >> Requesting for the AHB bus...
3157115000 >> AHB granted, starting recovery...
3176315000 >> Recovery done, continuing...
3176415000 >> Requesting for the AHB bus...
3177190000 >> AHB granted, starting recovery...
3196390000 >> Recovery done, continuing...
3196490000 >> Requesting for the AHB bus...
3197265000 >> AHB granted, starting recovery...
3216465000 >> Recovery done, continuing...
3216565000 >> Requesting for the AHB bus...
3217340000 >> AHB granted, starting recovery...
3236540000 >> Recovery done, continuing...
3236640000 >> Requesting for the AHB bus...
3237415000 >> AHB granted, starting recovery...
3256615000 >> Recovery done, continuing...
3256715000 >> Requesting for the AHB bus...
3257490000 >> AHB granted, starting recovery...
3276690000 >> Recovery done, continuing...
3276790000 >> Requesting for the AHB bus...
3277565000 >> AHB granted, starting recovery...
3296765000 >> Recovery done, continuing...
3296865000 >> Requesting for the AHB bus...
3297640000 >> AHB granted, starting recovery...
3316840000 >> Recovery done, continuing...
3316940000 >> Requesting for the AHB bus...
3317715000 >> AHB granted, starting recovery...
3336915000 >> Recovery done, continuing...
3337015000 >> Requesting for the AHB bus...
3337790000 >> AHB granted, starting recovery...
3356990000 >> Recovery done, continuing...
3357090000 >> Requesting for the AHB bus...
3357865000 >> AHB granted, starting recovery...
3377065000 >> Recovery done, continuing...
3377165000 >> Requesting for the AHB bus...
3377940000 >> AHB granted, starting recovery...
3397140000 >> Recovery done, continuing...
3397240000 >> Requesting for the AHB bus...
3398015000 >> AHB granted, starting recovery...
3417215000 >> Recovery done, continuing...
3417315000 >> Requesting for the AHB bus...
3418090000 >> AHB granted, starting recovery...
3437290000 >> Recovery done, continuing...
3437390000 >> Requesting for the AHB bus...
3438165000 >> AHB granted, starting recovery...
3457365000 >> Recovery done, continuing...
3457465000 >> Requesting for the AHB bus...
3458240000 >> AHB granted, starting recovery...
3477440000 >> Recovery done, continuing...
3477540000 >> Requesting for the AHB bus...
3478315000 >> AHB granted, starting recovery...
3497515000 >> Recovery done, continuing...
3497615000 >> Requesting for the AHB bus...
3498390000 >> AHB granted, starting recovery...
3517590000 >> Recovery done, continuing...
3517690000 >> Requesting for the AHB bus...
3518465000 >> AHB granted, starting recovery...
3537665000 >> Recovery done, continuing...
3537765000 >> Requesting for the AHB bus...
3538540000 >> AHB granted, starting recovery...
3557740000 >> Recovery done, continuing...
3557840000 >> Requesting for the AHB bus...
3558615000 >> AHB granted, starting recovery...
3577815000 >> Recovery done, continuing...
3577915000 >> Requesting for the AHB bus...
3578690000 >> AHB granted, starting recovery...
3597890000 >> Recovery done, continuing...
3597990000 >> Requesting for the AHB bus...
3598765000 >> AHB granted, starting recovery...
3617965000 >> Recovery done, continuing...
3618065000 >> Requesting for the AHB bus...
3618840000 >> AHB granted, starting recovery...
3638040000 >> Recovery done, continuing...
3638140000 >> Requesting for the AHB bus...
3638915000 >> AHB granted, starting recovery...
3658115000 >> Recovery done, continuing...
3658215000 >> Requesting for the AHB bus...
3658990000 >> AHB granted, starting recovery...
3678190000 >> Recovery done, continuing...
3678290000 >> Requesting for the AHB bus...
3679065000 >> AHB granted, starting recovery...
3698265000 >> Recovery done, continuing...
3698365000 >> Requesting for the AHB bus...
3699140000 >> AHB granted, starting recovery...
3718340000 >> Recovery done, continuing...
3718440000 >> Requesting for the AHB bus...
3719215000 >> AHB granted, starting recovery...
3738415000 >> Recovery done, continuing...
3738515000 >> Requesting for the AHB bus...
3739290000 >> AHB granted, starting recovery...
3758490000 >> Recovery done, continuing...
3758590000 >> Requesting for the AHB bus...
3759365000 >> AHB granted, starting recovery...
3778565000 >> Recovery done, continuing...
3778665000 >> Requesting for the AHB bus...
3779440000 >> AHB granted, starting recovery...
3798640000 >> Recovery done, continuing...
3798740000 >> Requesting for the AHB bus...
3799515000 >> AHB granted, starting recovery...
3818715000 >> Recovery done, continuing...
3818815000 >> Requesting for the AHB bus...
3819590000 >> AHB granted, starting recovery...
3838790000 >> Recovery done, continuing...
3838890000 >> Requesting for the AHB bus...
3839665000 >> AHB granted, starting recovery...
3858865000 >> Recovery done, continuing...
3858965000 >> Requesting for the AHB bus...
3859740000 >> AHB granted, starting recovery...
3878940000 >> Recovery done, continuing...
3879040000 >> Requesting for the AHB bus...
3879815000 >> AHB granted, starting recovery...
3899015000 >> Recovery done, continuing...
3899115000 >> Requesting for the AHB bus...
3899890000 >> AHB granted, starting recovery...
3919090000 >> Recovery done, continuing...
3919190000 >> Requesting for the AHB bus...
3919965000 >> AHB granted, starting recovery...
3939165000 >> Recovery done, continuing...
3939265000 >> Requesting for the AHB bus...
3940040000 >> AHB granted, starting recovery...
3959240000 >> Recovery done, continuing...
3959340000 >> Requesting for the AHB bus...
3960115000 >> AHB granted, starting recovery...
3979315000 >> Recovery done, continuing...
3979415000 >> Requesting for the AHB bus...
3980190000 >> AHB granted, starting recovery...
3999390000 >> Recovery done, continuing...
3999490000 >> Requesting for the AHB bus...
4000265000 >> AHB granted, starting recovery...
4019465000 >> Recovery done, continuing...
4019565000 >> Requesting for the AHB bus...
4020515000 >> AHB granted, starting recovery...
4039715000 >> Recovery done, continuing...
4039815000 >> Requesting for the AHB bus...
4040590000 >> AHB granted, starting recovery...
4059790000 >> Recovery done, continuing...
4059890000 >> Requesting for the AHB bus...
4060665000 >> AHB granted, starting recovery...
4079865000 >> Recovery done, continuing...
4079965000 >> Requesting for the AHB bus...
4080740000 >> AHB granted, starting recovery...
4099940000 >> Recovery done, continuing...
4100040000 >> Requesting for the AHB bus...
4100815000 >> AHB granted, starting recovery...
4120015000 >> Recovery done, continuing...
4120115000 >> Requesting for the AHB bus...
4120890000 >> AHB granted, starting recovery...
4140090000 >> Recovery done, continuing...
4140190000 >> Requesting for the AHB bus...
4140965000 >> AHB granted, starting recovery...
4160165000 >> Recovery done, continuing...
4160265000 >> Requesting for the AHB bus...
4161040000 >> AHB granted, starting recovery...
4180240000 >> Recovery done, continuing...
4180340000 >> Requesting for the AHB bus...
4181115000 >> AHB granted, starting recovery...
4200315000 >> Recovery done, continuing...
4200415000 >> Requesting for the AHB bus...
4201190000 >> AHB granted, starting recovery...
4220390000 >> Recovery done, continuing...
4220490000 >> Requesting for the AHB bus...
4221265000 >> AHB granted, starting recovery...
4240465000 >> Recovery done, continuing...
4240565000 >> Requesting for the AHB bus...
4241340000 >> AHB granted, starting recovery...
4260540000 >> Recovery done, continuing...
4260640000 >> Requesting for the AHB bus...
4261415000 >> AHB granted, starting recovery...
4280615000 >> Recovery done, continuing...
4280715000 >> Requesting for the AHB bus...
4281490000 >> AHB granted, starting recovery...
4300690000 >> Recovery done, continuing...
4300790000 >> Requesting for the AHB bus...
4301565000 >> AHB granted, starting recovery...
4320765000 >> Recovery done, continuing...
4320865000 >> Requesting for the AHB bus...
4321640000 >> AHB granted, starting recovery...
4340840000 >> Recovery done, continuing...
4340940000 >> Requesting for the AHB bus...
4341715000 >> AHB granted, starting recovery...
4360915000 >> Recovery done, continuing...
4361015000 >> Requesting for the AHB bus...
4361790000 >> AHB granted, starting recovery...
4380990000 >> Recovery done, continuing...
4381090000 >> Requesting for the AHB bus...
4381865000 >> AHB granted, starting recovery...
4401065000 >> Recovery done, continuing...
4401165000 >> Requesting for the AHB bus...
4401940000 >> AHB granted, starting recovery...
4421140000 >> Recovery done, continuing...
4421240000 >> Requesting for the AHB bus...
4422015000 >> AHB granted, starting recovery...
4441215000 >> Recovery done, continuing...
4441315000 >> Requesting for the AHB bus...
4442090000 >> AHB granted, starting recovery...
4461290000 >> Recovery done, continuing...
4461390000 >> Requesting for the AHB bus...
4462165000 >> AHB granted, starting recovery...
4481365000 >> Recovery done, continuing...
4481465000 >> Requesting for the AHB bus...
4482240000 >> AHB granted, starting recovery...
4501440000 >> Recovery done, continuing...
4501540000 >> Requesting for the AHB bus...
4502315000 >> AHB granted, starting recovery...
4521515000 >> Recovery done, continuing...
4521615000 >> Requesting for the AHB bus...
4522390000 >> AHB granted, starting recovery...
4541590000 >> Recovery done, continuing...
4541690000 >> Requesting for the AHB bus...
4542465000 >> AHB granted, starting recovery...
4561665000 >> Recovery done, continuing...
4561765000 >> Requesting for the AHB bus...
4562540000 >> AHB granted, starting recovery...
4581740000 >> Recovery done, continuing...
4581840000 >> Requesting for the AHB bus...
4582615000 >> AHB granted, starting recovery...
4601815000 >> Recovery done, continuing...
4601915000 >> Requesting for the AHB bus...
4602690000 >> AHB granted, starting recovery...
4621890000 >> Recovery done, continuing...
4621990000 >> Requesting for the AHB bus...
4622765000 >> AHB granted, starting recovery...
4641965000 >> Recovery done, continuing...
4642065000 >> Requesting for the AHB bus...
4642840000 >> AHB granted, starting recovery...
4662040000 >> Recovery done, continuing...
4662140000 >> Requesting for the AHB bus...
4662915000 >> AHB granted, starting recovery...
4682115000 >> Recovery done, continuing...
4682215000 >> Requesting for the AHB bus...
4682990000 >> AHB granted, starting recovery...
4702190000 >> Recovery done, continuing...
4702290000 >> Requesting for the AHB bus...
4703065000 >> AHB granted, starting recovery...
4722265000 >> Recovery done, continuing...
4722365000 >> Requesting for the AHB bus...
4723140000 >> AHB granted, starting recovery...
4742340000 >> Recovery done, continuing...
4742440000 >> Requesting for the AHB bus...
4743215000 >> AHB granted, starting recovery...
4762415000 >> Recovery done, continuing...
4762515000 >> Requesting for the AHB bus...
4763290000 >> AHB granted, starting recovery...
4782490000 >> Recovery done, continuing...
4782590000 >> Requesting for the AHB bus...
4783365000 >> AHB granted, starting recovery...
4802565000 >> Recovery done, continuing...
4802665000 >> Requesting for the AHB bus...
4803440000 >> AHB granted, starting recovery...
4822640000 >> Recovery done, continuing...
4822740000 >> Requesting for the AHB bus...
4823515000 >> AHB granted, starting recovery...
4842715000 >> Recovery done, continuing...
4842815000 >> Requesting for the AHB bus...
4843590000 >> AHB granted, starting recovery...
4862790000 >> Recovery done, continuing...
4862890000 >> Requesting for the AHB bus...
4863665000 >> AHB granted, starting recovery...
4882865000 >> Recovery done, continuing...
4882965000 >> Requesting for the AHB bus...
4883740000 >> AHB granted, starting recovery...
4902940000 >> Recovery done, continuing...
4903040000 >> Requesting for the AHB bus...
4903815000 >> AHB granted, starting recovery...
4923015000 >> Recovery done, continuing...
4923115000 >> Requesting for the AHB bus...
4923890000 >> AHB granted, starting recovery...
4943090000 >> Recovery done, continuing...
4943190000 >> Requesting for the AHB bus...
4943965000 >> AHB granted, starting recovery...
4963165000 >> Recovery done, continuing...
4963265000 >> Requesting for the AHB bus...
4964040000 >> AHB granted, starting recovery...
4983240000 >> Recovery done, continuing...
4983340000 >> Requesting for the AHB bus...
4984115000 >> AHB granted, starting recovery...
5003315000 >> Recovery done, continuing...
5003415000 >> Requesting for the AHB bus...
5004190000 >> AHB granted, starting recovery...
5023390000 >> Recovery done, continuing...
5023490000 >> Requesting for the AHB bus...
5024265000 >> AHB granted, starting recovery...
5043465000 >> Recovery done, continuing...
5043565000 >> Requesting for the AHB bus...
5044515000 >> AHB granted, starting recovery...
5063715000 >> Recovery done, continuing...
5063815000 >> Requesting for the AHB bus...
5064590000 >> AHB granted, starting recovery...
5083790000 >> Recovery done, continuing...
5083890000 >> Requesting for the AHB bus...
5084665000 >> AHB granted, starting recovery...
5103865000 >> Recovery done, continuing...
5103965000 >> Requesting for the AHB bus...
5104740000 >> AHB granted, starting recovery...
5123940000 >> Recovery done, continuing...
5124040000 >> Requesting for the AHB bus...
5124815000 >> AHB granted, starting recovery...
5144015000 >> Recovery done, continuing...
5144115000 >> Requesting for the AHB bus...
5144890000 >> AHB granted, starting recovery...
5164090000 >> Recovery done, continuing...
5164190000 >> Requesting for the AHB bus...
5164965000 >> AHB granted, starting recovery...
5184165000 >> Recovery done, continuing...
5184265000 >> Requesting for the AHB bus...
5185040000 >> AHB granted, starting recovery...
5204240000 >> Recovery done, continuing...
5204340000 >> Requesting for the AHB bus...
5205115000 >> AHB granted, starting recovery...
5224315000 >> Recovery done, continuing...
5224415000 >> Requesting for the AHB bus...
5225190000 >> AHB granted, starting recovery...
5244390000 >> Recovery done, continuing...
5244490000 >> Requesting for the AHB bus...
5245265000 >> AHB granted, starting recovery...
5264465000 >> Recovery done, continuing...
5264565000 >> Requesting for the AHB bus...
5265340000 >> AHB granted, starting recovery...
5284540000 >> Recovery done, continuing...
5284640000 >> Requesting for the AHB bus...
5285415000 >> AHB granted, starting recovery...
5304615000 >> Recovery done, continuing...
5304715000 >> Requesting for the AHB bus...
5305490000 >> AHB granted, starting recovery...
5324690000 >> Recovery done, continuing...
5324790000 >> Requesting for the AHB bus...
5325565000 >> AHB granted, starting recovery...
5344765000 >> Recovery done, continuing...
5344865000 >> Requesting for the AHB bus...
5345640000 >> AHB granted, starting recovery...
5364840000 >> Recovery done, continuing...
5364940000 >> Requesting for the AHB bus...
5365715000 >> AHB granted, starting recovery...
5384915000 >> Recovery done, continuing...
5385015000 >> Requesting for the AHB bus...
5385790000 >> AHB granted, starting recovery...
5404990000 >> Recovery done, continuing...
5405090000 >> Requesting for the AHB bus...
5405865000 >> AHB granted, starting recovery...
5425065000 >> Recovery done, continuing...
5425165000 >> Requesting for the AHB bus...
5425940000 >> AHB granted, starting recovery...
5445140000 >> Recovery done, continuing...
5445240000 >> Requesting for the AHB bus...
5446015000 >> AHB granted, starting recovery...
5465215000 >> Recovery done, continuing...
5465315000 >> Requesting for the AHB bus...
5466090000 >> AHB granted, starting recovery...
5485290000 >> Recovery done, continuing...
5485390000 >> Requesting for the AHB bus...
5486165000 >> AHB granted, starting recovery...
5505365000 >> Recovery done, continuing...
5505465000 >> Requesting for the AHB bus...
5506240000 >> AHB granted, starting recovery...
5525440000 >> Recovery done, continuing...
5525540000 >> Requesting for the AHB bus...
5526315000 >> AHB granted, starting recovery...
5545515000 >> Recovery done, continuing...
5545615000 >> Requesting for the AHB bus...
5546390000 >> AHB granted, starting recovery...
5565590000 >> Recovery done, continuing...
5565690000 >> Requesting for the AHB bus...
5566465000 >> AHB granted, starting recovery...
5585665000 >> Recovery done, continuing...
5585765000 >> Requesting for the AHB bus...
5586540000 >> AHB granted, starting recovery...
5605740000 >> Recovery done, continuing...
5605840000 >> Requesting for the AHB bus...
5606615000 >> AHB granted, starting recovery...
5625815000 >> Recovery done, continuing...
5625915000 >> Requesting for the AHB bus...
5626690000 >> AHB granted, starting recovery...
5645890000 >> Recovery done, continuing...
5645990000 >> Requesting for the AHB bus...
5646765000 >> AHB granted, starting recovery...
5665965000 >> Recovery done, continuing...
5666065000 >> Requesting for the AHB bus...
5666840000 >> AHB granted, starting recovery...
5686040000 >> Recovery done, continuing...
5686140000 >> Requesting for the AHB bus...
5686915000 >> AHB granted, starting recovery...
5706115000 >> Recovery done, continuing...
5706215000 >> Requesting for the AHB bus...
5706990000 >> AHB granted, starting recovery...
5726190000 >> Recovery done, continuing...
5726290000 >> Requesting for the AHB bus...
5727065000 >> AHB granted, starting recovery...
5745715000 >> time limit reached...
/testbench/cpu/l3/u0/leon3x0/vhdl/p0/iu/r.w.wreg:0
/testbench/cpu/l3/u0/leon3x0/vhdl/p0/iu/r.m.irqen:1
/testbench/cpu/l3/u0/leon3x0/vhdl/p0/iu/r.m.icc:0000
/testbench/cpu/l3/u0/leon3x0/vhdl/p0/iu/r.a.ticc:0
/testbench/cpu/l3/u0/leon3x0/vhdl/p0/iu/r.a.step:0
/testbench/cpu/l3/u0/leon3x0/vhdl/p0/iu/r.m.irqen2:1
/testbench/cpu/l3/u0/leon3x0/vhdl/p0/iu/r.d.pc:01000000000000000000001011100000
/testbench/cpu/l3/u0/leon3x0/vhdl/p0/iu/r.d.rexpl:{{00000000000000000000000000000000} {00} {0} 0 0 {0000000000000000000} 0 0 0 0 0 0}
/testbench/cpu/l3/u0/leon3x0/vhdl/p0/iu/r.d.mexc:0
/testbench/cpu/l3/u0/leon3x0/vhdl/p0/iu/r.a.aw:0
/testbench/cpu/l3/u0/leon3x0/vhdl/p0/iu/r.e.ctrl:{{01000000000000000000001011011100} {10000010000000001000000000000001} {00} {10000001} {000000} 0 1 0 0 0 0 0 0 0}
/testbench/cpu/l3/u0/leon3x0/vhdl/p0/iu/r.a.divstart:0
/testbench/cpu/l3/u0/leon3x0/vhdl/p0/iu/r.e.shleft:0
/testbench/cpu/l3/u0/leon3x0/vhdl/p0/iu/r.a.bp:0
/testbench/cpu/l3/u0/leon3x0/vhdl/p0/iu/r.w.twcwp:000
/testbench/cpu/l3/u0/leon3x0/vhdl/p0/iu/r.a.jmpl:0
/testbench/cpu/l3/u0/leon3x0/vhdl/p0/iu/r.m.casa:0
/testbench/cpu/l3/u0/leon3x0/vhdl/p0/iu/r.m.werr:0
/testbench/cpu/l3/u0/leon3x0/vhdl/p0/iu/r.e.su:1
/testbench/cpu/l3/u0/leon3x0/vhdl/p0/iu/r.e.et:1
/testbench/cpu/l3/u0/leon3x0/vhdl/p0/iu/r.a.ldcheck1:1
/testbench/cpu/l3/u0/leon3x0/vhdl/p0/iu/r.d.stwin:000
/testbench/cpu/l3/u0/leon3x0/vhdl/p0/iu/r.a.ldcheck2:1
/testbench/cpu/l3/u0/leon3x0/vhdl/p0/iu/r.x.intack:0
/testbench/cpu/l3/u0/leon3x0/vhdl/p0/iu/r.m.ctrl:{{01000000000000000000001011011000} {11000100000001111010000001000100} {00} {10000010} {000000} 0 0 1 0 0 1 1 0 0}
/testbench/cpu/l3/u0/leon3x0/vhdl/p0/iu/r.a.cwp:101
/testbench/cpu/l3/u0/leon3x0/vhdl/p0/iu/r.e.sari:0
/testbench/cpu/l3/u0/leon3x0/vhdl/p0/iu/r.d.paw:0
/testbench/cpu/l3/u0/leon3x0/vhdl/p0/iu/r.d.aw:0
/testbench/cpu/l3/u0/leon3x0/vhdl/p0/iu/r.d.awp:000
/testbench/cpu/l3/u0/leon3x0/vhdl/p0/iu/r.x.ctrl:{{01000000000000000000001011010100} {00000000000000000000000000000000} {00} {10000000} {000000} 0 1 0 0 0 0 0 0 0}
/testbench/cpu/l3/u0/leon3x0/vhdl/p0/iu/r.m.rexnalign:0
/testbench/cpu/l3/u0/leon3x0/vhdl/p0/iu/r.m.su:1
/testbench/cpu/l3/u0/leon3x0/vhdl/p0/iu/r.m.wcwp:0
/testbench/cpu/l3/u0/leon3x0/vhdl/p0/iu/r.d.divrdy:0
/testbench/cpu/l3/u0/leon3x0/vhdl/p0/iu/r.e.cwp:101
/testbench/cpu/l3/u0/leon3x0/vhdl/p0/iu/r.w.except:0
/testbench/cpu/l3/u0/leon3x0/vhdl/p0/iu/r.x.nerror:0
/testbench/cpu/l3/u0/leon3x0/vhdl/p0/iu/r.a.bpimiss:0
/testbench/cpu/l3/u0/leon3x0/vhdl/p0/iu/r.a.nobp:0
/testbench/cpu/l3/u0/leon3x0/vhdl/p0/iu/r.d.rexcnt:0
/testbench/cpu/l3/u0/leon3x0/vhdl/p0/iu/r.w.s:{{101} {0000} {00000000} {01000000000000000000} {00000010} {0000} 0 0 1 1 1 {00000000000000000000000000000000} {UUUUUUUUUUUUUUUUUUUUUUUUUUUUUUUU} 1 0 0 1 1 1 0 0 {000} {000} {111}}
/testbench/cpu/l3/u0/leon3x0/vhdl/p0/iu/r.d.pv:1
/testbench/cpu/l3/u0/leon3x0/vhdl/p0/iu/r.a.ldchkra:1
/testbench/cpu/l3/u0/leon3x0/vhdl/p0/iu/r.a.rfa1:10000010
/testbench/cpu/l3/u0/leon3x0/vhdl/p0/iu/r.a.rfa2:10000001
/testbench/cpu/l3/u0/leon3x0/vhdl/p0/iu/r.a.imm:00000000000000000000000000000001
/testbench/cpu/l3/u0/leon3x0/vhdl/p0/iu/r.w.wa:10000001
/testbench/cpu/l3/u0/leon3x0/vhdl/p0/iu/r.m.casaz:0
/testbench/cpu/l3/u0/leon3x0/vhdl/p0/iu/r.x.dci:{0 0 1 0 0 0 {10} {00001011}}
/testbench/cpu/l3/u0/leon3x0/vhdl/p0/iu/r.x.mac:0
/testbench/cpu/l3/u0/leon3x0/vhdl/p0/iu/r.m.divz:0
/testbench/cpu/l3/u0/leon3x0/vhdl/p0/iu/r.d.inst:{{00000000000000000000000000000000}}
/testbench/cpu/l3/u0/leon3x0/vhdl/p0/iu/r.e.rfe1:0
/testbench/cpu/l3/u0/leon3x0/vhdl/p0/iu/r.a.wovf:0
/testbench/cpu/l3/u0/leon3x0/vhdl/p0/iu/r.e.rfe2:1
/testbench/cpu/l3/u0/leon3x0/vhdl/p0/iu/r.e.op1:01000000000011111111111011100100
/testbench/cpu/l3/u0/leon3x0/vhdl/p0/iu/r.m.nalign:0
/testbench/cpu/l3/u0/leon3x0/vhdl/p0/iu/r.e.op2:00000000000000000000000000000010
/testbench/cpu/l3/u0/leon3x0/vhdl/p0/iu/r.d.rexen:0
/testbench/cpu/l3/u0/leon3x0/vhdl/p0/iu/r.a.ctrl:{{01000000000000000000001011011100} {10000010000000001000000000000001} {00} {10000001} {000000} 0 0 1 0 0 0 1 0 0}
/testbench/cpu/l3/u0/leon3x0/vhdl/p0/iu/r.x.ipend:0
/testbench/cpu/l3/u0/leon3x0/vhdl/p0/iu/r.e.ldbp1:0
/testbench/cpu/l3/u0/leon3x0/vhdl/p0/iu/r.e.aluadd:1
/testbench/cpu/l3/u0/leon3x0/vhdl/p0/iu/r.d.set:0
/testbench/cpu/l3/u0/leon3x0/vhdl/p0/iu/r.d.inull:0
/testbench/cpu/l3/u0/leon3x0/vhdl/p0/iu/r.e.ldbp2:0
/testbench/cpu/l3/u0/leon3x0/vhdl/p0/iu/r.d.cnt:00
/testbench/cpu/l3/u0/leon3x0/vhdl/p0/iu/r.a.su:1
/testbench/cpu/l3/u0/leon3x0/vhdl/p0/iu/r.a.et:1
/testbench/cpu/l3/u0/leon3x0/vhdl/p0/iu/r.e.mul:0
/testbench/cpu/l3/u0/leon3x0/vhdl/p0/iu/r.e.alusel:00
/testbench/cpu/l3/u0/leon3x0/vhdl/p0/iu/r.e.aw:U
/testbench/cpu/l3/u0/leon3x0/vhdl/p0/iu/r.e.mac:0
/testbench/cpu/l3/u0/leon3x0/vhdl/p0/iu/r.a.decill:0
/testbench/cpu/l3/u0/leon3x0/vhdl/p0/iu/r.x.icc:0000
/testbench/cpu/l3/u0/leon3x0/vhdl/p0/iu/r.x.result:00000000000000000000000000000000
/testbench/cpu/l3/u0/leon3x0/vhdl/p0/iu/r.e.bp:0
/testbench/cpu/l3/u0/leon3x0/vhdl/p0/iu/r.a.rs1:00010
/testbench/cpu/l3/u0/leon3x0/vhdl/p0/iu/r.e.jmpl:0
/testbench/cpu/l3/u0/leon3x0/vhdl/p0/iu/r.a.rsel1:010
/testbench/cpu/l3/u0/leon3x0/vhdl/p0/iu/r.x.y:00000000000000000000000000000000
/testbench/cpu/l3/u0/leon3x0/vhdl/p0/iu/r.a.rsel2:000
/testbench/cpu/l3/u0/leon3x0/vhdl/p0/iu/r.a.awp:000
/testbench/cpu/l3/u0/leon3x0/vhdl/p0/iu/r.a.paw:0
/testbench/cpu/l3/u0/leon3x0/vhdl/p0/iu/r.x.data:{{00000000000000000000000000000001}}
/testbench/cpu/l3/u0/leon3x0/vhdl/p0/iu/r.m.mul:0
/testbench/cpu/l3/u0/leon3x0/vhdl/p0/iu/r.e.rd:UUUUU
/testbench/cpu/l3/u0/leon3x0/vhdl/p0/iu/r.e.invop2:0
/testbench/cpu/l3/u0/leon3x0/vhdl/p0/iu/r.m.wawp:0
/testbench/cpu/l3/u0/leon3x0/vhdl/p0/iu/r.d.cwpmax:111
/testbench/cpu/l3/u0/leon3x0/vhdl/p0/iu/r.f.branch:0
/testbench/cpu/l3/u0/leon3x0/vhdl/p0/iu/r.d.pcheld:0
/testbench/cpu/l3/u0/leon3x0/vhdl/p0/iu/r.m.dci:{0 1 1 0 0 0 {10} {00001011}}
/testbench/cpu/l3/u0/leon3x0/vhdl/p0/iu/r.e.paw:U
/testbench/cpu/l3/u0/leon3x0/vhdl/p0/iu/r.e.awp:UUU
/testbench/cpu/l3/u0/leon3x0/vhdl/p0/iu/r.e.shcnt:00010
/testbench/cpu/l3/u0/leon3x0/vhdl/p0/iu/r.w.result:00000000000000000000000000000010
/testbench/cpu/l3/u0/leon3x0/vhdl/p0/iu/r.m.mac:0
/testbench/cpu/l3/u0/leon3x0/vhdl/p0/iu/r.m.y:00000000000000000000000000000000
/testbench/cpu/l3/u0/leon3x0/vhdl/p0/iu/r.d.cwp:101
/testbench/cpu/l3/u0/leon3x0/vhdl/p0/iu/r.x.laddr:00
/testbench/cpu/l3/u0/leon3x0/vhdl/p0/iu/r.e.mulstep:0
/testbench/cpu/l3/u0/leon3x0/vhdl/p0/iu/r.e.ymsb:0
/testbench/cpu/l3/u0/leon3x0/vhdl/p0/iu/r.d.rexbuf:00000000000000000000000000000000
/testbench/cpu/l3/u0/leon3x0/vhdl/p0/iu/r.x.npc:100
/testbench/cpu/l3/u0/leon3x0/vhdl/p0/iu/r.f.pc:01000000000000000000001011100100
/testbench/cpu/l3/u0/leon3x0/vhdl/p0/iu/r.d.annul:0
/testbench/cpu/l3/u0/leon3x0/vhdl/p0/iu/r.x.rstate:run
/testbench/cpu/l3/u0/leon3x0/vhdl/p0/iu/r.x.set:0
/testbench/cpu/l3/u0/leon3x0/vhdl/p0/iu/r.m.result:01000000000011111111111011100100
/testbench/cpu/l3/u0/leon3x0/vhdl/p0/iu/r.e.icc:UUUU
/testbench/cpu/l3/u0/leon3x0/vhdl/p0/iu/r.a.getpc:0
/testbench/cpu/l3/u0/leon3x0/vhdl/p0/iu/r.a.ldchkex:1
/testbench/cpu/l3/u0/leon3x0/vhdl/p0/iu/r.x.mexc:0
/testbench/cpu/l3/u0/leon3x0/vhdl/p0/iu/r.a.mulstart:0
/testbench/cpu/l3/u0/leon3x0/vhdl/p0/iu/r.d.rexpos:10
/testbench/cpu/l3/u0/leon3x0/vhdl/p0/iu/r.x.annul_all:0
/testbench/cpu/l3/u0/leon3x0/vhdl/p0/iu/r.e.aluop:000
/testbench/cpu/l3/u0/leon3x0/vhdl/p0/iu/r.x.debug:0
/testbench/cpu/l3/u0/leon3x0/vhdl/p0/iu/r.a.rfe1:0
/testbench/cpu/l3/u0/leon3x0/vhdl/p0/iu/r.d.step:0
/testbench/cpu/l3/u0/leon3x0/vhdl/p0/iu/r.a.rfe2:1
/testbench/cpu/l3/u0/leon3x0/vhdl/p0/iu/r.e.alucin:0
/testbench/cpu/l3/u0/leon3x0/vhdl/p0/iu/r.a.wunf:0
======================================
progstatus: -2
execerr: 180
latent: 1
time limit!
>>>>>>>>>>>>>>> 5745715000
======================================
