Test signal = /testbench/cpu/l3/u0/leon3x0/vhdl/p0/iu/r.f.pc
oldval = 01000000000000000000010011000100
pos1: 29 pos0: 31 posU: -1
newval = 01000000000000000000010011000000
Signal value: 01000000000000000000001110111000
oldval = 01000000000000000000001110111000
pos1: 28 pos0: 31 posU: -1
newval = 01000000000000000000001110110000
force in 2530547
586290000 >> iteration no: 0
1598340000 >> iteration no: 1
2610390000 >> iteration no: 2
3112465000 >> Requesting for the AHB bus...
3113265000 >> Requesting for the AHB bus...
3113690000 >> AHB granted, starting recovery...
3132890000 >> Recovery done, continuing...
3132940000 >> Requesting for the AHB bus...
3133565000 >> Requesting for the AHB bus...
3133990000 >> AHB granted, starting recovery...
3153190000 >> Recovery done, continuing...
3153240000 >> Requesting for the AHB bus...
3153865000 >> Requesting for the AHB bus...
3154290000 >> AHB granted, starting recovery...
3173490000 >> Recovery done, continuing...
3173540000 >> Requesting for the AHB bus...
3174165000 >> Requesting for the AHB bus...
3174590000 >> AHB granted, starting recovery...
3193790000 >> Recovery done, continuing...
3193840000 >> Requesting for the AHB bus...
3194640000 >> Requesting for the AHB bus...
3195065000 >> AHB granted, starting recovery...
3214265000 >> Recovery done, continuing...
3214315000 >> Requesting for the AHB bus...
3214940000 >> Requesting for the AHB bus...
3215365000 >> AHB granted, starting recovery...
3234565000 >> Recovery done, continuing...
3234615000 >> Requesting for the AHB bus...
3235240000 >> Requesting for the AHB bus...
3235665000 >> AHB granted, starting recovery...
3254865000 >> Recovery done, continuing...
3254915000 >> Requesting for the AHB bus...
3255540000 >> Requesting for the AHB bus...
3255965000 >> AHB granted, starting recovery...
3275165000 >> Recovery done, continuing...
3275215000 >> Requesting for the AHB bus...
3275840000 >> Requesting for the AHB bus...
3276265000 >> AHB granted, starting recovery...
3295465000 >> Recovery done, continuing...
3295515000 >> Requesting for the AHB bus...
3296140000 >> Requesting for the AHB bus...
3296565000 >> AHB granted, starting recovery...
3315765000 >> Recovery done, continuing...
3315815000 >> Requesting for the AHB bus...
3316440000 >> Requesting for the AHB bus...
3316865000 >> AHB granted, starting recovery...
3336065000 >> Recovery done, continuing...
3336115000 >> Requesting for the AHB bus...
3336740000 >> Requesting for the AHB bus...
3337165000 >> AHB granted, starting recovery...
3356365000 >> Recovery done, continuing...
3356415000 >> Requesting for the AHB bus...
3357040000 >> Requesting for the AHB bus...
3357465000 >> AHB granted, starting recovery...
3376665000 >> Recovery done, continuing...
3376715000 >> Requesting for the AHB bus...
3377340000 >> Requesting for the AHB bus...
3377765000 >> AHB granted, starting recovery...
3396965000 >> Recovery done, continuing...
3397015000 >> Requesting for the AHB bus...
3397640000 >> Requesting for the AHB bus...
3398065000 >> AHB granted, starting recovery...
3417265000 >> Recovery done, continuing...
3417315000 >> Requesting for the AHB bus...
3417940000 >> Requesting for the AHB bus...
3418365000 >> AHB granted, starting recovery...
3437565000 >> Recovery done, continuing...
3437615000 >> Requesting for the AHB bus...
3438240000 >> Requesting for the AHB bus...
3438665000 >> AHB granted, starting recovery...
3457865000 >> Recovery done, continuing...
3457915000 >> Requesting for the AHB bus...
3458540000 >> Requesting for the AHB bus...
3458965000 >> AHB granted, starting recovery...
3478165000 >> Recovery done, continuing...
3478215000 >> Requesting for the AHB bus...
3478840000 >> Requesting for the AHB bus...
3479265000 >> AHB granted, starting recovery...
3498465000 >> Recovery done, continuing...
3498515000 >> Requesting for the AHB bus...
3499140000 >> Requesting for the AHB bus...
3499565000 >> AHB granted, starting recovery...
3518765000 >> Recovery done, continuing...
3518815000 >> Requesting for the AHB bus...
3519440000 >> Requesting for the AHB bus...
3519865000 >> AHB granted, starting recovery...
3539065000 >> Recovery done, continuing...
3539115000 >> Requesting for the AHB bus...
3539740000 >> Requesting for the AHB bus...
3540165000 >> AHB granted, starting recovery...
3559365000 >> Recovery done, continuing...
3559415000 >> Requesting for the AHB bus...
3560040000 >> Requesting for the AHB bus...
3560465000 >> AHB granted, starting recovery...
3579665000 >> Recovery done, continuing...
3579715000 >> Requesting for the AHB bus...
3580340000 >> Requesting for the AHB bus...
3580765000 >> AHB granted, starting recovery...
3599965000 >> Recovery done, continuing...
3600015000 >> Requesting for the AHB bus...
3600640000 >> Requesting for the AHB bus...
3601065000 >> AHB granted, starting recovery...
3620265000 >> Recovery done, continuing...
3620315000 >> Requesting for the AHB bus...
3620940000 >> Requesting for the AHB bus...
3621365000 >> AHB granted, starting recovery...
3640565000 >> Recovery done, continuing...
3640615000 >> Requesting for the AHB bus...
3641240000 >> Requesting for the AHB bus...
3641665000 >> AHB granted, starting recovery...
3660865000 >> Recovery done, continuing...
3660915000 >> Requesting for the AHB bus...
3661715000 >> Requesting for the AHB bus...
3662140000 >> AHB granted, starting recovery...
3681340000 >> Recovery done, continuing...
3681390000 >> Requesting for the AHB bus...
3682015000 >> Requesting for the AHB bus...
3682440000 >> AHB granted, starting recovery...
3701640000 >> Recovery done, continuing...
3701690000 >> Requesting for the AHB bus...
3702315000 >> Requesting for the AHB bus...
3702740000 >> AHB granted, starting recovery...
3721940000 >> Recovery done, continuing...
3721990000 >> Requesting for the AHB bus...
3722615000 >> Requesting for the AHB bus...
3723040000 >> AHB granted, starting recovery...
3742240000 >> Recovery done, continuing...
3742290000 >> Requesting for the AHB bus...
3742915000 >> Requesting for the AHB bus...
3743340000 >> AHB granted, starting recovery...
3762540000 >> Recovery done, continuing...
3762590000 >> Requesting for the AHB bus...
3763215000 >> Requesting for the AHB bus...
3763640000 >> AHB granted, starting recovery...
3782840000 >> Recovery done, continuing...
3782890000 >> Requesting for the AHB bus...
3783515000 >> Requesting for the AHB bus...
3783940000 >> AHB granted, starting recovery...
3803140000 >> Recovery done, continuing...
3803190000 >> Requesting for the AHB bus...
3803815000 >> Requesting for the AHB bus...
3804240000 >> AHB granted, starting recovery...
3823440000 >> Recovery done, continuing...
3823490000 >> Requesting for the AHB bus...
3824115000 >> Requesting for the AHB bus...
3824540000 >> AHB granted, starting recovery...
3843740000 >> Recovery done, continuing...
3843790000 >> Requesting for the AHB bus...
3844415000 >> Requesting for the AHB bus...
3844840000 >> AHB granted, starting recovery...
3864040000 >> Recovery done, continuing...
3864090000 >> Requesting for the AHB bus...
3864715000 >> Requesting for the AHB bus...
3865140000 >> AHB granted, starting recovery...
3884340000 >> Recovery done, continuing...
3884390000 >> Requesting for the AHB bus...
3885015000 >> Requesting for the AHB bus...
3885440000 >> AHB granted, starting recovery...
3904640000 >> Recovery done, continuing...
3904690000 >> Requesting for the AHB bus...
3905315000 >> Requesting for the AHB bus...
3905740000 >> AHB granted, starting recovery...
3924940000 >> Recovery done, continuing...
3924990000 >> Requesting for the AHB bus...
3925615000 >> Requesting for the AHB bus...
3926040000 >> AHB granted, starting recovery...
3945240000 >> Recovery done, continuing...
3945290000 >> Requesting for the AHB bus...
3945915000 >> Requesting for the AHB bus...
3946340000 >> AHB granted, starting recovery...
3965540000 >> Recovery done, continuing...
3965590000 >> Requesting for the AHB bus...
3966215000 >> Requesting for the AHB bus...
3966640000 >> AHB granted, starting recovery...
3985840000 >> Recovery done, continuing...
3985890000 >> Requesting for the AHB bus...
3986515000 >> Requesting for the AHB bus...
3986940000 >> AHB granted, starting recovery...
4006140000 >> Recovery done, continuing...
4006190000 >> Requesting for the AHB bus...
4006815000 >> Requesting for the AHB bus...
4007240000 >> AHB granted, starting recovery...
4026440000 >> Recovery done, continuing...
4026490000 >> Requesting for the AHB bus...
4027115000 >> Requesting for the AHB bus...
4027540000 >> AHB granted, starting recovery...
4046740000 >> Recovery done, continuing...
4046790000 >> Requesting for the AHB bus...
4047415000 >> Requesting for the AHB bus...
4047840000 >> AHB granted, starting recovery...
4067040000 >> Recovery done, continuing...
4067090000 >> Requesting for the AHB bus...
4067715000 >> Requesting for the AHB bus...
4068140000 >> AHB granted, starting recovery...
4087340000 >> Recovery done, continuing...
4087390000 >> Requesting for the AHB bus...
4088015000 >> Requesting for the AHB bus...
4088440000 >> AHB granted, starting recovery...
4107640000 >> Recovery done, continuing...
4107690000 >> Requesting for the AHB bus...
4108315000 >> Requesting for the AHB bus...
4108740000 >> AHB granted, starting recovery...
4127940000 >> Recovery done, continuing...
4127990000 >> Requesting for the AHB bus...
4128790000 >> Requesting for the AHB bus...
4129215000 >> AHB granted, starting recovery...
4148415000 >> Recovery done, continuing...
4148465000 >> Requesting for the AHB bus...
4149090000 >> Requesting for the AHB bus...
4149515000 >> AHB granted, starting recovery...
4168715000 >> Recovery done, continuing...
4168765000 >> Requesting for the AHB bus...
4169390000 >> Requesting for the AHB bus...
4169815000 >> AHB granted, starting recovery...
4189015000 >> Recovery done, continuing...
4189065000 >> Requesting for the AHB bus...
4189690000 >> Requesting for the AHB bus...
4190115000 >> AHB granted, starting recovery...
4209315000 >> Recovery done, continuing...
4209365000 >> Requesting for the AHB bus...
4209990000 >> Requesting for the AHB bus...
4210415000 >> AHB granted, starting recovery...
4229615000 >> Recovery done, continuing...
4229665000 >> Requesting for the AHB bus...
4230290000 >> Requesting for the AHB bus...
4230715000 >> AHB granted, starting recovery...
4249915000 >> Recovery done, continuing...
4249965000 >> Requesting for the AHB bus...
4250715000 >> Requesting for the AHB bus...
4251140000 >> AHB granted, starting recovery...
4270340000 >> Recovery done, continuing...
4270390000 >> Requesting for the AHB bus...
4271015000 >> Requesting for the AHB bus...
4271440000 >> AHB granted, starting recovery...
4290640000 >> Recovery done, continuing...
4290690000 >> Requesting for the AHB bus...
4291315000 >> Requesting for the AHB bus...
4291740000 >> AHB granted, starting recovery...
4310940000 >> Recovery done, continuing...
4310990000 >> Requesting for the AHB bus...
4311615000 >> Requesting for the AHB bus...
4312040000 >> AHB granted, starting recovery...
4331240000 >> Recovery done, continuing...
4331290000 >> Requesting for the AHB bus...
4331915000 >> Requesting for the AHB bus...
4332340000 >> AHB granted, starting recovery...
4351540000 >> Recovery done, continuing...
4351590000 >> Requesting for the AHB bus...
4352215000 >> Requesting for the AHB bus...
4352640000 >> AHB granted, starting recovery...
4371840000 >> Recovery done, continuing...
4371890000 >> Requesting for the AHB bus...
4372515000 >> Requesting for the AHB bus...
4372940000 >> AHB granted, starting recovery...
4392140000 >> Recovery done, continuing...
4392190000 >> Requesting for the AHB bus...
4392815000 >> Requesting for the AHB bus...
4393240000 >> AHB granted, starting recovery...
4412440000 >> Recovery done, continuing...
4412490000 >> Requesting for the AHB bus...
4413115000 >> Requesting for the AHB bus...
4413540000 >> AHB granted, starting recovery...
4432740000 >> Recovery done, continuing...
4432790000 >> Requesting for the AHB bus...
4433415000 >> Requesting for the AHB bus...
4433840000 >> AHB granted, starting recovery...
4453040000 >> Recovery done, continuing...
4453090000 >> Requesting for the AHB bus...
4453715000 >> Requesting for the AHB bus...
4454140000 >> AHB granted, starting recovery...
4473340000 >> Recovery done, continuing...
4473390000 >> Requesting for the AHB bus...
4474015000 >> Requesting for the AHB bus...
4474440000 >> AHB granted, starting recovery...
4493640000 >> Recovery done, continuing...
4493690000 >> Requesting for the AHB bus...
4494315000 >> Requesting for the AHB bus...
4494740000 >> AHB granted, starting recovery...
4513940000 >> Recovery done, continuing...
4513990000 >> Requesting for the AHB bus...
4514615000 >> Requesting for the AHB bus...
4515040000 >> AHB granted, starting recovery...
4534240000 >> Recovery done, continuing...
4534290000 >> Requesting for the AHB bus...
4534915000 >> Requesting for the AHB bus...
4535340000 >> AHB granted, starting recovery...
4554540000 >> Recovery done, continuing...
4554590000 >> Requesting for the AHB bus...
4555215000 >> Requesting for the AHB bus...
4555640000 >> AHB granted, starting recovery...
4574840000 >> Recovery done, continuing...
4574890000 >> Requesting for the AHB bus...
4575515000 >> Requesting for the AHB bus...
4575940000 >> AHB granted, starting recovery...
4595140000 >> Recovery done, continuing...
4595190000 >> Requesting for the AHB bus...
4595990000 >> Requesting for the AHB bus...
4596415000 >> AHB granted, starting recovery...
4615615000 >> Recovery done, continuing...
4615665000 >> Requesting for the AHB bus...
4616290000 >> Requesting for the AHB bus...
4616715000 >> AHB granted, starting recovery...
4635915000 >> Recovery done, continuing...
4635965000 >> Requesting for the AHB bus...
4636590000 >> Requesting for the AHB bus...
4637015000 >> AHB granted, starting recovery...
4656215000 >> Recovery done, continuing...
4656265000 >> Requesting for the AHB bus...
4656890000 >> Requesting for the AHB bus...
4657315000 >> AHB granted, starting recovery...
4676515000 >> Recovery done, continuing...
4676565000 >> Requesting for the AHB bus...
4677190000 >> Requesting for the AHB bus...
4677615000 >> AHB granted, starting recovery...
4696815000 >> Recovery done, continuing...
4696865000 >> Requesting for the AHB bus...
4697490000 >> Requesting for the AHB bus...
4697915000 >> AHB granted, starting recovery...
4717115000 >> Recovery done, continuing...
4717165000 >> Requesting for the AHB bus...
4717915000 >> Requesting for the AHB bus...
4718340000 >> AHB granted, starting recovery...
4737540000 >> Recovery done, continuing...
4737590000 >> Requesting for the AHB bus...
4738215000 >> Requesting for the AHB bus...
4738640000 >> AHB granted, starting recovery...
4757840000 >> Recovery done, continuing...
4757890000 >> Requesting for the AHB bus...
4758515000 >> Requesting for the AHB bus...
4758940000 >> AHB granted, starting recovery...
4778140000 >> Recovery done, continuing...
4778190000 >> Requesting for the AHB bus...
4778815000 >> Requesting for the AHB bus...
4779240000 >> AHB granted, starting recovery...
4798440000 >> Recovery done, continuing...
4798490000 >> Requesting for the AHB bus...
4799115000 >> Requesting for the AHB bus...
4799540000 >> AHB granted, starting recovery...
4818740000 >> Recovery done, continuing...
4818790000 >> Requesting for the AHB bus...
4819415000 >> Requesting for the AHB bus...
4819840000 >> AHB granted, starting recovery...
4839040000 >> Recovery done, continuing...
4839090000 >> Requesting for the AHB bus...
4839715000 >> Requesting for the AHB bus...
4840140000 >> AHB granted, starting recovery...
4859340000 >> Recovery done, continuing...
4859390000 >> Requesting for the AHB bus...
4860015000 >> Requesting for the AHB bus...
4860440000 >> AHB granted, starting recovery...
4879640000 >> Recovery done, continuing...
4879690000 >> Requesting for the AHB bus...
4880315000 >> Requesting for the AHB bus...
4880740000 >> AHB granted, starting recovery...
4899940000 >> Recovery done, continuing...
4899990000 >> Requesting for the AHB bus...
4900615000 >> Requesting for the AHB bus...
4901040000 >> AHB granted, starting recovery...
4920240000 >> Recovery done, continuing...
4920290000 >> Requesting for the AHB bus...
4920915000 >> Requesting for the AHB bus...
4921340000 >> AHB granted, starting recovery...
4940540000 >> Recovery done, continuing...
4940590000 >> Requesting for the AHB bus...
4941215000 >> Requesting for the AHB bus...
4941640000 >> AHB granted, starting recovery...
4960840000 >> Recovery done, continuing...
4960890000 >> Requesting for the AHB bus...
4961515000 >> Requesting for the AHB bus...
4961940000 >> AHB granted, starting recovery...
4981140000 >> Recovery done, continuing...
4981190000 >> Requesting for the AHB bus...
4981815000 >> Requesting for the AHB bus...
4982240000 >> AHB granted, starting recovery...
5001440000 >> Recovery done, continuing...
5001490000 >> Requesting for the AHB bus...
5002115000 >> Requesting for the AHB bus...
5002540000 >> AHB granted, starting recovery...
5021740000 >> Recovery done, continuing...
5021790000 >> Requesting for the AHB bus...
5022415000 >> Requesting for the AHB bus...
5022840000 >> AHB granted, starting recovery...
5042040000 >> Recovery done, continuing...
5042090000 >> Requesting for the AHB bus...
5042715000 >> Requesting for the AHB bus...
5043140000 >> AHB granted, starting recovery...
5062340000 >> Recovery done, continuing...
5062390000 >> Requesting for the AHB bus...
5063190000 >> Requesting for the AHB bus...
5063615000 >> AHB granted, starting recovery...
5082815000 >> Recovery done, continuing...
5082865000 >> Requesting for the AHB bus...
5083490000 >> Requesting for the AHB bus...
5083915000 >> AHB granted, starting recovery...
5103115000 >> Recovery done, continuing...
5103165000 >> Requesting for the AHB bus...
5103790000 >> Requesting for the AHB bus...
5104215000 >> AHB granted, starting recovery...
5123415000 >> Recovery done, continuing...
5123465000 >> Requesting for the AHB bus...
5124090000 >> Requesting for the AHB bus...
5124515000 >> AHB granted, starting recovery...
5143715000 >> Recovery done, continuing...
5143765000 >> Requesting for the AHB bus...
5144390000 >> Requesting for the AHB bus...
5144815000 >> AHB granted, starting recovery...
5164015000 >> Recovery done, continuing...
5164065000 >> Requesting for the AHB bus...
5164690000 >> Requesting for the AHB bus...
5165115000 >> AHB granted, starting recovery...
5184315000 >> Recovery done, continuing...
5184365000 >> Requesting for the AHB bus...
5185115000 >> Requesting for the AHB bus...
5185540000 >> AHB granted, starting recovery...
5204740000 >> Recovery done, continuing...
5204790000 >> Requesting for the AHB bus...
5205415000 >> Requesting for the AHB bus...
5205840000 >> AHB granted, starting recovery...
5225040000 >> Recovery done, continuing...
5225090000 >> Requesting for the AHB bus...
5225715000 >> Requesting for the AHB bus...
5226140000 >> AHB granted, starting recovery...
5245340000 >> Recovery done, continuing...
5245390000 >> Requesting for the AHB bus...
5246015000 >> Requesting for the AHB bus...
5246440000 >> AHB granted, starting recovery...
5265640000 >> Recovery done, continuing...
5265690000 >> Requesting for the AHB bus...
5266315000 >> Requesting for the AHB bus...
5266740000 >> AHB granted, starting recovery...
5285940000 >> Recovery done, continuing...
5285990000 >> Requesting for the AHB bus...
5286615000 >> Requesting for the AHB bus...
5287040000 >> AHB granted, starting recovery...
5306240000 >> Recovery done, continuing...
5306290000 >> Requesting for the AHB bus...
5306915000 >> Requesting for the AHB bus...
5307340000 >> AHB granted, starting recovery...
5326540000 >> Recovery done, continuing...
5326590000 >> Requesting for the AHB bus...
5327215000 >> Requesting for the AHB bus...
5327640000 >> AHB granted, starting recovery...
5346840000 >> Recovery done, continuing...
5346890000 >> Requesting for the AHB bus...
5347515000 >> Requesting for the AHB bus...
5347940000 >> AHB granted, starting recovery...
5367140000 >> Recovery done, continuing...
5367190000 >> Requesting for the AHB bus...
5367815000 >> Requesting for the AHB bus...
5368240000 >> AHB granted, starting recovery...
5387440000 >> Recovery done, continuing...
5387490000 >> Requesting for the AHB bus...
5388115000 >> Requesting for the AHB bus...
5388540000 >> AHB granted, starting recovery...
5407740000 >> Recovery done, continuing...
5407790000 >> Requesting for the AHB bus...
5408415000 >> Requesting for the AHB bus...
5408840000 >> AHB granted, starting recovery...
5428040000 >> Recovery done, continuing...
5428090000 >> Requesting for the AHB bus...
5428715000 >> Requesting for the AHB bus...
5429140000 >> AHB granted, starting recovery...
5448340000 >> Recovery done, continuing...
5448390000 >> Requesting for the AHB bus...
5449015000 >> Requesting for the AHB bus...
5449440000 >> AHB granted, starting recovery...
5468640000 >> Recovery done, continuing...
5468690000 >> Requesting for the AHB bus...
5469315000 >> Requesting for the AHB bus...
5469740000 >> AHB granted, starting recovery...
5488940000 >> Recovery done, continuing...
5488990000 >> Requesting for the AHB bus...
5489615000 >> Requesting for the AHB bus...
5490040000 >> AHB granted, starting recovery...
5509240000 >> Recovery done, continuing...
5509290000 >> Requesting for the AHB bus...
5509915000 >> Requesting for the AHB bus...
5510340000 >> AHB granted, starting recovery...
5529540000 >> Recovery done, continuing...
5529590000 >> Requesting for the AHB bus...
5530390000 >> Requesting for the AHB bus...
5530815000 >> AHB granted, starting recovery...
5550015000 >> Recovery done, continuing...
5550065000 >> Requesting for the AHB bus...
5550690000 >> Requesting for the AHB bus...
5551115000 >> AHB granted, starting recovery...
5570315000 >> Recovery done, continuing...
5570365000 >> Requesting for the AHB bus...
5570990000 >> Requesting for the AHB bus...
5571415000 >> AHB granted, starting recovery...
5590615000 >> Recovery done, continuing...
5590665000 >> Requesting for the AHB bus...
5591290000 >> Requesting for the AHB bus...
5591715000 >> AHB granted, starting recovery...
5610915000 >> Recovery done, continuing...
5610965000 >> Requesting for the AHB bus...
5611590000 >> Requesting for the AHB bus...
5612015000 >> AHB granted, starting recovery...
5631215000 >> Recovery done, continuing...
5631265000 >> Requesting for the AHB bus...
5631890000 >> Requesting for the AHB bus...
5632315000 >> AHB granted, starting recovery...
5651515000 >> Recovery done, continuing...
5651565000 >> Requesting for the AHB bus...
5652315000 >> Requesting for the AHB bus...
5652740000 >> AHB granted, starting recovery...
5671940000 >> Recovery done, continuing...
5671990000 >> Requesting for the AHB bus...
5672615000 >> Requesting for the AHB bus...
5673040000 >> AHB granted, starting recovery...
5692240000 >> Recovery done, continuing...
5692290000 >> Requesting for the AHB bus...
5692915000 >> Requesting for the AHB bus...
5693340000 >> AHB granted, starting recovery...
5712540000 >> Recovery done, continuing...
5712590000 >> Requesting for the AHB bus...
5713215000 >> Requesting for the AHB bus...
5713640000 >> AHB granted, starting recovery...
5732840000 >> Recovery done, continuing...
5732890000 >> Requesting for the AHB bus...
5733515000 >> Requesting for the AHB bus...
5733940000 >> AHB granted, starting recovery...
5745715000 >> time limit reached...
/testbench/cpu/l3/u0/leon3x0/vhdl/p0/iu/r.w.wreg:0
/testbench/cpu/l3/u0/leon3x0/vhdl/p0/iu/r.m.irqen:1
/testbench/cpu/l3/u0/leon3x0/vhdl/p0/iu/r.m.icc:0000
/testbench/cpu/l3/u0/leon3x0/vhdl/p0/iu/r.a.ticc:0
/testbench/cpu/l3/u0/leon3x0/vhdl/p0/iu/r.a.step:0
/testbench/cpu/l3/u0/leon3x0/vhdl/p0/iu/r.m.irqen2:1
/testbench/cpu/l3/u0/leon3x0/vhdl/p0/iu/r.d.pc:01000000000000000000001101000100
/testbench/cpu/l3/u0/leon3x0/vhdl/p0/iu/r.d.rexpl:{{00000000000000000000000000000000} {00} {0} 0 0 {0000000000000000000} 0 0 0 0 0 0}
/testbench/cpu/l3/u0/leon3x0/vhdl/p0/iu/r.d.mexc:0
/testbench/cpu/l3/u0/leon3x0/vhdl/p0/iu/r.a.aw:0
/testbench/cpu/l3/u0/leon3x0/vhdl/p0/iu/r.e.ctrl:{{01000000000000000000001101000000} {11000100000001111010000001000100} {00} {10000010} {000000} 0 0 1 0 0 1 1 0 0}
/testbench/cpu/l3/u0/leon3x0/vhdl/p0/iu/r.a.divstart:0
/testbench/cpu/l3/u0/leon3x0/vhdl/p0/iu/r.e.shleft:0
/testbench/cpu/l3/u0/leon3x0/vhdl/p0/iu/r.a.bp:0
/testbench/cpu/l3/u0/leon3x0/vhdl/p0/iu/r.w.twcwp:000
/testbench/cpu/l3/u0/leon3x0/vhdl/p0/iu/r.a.jmpl:0
/testbench/cpu/l3/u0/leon3x0/vhdl/p0/iu/r.m.casa:0
/testbench/cpu/l3/u0/leon3x0/vhdl/p0/iu/r.m.werr:0
/testbench/cpu/l3/u0/leon3x0/vhdl/p0/iu/r.e.su:1
/testbench/cpu/l3/u0/leon3x0/vhdl/p0/iu/r.e.et:1
/testbench/cpu/l3/u0/leon3x0/vhdl/p0/iu/r.a.ldcheck1:1
/testbench/cpu/l3/u0/leon3x0/vhdl/p0/iu/r.d.stwin:000
/testbench/cpu/l3/u0/leon3x0/vhdl/p0/iu/r.a.ldcheck2:1
/testbench/cpu/l3/u0/leon3x0/vhdl/p0/iu/r.x.intack:0
/testbench/cpu/l3/u0/leon3x0/vhdl/p0/iu/r.m.ctrl:{{01000000000000000000001100111100} {11000010000001111011111111111000} {00} {10000001} {000000} 0 0 1 0 0 1 1 0 0}
/testbench/cpu/l3/u0/leon3x0/vhdl/p0/iu/r.a.cwp:101
/testbench/cpu/l3/u0/leon3x0/vhdl/p0/iu/r.e.sari:0
/testbench/cpu/l3/u0/leon3x0/vhdl/p0/iu/r.d.paw:0
/testbench/cpu/l3/u0/leon3x0/vhdl/p0/iu/r.d.aw:0
/testbench/cpu/l3/u0/leon3x0/vhdl/p0/iu/r.d.awp:000
/testbench/cpu/l3/u0/leon3x0/vhdl/p0/iu/r.x.ctrl:{{01000000000000000000001100111000} {11000100001010000100000000000000} {01} {10000010} {000000} 0 0 0 0 0 0 0 0 0}
/testbench/cpu/l3/u0/leon3x0/vhdl/p0/iu/r.m.rexnalign:0
/testbench/cpu/l3/u0/leon3x0/vhdl/p0/iu/r.m.su:1
/testbench/cpu/l3/u0/leon3x0/vhdl/p0/iu/r.m.wcwp:0
/testbench/cpu/l3/u0/leon3x0/vhdl/p0/iu/r.d.divrdy:0
/testbench/cpu/l3/u0/leon3x0/vhdl/p0/iu/r.e.cwp:101
/testbench/cpu/l3/u0/leon3x0/vhdl/p0/iu/r.w.except:0
/testbench/cpu/l3/u0/leon3x0/vhdl/p0/iu/r.x.nerror:0
/testbench/cpu/l3/u0/leon3x0/vhdl/p0/iu/r.a.bpimiss:0
/testbench/cpu/l3/u0/leon3x0/vhdl/p0/iu/r.a.nobp:0
/testbench/cpu/l3/u0/leon3x0/vhdl/p0/iu/r.d.rexcnt:0
/testbench/cpu/l3/u0/leon3x0/vhdl/p0/iu/r.w.s:{{101} {0000} {00000000} {01000000000000000000} {00000010} {0000} 0 0 1 1 1 {00000000000000000000000000000000} {UUUUUUUUUUUUUUUUUUUUUUUUUUUUUUUU} 1 0 0 1 1 1 0 0 {000} {000} {111}}
/testbench/cpu/l3/u0/leon3x0/vhdl/p0/iu/r.d.pv:1
/testbench/cpu/l3/u0/leon3x0/vhdl/p0/iu/r.a.ldchkra:1
/testbench/cpu/l3/u0/leon3x0/vhdl/p0/iu/r.a.rfa1:10000010
/testbench/cpu/l3/u0/leon3x0/vhdl/p0/iu/r.a.rfa2:10000001
/testbench/cpu/l3/u0/leon3x0/vhdl/p0/iu/r.a.imm:00000000000000000000000000000001
/testbench/cpu/l3/u0/leon3x0/vhdl/p0/iu/r.w.wa:10000010
/testbench/cpu/l3/u0/leon3x0/vhdl/p0/iu/r.m.casaz:0
/testbench/cpu/l3/u0/leon3x0/vhdl/p0/iu/r.x.dci:{0 0 0 1 0 0 {00} {00001011}}
/testbench/cpu/l3/u0/leon3x0/vhdl/p0/iu/r.x.mac:0
/testbench/cpu/l3/u0/leon3x0/vhdl/p0/iu/r.m.divz:0
/testbench/cpu/l3/u0/leon3x0/vhdl/p0/iu/r.d.inst:{{10000010000000001000000000000001}}
/testbench/cpu/l3/u0/leon3x0/vhdl/p0/iu/r.e.rfe1:1
/testbench/cpu/l3/u0/leon3x0/vhdl/p0/iu/r.a.wovf:0
/testbench/cpu/l3/u0/leon3x0/vhdl/p0/iu/r.e.rfe2:0
/testbench/cpu/l3/u0/leon3x0/vhdl/p0/iu/r.e.op1:01000000000011111111111010100000
/testbench/cpu/l3/u0/leon3x0/vhdl/p0/iu/r.m.nalign:0
/testbench/cpu/l3/u0/leon3x0/vhdl/p0/iu/r.e.op2:00000000000000000000000001000100
/testbench/cpu/l3/u0/leon3x0/vhdl/p0/iu/r.d.rexen:0
/testbench/cpu/l3/u0/leon3x0/vhdl/p0/iu/r.a.ctrl:{{01000000000000000000001101000100} {10000010000000001000000000000001} {00} {10000001} {000000} 0 1 0 0 0 0 0 0 0}
/testbench/cpu/l3/u0/leon3x0/vhdl/p0/iu/r.x.ipend:0
/testbench/cpu/l3/u0/leon3x0/vhdl/p0/iu/r.e.ldbp1:0
/testbench/cpu/l3/u0/leon3x0/vhdl/p0/iu/r.e.aluadd:1
/testbench/cpu/l3/u0/leon3x0/vhdl/p0/iu/r.d.set:0
/testbench/cpu/l3/u0/leon3x0/vhdl/p0/iu/r.d.inull:0
/testbench/cpu/l3/u0/leon3x0/vhdl/p0/iu/r.e.ldbp2:0
/testbench/cpu/l3/u0/leon3x0/vhdl/p0/iu/r.d.cnt:00
/testbench/cpu/l3/u0/leon3x0/vhdl/p0/iu/r.a.su:1
/testbench/cpu/l3/u0/leon3x0/vhdl/p0/iu/r.a.et:1
/testbench/cpu/l3/u0/leon3x0/vhdl/p0/iu/r.e.mul:0
/testbench/cpu/l3/u0/leon3x0/vhdl/p0/iu/r.e.alusel:00
/testbench/cpu/l3/u0/leon3x0/vhdl/p0/iu/r.e.aw:U
/testbench/cpu/l3/u0/leon3x0/vhdl/p0/iu/r.e.mac:0
/testbench/cpu/l3/u0/leon3x0/vhdl/p0/iu/r.a.decill:0
/testbench/cpu/l3/u0/leon3x0/vhdl/p0/iu/r.x.icc:0000
/testbench/cpu/l3/u0/leon3x0/vhdl/p0/iu/r.x.result:00000000000000000000000000000000
/testbench/cpu/l3/u0/leon3x0/vhdl/p0/iu/r.e.bp:0
/testbench/cpu/l3/u0/leon3x0/vhdl/p0/iu/r.a.rs1:00010
/testbench/cpu/l3/u0/leon3x0/vhdl/p0/iu/r.e.jmpl:0
/testbench/cpu/l3/u0/leon3x0/vhdl/p0/iu/r.a.rsel1:001
/testbench/cpu/l3/u0/leon3x0/vhdl/p0/iu/r.x.y:00000000000000000000000000000000
/testbench/cpu/l3/u0/leon3x0/vhdl/p0/iu/r.a.rsel2:010
/testbench/cpu/l3/u0/leon3x0/vhdl/p0/iu/r.a.awp:000
/testbench/cpu/l3/u0/leon3x0/vhdl/p0/iu/r.a.paw:0
/testbench/cpu/l3/u0/leon3x0/vhdl/p0/iu/r.x.data:{{00000000000000000000000000000000}}
/testbench/cpu/l3/u0/leon3x0/vhdl/p0/iu/r.m.mul:0
/testbench/cpu/l3/u0/leon3x0/vhdl/p0/iu/r.e.rd:UUUUU
/testbench/cpu/l3/u0/leon3x0/vhdl/p0/iu/r.e.invop2:0
/testbench/cpu/l3/u0/leon3x0/vhdl/p0/iu/r.m.wawp:0
/testbench/cpu/l3/u0/leon3x0/vhdl/p0/iu/r.d.cwpmax:111
/testbench/cpu/l3/u0/leon3x0/vhdl/p0/iu/r.f.branch:0
/testbench/cpu/l3/u0/leon3x0/vhdl/p0/iu/r.d.pcheld:1
/testbench/cpu/l3/u0/leon3x0/vhdl/p0/iu/r.m.dci:{0 1 1 0 0 0 {10} {00001011}}
/testbench/cpu/l3/u0/leon3x0/vhdl/p0/iu/r.e.paw:U
/testbench/cpu/l3/u0/leon3x0/vhdl/p0/iu/r.e.awp:UUU
/testbench/cpu/l3/u0/leon3x0/vhdl/p0/iu/r.e.shcnt:00100
/testbench/cpu/l3/u0/leon3x0/vhdl/p0/iu/r.w.result:01000000000000000001111001001110
/testbench/cpu/l3/u0/leon3x0/vhdl/p0/iu/r.m.mac:0
/testbench/cpu/l3/u0/leon3x0/vhdl/p0/iu/r.m.y:00000000000000000000000000000000
/testbench/cpu/l3/u0/leon3x0/vhdl/p0/iu/r.d.cwp:101
/testbench/cpu/l3/u0/leon3x0/vhdl/p0/iu/r.x.laddr:00
/testbench/cpu/l3/u0/leon3x0/vhdl/p0/iu/r.e.mulstep:0
/testbench/cpu/l3/u0/leon3x0/vhdl/p0/iu/r.e.ymsb:0
/testbench/cpu/l3/u0/leon3x0/vhdl/p0/iu/r.d.rexbuf:00000000000000000000000000000000
/testbench/cpu/l3/u0/leon3x0/vhdl/p0/iu/r.x.npc:100
/testbench/cpu/l3/u0/leon3x0/vhdl/p0/iu/r.f.pc:01000000000000000000001110110000
/testbench/cpu/l3/u0/leon3x0/vhdl/p0/iu/r.d.annul:0
/testbench/cpu/l3/u0/leon3x0/vhdl/p0/iu/r.x.rstate:run
/testbench/cpu/l3/u0/leon3x0/vhdl/p0/iu/r.x.set:0
/testbench/cpu/l3/u0/leon3x0/vhdl/p0/iu/r.m.result:01000000000011111111111010011000
/testbench/cpu/l3/u0/leon3x0/vhdl/p0/iu/r.e.icc:UUUU
/testbench/cpu/l3/u0/leon3x0/vhdl/p0/iu/r.a.getpc:0
/testbench/cpu/l3/u0/leon3x0/vhdl/p0/iu/r.a.ldchkex:1
/testbench/cpu/l3/u0/leon3x0/vhdl/p0/iu/r.x.mexc:0
/testbench/cpu/l3/u0/leon3x0/vhdl/p0/iu/r.a.mulstart:0
/testbench/cpu/l3/u0/leon3x0/vhdl/p0/iu/r.d.rexpos:10
/testbench/cpu/l3/u0/leon3x0/vhdl/p0/iu/r.x.annul_all:0
/testbench/cpu/l3/u0/leon3x0/vhdl/p0/iu/r.e.aluop:000
/testbench/cpu/l3/u0/leon3x0/vhdl/p0/iu/r.x.debug:0
/testbench/cpu/l3/u0/leon3x0/vhdl/p0/iu/r.a.rfe1:0
/testbench/cpu/l3/u0/leon3x0/vhdl/p0/iu/r.d.step:0
/testbench/cpu/l3/u0/leon3x0/vhdl/p0/iu/r.a.rfe2:0
/testbench/cpu/l3/u0/leon3x0/vhdl/p0/iu/r.e.alucin:0
/testbench/cpu/l3/u0/leon3x0/vhdl/p0/iu/r.a.wunf:0
======================================
progstatus: -2
execerr: 130
latent: 1
time limit!
>>>>>>>>>>>>>>> 5745715000
======================================
