Test signal = /testbench/cpu/l3/u0/leon3x0/vhdl/p0/iu/r.m.wcwp
oldval = 0
pos1: -1 pos0: 0 posU: -1
newval = 1
Signal value: 0
oldval = 0
pos1: -1 pos0: 0 posU: -1
newval = 1
force in 3776173
586290000 >> iteration no: 0
1598340000 >> iteration no: 1
2610390000 >> iteration no: 2
3622265000 >> iteration no: 3
4360790000 >> Requesting for the AHB bus...
4361890000 >> AHB granted, starting recovery...
4381090000 >> Recovery done, continuing...
4381140000 >> Requesting for the AHB bus...
4382190000 >> AHB granted, starting recovery...
4401390000 >> Recovery done, continuing...
4401440000 >> Requesting for the AHB bus...
4402490000 >> AHB granted, starting recovery...
4421690000 >> Recovery done, continuing...
4421740000 >> Requesting for the AHB bus...
4422790000 >> AHB granted, starting recovery...
4441990000 >> Recovery done, continuing...
4442040000 >> Requesting for the AHB bus...
4443140000 >> AHB granted, starting recovery...
4462340000 >> Recovery done, continuing...
4462390000 >> Requesting for the AHB bus...
4463440000 >> AHB granted, starting recovery...
4482640000 >> Recovery done, continuing...
4482690000 >> Requesting for the AHB bus...
4483740000 >> AHB granted, starting recovery...
4502940000 >> Recovery done, continuing...
4502990000 >> Requesting for the AHB bus...
4504040000 >> AHB granted, starting recovery...
4523240000 >> Recovery done, continuing...
4523290000 >> Requesting for the AHB bus...
4524340000 >> AHB granted, starting recovery...
4543540000 >> Recovery done, continuing...
4543590000 >> Requesting for the AHB bus...
4544640000 >> AHB granted, starting recovery...
4563840000 >> Recovery done, continuing...
4563890000 >> Requesting for the AHB bus...
4564940000 >> AHB granted, starting recovery...
4584140000 >> Recovery done, continuing...
4584190000 >> Requesting for the AHB bus...
4585240000 >> AHB granted, starting recovery...
4604440000 >> Recovery done, continuing...
4604490000 >> Requesting for the AHB bus...
4605540000 >> AHB granted, starting recovery...
4624740000 >> Recovery done, continuing...
4624790000 >> Requesting for the AHB bus...
4625840000 >> AHB granted, starting recovery...
4645040000 >> Recovery done, continuing...
4645090000 >> Requesting for the AHB bus...
4646140000 >> AHB granted, starting recovery...
4665340000 >> Recovery done, continuing...
4665390000 >> Requesting for the AHB bus...
4666440000 >> AHB granted, starting recovery...
4685640000 >> Recovery done, continuing...
4685690000 >> Requesting for the AHB bus...
4686740000 >> AHB granted, starting recovery...
4705940000 >> Recovery done, continuing...
4705990000 >> Requesting for the AHB bus...
4707040000 >> AHB granted, starting recovery...
4726240000 >> Recovery done, continuing...
4726290000 >> Requesting for the AHB bus...
4727340000 >> AHB granted, starting recovery...
4746540000 >> Recovery done, continuing...
4746590000 >> Requesting for the AHB bus...
4747640000 >> AHB granted, starting recovery...
4766840000 >> Recovery done, continuing...
4766890000 >> Requesting for the AHB bus...
4767940000 >> AHB granted, starting recovery...
4787140000 >> Recovery done, continuing...
4787190000 >> Requesting for the AHB bus...
4788415000 >> AHB granted, starting recovery...
4807615000 >> Recovery done, continuing...
4807665000 >> Requesting for the AHB bus...
4808715000 >> AHB granted, starting recovery...
4827915000 >> Recovery done, continuing...
4827965000 >> Requesting for the AHB bus...
4829015000 >> AHB granted, starting recovery...
4848215000 >> Recovery done, continuing...
4848265000 >> Requesting for the AHB bus...
4849315000 >> AHB granted, starting recovery...
4868515000 >> Recovery done, continuing...
4868565000 >> Requesting for the AHB bus...
4869615000 >> AHB granted, starting recovery...
4888815000 >> Recovery done, continuing...
4888865000 >> Requesting for the AHB bus...
4889915000 >> AHB granted, starting recovery...
4909115000 >> Recovery done, continuing...
4909165000 >> Requesting for the AHB bus...
4910340000 >> AHB granted, starting recovery...
4929540000 >> Recovery done, continuing...
4929590000 >> Requesting for the AHB bus...
4930640000 >> AHB granted, starting recovery...
4949840000 >> Recovery done, continuing...
4949890000 >> Requesting for the AHB bus...
4950940000 >> AHB granted, starting recovery...
4970140000 >> Recovery done, continuing...
4970190000 >> Requesting for the AHB bus...
4971240000 >> AHB granted, starting recovery...
4990440000 >> Recovery done, continuing...
4990490000 >> Requesting for the AHB bus...
4991540000 >> AHB granted, starting recovery...
5010740000 >> Recovery done, continuing...
5010790000 >> Requesting for the AHB bus...
5011840000 >> AHB granted, starting recovery...
5031040000 >> Recovery done, continuing...
5031090000 >> Requesting for the AHB bus...
5032140000 >> AHB granted, starting recovery...
5051340000 >> Recovery done, continuing...
5051390000 >> Requesting for the AHB bus...
5052440000 >> AHB granted, starting recovery...
5071640000 >> Recovery done, continuing...
5071690000 >> Requesting for the AHB bus...
5072740000 >> AHB granted, starting recovery...
5091940000 >> Recovery done, continuing...
5091990000 >> Requesting for the AHB bus...
5093040000 >> AHB granted, starting recovery...
5112240000 >> Recovery done, continuing...
5112290000 >> Requesting for the AHB bus...
5113340000 >> AHB granted, starting recovery...
5132540000 >> Recovery done, continuing...
5132590000 >> Requesting for the AHB bus...
5133640000 >> AHB granted, starting recovery...
5152840000 >> Recovery done, continuing...
5152890000 >> Requesting for the AHB bus...
5153940000 >> AHB granted, starting recovery...
5173140000 >> Recovery done, continuing...
5173190000 >> Requesting for the AHB bus...
5174240000 >> AHB granted, starting recovery...
5193440000 >> Recovery done, continuing...
5193490000 >> Requesting for the AHB bus...
5194540000 >> AHB granted, starting recovery...
5213740000 >> Recovery done, continuing...
5213790000 >> Requesting for the AHB bus...
5214840000 >> AHB granted, starting recovery...
5234040000 >> Recovery done, continuing...
5234090000 >> Requesting for the AHB bus...
5235140000 >> AHB granted, starting recovery...
5254340000 >> Recovery done, continuing...
5254390000 >> Requesting for the AHB bus...
5255615000 >> AHB granted, starting recovery...
5274815000 >> Recovery done, continuing...
5274865000 >> Requesting for the AHB bus...
5275915000 >> AHB granted, starting recovery...
5295115000 >> Recovery done, continuing...
5295165000 >> Requesting for the AHB bus...
5296215000 >> AHB granted, starting recovery...
5315415000 >> Recovery done, continuing...
5315465000 >> Requesting for the AHB bus...
5316515000 >> AHB granted, starting recovery...
5335715000 >> Recovery done, continuing...
5335765000 >> Requesting for the AHB bus...
5336815000 >> AHB granted, starting recovery...
5356015000 >> Recovery done, continuing...
5356065000 >> Requesting for the AHB bus...
5357115000 >> AHB granted, starting recovery...
5376315000 >> Recovery done, continuing...
5376365000 >> Requesting for the AHB bus...
5377540000 >> AHB granted, starting recovery...
5396740000 >> Recovery done, continuing...
5396790000 >> Requesting for the AHB bus...
5397840000 >> AHB granted, starting recovery...
5417040000 >> Recovery done, continuing...
5417090000 >> Requesting for the AHB bus...
5418140000 >> AHB granted, starting recovery...
5437340000 >> Recovery done, continuing...
5437390000 >> Requesting for the AHB bus...
5438440000 >> AHB granted, starting recovery...
5457640000 >> Recovery done, continuing...
5457690000 >> Requesting for the AHB bus...
5458740000 >> AHB granted, starting recovery...
5477940000 >> Recovery done, continuing...
5477990000 >> Requesting for the AHB bus...
5479040000 >> AHB granted, starting recovery...
5498240000 >> Recovery done, continuing...
5498290000 >> Requesting for the AHB bus...
5499340000 >> AHB granted, starting recovery...
5518540000 >> Recovery done, continuing...
5518590000 >> Requesting for the AHB bus...
5519640000 >> AHB granted, starting recovery...
5538840000 >> Recovery done, continuing...
5538890000 >> Requesting for the AHB bus...
5539940000 >> AHB granted, starting recovery...
5559140000 >> Recovery done, continuing...
5559190000 >> Requesting for the AHB bus...
5560240000 >> AHB granted, starting recovery...
5579440000 >> Recovery done, continuing...
5579490000 >> Requesting for the AHB bus...
5580540000 >> AHB granted, starting recovery...
5599740000 >> Recovery done, continuing...
5599790000 >> Requesting for the AHB bus...
5600840000 >> AHB granted, starting recovery...
5620040000 >> Recovery done, continuing...
5620090000 >> Requesting for the AHB bus...
5621140000 >> AHB granted, starting recovery...
5640340000 >> Recovery done, continuing...
5640390000 >> Requesting for the AHB bus...
5641440000 >> AHB granted, starting recovery...
5660640000 >> Recovery done, continuing...
5660690000 >> Requesting for the AHB bus...
5661740000 >> AHB granted, starting recovery...
5680940000 >> Recovery done, continuing...
5680990000 >> Requesting for the AHB bus...
5682040000 >> AHB granted, starting recovery...
5701240000 >> Recovery done, continuing...
5701290000 >> Requesting for the AHB bus...
5702340000 >> AHB granted, starting recovery...
5721540000 >> Recovery done, continuing...
5721590000 >> Requesting for the AHB bus...
5722815000 >> AHB granted, starting recovery...
5742015000 >> Recovery done, continuing...
5742065000 >> Requesting for the AHB bus...
5743115000 >> AHB granted, starting recovery...
5745715000 >> time limit reached...
/testbench/cpu/l3/u0/leon3x0/vhdl/p0/iu/r.w.wreg:0
/testbench/cpu/l3/u0/leon3x0/vhdl/p0/iu/r.m.irqen:1
/testbench/cpu/l3/u0/leon3x0/vhdl/p0/iu/r.m.icc:0000
/testbench/cpu/l3/u0/leon3x0/vhdl/p0/iu/r.a.ticc:0
/testbench/cpu/l3/u0/leon3x0/vhdl/p0/iu/r.a.step:0
/testbench/cpu/l3/u0/leon3x0/vhdl/p0/iu/r.m.irqen2:1
/testbench/cpu/l3/u0/leon3x0/vhdl/p0/iu/r.d.pc:01000000000000000000001101000100
/testbench/cpu/l3/u0/leon3x0/vhdl/p0/iu/r.d.rexpl:{{00000000000000000000000000000000} {00} {0} 0 0 {0000000000000000000} 0 0 0 0 0 0}
/testbench/cpu/l3/u0/leon3x0/vhdl/p0/iu/r.d.mexc:0
/testbench/cpu/l3/u0/leon3x0/vhdl/p0/iu/r.a.aw:0
/testbench/cpu/l3/u0/leon3x0/vhdl/p0/iu/r.e.ctrl:{{01000000000000000000001101000000} {11000100000001111010000001000100} {00} {10000010} {000000} 0 0 1 0 0 1 1 0 0}
/testbench/cpu/l3/u0/leon3x0/vhdl/p0/iu/r.a.divstart:0
/testbench/cpu/l3/u0/leon3x0/vhdl/p0/iu/r.e.shleft:0
/testbench/cpu/l3/u0/leon3x0/vhdl/p0/iu/r.a.bp:0
/testbench/cpu/l3/u0/leon3x0/vhdl/p0/iu/r.w.twcwp:000
/testbench/cpu/l3/u0/leon3x0/vhdl/p0/iu/r.a.jmpl:0
/testbench/cpu/l3/u0/leon3x0/vhdl/p0/iu/r.m.casa:0
/testbench/cpu/l3/u0/leon3x0/vhdl/p0/iu/r.m.werr:0
/testbench/cpu/l3/u0/leon3x0/vhdl/p0/iu/r.e.su:1
/testbench/cpu/l3/u0/leon3x0/vhdl/p0/iu/r.e.et:1
/testbench/cpu/l3/u0/leon3x0/vhdl/p0/iu/r.a.ldcheck1:1
/testbench/cpu/l3/u0/leon3x0/vhdl/p0/iu/r.d.stwin:000
/testbench/cpu/l3/u0/leon3x0/vhdl/p0/iu/r.a.ldcheck2:1
/testbench/cpu/l3/u0/leon3x0/vhdl/p0/iu/r.x.intack:0
/testbench/cpu/l3/u0/leon3x0/vhdl/p0/iu/r.m.ctrl:{{01000000000000000000001100111100} {11000010000001111011111111111000} {00} {10000001} {000000} 0 0 1 0 0 1 1 0 0}
/testbench/cpu/l3/u0/leon3x0/vhdl/p0/iu/r.a.cwp:100
/testbench/cpu/l3/u0/leon3x0/vhdl/p0/iu/r.e.sari:0
/testbench/cpu/l3/u0/leon3x0/vhdl/p0/iu/r.d.paw:0
/testbench/cpu/l3/u0/leon3x0/vhdl/p0/iu/r.d.aw:0
/testbench/cpu/l3/u0/leon3x0/vhdl/p0/iu/r.d.awp:000
/testbench/cpu/l3/u0/leon3x0/vhdl/p0/iu/r.x.ctrl:{{01000000000000000000001100111000} {11000100001010000100000000000000} {01} {10000010} {000000} 0 0 0 0 0 0 0 0 0}
/testbench/cpu/l3/u0/leon3x0/vhdl/p0/iu/r.m.rexnalign:0
/testbench/cpu/l3/u0/leon3x0/vhdl/p0/iu/r.m.su:1
/testbench/cpu/l3/u0/leon3x0/vhdl/p0/iu/r.m.wcwp:0
/testbench/cpu/l3/u0/leon3x0/vhdl/p0/iu/r.d.divrdy:0
/testbench/cpu/l3/u0/leon3x0/vhdl/p0/iu/r.e.cwp:100
/testbench/cpu/l3/u0/leon3x0/vhdl/p0/iu/r.w.except:0
/testbench/cpu/l3/u0/leon3x0/vhdl/p0/iu/r.x.nerror:0
/testbench/cpu/l3/u0/leon3x0/vhdl/p0/iu/r.a.bpimiss:0
/testbench/cpu/l3/u0/leon3x0/vhdl/p0/iu/r.a.nobp:0
/testbench/cpu/l3/u0/leon3x0/vhdl/p0/iu/r.d.rexcnt:0
/testbench/cpu/l3/u0/leon3x0/vhdl/p0/iu/r.w.s:{{101} {0000} {00000000} {01000000000000000000} {00000010} {0000} 0 0 1 1 1 {00000000000000000000000000000000} {UUUUUUUUUUUUUUUUUUUUUUUUUUUUUUUU} 1 0 0 1 1 1 0 0 {000} {000} {111}}
/testbench/cpu/l3/u0/leon3x0/vhdl/p0/iu/r.d.pv:1
/testbench/cpu/l3/u0/leon3x0/vhdl/p0/iu/r.a.ldchkra:1
/testbench/cpu/l3/u0/leon3x0/vhdl/p0/iu/r.a.rfa1:10000010
/testbench/cpu/l3/u0/leon3x0/vhdl/p0/iu/r.a.rfa2:10000001
/testbench/cpu/l3/u0/leon3x0/vhdl/p0/iu/r.a.imm:00000000000000000000000000000001
/testbench/cpu/l3/u0/leon3x0/vhdl/p0/iu/r.w.wa:10000010
/testbench/cpu/l3/u0/leon3x0/vhdl/p0/iu/r.m.casaz:0
/testbench/cpu/l3/u0/leon3x0/vhdl/p0/iu/r.x.dci:{0 0 0 1 0 0 {00} {00001011}}
/testbench/cpu/l3/u0/leon3x0/vhdl/p0/iu/r.x.mac:0
/testbench/cpu/l3/u0/leon3x0/vhdl/p0/iu/r.m.divz:0
/testbench/cpu/l3/u0/leon3x0/vhdl/p0/iu/r.d.inst:{{10000010000000001000000000000001}}
/testbench/cpu/l3/u0/leon3x0/vhdl/p0/iu/r.e.rfe1:1
/testbench/cpu/l3/u0/leon3x0/vhdl/p0/iu/r.a.wovf:0
/testbench/cpu/l3/u0/leon3x0/vhdl/p0/iu/r.e.rfe2:0
/testbench/cpu/l3/u0/leon3x0/vhdl/p0/iu/r.e.op1:01000000000011111111111000101000
/testbench/cpu/l3/u0/leon3x0/vhdl/p0/iu/r.m.nalign:0
/testbench/cpu/l3/u0/leon3x0/vhdl/p0/iu/r.e.op2:00000000000000000000000001000100
/testbench/cpu/l3/u0/leon3x0/vhdl/p0/iu/r.d.rexen:0
/testbench/cpu/l3/u0/leon3x0/vhdl/p0/iu/r.a.ctrl:{{01000000000000000000001101000100} {10000010000000001000000000000001} {00} {10000001} {000000} 0 1 0 0 0 0 0 0 0}
/testbench/cpu/l3/u0/leon3x0/vhdl/p0/iu/r.x.ipend:0
/testbench/cpu/l3/u0/leon3x0/vhdl/p0/iu/r.e.ldbp1:0
/testbench/cpu/l3/u0/leon3x0/vhdl/p0/iu/r.e.aluadd:1
/testbench/cpu/l3/u0/leon3x0/vhdl/p0/iu/r.d.set:0
/testbench/cpu/l3/u0/leon3x0/vhdl/p0/iu/r.d.inull:0
/testbench/cpu/l3/u0/leon3x0/vhdl/p0/iu/r.e.ldbp2:0
/testbench/cpu/l3/u0/leon3x0/vhdl/p0/iu/r.d.cnt:00
/testbench/cpu/l3/u0/leon3x0/vhdl/p0/iu/r.a.su:1
/testbench/cpu/l3/u0/leon3x0/vhdl/p0/iu/r.a.et:1
/testbench/cpu/l3/u0/leon3x0/vhdl/p0/iu/r.e.mul:0
/testbench/cpu/l3/u0/leon3x0/vhdl/p0/iu/r.e.alusel:00
/testbench/cpu/l3/u0/leon3x0/vhdl/p0/iu/r.e.aw:U
/testbench/cpu/l3/u0/leon3x0/vhdl/p0/iu/r.e.mac:0
/testbench/cpu/l3/u0/leon3x0/vhdl/p0/iu/r.a.decill:0
/testbench/cpu/l3/u0/leon3x0/vhdl/p0/iu/r.x.icc:0000
/testbench/cpu/l3/u0/leon3x0/vhdl/p0/iu/r.x.result:00000011000000110000001100000011
/testbench/cpu/l3/u0/leon3x0/vhdl/p0/iu/r.e.bp:0
/testbench/cpu/l3/u0/leon3x0/vhdl/p0/iu/r.a.rs1:00010
/testbench/cpu/l3/u0/leon3x0/vhdl/p0/iu/r.e.jmpl:0
/testbench/cpu/l3/u0/leon3x0/vhdl/p0/iu/r.a.rsel1:001
/testbench/cpu/l3/u0/leon3x0/vhdl/p0/iu/r.x.y:00000000000000000000000000000000
/testbench/cpu/l3/u0/leon3x0/vhdl/p0/iu/r.a.rsel2:010
/testbench/cpu/l3/u0/leon3x0/vhdl/p0/iu/r.a.awp:000
/testbench/cpu/l3/u0/leon3x0/vhdl/p0/iu/r.a.paw:0
/testbench/cpu/l3/u0/leon3x0/vhdl/p0/iu/r.x.data:{{00000000000000000000000000000011}}
/testbench/cpu/l3/u0/leon3x0/vhdl/p0/iu/r.m.mul:0
/testbench/cpu/l3/u0/leon3x0/vhdl/p0/iu/r.e.rd:UUUUU
/testbench/cpu/l3/u0/leon3x0/vhdl/p0/iu/r.e.invop2:0
/testbench/cpu/l3/u0/leon3x0/vhdl/p0/iu/r.m.wawp:0
/testbench/cpu/l3/u0/leon3x0/vhdl/p0/iu/r.d.cwpmax:111
/testbench/cpu/l3/u0/leon3x0/vhdl/p0/iu/r.f.branch:0
/testbench/cpu/l3/u0/leon3x0/vhdl/p0/iu/r.d.pcheld:1
/testbench/cpu/l3/u0/leon3x0/vhdl/p0/iu/r.m.dci:{0 1 1 0 0 0 {10} {00001011}}
/testbench/cpu/l3/u0/leon3x0/vhdl/p0/iu/r.e.paw:U
/testbench/cpu/l3/u0/leon3x0/vhdl/p0/iu/r.e.awp:UUU
/testbench/cpu/l3/u0/leon3x0/vhdl/p0/iu/r.e.shcnt:00100
/testbench/cpu/l3/u0/leon3x0/vhdl/p0/iu/r.w.result:01000000000000000001111001001000
/testbench/cpu/l3/u0/leon3x0/vhdl/p0/iu/r.m.mac:0
/testbench/cpu/l3/u0/leon3x0/vhdl/p0/iu/r.m.y:00000000000000000000000000000000
/testbench/cpu/l3/u0/leon3x0/vhdl/p0/iu/r.d.cwp:100
/testbench/cpu/l3/u0/leon3x0/vhdl/p0/iu/r.x.laddr:11
/testbench/cpu/l3/u0/leon3x0/vhdl/p0/iu/r.e.mulstep:0
/testbench/cpu/l3/u0/leon3x0/vhdl/p0/iu/r.e.ymsb:0
/testbench/cpu/l3/u0/leon3x0/vhdl/p0/iu/r.d.rexbuf:00000000000000000000000000000000
/testbench/cpu/l3/u0/leon3x0/vhdl/p0/iu/r.x.npc:100
/testbench/cpu/l3/u0/leon3x0/vhdl/p0/iu/r.f.pc:01000000000000000000001101001000
/testbench/cpu/l3/u0/leon3x0/vhdl/p0/iu/r.d.annul:0
/testbench/cpu/l3/u0/leon3x0/vhdl/p0/iu/r.x.rstate:run
/testbench/cpu/l3/u0/leon3x0/vhdl/p0/iu/r.x.set:0
/testbench/cpu/l3/u0/leon3x0/vhdl/p0/iu/r.m.result:01000000000011111111111000100000
/testbench/cpu/l3/u0/leon3x0/vhdl/p0/iu/r.e.icc:UUUU
/testbench/cpu/l3/u0/leon3x0/vhdl/p0/iu/r.a.getpc:0
/testbench/cpu/l3/u0/leon3x0/vhdl/p0/iu/r.a.ldchkex:1
/testbench/cpu/l3/u0/leon3x0/vhdl/p0/iu/r.x.mexc:0
/testbench/cpu/l3/u0/leon3x0/vhdl/p0/iu/r.a.mulstart:0
/testbench/cpu/l3/u0/leon3x0/vhdl/p0/iu/r.d.rexpos:10
/testbench/cpu/l3/u0/leon3x0/vhdl/p0/iu/r.x.annul_all:0
/testbench/cpu/l3/u0/leon3x0/vhdl/p0/iu/r.e.aluop:000
/testbench/cpu/l3/u0/leon3x0/vhdl/p0/iu/r.x.debug:0
/testbench/cpu/l3/u0/leon3x0/vhdl/p0/iu/r.a.rfe1:0
/testbench/cpu/l3/u0/leon3x0/vhdl/p0/iu/r.d.step:0
/testbench/cpu/l3/u0/leon3x0/vhdl/p0/iu/r.a.rfe2:0
/testbench/cpu/l3/u0/leon3x0/vhdl/p0/iu/r.e.alucin:0
/testbench/cpu/l3/u0/leon3x0/vhdl/p0/iu/r.a.wunf:0
======================================
progstatus: -2
execerr: 69
latent: 1
time limit!
>>>>>>>>>>>>>>> 5745715000
======================================
