Test signal = /testbench/cpu/l3/u0/leon3x0/vhdl/p0/iu/r.a.wunf
oldval = 0
pos1: -1 pos0: 0 posU: -1
newval = 1
Signal value: 0
oldval = 0
pos1: -1 pos0: 0 posU: -1
newval = 1
force in 542372
586290000 >> iteration no: 0
1124190000 >> Requesting for the AHB bus...
1124415000 >> Requesting for the AHB bus...
1124965000 >> AHB granted, starting recovery...
1144165000 >> Recovery done, continuing...
1144215000 >> Requesting for the AHB bus...
1145265000 >> AHB granted, starting recovery...
1164465000 >> Recovery done, continuing...
1164515000 >> Requesting for the AHB bus...
1165565000 >> AHB granted, starting recovery...
1184765000 >> Recovery done, continuing...
1184815000 >> Requesting for the AHB bus...
1185865000 >> AHB granted, starting recovery...
1205065000 >> Recovery done, continuing...
1205115000 >> Requesting for the AHB bus...
1206165000 >> AHB granted, starting recovery...
1225365000 >> Recovery done, continuing...
1225415000 >> Requesting for the AHB bus...
1226465000 >> AHB granted, starting recovery...
1245665000 >> Recovery done, continuing...
1245715000 >> Requesting for the AHB bus...
1246765000 >> AHB granted, starting recovery...
1265965000 >> Recovery done, continuing...
1266015000 >> Requesting for the AHB bus...
1267065000 >> AHB granted, starting recovery...
1286265000 >> Recovery done, continuing...
1286315000 >> Requesting for the AHB bus...
1287365000 >> AHB granted, starting recovery...
1306565000 >> Recovery done, continuing...
1306615000 >> Requesting for the AHB bus...
1307665000 >> AHB granted, starting recovery...
1326865000 >> Recovery done, continuing...
1326915000 >> Requesting for the AHB bus...
1327965000 >> AHB granted, starting recovery...
1347165000 >> Recovery done, continuing...
1347215000 >> Requesting for the AHB bus...
1348265000 >> AHB granted, starting recovery...
1367465000 >> Recovery done, continuing...
1367515000 >> Requesting for the AHB bus...
1368565000 >> AHB granted, starting recovery...
1387765000 >> Recovery done, continuing...
1387815000 >> Requesting for the AHB bus...
1388865000 >> AHB granted, starting recovery...
1408065000 >> Recovery done, continuing...
1408115000 >> Requesting for the AHB bus...
1409340000 >> AHB granted, starting recovery...
1428540000 >> Recovery done, continuing...
1428590000 >> Requesting for the AHB bus...
1429640000 >> AHB granted, starting recovery...
1448840000 >> Recovery done, continuing...
1448890000 >> Requesting for the AHB bus...
1449940000 >> AHB granted, starting recovery...
1469140000 >> Recovery done, continuing...
1469190000 >> Requesting for the AHB bus...
1470240000 >> AHB granted, starting recovery...
1489440000 >> Recovery done, continuing...
1489490000 >> Requesting for the AHB bus...
1490540000 >> AHB granted, starting recovery...
1509740000 >> Recovery done, continuing...
1509790000 >> Requesting for the AHB bus...
1510840000 >> AHB granted, starting recovery...
1530040000 >> Recovery done, continuing...
1530090000 >> Requesting for the AHB bus...
1531140000 >> AHB granted, starting recovery...
1550340000 >> Recovery done, continuing...
1550390000 >> Requesting for the AHB bus...
1551440000 >> AHB granted, starting recovery...
1570640000 >> Recovery done, continuing...
1570690000 >> Requesting for the AHB bus...
1571740000 >> AHB granted, starting recovery...
1590940000 >> Recovery done, continuing...
1590990000 >> Requesting for the AHB bus...
1592040000 >> AHB granted, starting recovery...
1611240000 >> Recovery done, continuing...
1611290000 >> Requesting for the AHB bus...
1612340000 >> AHB granted, starting recovery...
1631540000 >> Recovery done, continuing...
1631590000 >> Requesting for the AHB bus...
1632640000 >> AHB granted, starting recovery...
1651840000 >> Recovery done, continuing...
1651890000 >> Requesting for the AHB bus...
1652940000 >> AHB granted, starting recovery...
1672140000 >> Recovery done, continuing...
1672190000 >> Requesting for the AHB bus...
1673240000 >> AHB granted, starting recovery...
1692440000 >> Recovery done, continuing...
1692490000 >> Requesting for the AHB bus...
1693540000 >> AHB granted, starting recovery...
1712740000 >> Recovery done, continuing...
1712790000 >> Requesting for the AHB bus...
1713840000 >> AHB granted, starting recovery...
1733040000 >> Recovery done, continuing...
1733090000 >> Requesting for the AHB bus...
1734140000 >> AHB granted, starting recovery...
1753340000 >> Recovery done, continuing...
1753390000 >> Requesting for the AHB bus...
1754440000 >> AHB granted, starting recovery...
1773640000 >> Recovery done, continuing...
1773690000 >> Requesting for the AHB bus...
1774740000 >> AHB granted, starting recovery...
1793940000 >> Recovery done, continuing...
1793990000 >> Requesting for the AHB bus...
1795040000 >> AHB granted, starting recovery...
1814240000 >> Recovery done, continuing...
1814290000 >> Requesting for the AHB bus...
1815340000 >> AHB granted, starting recovery...
1834540000 >> Recovery done, continuing...
1834590000 >> Requesting for the AHB bus...
1835640000 >> AHB granted, starting recovery...
1854840000 >> Recovery done, continuing...
1854890000 >> Requesting for the AHB bus...
1855940000 >> AHB granted, starting recovery...
1875140000 >> Recovery done, continuing...
1875190000 >> Requesting for the AHB bus...
1876415000 >> AHB granted, starting recovery...
1895615000 >> Recovery done, continuing...
1895665000 >> Requesting for the AHB bus...
1896715000 >> AHB granted, starting recovery...
1915915000 >> Recovery done, continuing...
1915965000 >> Requesting for the AHB bus...
1917015000 >> AHB granted, starting recovery...
1936215000 >> Recovery done, continuing...
1936265000 >> Requesting for the AHB bus...
1937315000 >> AHB granted, starting recovery...
1956515000 >> Recovery done, continuing...
1956565000 >> Requesting for the AHB bus...
1957615000 >> AHB granted, starting recovery...
1976815000 >> Recovery done, continuing...
1976865000 >> Requesting for the AHB bus...
1977915000 >> AHB granted, starting recovery...
1997115000 >> Recovery done, continuing...
1997165000 >> Requesting for the AHB bus...
1998340000 >> AHB granted, starting recovery...
2017540000 >> Recovery done, continuing...
2017590000 >> Requesting for the AHB bus...
2018640000 >> AHB granted, starting recovery...
2037840000 >> Recovery done, continuing...
2037890000 >> Requesting for the AHB bus...
2038940000 >> AHB granted, starting recovery...
2058140000 >> Recovery done, continuing...
2058190000 >> Requesting for the AHB bus...
2059240000 >> AHB granted, starting recovery...
2078440000 >> Recovery done, continuing...
2078490000 >> Requesting for the AHB bus...
2079540000 >> AHB granted, starting recovery...
2098740000 >> Recovery done, continuing...
2098790000 >> Requesting for the AHB bus...
2099840000 >> AHB granted, starting recovery...
2119040000 >> Recovery done, continuing...
2119090000 >> Requesting for the AHB bus...
2120140000 >> AHB granted, starting recovery...
2139340000 >> Recovery done, continuing...
2139390000 >> Requesting for the AHB bus...
2140440000 >> AHB granted, starting recovery...
2159640000 >> Recovery done, continuing...
2159690000 >> Requesting for the AHB bus...
2160740000 >> AHB granted, starting recovery...
2179940000 >> Recovery done, continuing...
2179990000 >> Requesting for the AHB bus...
2181040000 >> AHB granted, starting recovery...
2200240000 >> Recovery done, continuing...
2200290000 >> Requesting for the AHB bus...
2201340000 >> AHB granted, starting recovery...
2220540000 >> Recovery done, continuing...
2220590000 >> Requesting for the AHB bus...
2221640000 >> AHB granted, starting recovery...
2240840000 >> Recovery done, continuing...
2240890000 >> Requesting for the AHB bus...
2241940000 >> AHB granted, starting recovery...
2261140000 >> Recovery done, continuing...
2261190000 >> Requesting for the AHB bus...
2262240000 >> AHB granted, starting recovery...
2281440000 >> Recovery done, continuing...
2281490000 >> Requesting for the AHB bus...
2282540000 >> AHB granted, starting recovery...
2301740000 >> Recovery done, continuing...
2301790000 >> Requesting for the AHB bus...
2302840000 >> AHB granted, starting recovery...
2322040000 >> Recovery done, continuing...
2322090000 >> Requesting for the AHB bus...
2323140000 >> AHB granted, starting recovery...
2342340000 >> Recovery done, continuing...
2342390000 >> Requesting for the AHB bus...
2343615000 >> AHB granted, starting recovery...
2362815000 >> Recovery done, continuing...
2362865000 >> Requesting for the AHB bus...
2363915000 >> AHB granted, starting recovery...
2383115000 >> Recovery done, continuing...
2383165000 >> Requesting for the AHB bus...
2384215000 >> AHB granted, starting recovery...
2403415000 >> Recovery done, continuing...
2403465000 >> Requesting for the AHB bus...
2404515000 >> AHB granted, starting recovery...
2423715000 >> Recovery done, continuing...
2423765000 >> Requesting for the AHB bus...
2424815000 >> AHB granted, starting recovery...
2444015000 >> Recovery done, continuing...
2444065000 >> Requesting for the AHB bus...
2445115000 >> AHB granted, starting recovery...
2464315000 >> Recovery done, continuing...
2464365000 >> Requesting for the AHB bus...
2465540000 >> AHB granted, starting recovery...
2484740000 >> Recovery done, continuing...
2484790000 >> Requesting for the AHB bus...
2485840000 >> AHB granted, starting recovery...
2505040000 >> Recovery done, continuing...
2505090000 >> Requesting for the AHB bus...
2506140000 >> AHB granted, starting recovery...
2525340000 >> Recovery done, continuing...
2525390000 >> Requesting for the AHB bus...
2526440000 >> AHB granted, starting recovery...
2545640000 >> Recovery done, continuing...
2545690000 >> Requesting for the AHB bus...
2546740000 >> AHB granted, starting recovery...
2565940000 >> Recovery done, continuing...
2565990000 >> Requesting for the AHB bus...
2567040000 >> AHB granted, starting recovery...
2586240000 >> Recovery done, continuing...
2586290000 >> Requesting for the AHB bus...
2587340000 >> AHB granted, starting recovery...
2606540000 >> Recovery done, continuing...
2606590000 >> Requesting for the AHB bus...
2607640000 >> AHB granted, starting recovery...
2626840000 >> Recovery done, continuing...
2626890000 >> Requesting for the AHB bus...
2627940000 >> AHB granted, starting recovery...
2647140000 >> Recovery done, continuing...
2647190000 >> Requesting for the AHB bus...
2648240000 >> AHB granted, starting recovery...
2667440000 >> Recovery done, continuing...
2667490000 >> Requesting for the AHB bus...
2668540000 >> AHB granted, starting recovery...
2687740000 >> Recovery done, continuing...
2687790000 >> Requesting for the AHB bus...
2688840000 >> AHB granted, starting recovery...
2708040000 >> Recovery done, continuing...
2708090000 >> Requesting for the AHB bus...
2709140000 >> AHB granted, starting recovery...
2728340000 >> Recovery done, continuing...
2728390000 >> Requesting for the AHB bus...
2729440000 >> AHB granted, starting recovery...
2748640000 >> Recovery done, continuing...
2748690000 >> Requesting for the AHB bus...
2749740000 >> AHB granted, starting recovery...
2768940000 >> Recovery done, continuing...
2768990000 >> Requesting for the AHB bus...
2770040000 >> AHB granted, starting recovery...
2789240000 >> Recovery done, continuing...
2789290000 >> Requesting for the AHB bus...
2790340000 >> AHB granted, starting recovery...
2809540000 >> Recovery done, continuing...
2809590000 >> Requesting for the AHB bus...
2810815000 >> AHB granted, starting recovery...
2830015000 >> Recovery done, continuing...
2830065000 >> Requesting for the AHB bus...
2831115000 >> AHB granted, starting recovery...
2850315000 >> Recovery done, continuing...
2850365000 >> Requesting for the AHB bus...
2851415000 >> AHB granted, starting recovery...
2870615000 >> Recovery done, continuing...
2870665000 >> Requesting for the AHB bus...
2871715000 >> AHB granted, starting recovery...
2890915000 >> Recovery done, continuing...
2890965000 >> Requesting for the AHB bus...
2892015000 >> AHB granted, starting recovery...
2911215000 >> Recovery done, continuing...
2911265000 >> Requesting for the AHB bus...
2912315000 >> AHB granted, starting recovery...
2931515000 >> Recovery done, continuing...
2931565000 >> Requesting for the AHB bus...
2932740000 >> AHB granted, starting recovery...
2951940000 >> Recovery done, continuing...
2951990000 >> Requesting for the AHB bus...
2953040000 >> AHB granted, starting recovery...
2972240000 >> Recovery done, continuing...
2972290000 >> Requesting for the AHB bus...
2973340000 >> AHB granted, starting recovery...
2992540000 >> Recovery done, continuing...
2992590000 >> Requesting for the AHB bus...
2993640000 >> AHB granted, starting recovery...
3012840000 >> Recovery done, continuing...
3012890000 >> Requesting for the AHB bus...
3013940000 >> AHB granted, starting recovery...
3033140000 >> Recovery done, continuing...
3033190000 >> Requesting for the AHB bus...
3034240000 >> AHB granted, starting recovery...
3053440000 >> Recovery done, continuing...
3053490000 >> Requesting for the AHB bus...
3054540000 >> AHB granted, starting recovery...
3073740000 >> Recovery done, continuing...
3073790000 >> Requesting for the AHB bus...
3074840000 >> AHB granted, starting recovery...
3094040000 >> Recovery done, continuing...
3094090000 >> Requesting for the AHB bus...
3095140000 >> AHB granted, starting recovery...
3114340000 >> Recovery done, continuing...
3114390000 >> Requesting for the AHB bus...
3115440000 >> AHB granted, starting recovery...
3134640000 >> Recovery done, continuing...
3134690000 >> Requesting for the AHB bus...
3135740000 >> AHB granted, starting recovery...
3154940000 >> Recovery done, continuing...
3154990000 >> Requesting for the AHB bus...
3156040000 >> AHB granted, starting recovery...
3175240000 >> Recovery done, continuing...
3175290000 >> Requesting for the AHB bus...
3176340000 >> AHB granted, starting recovery...
3195540000 >> Recovery done, continuing...
3195590000 >> Requesting for the AHB bus...
3196640000 >> AHB granted, starting recovery...
3215840000 >> Recovery done, continuing...
3215890000 >> Requesting for the AHB bus...
3216940000 >> AHB granted, starting recovery...
3236140000 >> Recovery done, continuing...
3236190000 >> Requesting for the AHB bus...
3237240000 >> AHB granted, starting recovery...
3256440000 >> Recovery done, continuing...
3256490000 >> Requesting for the AHB bus...
3257540000 >> AHB granted, starting recovery...
3276740000 >> Recovery done, continuing...
3276790000 >> Requesting for the AHB bus...
3278015000 >> AHB granted, starting recovery...
3297215000 >> Recovery done, continuing...
3297265000 >> Requesting for the AHB bus...
3298315000 >> AHB granted, starting recovery...
3317515000 >> Recovery done, continuing...
3317565000 >> Requesting for the AHB bus...
3318615000 >> AHB granted, starting recovery...
3337815000 >> Recovery done, continuing...
3337865000 >> Requesting for the AHB bus...
3338915000 >> AHB granted, starting recovery...
3358115000 >> Recovery done, continuing...
3358165000 >> Requesting for the AHB bus...
3359215000 >> AHB granted, starting recovery...
3378415000 >> Recovery done, continuing...
3378465000 >> Requesting for the AHB bus...
3379515000 >> AHB granted, starting recovery...
3398715000 >> Recovery done, continuing...
3398765000 >> Requesting for the AHB bus...
3399940000 >> AHB granted, starting recovery...
3419140000 >> Recovery done, continuing...
3419190000 >> Requesting for the AHB bus...
3420240000 >> AHB granted, starting recovery...
3439440000 >> Recovery done, continuing...
3439490000 >> Requesting for the AHB bus...
3440540000 >> AHB granted, starting recovery...
3459740000 >> Recovery done, continuing...
3459790000 >> Requesting for the AHB bus...
3460840000 >> AHB granted, starting recovery...
3480040000 >> Recovery done, continuing...
3480090000 >> Requesting for the AHB bus...
3481140000 >> AHB granted, starting recovery...
3500340000 >> Recovery done, continuing...
3500390000 >> Requesting for the AHB bus...
3501440000 >> AHB granted, starting recovery...
3520640000 >> Recovery done, continuing...
3520690000 >> Requesting for the AHB bus...
3521740000 >> AHB granted, starting recovery...
3540940000 >> Recovery done, continuing...
3540990000 >> Requesting for the AHB bus...
3542040000 >> AHB granted, starting recovery...
3561240000 >> Recovery done, continuing...
3561290000 >> Requesting for the AHB bus...
3562340000 >> AHB granted, starting recovery...
3581540000 >> Recovery done, continuing...
3581590000 >> Requesting for the AHB bus...
3582640000 >> AHB granted, starting recovery...
3601840000 >> Recovery done, continuing...
3601890000 >> Requesting for the AHB bus...
3602940000 >> AHB granted, starting recovery...
3622140000 >> Recovery done, continuing...
3622190000 >> Requesting for the AHB bus...
3623240000 >> AHB granted, starting recovery...
3642440000 >> Recovery done, continuing...
3642490000 >> Requesting for the AHB bus...
3643540000 >> AHB granted, starting recovery...
3662740000 >> Recovery done, continuing...
3662790000 >> Requesting for the AHB bus...
3663840000 >> AHB granted, starting recovery...
3683040000 >> Recovery done, continuing...
3683090000 >> Requesting for the AHB bus...
3684140000 >> AHB granted, starting recovery...
3703340000 >> Recovery done, continuing...
3703390000 >> Requesting for the AHB bus...
3704440000 >> AHB granted, starting recovery...
3723640000 >> Recovery done, continuing...
3723690000 >> Requesting for the AHB bus...
3724740000 >> AHB granted, starting recovery...
3743940000 >> Recovery done, continuing...
3743990000 >> Requesting for the AHB bus...
3745215000 >> AHB granted, starting recovery...
3764415000 >> Recovery done, continuing...
3764465000 >> Requesting for the AHB bus...
3765515000 >> AHB granted, starting recovery...
3784715000 >> Recovery done, continuing...
3784765000 >> Requesting for the AHB bus...
3785815000 >> AHB granted, starting recovery...
3805015000 >> Recovery done, continuing...
3805065000 >> Requesting for the AHB bus...
3806115000 >> AHB granted, starting recovery...
3825315000 >> Recovery done, continuing...
3825365000 >> Requesting for the AHB bus...
3826415000 >> AHB granted, starting recovery...
3845615000 >> Recovery done, continuing...
3845665000 >> Requesting for the AHB bus...
3846715000 >> AHB granted, starting recovery...
3865915000 >> Recovery done, continuing...
3865965000 >> Requesting for the AHB bus...
3867140000 >> AHB granted, starting recovery...
3886340000 >> Recovery done, continuing...
3886390000 >> Requesting for the AHB bus...
3887440000 >> AHB granted, starting recovery...
3906640000 >> Recovery done, continuing...
3906690000 >> Requesting for the AHB bus...
3907740000 >> AHB granted, starting recovery...
3926940000 >> Recovery done, continuing...
3926990000 >> Requesting for the AHB bus...
3928040000 >> AHB granted, starting recovery...
3947240000 >> Recovery done, continuing...
3947290000 >> Requesting for the AHB bus...
3948340000 >> AHB granted, starting recovery...
3967540000 >> Recovery done, continuing...
3967590000 >> Requesting for the AHB bus...
3968640000 >> AHB granted, starting recovery...
3987840000 >> Recovery done, continuing...
3987890000 >> Requesting for the AHB bus...
3988940000 >> AHB granted, starting recovery...
4008140000 >> Recovery done, continuing...
4008190000 >> Requesting for the AHB bus...
4009240000 >> AHB granted, starting recovery...
4028440000 >> Recovery done, continuing...
4028490000 >> Requesting for the AHB bus...
4029540000 >> AHB granted, starting recovery...
4048740000 >> Recovery done, continuing...
4048790000 >> Requesting for the AHB bus...
4049840000 >> AHB granted, starting recovery...
4069040000 >> Recovery done, continuing...
4069090000 >> Requesting for the AHB bus...
4070140000 >> AHB granted, starting recovery...
4089340000 >> Recovery done, continuing...
4089390000 >> Requesting for the AHB bus...
4090440000 >> AHB granted, starting recovery...
4109640000 >> Recovery done, continuing...
4109690000 >> Requesting for the AHB bus...
4110740000 >> AHB granted, starting recovery...
4129940000 >> Recovery done, continuing...
4129990000 >> Requesting for the AHB bus...
4131040000 >> AHB granted, starting recovery...
4150240000 >> Recovery done, continuing...
4150290000 >> Requesting for the AHB bus...
4151340000 >> AHB granted, starting recovery...
4170540000 >> Recovery done, continuing...
4170590000 >> Requesting for the AHB bus...
4171640000 >> AHB granted, starting recovery...
4190840000 >> Recovery done, continuing...
4190890000 >> Requesting for the AHB bus...
4191940000 >> AHB granted, starting recovery...
4211140000 >> Recovery done, continuing...
4211190000 >> Requesting for the AHB bus...
4212415000 >> AHB granted, starting recovery...
4231615000 >> Recovery done, continuing...
4231665000 >> Requesting for the AHB bus...
4232715000 >> AHB granted, starting recovery...
4251915000 >> Recovery done, continuing...
4251965000 >> Requesting for the AHB bus...
4253015000 >> AHB granted, starting recovery...
4272215000 >> Recovery done, continuing...
4272265000 >> Requesting for the AHB bus...
4273315000 >> AHB granted, starting recovery...
4292515000 >> Recovery done, continuing...
4292565000 >> Requesting for the AHB bus...
4293615000 >> AHB granted, starting recovery...
4312815000 >> Recovery done, continuing...
4312865000 >> Requesting for the AHB bus...
4313915000 >> AHB granted, starting recovery...
4333115000 >> Recovery done, continuing...
4333165000 >> Requesting for the AHB bus...
4334340000 >> AHB granted, starting recovery...
4353540000 >> Recovery done, continuing...
4353590000 >> Requesting for the AHB bus...
4354640000 >> AHB granted, starting recovery...
4373840000 >> Recovery done, continuing...
4373890000 >> Requesting for the AHB bus...
4374940000 >> AHB granted, starting recovery...
4394140000 >> Recovery done, continuing...
4394190000 >> Requesting for the AHB bus...
4395240000 >> AHB granted, starting recovery...
4414440000 >> Recovery done, continuing...
4414490000 >> Requesting for the AHB bus...
4415540000 >> AHB granted, starting recovery...
4434740000 >> Recovery done, continuing...
4434790000 >> Requesting for the AHB bus...
4435840000 >> AHB granted, starting recovery...
4455040000 >> Recovery done, continuing...
4455090000 >> Requesting for the AHB bus...
4456140000 >> AHB granted, starting recovery...
4475340000 >> Recovery done, continuing...
4475390000 >> Requesting for the AHB bus...
4476440000 >> AHB granted, starting recovery...
4495640000 >> Recovery done, continuing...
4495690000 >> Requesting for the AHB bus...
4496740000 >> AHB granted, starting recovery...
4515940000 >> Recovery done, continuing...
4515990000 >> Requesting for the AHB bus...
4517040000 >> AHB granted, starting recovery...
4536240000 >> Recovery done, continuing...
4536290000 >> Requesting for the AHB bus...
4537340000 >> AHB granted, starting recovery...
4556540000 >> Recovery done, continuing...
4556590000 >> Requesting for the AHB bus...
4557640000 >> AHB granted, starting recovery...
4576840000 >> Recovery done, continuing...
4576890000 >> Requesting for the AHB bus...
4577940000 >> AHB granted, starting recovery...
4597140000 >> Recovery done, continuing...
4597190000 >> Requesting for the AHB bus...
4598240000 >> AHB granted, starting recovery...
4617440000 >> Recovery done, continuing...
4617490000 >> Requesting for the AHB bus...
4618540000 >> AHB granted, starting recovery...
4637740000 >> Recovery done, continuing...
4637790000 >> Requesting for the AHB bus...
4638840000 >> AHB granted, starting recovery...
4658040000 >> Recovery done, continuing...
4658090000 >> Requesting for the AHB bus...
4659140000 >> AHB granted, starting recovery...
4678340000 >> Recovery done, continuing...
4678390000 >> Requesting for the AHB bus...
4679615000 >> AHB granted, starting recovery...
4698815000 >> Recovery done, continuing...
4698865000 >> Requesting for the AHB bus...
4699915000 >> AHB granted, starting recovery...
4719115000 >> Recovery done, continuing...
4719165000 >> Requesting for the AHB bus...
4720215000 >> AHB granted, starting recovery...
4739415000 >> Recovery done, continuing...
4739465000 >> Requesting for the AHB bus...
4740515000 >> AHB granted, starting recovery...
4759715000 >> Recovery done, continuing...
4759765000 >> Requesting for the AHB bus...
4760815000 >> AHB granted, starting recovery...
4780015000 >> Recovery done, continuing...
4780065000 >> Requesting for the AHB bus...
4781115000 >> AHB granted, starting recovery...
4800315000 >> Recovery done, continuing...
4800365000 >> Requesting for the AHB bus...
4801540000 >> AHB granted, starting recovery...
4820740000 >> Recovery done, continuing...
4820790000 >> Requesting for the AHB bus...
4821840000 >> AHB granted, starting recovery...
4841040000 >> Recovery done, continuing...
4841090000 >> Requesting for the AHB bus...
4842140000 >> AHB granted, starting recovery...
4861340000 >> Recovery done, continuing...
4861390000 >> Requesting for the AHB bus...
4862440000 >> AHB granted, starting recovery...
4881640000 >> Recovery done, continuing...
4881690000 >> Requesting for the AHB bus...
4882740000 >> AHB granted, starting recovery...
4901940000 >> Recovery done, continuing...
4901990000 >> Requesting for the AHB bus...
4903040000 >> AHB granted, starting recovery...
4922240000 >> Recovery done, continuing...
4922290000 >> Requesting for the AHB bus...
4923340000 >> AHB granted, starting recovery...
4942540000 >> Recovery done, continuing...
4942590000 >> Requesting for the AHB bus...
4943640000 >> AHB granted, starting recovery...
4962840000 >> Recovery done, continuing...
4962890000 >> Requesting for the AHB bus...
4963940000 >> AHB granted, starting recovery...
4983140000 >> Recovery done, continuing...
4983190000 >> Requesting for the AHB bus...
4984240000 >> AHB granted, starting recovery...
5003440000 >> Recovery done, continuing...
5003490000 >> Requesting for the AHB bus...
5004540000 >> AHB granted, starting recovery...
5023740000 >> Recovery done, continuing...
5023790000 >> Requesting for the AHB bus...
5024840000 >> AHB granted, starting recovery...
5044040000 >> Recovery done, continuing...
5044090000 >> Requesting for the AHB bus...
5045140000 >> AHB granted, starting recovery...
5064340000 >> Recovery done, continuing...
5064390000 >> Requesting for the AHB bus...
5065440000 >> AHB granted, starting recovery...
5084640000 >> Recovery done, continuing...
5084690000 >> Requesting for the AHB bus...
5085740000 >> AHB granted, starting recovery...
5104940000 >> Recovery done, continuing...
5104990000 >> Requesting for the AHB bus...
5106040000 >> AHB granted, starting recovery...
5125240000 >> Recovery done, continuing...
5125290000 >> Requesting for the AHB bus...
5126340000 >> AHB granted, starting recovery...
5145540000 >> Recovery done, continuing...
5145590000 >> Requesting for the AHB bus...
5146815000 >> AHB granted, starting recovery...
5166015000 >> Recovery done, continuing...
5166065000 >> Requesting for the AHB bus...
5167115000 >> AHB granted, starting recovery...
5186315000 >> Recovery done, continuing...
5186365000 >> Requesting for the AHB bus...
5187415000 >> AHB granted, starting recovery...
5206615000 >> Recovery done, continuing...
5206665000 >> Requesting for the AHB bus...
5207715000 >> AHB granted, starting recovery...
5226915000 >> Recovery done, continuing...
5226965000 >> Requesting for the AHB bus...
5228015000 >> AHB granted, starting recovery...
5247215000 >> Recovery done, continuing...
5247265000 >> Requesting for the AHB bus...
5248315000 >> AHB granted, starting recovery...
5267515000 >> Recovery done, continuing...
5267565000 >> Requesting for the AHB bus...
5268740000 >> AHB granted, starting recovery...
5287940000 >> Recovery done, continuing...
5287990000 >> Requesting for the AHB bus...
5289040000 >> AHB granted, starting recovery...
5308240000 >> Recovery done, continuing...
5308290000 >> Requesting for the AHB bus...
5309340000 >> AHB granted, starting recovery...
5328540000 >> Recovery done, continuing...
5328590000 >> Requesting for the AHB bus...
5329640000 >> AHB granted, starting recovery...
5348840000 >> Recovery done, continuing...
5348890000 >> Requesting for the AHB bus...
5349940000 >> AHB granted, starting recovery...
5369140000 >> Recovery done, continuing...
5369190000 >> Requesting for the AHB bus...
5370240000 >> AHB granted, starting recovery...
5389440000 >> Recovery done, continuing...
5389490000 >> Requesting for the AHB bus...
5390540000 >> AHB granted, starting recovery...
5409740000 >> Recovery done, continuing...
5409790000 >> Requesting for the AHB bus...
5410840000 >> AHB granted, starting recovery...
5430040000 >> Recovery done, continuing...
5430090000 >> Requesting for the AHB bus...
5431140000 >> AHB granted, starting recovery...
5450340000 >> Recovery done, continuing...
5450390000 >> Requesting for the AHB bus...
5451440000 >> AHB granted, starting recovery...
5470640000 >> Recovery done, continuing...
5470690000 >> Requesting for the AHB bus...
5471740000 >> AHB granted, starting recovery...
5490940000 >> Recovery done, continuing...
5490990000 >> Requesting for the AHB bus...
5492040000 >> AHB granted, starting recovery...
5511240000 >> Recovery done, continuing...
5511290000 >> Requesting for the AHB bus...
5512340000 >> AHB granted, starting recovery...
5531540000 >> Recovery done, continuing...
5531590000 >> Requesting for the AHB bus...
5532640000 >> AHB granted, starting recovery...
5551840000 >> Recovery done, continuing...
5551890000 >> Requesting for the AHB bus...
5552940000 >> AHB granted, starting recovery...
5572140000 >> Recovery done, continuing...
5572190000 >> Requesting for the AHB bus...
5573240000 >> AHB granted, starting recovery...
5592440000 >> Recovery done, continuing...
5592490000 >> Requesting for the AHB bus...
5593540000 >> AHB granted, starting recovery...
5612740000 >> Recovery done, continuing...
5612790000 >> Requesting for the AHB bus...
5614015000 >> AHB granted, starting recovery...
5633215000 >> Recovery done, continuing...
5633265000 >> Requesting for the AHB bus...
5634315000 >> AHB granted, starting recovery...
5653515000 >> Recovery done, continuing...
5653565000 >> Requesting for the AHB bus...
5654615000 >> AHB granted, starting recovery...
5673815000 >> Recovery done, continuing...
5673865000 >> Requesting for the AHB bus...
5674915000 >> AHB granted, starting recovery...
5694115000 >> Recovery done, continuing...
5694165000 >> Requesting for the AHB bus...
5695215000 >> AHB granted, starting recovery...
5714415000 >> Recovery done, continuing...
5714465000 >> Requesting for the AHB bus...
5715515000 >> AHB granted, starting recovery...
5734715000 >> Recovery done, continuing...
5734765000 >> Requesting for the AHB bus...
5735940000 >> AHB granted, starting recovery...
5745715000 >> time limit reached...
/testbench/cpu/l3/u0/leon3x0/vhdl/p0/iu/r.w.wreg:1
/testbench/cpu/l3/u0/leon3x0/vhdl/p0/iu/r.m.irqen:1
/testbench/cpu/l3/u0/leon3x0/vhdl/p0/iu/r.m.icc:0000
/testbench/cpu/l3/u0/leon3x0/vhdl/p0/iu/r.a.ticc:0
/testbench/cpu/l3/u0/leon3x0/vhdl/p0/iu/r.a.step:0
/testbench/cpu/l3/u0/leon3x0/vhdl/p0/iu/r.m.irqen2:1
/testbench/cpu/l3/u0/leon3x0/vhdl/p0/iu/r.d.pc:01000000000000000000001011011100
/testbench/cpu/l3/u0/leon3x0/vhdl/p0/iu/r.d.rexpl:{{00000000000000000000000000000000} {00} {0} 0 0 {0000000000000000000} 0 0 0 0 0 0}
/testbench/cpu/l3/u0/leon3x0/vhdl/p0/iu/r.d.mexc:0
/testbench/cpu/l3/u0/leon3x0/vhdl/p0/iu/r.a.aw:0
/testbench/cpu/l3/u0/leon3x0/vhdl/p0/iu/r.e.ctrl:{{01000000000000000000001011010100} {11000010000001111011111111110100} {00} {10000001} {000000} 0 0 1 0 0 1 1 0 0}
/testbench/cpu/l3/u0/leon3x0/vhdl/p0/iu/r.a.divstart:0
/testbench/cpu/l3/u0/leon3x0/vhdl/p0/iu/r.e.shleft:0
/testbench/cpu/l3/u0/leon3x0/vhdl/p0/iu/r.a.bp:0
/testbench/cpu/l3/u0/leon3x0/vhdl/p0/iu/r.w.twcwp:000
/testbench/cpu/l3/u0/leon3x0/vhdl/p0/iu/r.a.jmpl:0
/testbench/cpu/l3/u0/leon3x0/vhdl/p0/iu/r.m.casa:0
/testbench/cpu/l3/u0/leon3x0/vhdl/p0/iu/r.m.werr:0
/testbench/cpu/l3/u0/leon3x0/vhdl/p0/iu/r.e.su:1
/testbench/cpu/l3/u0/leon3x0/vhdl/p0/iu/r.e.et:1
/testbench/cpu/l3/u0/leon3x0/vhdl/p0/iu/r.a.ldcheck1:1
/testbench/cpu/l3/u0/leon3x0/vhdl/p0/iu/r.d.stwin:000
/testbench/cpu/l3/u0/leon3x0/vhdl/p0/iu/r.a.ldcheck2:0
/testbench/cpu/l3/u0/leon3x0/vhdl/p0/iu/r.x.intack:0
/testbench/cpu/l3/u0/leon3x0/vhdl/p0/iu/r.m.ctrl:{{01000000000000000000001011010000} {11000010001001111011111111111000} {01} {10000001} {000000} 0 0 0 0 0 0 0 0 0}
/testbench/cpu/l3/u0/leon3x0/vhdl/p0/iu/r.a.cwp:101
/testbench/cpu/l3/u0/leon3x0/vhdl/p0/iu/r.e.sari:0
/testbench/cpu/l3/u0/leon3x0/vhdl/p0/iu/r.d.paw:0
/testbench/cpu/l3/u0/leon3x0/vhdl/p0/iu/r.d.aw:0
/testbench/cpu/l3/u0/leon3x0/vhdl/p0/iu/r.d.awp:000
/testbench/cpu/l3/u0/leon3x0/vhdl/p0/iu/r.x.ctrl:{{01000000000000000000001011010000} {11000010001001111011111111111000} {00} {10000001} {000000} 0 0 0 0 0 0 1 0 0}
/testbench/cpu/l3/u0/leon3x0/vhdl/p0/iu/r.m.rexnalign:0
/testbench/cpu/l3/u0/leon3x0/vhdl/p0/iu/r.m.su:1
/testbench/cpu/l3/u0/leon3x0/vhdl/p0/iu/r.m.wcwp:0
/testbench/cpu/l3/u0/leon3x0/vhdl/p0/iu/r.d.divrdy:0
/testbench/cpu/l3/u0/leon3x0/vhdl/p0/iu/r.e.cwp:101
/testbench/cpu/l3/u0/leon3x0/vhdl/p0/iu/r.w.except:0
/testbench/cpu/l3/u0/leon3x0/vhdl/p0/iu/r.x.nerror:0
/testbench/cpu/l3/u0/leon3x0/vhdl/p0/iu/r.a.bpimiss:0
/testbench/cpu/l3/u0/leon3x0/vhdl/p0/iu/r.a.nobp:0
/testbench/cpu/l3/u0/leon3x0/vhdl/p0/iu/r.d.rexcnt:0
/testbench/cpu/l3/u0/leon3x0/vhdl/p0/iu/r.w.s:{{101} {0000} {00000000} {01000000000000000000} {00000010} {0000} 0 0 1 1 1 {00000000000000000000000000000000} {UUUUUUUUUUUUUUUUUUUUUUUUUUUUUUUU} 1 0 0 1 1 1 0 0 {000} {000} {111}}
/testbench/cpu/l3/u0/leon3x0/vhdl/p0/iu/r.d.pv:1
/testbench/cpu/l3/u0/leon3x0/vhdl/p0/iu/r.a.ldchkra:1
/testbench/cpu/l3/u0/leon3x0/vhdl/p0/iu/r.a.rfa1:01101110
/testbench/cpu/l3/u0/leon3x0/vhdl/p0/iu/r.a.rfa2:10000100
/testbench/cpu/l3/u0/leon3x0/vhdl/p0/iu/r.a.imm:00000000000000000000000001000100
/testbench/cpu/l3/u0/leon3x0/vhdl/p0/iu/r.w.wa:10000001
/testbench/cpu/l3/u0/leon3x0/vhdl/p0/iu/r.m.casaz:0
/testbench/cpu/l3/u0/leon3x0/vhdl/p0/iu/r.x.dci:{0 1 0 0 0 0 {10} {00001011}}
/testbench/cpu/l3/u0/leon3x0/vhdl/p0/iu/r.x.mac:0
/testbench/cpu/l3/u0/leon3x0/vhdl/p0/iu/r.m.divz:0
/testbench/cpu/l3/u0/leon3x0/vhdl/p0/iu/r.d.inst:{{10000010000000001000000000000001}}
/testbench/cpu/l3/u0/leon3x0/vhdl/p0/iu/r.e.rfe1:1
/testbench/cpu/l3/u0/leon3x0/vhdl/p0/iu/r.a.wovf:0
/testbench/cpu/l3/u0/leon3x0/vhdl/p0/iu/r.e.rfe2:0
/testbench/cpu/l3/u0/leon3x0/vhdl/p0/iu/r.e.op1:01000000000011111111111010100000
/testbench/cpu/l3/u0/leon3x0/vhdl/p0/iu/r.m.nalign:1
/testbench/cpu/l3/u0/leon3x0/vhdl/p0/iu/r.e.op2:11111111111111111111111111110100
/testbench/cpu/l3/u0/leon3x0/vhdl/p0/iu/r.d.rexen:0
/testbench/cpu/l3/u0/leon3x0/vhdl/p0/iu/r.a.ctrl:{{01000000000000000000001011011000} {11000100000001111010000001000100} {00} {10000010} {000000} 0 0 1 0 0 1 1 0 0}
/testbench/cpu/l3/u0/leon3x0/vhdl/p0/iu/r.x.ipend:0
/testbench/cpu/l3/u0/leon3x0/vhdl/p0/iu/r.e.ldbp1:0
/testbench/cpu/l3/u0/leon3x0/vhdl/p0/iu/r.e.aluadd:1
/testbench/cpu/l3/u0/leon3x0/vhdl/p0/iu/r.d.set:0
/testbench/cpu/l3/u0/leon3x0/vhdl/p0/iu/r.d.inull:0
/testbench/cpu/l3/u0/leon3x0/vhdl/p0/iu/r.e.ldbp2:0
/testbench/cpu/l3/u0/leon3x0/vhdl/p0/iu/r.d.cnt:00
/testbench/cpu/l3/u0/leon3x0/vhdl/p0/iu/r.a.su:1
/testbench/cpu/l3/u0/leon3x0/vhdl/p0/iu/r.a.et:1
/testbench/cpu/l3/u0/leon3x0/vhdl/p0/iu/r.e.mul:0
/testbench/cpu/l3/u0/leon3x0/vhdl/p0/iu/r.e.alusel:00
/testbench/cpu/l3/u0/leon3x0/vhdl/p0/iu/r.e.aw:U
/testbench/cpu/l3/u0/leon3x0/vhdl/p0/iu/r.e.mac:0
/testbench/cpu/l3/u0/leon3x0/vhdl/p0/iu/r.a.decill:0
/testbench/cpu/l3/u0/leon3x0/vhdl/p0/iu/r.x.icc:0000
/testbench/cpu/l3/u0/leon3x0/vhdl/p0/iu/r.x.result:01000000000011111111111010011000
/testbench/cpu/l3/u0/leon3x0/vhdl/p0/iu/r.e.bp:0
/testbench/cpu/l3/u0/leon3x0/vhdl/p0/iu/r.a.rs1:11110
/testbench/cpu/l3/u0/leon3x0/vhdl/p0/iu/r.e.jmpl:0
/testbench/cpu/l3/u0/leon3x0/vhdl/p0/iu/r.a.rsel1:000
/testbench/cpu/l3/u0/leon3x0/vhdl/p0/iu/r.x.y:00000000000000000000000000000000
/testbench/cpu/l3/u0/leon3x0/vhdl/p0/iu/r.a.rsel2:100
/testbench/cpu/l3/u0/leon3x0/vhdl/p0/iu/r.a.awp:000
/testbench/cpu/l3/u0/leon3x0/vhdl/p0/iu/r.a.paw:0
/testbench/cpu/l3/u0/leon3x0/vhdl/p0/iu/r.x.data:{{00000000000000000000000000000001}}
/testbench/cpu/l3/u0/leon3x0/vhdl/p0/iu/r.m.mul:0
/testbench/cpu/l3/u0/leon3x0/vhdl/p0/iu/r.e.rd:UUUUU
/testbench/cpu/l3/u0/leon3x0/vhdl/p0/iu/r.e.invop2:0
/testbench/cpu/l3/u0/leon3x0/vhdl/p0/iu/r.m.wawp:0
/testbench/cpu/l3/u0/leon3x0/vhdl/p0/iu/r.d.cwpmax:111
/testbench/cpu/l3/u0/leon3x0/vhdl/p0/iu/r.f.branch:0
/testbench/cpu/l3/u0/leon3x0/vhdl/p0/iu/r.d.pcheld:0
/testbench/cpu/l3/u0/leon3x0/vhdl/p0/iu/r.m.dci:{0 0 0 1 0 0 {10} {00001011}}
/testbench/cpu/l3/u0/leon3x0/vhdl/p0/iu/r.e.paw:U
/testbench/cpu/l3/u0/leon3x0/vhdl/p0/iu/r.e.awp:UUU
/testbench/cpu/l3/u0/leon3x0/vhdl/p0/iu/r.e.shcnt:10100
/testbench/cpu/l3/u0/leon3x0/vhdl/p0/iu/r.w.result:00000000000000000000000000000010
/testbench/cpu/l3/u0/leon3x0/vhdl/p0/iu/r.m.mac:0
/testbench/cpu/l3/u0/leon3x0/vhdl/p0/iu/r.m.y:00000000000000000000000000000000
/testbench/cpu/l3/u0/leon3x0/vhdl/p0/iu/r.d.cwp:101
/testbench/cpu/l3/u0/leon3x0/vhdl/p0/iu/r.x.laddr:00
/testbench/cpu/l3/u0/leon3x0/vhdl/p0/iu/r.e.mulstep:0
/testbench/cpu/l3/u0/leon3x0/vhdl/p0/iu/r.e.ymsb:0
/testbench/cpu/l3/u0/leon3x0/vhdl/p0/iu/r.d.rexbuf:00000000000000000000000000000000
/testbench/cpu/l3/u0/leon3x0/vhdl/p0/iu/r.x.npc:100
/testbench/cpu/l3/u0/leon3x0/vhdl/p0/iu/r.f.pc:01000000000000000000001011100000
/testbench/cpu/l3/u0/leon3x0/vhdl/p0/iu/r.d.annul:0
/testbench/cpu/l3/u0/leon3x0/vhdl/p0/iu/r.x.rstate:run
/testbench/cpu/l3/u0/leon3x0/vhdl/p0/iu/r.x.set:0
/testbench/cpu/l3/u0/leon3x0/vhdl/p0/iu/r.m.result:00000000000000000000000000000010
/testbench/cpu/l3/u0/leon3x0/vhdl/p0/iu/r.e.icc:UUUU
/testbench/cpu/l3/u0/leon3x0/vhdl/p0/iu/r.a.getpc:0
/testbench/cpu/l3/u0/leon3x0/vhdl/p0/iu/r.a.ldchkex:1
/testbench/cpu/l3/u0/leon3x0/vhdl/p0/iu/r.x.mexc:0
/testbench/cpu/l3/u0/leon3x0/vhdl/p0/iu/r.a.mulstart:0
/testbench/cpu/l3/u0/leon3x0/vhdl/p0/iu/r.d.rexpos:10
/testbench/cpu/l3/u0/leon3x0/vhdl/p0/iu/r.x.annul_all:0
/testbench/cpu/l3/u0/leon3x0/vhdl/p0/iu/r.e.aluop:000
/testbench/cpu/l3/u0/leon3x0/vhdl/p0/iu/r.x.debug:0
/testbench/cpu/l3/u0/leon3x0/vhdl/p0/iu/r.a.rfe1:1
/testbench/cpu/l3/u0/leon3x0/vhdl/p0/iu/r.d.step:0
/testbench/cpu/l3/u0/leon3x0/vhdl/p0/iu/r.a.rfe2:0
/testbench/cpu/l3/u0/leon3x0/vhdl/p0/iu/r.e.alucin:0
/testbench/cpu/l3/u0/leon3x0/vhdl/p0/iu/r.a.wunf:0
======================================
progstatus: -2
execerr: 228
latent: 1
time limit!
>>>>>>>>>>>>>>> 5745715000
======================================
