Test signal = /testbench/cpu/l3/u0/leon3x0/vhdl/p0/iu/r.d.cwp
oldval = 111
pos1: 2 pos0: -1 posU: -1
newval = 110
Signal value: 111
oldval = 111
pos1: 2 pos0: -1 posU: -1
newval = 110
force in 3244248
586290000 >> iteration no: 0
1598340000 >> iteration no: 1
2610390000 >> iteration no: 2
3622265000 >> iteration no: 3
3826615000 >> Requesting for the AHB bus...
3826890000 >> Requesting for the AHB bus...
3827540000 >> AHB granted, starting recovery...
3846740000 >> Recovery done, continuing...
3846790000 >> Requesting for the AHB bus...
3847215000 >> Requesting for the AHB bus...
3847715000 >> AHB granted, starting recovery...
3866915000 >> Recovery done, continuing...
3866965000 >> Requesting for the AHB bus...
3867290000 >> Requesting for the AHB bus...
3867790000 >> AHB granted, starting recovery...
3886990000 >> Recovery done, continuing...
3887040000 >> Requesting for the AHB bus...
3887365000 >> Requesting for the AHB bus...
3887865000 >> AHB granted, starting recovery...
3907065000 >> Recovery done, continuing...
3907115000 >> Requesting for the AHB bus...
3907440000 >> Requesting for the AHB bus...
3907940000 >> AHB granted, starting recovery...
3927140000 >> Recovery done, continuing...
3927190000 >> Requesting for the AHB bus...
3927515000 >> Requesting for the AHB bus...
3928015000 >> AHB granted, starting recovery...
3947215000 >> Recovery done, continuing...
3947265000 >> Requesting for the AHB bus...
3947590000 >> Requesting for the AHB bus...
3948090000 >> AHB granted, starting recovery...
3967290000 >> Recovery done, continuing...
3967340000 >> Requesting for the AHB bus...
3967665000 >> Requesting for the AHB bus...
3968165000 >> AHB granted, starting recovery...
3987365000 >> Recovery done, continuing...
3987415000 >> Requesting for the AHB bus...
3987740000 >> Requesting for the AHB bus...
3988240000 >> AHB granted, starting recovery...
4007440000 >> Recovery done, continuing...
4007490000 >> Requesting for the AHB bus...
4007815000 >> Requesting for the AHB bus...
4008315000 >> AHB granted, starting recovery...
4027515000 >> Recovery done, continuing...
4027565000 >> Requesting for the AHB bus...
4027890000 >> Requesting for the AHB bus...
4028390000 >> AHB granted, starting recovery...
4047590000 >> Recovery done, continuing...
4047640000 >> Requesting for the AHB bus...
4047965000 >> Requesting for the AHB bus...
4048465000 >> AHB granted, starting recovery...
4067665000 >> Recovery done, continuing...
4067715000 >> Requesting for the AHB bus...
4068040000 >> Requesting for the AHB bus...
4068540000 >> AHB granted, starting recovery...
4087740000 >> Recovery done, continuing...
4087790000 >> Requesting for the AHB bus...
4088115000 >> Requesting for the AHB bus...
4088615000 >> AHB granted, starting recovery...
4107815000 >> Recovery done, continuing...
4107865000 >> Requesting for the AHB bus...
4108190000 >> Requesting for the AHB bus...
4108690000 >> AHB granted, starting recovery...
4127890000 >> Recovery done, continuing...
4127940000 >> Requesting for the AHB bus...
4128265000 >> Requesting for the AHB bus...
4128765000 >> AHB granted, starting recovery...
4147965000 >> Recovery done, continuing...
4148015000 >> Requesting for the AHB bus...
4148340000 >> Requesting for the AHB bus...
4148840000 >> AHB granted, starting recovery...
4168040000 >> Recovery done, continuing...
4168090000 >> Requesting for the AHB bus...
4168415000 >> Requesting for the AHB bus...
4168915000 >> AHB granted, starting recovery...
4188115000 >> Recovery done, continuing...
4188165000 >> Requesting for the AHB bus...
4188490000 >> Requesting for the AHB bus...
4188990000 >> AHB granted, starting recovery...
4208190000 >> Recovery done, continuing...
4208240000 >> Requesting for the AHB bus...
4208565000 >> Requesting for the AHB bus...
4209065000 >> AHB granted, starting recovery...
4228265000 >> Recovery done, continuing...
4228315000 >> Requesting for the AHB bus...
4228640000 >> Requesting for the AHB bus...
4229140000 >> AHB granted, starting recovery...
4248340000 >> Recovery done, continuing...
4248390000 >> Requesting for the AHB bus...
4248715000 >> Requesting for the AHB bus...
4249215000 >> AHB granted, starting recovery...
4268415000 >> Recovery done, continuing...
4268465000 >> Requesting for the AHB bus...
4268790000 >> Requesting for the AHB bus...
4269290000 >> AHB granted, starting recovery...
4288490000 >> Recovery done, continuing...
4288540000 >> Requesting for the AHB bus...
4288865000 >> Requesting for the AHB bus...
4289365000 >> AHB granted, starting recovery...
4308565000 >> Recovery done, continuing...
4308615000 >> Requesting for the AHB bus...
4308940000 >> Requesting for the AHB bus...
4309440000 >> AHB granted, starting recovery...
4328640000 >> Recovery done, continuing...
4328690000 >> Requesting for the AHB bus...
4329015000 >> Requesting for the AHB bus...
4329515000 >> AHB granted, starting recovery...
4348715000 >> Recovery done, continuing...
4348765000 >> Requesting for the AHB bus...
4349090000 >> Requesting for the AHB bus...
4349590000 >> AHB granted, starting recovery...
4368790000 >> Recovery done, continuing...
4368840000 >> Requesting for the AHB bus...
4369165000 >> Requesting for the AHB bus...
4369665000 >> AHB granted, starting recovery...
4388865000 >> Recovery done, continuing...
4388915000 >> Requesting for the AHB bus...
4389240000 >> Requesting for the AHB bus...
4389740000 >> AHB granted, starting recovery...
4408940000 >> Recovery done, continuing...
4408990000 >> Requesting for the AHB bus...
4409315000 >> Requesting for the AHB bus...
4409815000 >> AHB granted, starting recovery...
4429015000 >> Recovery done, continuing...
4429065000 >> Requesting for the AHB bus...
4429390000 >> Requesting for the AHB bus...
4429890000 >> AHB granted, starting recovery...
4449090000 >> Recovery done, continuing...
4449140000 >> Requesting for the AHB bus...
4449465000 >> Requesting for the AHB bus...
4449965000 >> AHB granted, starting recovery...
4469165000 >> Recovery done, continuing...
4469215000 >> Requesting for the AHB bus...
4469540000 >> Requesting for the AHB bus...
4470040000 >> AHB granted, starting recovery...
4489240000 >> Recovery done, continuing...
4489290000 >> Requesting for the AHB bus...
4489615000 >> Requesting for the AHB bus...
4490115000 >> AHB granted, starting recovery...
4509315000 >> Recovery done, continuing...
4509365000 >> Requesting for the AHB bus...
4509690000 >> Requesting for the AHB bus...
4510190000 >> AHB granted, starting recovery...
4529390000 >> Recovery done, continuing...
4529440000 >> Requesting for the AHB bus...
4529765000 >> Requesting for the AHB bus...
4530265000 >> AHB granted, starting recovery...
4549465000 >> Recovery done, continuing...
4549515000 >> Requesting for the AHB bus...
4549840000 >> Requesting for the AHB bus...
4550340000 >> AHB granted, starting recovery...
4569540000 >> Recovery done, continuing...
4569590000 >> Requesting for the AHB bus...
4569915000 >> Requesting for the AHB bus...
4570415000 >> AHB granted, starting recovery...
4589615000 >> Recovery done, continuing...
4589665000 >> Requesting for the AHB bus...
4589990000 >> Requesting for the AHB bus...
4590490000 >> AHB granted, starting recovery...
4609690000 >> Recovery done, continuing...
4609740000 >> Requesting for the AHB bus...
4610065000 >> Requesting for the AHB bus...
4610565000 >> AHB granted, starting recovery...
4629765000 >> Recovery done, continuing...
4629815000 >> Requesting for the AHB bus...
4630140000 >> Requesting for the AHB bus...
4630640000 >> AHB granted, starting recovery...
4649840000 >> Recovery done, continuing...
4649890000 >> Requesting for the AHB bus...
4650215000 >> Requesting for the AHB bus...
4650715000 >> AHB granted, starting recovery...
4669915000 >> Recovery done, continuing...
4669965000 >> Requesting for the AHB bus...
4670290000 >> Requesting for the AHB bus...
4670790000 >> AHB granted, starting recovery...
4689990000 >> Recovery done, continuing...
4690040000 >> Requesting for the AHB bus...
4690365000 >> Requesting for the AHB bus...
4690865000 >> AHB granted, starting recovery...
4710065000 >> Recovery done, continuing...
4710115000 >> Requesting for the AHB bus...
4710440000 >> Requesting for the AHB bus...
4710940000 >> AHB granted, starting recovery...
4730140000 >> Recovery done, continuing...
4730190000 >> Requesting for the AHB bus...
4730515000 >> Requesting for the AHB bus...
4731015000 >> AHB granted, starting recovery...
4750215000 >> Recovery done, continuing...
4750265000 >> Requesting for the AHB bus...
4750590000 >> Requesting for the AHB bus...
4751090000 >> AHB granted, starting recovery...
4770290000 >> Recovery done, continuing...
4770340000 >> Requesting for the AHB bus...
4770665000 >> Requesting for the AHB bus...
4771165000 >> AHB granted, starting recovery...
4790365000 >> Recovery done, continuing...
4790415000 >> Requesting for the AHB bus...
4790740000 >> Requesting for the AHB bus...
4791240000 >> AHB granted, starting recovery...
4810440000 >> Recovery done, continuing...
4810490000 >> Requesting for the AHB bus...
4810815000 >> Requesting for the AHB bus...
4811315000 >> AHB granted, starting recovery...
4830515000 >> Recovery done, continuing...
4830565000 >> Requesting for the AHB bus...
4830890000 >> Requesting for the AHB bus...
4831390000 >> AHB granted, starting recovery...
4850590000 >> Recovery done, continuing...
4850640000 >> Requesting for the AHB bus...
4850965000 >> Requesting for the AHB bus...
4851465000 >> AHB granted, starting recovery...
4870665000 >> Recovery done, continuing...
4870715000 >> Requesting for the AHB bus...
4871215000 >> Requesting for the AHB bus...
4871715000 >> AHB granted, starting recovery...
4890915000 >> Recovery done, continuing...
4890965000 >> Requesting for the AHB bus...
4891290000 >> Requesting for the AHB bus...
4891790000 >> AHB granted, starting recovery...
4910990000 >> Recovery done, continuing...
4911040000 >> Requesting for the AHB bus...
4911365000 >> Requesting for the AHB bus...
4911865000 >> AHB granted, starting recovery...
4931065000 >> Recovery done, continuing...
4931115000 >> Requesting for the AHB bus...
4931440000 >> Requesting for the AHB bus...
4931940000 >> AHB granted, starting recovery...
4951140000 >> Recovery done, continuing...
4951190000 >> Requesting for the AHB bus...
4951515000 >> Requesting for the AHB bus...
4952015000 >> AHB granted, starting recovery...
4971215000 >> Recovery done, continuing...
4971265000 >> Requesting for the AHB bus...
4971590000 >> Requesting for the AHB bus...
4972090000 >> AHB granted, starting recovery...
4991290000 >> Recovery done, continuing...
4991340000 >> Requesting for the AHB bus...
4991665000 >> Requesting for the AHB bus...
4992165000 >> AHB granted, starting recovery...
5011365000 >> Recovery done, continuing...
5011415000 >> Requesting for the AHB bus...
5011740000 >> Requesting for the AHB bus...
5012240000 >> AHB granted, starting recovery...
5031440000 >> Recovery done, continuing...
5031490000 >> Requesting for the AHB bus...
5031815000 >> Requesting for the AHB bus...
5032315000 >> AHB granted, starting recovery...
5051515000 >> Recovery done, continuing...
5051565000 >> Requesting for the AHB bus...
5051890000 >> Requesting for the AHB bus...
5052390000 >> AHB granted, starting recovery...
5071590000 >> Recovery done, continuing...
5071640000 >> Requesting for the AHB bus...
5071965000 >> Requesting for the AHB bus...
5072465000 >> AHB granted, starting recovery...
5091665000 >> Recovery done, continuing...
5091715000 >> Requesting for the AHB bus...
5092040000 >> Requesting for the AHB bus...
5092540000 >> AHB granted, starting recovery...
5111740000 >> Recovery done, continuing...
5111790000 >> Requesting for the AHB bus...
5112115000 >> Requesting for the AHB bus...
5112615000 >> AHB granted, starting recovery...
5131815000 >> Recovery done, continuing...
5131865000 >> Requesting for the AHB bus...
5132190000 >> Requesting for the AHB bus...
5132690000 >> AHB granted, starting recovery...
5151890000 >> Recovery done, continuing...
5151940000 >> Requesting for the AHB bus...
5152265000 >> Requesting for the AHB bus...
5152765000 >> AHB granted, starting recovery...
5171965000 >> Recovery done, continuing...
5172015000 >> Requesting for the AHB bus...
5172340000 >> Requesting for the AHB bus...
5172840000 >> AHB granted, starting recovery...
5192040000 >> Recovery done, continuing...
5192090000 >> Requesting for the AHB bus...
5192415000 >> Requesting for the AHB bus...
5192915000 >> AHB granted, starting recovery...
5212115000 >> Recovery done, continuing...
5212165000 >> Requesting for the AHB bus...
5212490000 >> Requesting for the AHB bus...
5212990000 >> AHB granted, starting recovery...
5232190000 >> Recovery done, continuing...
5232240000 >> Requesting for the AHB bus...
5232565000 >> Requesting for the AHB bus...
5233065000 >> AHB granted, starting recovery...
5252265000 >> Recovery done, continuing...
5252315000 >> Requesting for the AHB bus...
5252640000 >> Requesting for the AHB bus...
5253140000 >> AHB granted, starting recovery...
5272340000 >> Recovery done, continuing...
5272390000 >> Requesting for the AHB bus...
5272715000 >> Requesting for the AHB bus...
5273215000 >> AHB granted, starting recovery...
5292415000 >> Recovery done, continuing...
5292465000 >> Requesting for the AHB bus...
5292790000 >> Requesting for the AHB bus...
5293290000 >> AHB granted, starting recovery...
5312490000 >> Recovery done, continuing...
5312540000 >> Requesting for the AHB bus...
5312865000 >> Requesting for the AHB bus...
5313365000 >> AHB granted, starting recovery...
5332565000 >> Recovery done, continuing...
5332615000 >> Requesting for the AHB bus...
5332940000 >> Requesting for the AHB bus...
5333440000 >> AHB granted, starting recovery...
5352640000 >> Recovery done, continuing...
5352690000 >> Requesting for the AHB bus...
5353015000 >> Requesting for the AHB bus...
5353515000 >> AHB granted, starting recovery...
5372715000 >> Recovery done, continuing...
5372765000 >> Requesting for the AHB bus...
5373090000 >> Requesting for the AHB bus...
5373590000 >> AHB granted, starting recovery...
5392790000 >> Recovery done, continuing...
5392840000 >> Requesting for the AHB bus...
5393165000 >> Requesting for the AHB bus...
5393665000 >> AHB granted, starting recovery...
5412865000 >> Recovery done, continuing...
5412915000 >> Requesting for the AHB bus...
5413240000 >> Requesting for the AHB bus...
5413740000 >> AHB granted, starting recovery...
5432940000 >> Recovery done, continuing...
5432990000 >> Requesting for the AHB bus...
5433315000 >> Requesting for the AHB bus...
5433815000 >> AHB granted, starting recovery...
5453015000 >> Recovery done, continuing...
5453065000 >> Requesting for the AHB bus...
5453390000 >> Requesting for the AHB bus...
5453890000 >> AHB granted, starting recovery...
5473090000 >> Recovery done, continuing...
5473140000 >> Requesting for the AHB bus...
5473465000 >> Requesting for the AHB bus...
5473965000 >> AHB granted, starting recovery...
5493165000 >> Recovery done, continuing...
5493215000 >> Requesting for the AHB bus...
5493540000 >> Requesting for the AHB bus...
5494040000 >> AHB granted, starting recovery...
5513240000 >> Recovery done, continuing...
5513290000 >> Requesting for the AHB bus...
5513615000 >> Requesting for the AHB bus...
5514115000 >> AHB granted, starting recovery...
5533315000 >> Recovery done, continuing...
5533365000 >> Requesting for the AHB bus...
5533690000 >> Requesting for the AHB bus...
5534190000 >> AHB granted, starting recovery...
5553390000 >> Recovery done, continuing...
5553440000 >> Requesting for the AHB bus...
5553765000 >> Requesting for the AHB bus...
5554265000 >> AHB granted, starting recovery...
5573465000 >> Recovery done, continuing...
5573515000 >> Requesting for the AHB bus...
5573840000 >> Requesting for the AHB bus...
5574340000 >> AHB granted, starting recovery...
5593540000 >> Recovery done, continuing...
5593590000 >> Requesting for the AHB bus...
5593915000 >> Requesting for the AHB bus...
5594415000 >> AHB granted, starting recovery...
5613615000 >> Recovery done, continuing...
5613665000 >> Requesting for the AHB bus...
5613990000 >> Requesting for the AHB bus...
5614490000 >> AHB granted, starting recovery...
5633690000 >> Recovery done, continuing...
5633740000 >> Requesting for the AHB bus...
5634065000 >> Requesting for the AHB bus...
5634565000 >> AHB granted, starting recovery...
5653765000 >> Recovery done, continuing...
5653815000 >> Requesting for the AHB bus...
5654140000 >> Requesting for the AHB bus...
5654640000 >> AHB granted, starting recovery...
5673840000 >> Recovery done, continuing...
5673890000 >> Requesting for the AHB bus...
5674215000 >> Requesting for the AHB bus...
5674715000 >> AHB granted, starting recovery...
5693915000 >> Recovery done, continuing...
5693965000 >> Requesting for the AHB bus...
5694290000 >> Requesting for the AHB bus...
5694790000 >> AHB granted, starting recovery...
5713990000 >> Recovery done, continuing...
5714040000 >> Requesting for the AHB bus...
5714365000 >> Requesting for the AHB bus...
5714865000 >> AHB granted, starting recovery...
5734065000 >> Recovery done, continuing...
5734115000 >> Requesting for the AHB bus...
5734440000 >> Requesting for the AHB bus...
5734940000 >> AHB granted, starting recovery...
5745715000 >> time limit reached...
/testbench/cpu/l3/u0/leon3x0/vhdl/p0/iu/r.w.wreg:0
/testbench/cpu/l3/u0/leon3x0/vhdl/p0/iu/r.m.irqen:1
/testbench/cpu/l3/u0/leon3x0/vhdl/p0/iu/r.m.icc:0000
/testbench/cpu/l3/u0/leon3x0/vhdl/p0/iu/r.a.ticc:0
/testbench/cpu/l3/u0/leon3x0/vhdl/p0/iu/r.a.step:0
/testbench/cpu/l3/u0/leon3x0/vhdl/p0/iu/r.m.irqen2:1
/testbench/cpu/l3/u0/leon3x0/vhdl/p0/iu/r.d.pc:01000000000000000000001101101100
/testbench/cpu/l3/u0/leon3x0/vhdl/p0/iu/r.d.rexpl:{{00000000000000000000000000000000} {00} {0} 0 0 {0000000000000000000} 0 0 0 0 0 0}
/testbench/cpu/l3/u0/leon3x0/vhdl/p0/iu/r.d.mexc:0
/testbench/cpu/l3/u0/leon3x0/vhdl/p0/iu/r.a.aw:0
/testbench/cpu/l3/u0/leon3x0/vhdl/p0/iu/r.e.ctrl:{{01000000000000000000001101101000} {11000010000001111011111111110000} {00} {10000001} {000000} 0 0 1 0 0 1 1 0 0}
/testbench/cpu/l3/u0/leon3x0/vhdl/p0/iu/r.a.divstart:0
/testbench/cpu/l3/u0/leon3x0/vhdl/p0/iu/r.e.shleft:0
/testbench/cpu/l3/u0/leon3x0/vhdl/p0/iu/r.a.bp:0
/testbench/cpu/l3/u0/leon3x0/vhdl/p0/iu/r.w.twcwp:000
/testbench/cpu/l3/u0/leon3x0/vhdl/p0/iu/r.a.jmpl:0
/testbench/cpu/l3/u0/leon3x0/vhdl/p0/iu/r.m.casa:0
/testbench/cpu/l3/u0/leon3x0/vhdl/p0/iu/r.m.werr:0
/testbench/cpu/l3/u0/leon3x0/vhdl/p0/iu/r.e.su:1
/testbench/cpu/l3/u0/leon3x0/vhdl/p0/iu/r.e.et:1
/testbench/cpu/l3/u0/leon3x0/vhdl/p0/iu/r.a.ldcheck1:1
/testbench/cpu/l3/u0/leon3x0/vhdl/p0/iu/r.d.stwin:000
/testbench/cpu/l3/u0/leon3x0/vhdl/p0/iu/r.a.ldcheck2:1
/testbench/cpu/l3/u0/leon3x0/vhdl/p0/iu/r.x.intack:0
/testbench/cpu/l3/u0/leon3x0/vhdl/p0/iu/r.m.ctrl:{{01000000000000000000001101100100} {10000100000100000010000000001001} {00} {10000010} {000000} 0 0 1 0 0 0 1 0 0}
/testbench/cpu/l3/u0/leon3x0/vhdl/p0/iu/r.a.cwp:110
/testbench/cpu/l3/u0/leon3x0/vhdl/p0/iu/r.e.sari:0
/testbench/cpu/l3/u0/leon3x0/vhdl/p0/iu/r.d.paw:0
/testbench/cpu/l3/u0/leon3x0/vhdl/p0/iu/r.d.aw:0
/testbench/cpu/l3/u0/leon3x0/vhdl/p0/iu/r.d.awp:000
/testbench/cpu/l3/u0/leon3x0/vhdl/p0/iu/r.x.ctrl:{{01000000000000000000001101100000} {11000010001001111011111111110100} {01} {10000001} {000000} 0 0 0 0 0 0 0 0 0}
/testbench/cpu/l3/u0/leon3x0/vhdl/p0/iu/r.m.rexnalign:0
/testbench/cpu/l3/u0/leon3x0/vhdl/p0/iu/r.m.su:1
/testbench/cpu/l3/u0/leon3x0/vhdl/p0/iu/r.m.wcwp:0
/testbench/cpu/l3/u0/leon3x0/vhdl/p0/iu/r.d.divrdy:0
/testbench/cpu/l3/u0/leon3x0/vhdl/p0/iu/r.e.cwp:110
/testbench/cpu/l3/u0/leon3x0/vhdl/p0/iu/r.w.except:0
/testbench/cpu/l3/u0/leon3x0/vhdl/p0/iu/r.x.nerror:0
/testbench/cpu/l3/u0/leon3x0/vhdl/p0/iu/r.a.bpimiss:0
/testbench/cpu/l3/u0/leon3x0/vhdl/p0/iu/r.a.nobp:0
/testbench/cpu/l3/u0/leon3x0/vhdl/p0/iu/r.d.rexcnt:0
/testbench/cpu/l3/u0/leon3x0/vhdl/p0/iu/r.w.s:{{101} {0000} {00000000} {01000000000000000000} {00000010} {0000} 0 0 1 1 1 {00000000000000000000000000000000} {UUUUUUUUUUUUUUUUUUUUUUUUUUUUUUUU} 1 0 0 1 1 1 0 0 {000} {000} {111}}
/testbench/cpu/l3/u0/leon3x0/vhdl/p0/iu/r.d.pv:1
/testbench/cpu/l3/u0/leon3x0/vhdl/p0/iu/r.a.ldchkra:1
/testbench/cpu/l3/u0/leon3x0/vhdl/p0/iu/r.a.rfa1:10000010
/testbench/cpu/l3/u0/leon3x0/vhdl/p0/iu/r.a.rfa2:10000001
/testbench/cpu/l3/u0/leon3x0/vhdl/p0/iu/r.a.imm:00000000000000000000000000000001
/testbench/cpu/l3/u0/leon3x0/vhdl/p0/iu/r.w.wa:10000001
/testbench/cpu/l3/u0/leon3x0/vhdl/p0/iu/r.m.casaz:0
/testbench/cpu/l3/u0/leon3x0/vhdl/p0/iu/r.x.dci:{0 0 0 1 0 0 {10} {00001011}}
/testbench/cpu/l3/u0/leon3x0/vhdl/p0/iu/r.x.mac:0
/testbench/cpu/l3/u0/leon3x0/vhdl/p0/iu/r.m.divz:0
/testbench/cpu/l3/u0/leon3x0/vhdl/p0/iu/r.d.inst:{{10000100001000001000000000000001}}
/testbench/cpu/l3/u0/leon3x0/vhdl/p0/iu/r.e.rfe1:1
/testbench/cpu/l3/u0/leon3x0/vhdl/p0/iu/r.a.wovf:0
/testbench/cpu/l3/u0/leon3x0/vhdl/p0/iu/r.e.rfe2:0
/testbench/cpu/l3/u0/leon3x0/vhdl/p0/iu/r.e.op1:01000000000011111111111100000000
/testbench/cpu/l3/u0/leon3x0/vhdl/p0/iu/r.m.nalign:1
/testbench/cpu/l3/u0/leon3x0/vhdl/p0/iu/r.e.op2:11111111111111111111111111110000
/testbench/cpu/l3/u0/leon3x0/vhdl/p0/iu/r.d.rexen:0
/testbench/cpu/l3/u0/leon3x0/vhdl/p0/iu/r.a.ctrl:{{01000000000000000000001101101100} {10000100001000001000000000000001} {00} {10000010} {000000} 0 1 0 0 0 0 0 0 0}
/testbench/cpu/l3/u0/leon3x0/vhdl/p0/iu/r.x.ipend:0
/testbench/cpu/l3/u0/leon3x0/vhdl/p0/iu/r.e.ldbp1:0
/testbench/cpu/l3/u0/leon3x0/vhdl/p0/iu/r.e.aluadd:1
/testbench/cpu/l3/u0/leon3x0/vhdl/p0/iu/r.d.set:0
/testbench/cpu/l3/u0/leon3x0/vhdl/p0/iu/r.d.inull:0
/testbench/cpu/l3/u0/leon3x0/vhdl/p0/iu/r.e.ldbp2:0
/testbench/cpu/l3/u0/leon3x0/vhdl/p0/iu/r.d.cnt:00
/testbench/cpu/l3/u0/leon3x0/vhdl/p0/iu/r.a.su:1
/testbench/cpu/l3/u0/leon3x0/vhdl/p0/iu/r.a.et:1
/testbench/cpu/l3/u0/leon3x0/vhdl/p0/iu/r.e.mul:0
/testbench/cpu/l3/u0/leon3x0/vhdl/p0/iu/r.e.alusel:00
/testbench/cpu/l3/u0/leon3x0/vhdl/p0/iu/r.e.aw:U
/testbench/cpu/l3/u0/leon3x0/vhdl/p0/iu/r.e.mac:0
/testbench/cpu/l3/u0/leon3x0/vhdl/p0/iu/r.a.decill:0
/testbench/cpu/l3/u0/leon3x0/vhdl/p0/iu/r.x.icc:0000
/testbench/cpu/l3/u0/leon3x0/vhdl/p0/iu/r.x.result:00000000000000000000000000001000
/testbench/cpu/l3/u0/leon3x0/vhdl/p0/iu/r.e.bp:0
/testbench/cpu/l3/u0/leon3x0/vhdl/p0/iu/r.a.rs1:00010
/testbench/cpu/l3/u0/leon3x0/vhdl/p0/iu/r.e.jmpl:0
/testbench/cpu/l3/u0/leon3x0/vhdl/p0/iu/r.a.rsel1:010
/testbench/cpu/l3/u0/leon3x0/vhdl/p0/iu/r.x.y:00000000000000000000000000000000
/testbench/cpu/l3/u0/leon3x0/vhdl/p0/iu/r.a.rsel2:001
/testbench/cpu/l3/u0/leon3x0/vhdl/p0/iu/r.a.awp:000
/testbench/cpu/l3/u0/leon3x0/vhdl/p0/iu/r.a.paw:0
/testbench/cpu/l3/u0/leon3x0/vhdl/p0/iu/r.x.data:{{00000000000000000000000000000111}}
/testbench/cpu/l3/u0/leon3x0/vhdl/p0/iu/r.m.mul:0
/testbench/cpu/l3/u0/leon3x0/vhdl/p0/iu/r.e.rd:UUUUU
/testbench/cpu/l3/u0/leon3x0/vhdl/p0/iu/r.e.invop2:0
/testbench/cpu/l3/u0/leon3x0/vhdl/p0/iu/r.m.wawp:0
/testbench/cpu/l3/u0/leon3x0/vhdl/p0/iu/r.d.cwpmax:111
/testbench/cpu/l3/u0/leon3x0/vhdl/p0/iu/r.f.branch:0
/testbench/cpu/l3/u0/leon3x0/vhdl/p0/iu/r.d.pcheld:1
/testbench/cpu/l3/u0/leon3x0/vhdl/p0/iu/r.m.dci:{0 0 1 0 0 0 {10} {00001011}}
/testbench/cpu/l3/u0/leon3x0/vhdl/p0/iu/r.e.paw:U
/testbench/cpu/l3/u0/leon3x0/vhdl/p0/iu/r.e.awp:UUU
/testbench/cpu/l3/u0/leon3x0/vhdl/p0/iu/r.e.shcnt:10000
/testbench/cpu/l3/u0/leon3x0/vhdl/p0/iu/r.w.result:01000000000011111111111011110100
/testbench/cpu/l3/u0/leon3x0/vhdl/p0/iu/r.m.mac:0
/testbench/cpu/l3/u0/leon3x0/vhdl/p0/iu/r.m.y:00000000000000000000000000000000
/testbench/cpu/l3/u0/leon3x0/vhdl/p0/iu/r.d.cwp:110
/testbench/cpu/l3/u0/leon3x0/vhdl/p0/iu/r.x.laddr:00
/testbench/cpu/l3/u0/leon3x0/vhdl/p0/iu/r.e.mulstep:0
/testbench/cpu/l3/u0/leon3x0/vhdl/p0/iu/r.e.ymsb:0
/testbench/cpu/l3/u0/leon3x0/vhdl/p0/iu/r.d.rexbuf:00000000000000000000000000000000
/testbench/cpu/l3/u0/leon3x0/vhdl/p0/iu/r.x.npc:100
/testbench/cpu/l3/u0/leon3x0/vhdl/p0/iu/r.f.pc:01000000000000000000001101110000
/testbench/cpu/l3/u0/leon3x0/vhdl/p0/iu/r.d.annul:0
/testbench/cpu/l3/u0/leon3x0/vhdl/p0/iu/r.x.rstate:run
/testbench/cpu/l3/u0/leon3x0/vhdl/p0/iu/r.x.set:0
/testbench/cpu/l3/u0/leon3x0/vhdl/p0/iu/r.m.result:00000000000000000000000000001001
/testbench/cpu/l3/u0/leon3x0/vhdl/p0/iu/r.e.icc:UUUU
/testbench/cpu/l3/u0/leon3x0/vhdl/p0/iu/r.a.getpc:0
/testbench/cpu/l3/u0/leon3x0/vhdl/p0/iu/r.a.ldchkex:1
/testbench/cpu/l3/u0/leon3x0/vhdl/p0/iu/r.x.mexc:0
/testbench/cpu/l3/u0/leon3x0/vhdl/p0/iu/r.a.mulstart:0
/testbench/cpu/l3/u0/leon3x0/vhdl/p0/iu/r.d.rexpos:10
/testbench/cpu/l3/u0/leon3x0/vhdl/p0/iu/r.x.annul_all:0
/testbench/cpu/l3/u0/leon3x0/vhdl/p0/iu/r.e.aluop:000
/testbench/cpu/l3/u0/leon3x0/vhdl/p0/iu/r.x.debug:0
/testbench/cpu/l3/u0/leon3x0/vhdl/p0/iu/r.a.rfe1:0
/testbench/cpu/l3/u0/leon3x0/vhdl/p0/iu/r.d.step:0
/testbench/cpu/l3/u0/leon3x0/vhdl/p0/iu/r.a.rfe2:0
/testbench/cpu/l3/u0/leon3x0/vhdl/p0/iu/r.e.alucin:0
/testbench/cpu/l3/u0/leon3x0/vhdl/p0/iu/r.a.wunf:0
======================================
progstatus: -2
execerr: 96
latent: 1
time limit!
>>>>>>>>>>>>>>> 5745715000
======================================
