Test signal = /testbench/cpu/l3/u0/leon3x0/vhdl/p0/iu/r.a.rsel2
oldval = 101
pos1: 2 pos0: 1 posU: -1
newval = 100
Signal value: 000
oldval = 000
pos1: -1 pos0: 2 posU: -1
newval = 001
force in 2901906
586290000 >> iteration no: 0
1598340000 >> iteration no: 1
2610390000 >> iteration no: 2
3484315000 >> Requesting for the AHB bus...
3485315000 >> AHB granted, starting recovery...
3504515000 >> Recovery done, continuing...
3504565000 >> Requesting for the AHB bus...
3505390000 >> AHB granted, starting recovery...
3524590000 >> Recovery done, continuing...
3524640000 >> Requesting for the AHB bus...
3525465000 >> AHB granted, starting recovery...
3544665000 >> Recovery done, continuing...
3544715000 >> Requesting for the AHB bus...
3545540000 >> AHB granted, starting recovery...
3564740000 >> Recovery done, continuing...
3564790000 >> Requesting for the AHB bus...
3565615000 >> AHB granted, starting recovery...
3584815000 >> Recovery done, continuing...
3584865000 >> Requesting for the AHB bus...
3585690000 >> AHB granted, starting recovery...
3604890000 >> Recovery done, continuing...
3604940000 >> Requesting for the AHB bus...
3605765000 >> AHB granted, starting recovery...
3624965000 >> Recovery done, continuing...
3625015000 >> Requesting for the AHB bus...
3625840000 >> AHB granted, starting recovery...
3645040000 >> Recovery done, continuing...
3645090000 >> Requesting for the AHB bus...
3645915000 >> AHB granted, starting recovery...
3665115000 >> Recovery done, continuing...
3665165000 >> Requesting for the AHB bus...
3665990000 >> AHB granted, starting recovery...
3685190000 >> Recovery done, continuing...
3685240000 >> Requesting for the AHB bus...
3686065000 >> AHB granted, starting recovery...
3705265000 >> Recovery done, continuing...
3705315000 >> Requesting for the AHB bus...
3706140000 >> AHB granted, starting recovery...
3725340000 >> Recovery done, continuing...
3725390000 >> Requesting for the AHB bus...
3726215000 >> AHB granted, starting recovery...
3745415000 >> Recovery done, continuing...
3745465000 >> Requesting for the AHB bus...
3746290000 >> AHB granted, starting recovery...
3765490000 >> Recovery done, continuing...
3765540000 >> Requesting for the AHB bus...
3766365000 >> AHB granted, starting recovery...
3785565000 >> Recovery done, continuing...
3785615000 >> Requesting for the AHB bus...
3786440000 >> AHB granted, starting recovery...
3805640000 >> Recovery done, continuing...
3805690000 >> Requesting for the AHB bus...
3806515000 >> AHB granted, starting recovery...
3825715000 >> Recovery done, continuing...
3825765000 >> Requesting for the AHB bus...
3826590000 >> AHB granted, starting recovery...
3845790000 >> Recovery done, continuing...
3845840000 >> Requesting for the AHB bus...
3846665000 >> AHB granted, starting recovery...
3865865000 >> Recovery done, continuing...
3865915000 >> Requesting for the AHB bus...
3866915000 >> AHB granted, starting recovery...
3886115000 >> Recovery done, continuing...
3886165000 >> Requesting for the AHB bus...
3886990000 >> AHB granted, starting recovery...
3906190000 >> Recovery done, continuing...
3906240000 >> Requesting for the AHB bus...
3907065000 >> AHB granted, starting recovery...
3926265000 >> Recovery done, continuing...
3926315000 >> Requesting for the AHB bus...
3927140000 >> AHB granted, starting recovery...
3946340000 >> Recovery done, continuing...
3946390000 >> Requesting for the AHB bus...
3947215000 >> AHB granted, starting recovery...
3966415000 >> Recovery done, continuing...
3966465000 >> Requesting for the AHB bus...
3967290000 >> AHB granted, starting recovery...
3986490000 >> Recovery done, continuing...
3986540000 >> Requesting for the AHB bus...
3987365000 >> AHB granted, starting recovery...
4006565000 >> Recovery done, continuing...
4006615000 >> Requesting for the AHB bus...
4007440000 >> AHB granted, starting recovery...
4026640000 >> Recovery done, continuing...
4026690000 >> Requesting for the AHB bus...
4027515000 >> AHB granted, starting recovery...
4046715000 >> Recovery done, continuing...
4046765000 >> Requesting for the AHB bus...
4047590000 >> AHB granted, starting recovery...
4066790000 >> Recovery done, continuing...
4066840000 >> Requesting for the AHB bus...
4067665000 >> AHB granted, starting recovery...
4086865000 >> Recovery done, continuing...
4086915000 >> Requesting for the AHB bus...
4087740000 >> AHB granted, starting recovery...
4106940000 >> Recovery done, continuing...
4106990000 >> Requesting for the AHB bus...
4107815000 >> AHB granted, starting recovery...
4127015000 >> Recovery done, continuing...
4127065000 >> Requesting for the AHB bus...
4127890000 >> AHB granted, starting recovery...
4147090000 >> Recovery done, continuing...
4147140000 >> Requesting for the AHB bus...
4147965000 >> AHB granted, starting recovery...
4167165000 >> Recovery done, continuing...
4167215000 >> Requesting for the AHB bus...
4168040000 >> AHB granted, starting recovery...
4187240000 >> Recovery done, continuing...
4187290000 >> Requesting for the AHB bus...
4188115000 >> AHB granted, starting recovery...
4207315000 >> Recovery done, continuing...
4207365000 >> Requesting for the AHB bus...
4208190000 >> AHB granted, starting recovery...
4227390000 >> Recovery done, continuing...
4227440000 >> Requesting for the AHB bus...
4228265000 >> AHB granted, starting recovery...
4247465000 >> Recovery done, continuing...
4247515000 >> Requesting for the AHB bus...
4248340000 >> AHB granted, starting recovery...
4267540000 >> Recovery done, continuing...
4267590000 >> Requesting for the AHB bus...
4268415000 >> AHB granted, starting recovery...
4287615000 >> Recovery done, continuing...
4287665000 >> Requesting for the AHB bus...
4288490000 >> AHB granted, starting recovery...
4307690000 >> Recovery done, continuing...
4307740000 >> Requesting for the AHB bus...
4308565000 >> AHB granted, starting recovery...
4327765000 >> Recovery done, continuing...
4327815000 >> Requesting for the AHB bus...
4328640000 >> AHB granted, starting recovery...
4347840000 >> Recovery done, continuing...
4347890000 >> Requesting for the AHB bus...
4348715000 >> AHB granted, starting recovery...
4367915000 >> Recovery done, continuing...
4367965000 >> Requesting for the AHB bus...
4368790000 >> AHB granted, starting recovery...
4387990000 >> Recovery done, continuing...
4388040000 >> Requesting for the AHB bus...
4388865000 >> AHB granted, starting recovery...
4408065000 >> Recovery done, continuing...
4408115000 >> Requesting for the AHB bus...
4408940000 >> AHB granted, starting recovery...
4428140000 >> Recovery done, continuing...
4428190000 >> Requesting for the AHB bus...
4429015000 >> AHB granted, starting recovery...
4448215000 >> Recovery done, continuing...
4448265000 >> Requesting for the AHB bus...
4449090000 >> AHB granted, starting recovery...
4468290000 >> Recovery done, continuing...
4468340000 >> Requesting for the AHB bus...
4469165000 >> AHB granted, starting recovery...
4488365000 >> Recovery done, continuing...
4488415000 >> Requesting for the AHB bus...
4489240000 >> AHB granted, starting recovery...
4508440000 >> Recovery done, continuing...
4508490000 >> Requesting for the AHB bus...
4509315000 >> AHB granted, starting recovery...
4528515000 >> Recovery done, continuing...
4528565000 >> Requesting for the AHB bus...
4529390000 >> AHB granted, starting recovery...
4548590000 >> Recovery done, continuing...
4548640000 >> Requesting for the AHB bus...
4549465000 >> AHB granted, starting recovery...
4568665000 >> Recovery done, continuing...
4568715000 >> Requesting for the AHB bus...
4569540000 >> AHB granted, starting recovery...
4588740000 >> Recovery done, continuing...
4588790000 >> Requesting for the AHB bus...
4589615000 >> AHB granted, starting recovery...
4608815000 >> Recovery done, continuing...
4608865000 >> Requesting for the AHB bus...
4609690000 >> AHB granted, starting recovery...
4628890000 >> Recovery done, continuing...
4628940000 >> Requesting for the AHB bus...
4629765000 >> AHB granted, starting recovery...
4648965000 >> Recovery done, continuing...
4649015000 >> Requesting for the AHB bus...
4649840000 >> AHB granted, starting recovery...
4669040000 >> Recovery done, continuing...
4669090000 >> Requesting for the AHB bus...
4669915000 >> AHB granted, starting recovery...
4689115000 >> Recovery done, continuing...
4689165000 >> Requesting for the AHB bus...
4689990000 >> AHB granted, starting recovery...
4709190000 >> Recovery done, continuing...
4709240000 >> Requesting for the AHB bus...
4710065000 >> AHB granted, starting recovery...
4729265000 >> Recovery done, continuing...
4729315000 >> Requesting for the AHB bus...
4730140000 >> AHB granted, starting recovery...
4749340000 >> Recovery done, continuing...
4749390000 >> Requesting for the AHB bus...
4750215000 >> AHB granted, starting recovery...
4769415000 >> Recovery done, continuing...
4769465000 >> Requesting for the AHB bus...
4770290000 >> AHB granted, starting recovery...
4789490000 >> Recovery done, continuing...
4789540000 >> Requesting for the AHB bus...
4790365000 >> AHB granted, starting recovery...
4809565000 >> Recovery done, continuing...
4809615000 >> Requesting for the AHB bus...
4810440000 >> AHB granted, starting recovery...
4829640000 >> Recovery done, continuing...
4829690000 >> Requesting for the AHB bus...
4830515000 >> AHB granted, starting recovery...
4849715000 >> Recovery done, continuing...
4849765000 >> Requesting for the AHB bus...
4850590000 >> AHB granted, starting recovery...
4869790000 >> Recovery done, continuing...
4869840000 >> Requesting for the AHB bus...
4870665000 >> AHB granted, starting recovery...
4889865000 >> Recovery done, continuing...
4889915000 >> Requesting for the AHB bus...
4890915000 >> AHB granted, starting recovery...
4910115000 >> Recovery done, continuing...
4910165000 >> Requesting for the AHB bus...
4910990000 >> AHB granted, starting recovery...
4930190000 >> Recovery done, continuing...
4930240000 >> Requesting for the AHB bus...
4931065000 >> AHB granted, starting recovery...
4950265000 >> Recovery done, continuing...
4950315000 >> Requesting for the AHB bus...
4951140000 >> AHB granted, starting recovery...
4970340000 >> Recovery done, continuing...
4970390000 >> Requesting for the AHB bus...
4971215000 >> AHB granted, starting recovery...
4990415000 >> Recovery done, continuing...
4990465000 >> Requesting for the AHB bus...
4991290000 >> AHB granted, starting recovery...
5010490000 >> Recovery done, continuing...
5010540000 >> Requesting for the AHB bus...
5011365000 >> AHB granted, starting recovery...
5030565000 >> Recovery done, continuing...
5030615000 >> Requesting for the AHB bus...
5031440000 >> AHB granted, starting recovery...
5050640000 >> Recovery done, continuing...
5050690000 >> Requesting for the AHB bus...
5051515000 >> AHB granted, starting recovery...
5070715000 >> Recovery done, continuing...
5070765000 >> Requesting for the AHB bus...
5071590000 >> AHB granted, starting recovery...
5090790000 >> Recovery done, continuing...
5090840000 >> Requesting for the AHB bus...
5091665000 >> AHB granted, starting recovery...
5110865000 >> Recovery done, continuing...
5110915000 >> Requesting for the AHB bus...
5111740000 >> AHB granted, starting recovery...
5130940000 >> Recovery done, continuing...
5130990000 >> Requesting for the AHB bus...
5131815000 >> AHB granted, starting recovery...
5151015000 >> Recovery done, continuing...
5151065000 >> Requesting for the AHB bus...
5151890000 >> AHB granted, starting recovery...
5171090000 >> Recovery done, continuing...
5171140000 >> Requesting for the AHB bus...
5171965000 >> AHB granted, starting recovery...
5191165000 >> Recovery done, continuing...
5191215000 >> Requesting for the AHB bus...
5192040000 >> AHB granted, starting recovery...
5211240000 >> Recovery done, continuing...
5211290000 >> Requesting for the AHB bus...
5212115000 >> AHB granted, starting recovery...
5231315000 >> Recovery done, continuing...
5231365000 >> Requesting for the AHB bus...
5232190000 >> AHB granted, starting recovery...
5251390000 >> Recovery done, continuing...
5251440000 >> Requesting for the AHB bus...
5252265000 >> AHB granted, starting recovery...
5271465000 >> Recovery done, continuing...
5271515000 >> Requesting for the AHB bus...
5272340000 >> AHB granted, starting recovery...
5291540000 >> Recovery done, continuing...
5291590000 >> Requesting for the AHB bus...
5292415000 >> AHB granted, starting recovery...
5311615000 >> Recovery done, continuing...
5311665000 >> Requesting for the AHB bus...
5312490000 >> AHB granted, starting recovery...
5331690000 >> Recovery done, continuing...
5331740000 >> Requesting for the AHB bus...
5332565000 >> AHB granted, starting recovery...
5351765000 >> Recovery done, continuing...
5351815000 >> Requesting for the AHB bus...
5352640000 >> AHB granted, starting recovery...
5371840000 >> Recovery done, continuing...
5371890000 >> Requesting for the AHB bus...
5372715000 >> AHB granted, starting recovery...
5391915000 >> Recovery done, continuing...
5391965000 >> Requesting for the AHB bus...
5392790000 >> AHB granted, starting recovery...
5411990000 >> Recovery done, continuing...
5412040000 >> Requesting for the AHB bus...
5412865000 >> AHB granted, starting recovery...
5432065000 >> Recovery done, continuing...
5432115000 >> Requesting for the AHB bus...
5432940000 >> AHB granted, starting recovery...
5452140000 >> Recovery done, continuing...
5452190000 >> Requesting for the AHB bus...
5453015000 >> AHB granted, starting recovery...
5472215000 >> Recovery done, continuing...
5472265000 >> Requesting for the AHB bus...
5473090000 >> AHB granted, starting recovery...
5492290000 >> Recovery done, continuing...
5492340000 >> Requesting for the AHB bus...
5493165000 >> AHB granted, starting recovery...
5512365000 >> Recovery done, continuing...
5512415000 >> Requesting for the AHB bus...
5513240000 >> AHB granted, starting recovery...
5532440000 >> Recovery done, continuing...
5532490000 >> Requesting for the AHB bus...
5533315000 >> AHB granted, starting recovery...
5552515000 >> Recovery done, continuing...
5552565000 >> Requesting for the AHB bus...
5553390000 >> AHB granted, starting recovery...
5572590000 >> Recovery done, continuing...
5572640000 >> Requesting for the AHB bus...
5573465000 >> AHB granted, starting recovery...
5592665000 >> Recovery done, continuing...
5592715000 >> Requesting for the AHB bus...
5593540000 >> AHB granted, starting recovery...
5612740000 >> Recovery done, continuing...
5612790000 >> Requesting for the AHB bus...
5613615000 >> AHB granted, starting recovery...
5632815000 >> Recovery done, continuing...
5632865000 >> Requesting for the AHB bus...
5633690000 >> AHB granted, starting recovery...
5652890000 >> Recovery done, continuing...
5652940000 >> Requesting for the AHB bus...
5653765000 >> AHB granted, starting recovery...
5672965000 >> Recovery done, continuing...
5673015000 >> Requesting for the AHB bus...
5673840000 >> AHB granted, starting recovery...
5693040000 >> Recovery done, continuing...
5693090000 >> Requesting for the AHB bus...
5693915000 >> AHB granted, starting recovery...
5713115000 >> Recovery done, continuing...
5713165000 >> Requesting for the AHB bus...
5713990000 >> AHB granted, starting recovery...
5733190000 >> Recovery done, continuing...
5733240000 >> Requesting for the AHB bus...
5734065000 >> AHB granted, starting recovery...
5745715000 >> time limit reached...
/testbench/cpu/l3/u0/leon3x0/vhdl/p0/iu/r.w.wreg:0
/testbench/cpu/l3/u0/leon3x0/vhdl/p0/iu/r.m.irqen:1
/testbench/cpu/l3/u0/leon3x0/vhdl/p0/iu/r.m.icc:0000
/testbench/cpu/l3/u0/leon3x0/vhdl/p0/iu/r.a.ticc:0
/testbench/cpu/l3/u0/leon3x0/vhdl/p0/iu/r.a.step:0
/testbench/cpu/l3/u0/leon3x0/vhdl/p0/iu/r.m.irqen2:1
/testbench/cpu/l3/u0/leon3x0/vhdl/p0/iu/r.d.pc:01000000000000000000001100100100
/testbench/cpu/l3/u0/leon3x0/vhdl/p0/iu/r.d.rexpl:{{00000000000000000000000000000000} {00} {0} 0 0 {0000000000000000000} 0 0 0 0 0 0}
/testbench/cpu/l3/u0/leon3x0/vhdl/p0/iu/r.d.mexc:0
/testbench/cpu/l3/u0/leon3x0/vhdl/p0/iu/r.a.aw:0
/testbench/cpu/l3/u0/leon3x0/vhdl/p0/iu/r.e.ctrl:{{01000000000000000000001100100000} {11000100000001111010000001000100} {00} {10000010} {000000} 0 0 1 0 0 1 1 0 0}
/testbench/cpu/l3/u0/leon3x0/vhdl/p0/iu/r.a.divstart:0
/testbench/cpu/l3/u0/leon3x0/vhdl/p0/iu/r.e.shleft:0
/testbench/cpu/l3/u0/leon3x0/vhdl/p0/iu/r.a.bp:0
/testbench/cpu/l3/u0/leon3x0/vhdl/p0/iu/r.w.twcwp:000
/testbench/cpu/l3/u0/leon3x0/vhdl/p0/iu/r.a.jmpl:0
/testbench/cpu/l3/u0/leon3x0/vhdl/p0/iu/r.m.casa:0
/testbench/cpu/l3/u0/leon3x0/vhdl/p0/iu/r.m.werr:0
/testbench/cpu/l3/u0/leon3x0/vhdl/p0/iu/r.e.su:1
/testbench/cpu/l3/u0/leon3x0/vhdl/p0/iu/r.e.et:1
/testbench/cpu/l3/u0/leon3x0/vhdl/p0/iu/r.a.ldcheck1:1
/testbench/cpu/l3/u0/leon3x0/vhdl/p0/iu/r.d.stwin:000
/testbench/cpu/l3/u0/leon3x0/vhdl/p0/iu/r.a.ldcheck2:1
/testbench/cpu/l3/u0/leon3x0/vhdl/p0/iu/r.x.intack:0
/testbench/cpu/l3/u0/leon3x0/vhdl/p0/iu/r.m.ctrl:{{01000000000000000000001100011100} {11000010000001111011111111110100} {00} {10000001} {000000} 0 0 1 0 0 1 1 0 0}
/testbench/cpu/l3/u0/leon3x0/vhdl/p0/iu/r.a.cwp:101
/testbench/cpu/l3/u0/leon3x0/vhdl/p0/iu/r.e.sari:0
/testbench/cpu/l3/u0/leon3x0/vhdl/p0/iu/r.d.paw:0
/testbench/cpu/l3/u0/leon3x0/vhdl/p0/iu/r.d.aw:0
/testbench/cpu/l3/u0/leon3x0/vhdl/p0/iu/r.d.awp:000
/testbench/cpu/l3/u0/leon3x0/vhdl/p0/iu/r.x.ctrl:{{01000000000000000000001100011000} {11000010001011111011111111111111} {01} {10000001} {000000} 0 0 0 0 0 0 0 0 0}
/testbench/cpu/l3/u0/leon3x0/vhdl/p0/iu/r.m.rexnalign:0
/testbench/cpu/l3/u0/leon3x0/vhdl/p0/iu/r.m.su:1
/testbench/cpu/l3/u0/leon3x0/vhdl/p0/iu/r.m.wcwp:0
/testbench/cpu/l3/u0/leon3x0/vhdl/p0/iu/r.d.divrdy:0
/testbench/cpu/l3/u0/leon3x0/vhdl/p0/iu/r.e.cwp:101
/testbench/cpu/l3/u0/leon3x0/vhdl/p0/iu/r.w.except:0
/testbench/cpu/l3/u0/leon3x0/vhdl/p0/iu/r.x.nerror:0
/testbench/cpu/l3/u0/leon3x0/vhdl/p0/iu/r.a.bpimiss:0
/testbench/cpu/l3/u0/leon3x0/vhdl/p0/iu/r.a.nobp:0
/testbench/cpu/l3/u0/leon3x0/vhdl/p0/iu/r.d.rexcnt:0
/testbench/cpu/l3/u0/leon3x0/vhdl/p0/iu/r.w.s:{{101} {0000} {00000000} {01000000000000000000} {00000010} {0000} 0 0 1 1 1 {00000000000000000000000000000000} {UUUUUUUUUUUUUUUUUUUUUUUUUUUUUUUU} 1 0 0 1 1 1 0 0 {000} {000} {111}}
/testbench/cpu/l3/u0/leon3x0/vhdl/p0/iu/r.d.pv:1
/testbench/cpu/l3/u0/leon3x0/vhdl/p0/iu/r.a.ldchkra:1
/testbench/cpu/l3/u0/leon3x0/vhdl/p0/iu/r.a.rfa1:10000010
/testbench/cpu/l3/u0/leon3x0/vhdl/p0/iu/r.a.rfa2:10000001
/testbench/cpu/l3/u0/leon3x0/vhdl/p0/iu/r.a.imm:00000000000000000000000000000001
/testbench/cpu/l3/u0/leon3x0/vhdl/p0/iu/r.w.wa:10000001
/testbench/cpu/l3/u0/leon3x0/vhdl/p0/iu/r.m.casaz:0
/testbench/cpu/l3/u0/leon3x0/vhdl/p0/iu/r.x.dci:{0 0 0 1 0 0 {00} {00001011}}
/testbench/cpu/l3/u0/leon3x0/vhdl/p0/iu/r.x.mac:0
/testbench/cpu/l3/u0/leon3x0/vhdl/p0/iu/r.m.divz:0
/testbench/cpu/l3/u0/leon3x0/vhdl/p0/iu/r.d.inst:{{10000010000000001000000000000001}}
/testbench/cpu/l3/u0/leon3x0/vhdl/p0/iu/r.e.rfe1:1
/testbench/cpu/l3/u0/leon3x0/vhdl/p0/iu/r.a.wovf:0
/testbench/cpu/l3/u0/leon3x0/vhdl/p0/iu/r.e.rfe2:0
/testbench/cpu/l3/u0/leon3x0/vhdl/p0/iu/r.e.op1:01000000000011111111111010100000
/testbench/cpu/l3/u0/leon3x0/vhdl/p0/iu/r.m.nalign:1
/testbench/cpu/l3/u0/leon3x0/vhdl/p0/iu/r.e.op2:00000000000000000000000001000100
/testbench/cpu/l3/u0/leon3x0/vhdl/p0/iu/r.d.rexen:0
/testbench/cpu/l3/u0/leon3x0/vhdl/p0/iu/r.a.ctrl:{{01000000000000000000001100100100} {10000010000000001000000000000001} {00} {10000001} {000000} 0 1 0 0 0 0 0 0 0}
/testbench/cpu/l3/u0/leon3x0/vhdl/p0/iu/r.x.ipend:0
/testbench/cpu/l3/u0/leon3x0/vhdl/p0/iu/r.e.ldbp1:0
/testbench/cpu/l3/u0/leon3x0/vhdl/p0/iu/r.e.aluadd:1
/testbench/cpu/l3/u0/leon3x0/vhdl/p0/iu/r.d.set:0
/testbench/cpu/l3/u0/leon3x0/vhdl/p0/iu/r.d.inull:0
/testbench/cpu/l3/u0/leon3x0/vhdl/p0/iu/r.e.ldbp2:0
/testbench/cpu/l3/u0/leon3x0/vhdl/p0/iu/r.d.cnt:00
/testbench/cpu/l3/u0/leon3x0/vhdl/p0/iu/r.a.su:1
/testbench/cpu/l3/u0/leon3x0/vhdl/p0/iu/r.a.et:1
/testbench/cpu/l3/u0/leon3x0/vhdl/p0/iu/r.e.mul:0
/testbench/cpu/l3/u0/leon3x0/vhdl/p0/iu/r.e.alusel:00
/testbench/cpu/l3/u0/leon3x0/vhdl/p0/iu/r.e.aw:U
/testbench/cpu/l3/u0/leon3x0/vhdl/p0/iu/r.e.mac:0
/testbench/cpu/l3/u0/leon3x0/vhdl/p0/iu/r.a.decill:0
/testbench/cpu/l3/u0/leon3x0/vhdl/p0/iu/r.x.icc:0000
/testbench/cpu/l3/u0/leon3x0/vhdl/p0/iu/r.x.result:00000010000000100000001000000010
/testbench/cpu/l3/u0/leon3x0/vhdl/p0/iu/r.e.bp:0
/testbench/cpu/l3/u0/leon3x0/vhdl/p0/iu/r.a.rs1:00010
/testbench/cpu/l3/u0/leon3x0/vhdl/p0/iu/r.e.jmpl:0
/testbench/cpu/l3/u0/leon3x0/vhdl/p0/iu/r.a.rsel1:001
/testbench/cpu/l3/u0/leon3x0/vhdl/p0/iu/r.x.y:00000000000000000000000000000000
/testbench/cpu/l3/u0/leon3x0/vhdl/p0/iu/r.a.rsel2:010
/testbench/cpu/l3/u0/leon3x0/vhdl/p0/iu/r.a.awp:000
/testbench/cpu/l3/u0/leon3x0/vhdl/p0/iu/r.a.paw:0
/testbench/cpu/l3/u0/leon3x0/vhdl/p0/iu/r.x.data:{{00000000000000000000000000000010}}
/testbench/cpu/l3/u0/leon3x0/vhdl/p0/iu/r.m.mul:0
/testbench/cpu/l3/u0/leon3x0/vhdl/p0/iu/r.e.rd:UUUUU
/testbench/cpu/l3/u0/leon3x0/vhdl/p0/iu/r.e.invop2:0
/testbench/cpu/l3/u0/leon3x0/vhdl/p0/iu/r.m.wawp:0
/testbench/cpu/l3/u0/leon3x0/vhdl/p0/iu/r.d.cwpmax:111
/testbench/cpu/l3/u0/leon3x0/vhdl/p0/iu/r.f.branch:0
/testbench/cpu/l3/u0/leon3x0/vhdl/p0/iu/r.d.pcheld:1
/testbench/cpu/l3/u0/leon3x0/vhdl/p0/iu/r.m.dci:{0 1 1 0 0 0 {10} {00001011}}
/testbench/cpu/l3/u0/leon3x0/vhdl/p0/iu/r.e.paw:U
/testbench/cpu/l3/u0/leon3x0/vhdl/p0/iu/r.e.awp:UUU
/testbench/cpu/l3/u0/leon3x0/vhdl/p0/iu/r.e.shcnt:00100
/testbench/cpu/l3/u0/leon3x0/vhdl/p0/iu/r.w.result:01000000000011111111111010011111
/testbench/cpu/l3/u0/leon3x0/vhdl/p0/iu/r.m.mac:0
/testbench/cpu/l3/u0/leon3x0/vhdl/p0/iu/r.m.y:00000000000000000000000000000000
/testbench/cpu/l3/u0/leon3x0/vhdl/p0/iu/r.d.cwp:101
/testbench/cpu/l3/u0/leon3x0/vhdl/p0/iu/r.x.laddr:10
/testbench/cpu/l3/u0/leon3x0/vhdl/p0/iu/r.e.mulstep:0
/testbench/cpu/l3/u0/leon3x0/vhdl/p0/iu/r.e.ymsb:0
/testbench/cpu/l3/u0/leon3x0/vhdl/p0/iu/r.d.rexbuf:00000000000000000000000000000000
/testbench/cpu/l3/u0/leon3x0/vhdl/p0/iu/r.x.npc:100
/testbench/cpu/l3/u0/leon3x0/vhdl/p0/iu/r.f.pc:01000000000000000000001100101000
/testbench/cpu/l3/u0/leon3x0/vhdl/p0/iu/r.d.annul:0
/testbench/cpu/l3/u0/leon3x0/vhdl/p0/iu/r.x.rstate:run
/testbench/cpu/l3/u0/leon3x0/vhdl/p0/iu/r.x.set:0
/testbench/cpu/l3/u0/leon3x0/vhdl/p0/iu/r.m.result:01000010000100100000000010100010
/testbench/cpu/l3/u0/leon3x0/vhdl/p0/iu/r.e.icc:UUUU
/testbench/cpu/l3/u0/leon3x0/vhdl/p0/iu/r.a.getpc:0
/testbench/cpu/l3/u0/leon3x0/vhdl/p0/iu/r.a.ldchkex:1
/testbench/cpu/l3/u0/leon3x0/vhdl/p0/iu/r.x.mexc:0
/testbench/cpu/l3/u0/leon3x0/vhdl/p0/iu/r.a.mulstart:0
/testbench/cpu/l3/u0/leon3x0/vhdl/p0/iu/r.d.rexpos:10
/testbench/cpu/l3/u0/leon3x0/vhdl/p0/iu/r.x.annul_all:0
/testbench/cpu/l3/u0/leon3x0/vhdl/p0/iu/r.e.aluop:000
/testbench/cpu/l3/u0/leon3x0/vhdl/p0/iu/r.x.debug:0
/testbench/cpu/l3/u0/leon3x0/vhdl/p0/iu/r.a.rfe1:0
/testbench/cpu/l3/u0/leon3x0/vhdl/p0/iu/r.d.step:0
/testbench/cpu/l3/u0/leon3x0/vhdl/p0/iu/r.a.rfe2:0
/testbench/cpu/l3/u0/leon3x0/vhdl/p0/iu/r.e.alucin:0
/testbench/cpu/l3/u0/leon3x0/vhdl/p0/iu/r.a.wunf:0
======================================
progstatus: -2
execerr: 113
latent: 1
time limit!
>>>>>>>>>>>>>>> 5745715000
======================================
