Test signal = /testbench/cpu/l3/u0/leon3x0/vhdl/p0/iu/r.a.rsel1
oldval = 101
pos1: 2 pos0: 1 posU: -1
newval = 100
Signal value: 101
oldval = 101
pos1: 2 pos0: 1 posU: -1
newval = 100
force in 2598397
586290000 >> iteration no: 0
1598340000 >> iteration no: 1
2610390000 >> iteration no: 2
3180540000 >> Requesting for the AHB bus...
3181115000 >> AHB granted, starting recovery...
3200315000 >> Recovery done, continuing...
3200790000 >> Requesting for the AHB bus...
3201365000 >> AHB granted, starting recovery...
3220565000 >> Recovery done, continuing...
3220915000 >> Requesting for the AHB bus...
3221490000 >> AHB granted, starting recovery...
3240690000 >> Recovery done, continuing...
3241040000 >> Requesting for the AHB bus...
3241615000 >> AHB granted, starting recovery...
3260815000 >> Recovery done, continuing...
3261165000 >> Requesting for the AHB bus...
3261740000 >> AHB granted, starting recovery...
3280940000 >> Recovery done, continuing...
3281290000 >> Requesting for the AHB bus...
3281865000 >> AHB granted, starting recovery...
3301065000 >> Recovery done, continuing...
3301415000 >> Requesting for the AHB bus...
3301990000 >> AHB granted, starting recovery...
3321190000 >> Recovery done, continuing...
3321540000 >> Requesting for the AHB bus...
3322115000 >> AHB granted, starting recovery...
3341315000 >> Recovery done, continuing...
3341665000 >> Requesting for the AHB bus...
3342240000 >> AHB granted, starting recovery...
3361440000 >> Recovery done, continuing...
3361790000 >> Requesting for the AHB bus...
3362365000 >> AHB granted, starting recovery...
3381565000 >> Recovery done, continuing...
3381915000 >> Requesting for the AHB bus...
3382490000 >> AHB granted, starting recovery...
3401690000 >> Recovery done, continuing...
3402040000 >> Requesting for the AHB bus...
3402615000 >> AHB granted, starting recovery...
3421815000 >> Recovery done, continuing...
3422165000 >> Requesting for the AHB bus...
3422740000 >> AHB granted, starting recovery...
3441940000 >> Recovery done, continuing...
3442290000 >> Requesting for the AHB bus...
3442865000 >> AHB granted, starting recovery...
3462065000 >> Recovery done, continuing...
3462415000 >> Requesting for the AHB bus...
3462990000 >> AHB granted, starting recovery...
3482190000 >> Recovery done, continuing...
3482540000 >> Requesting for the AHB bus...
3483115000 >> AHB granted, starting recovery...
3502315000 >> Recovery done, continuing...
3502665000 >> Requesting for the AHB bus...
3503240000 >> AHB granted, starting recovery...
3522440000 >> Recovery done, continuing...
3522790000 >> Requesting for the AHB bus...
3523365000 >> AHB granted, starting recovery...
3542565000 >> Recovery done, continuing...
3542915000 >> Requesting for the AHB bus...
3543490000 >> AHB granted, starting recovery...
3562690000 >> Recovery done, continuing...
3563040000 >> Requesting for the AHB bus...
3563615000 >> AHB granted, starting recovery...
3582815000 >> Recovery done, continuing...
3583165000 >> Requesting for the AHB bus...
3583740000 >> AHB granted, starting recovery...
3602940000 >> Recovery done, continuing...
3603290000 >> Requesting for the AHB bus...
3603865000 >> AHB granted, starting recovery...
3623065000 >> Recovery done, continuing...
3623415000 >> Requesting for the AHB bus...
3623990000 >> AHB granted, starting recovery...
3643190000 >> Recovery done, continuing...
3643540000 >> Requesting for the AHB bus...
3644115000 >> AHB granted, starting recovery...
3663315000 >> Recovery done, continuing...
3663665000 >> Requesting for the AHB bus...
3664240000 >> AHB granted, starting recovery...
3683440000 >> Recovery done, continuing...
3683790000 >> Requesting for the AHB bus...
3684365000 >> AHB granted, starting recovery...
3703565000 >> Recovery done, continuing...
3703915000 >> Requesting for the AHB bus...
3704490000 >> AHB granted, starting recovery...
3723690000 >> Recovery done, continuing...
3724040000 >> Requesting for the AHB bus...
3724615000 >> AHB granted, starting recovery...
3743815000 >> Recovery done, continuing...
3744165000 >> Requesting for the AHB bus...
3744740000 >> AHB granted, starting recovery...
3763940000 >> Recovery done, continuing...
3764290000 >> Requesting for the AHB bus...
3764865000 >> AHB granted, starting recovery...
3784065000 >> Recovery done, continuing...
3784415000 >> Requesting for the AHB bus...
3784990000 >> AHB granted, starting recovery...
3804190000 >> Recovery done, continuing...
3804540000 >> Requesting for the AHB bus...
3805115000 >> AHB granted, starting recovery...
3824315000 >> Recovery done, continuing...
3824665000 >> Requesting for the AHB bus...
3825240000 >> AHB granted, starting recovery...
3844440000 >> Recovery done, continuing...
3844790000 >> Requesting for the AHB bus...
3845365000 >> AHB granted, starting recovery...
3864565000 >> Recovery done, continuing...
3864915000 >> Requesting for the AHB bus...
3865490000 >> AHB granted, starting recovery...
3884690000 >> Recovery done, continuing...
3885040000 >> Requesting for the AHB bus...
3885615000 >> AHB granted, starting recovery...
3904815000 >> Recovery done, continuing...
3905165000 >> Requesting for the AHB bus...
3905740000 >> AHB granted, starting recovery...
3924940000 >> Recovery done, continuing...
3925290000 >> Requesting for the AHB bus...
3925865000 >> AHB granted, starting recovery...
3945065000 >> Recovery done, continuing...
3945415000 >> Requesting for the AHB bus...
3945990000 >> AHB granted, starting recovery...
3965190000 >> Recovery done, continuing...
3965540000 >> Requesting for the AHB bus...
3966115000 >> AHB granted, starting recovery...
3985315000 >> Recovery done, continuing...
3985665000 >> Requesting for the AHB bus...
3986240000 >> AHB granted, starting recovery...
4005440000 >> Recovery done, continuing...
4005790000 >> Requesting for the AHB bus...
4006365000 >> AHB granted, starting recovery...
4025565000 >> Recovery done, continuing...
4025915000 >> Requesting for the AHB bus...
4026490000 >> AHB granted, starting recovery...
4045690000 >> Recovery done, continuing...
4046040000 >> Requesting for the AHB bus...
4046615000 >> AHB granted, starting recovery...
4065815000 >> Recovery done, continuing...
4066165000 >> Requesting for the AHB bus...
4066740000 >> AHB granted, starting recovery...
4085940000 >> Recovery done, continuing...
4086290000 >> Requesting for the AHB bus...
4086865000 >> AHB granted, starting recovery...
4106065000 >> Recovery done, continuing...
4106415000 >> Requesting for the AHB bus...
4106990000 >> AHB granted, starting recovery...
4126190000 >> Recovery done, continuing...
4126540000 >> Requesting for the AHB bus...
4127115000 >> AHB granted, starting recovery...
4146315000 >> Recovery done, continuing...
4146665000 >> Requesting for the AHB bus...
4147240000 >> AHB granted, starting recovery...
4166440000 >> Recovery done, continuing...
4166790000 >> Requesting for the AHB bus...
4167365000 >> AHB granted, starting recovery...
4186565000 >> Recovery done, continuing...
4186915000 >> Requesting for the AHB bus...
4187490000 >> AHB granted, starting recovery...
4206690000 >> Recovery done, continuing...
4207040000 >> Requesting for the AHB bus...
4207615000 >> AHB granted, starting recovery...
4226815000 >> Recovery done, continuing...
4227165000 >> Requesting for the AHB bus...
4227740000 >> AHB granted, starting recovery...
4246940000 >> Recovery done, continuing...
4247290000 >> Requesting for the AHB bus...
4247865000 >> AHB granted, starting recovery...
4267065000 >> Recovery done, continuing...
4267415000 >> Requesting for the AHB bus...
4267990000 >> AHB granted, starting recovery...
4287190000 >> Recovery done, continuing...
4287540000 >> Requesting for the AHB bus...
4288115000 >> AHB granted, starting recovery...
4307315000 >> Recovery done, continuing...
4307665000 >> Requesting for the AHB bus...
4308240000 >> AHB granted, starting recovery...
4327440000 >> Recovery done, continuing...
4327790000 >> Requesting for the AHB bus...
4328365000 >> AHB granted, starting recovery...
4347565000 >> Recovery done, continuing...
4347915000 >> Requesting for the AHB bus...
4348490000 >> AHB granted, starting recovery...
4367690000 >> Recovery done, continuing...
4368040000 >> Requesting for the AHB bus...
4368615000 >> AHB granted, starting recovery...
4387815000 >> Recovery done, continuing...
4388165000 >> Requesting for the AHB bus...
4388740000 >> AHB granted, starting recovery...
4407940000 >> Recovery done, continuing...
4408290000 >> Requesting for the AHB bus...
4408865000 >> AHB granted, starting recovery...
4428065000 >> Recovery done, continuing...
4428415000 >> Requesting for the AHB bus...
4428990000 >> AHB granted, starting recovery...
4448190000 >> Recovery done, continuing...
4448540000 >> Requesting for the AHB bus...
4449115000 >> AHB granted, starting recovery...
4468315000 >> Recovery done, continuing...
4468665000 >> Requesting for the AHB bus...
4469240000 >> AHB granted, starting recovery...
4488440000 >> Recovery done, continuing...
4488790000 >> Requesting for the AHB bus...
4489365000 >> AHB granted, starting recovery...
4508565000 >> Recovery done, continuing...
4508915000 >> Requesting for the AHB bus...
4509490000 >> AHB granted, starting recovery...
4528690000 >> Recovery done, continuing...
4529040000 >> Requesting for the AHB bus...
4529615000 >> AHB granted, starting recovery...
4548815000 >> Recovery done, continuing...
4549165000 >> Requesting for the AHB bus...
4549740000 >> AHB granted, starting recovery...
4568940000 >> Recovery done, continuing...
4569290000 >> Requesting for the AHB bus...
4569865000 >> AHB granted, starting recovery...
4589065000 >> Recovery done, continuing...
4589590000 >> Requesting for the AHB bus...
4590165000 >> AHB granted, starting recovery...
4609365000 >> Recovery done, continuing...
4609715000 >> Requesting for the AHB bus...
4610290000 >> AHB granted, starting recovery...
4629490000 >> Recovery done, continuing...
4629840000 >> Requesting for the AHB bus...
4630415000 >> AHB granted, starting recovery...
4649615000 >> Recovery done, continuing...
4649965000 >> Requesting for the AHB bus...
4650540000 >> AHB granted, starting recovery...
4669740000 >> Recovery done, continuing...
4670090000 >> Requesting for the AHB bus...
4670665000 >> AHB granted, starting recovery...
4689865000 >> Recovery done, continuing...
4690215000 >> Requesting for the AHB bus...
4690790000 >> AHB granted, starting recovery...
4709990000 >> Recovery done, continuing...
4710340000 >> Requesting for the AHB bus...
4710915000 >> AHB granted, starting recovery...
4730115000 >> Recovery done, continuing...
4730465000 >> Requesting for the AHB bus...
4731040000 >> AHB granted, starting recovery...
4750240000 >> Recovery done, continuing...
4750590000 >> Requesting for the AHB bus...
4751165000 >> AHB granted, starting recovery...
4770365000 >> Recovery done, continuing...
4770715000 >> Requesting for the AHB bus...
4771290000 >> AHB granted, starting recovery...
4790490000 >> Recovery done, continuing...
4790840000 >> Requesting for the AHB bus...
4791415000 >> AHB granted, starting recovery...
4810615000 >> Recovery done, continuing...
4810965000 >> Requesting for the AHB bus...
4811540000 >> AHB granted, starting recovery...
4830740000 >> Recovery done, continuing...
4831090000 >> Requesting for the AHB bus...
4831665000 >> AHB granted, starting recovery...
4850865000 >> Recovery done, continuing...
4851215000 >> Requesting for the AHB bus...
4851790000 >> AHB granted, starting recovery...
4870990000 >> Recovery done, continuing...
4871340000 >> Requesting for the AHB bus...
4871915000 >> AHB granted, starting recovery...
4891115000 >> Recovery done, continuing...
4891465000 >> Requesting for the AHB bus...
4892040000 >> AHB granted, starting recovery...
4911240000 >> Recovery done, continuing...
4911590000 >> Requesting for the AHB bus...
4912165000 >> AHB granted, starting recovery...
4931365000 >> Recovery done, continuing...
4931715000 >> Requesting for the AHB bus...
4932290000 >> AHB granted, starting recovery...
4951490000 >> Recovery done, continuing...
4951840000 >> Requesting for the AHB bus...
4952415000 >> AHB granted, starting recovery...
4971615000 >> Recovery done, continuing...
4971965000 >> Requesting for the AHB bus...
4972540000 >> AHB granted, starting recovery...
4991740000 >> Recovery done, continuing...
4992090000 >> Requesting for the AHB bus...
4992665000 >> AHB granted, starting recovery...
5011865000 >> Recovery done, continuing...
5012215000 >> Requesting for the AHB bus...
5012790000 >> AHB granted, starting recovery...
5031990000 >> Recovery done, continuing...
5032340000 >> Requesting for the AHB bus...
5032915000 >> AHB granted, starting recovery...
5052115000 >> Recovery done, continuing...
5052465000 >> Requesting for the AHB bus...
5053040000 >> AHB granted, starting recovery...
5072240000 >> Recovery done, continuing...
5072590000 >> Requesting for the AHB bus...
5073165000 >> AHB granted, starting recovery...
5092365000 >> Recovery done, continuing...
5092715000 >> Requesting for the AHB bus...
5093290000 >> AHB granted, starting recovery...
5112490000 >> Recovery done, continuing...
5112840000 >> Requesting for the AHB bus...
5113415000 >> AHB granted, starting recovery...
5132615000 >> Recovery done, continuing...
5132965000 >> Requesting for the AHB bus...
5133540000 >> AHB granted, starting recovery...
5152740000 >> Recovery done, continuing...
5153090000 >> Requesting for the AHB bus...
5153665000 >> AHB granted, starting recovery...
5172865000 >> Recovery done, continuing...
5173215000 >> Requesting for the AHB bus...
5173790000 >> AHB granted, starting recovery...
5192990000 >> Recovery done, continuing...
5193340000 >> Requesting for the AHB bus...
5193915000 >> AHB granted, starting recovery...
5213115000 >> Recovery done, continuing...
5213465000 >> Requesting for the AHB bus...
5214040000 >> AHB granted, starting recovery...
5233240000 >> Recovery done, continuing...
5233590000 >> Requesting for the AHB bus...
5234165000 >> AHB granted, starting recovery...
5253365000 >> Recovery done, continuing...
5253715000 >> Requesting for the AHB bus...
5254290000 >> AHB granted, starting recovery...
5273490000 >> Recovery done, continuing...
5273840000 >> Requesting for the AHB bus...
5274415000 >> AHB granted, starting recovery...
5293615000 >> Recovery done, continuing...
5293965000 >> Requesting for the AHB bus...
5294540000 >> AHB granted, starting recovery...
5313740000 >> Recovery done, continuing...
5314090000 >> Requesting for the AHB bus...
5314665000 >> AHB granted, starting recovery...
5333865000 >> Recovery done, continuing...
5334215000 >> Requesting for the AHB bus...
5334790000 >> AHB granted, starting recovery...
5353990000 >> Recovery done, continuing...
5354340000 >> Requesting for the AHB bus...
5354915000 >> AHB granted, starting recovery...
5374115000 >> Recovery done, continuing...
5374465000 >> Requesting for the AHB bus...
5375040000 >> AHB granted, starting recovery...
5394240000 >> Recovery done, continuing...
5394590000 >> Requesting for the AHB bus...
5395165000 >> AHB granted, starting recovery...
5414365000 >> Recovery done, continuing...
5414715000 >> Requesting for the AHB bus...
5415290000 >> AHB granted, starting recovery...
5434490000 >> Recovery done, continuing...
5434840000 >> Requesting for the AHB bus...
5435415000 >> AHB granted, starting recovery...
5454615000 >> Recovery done, continuing...
5454965000 >> Requesting for the AHB bus...
5455540000 >> AHB granted, starting recovery...
5474740000 >> Recovery done, continuing...
5475090000 >> Requesting for the AHB bus...
5475665000 >> AHB granted, starting recovery...
5494865000 >> Recovery done, continuing...
5495215000 >> Requesting for the AHB bus...
5495790000 >> AHB granted, starting recovery...
5514990000 >> Recovery done, continuing...
5515340000 >> Requesting for the AHB bus...
5515915000 >> AHB granted, starting recovery...
5535115000 >> Recovery done, continuing...
5535465000 >> Requesting for the AHB bus...
5536040000 >> AHB granted, starting recovery...
5555240000 >> Recovery done, continuing...
5555590000 >> Requesting for the AHB bus...
5556165000 >> AHB granted, starting recovery...
5575365000 >> Recovery done, continuing...
5575715000 >> Requesting for the AHB bus...
5576290000 >> AHB granted, starting recovery...
5595490000 >> Recovery done, continuing...
5595840000 >> Requesting for the AHB bus...
5596415000 >> AHB granted, starting recovery...
5615615000 >> Recovery done, continuing...
5615965000 >> Requesting for the AHB bus...
5616540000 >> AHB granted, starting recovery...
5635740000 >> Recovery done, continuing...
5636090000 >> Requesting for the AHB bus...
5636665000 >> AHB granted, starting recovery...
5655865000 >> Recovery done, continuing...
5656215000 >> Requesting for the AHB bus...
5656790000 >> AHB granted, starting recovery...
5675990000 >> Recovery done, continuing...
5676340000 >> Requesting for the AHB bus...
5676915000 >> AHB granted, starting recovery...
5696115000 >> Recovery done, continuing...
5696465000 >> Requesting for the AHB bus...
5697040000 >> AHB granted, starting recovery...
5716240000 >> Recovery done, continuing...
5716590000 >> Requesting for the AHB bus...
5717165000 >> AHB granted, starting recovery...
5736365000 >> Recovery done, continuing...
5736715000 >> Requesting for the AHB bus...
5737290000 >> AHB granted, starting recovery...
5745715000 >> time limit reached...
/testbench/cpu/l3/u0/leon3x0/vhdl/p0/iu/r.w.wreg:1
/testbench/cpu/l3/u0/leon3x0/vhdl/p0/iu/r.m.irqen:1
/testbench/cpu/l3/u0/leon3x0/vhdl/p0/iu/r.m.icc:0000
/testbench/cpu/l3/u0/leon3x0/vhdl/p0/iu/r.a.ticc:0
/testbench/cpu/l3/u0/leon3x0/vhdl/p0/iu/r.a.step:0
/testbench/cpu/l3/u0/leon3x0/vhdl/p0/iu/r.m.irqen2:1
/testbench/cpu/l3/u0/leon3x0/vhdl/p0/iu/r.d.pc:01000000000000000000001011011100
/testbench/cpu/l3/u0/leon3x0/vhdl/p0/iu/r.d.rexpl:{{00000000000000000000000000000000} {00} {0} 0 0 {0000000000000000000} 0 0 0 0 0 0}
/testbench/cpu/l3/u0/leon3x0/vhdl/p0/iu/r.d.mexc:0
/testbench/cpu/l3/u0/leon3x0/vhdl/p0/iu/r.a.aw:0
/testbench/cpu/l3/u0/leon3x0/vhdl/p0/iu/r.e.ctrl:{{01000000000000000000001011010100} {11000010000001111011111111110100} {00} {10000001} {000000} 0 0 1 0 0 1 1 0 0}
/testbench/cpu/l3/u0/leon3x0/vhdl/p0/iu/r.a.divstart:0
/testbench/cpu/l3/u0/leon3x0/vhdl/p0/iu/r.e.shleft:0
/testbench/cpu/l3/u0/leon3x0/vhdl/p0/iu/r.a.bp:0
/testbench/cpu/l3/u0/leon3x0/vhdl/p0/iu/r.w.twcwp:000
/testbench/cpu/l3/u0/leon3x0/vhdl/p0/iu/r.a.jmpl:0
/testbench/cpu/l3/u0/leon3x0/vhdl/p0/iu/r.m.casa:0
/testbench/cpu/l3/u0/leon3x0/vhdl/p0/iu/r.m.werr:0
/testbench/cpu/l3/u0/leon3x0/vhdl/p0/iu/r.e.su:1
/testbench/cpu/l3/u0/leon3x0/vhdl/p0/iu/r.e.et:1
/testbench/cpu/l3/u0/leon3x0/vhdl/p0/iu/r.a.ldcheck1:1
/testbench/cpu/l3/u0/leon3x0/vhdl/p0/iu/r.d.stwin:000
/testbench/cpu/l3/u0/leon3x0/vhdl/p0/iu/r.a.ldcheck2:0
/testbench/cpu/l3/u0/leon3x0/vhdl/p0/iu/r.x.intack:0
/testbench/cpu/l3/u0/leon3x0/vhdl/p0/iu/r.m.ctrl:{{01000000000000000000001011010000} {11000010001001111011111111111000} {01} {10000001} {000000} 0 0 0 0 0 0 0 0 0}
/testbench/cpu/l3/u0/leon3x0/vhdl/p0/iu/r.a.cwp:101
/testbench/cpu/l3/u0/leon3x0/vhdl/p0/iu/r.e.sari:0
/testbench/cpu/l3/u0/leon3x0/vhdl/p0/iu/r.d.paw:0
/testbench/cpu/l3/u0/leon3x0/vhdl/p0/iu/r.d.aw:0
/testbench/cpu/l3/u0/leon3x0/vhdl/p0/iu/r.d.awp:000
/testbench/cpu/l3/u0/leon3x0/vhdl/p0/iu/r.x.ctrl:{{01000000000000000000001011010000} {11000010001001111011111111111000} {00} {10000001} {000000} 0 0 0 0 0 0 1 0 0}
/testbench/cpu/l3/u0/leon3x0/vhdl/p0/iu/r.m.rexnalign:0
/testbench/cpu/l3/u0/leon3x0/vhdl/p0/iu/r.m.su:1
/testbench/cpu/l3/u0/leon3x0/vhdl/p0/iu/r.m.wcwp:0
/testbench/cpu/l3/u0/leon3x0/vhdl/p0/iu/r.d.divrdy:0
/testbench/cpu/l3/u0/leon3x0/vhdl/p0/iu/r.e.cwp:101
/testbench/cpu/l3/u0/leon3x0/vhdl/p0/iu/r.w.except:0
/testbench/cpu/l3/u0/leon3x0/vhdl/p0/iu/r.x.nerror:0
/testbench/cpu/l3/u0/leon3x0/vhdl/p0/iu/r.a.bpimiss:0
/testbench/cpu/l3/u0/leon3x0/vhdl/p0/iu/r.a.nobp:0
/testbench/cpu/l3/u0/leon3x0/vhdl/p0/iu/r.d.rexcnt:0
/testbench/cpu/l3/u0/leon3x0/vhdl/p0/iu/r.w.s:{{101} {0000} {00000000} {01000000000000000000} {00000010} {0000} 0 0 1 1 1 {00000000000000000000000000000000} {UUUUUUUUUUUUUUUUUUUUUUUUUUUUUUUU} 1 0 0 1 1 1 0 0 {000} {000} {111}}
/testbench/cpu/l3/u0/leon3x0/vhdl/p0/iu/r.d.pv:1
/testbench/cpu/l3/u0/leon3x0/vhdl/p0/iu/r.a.ldchkra:1
/testbench/cpu/l3/u0/leon3x0/vhdl/p0/iu/r.a.rfa1:01101110
/testbench/cpu/l3/u0/leon3x0/vhdl/p0/iu/r.a.rfa2:10000100
/testbench/cpu/l3/u0/leon3x0/vhdl/p0/iu/r.a.imm:00000000000000000000000001000100
/testbench/cpu/l3/u0/leon3x0/vhdl/p0/iu/r.w.wa:10000001
/testbench/cpu/l3/u0/leon3x0/vhdl/p0/iu/r.m.casaz:0
/testbench/cpu/l3/u0/leon3x0/vhdl/p0/iu/r.x.dci:{0 1 0 0 0 0 {10} {00001011}}
/testbench/cpu/l3/u0/leon3x0/vhdl/p0/iu/r.x.mac:0
/testbench/cpu/l3/u0/leon3x0/vhdl/p0/iu/r.m.divz:0
/testbench/cpu/l3/u0/leon3x0/vhdl/p0/iu/r.d.inst:{{10000010000000001000000000000001}}
/testbench/cpu/l3/u0/leon3x0/vhdl/p0/iu/r.e.rfe1:1
/testbench/cpu/l3/u0/leon3x0/vhdl/p0/iu/r.a.wovf:0
/testbench/cpu/l3/u0/leon3x0/vhdl/p0/iu/r.e.rfe2:0
/testbench/cpu/l3/u0/leon3x0/vhdl/p0/iu/r.e.op1:00000000000000000000000000000000
/testbench/cpu/l3/u0/leon3x0/vhdl/p0/iu/r.m.nalign:0
/testbench/cpu/l3/u0/leon3x0/vhdl/p0/iu/r.e.op2:11111111111111111111111111110100
/testbench/cpu/l3/u0/leon3x0/vhdl/p0/iu/r.d.rexen:0
/testbench/cpu/l3/u0/leon3x0/vhdl/p0/iu/r.a.ctrl:{{01000000000000000000001011011000} {11000100000001111010000001000100} {00} {10000010} {000000} 0 0 1 0 0 1 1 0 0}
/testbench/cpu/l3/u0/leon3x0/vhdl/p0/iu/r.x.ipend:0
/testbench/cpu/l3/u0/leon3x0/vhdl/p0/iu/r.e.ldbp1:0
/testbench/cpu/l3/u0/leon3x0/vhdl/p0/iu/r.e.aluadd:1
/testbench/cpu/l3/u0/leon3x0/vhdl/p0/iu/r.d.set:0
/testbench/cpu/l3/u0/leon3x0/vhdl/p0/iu/r.d.inull:0
/testbench/cpu/l3/u0/leon3x0/vhdl/p0/iu/r.e.ldbp2:0
/testbench/cpu/l3/u0/leon3x0/vhdl/p0/iu/r.d.cnt:00
/testbench/cpu/l3/u0/leon3x0/vhdl/p0/iu/r.a.su:1
/testbench/cpu/l3/u0/leon3x0/vhdl/p0/iu/r.a.et:1
/testbench/cpu/l3/u0/leon3x0/vhdl/p0/iu/r.e.mul:0
/testbench/cpu/l3/u0/leon3x0/vhdl/p0/iu/r.e.alusel:00
/testbench/cpu/l3/u0/leon3x0/vhdl/p0/iu/r.e.aw:U
/testbench/cpu/l3/u0/leon3x0/vhdl/p0/iu/r.e.mac:0
/testbench/cpu/l3/u0/leon3x0/vhdl/p0/iu/r.a.decill:0
/testbench/cpu/l3/u0/leon3x0/vhdl/p0/iu/r.x.icc:0000
/testbench/cpu/l3/u0/leon3x0/vhdl/p0/iu/r.x.result:01000000000011111111111010011000
/testbench/cpu/l3/u0/leon3x0/vhdl/p0/iu/r.e.bp:0
/testbench/cpu/l3/u0/leon3x0/vhdl/p0/iu/r.a.rs1:11110
/testbench/cpu/l3/u0/leon3x0/vhdl/p0/iu/r.e.jmpl:0
/testbench/cpu/l3/u0/leon3x0/vhdl/p0/iu/r.a.rsel1:000
/testbench/cpu/l3/u0/leon3x0/vhdl/p0/iu/r.x.y:00000000000000000000000000000000
/testbench/cpu/l3/u0/leon3x0/vhdl/p0/iu/r.a.rsel2:100
/testbench/cpu/l3/u0/leon3x0/vhdl/p0/iu/r.a.awp:000
/testbench/cpu/l3/u0/leon3x0/vhdl/p0/iu/r.a.paw:0
/testbench/cpu/l3/u0/leon3x0/vhdl/p0/iu/r.x.data:{{00000000000000000000000000000011}}
/testbench/cpu/l3/u0/leon3x0/vhdl/p0/iu/r.m.mul:0
/testbench/cpu/l3/u0/leon3x0/vhdl/p0/iu/r.e.rd:UUUUU
/testbench/cpu/l3/u0/leon3x0/vhdl/p0/iu/r.e.invop2:0
/testbench/cpu/l3/u0/leon3x0/vhdl/p0/iu/r.m.wawp:0
/testbench/cpu/l3/u0/leon3x0/vhdl/p0/iu/r.d.cwpmax:111
/testbench/cpu/l3/u0/leon3x0/vhdl/p0/iu/r.f.branch:0
/testbench/cpu/l3/u0/leon3x0/vhdl/p0/iu/r.d.pcheld:0
/testbench/cpu/l3/u0/leon3x0/vhdl/p0/iu/r.m.dci:{0 0 0 1 0 0 {10} {00001011}}
/testbench/cpu/l3/u0/leon3x0/vhdl/p0/iu/r.e.paw:U
/testbench/cpu/l3/u0/leon3x0/vhdl/p0/iu/r.e.awp:UUU
/testbench/cpu/l3/u0/leon3x0/vhdl/p0/iu/r.e.shcnt:10100
/testbench/cpu/l3/u0/leon3x0/vhdl/p0/iu/r.w.result:00000000000000000000000000000100
/testbench/cpu/l3/u0/leon3x0/vhdl/p0/iu/r.m.mac:0
/testbench/cpu/l3/u0/leon3x0/vhdl/p0/iu/r.m.y:00000000000000000000000000000000
/testbench/cpu/l3/u0/leon3x0/vhdl/p0/iu/r.d.cwp:101
/testbench/cpu/l3/u0/leon3x0/vhdl/p0/iu/r.x.laddr:00
/testbench/cpu/l3/u0/leon3x0/vhdl/p0/iu/r.e.mulstep:0
/testbench/cpu/l3/u0/leon3x0/vhdl/p0/iu/r.e.ymsb:0
/testbench/cpu/l3/u0/leon3x0/vhdl/p0/iu/r.d.rexbuf:00000000000000000000000000000000
/testbench/cpu/l3/u0/leon3x0/vhdl/p0/iu/r.x.npc:100
/testbench/cpu/l3/u0/leon3x0/vhdl/p0/iu/r.f.pc:01000000000000000000001011100000
/testbench/cpu/l3/u0/leon3x0/vhdl/p0/iu/r.d.annul:0
/testbench/cpu/l3/u0/leon3x0/vhdl/p0/iu/r.x.rstate:run
/testbench/cpu/l3/u0/leon3x0/vhdl/p0/iu/r.x.set:0
/testbench/cpu/l3/u0/leon3x0/vhdl/p0/iu/r.m.result:00000000000000000000000000000100
/testbench/cpu/l3/u0/leon3x0/vhdl/p0/iu/r.e.icc:UUUU
/testbench/cpu/l3/u0/leon3x0/vhdl/p0/iu/r.a.getpc:0
/testbench/cpu/l3/u0/leon3x0/vhdl/p0/iu/r.a.ldchkex:1
/testbench/cpu/l3/u0/leon3x0/vhdl/p0/iu/r.x.mexc:0
/testbench/cpu/l3/u0/leon3x0/vhdl/p0/iu/r.a.mulstart:0
/testbench/cpu/l3/u0/leon3x0/vhdl/p0/iu/r.d.rexpos:10
/testbench/cpu/l3/u0/leon3x0/vhdl/p0/iu/r.x.annul_all:0
/testbench/cpu/l3/u0/leon3x0/vhdl/p0/iu/r.e.aluop:000
/testbench/cpu/l3/u0/leon3x0/vhdl/p0/iu/r.x.debug:0
/testbench/cpu/l3/u0/leon3x0/vhdl/p0/iu/r.a.rfe1:1
/testbench/cpu/l3/u0/leon3x0/vhdl/p0/iu/r.d.step:0
/testbench/cpu/l3/u0/leon3x0/vhdl/p0/iu/r.a.rfe2:0
/testbench/cpu/l3/u0/leon3x0/vhdl/p0/iu/r.e.alucin:0
/testbench/cpu/l3/u0/leon3x0/vhdl/p0/iu/r.a.wunf:0
======================================
progstatus: -2
execerr: 128
latent: 1
time limit!
>>>>>>>>>>>>>>> 5745715000
======================================
