Test signal = /testbench/cpu/l3/u0/leon3x0/vhdl/p0/iu/r.a.wovf
oldval = 0
pos1: -1 pos0: 0 posU: -1
newval = 1
Signal value: 0
oldval = 0
pos1: -1 pos0: 0 posU: -1
newval = 1
force in 2107733
586290000 >> iteration no: 0
1598340000 >> iteration no: 1
2610390000 >> iteration no: 2
2689640000 >> Requesting for the AHB bus...
2690690000 >> AHB granted, starting recovery...
2709890000 >> Recovery done, continuing...
2709940000 >> Requesting for the AHB bus...
2710815000 >> AHB granted, starting recovery...
2730015000 >> Recovery done, continuing...
2730065000 >> Requesting for the AHB bus...
2730940000 >> AHB granted, starting recovery...
2750140000 >> Recovery done, continuing...
2750190000 >> Requesting for the AHB bus...
2751065000 >> AHB granted, starting recovery...
2770265000 >> Recovery done, continuing...
2770315000 >> Requesting for the AHB bus...
2771190000 >> AHB granted, starting recovery...
2790390000 >> Recovery done, continuing...
2790440000 >> Requesting for the AHB bus...
2791315000 >> AHB granted, starting recovery...
2810515000 >> Recovery done, continuing...
2810565000 >> Requesting for the AHB bus...
2811440000 >> AHB granted, starting recovery...
2830640000 >> Recovery done, continuing...
2830690000 >> Requesting for the AHB bus...
2831565000 >> AHB granted, starting recovery...
2850765000 >> Recovery done, continuing...
2850815000 >> Requesting for the AHB bus...
2851690000 >> AHB granted, starting recovery...
2870890000 >> Recovery done, continuing...
2870940000 >> Requesting for the AHB bus...
2871815000 >> AHB granted, starting recovery...
2891015000 >> Recovery done, continuing...
2891065000 >> Requesting for the AHB bus...
2891940000 >> AHB granted, starting recovery...
2911140000 >> Recovery done, continuing...
2911190000 >> Requesting for the AHB bus...
2912065000 >> AHB granted, starting recovery...
2931265000 >> Recovery done, continuing...
2931315000 >> Requesting for the AHB bus...
2932190000 >> AHB granted, starting recovery...
2951390000 >> Recovery done, continuing...
2951440000 >> Requesting for the AHB bus...
2952315000 >> AHB granted, starting recovery...
2971515000 >> Recovery done, continuing...
2971565000 >> Requesting for the AHB bus...
2972440000 >> AHB granted, starting recovery...
2991640000 >> Recovery done, continuing...
2991690000 >> Requesting for the AHB bus...
2992565000 >> AHB granted, starting recovery...
3011765000 >> Recovery done, continuing...
3011815000 >> Requesting for the AHB bus...
3012690000 >> AHB granted, starting recovery...
3031890000 >> Recovery done, continuing...
3031940000 >> Requesting for the AHB bus...
3032815000 >> AHB granted, starting recovery...
3052015000 >> Recovery done, continuing...
3052065000 >> Requesting for the AHB bus...
3052940000 >> AHB granted, starting recovery...
3072140000 >> Recovery done, continuing...
3072190000 >> Requesting for the AHB bus...
3073065000 >> AHB granted, starting recovery...
3092265000 >> Recovery done, continuing...
3092315000 >> Requesting for the AHB bus...
3093190000 >> AHB granted, starting recovery...
3112390000 >> Recovery done, continuing...
3112440000 >> Requesting for the AHB bus...
3113315000 >> AHB granted, starting recovery...
3132515000 >> Recovery done, continuing...
3132565000 >> Requesting for the AHB bus...
3133440000 >> AHB granted, starting recovery...
3152640000 >> Recovery done, continuing...
3152690000 >> Requesting for the AHB bus...
3153565000 >> AHB granted, starting recovery...
3172765000 >> Recovery done, continuing...
3172815000 >> Requesting for the AHB bus...
3173690000 >> AHB granted, starting recovery...
3192890000 >> Recovery done, continuing...
3192940000 >> Requesting for the AHB bus...
3193815000 >> AHB granted, starting recovery...
3213015000 >> Recovery done, continuing...
3213065000 >> Requesting for the AHB bus...
3213940000 >> AHB granted, starting recovery...
3233140000 >> Recovery done, continuing...
3233190000 >> Requesting for the AHB bus...
3234065000 >> AHB granted, starting recovery...
3253265000 >> Recovery done, continuing...
3253315000 >> Requesting for the AHB bus...
3254190000 >> AHB granted, starting recovery...
3273390000 >> Recovery done, continuing...
3273440000 >> Requesting for the AHB bus...
3274315000 >> AHB granted, starting recovery...
3293515000 >> Recovery done, continuing...
3293565000 >> Requesting for the AHB bus...
3294440000 >> AHB granted, starting recovery...
3313640000 >> Recovery done, continuing...
3313690000 >> Requesting for the AHB bus...
3314565000 >> AHB granted, starting recovery...
3333765000 >> Recovery done, continuing...
3333815000 >> Requesting for the AHB bus...
3334690000 >> AHB granted, starting recovery...
3353890000 >> Recovery done, continuing...
3353940000 >> Requesting for the AHB bus...
3354965000 >> AHB granted, starting recovery...
3374165000 >> Recovery done, continuing...
3374215000 >> Requesting for the AHB bus...
3375090000 >> AHB granted, starting recovery...
3394290000 >> Recovery done, continuing...
3394340000 >> Requesting for the AHB bus...
3395215000 >> AHB granted, starting recovery...
3414415000 >> Recovery done, continuing...
3414465000 >> Requesting for the AHB bus...
3415340000 >> AHB granted, starting recovery...
3434540000 >> Recovery done, continuing...
3434590000 >> Requesting for the AHB bus...
3435465000 >> AHB granted, starting recovery...
3454665000 >> Recovery done, continuing...
3454715000 >> Requesting for the AHB bus...
3455590000 >> AHB granted, starting recovery...
3474790000 >> Recovery done, continuing...
3474840000 >> Requesting for the AHB bus...
3475715000 >> AHB granted, starting recovery...
3494915000 >> Recovery done, continuing...
3494965000 >> Requesting for the AHB bus...
3495840000 >> AHB granted, starting recovery...
3515040000 >> Recovery done, continuing...
3515090000 >> Requesting for the AHB bus...
3515965000 >> AHB granted, starting recovery...
3535165000 >> Recovery done, continuing...
3535215000 >> Requesting for the AHB bus...
3536090000 >> AHB granted, starting recovery...
3555290000 >> Recovery done, continuing...
3555340000 >> Requesting for the AHB bus...
3556215000 >> AHB granted, starting recovery...
3575415000 >> Recovery done, continuing...
3575465000 >> Requesting for the AHB bus...
3576340000 >> AHB granted, starting recovery...
3595540000 >> Recovery done, continuing...
3595590000 >> Requesting for the AHB bus...
3596465000 >> AHB granted, starting recovery...
3615665000 >> Recovery done, continuing...
3615715000 >> Requesting for the AHB bus...
3616590000 >> AHB granted, starting recovery...
3635790000 >> Recovery done, continuing...
3635840000 >> Requesting for the AHB bus...
3636715000 >> AHB granted, starting recovery...
3655915000 >> Recovery done, continuing...
3655965000 >> Requesting for the AHB bus...
3656840000 >> AHB granted, starting recovery...
3676040000 >> Recovery done, continuing...
3676090000 >> Requesting for the AHB bus...
3676965000 >> AHB granted, starting recovery...
3696165000 >> Recovery done, continuing...
3696215000 >> Requesting for the AHB bus...
3697090000 >> AHB granted, starting recovery...
3716290000 >> Recovery done, continuing...
3716340000 >> Requesting for the AHB bus...
3717215000 >> AHB granted, starting recovery...
3736415000 >> Recovery done, continuing...
3736465000 >> Requesting for the AHB bus...
3737340000 >> AHB granted, starting recovery...
3756540000 >> Recovery done, continuing...
3756590000 >> Requesting for the AHB bus...
3757465000 >> AHB granted, starting recovery...
3776665000 >> Recovery done, continuing...
3776715000 >> Requesting for the AHB bus...
3777590000 >> AHB granted, starting recovery...
3796790000 >> Recovery done, continuing...
3796840000 >> Requesting for the AHB bus...
3797715000 >> AHB granted, starting recovery...
3816915000 >> Recovery done, continuing...
3816965000 >> Requesting for the AHB bus...
3817840000 >> AHB granted, starting recovery...
3837040000 >> Recovery done, continuing...
3837090000 >> Requesting for the AHB bus...
3837965000 >> AHB granted, starting recovery...
3857165000 >> Recovery done, continuing...
3857215000 >> Requesting for the AHB bus...
3858090000 >> AHB granted, starting recovery...
3877290000 >> Recovery done, continuing...
3877340000 >> Requesting for the AHB bus...
3878215000 >> AHB granted, starting recovery...
3897415000 >> Recovery done, continuing...
3897465000 >> Requesting for the AHB bus...
3898340000 >> AHB granted, starting recovery...
3917540000 >> Recovery done, continuing...
3917590000 >> Requesting for the AHB bus...
3918465000 >> AHB granted, starting recovery...
3937665000 >> Recovery done, continuing...
3937715000 >> Requesting for the AHB bus...
3938590000 >> AHB granted, starting recovery...
3957790000 >> Recovery done, continuing...
3957840000 >> Requesting for the AHB bus...
3958715000 >> AHB granted, starting recovery...
3977915000 >> Recovery done, continuing...
3977965000 >> Requesting for the AHB bus...
3978840000 >> AHB granted, starting recovery...
3998040000 >> Recovery done, continuing...
3998090000 >> Requesting for the AHB bus...
3998965000 >> AHB granted, starting recovery...
4018165000 >> Recovery done, continuing...
4018215000 >> Requesting for the AHB bus...
4019090000 >> AHB granted, starting recovery...
4038290000 >> Recovery done, continuing...
4038340000 >> Requesting for the AHB bus...
4039215000 >> AHB granted, starting recovery...
4058415000 >> Recovery done, continuing...
4058465000 >> Requesting for the AHB bus...
4059340000 >> AHB granted, starting recovery...
4078540000 >> Recovery done, continuing...
4078590000 >> Requesting for the AHB bus...
4079465000 >> AHB granted, starting recovery...
4098665000 >> Recovery done, continuing...
4098715000 >> Requesting for the AHB bus...
4099590000 >> AHB granted, starting recovery...
4118790000 >> Recovery done, continuing...
4118840000 >> Requesting for the AHB bus...
4119715000 >> AHB granted, starting recovery...
4138915000 >> Recovery done, continuing...
4138965000 >> Requesting for the AHB bus...
4139840000 >> AHB granted, starting recovery...
4159040000 >> Recovery done, continuing...
4159090000 >> Requesting for the AHB bus...
4159965000 >> AHB granted, starting recovery...
4179165000 >> Recovery done, continuing...
4179215000 >> Requesting for the AHB bus...
4180090000 >> AHB granted, starting recovery...
4199290000 >> Recovery done, continuing...
4199340000 >> Requesting for the AHB bus...
4200215000 >> AHB granted, starting recovery...
4219415000 >> Recovery done, continuing...
4219465000 >> Requesting for the AHB bus...
4220340000 >> AHB granted, starting recovery...
4239540000 >> Recovery done, continuing...
4239590000 >> Requesting for the AHB bus...
4240465000 >> AHB granted, starting recovery...
4259665000 >> Recovery done, continuing...
4259715000 >> Requesting for the AHB bus...
4260590000 >> AHB granted, starting recovery...
4279790000 >> Recovery done, continuing...
4279840000 >> Requesting for the AHB bus...
4280715000 >> AHB granted, starting recovery...
4299915000 >> Recovery done, continuing...
4299965000 >> Requesting for the AHB bus...
4300840000 >> AHB granted, starting recovery...
4320040000 >> Recovery done, continuing...
4320090000 >> Requesting for the AHB bus...
4320965000 >> AHB granted, starting recovery...
4340165000 >> Recovery done, continuing...
4340215000 >> Requesting for the AHB bus...
4341090000 >> AHB granted, starting recovery...
4360290000 >> Recovery done, continuing...
4360340000 >> Requesting for the AHB bus...
4361215000 >> AHB granted, starting recovery...
4380415000 >> Recovery done, continuing...
4380465000 >> Requesting for the AHB bus...
4381340000 >> AHB granted, starting recovery...
4400540000 >> Recovery done, continuing...
4400590000 >> Requesting for the AHB bus...
4401465000 >> AHB granted, starting recovery...
4420665000 >> Recovery done, continuing...
4420715000 >> Requesting for the AHB bus...
4421590000 >> AHB granted, starting recovery...
4440790000 >> Recovery done, continuing...
4440840000 >> Requesting for the AHB bus...
4441715000 >> AHB granted, starting recovery...
4460915000 >> Recovery done, continuing...
4460965000 >> Requesting for the AHB bus...
4461840000 >> AHB granted, starting recovery...
4481040000 >> Recovery done, continuing...
4481090000 >> Requesting for the AHB bus...
4481965000 >> AHB granted, starting recovery...
4501165000 >> Recovery done, continuing...
4501215000 >> Requesting for the AHB bus...
4502090000 >> AHB granted, starting recovery...
4521290000 >> Recovery done, continuing...
4521340000 >> Requesting for the AHB bus...
4522215000 >> AHB granted, starting recovery...
4541415000 >> Recovery done, continuing...
4541465000 >> Requesting for the AHB bus...
4542340000 >> AHB granted, starting recovery...
4561540000 >> Recovery done, continuing...
4561590000 >> Requesting for the AHB bus...
4562465000 >> AHB granted, starting recovery...
4581665000 >> Recovery done, continuing...
4581715000 >> Requesting for the AHB bus...
4582590000 >> AHB granted, starting recovery...
4601790000 >> Recovery done, continuing...
4601840000 >> Requesting for the AHB bus...
4602715000 >> AHB granted, starting recovery...
4621915000 >> Recovery done, continuing...
4621965000 >> Requesting for the AHB bus...
4622840000 >> AHB granted, starting recovery...
4642040000 >> Recovery done, continuing...
4642090000 >> Requesting for the AHB bus...
4642965000 >> AHB granted, starting recovery...
4662165000 >> Recovery done, continuing...
4662215000 >> Requesting for the AHB bus...
4663090000 >> AHB granted, starting recovery...
4682290000 >> Recovery done, continuing...
4682340000 >> Requesting for the AHB bus...
4683215000 >> AHB granted, starting recovery...
4702415000 >> Recovery done, continuing...
4702465000 >> Requesting for the AHB bus...
4703340000 >> AHB granted, starting recovery...
4722540000 >> Recovery done, continuing...
4722590000 >> Requesting for the AHB bus...
4723465000 >> AHB granted, starting recovery...
4742665000 >> Recovery done, continuing...
4742715000 >> Requesting for the AHB bus...
4743765000 >> AHB granted, starting recovery...
4762965000 >> Recovery done, continuing...
4763015000 >> Requesting for the AHB bus...
4763890000 >> AHB granted, starting recovery...
4783090000 >> Recovery done, continuing...
4783140000 >> Requesting for the AHB bus...
4784015000 >> AHB granted, starting recovery...
4803215000 >> Recovery done, continuing...
4803265000 >> Requesting for the AHB bus...
4804140000 >> AHB granted, starting recovery...
4823340000 >> Recovery done, continuing...
4823390000 >> Requesting for the AHB bus...
4824265000 >> AHB granted, starting recovery...
4843465000 >> Recovery done, continuing...
4843515000 >> Requesting for the AHB bus...
4844390000 >> AHB granted, starting recovery...
4863590000 >> Recovery done, continuing...
4863640000 >> Requesting for the AHB bus...
4864515000 >> AHB granted, starting recovery...
4883715000 >> Recovery done, continuing...
4883765000 >> Requesting for the AHB bus...
4884640000 >> AHB granted, starting recovery...
4903840000 >> Recovery done, continuing...
4903890000 >> Requesting for the AHB bus...
4904765000 >> AHB granted, starting recovery...
4923965000 >> Recovery done, continuing...
4924015000 >> Requesting for the AHB bus...
4924890000 >> AHB granted, starting recovery...
4944090000 >> Recovery done, continuing...
4944140000 >> Requesting for the AHB bus...
4945015000 >> AHB granted, starting recovery...
4964215000 >> Recovery done, continuing...
4964265000 >> Requesting for the AHB bus...
4965140000 >> AHB granted, starting recovery...
4984340000 >> Recovery done, continuing...
4984390000 >> Requesting for the AHB bus...
4985265000 >> AHB granted, starting recovery...
5004465000 >> Recovery done, continuing...
5004515000 >> Requesting for the AHB bus...
5005390000 >> AHB granted, starting recovery...
5024590000 >> Recovery done, continuing...
5024640000 >> Requesting for the AHB bus...
5025515000 >> AHB granted, starting recovery...
5044715000 >> Recovery done, continuing...
5044765000 >> Requesting for the AHB bus...
5045640000 >> AHB granted, starting recovery...
5064840000 >> Recovery done, continuing...
5064890000 >> Requesting for the AHB bus...
5065765000 >> AHB granted, starting recovery...
5084965000 >> Recovery done, continuing...
5085015000 >> Requesting for the AHB bus...
5085890000 >> AHB granted, starting recovery...
5105090000 >> Recovery done, continuing...
5105140000 >> Requesting for the AHB bus...
5106015000 >> AHB granted, starting recovery...
5125215000 >> Recovery done, continuing...
5125265000 >> Requesting for the AHB bus...
5126140000 >> AHB granted, starting recovery...
5145340000 >> Recovery done, continuing...
5145390000 >> Requesting for the AHB bus...
5146265000 >> AHB granted, starting recovery...
5165465000 >> Recovery done, continuing...
5165515000 >> Requesting for the AHB bus...
5166390000 >> AHB granted, starting recovery...
5185590000 >> Recovery done, continuing...
5185640000 >> Requesting for the AHB bus...
5186515000 >> AHB granted, starting recovery...
5205715000 >> Recovery done, continuing...
5205765000 >> Requesting for the AHB bus...
5206640000 >> AHB granted, starting recovery...
5225840000 >> Recovery done, continuing...
5225890000 >> Requesting for the AHB bus...
5226765000 >> AHB granted, starting recovery...
5245965000 >> Recovery done, continuing...
5246015000 >> Requesting for the AHB bus...
5246890000 >> AHB granted, starting recovery...
5266090000 >> Recovery done, continuing...
5266140000 >> Requesting for the AHB bus...
5267015000 >> AHB granted, starting recovery...
5286215000 >> Recovery done, continuing...
5286265000 >> Requesting for the AHB bus...
5287140000 >> AHB granted, starting recovery...
5306340000 >> Recovery done, continuing...
5306390000 >> Requesting for the AHB bus...
5307265000 >> AHB granted, starting recovery...
5326465000 >> Recovery done, continuing...
5326515000 >> Requesting for the AHB bus...
5327390000 >> AHB granted, starting recovery...
5346590000 >> Recovery done, continuing...
5346640000 >> Requesting for the AHB bus...
5347515000 >> AHB granted, starting recovery...
5366715000 >> Recovery done, continuing...
5366765000 >> Requesting for the AHB bus...
5367640000 >> AHB granted, starting recovery...
5386840000 >> Recovery done, continuing...
5386890000 >> Requesting for the AHB bus...
5387765000 >> AHB granted, starting recovery...
5406965000 >> Recovery done, continuing...
5407015000 >> Requesting for the AHB bus...
5407890000 >> AHB granted, starting recovery...
5427090000 >> Recovery done, continuing...
5427140000 >> Requesting for the AHB bus...
5428015000 >> AHB granted, starting recovery...
5447215000 >> Recovery done, continuing...
5447265000 >> Requesting for the AHB bus...
5448140000 >> AHB granted, starting recovery...
5467340000 >> Recovery done, continuing...
5467390000 >> Requesting for the AHB bus...
5468265000 >> AHB granted, starting recovery...
5487465000 >> Recovery done, continuing...
5487515000 >> Requesting for the AHB bus...
5488390000 >> AHB granted, starting recovery...
5507590000 >> Recovery done, continuing...
5507640000 >> Requesting for the AHB bus...
5508515000 >> AHB granted, starting recovery...
5527715000 >> Recovery done, continuing...
5527765000 >> Requesting for the AHB bus...
5528640000 >> AHB granted, starting recovery...
5547840000 >> Recovery done, continuing...
5547890000 >> Requesting for the AHB bus...
5548765000 >> AHB granted, starting recovery...
5567965000 >> Recovery done, continuing...
5568015000 >> Requesting for the AHB bus...
5568890000 >> AHB granted, starting recovery...
5588090000 >> Recovery done, continuing...
5588140000 >> Requesting for the AHB bus...
5589015000 >> AHB granted, starting recovery...
5608215000 >> Recovery done, continuing...
5608265000 >> Requesting for the AHB bus...
5609140000 >> AHB granted, starting recovery...
5628340000 >> Recovery done, continuing...
5628390000 >> Requesting for the AHB bus...
5629265000 >> AHB granted, starting recovery...
5648465000 >> Recovery done, continuing...
5648515000 >> Requesting for the AHB bus...
5649390000 >> AHB granted, starting recovery...
5668590000 >> Recovery done, continuing...
5668640000 >> Requesting for the AHB bus...
5669515000 >> AHB granted, starting recovery...
5688715000 >> Recovery done, continuing...
5688765000 >> Requesting for the AHB bus...
5689640000 >> AHB granted, starting recovery...
5708840000 >> Recovery done, continuing...
5708890000 >> Requesting for the AHB bus...
5709765000 >> AHB granted, starting recovery...
5728965000 >> Recovery done, continuing...
5729015000 >> Requesting for the AHB bus...
5729890000 >> AHB granted, starting recovery...
5745715000 >> time limit reached...
/testbench/cpu/l3/u0/leon3x0/vhdl/p0/iu/r.w.wreg:0
/testbench/cpu/l3/u0/leon3x0/vhdl/p0/iu/r.m.irqen:1
/testbench/cpu/l3/u0/leon3x0/vhdl/p0/iu/r.m.icc:0000
/testbench/cpu/l3/u0/leon3x0/vhdl/p0/iu/r.a.ticc:0
/testbench/cpu/l3/u0/leon3x0/vhdl/p0/iu/r.a.step:0
/testbench/cpu/l3/u0/leon3x0/vhdl/p0/iu/r.m.irqen2:1
/testbench/cpu/l3/u0/leon3x0/vhdl/p0/iu/r.d.pc:01000000000000000000001101101100
/testbench/cpu/l3/u0/leon3x0/vhdl/p0/iu/r.d.rexpl:{{00000000000000000000000000000000} {00} {0} 0 0 {0000000000000000000} 0 0 0 0 0 0}
/testbench/cpu/l3/u0/leon3x0/vhdl/p0/iu/r.d.mexc:0
/testbench/cpu/l3/u0/leon3x0/vhdl/p0/iu/r.a.aw:0
/testbench/cpu/l3/u0/leon3x0/vhdl/p0/iu/r.e.ctrl:{{01000000000000000000001101101000} {11000010000001111011111111110000} {00} {10000001} {000000} 0 0 1 0 0 1 1 0 0}
/testbench/cpu/l3/u0/leon3x0/vhdl/p0/iu/r.a.divstart:0
/testbench/cpu/l3/u0/leon3x0/vhdl/p0/iu/r.e.shleft:0
/testbench/cpu/l3/u0/leon3x0/vhdl/p0/iu/r.a.bp:0
/testbench/cpu/l3/u0/leon3x0/vhdl/p0/iu/r.w.twcwp:000
/testbench/cpu/l3/u0/leon3x0/vhdl/p0/iu/r.a.jmpl:0
/testbench/cpu/l3/u0/leon3x0/vhdl/p0/iu/r.m.casa:0
/testbench/cpu/l3/u0/leon3x0/vhdl/p0/iu/r.m.werr:0
/testbench/cpu/l3/u0/leon3x0/vhdl/p0/iu/r.e.su:1
/testbench/cpu/l3/u0/leon3x0/vhdl/p0/iu/r.e.et:1
/testbench/cpu/l3/u0/leon3x0/vhdl/p0/iu/r.a.ldcheck1:1
/testbench/cpu/l3/u0/leon3x0/vhdl/p0/iu/r.d.stwin:000
/testbench/cpu/l3/u0/leon3x0/vhdl/p0/iu/r.a.ldcheck2:1
/testbench/cpu/l3/u0/leon3x0/vhdl/p0/iu/r.x.intack:0
/testbench/cpu/l3/u0/leon3x0/vhdl/p0/iu/r.m.ctrl:{{01000000000000000000001101100100} {10000100000100000010000000001001} {00} {10000010} {000000} 0 0 1 0 0 0 1 0 0}
/testbench/cpu/l3/u0/leon3x0/vhdl/p0/iu/r.a.cwp:101
/testbench/cpu/l3/u0/leon3x0/vhdl/p0/iu/r.e.sari:0
/testbench/cpu/l3/u0/leon3x0/vhdl/p0/iu/r.d.paw:0
/testbench/cpu/l3/u0/leon3x0/vhdl/p0/iu/r.d.aw:0
/testbench/cpu/l3/u0/leon3x0/vhdl/p0/iu/r.d.awp:000
/testbench/cpu/l3/u0/leon3x0/vhdl/p0/iu/r.x.ctrl:{{01000000000000000000001101100000} {11000010001001111011111111110100} {01} {10000001} {000101} 1 0 0 0 0 0 0 0 0}
/testbench/cpu/l3/u0/leon3x0/vhdl/p0/iu/r.m.rexnalign:0
/testbench/cpu/l3/u0/leon3x0/vhdl/p0/iu/r.m.su:1
/testbench/cpu/l3/u0/leon3x0/vhdl/p0/iu/r.m.wcwp:0
/testbench/cpu/l3/u0/leon3x0/vhdl/p0/iu/r.d.divrdy:0
/testbench/cpu/l3/u0/leon3x0/vhdl/p0/iu/r.e.cwp:101
/testbench/cpu/l3/u0/leon3x0/vhdl/p0/iu/r.w.except:0
/testbench/cpu/l3/u0/leon3x0/vhdl/p0/iu/r.x.nerror:0
/testbench/cpu/l3/u0/leon3x0/vhdl/p0/iu/r.a.bpimiss:0
/testbench/cpu/l3/u0/leon3x0/vhdl/p0/iu/r.a.nobp:0
/testbench/cpu/l3/u0/leon3x0/vhdl/p0/iu/r.d.rexcnt:0
/testbench/cpu/l3/u0/leon3x0/vhdl/p0/iu/r.w.s:{{101} {0000} {00000000} {01000000000000000000} {00000010} {0000} 0 0 1 1 1 {00000000000000000000000000000000} {UUUUUUUUUUUUUUUUUUUUUUUUUUUUUUUU} 1 0 0 1 1 1 0 0 {000} {000} {111}}
/testbench/cpu/l3/u0/leon3x0/vhdl/p0/iu/r.d.pv:1
/testbench/cpu/l3/u0/leon3x0/vhdl/p0/iu/r.a.ldchkra:1
/testbench/cpu/l3/u0/leon3x0/vhdl/p0/iu/r.a.rfa1:10000010
/testbench/cpu/l3/u0/leon3x0/vhdl/p0/iu/r.a.rfa2:10000001
/testbench/cpu/l3/u0/leon3x0/vhdl/p0/iu/r.a.imm:00000000000000000000000000000001
/testbench/cpu/l3/u0/leon3x0/vhdl/p0/iu/r.w.wa:10000001
/testbench/cpu/l3/u0/leon3x0/vhdl/p0/iu/r.m.casaz:0
/testbench/cpu/l3/u0/leon3x0/vhdl/p0/iu/r.x.dci:{0 0 0 0 0 0 {10} {00001011}}
/testbench/cpu/l3/u0/leon3x0/vhdl/p0/iu/r.x.mac:0
/testbench/cpu/l3/u0/leon3x0/vhdl/p0/iu/r.m.divz:0
/testbench/cpu/l3/u0/leon3x0/vhdl/p0/iu/r.d.inst:{{10000100001000001000000000000001}}
/testbench/cpu/l3/u0/leon3x0/vhdl/p0/iu/r.e.rfe1:1
/testbench/cpu/l3/u0/leon3x0/vhdl/p0/iu/r.a.wovf:0
/testbench/cpu/l3/u0/leon3x0/vhdl/p0/iu/r.e.rfe2:0
/testbench/cpu/l3/u0/leon3x0/vhdl/p0/iu/r.e.op1:01000000000011111111111010100000
/testbench/cpu/l3/u0/leon3x0/vhdl/p0/iu/r.m.nalign:1
/testbench/cpu/l3/u0/leon3x0/vhdl/p0/iu/r.e.op2:11111111111111111111111111110000
/testbench/cpu/l3/u0/leon3x0/vhdl/p0/iu/r.d.rexen:0
/testbench/cpu/l3/u0/leon3x0/vhdl/p0/iu/r.a.ctrl:{{01000000000000000000001101101100} {10000100001000001000000000000001} {00} {10000010} {000000} 0 1 0 0 0 0 0 0 0}
/testbench/cpu/l3/u0/leon3x0/vhdl/p0/iu/r.x.ipend:0
/testbench/cpu/l3/u0/leon3x0/vhdl/p0/iu/r.e.ldbp1:0
/testbench/cpu/l3/u0/leon3x0/vhdl/p0/iu/r.e.aluadd:1
/testbench/cpu/l3/u0/leon3x0/vhdl/p0/iu/r.d.set:0
/testbench/cpu/l3/u0/leon3x0/vhdl/p0/iu/r.d.inull:0
/testbench/cpu/l3/u0/leon3x0/vhdl/p0/iu/r.e.ldbp2:0
/testbench/cpu/l3/u0/leon3x0/vhdl/p0/iu/r.d.cnt:00
/testbench/cpu/l3/u0/leon3x0/vhdl/p0/iu/r.a.su:1
/testbench/cpu/l3/u0/leon3x0/vhdl/p0/iu/r.a.et:1
/testbench/cpu/l3/u0/leon3x0/vhdl/p0/iu/r.e.mul:0
/testbench/cpu/l3/u0/leon3x0/vhdl/p0/iu/r.e.alusel:00
/testbench/cpu/l3/u0/leon3x0/vhdl/p0/iu/r.e.aw:U
/testbench/cpu/l3/u0/leon3x0/vhdl/p0/iu/r.e.mac:0
/testbench/cpu/l3/u0/leon3x0/vhdl/p0/iu/r.a.decill:0
/testbench/cpu/l3/u0/leon3x0/vhdl/p0/iu/r.x.icc:0000
/testbench/cpu/l3/u0/leon3x0/vhdl/p0/iu/r.x.result:00000000000000000000000000000001
/testbench/cpu/l3/u0/leon3x0/vhdl/p0/iu/r.e.bp:0
/testbench/cpu/l3/u0/leon3x0/vhdl/p0/iu/r.a.rs1:00010
/testbench/cpu/l3/u0/leon3x0/vhdl/p0/iu/r.e.jmpl:0
/testbench/cpu/l3/u0/leon3x0/vhdl/p0/iu/r.a.rsel1:010
/testbench/cpu/l3/u0/leon3x0/vhdl/p0/iu/r.x.y:00000000000000000000000000000000
/testbench/cpu/l3/u0/leon3x0/vhdl/p0/iu/r.a.rsel2:001
/testbench/cpu/l3/u0/leon3x0/vhdl/p0/iu/r.a.awp:000
/testbench/cpu/l3/u0/leon3x0/vhdl/p0/iu/r.a.paw:0
/testbench/cpu/l3/u0/leon3x0/vhdl/p0/iu/r.x.data:{{00000000000000000000000000000000}}
/testbench/cpu/l3/u0/leon3x0/vhdl/p0/iu/r.m.mul:0
/testbench/cpu/l3/u0/leon3x0/vhdl/p0/iu/r.e.rd:UUUUU
/testbench/cpu/l3/u0/leon3x0/vhdl/p0/iu/r.e.invop2:0
/testbench/cpu/l3/u0/leon3x0/vhdl/p0/iu/r.m.wawp:0
/testbench/cpu/l3/u0/leon3x0/vhdl/p0/iu/r.d.cwpmax:111
/testbench/cpu/l3/u0/leon3x0/vhdl/p0/iu/r.f.branch:0
/testbench/cpu/l3/u0/leon3x0/vhdl/p0/iu/r.d.pcheld:1
/testbench/cpu/l3/u0/leon3x0/vhdl/p0/iu/r.m.dci:{0 0 1 0 0 0 {10} {00001011}}
/testbench/cpu/l3/u0/leon3x0/vhdl/p0/iu/r.e.paw:U
/testbench/cpu/l3/u0/leon3x0/vhdl/p0/iu/r.e.awp:UUU
/testbench/cpu/l3/u0/leon3x0/vhdl/p0/iu/r.e.shcnt:10000
/testbench/cpu/l3/u0/leon3x0/vhdl/p0/iu/r.w.result:01000000000011111111111010010100
/testbench/cpu/l3/u0/leon3x0/vhdl/p0/iu/r.m.mac:0
/testbench/cpu/l3/u0/leon3x0/vhdl/p0/iu/r.m.y:00000000000000000000000000000000
/testbench/cpu/l3/u0/leon3x0/vhdl/p0/iu/r.d.cwp:101
/testbench/cpu/l3/u0/leon3x0/vhdl/p0/iu/r.x.laddr:01
/testbench/cpu/l3/u0/leon3x0/vhdl/p0/iu/r.e.mulstep:0
/testbench/cpu/l3/u0/leon3x0/vhdl/p0/iu/r.e.ymsb:0
/testbench/cpu/l3/u0/leon3x0/vhdl/p0/iu/r.d.rexbuf:00000000000000000000000000000000
/testbench/cpu/l3/u0/leon3x0/vhdl/p0/iu/r.x.npc:100
/testbench/cpu/l3/u0/leon3x0/vhdl/p0/iu/r.f.pc:01000000000000000000001101110000
/testbench/cpu/l3/u0/leon3x0/vhdl/p0/iu/r.d.annul:0
/testbench/cpu/l3/u0/leon3x0/vhdl/p0/iu/r.x.rstate:run
/testbench/cpu/l3/u0/leon3x0/vhdl/p0/iu/r.x.set:0
/testbench/cpu/l3/u0/leon3x0/vhdl/p0/iu/r.m.result:00000000000000000000000000001001
/testbench/cpu/l3/u0/leon3x0/vhdl/p0/iu/r.e.icc:UUUU
/testbench/cpu/l3/u0/leon3x0/vhdl/p0/iu/r.a.getpc:0
/testbench/cpu/l3/u0/leon3x0/vhdl/p0/iu/r.a.ldchkex:1
/testbench/cpu/l3/u0/leon3x0/vhdl/p0/iu/r.x.mexc:0
/testbench/cpu/l3/u0/leon3x0/vhdl/p0/iu/r.a.mulstart:0
/testbench/cpu/l3/u0/leon3x0/vhdl/p0/iu/r.d.rexpos:10
/testbench/cpu/l3/u0/leon3x0/vhdl/p0/iu/r.x.annul_all:0
/testbench/cpu/l3/u0/leon3x0/vhdl/p0/iu/r.e.aluop:000
/testbench/cpu/l3/u0/leon3x0/vhdl/p0/iu/r.x.debug:0
/testbench/cpu/l3/u0/leon3x0/vhdl/p0/iu/r.a.rfe1:0
/testbench/cpu/l3/u0/leon3x0/vhdl/p0/iu/r.d.step:0
/testbench/cpu/l3/u0/leon3x0/vhdl/p0/iu/r.a.rfe2:0
/testbench/cpu/l3/u0/leon3x0/vhdl/p0/iu/r.e.alucin:0
/testbench/cpu/l3/u0/leon3x0/vhdl/p0/iu/r.a.wunf:0
======================================
progstatus: -2
execerr: 152
latent: 1
time limit!
>>>>>>>>>>>>>>> 5745715000
======================================
