Test signal = /testbench/cpu/l3/u0/leon3x0/vhdl/p0/iu/r.d.cwp
oldval = 111
pos1: 2 pos0: -1 posU: -1
newval = 110
Signal value: 111
oldval = 111
pos1: 2 pos0: -1 posU: -1
newval = 110
force in 2488617
586290000 >> iteration no: 0
1598340000 >> iteration no: 1
2610390000 >> iteration no: 2
3071165000 >> Requesting for the AHB bus...
3071865000 >> AHB granted, starting recovery...
3091065000 >> Recovery done, continuing...
3091115000 >> Requesting for the AHB bus...
3092165000 >> AHB granted, starting recovery...
3111365000 >> Recovery done, continuing...
3111415000 >> Requesting for the AHB bus...
3112465000 >> AHB granted, starting recovery...
3131665000 >> Recovery done, continuing...
3131715000 >> Requesting for the AHB bus...
3132765000 >> AHB granted, starting recovery...
3151965000 >> Recovery done, continuing...
3152015000 >> Requesting for the AHB bus...
3153065000 >> AHB granted, starting recovery...
3172265000 >> Recovery done, continuing...
3172315000 >> Requesting for the AHB bus...
3173365000 >> AHB granted, starting recovery...
3192565000 >> Recovery done, continuing...
3192615000 >> Requesting for the AHB bus...
3193665000 >> AHB granted, starting recovery...
3212865000 >> Recovery done, continuing...
3212915000 >> Requesting for the AHB bus...
3214140000 >> AHB granted, starting recovery...
3233340000 >> Recovery done, continuing...
3233390000 >> Requesting for the AHB bus...
3234440000 >> AHB granted, starting recovery...
3253640000 >> Recovery done, continuing...
3253690000 >> Requesting for the AHB bus...
3254740000 >> AHB granted, starting recovery...
3273940000 >> Recovery done, continuing...
3273990000 >> Requesting for the AHB bus...
3275040000 >> AHB granted, starting recovery...
3294240000 >> Recovery done, continuing...
3294290000 >> Requesting for the AHB bus...
3295340000 >> AHB granted, starting recovery...
3314540000 >> Recovery done, continuing...
3314590000 >> Requesting for the AHB bus...
3315640000 >> AHB granted, starting recovery...
3334840000 >> Recovery done, continuing...
3334890000 >> Requesting for the AHB bus...
3335940000 >> AHB granted, starting recovery...
3355140000 >> Recovery done, continuing...
3355190000 >> Requesting for the AHB bus...
3356240000 >> AHB granted, starting recovery...
3375440000 >> Recovery done, continuing...
3375490000 >> Requesting for the AHB bus...
3376540000 >> AHB granted, starting recovery...
3395740000 >> Recovery done, continuing...
3395790000 >> Requesting for the AHB bus...
3396840000 >> AHB granted, starting recovery...
3416040000 >> Recovery done, continuing...
3416090000 >> Requesting for the AHB bus...
3417140000 >> AHB granted, starting recovery...
3436340000 >> Recovery done, continuing...
3436390000 >> Requesting for the AHB bus...
3437440000 >> AHB granted, starting recovery...
3456640000 >> Recovery done, continuing...
3456690000 >> Requesting for the AHB bus...
3457740000 >> AHB granted, starting recovery...
3476940000 >> Recovery done, continuing...
3476990000 >> Requesting for the AHB bus...
3478040000 >> AHB granted, starting recovery...
3497240000 >> Recovery done, continuing...
3497290000 >> Requesting for the AHB bus...
3498340000 >> AHB granted, starting recovery...
3517540000 >> Recovery done, continuing...
3517590000 >> Requesting for the AHB bus...
3518640000 >> AHB granted, starting recovery...
3537840000 >> Recovery done, continuing...
3537890000 >> Requesting for the AHB bus...
3538940000 >> AHB granted, starting recovery...
3558140000 >> Recovery done, continuing...
3558190000 >> Requesting for the AHB bus...
3559240000 >> AHB granted, starting recovery...
3578440000 >> Recovery done, continuing...
3578490000 >> Requesting for the AHB bus...
3579540000 >> AHB granted, starting recovery...
3598740000 >> Recovery done, continuing...
3598790000 >> Requesting for the AHB bus...
3599840000 >> AHB granted, starting recovery...
3619040000 >> Recovery done, continuing...
3619090000 >> Requesting for the AHB bus...
3620140000 >> AHB granted, starting recovery...
3639340000 >> Recovery done, continuing...
3639390000 >> Requesting for the AHB bus...
3640440000 >> AHB granted, starting recovery...
3659640000 >> Recovery done, continuing...
3659690000 >> Requesting for the AHB bus...
3660740000 >> AHB granted, starting recovery...
3679940000 >> Recovery done, continuing...
3679990000 >> Requesting for the AHB bus...
3681215000 >> AHB granted, starting recovery...
3700415000 >> Recovery done, continuing...
3700465000 >> Requesting for the AHB bus...
3701515000 >> AHB granted, starting recovery...
3720715000 >> Recovery done, continuing...
3720765000 >> Requesting for the AHB bus...
3721815000 >> AHB granted, starting recovery...
3741015000 >> Recovery done, continuing...
3741065000 >> Requesting for the AHB bus...
3742115000 >> AHB granted, starting recovery...
3761315000 >> Recovery done, continuing...
3761365000 >> Requesting for the AHB bus...
3762415000 >> AHB granted, starting recovery...
3781615000 >> Recovery done, continuing...
3781665000 >> Requesting for the AHB bus...
3782715000 >> AHB granted, starting recovery...
3801915000 >> Recovery done, continuing...
3801965000 >> Requesting for the AHB bus...
3803140000 >> AHB granted, starting recovery...
3822340000 >> Recovery done, continuing...
3822390000 >> Requesting for the AHB bus...
3823440000 >> AHB granted, starting recovery...
3842640000 >> Recovery done, continuing...
3842690000 >> Requesting for the AHB bus...
3843740000 >> AHB granted, starting recovery...
3862940000 >> Recovery done, continuing...
3862990000 >> Requesting for the AHB bus...
3864040000 >> AHB granted, starting recovery...
3883240000 >> Recovery done, continuing...
3883290000 >> Requesting for the AHB bus...
3884340000 >> AHB granted, starting recovery...
3903540000 >> Recovery done, continuing...
3903590000 >> Requesting for the AHB bus...
3904640000 >> AHB granted, starting recovery...
3923840000 >> Recovery done, continuing...
3923890000 >> Requesting for the AHB bus...
3924940000 >> AHB granted, starting recovery...
3944140000 >> Recovery done, continuing...
3944190000 >> Requesting for the AHB bus...
3945240000 >> AHB granted, starting recovery...
3964440000 >> Recovery done, continuing...
3964490000 >> Requesting for the AHB bus...
3965540000 >> AHB granted, starting recovery...
3984740000 >> Recovery done, continuing...
3984790000 >> Requesting for the AHB bus...
3985840000 >> AHB granted, starting recovery...
4005040000 >> Recovery done, continuing...
4005090000 >> Requesting for the AHB bus...
4006140000 >> AHB granted, starting recovery...
4025340000 >> Recovery done, continuing...
4025390000 >> Requesting for the AHB bus...
4026440000 >> AHB granted, starting recovery...
4045640000 >> Recovery done, continuing...
4045690000 >> Requesting for the AHB bus...
4046740000 >> AHB granted, starting recovery...
4065940000 >> Recovery done, continuing...
4065990000 >> Requesting for the AHB bus...
4067040000 >> AHB granted, starting recovery...
4086240000 >> Recovery done, continuing...
4086290000 >> Requesting for the AHB bus...
4087340000 >> AHB granted, starting recovery...
4106540000 >> Recovery done, continuing...
4106590000 >> Requesting for the AHB bus...
4107640000 >> AHB granted, starting recovery...
4126840000 >> Recovery done, continuing...
4126890000 >> Requesting for the AHB bus...
4127940000 >> AHB granted, starting recovery...
4147140000 >> Recovery done, continuing...
4147190000 >> Requesting for the AHB bus...
4148415000 >> AHB granted, starting recovery...
4167615000 >> Recovery done, continuing...
4167665000 >> Requesting for the AHB bus...
4168715000 >> AHB granted, starting recovery...
4187915000 >> Recovery done, continuing...
4187965000 >> Requesting for the AHB bus...
4189015000 >> AHB granted, starting recovery...
4208215000 >> Recovery done, continuing...
4208265000 >> Requesting for the AHB bus...
4209315000 >> AHB granted, starting recovery...
4228515000 >> Recovery done, continuing...
4228565000 >> Requesting for the AHB bus...
4229615000 >> AHB granted, starting recovery...
4248815000 >> Recovery done, continuing...
4248865000 >> Requesting for the AHB bus...
4249915000 >> AHB granted, starting recovery...
4269115000 >> Recovery done, continuing...
4269165000 >> Requesting for the AHB bus...
4270340000 >> AHB granted, starting recovery...
4289540000 >> Recovery done, continuing...
4289590000 >> Requesting for the AHB bus...
4290640000 >> AHB granted, starting recovery...
4309840000 >> Recovery done, continuing...
4309890000 >> Requesting for the AHB bus...
4310940000 >> AHB granted, starting recovery...
4330140000 >> Recovery done, continuing...
4330190000 >> Requesting for the AHB bus...
4331240000 >> AHB granted, starting recovery...
4350440000 >> Recovery done, continuing...
4350490000 >> Requesting for the AHB bus...
4351540000 >> AHB granted, starting recovery...
4370740000 >> Recovery done, continuing...
4370790000 >> Requesting for the AHB bus...
4371840000 >> AHB granted, starting recovery...
4391040000 >> Recovery done, continuing...
4391090000 >> Requesting for the AHB bus...
4392140000 >> AHB granted, starting recovery...
4411340000 >> Recovery done, continuing...
4411390000 >> Requesting for the AHB bus...
4412440000 >> AHB granted, starting recovery...
4431640000 >> Recovery done, continuing...
4431690000 >> Requesting for the AHB bus...
4432740000 >> AHB granted, starting recovery...
4451940000 >> Recovery done, continuing...
4451990000 >> Requesting for the AHB bus...
4453040000 >> AHB granted, starting recovery...
4472240000 >> Recovery done, continuing...
4472290000 >> Requesting for the AHB bus...
4473340000 >> AHB granted, starting recovery...
4492540000 >> Recovery done, continuing...
4492590000 >> Requesting for the AHB bus...
4493640000 >> AHB granted, starting recovery...
4512840000 >> Recovery done, continuing...
4512890000 >> Requesting for the AHB bus...
4513940000 >> AHB granted, starting recovery...
4533140000 >> Recovery done, continuing...
4533190000 >> Requesting for the AHB bus...
4534240000 >> AHB granted, starting recovery...
4553440000 >> Recovery done, continuing...
4553490000 >> Requesting for the AHB bus...
4554540000 >> AHB granted, starting recovery...
4573740000 >> Recovery done, continuing...
4573790000 >> Requesting for the AHB bus...
4574840000 >> AHB granted, starting recovery...
4594040000 >> Recovery done, continuing...
4594090000 >> Requesting for the AHB bus...
4595140000 >> AHB granted, starting recovery...
4614340000 >> Recovery done, continuing...
4614390000 >> Requesting for the AHB bus...
4615615000 >> AHB granted, starting recovery...
4634815000 >> Recovery done, continuing...
4634865000 >> Requesting for the AHB bus...
4635915000 >> AHB granted, starting recovery...
4655115000 >> Recovery done, continuing...
4655165000 >> Requesting for the AHB bus...
4656215000 >> AHB granted, starting recovery...
4675415000 >> Recovery done, continuing...
4675465000 >> Requesting for the AHB bus...
4676515000 >> AHB granted, starting recovery...
4695715000 >> Recovery done, continuing...
4695765000 >> Requesting for the AHB bus...
4696815000 >> AHB granted, starting recovery...
4716015000 >> Recovery done, continuing...
4716065000 >> Requesting for the AHB bus...
4717115000 >> AHB granted, starting recovery...
4736315000 >> Recovery done, continuing...
4736365000 >> Requesting for the AHB bus...
4737540000 >> AHB granted, starting recovery...
4756740000 >> Recovery done, continuing...
4756790000 >> Requesting for the AHB bus...
4757840000 >> AHB granted, starting recovery...
4777040000 >> Recovery done, continuing...
4777090000 >> Requesting for the AHB bus...
4778140000 >> AHB granted, starting recovery...
4797340000 >> Recovery done, continuing...
4797390000 >> Requesting for the AHB bus...
4798440000 >> AHB granted, starting recovery...
4817640000 >> Recovery done, continuing...
4817690000 >> Requesting for the AHB bus...
4818740000 >> AHB granted, starting recovery...
4837940000 >> Recovery done, continuing...
4837990000 >> Requesting for the AHB bus...
4839040000 >> AHB granted, starting recovery...
4858240000 >> Recovery done, continuing...
4858290000 >> Requesting for the AHB bus...
4859340000 >> AHB granted, starting recovery...
4878540000 >> Recovery done, continuing...
4878590000 >> Requesting for the AHB bus...
4879640000 >> AHB granted, starting recovery...
4898840000 >> Recovery done, continuing...
4898890000 >> Requesting for the AHB bus...
4899940000 >> AHB granted, starting recovery...
4919140000 >> Recovery done, continuing...
4919190000 >> Requesting for the AHB bus...
4920240000 >> AHB granted, starting recovery...
4939440000 >> Recovery done, continuing...
4939490000 >> Requesting for the AHB bus...
4940540000 >> AHB granted, starting recovery...
4959740000 >> Recovery done, continuing...
4959790000 >> Requesting for the AHB bus...
4960840000 >> AHB granted, starting recovery...
4980040000 >> Recovery done, continuing...
4980090000 >> Requesting for the AHB bus...
4981140000 >> AHB granted, starting recovery...
5000340000 >> Recovery done, continuing...
5000390000 >> Requesting for the AHB bus...
5001440000 >> AHB granted, starting recovery...
5020640000 >> Recovery done, continuing...
5020690000 >> Requesting for the AHB bus...
5021740000 >> AHB granted, starting recovery...
5040940000 >> Recovery done, continuing...
5040990000 >> Requesting for the AHB bus...
5042040000 >> AHB granted, starting recovery...
5061240000 >> Recovery done, continuing...
5061290000 >> Requesting for the AHB bus...
5062340000 >> AHB granted, starting recovery...
5081540000 >> Recovery done, continuing...
5081590000 >> Requesting for the AHB bus...
5082815000 >> AHB granted, starting recovery...
5102015000 >> Recovery done, continuing...
5102065000 >> Requesting for the AHB bus...
5103115000 >> AHB granted, starting recovery...
5122315000 >> Recovery done, continuing...
5122365000 >> Requesting for the AHB bus...
5123415000 >> AHB granted, starting recovery...
5142615000 >> Recovery done, continuing...
5142665000 >> Requesting for the AHB bus...
5143715000 >> AHB granted, starting recovery...
5162915000 >> Recovery done, continuing...
5162965000 >> Requesting for the AHB bus...
5164015000 >> AHB granted, starting recovery...
5183215000 >> Recovery done, continuing...
5183265000 >> Requesting for the AHB bus...
5184315000 >> AHB granted, starting recovery...
5203515000 >> Recovery done, continuing...
5203565000 >> Requesting for the AHB bus...
5204740000 >> AHB granted, starting recovery...
5223940000 >> Recovery done, continuing...
5223990000 >> Requesting for the AHB bus...
5225040000 >> AHB granted, starting recovery...
5244240000 >> Recovery done, continuing...
5244290000 >> Requesting for the AHB bus...
5245340000 >> AHB granted, starting recovery...
5264540000 >> Recovery done, continuing...
5264590000 >> Requesting for the AHB bus...
5265640000 >> AHB granted, starting recovery...
5284840000 >> Recovery done, continuing...
5284890000 >> Requesting for the AHB bus...
5285940000 >> AHB granted, starting recovery...
5305140000 >> Recovery done, continuing...
5305190000 >> Requesting for the AHB bus...
5306240000 >> AHB granted, starting recovery...
5325440000 >> Recovery done, continuing...
5325490000 >> Requesting for the AHB bus...
5326540000 >> AHB granted, starting recovery...
5345740000 >> Recovery done, continuing...
5345790000 >> Requesting for the AHB bus...
5346840000 >> AHB granted, starting recovery...
5366040000 >> Recovery done, continuing...
5366090000 >> Requesting for the AHB bus...
5367140000 >> AHB granted, starting recovery...
5386340000 >> Recovery done, continuing...
5386390000 >> Requesting for the AHB bus...
5387440000 >> AHB granted, starting recovery...
5406640000 >> Recovery done, continuing...
5406690000 >> Requesting for the AHB bus...
5407740000 >> AHB granted, starting recovery...
5426940000 >> Recovery done, continuing...
5426990000 >> Requesting for the AHB bus...
5428040000 >> AHB granted, starting recovery...
5447240000 >> Recovery done, continuing...
5447290000 >> Requesting for the AHB bus...
5448340000 >> AHB granted, starting recovery...
5467540000 >> Recovery done, continuing...
5467590000 >> Requesting for the AHB bus...
5468640000 >> AHB granted, starting recovery...
5487840000 >> Recovery done, continuing...
5487890000 >> Requesting for the AHB bus...
5488940000 >> AHB granted, starting recovery...
5508140000 >> Recovery done, continuing...
5508190000 >> Requesting for the AHB bus...
5509240000 >> AHB granted, starting recovery...
5528440000 >> Recovery done, continuing...
5528490000 >> Requesting for the AHB bus...
5529540000 >> AHB granted, starting recovery...
5548740000 >> Recovery done, continuing...
5548790000 >> Requesting for the AHB bus...
5550015000 >> AHB granted, starting recovery...
5569215000 >> Recovery done, continuing...
5569265000 >> Requesting for the AHB bus...
5570315000 >> AHB granted, starting recovery...
5589515000 >> Recovery done, continuing...
5589565000 >> Requesting for the AHB bus...
5590615000 >> AHB granted, starting recovery...
5609815000 >> Recovery done, continuing...
5609865000 >> Requesting for the AHB bus...
5610915000 >> AHB granted, starting recovery...
5630115000 >> Recovery done, continuing...
5630165000 >> Requesting for the AHB bus...
5631215000 >> AHB granted, starting recovery...
5650415000 >> Recovery done, continuing...
5650465000 >> Requesting for the AHB bus...
5651515000 >> AHB granted, starting recovery...
5670715000 >> Recovery done, continuing...
5670765000 >> Requesting for the AHB bus...
5671940000 >> AHB granted, starting recovery...
5691140000 >> Recovery done, continuing...
5691190000 >> Requesting for the AHB bus...
5692240000 >> AHB granted, starting recovery...
5711440000 >> Recovery done, continuing...
5711490000 >> Requesting for the AHB bus...
5712540000 >> AHB granted, starting recovery...
5731740000 >> Recovery done, continuing...
5731790000 >> Requesting for the AHB bus...
5732840000 >> AHB granted, starting recovery...
5745715000 >> time limit reached...
/testbench/cpu/l3/u0/leon3x0/vhdl/p0/iu/r.w.wreg:1
/testbench/cpu/l3/u0/leon3x0/vhdl/p0/iu/r.m.irqen:1
/testbench/cpu/l3/u0/leon3x0/vhdl/p0/iu/r.m.icc:0000
/testbench/cpu/l3/u0/leon3x0/vhdl/p0/iu/r.a.ticc:0
/testbench/cpu/l3/u0/leon3x0/vhdl/p0/iu/r.a.step:0
/testbench/cpu/l3/u0/leon3x0/vhdl/p0/iu/r.m.irqen2:1
/testbench/cpu/l3/u0/leon3x0/vhdl/p0/iu/r.d.pc:01000000000000000000001011011100
/testbench/cpu/l3/u0/leon3x0/vhdl/p0/iu/r.d.rexpl:{{00000000000000000000000000000000} {00} {0} 0 0 {0000000000000000000} 0 0 0 0 0 0}
/testbench/cpu/l3/u0/leon3x0/vhdl/p0/iu/r.d.mexc:0
/testbench/cpu/l3/u0/leon3x0/vhdl/p0/iu/r.a.aw:0
/testbench/cpu/l3/u0/leon3x0/vhdl/p0/iu/r.e.ctrl:{{01000000000000000000001011010100} {11000010000001111011111111110100} {00} {10000001} {000000} 0 0 1 0 0 1 1 0 0}
/testbench/cpu/l3/u0/leon3x0/vhdl/p0/iu/r.a.divstart:0
/testbench/cpu/l3/u0/leon3x0/vhdl/p0/iu/r.e.shleft:0
/testbench/cpu/l3/u0/leon3x0/vhdl/p0/iu/r.a.bp:0
/testbench/cpu/l3/u0/leon3x0/vhdl/p0/iu/r.w.twcwp:000
/testbench/cpu/l3/u0/leon3x0/vhdl/p0/iu/r.a.jmpl:0
/testbench/cpu/l3/u0/leon3x0/vhdl/p0/iu/r.m.casa:0
/testbench/cpu/l3/u0/leon3x0/vhdl/p0/iu/r.m.werr:0
/testbench/cpu/l3/u0/leon3x0/vhdl/p0/iu/r.e.su:1
/testbench/cpu/l3/u0/leon3x0/vhdl/p0/iu/r.e.et:1
/testbench/cpu/l3/u0/leon3x0/vhdl/p0/iu/r.a.ldcheck1:1
/testbench/cpu/l3/u0/leon3x0/vhdl/p0/iu/r.d.stwin:000
/testbench/cpu/l3/u0/leon3x0/vhdl/p0/iu/r.a.ldcheck2:0
/testbench/cpu/l3/u0/leon3x0/vhdl/p0/iu/r.x.intack:0
/testbench/cpu/l3/u0/leon3x0/vhdl/p0/iu/r.m.ctrl:{{01000000000000000000001011010000} {11000010001001111011111111111000} {01} {10000001} {000000} 0 0 0 0 0 0 0 0 0}
/testbench/cpu/l3/u0/leon3x0/vhdl/p0/iu/r.a.cwp:101
/testbench/cpu/l3/u0/leon3x0/vhdl/p0/iu/r.e.sari:0
/testbench/cpu/l3/u0/leon3x0/vhdl/p0/iu/r.d.paw:0
/testbench/cpu/l3/u0/leon3x0/vhdl/p0/iu/r.d.aw:0
/testbench/cpu/l3/u0/leon3x0/vhdl/p0/iu/r.d.awp:000
/testbench/cpu/l3/u0/leon3x0/vhdl/p0/iu/r.x.ctrl:{{01000000000000000000001011010000} {11000010001001111011111111111000} {00} {10000001} {000000} 0 0 0 0 0 0 1 0 0}
/testbench/cpu/l3/u0/leon3x0/vhdl/p0/iu/r.m.rexnalign:0
/testbench/cpu/l3/u0/leon3x0/vhdl/p0/iu/r.m.su:1
/testbench/cpu/l3/u0/leon3x0/vhdl/p0/iu/r.m.wcwp:0
/testbench/cpu/l3/u0/leon3x0/vhdl/p0/iu/r.d.divrdy:0
/testbench/cpu/l3/u0/leon3x0/vhdl/p0/iu/r.e.cwp:101
/testbench/cpu/l3/u0/leon3x0/vhdl/p0/iu/r.w.except:0
/testbench/cpu/l3/u0/leon3x0/vhdl/p0/iu/r.x.nerror:0
/testbench/cpu/l3/u0/leon3x0/vhdl/p0/iu/r.a.bpimiss:0
/testbench/cpu/l3/u0/leon3x0/vhdl/p0/iu/r.a.nobp:0
/testbench/cpu/l3/u0/leon3x0/vhdl/p0/iu/r.d.rexcnt:0
/testbench/cpu/l3/u0/leon3x0/vhdl/p0/iu/r.w.s:{{101} {0000} {00000000} {01000000000000000000} {00000010} {0000} 0 0 1 1 1 {00000000000000000000000000000000} {UUUUUUUUUUUUUUUUUUUUUUUUUUUUUUUU} 1 0 0 1 1 1 0 0 {000} {000} {111}}
/testbench/cpu/l3/u0/leon3x0/vhdl/p0/iu/r.d.pv:1
/testbench/cpu/l3/u0/leon3x0/vhdl/p0/iu/r.a.ldchkra:1
/testbench/cpu/l3/u0/leon3x0/vhdl/p0/iu/r.a.rfa1:01101110
/testbench/cpu/l3/u0/leon3x0/vhdl/p0/iu/r.a.rfa2:10000100
/testbench/cpu/l3/u0/leon3x0/vhdl/p0/iu/r.a.imm:00000000000000000000000001000100
/testbench/cpu/l3/u0/leon3x0/vhdl/p0/iu/r.w.wa:10000001
/testbench/cpu/l3/u0/leon3x0/vhdl/p0/iu/r.m.casaz:0
/testbench/cpu/l3/u0/leon3x0/vhdl/p0/iu/r.x.dci:{0 1 0 0 0 0 {10} {00001011}}
/testbench/cpu/l3/u0/leon3x0/vhdl/p0/iu/r.x.mac:0
/testbench/cpu/l3/u0/leon3x0/vhdl/p0/iu/r.m.divz:0
/testbench/cpu/l3/u0/leon3x0/vhdl/p0/iu/r.d.inst:{{10000010000000001000000000000001}}
/testbench/cpu/l3/u0/leon3x0/vhdl/p0/iu/r.e.rfe1:1
/testbench/cpu/l3/u0/leon3x0/vhdl/p0/iu/r.a.wovf:0
/testbench/cpu/l3/u0/leon3x0/vhdl/p0/iu/r.e.rfe2:0
/testbench/cpu/l3/u0/leon3x0/vhdl/p0/iu/r.e.op1:01000000000011111111111010100000
/testbench/cpu/l3/u0/leon3x0/vhdl/p0/iu/r.m.nalign:1
/testbench/cpu/l3/u0/leon3x0/vhdl/p0/iu/r.e.op2:11111111111111111111111111110100
/testbench/cpu/l3/u0/leon3x0/vhdl/p0/iu/r.d.rexen:0
/testbench/cpu/l3/u0/leon3x0/vhdl/p0/iu/r.a.ctrl:{{01000000000000000000001011011000} {11000100000001111010000001000100} {00} {10000010} {000000} 0 0 1 0 0 1 1 0 0}
/testbench/cpu/l3/u0/leon3x0/vhdl/p0/iu/r.x.ipend:0
/testbench/cpu/l3/u0/leon3x0/vhdl/p0/iu/r.e.ldbp1:0
/testbench/cpu/l3/u0/leon3x0/vhdl/p0/iu/r.e.aluadd:1
/testbench/cpu/l3/u0/leon3x0/vhdl/p0/iu/r.d.set:0
/testbench/cpu/l3/u0/leon3x0/vhdl/p0/iu/r.d.inull:0
/testbench/cpu/l3/u0/leon3x0/vhdl/p0/iu/r.e.ldbp2:0
/testbench/cpu/l3/u0/leon3x0/vhdl/p0/iu/r.d.cnt:00
/testbench/cpu/l3/u0/leon3x0/vhdl/p0/iu/r.a.su:1
/testbench/cpu/l3/u0/leon3x0/vhdl/p0/iu/r.a.et:1
/testbench/cpu/l3/u0/leon3x0/vhdl/p0/iu/r.e.mul:0
/testbench/cpu/l3/u0/leon3x0/vhdl/p0/iu/r.e.alusel:00
/testbench/cpu/l3/u0/leon3x0/vhdl/p0/iu/r.e.aw:U
/testbench/cpu/l3/u0/leon3x0/vhdl/p0/iu/r.e.mac:0
/testbench/cpu/l3/u0/leon3x0/vhdl/p0/iu/r.a.decill:0
/testbench/cpu/l3/u0/leon3x0/vhdl/p0/iu/r.x.icc:0000
/testbench/cpu/l3/u0/leon3x0/vhdl/p0/iu/r.x.result:01000000000011111111111010011000
/testbench/cpu/l3/u0/leon3x0/vhdl/p0/iu/r.e.bp:0
/testbench/cpu/l3/u0/leon3x0/vhdl/p0/iu/r.a.rs1:11110
/testbench/cpu/l3/u0/leon3x0/vhdl/p0/iu/r.e.jmpl:0
/testbench/cpu/l3/u0/leon3x0/vhdl/p0/iu/r.a.rsel1:000
/testbench/cpu/l3/u0/leon3x0/vhdl/p0/iu/r.x.y:00000000000000000000000000000000
/testbench/cpu/l3/u0/leon3x0/vhdl/p0/iu/r.a.rsel2:100
/testbench/cpu/l3/u0/leon3x0/vhdl/p0/iu/r.a.awp:000
/testbench/cpu/l3/u0/leon3x0/vhdl/p0/iu/r.a.paw:0
/testbench/cpu/l3/u0/leon3x0/vhdl/p0/iu/r.x.data:{{00000000000000000000000000000100}}
/testbench/cpu/l3/u0/leon3x0/vhdl/p0/iu/r.m.mul:0
/testbench/cpu/l3/u0/leon3x0/vhdl/p0/iu/r.e.rd:UUUUU
/testbench/cpu/l3/u0/leon3x0/vhdl/p0/iu/r.e.invop2:0
/testbench/cpu/l3/u0/leon3x0/vhdl/p0/iu/r.m.wawp:0
/testbench/cpu/l3/u0/leon3x0/vhdl/p0/iu/r.d.cwpmax:111
/testbench/cpu/l3/u0/leon3x0/vhdl/p0/iu/r.f.branch:0
/testbench/cpu/l3/u0/leon3x0/vhdl/p0/iu/r.d.pcheld:0
/testbench/cpu/l3/u0/leon3x0/vhdl/p0/iu/r.m.dci:{0 0 0 1 0 0 {10} {00001011}}
/testbench/cpu/l3/u0/leon3x0/vhdl/p0/iu/r.e.paw:U
/testbench/cpu/l3/u0/leon3x0/vhdl/p0/iu/r.e.awp:UUU
/testbench/cpu/l3/u0/leon3x0/vhdl/p0/iu/r.e.shcnt:10100
/testbench/cpu/l3/u0/leon3x0/vhdl/p0/iu/r.w.result:00000000000000000000000000000101
/testbench/cpu/l3/u0/leon3x0/vhdl/p0/iu/r.m.mac:0
/testbench/cpu/l3/u0/leon3x0/vhdl/p0/iu/r.m.y:00000000000000000000000000000000
/testbench/cpu/l3/u0/leon3x0/vhdl/p0/iu/r.d.cwp:101
/testbench/cpu/l3/u0/leon3x0/vhdl/p0/iu/r.x.laddr:00
/testbench/cpu/l3/u0/leon3x0/vhdl/p0/iu/r.e.mulstep:0
/testbench/cpu/l3/u0/leon3x0/vhdl/p0/iu/r.e.ymsb:0
/testbench/cpu/l3/u0/leon3x0/vhdl/p0/iu/r.d.rexbuf:00000000000000000000000000000000
/testbench/cpu/l3/u0/leon3x0/vhdl/p0/iu/r.x.npc:100
/testbench/cpu/l3/u0/leon3x0/vhdl/p0/iu/r.f.pc:01000000000000000000001011100000
/testbench/cpu/l3/u0/leon3x0/vhdl/p0/iu/r.d.annul:0
/testbench/cpu/l3/u0/leon3x0/vhdl/p0/iu/r.x.rstate:run
/testbench/cpu/l3/u0/leon3x0/vhdl/p0/iu/r.x.set:0
/testbench/cpu/l3/u0/leon3x0/vhdl/p0/iu/r.m.result:00000000000000000000000000000101
/testbench/cpu/l3/u0/leon3x0/vhdl/p0/iu/r.e.icc:UUUU
/testbench/cpu/l3/u0/leon3x0/vhdl/p0/iu/r.a.getpc:0
/testbench/cpu/l3/u0/leon3x0/vhdl/p0/iu/r.a.ldchkex:1
/testbench/cpu/l3/u0/leon3x0/vhdl/p0/iu/r.x.mexc:0
/testbench/cpu/l3/u0/leon3x0/vhdl/p0/iu/r.a.mulstart:0
/testbench/cpu/l3/u0/leon3x0/vhdl/p0/iu/r.d.rexpos:10
/testbench/cpu/l3/u0/leon3x0/vhdl/p0/iu/r.x.annul_all:0
/testbench/cpu/l3/u0/leon3x0/vhdl/p0/iu/r.e.aluop:000
/testbench/cpu/l3/u0/leon3x0/vhdl/p0/iu/r.x.debug:0
/testbench/cpu/l3/u0/leon3x0/vhdl/p0/iu/r.a.rfe1:1
/testbench/cpu/l3/u0/leon3x0/vhdl/p0/iu/r.d.step:0
/testbench/cpu/l3/u0/leon3x0/vhdl/p0/iu/r.a.rfe2:0
/testbench/cpu/l3/u0/leon3x0/vhdl/p0/iu/r.e.alucin:0
/testbench/cpu/l3/u0/leon3x0/vhdl/p0/iu/r.a.wunf:0
======================================
progstatus: -2
execerr: 132
latent: 1
time limit!
>>>>>>>>>>>>>>> 5745715000
======================================
