Test signal = /testbench/cpu/l3/u0/leon3x0/vhdl/p0/iu/r.e.jmpl
oldval = 0
pos1: -1 pos0: 0 posU: -1
newval = 1
Signal value: 0
oldval = 0
pos1: -1 pos0: 0 posU: -1
newval = 1
force in 4031356
586290000 >> iteration no: 0
1598340000 >> iteration no: 1
2610390000 >> iteration no: 2
3622265000 >> iteration no: 3
4613415000 >> Requesting for the AHB bus...
4614015000 >> AHB granted, starting recovery...
4633215000 >> Recovery done, continuing...
4633915000 >> Requesting for the AHB bus...
4634690000 >> AHB granted, starting recovery...
4653890000 >> Recovery done, continuing...
4654590000 >> Requesting for the AHB bus...
4655365000 >> AHB granted, starting recovery...
4674565000 >> Recovery done, continuing...
4675265000 >> Requesting for the AHB bus...
4676040000 >> AHB granted, starting recovery...
4695240000 >> Recovery done, continuing...
4695940000 >> Requesting for the AHB bus...
4696715000 >> AHB granted, starting recovery...
4715915000 >> Recovery done, continuing...
4716615000 >> Requesting for the AHB bus...
4717390000 >> AHB granted, starting recovery...
4736590000 >> Recovery done, continuing...
4737290000 >> Requesting for the AHB bus...
4738065000 >> AHB granted, starting recovery...
4757265000 >> Recovery done, continuing...
4757965000 >> Requesting for the AHB bus...
4758740000 >> AHB granted, starting recovery...
4777940000 >> Recovery done, continuing...
4778640000 >> Requesting for the AHB bus...
4779415000 >> AHB granted, starting recovery...
4798615000 >> Recovery done, continuing...
4799315000 >> Requesting for the AHB bus...
4800090000 >> AHB granted, starting recovery...
4819290000 >> Recovery done, continuing...
4820165000 >> Requesting for the AHB bus...
4820940000 >> AHB granted, starting recovery...
4840140000 >> Recovery done, continuing...
4840840000 >> Requesting for the AHB bus...
4841615000 >> AHB granted, starting recovery...
4860815000 >> Recovery done, continuing...
4861515000 >> Requesting for the AHB bus...
4862290000 >> AHB granted, starting recovery...
4881490000 >> Recovery done, continuing...
4882190000 >> Requesting for the AHB bus...
4882965000 >> AHB granted, starting recovery...
4902165000 >> Recovery done, continuing...
4902865000 >> Requesting for the AHB bus...
4903790000 >> AHB granted, starting recovery...
4922990000 >> Recovery done, continuing...
4923690000 >> Requesting for the AHB bus...
4924465000 >> AHB granted, starting recovery...
4943665000 >> Recovery done, continuing...
4944365000 >> Requesting for the AHB bus...
4945140000 >> AHB granted, starting recovery...
4964340000 >> Recovery done, continuing...
4965040000 >> Requesting for the AHB bus...
4965815000 >> AHB granted, starting recovery...
4985015000 >> Recovery done, continuing...
4985715000 >> Requesting for the AHB bus...
4986490000 >> AHB granted, starting recovery...
5005690000 >> Recovery done, continuing...
5006390000 >> Requesting for the AHB bus...
5007165000 >> AHB granted, starting recovery...
5026365000 >> Recovery done, continuing...
5027065000 >> Requesting for the AHB bus...
5027840000 >> AHB granted, starting recovery...
5047040000 >> Recovery done, continuing...
5047740000 >> Requesting for the AHB bus...
5048515000 >> AHB granted, starting recovery...
5067715000 >> Recovery done, continuing...
5068415000 >> Requesting for the AHB bus...
5069190000 >> AHB granted, starting recovery...
5088390000 >> Recovery done, continuing...
5089140000 >> Requesting for the AHB bus...
5089915000 >> AHB granted, starting recovery...
5109115000 >> Recovery done, continuing...
5109815000 >> Requesting for the AHB bus...
5110590000 >> AHB granted, starting recovery...
5129790000 >> Recovery done, continuing...
5130490000 >> Requesting for the AHB bus...
5131265000 >> AHB granted, starting recovery...
5150465000 >> Recovery done, continuing...
5151165000 >> Requesting for the AHB bus...
5151940000 >> AHB granted, starting recovery...
5171140000 >> Recovery done, continuing...
5172015000 >> Requesting for the AHB bus...
5172790000 >> AHB granted, starting recovery...
5191990000 >> Recovery done, continuing...
5192690000 >> Requesting for the AHB bus...
5193465000 >> AHB granted, starting recovery...
5212665000 >> Recovery done, continuing...
5213365000 >> Requesting for the AHB bus...
5214140000 >> AHB granted, starting recovery...
5233340000 >> Recovery done, continuing...
5234040000 >> Requesting for the AHB bus...
5234815000 >> AHB granted, starting recovery...
5254015000 >> Recovery done, continuing...
5254715000 >> Requesting for the AHB bus...
5255490000 >> AHB granted, starting recovery...
5274690000 >> Recovery done, continuing...
5275390000 >> Requesting for the AHB bus...
5276165000 >> AHB granted, starting recovery...
5295365000 >> Recovery done, continuing...
5296065000 >> Requesting for the AHB bus...
5296840000 >> AHB granted, starting recovery...
5316040000 >> Recovery done, continuing...
5316740000 >> Requesting for the AHB bus...
5317515000 >> AHB granted, starting recovery...
5336715000 >> Recovery done, continuing...
5337415000 >> Requesting for the AHB bus...
5338190000 >> AHB granted, starting recovery...
5357390000 >> Recovery done, continuing...
5358090000 >> Requesting for the AHB bus...
5358865000 >> AHB granted, starting recovery...
5378065000 >> Recovery done, continuing...
5378765000 >> Requesting for the AHB bus...
5379540000 >> AHB granted, starting recovery...
5398740000 >> Recovery done, continuing...
5399440000 >> Requesting for the AHB bus...
5400215000 >> AHB granted, starting recovery...
5419415000 >> Recovery done, continuing...
5420115000 >> Requesting for the AHB bus...
5420890000 >> AHB granted, starting recovery...
5440090000 >> Recovery done, continuing...
5440965000 >> Requesting for the AHB bus...
5441740000 >> AHB granted, starting recovery...
5460940000 >> Recovery done, continuing...
5461640000 >> Requesting for the AHB bus...
5462415000 >> AHB granted, starting recovery...
5481615000 >> Recovery done, continuing...
5482315000 >> Requesting for the AHB bus...
5483090000 >> AHB granted, starting recovery...
5502290000 >> Recovery done, continuing...
5502990000 >> Requesting for the AHB bus...
5503765000 >> AHB granted, starting recovery...
5522965000 >> Recovery done, continuing...
5523665000 >> Requesting for the AHB bus...
5524590000 >> AHB granted, starting recovery...
5543790000 >> Recovery done, continuing...
5544490000 >> Requesting for the AHB bus...
5545265000 >> AHB granted, starting recovery...
5564465000 >> Recovery done, continuing...
5565165000 >> Requesting for the AHB bus...
5565940000 >> AHB granted, starting recovery...
5585140000 >> Recovery done, continuing...
5585840000 >> Requesting for the AHB bus...
5586615000 >> AHB granted, starting recovery...
5605815000 >> Recovery done, continuing...
5606515000 >> Requesting for the AHB bus...
5607290000 >> AHB granted, starting recovery...
5626490000 >> Recovery done, continuing...
5627190000 >> Requesting for the AHB bus...
5627965000 >> AHB granted, starting recovery...
5647165000 >> Recovery done, continuing...
5647865000 >> Requesting for the AHB bus...
5648640000 >> AHB granted, starting recovery...
5667840000 >> Recovery done, continuing...
5668540000 >> Requesting for the AHB bus...
5669315000 >> AHB granted, starting recovery...
5688515000 >> Recovery done, continuing...
5689215000 >> Requesting for the AHB bus...
5689990000 >> AHB granted, starting recovery...
5709190000 >> Recovery done, continuing...
5709940000 >> Requesting for the AHB bus...
5710715000 >> AHB granted, starting recovery...
5729915000 >> Recovery done, continuing...
5730615000 >> Requesting for the AHB bus...
5731390000 >> AHB granted, starting recovery...
5745715000 >> time limit reached...
/testbench/cpu/l3/u0/leon3x0/vhdl/p0/iu/r.w.wreg:1
/testbench/cpu/l3/u0/leon3x0/vhdl/p0/iu/r.m.irqen:1
/testbench/cpu/l3/u0/leon3x0/vhdl/p0/iu/r.m.icc:1001
/testbench/cpu/l3/u0/leon3x0/vhdl/p0/iu/r.a.ticc:0
/testbench/cpu/l3/u0/leon3x0/vhdl/p0/iu/r.a.step:0
/testbench/cpu/l3/u0/leon3x0/vhdl/p0/iu/r.m.irqen2:1
/testbench/cpu/l3/u0/leon3x0/vhdl/p0/iu/r.d.pc:01000000000000000000001000100000
/testbench/cpu/l3/u0/leon3x0/vhdl/p0/iu/r.d.rexpl:{{00000000000000000000000000000000} {00} {0} 0 0 {0000000000000000000} 0 0 0 0 0 0}
/testbench/cpu/l3/u0/leon3x0/vhdl/p0/iu/r.d.mexc:0
/testbench/cpu/l3/u0/leon3x0/vhdl/p0/iu/r.a.aw:0
/testbench/cpu/l3/u0/leon3x0/vhdl/p0/iu/r.e.ctrl:{{01000000000000000000001000011100} {11000010000001111011111111111100} {00} {10000001} {000000} 0 0 1 0 0 1 1 0 0}
/testbench/cpu/l3/u0/leon3x0/vhdl/p0/iu/r.a.divstart:0
/testbench/cpu/l3/u0/leon3x0/vhdl/p0/iu/r.e.shleft:0
/testbench/cpu/l3/u0/leon3x0/vhdl/p0/iu/r.a.bp:0
/testbench/cpu/l3/u0/leon3x0/vhdl/p0/iu/r.w.twcwp:000
/testbench/cpu/l3/u0/leon3x0/vhdl/p0/iu/r.a.jmpl:0
/testbench/cpu/l3/u0/leon3x0/vhdl/p0/iu/r.m.casa:0
/testbench/cpu/l3/u0/leon3x0/vhdl/p0/iu/r.m.werr:0
/testbench/cpu/l3/u0/leon3x0/vhdl/p0/iu/r.e.su:1
/testbench/cpu/l3/u0/leon3x0/vhdl/p0/iu/r.e.et:1
/testbench/cpu/l3/u0/leon3x0/vhdl/p0/iu/r.a.ldcheck1:1
/testbench/cpu/l3/u0/leon3x0/vhdl/p0/iu/r.d.stwin:000
/testbench/cpu/l3/u0/leon3x0/vhdl/p0/iu/r.a.ldcheck2:0
/testbench/cpu/l3/u0/leon3x0/vhdl/p0/iu/r.x.intack:0
/testbench/cpu/l3/u0/leon3x0/vhdl/p0/iu/r.m.ctrl:{{01000000000000000000001000011000} {11000010001001111011111111111100} {01} {10000001} {000000} 0 0 0 0 0 0 0 0 0}
/testbench/cpu/l3/u0/leon3x0/vhdl/p0/iu/r.a.cwp:101
/testbench/cpu/l3/u0/leon3x0/vhdl/p0/iu/r.e.sari:0
/testbench/cpu/l3/u0/leon3x0/vhdl/p0/iu/r.d.paw:0
/testbench/cpu/l3/u0/leon3x0/vhdl/p0/iu/r.d.aw:0
/testbench/cpu/l3/u0/leon3x0/vhdl/p0/iu/r.d.awp:000
/testbench/cpu/l3/u0/leon3x0/vhdl/p0/iu/r.x.ctrl:{{01000000000000000000001000011000} {11000010001001111011111111111100} {00} {10000001} {000000} 0 0 0 0 0 0 1 0 0}
/testbench/cpu/l3/u0/leon3x0/vhdl/p0/iu/r.m.rexnalign:0
/testbench/cpu/l3/u0/leon3x0/vhdl/p0/iu/r.m.su:1
/testbench/cpu/l3/u0/leon3x0/vhdl/p0/iu/r.m.wcwp:0
/testbench/cpu/l3/u0/leon3x0/vhdl/p0/iu/r.d.divrdy:0
/testbench/cpu/l3/u0/leon3x0/vhdl/p0/iu/r.e.cwp:101
/testbench/cpu/l3/u0/leon3x0/vhdl/p0/iu/r.w.except:0
/testbench/cpu/l3/u0/leon3x0/vhdl/p0/iu/r.x.nerror:0
/testbench/cpu/l3/u0/leon3x0/vhdl/p0/iu/r.a.bpimiss:0
/testbench/cpu/l3/u0/leon3x0/vhdl/p0/iu/r.a.nobp:0
/testbench/cpu/l3/u0/leon3x0/vhdl/p0/iu/r.d.rexcnt:0
/testbench/cpu/l3/u0/leon3x0/vhdl/p0/iu/r.w.s:{{101} {1001} {00000000} {01000000000000000000} {00000010} {0000} 0 0 1 1 1 {00000000000000000000000000000000} {UUUUUUUUUUUUUUUUUUUUUUUUUUUUUUUU} 1 0 0 1 1 1 0 0 {000} {000} {111}}
/testbench/cpu/l3/u0/leon3x0/vhdl/p0/iu/r.d.pv:1
/testbench/cpu/l3/u0/leon3x0/vhdl/p0/iu/r.a.ldchkra:1
/testbench/cpu/l3/u0/leon3x0/vhdl/p0/iu/r.a.rfa1:10000001
/testbench/cpu/l3/u0/leon3x0/vhdl/p0/iu/r.a.rfa2:01011000
/testbench/cpu/l3/u0/leon3x0/vhdl/p0/iu/r.a.imm:00000000000000000000000000001000
/testbench/cpu/l3/u0/leon3x0/vhdl/p0/iu/r.w.wa:10000001
/testbench/cpu/l3/u0/leon3x0/vhdl/p0/iu/r.m.casaz:0
/testbench/cpu/l3/u0/leon3x0/vhdl/p0/iu/r.x.dci:{0 1 0 0 0 0 {10} {00001011}}
/testbench/cpu/l3/u0/leon3x0/vhdl/p0/iu/r.x.mac:0
/testbench/cpu/l3/u0/leon3x0/vhdl/p0/iu/r.m.divz:0
/testbench/cpu/l3/u0/leon3x0/vhdl/p0/iu/r.d.inst:{{10000000101000000110000000001000}}
/testbench/cpu/l3/u0/leon3x0/vhdl/p0/iu/r.e.rfe1:1
/testbench/cpu/l3/u0/leon3x0/vhdl/p0/iu/r.a.wovf:0
/testbench/cpu/l3/u0/leon3x0/vhdl/p0/iu/r.e.rfe2:0
/testbench/cpu/l3/u0/leon3x0/vhdl/p0/iu/r.e.op1:01000000000011111111111010100000
/testbench/cpu/l3/u0/leon3x0/vhdl/p0/iu/r.m.nalign:1
/testbench/cpu/l3/u0/leon3x0/vhdl/p0/iu/r.e.op2:11111111111111111111111111111100
/testbench/cpu/l3/u0/leon3x0/vhdl/p0/iu/r.d.rexen:0
/testbench/cpu/l3/u0/leon3x0/vhdl/p0/iu/r.a.ctrl:{{01000000000000000000001000100000} {10000000101000000110000000001000} {00} {10000000} {000000} 0 1 0 0 0 0 0 0 0}
/testbench/cpu/l3/u0/leon3x0/vhdl/p0/iu/r.x.ipend:0
/testbench/cpu/l3/u0/leon3x0/vhdl/p0/iu/r.e.ldbp1:0
/testbench/cpu/l3/u0/leon3x0/vhdl/p0/iu/r.e.aluadd:1
/testbench/cpu/l3/u0/leon3x0/vhdl/p0/iu/r.d.set:0
/testbench/cpu/l3/u0/leon3x0/vhdl/p0/iu/r.d.inull:0
/testbench/cpu/l3/u0/leon3x0/vhdl/p0/iu/r.e.ldbp2:0
/testbench/cpu/l3/u0/leon3x0/vhdl/p0/iu/r.d.cnt:00
/testbench/cpu/l3/u0/leon3x0/vhdl/p0/iu/r.a.su:1
/testbench/cpu/l3/u0/leon3x0/vhdl/p0/iu/r.a.et:1
/testbench/cpu/l3/u0/leon3x0/vhdl/p0/iu/r.e.mul:0
/testbench/cpu/l3/u0/leon3x0/vhdl/p0/iu/r.e.alusel:00
/testbench/cpu/l3/u0/leon3x0/vhdl/p0/iu/r.e.aw:U
/testbench/cpu/l3/u0/leon3x0/vhdl/p0/iu/r.e.mac:0
/testbench/cpu/l3/u0/leon3x0/vhdl/p0/iu/r.a.decill:0
/testbench/cpu/l3/u0/leon3x0/vhdl/p0/iu/r.x.icc:1001
/testbench/cpu/l3/u0/leon3x0/vhdl/p0/iu/r.x.result:01000000000011111111111010011100
/testbench/cpu/l3/u0/leon3x0/vhdl/p0/iu/r.e.bp:0
/testbench/cpu/l3/u0/leon3x0/vhdl/p0/iu/r.a.rs1:00001
/testbench/cpu/l3/u0/leon3x0/vhdl/p0/iu/r.e.jmpl:0
/testbench/cpu/l3/u0/leon3x0/vhdl/p0/iu/r.a.rsel1:001
/testbench/cpu/l3/u0/leon3x0/vhdl/p0/iu/r.x.y:00000000000000000000000000000000
/testbench/cpu/l3/u0/leon3x0/vhdl/p0/iu/r.a.rsel2:100
/testbench/cpu/l3/u0/leon3x0/vhdl/p0/iu/r.a.awp:000
/testbench/cpu/l3/u0/leon3x0/vhdl/p0/iu/r.a.paw:0
/testbench/cpu/l3/u0/leon3x0/vhdl/p0/iu/r.x.data:{{00000000000000000000000000000110}}
/testbench/cpu/l3/u0/leon3x0/vhdl/p0/iu/r.m.mul:0
/testbench/cpu/l3/u0/leon3x0/vhdl/p0/iu/r.e.rd:UUUUU
/testbench/cpu/l3/u0/leon3x0/vhdl/p0/iu/r.e.invop2:0
/testbench/cpu/l3/u0/leon3x0/vhdl/p0/iu/r.m.wawp:0
/testbench/cpu/l3/u0/leon3x0/vhdl/p0/iu/r.d.cwpmax:111
/testbench/cpu/l3/u0/leon3x0/vhdl/p0/iu/r.f.branch:0
/testbench/cpu/l3/u0/leon3x0/vhdl/p0/iu/r.d.pcheld:1
/testbench/cpu/l3/u0/leon3x0/vhdl/p0/iu/r.m.dci:{0 0 0 1 0 0 {10} {00001011}}
/testbench/cpu/l3/u0/leon3x0/vhdl/p0/iu/r.e.paw:U
/testbench/cpu/l3/u0/leon3x0/vhdl/p0/iu/r.e.awp:UUU
/testbench/cpu/l3/u0/leon3x0/vhdl/p0/iu/r.e.shcnt:11100
/testbench/cpu/l3/u0/leon3x0/vhdl/p0/iu/r.w.result:00000000000000000000000000000111
/testbench/cpu/l3/u0/leon3x0/vhdl/p0/iu/r.m.mac:0
/testbench/cpu/l3/u0/leon3x0/vhdl/p0/iu/r.m.y:00000000000000000000000000000000
/testbench/cpu/l3/u0/leon3x0/vhdl/p0/iu/r.d.cwp:101
/testbench/cpu/l3/u0/leon3x0/vhdl/p0/iu/r.x.laddr:00
/testbench/cpu/l3/u0/leon3x0/vhdl/p0/iu/r.e.mulstep:0
/testbench/cpu/l3/u0/leon3x0/vhdl/p0/iu/r.e.ymsb:0
/testbench/cpu/l3/u0/leon3x0/vhdl/p0/iu/r.d.rexbuf:00000000000000000000000000000000
/testbench/cpu/l3/u0/leon3x0/vhdl/p0/iu/r.x.npc:100
/testbench/cpu/l3/u0/leon3x0/vhdl/p0/iu/r.f.pc:01000000000000000000001000100100
/testbench/cpu/l3/u0/leon3x0/vhdl/p0/iu/r.d.annul:0
/testbench/cpu/l3/u0/leon3x0/vhdl/p0/iu/r.x.rstate:run
/testbench/cpu/l3/u0/leon3x0/vhdl/p0/iu/r.x.set:0
/testbench/cpu/l3/u0/leon3x0/vhdl/p0/iu/r.m.result:00000000000000000000000000000111
/testbench/cpu/l3/u0/leon3x0/vhdl/p0/iu/r.e.icc:UUUU
/testbench/cpu/l3/u0/leon3x0/vhdl/p0/iu/r.a.getpc:0
/testbench/cpu/l3/u0/leon3x0/vhdl/p0/iu/r.a.ldchkex:1
/testbench/cpu/l3/u0/leon3x0/vhdl/p0/iu/r.x.mexc:0
/testbench/cpu/l3/u0/leon3x0/vhdl/p0/iu/r.a.mulstart:0
/testbench/cpu/l3/u0/leon3x0/vhdl/p0/iu/r.d.rexpos:10
/testbench/cpu/l3/u0/leon3x0/vhdl/p0/iu/r.x.annul_all:0
/testbench/cpu/l3/u0/leon3x0/vhdl/p0/iu/r.e.aluop:000
/testbench/cpu/l3/u0/leon3x0/vhdl/p0/iu/r.x.debug:0
/testbench/cpu/l3/u0/leon3x0/vhdl/p0/iu/r.a.rfe1:0
/testbench/cpu/l3/u0/leon3x0/vhdl/p0/iu/r.d.step:0
/testbench/cpu/l3/u0/leon3x0/vhdl/p0/iu/r.a.rfe2:0
/testbench/cpu/l3/u0/leon3x0/vhdl/p0/iu/r.e.alucin:0
/testbench/cpu/l3/u0/leon3x0/vhdl/p0/iu/r.a.wunf:0
======================================
progstatus: -2
execerr: 55
latent: 1
time limit!
>>>>>>>>>>>>>>> 5745715000
======================================
