Test signal = /testbench/cpu/l3/u0/leon3x0/vhdl/p0/iu/r.a.jmpl
oldval = 0
pos1: -1 pos0: 0 posU: -1
newval = 1
Signal value: 0
oldval = 0
pos1: -1 pos0: 0 posU: -1
newval = 1
force in 1021908
586290000 >> iteration no: 0
1598340000 >> iteration no: 1
1603815000 >> Requesting for the AHB bus...
1604390000 >> AHB granted, starting recovery...
1623590000 >> Recovery done, continuing...
1624290000 >> Requesting for the AHB bus...
1625065000 >> AHB granted, starting recovery...
1644265000 >> Recovery done, continuing...
1644965000 >> Requesting for the AHB bus...
1645740000 >> AHB granted, starting recovery...
1664940000 >> Recovery done, continuing...
1665640000 >> Requesting for the AHB bus...
1666415000 >> AHB granted, starting recovery...
1685615000 >> Recovery done, continuing...
1686315000 >> Requesting for the AHB bus...
1687090000 >> AHB granted, starting recovery...
1706290000 >> Recovery done, continuing...
1706990000 >> Requesting for the AHB bus...
1707765000 >> AHB granted, starting recovery...
1726965000 >> Recovery done, continuing...
1727665000 >> Requesting for the AHB bus...
1728440000 >> AHB granted, starting recovery...
1747640000 >> Recovery done, continuing...
1748340000 >> Requesting for the AHB bus...
1749115000 >> AHB granted, starting recovery...
1768315000 >> Recovery done, continuing...
1769015000 >> Requesting for the AHB bus...
1769790000 >> AHB granted, starting recovery...
1788990000 >> Recovery done, continuing...
1789690000 >> Requesting for the AHB bus...
1790465000 >> AHB granted, starting recovery...
1809665000 >> Recovery done, continuing...
1810365000 >> Requesting for the AHB bus...
1811140000 >> AHB granted, starting recovery...
1830340000 >> Recovery done, continuing...
1831215000 >> Requesting for the AHB bus...
1831990000 >> AHB granted, starting recovery...
1851190000 >> Recovery done, continuing...
1851890000 >> Requesting for the AHB bus...
1852665000 >> AHB granted, starting recovery...
1871865000 >> Recovery done, continuing...
1872565000 >> Requesting for the AHB bus...
1873340000 >> AHB granted, starting recovery...
1892540000 >> Recovery done, continuing...
1893240000 >> Requesting for the AHB bus...
1894015000 >> AHB granted, starting recovery...
1913215000 >> Recovery done, continuing...
1913915000 >> Requesting for the AHB bus...
1914690000 >> AHB granted, starting recovery...
1933890000 >> Recovery done, continuing...
1934590000 >> Requesting for the AHB bus...
1935365000 >> AHB granted, starting recovery...
1954565000 >> Recovery done, continuing...
1955265000 >> Requesting for the AHB bus...
1956040000 >> AHB granted, starting recovery...
1975240000 >> Recovery done, continuing...
1975940000 >> Requesting for the AHB bus...
1976715000 >> AHB granted, starting recovery...
1995915000 >> Recovery done, continuing...
1996615000 >> Requesting for the AHB bus...
1997390000 >> AHB granted, starting recovery...
2016590000 >> Recovery done, continuing...
2017290000 >> Requesting for the AHB bus...
2018065000 >> AHB granted, starting recovery...
2037265000 >> Recovery done, continuing...
2037965000 >> Requesting for the AHB bus...
2038740000 >> AHB granted, starting recovery...
2057940000 >> Recovery done, continuing...
2058640000 >> Requesting for the AHB bus...
2059415000 >> AHB granted, starting recovery...
2078615000 >> Recovery done, continuing...
2079315000 >> Requesting for the AHB bus...
2080090000 >> AHB granted, starting recovery...
2099290000 >> Recovery done, continuing...
2100165000 >> Requesting for the AHB bus...
2100940000 >> AHB granted, starting recovery...
2120140000 >> Recovery done, continuing...
2120840000 >> Requesting for the AHB bus...
2121615000 >> AHB granted, starting recovery...
2140815000 >> Recovery done, continuing...
2141515000 >> Requesting for the AHB bus...
2142290000 >> AHB granted, starting recovery...
2161490000 >> Recovery done, continuing...
2162190000 >> Requesting for the AHB bus...
2162965000 >> AHB granted, starting recovery...
2182165000 >> Recovery done, continuing...
2182865000 >> Requesting for the AHB bus...
2183790000 >> AHB granted, starting recovery...
2202990000 >> Recovery done, continuing...
2203690000 >> Requesting for the AHB bus...
2204465000 >> AHB granted, starting recovery...
2223665000 >> Recovery done, continuing...
2224365000 >> Requesting for the AHB bus...
2225140000 >> AHB granted, starting recovery...
2244340000 >> Recovery done, continuing...
2245040000 >> Requesting for the AHB bus...
2245815000 >> AHB granted, starting recovery...
2265015000 >> Recovery done, continuing...
2265715000 >> Requesting for the AHB bus...
2266490000 >> AHB granted, starting recovery...
2285690000 >> Recovery done, continuing...
2286390000 >> Requesting for the AHB bus...
2287165000 >> AHB granted, starting recovery...
2306365000 >> Recovery done, continuing...
2307065000 >> Requesting for the AHB bus...
2307840000 >> AHB granted, starting recovery...
2327040000 >> Recovery done, continuing...
2327740000 >> Requesting for the AHB bus...
2328515000 >> AHB granted, starting recovery...
2347715000 >> Recovery done, continuing...
2348415000 >> Requesting for the AHB bus...
2349190000 >> AHB granted, starting recovery...
2368390000 >> Recovery done, continuing...
2369140000 >> Requesting for the AHB bus...
2369915000 >> AHB granted, starting recovery...
2389115000 >> Recovery done, continuing...
2389815000 >> Requesting for the AHB bus...
2390590000 >> AHB granted, starting recovery...
2409790000 >> Recovery done, continuing...
2410490000 >> Requesting for the AHB bus...
2411265000 >> AHB granted, starting recovery...
2430465000 >> Recovery done, continuing...
2431165000 >> Requesting for the AHB bus...
2431940000 >> AHB granted, starting recovery...
2451140000 >> Recovery done, continuing...
2452015000 >> Requesting for the AHB bus...
2452790000 >> AHB granted, starting recovery...
2471990000 >> Recovery done, continuing...
2472690000 >> Requesting for the AHB bus...
2473465000 >> AHB granted, starting recovery...
2492665000 >> Recovery done, continuing...
2493365000 >> Requesting for the AHB bus...
2494140000 >> AHB granted, starting recovery...
2513340000 >> Recovery done, continuing...
2514040000 >> Requesting for the AHB bus...
2514815000 >> AHB granted, starting recovery...
2534015000 >> Recovery done, continuing...
2534715000 >> Requesting for the AHB bus...
2535490000 >> AHB granted, starting recovery...
2554690000 >> Recovery done, continuing...
2555390000 >> Requesting for the AHB bus...
2556165000 >> AHB granted, starting recovery...
2575365000 >> Recovery done, continuing...
2576065000 >> Requesting for the AHB bus...
2576840000 >> AHB granted, starting recovery...
2596040000 >> Recovery done, continuing...
2596740000 >> Requesting for the AHB bus...
2597515000 >> AHB granted, starting recovery...
2616715000 >> Recovery done, continuing...
2617415000 >> Requesting for the AHB bus...
2618190000 >> AHB granted, starting recovery...
2637390000 >> Recovery done, continuing...
2638090000 >> Requesting for the AHB bus...
2638865000 >> AHB granted, starting recovery...
2658065000 >> Recovery done, continuing...
2658765000 >> Requesting for the AHB bus...
2659540000 >> AHB granted, starting recovery...
2678740000 >> Recovery done, continuing...
2679440000 >> Requesting for the AHB bus...
2680215000 >> AHB granted, starting recovery...
2699415000 >> Recovery done, continuing...
2700115000 >> Requesting for the AHB bus...
2700890000 >> AHB granted, starting recovery...
2720090000 >> Recovery done, continuing...
2720965000 >> Requesting for the AHB bus...
2721740000 >> AHB granted, starting recovery...
2740940000 >> Recovery done, continuing...
2741640000 >> Requesting for the AHB bus...
2742415000 >> AHB granted, starting recovery...
2761615000 >> Recovery done, continuing...
2762315000 >> Requesting for the AHB bus...
2763090000 >> AHB granted, starting recovery...
2782290000 >> Recovery done, continuing...
2782990000 >> Requesting for the AHB bus...
2783765000 >> AHB granted, starting recovery...
2802965000 >> Recovery done, continuing...
2803665000 >> Requesting for the AHB bus...
2804590000 >> AHB granted, starting recovery...
2823790000 >> Recovery done, continuing...
2824490000 >> Requesting for the AHB bus...
2825265000 >> AHB granted, starting recovery...
2844465000 >> Recovery done, continuing...
2845165000 >> Requesting for the AHB bus...
2845940000 >> AHB granted, starting recovery...
2865140000 >> Recovery done, continuing...
2865840000 >> Requesting for the AHB bus...
2866615000 >> AHB granted, starting recovery...
2885815000 >> Recovery done, continuing...
2886515000 >> Requesting for the AHB bus...
2887290000 >> AHB granted, starting recovery...
2906490000 >> Recovery done, continuing...
2907190000 >> Requesting for the AHB bus...
2907965000 >> AHB granted, starting recovery...
2927165000 >> Recovery done, continuing...
2927865000 >> Requesting for the AHB bus...
2928640000 >> AHB granted, starting recovery...
2947840000 >> Recovery done, continuing...
2948540000 >> Requesting for the AHB bus...
2949315000 >> AHB granted, starting recovery...
2968515000 >> Recovery done, continuing...
2969215000 >> Requesting for the AHB bus...
2969990000 >> AHB granted, starting recovery...
2989190000 >> Recovery done, continuing...
2989940000 >> Requesting for the AHB bus...
2990715000 >> AHB granted, starting recovery...
3009915000 >> Recovery done, continuing...
3010615000 >> Requesting for the AHB bus...
3011390000 >> AHB granted, starting recovery...
3030590000 >> Recovery done, continuing...
3031290000 >> Requesting for the AHB bus...
3032065000 >> AHB granted, starting recovery...
3051265000 >> Recovery done, continuing...
3051965000 >> Requesting for the AHB bus...
3052740000 >> AHB granted, starting recovery...
3071940000 >> Recovery done, continuing...
3072815000 >> Requesting for the AHB bus...
3073590000 >> AHB granted, starting recovery...
3092790000 >> Recovery done, continuing...
3093490000 >> Requesting for the AHB bus...
3094265000 >> AHB granted, starting recovery...
3113465000 >> Recovery done, continuing...
3114165000 >> Requesting for the AHB bus...
3114940000 >> AHB granted, starting recovery...
3134140000 >> Recovery done, continuing...
3134840000 >> Requesting for the AHB bus...
3135615000 >> AHB granted, starting recovery...
3154815000 >> Recovery done, continuing...
3155515000 >> Requesting for the AHB bus...
3156290000 >> AHB granted, starting recovery...
3175490000 >> Recovery done, continuing...
3176190000 >> Requesting for the AHB bus...
3176965000 >> AHB granted, starting recovery...
3196165000 >> Recovery done, continuing...
3196865000 >> Requesting for the AHB bus...
3197640000 >> AHB granted, starting recovery...
3216840000 >> Recovery done, continuing...
3217540000 >> Requesting for the AHB bus...
3218315000 >> AHB granted, starting recovery...
3237515000 >> Recovery done, continuing...
3238215000 >> Requesting for the AHB bus...
3238990000 >> AHB granted, starting recovery...
3258190000 >> Recovery done, continuing...
3258890000 >> Requesting for the AHB bus...
3259665000 >> AHB granted, starting recovery...
3278865000 >> Recovery done, continuing...
3279565000 >> Requesting for the AHB bus...
3280340000 >> AHB granted, starting recovery...
3299540000 >> Recovery done, continuing...
3300240000 >> Requesting for the AHB bus...
3301015000 >> AHB granted, starting recovery...
3320215000 >> Recovery done, continuing...
3320915000 >> Requesting for the AHB bus...
3321690000 >> AHB granted, starting recovery...
3340890000 >> Recovery done, continuing...
3341765000 >> Requesting for the AHB bus...
3342540000 >> AHB granted, starting recovery...
3361740000 >> Recovery done, continuing...
3362440000 >> Requesting for the AHB bus...
3363215000 >> AHB granted, starting recovery...
3382415000 >> Recovery done, continuing...
3383115000 >> Requesting for the AHB bus...
3383890000 >> AHB granted, starting recovery...
3403090000 >> Recovery done, continuing...
3403790000 >> Requesting for the AHB bus...
3404565000 >> AHB granted, starting recovery...
3423765000 >> Recovery done, continuing...
3424465000 >> Requesting for the AHB bus...
3425390000 >> AHB granted, starting recovery...
3444590000 >> Recovery done, continuing...
3445290000 >> Requesting for the AHB bus...
3446065000 >> AHB granted, starting recovery...
3465265000 >> Recovery done, continuing...
3465965000 >> Requesting for the AHB bus...
3466740000 >> AHB granted, starting recovery...
3485940000 >> Recovery done, continuing...
3486640000 >> Requesting for the AHB bus...
3487415000 >> AHB granted, starting recovery...
3506615000 >> Recovery done, continuing...
3507315000 >> Requesting for the AHB bus...
3508090000 >> AHB granted, starting recovery...
3527290000 >> Recovery done, continuing...
3527990000 >> Requesting for the AHB bus...
3528765000 >> AHB granted, starting recovery...
3547965000 >> Recovery done, continuing...
3548665000 >> Requesting for the AHB bus...
3549440000 >> AHB granted, starting recovery...
3568640000 >> Recovery done, continuing...
3569340000 >> Requesting for the AHB bus...
3570115000 >> AHB granted, starting recovery...
3589315000 >> Recovery done, continuing...
3590015000 >> Requesting for the AHB bus...
3590790000 >> AHB granted, starting recovery...
3609990000 >> Recovery done, continuing...
3610740000 >> Requesting for the AHB bus...
3611515000 >> AHB granted, starting recovery...
3630715000 >> Recovery done, continuing...
3631415000 >> Requesting for the AHB bus...
3632190000 >> AHB granted, starting recovery...
3651390000 >> Recovery done, continuing...
3652090000 >> Requesting for the AHB bus...
3652865000 >> AHB granted, starting recovery...
3672065000 >> Recovery done, continuing...
3672765000 >> Requesting for the AHB bus...
3673540000 >> AHB granted, starting recovery...
3692740000 >> Recovery done, continuing...
3693615000 >> Requesting for the AHB bus...
3694390000 >> AHB granted, starting recovery...
3713590000 >> Recovery done, continuing...
3714290000 >> Requesting for the AHB bus...
3715065000 >> AHB granted, starting recovery...
3734265000 >> Recovery done, continuing...
3734965000 >> Requesting for the AHB bus...
3735740000 >> AHB granted, starting recovery...
3754940000 >> Recovery done, continuing...
3755640000 >> Requesting for the AHB bus...
3756415000 >> AHB granted, starting recovery...
3775615000 >> Recovery done, continuing...
3776315000 >> Requesting for the AHB bus...
3777090000 >> AHB granted, starting recovery...
3796290000 >> Recovery done, continuing...
3796990000 >> Requesting for the AHB bus...
3797765000 >> AHB granted, starting recovery...
3816965000 >> Recovery done, continuing...
3817665000 >> Requesting for the AHB bus...
3818440000 >> AHB granted, starting recovery...
3837640000 >> Recovery done, continuing...
3838340000 >> Requesting for the AHB bus...
3839115000 >> AHB granted, starting recovery...
3858315000 >> Recovery done, continuing...
3859015000 >> Requesting for the AHB bus...
3859790000 >> AHB granted, starting recovery...
3878990000 >> Recovery done, continuing...
3879690000 >> Requesting for the AHB bus...
3880465000 >> AHB granted, starting recovery...
3899665000 >> Recovery done, continuing...
3900365000 >> Requesting for the AHB bus...
3901140000 >> AHB granted, starting recovery...
3920340000 >> Recovery done, continuing...
3921040000 >> Requesting for the AHB bus...
3921815000 >> AHB granted, starting recovery...
3941015000 >> Recovery done, continuing...
3941715000 >> Requesting for the AHB bus...
3942490000 >> AHB granted, starting recovery...
3961690000 >> Recovery done, continuing...
3962565000 >> Requesting for the AHB bus...
3963340000 >> AHB granted, starting recovery...
3982540000 >> Recovery done, continuing...
3983240000 >> Requesting for the AHB bus...
3984015000 >> AHB granted, starting recovery...
4003215000 >> Recovery done, continuing...
4003915000 >> Requesting for the AHB bus...
4004690000 >> AHB granted, starting recovery...
4023890000 >> Recovery done, continuing...
4024590000 >> Requesting for the AHB bus...
4025365000 >> AHB granted, starting recovery...
4044565000 >> Recovery done, continuing...
4045265000 >> Requesting for the AHB bus...
4046190000 >> AHB granted, starting recovery...
4065390000 >> Recovery done, continuing...
4066090000 >> Requesting for the AHB bus...
4066865000 >> AHB granted, starting recovery...
4086065000 >> Recovery done, continuing...
4086765000 >> Requesting for the AHB bus...
4087540000 >> AHB granted, starting recovery...
4106740000 >> Recovery done, continuing...
4107440000 >> Requesting for the AHB bus...
4108215000 >> AHB granted, starting recovery...
4127415000 >> Recovery done, continuing...
4128115000 >> Requesting for the AHB bus...
4128890000 >> AHB granted, starting recovery...
4148090000 >> Recovery done, continuing...
4148790000 >> Requesting for the AHB bus...
4149565000 >> AHB granted, starting recovery...
4168765000 >> Recovery done, continuing...
4169465000 >> Requesting for the AHB bus...
4170240000 >> AHB granted, starting recovery...
4189440000 >> Recovery done, continuing...
4190140000 >> Requesting for the AHB bus...
4190915000 >> AHB granted, starting recovery...
4210115000 >> Recovery done, continuing...
4210815000 >> Requesting for the AHB bus...
4211590000 >> AHB granted, starting recovery...
4230790000 >> Recovery done, continuing...
4231540000 >> Requesting for the AHB bus...
4232315000 >> AHB granted, starting recovery...
4251515000 >> Recovery done, continuing...
4252215000 >> Requesting for the AHB bus...
4252990000 >> AHB granted, starting recovery...
4272190000 >> Recovery done, continuing...
4272890000 >> Requesting for the AHB bus...
4273665000 >> AHB granted, starting recovery...
4292865000 >> Recovery done, continuing...
4293565000 >> Requesting for the AHB bus...
4294340000 >> AHB granted, starting recovery...
4313540000 >> Recovery done, continuing...
4314415000 >> Requesting for the AHB bus...
4315190000 >> AHB granted, starting recovery...
4334390000 >> Recovery done, continuing...
4335090000 >> Requesting for the AHB bus...
4335865000 >> AHB granted, starting recovery...
4355065000 >> Recovery done, continuing...
4355765000 >> Requesting for the AHB bus...
4356540000 >> AHB granted, starting recovery...
4375740000 >> Recovery done, continuing...
4376440000 >> Requesting for the AHB bus...
4377215000 >> AHB granted, starting recovery...
4396415000 >> Recovery done, continuing...
4397115000 >> Requesting for the AHB bus...
4397890000 >> AHB granted, starting recovery...
4417090000 >> Recovery done, continuing...
4417790000 >> Requesting for the AHB bus...
4418565000 >> AHB granted, starting recovery...
4437765000 >> Recovery done, continuing...
4438465000 >> Requesting for the AHB bus...
4439240000 >> AHB granted, starting recovery...
4458440000 >> Recovery done, continuing...
4459140000 >> Requesting for the AHB bus...
4459915000 >> AHB granted, starting recovery...
4479115000 >> Recovery done, continuing...
4479815000 >> Requesting for the AHB bus...
4480590000 >> AHB granted, starting recovery...
4499790000 >> Recovery done, continuing...
4500490000 >> Requesting for the AHB bus...
4501265000 >> AHB granted, starting recovery...
4520465000 >> Recovery done, continuing...
4521165000 >> Requesting for the AHB bus...
4521940000 >> AHB granted, starting recovery...
4541140000 >> Recovery done, continuing...
4541840000 >> Requesting for the AHB bus...
4542615000 >> AHB granted, starting recovery...
4561815000 >> Recovery done, continuing...
4562515000 >> Requesting for the AHB bus...
4563290000 >> AHB granted, starting recovery...
4582490000 >> Recovery done, continuing...
4583365000 >> Requesting for the AHB bus...
4584140000 >> AHB granted, starting recovery...
4603340000 >> Recovery done, continuing...
4604040000 >> Requesting for the AHB bus...
4604815000 >> AHB granted, starting recovery...
4624015000 >> Recovery done, continuing...
4624715000 >> Requesting for the AHB bus...
4625490000 >> AHB granted, starting recovery...
4644690000 >> Recovery done, continuing...
4645390000 >> Requesting for the AHB bus...
4646165000 >> AHB granted, starting recovery...
4665365000 >> Recovery done, continuing...
4666065000 >> Requesting for the AHB bus...
4666990000 >> AHB granted, starting recovery...
4686190000 >> Recovery done, continuing...
4686890000 >> Requesting for the AHB bus...
4687665000 >> AHB granted, starting recovery...
4706865000 >> Recovery done, continuing...
4707565000 >> Requesting for the AHB bus...
4708340000 >> AHB granted, starting recovery...
4727540000 >> Recovery done, continuing...
4728240000 >> Requesting for the AHB bus...
4729015000 >> AHB granted, starting recovery...
4748215000 >> Recovery done, continuing...
4748915000 >> Requesting for the AHB bus...
4749690000 >> AHB granted, starting recovery...
4768890000 >> Recovery done, continuing...
4769590000 >> Requesting for the AHB bus...
4770365000 >> AHB granted, starting recovery...
4789565000 >> Recovery done, continuing...
4790265000 >> Requesting for the AHB bus...
4791040000 >> AHB granted, starting recovery...
4810240000 >> Recovery done, continuing...
4810940000 >> Requesting for the AHB bus...
4811715000 >> AHB granted, starting recovery...
4830915000 >> Recovery done, continuing...
4831615000 >> Requesting for the AHB bus...
4832390000 >> AHB granted, starting recovery...
4851590000 >> Recovery done, continuing...
4852340000 >> Requesting for the AHB bus...
4853115000 >> AHB granted, starting recovery...
4872315000 >> Recovery done, continuing...
4873015000 >> Requesting for the AHB bus...
4873790000 >> AHB granted, starting recovery...
4892990000 >> Recovery done, continuing...
4893690000 >> Requesting for the AHB bus...
4894465000 >> AHB granted, starting recovery...
4913665000 >> Recovery done, continuing...
4914365000 >> Requesting for the AHB bus...
4915140000 >> AHB granted, starting recovery...
4934340000 >> Recovery done, continuing...
4935215000 >> Requesting for the AHB bus...
4935990000 >> AHB granted, starting recovery...
4955190000 >> Recovery done, continuing...
4955890000 >> Requesting for the AHB bus...
4956665000 >> AHB granted, starting recovery...
4975865000 >> Recovery done, continuing...
4976565000 >> Requesting for the AHB bus...
4977340000 >> AHB granted, starting recovery...
4996540000 >> Recovery done, continuing...
4997240000 >> Requesting for the AHB bus...
4998015000 >> AHB granted, starting recovery...
5017215000 >> Recovery done, continuing...
5017915000 >> Requesting for the AHB bus...
5018690000 >> AHB granted, starting recovery...
5037890000 >> Recovery done, continuing...
5038590000 >> Requesting for the AHB bus...
5039365000 >> AHB granted, starting recovery...
5058565000 >> Recovery done, continuing...
5059265000 >> Requesting for the AHB bus...
5060040000 >> AHB granted, starting recovery...
5079240000 >> Recovery done, continuing...
5079940000 >> Requesting for the AHB bus...
5080715000 >> AHB granted, starting recovery...
5099915000 >> Recovery done, continuing...
5100615000 >> Requesting for the AHB bus...
5101390000 >> AHB granted, starting recovery...
5120590000 >> Recovery done, continuing...
5121290000 >> Requesting for the AHB bus...
5122065000 >> AHB granted, starting recovery...
5141265000 >> Recovery done, continuing...
5141965000 >> Requesting for the AHB bus...
5142740000 >> AHB granted, starting recovery...
5161940000 >> Recovery done, continuing...
5162640000 >> Requesting for the AHB bus...
5163415000 >> AHB granted, starting recovery...
5182615000 >> Recovery done, continuing...
5183315000 >> Requesting for the AHB bus...
5184090000 >> AHB granted, starting recovery...
5203290000 >> Recovery done, continuing...
5204165000 >> Requesting for the AHB bus...
5204940000 >> AHB granted, starting recovery...
5224140000 >> Recovery done, continuing...
5224840000 >> Requesting for the AHB bus...
5225615000 >> AHB granted, starting recovery...
5244815000 >> Recovery done, continuing...
5245515000 >> Requesting for the AHB bus...
5246290000 >> AHB granted, starting recovery...
5265490000 >> Recovery done, continuing...
5266190000 >> Requesting for the AHB bus...
5266965000 >> AHB granted, starting recovery...
5286165000 >> Recovery done, continuing...
5286865000 >> Requesting for the AHB bus...
5287790000 >> AHB granted, starting recovery...
5306990000 >> Recovery done, continuing...
5307690000 >> Requesting for the AHB bus...
5308465000 >> AHB granted, starting recovery...
5327665000 >> Recovery done, continuing...
5328365000 >> Requesting for the AHB bus...
5329140000 >> AHB granted, starting recovery...
5348340000 >> Recovery done, continuing...
5349040000 >> Requesting for the AHB bus...
5349815000 >> AHB granted, starting recovery...
5369015000 >> Recovery done, continuing...
5369715000 >> Requesting for the AHB bus...
5370490000 >> AHB granted, starting recovery...
5389690000 >> Recovery done, continuing...
5390390000 >> Requesting for the AHB bus...
5391165000 >> AHB granted, starting recovery...
5410365000 >> Recovery done, continuing...
5411065000 >> Requesting for the AHB bus...
5411840000 >> AHB granted, starting recovery...
5431040000 >> Recovery done, continuing...
5431740000 >> Requesting for the AHB bus...
5432515000 >> AHB granted, starting recovery...
5451715000 >> Recovery done, continuing...
5452415000 >> Requesting for the AHB bus...
5453190000 >> AHB granted, starting recovery...
5472390000 >> Recovery done, continuing...
5473140000 >> Requesting for the AHB bus...
5473915000 >> AHB granted, starting recovery...
5493115000 >> Recovery done, continuing...
5493815000 >> Requesting for the AHB bus...
5494590000 >> AHB granted, starting recovery...
5513790000 >> Recovery done, continuing...
5514490000 >> Requesting for the AHB bus...
5515265000 >> AHB granted, starting recovery...
5534465000 >> Recovery done, continuing...
5535165000 >> Requesting for the AHB bus...
5535940000 >> AHB granted, starting recovery...
5555140000 >> Recovery done, continuing...
5556015000 >> Requesting for the AHB bus...
5556790000 >> AHB granted, starting recovery...
5575990000 >> Recovery done, continuing...
5576690000 >> Requesting for the AHB bus...
5577465000 >> AHB granted, starting recovery...
5596665000 >> Recovery done, continuing...
5597365000 >> Requesting for the AHB bus...
5598140000 >> AHB granted, starting recovery...
5617340000 >> Recovery done, continuing...
5618040000 >> Requesting for the AHB bus...
5618815000 >> AHB granted, starting recovery...
5638015000 >> Recovery done, continuing...
5638715000 >> Requesting for the AHB bus...
5639490000 >> AHB granted, starting recovery...
5658690000 >> Recovery done, continuing...
5659390000 >> Requesting for the AHB bus...
5660165000 >> AHB granted, starting recovery...
5679365000 >> Recovery done, continuing...
5680065000 >> Requesting for the AHB bus...
5680840000 >> AHB granted, starting recovery...
5700040000 >> Recovery done, continuing...
5700740000 >> Requesting for the AHB bus...
5701515000 >> AHB granted, starting recovery...
5720715000 >> Recovery done, continuing...
5721415000 >> Requesting for the AHB bus...
5722190000 >> AHB granted, starting recovery...
5741390000 >> Recovery done, continuing...
5742090000 >> Requesting for the AHB bus...
5742865000 >> AHB granted, starting recovery...
5745715000 >> time limit reached...
/testbench/cpu/l3/u0/leon3x0/vhdl/p0/iu/r.w.wreg:0
/testbench/cpu/l3/u0/leon3x0/vhdl/p0/iu/r.m.irqen:1
/testbench/cpu/l3/u0/leon3x0/vhdl/p0/iu/r.m.icc:1001
/testbench/cpu/l3/u0/leon3x0/vhdl/p0/iu/r.a.ticc:0
/testbench/cpu/l3/u0/leon3x0/vhdl/p0/iu/r.a.step:0
/testbench/cpu/l3/u0/leon3x0/vhdl/p0/iu/r.m.irqen2:1
/testbench/cpu/l3/u0/leon3x0/vhdl/p0/iu/r.d.pc:01000000000000000000001010000100
/testbench/cpu/l3/u0/leon3x0/vhdl/p0/iu/r.d.rexpl:{{00000000000000000000000000000000} {00} {0} 0 0 {0000000000000000000} 0 0 0 0 0 0}
/testbench/cpu/l3/u0/leon3x0/vhdl/p0/iu/r.d.mexc:0
/testbench/cpu/l3/u0/leon3x0/vhdl/p0/iu/r.a.aw:0
/testbench/cpu/l3/u0/leon3x0/vhdl/p0/iu/r.e.ctrl:{{01000000000000000000001010000000} {11000010000001111011111111111100} {00} {10000001} {000000} 0 0 1 0 0 1 1 0 0}
/testbench/cpu/l3/u0/leon3x0/vhdl/p0/iu/r.a.divstart:0
/testbench/cpu/l3/u0/leon3x0/vhdl/p0/iu/r.e.shleft:0
/testbench/cpu/l3/u0/leon3x0/vhdl/p0/iu/r.a.bp:0
/testbench/cpu/l3/u0/leon3x0/vhdl/p0/iu/r.w.twcwp:000
/testbench/cpu/l3/u0/leon3x0/vhdl/p0/iu/r.a.jmpl:0
/testbench/cpu/l3/u0/leon3x0/vhdl/p0/iu/r.m.casa:0
/testbench/cpu/l3/u0/leon3x0/vhdl/p0/iu/r.m.werr:0
/testbench/cpu/l3/u0/leon3x0/vhdl/p0/iu/r.e.su:1
/testbench/cpu/l3/u0/leon3x0/vhdl/p0/iu/r.e.et:1
/testbench/cpu/l3/u0/leon3x0/vhdl/p0/iu/r.a.ldcheck1:1
/testbench/cpu/l3/u0/leon3x0/vhdl/p0/iu/r.d.stwin:000
/testbench/cpu/l3/u0/leon3x0/vhdl/p0/iu/r.a.ldcheck2:0
/testbench/cpu/l3/u0/leon3x0/vhdl/p0/iu/r.x.intack:0
/testbench/cpu/l3/u0/leon3x0/vhdl/p0/iu/r.m.ctrl:{{01000000000000000000001001010100} {00000001000000000000000000000000} {00} {10000000} {000000} 0 0 0 0 0 0 1 0 0}
/testbench/cpu/l3/u0/leon3x0/vhdl/p0/iu/r.a.cwp:101
/testbench/cpu/l3/u0/leon3x0/vhdl/p0/iu/r.e.sari:0
/testbench/cpu/l3/u0/leon3x0/vhdl/p0/iu/r.d.paw:0
/testbench/cpu/l3/u0/leon3x0/vhdl/p0/iu/r.d.aw:0
/testbench/cpu/l3/u0/leon3x0/vhdl/p0/iu/r.d.awp:000
/testbench/cpu/l3/u0/leon3x0/vhdl/p0/iu/r.x.ctrl:{{01000000000000000000001001010000} {00010000100000000000000000001100} {00} {01011000} {000000} 0 0 0 0 0 0 1 0 0}
/testbench/cpu/l3/u0/leon3x0/vhdl/p0/iu/r.m.rexnalign:0
/testbench/cpu/l3/u0/leon3x0/vhdl/p0/iu/r.m.su:1
/testbench/cpu/l3/u0/leon3x0/vhdl/p0/iu/r.m.wcwp:0
/testbench/cpu/l3/u0/leon3x0/vhdl/p0/iu/r.d.divrdy:0
/testbench/cpu/l3/u0/leon3x0/vhdl/p0/iu/r.e.cwp:101
/testbench/cpu/l3/u0/leon3x0/vhdl/p0/iu/r.w.except:0
/testbench/cpu/l3/u0/leon3x0/vhdl/p0/iu/r.x.nerror:0
/testbench/cpu/l3/u0/leon3x0/vhdl/p0/iu/r.a.bpimiss:0
/testbench/cpu/l3/u0/leon3x0/vhdl/p0/iu/r.a.nobp:0
/testbench/cpu/l3/u0/leon3x0/vhdl/p0/iu/r.d.rexcnt:0
/testbench/cpu/l3/u0/leon3x0/vhdl/p0/iu/r.w.s:{{101} {1001} {00000000} {01000000000000000000} {00000010} {0000} 0 0 1 1 1 {00000000000000000000000000000000} {UUUUUUUUUUUUUUUUUUUUUUUUUUUUUUUU} 1 0 0 1 1 1 0 0 {000} {000} {111}}
/testbench/cpu/l3/u0/leon3x0/vhdl/p0/iu/r.d.pv:1
/testbench/cpu/l3/u0/leon3x0/vhdl/p0/iu/r.a.ldchkra:1
/testbench/cpu/l3/u0/leon3x0/vhdl/p0/iu/r.a.rfa1:10000001
/testbench/cpu/l3/u0/leon3x0/vhdl/p0/iu/r.a.rfa2:01011001
/testbench/cpu/l3/u0/leon3x0/vhdl/p0/iu/r.a.imm:00000000000000000000000000001001
/testbench/cpu/l3/u0/leon3x0/vhdl/p0/iu/r.w.wa:10000000
/testbench/cpu/l3/u0/leon3x0/vhdl/p0/iu/r.m.casaz:1
/testbench/cpu/l3/u0/leon3x0/vhdl/p0/iu/r.x.dci:{0 0 1 0 0 0 {10} {00000000}}
/testbench/cpu/l3/u0/leon3x0/vhdl/p0/iu/r.x.mac:0
/testbench/cpu/l3/u0/leon3x0/vhdl/p0/iu/r.m.divz:0
/testbench/cpu/l3/u0/leon3x0/vhdl/p0/iu/r.d.inst:{{10000000101000000110000000001001}}
/testbench/cpu/l3/u0/leon3x0/vhdl/p0/iu/r.e.rfe1:1
/testbench/cpu/l3/u0/leon3x0/vhdl/p0/iu/r.a.wovf:0
/testbench/cpu/l3/u0/leon3x0/vhdl/p0/iu/r.e.rfe2:0
/testbench/cpu/l3/u0/leon3x0/vhdl/p0/iu/r.e.op1:01000000000011111111111010100000
/testbench/cpu/l3/u0/leon3x0/vhdl/p0/iu/r.m.nalign:0
/testbench/cpu/l3/u0/leon3x0/vhdl/p0/iu/r.e.op2:11111111111111111111111111111100
/testbench/cpu/l3/u0/leon3x0/vhdl/p0/iu/r.d.rexen:0
/testbench/cpu/l3/u0/leon3x0/vhdl/p0/iu/r.a.ctrl:{{01000000000000000000001010000100} {10000000101000000110000000001001} {00} {10000000} {000000} 0 1 0 0 0 0 0 0 0}
/testbench/cpu/l3/u0/leon3x0/vhdl/p0/iu/r.x.ipend:0
/testbench/cpu/l3/u0/leon3x0/vhdl/p0/iu/r.e.ldbp1:0
/testbench/cpu/l3/u0/leon3x0/vhdl/p0/iu/r.e.aluadd:1
/testbench/cpu/l3/u0/leon3x0/vhdl/p0/iu/r.d.set:0
/testbench/cpu/l3/u0/leon3x0/vhdl/p0/iu/r.d.inull:0
/testbench/cpu/l3/u0/leon3x0/vhdl/p0/iu/r.e.ldbp2:0
/testbench/cpu/l3/u0/leon3x0/vhdl/p0/iu/r.d.cnt:00
/testbench/cpu/l3/u0/leon3x0/vhdl/p0/iu/r.a.su:1
/testbench/cpu/l3/u0/leon3x0/vhdl/p0/iu/r.a.et:1
/testbench/cpu/l3/u0/leon3x0/vhdl/p0/iu/r.e.mul:0
/testbench/cpu/l3/u0/leon3x0/vhdl/p0/iu/r.e.alusel:00
/testbench/cpu/l3/u0/leon3x0/vhdl/p0/iu/r.e.aw:U
/testbench/cpu/l3/u0/leon3x0/vhdl/p0/iu/r.e.mac:0
/testbench/cpu/l3/u0/leon3x0/vhdl/p0/iu/r.a.decill:0
/testbench/cpu/l3/u0/leon3x0/vhdl/p0/iu/r.x.icc:1001
/testbench/cpu/l3/u0/leon3x0/vhdl/p0/iu/r.x.result:00000000000000000000000000000000
/testbench/cpu/l3/u0/leon3x0/vhdl/p0/iu/r.e.bp:0
/testbench/cpu/l3/u0/leon3x0/vhdl/p0/iu/r.a.rs1:00001
/testbench/cpu/l3/u0/leon3x0/vhdl/p0/iu/r.e.jmpl:0
/testbench/cpu/l3/u0/leon3x0/vhdl/p0/iu/r.a.rsel1:001
/testbench/cpu/l3/u0/leon3x0/vhdl/p0/iu/r.x.y:00000000000000000000000000000000
/testbench/cpu/l3/u0/leon3x0/vhdl/p0/iu/r.a.rsel2:100
/testbench/cpu/l3/u0/leon3x0/vhdl/p0/iu/r.a.awp:000
/testbench/cpu/l3/u0/leon3x0/vhdl/p0/iu/r.a.paw:0
/testbench/cpu/l3/u0/leon3x0/vhdl/p0/iu/r.x.data:{{00000000000000000000000000000000}}
/testbench/cpu/l3/u0/leon3x0/vhdl/p0/iu/r.m.mul:0
/testbench/cpu/l3/u0/leon3x0/vhdl/p0/iu/r.e.rd:UUUUU
/testbench/cpu/l3/u0/leon3x0/vhdl/p0/iu/r.e.invop2:0
/testbench/cpu/l3/u0/leon3x0/vhdl/p0/iu/r.m.wawp:0
/testbench/cpu/l3/u0/leon3x0/vhdl/p0/iu/r.d.cwpmax:111
/testbench/cpu/l3/u0/leon3x0/vhdl/p0/iu/r.f.branch:0
/testbench/cpu/l3/u0/leon3x0/vhdl/p0/iu/r.d.pcheld:1
/testbench/cpu/l3/u0/leon3x0/vhdl/p0/iu/r.m.dci:{0 0 1 0 0 0 {10} {00001011}}
/testbench/cpu/l3/u0/leon3x0/vhdl/p0/iu/r.e.paw:U
/testbench/cpu/l3/u0/leon3x0/vhdl/p0/iu/r.e.awp:UUU
/testbench/cpu/l3/u0/leon3x0/vhdl/p0/iu/r.e.shcnt:11100
/testbench/cpu/l3/u0/leon3x0/vhdl/p0/iu/r.w.result:00000000000000000000000000000000
/testbench/cpu/l3/u0/leon3x0/vhdl/p0/iu/r.m.mac:0
/testbench/cpu/l3/u0/leon3x0/vhdl/p0/iu/r.m.y:00000000000000000000000000000000
/testbench/cpu/l3/u0/leon3x0/vhdl/p0/iu/r.d.cwp:101
/testbench/cpu/l3/u0/leon3x0/vhdl/p0/iu/r.x.laddr:00
/testbench/cpu/l3/u0/leon3x0/vhdl/p0/iu/r.e.mulstep:0
/testbench/cpu/l3/u0/leon3x0/vhdl/p0/iu/r.e.ymsb:0
/testbench/cpu/l3/u0/leon3x0/vhdl/p0/iu/r.d.rexbuf:00000000000000000000000000000000
/testbench/cpu/l3/u0/leon3x0/vhdl/p0/iu/r.x.npc:100
/testbench/cpu/l3/u0/leon3x0/vhdl/p0/iu/r.f.pc:01000000000000000000001010001000
/testbench/cpu/l3/u0/leon3x0/vhdl/p0/iu/r.d.annul:0
/testbench/cpu/l3/u0/leon3x0/vhdl/p0/iu/r.x.rstate:run
/testbench/cpu/l3/u0/leon3x0/vhdl/p0/iu/r.x.set:0
/testbench/cpu/l3/u0/leon3x0/vhdl/p0/iu/r.m.result:00000000000000000000000000000000
/testbench/cpu/l3/u0/leon3x0/vhdl/p0/iu/r.e.icc:UUUU
/testbench/cpu/l3/u0/leon3x0/vhdl/p0/iu/r.a.getpc:0
/testbench/cpu/l3/u0/leon3x0/vhdl/p0/iu/r.a.ldchkex:1
/testbench/cpu/l3/u0/leon3x0/vhdl/p0/iu/r.x.mexc:0
/testbench/cpu/l3/u0/leon3x0/vhdl/p0/iu/r.a.mulstart:0
/testbench/cpu/l3/u0/leon3x0/vhdl/p0/iu/r.d.rexpos:10
/testbench/cpu/l3/u0/leon3x0/vhdl/p0/iu/r.x.annul_all:0
/testbench/cpu/l3/u0/leon3x0/vhdl/p0/iu/r.e.aluop:000
/testbench/cpu/l3/u0/leon3x0/vhdl/p0/iu/r.x.debug:0
/testbench/cpu/l3/u0/leon3x0/vhdl/p0/iu/r.a.rfe1:0
/testbench/cpu/l3/u0/leon3x0/vhdl/p0/iu/r.d.step:0
/testbench/cpu/l3/u0/leon3x0/vhdl/p0/iu/r.a.rfe2:0
/testbench/cpu/l3/u0/leon3x0/vhdl/p0/iu/r.e.alucin:0
/testbench/cpu/l3/u0/leon3x0/vhdl/p0/iu/r.a.wunf:0
======================================
progstatus: -2
execerr: 201
latent: 1
time limit!
>>>>>>>>>>>>>>> 5745715000
======================================
