Test signal = /testbench/cpu/l3/u0/leon3x0/vhdl/p0/iu/r.a.bp
oldval = 0
pos1: -1 pos0: 0 posU: -1
newval = 1
Signal value: 0
oldval = 0
pos1: -1 pos0: 0 posU: -1
newval = 1
force in 1608619
586290000 >> iteration no: 0
1598340000 >> iteration no: 1
2190365000 >> Requesting for the AHB bus...
2190390000 >> Requesting for the AHB bus...
2190940000 >> AHB granted, starting recovery...
2210140000 >> Recovery done, continuing...
2210190000 >> Requesting for the AHB bus...
2211240000 >> AHB granted, starting recovery...
2230440000 >> Recovery done, continuing...
2230490000 >> Requesting for the AHB bus...
2231540000 >> AHB granted, starting recovery...
2250740000 >> Recovery done, continuing...
2250790000 >> Requesting for the AHB bus...
2251840000 >> AHB granted, starting recovery...
2271040000 >> Recovery done, continuing...
2271090000 >> Requesting for the AHB bus...
2272140000 >> AHB granted, starting recovery...
2291340000 >> Recovery done, continuing...
2291390000 >> Requesting for the AHB bus...
2292615000 >> AHB granted, starting recovery...
2311815000 >> Recovery done, continuing...
2311865000 >> Requesting for the AHB bus...
2312915000 >> AHB granted, starting recovery...
2332115000 >> Recovery done, continuing...
2332165000 >> Requesting for the AHB bus...
2333215000 >> AHB granted, starting recovery...
2352415000 >> Recovery done, continuing...
2352465000 >> Requesting for the AHB bus...
2353515000 >> AHB granted, starting recovery...
2372715000 >> Recovery done, continuing...
2372765000 >> Requesting for the AHB bus...
2373815000 >> AHB granted, starting recovery...
2393015000 >> Recovery done, continuing...
2393065000 >> Requesting for the AHB bus...
2394115000 >> AHB granted, starting recovery...
2413315000 >> Recovery done, continuing...
2413365000 >> Requesting for the AHB bus...
2414415000 >> AHB granted, starting recovery...
2433615000 >> Recovery done, continuing...
2433665000 >> Requesting for the AHB bus...
2434715000 >> AHB granted, starting recovery...
2453915000 >> Recovery done, continuing...
2453965000 >> Requesting for the AHB bus...
2455015000 >> AHB granted, starting recovery...
2474215000 >> Recovery done, continuing...
2474265000 >> Requesting for the AHB bus...
2475315000 >> AHB granted, starting recovery...
2494515000 >> Recovery done, continuing...
2494565000 >> Requesting for the AHB bus...
2495615000 >> AHB granted, starting recovery...
2514815000 >> Recovery done, continuing...
2514865000 >> Requesting for the AHB bus...
2515915000 >> AHB granted, starting recovery...
2535115000 >> Recovery done, continuing...
2535165000 >> Requesting for the AHB bus...
2536215000 >> AHB granted, starting recovery...
2555415000 >> Recovery done, continuing...
2555465000 >> Requesting for the AHB bus...
2556515000 >> AHB granted, starting recovery...
2575715000 >> Recovery done, continuing...
2575765000 >> Requesting for the AHB bus...
2576815000 >> AHB granted, starting recovery...
2596015000 >> Recovery done, continuing...
2596065000 >> Requesting for the AHB bus...
2597115000 >> AHB granted, starting recovery...
2616315000 >> Recovery done, continuing...
2616365000 >> Requesting for the AHB bus...
2617415000 >> AHB granted, starting recovery...
2636615000 >> Recovery done, continuing...
2636665000 >> Requesting for the AHB bus...
2637715000 >> AHB granted, starting recovery...
2656915000 >> Recovery done, continuing...
2656965000 >> Requesting for the AHB bus...
2658015000 >> AHB granted, starting recovery...
2677215000 >> Recovery done, continuing...
2677265000 >> Requesting for the AHB bus...
2678315000 >> AHB granted, starting recovery...
2697515000 >> Recovery done, continuing...
2697565000 >> Requesting for the AHB bus...
2698615000 >> AHB granted, starting recovery...
2717815000 >> Recovery done, continuing...
2717865000 >> Requesting for the AHB bus...
2718915000 >> AHB granted, starting recovery...
2738115000 >> Recovery done, continuing...
2738165000 >> Requesting for the AHB bus...
2739215000 >> AHB granted, starting recovery...
2758415000 >> Recovery done, continuing...
2758465000 >> Requesting for the AHB bus...
2759690000 >> AHB granted, starting recovery...
2778890000 >> Recovery done, continuing...
2778940000 >> Requesting for the AHB bus...
2779990000 >> AHB granted, starting recovery...
2799190000 >> Recovery done, continuing...
2799240000 >> Requesting for the AHB bus...
2800290000 >> AHB granted, starting recovery...
2819490000 >> Recovery done, continuing...
2819540000 >> Requesting for the AHB bus...
2820590000 >> AHB granted, starting recovery...
2839790000 >> Recovery done, continuing...
2839840000 >> Requesting for the AHB bus...
2840890000 >> AHB granted, starting recovery...
2860090000 >> Recovery done, continuing...
2860140000 >> Requesting for the AHB bus...
2861190000 >> AHB granted, starting recovery...
2880390000 >> Recovery done, continuing...
2880440000 >> Requesting for the AHB bus...
2881540000 >> AHB granted, starting recovery...
2900740000 >> Recovery done, continuing...
2900790000 >> Requesting for the AHB bus...
2901840000 >> AHB granted, starting recovery...
2921040000 >> Recovery done, continuing...
2921090000 >> Requesting for the AHB bus...
2922140000 >> AHB granted, starting recovery...
2941340000 >> Recovery done, continuing...
2941390000 >> Requesting for the AHB bus...
2942440000 >> AHB granted, starting recovery...
2961640000 >> Recovery done, continuing...
2961690000 >> Requesting for the AHB bus...
2962740000 >> AHB granted, starting recovery...
2981940000 >> Recovery done, continuing...
2981990000 >> Requesting for the AHB bus...
2983040000 >> AHB granted, starting recovery...
3002240000 >> Recovery done, continuing...
3002290000 >> Requesting for the AHB bus...
3003340000 >> AHB granted, starting recovery...
3022540000 >> Recovery done, continuing...
3022590000 >> Requesting for the AHB bus...
3023640000 >> AHB granted, starting recovery...
3042840000 >> Recovery done, continuing...
3042890000 >> Requesting for the AHB bus...
3043940000 >> AHB granted, starting recovery...
3063140000 >> Recovery done, continuing...
3063190000 >> Requesting for the AHB bus...
3064240000 >> AHB granted, starting recovery...
3083440000 >> Recovery done, continuing...
3083490000 >> Requesting for the AHB bus...
3084540000 >> AHB granted, starting recovery...
3103740000 >> Recovery done, continuing...
3103790000 >> Requesting for the AHB bus...
3104840000 >> AHB granted, starting recovery...
3124040000 >> Recovery done, continuing...
3124090000 >> Requesting for the AHB bus...
3125140000 >> AHB granted, starting recovery...
3144340000 >> Recovery done, continuing...
3144390000 >> Requesting for the AHB bus...
3145440000 >> AHB granted, starting recovery...
3164640000 >> Recovery done, continuing...
3164690000 >> Requesting for the AHB bus...
3165740000 >> AHB granted, starting recovery...
3184940000 >> Recovery done, continuing...
3184990000 >> Requesting for the AHB bus...
3186040000 >> AHB granted, starting recovery...
3205240000 >> Recovery done, continuing...
3205290000 >> Requesting for the AHB bus...
3206340000 >> AHB granted, starting recovery...
3225540000 >> Recovery done, continuing...
3225590000 >> Requesting for the AHB bus...
3226815000 >> AHB granted, starting recovery...
3246015000 >> Recovery done, continuing...
3246065000 >> Requesting for the AHB bus...
3247115000 >> AHB granted, starting recovery...
3266315000 >> Recovery done, continuing...
3266365000 >> Requesting for the AHB bus...
3267415000 >> AHB granted, starting recovery...
3286615000 >> Recovery done, continuing...
3286665000 >> Requesting for the AHB bus...
3287715000 >> AHB granted, starting recovery...
3306915000 >> Recovery done, continuing...
3306965000 >> Requesting for the AHB bus...
3308015000 >> AHB granted, starting recovery...
3327215000 >> Recovery done, continuing...
3327265000 >> Requesting for the AHB bus...
3328315000 >> AHB granted, starting recovery...
3347515000 >> Recovery done, continuing...
3347565000 >> Requesting for the AHB bus...
3348740000 >> AHB granted, starting recovery...
3367940000 >> Recovery done, continuing...
3367990000 >> Requesting for the AHB bus...
3369040000 >> AHB granted, starting recovery...
3388240000 >> Recovery done, continuing...
3388290000 >> Requesting for the AHB bus...
3389340000 >> AHB granted, starting recovery...
3408540000 >> Recovery done, continuing...
3408590000 >> Requesting for the AHB bus...
3409640000 >> AHB granted, starting recovery...
3428840000 >> Recovery done, continuing...
3428890000 >> Requesting for the AHB bus...
3429940000 >> AHB granted, starting recovery...
3449140000 >> Recovery done, continuing...
3449190000 >> Requesting for the AHB bus...
3450240000 >> AHB granted, starting recovery...
3469440000 >> Recovery done, continuing...
3469490000 >> Requesting for the AHB bus...
3470540000 >> AHB granted, starting recovery...
3489740000 >> Recovery done, continuing...
3489790000 >> Requesting for the AHB bus...
3490840000 >> AHB granted, starting recovery...
3510040000 >> Recovery done, continuing...
3510090000 >> Requesting for the AHB bus...
3511140000 >> AHB granted, starting recovery...
3530340000 >> Recovery done, continuing...
3530390000 >> Requesting for the AHB bus...
3531440000 >> AHB granted, starting recovery...
3550640000 >> Recovery done, continuing...
3550690000 >> Requesting for the AHB bus...
3551740000 >> AHB granted, starting recovery...
3570940000 >> Recovery done, continuing...
3570990000 >> Requesting for the AHB bus...
3572040000 >> AHB granted, starting recovery...
3591240000 >> Recovery done, continuing...
3591290000 >> Requesting for the AHB bus...
3592340000 >> AHB granted, starting recovery...
3611540000 >> Recovery done, continuing...
3611590000 >> Requesting for the AHB bus...
3612640000 >> AHB granted, starting recovery...
3631840000 >> Recovery done, continuing...
3631890000 >> Requesting for the AHB bus...
3632940000 >> AHB granted, starting recovery...
3652140000 >> Recovery done, continuing...
3652190000 >> Requesting for the AHB bus...
3653240000 >> AHB granted, starting recovery...
3672440000 >> Recovery done, continuing...
3672490000 >> Requesting for the AHB bus...
3673540000 >> AHB granted, starting recovery...
3692740000 >> Recovery done, continuing...
3692790000 >> Requesting for the AHB bus...
3694015000 >> AHB granted, starting recovery...
3713215000 >> Recovery done, continuing...
3713265000 >> Requesting for the AHB bus...
3714315000 >> AHB granted, starting recovery...
3733515000 >> Recovery done, continuing...
3733565000 >> Requesting for the AHB bus...
3734615000 >> AHB granted, starting recovery...
3753815000 >> Recovery done, continuing...
3753865000 >> Requesting for the AHB bus...
3754915000 >> AHB granted, starting recovery...
3774115000 >> Recovery done, continuing...
3774165000 >> Requesting for the AHB bus...
3775215000 >> AHB granted, starting recovery...
3794415000 >> Recovery done, continuing...
3794465000 >> Requesting for the AHB bus...
3795515000 >> AHB granted, starting recovery...
3814715000 >> Recovery done, continuing...
3814765000 >> Requesting for the AHB bus...
3815940000 >> AHB granted, starting recovery...
3835140000 >> Recovery done, continuing...
3835190000 >> Requesting for the AHB bus...
3836240000 >> AHB granted, starting recovery...
3855440000 >> Recovery done, continuing...
3855490000 >> Requesting for the AHB bus...
3856540000 >> AHB granted, starting recovery...
3875740000 >> Recovery done, continuing...
3875790000 >> Requesting for the AHB bus...
3876840000 >> AHB granted, starting recovery...
3896040000 >> Recovery done, continuing...
3896090000 >> Requesting for the AHB bus...
3897140000 >> AHB granted, starting recovery...
3916340000 >> Recovery done, continuing...
3916390000 >> Requesting for the AHB bus...
3917440000 >> AHB granted, starting recovery...
3936640000 >> Recovery done, continuing...
3936690000 >> Requesting for the AHB bus...
3937740000 >> AHB granted, starting recovery...
3956940000 >> Recovery done, continuing...
3956990000 >> Requesting for the AHB bus...
3958040000 >> AHB granted, starting recovery...
3977240000 >> Recovery done, continuing...
3977290000 >> Requesting for the AHB bus...
3978340000 >> AHB granted, starting recovery...
3997540000 >> Recovery done, continuing...
3997590000 >> Requesting for the AHB bus...
3998640000 >> AHB granted, starting recovery...
4017840000 >> Recovery done, continuing...
4017890000 >> Requesting for the AHB bus...
4018940000 >> AHB granted, starting recovery...
4038140000 >> Recovery done, continuing...
4038190000 >> Requesting for the AHB bus...
4039240000 >> AHB granted, starting recovery...
4058440000 >> Recovery done, continuing...
4058490000 >> Requesting for the AHB bus...
4059540000 >> AHB granted, starting recovery...
4078740000 >> Recovery done, continuing...
4078790000 >> Requesting for the AHB bus...
4079840000 >> AHB granted, starting recovery...
4099040000 >> Recovery done, continuing...
4099090000 >> Requesting for the AHB bus...
4100140000 >> AHB granted, starting recovery...
4119340000 >> Recovery done, continuing...
4119390000 >> Requesting for the AHB bus...
4120440000 >> AHB granted, starting recovery...
4139640000 >> Recovery done, continuing...
4139690000 >> Requesting for the AHB bus...
4140740000 >> AHB granted, starting recovery...
4159940000 >> Recovery done, continuing...
4159990000 >> Requesting for the AHB bus...
4161215000 >> AHB granted, starting recovery...
4180415000 >> Recovery done, continuing...
4180465000 >> Requesting for the AHB bus...
4181515000 >> AHB granted, starting recovery...
4200715000 >> Recovery done, continuing...
4200765000 >> Requesting for the AHB bus...
4201815000 >> AHB granted, starting recovery...
4221015000 >> Recovery done, continuing...
4221065000 >> Requesting for the AHB bus...
4222115000 >> AHB granted, starting recovery...
4241315000 >> Recovery done, continuing...
4241365000 >> Requesting for the AHB bus...
4242415000 >> AHB granted, starting recovery...
4261615000 >> Recovery done, continuing...
4261665000 >> Requesting for the AHB bus...
4262715000 >> AHB granted, starting recovery...
4281915000 >> Recovery done, continuing...
4281965000 >> Requesting for the AHB bus...
4283140000 >> AHB granted, starting recovery...
4302340000 >> Recovery done, continuing...
4302390000 >> Requesting for the AHB bus...
4303440000 >> AHB granted, starting recovery...
4322640000 >> Recovery done, continuing...
4322690000 >> Requesting for the AHB bus...
4323740000 >> AHB granted, starting recovery...
4342940000 >> Recovery done, continuing...
4342990000 >> Requesting for the AHB bus...
4344040000 >> AHB granted, starting recovery...
4363240000 >> Recovery done, continuing...
4363290000 >> Requesting for the AHB bus...
4364340000 >> AHB granted, starting recovery...
4383540000 >> Recovery done, continuing...
4383590000 >> Requesting for the AHB bus...
4384640000 >> AHB granted, starting recovery...
4403840000 >> Recovery done, continuing...
4403890000 >> Requesting for the AHB bus...
4404940000 >> AHB granted, starting recovery...
4424140000 >> Recovery done, continuing...
4424190000 >> Requesting for the AHB bus...
4425240000 >> AHB granted, starting recovery...
4444440000 >> Recovery done, continuing...
4444490000 >> Requesting for the AHB bus...
4445540000 >> AHB granted, starting recovery...
4464740000 >> Recovery done, continuing...
4464790000 >> Requesting for the AHB bus...
4465840000 >> AHB granted, starting recovery...
4485040000 >> Recovery done, continuing...
4485090000 >> Requesting for the AHB bus...
4486140000 >> AHB granted, starting recovery...
4505340000 >> Recovery done, continuing...
4505390000 >> Requesting for the AHB bus...
4506440000 >> AHB granted, starting recovery...
4525640000 >> Recovery done, continuing...
4525690000 >> Requesting for the AHB bus...
4526740000 >> AHB granted, starting recovery...
4545940000 >> Recovery done, continuing...
4545990000 >> Requesting for the AHB bus...
4547040000 >> AHB granted, starting recovery...
4566240000 >> Recovery done, continuing...
4566290000 >> Requesting for the AHB bus...
4567340000 >> AHB granted, starting recovery...
4586540000 >> Recovery done, continuing...
4586590000 >> Requesting for the AHB bus...
4587640000 >> AHB granted, starting recovery...
4606840000 >> Recovery done, continuing...
4606890000 >> Requesting for the AHB bus...
4607940000 >> AHB granted, starting recovery...
4627140000 >> Recovery done, continuing...
4627190000 >> Requesting for the AHB bus...
4628415000 >> AHB granted, starting recovery...
4647615000 >> Recovery done, continuing...
4647665000 >> Requesting for the AHB bus...
4648715000 >> AHB granted, starting recovery...
4667915000 >> Recovery done, continuing...
4667965000 >> Requesting for the AHB bus...
4669015000 >> AHB granted, starting recovery...
4688215000 >> Recovery done, continuing...
4688265000 >> Requesting for the AHB bus...
4689315000 >> AHB granted, starting recovery...
4708515000 >> Recovery done, continuing...
4708565000 >> Requesting for the AHB bus...
4709615000 >> AHB granted, starting recovery...
4728815000 >> Recovery done, continuing...
4728865000 >> Requesting for the AHB bus...
4729915000 >> AHB granted, starting recovery...
4749115000 >> Recovery done, continuing...
4749165000 >> Requesting for the AHB bus...
4750340000 >> AHB granted, starting recovery...
4769540000 >> Recovery done, continuing...
4769590000 >> Requesting for the AHB bus...
4770640000 >> AHB granted, starting recovery...
4789840000 >> Recovery done, continuing...
4789890000 >> Requesting for the AHB bus...
4790940000 >> AHB granted, starting recovery...
4810140000 >> Recovery done, continuing...
4810190000 >> Requesting for the AHB bus...
4811240000 >> AHB granted, starting recovery...
4830440000 >> Recovery done, continuing...
4830490000 >> Requesting for the AHB bus...
4831540000 >> AHB granted, starting recovery...
4850740000 >> Recovery done, continuing...
4850790000 >> Requesting for the AHB bus...
4851840000 >> AHB granted, starting recovery...
4871040000 >> Recovery done, continuing...
4871090000 >> Requesting for the AHB bus...
4872140000 >> AHB granted, starting recovery...
4891340000 >> Recovery done, continuing...
4891390000 >> Requesting for the AHB bus...
4892440000 >> AHB granted, starting recovery...
4911640000 >> Recovery done, continuing...
4911690000 >> Requesting for the AHB bus...
4912740000 >> AHB granted, starting recovery...
4931940000 >> Recovery done, continuing...
4931990000 >> Requesting for the AHB bus...
4933040000 >> AHB granted, starting recovery...
4952240000 >> Recovery done, continuing...
4952290000 >> Requesting for the AHB bus...
4953340000 >> AHB granted, starting recovery...
4972540000 >> Recovery done, continuing...
4972590000 >> Requesting for the AHB bus...
4973640000 >> AHB granted, starting recovery...
4992840000 >> Recovery done, continuing...
4992890000 >> Requesting for the AHB bus...
4993940000 >> AHB granted, starting recovery...
5013140000 >> Recovery done, continuing...
5013190000 >> Requesting for the AHB bus...
5014240000 >> AHB granted, starting recovery...
5033440000 >> Recovery done, continuing...
5033490000 >> Requesting for the AHB bus...
5034540000 >> AHB granted, starting recovery...
5053740000 >> Recovery done, continuing...
5053790000 >> Requesting for the AHB bus...
5054840000 >> AHB granted, starting recovery...
5074040000 >> Recovery done, continuing...
5074090000 >> Requesting for the AHB bus...
5075140000 >> AHB granted, starting recovery...
5094340000 >> Recovery done, continuing...
5094390000 >> Requesting for the AHB bus...
5095615000 >> AHB granted, starting recovery...
5114815000 >> Recovery done, continuing...
5114865000 >> Requesting for the AHB bus...
5115915000 >> AHB granted, starting recovery...
5135115000 >> Recovery done, continuing...
5135165000 >> Requesting for the AHB bus...
5136215000 >> AHB granted, starting recovery...
5155415000 >> Recovery done, continuing...
5155465000 >> Requesting for the AHB bus...
5156515000 >> AHB granted, starting recovery...
5175715000 >> Recovery done, continuing...
5175765000 >> Requesting for the AHB bus...
5176815000 >> AHB granted, starting recovery...
5196015000 >> Recovery done, continuing...
5196065000 >> Requesting for the AHB bus...
5197115000 >> AHB granted, starting recovery...
5216315000 >> Recovery done, continuing...
5216365000 >> Requesting for the AHB bus...
5217540000 >> AHB granted, starting recovery...
5236740000 >> Recovery done, continuing...
5236790000 >> Requesting for the AHB bus...
5237840000 >> AHB granted, starting recovery...
5257040000 >> Recovery done, continuing...
5257090000 >> Requesting for the AHB bus...
5258140000 >> AHB granted, starting recovery...
5277340000 >> Recovery done, continuing...
5277390000 >> Requesting for the AHB bus...
5278440000 >> AHB granted, starting recovery...
5297640000 >> Recovery done, continuing...
5297690000 >> Requesting for the AHB bus...
5298740000 >> AHB granted, starting recovery...
5317940000 >> Recovery done, continuing...
5317990000 >> Requesting for the AHB bus...
5319040000 >> AHB granted, starting recovery...
5338240000 >> Recovery done, continuing...
5338290000 >> Requesting for the AHB bus...
5339340000 >> AHB granted, starting recovery...
5358540000 >> Recovery done, continuing...
5358590000 >> Requesting for the AHB bus...
5359640000 >> AHB granted, starting recovery...
5378840000 >> Recovery done, continuing...
5378890000 >> Requesting for the AHB bus...
5379940000 >> AHB granted, starting recovery...
5399140000 >> Recovery done, continuing...
5399190000 >> Requesting for the AHB bus...
5400240000 >> AHB granted, starting recovery...
5419440000 >> Recovery done, continuing...
5419490000 >> Requesting for the AHB bus...
5420540000 >> AHB granted, starting recovery...
5439740000 >> Recovery done, continuing...
5439790000 >> Requesting for the AHB bus...
5440840000 >> AHB granted, starting recovery...
5460040000 >> Recovery done, continuing...
5460090000 >> Requesting for the AHB bus...
5461140000 >> AHB granted, starting recovery...
5480340000 >> Recovery done, continuing...
5480390000 >> Requesting for the AHB bus...
5481440000 >> AHB granted, starting recovery...
5500640000 >> Recovery done, continuing...
5500690000 >> Requesting for the AHB bus...
5501740000 >> AHB granted, starting recovery...
5520940000 >> Recovery done, continuing...
5520990000 >> Requesting for the AHB bus...
5522040000 >> AHB granted, starting recovery...
5541240000 >> Recovery done, continuing...
5541290000 >> Requesting for the AHB bus...
5542340000 >> AHB granted, starting recovery...
5561540000 >> Recovery done, continuing...
5561590000 >> Requesting for the AHB bus...
5562815000 >> AHB granted, starting recovery...
5582015000 >> Recovery done, continuing...
5582065000 >> Requesting for the AHB bus...
5583115000 >> AHB granted, starting recovery...
5602315000 >> Recovery done, continuing...
5602365000 >> Requesting for the AHB bus...
5603415000 >> AHB granted, starting recovery...
5622615000 >> Recovery done, continuing...
5622665000 >> Requesting for the AHB bus...
5623715000 >> AHB granted, starting recovery...
5642915000 >> Recovery done, continuing...
5642965000 >> Requesting for the AHB bus...
5644015000 >> AHB granted, starting recovery...
5663215000 >> Recovery done, continuing...
5663265000 >> Requesting for the AHB bus...
5664315000 >> AHB granted, starting recovery...
5683515000 >> Recovery done, continuing...
5683565000 >> Requesting for the AHB bus...
5684740000 >> AHB granted, starting recovery...
5703940000 >> Recovery done, continuing...
5703990000 >> Requesting for the AHB bus...
5705040000 >> AHB granted, starting recovery...
5724240000 >> Recovery done, continuing...
5724290000 >> Requesting for the AHB bus...
5725340000 >> AHB granted, starting recovery...
5744540000 >> Recovery done, continuing...
5744590000 >> Requesting for the AHB bus...
5745640000 >> AHB granted, starting recovery...
5745715000 >> time limit reached...
/testbench/cpu/l3/u0/leon3x0/vhdl/p0/iu/r.w.wreg:1
/testbench/cpu/l3/u0/leon3x0/vhdl/p0/iu/r.m.irqen:1
/testbench/cpu/l3/u0/leon3x0/vhdl/p0/iu/r.m.icc:0000
/testbench/cpu/l3/u0/leon3x0/vhdl/p0/iu/r.a.ticc:0
/testbench/cpu/l3/u0/leon3x0/vhdl/p0/iu/r.a.step:0
/testbench/cpu/l3/u0/leon3x0/vhdl/p0/iu/r.m.irqen2:1
/testbench/cpu/l3/u0/leon3x0/vhdl/p0/iu/r.d.pc:01000000000000000000001011011100
/testbench/cpu/l3/u0/leon3x0/vhdl/p0/iu/r.d.rexpl:{{00000000000000000000000000000000} {00} {0} 0 0 {0000000000000000000} 0 0 0 0 0 0}
/testbench/cpu/l3/u0/leon3x0/vhdl/p0/iu/r.d.mexc:0
/testbench/cpu/l3/u0/leon3x0/vhdl/p0/iu/r.a.aw:0
/testbench/cpu/l3/u0/leon3x0/vhdl/p0/iu/r.e.ctrl:{{01000000000000000000001011010100} {11000010000001111011111111110100} {00} {10000001} {000000} 0 0 1 0 0 1 1 0 0}
/testbench/cpu/l3/u0/leon3x0/vhdl/p0/iu/r.a.divstart:0
/testbench/cpu/l3/u0/leon3x0/vhdl/p0/iu/r.e.shleft:0
/testbench/cpu/l3/u0/leon3x0/vhdl/p0/iu/r.a.bp:0
/testbench/cpu/l3/u0/leon3x0/vhdl/p0/iu/r.w.twcwp:000
/testbench/cpu/l3/u0/leon3x0/vhdl/p0/iu/r.a.jmpl:0
/testbench/cpu/l3/u0/leon3x0/vhdl/p0/iu/r.m.casa:0
/testbench/cpu/l3/u0/leon3x0/vhdl/p0/iu/r.m.werr:0
/testbench/cpu/l3/u0/leon3x0/vhdl/p0/iu/r.e.su:1
/testbench/cpu/l3/u0/leon3x0/vhdl/p0/iu/r.e.et:1
/testbench/cpu/l3/u0/leon3x0/vhdl/p0/iu/r.a.ldcheck1:1
/testbench/cpu/l3/u0/leon3x0/vhdl/p0/iu/r.d.stwin:000
/testbench/cpu/l3/u0/leon3x0/vhdl/p0/iu/r.a.ldcheck2:0
/testbench/cpu/l3/u0/leon3x0/vhdl/p0/iu/r.x.intack:0
/testbench/cpu/l3/u0/leon3x0/vhdl/p0/iu/r.m.ctrl:{{01000000000000000000001011010000} {11000010001001111011111111111000} {01} {10000001} {000000} 0 0 0 0 0 0 0 0 0}
/testbench/cpu/l3/u0/leon3x0/vhdl/p0/iu/r.a.cwp:101
/testbench/cpu/l3/u0/leon3x0/vhdl/p0/iu/r.e.sari:0
/testbench/cpu/l3/u0/leon3x0/vhdl/p0/iu/r.d.paw:0
/testbench/cpu/l3/u0/leon3x0/vhdl/p0/iu/r.d.aw:0
/testbench/cpu/l3/u0/leon3x0/vhdl/p0/iu/r.d.awp:000
/testbench/cpu/l3/u0/leon3x0/vhdl/p0/iu/r.x.ctrl:{{01000000000000000000001011010000} {11000010001001111011111111111000} {00} {10000001} {000000} 0 0 0 0 0 0 1 0 0}
/testbench/cpu/l3/u0/leon3x0/vhdl/p0/iu/r.m.rexnalign:0
/testbench/cpu/l3/u0/leon3x0/vhdl/p0/iu/r.m.su:1
/testbench/cpu/l3/u0/leon3x0/vhdl/p0/iu/r.m.wcwp:0
/testbench/cpu/l3/u0/leon3x0/vhdl/p0/iu/r.d.divrdy:0
/testbench/cpu/l3/u0/leon3x0/vhdl/p0/iu/r.e.cwp:101
/testbench/cpu/l3/u0/leon3x0/vhdl/p0/iu/r.w.except:0
/testbench/cpu/l3/u0/leon3x0/vhdl/p0/iu/r.x.nerror:0
/testbench/cpu/l3/u0/leon3x0/vhdl/p0/iu/r.a.bpimiss:0
/testbench/cpu/l3/u0/leon3x0/vhdl/p0/iu/r.a.nobp:0
/testbench/cpu/l3/u0/leon3x0/vhdl/p0/iu/r.d.rexcnt:0
/testbench/cpu/l3/u0/leon3x0/vhdl/p0/iu/r.w.s:{{101} {0000} {00000000} {01000000000000000000} {00000010} {0000} 0 0 1 1 1 {00000000000000000000000000000000} {UUUUUUUUUUUUUUUUUUUUUUUUUUUUUUUU} 1 0 0 1 1 1 0 0 {000} {000} {111}}
/testbench/cpu/l3/u0/leon3x0/vhdl/p0/iu/r.d.pv:1
/testbench/cpu/l3/u0/leon3x0/vhdl/p0/iu/r.a.ldchkra:1
/testbench/cpu/l3/u0/leon3x0/vhdl/p0/iu/r.a.rfa1:01101110
/testbench/cpu/l3/u0/leon3x0/vhdl/p0/iu/r.a.rfa2:10000100
/testbench/cpu/l3/u0/leon3x0/vhdl/p0/iu/r.a.imm:00000000000000000000000001000100
/testbench/cpu/l3/u0/leon3x0/vhdl/p0/iu/r.w.wa:10000001
/testbench/cpu/l3/u0/leon3x0/vhdl/p0/iu/r.m.casaz:0
/testbench/cpu/l3/u0/leon3x0/vhdl/p0/iu/r.x.dci:{0 1 0 0 0 0 {10} {00001011}}
/testbench/cpu/l3/u0/leon3x0/vhdl/p0/iu/r.x.mac:0
/testbench/cpu/l3/u0/leon3x0/vhdl/p0/iu/r.m.divz:0
/testbench/cpu/l3/u0/leon3x0/vhdl/p0/iu/r.d.inst:{{10000010000000001000000000000001}}
/testbench/cpu/l3/u0/leon3x0/vhdl/p0/iu/r.e.rfe1:1
/testbench/cpu/l3/u0/leon3x0/vhdl/p0/iu/r.a.wovf:0
/testbench/cpu/l3/u0/leon3x0/vhdl/p0/iu/r.e.rfe2:0
/testbench/cpu/l3/u0/leon3x0/vhdl/p0/iu/r.e.op1:01000000000011111111111010100000
/testbench/cpu/l3/u0/leon3x0/vhdl/p0/iu/r.m.nalign:1
/testbench/cpu/l3/u0/leon3x0/vhdl/p0/iu/r.e.op2:11111111111111111111111111110100
/testbench/cpu/l3/u0/leon3x0/vhdl/p0/iu/r.d.rexen:0
/testbench/cpu/l3/u0/leon3x0/vhdl/p0/iu/r.a.ctrl:{{01000000000000000000001011011000} {11000100000001111010000001000100} {00} {10000010} {000000} 0 0 1 0 0 1 1 0 0}
/testbench/cpu/l3/u0/leon3x0/vhdl/p0/iu/r.x.ipend:0
/testbench/cpu/l3/u0/leon3x0/vhdl/p0/iu/r.e.ldbp1:0
/testbench/cpu/l3/u0/leon3x0/vhdl/p0/iu/r.e.aluadd:1
/testbench/cpu/l3/u0/leon3x0/vhdl/p0/iu/r.d.set:0
/testbench/cpu/l3/u0/leon3x0/vhdl/p0/iu/r.d.inull:0
/testbench/cpu/l3/u0/leon3x0/vhdl/p0/iu/r.e.ldbp2:0
/testbench/cpu/l3/u0/leon3x0/vhdl/p0/iu/r.d.cnt:00
/testbench/cpu/l3/u0/leon3x0/vhdl/p0/iu/r.a.su:1
/testbench/cpu/l3/u0/leon3x0/vhdl/p0/iu/r.a.et:1
/testbench/cpu/l3/u0/leon3x0/vhdl/p0/iu/r.e.mul:0
/testbench/cpu/l3/u0/leon3x0/vhdl/p0/iu/r.e.alusel:00
/testbench/cpu/l3/u0/leon3x0/vhdl/p0/iu/r.e.aw:U
/testbench/cpu/l3/u0/leon3x0/vhdl/p0/iu/r.e.mac:0
/testbench/cpu/l3/u0/leon3x0/vhdl/p0/iu/r.a.decill:0
/testbench/cpu/l3/u0/leon3x0/vhdl/p0/iu/r.x.icc:0000
/testbench/cpu/l3/u0/leon3x0/vhdl/p0/iu/r.x.result:01000000000011111111111010011000
/testbench/cpu/l3/u0/leon3x0/vhdl/p0/iu/r.e.bp:0
/testbench/cpu/l3/u0/leon3x0/vhdl/p0/iu/r.a.rs1:11110
/testbench/cpu/l3/u0/leon3x0/vhdl/p0/iu/r.e.jmpl:0
/testbench/cpu/l3/u0/leon3x0/vhdl/p0/iu/r.a.rsel1:000
/testbench/cpu/l3/u0/leon3x0/vhdl/p0/iu/r.x.y:00000000000000000000000000000000
/testbench/cpu/l3/u0/leon3x0/vhdl/p0/iu/r.a.rsel2:100
/testbench/cpu/l3/u0/leon3x0/vhdl/p0/iu/r.a.awp:000
/testbench/cpu/l3/u0/leon3x0/vhdl/p0/iu/r.a.paw:0
/testbench/cpu/l3/u0/leon3x0/vhdl/p0/iu/r.x.data:{{00000000000000000000000000000100}}
/testbench/cpu/l3/u0/leon3x0/vhdl/p0/iu/r.m.mul:0
/testbench/cpu/l3/u0/leon3x0/vhdl/p0/iu/r.e.rd:UUUUU
/testbench/cpu/l3/u0/leon3x0/vhdl/p0/iu/r.e.invop2:0
/testbench/cpu/l3/u0/leon3x0/vhdl/p0/iu/r.m.wawp:0
/testbench/cpu/l3/u0/leon3x0/vhdl/p0/iu/r.d.cwpmax:111
/testbench/cpu/l3/u0/leon3x0/vhdl/p0/iu/r.f.branch:0
/testbench/cpu/l3/u0/leon3x0/vhdl/p0/iu/r.d.pcheld:0
/testbench/cpu/l3/u0/leon3x0/vhdl/p0/iu/r.m.dci:{0 0 0 1 0 0 {10} {00001011}}
/testbench/cpu/l3/u0/leon3x0/vhdl/p0/iu/r.e.paw:U
/testbench/cpu/l3/u0/leon3x0/vhdl/p0/iu/r.e.awp:UUU
/testbench/cpu/l3/u0/leon3x0/vhdl/p0/iu/r.e.shcnt:10100
/testbench/cpu/l3/u0/leon3x0/vhdl/p0/iu/r.w.result:00000000000000000000000000000101
/testbench/cpu/l3/u0/leon3x0/vhdl/p0/iu/r.m.mac:0
/testbench/cpu/l3/u0/leon3x0/vhdl/p0/iu/r.m.y:00000000000000000000000000000000
/testbench/cpu/l3/u0/leon3x0/vhdl/p0/iu/r.d.cwp:101
/testbench/cpu/l3/u0/leon3x0/vhdl/p0/iu/r.x.laddr:00
/testbench/cpu/l3/u0/leon3x0/vhdl/p0/iu/r.e.mulstep:0
/testbench/cpu/l3/u0/leon3x0/vhdl/p0/iu/r.e.ymsb:0
/testbench/cpu/l3/u0/leon3x0/vhdl/p0/iu/r.d.rexbuf:00000000000000000000000000000000
/testbench/cpu/l3/u0/leon3x0/vhdl/p0/iu/r.x.npc:100
/testbench/cpu/l3/u0/leon3x0/vhdl/p0/iu/r.f.pc:01000000000000000000001011100000
/testbench/cpu/l3/u0/leon3x0/vhdl/p0/iu/r.d.annul:0
/testbench/cpu/l3/u0/leon3x0/vhdl/p0/iu/r.x.rstate:run
/testbench/cpu/l3/u0/leon3x0/vhdl/p0/iu/r.x.set:0
/testbench/cpu/l3/u0/leon3x0/vhdl/p0/iu/r.m.result:00000000000000000000000000000101
/testbench/cpu/l3/u0/leon3x0/vhdl/p0/iu/r.e.icc:UUUU
/testbench/cpu/l3/u0/leon3x0/vhdl/p0/iu/r.a.getpc:0
/testbench/cpu/l3/u0/leon3x0/vhdl/p0/iu/r.a.ldchkex:1
/testbench/cpu/l3/u0/leon3x0/vhdl/p0/iu/r.x.mexc:0
/testbench/cpu/l3/u0/leon3x0/vhdl/p0/iu/r.a.mulstart:0
/testbench/cpu/l3/u0/leon3x0/vhdl/p0/iu/r.d.rexpos:10
/testbench/cpu/l3/u0/leon3x0/vhdl/p0/iu/r.x.annul_all:0
/testbench/cpu/l3/u0/leon3x0/vhdl/p0/iu/r.e.aluop:000
/testbench/cpu/l3/u0/leon3x0/vhdl/p0/iu/r.x.debug:0
/testbench/cpu/l3/u0/leon3x0/vhdl/p0/iu/r.a.rfe1:1
/testbench/cpu/l3/u0/leon3x0/vhdl/p0/iu/r.d.step:0
/testbench/cpu/l3/u0/leon3x0/vhdl/p0/iu/r.a.rfe2:0
/testbench/cpu/l3/u0/leon3x0/vhdl/p0/iu/r.e.alucin:0
/testbench/cpu/l3/u0/leon3x0/vhdl/p0/iu/r.a.wunf:0
======================================
progstatus: -2
execerr: 176
latent: 1
time limit!
>>>>>>>>>>>>>>> 5745715000
======================================
