Test signal = /testbench/cpu/l3/u0/leon3x0/vhdl/p0/iu/r.m.wcwp
oldval = 0
pos1: -1 pos0: 0 posU: -1
newval = 1
Signal value: 0
oldval = 0
pos1: -1 pos0: 0 posU: -1
newval = 1
force in 4193288
586290000 >> iteration no: 0
1598340000 >> iteration no: 1
2610390000 >> iteration no: 2
3622265000 >> iteration no: 3
4634040000 >> iteration no: 4
4775915000 >> Requesting for the AHB bus...
4776615000 >> AHB granted, starting recovery...
4795815000 >> Recovery done, continuing...
4795865000 >> Requesting for the AHB bus...
4796915000 >> AHB granted, starting recovery...
4816115000 >> Recovery done, continuing...
4816165000 >> Requesting for the AHB bus...
4817215000 >> AHB granted, starting recovery...
4836415000 >> Recovery done, continuing...
4836465000 >> Requesting for the AHB bus...
4837515000 >> AHB granted, starting recovery...
4856715000 >> Recovery done, continuing...
4856765000 >> Requesting for the AHB bus...
4857815000 >> AHB granted, starting recovery...
4877015000 >> Recovery done, continuing...
4877065000 >> Requesting for the AHB bus...
4878290000 >> AHB granted, starting recovery...
4897490000 >> Recovery done, continuing...
4897540000 >> Requesting for the AHB bus...
4898590000 >> AHB granted, starting recovery...
4917790000 >> Recovery done, continuing...
4917840000 >> Requesting for the AHB bus...
4918890000 >> AHB granted, starting recovery...
4938090000 >> Recovery done, continuing...
4938140000 >> Requesting for the AHB bus...
4939190000 >> AHB granted, starting recovery...
4958390000 >> Recovery done, continuing...
4958440000 >> Requesting for the AHB bus...
4959490000 >> AHB granted, starting recovery...
4978690000 >> Recovery done, continuing...
4978740000 >> Requesting for the AHB bus...
4979790000 >> AHB granted, starting recovery...
4998990000 >> Recovery done, continuing...
4999040000 >> Requesting for the AHB bus...
5000090000 >> AHB granted, starting recovery...
5019290000 >> Recovery done, continuing...
5019340000 >> Requesting for the AHB bus...
5020390000 >> AHB granted, starting recovery...
5039590000 >> Recovery done, continuing...
5039640000 >> Requesting for the AHB bus...
5040690000 >> AHB granted, starting recovery...
5059890000 >> Recovery done, continuing...
5059940000 >> Requesting for the AHB bus...
5060990000 >> AHB granted, starting recovery...
5080190000 >> Recovery done, continuing...
5080240000 >> Requesting for the AHB bus...
5081290000 >> AHB granted, starting recovery...
5100490000 >> Recovery done, continuing...
5100540000 >> Requesting for the AHB bus...
5101590000 >> AHB granted, starting recovery...
5120790000 >> Recovery done, continuing...
5120840000 >> Requesting for the AHB bus...
5121890000 >> AHB granted, starting recovery...
5141090000 >> Recovery done, continuing...
5141140000 >> Requesting for the AHB bus...
5142190000 >> AHB granted, starting recovery...
5161390000 >> Recovery done, continuing...
5161440000 >> Requesting for the AHB bus...
5162490000 >> AHB granted, starting recovery...
5181690000 >> Recovery done, continuing...
5181740000 >> Requesting for the AHB bus...
5182790000 >> AHB granted, starting recovery...
5201990000 >> Recovery done, continuing...
5202040000 >> Requesting for the AHB bus...
5203090000 >> AHB granted, starting recovery...
5222290000 >> Recovery done, continuing...
5222340000 >> Requesting for the AHB bus...
5223390000 >> AHB granted, starting recovery...
5242590000 >> Recovery done, continuing...
5242640000 >> Requesting for the AHB bus...
5243690000 >> AHB granted, starting recovery...
5262890000 >> Recovery done, continuing...
5262940000 >> Requesting for the AHB bus...
5263990000 >> AHB granted, starting recovery...
5283190000 >> Recovery done, continuing...
5283240000 >> Requesting for the AHB bus...
5284290000 >> AHB granted, starting recovery...
5303490000 >> Recovery done, continuing...
5303540000 >> Requesting for the AHB bus...
5304590000 >> AHB granted, starting recovery...
5323790000 >> Recovery done, continuing...
5323840000 >> Requesting for the AHB bus...
5324890000 >> AHB granted, starting recovery...
5344090000 >> Recovery done, continuing...
5344140000 >> Requesting for the AHB bus...
5345365000 >> AHB granted, starting recovery...
5364565000 >> Recovery done, continuing...
5364615000 >> Requesting for the AHB bus...
5365665000 >> AHB granted, starting recovery...
5384865000 >> Recovery done, continuing...
5384915000 >> Requesting for the AHB bus...
5385965000 >> AHB granted, starting recovery...
5405165000 >> Recovery done, continuing...
5405215000 >> Requesting for the AHB bus...
5406265000 >> AHB granted, starting recovery...
5425465000 >> Recovery done, continuing...
5425515000 >> Requesting for the AHB bus...
5426565000 >> AHB granted, starting recovery...
5445765000 >> Recovery done, continuing...
5445815000 >> Requesting for the AHB bus...
5446865000 >> AHB granted, starting recovery...
5466065000 >> Recovery done, continuing...
5466115000 >> Requesting for the AHB bus...
5467165000 >> AHB granted, starting recovery...
5486365000 >> Recovery done, continuing...
5486415000 >> Requesting for the AHB bus...
5487465000 >> AHB granted, starting recovery...
5506665000 >> Recovery done, continuing...
5506715000 >> Requesting for the AHB bus...
5507765000 >> AHB granted, starting recovery...
5526965000 >> Recovery done, continuing...
5527015000 >> Requesting for the AHB bus...
5528065000 >> AHB granted, starting recovery...
5547265000 >> Recovery done, continuing...
5547315000 >> Requesting for the AHB bus...
5548365000 >> AHB granted, starting recovery...
5567565000 >> Recovery done, continuing...
5567615000 >> Requesting for the AHB bus...
5568665000 >> AHB granted, starting recovery...
5587865000 >> Recovery done, continuing...
5587915000 >> Requesting for the AHB bus...
5588965000 >> AHB granted, starting recovery...
5608165000 >> Recovery done, continuing...
5608215000 >> Requesting for the AHB bus...
5609265000 >> AHB granted, starting recovery...
5628465000 >> Recovery done, continuing...
5628515000 >> Requesting for the AHB bus...
5629565000 >> AHB granted, starting recovery...
5648765000 >> Recovery done, continuing...
5648815000 >> Requesting for the AHB bus...
5649865000 >> AHB granted, starting recovery...
5669065000 >> Recovery done, continuing...
5669115000 >> Requesting for the AHB bus...
5670165000 >> AHB granted, starting recovery...
5689365000 >> Recovery done, continuing...
5689415000 >> Requesting for the AHB bus...
5690465000 >> AHB granted, starting recovery...
5709665000 >> Recovery done, continuing...
5709715000 >> Requesting for the AHB bus...
5710765000 >> AHB granted, starting recovery...
5729965000 >> Recovery done, continuing...
5730015000 >> Requesting for the AHB bus...
5731065000 >> AHB granted, starting recovery...
5745715000 >> time limit reached...
/testbench/cpu/l3/u0/leon3x0/vhdl/p0/iu/r.w.wreg:1
/testbench/cpu/l3/u0/leon3x0/vhdl/p0/iu/r.m.irqen:1
/testbench/cpu/l3/u0/leon3x0/vhdl/p0/iu/r.m.icc:0000
/testbench/cpu/l3/u0/leon3x0/vhdl/p0/iu/r.a.ticc:0
/testbench/cpu/l3/u0/leon3x0/vhdl/p0/iu/r.a.step:0
/testbench/cpu/l3/u0/leon3x0/vhdl/p0/iu/r.m.irqen2:1
/testbench/cpu/l3/u0/leon3x0/vhdl/p0/iu/r.d.pc:01000000000000000000001011011100
/testbench/cpu/l3/u0/leon3x0/vhdl/p0/iu/r.d.rexpl:{{00000000000000000000000000000000} {00} {0} 0 0 {0000000000000000000} 0 0 0 0 0 0}
/testbench/cpu/l3/u0/leon3x0/vhdl/p0/iu/r.d.mexc:0
/testbench/cpu/l3/u0/leon3x0/vhdl/p0/iu/r.a.aw:0
/testbench/cpu/l3/u0/leon3x0/vhdl/p0/iu/r.e.ctrl:{{01000000000000000000001011010100} {11000010000001111011111111110100} {00} {10000001} {000000} 0 0 1 0 0 1 1 0 0}
/testbench/cpu/l3/u0/leon3x0/vhdl/p0/iu/r.a.divstart:0
/testbench/cpu/l3/u0/leon3x0/vhdl/p0/iu/r.e.shleft:0
/testbench/cpu/l3/u0/leon3x0/vhdl/p0/iu/r.a.bp:0
/testbench/cpu/l3/u0/leon3x0/vhdl/p0/iu/r.w.twcwp:000
/testbench/cpu/l3/u0/leon3x0/vhdl/p0/iu/r.a.jmpl:0
/testbench/cpu/l3/u0/leon3x0/vhdl/p0/iu/r.m.casa:0
/testbench/cpu/l3/u0/leon3x0/vhdl/p0/iu/r.m.werr:0
/testbench/cpu/l3/u0/leon3x0/vhdl/p0/iu/r.e.su:1
/testbench/cpu/l3/u0/leon3x0/vhdl/p0/iu/r.e.et:1
/testbench/cpu/l3/u0/leon3x0/vhdl/p0/iu/r.a.ldcheck1:1
/testbench/cpu/l3/u0/leon3x0/vhdl/p0/iu/r.d.stwin:000
/testbench/cpu/l3/u0/leon3x0/vhdl/p0/iu/r.a.ldcheck2:0
/testbench/cpu/l3/u0/leon3x0/vhdl/p0/iu/r.x.intack:0
/testbench/cpu/l3/u0/leon3x0/vhdl/p0/iu/r.m.ctrl:{{01000000000000000000001011010000} {11000010001001111011111111111000} {01} {10000001} {000000} 0 0 0 0 0 0 0 0 0}
/testbench/cpu/l3/u0/leon3x0/vhdl/p0/iu/r.a.cwp:101
/testbench/cpu/l3/u0/leon3x0/vhdl/p0/iu/r.e.sari:0
/testbench/cpu/l3/u0/leon3x0/vhdl/p0/iu/r.d.paw:0
/testbench/cpu/l3/u0/leon3x0/vhdl/p0/iu/r.d.aw:0
/testbench/cpu/l3/u0/leon3x0/vhdl/p0/iu/r.d.awp:000
/testbench/cpu/l3/u0/leon3x0/vhdl/p0/iu/r.x.ctrl:{{01000000000000000000001011010000} {11000010001001111011111111111000} {00} {10000001} {000000} 0 0 0 0 0 0 1 0 0}
/testbench/cpu/l3/u0/leon3x0/vhdl/p0/iu/r.m.rexnalign:0
/testbench/cpu/l3/u0/leon3x0/vhdl/p0/iu/r.m.su:1
/testbench/cpu/l3/u0/leon3x0/vhdl/p0/iu/r.m.wcwp:0
/testbench/cpu/l3/u0/leon3x0/vhdl/p0/iu/r.d.divrdy:0
/testbench/cpu/l3/u0/leon3x0/vhdl/p0/iu/r.e.cwp:101
/testbench/cpu/l3/u0/leon3x0/vhdl/p0/iu/r.w.except:0
/testbench/cpu/l3/u0/leon3x0/vhdl/p0/iu/r.x.nerror:0
/testbench/cpu/l3/u0/leon3x0/vhdl/p0/iu/r.a.bpimiss:0
/testbench/cpu/l3/u0/leon3x0/vhdl/p0/iu/r.a.nobp:0
/testbench/cpu/l3/u0/leon3x0/vhdl/p0/iu/r.d.rexcnt:0
/testbench/cpu/l3/u0/leon3x0/vhdl/p0/iu/r.w.s:{{101} {0000} {00000000} {01000000000000000000} {00000010} {0000} 0 0 1 1 1 {00000000000000000000000000000000} {UUUUUUUUUUUUUUUUUUUUUUUUUUUUUUUU} 1 0 0 1 1 1 0 0 {000} {000} {111}}
/testbench/cpu/l3/u0/leon3x0/vhdl/p0/iu/r.d.pv:1
/testbench/cpu/l3/u0/leon3x0/vhdl/p0/iu/r.a.ldchkra:1
/testbench/cpu/l3/u0/leon3x0/vhdl/p0/iu/r.a.rfa1:01101110
/testbench/cpu/l3/u0/leon3x0/vhdl/p0/iu/r.a.rfa2:10000100
/testbench/cpu/l3/u0/leon3x0/vhdl/p0/iu/r.a.imm:00000000000000000000000001000100
/testbench/cpu/l3/u0/leon3x0/vhdl/p0/iu/r.w.wa:10000001
/testbench/cpu/l3/u0/leon3x0/vhdl/p0/iu/r.m.casaz:0
/testbench/cpu/l3/u0/leon3x0/vhdl/p0/iu/r.x.dci:{0 1 0 0 0 0 {10} {00001011}}
/testbench/cpu/l3/u0/leon3x0/vhdl/p0/iu/r.x.mac:0
/testbench/cpu/l3/u0/leon3x0/vhdl/p0/iu/r.m.divz:0
/testbench/cpu/l3/u0/leon3x0/vhdl/p0/iu/r.d.inst:{{10000010000000001000000000000001}}
/testbench/cpu/l3/u0/leon3x0/vhdl/p0/iu/r.e.rfe1:1
/testbench/cpu/l3/u0/leon3x0/vhdl/p0/iu/r.a.wovf:0
/testbench/cpu/l3/u0/leon3x0/vhdl/p0/iu/r.e.rfe2:0
/testbench/cpu/l3/u0/leon3x0/vhdl/p0/iu/r.e.op1:01000000000011111111111010100000
/testbench/cpu/l3/u0/leon3x0/vhdl/p0/iu/r.m.nalign:1
/testbench/cpu/l3/u0/leon3x0/vhdl/p0/iu/r.e.op2:11111111111111111111111111110100
/testbench/cpu/l3/u0/leon3x0/vhdl/p0/iu/r.d.rexen:0
/testbench/cpu/l3/u0/leon3x0/vhdl/p0/iu/r.a.ctrl:{{01000000000000000000001011011000} {11000100000001111010000001000100} {00} {10000010} {000000} 0 0 1 0 0 1 1 0 0}
/testbench/cpu/l3/u0/leon3x0/vhdl/p0/iu/r.x.ipend:0
/testbench/cpu/l3/u0/leon3x0/vhdl/p0/iu/r.e.ldbp1:0
/testbench/cpu/l3/u0/leon3x0/vhdl/p0/iu/r.e.aluadd:1
/testbench/cpu/l3/u0/leon3x0/vhdl/p0/iu/r.d.set:0
/testbench/cpu/l3/u0/leon3x0/vhdl/p0/iu/r.d.inull:0
/testbench/cpu/l3/u0/leon3x0/vhdl/p0/iu/r.e.ldbp2:0
/testbench/cpu/l3/u0/leon3x0/vhdl/p0/iu/r.d.cnt:00
/testbench/cpu/l3/u0/leon3x0/vhdl/p0/iu/r.a.su:1
/testbench/cpu/l3/u0/leon3x0/vhdl/p0/iu/r.a.et:1
/testbench/cpu/l3/u0/leon3x0/vhdl/p0/iu/r.e.mul:0
/testbench/cpu/l3/u0/leon3x0/vhdl/p0/iu/r.e.alusel:00
/testbench/cpu/l3/u0/leon3x0/vhdl/p0/iu/r.e.aw:U
/testbench/cpu/l3/u0/leon3x0/vhdl/p0/iu/r.e.mac:0
/testbench/cpu/l3/u0/leon3x0/vhdl/p0/iu/r.a.decill:0
/testbench/cpu/l3/u0/leon3x0/vhdl/p0/iu/r.x.icc:0000
/testbench/cpu/l3/u0/leon3x0/vhdl/p0/iu/r.x.result:01000000000011111111111010011000
/testbench/cpu/l3/u0/leon3x0/vhdl/p0/iu/r.e.bp:0
/testbench/cpu/l3/u0/leon3x0/vhdl/p0/iu/r.a.rs1:11110
/testbench/cpu/l3/u0/leon3x0/vhdl/p0/iu/r.e.jmpl:0
/testbench/cpu/l3/u0/leon3x0/vhdl/p0/iu/r.a.rsel1:000
/testbench/cpu/l3/u0/leon3x0/vhdl/p0/iu/r.x.y:00000000000000000000000000000000
/testbench/cpu/l3/u0/leon3x0/vhdl/p0/iu/r.a.rsel2:100
/testbench/cpu/l3/u0/leon3x0/vhdl/p0/iu/r.a.awp:000
/testbench/cpu/l3/u0/leon3x0/vhdl/p0/iu/r.a.paw:0
/testbench/cpu/l3/u0/leon3x0/vhdl/p0/iu/r.x.data:{{00000000000000000000000000000100}}
/testbench/cpu/l3/u0/leon3x0/vhdl/p0/iu/r.m.mul:0
/testbench/cpu/l3/u0/leon3x0/vhdl/p0/iu/r.e.rd:UUUUU
/testbench/cpu/l3/u0/leon3x0/vhdl/p0/iu/r.e.invop2:0
/testbench/cpu/l3/u0/leon3x0/vhdl/p0/iu/r.m.wawp:0
/testbench/cpu/l3/u0/leon3x0/vhdl/p0/iu/r.d.cwpmax:111
/testbench/cpu/l3/u0/leon3x0/vhdl/p0/iu/r.f.branch:0
/testbench/cpu/l3/u0/leon3x0/vhdl/p0/iu/r.d.pcheld:0
/testbench/cpu/l3/u0/leon3x0/vhdl/p0/iu/r.m.dci:{0 0 0 1 0 0 {10} {00001011}}
/testbench/cpu/l3/u0/leon3x0/vhdl/p0/iu/r.e.paw:U
/testbench/cpu/l3/u0/leon3x0/vhdl/p0/iu/r.e.awp:UUU
/testbench/cpu/l3/u0/leon3x0/vhdl/p0/iu/r.e.shcnt:10100
/testbench/cpu/l3/u0/leon3x0/vhdl/p0/iu/r.w.result:00000000000000000000000000000101
/testbench/cpu/l3/u0/leon3x0/vhdl/p0/iu/r.m.mac:0
/testbench/cpu/l3/u0/leon3x0/vhdl/p0/iu/r.m.y:00000000000000000000000000000000
/testbench/cpu/l3/u0/leon3x0/vhdl/p0/iu/r.d.cwp:101
/testbench/cpu/l3/u0/leon3x0/vhdl/p0/iu/r.x.laddr:00
/testbench/cpu/l3/u0/leon3x0/vhdl/p0/iu/r.e.mulstep:0
/testbench/cpu/l3/u0/leon3x0/vhdl/p0/iu/r.e.ymsb:0
/testbench/cpu/l3/u0/leon3x0/vhdl/p0/iu/r.d.rexbuf:00000000000000000000000000000000
/testbench/cpu/l3/u0/leon3x0/vhdl/p0/iu/r.x.npc:100
/testbench/cpu/l3/u0/leon3x0/vhdl/p0/iu/r.f.pc:01000000000000000000001011100000
/testbench/cpu/l3/u0/leon3x0/vhdl/p0/iu/r.d.annul:0
/testbench/cpu/l3/u0/leon3x0/vhdl/p0/iu/r.x.rstate:run
/testbench/cpu/l3/u0/leon3x0/vhdl/p0/iu/r.x.set:0
/testbench/cpu/l3/u0/leon3x0/vhdl/p0/iu/r.m.result:00000000000000000000000000000101
/testbench/cpu/l3/u0/leon3x0/vhdl/p0/iu/r.e.icc:UUUU
/testbench/cpu/l3/u0/leon3x0/vhdl/p0/iu/r.a.getpc:0
/testbench/cpu/l3/u0/leon3x0/vhdl/p0/iu/r.a.ldchkex:1
/testbench/cpu/l3/u0/leon3x0/vhdl/p0/iu/r.x.mexc:0
/testbench/cpu/l3/u0/leon3x0/vhdl/p0/iu/r.a.mulstart:0
/testbench/cpu/l3/u0/leon3x0/vhdl/p0/iu/r.d.rexpos:10
/testbench/cpu/l3/u0/leon3x0/vhdl/p0/iu/r.x.annul_all:0
/testbench/cpu/l3/u0/leon3x0/vhdl/p0/iu/r.e.aluop:000
/testbench/cpu/l3/u0/leon3x0/vhdl/p0/iu/r.x.debug:0
/testbench/cpu/l3/u0/leon3x0/vhdl/p0/iu/r.a.rfe1:1
/testbench/cpu/l3/u0/leon3x0/vhdl/p0/iu/r.d.step:0
/testbench/cpu/l3/u0/leon3x0/vhdl/p0/iu/r.a.rfe2:0
/testbench/cpu/l3/u0/leon3x0/vhdl/p0/iu/r.e.alucin:0
/testbench/cpu/l3/u0/leon3x0/vhdl/p0/iu/r.a.wunf:0
======================================
progstatus: -2
execerr: 48
latent: 1
time limit!
>>>>>>>>>>>>>>> 5745715000
======================================
