Test signal = /testbench/cpu/l3/u0/leon3x0/vhdl/p0/iu/r.a.wovf
oldval = 0
pos1: -1 pos0: 0 posU: -1
newval = 1
Signal value: 0
oldval = 0
pos1: -1 pos0: 0 posU: -1
newval = 1
force in 4138799
586290000 >> iteration no: 0
1598340000 >> iteration no: 1
2610390000 >> iteration no: 2
3622265000 >> iteration no: 3
4634040000 >> iteration no: 4
4720465000 >> Requesting for the AHB bus...
4720690000 >> Requesting for the AHB bus...
4721240000 >> AHB granted, starting recovery...
4740440000 >> Recovery done, continuing...
4740490000 >> Requesting for the AHB bus...
4741540000 >> AHB granted, starting recovery...
4760740000 >> Recovery done, continuing...
4760790000 >> Requesting for the AHB bus...
4761840000 >> AHB granted, starting recovery...
4781040000 >> Recovery done, continuing...
4781090000 >> Requesting for the AHB bus...
4782315000 >> AHB granted, starting recovery...
4801515000 >> Recovery done, continuing...
4801565000 >> Requesting for the AHB bus...
4802615000 >> AHB granted, starting recovery...
4821815000 >> Recovery done, continuing...
4821865000 >> Requesting for the AHB bus...
4822915000 >> AHB granted, starting recovery...
4842115000 >> Recovery done, continuing...
4842165000 >> Requesting for the AHB bus...
4843215000 >> AHB granted, starting recovery...
4862415000 >> Recovery done, continuing...
4862465000 >> Requesting for the AHB bus...
4863515000 >> AHB granted, starting recovery...
4882715000 >> Recovery done, continuing...
4882765000 >> Requesting for the AHB bus...
4883815000 >> AHB granted, starting recovery...
4903015000 >> Recovery done, continuing...
4903065000 >> Requesting for the AHB bus...
4904115000 >> AHB granted, starting recovery...
4923315000 >> Recovery done, continuing...
4923365000 >> Requesting for the AHB bus...
4924415000 >> AHB granted, starting recovery...
4943615000 >> Recovery done, continuing...
4943665000 >> Requesting for the AHB bus...
4944715000 >> AHB granted, starting recovery...
4963915000 >> Recovery done, continuing...
4963965000 >> Requesting for the AHB bus...
4965015000 >> AHB granted, starting recovery...
4984215000 >> Recovery done, continuing...
4984265000 >> Requesting for the AHB bus...
4985315000 >> AHB granted, starting recovery...
5004515000 >> Recovery done, continuing...
5004565000 >> Requesting for the AHB bus...
5005615000 >> AHB granted, starting recovery...
5024815000 >> Recovery done, continuing...
5024865000 >> Requesting for the AHB bus...
5025915000 >> AHB granted, starting recovery...
5045115000 >> Recovery done, continuing...
5045165000 >> Requesting for the AHB bus...
5046215000 >> AHB granted, starting recovery...
5065415000 >> Recovery done, continuing...
5065465000 >> Requesting for the AHB bus...
5066515000 >> AHB granted, starting recovery...
5085715000 >> Recovery done, continuing...
5085765000 >> Requesting for the AHB bus...
5086815000 >> AHB granted, starting recovery...
5106015000 >> Recovery done, continuing...
5106065000 >> Requesting for the AHB bus...
5107115000 >> AHB granted, starting recovery...
5126315000 >> Recovery done, continuing...
5126365000 >> Requesting for the AHB bus...
5127415000 >> AHB granted, starting recovery...
5146615000 >> Recovery done, continuing...
5146665000 >> Requesting for the AHB bus...
5147715000 >> AHB granted, starting recovery...
5166915000 >> Recovery done, continuing...
5166965000 >> Requesting for the AHB bus...
5168015000 >> AHB granted, starting recovery...
5187215000 >> Recovery done, continuing...
5187265000 >> Requesting for the AHB bus...
5188315000 >> AHB granted, starting recovery...
5207515000 >> Recovery done, continuing...
5207565000 >> Requesting for the AHB bus...
5208615000 >> AHB granted, starting recovery...
5227815000 >> Recovery done, continuing...
5227865000 >> Requesting for the AHB bus...
5228915000 >> AHB granted, starting recovery...
5248115000 >> Recovery done, continuing...
5248165000 >> Requesting for the AHB bus...
5249390000 >> AHB granted, starting recovery...
5268590000 >> Recovery done, continuing...
5268640000 >> Requesting for the AHB bus...
5269690000 >> AHB granted, starting recovery...
5288890000 >> Recovery done, continuing...
5288940000 >> Requesting for the AHB bus...
5289990000 >> AHB granted, starting recovery...
5309190000 >> Recovery done, continuing...
5309240000 >> Requesting for the AHB bus...
5310290000 >> AHB granted, starting recovery...
5329490000 >> Recovery done, continuing...
5329540000 >> Requesting for the AHB bus...
5330590000 >> AHB granted, starting recovery...
5349790000 >> Recovery done, continuing...
5349840000 >> Requesting for the AHB bus...
5350890000 >> AHB granted, starting recovery...
5370090000 >> Recovery done, continuing...
5370140000 >> Requesting for the AHB bus...
5371190000 >> AHB granted, starting recovery...
5390390000 >> Recovery done, continuing...
5390440000 >> Requesting for the AHB bus...
5391490000 >> AHB granted, starting recovery...
5410690000 >> Recovery done, continuing...
5410740000 >> Requesting for the AHB bus...
5411790000 >> AHB granted, starting recovery...
5430990000 >> Recovery done, continuing...
5431040000 >> Requesting for the AHB bus...
5432090000 >> AHB granted, starting recovery...
5451290000 >> Recovery done, continuing...
5451340000 >> Requesting for the AHB bus...
5452390000 >> AHB granted, starting recovery...
5471590000 >> Recovery done, continuing...
5471640000 >> Requesting for the AHB bus...
5472690000 >> AHB granted, starting recovery...
5491890000 >> Recovery done, continuing...
5491940000 >> Requesting for the AHB bus...
5492990000 >> AHB granted, starting recovery...
5512190000 >> Recovery done, continuing...
5512240000 >> Requesting for the AHB bus...
5513290000 >> AHB granted, starting recovery...
5532490000 >> Recovery done, continuing...
5532540000 >> Requesting for the AHB bus...
5533590000 >> AHB granted, starting recovery...
5552790000 >> Recovery done, continuing...
5552840000 >> Requesting for the AHB bus...
5553890000 >> AHB granted, starting recovery...
5573090000 >> Recovery done, continuing...
5573140000 >> Requesting for the AHB bus...
5574190000 >> AHB granted, starting recovery...
5593390000 >> Recovery done, continuing...
5593440000 >> Requesting for the AHB bus...
5594490000 >> AHB granted, starting recovery...
5613690000 >> Recovery done, continuing...
5613740000 >> Requesting for the AHB bus...
5614790000 >> AHB granted, starting recovery...
5633990000 >> Recovery done, continuing...
5634040000 >> Requesting for the AHB bus...
5635090000 >> AHB granted, starting recovery...
5654290000 >> Recovery done, continuing...
5654340000 >> Requesting for the AHB bus...
5655390000 >> AHB granted, starting recovery...
5674590000 >> Recovery done, continuing...
5674640000 >> Requesting for the AHB bus...
5675690000 >> AHB granted, starting recovery...
5694890000 >> Recovery done, continuing...
5694940000 >> Requesting for the AHB bus...
5695990000 >> AHB granted, starting recovery...
5715190000 >> Recovery done, continuing...
5715240000 >> Requesting for the AHB bus...
5716465000 >> AHB granted, starting recovery...
5735665000 >> Recovery done, continuing...
5735715000 >> Requesting for the AHB bus...
5736765000 >> AHB granted, starting recovery...
5745715000 >> time limit reached...
/testbench/cpu/l3/u0/leon3x0/vhdl/p0/iu/r.w.wreg:1
/testbench/cpu/l3/u0/leon3x0/vhdl/p0/iu/r.m.irqen:1
/testbench/cpu/l3/u0/leon3x0/vhdl/p0/iu/r.m.icc:0000
/testbench/cpu/l3/u0/leon3x0/vhdl/p0/iu/r.a.ticc:0
/testbench/cpu/l3/u0/leon3x0/vhdl/p0/iu/r.a.step:0
/testbench/cpu/l3/u0/leon3x0/vhdl/p0/iu/r.m.irqen2:1
/testbench/cpu/l3/u0/leon3x0/vhdl/p0/iu/r.d.pc:01000000000000000000001011011100
/testbench/cpu/l3/u0/leon3x0/vhdl/p0/iu/r.d.rexpl:{{00000000000000000000000000000000} {00} {0} 0 0 {0000000000000000000} 0 0 0 0 0 0}
/testbench/cpu/l3/u0/leon3x0/vhdl/p0/iu/r.d.mexc:0
/testbench/cpu/l3/u0/leon3x0/vhdl/p0/iu/r.a.aw:0
/testbench/cpu/l3/u0/leon3x0/vhdl/p0/iu/r.e.ctrl:{{01000000000000000000001011010100} {11000010000001111011111111110100} {00} {10000001} {000000} 0 0 1 0 0 1 1 0 0}
/testbench/cpu/l3/u0/leon3x0/vhdl/p0/iu/r.a.divstart:0
/testbench/cpu/l3/u0/leon3x0/vhdl/p0/iu/r.e.shleft:0
/testbench/cpu/l3/u0/leon3x0/vhdl/p0/iu/r.a.bp:0
/testbench/cpu/l3/u0/leon3x0/vhdl/p0/iu/r.w.twcwp:000
/testbench/cpu/l3/u0/leon3x0/vhdl/p0/iu/r.a.jmpl:0
/testbench/cpu/l3/u0/leon3x0/vhdl/p0/iu/r.m.casa:0
/testbench/cpu/l3/u0/leon3x0/vhdl/p0/iu/r.m.werr:0
/testbench/cpu/l3/u0/leon3x0/vhdl/p0/iu/r.e.su:1
/testbench/cpu/l3/u0/leon3x0/vhdl/p0/iu/r.e.et:1
/testbench/cpu/l3/u0/leon3x0/vhdl/p0/iu/r.a.ldcheck1:1
/testbench/cpu/l3/u0/leon3x0/vhdl/p0/iu/r.d.stwin:000
/testbench/cpu/l3/u0/leon3x0/vhdl/p0/iu/r.a.ldcheck2:0
/testbench/cpu/l3/u0/leon3x0/vhdl/p0/iu/r.x.intack:0
/testbench/cpu/l3/u0/leon3x0/vhdl/p0/iu/r.m.ctrl:{{01000000000000000000001011010000} {11000010001001111011111111111000} {01} {10000001} {000000} 0 0 0 0 0 0 0 0 0}
/testbench/cpu/l3/u0/leon3x0/vhdl/p0/iu/r.a.cwp:101
/testbench/cpu/l3/u0/leon3x0/vhdl/p0/iu/r.e.sari:0
/testbench/cpu/l3/u0/leon3x0/vhdl/p0/iu/r.d.paw:0
/testbench/cpu/l3/u0/leon3x0/vhdl/p0/iu/r.d.aw:0
/testbench/cpu/l3/u0/leon3x0/vhdl/p0/iu/r.d.awp:000
/testbench/cpu/l3/u0/leon3x0/vhdl/p0/iu/r.x.ctrl:{{01000000000000000000001011010000} {11000010001001111011111111111000} {00} {10000001} {000000} 0 0 0 0 0 0 1 0 0}
/testbench/cpu/l3/u0/leon3x0/vhdl/p0/iu/r.m.rexnalign:0
/testbench/cpu/l3/u0/leon3x0/vhdl/p0/iu/r.m.su:1
/testbench/cpu/l3/u0/leon3x0/vhdl/p0/iu/r.m.wcwp:0
/testbench/cpu/l3/u0/leon3x0/vhdl/p0/iu/r.d.divrdy:0
/testbench/cpu/l3/u0/leon3x0/vhdl/p0/iu/r.e.cwp:101
/testbench/cpu/l3/u0/leon3x0/vhdl/p0/iu/r.w.except:0
/testbench/cpu/l3/u0/leon3x0/vhdl/p0/iu/r.x.nerror:0
/testbench/cpu/l3/u0/leon3x0/vhdl/p0/iu/r.a.bpimiss:0
/testbench/cpu/l3/u0/leon3x0/vhdl/p0/iu/r.a.nobp:0
/testbench/cpu/l3/u0/leon3x0/vhdl/p0/iu/r.d.rexcnt:0
/testbench/cpu/l3/u0/leon3x0/vhdl/p0/iu/r.w.s:{{101} {0000} {00000000} {01000000000000000000} {00000010} {0000} 0 0 1 1 1 {00000000000000000000000000000000} {UUUUUUUUUUUUUUUUUUUUUUUUUUUUUUUU} 1 0 0 1 1 1 0 0 {000} {000} {111}}
/testbench/cpu/l3/u0/leon3x0/vhdl/p0/iu/r.d.pv:1
/testbench/cpu/l3/u0/leon3x0/vhdl/p0/iu/r.a.ldchkra:1
/testbench/cpu/l3/u0/leon3x0/vhdl/p0/iu/r.a.rfa1:01101110
/testbench/cpu/l3/u0/leon3x0/vhdl/p0/iu/r.a.rfa2:10000100
/testbench/cpu/l3/u0/leon3x0/vhdl/p0/iu/r.a.imm:00000000000000000000000001000100
/testbench/cpu/l3/u0/leon3x0/vhdl/p0/iu/r.w.wa:10000001
/testbench/cpu/l3/u0/leon3x0/vhdl/p0/iu/r.m.casaz:0
/testbench/cpu/l3/u0/leon3x0/vhdl/p0/iu/r.x.dci:{0 1 0 0 0 0 {10} {00001011}}
/testbench/cpu/l3/u0/leon3x0/vhdl/p0/iu/r.x.mac:0
/testbench/cpu/l3/u0/leon3x0/vhdl/p0/iu/r.m.divz:0
/testbench/cpu/l3/u0/leon3x0/vhdl/p0/iu/r.d.inst:{{10000010000000001000000000000001}}
/testbench/cpu/l3/u0/leon3x0/vhdl/p0/iu/r.e.rfe1:1
/testbench/cpu/l3/u0/leon3x0/vhdl/p0/iu/r.a.wovf:0
/testbench/cpu/l3/u0/leon3x0/vhdl/p0/iu/r.e.rfe2:0
/testbench/cpu/l3/u0/leon3x0/vhdl/p0/iu/r.e.op1:01000000000011111111111010100000
/testbench/cpu/l3/u0/leon3x0/vhdl/p0/iu/r.m.nalign:1
/testbench/cpu/l3/u0/leon3x0/vhdl/p0/iu/r.e.op2:11111111111111111111111111110100
/testbench/cpu/l3/u0/leon3x0/vhdl/p0/iu/r.d.rexen:0
/testbench/cpu/l3/u0/leon3x0/vhdl/p0/iu/r.a.ctrl:{{01000000000000000000001011011000} {11000100000001111010000001000100} {00} {10000010} {000000} 0 0 1 0 0 1 1 0 0}
/testbench/cpu/l3/u0/leon3x0/vhdl/p0/iu/r.x.ipend:0
/testbench/cpu/l3/u0/leon3x0/vhdl/p0/iu/r.e.ldbp1:0
/testbench/cpu/l3/u0/leon3x0/vhdl/p0/iu/r.e.aluadd:1
/testbench/cpu/l3/u0/leon3x0/vhdl/p0/iu/r.d.set:0
/testbench/cpu/l3/u0/leon3x0/vhdl/p0/iu/r.d.inull:0
/testbench/cpu/l3/u0/leon3x0/vhdl/p0/iu/r.e.ldbp2:0
/testbench/cpu/l3/u0/leon3x0/vhdl/p0/iu/r.d.cnt:00
/testbench/cpu/l3/u0/leon3x0/vhdl/p0/iu/r.a.su:1
/testbench/cpu/l3/u0/leon3x0/vhdl/p0/iu/r.a.et:1
/testbench/cpu/l3/u0/leon3x0/vhdl/p0/iu/r.e.mul:0
/testbench/cpu/l3/u0/leon3x0/vhdl/p0/iu/r.e.alusel:00
/testbench/cpu/l3/u0/leon3x0/vhdl/p0/iu/r.e.aw:U
/testbench/cpu/l3/u0/leon3x0/vhdl/p0/iu/r.e.mac:0
/testbench/cpu/l3/u0/leon3x0/vhdl/p0/iu/r.a.decill:0
/testbench/cpu/l3/u0/leon3x0/vhdl/p0/iu/r.x.icc:0000
/testbench/cpu/l3/u0/leon3x0/vhdl/p0/iu/r.x.result:01000000000011111111111010011000
/testbench/cpu/l3/u0/leon3x0/vhdl/p0/iu/r.e.bp:0
/testbench/cpu/l3/u0/leon3x0/vhdl/p0/iu/r.a.rs1:11110
/testbench/cpu/l3/u0/leon3x0/vhdl/p0/iu/r.e.jmpl:0
/testbench/cpu/l3/u0/leon3x0/vhdl/p0/iu/r.a.rsel1:000
/testbench/cpu/l3/u0/leon3x0/vhdl/p0/iu/r.x.y:00000000000000000000000000000000
/testbench/cpu/l3/u0/leon3x0/vhdl/p0/iu/r.a.rsel2:100
/testbench/cpu/l3/u0/leon3x0/vhdl/p0/iu/r.a.awp:000
/testbench/cpu/l3/u0/leon3x0/vhdl/p0/iu/r.a.paw:0
/testbench/cpu/l3/u0/leon3x0/vhdl/p0/iu/r.x.data:{{00000000000000000000000000000001}}
/testbench/cpu/l3/u0/leon3x0/vhdl/p0/iu/r.m.mul:0
/testbench/cpu/l3/u0/leon3x0/vhdl/p0/iu/r.e.rd:UUUUU
/testbench/cpu/l3/u0/leon3x0/vhdl/p0/iu/r.e.invop2:0
/testbench/cpu/l3/u0/leon3x0/vhdl/p0/iu/r.m.wawp:0
/testbench/cpu/l3/u0/leon3x0/vhdl/p0/iu/r.d.cwpmax:111
/testbench/cpu/l3/u0/leon3x0/vhdl/p0/iu/r.f.branch:0
/testbench/cpu/l3/u0/leon3x0/vhdl/p0/iu/r.d.pcheld:0
/testbench/cpu/l3/u0/leon3x0/vhdl/p0/iu/r.m.dci:{0 0 0 1 0 0 {10} {00001011}}
/testbench/cpu/l3/u0/leon3x0/vhdl/p0/iu/r.e.paw:U
/testbench/cpu/l3/u0/leon3x0/vhdl/p0/iu/r.e.awp:UUU
/testbench/cpu/l3/u0/leon3x0/vhdl/p0/iu/r.e.shcnt:10100
/testbench/cpu/l3/u0/leon3x0/vhdl/p0/iu/r.w.result:00000000000000000000000000000010
/testbench/cpu/l3/u0/leon3x0/vhdl/p0/iu/r.m.mac:0
/testbench/cpu/l3/u0/leon3x0/vhdl/p0/iu/r.m.y:00000000000000000000000000000000
/testbench/cpu/l3/u0/leon3x0/vhdl/p0/iu/r.d.cwp:101
/testbench/cpu/l3/u0/leon3x0/vhdl/p0/iu/r.x.laddr:00
/testbench/cpu/l3/u0/leon3x0/vhdl/p0/iu/r.e.mulstep:0
/testbench/cpu/l3/u0/leon3x0/vhdl/p0/iu/r.e.ymsb:0
/testbench/cpu/l3/u0/leon3x0/vhdl/p0/iu/r.d.rexbuf:00000000000000000000000000000000
/testbench/cpu/l3/u0/leon3x0/vhdl/p0/iu/r.x.npc:100
/testbench/cpu/l3/u0/leon3x0/vhdl/p0/iu/r.f.pc:01000000000000000000001011100000
/testbench/cpu/l3/u0/leon3x0/vhdl/p0/iu/r.d.annul:0
/testbench/cpu/l3/u0/leon3x0/vhdl/p0/iu/r.x.rstate:run
/testbench/cpu/l3/u0/leon3x0/vhdl/p0/iu/r.x.set:0
/testbench/cpu/l3/u0/leon3x0/vhdl/p0/iu/r.m.result:00000000000000000000000000000010
/testbench/cpu/l3/u0/leon3x0/vhdl/p0/iu/r.e.icc:UUUU
/testbench/cpu/l3/u0/leon3x0/vhdl/p0/iu/r.a.getpc:0
/testbench/cpu/l3/u0/leon3x0/vhdl/p0/iu/r.a.ldchkex:1
/testbench/cpu/l3/u0/leon3x0/vhdl/p0/iu/r.x.mexc:0
/testbench/cpu/l3/u0/leon3x0/vhdl/p0/iu/r.a.mulstart:0
/testbench/cpu/l3/u0/leon3x0/vhdl/p0/iu/r.d.rexpos:10
/testbench/cpu/l3/u0/leon3x0/vhdl/p0/iu/r.x.annul_all:0
/testbench/cpu/l3/u0/leon3x0/vhdl/p0/iu/r.e.aluop:000
/testbench/cpu/l3/u0/leon3x0/vhdl/p0/iu/r.x.debug:0
/testbench/cpu/l3/u0/leon3x0/vhdl/p0/iu/r.a.rfe1:1
/testbench/cpu/l3/u0/leon3x0/vhdl/p0/iu/r.d.step:0
/testbench/cpu/l3/u0/leon3x0/vhdl/p0/iu/r.a.rfe2:0
/testbench/cpu/l3/u0/leon3x0/vhdl/p0/iu/r.e.alucin:0
/testbench/cpu/l3/u0/leon3x0/vhdl/p0/iu/r.a.wunf:0
======================================
progstatus: -2
execerr: 51
latent: 1
time limit!
>>>>>>>>>>>>>>> 5745715000
======================================
