Test signal = /testbench/cpu/l3/u0/leon3x0/vhdl/p0/iu/r.d.step
oldval = 0
pos1: -1 pos0: 0 posU: -1
newval = 1
Signal value: 0
oldval = 0
pos1: -1 pos0: 0 posU: -1
newval = 1
force in 623469
586290000 >> iteration no: 0
1205990000 >> Requesting for the AHB bus...
1206565000 >> AHB granted, starting recovery...
1225765000 >> Recovery done, continuing...
1225865000 >> Requesting for the AHB bus...
1226640000 >> AHB granted, starting recovery...
1245840000 >> Recovery done, continuing...
1245940000 >> Requesting for the AHB bus...
1246715000 >> AHB granted, starting recovery...
1265915000 >> Recovery done, continuing...
1266015000 >> Requesting for the AHB bus...
1266790000 >> AHB granted, starting recovery...
1285990000 >> Recovery done, continuing...
1286090000 >> Requesting for the AHB bus...
1286865000 >> AHB granted, starting recovery...
1306065000 >> Recovery done, continuing...
1306165000 >> Requesting for the AHB bus...
1306940000 >> AHB granted, starting recovery...
1326140000 >> Recovery done, continuing...
1326240000 >> Requesting for the AHB bus...
1327015000 >> AHB granted, starting recovery...
1346215000 >> Recovery done, continuing...
1346315000 >> Requesting for the AHB bus...
1347090000 >> AHB granted, starting recovery...
1366290000 >> Recovery done, continuing...
1366390000 >> Requesting for the AHB bus...
1367165000 >> AHB granted, starting recovery...
1386365000 >> Recovery done, continuing...
1386465000 >> Requesting for the AHB bus...
1387240000 >> AHB granted, starting recovery...
1406440000 >> Recovery done, continuing...
1406540000 >> Requesting for the AHB bus...
1407315000 >> AHB granted, starting recovery...
1426515000 >> Recovery done, continuing...
1426615000 >> Requesting for the AHB bus...
1427390000 >> AHB granted, starting recovery...
1446590000 >> Recovery done, continuing...
1446690000 >> Requesting for the AHB bus...
1447465000 >> AHB granted, starting recovery...
1466665000 >> Recovery done, continuing...
1466765000 >> Requesting for the AHB bus...
1467540000 >> AHB granted, starting recovery...
1486740000 >> Recovery done, continuing...
1486840000 >> Requesting for the AHB bus...
1487615000 >> AHB granted, starting recovery...
1506815000 >> Recovery done, continuing...
1506915000 >> Requesting for the AHB bus...
1507690000 >> AHB granted, starting recovery...
1526890000 >> Recovery done, continuing...
1526990000 >> Requesting for the AHB bus...
1527765000 >> AHB granted, starting recovery...
1546965000 >> Recovery done, continuing...
1547065000 >> Requesting for the AHB bus...
1547840000 >> AHB granted, starting recovery...
1567040000 >> Recovery done, continuing...
1567140000 >> Requesting for the AHB bus...
1567915000 >> AHB granted, starting recovery...
1587115000 >> Recovery done, continuing...
1587215000 >> Requesting for the AHB bus...
1587990000 >> AHB granted, starting recovery...
1607190000 >> Recovery done, continuing...
1607290000 >> Requesting for the AHB bus...
1608065000 >> AHB granted, starting recovery...
1627265000 >> Recovery done, continuing...
1627365000 >> Requesting for the AHB bus...
1628140000 >> AHB granted, starting recovery...
1647340000 >> Recovery done, continuing...
1647440000 >> Requesting for the AHB bus...
1648215000 >> AHB granted, starting recovery...
1667415000 >> Recovery done, continuing...
1667515000 >> Requesting for the AHB bus...
1668290000 >> AHB granted, starting recovery...
1687490000 >> Recovery done, continuing...
1687590000 >> Requesting for the AHB bus...
1688365000 >> AHB granted, starting recovery...
1707565000 >> Recovery done, continuing...
1707665000 >> Requesting for the AHB bus...
1708440000 >> AHB granted, starting recovery...
1727640000 >> Recovery done, continuing...
1727740000 >> Requesting for the AHB bus...
1728515000 >> AHB granted, starting recovery...
1747715000 >> Recovery done, continuing...
1747815000 >> Requesting for the AHB bus...
1748590000 >> AHB granted, starting recovery...
1767790000 >> Recovery done, continuing...
1767890000 >> Requesting for the AHB bus...
1768665000 >> AHB granted, starting recovery...
1787865000 >> Recovery done, continuing...
1787965000 >> Requesting for the AHB bus...
1788740000 >> AHB granted, starting recovery...
1807940000 >> Recovery done, continuing...
1808040000 >> Requesting for the AHB bus...
1808815000 >> AHB granted, starting recovery...
1828015000 >> Recovery done, continuing...
1828115000 >> Requesting for the AHB bus...
1828890000 >> AHB granted, starting recovery...
1848090000 >> Recovery done, continuing...
1848190000 >> Requesting for the AHB bus...
1848965000 >> AHB granted, starting recovery...
1868165000 >> Recovery done, continuing...
1868265000 >> Requesting for the AHB bus...
1869040000 >> AHB granted, starting recovery...
1888240000 >> Recovery done, continuing...
1888340000 >> Requesting for the AHB bus...
1889115000 >> AHB granted, starting recovery...
1908315000 >> Recovery done, continuing...
1908415000 >> Requesting for the AHB bus...
1909190000 >> AHB granted, starting recovery...
1928390000 >> Recovery done, continuing...
1928490000 >> Requesting for the AHB bus...
1929265000 >> AHB granted, starting recovery...
1948465000 >> Recovery done, continuing...
1948565000 >> Requesting for the AHB bus...
1949340000 >> AHB granted, starting recovery...
1968540000 >> Recovery done, continuing...
1968640000 >> Requesting for the AHB bus...
1969415000 >> AHB granted, starting recovery...
1988615000 >> Recovery done, continuing...
1988715000 >> Requesting for the AHB bus...
1989490000 >> AHB granted, starting recovery...
2008690000 >> Recovery done, continuing...
2008790000 >> Requesting for the AHB bus...
2009565000 >> AHB granted, starting recovery...
2028765000 >> Recovery done, continuing...
2028865000 >> Requesting for the AHB bus...
2029640000 >> AHB granted, starting recovery...
2048840000 >> Recovery done, continuing...
2048940000 >> Requesting for the AHB bus...
2049715000 >> AHB granted, starting recovery...
2068915000 >> Recovery done, continuing...
2069015000 >> Requesting for the AHB bus...
2069790000 >> AHB granted, starting recovery...
2088990000 >> Recovery done, continuing...
2089090000 >> Requesting for the AHB bus...
2089865000 >> AHB granted, starting recovery...
2109065000 >> Recovery done, continuing...
2109165000 >> Requesting for the AHB bus...
2109940000 >> AHB granted, starting recovery...
2129140000 >> Recovery done, continuing...
2129240000 >> Requesting for the AHB bus...
2130015000 >> AHB granted, starting recovery...
2149215000 >> Recovery done, continuing...
2149315000 >> Requesting for the AHB bus...
2150090000 >> AHB granted, starting recovery...
2169290000 >> Recovery done, continuing...
2169390000 >> Requesting for the AHB bus...
2170165000 >> AHB granted, starting recovery...
2189365000 >> Recovery done, continuing...
2189465000 >> Requesting for the AHB bus...
2190240000 >> AHB granted, starting recovery...
2209440000 >> Recovery done, continuing...
2209540000 >> Requesting for the AHB bus...
2210315000 >> AHB granted, starting recovery...
2229515000 >> Recovery done, continuing...
2229615000 >> Requesting for the AHB bus...
2230390000 >> AHB granted, starting recovery...
2249590000 >> Recovery done, continuing...
2249690000 >> Requesting for the AHB bus...
2250465000 >> AHB granted, starting recovery...
2269665000 >> Recovery done, continuing...
2269765000 >> Requesting for the AHB bus...
2270540000 >> AHB granted, starting recovery...
2289740000 >> Recovery done, continuing...
2289840000 >> Requesting for the AHB bus...
2290615000 >> AHB granted, starting recovery...
2309815000 >> Recovery done, continuing...
2309915000 >> Requesting for the AHB bus...
2310690000 >> AHB granted, starting recovery...
2329890000 >> Recovery done, continuing...
2329990000 >> Requesting for the AHB bus...
2330915000 >> AHB granted, starting recovery...
2350115000 >> Recovery done, continuing...
2350215000 >> Requesting for the AHB bus...
2350990000 >> AHB granted, starting recovery...
2370190000 >> Recovery done, continuing...
2370290000 >> Requesting for the AHB bus...
2371065000 >> AHB granted, starting recovery...
2390265000 >> Recovery done, continuing...
2390365000 >> Requesting for the AHB bus...
2391140000 >> AHB granted, starting recovery...
2410340000 >> Recovery done, continuing...
2410440000 >> Requesting for the AHB bus...
2411215000 >> AHB granted, starting recovery...
2430415000 >> Recovery done, continuing...
2430515000 >> Requesting for the AHB bus...
2431290000 >> AHB granted, starting recovery...
2450490000 >> Recovery done, continuing...
2450590000 >> Requesting for the AHB bus...
2451365000 >> AHB granted, starting recovery...
2470565000 >> Recovery done, continuing...
2470665000 >> Requesting for the AHB bus...
2471440000 >> AHB granted, starting recovery...
2490640000 >> Recovery done, continuing...
2490740000 >> Requesting for the AHB bus...
2491515000 >> AHB granted, starting recovery...
2510715000 >> Recovery done, continuing...
2510815000 >> Requesting for the AHB bus...
2511590000 >> AHB granted, starting recovery...
2530790000 >> Recovery done, continuing...
2530890000 >> Requesting for the AHB bus...
2531665000 >> AHB granted, starting recovery...
2550865000 >> Recovery done, continuing...
2550965000 >> Requesting for the AHB bus...
2551740000 >> AHB granted, starting recovery...
2570940000 >> Recovery done, continuing...
2571040000 >> Requesting for the AHB bus...
2571815000 >> AHB granted, starting recovery...
2591015000 >> Recovery done, continuing...
2591115000 >> Requesting for the AHB bus...
2591890000 >> AHB granted, starting recovery...
2611090000 >> Recovery done, continuing...
2611190000 >> Requesting for the AHB bus...
2611965000 >> AHB granted, starting recovery...
2631165000 >> Recovery done, continuing...
2631265000 >> Requesting for the AHB bus...
2632040000 >> AHB granted, starting recovery...
2651240000 >> Recovery done, continuing...
2651340000 >> Requesting for the AHB bus...
2652115000 >> AHB granted, starting recovery...
2671315000 >> Recovery done, continuing...
2671415000 >> Requesting for the AHB bus...
2672190000 >> AHB granted, starting recovery...
2691390000 >> Recovery done, continuing...
2691490000 >> Requesting for the AHB bus...
2692265000 >> AHB granted, starting recovery...
2711465000 >> Recovery done, continuing...
2711565000 >> Requesting for the AHB bus...
2712340000 >> AHB granted, starting recovery...
2731540000 >> Recovery done, continuing...
2731640000 >> Requesting for the AHB bus...
2732415000 >> AHB granted, starting recovery...
2751615000 >> Recovery done, continuing...
2751715000 >> Requesting for the AHB bus...
2752490000 >> AHB granted, starting recovery...
2771690000 >> Recovery done, continuing...
2771790000 >> Requesting for the AHB bus...
2772565000 >> AHB granted, starting recovery...
2791765000 >> Recovery done, continuing...
2791865000 >> Requesting for the AHB bus...
2792640000 >> AHB granted, starting recovery...
2811840000 >> Recovery done, continuing...
2811940000 >> Requesting for the AHB bus...
2812715000 >> AHB granted, starting recovery...
2831915000 >> Recovery done, continuing...
2832015000 >> Requesting for the AHB bus...
2832790000 >> AHB granted, starting recovery...
2851990000 >> Recovery done, continuing...
2852090000 >> Requesting for the AHB bus...
2852865000 >> AHB granted, starting recovery...
2872065000 >> Recovery done, continuing...
2872165000 >> Requesting for the AHB bus...
2872940000 >> AHB granted, starting recovery...
2892140000 >> Recovery done, continuing...
2892240000 >> Requesting for the AHB bus...
2893015000 >> AHB granted, starting recovery...
2912215000 >> Recovery done, continuing...
2912315000 >> Requesting for the AHB bus...
2913090000 >> AHB granted, starting recovery...
2932290000 >> Recovery done, continuing...
2932390000 >> Requesting for the AHB bus...
2933165000 >> AHB granted, starting recovery...
2952365000 >> Recovery done, continuing...
2952465000 >> Requesting for the AHB bus...
2953240000 >> AHB granted, starting recovery...
2972440000 >> Recovery done, continuing...
2972540000 >> Requesting for the AHB bus...
2973315000 >> AHB granted, starting recovery...
2992515000 >> Recovery done, continuing...
2992615000 >> Requesting for the AHB bus...
2993390000 >> AHB granted, starting recovery...
3012590000 >> Recovery done, continuing...
3012690000 >> Requesting for the AHB bus...
3013465000 >> AHB granted, starting recovery...
3032665000 >> Recovery done, continuing...
3032765000 >> Requesting for the AHB bus...
3033540000 >> AHB granted, starting recovery...
3052740000 >> Recovery done, continuing...
3052840000 >> Requesting for the AHB bus...
3053615000 >> AHB granted, starting recovery...
3072815000 >> Recovery done, continuing...
3072915000 >> Requesting for the AHB bus...
3073690000 >> AHB granted, starting recovery...
3092890000 >> Recovery done, continuing...
3092990000 >> Requesting for the AHB bus...
3093765000 >> AHB granted, starting recovery...
3112965000 >> Recovery done, continuing...
3113065000 >> Requesting for the AHB bus...
3113840000 >> AHB granted, starting recovery...
3133040000 >> Recovery done, continuing...
3133140000 >> Requesting for the AHB bus...
3133915000 >> AHB granted, starting recovery...
3153115000 >> Recovery done, continuing...
3153215000 >> Requesting for the AHB bus...
3153990000 >> AHB granted, starting recovery...
3173190000 >> Recovery done, continuing...
3173290000 >> Requesting for the AHB bus...
3174065000 >> AHB granted, starting recovery...
3193265000 >> Recovery done, continuing...
3193365000 >> Requesting for the AHB bus...
3194140000 >> AHB granted, starting recovery...
3213340000 >> Recovery done, continuing...
3213440000 >> Requesting for the AHB bus...
3214215000 >> AHB granted, starting recovery...
3233415000 >> Recovery done, continuing...
3233515000 >> Requesting for the AHB bus...
3234290000 >> AHB granted, starting recovery...
3253490000 >> Recovery done, continuing...
3253590000 >> Requesting for the AHB bus...
3254365000 >> AHB granted, starting recovery...
3273565000 >> Recovery done, continuing...
3273665000 >> Requesting for the AHB bus...
3274440000 >> AHB granted, starting recovery...
3293640000 >> Recovery done, continuing...
3293740000 >> Requesting for the AHB bus...
3294515000 >> AHB granted, starting recovery...
3313715000 >> Recovery done, continuing...
3313815000 >> Requesting for the AHB bus...
3314590000 >> AHB granted, starting recovery...
3333790000 >> Recovery done, continuing...
3333890000 >> Requesting for the AHB bus...
3334665000 >> AHB granted, starting recovery...
3353865000 >> Recovery done, continuing...
3353965000 >> Requesting for the AHB bus...
3354915000 >> AHB granted, starting recovery...
3374115000 >> Recovery done, continuing...
3374215000 >> Requesting for the AHB bus...
3374990000 >> AHB granted, starting recovery...
3394190000 >> Recovery done, continuing...
3394290000 >> Requesting for the AHB bus...
3395065000 >> AHB granted, starting recovery...
3414265000 >> Recovery done, continuing...
3414365000 >> Requesting for the AHB bus...
3415140000 >> AHB granted, starting recovery...
3434340000 >> Recovery done, continuing...
3434440000 >> Requesting for the AHB bus...
3435215000 >> AHB granted, starting recovery...
3454415000 >> Recovery done, continuing...
3454515000 >> Requesting for the AHB bus...
3455290000 >> AHB granted, starting recovery...
3474490000 >> Recovery done, continuing...
3474590000 >> Requesting for the AHB bus...
3475365000 >> AHB granted, starting recovery...
3494565000 >> Recovery done, continuing...
3494665000 >> Requesting for the AHB bus...
3495440000 >> AHB granted, starting recovery...
3514640000 >> Recovery done, continuing...
3514740000 >> Requesting for the AHB bus...
3515515000 >> AHB granted, starting recovery...
3534715000 >> Recovery done, continuing...
3534815000 >> Requesting for the AHB bus...
3535590000 >> AHB granted, starting recovery...
3554790000 >> Recovery done, continuing...
3554890000 >> Requesting for the AHB bus...
3555665000 >> AHB granted, starting recovery...
3574865000 >> Recovery done, continuing...
3574965000 >> Requesting for the AHB bus...
3575740000 >> AHB granted, starting recovery...
3594940000 >> Recovery done, continuing...
3595040000 >> Requesting for the AHB bus...
3595815000 >> AHB granted, starting recovery...
3615015000 >> Recovery done, continuing...
3615115000 >> Requesting for the AHB bus...
3615890000 >> AHB granted, starting recovery...
3635090000 >> Recovery done, continuing...
3635190000 >> Requesting for the AHB bus...
3635965000 >> AHB granted, starting recovery...
3655165000 >> Recovery done, continuing...
3655265000 >> Requesting for the AHB bus...
3656040000 >> AHB granted, starting recovery...
3675240000 >> Recovery done, continuing...
3675340000 >> Requesting for the AHB bus...
3676115000 >> AHB granted, starting recovery...
3695315000 >> Recovery done, continuing...
3695415000 >> Requesting for the AHB bus...
3696190000 >> AHB granted, starting recovery...
3715390000 >> Recovery done, continuing...
3715490000 >> Requesting for the AHB bus...
3716265000 >> AHB granted, starting recovery...
3735465000 >> Recovery done, continuing...
3735565000 >> Requesting for the AHB bus...
3736340000 >> AHB granted, starting recovery...
3755540000 >> Recovery done, continuing...
3755640000 >> Requesting for the AHB bus...
3756415000 >> AHB granted, starting recovery...
3775615000 >> Recovery done, continuing...
3775715000 >> Requesting for the AHB bus...
3776490000 >> AHB granted, starting recovery...
3795690000 >> Recovery done, continuing...
3795790000 >> Requesting for the AHB bus...
3796565000 >> AHB granted, starting recovery...
3815765000 >> Recovery done, continuing...
3815865000 >> Requesting for the AHB bus...
3816640000 >> AHB granted, starting recovery...
3835840000 >> Recovery done, continuing...
3835940000 >> Requesting for the AHB bus...
3836715000 >> AHB granted, starting recovery...
3855915000 >> Recovery done, continuing...
3856015000 >> Requesting for the AHB bus...
3856790000 >> AHB granted, starting recovery...
3875990000 >> Recovery done, continuing...
3876090000 >> Requesting for the AHB bus...
3876865000 >> AHB granted, starting recovery...
3896065000 >> Recovery done, continuing...
3896165000 >> Requesting for the AHB bus...
3896940000 >> AHB granted, starting recovery...
3916140000 >> Recovery done, continuing...
3916240000 >> Requesting for the AHB bus...
3917015000 >> AHB granted, starting recovery...
3936215000 >> Recovery done, continuing...
3936315000 >> Requesting for the AHB bus...
3937090000 >> AHB granted, starting recovery...
3956290000 >> Recovery done, continuing...
3956390000 >> Requesting for the AHB bus...
3957165000 >> AHB granted, starting recovery...
3976365000 >> Recovery done, continuing...
3976465000 >> Requesting for the AHB bus...
3977240000 >> AHB granted, starting recovery...
3996440000 >> Recovery done, continuing...
3996540000 >> Requesting for the AHB bus...
3997315000 >> AHB granted, starting recovery...
4016515000 >> Recovery done, continuing...
4016615000 >> Requesting for the AHB bus...
4017390000 >> AHB granted, starting recovery...
4036590000 >> Recovery done, continuing...
4036690000 >> Requesting for the AHB bus...
4037465000 >> AHB granted, starting recovery...
4056665000 >> Recovery done, continuing...
4056765000 >> Requesting for the AHB bus...
4057540000 >> AHB granted, starting recovery...
4076740000 >> Recovery done, continuing...
4076840000 >> Requesting for the AHB bus...
4077615000 >> AHB granted, starting recovery...
4096815000 >> Recovery done, continuing...
4096915000 >> Requesting for the AHB bus...
4097690000 >> AHB granted, starting recovery...
4116890000 >> Recovery done, continuing...
4116990000 >> Requesting for the AHB bus...
4117765000 >> AHB granted, starting recovery...
4136965000 >> Recovery done, continuing...
4137065000 >> Requesting for the AHB bus...
4137840000 >> AHB granted, starting recovery...
4157040000 >> Recovery done, continuing...
4157140000 >> Requesting for the AHB bus...
4157915000 >> AHB granted, starting recovery...
4177115000 >> Recovery done, continuing...
4177215000 >> Requesting for the AHB bus...
4177990000 >> AHB granted, starting recovery...
4197190000 >> Recovery done, continuing...
4197290000 >> Requesting for the AHB bus...
4198065000 >> AHB granted, starting recovery...
4217265000 >> Recovery done, continuing...
4217365000 >> Requesting for the AHB bus...
4218140000 >> AHB granted, starting recovery...
4237340000 >> Recovery done, continuing...
4237440000 >> Requesting for the AHB bus...
4238215000 >> AHB granted, starting recovery...
4257415000 >> Recovery done, continuing...
4257515000 >> Requesting for the AHB bus...
4258290000 >> AHB granted, starting recovery...
4277490000 >> Recovery done, continuing...
4277590000 >> Requesting for the AHB bus...
4278365000 >> AHB granted, starting recovery...
4297565000 >> Recovery done, continuing...
4297665000 >> Requesting for the AHB bus...
4298440000 >> AHB granted, starting recovery...
4317640000 >> Recovery done, continuing...
4317740000 >> Requesting for the AHB bus...
4318515000 >> AHB granted, starting recovery...
4337715000 >> Recovery done, continuing...
4337815000 >> Requesting for the AHB bus...
4338590000 >> AHB granted, starting recovery...
4357790000 >> Recovery done, continuing...
4357890000 >> Requesting for the AHB bus...
4358665000 >> AHB granted, starting recovery...
4377865000 >> Recovery done, continuing...
4377965000 >> Requesting for the AHB bus...
4378915000 >> AHB granted, starting recovery...
4398115000 >> Recovery done, continuing...
4398215000 >> Requesting for the AHB bus...
4398990000 >> AHB granted, starting recovery...
4418190000 >> Recovery done, continuing...
4418290000 >> Requesting for the AHB bus...
4419065000 >> AHB granted, starting recovery...
4438265000 >> Recovery done, continuing...
4438365000 >> Requesting for the AHB bus...
4439140000 >> AHB granted, starting recovery...
4458340000 >> Recovery done, continuing...
4458440000 >> Requesting for the AHB bus...
4459215000 >> AHB granted, starting recovery...
4478415000 >> Recovery done, continuing...
4478515000 >> Requesting for the AHB bus...
4479290000 >> AHB granted, starting recovery...
4498490000 >> Recovery done, continuing...
4498590000 >> Requesting for the AHB bus...
4499365000 >> AHB granted, starting recovery...
4518565000 >> Recovery done, continuing...
4518665000 >> Requesting for the AHB bus...
4519440000 >> AHB granted, starting recovery...
4538640000 >> Recovery done, continuing...
4538740000 >> Requesting for the AHB bus...
4539515000 >> AHB granted, starting recovery...
4558715000 >> Recovery done, continuing...
4558815000 >> Requesting for the AHB bus...
4559590000 >> AHB granted, starting recovery...
4578790000 >> Recovery done, continuing...
4578890000 >> Requesting for the AHB bus...
4579665000 >> AHB granted, starting recovery...
4598865000 >> Recovery done, continuing...
4598965000 >> Requesting for the AHB bus...
4599740000 >> AHB granted, starting recovery...
4618940000 >> Recovery done, continuing...
4619040000 >> Requesting for the AHB bus...
4619815000 >> AHB granted, starting recovery...
4639015000 >> Recovery done, continuing...
4639115000 >> Requesting for the AHB bus...
4639890000 >> AHB granted, starting recovery...
4659090000 >> Recovery done, continuing...
4659190000 >> Requesting for the AHB bus...
4659965000 >> AHB granted, starting recovery...
4679165000 >> Recovery done, continuing...
4679265000 >> Requesting for the AHB bus...
4680040000 >> AHB granted, starting recovery...
4699240000 >> Recovery done, continuing...
4699340000 >> Requesting for the AHB bus...
4700115000 >> AHB granted, starting recovery...
4719315000 >> Recovery done, continuing...
4719415000 >> Requesting for the AHB bus...
4720190000 >> AHB granted, starting recovery...
4739390000 >> Recovery done, continuing...
4739490000 >> Requesting for the AHB bus...
4740265000 >> AHB granted, starting recovery...
4759465000 >> Recovery done, continuing...
4759565000 >> Requesting for the AHB bus...
4760340000 >> AHB granted, starting recovery...
4779540000 >> Recovery done, continuing...
4779640000 >> Requesting for the AHB bus...
4780415000 >> AHB granted, starting recovery...
4799615000 >> Recovery done, continuing...
4799715000 >> Requesting for the AHB bus...
4800490000 >> AHB granted, starting recovery...
4819690000 >> Recovery done, continuing...
4819790000 >> Requesting for the AHB bus...
4820565000 >> AHB granted, starting recovery...
4839765000 >> Recovery done, continuing...
4839865000 >> Requesting for the AHB bus...
4840640000 >> AHB granted, starting recovery...
4859840000 >> Recovery done, continuing...
4859940000 >> Requesting for the AHB bus...
4860715000 >> AHB granted, starting recovery...
4879915000 >> Recovery done, continuing...
4880015000 >> Requesting for the AHB bus...
4880790000 >> AHB granted, starting recovery...
4899990000 >> Recovery done, continuing...
4900090000 >> Requesting for the AHB bus...
4900865000 >> AHB granted, starting recovery...
4920065000 >> Recovery done, continuing...
4920165000 >> Requesting for the AHB bus...
4920940000 >> AHB granted, starting recovery...
4940140000 >> Recovery done, continuing...
4940240000 >> Requesting for the AHB bus...
4941015000 >> AHB granted, starting recovery...
4960215000 >> Recovery done, continuing...
4960315000 >> Requesting for the AHB bus...
4961090000 >> AHB granted, starting recovery...
4980290000 >> Recovery done, continuing...
4980390000 >> Requesting for the AHB bus...
4981165000 >> AHB granted, starting recovery...
5000365000 >> Recovery done, continuing...
5000465000 >> Requesting for the AHB bus...
5001240000 >> AHB granted, starting recovery...
5020440000 >> Recovery done, continuing...
5020540000 >> Requesting for the AHB bus...
5021315000 >> AHB granted, starting recovery...
5040515000 >> Recovery done, continuing...
5040615000 >> Requesting for the AHB bus...
5041390000 >> AHB granted, starting recovery...
5060590000 >> Recovery done, continuing...
5060690000 >> Requesting for the AHB bus...
5061465000 >> AHB granted, starting recovery...
5080665000 >> Recovery done, continuing...
5080765000 >> Requesting for the AHB bus...
5081540000 >> AHB granted, starting recovery...
5100740000 >> Recovery done, continuing...
5100840000 >> Requesting for the AHB bus...
5101615000 >> AHB granted, starting recovery...
5120815000 >> Recovery done, continuing...
5120915000 >> Requesting for the AHB bus...
5121690000 >> AHB granted, starting recovery...
5140890000 >> Recovery done, continuing...
5140990000 >> Requesting for the AHB bus...
5141765000 >> AHB granted, starting recovery...
5160965000 >> Recovery done, continuing...
5161065000 >> Requesting for the AHB bus...
5161840000 >> AHB granted, starting recovery...
5181040000 >> Recovery done, continuing...
5181140000 >> Requesting for the AHB bus...
5181915000 >> AHB granted, starting recovery...
5201115000 >> Recovery done, continuing...
5201215000 >> Requesting for the AHB bus...
5201990000 >> AHB granted, starting recovery...
5221190000 >> Recovery done, continuing...
5221290000 >> Requesting for the AHB bus...
5222065000 >> AHB granted, starting recovery...
5241265000 >> Recovery done, continuing...
5241365000 >> Requesting for the AHB bus...
5242140000 >> AHB granted, starting recovery...
5261340000 >> Recovery done, continuing...
5261440000 >> Requesting for the AHB bus...
5262215000 >> AHB granted, starting recovery...
5281415000 >> Recovery done, continuing...
5281515000 >> Requesting for the AHB bus...
5282290000 >> AHB granted, starting recovery...
5301490000 >> Recovery done, continuing...
5301590000 >> Requesting for the AHB bus...
5302365000 >> AHB granted, starting recovery...
5321565000 >> Recovery done, continuing...
5321665000 >> Requesting for the AHB bus...
5322440000 >> AHB granted, starting recovery...
5341640000 >> Recovery done, continuing...
5341740000 >> Requesting for the AHB bus...
5342515000 >> AHB granted, starting recovery...
5361715000 >> Recovery done, continuing...
5361815000 >> Requesting for the AHB bus...
5362590000 >> AHB granted, starting recovery...
5381790000 >> Recovery done, continuing...
5381890000 >> Requesting for the AHB bus...
5382665000 >> AHB granted, starting recovery...
5401865000 >> Recovery done, continuing...
5401965000 >> Requesting for the AHB bus...
5402915000 >> AHB granted, starting recovery...
5422115000 >> Recovery done, continuing...
5422215000 >> Requesting for the AHB bus...
5422990000 >> AHB granted, starting recovery...
5442190000 >> Recovery done, continuing...
5442290000 >> Requesting for the AHB bus...
5443065000 >> AHB granted, starting recovery...
5462265000 >> Recovery done, continuing...
5462365000 >> Requesting for the AHB bus...
5463140000 >> AHB granted, starting recovery...
5482340000 >> Recovery done, continuing...
5482440000 >> Requesting for the AHB bus...
5483215000 >> AHB granted, starting recovery...
5502415000 >> Recovery done, continuing...
5502515000 >> Requesting for the AHB bus...
5503290000 >> AHB granted, starting recovery...
5522490000 >> Recovery done, continuing...
5522590000 >> Requesting for the AHB bus...
5523365000 >> AHB granted, starting recovery...
5542565000 >> Recovery done, continuing...
5542665000 >> Requesting for the AHB bus...
5543440000 >> AHB granted, starting recovery...
5562640000 >> Recovery done, continuing...
5562740000 >> Requesting for the AHB bus...
5563515000 >> AHB granted, starting recovery...
5582715000 >> Recovery done, continuing...
5582815000 >> Requesting for the AHB bus...
5583590000 >> AHB granted, starting recovery...
5602790000 >> Recovery done, continuing...
5602890000 >> Requesting for the AHB bus...
5603665000 >> AHB granted, starting recovery...
5622865000 >> Recovery done, continuing...
5622965000 >> Requesting for the AHB bus...
5623740000 >> AHB granted, starting recovery...
5642940000 >> Recovery done, continuing...
5643040000 >> Requesting for the AHB bus...
5643815000 >> AHB granted, starting recovery...
5663015000 >> Recovery done, continuing...
5663115000 >> Requesting for the AHB bus...
5663890000 >> AHB granted, starting recovery...
5683090000 >> Recovery done, continuing...
5683190000 >> Requesting for the AHB bus...
5683965000 >> AHB granted, starting recovery...
5703165000 >> Recovery done, continuing...
5703265000 >> Requesting for the AHB bus...
5704040000 >> AHB granted, starting recovery...
5723240000 >> Recovery done, continuing...
5723340000 >> Requesting for the AHB bus...
5724115000 >> AHB granted, starting recovery...
5743315000 >> Recovery done, continuing...
5743415000 >> Requesting for the AHB bus...
5744190000 >> AHB granted, starting recovery...
5745715000 >> time limit reached...
/testbench/cpu/l3/u0/leon3x0/vhdl/p0/iu/r.w.wreg:0
/testbench/cpu/l3/u0/leon3x0/vhdl/p0/iu/r.m.irqen:1
/testbench/cpu/l3/u0/leon3x0/vhdl/p0/iu/r.m.icc:0000
/testbench/cpu/l3/u0/leon3x0/vhdl/p0/iu/r.a.ticc:0
/testbench/cpu/l3/u0/leon3x0/vhdl/p0/iu/r.a.step:0
/testbench/cpu/l3/u0/leon3x0/vhdl/p0/iu/r.m.irqen2:1
/testbench/cpu/l3/u0/leon3x0/vhdl/p0/iu/r.d.pc:01000000000000000000001101100000
/testbench/cpu/l3/u0/leon3x0/vhdl/p0/iu/r.d.rexpl:{{00000000000000000000000000000000} {00} {0} 0 0 {0000000000000000000} 0 0 0 0 0 0}
/testbench/cpu/l3/u0/leon3x0/vhdl/p0/iu/r.d.mexc:0
/testbench/cpu/l3/u0/leon3x0/vhdl/p0/iu/r.a.aw:0
/testbench/cpu/l3/u0/leon3x0/vhdl/p0/iu/r.e.ctrl:{{01000000000000000000001101011100} {10000010000000000110000000000001} {00} {10000001} {000000} 0 1 0 0 0 0 0 0 0}
/testbench/cpu/l3/u0/leon3x0/vhdl/p0/iu/r.a.divstart:0
/testbench/cpu/l3/u0/leon3x0/vhdl/p0/iu/r.e.shleft:0
/testbench/cpu/l3/u0/leon3x0/vhdl/p0/iu/r.a.bp:0
/testbench/cpu/l3/u0/leon3x0/vhdl/p0/iu/r.w.twcwp:000
/testbench/cpu/l3/u0/leon3x0/vhdl/p0/iu/r.a.jmpl:0
/testbench/cpu/l3/u0/leon3x0/vhdl/p0/iu/r.m.casa:0
/testbench/cpu/l3/u0/leon3x0/vhdl/p0/iu/r.m.werr:0
/testbench/cpu/l3/u0/leon3x0/vhdl/p0/iu/r.e.su:1
/testbench/cpu/l3/u0/leon3x0/vhdl/p0/iu/r.e.et:1
/testbench/cpu/l3/u0/leon3x0/vhdl/p0/iu/r.a.ldcheck1:1
/testbench/cpu/l3/u0/leon3x0/vhdl/p0/iu/r.d.stwin:000
/testbench/cpu/l3/u0/leon3x0/vhdl/p0/iu/r.a.ldcheck2:0
/testbench/cpu/l3/u0/leon3x0/vhdl/p0/iu/r.x.intack:0
/testbench/cpu/l3/u0/leon3x0/vhdl/p0/iu/r.m.ctrl:{{01000000000000000000001101011000} {11000010000001111011111111110100} {00} {10000001} {001011} 1 0 1 0 0 1 1 0 0}
/testbench/cpu/l3/u0/leon3x0/vhdl/p0/iu/r.a.cwp:101
/testbench/cpu/l3/u0/leon3x0/vhdl/p0/iu/r.e.sari:0
/testbench/cpu/l3/u0/leon3x0/vhdl/p0/iu/r.d.paw:0
/testbench/cpu/l3/u0/leon3x0/vhdl/p0/iu/r.d.aw:0
/testbench/cpu/l3/u0/leon3x0/vhdl/p0/iu/r.d.awp:000
/testbench/cpu/l3/u0/leon3x0/vhdl/p0/iu/r.x.ctrl:{{01000000000000000000001101010100} {11000010001001111011111111101100} {01} {10000001} {000000} 0 0 0 0 0 0 0 0 0}
/testbench/cpu/l3/u0/leon3x0/vhdl/p0/iu/r.m.rexnalign:0
/testbench/cpu/l3/u0/leon3x0/vhdl/p0/iu/r.m.su:1
/testbench/cpu/l3/u0/leon3x0/vhdl/p0/iu/r.m.wcwp:0
/testbench/cpu/l3/u0/leon3x0/vhdl/p0/iu/r.d.divrdy:0
/testbench/cpu/l3/u0/leon3x0/vhdl/p0/iu/r.e.cwp:101
/testbench/cpu/l3/u0/leon3x0/vhdl/p0/iu/r.w.except:0
/testbench/cpu/l3/u0/leon3x0/vhdl/p0/iu/r.x.nerror:0
/testbench/cpu/l3/u0/leon3x0/vhdl/p0/iu/r.a.bpimiss:0
/testbench/cpu/l3/u0/leon3x0/vhdl/p0/iu/r.a.nobp:0
/testbench/cpu/l3/u0/leon3x0/vhdl/p0/iu/r.d.rexcnt:0
/testbench/cpu/l3/u0/leon3x0/vhdl/p0/iu/r.w.s:{{101} {0000} {00000000} {01000000000000000000} {00000010} {0000} 0 0 1 1 1 {00000000000000000000000000000000} {UUUUUUUUUUUUUUUUUUUUUUUUUUUUUUUU} 1 0 0 1 1 1 0 0 {000} {000} {111}}
/testbench/cpu/l3/u0/leon3x0/vhdl/p0/iu/r.d.pv:1
/testbench/cpu/l3/u0/leon3x0/vhdl/p0/iu/r.a.ldchkra:1
/testbench/cpu/l3/u0/leon3x0/vhdl/p0/iu/r.a.rfa1:10000001
/testbench/cpu/l3/u0/leon3x0/vhdl/p0/iu/r.a.rfa2:10000001
/testbench/cpu/l3/u0/leon3x0/vhdl/p0/iu/r.a.imm:00000000000000000000000000000001
/testbench/cpu/l3/u0/leon3x0/vhdl/p0/iu/r.w.wa:10000001
/testbench/cpu/l3/u0/leon3x0/vhdl/p0/iu/r.m.casaz:0
/testbench/cpu/l3/u0/leon3x0/vhdl/p0/iu/r.x.dci:{0 0 0 1 0 0 {10} {00001011}}
/testbench/cpu/l3/u0/leon3x0/vhdl/p0/iu/r.x.mac:0
/testbench/cpu/l3/u0/leon3x0/vhdl/p0/iu/r.m.divz:0
/testbench/cpu/l3/u0/leon3x0/vhdl/p0/iu/r.d.inst:{{00000000000000000000000000000000}}
/testbench/cpu/l3/u0/leon3x0/vhdl/p0/iu/r.e.rfe1:0
/testbench/cpu/l3/u0/leon3x0/vhdl/p0/iu/r.a.wovf:0
/testbench/cpu/l3/u0/leon3x0/vhdl/p0/iu/r.e.rfe2:0
/testbench/cpu/l3/u0/leon3x0/vhdl/p0/iu/r.e.op1:01000000000011111111111010010100
/testbench/cpu/l3/u0/leon3x0/vhdl/p0/iu/r.m.nalign:0
/testbench/cpu/l3/u0/leon3x0/vhdl/p0/iu/r.e.op2:00000000000000000000000000000001
/testbench/cpu/l3/u0/leon3x0/vhdl/p0/iu/r.d.rexen:0
/testbench/cpu/l3/u0/leon3x0/vhdl/p0/iu/r.a.ctrl:{{01000000000000000000001101011100} {10000010000000000110000000000001} {00} {10000001} {000000} 0 0 1 0 0 0 1 0 0}
/testbench/cpu/l3/u0/leon3x0/vhdl/p0/iu/r.x.ipend:0
/testbench/cpu/l3/u0/leon3x0/vhdl/p0/iu/r.e.ldbp1:0
/testbench/cpu/l3/u0/leon3x0/vhdl/p0/iu/r.e.aluadd:1
/testbench/cpu/l3/u0/leon3x0/vhdl/p0/iu/r.d.set:0
/testbench/cpu/l3/u0/leon3x0/vhdl/p0/iu/r.d.inull:0
/testbench/cpu/l3/u0/leon3x0/vhdl/p0/iu/r.e.ldbp2:0
/testbench/cpu/l3/u0/leon3x0/vhdl/p0/iu/r.d.cnt:00
/testbench/cpu/l3/u0/leon3x0/vhdl/p0/iu/r.a.su:1
/testbench/cpu/l3/u0/leon3x0/vhdl/p0/iu/r.a.et:1
/testbench/cpu/l3/u0/leon3x0/vhdl/p0/iu/r.e.mul:0
/testbench/cpu/l3/u0/leon3x0/vhdl/p0/iu/r.e.alusel:00
/testbench/cpu/l3/u0/leon3x0/vhdl/p0/iu/r.e.aw:U
/testbench/cpu/l3/u0/leon3x0/vhdl/p0/iu/r.e.mac:0
/testbench/cpu/l3/u0/leon3x0/vhdl/p0/iu/r.a.decill:0
/testbench/cpu/l3/u0/leon3x0/vhdl/p0/iu/r.x.icc:0000
/testbench/cpu/l3/u0/leon3x0/vhdl/p0/iu/r.x.result:00000000000000000000000000000001
/testbench/cpu/l3/u0/leon3x0/vhdl/p0/iu/r.e.bp:0
/testbench/cpu/l3/u0/leon3x0/vhdl/p0/iu/r.a.rs1:00001
/testbench/cpu/l3/u0/leon3x0/vhdl/p0/iu/r.e.jmpl:0
/testbench/cpu/l3/u0/leon3x0/vhdl/p0/iu/r.a.rsel1:010
/testbench/cpu/l3/u0/leon3x0/vhdl/p0/iu/r.x.y:00000000000000000000000000000000
/testbench/cpu/l3/u0/leon3x0/vhdl/p0/iu/r.a.rsel2:100
/testbench/cpu/l3/u0/leon3x0/vhdl/p0/iu/r.a.awp:000
/testbench/cpu/l3/u0/leon3x0/vhdl/p0/iu/r.a.paw:0
/testbench/cpu/l3/u0/leon3x0/vhdl/p0/iu/r.x.data:{{00000000000000000000000000000110}}
/testbench/cpu/l3/u0/leon3x0/vhdl/p0/iu/r.m.mul:0
/testbench/cpu/l3/u0/leon3x0/vhdl/p0/iu/r.e.rd:UUUUU
/testbench/cpu/l3/u0/leon3x0/vhdl/p0/iu/r.e.invop2:0
/testbench/cpu/l3/u0/leon3x0/vhdl/p0/iu/r.m.wawp:0
/testbench/cpu/l3/u0/leon3x0/vhdl/p0/iu/r.d.cwpmax:111
/testbench/cpu/l3/u0/leon3x0/vhdl/p0/iu/r.f.branch:0
/testbench/cpu/l3/u0/leon3x0/vhdl/p0/iu/r.d.pcheld:0
/testbench/cpu/l3/u0/leon3x0/vhdl/p0/iu/r.m.dci:{0 0 1 0 0 0 {10} {00001011}}
/testbench/cpu/l3/u0/leon3x0/vhdl/p0/iu/r.e.paw:U
/testbench/cpu/l3/u0/leon3x0/vhdl/p0/iu/r.e.awp:UUU
/testbench/cpu/l3/u0/leon3x0/vhdl/p0/iu/r.e.shcnt:00001
/testbench/cpu/l3/u0/leon3x0/vhdl/p0/iu/r.w.result:01000000000011111111111010001100
/testbench/cpu/l3/u0/leon3x0/vhdl/p0/iu/r.m.mac:0
/testbench/cpu/l3/u0/leon3x0/vhdl/p0/iu/r.m.y:00000000000000000000000000000000
/testbench/cpu/l3/u0/leon3x0/vhdl/p0/iu/r.d.cwp:101
/testbench/cpu/l3/u0/leon3x0/vhdl/p0/iu/r.x.laddr:01
/testbench/cpu/l3/u0/leon3x0/vhdl/p0/iu/r.e.mulstep:0
/testbench/cpu/l3/u0/leon3x0/vhdl/p0/iu/r.e.ymsb:0
/testbench/cpu/l3/u0/leon3x0/vhdl/p0/iu/r.d.rexbuf:00000000000000000000000000000000
/testbench/cpu/l3/u0/leon3x0/vhdl/p0/iu/r.x.npc:100
/testbench/cpu/l3/u0/leon3x0/vhdl/p0/iu/r.f.pc:01000000000000000000001101100100
/testbench/cpu/l3/u0/leon3x0/vhdl/p0/iu/r.d.annul:0
/testbench/cpu/l3/u0/leon3x0/vhdl/p0/iu/r.x.rstate:run
/testbench/cpu/l3/u0/leon3x0/vhdl/p0/iu/r.x.set:0
/testbench/cpu/l3/u0/leon3x0/vhdl/p0/iu/r.m.result:01000000000011111111111010010100
/testbench/cpu/l3/u0/leon3x0/vhdl/p0/iu/r.e.icc:UUUU
/testbench/cpu/l3/u0/leon3x0/vhdl/p0/iu/r.a.getpc:0
/testbench/cpu/l3/u0/leon3x0/vhdl/p0/iu/r.a.ldchkex:1
/testbench/cpu/l3/u0/leon3x0/vhdl/p0/iu/r.x.mexc:0
/testbench/cpu/l3/u0/leon3x0/vhdl/p0/iu/r.a.mulstart:0
/testbench/cpu/l3/u0/leon3x0/vhdl/p0/iu/r.d.rexpos:10
/testbench/cpu/l3/u0/leon3x0/vhdl/p0/iu/r.x.annul_all:0
/testbench/cpu/l3/u0/leon3x0/vhdl/p0/iu/r.e.aluop:000
/testbench/cpu/l3/u0/leon3x0/vhdl/p0/iu/r.x.debug:0
/testbench/cpu/l3/u0/leon3x0/vhdl/p0/iu/r.a.rfe1:0
/testbench/cpu/l3/u0/leon3x0/vhdl/p0/iu/r.d.step:0
/testbench/cpu/l3/u0/leon3x0/vhdl/p0/iu/r.a.rfe2:0
/testbench/cpu/l3/u0/leon3x0/vhdl/p0/iu/r.e.alucin:0
/testbench/cpu/l3/u0/leon3x0/vhdl/p0/iu/r.a.wunf:0
======================================
progstatus: -2
execerr: 227
latent: 1
time limit!
>>>>>>>>>>>>>>> 5745715000
======================================
