Test signal = /testbench/cpu/l3/u0/leon3x0/vhdl/p0/iu/r.m.wcwp
oldval = 0
pos1: -1 pos0: 0 posU: -1
newval = 1
Signal value: 0
oldval = 0
pos1: -1 pos0: 0 posU: -1
newval = 1
force in 4163303
586290000 >> iteration no: 0
1598340000 >> iteration no: 1
2610390000 >> iteration no: 2
3622265000 >> iteration no: 3
4634040000 >> iteration no: 4
4746765000 >> Requesting for the AHB bus...
4747040000 >> Requesting for the AHB bus...
4747540000 >> AHB granted, starting recovery...
4766740000 >> Recovery done, continuing...
4768015000 >> Requesting for the AHB bus...
4768290000 >> Requesting for the AHB bus...
4768790000 >> AHB granted, starting recovery...
4787990000 >> Recovery done, continuing...
4789265000 >> Requesting for the AHB bus...
4789540000 >> Requesting for the AHB bus...
4790040000 >> AHB granted, starting recovery...
4809240000 >> Recovery done, continuing...
4810515000 >> Requesting for the AHB bus...
4810790000 >> Requesting for the AHB bus...
4811290000 >> AHB granted, starting recovery...
4830490000 >> Recovery done, continuing...
4831765000 >> Requesting for the AHB bus...
4832040000 >> Requesting for the AHB bus...
4832540000 >> AHB granted, starting recovery...
4851740000 >> Recovery done, continuing...
4853015000 >> Requesting for the AHB bus...
4853290000 >> Requesting for the AHB bus...
4853790000 >> AHB granted, starting recovery...
4872990000 >> Recovery done, continuing...
4874265000 >> Requesting for the AHB bus...
4874540000 >> Requesting for the AHB bus...
4875040000 >> AHB granted, starting recovery...
4894240000 >> Recovery done, continuing...
4895515000 >> Requesting for the AHB bus...
4895790000 >> Requesting for the AHB bus...
4896290000 >> AHB granted, starting recovery...
4915490000 >> Recovery done, continuing...
4916915000 >> Requesting for the AHB bus...
4917190000 >> Requesting for the AHB bus...
4917690000 >> AHB granted, starting recovery...
4936890000 >> Recovery done, continuing...
4938165000 >> Requesting for the AHB bus...
4938440000 >> Requesting for the AHB bus...
4938940000 >> AHB granted, starting recovery...
4958140000 >> Recovery done, continuing...
4959415000 >> Requesting for the AHB bus...
4959690000 >> Requesting for the AHB bus...
4960190000 >> AHB granted, starting recovery...
4979390000 >> Recovery done, continuing...
4980840000 >> Requesting for the AHB bus...
4981115000 >> Requesting for the AHB bus...
4981615000 >> AHB granted, starting recovery...
5000815000 >> Recovery done, continuing...
5002090000 >> Requesting for the AHB bus...
5002365000 >> Requesting for the AHB bus...
5002865000 >> AHB granted, starting recovery...
5022065000 >> Recovery done, continuing...
5023340000 >> Requesting for the AHB bus...
5023615000 >> Requesting for the AHB bus...
5024115000 >> AHB granted, starting recovery...
5043315000 >> Recovery done, continuing...
5044765000 >> Requesting for the AHB bus...
5045040000 >> Requesting for the AHB bus...
5045540000 >> AHB granted, starting recovery...
5064740000 >> Recovery done, continuing...
5066015000 >> Requesting for the AHB bus...
5066290000 >> Requesting for the AHB bus...
5066790000 >> AHB granted, starting recovery...
5085990000 >> Recovery done, continuing...
5087265000 >> Requesting for the AHB bus...
5087540000 >> Requesting for the AHB bus...
5088040000 >> AHB granted, starting recovery...
5107240000 >> Recovery done, continuing...
5108690000 >> Requesting for the AHB bus...
5108965000 >> Requesting for the AHB bus...
5109465000 >> AHB granted, starting recovery...
5128665000 >> Recovery done, continuing...
5129940000 >> Requesting for the AHB bus...
5130215000 >> Requesting for the AHB bus...
5130715000 >> AHB granted, starting recovery...
5149915000 >> Recovery done, continuing...
5151190000 >> Requesting for the AHB bus...
5151465000 >> Requesting for the AHB bus...
5151965000 >> AHB granted, starting recovery...
5171165000 >> Recovery done, continuing...
5172615000 >> Requesting for the AHB bus...
5172890000 >> Requesting for the AHB bus...
5173390000 >> AHB granted, starting recovery...
5192590000 >> Recovery done, continuing...
5193865000 >> Requesting for the AHB bus...
5194140000 >> Requesting for the AHB bus...
5194640000 >> AHB granted, starting recovery...
5213840000 >> Recovery done, continuing...
5215115000 >> Requesting for the AHB bus...
5215390000 >> Requesting for the AHB bus...
5215890000 >> AHB granted, starting recovery...
5235090000 >> Recovery done, continuing...
5236540000 >> Requesting for the AHB bus...
5236815000 >> Requesting for the AHB bus...
5237315000 >> AHB granted, starting recovery...
5256515000 >> Recovery done, continuing...
5257790000 >> Requesting for the AHB bus...
5258065000 >> Requesting for the AHB bus...
5258565000 >> AHB granted, starting recovery...
5277765000 >> Recovery done, continuing...
5279040000 >> Requesting for the AHB bus...
5279315000 >> Requesting for the AHB bus...
5279815000 >> AHB granted, starting recovery...
5299015000 >> Recovery done, continuing...
5300465000 >> Requesting for the AHB bus...
5300740000 >> Requesting for the AHB bus...
5301240000 >> AHB granted, starting recovery...
5320440000 >> Recovery done, continuing...
5321715000 >> Requesting for the AHB bus...
5321990000 >> Requesting for the AHB bus...
5322490000 >> AHB granted, starting recovery...
5341690000 >> Recovery done, continuing...
5342965000 >> Requesting for the AHB bus...
5343240000 >> Requesting for the AHB bus...
5343740000 >> AHB granted, starting recovery...
5362940000 >> Recovery done, continuing...
5364390000 >> Requesting for the AHB bus...
5364665000 >> Requesting for the AHB bus...
5365165000 >> AHB granted, starting recovery...
5384365000 >> Recovery done, continuing...
5385640000 >> Requesting for the AHB bus...
5385915000 >> Requesting for the AHB bus...
5386415000 >> AHB granted, starting recovery...
5405615000 >> Recovery done, continuing...
5406890000 >> Requesting for the AHB bus...
5407165000 >> Requesting for the AHB bus...
5407665000 >> AHB granted, starting recovery...
5426865000 >> Recovery done, continuing...
5428315000 >> Requesting for the AHB bus...
5428590000 >> Requesting for the AHB bus...
5429090000 >> AHB granted, starting recovery...
5448290000 >> Recovery done, continuing...
5449565000 >> Requesting for the AHB bus...
5449840000 >> Requesting for the AHB bus...
5450340000 >> AHB granted, starting recovery...
5469540000 >> Recovery done, continuing...
5470815000 >> Requesting for the AHB bus...
5471090000 >> Requesting for the AHB bus...
5471590000 >> AHB granted, starting recovery...
5490790000 >> Recovery done, continuing...
5492240000 >> Requesting for the AHB bus...
5492515000 >> Requesting for the AHB bus...
5493015000 >> AHB granted, starting recovery...
5512215000 >> Recovery done, continuing...
5513490000 >> Requesting for the AHB bus...
5513765000 >> Requesting for the AHB bus...
5514265000 >> AHB granted, starting recovery...
5533465000 >> Recovery done, continuing...
5534740000 >> Requesting for the AHB bus...
5535015000 >> Requesting for the AHB bus...
5535515000 >> AHB granted, starting recovery...
5554715000 >> Recovery done, continuing...
5556165000 >> Requesting for the AHB bus...
5556440000 >> Requesting for the AHB bus...
5556940000 >> AHB granted, starting recovery...
5576140000 >> Recovery done, continuing...
5577415000 >> Requesting for the AHB bus...
5577690000 >> Requesting for the AHB bus...
5578190000 >> AHB granted, starting recovery...
5597390000 >> Recovery done, continuing...
5598665000 >> Requesting for the AHB bus...
5598940000 >> Requesting for the AHB bus...
5599440000 >> AHB granted, starting recovery...
5618640000 >> Recovery done, continuing...
5620090000 >> Requesting for the AHB bus...
5620365000 >> Requesting for the AHB bus...
5620865000 >> AHB granted, starting recovery...
5640065000 >> Recovery done, continuing...
5641340000 >> Requesting for the AHB bus...
5641615000 >> Requesting for the AHB bus...
5642115000 >> AHB granted, starting recovery...
5661315000 >> Recovery done, continuing...
5662590000 >> Requesting for the AHB bus...
5662865000 >> Requesting for the AHB bus...
5663365000 >> AHB granted, starting recovery...
5682565000 >> Recovery done, continuing...
5684015000 >> Requesting for the AHB bus...
5684290000 >> Requesting for the AHB bus...
5684790000 >> AHB granted, starting recovery...
5703990000 >> Recovery done, continuing...
5705265000 >> Requesting for the AHB bus...
5705540000 >> Requesting for the AHB bus...
5706040000 >> AHB granted, starting recovery...
5725240000 >> Recovery done, continuing...
5726515000 >> Requesting for the AHB bus...
5726790000 >> Requesting for the AHB bus...
5727290000 >> AHB granted, starting recovery...
5745715000 >> time limit reached...
/testbench/cpu/l3/u0/leon3x0/vhdl/p0/iu/r.w.wreg:0
/testbench/cpu/l3/u0/leon3x0/vhdl/p0/iu/r.m.irqen:1
/testbench/cpu/l3/u0/leon3x0/vhdl/p0/iu/r.m.icc:0000
/testbench/cpu/l3/u0/leon3x0/vhdl/p0/iu/r.a.ticc:0
/testbench/cpu/l3/u0/leon3x0/vhdl/p0/iu/r.a.step:0
/testbench/cpu/l3/u0/leon3x0/vhdl/p0/iu/r.m.irqen2:1
/testbench/cpu/l3/u0/leon3x0/vhdl/p0/iu/r.d.pc:01000000000000000000001101000100
/testbench/cpu/l3/u0/leon3x0/vhdl/p0/iu/r.d.rexpl:{{00000000000000000000000000000000} {00} {0} 0 0 {0000000000000000000} 0 0 0 0 0 0}
/testbench/cpu/l3/u0/leon3x0/vhdl/p0/iu/r.d.mexc:0
/testbench/cpu/l3/u0/leon3x0/vhdl/p0/iu/r.a.aw:0
/testbench/cpu/l3/u0/leon3x0/vhdl/p0/iu/r.e.ctrl:{{01000000000000000000001101000000} {11000100000001111010000001000100} {00} {10000010} {000000} 0 0 1 0 0 1 1 0 0}
/testbench/cpu/l3/u0/leon3x0/vhdl/p0/iu/r.a.divstart:0
/testbench/cpu/l3/u0/leon3x0/vhdl/p0/iu/r.e.shleft:0
/testbench/cpu/l3/u0/leon3x0/vhdl/p0/iu/r.a.bp:0
/testbench/cpu/l3/u0/leon3x0/vhdl/p0/iu/r.w.twcwp:000
/testbench/cpu/l3/u0/leon3x0/vhdl/p0/iu/r.a.jmpl:0
/testbench/cpu/l3/u0/leon3x0/vhdl/p0/iu/r.m.casa:0
/testbench/cpu/l3/u0/leon3x0/vhdl/p0/iu/r.m.werr:0
/testbench/cpu/l3/u0/leon3x0/vhdl/p0/iu/r.e.su:1
/testbench/cpu/l3/u0/leon3x0/vhdl/p0/iu/r.e.et:1
/testbench/cpu/l3/u0/leon3x0/vhdl/p0/iu/r.a.ldcheck1:1
/testbench/cpu/l3/u0/leon3x0/vhdl/p0/iu/r.d.stwin:000
/testbench/cpu/l3/u0/leon3x0/vhdl/p0/iu/r.a.ldcheck2:1
/testbench/cpu/l3/u0/leon3x0/vhdl/p0/iu/r.x.intack:0
/testbench/cpu/l3/u0/leon3x0/vhdl/p0/iu/r.m.ctrl:{{01000000000000000000001100111100} {11000010000001111011111111111000} {00} {10000001} {000000} 0 0 1 0 0 1 1 0 0}
/testbench/cpu/l3/u0/leon3x0/vhdl/p0/iu/r.a.cwp:010
/testbench/cpu/l3/u0/leon3x0/vhdl/p0/iu/r.e.sari:0
/testbench/cpu/l3/u0/leon3x0/vhdl/p0/iu/r.d.paw:0
/testbench/cpu/l3/u0/leon3x0/vhdl/p0/iu/r.d.aw:0
/testbench/cpu/l3/u0/leon3x0/vhdl/p0/iu/r.d.awp:000
/testbench/cpu/l3/u0/leon3x0/vhdl/p0/iu/r.x.ctrl:{{01000000000000000000001100111000} {11000100001010000100000000000000} {01} {10000010} {000000} 0 0 0 0 0 0 0 0 0}
/testbench/cpu/l3/u0/leon3x0/vhdl/p0/iu/r.m.rexnalign:0
/testbench/cpu/l3/u0/leon3x0/vhdl/p0/iu/r.m.su:1
/testbench/cpu/l3/u0/leon3x0/vhdl/p0/iu/r.m.wcwp:0
/testbench/cpu/l3/u0/leon3x0/vhdl/p0/iu/r.d.divrdy:0
/testbench/cpu/l3/u0/leon3x0/vhdl/p0/iu/r.e.cwp:101
/testbench/cpu/l3/u0/leon3x0/vhdl/p0/iu/r.w.except:0
/testbench/cpu/l3/u0/leon3x0/vhdl/p0/iu/r.x.nerror:0
/testbench/cpu/l3/u0/leon3x0/vhdl/p0/iu/r.a.bpimiss:0
/testbench/cpu/l3/u0/leon3x0/vhdl/p0/iu/r.a.nobp:0
/testbench/cpu/l3/u0/leon3x0/vhdl/p0/iu/r.d.rexcnt:0
/testbench/cpu/l3/u0/leon3x0/vhdl/p0/iu/r.w.s:{{101} {0000} {00000000} {01000000000000000000} {00000010} {0000} 0 0 1 1 1 {00000000000000000000000000000000} {UUUUUUUUUUUUUUUUUUUUUUUUUUUUUUUU} 1 0 0 1 1 1 0 0 {000} {000} {111}}
/testbench/cpu/l3/u0/leon3x0/vhdl/p0/iu/r.d.pv:1
/testbench/cpu/l3/u0/leon3x0/vhdl/p0/iu/r.a.ldchkra:1
/testbench/cpu/l3/u0/leon3x0/vhdl/p0/iu/r.a.rfa1:10000010
/testbench/cpu/l3/u0/leon3x0/vhdl/p0/iu/r.a.rfa2:10000001
/testbench/cpu/l3/u0/leon3x0/vhdl/p0/iu/r.a.imm:00000000000000000000000000000001
/testbench/cpu/l3/u0/leon3x0/vhdl/p0/iu/r.w.wa:10000010
/testbench/cpu/l3/u0/leon3x0/vhdl/p0/iu/r.m.casaz:0
/testbench/cpu/l3/u0/leon3x0/vhdl/p0/iu/r.x.dci:{0 0 0 1 0 0 {00} {00001011}}
/testbench/cpu/l3/u0/leon3x0/vhdl/p0/iu/r.x.mac:0
/testbench/cpu/l3/u0/leon3x0/vhdl/p0/iu/r.m.divz:0
/testbench/cpu/l3/u0/leon3x0/vhdl/p0/iu/r.d.inst:{{10000010000000001000000000000001}}
/testbench/cpu/l3/u0/leon3x0/vhdl/p0/iu/r.e.rfe1:1
/testbench/cpu/l3/u0/leon3x0/vhdl/p0/iu/r.a.wovf:0
/testbench/cpu/l3/u0/leon3x0/vhdl/p0/iu/r.e.rfe2:0
/testbench/cpu/l3/u0/leon3x0/vhdl/p0/iu/r.e.op1:01000000000011111111111010100000
/testbench/cpu/l3/u0/leon3x0/vhdl/p0/iu/r.m.nalign:0
/testbench/cpu/l3/u0/leon3x0/vhdl/p0/iu/r.e.op2:00000000000000000000000001000100
/testbench/cpu/l3/u0/leon3x0/vhdl/p0/iu/r.d.rexen:0
/testbench/cpu/l3/u0/leon3x0/vhdl/p0/iu/r.a.ctrl:{{01000000000000000000001101000100} {10000010000000001000000000000001} {00} {10000001} {000000} 0 1 0 0 0 0 0 0 0}
/testbench/cpu/l3/u0/leon3x0/vhdl/p0/iu/r.x.ipend:0
/testbench/cpu/l3/u0/leon3x0/vhdl/p0/iu/r.e.ldbp1:0
/testbench/cpu/l3/u0/leon3x0/vhdl/p0/iu/r.e.aluadd:1
/testbench/cpu/l3/u0/leon3x0/vhdl/p0/iu/r.d.set:0
/testbench/cpu/l3/u0/leon3x0/vhdl/p0/iu/r.d.inull:0
/testbench/cpu/l3/u0/leon3x0/vhdl/p0/iu/r.e.ldbp2:0
/testbench/cpu/l3/u0/leon3x0/vhdl/p0/iu/r.d.cnt:00
/testbench/cpu/l3/u0/leon3x0/vhdl/p0/iu/r.a.su:1
/testbench/cpu/l3/u0/leon3x0/vhdl/p0/iu/r.a.et:1
/testbench/cpu/l3/u0/leon3x0/vhdl/p0/iu/r.e.mul:0
/testbench/cpu/l3/u0/leon3x0/vhdl/p0/iu/r.e.alusel:00
/testbench/cpu/l3/u0/leon3x0/vhdl/p0/iu/r.e.aw:U
/testbench/cpu/l3/u0/leon3x0/vhdl/p0/iu/r.e.mac:0
/testbench/cpu/l3/u0/leon3x0/vhdl/p0/iu/r.a.decill:0
/testbench/cpu/l3/u0/leon3x0/vhdl/p0/iu/r.x.icc:0000
/testbench/cpu/l3/u0/leon3x0/vhdl/p0/iu/r.x.result:00000110000001100000011000000110
/testbench/cpu/l3/u0/leon3x0/vhdl/p0/iu/r.e.bp:0
/testbench/cpu/l3/u0/leon3x0/vhdl/p0/iu/r.a.rs1:00010
/testbench/cpu/l3/u0/leon3x0/vhdl/p0/iu/r.e.jmpl:0
/testbench/cpu/l3/u0/leon3x0/vhdl/p0/iu/r.a.rsel1:001
/testbench/cpu/l3/u0/leon3x0/vhdl/p0/iu/r.x.y:00000000000000000000000000000000
/testbench/cpu/l3/u0/leon3x0/vhdl/p0/iu/r.a.rsel2:010
/testbench/cpu/l3/u0/leon3x0/vhdl/p0/iu/r.a.awp:000
/testbench/cpu/l3/u0/leon3x0/vhdl/p0/iu/r.a.paw:0
/testbench/cpu/l3/u0/leon3x0/vhdl/p0/iu/r.x.data:{{00000000000000000000000000000110}}
/testbench/cpu/l3/u0/leon3x0/vhdl/p0/iu/r.m.mul:0
/testbench/cpu/l3/u0/leon3x0/vhdl/p0/iu/r.e.rd:UUUUU
/testbench/cpu/l3/u0/leon3x0/vhdl/p0/iu/r.e.invop2:0
/testbench/cpu/l3/u0/leon3x0/vhdl/p0/iu/r.m.wawp:0
/testbench/cpu/l3/u0/leon3x0/vhdl/p0/iu/r.d.cwpmax:111
/testbench/cpu/l3/u0/leon3x0/vhdl/p0/iu/r.f.branch:0
/testbench/cpu/l3/u0/leon3x0/vhdl/p0/iu/r.d.pcheld:1
/testbench/cpu/l3/u0/leon3x0/vhdl/p0/iu/r.m.dci:{0 1 1 0 0 0 {10} {00001011}}
/testbench/cpu/l3/u0/leon3x0/vhdl/p0/iu/r.e.paw:U
/testbench/cpu/l3/u0/leon3x0/vhdl/p0/iu/r.e.awp:UUU
/testbench/cpu/l3/u0/leon3x0/vhdl/p0/iu/r.e.shcnt:00100
/testbench/cpu/l3/u0/leon3x0/vhdl/p0/iu/r.w.result:01000000000000000001111001001010
/testbench/cpu/l3/u0/leon3x0/vhdl/p0/iu/r.m.mac:0
/testbench/cpu/l3/u0/leon3x0/vhdl/p0/iu/r.m.y:00000000000000000000000000000000
/testbench/cpu/l3/u0/leon3x0/vhdl/p0/iu/r.d.cwp:010
/testbench/cpu/l3/u0/leon3x0/vhdl/p0/iu/r.x.laddr:10
/testbench/cpu/l3/u0/leon3x0/vhdl/p0/iu/r.e.mulstep:0
/testbench/cpu/l3/u0/leon3x0/vhdl/p0/iu/r.e.ymsb:0
/testbench/cpu/l3/u0/leon3x0/vhdl/p0/iu/r.d.rexbuf:00000000000000000000000000000000
/testbench/cpu/l3/u0/leon3x0/vhdl/p0/iu/r.x.npc:100
/testbench/cpu/l3/u0/leon3x0/vhdl/p0/iu/r.f.pc:01000000000000000000001101001000
/testbench/cpu/l3/u0/leon3x0/vhdl/p0/iu/r.d.annul:0
/testbench/cpu/l3/u0/leon3x0/vhdl/p0/iu/r.x.rstate:run
/testbench/cpu/l3/u0/leon3x0/vhdl/p0/iu/r.x.set:0
/testbench/cpu/l3/u0/leon3x0/vhdl/p0/iu/r.m.result:01000000000011111111111010011000
/testbench/cpu/l3/u0/leon3x0/vhdl/p0/iu/r.e.icc:UUUU
/testbench/cpu/l3/u0/leon3x0/vhdl/p0/iu/r.a.getpc:0
/testbench/cpu/l3/u0/leon3x0/vhdl/p0/iu/r.a.ldchkex:1
/testbench/cpu/l3/u0/leon3x0/vhdl/p0/iu/r.x.mexc:0
/testbench/cpu/l3/u0/leon3x0/vhdl/p0/iu/r.a.mulstart:0
/testbench/cpu/l3/u0/leon3x0/vhdl/p0/iu/r.d.rexpos:10
/testbench/cpu/l3/u0/leon3x0/vhdl/p0/iu/r.x.annul_all:0
/testbench/cpu/l3/u0/leon3x0/vhdl/p0/iu/r.e.aluop:000
/testbench/cpu/l3/u0/leon3x0/vhdl/p0/iu/r.x.debug:0
/testbench/cpu/l3/u0/leon3x0/vhdl/p0/iu/r.a.rfe1:0
/testbench/cpu/l3/u0/leon3x0/vhdl/p0/iu/r.d.step:0
/testbench/cpu/l3/u0/leon3x0/vhdl/p0/iu/r.a.rfe2:0
/testbench/cpu/l3/u0/leon3x0/vhdl/p0/iu/r.e.alucin:0
/testbench/cpu/l3/u0/leon3x0/vhdl/p0/iu/r.a.wunf:0
======================================
progstatus: -2
execerr: 47
latent: 1
time limit!
>>>>>>>>>>>>>>> 5745715000
======================================
