Test signal = /testbench/cpu/l3/u0/leon3x0/vhdl/p0/iu/r.a.wovf
oldval = 0
pos1: -1 pos0: 0 posU: -1
newval = 1
Signal value: 0
oldval = 0
pos1: -1 pos0: 0 posU: -1
newval = 1
force in 1439731
586290000 >> iteration no: 0
1598340000 >> iteration no: 1
2021615000 >> Requesting for the AHB bus...
2021840000 >> Requesting for the AHB bus...
2022390000 >> AHB granted, starting recovery...
2041590000 >> Recovery done, continuing...
2041640000 >> Requesting for the AHB bus...
2042865000 >> AHB granted, starting recovery...
2062065000 >> Recovery done, continuing...
2062115000 >> Requesting for the AHB bus...
2063165000 >> AHB granted, starting recovery...
2082365000 >> Recovery done, continuing...
2082415000 >> Requesting for the AHB bus...
2083465000 >> AHB granted, starting recovery...
2102665000 >> Recovery done, continuing...
2102715000 >> Requesting for the AHB bus...
2103765000 >> AHB granted, starting recovery...
2122965000 >> Recovery done, continuing...
2123015000 >> Requesting for the AHB bus...
2124065000 >> AHB granted, starting recovery...
2143265000 >> Recovery done, continuing...
2143315000 >> Requesting for the AHB bus...
2144365000 >> AHB granted, starting recovery...
2163565000 >> Recovery done, continuing...
2163615000 >> Requesting for the AHB bus...
2164740000 >> AHB granted, starting recovery...
2183940000 >> Recovery done, continuing...
2183990000 >> Requesting for the AHB bus...
2185040000 >> AHB granted, starting recovery...
2204240000 >> Recovery done, continuing...
2204290000 >> Requesting for the AHB bus...
2205340000 >> AHB granted, starting recovery...
2224540000 >> Recovery done, continuing...
2224590000 >> Requesting for the AHB bus...
2225640000 >> AHB granted, starting recovery...
2244840000 >> Recovery done, continuing...
2244890000 >> Requesting for the AHB bus...
2245940000 >> AHB granted, starting recovery...
2265140000 >> Recovery done, continuing...
2265190000 >> Requesting for the AHB bus...
2266240000 >> AHB granted, starting recovery...
2285440000 >> Recovery done, continuing...
2285490000 >> Requesting for the AHB bus...
2286540000 >> AHB granted, starting recovery...
2305740000 >> Recovery done, continuing...
2305790000 >> Requesting for the AHB bus...
2306840000 >> AHB granted, starting recovery...
2326040000 >> Recovery done, continuing...
2326090000 >> Requesting for the AHB bus...
2327140000 >> AHB granted, starting recovery...
2346340000 >> Recovery done, continuing...
2346390000 >> Requesting for the AHB bus...
2347440000 >> AHB granted, starting recovery...
2366640000 >> Recovery done, continuing...
2366690000 >> Requesting for the AHB bus...
2367740000 >> AHB granted, starting recovery...
2386940000 >> Recovery done, continuing...
2386990000 >> Requesting for the AHB bus...
2388040000 >> AHB granted, starting recovery...
2407240000 >> Recovery done, continuing...
2407290000 >> Requesting for the AHB bus...
2408340000 >> AHB granted, starting recovery...
2427540000 >> Recovery done, continuing...
2427590000 >> Requesting for the AHB bus...
2428640000 >> AHB granted, starting recovery...
2447840000 >> Recovery done, continuing...
2447890000 >> Requesting for the AHB bus...
2448940000 >> AHB granted, starting recovery...
2468140000 >> Recovery done, continuing...
2468190000 >> Requesting for the AHB bus...
2469240000 >> AHB granted, starting recovery...
2488440000 >> Recovery done, continuing...
2488490000 >> Requesting for the AHB bus...
2489540000 >> AHB granted, starting recovery...
2508740000 >> Recovery done, continuing...
2508790000 >> Requesting for the AHB bus...
2510015000 >> AHB granted, starting recovery...
2529215000 >> Recovery done, continuing...
2529265000 >> Requesting for the AHB bus...
2530315000 >> AHB granted, starting recovery...
2549515000 >> Recovery done, continuing...
2549565000 >> Requesting for the AHB bus...
2550615000 >> AHB granted, starting recovery...
2569815000 >> Recovery done, continuing...
2569865000 >> Requesting for the AHB bus...
2570915000 >> AHB granted, starting recovery...
2590115000 >> Recovery done, continuing...
2590165000 >> Requesting for the AHB bus...
2591215000 >> AHB granted, starting recovery...
2610415000 >> Recovery done, continuing...
2610465000 >> Requesting for the AHB bus...
2611515000 >> AHB granted, starting recovery...
2630715000 >> Recovery done, continuing...
2630765000 >> Requesting for the AHB bus...
2631940000 >> AHB granted, starting recovery...
2651140000 >> Recovery done, continuing...
2651190000 >> Requesting for the AHB bus...
2652240000 >> AHB granted, starting recovery...
2671440000 >> Recovery done, continuing...
2671490000 >> Requesting for the AHB bus...
2672540000 >> AHB granted, starting recovery...
2691740000 >> Recovery done, continuing...
2691790000 >> Requesting for the AHB bus...
2692840000 >> AHB granted, starting recovery...
2712040000 >> Recovery done, continuing...
2712090000 >> Requesting for the AHB bus...
2713140000 >> AHB granted, starting recovery...
2732340000 >> Recovery done, continuing...
2732390000 >> Requesting for the AHB bus...
2733440000 >> AHB granted, starting recovery...
2752640000 >> Recovery done, continuing...
2752690000 >> Requesting for the AHB bus...
2753740000 >> AHB granted, starting recovery...
2772940000 >> Recovery done, continuing...
2772990000 >> Requesting for the AHB bus...
2774040000 >> AHB granted, starting recovery...
2793240000 >> Recovery done, continuing...
2793290000 >> Requesting for the AHB bus...
2794340000 >> AHB granted, starting recovery...
2813540000 >> Recovery done, continuing...
2813590000 >> Requesting for the AHB bus...
2814640000 >> AHB granted, starting recovery...
2833840000 >> Recovery done, continuing...
2833890000 >> Requesting for the AHB bus...
2834940000 >> AHB granted, starting recovery...
2854140000 >> Recovery done, continuing...
2854190000 >> Requesting for the AHB bus...
2855240000 >> AHB granted, starting recovery...
2874440000 >> Recovery done, continuing...
2874490000 >> Requesting for the AHB bus...
2875540000 >> AHB granted, starting recovery...
2894740000 >> Recovery done, continuing...
2894790000 >> Requesting for the AHB bus...
2895840000 >> AHB granted, starting recovery...
2915040000 >> Recovery done, continuing...
2915090000 >> Requesting for the AHB bus...
2916140000 >> AHB granted, starting recovery...
2935340000 >> Recovery done, continuing...
2935390000 >> Requesting for the AHB bus...
2936440000 >> AHB granted, starting recovery...
2955640000 >> Recovery done, continuing...
2955690000 >> Requesting for the AHB bus...
2956740000 >> AHB granted, starting recovery...
2975940000 >> Recovery done, continuing...
2975990000 >> Requesting for the AHB bus...
2977215000 >> AHB granted, starting recovery...
2996415000 >> Recovery done, continuing...
2996465000 >> Requesting for the AHB bus...
2997515000 >> AHB granted, starting recovery...
3016715000 >> Recovery done, continuing...
3016765000 >> Requesting for the AHB bus...
3017815000 >> AHB granted, starting recovery...
3037015000 >> Recovery done, continuing...
3037065000 >> Requesting for the AHB bus...
3038115000 >> AHB granted, starting recovery...
3057315000 >> Recovery done, continuing...
3057365000 >> Requesting for the AHB bus...
3058415000 >> AHB granted, starting recovery...
3077615000 >> Recovery done, continuing...
3077665000 >> Requesting for the AHB bus...
3078715000 >> AHB granted, starting recovery...
3097915000 >> Recovery done, continuing...
3097965000 >> Requesting for the AHB bus...
3099140000 >> AHB granted, starting recovery...
3118340000 >> Recovery done, continuing...
3118390000 >> Requesting for the AHB bus...
3119440000 >> AHB granted, starting recovery...
3138640000 >> Recovery done, continuing...
3138690000 >> Requesting for the AHB bus...
3139740000 >> AHB granted, starting recovery...
3158940000 >> Recovery done, continuing...
3158990000 >> Requesting for the AHB bus...
3160040000 >> AHB granted, starting recovery...
3179240000 >> Recovery done, continuing...
3179290000 >> Requesting for the AHB bus...
3180340000 >> AHB granted, starting recovery...
3199540000 >> Recovery done, continuing...
3199590000 >> Requesting for the AHB bus...
3200640000 >> AHB granted, starting recovery...
3219840000 >> Recovery done, continuing...
3219890000 >> Requesting for the AHB bus...
3220940000 >> AHB granted, starting recovery...
3240140000 >> Recovery done, continuing...
3240190000 >> Requesting for the AHB bus...
3241240000 >> AHB granted, starting recovery...
3260440000 >> Recovery done, continuing...
3260490000 >> Requesting for the AHB bus...
3261540000 >> AHB granted, starting recovery...
3280740000 >> Recovery done, continuing...
3280790000 >> Requesting for the AHB bus...
3281840000 >> AHB granted, starting recovery...
3301040000 >> Recovery done, continuing...
3301090000 >> Requesting for the AHB bus...
3302140000 >> AHB granted, starting recovery...
3321340000 >> Recovery done, continuing...
3321390000 >> Requesting for the AHB bus...
3322440000 >> AHB granted, starting recovery...
3341640000 >> Recovery done, continuing...
3341690000 >> Requesting for the AHB bus...
3342740000 >> AHB granted, starting recovery...
3361940000 >> Recovery done, continuing...
3361990000 >> Requesting for the AHB bus...
3363040000 >> AHB granted, starting recovery...
3382240000 >> Recovery done, continuing...
3382290000 >> Requesting for the AHB bus...
3383340000 >> AHB granted, starting recovery...
3402540000 >> Recovery done, continuing...
3402590000 >> Requesting for the AHB bus...
3403640000 >> AHB granted, starting recovery...
3422840000 >> Recovery done, continuing...
3422890000 >> Requesting for the AHB bus...
3423940000 >> AHB granted, starting recovery...
3443140000 >> Recovery done, continuing...
3443190000 >> Requesting for the AHB bus...
3444415000 >> AHB granted, starting recovery...
3463615000 >> Recovery done, continuing...
3463665000 >> Requesting for the AHB bus...
3464715000 >> AHB granted, starting recovery...
3483915000 >> Recovery done, continuing...
3483965000 >> Requesting for the AHB bus...
3485015000 >> AHB granted, starting recovery...
3504215000 >> Recovery done, continuing...
3504265000 >> Requesting for the AHB bus...
3505315000 >> AHB granted, starting recovery...
3524515000 >> Recovery done, continuing...
3524565000 >> Requesting for the AHB bus...
3525615000 >> AHB granted, starting recovery...
3544815000 >> Recovery done, continuing...
3544865000 >> Requesting for the AHB bus...
3545915000 >> AHB granted, starting recovery...
3565115000 >> Recovery done, continuing...
3565165000 >> Requesting for the AHB bus...
3566340000 >> AHB granted, starting recovery...
3585540000 >> Recovery done, continuing...
3585590000 >> Requesting for the AHB bus...
3586640000 >> AHB granted, starting recovery...
3605840000 >> Recovery done, continuing...
3605890000 >> Requesting for the AHB bus...
3606940000 >> AHB granted, starting recovery...
3626140000 >> Recovery done, continuing...
3626190000 >> Requesting for the AHB bus...
3627240000 >> AHB granted, starting recovery...
3646440000 >> Recovery done, continuing...
3646490000 >> Requesting for the AHB bus...
3647540000 >> AHB granted, starting recovery...
3666740000 >> Recovery done, continuing...
3666790000 >> Requesting for the AHB bus...
3667840000 >> AHB granted, starting recovery...
3687040000 >> Recovery done, continuing...
3687090000 >> Requesting for the AHB bus...
3688140000 >> AHB granted, starting recovery...
3707340000 >> Recovery done, continuing...
3707390000 >> Requesting for the AHB bus...
3708440000 >> AHB granted, starting recovery...
3727640000 >> Recovery done, continuing...
3727690000 >> Requesting for the AHB bus...
3728740000 >> AHB granted, starting recovery...
3747940000 >> Recovery done, continuing...
3747990000 >> Requesting for the AHB bus...
3749040000 >> AHB granted, starting recovery...
3768240000 >> Recovery done, continuing...
3768290000 >> Requesting for the AHB bus...
3769340000 >> AHB granted, starting recovery...
3788540000 >> Recovery done, continuing...
3788590000 >> Requesting for the AHB bus...
3789640000 >> AHB granted, starting recovery...
3808840000 >> Recovery done, continuing...
3808890000 >> Requesting for the AHB bus...
3809940000 >> AHB granted, starting recovery...
3829140000 >> Recovery done, continuing...
3829190000 >> Requesting for the AHB bus...
3830240000 >> AHB granted, starting recovery...
3849440000 >> Recovery done, continuing...
3849490000 >> Requesting for the AHB bus...
3850540000 >> AHB granted, starting recovery...
3869740000 >> Recovery done, continuing...
3869790000 >> Requesting for the AHB bus...
3870840000 >> AHB granted, starting recovery...
3890040000 >> Recovery done, continuing...
3890090000 >> Requesting for the AHB bus...
3891140000 >> AHB granted, starting recovery...
3910340000 >> Recovery done, continuing...
3910390000 >> Requesting for the AHB bus...
3911615000 >> AHB granted, starting recovery...
3930815000 >> Recovery done, continuing...
3930865000 >> Requesting for the AHB bus...
3931915000 >> AHB granted, starting recovery...
3951115000 >> Recovery done, continuing...
3951165000 >> Requesting for the AHB bus...
3952215000 >> AHB granted, starting recovery...
3971415000 >> Recovery done, continuing...
3971465000 >> Requesting for the AHB bus...
3972515000 >> AHB granted, starting recovery...
3991715000 >> Recovery done, continuing...
3991765000 >> Requesting for the AHB bus...
3992815000 >> AHB granted, starting recovery...
4012015000 >> Recovery done, continuing...
4012065000 >> Requesting for the AHB bus...
4013115000 >> AHB granted, starting recovery...
4032315000 >> Recovery done, continuing...
4032365000 >> Requesting for the AHB bus...
4033540000 >> AHB granted, starting recovery...
4052740000 >> Recovery done, continuing...
4052790000 >> Requesting for the AHB bus...
4053840000 >> AHB granted, starting recovery...
4073040000 >> Recovery done, continuing...
4073090000 >> Requesting for the AHB bus...
4074140000 >> AHB granted, starting recovery...
4093340000 >> Recovery done, continuing...
4093390000 >> Requesting for the AHB bus...
4094440000 >> AHB granted, starting recovery...
4113640000 >> Recovery done, continuing...
4113690000 >> Requesting for the AHB bus...
4114740000 >> AHB granted, starting recovery...
4133940000 >> Recovery done, continuing...
4133990000 >> Requesting for the AHB bus...
4135040000 >> AHB granted, starting recovery...
4154240000 >> Recovery done, continuing...
4154290000 >> Requesting for the AHB bus...
4155340000 >> AHB granted, starting recovery...
4174540000 >> Recovery done, continuing...
4174590000 >> Requesting for the AHB bus...
4175640000 >> AHB granted, starting recovery...
4194840000 >> Recovery done, continuing...
4194890000 >> Requesting for the AHB bus...
4195940000 >> AHB granted, starting recovery...
4215140000 >> Recovery done, continuing...
4215190000 >> Requesting for the AHB bus...
4216240000 >> AHB granted, starting recovery...
4235440000 >> Recovery done, continuing...
4235490000 >> Requesting for the AHB bus...
4236540000 >> AHB granted, starting recovery...
4255740000 >> Recovery done, continuing...
4255790000 >> Requesting for the AHB bus...
4256840000 >> AHB granted, starting recovery...
4276040000 >> Recovery done, continuing...
4276090000 >> Requesting for the AHB bus...
4277140000 >> AHB granted, starting recovery...
4296340000 >> Recovery done, continuing...
4296390000 >> Requesting for the AHB bus...
4297440000 >> AHB granted, starting recovery...
4316640000 >> Recovery done, continuing...
4316690000 >> Requesting for the AHB bus...
4317740000 >> AHB granted, starting recovery...
4336940000 >> Recovery done, continuing...
4336990000 >> Requesting for the AHB bus...
4338040000 >> AHB granted, starting recovery...
4357240000 >> Recovery done, continuing...
4357290000 >> Requesting for the AHB bus...
4358340000 >> AHB granted, starting recovery...
4377540000 >> Recovery done, continuing...
4377590000 >> Requesting for the AHB bus...
4378815000 >> AHB granted, starting recovery...
4398015000 >> Recovery done, continuing...
4398065000 >> Requesting for the AHB bus...
4399115000 >> AHB granted, starting recovery...
4418315000 >> Recovery done, continuing...
4418365000 >> Requesting for the AHB bus...
4419415000 >> AHB granted, starting recovery...
4438615000 >> Recovery done, continuing...
4438665000 >> Requesting for the AHB bus...
4439715000 >> AHB granted, starting recovery...
4458915000 >> Recovery done, continuing...
4458965000 >> Requesting for the AHB bus...
4460015000 >> AHB granted, starting recovery...
4479215000 >> Recovery done, continuing...
4479265000 >> Requesting for the AHB bus...
4480315000 >> AHB granted, starting recovery...
4499515000 >> Recovery done, continuing...
4499565000 >> Requesting for the AHB bus...
4500740000 >> AHB granted, starting recovery...
4519940000 >> Recovery done, continuing...
4519990000 >> Requesting for the AHB bus...
4521040000 >> AHB granted, starting recovery...
4540240000 >> Recovery done, continuing...
4540290000 >> Requesting for the AHB bus...
4541340000 >> AHB granted, starting recovery...
4560540000 >> Recovery done, continuing...
4560590000 >> Requesting for the AHB bus...
4561640000 >> AHB granted, starting recovery...
4580840000 >> Recovery done, continuing...
4580890000 >> Requesting for the AHB bus...
4581940000 >> AHB granted, starting recovery...
4601140000 >> Recovery done, continuing...
4601190000 >> Requesting for the AHB bus...
4602240000 >> AHB granted, starting recovery...
4621440000 >> Recovery done, continuing...
4621490000 >> Requesting for the AHB bus...
4622540000 >> AHB granted, starting recovery...
4641740000 >> Recovery done, continuing...
4641790000 >> Requesting for the AHB bus...
4642840000 >> AHB granted, starting recovery...
4662040000 >> Recovery done, continuing...
4662090000 >> Requesting for the AHB bus...
4663140000 >> AHB granted, starting recovery...
4682340000 >> Recovery done, continuing...
4682390000 >> Requesting for the AHB bus...
4683440000 >> AHB granted, starting recovery...
4702640000 >> Recovery done, continuing...
4702690000 >> Requesting for the AHB bus...
4703740000 >> AHB granted, starting recovery...
4722940000 >> Recovery done, continuing...
4722990000 >> Requesting for the AHB bus...
4724040000 >> AHB granted, starting recovery...
4743240000 >> Recovery done, continuing...
4743290000 >> Requesting for the AHB bus...
4744340000 >> AHB granted, starting recovery...
4763540000 >> Recovery done, continuing...
4763590000 >> Requesting for the AHB bus...
4764640000 >> AHB granted, starting recovery...
4783840000 >> Recovery done, continuing...
4783890000 >> Requesting for the AHB bus...
4784940000 >> AHB granted, starting recovery...
4804140000 >> Recovery done, continuing...
4804190000 >> Requesting for the AHB bus...
4805240000 >> AHB granted, starting recovery...
4824440000 >> Recovery done, continuing...
4824490000 >> Requesting for the AHB bus...
4825540000 >> AHB granted, starting recovery...
4844740000 >> Recovery done, continuing...
4844790000 >> Requesting for the AHB bus...
4846015000 >> AHB granted, starting recovery...
4865215000 >> Recovery done, continuing...
4865265000 >> Requesting for the AHB bus...
4866315000 >> AHB granted, starting recovery...
4885515000 >> Recovery done, continuing...
4885565000 >> Requesting for the AHB bus...
4886615000 >> AHB granted, starting recovery...
4905815000 >> Recovery done, continuing...
4905865000 >> Requesting for the AHB bus...
4906915000 >> AHB granted, starting recovery...
4926115000 >> Recovery done, continuing...
4926165000 >> Requesting for the AHB bus...
4927215000 >> AHB granted, starting recovery...
4946415000 >> Recovery done, continuing...
4946465000 >> Requesting for the AHB bus...
4947515000 >> AHB granted, starting recovery...
4966715000 >> Recovery done, continuing...
4966765000 >> Requesting for the AHB bus...
4967940000 >> AHB granted, starting recovery...
4987140000 >> Recovery done, continuing...
4987190000 >> Requesting for the AHB bus...
4988240000 >> AHB granted, starting recovery...
5007440000 >> Recovery done, continuing...
5007490000 >> Requesting for the AHB bus...
5008540000 >> AHB granted, starting recovery...
5027740000 >> Recovery done, continuing...
5027790000 >> Requesting for the AHB bus...
5028840000 >> AHB granted, starting recovery...
5048040000 >> Recovery done, continuing...
5048090000 >> Requesting for the AHB bus...
5049140000 >> AHB granted, starting recovery...
5068340000 >> Recovery done, continuing...
5068390000 >> Requesting for the AHB bus...
5069440000 >> AHB granted, starting recovery...
5088640000 >> Recovery done, continuing...
5088690000 >> Requesting for the AHB bus...
5089740000 >> AHB granted, starting recovery...
5108940000 >> Recovery done, continuing...
5108990000 >> Requesting for the AHB bus...
5110040000 >> AHB granted, starting recovery...
5129240000 >> Recovery done, continuing...
5129290000 >> Requesting for the AHB bus...
5130340000 >> AHB granted, starting recovery...
5149540000 >> Recovery done, continuing...
5149590000 >> Requesting for the AHB bus...
5150640000 >> AHB granted, starting recovery...
5169840000 >> Recovery done, continuing...
5169890000 >> Requesting for the AHB bus...
5170940000 >> AHB granted, starting recovery...
5190140000 >> Recovery done, continuing...
5190190000 >> Requesting for the AHB bus...
5191240000 >> AHB granted, starting recovery...
5210440000 >> Recovery done, continuing...
5210490000 >> Requesting for the AHB bus...
5211540000 >> AHB granted, starting recovery...
5230740000 >> Recovery done, continuing...
5230790000 >> Requesting for the AHB bus...
5231840000 >> AHB granted, starting recovery...
5251040000 >> Recovery done, continuing...
5251090000 >> Requesting for the AHB bus...
5252140000 >> AHB granted, starting recovery...
5271340000 >> Recovery done, continuing...
5271390000 >> Requesting for the AHB bus...
5272440000 >> AHB granted, starting recovery...
5291640000 >> Recovery done, continuing...
5291690000 >> Requesting for the AHB bus...
5292740000 >> AHB granted, starting recovery...
5311940000 >> Recovery done, continuing...
5311990000 >> Requesting for the AHB bus...
5313215000 >> AHB granted, starting recovery...
5332415000 >> Recovery done, continuing...
5332465000 >> Requesting for the AHB bus...
5333515000 >> AHB granted, starting recovery...
5352715000 >> Recovery done, continuing...
5352765000 >> Requesting for the AHB bus...
5353815000 >> AHB granted, starting recovery...
5373015000 >> Recovery done, continuing...
5373065000 >> Requesting for the AHB bus...
5374115000 >> AHB granted, starting recovery...
5393315000 >> Recovery done, continuing...
5393365000 >> Requesting for the AHB bus...
5394415000 >> AHB granted, starting recovery...
5413615000 >> Recovery done, continuing...
5413665000 >> Requesting for the AHB bus...
5414715000 >> AHB granted, starting recovery...
5433915000 >> Recovery done, continuing...
5433965000 >> Requesting for the AHB bus...
5435140000 >> AHB granted, starting recovery...
5454340000 >> Recovery done, continuing...
5454390000 >> Requesting for the AHB bus...
5455440000 >> AHB granted, starting recovery...
5474640000 >> Recovery done, continuing...
5474690000 >> Requesting for the AHB bus...
5475740000 >> AHB granted, starting recovery...
5494940000 >> Recovery done, continuing...
5494990000 >> Requesting for the AHB bus...
5496040000 >> AHB granted, starting recovery...
5515240000 >> Recovery done, continuing...
5515290000 >> Requesting for the AHB bus...
5516340000 >> AHB granted, starting recovery...
5535540000 >> Recovery done, continuing...
5535590000 >> Requesting for the AHB bus...
5536640000 >> AHB granted, starting recovery...
5555840000 >> Recovery done, continuing...
5555890000 >> Requesting for the AHB bus...
5556940000 >> AHB granted, starting recovery...
5576140000 >> Recovery done, continuing...
5576190000 >> Requesting for the AHB bus...
5577240000 >> AHB granted, starting recovery...
5596440000 >> Recovery done, continuing...
5596490000 >> Requesting for the AHB bus...
5597540000 >> AHB granted, starting recovery...
5616740000 >> Recovery done, continuing...
5616790000 >> Requesting for the AHB bus...
5617840000 >> AHB granted, starting recovery...
5637040000 >> Recovery done, continuing...
5637090000 >> Requesting for the AHB bus...
5638140000 >> AHB granted, starting recovery...
5657340000 >> Recovery done, continuing...
5657390000 >> Requesting for the AHB bus...
5658440000 >> AHB granted, starting recovery...
5677640000 >> Recovery done, continuing...
5677690000 >> Requesting for the AHB bus...
5678740000 >> AHB granted, starting recovery...
5697940000 >> Recovery done, continuing...
5697990000 >> Requesting for the AHB bus...
5699040000 >> AHB granted, starting recovery...
5718240000 >> Recovery done, continuing...
5718290000 >> Requesting for the AHB bus...
5719340000 >> AHB granted, starting recovery...
5738540000 >> Recovery done, continuing...
5738590000 >> Requesting for the AHB bus...
5739640000 >> AHB granted, starting recovery...
5745715000 >> time limit reached...
/testbench/cpu/l3/u0/leon3x0/vhdl/p0/iu/r.w.wreg:1
/testbench/cpu/l3/u0/leon3x0/vhdl/p0/iu/r.m.irqen:1
/testbench/cpu/l3/u0/leon3x0/vhdl/p0/iu/r.m.icc:0000
/testbench/cpu/l3/u0/leon3x0/vhdl/p0/iu/r.a.ticc:0
/testbench/cpu/l3/u0/leon3x0/vhdl/p0/iu/r.a.step:0
/testbench/cpu/l3/u0/leon3x0/vhdl/p0/iu/r.m.irqen2:1
/testbench/cpu/l3/u0/leon3x0/vhdl/p0/iu/r.d.pc:01000000000000000000001011011100
/testbench/cpu/l3/u0/leon3x0/vhdl/p0/iu/r.d.rexpl:{{00000000000000000000000000000000} {00} {0} 0 0 {0000000000000000000} 0 0 0 0 0 0}
/testbench/cpu/l3/u0/leon3x0/vhdl/p0/iu/r.d.mexc:0
/testbench/cpu/l3/u0/leon3x0/vhdl/p0/iu/r.a.aw:0
/testbench/cpu/l3/u0/leon3x0/vhdl/p0/iu/r.e.ctrl:{{01000000000000000000001011010100} {11000010000001111011111111110100} {00} {10000001} {000000} 0 0 1 0 0 1 1 0 0}
/testbench/cpu/l3/u0/leon3x0/vhdl/p0/iu/r.a.divstart:0
/testbench/cpu/l3/u0/leon3x0/vhdl/p0/iu/r.e.shleft:0
/testbench/cpu/l3/u0/leon3x0/vhdl/p0/iu/r.a.bp:0
/testbench/cpu/l3/u0/leon3x0/vhdl/p0/iu/r.w.twcwp:000
/testbench/cpu/l3/u0/leon3x0/vhdl/p0/iu/r.a.jmpl:0
/testbench/cpu/l3/u0/leon3x0/vhdl/p0/iu/r.m.casa:0
/testbench/cpu/l3/u0/leon3x0/vhdl/p0/iu/r.m.werr:0
/testbench/cpu/l3/u0/leon3x0/vhdl/p0/iu/r.e.su:1
/testbench/cpu/l3/u0/leon3x0/vhdl/p0/iu/r.e.et:1
/testbench/cpu/l3/u0/leon3x0/vhdl/p0/iu/r.a.ldcheck1:1
/testbench/cpu/l3/u0/leon3x0/vhdl/p0/iu/r.d.stwin:000
/testbench/cpu/l3/u0/leon3x0/vhdl/p0/iu/r.a.ldcheck2:0
/testbench/cpu/l3/u0/leon3x0/vhdl/p0/iu/r.x.intack:0
/testbench/cpu/l3/u0/leon3x0/vhdl/p0/iu/r.m.ctrl:{{01000000000000000000001011010000} {11000010001001111011111111111000} {01} {10000001} {000000} 0 0 0 0 0 0 0 0 0}
/testbench/cpu/l3/u0/leon3x0/vhdl/p0/iu/r.a.cwp:101
/testbench/cpu/l3/u0/leon3x0/vhdl/p0/iu/r.e.sari:0
/testbench/cpu/l3/u0/leon3x0/vhdl/p0/iu/r.d.paw:0
/testbench/cpu/l3/u0/leon3x0/vhdl/p0/iu/r.d.aw:0
/testbench/cpu/l3/u0/leon3x0/vhdl/p0/iu/r.d.awp:000
/testbench/cpu/l3/u0/leon3x0/vhdl/p0/iu/r.x.ctrl:{{01000000000000000000001011010000} {11000010001001111011111111111000} {00} {10000001} {000000} 0 0 0 0 0 0 1 0 0}
/testbench/cpu/l3/u0/leon3x0/vhdl/p0/iu/r.m.rexnalign:0
/testbench/cpu/l3/u0/leon3x0/vhdl/p0/iu/r.m.su:1
/testbench/cpu/l3/u0/leon3x0/vhdl/p0/iu/r.m.wcwp:0
/testbench/cpu/l3/u0/leon3x0/vhdl/p0/iu/r.d.divrdy:0
/testbench/cpu/l3/u0/leon3x0/vhdl/p0/iu/r.e.cwp:101
/testbench/cpu/l3/u0/leon3x0/vhdl/p0/iu/r.w.except:0
/testbench/cpu/l3/u0/leon3x0/vhdl/p0/iu/r.x.nerror:0
/testbench/cpu/l3/u0/leon3x0/vhdl/p0/iu/r.a.bpimiss:0
/testbench/cpu/l3/u0/leon3x0/vhdl/p0/iu/r.a.nobp:0
/testbench/cpu/l3/u0/leon3x0/vhdl/p0/iu/r.d.rexcnt:0
/testbench/cpu/l3/u0/leon3x0/vhdl/p0/iu/r.w.s:{{101} {0000} {00000000} {01000000000000000000} {00000010} {0000} 0 0 1 1 1 {00000000000000000000000000000000} {UUUUUUUUUUUUUUUUUUUUUUUUUUUUUUUU} 1 0 0 1 1 1 0 0 {000} {000} {111}}
/testbench/cpu/l3/u0/leon3x0/vhdl/p0/iu/r.d.pv:1
/testbench/cpu/l3/u0/leon3x0/vhdl/p0/iu/r.a.ldchkra:1
/testbench/cpu/l3/u0/leon3x0/vhdl/p0/iu/r.a.rfa1:01101110
/testbench/cpu/l3/u0/leon3x0/vhdl/p0/iu/r.a.rfa2:10000100
/testbench/cpu/l3/u0/leon3x0/vhdl/p0/iu/r.a.imm:00000000000000000000000001000100
/testbench/cpu/l3/u0/leon3x0/vhdl/p0/iu/r.w.wa:10000001
/testbench/cpu/l3/u0/leon3x0/vhdl/p0/iu/r.m.casaz:0
/testbench/cpu/l3/u0/leon3x0/vhdl/p0/iu/r.x.dci:{0 1 0 0 0 0 {10} {00001011}}
/testbench/cpu/l3/u0/leon3x0/vhdl/p0/iu/r.x.mac:0
/testbench/cpu/l3/u0/leon3x0/vhdl/p0/iu/r.m.divz:0
/testbench/cpu/l3/u0/leon3x0/vhdl/p0/iu/r.d.inst:{{10000010000000001000000000000001}}
/testbench/cpu/l3/u0/leon3x0/vhdl/p0/iu/r.e.rfe1:1
/testbench/cpu/l3/u0/leon3x0/vhdl/p0/iu/r.a.wovf:0
/testbench/cpu/l3/u0/leon3x0/vhdl/p0/iu/r.e.rfe2:0
/testbench/cpu/l3/u0/leon3x0/vhdl/p0/iu/r.e.op1:01000000000011111111111010100000
/testbench/cpu/l3/u0/leon3x0/vhdl/p0/iu/r.m.nalign:1
/testbench/cpu/l3/u0/leon3x0/vhdl/p0/iu/r.e.op2:11111111111111111111111111110100
/testbench/cpu/l3/u0/leon3x0/vhdl/p0/iu/r.d.rexen:0
/testbench/cpu/l3/u0/leon3x0/vhdl/p0/iu/r.a.ctrl:{{01000000000000000000001011011000} {11000100000001111010000001000100} {00} {10000010} {000000} 0 0 1 0 0 1 1 0 0}
/testbench/cpu/l3/u0/leon3x0/vhdl/p0/iu/r.x.ipend:0
/testbench/cpu/l3/u0/leon3x0/vhdl/p0/iu/r.e.ldbp1:0
/testbench/cpu/l3/u0/leon3x0/vhdl/p0/iu/r.e.aluadd:1
/testbench/cpu/l3/u0/leon3x0/vhdl/p0/iu/r.d.set:0
/testbench/cpu/l3/u0/leon3x0/vhdl/p0/iu/r.d.inull:0
/testbench/cpu/l3/u0/leon3x0/vhdl/p0/iu/r.e.ldbp2:0
/testbench/cpu/l3/u0/leon3x0/vhdl/p0/iu/r.d.cnt:00
/testbench/cpu/l3/u0/leon3x0/vhdl/p0/iu/r.a.su:1
/testbench/cpu/l3/u0/leon3x0/vhdl/p0/iu/r.a.et:1
/testbench/cpu/l3/u0/leon3x0/vhdl/p0/iu/r.e.mul:0
/testbench/cpu/l3/u0/leon3x0/vhdl/p0/iu/r.e.alusel:00
/testbench/cpu/l3/u0/leon3x0/vhdl/p0/iu/r.e.aw:U
/testbench/cpu/l3/u0/leon3x0/vhdl/p0/iu/r.e.mac:0
/testbench/cpu/l3/u0/leon3x0/vhdl/p0/iu/r.a.decill:0
/testbench/cpu/l3/u0/leon3x0/vhdl/p0/iu/r.x.icc:0000
/testbench/cpu/l3/u0/leon3x0/vhdl/p0/iu/r.x.result:01000000000011111111111010011000
/testbench/cpu/l3/u0/leon3x0/vhdl/p0/iu/r.e.bp:0
/testbench/cpu/l3/u0/leon3x0/vhdl/p0/iu/r.a.rs1:11110
/testbench/cpu/l3/u0/leon3x0/vhdl/p0/iu/r.e.jmpl:0
/testbench/cpu/l3/u0/leon3x0/vhdl/p0/iu/r.a.rsel1:000
/testbench/cpu/l3/u0/leon3x0/vhdl/p0/iu/r.x.y:00000000000000000000000000000000
/testbench/cpu/l3/u0/leon3x0/vhdl/p0/iu/r.a.rsel2:100
/testbench/cpu/l3/u0/leon3x0/vhdl/p0/iu/r.a.awp:000
/testbench/cpu/l3/u0/leon3x0/vhdl/p0/iu/r.a.paw:0
/testbench/cpu/l3/u0/leon3x0/vhdl/p0/iu/r.x.data:{{00000000000000000000000000000010}}
/testbench/cpu/l3/u0/leon3x0/vhdl/p0/iu/r.m.mul:0
/testbench/cpu/l3/u0/leon3x0/vhdl/p0/iu/r.e.rd:UUUUU
/testbench/cpu/l3/u0/leon3x0/vhdl/p0/iu/r.e.invop2:0
/testbench/cpu/l3/u0/leon3x0/vhdl/p0/iu/r.m.wawp:0
/testbench/cpu/l3/u0/leon3x0/vhdl/p0/iu/r.d.cwpmax:111
/testbench/cpu/l3/u0/leon3x0/vhdl/p0/iu/r.f.branch:0
/testbench/cpu/l3/u0/leon3x0/vhdl/p0/iu/r.d.pcheld:0
/testbench/cpu/l3/u0/leon3x0/vhdl/p0/iu/r.m.dci:{0 0 0 1 0 0 {10} {00001011}}
/testbench/cpu/l3/u0/leon3x0/vhdl/p0/iu/r.e.paw:U
/testbench/cpu/l3/u0/leon3x0/vhdl/p0/iu/r.e.awp:UUU
/testbench/cpu/l3/u0/leon3x0/vhdl/p0/iu/r.e.shcnt:10100
/testbench/cpu/l3/u0/leon3x0/vhdl/p0/iu/r.w.result:00000000000000000000000000000011
/testbench/cpu/l3/u0/leon3x0/vhdl/p0/iu/r.m.mac:0
/testbench/cpu/l3/u0/leon3x0/vhdl/p0/iu/r.m.y:00000000000000000000000000000000
/testbench/cpu/l3/u0/leon3x0/vhdl/p0/iu/r.d.cwp:101
/testbench/cpu/l3/u0/leon3x0/vhdl/p0/iu/r.x.laddr:00
/testbench/cpu/l3/u0/leon3x0/vhdl/p0/iu/r.e.mulstep:0
/testbench/cpu/l3/u0/leon3x0/vhdl/p0/iu/r.e.ymsb:0
/testbench/cpu/l3/u0/leon3x0/vhdl/p0/iu/r.d.rexbuf:00000000000000000000000000000000
/testbench/cpu/l3/u0/leon3x0/vhdl/p0/iu/r.x.npc:100
/testbench/cpu/l3/u0/leon3x0/vhdl/p0/iu/r.f.pc:01000000000000000000001011100000
/testbench/cpu/l3/u0/leon3x0/vhdl/p0/iu/r.d.annul:0
/testbench/cpu/l3/u0/leon3x0/vhdl/p0/iu/r.x.rstate:run
/testbench/cpu/l3/u0/leon3x0/vhdl/p0/iu/r.x.set:0
/testbench/cpu/l3/u0/leon3x0/vhdl/p0/iu/r.m.result:00000000000000000000000000000011
/testbench/cpu/l3/u0/leon3x0/vhdl/p0/iu/r.e.icc:UUUU
/testbench/cpu/l3/u0/leon3x0/vhdl/p0/iu/r.a.getpc:0
/testbench/cpu/l3/u0/leon3x0/vhdl/p0/iu/r.a.ldchkex:1
/testbench/cpu/l3/u0/leon3x0/vhdl/p0/iu/r.x.mexc:0
/testbench/cpu/l3/u0/leon3x0/vhdl/p0/iu/r.a.mulstart:0
/testbench/cpu/l3/u0/leon3x0/vhdl/p0/iu/r.d.rexpos:10
/testbench/cpu/l3/u0/leon3x0/vhdl/p0/iu/r.x.annul_all:0
/testbench/cpu/l3/u0/leon3x0/vhdl/p0/iu/r.e.aluop:000
/testbench/cpu/l3/u0/leon3x0/vhdl/p0/iu/r.x.debug:0
/testbench/cpu/l3/u0/leon3x0/vhdl/p0/iu/r.a.rfe1:1
/testbench/cpu/l3/u0/leon3x0/vhdl/p0/iu/r.d.step:0
/testbench/cpu/l3/u0/leon3x0/vhdl/p0/iu/r.a.rfe2:0
/testbench/cpu/l3/u0/leon3x0/vhdl/p0/iu/r.e.alucin:0
/testbench/cpu/l3/u0/leon3x0/vhdl/p0/iu/r.a.wunf:0
======================================
progstatus: -2
execerr: 184
latent: 1
time limit!
>>>>>>>>>>>>>>> 5745715000
======================================
