Test signal = /testbench/cpu/l3/u0/leon3x0/vhdl/p0/iu/r.d.pv
oldval = 1
pos1: 0 pos0: -1 posU: -1
newval = 0
Signal value: 1
oldval = 1
pos1: 0 pos0: -1 posU: -1
newval = 0
force in 3136487
586290000 >> iteration no: 0
1598340000 >> iteration no: 1
2610390000 >> iteration no: 2
3622265000 >> iteration no: 3
3718665000 >> Requesting for the AHB bus...
3718965000 >> Requesting for the AHB bus...
3719465000 >> AHB granted, starting recovery...
3738665000 >> Recovery done, continuing...
3738765000 >> Requesting for the AHB bus...
3739315000 >> Requesting for the AHB bus...
3739765000 >> AHB granted, starting recovery...
3758965000 >> Recovery done, continuing...
3759065000 >> Requesting for the AHB bus...
3759615000 >> Requesting for the AHB bus...
3760065000 >> AHB granted, starting recovery...
3779265000 >> Recovery done, continuing...
3779365000 >> Requesting for the AHB bus...
3779915000 >> Requesting for the AHB bus...
3780365000 >> AHB granted, starting recovery...
3799565000 >> Recovery done, continuing...
3799665000 >> Requesting for the AHB bus...
3800215000 >> Requesting for the AHB bus...
3800665000 >> AHB granted, starting recovery...
3819865000 >> Recovery done, continuing...
3819965000 >> Requesting for the AHB bus...
3820515000 >> Requesting for the AHB bus...
3820965000 >> AHB granted, starting recovery...
3840165000 >> Recovery done, continuing...
3840265000 >> Requesting for the AHB bus...
3840990000 >> Requesting for the AHB bus...
3841440000 >> AHB granted, starting recovery...
3860640000 >> Recovery done, continuing...
3860740000 >> Requesting for the AHB bus...
3861290000 >> Requesting for the AHB bus...
3861740000 >> AHB granted, starting recovery...
3880940000 >> Recovery done, continuing...
3881040000 >> Requesting for the AHB bus...
3881590000 >> Requesting for the AHB bus...
3882040000 >> AHB granted, starting recovery...
3901240000 >> Recovery done, continuing...
3901340000 >> Requesting for the AHB bus...
3901890000 >> Requesting for the AHB bus...
3902340000 >> AHB granted, starting recovery...
3921540000 >> Recovery done, continuing...
3921640000 >> Requesting for the AHB bus...
3922190000 >> Requesting for the AHB bus...
3922640000 >> AHB granted, starting recovery...
3941840000 >> Recovery done, continuing...
3941940000 >> Requesting for the AHB bus...
3942490000 >> Requesting for the AHB bus...
3942940000 >> AHB granted, starting recovery...
3962140000 >> Recovery done, continuing...
3962240000 >> Requesting for the AHB bus...
3962790000 >> Requesting for the AHB bus...
3963240000 >> AHB granted, starting recovery...
3982440000 >> Recovery done, continuing...
3982540000 >> Requesting for the AHB bus...
3983090000 >> Requesting for the AHB bus...
3983540000 >> AHB granted, starting recovery...
4002740000 >> Recovery done, continuing...
4002840000 >> Requesting for the AHB bus...
4003390000 >> Requesting for the AHB bus...
4003840000 >> AHB granted, starting recovery...
4023040000 >> Recovery done, continuing...
4023140000 >> Requesting for the AHB bus...
4023690000 >> Requesting for the AHB bus...
4024140000 >> AHB granted, starting recovery...
4043340000 >> Recovery done, continuing...
4043440000 >> Requesting for the AHB bus...
4043990000 >> Requesting for the AHB bus...
4044440000 >> AHB granted, starting recovery...
4063640000 >> Recovery done, continuing...
4063740000 >> Requesting for the AHB bus...
4064290000 >> Requesting for the AHB bus...
4064740000 >> AHB granted, starting recovery...
4083940000 >> Recovery done, continuing...
4084040000 >> Requesting for the AHB bus...
4084590000 >> Requesting for the AHB bus...
4085040000 >> AHB granted, starting recovery...
4104240000 >> Recovery done, continuing...
4104340000 >> Requesting for the AHB bus...
4104890000 >> Requesting for the AHB bus...
4105340000 >> AHB granted, starting recovery...
4124540000 >> Recovery done, continuing...
4124640000 >> Requesting for the AHB bus...
4125190000 >> Requesting for the AHB bus...
4125640000 >> AHB granted, starting recovery...
4144840000 >> Recovery done, continuing...
4144940000 >> Requesting for the AHB bus...
4145490000 >> Requesting for the AHB bus...
4145940000 >> AHB granted, starting recovery...
4165140000 >> Recovery done, continuing...
4165240000 >> Requesting for the AHB bus...
4165790000 >> Requesting for the AHB bus...
4166240000 >> AHB granted, starting recovery...
4185440000 >> Recovery done, continuing...
4185540000 >> Requesting for the AHB bus...
4186090000 >> Requesting for the AHB bus...
4186540000 >> AHB granted, starting recovery...
4205740000 >> Recovery done, continuing...
4205840000 >> Requesting for the AHB bus...
4206390000 >> Requesting for the AHB bus...
4206840000 >> AHB granted, starting recovery...
4226040000 >> Recovery done, continuing...
4226140000 >> Requesting for the AHB bus...
4226690000 >> Requesting for the AHB bus...
4227140000 >> AHB granted, starting recovery...
4246340000 >> Recovery done, continuing...
4246440000 >> Requesting for the AHB bus...
4246990000 >> Requesting for the AHB bus...
4247440000 >> AHB granted, starting recovery...
4266640000 >> Recovery done, continuing...
4266740000 >> Requesting for the AHB bus...
4267290000 >> Requesting for the AHB bus...
4267740000 >> AHB granted, starting recovery...
4286940000 >> Recovery done, continuing...
4287040000 >> Requesting for the AHB bus...
4287590000 >> Requesting for the AHB bus...
4288040000 >> AHB granted, starting recovery...
4307240000 >> Recovery done, continuing...
4307340000 >> Requesting for the AHB bus...
4308065000 >> Requesting for the AHB bus...
4308515000 >> AHB granted, starting recovery...
4327715000 >> Recovery done, continuing...
4327815000 >> Requesting for the AHB bus...
4328365000 >> Requesting for the AHB bus...
4328815000 >> AHB granted, starting recovery...
4348015000 >> Recovery done, continuing...
4348115000 >> Requesting for the AHB bus...
4348665000 >> Requesting for the AHB bus...
4349115000 >> AHB granted, starting recovery...
4368315000 >> Recovery done, continuing...
4368415000 >> Requesting for the AHB bus...
4368965000 >> Requesting for the AHB bus...
4369415000 >> AHB granted, starting recovery...
4388615000 >> Recovery done, continuing...
4388715000 >> Requesting for the AHB bus...
4389265000 >> Requesting for the AHB bus...
4389715000 >> AHB granted, starting recovery...
4408915000 >> Recovery done, continuing...
4409015000 >> Requesting for the AHB bus...
4409565000 >> Requesting for the AHB bus...
4410015000 >> AHB granted, starting recovery...
4429215000 >> Recovery done, continuing...
4429315000 >> Requesting for the AHB bus...
4429890000 >> Requesting for the AHB bus...
4430340000 >> AHB granted, starting recovery...
4449540000 >> Recovery done, continuing...
4449640000 >> Requesting for the AHB bus...
4450190000 >> Requesting for the AHB bus...
4450640000 >> AHB granted, starting recovery...
4469840000 >> Recovery done, continuing...
4469940000 >> Requesting for the AHB bus...
4470490000 >> Requesting for the AHB bus...
4470940000 >> AHB granted, starting recovery...
4490140000 >> Recovery done, continuing...
4490240000 >> Requesting for the AHB bus...
4490790000 >> Requesting for the AHB bus...
4491240000 >> AHB granted, starting recovery...
4510440000 >> Recovery done, continuing...
4510540000 >> Requesting for the AHB bus...
4511090000 >> Requesting for the AHB bus...
4511540000 >> AHB granted, starting recovery...
4530740000 >> Recovery done, continuing...
4530840000 >> Requesting for the AHB bus...
4531390000 >> Requesting for the AHB bus...
4531840000 >> AHB granted, starting recovery...
4551040000 >> Recovery done, continuing...
4551140000 >> Requesting for the AHB bus...
4551690000 >> Requesting for the AHB bus...
4552140000 >> AHB granted, starting recovery...
4571340000 >> Recovery done, continuing...
4571440000 >> Requesting for the AHB bus...
4571990000 >> Requesting for the AHB bus...
4572440000 >> AHB granted, starting recovery...
4591640000 >> Recovery done, continuing...
4591740000 >> Requesting for the AHB bus...
4592290000 >> Requesting for the AHB bus...
4592740000 >> AHB granted, starting recovery...
4611940000 >> Recovery done, continuing...
4612040000 >> Requesting for the AHB bus...
4612590000 >> Requesting for the AHB bus...
4613040000 >> AHB granted, starting recovery...
4632240000 >> Recovery done, continuing...
4632340000 >> Requesting for the AHB bus...
4632890000 >> Requesting for the AHB bus...
4633340000 >> AHB granted, starting recovery...
4652540000 >> Recovery done, continuing...
4652640000 >> Requesting for the AHB bus...
4653190000 >> Requesting for the AHB bus...
4653640000 >> AHB granted, starting recovery...
4672840000 >> Recovery done, continuing...
4672940000 >> Requesting for the AHB bus...
4673490000 >> Requesting for the AHB bus...
4673940000 >> AHB granted, starting recovery...
4693140000 >> Recovery done, continuing...
4693240000 >> Requesting for the AHB bus...
4693790000 >> Requesting for the AHB bus...
4694240000 >> AHB granted, starting recovery...
4713440000 >> Recovery done, continuing...
4713540000 >> Requesting for the AHB bus...
4714090000 >> Requesting for the AHB bus...
4714540000 >> AHB granted, starting recovery...
4733740000 >> Recovery done, continuing...
4733840000 >> Requesting for the AHB bus...
4734390000 >> Requesting for the AHB bus...
4734840000 >> AHB granted, starting recovery...
4754040000 >> Recovery done, continuing...
4754140000 >> Requesting for the AHB bus...
4754690000 >> Requesting for the AHB bus...
4755140000 >> AHB granted, starting recovery...
4774340000 >> Recovery done, continuing...
4774440000 >> Requesting for the AHB bus...
4775165000 >> Requesting for the AHB bus...
4775615000 >> AHB granted, starting recovery...
4794815000 >> Recovery done, continuing...
4794915000 >> Requesting for the AHB bus...
4795465000 >> Requesting for the AHB bus...
4795915000 >> AHB granted, starting recovery...
4815115000 >> Recovery done, continuing...
4815215000 >> Requesting for the AHB bus...
4815765000 >> Requesting for the AHB bus...
4816215000 >> AHB granted, starting recovery...
4835415000 >> Recovery done, continuing...
4835515000 >> Requesting for the AHB bus...
4836065000 >> Requesting for the AHB bus...
4836515000 >> AHB granted, starting recovery...
4855715000 >> Recovery done, continuing...
4855815000 >> Requesting for the AHB bus...
4856365000 >> Requesting for the AHB bus...
4856815000 >> AHB granted, starting recovery...
4876015000 >> Recovery done, continuing...
4876115000 >> Requesting for the AHB bus...
4876665000 >> Requesting for the AHB bus...
4877115000 >> AHB granted, starting recovery...
4896315000 >> Recovery done, continuing...
4896415000 >> Requesting for the AHB bus...
4897090000 >> Requesting for the AHB bus...
4897540000 >> AHB granted, starting recovery...
4916740000 >> Recovery done, continuing...
4916840000 >> Requesting for the AHB bus...
4917390000 >> Requesting for the AHB bus...
4917840000 >> AHB granted, starting recovery...
4937040000 >> Recovery done, continuing...
4937140000 >> Requesting for the AHB bus...
4937690000 >> Requesting for the AHB bus...
4938140000 >> AHB granted, starting recovery...
4957340000 >> Recovery done, continuing...
4957440000 >> Requesting for the AHB bus...
4957990000 >> Requesting for the AHB bus...
4958440000 >> AHB granted, starting recovery...
4977640000 >> Recovery done, continuing...
4977740000 >> Requesting for the AHB bus...
4978290000 >> Requesting for the AHB bus...
4978740000 >> AHB granted, starting recovery...
4997940000 >> Recovery done, continuing...
4998040000 >> Requesting for the AHB bus...
4998590000 >> Requesting for the AHB bus...
4999040000 >> AHB granted, starting recovery...
5018240000 >> Recovery done, continuing...
5018340000 >> Requesting for the AHB bus...
5018890000 >> Requesting for the AHB bus...
5019340000 >> AHB granted, starting recovery...
5038540000 >> Recovery done, continuing...
5038640000 >> Requesting for the AHB bus...
5039190000 >> Requesting for the AHB bus...
5039640000 >> AHB granted, starting recovery...
5058840000 >> Recovery done, continuing...
5058940000 >> Requesting for the AHB bus...
5059490000 >> Requesting for the AHB bus...
5059940000 >> AHB granted, starting recovery...
5079140000 >> Recovery done, continuing...
5079240000 >> Requesting for the AHB bus...
5079790000 >> Requesting for the AHB bus...
5080240000 >> AHB granted, starting recovery...
5099440000 >> Recovery done, continuing...
5099540000 >> Requesting for the AHB bus...
5100090000 >> Requesting for the AHB bus...
5100540000 >> AHB granted, starting recovery...
5119740000 >> Recovery done, continuing...
5119840000 >> Requesting for the AHB bus...
5120390000 >> Requesting for the AHB bus...
5120840000 >> AHB granted, starting recovery...
5140040000 >> Recovery done, continuing...
5140140000 >> Requesting for the AHB bus...
5140690000 >> Requesting for the AHB bus...
5141140000 >> AHB granted, starting recovery...
5160340000 >> Recovery done, continuing...
5160440000 >> Requesting for the AHB bus...
5160990000 >> Requesting for the AHB bus...
5161440000 >> AHB granted, starting recovery...
5180640000 >> Recovery done, continuing...
5180740000 >> Requesting for the AHB bus...
5181290000 >> Requesting for the AHB bus...
5181740000 >> AHB granted, starting recovery...
5200940000 >> Recovery done, continuing...
5201040000 >> Requesting for the AHB bus...
5201590000 >> Requesting for the AHB bus...
5202040000 >> AHB granted, starting recovery...
5221240000 >> Recovery done, continuing...
5221340000 >> Requesting for the AHB bus...
5221890000 >> Requesting for the AHB bus...
5222340000 >> AHB granted, starting recovery...
5241540000 >> Recovery done, continuing...
5241640000 >> Requesting for the AHB bus...
5242365000 >> Requesting for the AHB bus...
5242815000 >> AHB granted, starting recovery...
5262015000 >> Recovery done, continuing...
5262115000 >> Requesting for the AHB bus...
5262665000 >> Requesting for the AHB bus...
5263115000 >> AHB granted, starting recovery...
5282315000 >> Recovery done, continuing...
5282415000 >> Requesting for the AHB bus...
5282965000 >> Requesting for the AHB bus...
5283415000 >> AHB granted, starting recovery...
5302615000 >> Recovery done, continuing...
5302715000 >> Requesting for the AHB bus...
5303265000 >> Requesting for the AHB bus...
5303715000 >> AHB granted, starting recovery...
5322915000 >> Recovery done, continuing...
5323015000 >> Requesting for the AHB bus...
5323565000 >> Requesting for the AHB bus...
5324015000 >> AHB granted, starting recovery...
5343215000 >> Recovery done, continuing...
5343315000 >> Requesting for the AHB bus...
5343865000 >> Requesting for the AHB bus...
5344315000 >> AHB granted, starting recovery...
5363515000 >> Recovery done, continuing...
5363615000 >> Requesting for the AHB bus...
5364290000 >> Requesting for the AHB bus...
5364740000 >> AHB granted, starting recovery...
5383940000 >> Recovery done, continuing...
5384040000 >> Requesting for the AHB bus...
5384590000 >> Requesting for the AHB bus...
5385040000 >> AHB granted, starting recovery...
5404240000 >> Recovery done, continuing...
5404340000 >> Requesting for the AHB bus...
5404890000 >> Requesting for the AHB bus...
5405340000 >> AHB granted, starting recovery...
5424540000 >> Recovery done, continuing...
5424640000 >> Requesting for the AHB bus...
5425190000 >> Requesting for the AHB bus...
5425640000 >> AHB granted, starting recovery...
5444840000 >> Recovery done, continuing...
5444940000 >> Requesting for the AHB bus...
5445490000 >> Requesting for the AHB bus...
5445940000 >> AHB granted, starting recovery...
5465140000 >> Recovery done, continuing...
5465240000 >> Requesting for the AHB bus...
5465790000 >> Requesting for the AHB bus...
5466240000 >> AHB granted, starting recovery...
5485440000 >> Recovery done, continuing...
5485540000 >> Requesting for the AHB bus...
5486090000 >> Requesting for the AHB bus...
5486540000 >> AHB granted, starting recovery...
5505740000 >> Recovery done, continuing...
5505840000 >> Requesting for the AHB bus...
5506390000 >> Requesting for the AHB bus...
5506840000 >> AHB granted, starting recovery...
5526040000 >> Recovery done, continuing...
5526140000 >> Requesting for the AHB bus...
5526690000 >> Requesting for the AHB bus...
5527140000 >> AHB granted, starting recovery...
5546340000 >> Recovery done, continuing...
5546440000 >> Requesting for the AHB bus...
5546990000 >> Requesting for the AHB bus...
5547440000 >> AHB granted, starting recovery...
5566640000 >> Recovery done, continuing...
5566740000 >> Requesting for the AHB bus...
5567290000 >> Requesting for the AHB bus...
5567740000 >> AHB granted, starting recovery...
5586940000 >> Recovery done, continuing...
5587040000 >> Requesting for the AHB bus...
5587590000 >> Requesting for the AHB bus...
5588040000 >> AHB granted, starting recovery...
5607240000 >> Recovery done, continuing...
5607340000 >> Requesting for the AHB bus...
5607890000 >> Requesting for the AHB bus...
5608340000 >> AHB granted, starting recovery...
5627540000 >> Recovery done, continuing...
5627640000 >> Requesting for the AHB bus...
5628190000 >> Requesting for the AHB bus...
5628640000 >> AHB granted, starting recovery...
5647840000 >> Recovery done, continuing...
5647940000 >> Requesting for the AHB bus...
5648490000 >> Requesting for the AHB bus...
5648940000 >> AHB granted, starting recovery...
5668140000 >> Recovery done, continuing...
5668240000 >> Requesting for the AHB bus...
5668790000 >> Requesting for the AHB bus...
5669240000 >> AHB granted, starting recovery...
5688440000 >> Recovery done, continuing...
5688540000 >> Requesting for the AHB bus...
5689090000 >> Requesting for the AHB bus...
5689540000 >> AHB granted, starting recovery...
5708740000 >> Recovery done, continuing...
5708840000 >> Requesting for the AHB bus...
5709565000 >> Requesting for the AHB bus...
5710015000 >> AHB granted, starting recovery...
5729215000 >> Recovery done, continuing...
5729315000 >> Requesting for the AHB bus...
5729865000 >> Requesting for the AHB bus...
5730315000 >> AHB granted, starting recovery...
5745715000 >> time limit reached...
/testbench/cpu/l3/u0/leon3x0/vhdl/p0/iu/r.w.wreg:0
/testbench/cpu/l3/u0/leon3x0/vhdl/p0/iu/r.m.irqen:1
/testbench/cpu/l3/u0/leon3x0/vhdl/p0/iu/r.m.icc:0000
/testbench/cpu/l3/u0/leon3x0/vhdl/p0/iu/r.a.ticc:0
/testbench/cpu/l3/u0/leon3x0/vhdl/p0/iu/r.a.step:0
/testbench/cpu/l3/u0/leon3x0/vhdl/p0/iu/r.m.irqen2:1
/testbench/cpu/l3/u0/leon3x0/vhdl/p0/iu/r.d.pc:01000000000000000000001101100000
/testbench/cpu/l3/u0/leon3x0/vhdl/p0/iu/r.d.rexpl:{{00000000000000000000000000000000} {00} {0} 0 0 {0000000000000000000} 0 0 0 0 0 0}
/testbench/cpu/l3/u0/leon3x0/vhdl/p0/iu/r.d.mexc:0
/testbench/cpu/l3/u0/leon3x0/vhdl/p0/iu/r.a.aw:0
/testbench/cpu/l3/u0/leon3x0/vhdl/p0/iu/r.e.ctrl:{{01000000000000000000001101011100} {10000010000000000110000000000001} {00} {10000001} {000000} 0 1 0 0 0 0 0 0 0}
/testbench/cpu/l3/u0/leon3x0/vhdl/p0/iu/r.a.divstart:0
/testbench/cpu/l3/u0/leon3x0/vhdl/p0/iu/r.e.shleft:0
/testbench/cpu/l3/u0/leon3x0/vhdl/p0/iu/r.a.bp:0
/testbench/cpu/l3/u0/leon3x0/vhdl/p0/iu/r.w.twcwp:000
/testbench/cpu/l3/u0/leon3x0/vhdl/p0/iu/r.a.jmpl:0
/testbench/cpu/l3/u0/leon3x0/vhdl/p0/iu/r.m.casa:0
/testbench/cpu/l3/u0/leon3x0/vhdl/p0/iu/r.m.werr:0
/testbench/cpu/l3/u0/leon3x0/vhdl/p0/iu/r.e.su:1
/testbench/cpu/l3/u0/leon3x0/vhdl/p0/iu/r.e.et:1
/testbench/cpu/l3/u0/leon3x0/vhdl/p0/iu/r.a.ldcheck1:1
/testbench/cpu/l3/u0/leon3x0/vhdl/p0/iu/r.d.stwin:000
/testbench/cpu/l3/u0/leon3x0/vhdl/p0/iu/r.a.ldcheck2:0
/testbench/cpu/l3/u0/leon3x0/vhdl/p0/iu/r.x.intack:0
/testbench/cpu/l3/u0/leon3x0/vhdl/p0/iu/r.m.ctrl:{{01000000000000000000001101011000} {11000010000001111011111111110100} {00} {10000001} {000000} 0 0 1 0 0 1 0 0 0}
/testbench/cpu/l3/u0/leon3x0/vhdl/p0/iu/r.a.cwp:101
/testbench/cpu/l3/u0/leon3x0/vhdl/p0/iu/r.e.sari:0
/testbench/cpu/l3/u0/leon3x0/vhdl/p0/iu/r.d.paw:0
/testbench/cpu/l3/u0/leon3x0/vhdl/p0/iu/r.d.aw:0
/testbench/cpu/l3/u0/leon3x0/vhdl/p0/iu/r.d.awp:000
/testbench/cpu/l3/u0/leon3x0/vhdl/p0/iu/r.x.ctrl:{{01000000000000000000001101010100} {11000010001001111011111111101100} {01} {10000001} {000000} 0 0 0 0 0 0 0 0 0}
/testbench/cpu/l3/u0/leon3x0/vhdl/p0/iu/r.m.rexnalign:0
/testbench/cpu/l3/u0/leon3x0/vhdl/p0/iu/r.m.su:1
/testbench/cpu/l3/u0/leon3x0/vhdl/p0/iu/r.m.wcwp:0
/testbench/cpu/l3/u0/leon3x0/vhdl/p0/iu/r.d.divrdy:0
/testbench/cpu/l3/u0/leon3x0/vhdl/p0/iu/r.e.cwp:101
/testbench/cpu/l3/u0/leon3x0/vhdl/p0/iu/r.w.except:0
/testbench/cpu/l3/u0/leon3x0/vhdl/p0/iu/r.x.nerror:0
/testbench/cpu/l3/u0/leon3x0/vhdl/p0/iu/r.a.bpimiss:0
/testbench/cpu/l3/u0/leon3x0/vhdl/p0/iu/r.a.nobp:0
/testbench/cpu/l3/u0/leon3x0/vhdl/p0/iu/r.d.rexcnt:0
/testbench/cpu/l3/u0/leon3x0/vhdl/p0/iu/r.w.s:{{101} {0000} {00000000} {01000000000000000000} {00000010} {0000} 0 0 1 1 1 {00000000000000000000000000000000} {UUUUUUUUUUUUUUUUUUUUUUUUUUUUUUUU} 1 0 0 1 1 1 0 0 {000} {000} {111}}
/testbench/cpu/l3/u0/leon3x0/vhdl/p0/iu/r.d.pv:1
/testbench/cpu/l3/u0/leon3x0/vhdl/p0/iu/r.a.ldchkra:1
/testbench/cpu/l3/u0/leon3x0/vhdl/p0/iu/r.a.rfa1:10000001
/testbench/cpu/l3/u0/leon3x0/vhdl/p0/iu/r.a.rfa2:10000001
/testbench/cpu/l3/u0/leon3x0/vhdl/p0/iu/r.a.imm:00000000000000000000000000000001
/testbench/cpu/l3/u0/leon3x0/vhdl/p0/iu/r.w.wa:10000001
/testbench/cpu/l3/u0/leon3x0/vhdl/p0/iu/r.m.casaz:0
/testbench/cpu/l3/u0/leon3x0/vhdl/p0/iu/r.x.dci:{0 0 0 1 0 0 {10} {00001011}}
/testbench/cpu/l3/u0/leon3x0/vhdl/p0/iu/r.x.mac:0
/testbench/cpu/l3/u0/leon3x0/vhdl/p0/iu/r.m.divz:0
/testbench/cpu/l3/u0/leon3x0/vhdl/p0/iu/r.d.inst:{{00000000000000000000000000000000}}
/testbench/cpu/l3/u0/leon3x0/vhdl/p0/iu/r.e.rfe1:0
/testbench/cpu/l3/u0/leon3x0/vhdl/p0/iu/r.a.wovf:0
/testbench/cpu/l3/u0/leon3x0/vhdl/p0/iu/r.e.rfe2:0
/testbench/cpu/l3/u0/leon3x0/vhdl/p0/iu/r.e.op1:01000000000011111111111010010100
/testbench/cpu/l3/u0/leon3x0/vhdl/p0/iu/r.m.nalign:0
/testbench/cpu/l3/u0/leon3x0/vhdl/p0/iu/r.e.op2:00000000000000000000000000000001
/testbench/cpu/l3/u0/leon3x0/vhdl/p0/iu/r.d.rexen:0
/testbench/cpu/l3/u0/leon3x0/vhdl/p0/iu/r.a.ctrl:{{01000000000000000000001101011100} {10000010000000000110000000000001} {00} {10000001} {000000} 0 0 1 0 0 0 1 0 0}
/testbench/cpu/l3/u0/leon3x0/vhdl/p0/iu/r.x.ipend:0
/testbench/cpu/l3/u0/leon3x0/vhdl/p0/iu/r.e.ldbp1:0
/testbench/cpu/l3/u0/leon3x0/vhdl/p0/iu/r.e.aluadd:1
/testbench/cpu/l3/u0/leon3x0/vhdl/p0/iu/r.d.set:0
/testbench/cpu/l3/u0/leon3x0/vhdl/p0/iu/r.d.inull:0
/testbench/cpu/l3/u0/leon3x0/vhdl/p0/iu/r.e.ldbp2:0
/testbench/cpu/l3/u0/leon3x0/vhdl/p0/iu/r.d.cnt:00
/testbench/cpu/l3/u0/leon3x0/vhdl/p0/iu/r.a.su:1
/testbench/cpu/l3/u0/leon3x0/vhdl/p0/iu/r.a.et:1
/testbench/cpu/l3/u0/leon3x0/vhdl/p0/iu/r.e.mul:0
/testbench/cpu/l3/u0/leon3x0/vhdl/p0/iu/r.e.alusel:00
/testbench/cpu/l3/u0/leon3x0/vhdl/p0/iu/r.e.aw:U
/testbench/cpu/l3/u0/leon3x0/vhdl/p0/iu/r.e.mac:0
/testbench/cpu/l3/u0/leon3x0/vhdl/p0/iu/r.a.decill:0
/testbench/cpu/l3/u0/leon3x0/vhdl/p0/iu/r.x.icc:0000
/testbench/cpu/l3/u0/leon3x0/vhdl/p0/iu/r.x.result:00000000000000000000000000000001
/testbench/cpu/l3/u0/leon3x0/vhdl/p0/iu/r.e.bp:0
/testbench/cpu/l3/u0/leon3x0/vhdl/p0/iu/r.a.rs1:00001
/testbench/cpu/l3/u0/leon3x0/vhdl/p0/iu/r.e.jmpl:0
/testbench/cpu/l3/u0/leon3x0/vhdl/p0/iu/r.a.rsel1:010
/testbench/cpu/l3/u0/leon3x0/vhdl/p0/iu/r.x.y:00000000000000000000000000000000
/testbench/cpu/l3/u0/leon3x0/vhdl/p0/iu/r.a.rsel2:100
/testbench/cpu/l3/u0/leon3x0/vhdl/p0/iu/r.a.awp:000
/testbench/cpu/l3/u0/leon3x0/vhdl/p0/iu/r.a.paw:0
/testbench/cpu/l3/u0/leon3x0/vhdl/p0/iu/r.x.data:{{00000000000000000000000000001001}}
/testbench/cpu/l3/u0/leon3x0/vhdl/p0/iu/r.m.mul:0
/testbench/cpu/l3/u0/leon3x0/vhdl/p0/iu/r.e.rd:UUUUU
/testbench/cpu/l3/u0/leon3x0/vhdl/p0/iu/r.e.invop2:0
/testbench/cpu/l3/u0/leon3x0/vhdl/p0/iu/r.m.wawp:0
/testbench/cpu/l3/u0/leon3x0/vhdl/p0/iu/r.d.cwpmax:111
/testbench/cpu/l3/u0/leon3x0/vhdl/p0/iu/r.f.branch:0
/testbench/cpu/l3/u0/leon3x0/vhdl/p0/iu/r.d.pcheld:0
/testbench/cpu/l3/u0/leon3x0/vhdl/p0/iu/r.m.dci:{0 1 1 0 0 0 {10} {00001011}}
/testbench/cpu/l3/u0/leon3x0/vhdl/p0/iu/r.e.paw:U
/testbench/cpu/l3/u0/leon3x0/vhdl/p0/iu/r.e.awp:UUU
/testbench/cpu/l3/u0/leon3x0/vhdl/p0/iu/r.e.shcnt:00001
/testbench/cpu/l3/u0/leon3x0/vhdl/p0/iu/r.w.result:01000000000011111111111010001100
/testbench/cpu/l3/u0/leon3x0/vhdl/p0/iu/r.m.mac:0
/testbench/cpu/l3/u0/leon3x0/vhdl/p0/iu/r.m.y:00000000000000000000000000000000
/testbench/cpu/l3/u0/leon3x0/vhdl/p0/iu/r.d.cwp:101
/testbench/cpu/l3/u0/leon3x0/vhdl/p0/iu/r.x.laddr:01
/testbench/cpu/l3/u0/leon3x0/vhdl/p0/iu/r.e.mulstep:0
/testbench/cpu/l3/u0/leon3x0/vhdl/p0/iu/r.e.ymsb:0
/testbench/cpu/l3/u0/leon3x0/vhdl/p0/iu/r.d.rexbuf:00000000000000000000000000000000
/testbench/cpu/l3/u0/leon3x0/vhdl/p0/iu/r.x.npc:100
/testbench/cpu/l3/u0/leon3x0/vhdl/p0/iu/r.f.pc:01000000000000000000001101100100
/testbench/cpu/l3/u0/leon3x0/vhdl/p0/iu/r.d.annul:0
/testbench/cpu/l3/u0/leon3x0/vhdl/p0/iu/r.x.rstate:run
/testbench/cpu/l3/u0/leon3x0/vhdl/p0/iu/r.x.set:0
/testbench/cpu/l3/u0/leon3x0/vhdl/p0/iu/r.m.result:01000000000011111111111010010100
/testbench/cpu/l3/u0/leon3x0/vhdl/p0/iu/r.e.icc:UUUU
/testbench/cpu/l3/u0/leon3x0/vhdl/p0/iu/r.a.getpc:0
/testbench/cpu/l3/u0/leon3x0/vhdl/p0/iu/r.a.ldchkex:1
/testbench/cpu/l3/u0/leon3x0/vhdl/p0/iu/r.x.mexc:0
/testbench/cpu/l3/u0/leon3x0/vhdl/p0/iu/r.a.mulstart:0
/testbench/cpu/l3/u0/leon3x0/vhdl/p0/iu/r.d.rexpos:10
/testbench/cpu/l3/u0/leon3x0/vhdl/p0/iu/r.x.annul_all:0
/testbench/cpu/l3/u0/leon3x0/vhdl/p0/iu/r.e.aluop:000
/testbench/cpu/l3/u0/leon3x0/vhdl/p0/iu/r.x.debug:0
/testbench/cpu/l3/u0/leon3x0/vhdl/p0/iu/r.a.rfe1:0
/testbench/cpu/l3/u0/leon3x0/vhdl/p0/iu/r.d.step:0
/testbench/cpu/l3/u0/leon3x0/vhdl/p0/iu/r.a.rfe2:0
/testbench/cpu/l3/u0/leon3x0/vhdl/p0/iu/r.e.alucin:0
/testbench/cpu/l3/u0/leon3x0/vhdl/p0/iu/r.a.wunf:0
======================================
progstatus: -2
execerr: 100
latent: 1
time limit!
>>>>>>>>>>>>>>> 5745715000
======================================
