Test signal = /testbench/cpu/l3/u0/leon3x0/vhdl/p0/iu/r.a.ticc
oldval = 0
pos1: -1 pos0: 0 posU: -1
newval = 1
Signal value: 0
force in 114896
583765000 >> iteration no: 0
593190000 >> iteration no: 1
602765000 >> iteration no: 2
612190000 >> iteration no: 3
621615000 >> iteration no: 4
631190000 >> iteration no: 5
640615000 >> iteration no: 6
650140000 >> iteration no: 7
659565000 >> iteration no: 8
669165000 >> iteration no: 9
678590000 >> iteration no: 10
688165000 >> iteration no: 11
oldval = 0
pos1: -1 pos0: 0 posU: -1
newval = 1
694465000 >> Error detected...
694690000 >> Error detected...
696465000 >> Error detected...
696840000 >> Error detected...
697115000 >> Error detected...
697590000 >> iteration no: 12
697865000 >> Error detected...
698590000 >> Error detected...
699290000 >> Error detected...
699865000 >> Error detected...
700140000 >> Error detected...
700465000 >> Error detected...
700865000 >> Error detected...
701690000 >> Error detected...
701990000 >> Error detected...
702290000 >> Error detected...
702615000 >> Error detected...
703015000 >> Error detected...
703590000 >> Error detected...
703890000 >> Error detected...
704290000 >> Error detected...
705290000 >> Error detected...
705615000 >> Error detected...
706065000 >> Error detected...
706440000 >> Error detected...
706715000 >> Error detected...
707190000 >> iteration no: 13
707465000 >> Error detected...
708015000 >> Error detected...
708715000 >> Error detected...
709290000 >> Error detected...
709565000 >> Error detected...
709890000 >> Error detected...
710290000 >> Error detected...
711290000 >> Error detected...
711590000 >> Error detected...
711890000 >> Error detected...
712215000 >> Error detected...
712615000 >> Error detected...
713190000 >> Error detected...
713490000 >> Error detected...
713890000 >> Error detected...
714715000 >> Error detected...
715040000 >> Error detected...
715490000 >> Error detected...
715865000 >> Error detected...
716140000 >> Error detected...
716615000 >> iteration no: 14
716890000 >> Error detected...
717615000 >> Error detected...
718315000 >> Error detected...
718890000 >> Error detected...
719165000 >> Error detected...
719490000 >> Error detected...
719890000 >> Error detected...
720715000 >> Error detected...
721015000 >> Error detected...
721315000 >> Error detected...
721640000 >> Error detected...
722040000 >> Error detected...
722615000 >> Error detected...
722915000 >> Error detected...
723315000 >> Error detected...
724315000 >> Error detected...
724640000 >> Error detected...
725090000 >> Error detected...
725465000 >> Error detected...
725740000 >> Error detected...
726215000 >> iteration no: 15
726490000 >> Error detected...
727040000 >> Error detected...
727740000 >> Error detected...
728315000 >> Error detected...
728590000 >> Error detected...
728915000 >> Error detected...
729315000 >> Error detected...
730140000 >> Error detected...
730590000 >> Error detected...
730890000 >> Error detected...
731215000 >> Error detected...
731615000 >> Error detected...
732190000 >> Error detected...
732490000 >> Error detected...
732890000 >> Error detected...
733715000 >> Error detected...
734040000 >> Error detected...
734490000 >> Error detected...
734865000 >> Error detected...
735140000 >> Error detected...
735615000 >> iteration no: 16
735890000 >> Error detected...
736440000 >> Error detected...
737315000 >> Error detected...
737890000 >> Error detected...
738165000 >> Error detected...
738490000 >> Error detected...
738890000 >> Error detected...
739715000 >> Error detected...
740015000 >> Error detected...
740315000 >> Error detected...
740640000 >> Error detected...
741040000 >> Error detected...
741615000 >> Error detected...
741915000 >> Error detected...
742315000 >> Error detected...
743315000 >> Error detected...
743640000 >> Error detected...
744090000 >> Error detected...
744465000 >> Error detected...
744740000 >> Error detected...
745215000 >> iteration no: 17
745490000 >> Error detected...
746040000 >> Error detected...
746740000 >> Error detected...
747315000 >> Error detected...
747590000 >> Error detected...
747915000 >> Error detected...
748315000 >> Error detected...
749140000 >> Error detected...
749440000 >> Error detected...
749915000 >> Error detected...
750240000 >> Error detected...
750640000 >> Error detected...
751215000 >> Error detected...
751515000 >> Error detected...
751915000 >> Error detected...
752740000 >> Error detected...
753065000 >> Error detected...
753515000 >> Error detected...
753890000 >> Error detected...
754165000 >> Error detected...
754640000 >> iteration no: 18
754915000 >> Error detected...
755465000 >> Error detected...
756340000 >> Error detected...
756915000 >> Error detected...
757190000 >> Error detected...
757515000 >> Error detected...
757915000 >> Error detected...
758740000 >> Error detected...
759040000 >> Error detected...
759340000 >> Error detected...
759665000 >> Error detected...
760065000 >> Error detected...
760640000 >> Error detected...
760940000 >> Error detected...
761340000 >> Error detected...
762165000 >> Error detected...
762640000 >> Error detected...
763090000 >> Error detected...
763465000 >> Error detected...
763740000 >> Error detected...
764215000 >> iteration no: 19
764490000 >> Error detected...
765040000 >> Error detected...
765740000 >> Error detected...
766315000 >> Error detected...
766590000 >> Error detected...
766915000 >> Error detected...
767315000 >> Error detected...
768140000 >> Error detected...
768440000 >> Error detected...
768915000 >> Error detected...
769240000 >> Error detected...
769640000 >> Error detected...
770215000 >> Error detected...
770515000 >> Error detected...
770915000 >> Error detected...
771740000 >> Error detected...
772065000 >> Error detected...
772515000 >> Error detected...
772890000 >> Error detected...
773165000 >> Error detected...
773640000 >> iteration no: 20
773915000 >> Error detected...
774465000 >> Error detected...
775340000 >> Error detected...
775915000 >> Error detected...
776190000 >> Error detected...
776515000 >> Error detected...
776915000 >> Error detected...
777740000 >> Error detected...
778040000 >> Error detected...
778340000 >> Error detected...
778665000 >> Error detected...
779065000 >> Error detected...
779640000 >> Error detected...
779940000 >> Error detected...
780340000 >> Error detected...
781165000 >> Error detected...
781665000 >> Error detected...
782115000 >> Error detected...
782490000 >> Error detected...
782765000 >> Error detected...
783240000 >> iteration no: 21
783515000 >> Error detected...
784065000 >> Error detected...
784765000 >> Error detected...
785340000 >> Error detected...
785615000 >> Error detected...
785940000 >> Error detected...
786340000 >> Error detected...
787165000 >> Error detected...
787465000 >> Error detected...
787765000 >> Error detected...
788265000 >> Error detected...
788665000 >> Error detected...
789240000 >> Error detected...
789540000 >> Error detected...
789940000 >> Error detected...
790765000 >> Error detected...
791090000 >> Error detected...
791540000 >> Error detected...
791915000 >> Error detected...
792190000 >> Error detected...
792665000 >> iteration no: 22
792940000 >> Error detected...
793490000 >> Error detected...
794190000 >> Error detected...
794915000 >> Error detected...
795190000 >> Error detected...
795515000 >> Error detected...
795915000 >> Error detected...
796740000 >> Error detected...
797040000 >> Error detected...
797340000 >> Error detected...
797665000 >> Error detected...
798065000 >> Error detected...
798640000 >> Error detected...
798940000 >> Error detected...
799340000 >> Error detected...
800165000 >> Error detected...
800490000 >> Error detected...
801115000 >> Error detected...
801490000 >> Error detected...
801765000 >> Error detected...
802240000 >> iteration no: 23
802515000 >> Error detected...
803065000 >> Error detected...
803765000 >> Error detected...
804340000 >> Error detected...
804615000 >> Error detected...
804940000 >> Error detected...
805340000 >> Error detected...
806165000 >> Error detected...
806465000 >> Error detected...
806765000 >> Error detected...
807265000 >> Error detected...
807665000 >> Error detected...
808240000 >> Error detected...
808540000 >> Error detected...
808940000 >> Error detected...
809765000 >> Error detected...
810090000 >> Error detected...
810540000 >> Error detected...
810915000 >> Error detected...
811190000 >> Error detected...
811665000 >> iteration no: 24
811940000 >> Error detected...
812490000 >> Error detected...
813190000 >> Error detected...
813915000 >> Error detected...
814190000 >> Error detected...
814515000 >> Error detected...
814915000 >> Error detected...
815740000 >> Error detected...
816040000 >> Error detected...
816340000 >> Error detected...
816665000 >> Error detected...
817065000 >> Error detected...
817640000 >> Error detected...
817940000 >> Error detected...
818340000 >> Error detected...
819165000 >> Error detected...
819490000 >> Error detected...
819940000 >> Error detected...
820490000 >> Error detected...
820765000 >> Error detected...
821240000 >> iteration no: 25
821515000 >> Error detected...
822065000 >> Error detected...
822765000 >> Error detected...
823340000 >> Error detected...
823615000 >> Error detected...
823940000 >> Error detected...
824340000 >> Error detected...
825165000 >> Error detected...
825465000 >> Error detected...
825765000 >> Error detected...
826090000 >> Error detected...
826665000 >> Error detected...
827240000 >> Error detected...
827540000 >> Error detected...
827940000 >> Error detected...
828765000 >> Error detected...
829090000 >> Error detected...
829540000 >> Error detected...
829915000 >> Error detected...
830190000 >> Error detected...
830665000 >> iteration no: 26
830940000 >> Error detected...
831490000 >> Error detected...
832190000 >> Error detected...
832940000 >> Error detected...
833215000 >> Error detected...
833540000 >> Error detected...
833940000 >> Error detected...
834765000 >> Error detected...
835065000 >> Error detected...
835365000 >> Error detected...
835690000 >> Error detected...
836090000 >> Error detected...
836665000 >> Error detected...
836965000 >> Error detected...
837365000 >> Error detected...
838190000 >> Error detected...
838515000 >> Error detected...
838965000 >> Error detected...
839515000 >> Error detected...
839790000 >> Error detected...
840265000 >> iteration no: 27
840540000 >> Error detected...
841090000 >> Error detected...
841790000 >> Error detected...
842365000 >> Error detected...
842640000 >> Error detected...
842965000 >> Error detected...
843365000 >> Error detected...
844190000 >> Error detected...
844490000 >> Error detected...
844790000 >> Error detected...
845115000 >> Error detected...
845515000 >> Error detected...
846265000 >> Error detected...
846565000 >> Error detected...
846965000 >> Error detected...
847790000 >> Error detected...
848115000 >> Error detected...
848565000 >> Error detected...
848940000 >> Error detected...
849215000 >> Error detected...
849690000 >> iteration no: 28
849965000 >> Error detected...
850515000 >> Error detected...
851215000 >> Error detected...
851790000 >> Error detected...
852240000 >> Error detected...
852565000 >> Error detected...
852965000 >> Error detected...
853790000 >> Error detected...
854090000 >> Error detected...
854390000 >> Error detected...
854715000 >> Error detected...
855115000 >> Error detected...
855690000 >> Error detected...
855990000 >> Error detected...
856390000 >> Error detected...
857215000 >> Error detected...
857540000 >> Error detected...
857990000 >> Error detected...
858540000 >> Error detected...
858815000 >> Error detected...
859290000 >> iteration no: 29
859565000 >> Error detected...
860115000 >> Error detected...
860815000 >> Error detected...
861390000 >> Error detected...
861665000 >> Error detected...
861990000 >> Error detected...
862390000 >> Error detected...
863215000 >> Error detected...
863515000 >> Error detected...
863815000 >> Error detected...
864140000 >> Error detected...
864540000 >> Error detected...
865290000 >> Error detected...
865590000 >> Error detected...
865990000 >> Error detected...
866815000 >> Error detected...
867140000 >> Error detected...
867590000 >> Error detected...
867965000 >> Error detected...
868240000 >> Error detected...
868715000 >> iteration no: 30
868990000 >> Error detected...
869540000 >> Error detected...
870240000 >> Error detected...
870815000 >> Error detected...
871265000 >> Error detected...
871590000 >> Error detected...
871990000 >> Error detected...
872815000 >> Error detected...
873115000 >> Error detected...
873415000 >> Error detected...
873740000 >> Error detected...
874140000 >> Error detected...
874715000 >> Error detected...
875015000 >> Error detected...
875415000 >> Error detected...
876240000 >> Error detected...
876565000 >> Error detected...
877015000 >> Error detected...
877390000 >> Error detected...
877765000 >> Error detected...
878240000 >> iteration no: 31
878515000 >> Error detected...
879065000 >> Error detected...
879765000 >> Error detected...
880340000 >> Error detected...
880615000 >> Error detected...
880940000 >> Error detected...
881340000 >> Error detected...
882165000 >> Error detected...
882465000 >> Error detected...
882765000 >> Error detected...
883090000 >> Error detected...
883490000 >> Error detected...
884240000 >> Error detected...
884540000 >> Error detected...
884940000 >> Error detected...
885765000 >> Error detected...
886090000 >> Error detected...
886540000 >> Error detected...
886915000 >> Error detected...
887190000 >> Error detected...
887665000 >> iteration no: 32
887940000 >> Error detected...
888490000 >> Error detected...
889190000 >> Error detected...
889765000 >> Error detected...
890040000 >> Error detected...
890515000 >> Error detected...
890915000 >> Error detected...
891740000 >> Error detected...
892040000 >> Error detected...
892340000 >> Error detected...
892665000 >> Error detected...
893065000 >> Error detected...
893640000 >> Error detected...
893940000 >> Error detected...
894340000 >> Error detected...
895165000 >> Error detected...
895490000 >> Error detected...
895940000 >> Error detected...
896315000 >> Error detected...
896590000 >> Error detected...
897215000 >> iteration no: 33
897490000 >> Error detected...
898040000 >> Error detected...
898740000 >> Error detected...
899315000 >> Error detected...
899590000 >> Error detected...
899915000 >> Error detected...
900315000 >> Error detected...
901140000 >> Error detected...
901440000 >> Error detected...
901740000 >> Error detected...
902065000 >> Error detected...
902465000 >> Error detected...
903215000 >> Error detected...
903515000 >> Error detected...
903915000 >> Error detected...
904740000 >> Error detected...
905065000 >> Error detected...
905515000 >> Error detected...
905890000 >> Error detected...
906165000 >> Error detected...
906640000 >> iteration no: 34
906915000 >> Error detected...
907465000 >> Error detected...
908165000 >> Error detected...
908740000 >> Error detected...
909015000 >> Error detected...
909340000 >> Error detected...
909915000 >> Error detected...
910740000 >> Error detected...
911040000 >> Error detected...
911340000 >> Error detected...
911665000 >> Error detected...
912065000 >> Error detected...
912640000 >> Error detected...
912940000 >> Error detected...
913340000 >> Error detected...
914165000 >> Error detected...
914490000 >> Error detected...
914940000 >> Error detected...
915315000 >> Error detected...
915590000 >> Error detected...
916215000 >> iteration no: 35
916490000 >> Error detected...
917040000 >> Error detected...
917740000 >> Error detected...
918315000 >> Error detected...
918590000 >> Error detected...
918915000 >> Error detected...
919315000 >> Error detected...
920140000 >> Error detected...
920440000 >> Error detected...
920740000 >> Error detected...
921065000 >> Error detected...
921465000 >> Error detected...
922040000 >> Error detected...
922515000 >> Error detected...
922915000 >> Error detected...
923740000 >> Error detected...
924065000 >> Error detected...
924515000 >> Error detected...
924890000 >> Error detected...
925165000 >> Error detected...
925640000 >> iteration no: 36
925915000 >> Error detected...
926465000 >> Error detected...
927165000 >> Error detected...
927740000 >> Error detected...
928015000 >> Error detected...
928340000 >> Error detected...
928740000 >> Error detected...
929740000 >> Error detected...
930040000 >> Error detected...
930340000 >> Error detected...
930665000 >> Error detected...
931065000 >> Error detected...
931640000 >> Error detected...
931940000 >> Error detected...
932340000 >> Error detected...
933165000 >> Error detected...
933490000 >> Error detected...
933940000 >> Error detected...
934315000 >> Error detected...
934590000 >> Error detected...
935065000 >> iteration no: 37
935490000 >> Error detected...
936040000 >> Error detected...
936740000 >> Error detected...
937315000 >> Error detected...
937590000 >> Error detected...
937915000 >> Error detected...
938315000 >> Error detected...
939140000 >> Error detected...
939440000 >> Error detected...
939740000 >> Error detected...
940065000 >> Error detected...
940465000 >> Error detected...
941040000 >> Error detected...
941340000 >> Error detected...
941865000 >> Error detected...
942690000 >> Error detected...
943015000 >> Error detected...
943465000 >> Error detected...
943840000 >> Error detected...
944115000 >> Error detected...
944590000 >> iteration no: 38
944865000 >> Error detected...
945415000 >> Error detected...
946115000 >> Error detected...
946690000 >> Error detected...
946965000 >> Error detected...
947290000 >> Error detected...
947690000 >> Error detected...
948690000 >> Error detected...
948990000 >> Error detected...
949290000 >> Error detected...
949615000 >> Error detected...
950015000 >> Error detected...
950590000 >> Error detected...
950890000 >> Error detected...
951290000 >> Error detected...
952115000 >> Error detected...
952440000 >> Error detected...
952890000 >> Error detected...
953265000 >> Error detected...
953540000 >> Error detected...
954015000 >> iteration no: 39
954440000 >> Error detected...
954990000 >> Error detected...
955690000 >> Error detected...
956265000 >> Error detected...
956540000 >> Error detected...
956865000 >> Error detected...
957265000 >> Error detected...
958090000 >> Error detected...
958390000 >> Error detected...
958690000 >> Error detected...
959015000 >> Error detected...
959415000 >> Error detected...
959990000 >> Error detected...
960290000 >> Error detected...
960690000 >> Error detected...
961690000 >> Error detected...
962015000 >> Error detected...
962465000 >> Error detected...
962840000 >> Error detected...
963115000 >> Error detected...
963590000 >> iteration no: 40
963865000 >> Error detected...
964415000 >> Error detected...
965115000 >> Error detected...
965690000 >> Error detected...
965965000 >> Error detected...
966290000 >> Error detected...
966690000 >> Error detected...
967690000 >> Error detected...
967990000 >> Error detected...
968290000 >> Error detected...
968615000 >> Error detected...
969015000 >> Error detected...
969590000 >> Error detected...
969890000 >> Error detected...
970290000 >> Error detected...
971115000 >> Error detected...
971440000 >> Error detected...
971890000 >> Error detected...
972265000 >> Error detected...
972540000 >> Error detected...
973015000 >> iteration no: 41
973290000 >> Error detected...
973990000 >> Error detected...
974690000 >> Error detected...
975265000 >> Error detected...
975540000 >> Error detected...
975865000 >> Error detected...
976265000 >> Error detected...
977090000 >> Error detected...
977390000 >> Error detected...
977690000 >> Error detected...
978015000 >> Error detected...
978415000 >> Error detected...
978990000 >> Error detected...
979290000 >> Error detected...
979690000 >> Error detected...
980690000 >> Error detected...
981015000 >> Error detected...
981465000 >> Error detected...
981840000 >> Error detected...
982115000 >> Error detected...
982590000 >> iteration no: 42
982865000 >> Error detected...
983415000 >> Error detected...
984115000 >> Error detected...
984690000 >> Error detected...
984965000 >> Error detected...
985290000 >> Error detected...
985690000 >> Error detected...
986690000 >> Error detected...
986990000 >> Error detected...
987290000 >> Error detected...
987615000 >> Error detected...
988015000 >> Error detected...
988590000 >> Error detected...
988890000 >> Error detected...
989290000 >> Error detected...
990115000 >> Error detected...
990440000 >> Error detected...
990890000 >> Error detected...
991265000 >> Error detected...
991540000 >> Error detected...
992015000 >> iteration no: 43
992290000 >> Error detected...
993015000 >> Error detected...
993715000 >> Error detected...
994290000 >> Error detected...
994565000 >> Error detected...
994890000 >> Error detected...
995290000 >> Error detected...
996115000 >> Error detected...
996415000 >> Error detected...
996715000 >> Error detected...
997040000 >> Error detected...
997440000 >> Error detected...
998015000 >> Error detected...
998315000 >> Error detected...
998715000 >> Error detected...
999715000 >> Error detected...
1000040000 >> Error detected...
1000490000 >> Error detected...
1000865000 >> Error detected...
1001140000 >> Error detected...
1001615000 >> iteration no: 44
1001890000 >> Error detected...
1002440000 >> Error detected...
1003140000 >> Error detected...
1003715000 >> Error detected...
1003990000 >> Error detected...
1004315000 >> Error detected...
1004715000 >> Error detected...
1005715000 >> Error detected...
1006015000 >> Error detected...
1006315000 >> Error detected...
1006640000 >> Error detected...
1007040000 >> Error detected...
1007615000 >> Error detected...
1007915000 >> Error detected...
1008315000 >> Error detected...
1009140000 >> Error detected...
1009465000 >> Error detected...
1009915000 >> Error detected...
1010290000 >> Error detected...
1010565000 >> Error detected...
1011040000 >> iteration no: 45
1011315000 >> Error detected...
1012040000 >> Error detected...
1012740000 >> Error detected...
1013315000 >> Error detected...
1013590000 >> Error detected...
1013915000 >> Error detected...
1014315000 >> Error detected...
1015140000 >> Error detected...
1015440000 >> Error detected...
1015740000 >> Error detected...
1016065000 >> Error detected...
1016465000 >> Error detected...
1017040000 >> Error detected...
1017340000 >> Error detected...
1017740000 >> Error detected...
1018740000 >> Error detected...
1019065000 >> Error detected...
1019515000 >> Error detected...
1019890000 >> Error detected...
1020165000 >> Error detected...
1020640000 >> iteration no: 46
1020915000 >> Error detected...
1021465000 >> Error detected...
1022165000 >> Error detected...
1022740000 >> Error detected...
1023015000 >> Error detected...
1023340000 >> Error detected...
1023740000 >> Error detected...
1024565000 >> Error detected...
1025015000 >> Error detected...
1025315000 >> Error detected...
1025640000 >> Error detected...
1026040000 >> Error detected...
1026615000 >> Error detected...
1026915000 >> Error detected...
1027315000 >> Error detected...
1028140000 >> Error detected...
1028465000 >> Error detected...
1028915000 >> Error detected...
1029290000 >> Error detected...
1029565000 >> Error detected...
1030040000 >> iteration no: 47
1030315000 >> Error detected...
1030865000 >> Error detected...
1031740000 >> Error detected...
1032315000 >> Error detected...
1032590000 >> Error detected...
1032915000 >> Error detected...
1033315000 >> Error detected...
1034140000 >> Error detected...
1034440000 >> Error detected...
1034740000 >> Error detected...
1035065000 >> Error detected...
1035465000 >> Error detected...
1036040000 >> Error detected...
1036340000 >> Error detected...
1036740000 >> Error detected...
1037740000 >> Error detected...
1038065000 >> Error detected...
1038515000 >> Error detected...
1038890000 >> Error detected...
1039165000 >> Error detected...
1039640000 >> iteration no: 48
1039915000 >> Error detected...
1040465000 >> Error detected...
1041165000 >> Error detected...
1041740000 >> Error detected...
1042015000 >> Error detected...
1042340000 >> Error detected...
1042740000 >> Error detected...
1043565000 >> Error detected...
1044040000 >> Error detected...
1044340000 >> Error detected...
1044665000 >> Error detected...
1045065000 >> Error detected...
1045640000 >> Error detected...
1045940000 >> Error detected...
1046340000 >> Error detected...
1047165000 >> Error detected...
1047490000 >> Error detected...
1047940000 >> Error detected...
1048315000 >> Error detected...
1048590000 >> Error detected...
1049065000 >> iteration no: 49
1049340000 >> Error detected...
1049890000 >> Error detected...
1050765000 >> Error detected...
1051340000 >> Error detected...
1051615000 >> Error detected...
1051940000 >> Error detected...
1052340000 >> Error detected...
1053165000 >> Error detected...
1053465000 >> Error detected...
1053765000 >> Error detected...
1054090000 >> Error detected...
1054490000 >> Error detected...
1055065000 >> Error detected...
1055365000 >> Error detected...
1055765000 >> Error detected...
1056590000 >> Error detected...
1057065000 >> Error detected...
1057465000 >> Error detected...
1057840000 >> Error detected...
1058165000 >> Error detected...
1058215000 >> prog fin.
/testbench/cpu/l3/u0/leon3x0/vhdl/p0/iu/r.w.wreg:0
/testbench/cpu/l3/u0/leon3x0/vhdl/p0/iu/r.m.irqen:1
/testbench/cpu/l3/u0/leon3x0/vhdl/p0/iu/r.m.icc:0000
/testbench/cpu/l3/u0/leon3x0/vhdl/p0/iu/r.a.ticc:0
/testbench/cpu/l3/u0/leon3x0/vhdl/p0/iu/r.a.step:0
/testbench/cpu/l3/u0/leon3x0/vhdl/p0/iu/r.m.irqen2:1
/testbench/cpu/l3/u0/leon3x0/vhdl/p0/iu/r.d.pc:01000000000000000000000001000000
/testbench/cpu/l3/u0/leon3x0/vhdl/p0/iu/r.d.rexpl:{{00000000000000000000000000000000} {00} {0} 0 0 {0000000000000000000} 0 0 0 0 0 0}
/testbench/cpu/l3/u0/leon3x0/vhdl/p0/iu/r.d.mexc:0
/testbench/cpu/l3/u0/leon3x0/vhdl/p0/iu/r.a.aw:0
/testbench/cpu/l3/u0/leon3x0/vhdl/p0/iu/r.e.ctrl:{{01000000000000000000000000111000} {10110000000100000000000000000001} {00} {01101000} {000000} 0 0 1 0 0 0 1 0 0}
/testbench/cpu/l3/u0/leon3x0/vhdl/p0/iu/r.a.divstart:0
/testbench/cpu/l3/u0/leon3x0/vhdl/p0/iu/r.e.shleft:0
/testbench/cpu/l3/u0/leon3x0/vhdl/p0/iu/r.a.bp:0
/testbench/cpu/l3/u0/leon3x0/vhdl/p0/iu/r.w.twcwp:000
/testbench/cpu/l3/u0/leon3x0/vhdl/p0/iu/r.a.jmpl:0
/testbench/cpu/l3/u0/leon3x0/vhdl/p0/iu/r.m.casa:0
/testbench/cpu/l3/u0/leon3x0/vhdl/p0/iu/r.m.werr:0
/testbench/cpu/l3/u0/leon3x0/vhdl/p0/iu/r.e.su:1
/testbench/cpu/l3/u0/leon3x0/vhdl/p0/iu/r.e.et:0
/testbench/cpu/l3/u0/leon3x0/vhdl/p0/iu/r.a.ldcheck1:1
/testbench/cpu/l3/u0/leon3x0/vhdl/p0/iu/r.d.stwin:000
/testbench/cpu/l3/u0/leon3x0/vhdl/p0/iu/r.a.ldcheck2:1
/testbench/cpu/l3/u0/leon3x0/vhdl/p0/iu/r.x.intack:0
/testbench/cpu/l3/u0/leon3x0/vhdl/p0/iu/r.m.ctrl:{{01000000000000000000000000110100} {10000010000100000010000000000000} {00} {10000001} {000000} 0 0 1 0 0 0 1 0 0}
/testbench/cpu/l3/u0/leon3x0/vhdl/p0/iu/r.a.cwp:101
/testbench/cpu/l3/u0/leon3x0/vhdl/p0/iu/r.e.sari:0
/testbench/cpu/l3/u0/leon3x0/vhdl/p0/iu/r.d.paw:0
/testbench/cpu/l3/u0/leon3x0/vhdl/p0/iu/r.d.aw:0
/testbench/cpu/l3/u0/leon3x0/vhdl/p0/iu/r.d.awp:000
/testbench/cpu/l3/u0/leon3x0/vhdl/p0/iu/r.x.ctrl:{{01000000000000000000000000110000} {11000100001000000100000000000000} {01} {10000010} {000000} 0 0 0 0 0 0 0 0 0}
/testbench/cpu/l3/u0/leon3x0/vhdl/p0/iu/r.m.rexnalign:0
/testbench/cpu/l3/u0/leon3x0/vhdl/p0/iu/r.m.su:1
/testbench/cpu/l3/u0/leon3x0/vhdl/p0/iu/r.m.wcwp:0
/testbench/cpu/l3/u0/leon3x0/vhdl/p0/iu/r.d.divrdy:0
/testbench/cpu/l3/u0/leon3x0/vhdl/p0/iu/r.e.cwp:101
/testbench/cpu/l3/u0/leon3x0/vhdl/p0/iu/r.w.except:0
/testbench/cpu/l3/u0/leon3x0/vhdl/p0/iu/r.x.nerror:0
/testbench/cpu/l3/u0/leon3x0/vhdl/p0/iu/r.a.bpimiss:0
/testbench/cpu/l3/u0/leon3x0/vhdl/p0/iu/r.a.nobp:0
/testbench/cpu/l3/u0/leon3x0/vhdl/p0/iu/r.d.rexcnt:0
/testbench/cpu/l3/u0/leon3x0/vhdl/p0/iu/r.w.s:{{101} {0000} {10000000} {01000000000000000000} {00000010} {0000} 0 0 1 1 0 {00000000000000000000000000000000} {UUUUUUUUUUUUUUUUUUUUUUUUUUUUUUUU} 1 0 0 1 1 1 0 0 {000} {000} {111}}
/testbench/cpu/l3/u0/leon3x0/vhdl/p0/iu/r.d.pv:1
/testbench/cpu/l3/u0/leon3x0/vhdl/p0/iu/r.a.ldchkra:1
/testbench/cpu/l3/u0/leon3x0/vhdl/p0/iu/r.a.rfa1:10000000
/testbench/cpu/l3/u0/leon3x0/vhdl/p0/iu/r.a.rfa2:10000000
/testbench/cpu/l3/u0/leon3x0/vhdl/p0/iu/r.a.imm:00000000000000000000000000000000
/testbench/cpu/l3/u0/leon3x0/vhdl/p0/iu/r.w.wa:10000010
/testbench/cpu/l3/u0/leon3x0/vhdl/p0/iu/r.m.casaz:1
/testbench/cpu/l3/u0/leon3x0/vhdl/p0/iu/r.x.dci:{0 0 0 1 0 0 {10} {00001011}}
/testbench/cpu/l3/u0/leon3x0/vhdl/p0/iu/r.x.mac:0
/testbench/cpu/l3/u0/leon3x0/vhdl/p0/iu/r.m.divz:1
/testbench/cpu/l3/u0/leon3x0/vhdl/p0/iu/r.d.inst:{{00000000000000000000000000000000}}
/testbench/cpu/l3/u0/leon3x0/vhdl/p0/iu/r.e.rfe1:0
/testbench/cpu/l3/u0/leon3x0/vhdl/p0/iu/r.a.wovf:0
/testbench/cpu/l3/u0/leon3x0/vhdl/p0/iu/r.e.rfe2:0
/testbench/cpu/l3/u0/leon3x0/vhdl/p0/iu/r.e.op1:00000000000000000000000000000000
/testbench/cpu/l3/u0/leon3x0/vhdl/p0/iu/r.m.nalign:0
/testbench/cpu/l3/u0/leon3x0/vhdl/p0/iu/r.e.op2:00000000000000000000000000000000
/testbench/cpu/l3/u0/leon3x0/vhdl/p0/iu/r.d.rexen:0
/testbench/cpu/l3/u0/leon3x0/vhdl/p0/iu/r.a.ctrl:{{01000000000000000000000000111100} {10000001111010000000000000000000} {00} {10000000} {000000} 0 0 0 0 0 0 1 0 0}
/testbench/cpu/l3/u0/leon3x0/vhdl/p0/iu/r.x.ipend:0
/testbench/cpu/l3/u0/leon3x0/vhdl/p0/iu/r.e.ldbp1:0
/testbench/cpu/l3/u0/leon3x0/vhdl/p0/iu/r.e.aluadd:1
/testbench/cpu/l3/u0/leon3x0/vhdl/p0/iu/r.d.set:0
/testbench/cpu/l3/u0/leon3x0/vhdl/p0/iu/r.d.inull:0
/testbench/cpu/l3/u0/leon3x0/vhdl/p0/iu/r.e.ldbp2:0
/testbench/cpu/l3/u0/leon3x0/vhdl/p0/iu/r.d.cnt:00
/testbench/cpu/l3/u0/leon3x0/vhdl/p0/iu/r.a.su:1
/testbench/cpu/l3/u0/leon3x0/vhdl/p0/iu/r.a.et:0
/testbench/cpu/l3/u0/leon3x0/vhdl/p0/iu/r.e.mul:0
/testbench/cpu/l3/u0/leon3x0/vhdl/p0/iu/r.e.alusel:10
/testbench/cpu/l3/u0/leon3x0/vhdl/p0/iu/r.e.aw:U
/testbench/cpu/l3/u0/leon3x0/vhdl/p0/iu/r.e.mac:0
/testbench/cpu/l3/u0/leon3x0/vhdl/p0/iu/r.a.decill:0
/testbench/cpu/l3/u0/leon3x0/vhdl/p0/iu/r.x.icc:0000
/testbench/cpu/l3/u0/leon3x0/vhdl/p0/iu/r.x.result:00000000000000000000000010000000
/testbench/cpu/l3/u0/leon3x0/vhdl/p0/iu/r.e.bp:0
/testbench/cpu/l3/u0/leon3x0/vhdl/p0/iu/r.a.rs1:00000
/testbench/cpu/l3/u0/leon3x0/vhdl/p0/iu/r.e.jmpl:0
/testbench/cpu/l3/u0/leon3x0/vhdl/p0/iu/r.a.rsel1:101
/testbench/cpu/l3/u0/leon3x0/vhdl/p0/iu/r.x.y:00000000000000000000000000000000
/testbench/cpu/l3/u0/leon3x0/vhdl/p0/iu/r.a.rsel2:101
/testbench/cpu/l3/u0/leon3x0/vhdl/p0/iu/r.a.awp:000
/testbench/cpu/l3/u0/leon3x0/vhdl/p0/iu/r.a.paw:0
/testbench/cpu/l3/u0/leon3x0/vhdl/p0/iu/r.x.data:{{00000000000000000000000000000000}}
/testbench/cpu/l3/u0/leon3x0/vhdl/p0/iu/r.m.mul:0
/testbench/cpu/l3/u0/leon3x0/vhdl/p0/iu/r.e.rd:UUUUU
/testbench/cpu/l3/u0/leon3x0/vhdl/p0/iu/r.e.invop2:0
/testbench/cpu/l3/u0/leon3x0/vhdl/p0/iu/r.m.wawp:0
/testbench/cpu/l3/u0/leon3x0/vhdl/p0/iu/r.d.cwpmax:111
/testbench/cpu/l3/u0/leon3x0/vhdl/p0/iu/r.f.branch:0
/testbench/cpu/l3/u0/leon3x0/vhdl/p0/iu/r.d.pcheld:0
/testbench/cpu/l3/u0/leon3x0/vhdl/p0/iu/r.m.dci:{0 0 1 0 0 0 {10} {00001011}}
/testbench/cpu/l3/u0/leon3x0/vhdl/p0/iu/r.e.paw:U
/testbench/cpu/l3/u0/leon3x0/vhdl/p0/iu/r.e.awp:UUU
/testbench/cpu/l3/u0/leon3x0/vhdl/p0/iu/r.e.shcnt:00000
/testbench/cpu/l3/u0/leon3x0/vhdl/p0/iu/r.w.result:10000000000000000000100000000100
/testbench/cpu/l3/u0/leon3x0/vhdl/p0/iu/r.m.mac:0
/testbench/cpu/l3/u0/leon3x0/vhdl/p0/iu/r.m.y:00000000000000000000000000000000
/testbench/cpu/l3/u0/leon3x0/vhdl/p0/iu/r.d.cwp:110
/testbench/cpu/l3/u0/leon3x0/vhdl/p0/iu/r.x.laddr:00
/testbench/cpu/l3/u0/leon3x0/vhdl/p0/iu/r.e.mulstep:0
/testbench/cpu/l3/u0/leon3x0/vhdl/p0/iu/r.e.ymsb:0
/testbench/cpu/l3/u0/leon3x0/vhdl/p0/iu/r.d.rexbuf:00000000000000000000000000000000
/testbench/cpu/l3/u0/leon3x0/vhdl/p0/iu/r.x.npc:000
/testbench/cpu/l3/u0/leon3x0/vhdl/p0/iu/r.f.pc:01000000000000000000000001000100
/testbench/cpu/l3/u0/leon3x0/vhdl/p0/iu/r.d.annul:0
/testbench/cpu/l3/u0/leon3x0/vhdl/p0/iu/r.x.rstate:run
/testbench/cpu/l3/u0/leon3x0/vhdl/p0/iu/r.x.set:0
/testbench/cpu/l3/u0/leon3x0/vhdl/p0/iu/r.m.result:00000000000000000000000000000000
/testbench/cpu/l3/u0/leon3x0/vhdl/p0/iu/r.e.icc:UUUU
/testbench/cpu/l3/u0/leon3x0/vhdl/p0/iu/r.a.getpc:0
/testbench/cpu/l3/u0/leon3x0/vhdl/p0/iu/r.a.ldchkex:1
/testbench/cpu/l3/u0/leon3x0/vhdl/p0/iu/r.x.mexc:0
/testbench/cpu/l3/u0/leon3x0/vhdl/p0/iu/r.a.mulstart:0
/testbench/cpu/l3/u0/leon3x0/vhdl/p0/iu/r.d.rexpos:10
/testbench/cpu/l3/u0/leon3x0/vhdl/p0/iu/r.x.annul_all:0
/testbench/cpu/l3/u0/leon3x0/vhdl/p0/iu/r.e.aluop:010
/testbench/cpu/l3/u0/leon3x0/vhdl/p0/iu/r.x.debug:0
/testbench/cpu/l3/u0/leon3x0/vhdl/p0/iu/r.a.rfe1:0
/testbench/cpu/l3/u0/leon3x0/vhdl/p0/iu/r.d.step:0
/testbench/cpu/l3/u0/leon3x0/vhdl/p0/iu/r.a.rfe2:0
/testbench/cpu/l3/u0/leon3x0/vhdl/p0/iu/r.e.alucin:0
/testbench/cpu/l3/u0/leon3x0/vhdl/p0/iu/r.a.wunf:0
======================================
progstatus: 1
execerr: 765
latent: 1
program execution success!
total iterations: 50
>>>>>>>>>>>>>>> 1058215000
======================================
