/opt/microsemi/Libero_v9.2/Synplify/bin/c_hdl  -osyn  /home/pvilla/phd/grlib-gpl-1.5.0-b4164/designs/leon3-actel-proasic3/synplify/synwork/leon3mp_compiler.srs  -top  leon3mp  -hdlloga  /home/pvilla/phd/grlib-gpl-1.5.0-b4164/designs/leon3-actel-proasic3/synplify/leon3mp.srr  -encrypt  -vhdl  -prodtype  synplify_pro  -nram -fixsmult   -divnmod -sm  -encrypt  -pro  -dmgen  /home/pvilla/phd/grlib-gpl-1.5.0-b4164/designs/leon3-actel-proasic3/synplify/dm  -lite -ll 2000   -ui -fid2 -ram -sharing off   -ignore_undefined_lib  -lib grlib /home/pvilla/phd/grlib-gpl-1.5.0-b4164/lib/grlib/stdlib/version.vhd -lib grlib /home/pvilla/phd/grlib-gpl-1.5.0-b4164/lib/grlib/stdlib/config_types.vhd -lib grlib /home/pvilla/phd/grlib-gpl-1.5.0-b4164/lib/grlib/stdlib/config.vhd -lib grlib /home/pvilla/phd/grlib-gpl-1.5.0-b4164/lib/grlib/stdlib/stdlib.vhd -lib grlib /home/pvilla/phd/grlib-gpl-1.5.0-b4164/lib/grlib/sparc/sparc.vhd -lib grlib /home/pvilla/phd/grlib-gpl-1.5.0-b4164/lib/grlib/modgen/multlib.vhd -lib grlib /home/pvilla/phd/grlib-gpl-1.5.0-b4164/lib/grlib/modgen/leaves.vhd -lib grlib /home/pvilla/phd/grlib-gpl-1.5.0-b4164/lib/grlib/amba/amba.vhd -lib grlib /home/pvilla/phd/grlib-gpl-1.5.0-b4164/lib/grlib/amba/devices.vhd -lib grlib /home/pvilla/phd/grlib-gpl-1.5.0-b4164/lib/grlib/amba/defmst.vhd -lib grlib /home/pvilla/phd/grlib-gpl-1.5.0-b4164/lib/grlib/amba/apbctrl.vhd -lib grlib /home/pvilla/phd/grlib-gpl-1.5.0-b4164/lib/grlib/amba/apbctrlx.vhd -lib grlib /home/pvilla/phd/grlib-gpl-1.5.0-b4164/lib/grlib/amba/apbctrldp.vhd -lib grlib /home/pvilla/phd/grlib-gpl-1.5.0-b4164/lib/grlib/amba/apbctrlsp.vhd -lib grlib /home/pvilla/phd/grlib-gpl-1.5.0-b4164/lib/grlib/amba/ahbctrl.vhd -lib grlib /home/pvilla/phd/grlib-gpl-1.5.0-b4164/lib/grlib/amba/dma2ahb_pkg.vhd -lib grlib /home/pvilla/phd/grlib-gpl-1.5.0-b4164/lib/grlib/amba/dma2ahb.vhd -lib grlib /home/pvilla/phd/grlib-gpl-1.5.0-b4164/lib/grlib/amba/ahbmst.vhd -lib grlib /home/pvilla/phd/grlib-gpl-1.5.0-b4164/lib/grlib/dftlib/dftlib.vhd -lib grlib /home/pvilla/phd/grlib-gpl-1.5.0-b4164/lib/grlib/dftlib/synciotest.vhd -lib techmap /home/pvilla/phd/grlib-gpl-1.5.0-b4164/lib/techmap/gencomp/gencomp.vhd -lib techmap /home/pvilla/phd/grlib-gpl-1.5.0-b4164/lib/techmap/gencomp/netcomp.vhd -lib techmap /home/pvilla/phd/grlib-gpl-1.5.0-b4164/lib/techmap/inferred/memory_inferred.vhd -lib techmap /home/pvilla/phd/grlib-gpl-1.5.0-b4164/lib/techmap/inferred/ddr_inferred.vhd -lib techmap /home/pvilla/phd/grlib-gpl-1.5.0-b4164/lib/techmap/inferred/mul_inferred.vhd -lib techmap /home/pvilla/phd/grlib-gpl-1.5.0-b4164/lib/techmap/inferred/ddr_phy_inferred.vhd -lib techmap /home/pvilla/phd/grlib-gpl-1.5.0-b4164/lib/techmap/inferred/ddrphy_datapath.vhd -lib techmap /home/pvilla/phd/grlib-gpl-1.5.0-b4164/lib/techmap/inferred/fifo_inferred.vhd -lib techmap /home/pvilla/phd/grlib-gpl-1.5.0-b4164/lib/techmap/maps/allclkgen.vhd -lib techmap /home/pvilla/phd/grlib-gpl-1.5.0-b4164/lib/techmap/maps/techbuf.vhd -lib techmap /home/pvilla/phd/grlib-gpl-1.5.0-b4164/lib/techmap/maps/allddr.vhd -lib techmap /home/pvilla/phd/grlib-gpl-1.5.0-b4164/lib/techmap/maps/allmem.vhd -lib techmap /home/pvilla/phd/grlib-gpl-1.5.0-b4164/lib/techmap/maps/allmul.vhd -lib techmap /home/pvilla/phd/grlib-gpl-1.5.0-b4164/lib/techmap/maps/allpads.vhd -lib techmap /home/pvilla/phd/grlib-gpl-1.5.0-b4164/lib/techmap/maps/alltap.vhd -lib techmap /home/pvilla/phd/grlib-gpl-1.5.0-b4164/lib/techmap/maps/clkgen.vhd -lib techmap /home/pvilla/phd/grlib-gpl-1.5.0-b4164/lib/techmap/maps/clkmux.vhd -lib techmap /home/pvilla/phd/grlib-gpl-1.5.0-b4164/lib/techmap/maps/clkinv.vhd -lib techmap /home/pvilla/phd/grlib-gpl-1.5.0-b4164/lib/techmap/maps/clkand.vhd -lib techmap /home/pvilla/phd/grlib-gpl-1.5.0-b4164/lib/techmap/maps/grgates.vhd -lib techmap /home/pvilla/phd/grlib-gpl-1.5.0-b4164/lib/techmap/maps/ddr_ireg.vhd -lib techmap /home/pvilla/phd/grlib-gpl-1.5.0-b4164/lib/techmap/maps/ddr_oreg.vhd -lib techmap /home/pvilla/phd/grlib-gpl-1.5.0-b4164/lib/techmap/maps/clkpad.vhd -lib techmap /home/pvilla/phd/grlib-gpl-1.5.0-b4164/lib/techmap/maps/clkpad_ds.vhd -lib techmap /home/pvilla/phd/grlib-gpl-1.5.0-b4164/lib/techmap/maps/inpad.vhd -lib techmap /home/pvilla/phd/grlib-gpl-1.5.0-b4164/lib/techmap/maps/inpad_ds.vhd -lib techmap /home/pvilla/phd/grlib-gpl-1.5.0-b4164/lib/techmap/maps/iodpad.vhd -lib techmap /home/pvilla/phd/grlib-gpl-1.5.0-b4164/lib/techmap/maps/iopad.vhd -lib techmap /home/pvilla/phd/grlib-gpl-1.5.0-b4164/lib/techmap/maps/iopad_ds.vhd -lib techmap /home/pvilla/phd/grlib-gpl-1.5.0-b4164/lib/techmap/maps/lvds_combo.vhd -lib techmap /home/pvilla/phd/grlib-gpl-1.5.0-b4164/lib/techmap/maps/odpad.vhd -lib techmap /home/pvilla/phd/grlib-gpl-1.5.0-b4164/lib/techmap/maps/outpad.vhd -lib techmap /home/pvilla/phd/grlib-gpl-1.5.0-b4164/lib/techmap/maps/outpad_ds.vhd -lib techmap /home/pvilla/phd/grlib-gpl-1.5.0-b4164/lib/techmap/maps/toutpad.vhd -lib techmap /home/pvilla/phd/grlib-gpl-1.5.0-b4164/lib/techmap/maps/toutpad_ds.vhd -lib techmap /home/pvilla/phd/grlib-gpl-1.5.0-b4164/lib/techmap/maps/skew_outpad.vhd -lib techmap /home/pvilla/phd/grlib-gpl-1.5.0-b4164/lib/techmap/maps/ddrphy.vhd -lib techmap /home/pvilla/phd/grlib-gpl-1.5.0-b4164/lib/techmap/maps/syncram.vhd -lib techmap /home/pvilla/phd/grlib-gpl-1.5.0-b4164/lib/techmap/maps/syncram64.vhd -lib techmap /home/pvilla/phd/grlib-gpl-1.5.0-b4164/lib/techmap/maps/syncram_2p.vhd -lib techmap /home/pvilla/phd/grlib-gpl-1.5.0-b4164/lib/techmap/maps/syncram_dp.vhd -lib techmap /home/pvilla/phd/grlib-gpl-1.5.0-b4164/lib/techmap/maps/syncfifo_2p.vhd -lib techmap /home/pvilla/phd/grlib-gpl-1.5.0-b4164/lib/techmap/maps/regfile_3p.vhd -lib techmap /home/pvilla/phd/grlib-gpl-1.5.0-b4164/lib/techmap/maps/tap.vhd -lib techmap /home/pvilla/phd/grlib-gpl-1.5.0-b4164/lib/techmap/maps/nandtree.vhd -lib techmap /home/pvilla/phd/grlib-gpl-1.5.0-b4164/lib/techmap/maps/grlfpw_net.vhd -lib techmap /home/pvilla/phd/grlib-gpl-1.5.0-b4164/lib/techmap/maps/grfpw_net.vhd -lib techmap /home/pvilla/phd/grlib-gpl-1.5.0-b4164/lib/techmap/maps/leon3_net.vhd -lib techmap /home/pvilla/phd/grlib-gpl-1.5.0-b4164/lib/techmap/maps/leon4_net.vhd -lib techmap /home/pvilla/phd/grlib-gpl-1.5.0-b4164/lib/techmap/maps/mul_61x61.vhd -lib techmap /home/pvilla/phd/grlib-gpl-1.5.0-b4164/lib/techmap/maps/cpu_disas_net.vhd -lib techmap /home/pvilla/phd/grlib-gpl-1.5.0-b4164/lib/techmap/maps/ringosc.vhd -lib techmap /home/pvilla/phd/grlib-gpl-1.5.0-b4164/lib/techmap/maps/grpci2_phy_net.vhd -lib techmap /home/pvilla/phd/grlib-gpl-1.5.0-b4164/lib/techmap/maps/system_monitor.vhd -lib techmap /home/pvilla/phd/grlib-gpl-1.5.0-b4164/lib/techmap/maps/inpad_ddr.vhd -lib techmap /home/pvilla/phd/grlib-gpl-1.5.0-b4164/lib/techmap/maps/outpad_ddr.vhd -lib techmap /home/pvilla/phd/grlib-gpl-1.5.0-b4164/lib/techmap/maps/iopad_ddr.vhd -lib techmap /home/pvilla/phd/grlib-gpl-1.5.0-b4164/lib/techmap/maps/syncram128bw.vhd -lib techmap /home/pvilla/phd/grlib-gpl-1.5.0-b4164/lib/techmap/maps/syncram256bw.vhd -lib techmap /home/pvilla/phd/grlib-gpl-1.5.0-b4164/lib/techmap/maps/syncram128.vhd -lib techmap /home/pvilla/phd/grlib-gpl-1.5.0-b4164/lib/techmap/maps/syncram156bw.vhd -lib techmap /home/pvilla/phd/grlib-gpl-1.5.0-b4164/lib/techmap/maps/techmult.vhd -lib techmap /home/pvilla/phd/grlib-gpl-1.5.0-b4164/lib/techmap/maps/spictrl_net.vhd -lib techmap /home/pvilla/phd/grlib-gpl-1.5.0-b4164/lib/techmap/maps/scanreg.vhd -lib techmap /home/pvilla/phd/grlib-gpl-1.5.0-b4164/lib/techmap/maps/syncrambw.vhd -lib techmap /home/pvilla/phd/grlib-gpl-1.5.0-b4164/lib/techmap/maps/syncram_2pbw.vhd -lib techmap /home/pvilla/phd/grlib-gpl-1.5.0-b4164/lib/techmap/maps/sdram_phy.vhd -lib techmap /home/pvilla/phd/grlib-gpl-1.5.0-b4164/lib/techmap/maps/syncreg.vhd -lib techmap /home/pvilla/phd/grlib-gpl-1.5.0-b4164/lib/techmap/maps/serdes.vhd -lib techmap /home/pvilla/phd/grlib-gpl-1.5.0-b4164/lib/techmap/maps/iopad_tm.vhd -lib techmap /home/pvilla/phd/grlib-gpl-1.5.0-b4164/lib/techmap/maps/toutpad_tm.vhd -lib techmap /home/pvilla/phd/grlib-gpl-1.5.0-b4164/lib/techmap/maps/memrwcol.vhd -lib eth /home/pvilla/phd/grlib-gpl-1.5.0-b4164/lib/eth/comp/ethcomp.vhd -lib eth /home/pvilla/phd/grlib-gpl-1.5.0-b4164/lib/eth/core/greth_pkg.vhd -lib eth /home/pvilla/phd/grlib-gpl-1.5.0-b4164/lib/eth/core/eth_rstgen.vhd -lib eth /home/pvilla/phd/grlib-gpl-1.5.0-b4164/lib/eth/core/eth_edcl_ahb_mst.vhd -lib eth /home/pvilla/phd/grlib-gpl-1.5.0-b4164/lib/eth/core/eth_ahb_mst.vhd -lib eth /home/pvilla/phd/grlib-gpl-1.5.0-b4164/lib/eth/core/greth_tx.vhd -lib eth /home/pvilla/phd/grlib-gpl-1.5.0-b4164/lib/eth/core/greth_rx.vhd -lib eth /home/pvilla/phd/grlib-gpl-1.5.0-b4164/lib/eth/core/grethc.vhd -lib eth /home/pvilla/phd/grlib-gpl-1.5.0-b4164/lib/eth/wrapper/greth_gen.vhd -lib eth /home/pvilla/phd/grlib-gpl-1.5.0-b4164/lib/eth/wrapper/greth_gbit_gen.vhd -lib opencores /home/pvilla/phd/grlib-gpl-1.5.0-b4164/lib/opencores/can/cancomp.vhd -lib opencores /home/pvilla/phd/grlib-gpl-1.5.0-b4164/lib/opencores/can/can_top.vhd -lib opencores /home/pvilla/phd/grlib-gpl-1.5.0-b4164/lib/opencores/ge_1000baseX/ge_1000baseX_comp.vhd -lib gaisler /home/pvilla/phd/grlib-gpl-1.5.0-b4164/lib/gaisler/arith/arith.vhd -lib gaisler /home/pvilla/phd/grlib-gpl-1.5.0-b4164/lib/gaisler/arith/mul32.vhd -lib gaisler /home/pvilla/phd/grlib-gpl-1.5.0-b4164/lib/gaisler/arith/div32.vhd -lib gaisler /home/pvilla/phd/grlib-gpl-1.5.0-b4164/lib/gaisler/memctrl/memctrl.vhd -lib gaisler /home/pvilla/phd/grlib-gpl-1.5.0-b4164/lib/gaisler/memctrl/sdctrl.vhd -lib gaisler /home/pvilla/phd/grlib-gpl-1.5.0-b4164/lib/gaisler/memctrl/sdctrl64.vhd -lib gaisler /home/pvilla/phd/grlib-gpl-1.5.0-b4164/lib/gaisler/memctrl/sdmctrl.vhd -lib gaisler /home/pvilla/phd/grlib-gpl-1.5.0-b4164/lib/gaisler/memctrl/srctrl.vhd -lib gaisler /home/pvilla/phd/grlib-gpl-1.5.0-b4164/lib/gaisler/srmmu/mmuconfig.vhd -lib gaisler /home/pvilla/phd/grlib-gpl-1.5.0-b4164/lib/gaisler/srmmu/mmuiface.vhd -lib gaisler /home/pvilla/phd/grlib-gpl-1.5.0-b4164/lib/gaisler/srmmu/libmmu.vhd -lib gaisler /home/pvilla/phd/grlib-gpl-1.5.0-b4164/lib/gaisler/srmmu/mmutlbcam.vhd -lib gaisler /home/pvilla/phd/grlib-gpl-1.5.0-b4164/lib/gaisler/srmmu/mmulrue.vhd -lib gaisler /home/pvilla/phd/grlib-gpl-1.5.0-b4164/lib/gaisler/srmmu/mmulru.vhd -lib gaisler /home/pvilla/phd/grlib-gpl-1.5.0-b4164/lib/gaisler/srmmu/mmutlb.vhd -lib gaisler /home/pvilla/phd/grlib-gpl-1.5.0-b4164/lib/gaisler/srmmu/mmutw.vhd -lib gaisler /home/pvilla/phd/grlib-gpl-1.5.0-b4164/lib/gaisler/srmmu/mmu.vhd -lib gaisler /home/pvilla/phd/grlib-gpl-1.5.0-b4164/lib/gaisler/leon3/leon3.vhd -lib gaisler /home/pvilla/phd/grlib-gpl-1.5.0-b4164/lib/gaisler/leon3/grfpushwx.vhd -lib gaisler /home/pvilla/phd/grlib-gpl-1.5.0-b4164/lib/gaisler/leon3v3/tbufmem.vhd -lib gaisler /home/pvilla/phd/grlib-gpl-1.5.0-b4164/lib/gaisler/leon3v3/tbufmem_2p.vhd -lib gaisler /home/pvilla/phd/grlib-gpl-1.5.0-b4164/lib/gaisler/leon3v3/dsu3x.vhd -lib gaisler /home/pvilla/phd/grlib-gpl-1.5.0-b4164/lib/gaisler/leon3v3/dsu3.vhd -lib gaisler /home/pvilla/phd/grlib-gpl-1.5.0-b4164/lib/gaisler/leon3v3/dsu3_mb.vhd -lib gaisler /home/pvilla/phd/grlib-gpl-1.5.0-b4164/lib/gaisler/leon3v3/libfpu.vhd -lib gaisler /home/pvilla/phd/grlib-gpl-1.5.0-b4164/lib/gaisler/leon3v3/libiu.vhd -lib gaisler /home/pvilla/phd/grlib-gpl-1.5.0-b4164/lib/gaisler/leon3v3/libcache.vhd -lib gaisler /home/pvilla/phd/grlib-gpl-1.5.0-b4164/lib/gaisler/leon3v3/libleon3.vhd -lib gaisler /home/pvilla/phd/grlib-gpl-1.5.0-b4164/lib/gaisler/leon3v3/regfile_3p_l3.vhd -lib gaisler /home/pvilla/phd/grlib-gpl-1.5.0-b4164/lib/gaisler/leon3v3/mmu_acache.vhd -lib gaisler /home/pvilla/phd/grlib-gpl-1.5.0-b4164/lib/gaisler/leon3v3/mmu_icache.vhd -lib gaisler /home/pvilla/phd/grlib-gpl-1.5.0-b4164/lib/gaisler/leon3v3/mmu_dcache.vhd -lib gaisler /home/pvilla/phd/grlib-gpl-1.5.0-b4164/lib/gaisler/leon3v3/cachemem.vhd -lib gaisler /home/pvilla/phd/grlib-gpl-1.5.0-b4164/lib/gaisler/leon3v3/mmu_cache.vhd -lib gaisler /home/pvilla/phd/grlib-gpl-1.5.0-b4164/lib/gaisler/leon3v3/grfpwx.vhd -lib gaisler /home/pvilla/phd/grlib-gpl-1.5.0-b4164/lib/gaisler/leon3v3/grlfpwx.vhd -lib gaisler /home/pvilla/phd/grlib-gpl-1.5.0-b4164/lib/gaisler/leon3v3/iu3.vhd -lib gaisler /home/pvilla/phd/grlib-gpl-1.5.0-b4164/lib/gaisler/leon3v3/proc3.vhd -lib gaisler /home/pvilla/phd/grlib-gpl-1.5.0-b4164/lib/gaisler/leon3v3/grfpwxsh.vhd -lib gaisler /home/pvilla/phd/grlib-gpl-1.5.0-b4164/lib/gaisler/leon3v3/leon3x.vhd -lib gaisler /home/pvilla/phd/grlib-gpl-1.5.0-b4164/lib/gaisler/leon3v3/leon3cg.vhd -lib gaisler /home/pvilla/phd/grlib-gpl-1.5.0-b4164/lib/gaisler/leon3v3/leon3s.vhd -lib gaisler /home/pvilla/phd/grlib-gpl-1.5.0-b4164/lib/gaisler/leon3v3/leon3sh.vhd -lib gaisler /home/pvilla/phd/grlib-gpl-1.5.0-b4164/lib/gaisler/leon3v3/l3stat.vhd -lib gaisler /home/pvilla/phd/grlib-gpl-1.5.0-b4164/lib/gaisler/leon3v3/cmvalidbits.vhd -lib gaisler /home/pvilla/phd/grlib-gpl-1.5.0-b4164/lib/gaisler/leon4/leon4.vhd -lib gaisler /home/pvilla/phd/grlib-gpl-1.5.0-b4164/lib/gaisler/irqmp/irqmp.vhd -lib gaisler /home/pvilla/phd/grlib-gpl-1.5.0-b4164/lib/gaisler/l2cache/pkg/l2cache.vhd -lib gaisler /home/pvilla/phd/grlib-gpl-1.5.0-b4164/lib/gaisler/can/can.vhd -lib gaisler /home/pvilla/phd/grlib-gpl-1.5.0-b4164/lib/gaisler/can/can_mod.vhd -lib gaisler /home/pvilla/phd/grlib-gpl-1.5.0-b4164/lib/gaisler/can/can_oc.vhd -lib gaisler /home/pvilla/phd/grlib-gpl-1.5.0-b4164/lib/gaisler/can/can_mc.vhd -lib gaisler /home/pvilla/phd/grlib-gpl-1.5.0-b4164/lib/gaisler/can/canmux.vhd -lib gaisler /home/pvilla/phd/grlib-gpl-1.5.0-b4164/lib/gaisler/can/can_rd.vhd -lib gaisler /home/pvilla/phd/grlib-gpl-1.5.0-b4164/lib/gaisler/misc/misc.vhd -lib gaisler /home/pvilla/phd/grlib-gpl-1.5.0-b4164/lib/gaisler/misc/rstgen.vhd -lib gaisler /home/pvilla/phd/grlib-gpl-1.5.0-b4164/lib/gaisler/misc/gptimer.vhd -lib gaisler /home/pvilla/phd/grlib-gpl-1.5.0-b4164/lib/gaisler/misc/ahbram.vhd -lib gaisler /home/pvilla/phd/grlib-gpl-1.5.0-b4164/lib/gaisler/misc/ahbdpram.vhd -lib gaisler /home/pvilla/phd/grlib-gpl-1.5.0-b4164/lib/gaisler/misc/ahbtrace_mmb.vhd -lib gaisler /home/pvilla/phd/grlib-gpl-1.5.0-b4164/lib/gaisler/misc/ahbtrace_mb.vhd -lib gaisler /home/pvilla/phd/grlib-gpl-1.5.0-b4164/lib/gaisler/misc/ahbtrace.vhd -lib gaisler /home/pvilla/phd/grlib-gpl-1.5.0-b4164/lib/gaisler/misc/grgpio.vhd -lib gaisler /home/pvilla/phd/grlib-gpl-1.5.0-b4164/lib/gaisler/misc/ahbstat.vhd -lib gaisler /home/pvilla/phd/grlib-gpl-1.5.0-b4164/lib/gaisler/misc/logan.vhd -lib gaisler /home/pvilla/phd/grlib-gpl-1.5.0-b4164/lib/gaisler/misc/apbps2.vhd -lib gaisler /home/pvilla/phd/grlib-gpl-1.5.0-b4164/lib/gaisler/misc/charrom_package.vhd -lib gaisler /home/pvilla/phd/grlib-gpl-1.5.0-b4164/lib/gaisler/misc/charrom.vhd -lib gaisler /home/pvilla/phd/grlib-gpl-1.5.0-b4164/lib/gaisler/misc/apbvga.vhd -lib gaisler /home/pvilla/phd/grlib-gpl-1.5.0-b4164/lib/gaisler/misc/svgactrl.vhd -lib gaisler /home/pvilla/phd/grlib-gpl-1.5.0-b4164/lib/gaisler/misc/grsysmon.vhd -lib gaisler /home/pvilla/phd/grlib-gpl-1.5.0-b4164/lib/gaisler/misc/gracectrl.vhd -lib gaisler /home/pvilla/phd/grlib-gpl-1.5.0-b4164/lib/gaisler/misc/grgpreg.vhd -lib gaisler /home/pvilla/phd/grlib-gpl-1.5.0-b4164/lib/gaisler/misc/ahb_mst_iface.vhd -lib gaisler /home/pvilla/phd/grlib-gpl-1.5.0-b4164/lib/gaisler/misc/grgprbank.vhd -lib gaisler /home/pvilla/phd/grlib-gpl-1.5.0-b4164/lib/gaisler/net/net.vhd -lib gaisler /home/pvilla/phd/grlib-gpl-1.5.0-b4164/lib/gaisler/uart/uart.vhd -lib gaisler /home/pvilla/phd/grlib-gpl-1.5.0-b4164/lib/gaisler/uart/libdcom.vhd -lib gaisler /home/pvilla/phd/grlib-gpl-1.5.0-b4164/lib/gaisler/uart/apbuart.vhd -lib gaisler /home/pvilla/phd/grlib-gpl-1.5.0-b4164/lib/gaisler/uart/dcom.vhd -lib gaisler /home/pvilla/phd/grlib-gpl-1.5.0-b4164/lib/gaisler/uart/dcom_uart.vhd -lib gaisler /home/pvilla/phd/grlib-gpl-1.5.0-b4164/lib/gaisler/uart/ahbuart.vhd -lib gaisler /home/pvilla/phd/grlib-gpl-1.5.0-b4164/lib/gaisler/jtag/jtag.vhd -lib gaisler /home/pvilla/phd/grlib-gpl-1.5.0-b4164/lib/gaisler/jtag/libjtagcom.vhd -lib gaisler /home/pvilla/phd/grlib-gpl-1.5.0-b4164/lib/gaisler/jtag/jtagcom.vhd -lib gaisler /home/pvilla/phd/grlib-gpl-1.5.0-b4164/lib/gaisler/jtag/bscanregs.vhd -lib gaisler /home/pvilla/phd/grlib-gpl-1.5.0-b4164/lib/gaisler/jtag/bscanregsbd.vhd -lib gaisler /home/pvilla/phd/grlib-gpl-1.5.0-b4164/lib/gaisler/jtag/jtagcom2.vhd -lib gaisler /home/pvilla/phd/grlib-gpl-1.5.0-b4164/lib/gaisler/jtag/ahbjtag.vhd -lib gaisler /home/pvilla/phd/grlib-gpl-1.5.0-b4164/lib/gaisler/jtag/ahbjtag_bsd.vhd -lib gaisler /home/pvilla/phd/grlib-gpl-1.5.0-b4164/lib/gaisler/greth/ethernet_mac.vhd -lib gaisler /home/pvilla/phd/grlib-gpl-1.5.0-b4164/lib/gaisler/greth/greth.vhd -lib gaisler /home/pvilla/phd/grlib-gpl-1.5.0-b4164/lib/gaisler/greth/greth_mb.vhd -lib gaisler /home/pvilla/phd/grlib-gpl-1.5.0-b4164/lib/gaisler/greth/greth_gbit.vhd -lib gaisler /home/pvilla/phd/grlib-gpl-1.5.0-b4164/lib/gaisler/greth/greths.vhd -lib gaisler /home/pvilla/phd/grlib-gpl-1.5.0-b4164/lib/gaisler/greth/greth_gbit_mb.vhd -lib gaisler /home/pvilla/phd/grlib-gpl-1.5.0-b4164/lib/gaisler/greth/greths_mb.vhd -lib gaisler /home/pvilla/phd/grlib-gpl-1.5.0-b4164/lib/gaisler/greth/grethm.vhd -lib gaisler /home/pvilla/phd/grlib-gpl-1.5.0-b4164/lib/gaisler/greth/grethm_mb.vhd -lib gaisler /home/pvilla/phd/grlib-gpl-1.5.0-b4164/lib/gaisler/greth/adapters/rgmii.vhd -lib gaisler /home/pvilla/phd/grlib-gpl-1.5.0-b4164/lib/gaisler/greth/adapters/comma_detect.vhd -lib gaisler /home/pvilla/phd/grlib-gpl-1.5.0-b4164/lib/gaisler/greth/adapters/sgmii.vhd -lib gaisler /home/pvilla/phd/grlib-gpl-1.5.0-b4164/lib/gaisler/greth/adapters/elastic_buffer.vhd -lib gaisler /home/pvilla/phd/grlib-gpl-1.5.0-b4164/lib/gaisler/greth/adapters/gmii_to_mii.vhd -lib gaisler /home/pvilla/phd/grlib-gpl-1.5.0-b4164/lib/gaisler/greth/adapters/word_aligner.vhd -lib gaisler /home/pvilla/phd/grlib-gpl-1.5.0-b4164/lib/gaisler/gr1553b/gr1553b_pkg.vhd -lib gaisler /home/pvilla/phd/grlib-gpl-1.5.0-b4164/lib/gaisler/gr1553b/gr1553b_pads.vhd -lib gaisler /home/pvilla/phd/grlib-gpl-1.5.0-b4164/lib/gaisler/gr1553b/gr1553b_nlw.vhd -lib gaisler /home/pvilla/phd/grlib-gpl-1.5.0-b4164/lib/gaisler/gr1553b/gr1553b_stdlogic.vhd -lib gaisler /home/pvilla/phd/grlib-gpl-1.5.0-b4164/lib/gaisler/spi/spi.vhd -lib gaisler /home/pvilla/phd/grlib-gpl-1.5.0-b4164/lib/gaisler/spi/spimctrl.vhd -lib gaisler /home/pvilla/phd/grlib-gpl-1.5.0-b4164/lib/gaisler/spi/spictrlx.vhd -lib gaisler /home/pvilla/phd/grlib-gpl-1.5.0-b4164/lib/gaisler/spi/spictrl.vhd -lib gaisler /home/pvilla/phd/grlib-gpl-1.5.0-b4164/lib/gaisler/spi/spi2ahbx.vhd -lib gaisler /home/pvilla/phd/grlib-gpl-1.5.0-b4164/lib/gaisler/spi/spi2ahb.vhd -lib gaisler /home/pvilla/phd/grlib-gpl-1.5.0-b4164/lib/gaisler/spi/spi2ahb_apb.vhd -lib gaisler /home/pvilla/phd/grlib-gpl-1.5.0-b4164/lib/gaisler/grdmac/grdmac_pkg.vhd -lib gaisler /home/pvilla/phd/grlib-gpl-1.5.0-b4164/lib/gaisler/grdmac/apbmem.vhd -lib gaisler /home/pvilla/phd/grlib-gpl-1.5.0-b4164/lib/gaisler/grdmac/grdmac_ahbmst.vhd -lib gaisler /home/pvilla/phd/grlib-gpl-1.5.0-b4164/lib/gaisler/grdmac/grdmac_alignram.vhd -lib gaisler /home/pvilla/phd/grlib-gpl-1.5.0-b4164/lib/gaisler/grdmac/grdmac.vhd -lib gaisler /home/pvilla/phd/grlib-gpl-1.5.0-b4164/lib/gaisler/grdmac/grdmac_1p.vhd -lib gaisler /home/pvilla/phd/grlib-gpl-1.5.0-b4164/lib/gaisler/subsys/subsys.vhd -lib gaisler /home/pvilla/phd/grlib-gpl-1.5.0-b4164/lib/gaisler/subsys/leon_dsu_stat_base.vhd -lib esa /home/pvilla/phd/grlib-gpl-1.5.0-b4164/lib/esa/memoryctrl/memoryctrl.vhd -lib esa /home/pvilla/phd/grlib-gpl-1.5.0-b4164/lib/esa/memoryctrl/mctrl.vhd -lib work /home/pvilla/phd/grlib-gpl-1.5.0-b4164/designs/leon3-actel-proasic3/config.vhd -lib work /home/pvilla/phd/grlib-gpl-1.5.0-b4164/designs/leon3-actel-proasic3/ahbrom.vhd -lib work /home/pvilla/phd/grlib-gpl-1.5.0-b4164/designs/leon3-actel-proasic3/leon3mp.vhd -verilog  -prodtype  synplify_pro  -nram -fixsmult   -divnmod -I /home/pvilla/phd/grlib-gpl-1.5.0-b4164/designs/leon3-actel-proasic3/  -I /opt/microsemi/Libero_v9.2/Synplify/lib  -v95  -devicelib  /opt/microsemi/Libero_v9.2/Synplify/lib/proasic/proasic3e.v  -sm  -encrypt  -pro  -dmgen  /home/pvilla/phd/grlib-gpl-1.5.0-b4164/designs/leon3-actel-proasic3/synplify/dm  -ll 2000   -ui -fid2 -ram -sharing off   -lib work /home/pvilla/phd/grlib-gpl-1.5.0-b4164/lib/opencores/ge_1000baseX/clean_rst.v -lib work /home/pvilla/phd/grlib-gpl-1.5.0-b4164/lib/opencores/ge_1000baseX/decoder_8b10b.v -lib work /home/pvilla/phd/grlib-gpl-1.5.0-b4164/lib/opencores/ge_1000baseX/encoder_8b10b.v -lib work /home/pvilla/phd/grlib-gpl-1.5.0-b4164/lib/opencores/ge_1000baseX/ge_1000baseX_constants.v -lib work /home/pvilla/phd/grlib-gpl-1.5.0-b4164/lib/opencores/ge_1000baseX/ge_1000baseX_regs.v -lib work /home/pvilla/phd/grlib-gpl-1.5.0-b4164/lib/opencores/ge_1000baseX/ge_1000baseX_test.v -lib work /home/pvilla/phd/grlib-gpl-1.5.0-b4164/lib/opencores/ge_1000baseX/timescale.v -lib work -fsysv /home/pvilla/phd/grlib-gpl-1.5.0-b4164/lib/opencores/ge_1000baseX/ge_1000baseX.v -lib work -fsysv /home/pvilla/phd/grlib-gpl-1.5.0-b4164/lib/opencores/ge_1000baseX/ge_1000baseX_an.v -lib work -fsysv /home/pvilla/phd/grlib-gpl-1.5.0-b4164/lib/opencores/ge_1000baseX/ge_1000baseX_mdio.v -lib work -fsysv /home/pvilla/phd/grlib-gpl-1.5.0-b4164/lib/opencores/ge_1000baseX/ge_1000baseX_rx.v -lib work -fsysv /home/pvilla/phd/grlib-gpl-1.5.0-b4164/lib/opencores/ge_1000baseX/ge_1000baseX_sync.v -lib work -fsysv /home/pvilla/phd/grlib-gpl-1.5.0-b4164/lib/opencores/ge_1000baseX/ge_1000baseX_tx.v
rc:0 success:1
/home/pvilla/phd/grlib-gpl-1.5.0-b4164/designs/leon3-actel-proasic3/synplify/synwork/leon3mp_compiler.srs|o|1457725118|4802844
/home/pvilla/phd/grlib-gpl-1.5.0-b4164/designs/leon3-actel-proasic3/synplify/leon3mp.srr|o|1457725118|831968
/home/pvilla/phd/grlib-gpl-1.5.0-b4164/lib/grlib/stdlib/version.vhd|i|1453473916|111
/home/pvilla/phd/grlib-gpl-1.5.0-b4164/lib/grlib/stdlib/config_types.vhd|i|1453473916|2973
/home/pvilla/phd/grlib-gpl-1.5.0-b4164/lib/grlib/stdlib/config.vhd|i|1453473916|2936
/home/pvilla/phd/grlib-gpl-1.5.0-b4164/lib/grlib/stdlib/stdlib.vhd|i|1453473916|20618
/home/pvilla/phd/grlib-gpl-1.5.0-b4164/lib/grlib/sparc/sparc.vhd|i|1453473916|11248
/home/pvilla/phd/grlib-gpl-1.5.0-b4164/lib/grlib/modgen/multlib.vhd|i|1453473916|1614
/home/pvilla/phd/grlib-gpl-1.5.0-b4164/lib/grlib/modgen/leaves.vhd|i|1453473916|682913
/home/pvilla/phd/grlib-gpl-1.5.0-b4164/lib/grlib/amba/amba.vhd|i|1453473916|57514
/home/pvilla/phd/grlib-gpl-1.5.0-b4164/lib/grlib/amba/devices.vhd|i|1453473916|46526
/home/pvilla/phd/grlib-gpl-1.5.0-b4164/lib/grlib/amba/defmst.vhd|i|1453473916|1967
/home/pvilla/phd/grlib-gpl-1.5.0-b4164/lib/grlib/amba/apbctrl.vhd|i|1453473916|3370
/home/pvilla/phd/grlib-gpl-1.5.0-b4164/lib/grlib/amba/apbctrlx.vhd|i|1453473916|17432
/home/pvilla/phd/grlib-gpl-1.5.0-b4164/lib/grlib/amba/apbctrldp.vhd|i|1453473916|3599
/home/pvilla/phd/grlib-gpl-1.5.0-b4164/lib/grlib/amba/apbctrlsp.vhd|i|1453473916|3453
/home/pvilla/phd/grlib-gpl-1.5.0-b4164/lib/grlib/amba/ahbctrl.vhd|i|1453473916|41854
/home/pvilla/phd/grlib-gpl-1.5.0-b4164/lib/grlib/amba/dma2ahb_pkg.vhd|i|1453473916|6047
/home/pvilla/phd/grlib-gpl-1.5.0-b4164/lib/grlib/amba/dma2ahb.vhd|i|1453473916|25676
/home/pvilla/phd/grlib-gpl-1.5.0-b4164/lib/grlib/amba/ahbmst.vhd|i|1453473916|5778
/home/pvilla/phd/grlib-gpl-1.5.0-b4164/lib/grlib/dftlib/dftlib.vhd|i|1453473916|2063
/home/pvilla/phd/grlib-gpl-1.5.0-b4164/lib/grlib/dftlib/synciotest.vhd|i|1453473916|8681
/home/pvilla/phd/grlib-gpl-1.5.0-b4164/lib/techmap/gencomp/gencomp.vhd|i|1453473917|93253
/home/pvilla/phd/grlib-gpl-1.5.0-b4164/lib/techmap/gencomp/netcomp.vhd|i|1453473917|72126
/home/pvilla/phd/grlib-gpl-1.5.0-b4164/lib/techmap/inferred/memory_inferred.vhd|i|1453473917|12187
/home/pvilla/phd/grlib-gpl-1.5.0-b4164/lib/techmap/inferred/ddr_inferred.vhd|i|1453473917|3305
/home/pvilla/phd/grlib-gpl-1.5.0-b4164/lib/techmap/inferred/mul_inferred.vhd|i|1453473917|4290
/home/pvilla/phd/grlib-gpl-1.5.0-b4164/lib/techmap/inferred/ddr_phy_inferred.vhd|i|1453473917|16495
/home/pvilla/phd/grlib-gpl-1.5.0-b4164/lib/techmap/inferred/ddrphy_datapath.vhd|i|1453473917|9471
/home/pvilla/phd/grlib-gpl-1.5.0-b4164/lib/techmap/inferred/fifo_inferred.vhd|i|1453473917|8515
/home/pvilla/phd/grlib-gpl-1.5.0-b4164/lib/techmap/maps/allclkgen.vhd|i|1453473917|21578
/home/pvilla/phd/grlib-gpl-1.5.0-b4164/lib/techmap/maps/techbuf.vhd|i|1453473917|5015
/home/pvilla/phd/grlib-gpl-1.5.0-b4164/lib/techmap/maps/allddr.vhd|i|1453473917|50533
/home/pvilla/phd/grlib-gpl-1.5.0-b4164/lib/techmap/maps/allmem.vhd|i|1453473917|57852
/home/pvilla/phd/grlib-gpl-1.5.0-b4164/lib/techmap/maps/allmul.vhd|i|1453473917|3200
/home/pvilla/phd/grlib-gpl-1.5.0-b4164/lib/techmap/maps/allpads.vhd|i|1453473917|33150
/home/pvilla/phd/grlib-gpl-1.5.0-b4164/lib/techmap/maps/alltap.vhd|i|1453473917|12632
/home/pvilla/phd/grlib-gpl-1.5.0-b4164/lib/techmap/maps/clkgen.vhd|i|1453473917|9993
/home/pvilla/phd/grlib-gpl-1.5.0-b4164/lib/techmap/maps/clkmux.vhd|i|1453473917|4013
/home/pvilla/phd/grlib-gpl-1.5.0-b4164/lib/techmap/maps/clkinv.vhd|i|1453473917|2042
/home/pvilla/phd/grlib-gpl-1.5.0-b4164/lib/techmap/maps/clkand.vhd|i|1453473917|3937
/home/pvilla/phd/grlib-gpl-1.5.0-b4164/lib/techmap/maps/grgates.vhd|i|1453473917|6924
/home/pvilla/phd/grlib-gpl-1.5.0-b4164/lib/techmap/maps/ddr_ireg.vhd|i|1453473917|3291
/home/pvilla/phd/grlib-gpl-1.5.0-b4164/lib/techmap/maps/ddr_oreg.vhd|i|1453473917|3262
/home/pvilla/phd/grlib-gpl-1.5.0-b4164/lib/techmap/maps/clkpad.vhd|i|1453473917|4623
/home/pvilla/phd/grlib-gpl-1.5.0-b4164/lib/techmap/maps/clkpad_ds.vhd|i|1453473917|3159
/home/pvilla/phd/grlib-gpl-1.5.0-b4164/lib/techmap/maps/inpad.vhd|i|1453473917|5326
/home/pvilla/phd/grlib-gpl-1.5.0-b4164/lib/techmap/maps/inpad_ds.vhd|i|1453473917|3890
/home/pvilla/phd/grlib-gpl-1.5.0-b4164/lib/techmap/maps/iodpad.vhd|i|1453473917|5278
/home/pvilla/phd/grlib-gpl-1.5.0-b4164/lib/techmap/maps/iopad.vhd|i|1453473917|7641
/home/pvilla/phd/grlib-gpl-1.5.0-b4164/lib/techmap/maps/iopad_ds.vhd|i|1453473917|5137
/home/pvilla/phd/grlib-gpl-1.5.0-b4164/lib/techmap/maps/lvds_combo.vhd|i|1453473917|3925
/home/pvilla/phd/grlib-gpl-1.5.0-b4164/lib/techmap/maps/odpad.vhd|i|1453473917|5766
/home/pvilla/phd/grlib-gpl-1.5.0-b4164/lib/techmap/maps/outpad.vhd|i|1453473917|5981
/home/pvilla/phd/grlib-gpl-1.5.0-b4164/lib/techmap/maps/outpad_ds.vhd|i|1453473917|3797
/home/pvilla/phd/grlib-gpl-1.5.0-b4164/lib/techmap/maps/toutpad.vhd|i|1453473917|7253
/home/pvilla/phd/grlib-gpl-1.5.0-b4164/lib/techmap/maps/toutpad_ds.vhd|i|1453473917|4694
/home/pvilla/phd/grlib-gpl-1.5.0-b4164/lib/techmap/maps/skew_outpad.vhd|i|1453473917|2128
/home/pvilla/phd/grlib-gpl-1.5.0-b4164/lib/techmap/maps/ddrphy.vhd|i|1453473917|56380
/home/pvilla/phd/grlib-gpl-1.5.0-b4164/lib/techmap/maps/syncram.vhd|i|1453473917|12208
/home/pvilla/phd/grlib-gpl-1.5.0-b4164/lib/techmap/maps/syncram64.vhd|i|1453473917|6724
/home/pvilla/phd/grlib-gpl-1.5.0-b4164/lib/techmap/maps/syncram_2p.vhd|i|1453473917|15962
/home/pvilla/phd/grlib-gpl-1.5.0-b4164/lib/techmap/maps/syncram_dp.vhd|i|1453473917|11397
/home/pvilla/phd/grlib-gpl-1.5.0-b4164/lib/techmap/maps/syncfifo_2p.vhd|i|1453473917|5612
/home/pvilla/phd/grlib-gpl-1.5.0-b4164/lib/techmap/maps/regfile_3p.vhd|i|1453473917|3854
/home/pvilla/phd/grlib-gpl-1.5.0-b4164/lib/techmap/maps/tap.vhd|i|1453473917|11074
/home/pvilla/phd/grlib-gpl-1.5.0-b4164/lib/techmap/maps/nandtree.vhd|i|1453473917|2469
/home/pvilla/phd/grlib-gpl-1.5.0-b4164/lib/techmap/maps/grlfpw_net.vhd|i|1453473917|41459
/home/pvilla/phd/grlib-gpl-1.5.0-b4164/lib/techmap/maps/grfpw_net.vhd|i|1453473917|36532
/home/pvilla/phd/grlib-gpl-1.5.0-b4164/lib/techmap/maps/leon3_net.vhd|i|1453473917|44481
/home/pvilla/phd/grlib-gpl-1.5.0-b4164/lib/techmap/maps/leon4_net.vhd|i|1453473917|22996
/home/pvilla/phd/grlib-gpl-1.5.0-b4164/lib/techmap/maps/mul_61x61.vhd|i|1453473917|4227
/home/pvilla/phd/grlib-gpl-1.5.0-b4164/lib/techmap/maps/cpu_disas_net.vhd|i|1453473917|4563
/home/pvilla/phd/grlib-gpl-1.5.0-b4164/lib/techmap/maps/ringosc.vhd|i|1453473917|2533
/home/pvilla/phd/grlib-gpl-1.5.0-b4164/lib/techmap/maps/grpci2_phy_net.vhd|i|1453473917|41186
/home/pvilla/phd/grlib-gpl-1.5.0-b4164/lib/techmap/maps/system_monitor.vhd|i|1453473917|13187
/home/pvilla/phd/grlib-gpl-1.5.0-b4164/lib/techmap/maps/inpad_ddr.vhd|i|1453473917|3806
/home/pvilla/phd/grlib-gpl-1.5.0-b4164/lib/techmap/maps/outpad_ddr.vhd|i|1453473917|3810
/home/pvilla/phd/grlib-gpl-1.5.0-b4164/lib/techmap/maps/iopad_ddr.vhd|i|1453473917|4955
/home/pvilla/phd/grlib-gpl-1.5.0-b4164/lib/techmap/maps/syncram128bw.vhd|i|1453473917|5745
/home/pvilla/phd/grlib-gpl-1.5.0-b4164/lib/techmap/maps/syncram256bw.vhd|i|1453473917|6386
/home/pvilla/phd/grlib-gpl-1.5.0-b4164/lib/techmap/maps/syncram128.vhd|i|1453473917|5134
/home/pvilla/phd/grlib-gpl-1.5.0-b4164/lib/techmap/maps/syncram156bw.vhd|i|1453473917|9154
/home/pvilla/phd/grlib-gpl-1.5.0-b4164/lib/techmap/maps/techmult.vhd|i|1453473917|7832
/home/pvilla/phd/grlib-gpl-1.5.0-b4164/lib/techmap/maps/spictrl_net.vhd|i|1453473917|6371
/home/pvilla/phd/grlib-gpl-1.5.0-b4164/lib/techmap/maps/scanreg.vhd|i|1453473917|7585
/home/pvilla/phd/grlib-gpl-1.5.0-b4164/lib/techmap/maps/syncrambw.vhd|i|1453473917|5323
/home/pvilla/phd/grlib-gpl-1.5.0-b4164/lib/techmap/maps/syncram_2pbw.vhd|i|1453473917|8698
/home/pvilla/phd/grlib-gpl-1.5.0-b4164/lib/techmap/maps/sdram_phy.vhd|i|1453473917|7947
/home/pvilla/phd/grlib-gpl-1.5.0-b4164/lib/techmap/maps/syncreg.vhd|i|1453473917|2517
/home/pvilla/phd/grlib-gpl-1.5.0-b4164/lib/techmap/maps/serdes.vhd|i|1453473917|9506
/home/pvilla/phd/grlib-gpl-1.5.0-b4164/lib/techmap/maps/iopad_tm.vhd|i|1453473917|3681
/home/pvilla/phd/grlib-gpl-1.5.0-b4164/lib/techmap/maps/toutpad_tm.vhd|i|1453473917|3537
/home/pvilla/phd/grlib-gpl-1.5.0-b4164/lib/techmap/maps/memrwcol.vhd|i|1453473917|5107
/home/pvilla/phd/grlib-gpl-1.5.0-b4164/lib/eth/comp/ethcomp.vhd|i|1453473917|20936
/home/pvilla/phd/grlib-gpl-1.5.0-b4164/lib/eth/core/greth_pkg.vhd|i|1453473917|24186
/home/pvilla/phd/grlib-gpl-1.5.0-b4164/lib/eth/core/eth_rstgen.vhd|i|1453473917|2298
/home/pvilla/phd/grlib-gpl-1.5.0-b4164/lib/eth/core/eth_edcl_ahb_mst.vhd|i|1453473917|4714
/home/pvilla/phd/grlib-gpl-1.5.0-b4164/lib/eth/core/eth_ahb_mst.vhd|i|1453473917|6202
/home/pvilla/phd/grlib-gpl-1.5.0-b4164/lib/eth/core/greth_tx.vhd|i|1453473917|17548
/home/pvilla/phd/grlib-gpl-1.5.0-b4164/lib/eth/core/greth_rx.vhd|i|1453473917|11685
/home/pvilla/phd/grlib-gpl-1.5.0-b4164/lib/eth/core/grethc.vhd|i|1453473917|84614
/home/pvilla/phd/grlib-gpl-1.5.0-b4164/lib/eth/wrapper/greth_gen.vhd|i|1453473917|13910
/home/pvilla/phd/grlib-gpl-1.5.0-b4164/lib/eth/wrapper/greth_gbit_gen.vhd|i|1453473917|13713
/home/pvilla/phd/grlib-gpl-1.5.0-b4164/lib/opencores/can/cancomp.vhd|i|1453473916|3227
/home/pvilla/phd/grlib-gpl-1.5.0-b4164/lib/opencores/can/can_top.vhd|i|1453473916|348581
/home/pvilla/phd/grlib-gpl-1.5.0-b4164/lib/opencores/ge_1000baseX/ge_1000baseX_comp.vhd|i|1453473916|2511
/home/pvilla/phd/grlib-gpl-1.5.0-b4164/lib/gaisler/arith/arith.vhd|i|1453473915|4818
/home/pvilla/phd/grlib-gpl-1.5.0-b4164/lib/gaisler/arith/mul32.vhd|i|1453473915|15135
/home/pvilla/phd/grlib-gpl-1.5.0-b4164/lib/gaisler/arith/div32.vhd|i|1453473915|7149
/home/pvilla/phd/grlib-gpl-1.5.0-b4164/lib/gaisler/memctrl/memctrl.vhd|i|1453473916|20700
/home/pvilla/phd/grlib-gpl-1.5.0-b4164/lib/gaisler/memctrl/sdctrl.vhd|i|1453473916|29783
/home/pvilla/phd/grlib-gpl-1.5.0-b4164/lib/gaisler/memctrl/sdctrl64.vhd|i|1453473916|29787
/home/pvilla/phd/grlib-gpl-1.5.0-b4164/lib/gaisler/memctrl/sdmctrl.vhd|i|1453473916|25539
/home/pvilla/phd/grlib-gpl-1.5.0-b4164/lib/gaisler/memctrl/srctrl.vhd|i|1453473916|15334
/home/pvilla/phd/grlib-gpl-1.5.0-b4164/lib/gaisler/srmmu/mmuconfig.vhd|i|1453473916|22453
/home/pvilla/phd/grlib-gpl-1.5.0-b4164/lib/gaisler/srmmu/mmuiface.vhd|i|1453473916|8053
/home/pvilla/phd/grlib-gpl-1.5.0-b4164/lib/gaisler/srmmu/libmmu.vhd|i|1453473916|11193
/home/pvilla/phd/grlib-gpl-1.5.0-b4164/lib/gaisler/srmmu/mmutlbcam.vhd|i|1453473916|9961
/home/pvilla/phd/grlib-gpl-1.5.0-b4164/lib/gaisler/srmmu/mmulrue.vhd|i|1453473916|3786
/home/pvilla/phd/grlib-gpl-1.5.0-b4164/lib/gaisler/srmmu/mmulru.vhd|i|1453473916|6023
/home/pvilla/phd/grlib-gpl-1.5.0-b4164/lib/gaisler/srmmu/mmutlb.vhd|i|1453473916|21812
/home/pvilla/phd/grlib-gpl-1.5.0-b4164/lib/gaisler/srmmu/mmutw.vhd|i|1453473916|10772
/home/pvilla/phd/grlib-gpl-1.5.0-b4164/lib/gaisler/srmmu/mmu.vhd|i|1453473916|21306
/home/pvilla/phd/grlib-gpl-1.5.0-b4164/lib/gaisler/leon3/leon3.vhd|i|1453473915|42363
/home/pvilla/phd/grlib-gpl-1.5.0-b4164/lib/gaisler/leon3/grfpushwx.vhd|i|1453473915|10156
/home/pvilla/phd/grlib-gpl-1.5.0-b4164/lib/gaisler/leon3v3/tbufmem.vhd|i|1453473916|3523
/home/pvilla/phd/grlib-gpl-1.5.0-b4164/lib/gaisler/leon3v3/tbufmem_2p.vhd|i|1453473916|4849
/home/pvilla/phd/grlib-gpl-1.5.0-b4164/lib/gaisler/leon3v3/dsu3x.vhd|i|1453473916|40314
/home/pvilla/phd/grlib-gpl-1.5.0-b4164/lib/gaisler/leon3v3/dsu3.vhd|i|1453473916|2603
/home/pvilla/phd/grlib-gpl-1.5.0-b4164/lib/gaisler/leon3v3/dsu3_mb.vhd|i|1453473916|2687
/home/pvilla/phd/grlib-gpl-1.5.0-b4164/lib/gaisler/leon3v3/libfpu.vhd|i|1453473916|4767
/home/pvilla/phd/grlib-gpl-1.5.0-b4164/lib/gaisler/leon3v3/libiu.vhd|i|1453473916|9104
/home/pvilla/phd/grlib-gpl-1.5.0-b4164/lib/gaisler/leon3v3/libcache.vhd|i|1453473916|23455
/home/pvilla/phd/grlib-gpl-1.5.0-b4164/lib/gaisler/leon3v3/libleon3.vhd|i|1453473916|7863
/home/pvilla/phd/grlib-gpl-1.5.0-b4164/lib/gaisler/leon3v3/regfile_3p_l3.vhd|i|1453473916|3279
/home/pvilla/phd/grlib-gpl-1.5.0-b4164/lib/gaisler/leon3v3/mmu_acache.vhd|i|1453473916|14334
/home/pvilla/phd/grlib-gpl-1.5.0-b4164/lib/gaisler/leon3v3/mmu_icache.vhd|i|1453473916|30245
/home/pvilla/phd/grlib-gpl-1.5.0-b4164/lib/gaisler/leon3v3/mmu_dcache.vhd|i|1453473916|68554
/home/pvilla/phd/grlib-gpl-1.5.0-b4164/lib/gaisler/leon3v3/cachemem.vhd|i|1453473916|24054
/home/pvilla/phd/grlib-gpl-1.5.0-b4164/lib/gaisler/leon3v3/mmu_cache.vhd|i|1453473916|6540
/home/pvilla/phd/grlib-gpl-1.5.0-b4164/lib/gaisler/leon3v3/grfpwx.vhd|i|1453473916|4601
/home/pvilla/phd/grlib-gpl-1.5.0-b4164/lib/gaisler/leon3v3/grlfpwx.vhd|i|1453473916|4556
/home/pvilla/phd/grlib-gpl-1.5.0-b4164/lib/gaisler/leon3v3/iu3.vhd|i|1453473916|185772
/home/pvilla/phd/grlib-gpl-1.5.0-b4164/lib/gaisler/leon3v3/proc3.vhd|i|1453473916|6949
/home/pvilla/phd/grlib-gpl-1.5.0-b4164/lib/gaisler/leon3v3/grfpwxsh.vhd|i|1453473916|9971
/home/pvilla/phd/grlib-gpl-1.5.0-b4164/lib/gaisler/leon3v3/leon3x.vhd|i|1453473916|15958
/home/pvilla/phd/grlib-gpl-1.5.0-b4164/lib/gaisler/leon3v3/leon3cg.vhd|i|1453473916|6994
/home/pvilla/phd/grlib-gpl-1.5.0-b4164/lib/gaisler/leon3v3/leon3s.vhd|i|1453473916|6790
/home/pvilla/phd/grlib-gpl-1.5.0-b4164/lib/gaisler/leon3v3/leon3sh.vhd|i|1453473916|6893
/home/pvilla/phd/grlib-gpl-1.5.0-b4164/lib/gaisler/leon3v3/l3stat.vhd|i|1453473916|19909
/home/pvilla/phd/grlib-gpl-1.5.0-b4164/lib/gaisler/leon3v3/cmvalidbits.vhd|i|1453473916|3639
/home/pvilla/phd/grlib-gpl-1.5.0-b4164/lib/gaisler/leon4/leon4.vhd|i|1453473916|27196
/home/pvilla/phd/grlib-gpl-1.5.0-b4164/lib/gaisler/irqmp/irqmp.vhd|i|1453473915|16161
/home/pvilla/phd/grlib-gpl-1.5.0-b4164/lib/gaisler/l2cache/pkg/l2cache.vhd|i|1453473915|3160
/home/pvilla/phd/grlib-gpl-1.5.0-b4164/lib/gaisler/can/can.vhd|i|1453473915|6949
/home/pvilla/phd/grlib-gpl-1.5.0-b4164/lib/gaisler/can/can_mod.vhd|i|1453473915|7813
/home/pvilla/phd/grlib-gpl-1.5.0-b4164/lib/gaisler/can/can_oc.vhd|i|1453473915|5737
/home/pvilla/phd/grlib-gpl-1.5.0-b4164/lib/gaisler/can/can_mc.vhd|i|1453473915|6392
/home/pvilla/phd/grlib-gpl-1.5.0-b4164/lib/gaisler/can/canmux.vhd|i|1453473915|896
/home/pvilla/phd/grlib-gpl-1.5.0-b4164/lib/gaisler/can/can_rd.vhd|i|1453473915|6752
/home/pvilla/phd/grlib-gpl-1.5.0-b4164/lib/gaisler/misc/misc.vhd|i|1453473916|53414
/home/pvilla/phd/grlib-gpl-1.5.0-b4164/lib/gaisler/misc/rstgen.vhd|i|1453473916|4495
/home/pvilla/phd/grlib-gpl-1.5.0-b4164/lib/gaisler/misc/gptimer.vhd|i|1453473916|21915
/home/pvilla/phd/grlib-gpl-1.5.0-b4164/lib/gaisler/misc/ahbram.vhd|i|1453473916|9220
/home/pvilla/phd/grlib-gpl-1.5.0-b4164/lib/gaisler/misc/ahbdpram.vhd|i|1453473916|5311
/home/pvilla/phd/grlib-gpl-1.5.0-b4164/lib/gaisler/misc/ahbtrace_mmb.vhd|i|1453473916|24388
/home/pvilla/phd/grlib-gpl-1.5.0-b4164/lib/gaisler/misc/ahbtrace_mb.vhd|i|1453473916|3199
/home/pvilla/phd/grlib-gpl-1.5.0-b4164/lib/gaisler/misc/ahbtrace.vhd|i|1453473916|2839
/home/pvilla/phd/grlib-gpl-1.5.0-b4164/lib/gaisler/misc/grgpio.vhd|i|1453473916|15820
/home/pvilla/phd/grlib-gpl-1.5.0-b4164/lib/gaisler/misc/ahbstat.vhd|i|1453473916|4363
/home/pvilla/phd/grlib-gpl-1.5.0-b4164/lib/gaisler/misc/logan.vhd|i|1453473916|16989
/home/pvilla/phd/grlib-gpl-1.5.0-b4164/lib/gaisler/misc/apbps2.vhd|i|1453473916|13643
/home/pvilla/phd/grlib-gpl-1.5.0-b4164/lib/gaisler/misc/charrom_package.vhd|i|1453473916|1746
/home/pvilla/phd/grlib-gpl-1.5.0-b4164/lib/gaisler/misc/charrom.vhd|i|1453473916|119270
/home/pvilla/phd/grlib-gpl-1.5.0-b4164/lib/gaisler/misc/apbvga.vhd|i|1453473916|11979
/home/pvilla/phd/grlib-gpl-1.5.0-b4164/lib/gaisler/misc/svgactrl.vhd|i|1453473916|27591
/home/pvilla/phd/grlib-gpl-1.5.0-b4164/lib/gaisler/misc/grsysmon.vhd|i|1453473916|16897
/home/pvilla/phd/grlib-gpl-1.5.0-b4164/lib/gaisler/misc/gracectrl.vhd|i|1453473916|14070
/home/pvilla/phd/grlib-gpl-1.5.0-b4164/lib/gaisler/misc/grgpreg.vhd|i|1453473916|4712
/home/pvilla/phd/grlib-gpl-1.5.0-b4164/lib/gaisler/misc/ahb_mst_iface.vhd|i|1453473916|5219
/home/pvilla/phd/grlib-gpl-1.5.0-b4164/lib/gaisler/misc/grgprbank.vhd|i|1453473916|5174
/home/pvilla/phd/grlib-gpl-1.5.0-b4164/lib/gaisler/net/net.vhd|i|1453473915|27047
/home/pvilla/phd/grlib-gpl-1.5.0-b4164/lib/gaisler/uart/uart.vhd|i|1453473916|2866
/home/pvilla/phd/grlib-gpl-1.5.0-b4164/lib/gaisler/uart/libdcom.vhd|i|1453473916|5361
/home/pvilla/phd/grlib-gpl-1.5.0-b4164/lib/gaisler/uart/apbuart.vhd|i|1453473916|21003
/home/pvilla/phd/grlib-gpl-1.5.0-b4164/lib/gaisler/uart/dcom.vhd|i|1453473916|5672
/home/pvilla/phd/grlib-gpl-1.5.0-b4164/lib/gaisler/uart/dcom_uart.vhd|i|1453473916|11471
/home/pvilla/phd/grlib-gpl-1.5.0-b4164/lib/gaisler/uart/ahbuart.vhd|i|1453473916|2701
/home/pvilla/phd/grlib-gpl-1.5.0-b4164/lib/gaisler/jtag/jtag.vhd|i|1453473916|6818
/home/pvilla/phd/grlib-gpl-1.5.0-b4164/lib/gaisler/jtag/libjtagcom.vhd|i|1453473916|2889
/home/pvilla/phd/grlib-gpl-1.5.0-b4164/lib/gaisler/jtag/jtagcom.vhd|i|1453473916|7865
/home/pvilla/phd/grlib-gpl-1.5.0-b4164/lib/gaisler/jtag/bscanregs.vhd|i|1453473916|2814
/home/pvilla/phd/grlib-gpl-1.5.0-b4164/lib/gaisler/jtag/bscanregsbd.vhd|i|1453473916|3166
/home/pvilla/phd/grlib-gpl-1.5.0-b4164/lib/gaisler/jtag/jtagcom2.vhd|i|1453473916|10083
/home/pvilla/phd/grlib-gpl-1.5.0-b4164/lib/gaisler/jtag/ahbjtag.vhd|i|1453473916|6784
/home/pvilla/phd/grlib-gpl-1.5.0-b4164/lib/gaisler/jtag/ahbjtag_bsd.vhd|i|1453473916|3384
/home/pvilla/phd/grlib-gpl-1.5.0-b4164/lib/gaisler/greth/ethernet_mac.vhd|i|1453473915|5154
/home/pvilla/phd/grlib-gpl-1.5.0-b4164/lib/gaisler/greth/greth.vhd|i|1453473915|12447
/home/pvilla/phd/grlib-gpl-1.5.0-b4164/lib/gaisler/greth/greth_mb.vhd|i|1453473915|14091
/home/pvilla/phd/grlib-gpl-1.5.0-b4164/lib/gaisler/greth/greth_gbit.vhd|i|1453473915|12300
/home/pvilla/phd/grlib-gpl-1.5.0-b4164/lib/gaisler/greth/greths.vhd|i|1453473915|9284
/home/pvilla/phd/grlib-gpl-1.5.0-b4164/lib/gaisler/greth/greth_gbit_mb.vhd|i|1453473915|15244
/home/pvilla/phd/grlib-gpl-1.5.0-b4164/lib/gaisler/greth/greths_mb.vhd|i|1453473915|9644
/home/pvilla/phd/grlib-gpl-1.5.0-b4164/lib/gaisler/greth/grethm.vhd|i|1453473915|6489
/home/pvilla/phd/grlib-gpl-1.5.0-b4164/lib/gaisler/greth/grethm_mb.vhd|i|1453473915|7138
/home/pvilla/phd/grlib-gpl-1.5.0-b4164/lib/gaisler/greth/adapters/rgmii.vhd|i|1453473915|33798
/home/pvilla/phd/grlib-gpl-1.5.0-b4164/lib/gaisler/greth/adapters/comma_detect.vhd|i|1453473915|5183
/home/pvilla/phd/grlib-gpl-1.5.0-b4164/lib/gaisler/greth/adapters/sgmii.vhd|i|1453473915|8218
/home/pvilla/phd/grlib-gpl-1.5.0-b4164/lib/gaisler/greth/adapters/elastic_buffer.vhd|i|1453473915|5499
/home/pvilla/phd/grlib-gpl-1.5.0-b4164/lib/gaisler/greth/adapters/gmii_to_mii.vhd|i|1453473915|8943
/home/pvilla/phd/grlib-gpl-1.5.0-b4164/lib/gaisler/greth/adapters/word_aligner.vhd|i|1453473915|3947
/home/pvilla/phd/grlib-gpl-1.5.0-b4164/lib/gaisler/gr1553b/gr1553b_pkg.vhd|i|1453473915|16288
/home/pvilla/phd/grlib-gpl-1.5.0-b4164/lib/gaisler/gr1553b/gr1553b_pads.vhd|i|1453473915|5026
/home/pvilla/phd/grlib-gpl-1.5.0-b4164/lib/gaisler/gr1553b/gr1553b_nlw.vhd|i|1453473915|6481
/home/pvilla/phd/grlib-gpl-1.5.0-b4164/lib/gaisler/gr1553b/gr1553b_stdlogic.vhd|i|1453473915|6602
/home/pvilla/phd/grlib-gpl-1.5.0-b4164/lib/gaisler/spi/spi.vhd|i|1453473915|8138
/home/pvilla/phd/grlib-gpl-1.5.0-b4164/lib/gaisler/spi/spimctrl.vhd|i|1453473915|39273
/home/pvilla/phd/grlib-gpl-1.5.0-b4164/lib/gaisler/spi/spictrlx.vhd|i|1453473915|73549
/home/pvilla/phd/grlib-gpl-1.5.0-b4164/lib/gaisler/spi/spictrl.vhd|i|1453473915|11181
/home/pvilla/phd/grlib-gpl-1.5.0-b4164/lib/gaisler/spi/spi2ahbx.vhd|i|1453473915|17429
/home/pvilla/phd/grlib-gpl-1.5.0-b4164/lib/gaisler/spi/spi2ahb.vhd|i|1453473915|2987
/home/pvilla/phd/grlib-gpl-1.5.0-b4164/lib/gaisler/spi/spi2ahb_apb.vhd|i|1453473915|6864
/home/pvilla/phd/grlib-gpl-1.5.0-b4164/lib/gaisler/grdmac/grdmac_pkg.vhd|i|1453473915|10389
/home/pvilla/phd/grlib-gpl-1.5.0-b4164/lib/gaisler/grdmac/apbmem.vhd|i|1453473915|3745
/home/pvilla/phd/grlib-gpl-1.5.0-b4164/lib/gaisler/grdmac/grdmac_ahbmst.vhd|i|1453473915|6128
/home/pvilla/phd/grlib-gpl-1.5.0-b4164/lib/gaisler/grdmac/grdmac_alignram.vhd|i|1453473915|9844
/home/pvilla/phd/grlib-gpl-1.5.0-b4164/lib/gaisler/grdmac/grdmac.vhd|i|1453473915|47573
/home/pvilla/phd/grlib-gpl-1.5.0-b4164/lib/gaisler/grdmac/grdmac_1p.vhd|i|1453473915|3847
/home/pvilla/phd/grlib-gpl-1.5.0-b4164/lib/gaisler/subsys/subsys.vhd|i|1453473916|6206
/home/pvilla/phd/grlib-gpl-1.5.0-b4164/lib/gaisler/subsys/leon_dsu_stat_base.vhd|i|1453473916|17765
/home/pvilla/phd/grlib-gpl-1.5.0-b4164/lib/esa/memoryctrl/memoryctrl.vhd|i|1453473916|2716
/home/pvilla/phd/grlib-gpl-1.5.0-b4164/lib/esa/memoryctrl/mctrl.vhd|i|1453473916|36435
/home/pvilla/phd/grlib-gpl-1.5.0-b4164/designs/leon3-actel-proasic3/config.vhd|i|1457724101|5607
/home/pvilla/phd/grlib-gpl-1.5.0-b4164/designs/leon3-actel-proasic3/ahbrom.vhd|i|1457725089|6730
/home/pvilla/phd/grlib-gpl-1.5.0-b4164/designs/leon3-actel-proasic3/leon3mp.vhd|i|1455814448|18798
/opt/microsemi/Libero_v9.2/Synplify/lib/proasic/proasic3e.v|i|1395218354|52634
/home/pvilla/phd/grlib-gpl-1.5.0-b4164/lib/opencores/ge_1000baseX/clean_rst.v|i|1453473830|3371
/home/pvilla/phd/grlib-gpl-1.5.0-b4164/lib/opencores/ge_1000baseX/decoder_8b10b.v|i|1453473830|14931
/home/pvilla/phd/grlib-gpl-1.5.0-b4164/lib/opencores/ge_1000baseX/encoder_8b10b.v|i|1453473830|10127
/home/pvilla/phd/grlib-gpl-1.5.0-b4164/lib/opencores/ge_1000baseX/ge_1000baseX_constants.v|i|1453473830|5572
/home/pvilla/phd/grlib-gpl-1.5.0-b4164/lib/opencores/ge_1000baseX/ge_1000baseX_regs.v|i|1453473830|4003
/home/pvilla/phd/grlib-gpl-1.5.0-b4164/lib/opencores/ge_1000baseX/ge_1000baseX_test.v|i|1453473830|9535
/home/pvilla/phd/grlib-gpl-1.5.0-b4164/lib/opencores/ge_1000baseX/timescale.v|i|1453473830|3146
-fsysv|i|0|0
/home/pvilla/phd/grlib-gpl-1.5.0-b4164/lib/opencores/ge_1000baseX/ge_1000baseX.v|i|1453473830|27070
-fsysv|i|0|0
/home/pvilla/phd/grlib-gpl-1.5.0-b4164/lib/opencores/ge_1000baseX/ge_1000baseX_an.v|i|1453473830|17490
-fsysv|i|0|0
/home/pvilla/phd/grlib-gpl-1.5.0-b4164/lib/opencores/ge_1000baseX/ge_1000baseX_mdio.v|i|1453473830|10391
-fsysv|i|0|0
/home/pvilla/phd/grlib-gpl-1.5.0-b4164/lib/opencores/ge_1000baseX/ge_1000baseX_rx.v|i|1453473830|31648
-fsysv|i|0|0
/home/pvilla/phd/grlib-gpl-1.5.0-b4164/lib/opencores/ge_1000baseX/ge_1000baseX_sync.v|i|1453473830|13359
-fsysv|i|0|0
/home/pvilla/phd/grlib-gpl-1.5.0-b4164/lib/opencores/ge_1000baseX/ge_1000baseX_tx.v|i|1453473830|23997
/opt/microsemi/Libero_v9.2/Synplify/bin/c_hdl|i|1395218344|365
/opt/microsemi/Libero_v9.2/Synplify/linux/c_hdl|i|1395218369|3259416
/opt/microsemi/Libero_v9.2/Synplify/linux_a_64/c_hdl|i|1395218379|3421072
