Test signal = /testbench/cpu/l3/cpu(0)/u0/leon3x0/vhdl/p0/iu/r.e.shcnt
oldval = 00000
pos1: -1 pos0: 4 posU: -1
newval = 00001
force in 672567
587,565 ns >> iteration no: 0
Signal value: 00111
oldval = 00111
pos1: 4 pos0: 1 posU: -1
newval = 00110
1,429,390 ns >> iteration no: 1
2,271,140 ns >> iteration no: 2
3,112,990 ns >> iteration no: 3
3,954,790 ns >> iteration no: 4
4,795,890 ns >> prog fin.
compare to golden: 1
======================================
progstatus: 1
execerr: 0
latent: 1
program execution success!
total iterations: 5
>>>>>>>>>>>>>>> 4795890000
======================================
