Test signal = /testbench/cpu/l3/cpu(0)/u0/leon3x0/vhdl/p0/iu/r.e.bp
oldval = 0
pos1: -1 pos0: 0 posU: -1
newval = 1
force in 1068295
587,565 ns >> iteration no: 0
1,429,390 ns >> iteration no: 1
Signal value: 0
oldval = 0
pos1: -1 pos0: 0 posU: -1
newval = 1
2,271,140 ns >> iteration no: 2
3,113,065 ns >> iteration no: 3
3,954,790 ns >> iteration no: 4
4,795,890 ns >> prog fin.
compare to golden: 1
======================================
progstatus: 1
execerr: 0
latent: 1
program execution success!
total iterations: 5
>>>>>>>>>>>>>>> 4795890000
======================================
