Test signal = /testbench/cpu/l3/cpu(0)/u0/leon3x0/vhdl/p0/iu/r.d.pc
oldval = 01000000000000000000001100100000
pos1: 26 pos0: 31 posU: -1
newval = 01000000000000000000001100000000
force in 970464
587,565 ns >> iteration no: 0
1,429,390 ns >> iteration no: 1
Signal value: 01000000000000000000001000001000
oldval = 01000000000000000000001000001000
pos1: 28 pos0: 31 posU: -1
newval = 01000000000000000000001000000000
2,271,140 ns >> iteration no: 2
3,112,990 ns >> iteration no: 3
3,954,790 ns >> iteration no: 4
4,795,890 ns >> prog fin.
compare to golden: 1
======================================
progstatus: 1
execerr: 0
latent: 1
program execution success!
total iterations: 5
>>>>>>>>>>>>>>> 4795890000
======================================
