Test signal = /testbench/cpu/l3/cpu(0)/u0/leon3x0/vhdl/p0/iu/r.e.mul
oldval = 0
pos1: -1 pos0: 0 posU: -1
newval = 1
force in 770395
587,565 ns >> iteration no: 0
Signal value: 0
oldval = 0
pos1: -1 pos0: 0 posU: -1
newval = 1
1,429,390 ns >> iteration no: 1
2,271,415 ns >> iteration no: 2
3,113,365 ns >> iteration no: 3
3,955,165 ns >> iteration no: 4
4,796,315 ns >> prog fin.
compare to golden: 1
======================================
progstatus: 1
execerr: 0
latent: 1
program execution success!
total iterations: 5
>>>>>>>>>>>>>>> 4796315000
======================================
