Test signal = /testbench/cpu/l3/cpu(0)/u0/leon3x0/vhdl/p0/iu/r.a.rfa1
oldval = 01111111
pos1: 7 pos0: 0 posU: -1
newval = 01111110
force in 2393580
587,565 ns >> iteration no: 0
1,429,390 ns >> iteration no: 1
2,271,140 ns >> iteration no: 2
Signal value: 10000001
oldval = 10000001
pos1: 7 pos0: 6 posU: -1
newval = 10000000
3,112,990 ns >> iteration no: 3
3,954,790 ns >> iteration no: 4
4,795,890 ns >> prog fin.
compare to golden: 1
======================================
progstatus: 1
execerr: 0
latent: 1
program execution success!
total iterations: 5
>>>>>>>>>>>>>>> 4795890000
======================================
