Test signal = /testbench/cpu/l3/cpu(0)/u0/leon3x0/vhdl/p0/iu/r.d.cwp
oldval = 111
pos1: 2 pos0: -1 posU: -1
newval = 110
force in 257034
587,565 ns >> iteration no: 0
Signal value: 101
oldval = 101
pos1: 2 pos0: 1 posU: -1
newval = 100
Error detected -> Trying to recover
Successful recovery -> Returning to normal execution
1,434,565 ns >> iteration no: 1
2,276,290 ns >> iteration no: 2
3,118,190 ns >> iteration no: 3
3,959,890 ns >> iteration no: 4
4,800,965 ns >> prog fin.
compare to golden: 1
======================================
progstatus: 1
execerr: 1
latent: 1
program execution success!
total iterations: 5
>>>>>>>>>>>>>>> 4800965000
======================================
