Test signal = /testbench/cpu/l3/cpu(0)/u0/leon3x0/vhdl/p0/iu/r.e.op1
oldval = 00000000000000000000000000000000
pos1: -1 pos0: 31 posU: -1
newval = 00000000000000000000000000000001
force in 1880600
587,565 ns >> iteration no: 0
1,429,390 ns >> iteration no: 1
2,271,140 ns >> iteration no: 2
Signal value: 01000000000000000001001000101111
oldval = 01000000000000000001001000101111
pos1: 31 pos0: 27 posU: -1
newval = 01000000000000000001001000101110
3,112,990 ns >> iteration no: 3
3,954,790 ns >> iteration no: 4
compare to golden: 1
======================================
progstatus: 0
execerr: 0
latent: 1
progstatus default value, probably error!
>>>>>>>>>>>>>>> 4371815000
======================================
