Test signal = /testbench/cpu/l3/cpu(0)/u0/leon3x0/vhdl/p0/iu/r.x.mexc
oldval = 0
pos1: -1 pos0: 0 posU: -1
newval = 1
force in 1799831
587,565 ns >> iteration no: 0
1,429,390 ns >> iteration no: 1
2,271,140 ns >> iteration no: 2
Signal value: 0
oldval = 0
pos1: -1 pos0: 0 posU: -1
newval = 1
3,112,990 ns >> iteration no: 3
3,954,790 ns >> iteration no: 4
compare to golden: 1
======================================
progstatus: 0
execerr: 0
latent: 1
progstatus default value, probably error!
>>>>>>>>>>>>>>> 4200940000
======================================
