Test signal = /testbench/cpu/l3/u0/leon3x0/vhdl/p0/iu/r.f.pc
oldval = 01000000000000000000001100100100
pos1: 29 pos0: 31 posU: -1
newval = 01000000000000000000001100100000
Signal value: 01000000000000000000001000100100
force in 967958
584315000 >> iteration no: 0
994990000 >> iteration no: 1
1405665000 >> iteration no: 2
oldval = 01000000000000000000001000100100
pos1: 29 pos0: 31 posU: -1
newval = 01000000000000000000001000100000
1547390000 >> Error detected...
1547990000 >> Error detected...
1548340000 >> Error detected...
1548665000 >> Error detected...
1549015000 >> Error detected...
1549765000 >> Error detected...
1550315000 >> Error detected...
1550640000 >> Error detected...
1551215000 >> Error detected...
1551565000 >> Error detected...
1552365000 >> Error detected...
1552690000 >> Error detected...
1553440000 >> Error detected...
1554040000 >> Error detected...
1554390000 >> Error detected...
1554715000 >> Error detected...
1555065000 >> Error detected...
1555640000 >> Error detected...
1556365000 >> Error detected...
1556690000 >> Error detected...
1557265000 >> Error detected...
1557615000 >> Error detected...
1558415000 >> Error detected...
1558740000 >> Error detected...
1559490000 >> Error detected...
1560090000 >> Error detected...
1560440000 >> Error detected...
1560765000 >> Error detected...
1561115000 >> Error detected...
1561690000 >> Error detected...
1562415000 >> Error detected...
1562740000 >> Error detected...
1563315000 >> Error detected...
1563665000 >> Error detected...
1564465000 >> Error detected...
1564790000 >> Error detected...
1565540000 >> Error detected...
1566140000 >> Error detected...
1566490000 >> Error detected...
1566815000 >> Error detected...
1567165000 >> Error detected...
1567740000 >> Error detected...
1568290000 >> Error detected...
1568615000 >> Error detected...
1569365000 >> Error detected...
1569715000 >> Error detected...
1570515000 >> Error detected...
1570840000 >> Error detected...
1571590000 >> Error detected...
1572190000 >> Error detected...
1572540000 >> Error detected...
1572865000 >> Error detected...
1573215000 >> Error detected...
1573790000 >> Error detected...
1574340000 >> Error detected...
1574665000 >> Error detected...
1575415000 >> Error detected...
1575765000 >> Error detected...
1576565000 >> Error detected...
1576890000 >> Error detected...
1577640000 >> Error detected...
1578240000 >> Error detected...
1578590000 >> Error detected...
1578915000 >> Error detected...
1579265000 >> Error detected...
1579840000 >> Error detected...
1580390000 >> Error detected...
1580715000 >> Error detected...
1581290000 >> Error detected...
1581815000 >> Error detected...
1582615000 >> Error detected...
1582940000 >> Error detected...
1583690000 >> Error detected...
1584290000 >> Error detected...
1584640000 >> Error detected...
1584965000 >> Error detected...
1585315000 >> Error detected...
1585890000 >> Error detected...
1586440000 >> Error detected...
1586765000 >> Error detected...
1587340000 >> Error detected...
1587690000 >> Error detected...
1588665000 >> Error detected...
1588990000 >> Error detected...
1589740000 >> Error detected...
1590340000 >> Error detected...
1590690000 >> Error detected...
1591015000 >> Error detected...
1591365000 >> Error detected...
1591940000 >> Error detected...
1592490000 >> Error detected...
1592815000 >> Error detected...
1593390000 >> Error detected...
1593740000 >> Error detected...
1594715000 >> Error detected...
1595040000 >> Error detected...
1595790000 >> Error detected...
1596390000 >> Error detected...
1596740000 >> Error detected...
1597065000 >> Error detected...
1597415000 >> Error detected...
1597990000 >> Error detected...
1598540000 >> Error detected...
1598865000 >> Error detected...
1599440000 >> Error detected...
1599790000 >> Error detected...
1600590000 >> Error detected...
1601090000 >> Error detected...
1601840000 >> Error detected...
1602440000 >> Error detected...
1602790000 >> Error detected...
1603115000 >> Error detected...
1603465000 >> Error detected...
1604040000 >> Error detected...
1604590000 >> Error detected...
1604915000 >> Error detected...
1605490000 >> Error detected...
1605840000 >> Error detected...
1606640000 >> Error detected...
1606965000 >> Error detected...
1607890000 >> Error detected...
1608490000 >> Error detected...
1608840000 >> Error detected...
1609165000 >> Error detected...
1609515000 >> Error detected...
1610090000 >> Error detected...
1610640000 >> Error detected...
1610965000 >> Error detected...
1611540000 >> Error detected...
1611890000 >> Error detected...
1612690000 >> Error detected...
1613015000 >> Error detected...
1613940000 >> Error detected...
1614540000 >> Error detected...
1614890000 >> Error detected...
1615215000 >> Error detected...
1615565000 >> Error detected...
1616140000 >> Error detected...
1616690000 >> Error detected...
1617015000 >> Error detected...
1617590000 >> Error detected...
1617940000 >> Error detected...
1618740000 >> Error detected...
1619065000 >> Error detected...
1619990000 >> Error detected...
1620590000 >> Error detected...
1620940000 >> Error detected...
1621265000 >> Error detected...
1621615000 >> Error detected...
1622190000 >> Error detected...
1622740000 >> Error detected...
1623065000 >> Error detected...
1623640000 >> Error detected...
1623990000 >> Error detected...
1624790000 >> Error detected...
1625115000 >> Error detected...
1625865000 >> Error detected...
1626640000 >> Error detected...
1626990000 >> Error detected...
1627315000 >> Error detected...
1627665000 >> Error detected...
1628240000 >> Error detected...
1628790000 >> Error detected...
1629115000 >> Error detected...
1629690000 >> Error detected...
1630040000 >> Error detected...
1630840000 >> Error detected...
1631165000 >> Error detected...
1631915000 >> Error detected...
1632515000 >> Error detected...
1633040000 >> Error detected...
1633365000 >> Error detected...
1633715000 >> Error detected...
1634290000 >> Error detected...
1634840000 >> Error detected...
1635165000 >> Error detected...
1635740000 >> Error detected...
1636090000 >> Error detected...
1636890000 >> Error detected...
1637215000 >> Error detected...
1637965000 >> Error detected...
1638565000 >> Error detected...
1638915000 >> Error detected...
1639390000 >> Error detected...
1639740000 >> Error detected...
1640315000 >> Error detected...
1640865000 >> Error detected...
1641190000 >> Error detected...
1641765000 >> Error detected...
1642115000 >> Error detected...
1642915000 >> Error detected...
1643240000 >> Error detected...
1643990000 >> Error detected...
1644590000 >> Error detected...
1644940000 >> Error detected...
1645265000 >> Error detected...
1645790000 >> Error detected...
1646365000 >> Error detected...
1646915000 >> Error detected...
1647240000 >> Error detected...
1647815000 >> Error detected...
1648165000 >> Error detected...
1648965000 >> Error detected...
1649290000 >> Error detected...
1650040000 >> Error detected...
1650640000 >> Error detected...
1650990000 >> Error detected...
1651315000 >> Error detected...
1651665000 >> Error detected...
1652415000 >> Error detected...
1652965000 >> Error detected...
1653290000 >> Error detected...
1653865000 >> Error detected...
1654215000 >> Error detected...
1655015000 >> Error detected...
1655340000 >> Error detected...
1656090000 >> Error detected...
1656690000 >> Error detected...
1657040000 >> Error detected...
1657365000 >> Error detected...
1657715000 >> Error detected...
1658465000 >> Error detected...
1659015000 >> Error detected...
1659340000 >> Error detected...
1659915000 >> Error detected...
1660265000 >> Error detected...
1661065000 >> Error detected...
1661390000 >> Error detected...
1662140000 >> Error detected...
1662740000 >> Error detected...
1663090000 >> Error detected...
1663415000 >> Error detected...
1663765000 >> Error detected...
1664340000 >> Error detected...
1665065000 >> Error detected...
1665390000 >> Error detected...
1665965000 >> Error detected...
1666315000 >> Error detected...
1667115000 >> Error detected...
1667440000 >> Error detected...
1668190000 >> Error detected...
1668790000 >> Error detected...
1669140000 >> Error detected...
1669465000 >> Error detected...
1669815000 >> Error detected...
1670390000 >> Error detected...
1670940000 >> Error detected...
1671440000 >> Error detected...
1672015000 >> Error detected...
1672365000 >> Error detected...
1673165000 >> Error detected...
1673490000 >> Error detected...
1674240000 >> Error detected...
1674840000 >> Error detected...
1675190000 >> Error detected...
1675515000 >> Error detected...
1675865000 >> Error detected...
1676440000 >> Error detected...
1676990000 >> Error detected...
1677315000 >> Error detected...
1678065000 >> Error detected...
1678415000 >> Error detected...
1679215000 >> Error detected...
1679540000 >> Error detected...
1680290000 >> Error detected...
1680890000 >> Error detected...
1681240000 >> Error detected...
1681565000 >> Error detected...
1681915000 >> Error detected...
1682490000 >> Error detected...
1683040000 >> Error detected...
1683365000 >> Error detected...
1684115000 >> Error detected...
1684465000 >> Error detected...
1685265000 >> Error detected...
1685590000 >> Error detected...
1686340000 >> Error detected...
1686940000 >> Error detected...
1687290000 >> Error detected...
1687615000 >> Error detected...
1687965000 >> Error detected...
1688540000 >> Error detected...
1689090000 >> Error detected...
1689415000 >> Error detected...
1689990000 >> Error detected...
1690515000 >> Error detected...
1691315000 >> Error detected...
1691640000 >> Error detected...
1692390000 >> Error detected...
1692990000 >> Error detected...
1693340000 >> Error detected...
1693665000 >> Error detected...
1694015000 >> Error detected...
1694590000 >> Error detected...
1695140000 >> Error detected...
1695465000 >> Error detected...
1696040000 >> Error detected...
1696390000 >> Error detected...
1697365000 >> Error detected...
1697690000 >> Error detected...
1698440000 >> Error detected...
1699040000 >> Error detected...
1699390000 >> Error detected...
1699715000 >> Error detected...
1700065000 >> Error detected...
1700640000 >> Error detected...
1701190000 >> Error detected...
1701515000 >> Error detected...
1702090000 >> Error detected...
1702440000 >> Error detected...
1703415000 >> Error detected...
1703740000 >> Error detected...
1704490000 >> Error detected...
1705090000 >> Error detected...
1705440000 >> Error detected...
1705765000 >> Error detected...
1706115000 >> Error detected...
1706690000 >> Error detected...
1707240000 >> Error detected...
1707565000 >> Error detected...
1708140000 >> Error detected...
1708490000 >> Error detected...
1709290000 >> Error detected...
1709790000 >> Error detected...
1710540000 >> Error detected...
1711140000 >> Error detected...
1711490000 >> Error detected...
1711815000 >> Error detected...
1712165000 >> Error detected...
1712740000 >> Error detected...
1713290000 >> Error detected...
1713615000 >> Error detected...
1714190000 >> Error detected...
1714540000 >> Error detected...
1715340000 >> Error detected...
1715665000 >> Error detected...
1716590000 >> Error detected...
1717190000 >> Error detected...
1717540000 >> Error detected...
1717865000 >> Error detected...
1718215000 >> Error detected...
1718790000 >> Error detected...
1719340000 >> Error detected...
1719665000 >> Error detected...
1720240000 >> Error detected...
1720590000 >> Error detected...
1721390000 >> Error detected...
1721715000 >> Error detected...
1722615000 >> Error detected...
1723215000 >> Error detected...
1723565000 >> Error detected...
1723890000 >> Error detected...
1724240000 >> Error detected...
1724815000 >> Error detected...
1725365000 >> Error detected...
1725690000 >> Error detected...
1726265000 >> Error detected...
1726615000 >> Error detected...
1727415000 >> Error detected...
1727740000 >> Error detected...
1728490000 >> Error detected...
1729265000 >> Error detected...
1729615000 >> Error detected...
1729940000 >> Error detected...
1730290000 >> Error detected...
1730865000 >> Error detected...
1731415000 >> Error detected...
1731740000 >> Error detected...
1732315000 >> Error detected...
1732665000 >> Error detected...
1733465000 >> Error detected...
1733790000 >> Error detected...
1734540000 >> Error detected...
1735315000 >> Error detected...
1735665000 >> Error detected...
1735990000 >> Error detected...
1736340000 >> Error detected...
1736915000 >> Error detected...
1737465000 >> Error detected...
1737790000 >> Error detected...
1738365000 >> Error detected...
1738715000 >> Error detected...
1739515000 >> Error detected...
1739840000 >> Error detected...
1740590000 >> Error detected...
1741190000 >> Error detected...
1741715000 >> Error detected...
1742040000 >> Error detected...
1742390000 >> Error detected...
1742965000 >> Error detected...
1743515000 >> Error detected...
1743840000 >> Error detected...
1744415000 >> Error detected...
1744765000 >> Error detected...
1745565000 >> Error detected...
1745890000 >> Error detected...
1746640000 >> Error detected...
1747240000 >> Error detected...
1747590000 >> Error detected...
1748065000 >> Error detected...
1748415000 >> Error detected...
1748990000 >> Error detected...
1749540000 >> Error detected...
1749865000 >> Error detected...
1750440000 >> Error detected...
1750790000 >> Error detected...
1751590000 >> Error detected...
1751915000 >> Error detected...
1752665000 >> Error detected...
1753265000 >> Error detected...
1753615000 >> Error detected...
1753940000 >> Error detected...
1754290000 >> Error detected...
1755040000 >> Error detected...
1755590000 >> Error detected...
1755915000 >> Error detected...
1756490000 >> Error detected...
1756840000 >> Error detected...
1757640000 >> Error detected...
1757965000 >> Error detected...
1758715000 >> Error detected...
1759315000 >> Error detected...
1759665000 >> Error detected...
1759990000 >> Error detected...
1760340000 >> Error detected...
1761090000 >> Error detected...
1761640000 >> Error detected...
1761965000 >> Error detected...
1762540000 >> Error detected...
1762890000 >> Error detected...
1763690000 >> Error detected...
1764015000 >> Error detected...
1764765000 >> Error detected...
1765365000 >> Error detected...
1765715000 >> Error detected...
1766040000 >> Error detected...
1766390000 >> Error detected...
1766965000 >> Error detected...
1767690000 >> Error detected...
1768015000 >> Error detected...
1768590000 >> Error detected...
1768940000 >> Error detected...
1769740000 >> Error detected...
1770065000 >> Error detected...
1770815000 >> Error detected...
1771415000 >> Error detected...
1771765000 >> Error detected...
1772090000 >> Error detected...
1772440000 >> Error detected...
1773015000 >> Error detected...
1773740000 >> Error detected...
1774065000 >> Error detected...
1774640000 >> Error detected...
1774990000 >> Error detected...
1775790000 >> Error detected...
1776115000 >> Error detected...
1776865000 >> Error detected...
1777465000 >> Error detected...
1777815000 >> Error detected...
1778140000 >> Error detected...
1778490000 >> Error detected...
1779065000 >> Error detected...
1779615000 >> Error detected...
1780115000 >> Error detected...
1780690000 >> Error detected...
1781040000 >> Error detected...
1781840000 >> Error detected...
1782165000 >> Error detected...
1782915000 >> Error detected...
1783515000 >> Error detected...
1783865000 >> Error detected...
1784190000 >> Error detected...
1784540000 >> Error detected...
1785115000 >> Error detected...
1785665000 >> Error detected...
1785990000 >> Error detected...
1786740000 >> Error detected...
1787090000 >> Error detected...
1787890000 >> Error detected...
1788215000 >> Error detected...
1788965000 >> Error detected...
1789565000 >> Error detected...
1789915000 >> Error detected...
1790240000 >> Error detected...
1790590000 >> Error detected...
1791165000 >> Error detected...
1791715000 >> Error detected...
1792040000 >> Error detected...
1792790000 >> Error detected...
1793140000 >> Error detected...
1793940000 >> Error detected...
1794265000 >> Error detected...
1795015000 >> Error detected...
1795615000 >> Error detected...
1795965000 >> Error detected...
1796290000 >> Error detected...
1796640000 >> Error detected...
1797215000 >> Error detected...
1797765000 >> Error detected...
1798090000 >> Error detected...
1798665000 >> Error detected...
1799015000 >> Error detected...
1799990000 >> Error detected...
1800315000 >> Error detected...
1801065000 >> Error detected...
1801665000 >> Error detected...
1802015000 >> Error detected...
1802340000 >> Error detected...
1802690000 >> Error detected...
1803265000 >> Error detected...
1803815000 >> Error detected...
1804140000 >> Error detected...
1804715000 >> Error detected...
1805065000 >> Error detected...
1806040000 >> Error detected...
1806365000 >> Error detected...
1807115000 >> Error detected...
1807715000 >> Error detected...
1808065000 >> Error detected...
1808440000 >> Error detected...
1808990000 >> Error detected...
1816315000 >> iteration no: 3
2226965000 >> iteration no: 4
2637215000 >> prog fin.
/testbench/cpu/l3/u0/leon3x0/vhdl/p0/iu/r.w.wreg:0
/testbench/cpu/l3/u0/leon3x0/vhdl/p0/iu/r.m.irqen:1
/testbench/cpu/l3/u0/leon3x0/vhdl/p0/iu/r.m.icc:0000
/testbench/cpu/l3/u0/leon3x0/vhdl/p0/iu/r.a.ticc:0
/testbench/cpu/l3/u0/leon3x0/vhdl/p0/iu/r.a.step:0
/testbench/cpu/l3/u0/leon3x0/vhdl/p0/iu/r.m.irqen2:1
/testbench/cpu/l3/u0/leon3x0/vhdl/p0/iu/r.d.pc:01000000000000000000001100100000
/testbench/cpu/l3/u0/leon3x0/vhdl/p0/iu/r.d.rexpl:{{00000000000000000000000000000000} {00} {0} 0 0 {0000000000000000000} 0 0 0 0 0 0}
/testbench/cpu/l3/u0/leon3x0/vhdl/p0/iu/r.d.mexc:0
/testbench/cpu/l3/u0/leon3x0/vhdl/p0/iu/r.a.aw:0
/testbench/cpu/l3/u0/leon3x0/vhdl/p0/iu/r.e.ctrl:{{01000000000000000000001100011000} {10000001111010000000000000000000} {00} {10000000} {000000} 0 0 0 0 0 0 1 0 0}
/testbench/cpu/l3/u0/leon3x0/vhdl/p0/iu/r.a.divstart:0
/testbench/cpu/l3/u0/leon3x0/vhdl/p0/iu/r.e.shleft:0
/testbench/cpu/l3/u0/leon3x0/vhdl/p0/iu/r.a.bp:0
/testbench/cpu/l3/u0/leon3x0/vhdl/p0/iu/r.w.twcwp:000
/testbench/cpu/l3/u0/leon3x0/vhdl/p0/iu/r.a.jmpl:1
/testbench/cpu/l3/u0/leon3x0/vhdl/p0/iu/r.m.casa:0
/testbench/cpu/l3/u0/leon3x0/vhdl/p0/iu/r.m.werr:0
/testbench/cpu/l3/u0/leon3x0/vhdl/p0/iu/r.e.su:1
/testbench/cpu/l3/u0/leon3x0/vhdl/p0/iu/r.e.et:1
/testbench/cpu/l3/u0/leon3x0/vhdl/p0/iu/r.a.ldcheck1:1
/testbench/cpu/l3/u0/leon3x0/vhdl/p0/iu/r.d.stwin:000
/testbench/cpu/l3/u0/leon3x0/vhdl/p0/iu/r.a.ldcheck2:0
/testbench/cpu/l3/u0/leon3x0/vhdl/p0/iu/r.x.intack:0
/testbench/cpu/l3/u0/leon3x0/vhdl/p0/iu/r.m.ctrl:{{01000000000000000000001100010100} {10110000000100000000000000000001} {00} {01111000} {000000} 0 0 1 0 0 0 1 0 0}
/testbench/cpu/l3/u0/leon3x0/vhdl/p0/iu/r.a.cwp:111
/testbench/cpu/l3/u0/leon3x0/vhdl/p0/iu/r.e.sari:0
/testbench/cpu/l3/u0/leon3x0/vhdl/p0/iu/r.d.paw:0
/testbench/cpu/l3/u0/leon3x0/vhdl/p0/iu/r.d.aw:0
/testbench/cpu/l3/u0/leon3x0/vhdl/p0/iu/r.d.awp:000
/testbench/cpu/l3/u0/leon3x0/vhdl/p0/iu/r.x.ctrl:{{01000000000000000000001100010000} {10000010000100000010000000000000} {00} {10000001} {000000} 0 0 1 0 0 0 1 0 0}
/testbench/cpu/l3/u0/leon3x0/vhdl/p0/iu/r.m.rexnalign:0
/testbench/cpu/l3/u0/leon3x0/vhdl/p0/iu/r.m.su:1
/testbench/cpu/l3/u0/leon3x0/vhdl/p0/iu/r.m.wcwp:0
/testbench/cpu/l3/u0/leon3x0/vhdl/p0/iu/r.d.divrdy:0
/testbench/cpu/l3/u0/leon3x0/vhdl/p0/iu/r.e.cwp:110
/testbench/cpu/l3/u0/leon3x0/vhdl/p0/iu/r.w.except:0
/testbench/cpu/l3/u0/leon3x0/vhdl/p0/iu/r.x.nerror:0
/testbench/cpu/l3/u0/leon3x0/vhdl/p0/iu/r.a.bpimiss:0
/testbench/cpu/l3/u0/leon3x0/vhdl/p0/iu/r.a.nobp:0
/testbench/cpu/l3/u0/leon3x0/vhdl/p0/iu/r.d.rexcnt:0
/testbench/cpu/l3/u0/leon3x0/vhdl/p0/iu/r.w.s:{{110} {0000} {00000000} {01000000000000000000} {00000010} {0000} 0 0 1 1 1 {00000000000000000000000000000000} {UUUUUUUUUUUUUUUUUUUUUUUUUUUUUUUU} 1 0 0 1 1 1 0 0 {000} {000} {111}}
/testbench/cpu/l3/u0/leon3x0/vhdl/p0/iu/r.d.pv:1
/testbench/cpu/l3/u0/leon3x0/vhdl/p0/iu/r.a.ldchkra:1
/testbench/cpu/l3/u0/leon3x0/vhdl/p0/iu/r.a.rfa1:01111111
/testbench/cpu/l3/u0/leon3x0/vhdl/p0/iu/r.a.rfa2:01111000
/testbench/cpu/l3/u0/leon3x0/vhdl/p0/iu/r.a.imm:00000000000000000000000000001000
/testbench/cpu/l3/u0/leon3x0/vhdl/p0/iu/r.w.wa:10000010
/testbench/cpu/l3/u0/leon3x0/vhdl/p0/iu/r.m.casaz:1
/testbench/cpu/l3/u0/leon3x0/vhdl/p0/iu/r.x.dci:{0 0 1 0 0 0 {10} {00001011}}
/testbench/cpu/l3/u0/leon3x0/vhdl/p0/iu/r.x.mac:0
/testbench/cpu/l3/u0/leon3x0/vhdl/p0/iu/r.m.divz:1
/testbench/cpu/l3/u0/leon3x0/vhdl/p0/iu/r.d.inst:{{00000000000000000000000000000000}}
/testbench/cpu/l3/u0/leon3x0/vhdl/p0/iu/r.e.rfe1:0
/testbench/cpu/l3/u0/leon3x0/vhdl/p0/iu/r.a.wovf:0
/testbench/cpu/l3/u0/leon3x0/vhdl/p0/iu/r.e.rfe2:0
/testbench/cpu/l3/u0/leon3x0/vhdl/p0/iu/r.e.op1:00000000000000000000000000000000
/testbench/cpu/l3/u0/leon3x0/vhdl/p0/iu/r.m.nalign:0
/testbench/cpu/l3/u0/leon3x0/vhdl/p0/iu/r.e.op2:00000000000000000000000000000000
/testbench/cpu/l3/u0/leon3x0/vhdl/p0/iu/r.d.rexen:0
/testbench/cpu/l3/u0/leon3x0/vhdl/p0/iu/r.a.ctrl:{{01000000000000000000001100011100} {10000001110000111110000000001000} {00} {10000000} {000000} 0 0 0 0 0 0 1 0 0}
/testbench/cpu/l3/u0/leon3x0/vhdl/p0/iu/r.x.ipend:0
/testbench/cpu/l3/u0/leon3x0/vhdl/p0/iu/r.e.ldbp1:0
/testbench/cpu/l3/u0/leon3x0/vhdl/p0/iu/r.e.aluadd:1
/testbench/cpu/l3/u0/leon3x0/vhdl/p0/iu/r.d.set:0
/testbench/cpu/l3/u0/leon3x0/vhdl/p0/iu/r.d.inull:1
/testbench/cpu/l3/u0/leon3x0/vhdl/p0/iu/r.e.ldbp2:0
/testbench/cpu/l3/u0/leon3x0/vhdl/p0/iu/r.d.cnt:00
/testbench/cpu/l3/u0/leon3x0/vhdl/p0/iu/r.a.su:1
/testbench/cpu/l3/u0/leon3x0/vhdl/p0/iu/r.a.et:1
/testbench/cpu/l3/u0/leon3x0/vhdl/p0/iu/r.e.mul:0
/testbench/cpu/l3/u0/leon3x0/vhdl/p0/iu/r.e.alusel:00
/testbench/cpu/l3/u0/leon3x0/vhdl/p0/iu/r.e.aw:U
/testbench/cpu/l3/u0/leon3x0/vhdl/p0/iu/r.e.mac:0
/testbench/cpu/l3/u0/leon3x0/vhdl/p0/iu/r.a.decill:0
/testbench/cpu/l3/u0/leon3x0/vhdl/p0/iu/r.x.icc:0000
/testbench/cpu/l3/u0/leon3x0/vhdl/p0/iu/r.x.result:00000000000000000000000000000000
/testbench/cpu/l3/u0/leon3x0/vhdl/p0/iu/r.e.bp:0
/testbench/cpu/l3/u0/leon3x0/vhdl/p0/iu/r.a.rs1:01111
/testbench/cpu/l3/u0/leon3x0/vhdl/p0/iu/r.e.jmpl:0
/testbench/cpu/l3/u0/leon3x0/vhdl/p0/iu/r.a.rsel1:000
/testbench/cpu/l3/u0/leon3x0/vhdl/p0/iu/r.x.y:00000000000000000000000000000000
/testbench/cpu/l3/u0/leon3x0/vhdl/p0/iu/r.a.rsel2:100
/testbench/cpu/l3/u0/leon3x0/vhdl/p0/iu/r.a.awp:000
/testbench/cpu/l3/u0/leon3x0/vhdl/p0/iu/r.a.paw:0
/testbench/cpu/l3/u0/leon3x0/vhdl/p0/iu/r.x.data:{{00000000000000000000000000000000}}
/testbench/cpu/l3/u0/leon3x0/vhdl/p0/iu/r.m.mul:0
/testbench/cpu/l3/u0/leon3x0/vhdl/p0/iu/r.e.rd:UUUUU
/testbench/cpu/l3/u0/leon3x0/vhdl/p0/iu/r.e.invop2:0
/testbench/cpu/l3/u0/leon3x0/vhdl/p0/iu/r.m.wawp:0
/testbench/cpu/l3/u0/leon3x0/vhdl/p0/iu/r.d.cwpmax:111
/testbench/cpu/l3/u0/leon3x0/vhdl/p0/iu/r.f.branch:0
/testbench/cpu/l3/u0/leon3x0/vhdl/p0/iu/r.d.pcheld:0
/testbench/cpu/l3/u0/leon3x0/vhdl/p0/iu/r.m.dci:{0 0 1 0 0 0 {10} {00001011}}
/testbench/cpu/l3/u0/leon3x0/vhdl/p0/iu/r.e.paw:U
/testbench/cpu/l3/u0/leon3x0/vhdl/p0/iu/r.e.awp:UUU
/testbench/cpu/l3/u0/leon3x0/vhdl/p0/iu/r.e.shcnt:00000
/testbench/cpu/l3/u0/leon3x0/vhdl/p0/iu/r.w.result:00000000000000000000000010000000
/testbench/cpu/l3/u0/leon3x0/vhdl/p0/iu/r.m.mac:0
/testbench/cpu/l3/u0/leon3x0/vhdl/p0/iu/r.m.y:00000000000000000000000000000000
/testbench/cpu/l3/u0/leon3x0/vhdl/p0/iu/r.d.cwp:111
/testbench/cpu/l3/u0/leon3x0/vhdl/p0/iu/r.x.laddr:00
/testbench/cpu/l3/u0/leon3x0/vhdl/p0/iu/r.e.mulstep:0
/testbench/cpu/l3/u0/leon3x0/vhdl/p0/iu/r.e.ymsb:0
/testbench/cpu/l3/u0/leon3x0/vhdl/p0/iu/r.d.rexbuf:00000000000000000000000000000000
/testbench/cpu/l3/u0/leon3x0/vhdl/p0/iu/r.x.npc:100
/testbench/cpu/l3/u0/leon3x0/vhdl/p0/iu/r.f.pc:01000000000000000000001100100100
/testbench/cpu/l3/u0/leon3x0/vhdl/p0/iu/r.d.annul:0
/testbench/cpu/l3/u0/leon3x0/vhdl/p0/iu/r.x.rstate:run
/testbench/cpu/l3/u0/leon3x0/vhdl/p0/iu/r.x.set:0
/testbench/cpu/l3/u0/leon3x0/vhdl/p0/iu/r.m.result:00000000000000000000000000000000
/testbench/cpu/l3/u0/leon3x0/vhdl/p0/iu/r.e.icc:UUUU
/testbench/cpu/l3/u0/leon3x0/vhdl/p0/iu/r.a.getpc:0
/testbench/cpu/l3/u0/leon3x0/vhdl/p0/iu/r.a.ldchkex:1
/testbench/cpu/l3/u0/leon3x0/vhdl/p0/iu/r.x.mexc:0
/testbench/cpu/l3/u0/leon3x0/vhdl/p0/iu/r.a.mulstart:0
/testbench/cpu/l3/u0/leon3x0/vhdl/p0/iu/r.d.rexpos:10
/testbench/cpu/l3/u0/leon3x0/vhdl/p0/iu/r.x.annul_all:0
/testbench/cpu/l3/u0/leon3x0/vhdl/p0/iu/r.e.aluop:000
/testbench/cpu/l3/u0/leon3x0/vhdl/p0/iu/r.x.debug:0
/testbench/cpu/l3/u0/leon3x0/vhdl/p0/iu/r.a.rfe1:1
/testbench/cpu/l3/u0/leon3x0/vhdl/p0/iu/r.d.step:0
/testbench/cpu/l3/u0/leon3x0/vhdl/p0/iu/r.a.rfe2:0
/testbench/cpu/l3/u0/leon3x0/vhdl/p0/iu/r.e.alucin:0
/testbench/cpu/l3/u0/leon3x0/vhdl/p0/iu/r.a.wunf:0
======================================
progstatus: 1
execerr: 521
latent: 1
program execution success!
total iterations: 5
>>>>>>>>>>>>>>> 2637215000
======================================
