Test signal = /testbench/cpu/l3/u0/leon3x0/vhdl/p0/iu/r.d.cwp
oldval = 111
pos1: 2 pos0: -1 posU: -1
newval = 110
Signal value: 111
force in 443994
584315000 >> iteration no: 0
994990000 >> iteration no: 1
oldval = 111
pos1: 2 pos0: -1 posU: -1
newval = 110
1023590000 >> Error detected...
1025215000 >> Error detected...
1025865000 >> Error detected...
1026315000 >> Error detected...
1027015000 >> Error detected...
1027440000 >> Error detected...
1029015000 >> Error detected...
1029640000 >> Error detected...
1031265000 >> Error detected...
1031915000 >> Error detected...
1032365000 >> Error detected...
1033065000 >> Error detected...
1033490000 >> Error detected...
1035065000 >> Error detected...
1035690000 >> Error detected...
1037140000 >> Error detected...
1037965000 >> Error detected...
1038415000 >> Error detected...
1039115000 >> Error detected...
1039540000 >> Error detected...
1041115000 >> Error detected...
1041740000 >> Error detected...
1043190000 >> Error detected...
1044015000 >> Error detected...
1044465000 >> Error detected...
1045165000 >> Error detected...
1045590000 >> Error detected...
1047165000 >> Error detected...
1047790000 >> Error detected...
1049240000 >> Error detected...
1049890000 >> Error detected...
1050515000 >> Error detected...
1051215000 >> Error detected...
1051640000 >> Error detected...
1053215000 >> Error detected...
1053840000 >> Error detected...
1055290000 >> Error detected...
1055940000 >> Error detected...
1056390000 >> Error detected...
1057265000 >> Error detected...
1057690000 >> Error detected...
1059265000 >> Error detected...
1059890000 >> Error detected...
1061340000 >> Error detected...
1061990000 >> Error detected...
1062440000 >> Error detected...
1063315000 >> Error detected...
1063740000 >> Error detected...
1065315000 >> Error detected...
1065940000 >> Error detected...
1067390000 >> Error detected...
1068040000 >> Error detected...
1068490000 >> Error detected...
1069190000 >> Error detected...
1069790000 >> Error detected...
1071365000 >> Error detected...
1071990000 >> Error detected...
1073440000 >> Error detected...
1074090000 >> Error detected...
1074540000 >> Error detected...
1075240000 >> Error detected...
1075665000 >> Error detected...
1077415000 >> Error detected...
1078040000 >> Error detected...
1079490000 >> Error detected...
1080140000 >> Error detected...
1080590000 >> Error detected...
1081290000 >> Error detected...
1081715000 >> Error detected...
1083440000 >> Error detected...
1084065000 >> Error detected...
1085515000 >> Error detected...
1086165000 >> Error detected...
1086615000 >> Error detected...
1087315000 >> Error detected...
1087740000 >> Error detected...
1089490000 >> Error detected...
1090115000 >> Error detected...
1091565000 >> Error detected...
1092215000 >> Error detected...
1092665000 >> Error detected...
1093365000 >> Error detected...
1093790000 >> Error detected...
1095540000 >> Error detected...
1096165000 >> Error detected...
1097615000 >> Error detected...
1098265000 >> Error detected...
1098715000 >> Error detected...
1099415000 >> Error detected...
1099840000 >> Error detected...
1101415000 >> Error detected...
1102190000 >> Error detected...
1103640000 >> Error detected...
1104290000 >> Error detected...
1104740000 >> Error detected...
1105440000 >> Error detected...
1105865000 >> Error detected...
1107440000 >> Error detected...
1108240000 >> Error detected...
1109690000 >> Error detected...
1110340000 >> Error detected...
1110790000 >> Error detected...
1111490000 >> Error detected...
1111915000 >> Error detected...
1113490000 >> Error detected...
1114115000 >> Error detected...
1115740000 >> Error detected...
1116390000 >> Error detected...
1116840000 >> Error detected...
1117540000 >> Error detected...
1117965000 >> Error detected...
1119540000 >> Error detected...
1120165000 >> Error detected...
1121790000 >> Error detected...
1122440000 >> Error detected...
1122890000 >> Error detected...
1123590000 >> Error detected...
1124015000 >> Error detected...
1125590000 >> Error detected...
1126215000 >> Error detected...
1127840000 >> Error detected...
1128490000 >> Error detected...
1128940000 >> Error detected...
1129640000 >> Error detected...
1130065000 >> Error detected...
1131640000 >> Error detected...
1132265000 >> Error detected...
1133890000 >> Error detected...
1134540000 >> Error detected...
1134990000 >> Error detected...
1135690000 >> Error detected...
1136115000 >> Error detected...
1137690000 >> Error detected...
1138315000 >> Error detected...
1139765000 >> Error detected...
1140590000 >> Error detected...
1141040000 >> Error detected...
1141740000 >> Error detected...
1142165000 >> Error detected...
1143740000 >> Error detected...
1144365000 >> Error detected...
1145815000 >> Error detected...
1146640000 >> Error detected...
1147090000 >> Error detected...
1147790000 >> Error detected...
1148215000 >> Error detected...
1149790000 >> Error detected...
1150415000 >> Error detected...
1151865000 >> Error detected...
1152515000 >> Error detected...
1153140000 >> Error detected...
1153840000 >> Error detected...
1154265000 >> Error detected...
1155840000 >> Error detected...
1156465000 >> Error detected...
1157915000 >> Error detected...
1158565000 >> Error detected...
1159190000 >> Error detected...
1159890000 >> Error detected...
1160315000 >> Error detected...
1161890000 >> Error detected...
1162515000 >> Error detected...
1163965000 >> Error detected...
1164615000 >> Error detected...
1165065000 >> Error detected...
1165940000 >> Error detected...
1166365000 >> Error detected...
1167940000 >> Error detected...
1168565000 >> Error detected...
1170015000 >> Error detected...
1170665000 >> Error detected...
1171115000 >> Error detected...
1171815000 >> Error detected...
1172415000 >> Error detected...
1173990000 >> Error detected...
1174615000 >> Error detected...
1176065000 >> Error detected...
1176715000 >> Error detected...
1177165000 >> Error detected...
1177865000 >> Error detected...
1178465000 >> Error detected...
1180040000 >> Error detected...
1180665000 >> Error detected...
1182115000 >> Error detected...
1182765000 >> Error detected...
1183215000 >> Error detected...
1183915000 >> Error detected...
1184340000 >> Error detected...
1186090000 >> Error detected...
1186715000 >> Error detected...
1188165000 >> Error detected...
1188815000 >> Error detected...
1189265000 >> Error detected...
1189965000 >> Error detected...
1190390000 >> Error detected...
1192140000 >> Error detected...
1192765000 >> Error detected...
1194215000 >> Error detected...
1194865000 >> Error detected...
1195315000 >> Error detected...
1196015000 >> Error detected...
1196440000 >> Error detected...
1198190000 >> Error detected...
1198815000 >> Error detected...
1200265000 >> Error detected...
1200915000 >> Error detected...
1201365000 >> Error detected...
1202065000 >> Error detected...
1202490000 >> Error detected...
1204240000 >> Error detected...
1204865000 >> Error detected...
1206315000 >> Error detected...
1206965000 >> Error detected...
1207415000 >> Error detected...
1208115000 >> Error detected...
1208540000 >> Error detected...
1210115000 >> Error detected...
1210890000 >> Error detected...
1212340000 >> Error detected...
1212990000 >> Error detected...
1213440000 >> Error detected...
1214140000 >> Error detected...
1214565000 >> Error detected...
1216140000 >> Error detected...
1216940000 >> Error detected...
1218390000 >> Error detected...
1219040000 >> Error detected...
1219490000 >> Error detected...
1220190000 >> Error detected...
1220615000 >> Error detected...
1222190000 >> Error detected...
1222815000 >> Error detected...
1224440000 >> Error detected...
1225090000 >> Error detected...
1225540000 >> Error detected...
1226240000 >> Error detected...
1226665000 >> Error detected...
1228240000 >> Error detected...
1228865000 >> Error detected...
1230490000 >> Error detected...
1231140000 >> Error detected...
1231590000 >> Error detected...
1232290000 >> Error detected...
1232715000 >> Error detected...
1234290000 >> Error detected...
1234915000 >> Error detected...
1236540000 >> Error detected...
1237190000 >> Error detected...
1237640000 >> Error detected...
1238340000 >> Error detected...
1238765000 >> Error detected...
1240340000 >> Error detected...
1240965000 >> Error detected...
1242590000 >> Error detected...
1243240000 >> Error detected...
1243690000 >> Error detected...
1244390000 >> Error detected...
1244815000 >> Error detected...
1246390000 >> Error detected...
1247015000 >> Error detected...
1248465000 >> Error detected...
1249290000 >> Error detected...
1249740000 >> Error detected...
1250440000 >> Error detected...
1250865000 >> Error detected...
1252440000 >> Error detected...
1253065000 >> Error detected...
1254515000 >> Error detected...
1255340000 >> Error detected...
1255790000 >> Error detected...
1256490000 >> Error detected...
1256915000 >> Error detected...
1258490000 >> Error detected...
1259115000 >> Error detected...
1260565000 >> Error detected...
1261215000 >> Error detected...
1261840000 >> Error detected...
1262540000 >> Error detected...
1262965000 >> Error detected...
1264540000 >> Error detected...
1265165000 >> Error detected...
1266615000 >> Error detected...
1267265000 >> Error detected...
1267890000 >> Error detected...
1268590000 >> Error detected...
1269015000 >> Error detected...
1270590000 >> Error detected...
1271215000 >> Error detected...
1272665000 >> Error detected...
1273315000 >> Error detected...
1273765000 >> Error detected...
1274640000 >> Error detected...
1275065000 >> Error detected...
1276640000 >> Error detected...
1277265000 >> Error detected...
1278715000 >> Error detected...
1279365000 >> Error detected...
1279815000 >> Error detected...
1280515000 >> Error detected...
1281115000 >> Error detected...
1282690000 >> Error detected...
1283315000 >> Error detected...
1284765000 >> Error detected...
1285415000 >> Error detected...
1285865000 >> Error detected...
1286565000 >> Error detected...
1287165000 >> Error detected...
1288740000 >> Error detected...
1289365000 >> Error detected...
1290815000 >> Error detected...
1291465000 >> Error detected...
1291915000 >> Error detected...
1292615000 >> Error detected...
1293040000 >> Error detected...
1294765000 >> Error detected...
1295390000 >> Error detected...
1296840000 >> Error detected...
1297490000 >> Error detected...
1297940000 >> Error detected...
1298640000 >> Error detected...
1299065000 >> Error detected...
1300815000 >> Error detected...
1301440000 >> Error detected...
1302890000 >> Error detected...
1303540000 >> Error detected...
1303990000 >> Error detected...
1304690000 >> Error detected...
1305115000 >> Error detected...
1306865000 >> Error detected...
1307490000 >> Error detected...
1308940000 >> Error detected...
1309590000 >> Error detected...
1310040000 >> Error detected...
1310740000 >> Error detected...
1311165000 >> Error detected...
1312915000 >> Error detected...
1313540000 >> Error detected...
1314990000 >> Error detected...
1315640000 >> Error detected...
1316090000 >> Error detected...
1316790000 >> Error detected...
1317215000 >> Error detected...
1318790000 >> Error detected...
1319565000 >> Error detected...
1321015000 >> Error detected...
1321665000 >> Error detected...
1322115000 >> Error detected...
1322815000 >> Error detected...
1323240000 >> Error detected...
1324815000 >> Error detected...
1325440000 >> Error detected...
1327065000 >> Error detected...
1327715000 >> Error detected...
1328165000 >> Error detected...
1328865000 >> Error detected...
1329290000 >> Error detected...
1330865000 >> Error detected...
1331490000 >> Error detected...
1333115000 >> Error detected...
1333765000 >> Error detected...
1334215000 >> Error detected...
1334915000 >> Error detected...
1335340000 >> Error detected...
1336915000 >> Error detected...
1337540000 >> Error detected...
1339165000 >> Error detected...
1339815000 >> Error detected...
1340265000 >> Error detected...
1340965000 >> Error detected...
1341390000 >> Error detected...
1342965000 >> Error detected...
1343590000 >> Error detected...
1345215000 >> Error detected...
1345865000 >> Error detected...
1346315000 >> Error detected...
1347015000 >> Error detected...
1347440000 >> Error detected...
1349015000 >> Error detected...
1349640000 >> Error detected...
1351265000 >> Error detected...
1351915000 >> Error detected...
1352365000 >> Error detected...
1353065000 >> Error detected...
1353490000 >> Error detected...
1355065000 >> Error detected...
1355690000 >> Error detected...
1357140000 >> Error detected...
1357965000 >> Error detected...
1358415000 >> Error detected...
1359115000 >> Error detected...
1359540000 >> Error detected...
1361115000 >> Error detected...
1361740000 >> Error detected...
1363190000 >> Error detected...
1364015000 >> Error detected...
1364465000 >> Error detected...
1365165000 >> Error detected...
1365590000 >> Error detected...
1367165000 >> Error detected...
1367790000 >> Error detected...
1369240000 >> Error detected...
1369890000 >> Error detected...
1370515000 >> Error detected...
1371215000 >> Error detected...
1371640000 >> Error detected...
1373215000 >> Error detected...
1373840000 >> Error detected...
1375290000 >> Error detected...
1375940000 >> Error detected...
1376390000 >> Error detected...
1377265000 >> Error detected...
1377690000 >> Error detected...
1379265000 >> Error detected...
1379890000 >> Error detected...
1381340000 >> Error detected...
1381990000 >> Error detected...
1382440000 >> Error detected...
1383315000 >> Error detected...
1383740000 >> Error detected...
1385315000 >> Error detected...
1385940000 >> Error detected...
1387390000 >> Error detected...
1388040000 >> Error detected...
1388490000 >> Error detected...
1389190000 >> Error detected...
1389790000 >> Error detected...
1391365000 >> Error detected...
1391990000 >> Error detected...
1393440000 >> Error detected...
1394090000 >> Error detected...
1394540000 >> Error detected...
1395240000 >> Error detected...
1395665000 >> Error detected...
1397415000 >> Error detected...
1397740000 >> Error detected...
1398040000 >> Error detected...
1398615000 >> Error detected...
1399040000 >> Error detected...
1399390000 >> Error detected...
1400215000 >> Error detected...
1400490000 >> Error detected...
1400815000 >> Error detected...
1405665000 >> iteration no: 2
1816315000 >> iteration no: 3
2226965000 >> iteration no: 4
2637215000 >> prog fin.
/testbench/cpu/l3/u0/leon3x0/vhdl/p0/iu/r.w.wreg:0
/testbench/cpu/l3/u0/leon3x0/vhdl/p0/iu/r.m.irqen:1
/testbench/cpu/l3/u0/leon3x0/vhdl/p0/iu/r.m.icc:0100
/testbench/cpu/l3/u0/leon3x0/vhdl/p0/iu/r.a.ticc:0
/testbench/cpu/l3/u0/leon3x0/vhdl/p0/iu/r.a.step:0
/testbench/cpu/l3/u0/leon3x0/vhdl/p0/iu/r.m.irqen2:1
/testbench/cpu/l3/u0/leon3x0/vhdl/p0/iu/r.d.pc:UUUUUUUUUUUUUUUUUUUUUUUUUUUUUUUU
/testbench/cpu/l3/u0/leon3x0/vhdl/p0/iu/r.d.rexpl:{{00000000000000000000000000000000} {00} {0} 0 0 {0000000000000000000} 0 0 0 0 0 0}
/testbench/cpu/l3/u0/leon3x0/vhdl/p0/iu/r.d.mexc:0
/testbench/cpu/l3/u0/leon3x0/vhdl/p0/iu/r.a.aw:0
/testbench/cpu/l3/u0/leon3x0/vhdl/p0/iu/r.e.ctrl:{{UUUUUUUUUUUUUUUUUUUUUUUUUUUUUU00} {00000000000000000000000000000000} {00} {10000000} {000000} 0 1 0 0 0 0 0 0 0}
/testbench/cpu/l3/u0/leon3x0/vhdl/p0/iu/r.a.divstart:0
/testbench/cpu/l3/u0/leon3x0/vhdl/p0/iu/r.e.shleft:0
/testbench/cpu/l3/u0/leon3x0/vhdl/p0/iu/r.a.bp:0
/testbench/cpu/l3/u0/leon3x0/vhdl/p0/iu/r.w.twcwp:000
/testbench/cpu/l3/u0/leon3x0/vhdl/p0/iu/r.a.jmpl:0
/testbench/cpu/l3/u0/leon3x0/vhdl/p0/iu/r.m.casa:0
/testbench/cpu/l3/u0/leon3x0/vhdl/p0/iu/r.m.werr:0
/testbench/cpu/l3/u0/leon3x0/vhdl/p0/iu/r.e.su:1
/testbench/cpu/l3/u0/leon3x0/vhdl/p0/iu/r.e.et:0
/testbench/cpu/l3/u0/leon3x0/vhdl/p0/iu/r.a.ldcheck1:0
/testbench/cpu/l3/u0/leon3x0/vhdl/p0/iu/r.d.stwin:000
/testbench/cpu/l3/u0/leon3x0/vhdl/p0/iu/r.a.ldcheck2:0
/testbench/cpu/l3/u0/leon3x0/vhdl/p0/iu/r.x.intack:0
/testbench/cpu/l3/u0/leon3x0/vhdl/p0/iu/r.m.ctrl:{{UUUUUUUUUUUUUUUUUUUUUUUUUUUUUU00} {00000000000000000000000000000000} {00} {10000000} {000000} 0 1 0 0 0 1 0 0 0}
/testbench/cpu/l3/u0/leon3x0/vhdl/p0/iu/r.a.cwp:101
/testbench/cpu/l3/u0/leon3x0/vhdl/p0/iu/r.e.sari:0
/testbench/cpu/l3/u0/leon3x0/vhdl/p0/iu/r.d.paw:0
/testbench/cpu/l3/u0/leon3x0/vhdl/p0/iu/r.d.aw:0
/testbench/cpu/l3/u0/leon3x0/vhdl/p0/iu/r.d.awp:000
/testbench/cpu/l3/u0/leon3x0/vhdl/p0/iu/r.x.ctrl:{{UUUUUUUUUUUUUUUUUUUUUUUUUUUUUU00} {00000000000000000000000000000000} {00} {10000000} {000000} 0 1 0 0 0 1 0 0 0}
/testbench/cpu/l3/u0/leon3x0/vhdl/p0/iu/r.m.rexnalign:0
/testbench/cpu/l3/u0/leon3x0/vhdl/p0/iu/r.m.su:1
/testbench/cpu/l3/u0/leon3x0/vhdl/p0/iu/r.m.wcwp:0
/testbench/cpu/l3/u0/leon3x0/vhdl/p0/iu/r.d.divrdy:0
/testbench/cpu/l3/u0/leon3x0/vhdl/p0/iu/r.e.cwp:101
/testbench/cpu/l3/u0/leon3x0/vhdl/p0/iu/r.w.except:0
/testbench/cpu/l3/u0/leon3x0/vhdl/p0/iu/r.x.nerror:1
/testbench/cpu/l3/u0/leon3x0/vhdl/p0/iu/r.a.bpimiss:0
/testbench/cpu/l3/u0/leon3x0/vhdl/p0/iu/r.a.nobp:0
/testbench/cpu/l3/u0/leon3x0/vhdl/p0/iu/r.d.rexcnt:0
/testbench/cpu/l3/u0/leon3x0/vhdl/p0/iu/r.w.s:{{101} {0100} {00000010} {01000000000000000000} {00000010} {0000} 0 0 1 1 0 {00000000000000000000000000000000} {UUUUUUUUUUUUUUUUUUUUUUUUUUUUUUUU} 1 0 0 1 1 1 0 0 {000} {000} {111}}
/testbench/cpu/l3/u0/leon3x0/vhdl/p0/iu/r.d.pv:0
/testbench/cpu/l3/u0/leon3x0/vhdl/p0/iu/r.a.ldchkra:1
/testbench/cpu/l3/u0/leon3x0/vhdl/p0/iu/r.a.rfa1:10000000
/testbench/cpu/l3/u0/leon3x0/vhdl/p0/iu/r.a.rfa2:10000000
/testbench/cpu/l3/u0/leon3x0/vhdl/p0/iu/r.a.imm:00000000000000000000000000000000
/testbench/cpu/l3/u0/leon3x0/vhdl/p0/iu/r.w.wa:00000000
/testbench/cpu/l3/u0/leon3x0/vhdl/p0/iu/r.m.casaz:1
/testbench/cpu/l3/u0/leon3x0/vhdl/p0/iu/r.x.dci:{0 0 1 0 0 0 {10} {UUUUUUUU}}
/testbench/cpu/l3/u0/leon3x0/vhdl/p0/iu/r.x.mac:0
/testbench/cpu/l3/u0/leon3x0/vhdl/p0/iu/r.m.divz:0
/testbench/cpu/l3/u0/leon3x0/vhdl/p0/iu/r.d.inst:{{00000000000000000000000000000000}}
/testbench/cpu/l3/u0/leon3x0/vhdl/p0/iu/r.e.rfe1:0
/testbench/cpu/l3/u0/leon3x0/vhdl/p0/iu/r.a.wovf:0
/testbench/cpu/l3/u0/leon3x0/vhdl/p0/iu/r.e.rfe2:0
/testbench/cpu/l3/u0/leon3x0/vhdl/p0/iu/r.e.op1:00000000000000000000000000000000
/testbench/cpu/l3/u0/leon3x0/vhdl/p0/iu/r.m.nalign:0
/testbench/cpu/l3/u0/leon3x0/vhdl/p0/iu/r.e.op2:00000000000000000000000000000000
/testbench/cpu/l3/u0/leon3x0/vhdl/p0/iu/r.d.rexen:0
/testbench/cpu/l3/u0/leon3x0/vhdl/p0/iu/r.a.ctrl:{{UUUUUUUUUUUUUUUUUUUUUUUUUUUUUU00} {00000000000000000000000000000000} {00} {10000000} {000000} 0 1 0 0 0 0 0 0 0}
/testbench/cpu/l3/u0/leon3x0/vhdl/p0/iu/r.x.ipend:0
/testbench/cpu/l3/u0/leon3x0/vhdl/p0/iu/r.e.ldbp1:0
/testbench/cpu/l3/u0/leon3x0/vhdl/p0/iu/r.e.aluadd:1
/testbench/cpu/l3/u0/leon3x0/vhdl/p0/iu/r.d.set:0
/testbench/cpu/l3/u0/leon3x0/vhdl/p0/iu/r.d.inull:0
/testbench/cpu/l3/u0/leon3x0/vhdl/p0/iu/r.e.ldbp2:0
/testbench/cpu/l3/u0/leon3x0/vhdl/p0/iu/r.d.cnt:00
/testbench/cpu/l3/u0/leon3x0/vhdl/p0/iu/r.a.su:1
/testbench/cpu/l3/u0/leon3x0/vhdl/p0/iu/r.a.et:0
/testbench/cpu/l3/u0/leon3x0/vhdl/p0/iu/r.e.mul:0
/testbench/cpu/l3/u0/leon3x0/vhdl/p0/iu/r.e.alusel:11
/testbench/cpu/l3/u0/leon3x0/vhdl/p0/iu/r.e.aw:U
/testbench/cpu/l3/u0/leon3x0/vhdl/p0/iu/r.e.mac:0
/testbench/cpu/l3/u0/leon3x0/vhdl/p0/iu/r.a.decill:0
/testbench/cpu/l3/u0/leon3x0/vhdl/p0/iu/r.x.icc:0100
/testbench/cpu/l3/u0/leon3x0/vhdl/p0/iu/r.x.result:00000000000000000000000000000000
/testbench/cpu/l3/u0/leon3x0/vhdl/p0/iu/r.e.bp:0
/testbench/cpu/l3/u0/leon3x0/vhdl/p0/iu/r.a.rs1:00000
/testbench/cpu/l3/u0/leon3x0/vhdl/p0/iu/r.e.jmpl:0
/testbench/cpu/l3/u0/leon3x0/vhdl/p0/iu/r.a.rsel1:101
/testbench/cpu/l3/u0/leon3x0/vhdl/p0/iu/r.x.y:00000000000000000000000000000000
/testbench/cpu/l3/u0/leon3x0/vhdl/p0/iu/r.a.rsel2:101
/testbench/cpu/l3/u0/leon3x0/vhdl/p0/iu/r.a.awp:000
/testbench/cpu/l3/u0/leon3x0/vhdl/p0/iu/r.a.paw:0
/testbench/cpu/l3/u0/leon3x0/vhdl/p0/iu/r.x.data:{{00000000000000000000000000000000}}
/testbench/cpu/l3/u0/leon3x0/vhdl/p0/iu/r.m.mul:0
/testbench/cpu/l3/u0/leon3x0/vhdl/p0/iu/r.e.rd:UUUUU
/testbench/cpu/l3/u0/leon3x0/vhdl/p0/iu/r.e.invop2:0
/testbench/cpu/l3/u0/leon3x0/vhdl/p0/iu/r.m.wawp:0
/testbench/cpu/l3/u0/leon3x0/vhdl/p0/iu/r.d.cwpmax:111
/testbench/cpu/l3/u0/leon3x0/vhdl/p0/iu/r.f.branch:1
/testbench/cpu/l3/u0/leon3x0/vhdl/p0/iu/r.d.pcheld:0
/testbench/cpu/l3/u0/leon3x0/vhdl/p0/iu/r.m.dci:{0 0 1 0 0 0 {10} {UUUUUUUU}}
/testbench/cpu/l3/u0/leon3x0/vhdl/p0/iu/r.e.paw:U
/testbench/cpu/l3/u0/leon3x0/vhdl/p0/iu/r.e.awp:UUU
/testbench/cpu/l3/u0/leon3x0/vhdl/p0/iu/r.e.shcnt:00000
/testbench/cpu/l3/u0/leon3x0/vhdl/p0/iu/r.w.result:UUUUUUUUUUUUUUUUUUUUUUUUUUUUUUUU
/testbench/cpu/l3/u0/leon3x0/vhdl/p0/iu/r.m.mac:0
/testbench/cpu/l3/u0/leon3x0/vhdl/p0/iu/r.m.y:00000000000000000000000000000000
/testbench/cpu/l3/u0/leon3x0/vhdl/p0/iu/r.d.cwp:101
/testbench/cpu/l3/u0/leon3x0/vhdl/p0/iu/r.x.laddr:00
/testbench/cpu/l3/u0/leon3x0/vhdl/p0/iu/r.e.mulstep:0
/testbench/cpu/l3/u0/leon3x0/vhdl/p0/iu/r.e.ymsb:0
/testbench/cpu/l3/u0/leon3x0/vhdl/p0/iu/r.d.rexbuf:00000000000000000000000000000000
/testbench/cpu/l3/u0/leon3x0/vhdl/p0/iu/r.x.npc:000
/testbench/cpu/l3/u0/leon3x0/vhdl/p0/iu/r.f.pc:UUUUUUUUUUUUUUUUUUUUUUUUUUUUUUUU
/testbench/cpu/l3/u0/leon3x0/vhdl/p0/iu/r.d.annul:1
/testbench/cpu/l3/u0/leon3x0/vhdl/p0/iu/r.x.rstate:dsu2
/testbench/cpu/l3/u0/leon3x0/vhdl/p0/iu/r.x.set:0
/testbench/cpu/l3/u0/leon3x0/vhdl/p0/iu/r.m.result:00000000000000000000000000000000
/testbench/cpu/l3/u0/leon3x0/vhdl/p0/iu/r.e.icc:UUUU
/testbench/cpu/l3/u0/leon3x0/vhdl/p0/iu/r.a.getpc:0
/testbench/cpu/l3/u0/leon3x0/vhdl/p0/iu/r.a.ldchkex:1
/testbench/cpu/l3/u0/leon3x0/vhdl/p0/iu/r.x.mexc:0
/testbench/cpu/l3/u0/leon3x0/vhdl/p0/iu/r.a.mulstart:0
/testbench/cpu/l3/u0/leon3x0/vhdl/p0/iu/r.d.rexpos:10
/testbench/cpu/l3/u0/leon3x0/vhdl/p0/iu/r.x.annul_all:1
/testbench/cpu/l3/u0/leon3x0/vhdl/p0/iu/r.e.aluop:000
/testbench/cpu/l3/u0/leon3x0/vhdl/p0/iu/r.x.debug:0
/testbench/cpu/l3/u0/leon3x0/vhdl/p0/iu/r.a.rfe1:0
/testbench/cpu/l3/u0/leon3x0/vhdl/p0/iu/r.d.step:0
/testbench/cpu/l3/u0/leon3x0/vhdl/p0/iu/r.a.rfe2:0
/testbench/cpu/l3/u0/leon3x0/vhdl/p0/iu/r.e.alucin:0
/testbench/cpu/l3/u0/leon3x0/vhdl/p0/iu/r.a.wunf:0
======================================
progstatus: 1
execerr: 442
latent: 1
program execution success!
total iterations: 5
>>>>>>>>>>>>>>> 2637215000
======================================
