Test signal = /testbench/cpu/l3/u0/leon3x0/vhdl/p0/iu/r.m.wcwp
oldval = 0
pos1: -1 pos0: 0 posU: -1
newval = 1
Signal value: 0
force in 1753989
584315000 >> iteration no: 0
994990000 >> iteration no: 1
1405665000 >> iteration no: 2
1816315000 >> iteration no: 3
2226965000 >> iteration no: 4
oldval = 0
pos1: -1 pos0: 0 posU: -1
newval = 1
2334140000 >> Error detected...
2335590000 >> Error detected...
2336240000 >> Error detected...
2336865000 >> Error detected...
2337565000 >> Error detected...
2337990000 >> Error detected...
2339565000 >> Error detected...
2340190000 >> Error detected...
2341640000 >> Error detected...
2342290000 >> Error detected...
2342740000 >> Error detected...
2343615000 >> Error detected...
2344040000 >> Error detected...
2345615000 >> Error detected...
2346240000 >> Error detected...
2347690000 >> Error detected...
2348340000 >> Error detected...
2348790000 >> Error detected...
2349665000 >> Error detected...
2350090000 >> Error detected...
2351665000 >> Error detected...
2352290000 >> Error detected...
2353740000 >> Error detected...
2354390000 >> Error detected...
2354840000 >> Error detected...
2355540000 >> Error detected...
2356140000 >> Error detected...
2357715000 >> Error detected...
2358340000 >> Error detected...
2359790000 >> Error detected...
2360440000 >> Error detected...
2360890000 >> Error detected...
2361590000 >> Error detected...
2362015000 >> Error detected...
2363765000 >> Error detected...
2364390000 >> Error detected...
2365840000 >> Error detected...
2366490000 >> Error detected...
2366940000 >> Error detected...
2367640000 >> Error detected...
2368065000 >> Error detected...
2369790000 >> Error detected...
2370415000 >> Error detected...
2371865000 >> Error detected...
2372515000 >> Error detected...
2372965000 >> Error detected...
2373665000 >> Error detected...
2374090000 >> Error detected...
2375840000 >> Error detected...
2376465000 >> Error detected...
2377915000 >> Error detected...
2378565000 >> Error detected...
2379015000 >> Error detected...
2379715000 >> Error detected...
2380140000 >> Error detected...
2381890000 >> Error detected...
2382515000 >> Error detected...
2383965000 >> Error detected...
2384615000 >> Error detected...
2385065000 >> Error detected...
2385765000 >> Error detected...
2386190000 >> Error detected...
2387765000 >> Error detected...
2388540000 >> Error detected...
2389990000 >> Error detected...
2390640000 >> Error detected...
2391090000 >> Error detected...
2391790000 >> Error detected...
2392215000 >> Error detected...
2393790000 >> Error detected...
2394590000 >> Error detected...
2396040000 >> Error detected...
2396690000 >> Error detected...
2397140000 >> Error detected...
2397840000 >> Error detected...
2398265000 >> Error detected...
2399840000 >> Error detected...
2400465000 >> Error detected...
2402090000 >> Error detected...
2402740000 >> Error detected...
2403190000 >> Error detected...
2403890000 >> Error detected...
2404315000 >> Error detected...
2405890000 >> Error detected...
2406515000 >> Error detected...
2408140000 >> Error detected...
2408790000 >> Error detected...
2409240000 >> Error detected...
2409940000 >> Error detected...
2410365000 >> Error detected...
2411940000 >> Error detected...
2412565000 >> Error detected...
2414190000 >> Error detected...
2414840000 >> Error detected...
2415290000 >> Error detected...
2415990000 >> Error detected...
2416415000 >> Error detected...
2417990000 >> Error detected...
2418615000 >> Error detected...
2420240000 >> Error detected...
2420890000 >> Error detected...
2421340000 >> Error detected...
2422040000 >> Error detected...
2422465000 >> Error detected...
2424040000 >> Error detected...
2424665000 >> Error detected...
2426115000 >> Error detected...
2426940000 >> Error detected...
2427390000 >> Error detected...
2428090000 >> Error detected...
2428515000 >> Error detected...
2430090000 >> Error detected...
2430715000 >> Error detected...
2432165000 >> Error detected...
2432990000 >> Error detected...
2433440000 >> Error detected...
2434140000 >> Error detected...
2434565000 >> Error detected...
2436140000 >> Error detected...
2436765000 >> Error detected...
2438215000 >> Error detected...
2438865000 >> Error detected...
2439490000 >> Error detected...
2440190000 >> Error detected...
2440615000 >> Error detected...
2442190000 >> Error detected...
2442815000 >> Error detected...
2444265000 >> Error detected...
2444915000 >> Error detected...
2445540000 >> Error detected...
2446240000 >> Error detected...
2446665000 >> Error detected...
2448240000 >> Error detected...
2448865000 >> Error detected...
2450315000 >> Error detected...
2450965000 >> Error detected...
2451415000 >> Error detected...
2452290000 >> Error detected...
2452715000 >> Error detected...
2454290000 >> Error detected...
2454915000 >> Error detected...
2456365000 >> Error detected...
2457015000 >> Error detected...
2457465000 >> Error detected...
2458165000 >> Error detected...
2458765000 >> Error detected...
2460340000 >> Error detected...
2460965000 >> Error detected...
2462415000 >> Error detected...
2463065000 >> Error detected...
2463515000 >> Error detected...
2464215000 >> Error detected...
2464815000 >> Error detected...
2466390000 >> Error detected...
2467015000 >> Error detected...
2468465000 >> Error detected...
2469115000 >> Error detected...
2469565000 >> Error detected...
2470265000 >> Error detected...
2470690000 >> Error detected...
2472440000 >> Error detected...
2473065000 >> Error detected...
2474515000 >> Error detected...
2475165000 >> Error detected...
2475615000 >> Error detected...
2476315000 >> Error detected...
2476740000 >> Error detected...
2478490000 >> Error detected...
2479115000 >> Error detected...
2480565000 >> Error detected...
2481215000 >> Error detected...
2481665000 >> Error detected...
2482365000 >> Error detected...
2482790000 >> Error detected...
2484540000 >> Error detected...
2485165000 >> Error detected...
2486615000 >> Error detected...
2487265000 >> Error detected...
2487715000 >> Error detected...
2488415000 >> Error detected...
2488840000 >> Error detected...
2490590000 >> Error detected...
2491215000 >> Error detected...
2492665000 >> Error detected...
2493315000 >> Error detected...
2493765000 >> Error detected...
2494465000 >> Error detected...
2494890000 >> Error detected...
2496465000 >> Error detected...
2497240000 >> Error detected...
2498690000 >> Error detected...
2499340000 >> Error detected...
2499790000 >> Error detected...
2500490000 >> Error detected...
2500915000 >> Error detected...
2502490000 >> Error detected...
2503290000 >> Error detected...
2504740000 >> Error detected...
2505390000 >> Error detected...
2505840000 >> Error detected...
2506540000 >> Error detected...
2506965000 >> Error detected...
2508540000 >> Error detected...
2509165000 >> Error detected...
2510790000 >> Error detected...
2511440000 >> Error detected...
2511890000 >> Error detected...
2512590000 >> Error detected...
2513015000 >> Error detected...
2514590000 >> Error detected...
2515215000 >> Error detected...
2516840000 >> Error detected...
2517490000 >> Error detected...
2517940000 >> Error detected...
2518640000 >> Error detected...
2519065000 >> Error detected...
2520640000 >> Error detected...
2521265000 >> Error detected...
2522890000 >> Error detected...
2523540000 >> Error detected...
2523990000 >> Error detected...
2524690000 >> Error detected...
2525115000 >> Error detected...
2526690000 >> Error detected...
2527315000 >> Error detected...
2528940000 >> Error detected...
2529590000 >> Error detected...
2530040000 >> Error detected...
2530740000 >> Error detected...
2531165000 >> Error detected...
2532740000 >> Error detected...
2533365000 >> Error detected...
2534815000 >> Error detected...
2535640000 >> Error detected...
2536090000 >> Error detected...
2536790000 >> Error detected...
2537215000 >> Error detected...
2538790000 >> Error detected...
2539415000 >> Error detected...
2540865000 >> Error detected...
2541690000 >> Error detected...
2542140000 >> Error detected...
2542840000 >> Error detected...
2543265000 >> Error detected...
2544840000 >> Error detected...
2545465000 >> Error detected...
2546915000 >> Error detected...
2547565000 >> Error detected...
2548190000 >> Error detected...
2548890000 >> Error detected...
2549315000 >> Error detected...
2550890000 >> Error detected...
2551515000 >> Error detected...
2552965000 >> Error detected...
2553615000 >> Error detected...
2554065000 >> Error detected...
2554940000 >> Error detected...
2555365000 >> Error detected...
2556940000 >> Error detected...
2557565000 >> Error detected...
2559015000 >> Error detected...
2559665000 >> Error detected...
2560115000 >> Error detected...
2560990000 >> Error detected...
2561415000 >> Error detected...
2562990000 >> Error detected...
2563615000 >> Error detected...
2565065000 >> Error detected...
2565715000 >> Error detected...
2566165000 >> Error detected...
2566865000 >> Error detected...
2567465000 >> Error detected...
2569040000 >> Error detected...
2569665000 >> Error detected...
2571115000 >> Error detected...
2571765000 >> Error detected...
2572215000 >> Error detected...
2572915000 >> Error detected...
2573515000 >> Error detected...
2575090000 >> Error detected...
2575715000 >> Error detected...
2577165000 >> Error detected...
2577815000 >> Error detected...
2578265000 >> Error detected...
2578965000 >> Error detected...
2579390000 >> Error detected...
2581115000 >> Error detected...
2581740000 >> Error detected...
2583190000 >> Error detected...
2583840000 >> Error detected...
2584290000 >> Error detected...
2584990000 >> Error detected...
2585415000 >> Error detected...
2587165000 >> Error detected...
2587790000 >> Error detected...
2589240000 >> Error detected...
2589890000 >> Error detected...
2590340000 >> Error detected...
2591040000 >> Error detected...
2591465000 >> Error detected...
2593215000 >> Error detected...
2593840000 >> Error detected...
2595290000 >> Error detected...
2595940000 >> Error detected...
2596390000 >> Error detected...
2597090000 >> Error detected...
2597515000 >> Error detected...
2599090000 >> Error detected...
2599865000 >> Error detected...
2601315000 >> Error detected...
2601965000 >> Error detected...
2602415000 >> Error detected...
2603115000 >> Error detected...
2603540000 >> Error detected...
2605115000 >> Error detected...
2605915000 >> Error detected...
2607365000 >> Error detected...
2608015000 >> Error detected...
2608465000 >> Error detected...
2609165000 >> Error detected...
2609590000 >> Error detected...
2611165000 >> Error detected...
2611790000 >> Error detected...
2613415000 >> Error detected...
2614065000 >> Error detected...
2614515000 >> Error detected...
2615215000 >> Error detected...
2615640000 >> Error detected...
2617215000 >> Error detected...
2617840000 >> Error detected...
2619465000 >> Error detected...
2620115000 >> Error detected...
2620565000 >> Error detected...
2621265000 >> Error detected...
2621690000 >> Error detected...
2623265000 >> Error detected...
2623890000 >> Error detected...
2625515000 >> Error detected...
2626165000 >> Error detected...
2626615000 >> Error detected...
2627315000 >> Error detected...
2627740000 >> Error detected...
2629315000 >> Error detected...
2629640000 >> Error detected...
2629940000 >> Error detected...
2630515000 >> Error detected...
2637215000 >> prog fin.
/testbench/cpu/l3/u0/leon3x0/vhdl/p0/iu/r.w.wreg:0
/testbench/cpu/l3/u0/leon3x0/vhdl/p0/iu/r.m.irqen:1
/testbench/cpu/l3/u0/leon3x0/vhdl/p0/iu/r.m.icc:0100
/testbench/cpu/l3/u0/leon3x0/vhdl/p0/iu/r.a.ticc:0
/testbench/cpu/l3/u0/leon3x0/vhdl/p0/iu/r.a.step:0
/testbench/cpu/l3/u0/leon3x0/vhdl/p0/iu/r.m.irqen2:1
/testbench/cpu/l3/u0/leon3x0/vhdl/p0/iu/r.d.pc:UUUUUUUUUUUUUUUUUUUUUUUUUUUUUUUU
/testbench/cpu/l3/u0/leon3x0/vhdl/p0/iu/r.d.rexpl:{{00000000000000000000000000000000} {00} {0} 0 0 {0000000000000000000} 0 0 0 0 0 0}
/testbench/cpu/l3/u0/leon3x0/vhdl/p0/iu/r.d.mexc:0
/testbench/cpu/l3/u0/leon3x0/vhdl/p0/iu/r.a.aw:0
/testbench/cpu/l3/u0/leon3x0/vhdl/p0/iu/r.e.ctrl:{{UUUUUUUUUUUUUUUUUUUUUUUUUUUUUU00} {00000000000000000000000000000000} {00} {10000000} {000000} 0 1 0 0 0 0 0 0 0}
/testbench/cpu/l3/u0/leon3x0/vhdl/p0/iu/r.a.divstart:0
/testbench/cpu/l3/u0/leon3x0/vhdl/p0/iu/r.e.shleft:0
/testbench/cpu/l3/u0/leon3x0/vhdl/p0/iu/r.a.bp:0
/testbench/cpu/l3/u0/leon3x0/vhdl/p0/iu/r.w.twcwp:000
/testbench/cpu/l3/u0/leon3x0/vhdl/p0/iu/r.a.jmpl:0
/testbench/cpu/l3/u0/leon3x0/vhdl/p0/iu/r.m.casa:0
/testbench/cpu/l3/u0/leon3x0/vhdl/p0/iu/r.m.werr:0
/testbench/cpu/l3/u0/leon3x0/vhdl/p0/iu/r.e.su:1
/testbench/cpu/l3/u0/leon3x0/vhdl/p0/iu/r.e.et:0
/testbench/cpu/l3/u0/leon3x0/vhdl/p0/iu/r.a.ldcheck1:0
/testbench/cpu/l3/u0/leon3x0/vhdl/p0/iu/r.d.stwin:000
/testbench/cpu/l3/u0/leon3x0/vhdl/p0/iu/r.a.ldcheck2:0
/testbench/cpu/l3/u0/leon3x0/vhdl/p0/iu/r.x.intack:0
/testbench/cpu/l3/u0/leon3x0/vhdl/p0/iu/r.m.ctrl:{{UUUUUUUUUUUUUUUUUUUUUUUUUUUUUU00} {00000000000000000000000000000000} {00} {10000000} {000000} 0 1 0 0 0 1 0 0 0}
/testbench/cpu/l3/u0/leon3x0/vhdl/p0/iu/r.a.cwp:100
/testbench/cpu/l3/u0/leon3x0/vhdl/p0/iu/r.e.sari:0
/testbench/cpu/l3/u0/leon3x0/vhdl/p0/iu/r.d.paw:0
/testbench/cpu/l3/u0/leon3x0/vhdl/p0/iu/r.d.aw:0
/testbench/cpu/l3/u0/leon3x0/vhdl/p0/iu/r.d.awp:000
/testbench/cpu/l3/u0/leon3x0/vhdl/p0/iu/r.x.ctrl:{{UUUUUUUUUUUUUUUUUUUUUUUUUUUUUU00} {00000000000000000000000000000000} {00} {10000000} {000000} 0 1 0 0 0 1 0 0 0}
/testbench/cpu/l3/u0/leon3x0/vhdl/p0/iu/r.m.rexnalign:0
/testbench/cpu/l3/u0/leon3x0/vhdl/p0/iu/r.m.su:1
/testbench/cpu/l3/u0/leon3x0/vhdl/p0/iu/r.m.wcwp:0
/testbench/cpu/l3/u0/leon3x0/vhdl/p0/iu/r.d.divrdy:0
/testbench/cpu/l3/u0/leon3x0/vhdl/p0/iu/r.e.cwp:100
/testbench/cpu/l3/u0/leon3x0/vhdl/p0/iu/r.w.except:0
/testbench/cpu/l3/u0/leon3x0/vhdl/p0/iu/r.x.nerror:1
/testbench/cpu/l3/u0/leon3x0/vhdl/p0/iu/r.a.bpimiss:0
/testbench/cpu/l3/u0/leon3x0/vhdl/p0/iu/r.a.nobp:0
/testbench/cpu/l3/u0/leon3x0/vhdl/p0/iu/r.d.rexcnt:0
/testbench/cpu/l3/u0/leon3x0/vhdl/p0/iu/r.w.s:{{100} {0100} {00000010} {01000000000000000000} {00000010} {0000} 0 0 1 1 0 {00000000000000000000000000000000} {UUUUUUUUUUUUUUUUUUUUUUUUUUUUUUUU} 1 0 0 1 1 1 0 0 {000} {000} {111}}
/testbench/cpu/l3/u0/leon3x0/vhdl/p0/iu/r.d.pv:0
/testbench/cpu/l3/u0/leon3x0/vhdl/p0/iu/r.a.ldchkra:1
/testbench/cpu/l3/u0/leon3x0/vhdl/p0/iu/r.a.rfa1:10000000
/testbench/cpu/l3/u0/leon3x0/vhdl/p0/iu/r.a.rfa2:10000000
/testbench/cpu/l3/u0/leon3x0/vhdl/p0/iu/r.a.imm:00000000000000000000000000000000
/testbench/cpu/l3/u0/leon3x0/vhdl/p0/iu/r.w.wa:00000000
/testbench/cpu/l3/u0/leon3x0/vhdl/p0/iu/r.m.casaz:1
/testbench/cpu/l3/u0/leon3x0/vhdl/p0/iu/r.x.dci:{0 0 1 0 0 0 {10} {UUUUUUUU}}
/testbench/cpu/l3/u0/leon3x0/vhdl/p0/iu/r.x.mac:0
/testbench/cpu/l3/u0/leon3x0/vhdl/p0/iu/r.m.divz:0
/testbench/cpu/l3/u0/leon3x0/vhdl/p0/iu/r.d.inst:{{00000000000000000000000000000000}}
/testbench/cpu/l3/u0/leon3x0/vhdl/p0/iu/r.e.rfe1:0
/testbench/cpu/l3/u0/leon3x0/vhdl/p0/iu/r.a.wovf:0
/testbench/cpu/l3/u0/leon3x0/vhdl/p0/iu/r.e.rfe2:0
/testbench/cpu/l3/u0/leon3x0/vhdl/p0/iu/r.e.op1:00000000000000000000000000000000
/testbench/cpu/l3/u0/leon3x0/vhdl/p0/iu/r.m.nalign:0
/testbench/cpu/l3/u0/leon3x0/vhdl/p0/iu/r.e.op2:00000000000000000000000000000000
/testbench/cpu/l3/u0/leon3x0/vhdl/p0/iu/r.d.rexen:0
/testbench/cpu/l3/u0/leon3x0/vhdl/p0/iu/r.a.ctrl:{{UUUUUUUUUUUUUUUUUUUUUUUUUUUUUU00} {00000000000000000000000000000000} {00} {10000000} {000000} 0 1 0 0 0 0 0 0 0}
/testbench/cpu/l3/u0/leon3x0/vhdl/p0/iu/r.x.ipend:0
/testbench/cpu/l3/u0/leon3x0/vhdl/p0/iu/r.e.ldbp1:0
/testbench/cpu/l3/u0/leon3x0/vhdl/p0/iu/r.e.aluadd:1
/testbench/cpu/l3/u0/leon3x0/vhdl/p0/iu/r.d.set:0
/testbench/cpu/l3/u0/leon3x0/vhdl/p0/iu/r.d.inull:0
/testbench/cpu/l3/u0/leon3x0/vhdl/p0/iu/r.e.ldbp2:0
/testbench/cpu/l3/u0/leon3x0/vhdl/p0/iu/r.d.cnt:00
/testbench/cpu/l3/u0/leon3x0/vhdl/p0/iu/r.a.su:1
/testbench/cpu/l3/u0/leon3x0/vhdl/p0/iu/r.a.et:0
/testbench/cpu/l3/u0/leon3x0/vhdl/p0/iu/r.e.mul:0
/testbench/cpu/l3/u0/leon3x0/vhdl/p0/iu/r.e.alusel:11
/testbench/cpu/l3/u0/leon3x0/vhdl/p0/iu/r.e.aw:U
/testbench/cpu/l3/u0/leon3x0/vhdl/p0/iu/r.e.mac:0
/testbench/cpu/l3/u0/leon3x0/vhdl/p0/iu/r.a.decill:0
/testbench/cpu/l3/u0/leon3x0/vhdl/p0/iu/r.x.icc:0100
/testbench/cpu/l3/u0/leon3x0/vhdl/p0/iu/r.x.result:00000000000000000000000000000000
/testbench/cpu/l3/u0/leon3x0/vhdl/p0/iu/r.e.bp:0
/testbench/cpu/l3/u0/leon3x0/vhdl/p0/iu/r.a.rs1:00000
/testbench/cpu/l3/u0/leon3x0/vhdl/p0/iu/r.e.jmpl:0
/testbench/cpu/l3/u0/leon3x0/vhdl/p0/iu/r.a.rsel1:101
/testbench/cpu/l3/u0/leon3x0/vhdl/p0/iu/r.x.y:00000000000000000000000000000000
/testbench/cpu/l3/u0/leon3x0/vhdl/p0/iu/r.a.rsel2:101
/testbench/cpu/l3/u0/leon3x0/vhdl/p0/iu/r.a.awp:000
/testbench/cpu/l3/u0/leon3x0/vhdl/p0/iu/r.a.paw:0
/testbench/cpu/l3/u0/leon3x0/vhdl/p0/iu/r.x.data:{{00000000000000000000000000000000}}
/testbench/cpu/l3/u0/leon3x0/vhdl/p0/iu/r.m.mul:0
/testbench/cpu/l3/u0/leon3x0/vhdl/p0/iu/r.e.rd:UUUUU
/testbench/cpu/l3/u0/leon3x0/vhdl/p0/iu/r.e.invop2:0
/testbench/cpu/l3/u0/leon3x0/vhdl/p0/iu/r.m.wawp:0
/testbench/cpu/l3/u0/leon3x0/vhdl/p0/iu/r.d.cwpmax:111
/testbench/cpu/l3/u0/leon3x0/vhdl/p0/iu/r.f.branch:1
/testbench/cpu/l3/u0/leon3x0/vhdl/p0/iu/r.d.pcheld:0
/testbench/cpu/l3/u0/leon3x0/vhdl/p0/iu/r.m.dci:{0 0 1 0 0 0 {10} {UUUUUUUU}}
/testbench/cpu/l3/u0/leon3x0/vhdl/p0/iu/r.e.paw:U
/testbench/cpu/l3/u0/leon3x0/vhdl/p0/iu/r.e.awp:UUU
/testbench/cpu/l3/u0/leon3x0/vhdl/p0/iu/r.e.shcnt:00000
/testbench/cpu/l3/u0/leon3x0/vhdl/p0/iu/r.w.result:UUUUUUUUUUUUUUUUUUUUUUUUUUUUUUUU
/testbench/cpu/l3/u0/leon3x0/vhdl/p0/iu/r.m.mac:0
/testbench/cpu/l3/u0/leon3x0/vhdl/p0/iu/r.m.y:00000000000000000000000000000000
/testbench/cpu/l3/u0/leon3x0/vhdl/p0/iu/r.d.cwp:100
/testbench/cpu/l3/u0/leon3x0/vhdl/p0/iu/r.x.laddr:00
/testbench/cpu/l3/u0/leon3x0/vhdl/p0/iu/r.e.mulstep:0
/testbench/cpu/l3/u0/leon3x0/vhdl/p0/iu/r.e.ymsb:0
/testbench/cpu/l3/u0/leon3x0/vhdl/p0/iu/r.d.rexbuf:00000000000000000000000000000000
/testbench/cpu/l3/u0/leon3x0/vhdl/p0/iu/r.x.npc:000
/testbench/cpu/l3/u0/leon3x0/vhdl/p0/iu/r.f.pc:UUUUUUUUUUUUUUUUUUUUUUUUUUUUUUUU
/testbench/cpu/l3/u0/leon3x0/vhdl/p0/iu/r.d.annul:1
/testbench/cpu/l3/u0/leon3x0/vhdl/p0/iu/r.x.rstate:dsu2
/testbench/cpu/l3/u0/leon3x0/vhdl/p0/iu/r.x.set:0
/testbench/cpu/l3/u0/leon3x0/vhdl/p0/iu/r.m.result:00000000000000000000000000000000
/testbench/cpu/l3/u0/leon3x0/vhdl/p0/iu/r.e.icc:UUUU
/testbench/cpu/l3/u0/leon3x0/vhdl/p0/iu/r.a.getpc:0
/testbench/cpu/l3/u0/leon3x0/vhdl/p0/iu/r.a.ldchkex:1
/testbench/cpu/l3/u0/leon3x0/vhdl/p0/iu/r.x.mexc:0
/testbench/cpu/l3/u0/leon3x0/vhdl/p0/iu/r.a.mulstart:0
/testbench/cpu/l3/u0/leon3x0/vhdl/p0/iu/r.d.rexpos:10
/testbench/cpu/l3/u0/leon3x0/vhdl/p0/iu/r.x.annul_all:1
/testbench/cpu/l3/u0/leon3x0/vhdl/p0/iu/r.e.aluop:000
/testbench/cpu/l3/u0/leon3x0/vhdl/p0/iu/r.x.debug:0
/testbench/cpu/l3/u0/leon3x0/vhdl/p0/iu/r.a.rfe1:0
/testbench/cpu/l3/u0/leon3x0/vhdl/p0/iu/r.d.step:0
/testbench/cpu/l3/u0/leon3x0/vhdl/p0/iu/r.a.rfe2:0
/testbench/cpu/l3/u0/leon3x0/vhdl/p0/iu/r.e.alucin:0
/testbench/cpu/l3/u0/leon3x0/vhdl/p0/iu/r.a.wunf:0
======================================
progstatus: 1
execerr: 346
latent: 1
program execution success!
total iterations: 5
>>>>>>>>>>>>>>> 2637215000
======================================
