Test signal = /testbench/cpu/l3/u0/leon3x0/vhdl/p0/iu/r.m.wcwp
oldval = 0
pos1: -1 pos0: 0 posU: -1
newval = 1
Signal value: 0
oldval = 0
pos1: -1 pos0: 0 posU: -1
newval = 1
force in 1256111
584315000 >> iteration no: 0
994990000 >> iteration no: 1
1405665000 >> iteration no: 2
1816315000 >> iteration no: 3
1836640000 >> Requesting for the AHB bus...
1837465000 >> AHB granted, starting recovery...
1856665000 >> Recovery done, continuing...
1856715000 >> Requesting for the AHB bus...
1857315000 >> AHB granted, starting recovery...
1876515000 >> Recovery done, continuing...
1876565000 >> Requesting for the AHB bus...
1877165000 >> AHB granted, starting recovery...
1896365000 >> Recovery done, continuing...
1896415000 >> Requesting for the AHB bus...
1897015000 >> AHB granted, starting recovery...
1916215000 >> Recovery done, continuing...
1916265000 >> Requesting for the AHB bus...
1916865000 >> AHB granted, starting recovery...
1936065000 >> Recovery done, continuing...
1936115000 >> Requesting for the AHB bus...
1936715000 >> AHB granted, starting recovery...
1955915000 >> Recovery done, continuing...
1955965000 >> Requesting for the AHB bus...
1956565000 >> AHB granted, starting recovery...
1975765000 >> Recovery done, continuing...
1975815000 >> Requesting for the AHB bus...
1976415000 >> AHB granted, starting recovery...
1995615000 >> Recovery done, continuing...
1995665000 >> Requesting for the AHB bus...
1996265000 >> AHB granted, starting recovery...
2015465000 >> Recovery done, continuing...
2015515000 >> Requesting for the AHB bus...
2016115000 >> AHB granted, starting recovery...
2035315000 >> Recovery done, continuing...
2035365000 >> Requesting for the AHB bus...
2035965000 >> AHB granted, starting recovery...
2055165000 >> Recovery done, continuing...
2055215000 >> Requesting for the AHB bus...
2055815000 >> AHB granted, starting recovery...
2075015000 >> Recovery done, continuing...
2075065000 >> Requesting for the AHB bus...
2075665000 >> AHB granted, starting recovery...
2094865000 >> Recovery done, continuing...
2094915000 >> Requesting for the AHB bus...
2095515000 >> AHB granted, starting recovery...
2114715000 >> Recovery done, continuing...
2114765000 >> Requesting for the AHB bus...
2115365000 >> AHB granted, starting recovery...
2134565000 >> Recovery done, continuing...
2134615000 >> Requesting for the AHB bus...
2135215000 >> AHB granted, starting recovery...
2154415000 >> Recovery done, continuing...
2154465000 >> Requesting for the AHB bus...
2155065000 >> AHB granted, starting recovery...
2174265000 >> Recovery done, continuing...
2174315000 >> Requesting for the AHB bus...
2174915000 >> AHB granted, starting recovery...
2194115000 >> Recovery done, continuing...
2194165000 >> Requesting for the AHB bus...
2194765000 >> AHB granted, starting recovery...
2213965000 >> Recovery done, continuing...
2214015000 >> Requesting for the AHB bus...
2214615000 >> AHB granted, starting recovery...
2233815000 >> Recovery done, continuing...
2233865000 >> Requesting for the AHB bus...
2234465000 >> AHB granted, starting recovery...
2253665000 >> Recovery done, continuing...
2253715000 >> Requesting for the AHB bus...
2254315000 >> AHB granted, starting recovery...
2273515000 >> Recovery done, continuing...
2273565000 >> Requesting for the AHB bus...
2274165000 >> AHB granted, starting recovery...
2293365000 >> Recovery done, continuing...
2293415000 >> Requesting for the AHB bus...
2294015000 >> AHB granted, starting recovery...
2313215000 >> Recovery done, continuing...
2313265000 >> Requesting for the AHB bus...
2313865000 >> AHB granted, starting recovery...
2333065000 >> Recovery done, continuing...
2333115000 >> Requesting for the AHB bus...
2333715000 >> AHB granted, starting recovery...
2352915000 >> Recovery done, continuing...
2352965000 >> Requesting for the AHB bus...
2353565000 >> AHB granted, starting recovery...
2372765000 >> Recovery done, continuing...
2372815000 >> Requesting for the AHB bus...
2373415000 >> AHB granted, starting recovery...
2392615000 >> Recovery done, continuing...
2392665000 >> Requesting for the AHB bus...
2393265000 >> AHB granted, starting recovery...
2412465000 >> Recovery done, continuing...
2412515000 >> Requesting for the AHB bus...
2413115000 >> AHB granted, starting recovery...
2432315000 >> Recovery done, continuing...
2432365000 >> Requesting for the AHB bus...
2432965000 >> AHB granted, starting recovery...
2452165000 >> Recovery done, continuing...
2452215000 >> Requesting for the AHB bus...
2452815000 >> AHB granted, starting recovery...
2472015000 >> Recovery done, continuing...
2472065000 >> Requesting for the AHB bus...
2472665000 >> AHB granted, starting recovery...
2491865000 >> Recovery done, continuing...
2491915000 >> Requesting for the AHB bus...
2492515000 >> AHB granted, starting recovery...
2511715000 >> Recovery done, continuing...
2511765000 >> Requesting for the AHB bus...
2512365000 >> AHB granted, starting recovery...
2531565000 >> Recovery done, continuing...
2531615000 >> Requesting for the AHB bus...
2532215000 >> AHB granted, starting recovery...
2551415000 >> Recovery done, continuing...
2551465000 >> Requesting for the AHB bus...
2552065000 >> AHB granted, starting recovery...
2571265000 >> Recovery done, continuing...
2571315000 >> Requesting for the AHB bus...
2571915000 >> AHB granted, starting recovery...
2591115000 >> Recovery done, continuing...
2591165000 >> Requesting for the AHB bus...
2591765000 >> AHB granted, starting recovery...
2610965000 >> Recovery done, continuing...
2611015000 >> Requesting for the AHB bus...
2611615000 >> AHB granted, starting recovery...
2630815000 >> Recovery done, continuing...
2630865000 >> Requesting for the AHB bus...
2631465000 >> AHB granted, starting recovery...
2650665000 >> Recovery done, continuing...
2650715000 >> Requesting for the AHB bus...
2651315000 >> AHB granted, starting recovery...
2670515000 >> Recovery done, continuing...
2670565000 >> Requesting for the AHB bus...
2671165000 >> AHB granted, starting recovery...
2690365000 >> Recovery done, continuing...
2690415000 >> Requesting for the AHB bus...
2691015000 >> AHB granted, starting recovery...
2710215000 >> Recovery done, continuing...
2710265000 >> Requesting for the AHB bus...
2710865000 >> AHB granted, starting recovery...
2730065000 >> Recovery done, continuing...
2730115000 >> Requesting for the AHB bus...
2730715000 >> AHB granted, starting recovery...
2737215000 >> time limit reached...
/testbench/cpu/l3/u0/leon3x0/vhdl/p0/iu/r.w.wreg:1
/testbench/cpu/l3/u0/leon3x0/vhdl/p0/iu/r.m.irqen:1
/testbench/cpu/l3/u0/leon3x0/vhdl/p0/iu/r.m.icc:0000
/testbench/cpu/l3/u0/leon3x0/vhdl/p0/iu/r.a.ticc:0
/testbench/cpu/l3/u0/leon3x0/vhdl/p0/iu/r.a.step:0
/testbench/cpu/l3/u0/leon3x0/vhdl/p0/iu/r.m.irqen2:1
/testbench/cpu/l3/u0/leon3x0/vhdl/p0/iu/r.d.pc:01000000000000000000000111111000
/testbench/cpu/l3/u0/leon3x0/vhdl/p0/iu/r.d.rexpl:{{00000000000000000000000000000000} {00} {0} 0 0 {0000000000000000000} 0 0 0 0 0 0}
/testbench/cpu/l3/u0/leon3x0/vhdl/p0/iu/r.d.mexc:0
/testbench/cpu/l3/u0/leon3x0/vhdl/p0/iu/r.a.aw:0
/testbench/cpu/l3/u0/leon3x0/vhdl/p0/iu/r.e.ctrl:{{01000000000000000000000111110100} {11000010000001111010000001000100} {00} {10000001} {000000} 0 0 1 0 0 1 1 0 0}
/testbench/cpu/l3/u0/leon3x0/vhdl/p0/iu/r.a.divstart:0
/testbench/cpu/l3/u0/leon3x0/vhdl/p0/iu/r.e.shleft:0
/testbench/cpu/l3/u0/leon3x0/vhdl/p0/iu/r.a.bp:0
/testbench/cpu/l3/u0/leon3x0/vhdl/p0/iu/r.w.twcwp:000
/testbench/cpu/l3/u0/leon3x0/vhdl/p0/iu/r.a.jmpl:0
/testbench/cpu/l3/u0/leon3x0/vhdl/p0/iu/r.m.casa:0
/testbench/cpu/l3/u0/leon3x0/vhdl/p0/iu/r.m.werr:0
/testbench/cpu/l3/u0/leon3x0/vhdl/p0/iu/r.e.su:1
/testbench/cpu/l3/u0/leon3x0/vhdl/p0/iu/r.e.et:1
/testbench/cpu/l3/u0/leon3x0/vhdl/p0/iu/r.a.ldcheck1:1
/testbench/cpu/l3/u0/leon3x0/vhdl/p0/iu/r.d.stwin:000
/testbench/cpu/l3/u0/leon3x0/vhdl/p0/iu/r.a.ldcheck2:1
/testbench/cpu/l3/u0/leon3x0/vhdl/p0/iu/r.x.intack:0
/testbench/cpu/l3/u0/leon3x0/vhdl/p0/iu/r.m.ctrl:{{01000000000000000000000111110000} {11000010001001111010000001000100} {01} {10000001} {000000} 0 0 0 0 0 0 0 0 0}
/testbench/cpu/l3/u0/leon3x0/vhdl/p0/iu/r.a.cwp:100
/testbench/cpu/l3/u0/leon3x0/vhdl/p0/iu/r.e.sari:0
/testbench/cpu/l3/u0/leon3x0/vhdl/p0/iu/r.d.paw:0
/testbench/cpu/l3/u0/leon3x0/vhdl/p0/iu/r.d.aw:0
/testbench/cpu/l3/u0/leon3x0/vhdl/p0/iu/r.d.awp:000
/testbench/cpu/l3/u0/leon3x0/vhdl/p0/iu/r.x.ctrl:{{01000000000000000000000111110000} {11000010001001111010000001000100} {00} {10000001} {000000} 0 0 0 0 0 0 1 0 0}
/testbench/cpu/l3/u0/leon3x0/vhdl/p0/iu/r.m.rexnalign:0
/testbench/cpu/l3/u0/leon3x0/vhdl/p0/iu/r.m.su:1
/testbench/cpu/l3/u0/leon3x0/vhdl/p0/iu/r.m.wcwp:0
/testbench/cpu/l3/u0/leon3x0/vhdl/p0/iu/r.d.divrdy:0
/testbench/cpu/l3/u0/leon3x0/vhdl/p0/iu/r.e.cwp:100
/testbench/cpu/l3/u0/leon3x0/vhdl/p0/iu/r.w.except:0
/testbench/cpu/l3/u0/leon3x0/vhdl/p0/iu/r.x.nerror:0
/testbench/cpu/l3/u0/leon3x0/vhdl/p0/iu/r.a.bpimiss:0
/testbench/cpu/l3/u0/leon3x0/vhdl/p0/iu/r.a.nobp:0
/testbench/cpu/l3/u0/leon3x0/vhdl/p0/iu/r.d.rexcnt:0
/testbench/cpu/l3/u0/leon3x0/vhdl/p0/iu/r.w.s:{{101} {0000} {00000000} {01000000000000000000} {00000010} {0000} 0 0 1 1 1 {00000000000000000000000000000000} {UUUUUUUUUUUUUUUUUUUUUUUUUUUUUUUU} 1 0 0 1 1 1 0 0 {000} {000} {111}}
/testbench/cpu/l3/u0/leon3x0/vhdl/p0/iu/r.d.pv:1
/testbench/cpu/l3/u0/leon3x0/vhdl/p0/iu/r.a.ldchkra:1
/testbench/cpu/l3/u0/leon3x0/vhdl/p0/iu/r.a.rfa1:10000001
/testbench/cpu/l3/u0/leon3x0/vhdl/p0/iu/r.a.rfa2:10000000
/testbench/cpu/l3/u0/leon3x0/vhdl/p0/iu/r.a.imm:00000000000000000000000000000000
/testbench/cpu/l3/u0/leon3x0/vhdl/p0/iu/r.w.wa:10000001
/testbench/cpu/l3/u0/leon3x0/vhdl/p0/iu/r.m.casaz:0
/testbench/cpu/l3/u0/leon3x0/vhdl/p0/iu/r.x.dci:{0 1 0 0 0 0 {10} {00001011}}
/testbench/cpu/l3/u0/leon3x0/vhdl/p0/iu/r.x.mac:0
/testbench/cpu/l3/u0/leon3x0/vhdl/p0/iu/r.m.divz:0
/testbench/cpu/l3/u0/leon3x0/vhdl/p0/iu/r.d.inst:{{11000010000010000100000000000000}}
/testbench/cpu/l3/u0/leon3x0/vhdl/p0/iu/r.e.rfe1:1
/testbench/cpu/l3/u0/leon3x0/vhdl/p0/iu/r.a.wovf:0
/testbench/cpu/l3/u0/leon3x0/vhdl/p0/iu/r.e.rfe2:0
/testbench/cpu/l3/u0/leon3x0/vhdl/p0/iu/r.e.op1:01000000000011111111111000110000
/testbench/cpu/l3/u0/leon3x0/vhdl/p0/iu/r.m.nalign:1
/testbench/cpu/l3/u0/leon3x0/vhdl/p0/iu/r.e.op2:00000000000000000000000001000100
/testbench/cpu/l3/u0/leon3x0/vhdl/p0/iu/r.d.rexen:0
/testbench/cpu/l3/u0/leon3x0/vhdl/p0/iu/r.a.ctrl:{{01000000000000000000000111111000} {11000010000010000100000000000000} {00} {10000001} {000000} 0 1 0 0 0 1 0 0 0}
/testbench/cpu/l3/u0/leon3x0/vhdl/p0/iu/r.x.ipend:0
/testbench/cpu/l3/u0/leon3x0/vhdl/p0/iu/r.e.ldbp1:0
/testbench/cpu/l3/u0/leon3x0/vhdl/p0/iu/r.e.aluadd:1
/testbench/cpu/l3/u0/leon3x0/vhdl/p0/iu/r.d.set:0
/testbench/cpu/l3/u0/leon3x0/vhdl/p0/iu/r.d.inull:0
/testbench/cpu/l3/u0/leon3x0/vhdl/p0/iu/r.e.ldbp2:0
/testbench/cpu/l3/u0/leon3x0/vhdl/p0/iu/r.d.cnt:00
/testbench/cpu/l3/u0/leon3x0/vhdl/p0/iu/r.a.su:1
/testbench/cpu/l3/u0/leon3x0/vhdl/p0/iu/r.a.et:1
/testbench/cpu/l3/u0/leon3x0/vhdl/p0/iu/r.e.mul:0
/testbench/cpu/l3/u0/leon3x0/vhdl/p0/iu/r.e.alusel:00
/testbench/cpu/l3/u0/leon3x0/vhdl/p0/iu/r.e.aw:U
/testbench/cpu/l3/u0/leon3x0/vhdl/p0/iu/r.e.mac:0
/testbench/cpu/l3/u0/leon3x0/vhdl/p0/iu/r.a.decill:0
/testbench/cpu/l3/u0/leon3x0/vhdl/p0/iu/r.x.icc:0000
/testbench/cpu/l3/u0/leon3x0/vhdl/p0/iu/r.x.result:01000000000011111111111011011100
/testbench/cpu/l3/u0/leon3x0/vhdl/p0/iu/r.e.bp:0
/testbench/cpu/l3/u0/leon3x0/vhdl/p0/iu/r.a.rs1:00001
/testbench/cpu/l3/u0/leon3x0/vhdl/p0/iu/r.e.jmpl:0
/testbench/cpu/l3/u0/leon3x0/vhdl/p0/iu/r.a.rsel1:001
/testbench/cpu/l3/u0/leon3x0/vhdl/p0/iu/r.x.y:00000000000000000000000000000000
/testbench/cpu/l3/u0/leon3x0/vhdl/p0/iu/r.a.rsel2:101
/testbench/cpu/l3/u0/leon3x0/vhdl/p0/iu/r.a.awp:000
/testbench/cpu/l3/u0/leon3x0/vhdl/p0/iu/r.a.paw:0
/testbench/cpu/l3/u0/leon3x0/vhdl/p0/iu/r.x.data:{{01000000000000000001001000100010}}
/testbench/cpu/l3/u0/leon3x0/vhdl/p0/iu/r.m.mul:0
/testbench/cpu/l3/u0/leon3x0/vhdl/p0/iu/r.e.rd:UUUUU
/testbench/cpu/l3/u0/leon3x0/vhdl/p0/iu/r.e.invop2:0
/testbench/cpu/l3/u0/leon3x0/vhdl/p0/iu/r.m.wawp:0
/testbench/cpu/l3/u0/leon3x0/vhdl/p0/iu/r.d.cwpmax:111
/testbench/cpu/l3/u0/leon3x0/vhdl/p0/iu/r.f.branch:0
/testbench/cpu/l3/u0/leon3x0/vhdl/p0/iu/r.d.pcheld:1
/testbench/cpu/l3/u0/leon3x0/vhdl/p0/iu/r.m.dci:{0 0 0 1 0 0 {10} {00001011}}
/testbench/cpu/l3/u0/leon3x0/vhdl/p0/iu/r.e.paw:U
/testbench/cpu/l3/u0/leon3x0/vhdl/p0/iu/r.e.awp:UUU
/testbench/cpu/l3/u0/leon3x0/vhdl/p0/iu/r.e.shcnt:00100
/testbench/cpu/l3/u0/leon3x0/vhdl/p0/iu/r.w.result:01000000000000000001001000100011
/testbench/cpu/l3/u0/leon3x0/vhdl/p0/iu/r.m.mac:0
/testbench/cpu/l3/u0/leon3x0/vhdl/p0/iu/r.m.y:00000000000000000000000000000000
/testbench/cpu/l3/u0/leon3x0/vhdl/p0/iu/r.d.cwp:100
/testbench/cpu/l3/u0/leon3x0/vhdl/p0/iu/r.x.laddr:00
/testbench/cpu/l3/u0/leon3x0/vhdl/p0/iu/r.e.mulstep:0
/testbench/cpu/l3/u0/leon3x0/vhdl/p0/iu/r.e.ymsb:0
/testbench/cpu/l3/u0/leon3x0/vhdl/p0/iu/r.d.rexbuf:00000000000000000000000000000000
/testbench/cpu/l3/u0/leon3x0/vhdl/p0/iu/r.x.npc:100
/testbench/cpu/l3/u0/leon3x0/vhdl/p0/iu/r.f.pc:01000000000000000000000111111100
/testbench/cpu/l3/u0/leon3x0/vhdl/p0/iu/r.d.annul:0
/testbench/cpu/l3/u0/leon3x0/vhdl/p0/iu/r.x.rstate:run
/testbench/cpu/l3/u0/leon3x0/vhdl/p0/iu/r.x.set:0
/testbench/cpu/l3/u0/leon3x0/vhdl/p0/iu/r.m.result:01000000000000000001001000100011
/testbench/cpu/l3/u0/leon3x0/vhdl/p0/iu/r.e.icc:UUUU
/testbench/cpu/l3/u0/leon3x0/vhdl/p0/iu/r.a.getpc:0
/testbench/cpu/l3/u0/leon3x0/vhdl/p0/iu/r.a.ldchkex:1
/testbench/cpu/l3/u0/leon3x0/vhdl/p0/iu/r.x.mexc:0
/testbench/cpu/l3/u0/leon3x0/vhdl/p0/iu/r.a.mulstart:0
/testbench/cpu/l3/u0/leon3x0/vhdl/p0/iu/r.d.rexpos:10
/testbench/cpu/l3/u0/leon3x0/vhdl/p0/iu/r.x.annul_all:0
/testbench/cpu/l3/u0/leon3x0/vhdl/p0/iu/r.e.aluop:000
/testbench/cpu/l3/u0/leon3x0/vhdl/p0/iu/r.x.debug:0
/testbench/cpu/l3/u0/leon3x0/vhdl/p0/iu/r.a.rfe1:0
/testbench/cpu/l3/u0/leon3x0/vhdl/p0/iu/r.d.step:0
/testbench/cpu/l3/u0/leon3x0/vhdl/p0/iu/r.a.rfe2:0
/testbench/cpu/l3/u0/leon3x0/vhdl/p0/iu/r.e.alucin:0
/testbench/cpu/l3/u0/leon3x0/vhdl/p0/iu/r.a.wunf:0
======================================
progstatus: -2
execerr: 46
latent: 1
time limit!
>>>>>>>>>>>>>>> 2737215000
======================================
