Test signal = /testbench/cpu/l3/u0/leon3x0/vhdl/p0/iu/r.d.mexc
oldval = 0
pos1: -1 pos0: 0 posU: -1
newval = 1
Signal value: 0
oldval = 0
pos1: -1 pos0: 0 posU: -1
newval = 1
force in 773376
584315000 >> iteration no: 0
994990000 >> iteration no: 1
1353865000 >> Requesting for the AHB bus...
1354715000 >> AHB granted, starting recovery...
1373915000 >> Recovery done, continuing...
1374040000 >> Requesting for the AHB bus...
1374915000 >> AHB granted, starting recovery...
1394115000 >> Recovery done, continuing...
1394240000 >> Requesting for the AHB bus...
1395115000 >> AHB granted, starting recovery...
1414315000 >> Recovery done, continuing...
1414440000 >> Requesting for the AHB bus...
1415315000 >> AHB granted, starting recovery...
1434515000 >> Recovery done, continuing...
1434640000 >> Requesting for the AHB bus...
1435515000 >> AHB granted, starting recovery...
1454715000 >> Recovery done, continuing...
1454840000 >> Requesting for the AHB bus...
1455715000 >> AHB granted, starting recovery...
1474915000 >> Recovery done, continuing...
1475040000 >> Requesting for the AHB bus...
1475915000 >> AHB granted, starting recovery...
1495115000 >> Recovery done, continuing...
1495240000 >> Requesting for the AHB bus...
1496115000 >> AHB granted, starting recovery...
1515315000 >> Recovery done, continuing...
1515440000 >> Requesting for the AHB bus...
1516315000 >> AHB granted, starting recovery...
1535515000 >> Recovery done, continuing...
1535640000 >> Requesting for the AHB bus...
1536515000 >> AHB granted, starting recovery...
1555715000 >> Recovery done, continuing...
1555840000 >> Requesting for the AHB bus...
1556715000 >> AHB granted, starting recovery...
1575915000 >> Recovery done, continuing...
1576040000 >> Requesting for the AHB bus...
1576915000 >> AHB granted, starting recovery...
1596115000 >> Recovery done, continuing...
1596240000 >> Requesting for the AHB bus...
1597115000 >> AHB granted, starting recovery...
1616315000 >> Recovery done, continuing...
1616440000 >> Requesting for the AHB bus...
1617315000 >> AHB granted, starting recovery...
1636515000 >> Recovery done, continuing...
1636640000 >> Requesting for the AHB bus...
1637515000 >> AHB granted, starting recovery...
1656715000 >> Recovery done, continuing...
1656840000 >> Requesting for the AHB bus...
1657715000 >> AHB granted, starting recovery...
1676915000 >> Recovery done, continuing...
1677040000 >> Requesting for the AHB bus...
1677915000 >> AHB granted, starting recovery...
1697115000 >> Recovery done, continuing...
1697240000 >> Requesting for the AHB bus...
1698115000 >> AHB granted, starting recovery...
1717315000 >> Recovery done, continuing...
1717440000 >> Requesting for the AHB bus...
1718315000 >> AHB granted, starting recovery...
1737515000 >> Recovery done, continuing...
1737640000 >> Requesting for the AHB bus...
1738515000 >> AHB granted, starting recovery...
1757715000 >> Recovery done, continuing...
1757840000 >> Requesting for the AHB bus...
1758715000 >> AHB granted, starting recovery...
1777915000 >> Recovery done, continuing...
1778040000 >> Requesting for the AHB bus...
1778915000 >> AHB granted, starting recovery...
1798115000 >> Recovery done, continuing...
1798240000 >> Requesting for the AHB bus...
1799115000 >> AHB granted, starting recovery...
1818315000 >> Recovery done, continuing...
1818440000 >> Requesting for the AHB bus...
1819315000 >> AHB granted, starting recovery...
1838515000 >> Recovery done, continuing...
1838640000 >> Requesting for the AHB bus...
1839515000 >> AHB granted, starting recovery...
1858715000 >> Recovery done, continuing...
1858840000 >> Requesting for the AHB bus...
1859715000 >> AHB granted, starting recovery...
1878915000 >> Recovery done, continuing...
1879040000 >> Requesting for the AHB bus...
1879915000 >> AHB granted, starting recovery...
1899115000 >> Recovery done, continuing...
1899240000 >> Requesting for the AHB bus...
1900115000 >> AHB granted, starting recovery...
1919315000 >> Recovery done, continuing...
1919440000 >> Requesting for the AHB bus...
1920315000 >> AHB granted, starting recovery...
1939515000 >> Recovery done, continuing...
1939640000 >> Requesting for the AHB bus...
1940565000 >> AHB granted, starting recovery...
1959765000 >> Recovery done, continuing...
1959890000 >> Requesting for the AHB bus...
1960765000 >> AHB granted, starting recovery...
1979965000 >> Recovery done, continuing...
1980090000 >> Requesting for the AHB bus...
1980965000 >> AHB granted, starting recovery...
2000165000 >> Recovery done, continuing...
2000290000 >> Requesting for the AHB bus...
2001165000 >> AHB granted, starting recovery...
2020365000 >> Recovery done, continuing...
2020490000 >> Requesting for the AHB bus...
2021365000 >> AHB granted, starting recovery...
2040565000 >> Recovery done, continuing...
2040690000 >> Requesting for the AHB bus...
2041565000 >> AHB granted, starting recovery...
2060765000 >> Recovery done, continuing...
2060890000 >> Requesting for the AHB bus...
2061765000 >> AHB granted, starting recovery...
2080965000 >> Recovery done, continuing...
2081090000 >> Requesting for the AHB bus...
2081965000 >> AHB granted, starting recovery...
2101165000 >> Recovery done, continuing...
2101290000 >> Requesting for the AHB bus...
2102165000 >> AHB granted, starting recovery...
2121365000 >> Recovery done, continuing...
2121490000 >> Requesting for the AHB bus...
2122365000 >> AHB granted, starting recovery...
2141565000 >> Recovery done, continuing...
2141690000 >> Requesting for the AHB bus...
2142565000 >> AHB granted, starting recovery...
2161765000 >> Recovery done, continuing...
2161890000 >> Requesting for the AHB bus...
2162765000 >> AHB granted, starting recovery...
2181965000 >> Recovery done, continuing...
2182090000 >> Requesting for the AHB bus...
2182965000 >> AHB granted, starting recovery...
2202165000 >> Recovery done, continuing...
2202290000 >> Requesting for the AHB bus...
2203165000 >> AHB granted, starting recovery...
2222365000 >> Recovery done, continuing...
2222490000 >> Requesting for the AHB bus...
2223365000 >> AHB granted, starting recovery...
2242565000 >> Recovery done, continuing...
2242690000 >> Requesting for the AHB bus...
2243565000 >> AHB granted, starting recovery...
2262765000 >> Recovery done, continuing...
2262890000 >> Requesting for the AHB bus...
2263765000 >> AHB granted, starting recovery...
2282965000 >> Recovery done, continuing...
2283090000 >> Requesting for the AHB bus...
2283965000 >> AHB granted, starting recovery...
2303165000 >> Recovery done, continuing...
2303290000 >> Requesting for the AHB bus...
2304165000 >> AHB granted, starting recovery...
2323365000 >> Recovery done, continuing...
2323490000 >> Requesting for the AHB bus...
2324365000 >> AHB granted, starting recovery...
2343565000 >> Recovery done, continuing...
2343690000 >> Requesting for the AHB bus...
2344565000 >> AHB granted, starting recovery...
2363765000 >> Recovery done, continuing...
2363890000 >> Requesting for the AHB bus...
2364765000 >> AHB granted, starting recovery...
2383965000 >> Recovery done, continuing...
2384090000 >> Requesting for the AHB bus...
2384965000 >> AHB granted, starting recovery...
2404165000 >> Recovery done, continuing...
2404290000 >> Requesting for the AHB bus...
2405165000 >> AHB granted, starting recovery...
2424365000 >> Recovery done, continuing...
2424490000 >> Requesting for the AHB bus...
2425365000 >> AHB granted, starting recovery...
2444565000 >> Recovery done, continuing...
2444690000 >> Requesting for the AHB bus...
2445565000 >> AHB granted, starting recovery...
2464765000 >> Recovery done, continuing...
2464890000 >> Requesting for the AHB bus...
2465765000 >> AHB granted, starting recovery...
2484965000 >> Recovery done, continuing...
2485090000 >> Requesting for the AHB bus...
2485965000 >> AHB granted, starting recovery...
2505165000 >> Recovery done, continuing...
2505290000 >> Requesting for the AHB bus...
2506165000 >> AHB granted, starting recovery...
2525365000 >> Recovery done, continuing...
2525490000 >> Requesting for the AHB bus...
2526365000 >> AHB granted, starting recovery...
2545565000 >> Recovery done, continuing...
2545690000 >> Requesting for the AHB bus...
2546565000 >> AHB granted, starting recovery...
2565765000 >> Recovery done, continuing...
2565890000 >> Requesting for the AHB bus...
2566765000 >> AHB granted, starting recovery...
2585965000 >> Recovery done, continuing...
2586090000 >> Requesting for the AHB bus...
2586965000 >> AHB granted, starting recovery...
2606165000 >> Recovery done, continuing...
2606290000 >> Requesting for the AHB bus...
2607165000 >> AHB granted, starting recovery...
2626365000 >> Recovery done, continuing...
2626490000 >> Requesting for the AHB bus...
2627365000 >> AHB granted, starting recovery...
2646565000 >> Recovery done, continuing...
2646690000 >> Requesting for the AHB bus...
2647565000 >> AHB granted, starting recovery...
2666765000 >> Recovery done, continuing...
2666890000 >> Requesting for the AHB bus...
2667765000 >> AHB granted, starting recovery...
2686965000 >> Recovery done, continuing...
2687090000 >> Requesting for the AHB bus...
2687965000 >> AHB granted, starting recovery...
2707165000 >> Recovery done, continuing...
2707290000 >> Requesting for the AHB bus...
2708165000 >> AHB granted, starting recovery...
2727365000 >> Recovery done, continuing...
2727490000 >> Requesting for the AHB bus...
2728365000 >> AHB granted, starting recovery...
2737215000 >> time limit reached...
/testbench/cpu/l3/u0/leon3x0/vhdl/p0/iu/r.w.wreg:1
/testbench/cpu/l3/u0/leon3x0/vhdl/p0/iu/r.m.irqen:1
/testbench/cpu/l3/u0/leon3x0/vhdl/p0/iu/r.m.icc:0000
/testbench/cpu/l3/u0/leon3x0/vhdl/p0/iu/r.a.ticc:0
/testbench/cpu/l3/u0/leon3x0/vhdl/p0/iu/r.a.step:0
/testbench/cpu/l3/u0/leon3x0/vhdl/p0/iu/r.m.irqen2:1
/testbench/cpu/l3/u0/leon3x0/vhdl/p0/iu/r.d.pc:01000000000000000000000111111000
/testbench/cpu/l3/u0/leon3x0/vhdl/p0/iu/r.d.rexpl:{{00000000000000000000000000000000} {00} {0} 0 0 {0000000000000000000} 0 0 0 0 0 0}
/testbench/cpu/l3/u0/leon3x0/vhdl/p0/iu/r.d.mexc:0
/testbench/cpu/l3/u0/leon3x0/vhdl/p0/iu/r.a.aw:0
/testbench/cpu/l3/u0/leon3x0/vhdl/p0/iu/r.e.ctrl:{{01000000000000000000000111110100} {11000010000001111010000001000100} {00} {10000001} {000000} 0 0 1 0 0 1 1 0 0}
/testbench/cpu/l3/u0/leon3x0/vhdl/p0/iu/r.a.divstart:0
/testbench/cpu/l3/u0/leon3x0/vhdl/p0/iu/r.e.shleft:0
/testbench/cpu/l3/u0/leon3x0/vhdl/p0/iu/r.a.bp:0
/testbench/cpu/l3/u0/leon3x0/vhdl/p0/iu/r.w.twcwp:000
/testbench/cpu/l3/u0/leon3x0/vhdl/p0/iu/r.a.jmpl:0
/testbench/cpu/l3/u0/leon3x0/vhdl/p0/iu/r.m.casa:0
/testbench/cpu/l3/u0/leon3x0/vhdl/p0/iu/r.m.werr:0
/testbench/cpu/l3/u0/leon3x0/vhdl/p0/iu/r.e.su:1
/testbench/cpu/l3/u0/leon3x0/vhdl/p0/iu/r.e.et:1
/testbench/cpu/l3/u0/leon3x0/vhdl/p0/iu/r.a.ldcheck1:1
/testbench/cpu/l3/u0/leon3x0/vhdl/p0/iu/r.d.stwin:000
/testbench/cpu/l3/u0/leon3x0/vhdl/p0/iu/r.a.ldcheck2:1
/testbench/cpu/l3/u0/leon3x0/vhdl/p0/iu/r.x.intack:0
/testbench/cpu/l3/u0/leon3x0/vhdl/p0/iu/r.m.ctrl:{{01000000000000000000000111110000} {11000010001001111010000001000100} {01} {10000001} {000001} 1 0 0 0 0 0 0 0 0}
/testbench/cpu/l3/u0/leon3x0/vhdl/p0/iu/r.a.cwp:101
/testbench/cpu/l3/u0/leon3x0/vhdl/p0/iu/r.e.sari:0
/testbench/cpu/l3/u0/leon3x0/vhdl/p0/iu/r.d.paw:0
/testbench/cpu/l3/u0/leon3x0/vhdl/p0/iu/r.d.aw:0
/testbench/cpu/l3/u0/leon3x0/vhdl/p0/iu/r.d.awp:000
/testbench/cpu/l3/u0/leon3x0/vhdl/p0/iu/r.x.ctrl:{{01000000000000000000000111110000} {11000010001001111010000001000100} {00} {10000001} {000000} 0 0 0 0 0 0 1 0 0}
/testbench/cpu/l3/u0/leon3x0/vhdl/p0/iu/r.m.rexnalign:0
/testbench/cpu/l3/u0/leon3x0/vhdl/p0/iu/r.m.su:1
/testbench/cpu/l3/u0/leon3x0/vhdl/p0/iu/r.m.wcwp:0
/testbench/cpu/l3/u0/leon3x0/vhdl/p0/iu/r.d.divrdy:0
/testbench/cpu/l3/u0/leon3x0/vhdl/p0/iu/r.e.cwp:101
/testbench/cpu/l3/u0/leon3x0/vhdl/p0/iu/r.w.except:0
/testbench/cpu/l3/u0/leon3x0/vhdl/p0/iu/r.x.nerror:0
/testbench/cpu/l3/u0/leon3x0/vhdl/p0/iu/r.a.bpimiss:0
/testbench/cpu/l3/u0/leon3x0/vhdl/p0/iu/r.a.nobp:0
/testbench/cpu/l3/u0/leon3x0/vhdl/p0/iu/r.d.rexcnt:0
/testbench/cpu/l3/u0/leon3x0/vhdl/p0/iu/r.w.s:{{101} {0000} {00000000} {01000000000000000000} {00000010} {0000} 0 0 1 1 1 {00000000000000000000000000000000} {UUUUUUUUUUUUUUUUUUUUUUUUUUUUUUUU} 1 0 0 1 1 1 0 0 {000} {000} {111}}
/testbench/cpu/l3/u0/leon3x0/vhdl/p0/iu/r.d.pv:1
/testbench/cpu/l3/u0/leon3x0/vhdl/p0/iu/r.a.ldchkra:1
/testbench/cpu/l3/u0/leon3x0/vhdl/p0/iu/r.a.rfa1:10000001
/testbench/cpu/l3/u0/leon3x0/vhdl/p0/iu/r.a.rfa2:10000000
/testbench/cpu/l3/u0/leon3x0/vhdl/p0/iu/r.a.imm:00000000000000000000000000000000
/testbench/cpu/l3/u0/leon3x0/vhdl/p0/iu/r.w.wa:10000001
/testbench/cpu/l3/u0/leon3x0/vhdl/p0/iu/r.m.casaz:0
/testbench/cpu/l3/u0/leon3x0/vhdl/p0/iu/r.x.dci:{0 1 0 0 0 0 {10} {00001011}}
/testbench/cpu/l3/u0/leon3x0/vhdl/p0/iu/r.x.mac:0
/testbench/cpu/l3/u0/leon3x0/vhdl/p0/iu/r.m.divz:0
/testbench/cpu/l3/u0/leon3x0/vhdl/p0/iu/r.d.inst:{{11000010000010000100000000000000}}
/testbench/cpu/l3/u0/leon3x0/vhdl/p0/iu/r.e.rfe1:1
/testbench/cpu/l3/u0/leon3x0/vhdl/p0/iu/r.a.wovf:0
/testbench/cpu/l3/u0/leon3x0/vhdl/p0/iu/r.e.rfe2:0
/testbench/cpu/l3/u0/leon3x0/vhdl/p0/iu/r.e.op1:01000000000011111111111010011000
/testbench/cpu/l3/u0/leon3x0/vhdl/p0/iu/r.m.nalign:1
/testbench/cpu/l3/u0/leon3x0/vhdl/p0/iu/r.e.op2:00000000000000000000000001000100
/testbench/cpu/l3/u0/leon3x0/vhdl/p0/iu/r.d.rexen:0
/testbench/cpu/l3/u0/leon3x0/vhdl/p0/iu/r.a.ctrl:{{01000000000000000000000111111000} {11000010000010000100000000000000} {00} {10000001} {000000} 0 1 0 0 0 1 0 0 0}
/testbench/cpu/l3/u0/leon3x0/vhdl/p0/iu/r.x.ipend:0
/testbench/cpu/l3/u0/leon3x0/vhdl/p0/iu/r.e.ldbp1:0
/testbench/cpu/l3/u0/leon3x0/vhdl/p0/iu/r.e.aluadd:1
/testbench/cpu/l3/u0/leon3x0/vhdl/p0/iu/r.d.set:0
/testbench/cpu/l3/u0/leon3x0/vhdl/p0/iu/r.d.inull:0
/testbench/cpu/l3/u0/leon3x0/vhdl/p0/iu/r.e.ldbp2:0
/testbench/cpu/l3/u0/leon3x0/vhdl/p0/iu/r.d.cnt:00
/testbench/cpu/l3/u0/leon3x0/vhdl/p0/iu/r.a.su:1
/testbench/cpu/l3/u0/leon3x0/vhdl/p0/iu/r.a.et:1
/testbench/cpu/l3/u0/leon3x0/vhdl/p0/iu/r.e.mul:0
/testbench/cpu/l3/u0/leon3x0/vhdl/p0/iu/r.e.alusel:00
/testbench/cpu/l3/u0/leon3x0/vhdl/p0/iu/r.e.aw:U
/testbench/cpu/l3/u0/leon3x0/vhdl/p0/iu/r.e.mac:0
/testbench/cpu/l3/u0/leon3x0/vhdl/p0/iu/r.a.decill:0
/testbench/cpu/l3/u0/leon3x0/vhdl/p0/iu/r.x.icc:0000
/testbench/cpu/l3/u0/leon3x0/vhdl/p0/iu/r.x.result:01000000000011111111111011011100
/testbench/cpu/l3/u0/leon3x0/vhdl/p0/iu/r.e.bp:0
/testbench/cpu/l3/u0/leon3x0/vhdl/p0/iu/r.a.rs1:00001
/testbench/cpu/l3/u0/leon3x0/vhdl/p0/iu/r.e.jmpl:0
/testbench/cpu/l3/u0/leon3x0/vhdl/p0/iu/r.a.rsel1:001
/testbench/cpu/l3/u0/leon3x0/vhdl/p0/iu/r.x.y:00000000000000000000000000000000
/testbench/cpu/l3/u0/leon3x0/vhdl/p0/iu/r.a.rsel2:101
/testbench/cpu/l3/u0/leon3x0/vhdl/p0/iu/r.a.awp:000
/testbench/cpu/l3/u0/leon3x0/vhdl/p0/iu/r.a.paw:0
/testbench/cpu/l3/u0/leon3x0/vhdl/p0/iu/r.x.data:{{01000000000000000001001001011010}}
/testbench/cpu/l3/u0/leon3x0/vhdl/p0/iu/r.m.mul:0
/testbench/cpu/l3/u0/leon3x0/vhdl/p0/iu/r.e.rd:UUUUU
/testbench/cpu/l3/u0/leon3x0/vhdl/p0/iu/r.e.invop2:0
/testbench/cpu/l3/u0/leon3x0/vhdl/p0/iu/r.m.wawp:0
/testbench/cpu/l3/u0/leon3x0/vhdl/p0/iu/r.d.cwpmax:111
/testbench/cpu/l3/u0/leon3x0/vhdl/p0/iu/r.f.branch:0
/testbench/cpu/l3/u0/leon3x0/vhdl/p0/iu/r.d.pcheld:1
/testbench/cpu/l3/u0/leon3x0/vhdl/p0/iu/r.m.dci:{0 0 0 0 0 0 {10} {00001011}}
/testbench/cpu/l3/u0/leon3x0/vhdl/p0/iu/r.e.paw:U
/testbench/cpu/l3/u0/leon3x0/vhdl/p0/iu/r.e.awp:UUU
/testbench/cpu/l3/u0/leon3x0/vhdl/p0/iu/r.e.shcnt:00100
/testbench/cpu/l3/u0/leon3x0/vhdl/p0/iu/r.w.result:01000000000000000001001001011011
/testbench/cpu/l3/u0/leon3x0/vhdl/p0/iu/r.m.mac:0
/testbench/cpu/l3/u0/leon3x0/vhdl/p0/iu/r.m.y:00000000000000000000000000000000
/testbench/cpu/l3/u0/leon3x0/vhdl/p0/iu/r.d.cwp:101
/testbench/cpu/l3/u0/leon3x0/vhdl/p0/iu/r.x.laddr:00
/testbench/cpu/l3/u0/leon3x0/vhdl/p0/iu/r.e.mulstep:0
/testbench/cpu/l3/u0/leon3x0/vhdl/p0/iu/r.e.ymsb:0
/testbench/cpu/l3/u0/leon3x0/vhdl/p0/iu/r.d.rexbuf:00000000000000000000000000000000
/testbench/cpu/l3/u0/leon3x0/vhdl/p0/iu/r.x.npc:100
/testbench/cpu/l3/u0/leon3x0/vhdl/p0/iu/r.f.pc:01000000000000000000000111111100
/testbench/cpu/l3/u0/leon3x0/vhdl/p0/iu/r.d.annul:0
/testbench/cpu/l3/u0/leon3x0/vhdl/p0/iu/r.x.rstate:run
/testbench/cpu/l3/u0/leon3x0/vhdl/p0/iu/r.x.set:0
/testbench/cpu/l3/u0/leon3x0/vhdl/p0/iu/r.m.result:01000000000000000001001001011011
/testbench/cpu/l3/u0/leon3x0/vhdl/p0/iu/r.e.icc:UUUU
/testbench/cpu/l3/u0/leon3x0/vhdl/p0/iu/r.a.getpc:0
/testbench/cpu/l3/u0/leon3x0/vhdl/p0/iu/r.a.ldchkex:1
/testbench/cpu/l3/u0/leon3x0/vhdl/p0/iu/r.x.mexc:0
/testbench/cpu/l3/u0/leon3x0/vhdl/p0/iu/r.a.mulstart:0
/testbench/cpu/l3/u0/leon3x0/vhdl/p0/iu/r.d.rexpos:10
/testbench/cpu/l3/u0/leon3x0/vhdl/p0/iu/r.x.annul_all:0
/testbench/cpu/l3/u0/leon3x0/vhdl/p0/iu/r.e.aluop:000
/testbench/cpu/l3/u0/leon3x0/vhdl/p0/iu/r.x.debug:0
/testbench/cpu/l3/u0/leon3x0/vhdl/p0/iu/r.a.rfe1:0
/testbench/cpu/l3/u0/leon3x0/vhdl/p0/iu/r.d.step:0
/testbench/cpu/l3/u0/leon3x0/vhdl/p0/iu/r.a.rfe2:0
/testbench/cpu/l3/u0/leon3x0/vhdl/p0/iu/r.e.alucin:0
/testbench/cpu/l3/u0/leon3x0/vhdl/p0/iu/r.a.wunf:0
======================================
progstatus: -2
execerr: 69
latent: 1
time limit!
>>>>>>>>>>>>>>> 2737215000
======================================
