Test signal = /testbench/cpu/l3/u0/leon3x0/vhdl/p0/iu/r.d.pv
oldval = 1
pos1: 0 pos0: -1 posU: -1
newval = 0
Signal value: 1
oldval = 1
pos1: 0 pos0: -1 posU: -1
newval = 0
force in 1340257
584315000 >> iteration no: 0
994990000 >> iteration no: 1
1405665000 >> iteration no: 2
1816315000 >> iteration no: 3
1920390000 >> Requesting for the AHB bus...
1920865000 >> Requesting for the AHB bus...
1921365000 >> AHB granted, starting recovery...
1940565000 >> Recovery done, continuing...
1940915000 >> Requesting for the AHB bus...
1941215000 >> Requesting for the AHB bus...
1941715000 >> AHB granted, starting recovery...
1960915000 >> Recovery done, continuing...
1961265000 >> Requesting for the AHB bus...
1961565000 >> Requesting for the AHB bus...
1962065000 >> AHB granted, starting recovery...
1981265000 >> Recovery done, continuing...
1981615000 >> Requesting for the AHB bus...
1981915000 >> Requesting for the AHB bus...
1982415000 >> AHB granted, starting recovery...
2001615000 >> Recovery done, continuing...
2001965000 >> Requesting for the AHB bus...
2002265000 >> Requesting for the AHB bus...
2002765000 >> AHB granted, starting recovery...
2021965000 >> Recovery done, continuing...
2022315000 >> Requesting for the AHB bus...
2022615000 >> Requesting for the AHB bus...
2023115000 >> AHB granted, starting recovery...
2042315000 >> Recovery done, continuing...
2042665000 >> Requesting for the AHB bus...
2042965000 >> Requesting for the AHB bus...
2043465000 >> AHB granted, starting recovery...
2062665000 >> Recovery done, continuing...
2063015000 >> Requesting for the AHB bus...
2063315000 >> Requesting for the AHB bus...
2063815000 >> AHB granted, starting recovery...
2083015000 >> Recovery done, continuing...
2083365000 >> Requesting for the AHB bus...
2083665000 >> Requesting for the AHB bus...
2084165000 >> AHB granted, starting recovery...
2103365000 >> Recovery done, continuing...
2103715000 >> Requesting for the AHB bus...
2104015000 >> Requesting for the AHB bus...
2104515000 >> AHB granted, starting recovery...
2123715000 >> Recovery done, continuing...
2124065000 >> Requesting for the AHB bus...
2124365000 >> Requesting for the AHB bus...
2124865000 >> AHB granted, starting recovery...
2144065000 >> Recovery done, continuing...
2144415000 >> Requesting for the AHB bus...
2144890000 >> Requesting for the AHB bus...
2145390000 >> AHB granted, starting recovery...
2164590000 >> Recovery done, continuing...
2164940000 >> Requesting for the AHB bus...
2165240000 >> Requesting for the AHB bus...
2165740000 >> AHB granted, starting recovery...
2184940000 >> Recovery done, continuing...
2185290000 >> Requesting for the AHB bus...
2185590000 >> Requesting for the AHB bus...
2186090000 >> AHB granted, starting recovery...
2205290000 >> Recovery done, continuing...
2205640000 >> Requesting for the AHB bus...
2205940000 >> Requesting for the AHB bus...
2206440000 >> AHB granted, starting recovery...
2225640000 >> Recovery done, continuing...
2225990000 >> Requesting for the AHB bus...
2226290000 >> Requesting for the AHB bus...
2226790000 >> AHB granted, starting recovery...
2245990000 >> Recovery done, continuing...
2246340000 >> Requesting for the AHB bus...
2246640000 >> Requesting for the AHB bus...
2247140000 >> AHB granted, starting recovery...
2266340000 >> Recovery done, continuing...
2266690000 >> Requesting for the AHB bus...
2266990000 >> Requesting for the AHB bus...
2267490000 >> AHB granted, starting recovery...
2286690000 >> Recovery done, continuing...
2287040000 >> Requesting for the AHB bus...
2287340000 >> Requesting for the AHB bus...
2287840000 >> AHB granted, starting recovery...
2307040000 >> Recovery done, continuing...
2307390000 >> Requesting for the AHB bus...
2307690000 >> Requesting for the AHB bus...
2308190000 >> AHB granted, starting recovery...
2327390000 >> Recovery done, continuing...
2327740000 >> Requesting for the AHB bus...
2328040000 >> Requesting for the AHB bus...
2328540000 >> AHB granted, starting recovery...
2347740000 >> Recovery done, continuing...
2348090000 >> Requesting for the AHB bus...
2348390000 >> Requesting for the AHB bus...
2348890000 >> AHB granted, starting recovery...
2368090000 >> Recovery done, continuing...
2368440000 >> Requesting for the AHB bus...
2368915000 >> Requesting for the AHB bus...
2369415000 >> AHB granted, starting recovery...
2388615000 >> Recovery done, continuing...
2388965000 >> Requesting for the AHB bus...
2389265000 >> Requesting for the AHB bus...
2389765000 >> AHB granted, starting recovery...
2408965000 >> Recovery done, continuing...
2409315000 >> Requesting for the AHB bus...
2409615000 >> Requesting for the AHB bus...
2410115000 >> AHB granted, starting recovery...
2429315000 >> Recovery done, continuing...
2429665000 >> Requesting for the AHB bus...
2429965000 >> Requesting for the AHB bus...
2430465000 >> AHB granted, starting recovery...
2449665000 >> Recovery done, continuing...
2450015000 >> Requesting for the AHB bus...
2450315000 >> Requesting for the AHB bus...
2450815000 >> AHB granted, starting recovery...
2470015000 >> Recovery done, continuing...
2470365000 >> Requesting for the AHB bus...
2470665000 >> Requesting for the AHB bus...
2471165000 >> AHB granted, starting recovery...
2490365000 >> Recovery done, continuing...
2490715000 >> Requesting for the AHB bus...
2491015000 >> Requesting for the AHB bus...
2491515000 >> AHB granted, starting recovery...
2510715000 >> Recovery done, continuing...
2511065000 >> Requesting for the AHB bus...
2511365000 >> Requesting for the AHB bus...
2511865000 >> AHB granted, starting recovery...
2531065000 >> Recovery done, continuing...
2531415000 >> Requesting for the AHB bus...
2531715000 >> Requesting for the AHB bus...
2532215000 >> AHB granted, starting recovery...
2551415000 >> Recovery done, continuing...
2551765000 >> Requesting for the AHB bus...
2552065000 >> Requesting for the AHB bus...
2552565000 >> AHB granted, starting recovery...
2571765000 >> Recovery done, continuing...
2572115000 >> Requesting for the AHB bus...
2572415000 >> Requesting for the AHB bus...
2572915000 >> AHB granted, starting recovery...
2592115000 >> Recovery done, continuing...
2592465000 >> Requesting for the AHB bus...
2592940000 >> Requesting for the AHB bus...
2593440000 >> AHB granted, starting recovery...
2612640000 >> Recovery done, continuing...
2612990000 >> Requesting for the AHB bus...
2613290000 >> Requesting for the AHB bus...
2613790000 >> AHB granted, starting recovery...
2632990000 >> Recovery done, continuing...
2633340000 >> Requesting for the AHB bus...
2633640000 >> Requesting for the AHB bus...
2634140000 >> AHB granted, starting recovery...
2653340000 >> Recovery done, continuing...
2653690000 >> Requesting for the AHB bus...
2653990000 >> Requesting for the AHB bus...
2654490000 >> AHB granted, starting recovery...
2673690000 >> Recovery done, continuing...
2674040000 >> Requesting for the AHB bus...
2674340000 >> Requesting for the AHB bus...
2674840000 >> AHB granted, starting recovery...
2694040000 >> Recovery done, continuing...
2694390000 >> Requesting for the AHB bus...
2694690000 >> Requesting for the AHB bus...
2695190000 >> AHB granted, starting recovery...
2714390000 >> Recovery done, continuing...
2714740000 >> Requesting for the AHB bus...
2715040000 >> Requesting for the AHB bus...
2715540000 >> AHB granted, starting recovery...
2734740000 >> Recovery done, continuing...
2735090000 >> Requesting for the AHB bus...
2735390000 >> Requesting for the AHB bus...
2735890000 >> AHB granted, starting recovery...
2737215000 >> time limit reached...
/testbench/cpu/l3/u0/leon3x0/vhdl/p0/iu/r.w.wreg:1
/testbench/cpu/l3/u0/leon3x0/vhdl/p0/iu/r.m.irqen:1
/testbench/cpu/l3/u0/leon3x0/vhdl/p0/iu/r.m.icc:0000
/testbench/cpu/l3/u0/leon3x0/vhdl/p0/iu/r.a.ticc:0
/testbench/cpu/l3/u0/leon3x0/vhdl/p0/iu/r.a.step:0
/testbench/cpu/l3/u0/leon3x0/vhdl/p0/iu/r.m.irqen2:1
/testbench/cpu/l3/u0/leon3x0/vhdl/p0/iu/r.d.pc:01000000000000000000000111101100
/testbench/cpu/l3/u0/leon3x0/vhdl/p0/iu/r.d.rexpl:{{00000000000000000000000000000000} {00} {0} 0 0 {0000000000000000000} 0 0 0 0 0 0}
/testbench/cpu/l3/u0/leon3x0/vhdl/p0/iu/r.d.mexc:0
/testbench/cpu/l3/u0/leon3x0/vhdl/p0/iu/r.a.aw:0
/testbench/cpu/l3/u0/leon3x0/vhdl/p0/iu/r.e.ctrl:{{01000000000000000000000111101000} {11000010000001111010000001000100} {00} {10000001} {000000} 0 0 1 0 0 1 0 0 0}
/testbench/cpu/l3/u0/leon3x0/vhdl/p0/iu/r.a.divstart:0
/testbench/cpu/l3/u0/leon3x0/vhdl/p0/iu/r.e.shleft:0
/testbench/cpu/l3/u0/leon3x0/vhdl/p0/iu/r.a.bp:0
/testbench/cpu/l3/u0/leon3x0/vhdl/p0/iu/r.w.twcwp:000
/testbench/cpu/l3/u0/leon3x0/vhdl/p0/iu/r.a.jmpl:0
/testbench/cpu/l3/u0/leon3x0/vhdl/p0/iu/r.m.casa:0
/testbench/cpu/l3/u0/leon3x0/vhdl/p0/iu/r.m.werr:0
/testbench/cpu/l3/u0/leon3x0/vhdl/p0/iu/r.e.su:1
/testbench/cpu/l3/u0/leon3x0/vhdl/p0/iu/r.e.et:1
/testbench/cpu/l3/u0/leon3x0/vhdl/p0/iu/r.a.ldcheck1:1
/testbench/cpu/l3/u0/leon3x0/vhdl/p0/iu/r.d.stwin:000
/testbench/cpu/l3/u0/leon3x0/vhdl/p0/iu/r.a.ldcheck2:0
/testbench/cpu/l3/u0/leon3x0/vhdl/p0/iu/r.x.intack:0
/testbench/cpu/l3/u0/leon3x0/vhdl/p0/iu/r.m.ctrl:{{01000000000000000000000111100100} {11000010001001111011111111111100} {01} {10000001} {000000} 0 0 0 0 0 0 0 0 0}
/testbench/cpu/l3/u0/leon3x0/vhdl/p0/iu/r.a.cwp:101
/testbench/cpu/l3/u0/leon3x0/vhdl/p0/iu/r.e.sari:0
/testbench/cpu/l3/u0/leon3x0/vhdl/p0/iu/r.d.paw:0
/testbench/cpu/l3/u0/leon3x0/vhdl/p0/iu/r.d.aw:0
/testbench/cpu/l3/u0/leon3x0/vhdl/p0/iu/r.d.awp:000
/testbench/cpu/l3/u0/leon3x0/vhdl/p0/iu/r.x.ctrl:{{01000000000000000000000111100100} {11000010001001111011111111111100} {00} {10000001} {000000} 0 0 0 0 0 0 1 0 0}
/testbench/cpu/l3/u0/leon3x0/vhdl/p0/iu/r.m.rexnalign:0
/testbench/cpu/l3/u0/leon3x0/vhdl/p0/iu/r.m.su:1
/testbench/cpu/l3/u0/leon3x0/vhdl/p0/iu/r.m.wcwp:0
/testbench/cpu/l3/u0/leon3x0/vhdl/p0/iu/r.d.divrdy:0
/testbench/cpu/l3/u0/leon3x0/vhdl/p0/iu/r.e.cwp:101
/testbench/cpu/l3/u0/leon3x0/vhdl/p0/iu/r.w.except:0
/testbench/cpu/l3/u0/leon3x0/vhdl/p0/iu/r.x.nerror:0
/testbench/cpu/l3/u0/leon3x0/vhdl/p0/iu/r.a.bpimiss:0
/testbench/cpu/l3/u0/leon3x0/vhdl/p0/iu/r.a.nobp:0
/testbench/cpu/l3/u0/leon3x0/vhdl/p0/iu/r.d.rexcnt:0
/testbench/cpu/l3/u0/leon3x0/vhdl/p0/iu/r.w.s:{{101} {0000} {00000000} {01000000000000000000} {00000010} {0000} 0 0 1 1 1 {00000000000000000000000000000000} {UUUUUUUUUUUUUUUUUUUUUUUUUUUUUUUU} 1 0 0 1 1 1 0 0 {000} {000} {111}}
/testbench/cpu/l3/u0/leon3x0/vhdl/p0/iu/r.d.pv:1
/testbench/cpu/l3/u0/leon3x0/vhdl/p0/iu/r.a.ldchkra:1
/testbench/cpu/l3/u0/leon3x0/vhdl/p0/iu/r.a.rfa1:10000001
/testbench/cpu/l3/u0/leon3x0/vhdl/p0/iu/r.a.rfa2:10000001
/testbench/cpu/l3/u0/leon3x0/vhdl/p0/iu/r.a.imm:00000000000000000000000000000001
/testbench/cpu/l3/u0/leon3x0/vhdl/p0/iu/r.w.wa:10000001
/testbench/cpu/l3/u0/leon3x0/vhdl/p0/iu/r.m.casaz:0
/testbench/cpu/l3/u0/leon3x0/vhdl/p0/iu/r.x.dci:{0 1 0 0 0 0 {10} {00001011}}
/testbench/cpu/l3/u0/leon3x0/vhdl/p0/iu/r.x.mac:0
/testbench/cpu/l3/u0/leon3x0/vhdl/p0/iu/r.m.divz:0
/testbench/cpu/l3/u0/leon3x0/vhdl/p0/iu/r.d.inst:{{10000010000000000110000000000001}}
/testbench/cpu/l3/u0/leon3x0/vhdl/p0/iu/r.e.rfe1:1
/testbench/cpu/l3/u0/leon3x0/vhdl/p0/iu/r.a.wovf:0
/testbench/cpu/l3/u0/leon3x0/vhdl/p0/iu/r.e.rfe2:0
/testbench/cpu/l3/u0/leon3x0/vhdl/p0/iu/r.e.op1:01000000000011111111111010011000
/testbench/cpu/l3/u0/leon3x0/vhdl/p0/iu/r.m.nalign:1
/testbench/cpu/l3/u0/leon3x0/vhdl/p0/iu/r.e.op2:00000000000000000000000001000100
/testbench/cpu/l3/u0/leon3x0/vhdl/p0/iu/r.d.rexen:0
/testbench/cpu/l3/u0/leon3x0/vhdl/p0/iu/r.a.ctrl:{{01000000000000000000000111101100} {10000010000000000110000000000001} {00} {10000001} {000000} 0 1 0 0 0 0 0 0 0}
/testbench/cpu/l3/u0/leon3x0/vhdl/p0/iu/r.x.ipend:0
/testbench/cpu/l3/u0/leon3x0/vhdl/p0/iu/r.e.ldbp1:0
/testbench/cpu/l3/u0/leon3x0/vhdl/p0/iu/r.e.aluadd:1
/testbench/cpu/l3/u0/leon3x0/vhdl/p0/iu/r.d.set:0
/testbench/cpu/l3/u0/leon3x0/vhdl/p0/iu/r.d.inull:0
/testbench/cpu/l3/u0/leon3x0/vhdl/p0/iu/r.e.ldbp2:0
/testbench/cpu/l3/u0/leon3x0/vhdl/p0/iu/r.d.cnt:00
/testbench/cpu/l3/u0/leon3x0/vhdl/p0/iu/r.a.su:1
/testbench/cpu/l3/u0/leon3x0/vhdl/p0/iu/r.a.et:1
/testbench/cpu/l3/u0/leon3x0/vhdl/p0/iu/r.e.mul:0
/testbench/cpu/l3/u0/leon3x0/vhdl/p0/iu/r.e.alusel:00
/testbench/cpu/l3/u0/leon3x0/vhdl/p0/iu/r.e.aw:U
/testbench/cpu/l3/u0/leon3x0/vhdl/p0/iu/r.e.mac:0
/testbench/cpu/l3/u0/leon3x0/vhdl/p0/iu/r.a.decill:0
/testbench/cpu/l3/u0/leon3x0/vhdl/p0/iu/r.x.icc:0000
/testbench/cpu/l3/u0/leon3x0/vhdl/p0/iu/r.x.result:01000000000011111111111010010100
/testbench/cpu/l3/u0/leon3x0/vhdl/p0/iu/r.e.bp:0
/testbench/cpu/l3/u0/leon3x0/vhdl/p0/iu/r.a.rs1:00001
/testbench/cpu/l3/u0/leon3x0/vhdl/p0/iu/r.e.jmpl:0
/testbench/cpu/l3/u0/leon3x0/vhdl/p0/iu/r.a.rsel1:001
/testbench/cpu/l3/u0/leon3x0/vhdl/p0/iu/r.x.y:00000000000000000000000000000000
/testbench/cpu/l3/u0/leon3x0/vhdl/p0/iu/r.a.rsel2:100
/testbench/cpu/l3/u0/leon3x0/vhdl/p0/iu/r.a.awp:000
/testbench/cpu/l3/u0/leon3x0/vhdl/p0/iu/r.a.paw:0
/testbench/cpu/l3/u0/leon3x0/vhdl/p0/iu/r.x.data:{{00000000000000000000000001101101}}
/testbench/cpu/l3/u0/leon3x0/vhdl/p0/iu/r.m.mul:0
/testbench/cpu/l3/u0/leon3x0/vhdl/p0/iu/r.e.rd:UUUUU
/testbench/cpu/l3/u0/leon3x0/vhdl/p0/iu/r.e.invop2:0
/testbench/cpu/l3/u0/leon3x0/vhdl/p0/iu/r.m.wawp:0
/testbench/cpu/l3/u0/leon3x0/vhdl/p0/iu/r.d.cwpmax:111
/testbench/cpu/l3/u0/leon3x0/vhdl/p0/iu/r.f.branch:0
/testbench/cpu/l3/u0/leon3x0/vhdl/p0/iu/r.d.pcheld:1
/testbench/cpu/l3/u0/leon3x0/vhdl/p0/iu/r.m.dci:{0 0 0 1 0 0 {10} {00001011}}
/testbench/cpu/l3/u0/leon3x0/vhdl/p0/iu/r.e.paw:U
/testbench/cpu/l3/u0/leon3x0/vhdl/p0/iu/r.e.awp:UUU
/testbench/cpu/l3/u0/leon3x0/vhdl/p0/iu/r.e.shcnt:00100
/testbench/cpu/l3/u0/leon3x0/vhdl/p0/iu/r.w.result:00000000000000000000000001000001
/testbench/cpu/l3/u0/leon3x0/vhdl/p0/iu/r.m.mac:0
/testbench/cpu/l3/u0/leon3x0/vhdl/p0/iu/r.m.y:00000000000000000000000000000000
/testbench/cpu/l3/u0/leon3x0/vhdl/p0/iu/r.d.cwp:101
/testbench/cpu/l3/u0/leon3x0/vhdl/p0/iu/r.x.laddr:00
/testbench/cpu/l3/u0/leon3x0/vhdl/p0/iu/r.e.mulstep:0
/testbench/cpu/l3/u0/leon3x0/vhdl/p0/iu/r.e.ymsb:0
/testbench/cpu/l3/u0/leon3x0/vhdl/p0/iu/r.d.rexbuf:00000000000000000000000000000000
/testbench/cpu/l3/u0/leon3x0/vhdl/p0/iu/r.x.npc:100
/testbench/cpu/l3/u0/leon3x0/vhdl/p0/iu/r.f.pc:01000000000000000000000111110000
/testbench/cpu/l3/u0/leon3x0/vhdl/p0/iu/r.d.annul:0
/testbench/cpu/l3/u0/leon3x0/vhdl/p0/iu/r.x.rstate:run
/testbench/cpu/l3/u0/leon3x0/vhdl/p0/iu/r.x.set:0
/testbench/cpu/l3/u0/leon3x0/vhdl/p0/iu/r.m.result:00000000000000000000000001000001
/testbench/cpu/l3/u0/leon3x0/vhdl/p0/iu/r.e.icc:UUUU
/testbench/cpu/l3/u0/leon3x0/vhdl/p0/iu/r.a.getpc:0
/testbench/cpu/l3/u0/leon3x0/vhdl/p0/iu/r.a.ldchkex:1
/testbench/cpu/l3/u0/leon3x0/vhdl/p0/iu/r.x.mexc:0
/testbench/cpu/l3/u0/leon3x0/vhdl/p0/iu/r.a.mulstart:0
/testbench/cpu/l3/u0/leon3x0/vhdl/p0/iu/r.d.rexpos:10
/testbench/cpu/l3/u0/leon3x0/vhdl/p0/iu/r.x.annul_all:0
/testbench/cpu/l3/u0/leon3x0/vhdl/p0/iu/r.e.aluop:000
/testbench/cpu/l3/u0/leon3x0/vhdl/p0/iu/r.x.debug:0
/testbench/cpu/l3/u0/leon3x0/vhdl/p0/iu/r.a.rfe1:0
/testbench/cpu/l3/u0/leon3x0/vhdl/p0/iu/r.d.step:0
/testbench/cpu/l3/u0/leon3x0/vhdl/p0/iu/r.a.rfe2:0
/testbench/cpu/l3/u0/leon3x0/vhdl/p0/iu/r.e.alucin:0
/testbench/cpu/l3/u0/leon3x0/vhdl/p0/iu/r.a.wunf:0
======================================
progstatus: -2
execerr: 41
latent: 1
time limit!
>>>>>>>>>>>>>>> 2737215000
======================================
