Test signal = /testbench/cpu/l3/u0/leon3x0/vhdl/p0/iu/r.m.wcwp
oldval = 0
pos1: -1 pos0: 0 posU: -1
newval = 1
Signal value: 0
oldval = 0
pos1: -1 pos0: 0 posU: -1
newval = 1
force in 977172
584315000 >> iteration no: 0
994990000 >> iteration no: 1
1405665000 >> iteration no: 2
1557290000 >> Requesting for the AHB bus...
1557740000 >> Requesting for the AHB bus...
1558190000 >> AHB granted, starting recovery...
1577390000 >> Recovery done, continuing...
1577440000 >> Requesting for the AHB bus...
1578090000 >> Requesting for the AHB bus...
1578490000 >> AHB granted, starting recovery...
1597690000 >> Recovery done, continuing...
1597740000 >> Requesting for the AHB bus...
1598390000 >> Requesting for the AHB bus...
1598790000 >> AHB granted, starting recovery...
1617990000 >> Recovery done, continuing...
1618040000 >> Requesting for the AHB bus...
1618690000 >> Requesting for the AHB bus...
1619090000 >> AHB granted, starting recovery...
1638290000 >> Recovery done, continuing...
1638340000 >> Requesting for the AHB bus...
1638990000 >> Requesting for the AHB bus...
1639390000 >> AHB granted, starting recovery...
1658590000 >> Recovery done, continuing...
1658640000 >> Requesting for the AHB bus...
1659290000 >> Requesting for the AHB bus...
1659690000 >> AHB granted, starting recovery...
1678890000 >> Recovery done, continuing...
1678940000 >> Requesting for the AHB bus...
1679590000 >> Requesting for the AHB bus...
1679990000 >> AHB granted, starting recovery...
1699190000 >> Recovery done, continuing...
1699240000 >> Requesting for the AHB bus...
1699890000 >> Requesting for the AHB bus...
1700290000 >> AHB granted, starting recovery...
1719490000 >> Recovery done, continuing...
1719540000 >> Requesting for the AHB bus...
1720190000 >> Requesting for the AHB bus...
1720590000 >> AHB granted, starting recovery...
1739790000 >> Recovery done, continuing...
1739840000 >> Requesting for the AHB bus...
1740490000 >> Requesting for the AHB bus...
1740890000 >> AHB granted, starting recovery...
1760090000 >> Recovery done, continuing...
1760140000 >> Requesting for the AHB bus...
1760965000 >> Requesting for the AHB bus...
1761365000 >> AHB granted, starting recovery...
1780565000 >> Recovery done, continuing...
1780615000 >> Requesting for the AHB bus...
1781265000 >> Requesting for the AHB bus...
1781665000 >> AHB granted, starting recovery...
1800865000 >> Recovery done, continuing...
1800915000 >> Requesting for the AHB bus...
1801565000 >> Requesting for the AHB bus...
1801965000 >> AHB granted, starting recovery...
1821165000 >> Recovery done, continuing...
1821215000 >> Requesting for the AHB bus...
1821865000 >> Requesting for the AHB bus...
1822265000 >> AHB granted, starting recovery...
1841465000 >> Recovery done, continuing...
1841515000 >> Requesting for the AHB bus...
1842165000 >> Requesting for the AHB bus...
1842565000 >> AHB granted, starting recovery...
1861765000 >> Recovery done, continuing...
1861815000 >> Requesting for the AHB bus...
1862465000 >> Requesting for the AHB bus...
1862865000 >> AHB granted, starting recovery...
1882065000 >> Recovery done, continuing...
1882115000 >> Requesting for the AHB bus...
1882765000 >> Requesting for the AHB bus...
1883165000 >> AHB granted, starting recovery...
1902365000 >> Recovery done, continuing...
1902415000 >> Requesting for the AHB bus...
1903065000 >> Requesting for the AHB bus...
1903465000 >> AHB granted, starting recovery...
1922665000 >> Recovery done, continuing...
1922715000 >> Requesting for the AHB bus...
1923365000 >> Requesting for the AHB bus...
1923765000 >> AHB granted, starting recovery...
1942965000 >> Recovery done, continuing...
1943015000 >> Requesting for the AHB bus...
1943665000 >> Requesting for the AHB bus...
1944065000 >> AHB granted, starting recovery...
1963265000 >> Recovery done, continuing...
1963315000 >> Requesting for the AHB bus...
1963965000 >> Requesting for the AHB bus...
1964365000 >> AHB granted, starting recovery...
1983565000 >> Recovery done, continuing...
1983615000 >> Requesting for the AHB bus...
1984265000 >> Requesting for the AHB bus...
1984665000 >> AHB granted, starting recovery...
2003865000 >> Recovery done, continuing...
2003915000 >> Requesting for the AHB bus...
2004565000 >> Requesting for the AHB bus...
2004965000 >> AHB granted, starting recovery...
2024165000 >> Recovery done, continuing...
2024215000 >> Requesting for the AHB bus...
2024865000 >> Requesting for the AHB bus...
2025265000 >> AHB granted, starting recovery...
2044465000 >> Recovery done, continuing...
2044515000 >> Requesting for the AHB bus...
2045165000 >> Requesting for the AHB bus...
2045565000 >> AHB granted, starting recovery...
2064765000 >> Recovery done, continuing...
2064815000 >> Requesting for the AHB bus...
2065465000 >> Requesting for the AHB bus...
2065865000 >> AHB granted, starting recovery...
2085065000 >> Recovery done, continuing...
2085115000 >> Requesting for the AHB bus...
2085765000 >> Requesting for the AHB bus...
2086165000 >> AHB granted, starting recovery...
2105365000 >> Recovery done, continuing...
2105415000 >> Requesting for the AHB bus...
2106065000 >> Requesting for the AHB bus...
2106465000 >> AHB granted, starting recovery...
2125665000 >> Recovery done, continuing...
2125715000 >> Requesting for the AHB bus...
2126365000 >> Requesting for the AHB bus...
2126765000 >> AHB granted, starting recovery...
2145965000 >> Recovery done, continuing...
2146015000 >> Requesting for the AHB bus...
2146665000 >> Requesting for the AHB bus...
2147065000 >> AHB granted, starting recovery...
2166265000 >> Recovery done, continuing...
2166315000 >> Requesting for the AHB bus...
2166965000 >> Requesting for the AHB bus...
2167365000 >> AHB granted, starting recovery...
2186565000 >> Recovery done, continuing...
2186615000 >> Requesting for the AHB bus...
2187265000 >> Requesting for the AHB bus...
2187665000 >> AHB granted, starting recovery...
2206865000 >> Recovery done, continuing...
2206915000 >> Requesting for the AHB bus...
2207565000 >> Requesting for the AHB bus...
2207965000 >> AHB granted, starting recovery...
2227165000 >> Recovery done, continuing...
2227215000 >> Requesting for the AHB bus...
2228040000 >> Requesting for the AHB bus...
2228440000 >> AHB granted, starting recovery...
2247640000 >> Recovery done, continuing...
2247690000 >> Requesting for the AHB bus...
2248340000 >> Requesting for the AHB bus...
2248740000 >> AHB granted, starting recovery...
2267940000 >> Recovery done, continuing...
2267990000 >> Requesting for the AHB bus...
2268640000 >> Requesting for the AHB bus...
2269040000 >> AHB granted, starting recovery...
2288240000 >> Recovery done, continuing...
2288290000 >> Requesting for the AHB bus...
2288940000 >> Requesting for the AHB bus...
2289340000 >> AHB granted, starting recovery...
2308540000 >> Recovery done, continuing...
2308590000 >> Requesting for the AHB bus...
2309240000 >> Requesting for the AHB bus...
2309640000 >> AHB granted, starting recovery...
2328840000 >> Recovery done, continuing...
2328890000 >> Requesting for the AHB bus...
2329540000 >> Requesting for the AHB bus...
2329940000 >> AHB granted, starting recovery...
2349140000 >> Recovery done, continuing...
2349190000 >> Requesting for the AHB bus...
2349940000 >> Requesting for the AHB bus...
2350340000 >> AHB granted, starting recovery...
2369540000 >> Recovery done, continuing...
2369590000 >> Requesting for the AHB bus...
2370240000 >> Requesting for the AHB bus...
2370640000 >> AHB granted, starting recovery...
2389840000 >> Recovery done, continuing...
2389890000 >> Requesting for the AHB bus...
2390540000 >> Requesting for the AHB bus...
2390940000 >> AHB granted, starting recovery...
2410140000 >> Recovery done, continuing...
2410190000 >> Requesting for the AHB bus...
2410840000 >> Requesting for the AHB bus...
2411240000 >> AHB granted, starting recovery...
2430440000 >> Recovery done, continuing...
2430490000 >> Requesting for the AHB bus...
2431140000 >> Requesting for the AHB bus...
2431540000 >> AHB granted, starting recovery...
2450740000 >> Recovery done, continuing...
2450790000 >> Requesting for the AHB bus...
2451440000 >> Requesting for the AHB bus...
2451840000 >> AHB granted, starting recovery...
2471040000 >> Recovery done, continuing...
2471090000 >> Requesting for the AHB bus...
2471740000 >> Requesting for the AHB bus...
2472140000 >> AHB granted, starting recovery...
2491340000 >> Recovery done, continuing...
2491390000 >> Requesting for the AHB bus...
2492040000 >> Requesting for the AHB bus...
2492440000 >> AHB granted, starting recovery...
2511640000 >> Recovery done, continuing...
2511690000 >> Requesting for the AHB bus...
2512340000 >> Requesting for the AHB bus...
2512740000 >> AHB granted, starting recovery...
2531940000 >> Recovery done, continuing...
2531990000 >> Requesting for the AHB bus...
2532640000 >> Requesting for the AHB bus...
2533040000 >> AHB granted, starting recovery...
2552240000 >> Recovery done, continuing...
2552290000 >> Requesting for the AHB bus...
2552940000 >> Requesting for the AHB bus...
2553340000 >> AHB granted, starting recovery...
2572540000 >> Recovery done, continuing...
2572590000 >> Requesting for the AHB bus...
2573240000 >> Requesting for the AHB bus...
2573640000 >> AHB granted, starting recovery...
2592840000 >> Recovery done, continuing...
2592890000 >> Requesting for the AHB bus...
2593540000 >> Requesting for the AHB bus...
2593940000 >> AHB granted, starting recovery...
2613140000 >> Recovery done, continuing...
2613190000 >> Requesting for the AHB bus...
2613840000 >> Requesting for the AHB bus...
2614240000 >> AHB granted, starting recovery...
2633440000 >> Recovery done, continuing...
2633490000 >> Requesting for the AHB bus...
2634140000 >> Requesting for the AHB bus...
2634540000 >> AHB granted, starting recovery...
2653740000 >> Recovery done, continuing...
2653790000 >> Requesting for the AHB bus...
2654440000 >> Requesting for the AHB bus...
2654840000 >> AHB granted, starting recovery...
2674040000 >> Recovery done, continuing...
2674090000 >> Requesting for the AHB bus...
2674740000 >> Requesting for the AHB bus...
2675140000 >> AHB granted, starting recovery...
2694340000 >> Recovery done, continuing...
2694390000 >> Requesting for the AHB bus...
2695215000 >> Requesting for the AHB bus...
2695615000 >> AHB granted, starting recovery...
2714815000 >> Recovery done, continuing...
2714865000 >> Requesting for the AHB bus...
2715515000 >> Requesting for the AHB bus...
2715915000 >> AHB granted, starting recovery...
2735115000 >> Recovery done, continuing...
2735165000 >> Requesting for the AHB bus...
2735815000 >> Requesting for the AHB bus...
2736215000 >> AHB granted, starting recovery...
2737215000 >> time limit reached...
/testbench/cpu/l3/u0/leon3x0/vhdl/p0/iu/r.w.wreg:1
/testbench/cpu/l3/u0/leon3x0/vhdl/p0/iu/r.m.irqen:1
/testbench/cpu/l3/u0/leon3x0/vhdl/p0/iu/r.m.icc:0000
/testbench/cpu/l3/u0/leon3x0/vhdl/p0/iu/r.a.ticc:0
/testbench/cpu/l3/u0/leon3x0/vhdl/p0/iu/r.a.step:0
/testbench/cpu/l3/u0/leon3x0/vhdl/p0/iu/r.m.irqen2:1
/testbench/cpu/l3/u0/leon3x0/vhdl/p0/iu/r.d.pc:01000000000000000000000111101100
/testbench/cpu/l3/u0/leon3x0/vhdl/p0/iu/r.d.rexpl:{{00000000000000000000000000000000} {00} {0} 0 0 {0000000000000000000} 0 0 0 0 0 0}
/testbench/cpu/l3/u0/leon3x0/vhdl/p0/iu/r.d.mexc:0
/testbench/cpu/l3/u0/leon3x0/vhdl/p0/iu/r.a.aw:0
/testbench/cpu/l3/u0/leon3x0/vhdl/p0/iu/r.e.ctrl:{{01000000000000000000000111101000} {11000010000001111010000001000100} {00} {10000001} {000000} 0 0 1 0 0 1 1 0 0}
/testbench/cpu/l3/u0/leon3x0/vhdl/p0/iu/r.a.divstart:0
/testbench/cpu/l3/u0/leon3x0/vhdl/p0/iu/r.e.shleft:0
/testbench/cpu/l3/u0/leon3x0/vhdl/p0/iu/r.a.bp:0
/testbench/cpu/l3/u0/leon3x0/vhdl/p0/iu/r.w.twcwp:000
/testbench/cpu/l3/u0/leon3x0/vhdl/p0/iu/r.a.jmpl:0
/testbench/cpu/l3/u0/leon3x0/vhdl/p0/iu/r.m.casa:0
/testbench/cpu/l3/u0/leon3x0/vhdl/p0/iu/r.m.werr:0
/testbench/cpu/l3/u0/leon3x0/vhdl/p0/iu/r.e.su:1
/testbench/cpu/l3/u0/leon3x0/vhdl/p0/iu/r.e.et:1
/testbench/cpu/l3/u0/leon3x0/vhdl/p0/iu/r.a.ldcheck1:1
/testbench/cpu/l3/u0/leon3x0/vhdl/p0/iu/r.d.stwin:000
/testbench/cpu/l3/u0/leon3x0/vhdl/p0/iu/r.a.ldcheck2:0
/testbench/cpu/l3/u0/leon3x0/vhdl/p0/iu/r.x.intack:0
/testbench/cpu/l3/u0/leon3x0/vhdl/p0/iu/r.m.ctrl:{{01000000000000000000000111100100} {11000010001001111011111111111100} {01} {10000001} {000000} 0 0 0 0 0 0 0 0 0}
/testbench/cpu/l3/u0/leon3x0/vhdl/p0/iu/r.a.cwp:000
/testbench/cpu/l3/u0/leon3x0/vhdl/p0/iu/r.e.sari:0
/testbench/cpu/l3/u0/leon3x0/vhdl/p0/iu/r.d.paw:0
/testbench/cpu/l3/u0/leon3x0/vhdl/p0/iu/r.d.aw:0
/testbench/cpu/l3/u0/leon3x0/vhdl/p0/iu/r.d.awp:000
/testbench/cpu/l3/u0/leon3x0/vhdl/p0/iu/r.x.ctrl:{{01000000000000000000000111100100} {11000010001001111011111111111100} {00} {10000001} {000000} 0 0 0 0 0 0 1 0 0}
/testbench/cpu/l3/u0/leon3x0/vhdl/p0/iu/r.m.rexnalign:0
/testbench/cpu/l3/u0/leon3x0/vhdl/p0/iu/r.m.su:1
/testbench/cpu/l3/u0/leon3x0/vhdl/p0/iu/r.m.wcwp:0
/testbench/cpu/l3/u0/leon3x0/vhdl/p0/iu/r.d.divrdy:0
/testbench/cpu/l3/u0/leon3x0/vhdl/p0/iu/r.e.cwp:000
/testbench/cpu/l3/u0/leon3x0/vhdl/p0/iu/r.w.except:0
/testbench/cpu/l3/u0/leon3x0/vhdl/p0/iu/r.x.nerror:0
/testbench/cpu/l3/u0/leon3x0/vhdl/p0/iu/r.a.bpimiss:0
/testbench/cpu/l3/u0/leon3x0/vhdl/p0/iu/r.a.nobp:0
/testbench/cpu/l3/u0/leon3x0/vhdl/p0/iu/r.d.rexcnt:0
/testbench/cpu/l3/u0/leon3x0/vhdl/p0/iu/r.w.s:{{101} {0000} {00000000} {01000000000000000000} {00000010} {0000} 0 0 1 1 1 {00000000000000000000000000000000} {UUUUUUUUUUUUUUUUUUUUUUUUUUUUUUUU} 1 0 0 1 1 1 0 0 {000} {000} {111}}
/testbench/cpu/l3/u0/leon3x0/vhdl/p0/iu/r.d.pv:1
/testbench/cpu/l3/u0/leon3x0/vhdl/p0/iu/r.a.ldchkra:1
/testbench/cpu/l3/u0/leon3x0/vhdl/p0/iu/r.a.rfa1:10000001
/testbench/cpu/l3/u0/leon3x0/vhdl/p0/iu/r.a.rfa2:10000001
/testbench/cpu/l3/u0/leon3x0/vhdl/p0/iu/r.a.imm:00000000000000000000000000000001
/testbench/cpu/l3/u0/leon3x0/vhdl/p0/iu/r.w.wa:10000001
/testbench/cpu/l3/u0/leon3x0/vhdl/p0/iu/r.m.casaz:0
/testbench/cpu/l3/u0/leon3x0/vhdl/p0/iu/r.x.dci:{0 1 0 0 0 0 {10} {00001011}}
/testbench/cpu/l3/u0/leon3x0/vhdl/p0/iu/r.x.mac:0
/testbench/cpu/l3/u0/leon3x0/vhdl/p0/iu/r.m.divz:0
/testbench/cpu/l3/u0/leon3x0/vhdl/p0/iu/r.d.inst:{{10000010000000000110000000000001}}
/testbench/cpu/l3/u0/leon3x0/vhdl/p0/iu/r.e.rfe1:1
/testbench/cpu/l3/u0/leon3x0/vhdl/p0/iu/r.a.wovf:0
/testbench/cpu/l3/u0/leon3x0/vhdl/p0/iu/r.e.rfe2:0
/testbench/cpu/l3/u0/leon3x0/vhdl/p0/iu/r.e.op1:01000000000011111111111111100000
/testbench/cpu/l3/u0/leon3x0/vhdl/p0/iu/r.m.nalign:0
/testbench/cpu/l3/u0/leon3x0/vhdl/p0/iu/r.e.op2:00000000000000000000000001000100
/testbench/cpu/l3/u0/leon3x0/vhdl/p0/iu/r.d.rexen:0
/testbench/cpu/l3/u0/leon3x0/vhdl/p0/iu/r.a.ctrl:{{01000000000000000000000111101100} {10000010000000000110000000000001} {00} {10000001} {000000} 0 1 0 0 0 0 0 0 0}
/testbench/cpu/l3/u0/leon3x0/vhdl/p0/iu/r.x.ipend:0
/testbench/cpu/l3/u0/leon3x0/vhdl/p0/iu/r.e.ldbp1:0
/testbench/cpu/l3/u0/leon3x0/vhdl/p0/iu/r.e.aluadd:1
/testbench/cpu/l3/u0/leon3x0/vhdl/p0/iu/r.d.set:0
/testbench/cpu/l3/u0/leon3x0/vhdl/p0/iu/r.d.inull:0
/testbench/cpu/l3/u0/leon3x0/vhdl/p0/iu/r.e.ldbp2:0
/testbench/cpu/l3/u0/leon3x0/vhdl/p0/iu/r.d.cnt:00
/testbench/cpu/l3/u0/leon3x0/vhdl/p0/iu/r.a.su:1
/testbench/cpu/l3/u0/leon3x0/vhdl/p0/iu/r.a.et:1
/testbench/cpu/l3/u0/leon3x0/vhdl/p0/iu/r.e.mul:0
/testbench/cpu/l3/u0/leon3x0/vhdl/p0/iu/r.e.alusel:00
/testbench/cpu/l3/u0/leon3x0/vhdl/p0/iu/r.e.aw:U
/testbench/cpu/l3/u0/leon3x0/vhdl/p0/iu/r.e.mac:0
/testbench/cpu/l3/u0/leon3x0/vhdl/p0/iu/r.a.decill:0
/testbench/cpu/l3/u0/leon3x0/vhdl/p0/iu/r.x.icc:0000
/testbench/cpu/l3/u0/leon3x0/vhdl/p0/iu/r.x.result:01000000000011111111111111011100
/testbench/cpu/l3/u0/leon3x0/vhdl/p0/iu/r.e.bp:0
/testbench/cpu/l3/u0/leon3x0/vhdl/p0/iu/r.a.rs1:00001
/testbench/cpu/l3/u0/leon3x0/vhdl/p0/iu/r.e.jmpl:0
/testbench/cpu/l3/u0/leon3x0/vhdl/p0/iu/r.a.rsel1:001
/testbench/cpu/l3/u0/leon3x0/vhdl/p0/iu/r.x.y:00000000000000000000000000000000
/testbench/cpu/l3/u0/leon3x0/vhdl/p0/iu/r.a.rsel2:100
/testbench/cpu/l3/u0/leon3x0/vhdl/p0/iu/r.a.awp:000
/testbench/cpu/l3/u0/leon3x0/vhdl/p0/iu/r.a.paw:0
/testbench/cpu/l3/u0/leon3x0/vhdl/p0/iu/r.x.data:{{00000000000000000000000001100100}}
/testbench/cpu/l3/u0/leon3x0/vhdl/p0/iu/r.m.mul:0
/testbench/cpu/l3/u0/leon3x0/vhdl/p0/iu/r.e.rd:UUUUU
/testbench/cpu/l3/u0/leon3x0/vhdl/p0/iu/r.e.invop2:0
/testbench/cpu/l3/u0/leon3x0/vhdl/p0/iu/r.m.wawp:0
/testbench/cpu/l3/u0/leon3x0/vhdl/p0/iu/r.d.cwpmax:111
/testbench/cpu/l3/u0/leon3x0/vhdl/p0/iu/r.f.branch:0
/testbench/cpu/l3/u0/leon3x0/vhdl/p0/iu/r.d.pcheld:1
/testbench/cpu/l3/u0/leon3x0/vhdl/p0/iu/r.m.dci:{0 0 0 1 0 0 {10} {00001011}}
/testbench/cpu/l3/u0/leon3x0/vhdl/p0/iu/r.e.paw:U
/testbench/cpu/l3/u0/leon3x0/vhdl/p0/iu/r.e.awp:UUU
/testbench/cpu/l3/u0/leon3x0/vhdl/p0/iu/r.e.shcnt:00100
/testbench/cpu/l3/u0/leon3x0/vhdl/p0/iu/r.w.result:00000000000000000000000001010100
/testbench/cpu/l3/u0/leon3x0/vhdl/p0/iu/r.m.mac:0
/testbench/cpu/l3/u0/leon3x0/vhdl/p0/iu/r.m.y:00000000000000000000000000000000
/testbench/cpu/l3/u0/leon3x0/vhdl/p0/iu/r.d.cwp:000
/testbench/cpu/l3/u0/leon3x0/vhdl/p0/iu/r.x.laddr:00
/testbench/cpu/l3/u0/leon3x0/vhdl/p0/iu/r.e.mulstep:0
/testbench/cpu/l3/u0/leon3x0/vhdl/p0/iu/r.e.ymsb:0
/testbench/cpu/l3/u0/leon3x0/vhdl/p0/iu/r.d.rexbuf:00000000000000000000000000000000
/testbench/cpu/l3/u0/leon3x0/vhdl/p0/iu/r.x.npc:100
/testbench/cpu/l3/u0/leon3x0/vhdl/p0/iu/r.f.pc:01000000000000000000000111110000
/testbench/cpu/l3/u0/leon3x0/vhdl/p0/iu/r.d.annul:0
/testbench/cpu/l3/u0/leon3x0/vhdl/p0/iu/r.x.rstate:run
/testbench/cpu/l3/u0/leon3x0/vhdl/p0/iu/r.x.set:0
/testbench/cpu/l3/u0/leon3x0/vhdl/p0/iu/r.m.result:00000000000000000000000001010100
/testbench/cpu/l3/u0/leon3x0/vhdl/p0/iu/r.e.icc:UUUU
/testbench/cpu/l3/u0/leon3x0/vhdl/p0/iu/r.a.getpc:0
/testbench/cpu/l3/u0/leon3x0/vhdl/p0/iu/r.a.ldchkex:1
/testbench/cpu/l3/u0/leon3x0/vhdl/p0/iu/r.x.mexc:0
/testbench/cpu/l3/u0/leon3x0/vhdl/p0/iu/r.a.mulstart:0
/testbench/cpu/l3/u0/leon3x0/vhdl/p0/iu/r.d.rexpos:10
/testbench/cpu/l3/u0/leon3x0/vhdl/p0/iu/r.x.annul_all:0
/testbench/cpu/l3/u0/leon3x0/vhdl/p0/iu/r.e.aluop:000
/testbench/cpu/l3/u0/leon3x0/vhdl/p0/iu/r.x.debug:0
/testbench/cpu/l3/u0/leon3x0/vhdl/p0/iu/r.a.rfe1:0
/testbench/cpu/l3/u0/leon3x0/vhdl/p0/iu/r.d.step:0
/testbench/cpu/l3/u0/leon3x0/vhdl/p0/iu/r.a.rfe2:0
/testbench/cpu/l3/u0/leon3x0/vhdl/p0/iu/r.e.alucin:0
/testbench/cpu/l3/u0/leon3x0/vhdl/p0/iu/r.a.wunf:0
======================================
progstatus: -2
execerr: 59
latent: 1
time limit!
>>>>>>>>>>>>>>> 2737215000
======================================
