Test signal = /testbench/cpu/l3/u0/leon3x0/vhdl/p0/iu/r.d.cwp
oldval = 111
pos1: 2 pos0: -1 posU: -1
newval = 110
Signal value: 111
oldval = 111
pos1: 2 pos0: -1 posU: -1
newval = 110
force in 1027018
586290000 >> iteration no: 0
1598340000 >> iteration no: 1
1609740000 >> Requesting for the AHB bus...
1610565000 >> AHB granted, starting recovery...
1629765000 >> Recovery done, continuing...
1629815000 >> Requesting for the AHB bus...
1630415000 >> AHB granted, starting recovery...
1649615000 >> Recovery done, continuing...
1649665000 >> Requesting for the AHB bus...
1650265000 >> AHB granted, starting recovery...
1669465000 >> Recovery done, continuing...
1669515000 >> Requesting for the AHB bus...
1670115000 >> AHB granted, starting recovery...
1689315000 >> Recovery done, continuing...
1689365000 >> Requesting for the AHB bus...
1689965000 >> AHB granted, starting recovery...
1709165000 >> Recovery done, continuing...
1709215000 >> Requesting for the AHB bus...
1709815000 >> AHB granted, starting recovery...
1729015000 >> Recovery done, continuing...
1729065000 >> Requesting for the AHB bus...
1729665000 >> AHB granted, starting recovery...
1748865000 >> Recovery done, continuing...
1748915000 >> Requesting for the AHB bus...
1749515000 >> AHB granted, starting recovery...
1768715000 >> Recovery done, continuing...
1768765000 >> Requesting for the AHB bus...
1769365000 >> AHB granted, starting recovery...
1788565000 >> Recovery done, continuing...
1788615000 >> Requesting for the AHB bus...
1789215000 >> AHB granted, starting recovery...
1808415000 >> Recovery done, continuing...
1808465000 >> Requesting for the AHB bus...
1809065000 >> AHB granted, starting recovery...
1828265000 >> Recovery done, continuing...
1828315000 >> Requesting for the AHB bus...
1828915000 >> AHB granted, starting recovery...
1848115000 >> Recovery done, continuing...
1848165000 >> Requesting for the AHB bus...
1848765000 >> AHB granted, starting recovery...
1867965000 >> Recovery done, continuing...
1868015000 >> Requesting for the AHB bus...
1868615000 >> AHB granted, starting recovery...
1887815000 >> Recovery done, continuing...
1887865000 >> Requesting for the AHB bus...
1888465000 >> AHB granted, starting recovery...
1907665000 >> Recovery done, continuing...
1907715000 >> Requesting for the AHB bus...
1908315000 >> AHB granted, starting recovery...
1927515000 >> Recovery done, continuing...
1927565000 >> Requesting for the AHB bus...
1928165000 >> AHB granted, starting recovery...
1947365000 >> Recovery done, continuing...
1947415000 >> Requesting for the AHB bus...
1948015000 >> AHB granted, starting recovery...
1967215000 >> Recovery done, continuing...
1967265000 >> Requesting for the AHB bus...
1967865000 >> AHB granted, starting recovery...
1987065000 >> Recovery done, continuing...
1987115000 >> Requesting for the AHB bus...
1987715000 >> AHB granted, starting recovery...
2006915000 >> Recovery done, continuing...
2006965000 >> Requesting for the AHB bus...
2007565000 >> AHB granted, starting recovery...
2026765000 >> Recovery done, continuing...
2026815000 >> Requesting for the AHB bus...
2027415000 >> AHB granted, starting recovery...
2046615000 >> Recovery done, continuing...
2046665000 >> Requesting for the AHB bus...
2047265000 >> AHB granted, starting recovery...
2066465000 >> Recovery done, continuing...
2066515000 >> Requesting for the AHB bus...
2067115000 >> AHB granted, starting recovery...
2086315000 >> Recovery done, continuing...
2086365000 >> Requesting for the AHB bus...
2086965000 >> AHB granted, starting recovery...
2106165000 >> Recovery done, continuing...
2106215000 >> Requesting for the AHB bus...
2106815000 >> AHB granted, starting recovery...
2126015000 >> Recovery done, continuing...
2126065000 >> Requesting for the AHB bus...
2126665000 >> AHB granted, starting recovery...
2145865000 >> Recovery done, continuing...
2145915000 >> Requesting for the AHB bus...
2146515000 >> AHB granted, starting recovery...
2165715000 >> Recovery done, continuing...
2165765000 >> Requesting for the AHB bus...
2166365000 >> AHB granted, starting recovery...
2185565000 >> Recovery done, continuing...
2185615000 >> Requesting for the AHB bus...
2186215000 >> AHB granted, starting recovery...
2205415000 >> Recovery done, continuing...
2205465000 >> Requesting for the AHB bus...
2206065000 >> AHB granted, starting recovery...
2225265000 >> Recovery done, continuing...
2225315000 >> Requesting for the AHB bus...
2225915000 >> AHB granted, starting recovery...
2245115000 >> Recovery done, continuing...
2245165000 >> Requesting for the AHB bus...
2245765000 >> AHB granted, starting recovery...
2264965000 >> Recovery done, continuing...
2265015000 >> Requesting for the AHB bus...
2265615000 >> AHB granted, starting recovery...
2284815000 >> Recovery done, continuing...
2284865000 >> Requesting for the AHB bus...
2285465000 >> AHB granted, starting recovery...
2304665000 >> Recovery done, continuing...
2304715000 >> Requesting for the AHB bus...
2305315000 >> AHB granted, starting recovery...
2324515000 >> Recovery done, continuing...
2324565000 >> Requesting for the AHB bus...
2325165000 >> AHB granted, starting recovery...
2344365000 >> Recovery done, continuing...
2344415000 >> Requesting for the AHB bus...
2345015000 >> AHB granted, starting recovery...
2364215000 >> Recovery done, continuing...
2364265000 >> Requesting for the AHB bus...
2364865000 >> AHB granted, starting recovery...
2384065000 >> Recovery done, continuing...
2384115000 >> Requesting for the AHB bus...
2384715000 >> AHB granted, starting recovery...
2403915000 >> Recovery done, continuing...
2403965000 >> Requesting for the AHB bus...
2404565000 >> AHB granted, starting recovery...
2423765000 >> Recovery done, continuing...
2423815000 >> Requesting for the AHB bus...
2424415000 >> AHB granted, starting recovery...
2443615000 >> Recovery done, continuing...
2443665000 >> Requesting for the AHB bus...
2444265000 >> AHB granted, starting recovery...
2463465000 >> Recovery done, continuing...
2463515000 >> Requesting for the AHB bus...
2464115000 >> AHB granted, starting recovery...
2483315000 >> Recovery done, continuing...
2483365000 >> Requesting for the AHB bus...
2483965000 >> AHB granted, starting recovery...
2503165000 >> Recovery done, continuing...
2503215000 >> Requesting for the AHB bus...
2503815000 >> AHB granted, starting recovery...
2523015000 >> Recovery done, continuing...
2523065000 >> Requesting for the AHB bus...
2523665000 >> AHB granted, starting recovery...
2542865000 >> Recovery done, continuing...
2542915000 >> Requesting for the AHB bus...
2543515000 >> AHB granted, starting recovery...
2562715000 >> Recovery done, continuing...
2562765000 >> Requesting for the AHB bus...
2563365000 >> AHB granted, starting recovery...
2582565000 >> Recovery done, continuing...
2582615000 >> Requesting for the AHB bus...
2583215000 >> AHB granted, starting recovery...
2602415000 >> Recovery done, continuing...
2602465000 >> Requesting for the AHB bus...
2603065000 >> AHB granted, starting recovery...
2622265000 >> Recovery done, continuing...
2622315000 >> Requesting for the AHB bus...
2622915000 >> AHB granted, starting recovery...
2642115000 >> Recovery done, continuing...
2642165000 >> Requesting for the AHB bus...
2642765000 >> AHB granted, starting recovery...
2661965000 >> Recovery done, continuing...
2662015000 >> Requesting for the AHB bus...
2662615000 >> AHB granted, starting recovery...
2681815000 >> Recovery done, continuing...
2681865000 >> Requesting for the AHB bus...
2682465000 >> AHB granted, starting recovery...
2701665000 >> Recovery done, continuing...
2701715000 >> Requesting for the AHB bus...
2702315000 >> AHB granted, starting recovery...
2721515000 >> Recovery done, continuing...
2721565000 >> Requesting for the AHB bus...
2722165000 >> AHB granted, starting recovery...
2741365000 >> Recovery done, continuing...
2741415000 >> Requesting for the AHB bus...
2742015000 >> AHB granted, starting recovery...
2761215000 >> Recovery done, continuing...
2761265000 >> Requesting for the AHB bus...
2761865000 >> AHB granted, starting recovery...
2781065000 >> Recovery done, continuing...
2781115000 >> Requesting for the AHB bus...
2781715000 >> AHB granted, starting recovery...
2800915000 >> Recovery done, continuing...
2800965000 >> Requesting for the AHB bus...
2801565000 >> AHB granted, starting recovery...
2820765000 >> Recovery done, continuing...
2820815000 >> Requesting for the AHB bus...
2821415000 >> AHB granted, starting recovery...
2840615000 >> Recovery done, continuing...
2840665000 >> Requesting for the AHB bus...
2841265000 >> AHB granted, starting recovery...
2860465000 >> Recovery done, continuing...
2860515000 >> Requesting for the AHB bus...
2861115000 >> AHB granted, starting recovery...
2880315000 >> Recovery done, continuing...
2880365000 >> Requesting for the AHB bus...
2880965000 >> AHB granted, starting recovery...
2900165000 >> Recovery done, continuing...
2900215000 >> Requesting for the AHB bus...
2900815000 >> AHB granted, starting recovery...
2920015000 >> Recovery done, continuing...
2920065000 >> Requesting for the AHB bus...
2920665000 >> AHB granted, starting recovery...
2939865000 >> Recovery done, continuing...
2939915000 >> Requesting for the AHB bus...
2940515000 >> AHB granted, starting recovery...
2959715000 >> Recovery done, continuing...
2959765000 >> Requesting for the AHB bus...
2960365000 >> AHB granted, starting recovery...
2979565000 >> Recovery done, continuing...
2979615000 >> Requesting for the AHB bus...
2980215000 >> AHB granted, starting recovery...
2999415000 >> Recovery done, continuing...
2999465000 >> Requesting for the AHB bus...
3000065000 >> AHB granted, starting recovery...
3019265000 >> Recovery done, continuing...
3019315000 >> Requesting for the AHB bus...
3019915000 >> AHB granted, starting recovery...
3039115000 >> Recovery done, continuing...
3039165000 >> Requesting for the AHB bus...
3039765000 >> AHB granted, starting recovery...
3058965000 >> Recovery done, continuing...
3059015000 >> Requesting for the AHB bus...
3059615000 >> AHB granted, starting recovery...
3078815000 >> Recovery done, continuing...
3078865000 >> Requesting for the AHB bus...
3079465000 >> AHB granted, starting recovery...
3098665000 >> Recovery done, continuing...
3098715000 >> Requesting for the AHB bus...
3099315000 >> AHB granted, starting recovery...
3118515000 >> Recovery done, continuing...
3118565000 >> Requesting for the AHB bus...
3119165000 >> AHB granted, starting recovery...
3138365000 >> Recovery done, continuing...
3138415000 >> Requesting for the AHB bus...
3139015000 >> AHB granted, starting recovery...
3158215000 >> Recovery done, continuing...
3158265000 >> Requesting for the AHB bus...
3158865000 >> AHB granted, starting recovery...
3178065000 >> Recovery done, continuing...
3178115000 >> Requesting for the AHB bus...
3178715000 >> AHB granted, starting recovery...
3197915000 >> Recovery done, continuing...
3197965000 >> Requesting for the AHB bus...
3198565000 >> AHB granted, starting recovery...
3217765000 >> Recovery done, continuing...
3217815000 >> Requesting for the AHB bus...
3218415000 >> AHB granted, starting recovery...
3237615000 >> Recovery done, continuing...
3237665000 >> Requesting for the AHB bus...
3238265000 >> AHB granted, starting recovery...
3257465000 >> Recovery done, continuing...
3257515000 >> Requesting for the AHB bus...
3258115000 >> AHB granted, starting recovery...
3277315000 >> Recovery done, continuing...
3277365000 >> Requesting for the AHB bus...
3277965000 >> AHB granted, starting recovery...
3297165000 >> Recovery done, continuing...
3297215000 >> Requesting for the AHB bus...
3297815000 >> AHB granted, starting recovery...
3317015000 >> Recovery done, continuing...
3317065000 >> Requesting for the AHB bus...
3317665000 >> AHB granted, starting recovery...
3336865000 >> Recovery done, continuing...
3336915000 >> Requesting for the AHB bus...
3337515000 >> AHB granted, starting recovery...
3356715000 >> Recovery done, continuing...
3356765000 >> Requesting for the AHB bus...
3357365000 >> AHB granted, starting recovery...
3376565000 >> Recovery done, continuing...
3376615000 >> Requesting for the AHB bus...
3377215000 >> AHB granted, starting recovery...
3396415000 >> Recovery done, continuing...
3396465000 >> Requesting for the AHB bus...
3397065000 >> AHB granted, starting recovery...
3416265000 >> Recovery done, continuing...
3416315000 >> Requesting for the AHB bus...
3416915000 >> AHB granted, starting recovery...
3436115000 >> Recovery done, continuing...
3436165000 >> Requesting for the AHB bus...
3436765000 >> AHB granted, starting recovery...
3455965000 >> Recovery done, continuing...
3456015000 >> Requesting for the AHB bus...
3456615000 >> AHB granted, starting recovery...
3475815000 >> Recovery done, continuing...
3475865000 >> Requesting for the AHB bus...
3476465000 >> AHB granted, starting recovery...
3495665000 >> Recovery done, continuing...
3495715000 >> Requesting for the AHB bus...
3496315000 >> AHB granted, starting recovery...
3515515000 >> Recovery done, continuing...
3515565000 >> Requesting for the AHB bus...
3516165000 >> AHB granted, starting recovery...
3535365000 >> Recovery done, continuing...
3535415000 >> Requesting for the AHB bus...
3536015000 >> AHB granted, starting recovery...
3555215000 >> Recovery done, continuing...
3555265000 >> Requesting for the AHB bus...
3555865000 >> AHB granted, starting recovery...
3575065000 >> Recovery done, continuing...
3575115000 >> Requesting for the AHB bus...
3575715000 >> AHB granted, starting recovery...
3594915000 >> Recovery done, continuing...
3594965000 >> Requesting for the AHB bus...
3595565000 >> AHB granted, starting recovery...
3614765000 >> Recovery done, continuing...
3614815000 >> Requesting for the AHB bus...
3615415000 >> AHB granted, starting recovery...
3634615000 >> Recovery done, continuing...
3634665000 >> Requesting for the AHB bus...
3635265000 >> AHB granted, starting recovery...
3654465000 >> Recovery done, continuing...
3654515000 >> Requesting for the AHB bus...
3655115000 >> AHB granted, starting recovery...
3674315000 >> Recovery done, continuing...
3674365000 >> Requesting for the AHB bus...
3674965000 >> AHB granted, starting recovery...
3694165000 >> Recovery done, continuing...
3694215000 >> Requesting for the AHB bus...
3694815000 >> AHB granted, starting recovery...
3714015000 >> Recovery done, continuing...
3714065000 >> Requesting for the AHB bus...
3714665000 >> AHB granted, starting recovery...
3733865000 >> Recovery done, continuing...
3733915000 >> Requesting for the AHB bus...
3734515000 >> AHB granted, starting recovery...
3753715000 >> Recovery done, continuing...
3753765000 >> Requesting for the AHB bus...
3754365000 >> AHB granted, starting recovery...
3773565000 >> Recovery done, continuing...
3773615000 >> Requesting for the AHB bus...
3774215000 >> AHB granted, starting recovery...
3793415000 >> Recovery done, continuing...
3793465000 >> Requesting for the AHB bus...
3794065000 >> AHB granted, starting recovery...
3813265000 >> Recovery done, continuing...
3813315000 >> Requesting for the AHB bus...
3813915000 >> AHB granted, starting recovery...
3833115000 >> Recovery done, continuing...
3833165000 >> Requesting for the AHB bus...
3833765000 >> AHB granted, starting recovery...
3852965000 >> Recovery done, continuing...
3853015000 >> Requesting for the AHB bus...
3853615000 >> AHB granted, starting recovery...
3872815000 >> Recovery done, continuing...
3872865000 >> Requesting for the AHB bus...
3873465000 >> AHB granted, starting recovery...
3892665000 >> Recovery done, continuing...
3892715000 >> Requesting for the AHB bus...
3893315000 >> AHB granted, starting recovery...
3912515000 >> Recovery done, continuing...
3912565000 >> Requesting for the AHB bus...
3913165000 >> AHB granted, starting recovery...
3932365000 >> Recovery done, continuing...
3932415000 >> Requesting for the AHB bus...
3933015000 >> AHB granted, starting recovery...
3952215000 >> Recovery done, continuing...
3952265000 >> Requesting for the AHB bus...
3952865000 >> AHB granted, starting recovery...
3972065000 >> Recovery done, continuing...
3972115000 >> Requesting for the AHB bus...
3972715000 >> AHB granted, starting recovery...
3991915000 >> Recovery done, continuing...
3991965000 >> Requesting for the AHB bus...
3992565000 >> AHB granted, starting recovery...
4011765000 >> Recovery done, continuing...
4011815000 >> Requesting for the AHB bus...
4012415000 >> AHB granted, starting recovery...
4031615000 >> Recovery done, continuing...
4031665000 >> Requesting for the AHB bus...
4032265000 >> AHB granted, starting recovery...
4051465000 >> Recovery done, continuing...
4051515000 >> Requesting for the AHB bus...
4052115000 >> AHB granted, starting recovery...
4071315000 >> Recovery done, continuing...
4071365000 >> Requesting for the AHB bus...
4071965000 >> AHB granted, starting recovery...
4091165000 >> Recovery done, continuing...
4091215000 >> Requesting for the AHB bus...
4091815000 >> AHB granted, starting recovery...
4111015000 >> Recovery done, continuing...
4111065000 >> Requesting for the AHB bus...
4111665000 >> AHB granted, starting recovery...
4130865000 >> Recovery done, continuing...
4130915000 >> Requesting for the AHB bus...
4131515000 >> AHB granted, starting recovery...
4150715000 >> Recovery done, continuing...
4150765000 >> Requesting for the AHB bus...
4151365000 >> AHB granted, starting recovery...
4170565000 >> Recovery done, continuing...
4170615000 >> Requesting for the AHB bus...
4171215000 >> AHB granted, starting recovery...
4190415000 >> Recovery done, continuing...
4190465000 >> Requesting for the AHB bus...
4191065000 >> AHB granted, starting recovery...
4210265000 >> Recovery done, continuing...
4210315000 >> Requesting for the AHB bus...
4210915000 >> AHB granted, starting recovery...
4230115000 >> Recovery done, continuing...
4230165000 >> Requesting for the AHB bus...
4230765000 >> AHB granted, starting recovery...
4249965000 >> Recovery done, continuing...
4250015000 >> Requesting for the AHB bus...
4250615000 >> AHB granted, starting recovery...
4269815000 >> Recovery done, continuing...
4269865000 >> Requesting for the AHB bus...
4270465000 >> AHB granted, starting recovery...
4289665000 >> Recovery done, continuing...
4289715000 >> Requesting for the AHB bus...
4290315000 >> AHB granted, starting recovery...
4309515000 >> Recovery done, continuing...
4309565000 >> Requesting for the AHB bus...
4310165000 >> AHB granted, starting recovery...
4329365000 >> Recovery done, continuing...
4329415000 >> Requesting for the AHB bus...
4330015000 >> AHB granted, starting recovery...
4349215000 >> Recovery done, continuing...
4349265000 >> Requesting for the AHB bus...
4349865000 >> AHB granted, starting recovery...
4369065000 >> Recovery done, continuing...
4369115000 >> Requesting for the AHB bus...
4369715000 >> AHB granted, starting recovery...
4388915000 >> Recovery done, continuing...
4388965000 >> Requesting for the AHB bus...
4389565000 >> AHB granted, starting recovery...
4408765000 >> Recovery done, continuing...
4408815000 >> Requesting for the AHB bus...
4409415000 >> AHB granted, starting recovery...
4428615000 >> Recovery done, continuing...
4428665000 >> Requesting for the AHB bus...
4429265000 >> AHB granted, starting recovery...
4448465000 >> Recovery done, continuing...
4448515000 >> Requesting for the AHB bus...
4449115000 >> AHB granted, starting recovery...
4468315000 >> Recovery done, continuing...
4468365000 >> Requesting for the AHB bus...
4468965000 >> AHB granted, starting recovery...
4488165000 >> Recovery done, continuing...
4488215000 >> Requesting for the AHB bus...
4488815000 >> AHB granted, starting recovery...
4508015000 >> Recovery done, continuing...
4508065000 >> Requesting for the AHB bus...
4508665000 >> AHB granted, starting recovery...
4527865000 >> Recovery done, continuing...
4527915000 >> Requesting for the AHB bus...
4528515000 >> AHB granted, starting recovery...
4547715000 >> Recovery done, continuing...
4547765000 >> Requesting for the AHB bus...
4548365000 >> AHB granted, starting recovery...
4567565000 >> Recovery done, continuing...
4567615000 >> Requesting for the AHB bus...
4568215000 >> AHB granted, starting recovery...
4587415000 >> Recovery done, continuing...
4587465000 >> Requesting for the AHB bus...
4588065000 >> AHB granted, starting recovery...
4607265000 >> Recovery done, continuing...
4607315000 >> Requesting for the AHB bus...
4607915000 >> AHB granted, starting recovery...
4627115000 >> Recovery done, continuing...
4627165000 >> Requesting for the AHB bus...
4627765000 >> AHB granted, starting recovery...
4646965000 >> Recovery done, continuing...
4647015000 >> Requesting for the AHB bus...
4647615000 >> AHB granted, starting recovery...
4666815000 >> Recovery done, continuing...
4666865000 >> Requesting for the AHB bus...
4667465000 >> AHB granted, starting recovery...
4686665000 >> Recovery done, continuing...
4686715000 >> Requesting for the AHB bus...
4687315000 >> AHB granted, starting recovery...
4706515000 >> Recovery done, continuing...
4706565000 >> Requesting for the AHB bus...
4707165000 >> AHB granted, starting recovery...
4726365000 >> Recovery done, continuing...
4726415000 >> Requesting for the AHB bus...
4727015000 >> AHB granted, starting recovery...
4746215000 >> Recovery done, continuing...
4746265000 >> Requesting for the AHB bus...
4746865000 >> AHB granted, starting recovery...
4766065000 >> Recovery done, continuing...
4766115000 >> Requesting for the AHB bus...
4766715000 >> AHB granted, starting recovery...
4785915000 >> Recovery done, continuing...
4785965000 >> Requesting for the AHB bus...
4786565000 >> AHB granted, starting recovery...
4805765000 >> Recovery done, continuing...
4805815000 >> Requesting for the AHB bus...
4806415000 >> AHB granted, starting recovery...
4825615000 >> Recovery done, continuing...
4825665000 >> Requesting for the AHB bus...
4826265000 >> AHB granted, starting recovery...
4845465000 >> Recovery done, continuing...
4845515000 >> Requesting for the AHB bus...
4846115000 >> AHB granted, starting recovery...
4865315000 >> Recovery done, continuing...
4865365000 >> Requesting for the AHB bus...
4865965000 >> AHB granted, starting recovery...
4885165000 >> Recovery done, continuing...
4885215000 >> Requesting for the AHB bus...
4885815000 >> AHB granted, starting recovery...
4905015000 >> Recovery done, continuing...
4905065000 >> Requesting for the AHB bus...
4905665000 >> AHB granted, starting recovery...
4924865000 >> Recovery done, continuing...
4924915000 >> Requesting for the AHB bus...
4925515000 >> AHB granted, starting recovery...
4944715000 >> Recovery done, continuing...
4944765000 >> Requesting for the AHB bus...
4945365000 >> AHB granted, starting recovery...
4964565000 >> Recovery done, continuing...
4964615000 >> Requesting for the AHB bus...
4965215000 >> AHB granted, starting recovery...
4984415000 >> Recovery done, continuing...
4984465000 >> Requesting for the AHB bus...
4985065000 >> AHB granted, starting recovery...
5004265000 >> Recovery done, continuing...
5004315000 >> Requesting for the AHB bus...
5004915000 >> AHB granted, starting recovery...
5024115000 >> Recovery done, continuing...
5024165000 >> Requesting for the AHB bus...
5024765000 >> AHB granted, starting recovery...
5043965000 >> Recovery done, continuing...
5044015000 >> Requesting for the AHB bus...
5044615000 >> AHB granted, starting recovery...
5063815000 >> Recovery done, continuing...
5063865000 >> Requesting for the AHB bus...
5064465000 >> AHB granted, starting recovery...
5083665000 >> Recovery done, continuing...
5083715000 >> Requesting for the AHB bus...
5084315000 >> AHB granted, starting recovery...
5103515000 >> Recovery done, continuing...
5103565000 >> Requesting for the AHB bus...
5104165000 >> AHB granted, starting recovery...
5123365000 >> Recovery done, continuing...
5123415000 >> Requesting for the AHB bus...
5124015000 >> AHB granted, starting recovery...
5143215000 >> Recovery done, continuing...
5143265000 >> Requesting for the AHB bus...
5143865000 >> AHB granted, starting recovery...
5163065000 >> Recovery done, continuing...
5163115000 >> Requesting for the AHB bus...
5163715000 >> AHB granted, starting recovery...
5182915000 >> Recovery done, continuing...
5182965000 >> Requesting for the AHB bus...
5183565000 >> AHB granted, starting recovery...
5202765000 >> Recovery done, continuing...
5202815000 >> Requesting for the AHB bus...
5203415000 >> AHB granted, starting recovery...
5222615000 >> Recovery done, continuing...
5222665000 >> Requesting for the AHB bus...
5223265000 >> AHB granted, starting recovery...
5242465000 >> Recovery done, continuing...
5242515000 >> Requesting for the AHB bus...
5243115000 >> AHB granted, starting recovery...
5262315000 >> Recovery done, continuing...
5262365000 >> Requesting for the AHB bus...
5262965000 >> AHB granted, starting recovery...
5282165000 >> Recovery done, continuing...
5282215000 >> Requesting for the AHB bus...
5282815000 >> AHB granted, starting recovery...
5302015000 >> Recovery done, continuing...
5302065000 >> Requesting for the AHB bus...
5302665000 >> AHB granted, starting recovery...
5321865000 >> Recovery done, continuing...
5321915000 >> Requesting for the AHB bus...
5322515000 >> AHB granted, starting recovery...
5341715000 >> Recovery done, continuing...
5341765000 >> Requesting for the AHB bus...
5342365000 >> AHB granted, starting recovery...
5361565000 >> Recovery done, continuing...
5361615000 >> Requesting for the AHB bus...
5362215000 >> AHB granted, starting recovery...
5381415000 >> Recovery done, continuing...
5381465000 >> Requesting for the AHB bus...
5382065000 >> AHB granted, starting recovery...
5401265000 >> Recovery done, continuing...
5401315000 >> Requesting for the AHB bus...
5401915000 >> AHB granted, starting recovery...
5421115000 >> Recovery done, continuing...
5421165000 >> Requesting for the AHB bus...
5421765000 >> AHB granted, starting recovery...
5440965000 >> Recovery done, continuing...
5441015000 >> Requesting for the AHB bus...
5441615000 >> AHB granted, starting recovery...
5460815000 >> Recovery done, continuing...
5460865000 >> Requesting for the AHB bus...
5461465000 >> AHB granted, starting recovery...
5480665000 >> Recovery done, continuing...
5480715000 >> Requesting for the AHB bus...
5481315000 >> AHB granted, starting recovery...
5500515000 >> Recovery done, continuing...
5500565000 >> Requesting for the AHB bus...
5501165000 >> AHB granted, starting recovery...
5520365000 >> Recovery done, continuing...
5520415000 >> Requesting for the AHB bus...
5521015000 >> AHB granted, starting recovery...
5540215000 >> Recovery done, continuing...
5540265000 >> Requesting for the AHB bus...
5540865000 >> AHB granted, starting recovery...
5560065000 >> Recovery done, continuing...
5560115000 >> Requesting for the AHB bus...
5560715000 >> AHB granted, starting recovery...
5579915000 >> Recovery done, continuing...
5579965000 >> Requesting for the AHB bus...
5580565000 >> AHB granted, starting recovery...
5599765000 >> Recovery done, continuing...
5599815000 >> Requesting for the AHB bus...
5600415000 >> AHB granted, starting recovery...
5619615000 >> Recovery done, continuing...
5619665000 >> Requesting for the AHB bus...
5620265000 >> AHB granted, starting recovery...
5639465000 >> Recovery done, continuing...
5639515000 >> Requesting for the AHB bus...
5640115000 >> AHB granted, starting recovery...
5659315000 >> Recovery done, continuing...
5659365000 >> Requesting for the AHB bus...
5659965000 >> AHB granted, starting recovery...
5679165000 >> Recovery done, continuing...
5679215000 >> Requesting for the AHB bus...
5679815000 >> AHB granted, starting recovery...
5699015000 >> Recovery done, continuing...
5699065000 >> Requesting for the AHB bus...
5699665000 >> AHB granted, starting recovery...
5718865000 >> Recovery done, continuing...
5718915000 >> Requesting for the AHB bus...
5719515000 >> AHB granted, starting recovery...
5738715000 >> Recovery done, continuing...
5738765000 >> Requesting for the AHB bus...
5739365000 >> AHB granted, starting recovery...
5745715000 >> time limit reached...
/testbench/cpu/l3/u0/leon3x0/vhdl/p0/iu/r.w.wreg:1
/testbench/cpu/l3/u0/leon3x0/vhdl/p0/iu/r.m.irqen:1
/testbench/cpu/l3/u0/leon3x0/vhdl/p0/iu/r.m.icc:1001
/testbench/cpu/l3/u0/leon3x0/vhdl/p0/iu/r.a.ticc:0
/testbench/cpu/l3/u0/leon3x0/vhdl/p0/iu/r.a.step:0
/testbench/cpu/l3/u0/leon3x0/vhdl/p0/iu/r.m.irqen2:1
/testbench/cpu/l3/u0/leon3x0/vhdl/p0/iu/r.d.pc:01000000000000000000001001111000
/testbench/cpu/l3/u0/leon3x0/vhdl/p0/iu/r.d.rexpl:{{00000000000000000000000000000000} {00} {0} 0 0 {0000000000000000000} 0 0 0 0 0 0}
/testbench/cpu/l3/u0/leon3x0/vhdl/p0/iu/r.d.mexc:0
/testbench/cpu/l3/u0/leon3x0/vhdl/p0/iu/r.a.aw:0
/testbench/cpu/l3/u0/leon3x0/vhdl/p0/iu/r.e.ctrl:{{01000000000000000000001001110100} {11000010000001111011111111111100} {00} {10000001} {000000} 0 0 1 0 0 1 1 0 0}
/testbench/cpu/l3/u0/leon3x0/vhdl/p0/iu/r.a.divstart:0
/testbench/cpu/l3/u0/leon3x0/vhdl/p0/iu/r.e.shleft:0
/testbench/cpu/l3/u0/leon3x0/vhdl/p0/iu/r.a.bp:0
/testbench/cpu/l3/u0/leon3x0/vhdl/p0/iu/r.w.twcwp:000
/testbench/cpu/l3/u0/leon3x0/vhdl/p0/iu/r.a.jmpl:0
/testbench/cpu/l3/u0/leon3x0/vhdl/p0/iu/r.m.casa:0
/testbench/cpu/l3/u0/leon3x0/vhdl/p0/iu/r.m.werr:0
/testbench/cpu/l3/u0/leon3x0/vhdl/p0/iu/r.e.su:1
/testbench/cpu/l3/u0/leon3x0/vhdl/p0/iu/r.e.et:1
/testbench/cpu/l3/u0/leon3x0/vhdl/p0/iu/r.a.ldcheck1:1
/testbench/cpu/l3/u0/leon3x0/vhdl/p0/iu/r.d.stwin:000
/testbench/cpu/l3/u0/leon3x0/vhdl/p0/iu/r.a.ldcheck2:0
/testbench/cpu/l3/u0/leon3x0/vhdl/p0/iu/r.x.intack:0
/testbench/cpu/l3/u0/leon3x0/vhdl/p0/iu/r.m.ctrl:{{01000000000000000000001001110000} {11000100001010000100000000000000} {01} {10000010} {000000} 0 0 0 0 0 0 0 0 0}
/testbench/cpu/l3/u0/leon3x0/vhdl/p0/iu/r.a.cwp:110
/testbench/cpu/l3/u0/leon3x0/vhdl/p0/iu/r.e.sari:0
/testbench/cpu/l3/u0/leon3x0/vhdl/p0/iu/r.d.paw:0
/testbench/cpu/l3/u0/leon3x0/vhdl/p0/iu/r.d.aw:0
/testbench/cpu/l3/u0/leon3x0/vhdl/p0/iu/r.d.awp:000
/testbench/cpu/l3/u0/leon3x0/vhdl/p0/iu/r.x.ctrl:{{01000000000000000000001001110000} {11000100001010000100000000000000} {00} {10000010} {000000} 0 0 0 0 0 0 1 0 0}
/testbench/cpu/l3/u0/leon3x0/vhdl/p0/iu/r.m.rexnalign:0
/testbench/cpu/l3/u0/leon3x0/vhdl/p0/iu/r.m.su:1
/testbench/cpu/l3/u0/leon3x0/vhdl/p0/iu/r.m.wcwp:0
/testbench/cpu/l3/u0/leon3x0/vhdl/p0/iu/r.d.divrdy:0
/testbench/cpu/l3/u0/leon3x0/vhdl/p0/iu/r.e.cwp:110
/testbench/cpu/l3/u0/leon3x0/vhdl/p0/iu/r.w.except:0
/testbench/cpu/l3/u0/leon3x0/vhdl/p0/iu/r.x.nerror:0
/testbench/cpu/l3/u0/leon3x0/vhdl/p0/iu/r.a.bpimiss:0
/testbench/cpu/l3/u0/leon3x0/vhdl/p0/iu/r.a.nobp:0
/testbench/cpu/l3/u0/leon3x0/vhdl/p0/iu/r.d.rexcnt:0
/testbench/cpu/l3/u0/leon3x0/vhdl/p0/iu/r.w.s:{{101} {1001} {00000000} {01000000000000000000} {00000010} {0000} 0 0 1 1 1 {00000000000000000000000000000000} {UUUUUUUUUUUUUUUUUUUUUUUUUUUUUUUU} 1 0 0 1 1 1 0 0 {000} {000} {111}}
/testbench/cpu/l3/u0/leon3x0/vhdl/p0/iu/r.d.pv:1
/testbench/cpu/l3/u0/leon3x0/vhdl/p0/iu/r.a.ldchkra:1
/testbench/cpu/l3/u0/leon3x0/vhdl/p0/iu/r.a.rfa1:10000001
/testbench/cpu/l3/u0/leon3x0/vhdl/p0/iu/r.a.rfa2:10000001
/testbench/cpu/l3/u0/leon3x0/vhdl/p0/iu/r.a.imm:00000000000000000000000000000001
/testbench/cpu/l3/u0/leon3x0/vhdl/p0/iu/r.w.wa:10000010
/testbench/cpu/l3/u0/leon3x0/vhdl/p0/iu/r.m.casaz:0
/testbench/cpu/l3/u0/leon3x0/vhdl/p0/iu/r.x.dci:{0 1 0 0 0 0 {00} {00001011}}
/testbench/cpu/l3/u0/leon3x0/vhdl/p0/iu/r.x.mac:0
/testbench/cpu/l3/u0/leon3x0/vhdl/p0/iu/r.m.divz:0
/testbench/cpu/l3/u0/leon3x0/vhdl/p0/iu/r.d.inst:{{10000010000000000110000000000001}}
/testbench/cpu/l3/u0/leon3x0/vhdl/p0/iu/r.e.rfe1:1
/testbench/cpu/l3/u0/leon3x0/vhdl/p0/iu/r.a.wovf:0
/testbench/cpu/l3/u0/leon3x0/vhdl/p0/iu/r.e.rfe2:0
/testbench/cpu/l3/u0/leon3x0/vhdl/p0/iu/r.e.op1:01000000000011111111111100000000
/testbench/cpu/l3/u0/leon3x0/vhdl/p0/iu/r.m.nalign:0
/testbench/cpu/l3/u0/leon3x0/vhdl/p0/iu/r.e.op2:11111111111111111111111111111100
/testbench/cpu/l3/u0/leon3x0/vhdl/p0/iu/r.d.rexen:0
/testbench/cpu/l3/u0/leon3x0/vhdl/p0/iu/r.a.ctrl:{{01000000000000000000001001111000} {10000010000000000110000000000001} {00} {10000001} {000000} 0 1 0 0 0 0 0 0 0}
/testbench/cpu/l3/u0/leon3x0/vhdl/p0/iu/r.x.ipend:0
/testbench/cpu/l3/u0/leon3x0/vhdl/p0/iu/r.e.ldbp1:0
/testbench/cpu/l3/u0/leon3x0/vhdl/p0/iu/r.e.aluadd:1
/testbench/cpu/l3/u0/leon3x0/vhdl/p0/iu/r.d.set:0
/testbench/cpu/l3/u0/leon3x0/vhdl/p0/iu/r.d.inull:0
/testbench/cpu/l3/u0/leon3x0/vhdl/p0/iu/r.e.ldbp2:0
/testbench/cpu/l3/u0/leon3x0/vhdl/p0/iu/r.d.cnt:00
/testbench/cpu/l3/u0/leon3x0/vhdl/p0/iu/r.a.su:1
/testbench/cpu/l3/u0/leon3x0/vhdl/p0/iu/r.a.et:1
/testbench/cpu/l3/u0/leon3x0/vhdl/p0/iu/r.e.mul:0
/testbench/cpu/l3/u0/leon3x0/vhdl/p0/iu/r.e.alusel:00
/testbench/cpu/l3/u0/leon3x0/vhdl/p0/iu/r.e.aw:U
/testbench/cpu/l3/u0/leon3x0/vhdl/p0/iu/r.e.mac:0
/testbench/cpu/l3/u0/leon3x0/vhdl/p0/iu/r.a.decill:0
/testbench/cpu/l3/u0/leon3x0/vhdl/p0/iu/r.x.icc:1001
/testbench/cpu/l3/u0/leon3x0/vhdl/p0/iu/r.x.result:01000000000000000001111001001001
/testbench/cpu/l3/u0/leon3x0/vhdl/p0/iu/r.e.bp:0
/testbench/cpu/l3/u0/leon3x0/vhdl/p0/iu/r.a.rs1:00001
/testbench/cpu/l3/u0/leon3x0/vhdl/p0/iu/r.e.jmpl:0
/testbench/cpu/l3/u0/leon3x0/vhdl/p0/iu/r.a.rsel1:001
/testbench/cpu/l3/u0/leon3x0/vhdl/p0/iu/r.x.y:00000000000000000000000000000000
/testbench/cpu/l3/u0/leon3x0/vhdl/p0/iu/r.a.rsel2:100
/testbench/cpu/l3/u0/leon3x0/vhdl/p0/iu/r.a.awp:000
/testbench/cpu/l3/u0/leon3x0/vhdl/p0/iu/r.a.paw:0
/testbench/cpu/l3/u0/leon3x0/vhdl/p0/iu/r.x.data:{{00000000000000000000000000000001}}
/testbench/cpu/l3/u0/leon3x0/vhdl/p0/iu/r.m.mul:0
/testbench/cpu/l3/u0/leon3x0/vhdl/p0/iu/r.e.rd:UUUUU
/testbench/cpu/l3/u0/leon3x0/vhdl/p0/iu/r.e.invop2:0
/testbench/cpu/l3/u0/leon3x0/vhdl/p0/iu/r.m.wawp:0
/testbench/cpu/l3/u0/leon3x0/vhdl/p0/iu/r.d.cwpmax:111
/testbench/cpu/l3/u0/leon3x0/vhdl/p0/iu/r.f.branch:0
/testbench/cpu/l3/u0/leon3x0/vhdl/p0/iu/r.d.pcheld:1
/testbench/cpu/l3/u0/leon3x0/vhdl/p0/iu/r.m.dci:{0 0 0 1 0 0 {00} {00001011}}
/testbench/cpu/l3/u0/leon3x0/vhdl/p0/iu/r.e.paw:U
/testbench/cpu/l3/u0/leon3x0/vhdl/p0/iu/r.e.awp:UUU
/testbench/cpu/l3/u0/leon3x0/vhdl/p0/iu/r.e.shcnt:11100
/testbench/cpu/l3/u0/leon3x0/vhdl/p0/iu/r.w.result:00000000000000000000000000001000
/testbench/cpu/l3/u0/leon3x0/vhdl/p0/iu/r.m.mac:0
/testbench/cpu/l3/u0/leon3x0/vhdl/p0/iu/r.m.y:00000000000000000000000000000000
/testbench/cpu/l3/u0/leon3x0/vhdl/p0/iu/r.d.cwp:110
/testbench/cpu/l3/u0/leon3x0/vhdl/p0/iu/r.x.laddr:01
/testbench/cpu/l3/u0/leon3x0/vhdl/p0/iu/r.e.mulstep:0
/testbench/cpu/l3/u0/leon3x0/vhdl/p0/iu/r.e.ymsb:0
/testbench/cpu/l3/u0/leon3x0/vhdl/p0/iu/r.d.rexbuf:00000000000000000000000000000000
/testbench/cpu/l3/u0/leon3x0/vhdl/p0/iu/r.x.npc:100
/testbench/cpu/l3/u0/leon3x0/vhdl/p0/iu/r.f.pc:01000000000000000000001001111100
/testbench/cpu/l3/u0/leon3x0/vhdl/p0/iu/r.d.annul:0
/testbench/cpu/l3/u0/leon3x0/vhdl/p0/iu/r.x.rstate:run
/testbench/cpu/l3/u0/leon3x0/vhdl/p0/iu/r.x.set:0
/testbench/cpu/l3/u0/leon3x0/vhdl/p0/iu/r.m.result:00001000000010000000100000001000
/testbench/cpu/l3/u0/leon3x0/vhdl/p0/iu/r.e.icc:UUUU
/testbench/cpu/l3/u0/leon3x0/vhdl/p0/iu/r.a.getpc:0
/testbench/cpu/l3/u0/leon3x0/vhdl/p0/iu/r.a.ldchkex:1
/testbench/cpu/l3/u0/leon3x0/vhdl/p0/iu/r.x.mexc:0
/testbench/cpu/l3/u0/leon3x0/vhdl/p0/iu/r.a.mulstart:0
/testbench/cpu/l3/u0/leon3x0/vhdl/p0/iu/r.d.rexpos:10
/testbench/cpu/l3/u0/leon3x0/vhdl/p0/iu/r.x.annul_all:0
/testbench/cpu/l3/u0/leon3x0/vhdl/p0/iu/r.e.aluop:000
/testbench/cpu/l3/u0/leon3x0/vhdl/p0/iu/r.x.debug:0
/testbench/cpu/l3/u0/leon3x0/vhdl/p0/iu/r.a.rfe1:0
/testbench/cpu/l3/u0/leon3x0/vhdl/p0/iu/r.d.step:0
/testbench/cpu/l3/u0/leon3x0/vhdl/p0/iu/r.a.rfe2:0
/testbench/cpu/l3/u0/leon3x0/vhdl/p0/iu/r.e.alucin:0
/testbench/cpu/l3/u0/leon3x0/vhdl/p0/iu/r.a.wunf:0
======================================
progstatus: -2
execerr: 209
latent: 1
time limit!
>>>>>>>>>>>>>>> 5745715000
======================================
