Test signal = /testbench/cpu/l3/u0/leon3x0/vhdl/p0/iu/r.m.werr
oldval = 0
pos1: -1 pos0: 0 posU: -1
newval = 1
Signal value: 0
oldval = 0
pos1: -1 pos0: 0 posU: -1
newval = 1
force in 792411
586290000 >> iteration no: 0
1374290000 >> Requesting for the AHB bus...
1375290000 >> AHB granted, starting recovery...
1394490000 >> Recovery done, continuing...
1394540000 >> Requesting for the AHB bus...
1395365000 >> AHB granted, starting recovery...
1414565000 >> Recovery done, continuing...
1414615000 >> Requesting for the AHB bus...
1415440000 >> AHB granted, starting recovery...
1434640000 >> Recovery done, continuing...
1434690000 >> Requesting for the AHB bus...
1435515000 >> AHB granted, starting recovery...
1454715000 >> Recovery done, continuing...
1454765000 >> Requesting for the AHB bus...
1455590000 >> AHB granted, starting recovery...
1474790000 >> Recovery done, continuing...
1474840000 >> Requesting for the AHB bus...
1475665000 >> AHB granted, starting recovery...
1494865000 >> Recovery done, continuing...
1494915000 >> Requesting for the AHB bus...
1495740000 >> AHB granted, starting recovery...
1514940000 >> Recovery done, continuing...
1514990000 >> Requesting for the AHB bus...
1515815000 >> AHB granted, starting recovery...
1535015000 >> Recovery done, continuing...
1535065000 >> Requesting for the AHB bus...
1535890000 >> AHB granted, starting recovery...
1555090000 >> Recovery done, continuing...
1555140000 >> Requesting for the AHB bus...
1555965000 >> AHB granted, starting recovery...
1575165000 >> Recovery done, continuing...
1575215000 >> Requesting for the AHB bus...
1576040000 >> AHB granted, starting recovery...
1595240000 >> Recovery done, continuing...
1595290000 >> Requesting for the AHB bus...
1596115000 >> AHB granted, starting recovery...
1615315000 >> Recovery done, continuing...
1615365000 >> Requesting for the AHB bus...
1616190000 >> AHB granted, starting recovery...
1635390000 >> Recovery done, continuing...
1635440000 >> Requesting for the AHB bus...
1636265000 >> AHB granted, starting recovery...
1655465000 >> Recovery done, continuing...
1655515000 >> Requesting for the AHB bus...
1656340000 >> AHB granted, starting recovery...
1675540000 >> Recovery done, continuing...
1675590000 >> Requesting for the AHB bus...
1676415000 >> AHB granted, starting recovery...
1695615000 >> Recovery done, continuing...
1695665000 >> Requesting for the AHB bus...
1696490000 >> AHB granted, starting recovery...
1715690000 >> Recovery done, continuing...
1715740000 >> Requesting for the AHB bus...
1716565000 >> AHB granted, starting recovery...
1735765000 >> Recovery done, continuing...
1735815000 >> Requesting for the AHB bus...
1736640000 >> AHB granted, starting recovery...
1755840000 >> Recovery done, continuing...
1755890000 >> Requesting for the AHB bus...
1756715000 >> AHB granted, starting recovery...
1775915000 >> Recovery done, continuing...
1775965000 >> Requesting for the AHB bus...
1776790000 >> AHB granted, starting recovery...
1795990000 >> Recovery done, continuing...
1796040000 >> Requesting for the AHB bus...
1796865000 >> AHB granted, starting recovery...
1816065000 >> Recovery done, continuing...
1816115000 >> Requesting for the AHB bus...
1816940000 >> AHB granted, starting recovery...
1836140000 >> Recovery done, continuing...
1836190000 >> Requesting for the AHB bus...
1837015000 >> AHB granted, starting recovery...
1856215000 >> Recovery done, continuing...
1856265000 >> Requesting for the AHB bus...
1857090000 >> AHB granted, starting recovery...
1876290000 >> Recovery done, continuing...
1876340000 >> Requesting for the AHB bus...
1877165000 >> AHB granted, starting recovery...
1896365000 >> Recovery done, continuing...
1896415000 >> Requesting for the AHB bus...
1897240000 >> AHB granted, starting recovery...
1916440000 >> Recovery done, continuing...
1916490000 >> Requesting for the AHB bus...
1917315000 >> AHB granted, starting recovery...
1936515000 >> Recovery done, continuing...
1936565000 >> Requesting for the AHB bus...
1937390000 >> AHB granted, starting recovery...
1956590000 >> Recovery done, continuing...
1956640000 >> Requesting for the AHB bus...
1957465000 >> AHB granted, starting recovery...
1976665000 >> Recovery done, continuing...
1976715000 >> Requesting for the AHB bus...
1977540000 >> AHB granted, starting recovery...
1996740000 >> Recovery done, continuing...
1996790000 >> Requesting for the AHB bus...
1997615000 >> AHB granted, starting recovery...
2016815000 >> Recovery done, continuing...
2016865000 >> Requesting for the AHB bus...
2017690000 >> AHB granted, starting recovery...
2036890000 >> Recovery done, continuing...
2036940000 >> Requesting for the AHB bus...
2037765000 >> AHB granted, starting recovery...
2056965000 >> Recovery done, continuing...
2057015000 >> Requesting for the AHB bus...
2057840000 >> AHB granted, starting recovery...
2077040000 >> Recovery done, continuing...
2077090000 >> Requesting for the AHB bus...
2077915000 >> AHB granted, starting recovery...
2097115000 >> Recovery done, continuing...
2097165000 >> Requesting for the AHB bus...
2097990000 >> AHB granted, starting recovery...
2117190000 >> Recovery done, continuing...
2117240000 >> Requesting for the AHB bus...
2118065000 >> AHB granted, starting recovery...
2137265000 >> Recovery done, continuing...
2137315000 >> Requesting for the AHB bus...
2138140000 >> AHB granted, starting recovery...
2157340000 >> Recovery done, continuing...
2157390000 >> Requesting for the AHB bus...
2158215000 >> AHB granted, starting recovery...
2177415000 >> Recovery done, continuing...
2177465000 >> Requesting for the AHB bus...
2178290000 >> AHB granted, starting recovery...
2197490000 >> Recovery done, continuing...
2197540000 >> Requesting for the AHB bus...
2198365000 >> AHB granted, starting recovery...
2217565000 >> Recovery done, continuing...
2217615000 >> Requesting for the AHB bus...
2218440000 >> AHB granted, starting recovery...
2237640000 >> Recovery done, continuing...
2237690000 >> Requesting for the AHB bus...
2238515000 >> AHB granted, starting recovery...
2257715000 >> Recovery done, continuing...
2257765000 >> Requesting for the AHB bus...
2258590000 >> AHB granted, starting recovery...
2277790000 >> Recovery done, continuing...
2277840000 >> Requesting for the AHB bus...
2278665000 >> AHB granted, starting recovery...
2297865000 >> Recovery done, continuing...
2297915000 >> Requesting for the AHB bus...
2298915000 >> AHB granted, starting recovery...
2318115000 >> Recovery done, continuing...
2318165000 >> Requesting for the AHB bus...
2318990000 >> AHB granted, starting recovery...
2338190000 >> Recovery done, continuing...
2338240000 >> Requesting for the AHB bus...
2339065000 >> AHB granted, starting recovery...
2358265000 >> Recovery done, continuing...
2358315000 >> Requesting for the AHB bus...
2359140000 >> AHB granted, starting recovery...
2378340000 >> Recovery done, continuing...
2378390000 >> Requesting for the AHB bus...
2379215000 >> AHB granted, starting recovery...
2398415000 >> Recovery done, continuing...
2398465000 >> Requesting for the AHB bus...
2399290000 >> AHB granted, starting recovery...
2418490000 >> Recovery done, continuing...
2418540000 >> Requesting for the AHB bus...
2419365000 >> AHB granted, starting recovery...
2438565000 >> Recovery done, continuing...
2438615000 >> Requesting for the AHB bus...
2439440000 >> AHB granted, starting recovery...
2458640000 >> Recovery done, continuing...
2458690000 >> Requesting for the AHB bus...
2459515000 >> AHB granted, starting recovery...
2478715000 >> Recovery done, continuing...
2478765000 >> Requesting for the AHB bus...
2479590000 >> AHB granted, starting recovery...
2498790000 >> Recovery done, continuing...
2498840000 >> Requesting for the AHB bus...
2499665000 >> AHB granted, starting recovery...
2518865000 >> Recovery done, continuing...
2518915000 >> Requesting for the AHB bus...
2519740000 >> AHB granted, starting recovery...
2538940000 >> Recovery done, continuing...
2538990000 >> Requesting for the AHB bus...
2539815000 >> AHB granted, starting recovery...
2559015000 >> Recovery done, continuing...
2559065000 >> Requesting for the AHB bus...
2559890000 >> AHB granted, starting recovery...
2579090000 >> Recovery done, continuing...
2579140000 >> Requesting for the AHB bus...
2579965000 >> AHB granted, starting recovery...
2599165000 >> Recovery done, continuing...
2599215000 >> Requesting for the AHB bus...
2600040000 >> AHB granted, starting recovery...
2619240000 >> Recovery done, continuing...
2619290000 >> Requesting for the AHB bus...
2620115000 >> AHB granted, starting recovery...
2639315000 >> Recovery done, continuing...
2639365000 >> Requesting for the AHB bus...
2640190000 >> AHB granted, starting recovery...
2659390000 >> Recovery done, continuing...
2659440000 >> Requesting for the AHB bus...
2660265000 >> AHB granted, starting recovery...
2679465000 >> Recovery done, continuing...
2679515000 >> Requesting for the AHB bus...
2680340000 >> AHB granted, starting recovery...
2699540000 >> Recovery done, continuing...
2699590000 >> Requesting for the AHB bus...
2700415000 >> AHB granted, starting recovery...
2719615000 >> Recovery done, continuing...
2719665000 >> Requesting for the AHB bus...
2720490000 >> AHB granted, starting recovery...
2739690000 >> Recovery done, continuing...
2739740000 >> Requesting for the AHB bus...
2740565000 >> AHB granted, starting recovery...
2759765000 >> Recovery done, continuing...
2759815000 >> Requesting for the AHB bus...
2760640000 >> AHB granted, starting recovery...
2779840000 >> Recovery done, continuing...
2779890000 >> Requesting for the AHB bus...
2780715000 >> AHB granted, starting recovery...
2799915000 >> Recovery done, continuing...
2799965000 >> Requesting for the AHB bus...
2800790000 >> AHB granted, starting recovery...
2819990000 >> Recovery done, continuing...
2820040000 >> Requesting for the AHB bus...
2820865000 >> AHB granted, starting recovery...
2840065000 >> Recovery done, continuing...
2840115000 >> Requesting for the AHB bus...
2840940000 >> AHB granted, starting recovery...
2860140000 >> Recovery done, continuing...
2860190000 >> Requesting for the AHB bus...
2861015000 >> AHB granted, starting recovery...
2880215000 >> Recovery done, continuing...
2880265000 >> Requesting for the AHB bus...
2881090000 >> AHB granted, starting recovery...
2900290000 >> Recovery done, continuing...
2900340000 >> Requesting for the AHB bus...
2901165000 >> AHB granted, starting recovery...
2920365000 >> Recovery done, continuing...
2920415000 >> Requesting for the AHB bus...
2921240000 >> AHB granted, starting recovery...
2940440000 >> Recovery done, continuing...
2940490000 >> Requesting for the AHB bus...
2941315000 >> AHB granted, starting recovery...
2960515000 >> Recovery done, continuing...
2960565000 >> Requesting for the AHB bus...
2961390000 >> AHB granted, starting recovery...
2980590000 >> Recovery done, continuing...
2980640000 >> Requesting for the AHB bus...
2981465000 >> AHB granted, starting recovery...
3000665000 >> Recovery done, continuing...
3000715000 >> Requesting for the AHB bus...
3001540000 >> AHB granted, starting recovery...
3020740000 >> Recovery done, continuing...
3020790000 >> Requesting for the AHB bus...
3021615000 >> AHB granted, starting recovery...
3040815000 >> Recovery done, continuing...
3040865000 >> Requesting for the AHB bus...
3041690000 >> AHB granted, starting recovery...
3060890000 >> Recovery done, continuing...
3060940000 >> Requesting for the AHB bus...
3061765000 >> AHB granted, starting recovery...
3080965000 >> Recovery done, continuing...
3081015000 >> Requesting for the AHB bus...
3081840000 >> AHB granted, starting recovery...
3101040000 >> Recovery done, continuing...
3101090000 >> Requesting for the AHB bus...
3101915000 >> AHB granted, starting recovery...
3121115000 >> Recovery done, continuing...
3121165000 >> Requesting for the AHB bus...
3121990000 >> AHB granted, starting recovery...
3141190000 >> Recovery done, continuing...
3141240000 >> Requesting for the AHB bus...
3142065000 >> AHB granted, starting recovery...
3161265000 >> Recovery done, continuing...
3161315000 >> Requesting for the AHB bus...
3162140000 >> AHB granted, starting recovery...
3181340000 >> Recovery done, continuing...
3181390000 >> Requesting for the AHB bus...
3182215000 >> AHB granted, starting recovery...
3201415000 >> Recovery done, continuing...
3201465000 >> Requesting for the AHB bus...
3202290000 >> AHB granted, starting recovery...
3221490000 >> Recovery done, continuing...
3221540000 >> Requesting for the AHB bus...
3222365000 >> AHB granted, starting recovery...
3241565000 >> Recovery done, continuing...
3241615000 >> Requesting for the AHB bus...
3242440000 >> AHB granted, starting recovery...
3261640000 >> Recovery done, continuing...
3261690000 >> Requesting for the AHB bus...
3262515000 >> AHB granted, starting recovery...
3281715000 >> Recovery done, continuing...
3281765000 >> Requesting for the AHB bus...
3282590000 >> AHB granted, starting recovery...
3301790000 >> Recovery done, continuing...
3301840000 >> Requesting for the AHB bus...
3302665000 >> AHB granted, starting recovery...
3321865000 >> Recovery done, continuing...
3321915000 >> Requesting for the AHB bus...
3322915000 >> AHB granted, starting recovery...
3342115000 >> Recovery done, continuing...
3342165000 >> Requesting for the AHB bus...
3342990000 >> AHB granted, starting recovery...
3362190000 >> Recovery done, continuing...
3362240000 >> Requesting for the AHB bus...
3363065000 >> AHB granted, starting recovery...
3382265000 >> Recovery done, continuing...
3382315000 >> Requesting for the AHB bus...
3383140000 >> AHB granted, starting recovery...
3402340000 >> Recovery done, continuing...
3402390000 >> Requesting for the AHB bus...
3403215000 >> AHB granted, starting recovery...
3422415000 >> Recovery done, continuing...
3422465000 >> Requesting for the AHB bus...
3423290000 >> AHB granted, starting recovery...
3442490000 >> Recovery done, continuing...
3442540000 >> Requesting for the AHB bus...
3443365000 >> AHB granted, starting recovery...
3462565000 >> Recovery done, continuing...
3462615000 >> Requesting for the AHB bus...
3463440000 >> AHB granted, starting recovery...
3482640000 >> Recovery done, continuing...
3482690000 >> Requesting for the AHB bus...
3483515000 >> AHB granted, starting recovery...
3502715000 >> Recovery done, continuing...
3502765000 >> Requesting for the AHB bus...
3503590000 >> AHB granted, starting recovery...
3522790000 >> Recovery done, continuing...
3522840000 >> Requesting for the AHB bus...
3523665000 >> AHB granted, starting recovery...
3542865000 >> Recovery done, continuing...
3542915000 >> Requesting for the AHB bus...
3543740000 >> AHB granted, starting recovery...
3562940000 >> Recovery done, continuing...
3562990000 >> Requesting for the AHB bus...
3563815000 >> AHB granted, starting recovery...
3583015000 >> Recovery done, continuing...
3583065000 >> Requesting for the AHB bus...
3583890000 >> AHB granted, starting recovery...
3603090000 >> Recovery done, continuing...
3603140000 >> Requesting for the AHB bus...
3603965000 >> AHB granted, starting recovery...
3623165000 >> Recovery done, continuing...
3623215000 >> Requesting for the AHB bus...
3624040000 >> AHB granted, starting recovery...
3643240000 >> Recovery done, continuing...
3643290000 >> Requesting for the AHB bus...
3644115000 >> AHB granted, starting recovery...
3663315000 >> Recovery done, continuing...
3663365000 >> Requesting for the AHB bus...
3664190000 >> AHB granted, starting recovery...
3683390000 >> Recovery done, continuing...
3683440000 >> Requesting for the AHB bus...
3684265000 >> AHB granted, starting recovery...
3703465000 >> Recovery done, continuing...
3703515000 >> Requesting for the AHB bus...
3704340000 >> AHB granted, starting recovery...
3723540000 >> Recovery done, continuing...
3723590000 >> Requesting for the AHB bus...
3724415000 >> AHB granted, starting recovery...
3743615000 >> Recovery done, continuing...
3743665000 >> Requesting for the AHB bus...
3744490000 >> AHB granted, starting recovery...
3763690000 >> Recovery done, continuing...
3763740000 >> Requesting for the AHB bus...
3764565000 >> AHB granted, starting recovery...
3783765000 >> Recovery done, continuing...
3783815000 >> Requesting for the AHB bus...
3784640000 >> AHB granted, starting recovery...
3803840000 >> Recovery done, continuing...
3803890000 >> Requesting for the AHB bus...
3804715000 >> AHB granted, starting recovery...
3823915000 >> Recovery done, continuing...
3823965000 >> Requesting for the AHB bus...
3824790000 >> AHB granted, starting recovery...
3843990000 >> Recovery done, continuing...
3844040000 >> Requesting for the AHB bus...
3844865000 >> AHB granted, starting recovery...
3864065000 >> Recovery done, continuing...
3864115000 >> Requesting for the AHB bus...
3864940000 >> AHB granted, starting recovery...
3884140000 >> Recovery done, continuing...
3884190000 >> Requesting for the AHB bus...
3885015000 >> AHB granted, starting recovery...
3904215000 >> Recovery done, continuing...
3904265000 >> Requesting for the AHB bus...
3905090000 >> AHB granted, starting recovery...
3924290000 >> Recovery done, continuing...
3924340000 >> Requesting for the AHB bus...
3925165000 >> AHB granted, starting recovery...
3944365000 >> Recovery done, continuing...
3944415000 >> Requesting for the AHB bus...
3945240000 >> AHB granted, starting recovery...
3964440000 >> Recovery done, continuing...
3964490000 >> Requesting for the AHB bus...
3965315000 >> AHB granted, starting recovery...
3984515000 >> Recovery done, continuing...
3984565000 >> Requesting for the AHB bus...
3985390000 >> AHB granted, starting recovery...
4004590000 >> Recovery done, continuing...
4004640000 >> Requesting for the AHB bus...
4005465000 >> AHB granted, starting recovery...
4024665000 >> Recovery done, continuing...
4024715000 >> Requesting for the AHB bus...
4025540000 >> AHB granted, starting recovery...
4044740000 >> Recovery done, continuing...
4044790000 >> Requesting for the AHB bus...
4045615000 >> AHB granted, starting recovery...
4064815000 >> Recovery done, continuing...
4064865000 >> Requesting for the AHB bus...
4065690000 >> AHB granted, starting recovery...
4084890000 >> Recovery done, continuing...
4084940000 >> Requesting for the AHB bus...
4085765000 >> AHB granted, starting recovery...
4104965000 >> Recovery done, continuing...
4105015000 >> Requesting for the AHB bus...
4105840000 >> AHB granted, starting recovery...
4125040000 >> Recovery done, continuing...
4125090000 >> Requesting for the AHB bus...
4125915000 >> AHB granted, starting recovery...
4145115000 >> Recovery done, continuing...
4145165000 >> Requesting for the AHB bus...
4145990000 >> AHB granted, starting recovery...
4165190000 >> Recovery done, continuing...
4165240000 >> Requesting for the AHB bus...
4166065000 >> AHB granted, starting recovery...
4185265000 >> Recovery done, continuing...
4185315000 >> Requesting for the AHB bus...
4186140000 >> AHB granted, starting recovery...
4205340000 >> Recovery done, continuing...
4205390000 >> Requesting for the AHB bus...
4206215000 >> AHB granted, starting recovery...
4225415000 >> Recovery done, continuing...
4225465000 >> Requesting for the AHB bus...
4226290000 >> AHB granted, starting recovery...
4245490000 >> Recovery done, continuing...
4245540000 >> Requesting for the AHB bus...
4246365000 >> AHB granted, starting recovery...
4265565000 >> Recovery done, continuing...
4265615000 >> Requesting for the AHB bus...
4266440000 >> AHB granted, starting recovery...
4285640000 >> Recovery done, continuing...
4285690000 >> Requesting for the AHB bus...
4286515000 >> AHB granted, starting recovery...
4305715000 >> Recovery done, continuing...
4305765000 >> Requesting for the AHB bus...
4306590000 >> AHB granted, starting recovery...
4325790000 >> Recovery done, continuing...
4325840000 >> Requesting for the AHB bus...
4326665000 >> AHB granted, starting recovery...
4345865000 >> Recovery done, continuing...
4345915000 >> Requesting for the AHB bus...
4346915000 >> AHB granted, starting recovery...
4366115000 >> Recovery done, continuing...
4366165000 >> Requesting for the AHB bus...
4366990000 >> AHB granted, starting recovery...
4386190000 >> Recovery done, continuing...
4386240000 >> Requesting for the AHB bus...
4387065000 >> AHB granted, starting recovery...
4406265000 >> Recovery done, continuing...
4406315000 >> Requesting for the AHB bus...
4407140000 >> AHB granted, starting recovery...
4426340000 >> Recovery done, continuing...
4426390000 >> Requesting for the AHB bus...
4427215000 >> AHB granted, starting recovery...
4446415000 >> Recovery done, continuing...
4446465000 >> Requesting for the AHB bus...
4447290000 >> AHB granted, starting recovery...
4466490000 >> Recovery done, continuing...
4466540000 >> Requesting for the AHB bus...
4467365000 >> AHB granted, starting recovery...
4486565000 >> Recovery done, continuing...
4486615000 >> Requesting for the AHB bus...
4487440000 >> AHB granted, starting recovery...
4506640000 >> Recovery done, continuing...
4506690000 >> Requesting for the AHB bus...
4507515000 >> AHB granted, starting recovery...
4526715000 >> Recovery done, continuing...
4526765000 >> Requesting for the AHB bus...
4527590000 >> AHB granted, starting recovery...
4546790000 >> Recovery done, continuing...
4546840000 >> Requesting for the AHB bus...
4547665000 >> AHB granted, starting recovery...
4566865000 >> Recovery done, continuing...
4566915000 >> Requesting for the AHB bus...
4567740000 >> AHB granted, starting recovery...
4586940000 >> Recovery done, continuing...
4586990000 >> Requesting for the AHB bus...
4587815000 >> AHB granted, starting recovery...
4607015000 >> Recovery done, continuing...
4607065000 >> Requesting for the AHB bus...
4607890000 >> AHB granted, starting recovery...
4627090000 >> Recovery done, continuing...
4627140000 >> Requesting for the AHB bus...
4627965000 >> AHB granted, starting recovery...
4647165000 >> Recovery done, continuing...
4647215000 >> Requesting for the AHB bus...
4648040000 >> AHB granted, starting recovery...
4667240000 >> Recovery done, continuing...
4667290000 >> Requesting for the AHB bus...
4668115000 >> AHB granted, starting recovery...
4687315000 >> Recovery done, continuing...
4687365000 >> Requesting for the AHB bus...
4688190000 >> AHB granted, starting recovery...
4707390000 >> Recovery done, continuing...
4707440000 >> Requesting for the AHB bus...
4708265000 >> AHB granted, starting recovery...
4727465000 >> Recovery done, continuing...
4727515000 >> Requesting for the AHB bus...
4728340000 >> AHB granted, starting recovery...
4747540000 >> Recovery done, continuing...
4747590000 >> Requesting for the AHB bus...
4748415000 >> AHB granted, starting recovery...
4767615000 >> Recovery done, continuing...
4767665000 >> Requesting for the AHB bus...
4768490000 >> AHB granted, starting recovery...
4787690000 >> Recovery done, continuing...
4787740000 >> Requesting for the AHB bus...
4788565000 >> AHB granted, starting recovery...
4807765000 >> Recovery done, continuing...
4807815000 >> Requesting for the AHB bus...
4808640000 >> AHB granted, starting recovery...
4827840000 >> Recovery done, continuing...
4827890000 >> Requesting for the AHB bus...
4828715000 >> AHB granted, starting recovery...
4847915000 >> Recovery done, continuing...
4847965000 >> Requesting for the AHB bus...
4848790000 >> AHB granted, starting recovery...
4867990000 >> Recovery done, continuing...
4868040000 >> Requesting for the AHB bus...
4868865000 >> AHB granted, starting recovery...
4888065000 >> Recovery done, continuing...
4888115000 >> Requesting for the AHB bus...
4888940000 >> AHB granted, starting recovery...
4908140000 >> Recovery done, continuing...
4908190000 >> Requesting for the AHB bus...
4909015000 >> AHB granted, starting recovery...
4928215000 >> Recovery done, continuing...
4928265000 >> Requesting for the AHB bus...
4929090000 >> AHB granted, starting recovery...
4948290000 >> Recovery done, continuing...
4948340000 >> Requesting for the AHB bus...
4949165000 >> AHB granted, starting recovery...
4968365000 >> Recovery done, continuing...
4968415000 >> Requesting for the AHB bus...
4969240000 >> AHB granted, starting recovery...
4988440000 >> Recovery done, continuing...
4988490000 >> Requesting for the AHB bus...
4989315000 >> AHB granted, starting recovery...
5008515000 >> Recovery done, continuing...
5008565000 >> Requesting for the AHB bus...
5009390000 >> AHB granted, starting recovery...
5028590000 >> Recovery done, continuing...
5028640000 >> Requesting for the AHB bus...
5029465000 >> AHB granted, starting recovery...
5048665000 >> Recovery done, continuing...
5048715000 >> Requesting for the AHB bus...
5049540000 >> AHB granted, starting recovery...
5068740000 >> Recovery done, continuing...
5068790000 >> Requesting for the AHB bus...
5069615000 >> AHB granted, starting recovery...
5088815000 >> Recovery done, continuing...
5088865000 >> Requesting for the AHB bus...
5089690000 >> AHB granted, starting recovery...
5108890000 >> Recovery done, continuing...
5108940000 >> Requesting for the AHB bus...
5109765000 >> AHB granted, starting recovery...
5128965000 >> Recovery done, continuing...
5129015000 >> Requesting for the AHB bus...
5129840000 >> AHB granted, starting recovery...
5149040000 >> Recovery done, continuing...
5149090000 >> Requesting for the AHB bus...
5149915000 >> AHB granted, starting recovery...
5169115000 >> Recovery done, continuing...
5169165000 >> Requesting for the AHB bus...
5169990000 >> AHB granted, starting recovery...
5189190000 >> Recovery done, continuing...
5189240000 >> Requesting for the AHB bus...
5190065000 >> AHB granted, starting recovery...
5209265000 >> Recovery done, continuing...
5209315000 >> Requesting for the AHB bus...
5210140000 >> AHB granted, starting recovery...
5229340000 >> Recovery done, continuing...
5229390000 >> Requesting for the AHB bus...
5230215000 >> AHB granted, starting recovery...
5249415000 >> Recovery done, continuing...
5249465000 >> Requesting for the AHB bus...
5250290000 >> AHB granted, starting recovery...
5269490000 >> Recovery done, continuing...
5269540000 >> Requesting for the AHB bus...
5270365000 >> AHB granted, starting recovery...
5289565000 >> Recovery done, continuing...
5289615000 >> Requesting for the AHB bus...
5290440000 >> AHB granted, starting recovery...
5309640000 >> Recovery done, continuing...
5309690000 >> Requesting for the AHB bus...
5310515000 >> AHB granted, starting recovery...
5329715000 >> Recovery done, continuing...
5329765000 >> Requesting for the AHB bus...
5330590000 >> AHB granted, starting recovery...
5349790000 >> Recovery done, continuing...
5349840000 >> Requesting for the AHB bus...
5350665000 >> AHB granted, starting recovery...
5369865000 >> Recovery done, continuing...
5369915000 >> Requesting for the AHB bus...
5370915000 >> AHB granted, starting recovery...
5390115000 >> Recovery done, continuing...
5390165000 >> Requesting for the AHB bus...
5390990000 >> AHB granted, starting recovery...
5410190000 >> Recovery done, continuing...
5410240000 >> Requesting for the AHB bus...
5411065000 >> AHB granted, starting recovery...
5430265000 >> Recovery done, continuing...
5430315000 >> Requesting for the AHB bus...
5431140000 >> AHB granted, starting recovery...
5450340000 >> Recovery done, continuing...
5450390000 >> Requesting for the AHB bus...
5451215000 >> AHB granted, starting recovery...
5470415000 >> Recovery done, continuing...
5470465000 >> Requesting for the AHB bus...
5471290000 >> AHB granted, starting recovery...
5490490000 >> Recovery done, continuing...
5490540000 >> Requesting for the AHB bus...
5491365000 >> AHB granted, starting recovery...
5510565000 >> Recovery done, continuing...
5510615000 >> Requesting for the AHB bus...
5511440000 >> AHB granted, starting recovery...
5530640000 >> Recovery done, continuing...
5530690000 >> Requesting for the AHB bus...
5531515000 >> AHB granted, starting recovery...
5550715000 >> Recovery done, continuing...
5550765000 >> Requesting for the AHB bus...
5551590000 >> AHB granted, starting recovery...
5570790000 >> Recovery done, continuing...
5570840000 >> Requesting for the AHB bus...
5571665000 >> AHB granted, starting recovery...
5590865000 >> Recovery done, continuing...
5590915000 >> Requesting for the AHB bus...
5591740000 >> AHB granted, starting recovery...
5610940000 >> Recovery done, continuing...
5610990000 >> Requesting for the AHB bus...
5611815000 >> AHB granted, starting recovery...
5631015000 >> Recovery done, continuing...
5631065000 >> Requesting for the AHB bus...
5631890000 >> AHB granted, starting recovery...
5651090000 >> Recovery done, continuing...
5651140000 >> Requesting for the AHB bus...
5651965000 >> AHB granted, starting recovery...
5671165000 >> Recovery done, continuing...
5671215000 >> Requesting for the AHB bus...
5672040000 >> AHB granted, starting recovery...
5691240000 >> Recovery done, continuing...
5691290000 >> Requesting for the AHB bus...
5692115000 >> AHB granted, starting recovery...
5711315000 >> Recovery done, continuing...
5711365000 >> Requesting for the AHB bus...
5712190000 >> AHB granted, starting recovery...
5731390000 >> Recovery done, continuing...
5731440000 >> Requesting for the AHB bus...
5732265000 >> AHB granted, starting recovery...
5745715000 >> time limit reached...
/testbench/cpu/l3/u0/leon3x0/vhdl/p0/iu/r.w.wreg:0
/testbench/cpu/l3/u0/leon3x0/vhdl/p0/iu/r.m.irqen:1
/testbench/cpu/l3/u0/leon3x0/vhdl/p0/iu/r.m.icc:0000
/testbench/cpu/l3/u0/leon3x0/vhdl/p0/iu/r.a.ticc:0
/testbench/cpu/l3/u0/leon3x0/vhdl/p0/iu/r.a.step:0
/testbench/cpu/l3/u0/leon3x0/vhdl/p0/iu/r.m.irqen2:1
/testbench/cpu/l3/u0/leon3x0/vhdl/p0/iu/r.d.pc:01000000000000000000001100100100
/testbench/cpu/l3/u0/leon3x0/vhdl/p0/iu/r.d.rexpl:{{00000000000000000000000000000000} {00} {0} 0 0 {0000000000000000000} 0 0 0 0 0 0}
/testbench/cpu/l3/u0/leon3x0/vhdl/p0/iu/r.d.mexc:0
/testbench/cpu/l3/u0/leon3x0/vhdl/p0/iu/r.a.aw:0
/testbench/cpu/l3/u0/leon3x0/vhdl/p0/iu/r.e.ctrl:{{01000000000000000000001100100000} {11000100000001111010000001000100} {00} {10000010} {000000} 0 0 1 0 0 1 1 0 0}
/testbench/cpu/l3/u0/leon3x0/vhdl/p0/iu/r.a.divstart:0
/testbench/cpu/l3/u0/leon3x0/vhdl/p0/iu/r.e.shleft:0
/testbench/cpu/l3/u0/leon3x0/vhdl/p0/iu/r.a.bp:0
/testbench/cpu/l3/u0/leon3x0/vhdl/p0/iu/r.w.twcwp:000
/testbench/cpu/l3/u0/leon3x0/vhdl/p0/iu/r.a.jmpl:0
/testbench/cpu/l3/u0/leon3x0/vhdl/p0/iu/r.m.casa:0
/testbench/cpu/l3/u0/leon3x0/vhdl/p0/iu/r.m.werr:1
/testbench/cpu/l3/u0/leon3x0/vhdl/p0/iu/r.e.su:1
/testbench/cpu/l3/u0/leon3x0/vhdl/p0/iu/r.e.et:1
/testbench/cpu/l3/u0/leon3x0/vhdl/p0/iu/r.a.ldcheck1:1
/testbench/cpu/l3/u0/leon3x0/vhdl/p0/iu/r.d.stwin:000
/testbench/cpu/l3/u0/leon3x0/vhdl/p0/iu/r.a.ldcheck2:1
/testbench/cpu/l3/u0/leon3x0/vhdl/p0/iu/r.x.intack:0
/testbench/cpu/l3/u0/leon3x0/vhdl/p0/iu/r.m.ctrl:{{01000000000000000000001100011100} {11000010000001111011111111110100} {00} {10000001} {000000} 0 0 1 0 0 1 1 0 0}
/testbench/cpu/l3/u0/leon3x0/vhdl/p0/iu/r.a.cwp:101
/testbench/cpu/l3/u0/leon3x0/vhdl/p0/iu/r.e.sari:0
/testbench/cpu/l3/u0/leon3x0/vhdl/p0/iu/r.d.paw:0
/testbench/cpu/l3/u0/leon3x0/vhdl/p0/iu/r.d.aw:0
/testbench/cpu/l3/u0/leon3x0/vhdl/p0/iu/r.d.awp:000
/testbench/cpu/l3/u0/leon3x0/vhdl/p0/iu/r.x.ctrl:{{01000000000000000000001100011000} {11000010001011111011111111111111} {01} {10000001} {000000} 0 0 0 0 0 0 0 0 0}
/testbench/cpu/l3/u0/leon3x0/vhdl/p0/iu/r.m.rexnalign:0
/testbench/cpu/l3/u0/leon3x0/vhdl/p0/iu/r.m.su:1
/testbench/cpu/l3/u0/leon3x0/vhdl/p0/iu/r.m.wcwp:0
/testbench/cpu/l3/u0/leon3x0/vhdl/p0/iu/r.d.divrdy:0
/testbench/cpu/l3/u0/leon3x0/vhdl/p0/iu/r.e.cwp:101
/testbench/cpu/l3/u0/leon3x0/vhdl/p0/iu/r.w.except:0
/testbench/cpu/l3/u0/leon3x0/vhdl/p0/iu/r.x.nerror:0
/testbench/cpu/l3/u0/leon3x0/vhdl/p0/iu/r.a.bpimiss:0
/testbench/cpu/l3/u0/leon3x0/vhdl/p0/iu/r.a.nobp:0
/testbench/cpu/l3/u0/leon3x0/vhdl/p0/iu/r.d.rexcnt:0
/testbench/cpu/l3/u0/leon3x0/vhdl/p0/iu/r.w.s:{{101} {0000} {00000000} {01000000000000000000} {00000010} {0000} 0 0 1 1 1 {00000000000000000000000000000000} {UUUUUUUUUUUUUUUUUUUUUUUUUUUUUUUU} 1 0 0 1 1 1 0 0 {000} {000} {111}}
/testbench/cpu/l3/u0/leon3x0/vhdl/p0/iu/r.d.pv:1
/testbench/cpu/l3/u0/leon3x0/vhdl/p0/iu/r.a.ldchkra:1
/testbench/cpu/l3/u0/leon3x0/vhdl/p0/iu/r.a.rfa1:10000010
/testbench/cpu/l3/u0/leon3x0/vhdl/p0/iu/r.a.rfa2:10000001
/testbench/cpu/l3/u0/leon3x0/vhdl/p0/iu/r.a.imm:00000000000000000000000000000001
/testbench/cpu/l3/u0/leon3x0/vhdl/p0/iu/r.w.wa:10000001
/testbench/cpu/l3/u0/leon3x0/vhdl/p0/iu/r.m.casaz:0
/testbench/cpu/l3/u0/leon3x0/vhdl/p0/iu/r.x.dci:{0 0 0 1 0 0 {00} {00001011}}
/testbench/cpu/l3/u0/leon3x0/vhdl/p0/iu/r.x.mac:0
/testbench/cpu/l3/u0/leon3x0/vhdl/p0/iu/r.m.divz:0
/testbench/cpu/l3/u0/leon3x0/vhdl/p0/iu/r.d.inst:{{10000010000000001000000000000001}}
/testbench/cpu/l3/u0/leon3x0/vhdl/p0/iu/r.e.rfe1:1
/testbench/cpu/l3/u0/leon3x0/vhdl/p0/iu/r.a.wovf:0
/testbench/cpu/l3/u0/leon3x0/vhdl/p0/iu/r.e.rfe2:0
/testbench/cpu/l3/u0/leon3x0/vhdl/p0/iu/r.e.op1:01000000000011111111111010100000
/testbench/cpu/l3/u0/leon3x0/vhdl/p0/iu/r.m.nalign:0
/testbench/cpu/l3/u0/leon3x0/vhdl/p0/iu/r.e.op2:00000000000000000000000001000100
/testbench/cpu/l3/u0/leon3x0/vhdl/p0/iu/r.d.rexen:0
/testbench/cpu/l3/u0/leon3x0/vhdl/p0/iu/r.a.ctrl:{{01000000000000000000001100100100} {10000010000000001000000000000001} {00} {10000001} {000000} 0 1 0 0 0 0 0 0 0}
/testbench/cpu/l3/u0/leon3x0/vhdl/p0/iu/r.x.ipend:0
/testbench/cpu/l3/u0/leon3x0/vhdl/p0/iu/r.e.ldbp1:0
/testbench/cpu/l3/u0/leon3x0/vhdl/p0/iu/r.e.aluadd:1
/testbench/cpu/l3/u0/leon3x0/vhdl/p0/iu/r.d.set:0
/testbench/cpu/l3/u0/leon3x0/vhdl/p0/iu/r.d.inull:0
/testbench/cpu/l3/u0/leon3x0/vhdl/p0/iu/r.e.ldbp2:0
/testbench/cpu/l3/u0/leon3x0/vhdl/p0/iu/r.d.cnt:00
/testbench/cpu/l3/u0/leon3x0/vhdl/p0/iu/r.a.su:1
/testbench/cpu/l3/u0/leon3x0/vhdl/p0/iu/r.a.et:1
/testbench/cpu/l3/u0/leon3x0/vhdl/p0/iu/r.e.mul:0
/testbench/cpu/l3/u0/leon3x0/vhdl/p0/iu/r.e.alusel:00
/testbench/cpu/l3/u0/leon3x0/vhdl/p0/iu/r.e.aw:U
/testbench/cpu/l3/u0/leon3x0/vhdl/p0/iu/r.e.mac:0
/testbench/cpu/l3/u0/leon3x0/vhdl/p0/iu/r.a.decill:0
/testbench/cpu/l3/u0/leon3x0/vhdl/p0/iu/r.x.icc:0000
/testbench/cpu/l3/u0/leon3x0/vhdl/p0/iu/r.x.result:00000100000001000000010000000100
/testbench/cpu/l3/u0/leon3x0/vhdl/p0/iu/r.e.bp:0
/testbench/cpu/l3/u0/leon3x0/vhdl/p0/iu/r.a.rs1:00010
/testbench/cpu/l3/u0/leon3x0/vhdl/p0/iu/r.e.jmpl:0
/testbench/cpu/l3/u0/leon3x0/vhdl/p0/iu/r.a.rsel1:001
/testbench/cpu/l3/u0/leon3x0/vhdl/p0/iu/r.x.y:00000000000000000000000000000000
/testbench/cpu/l3/u0/leon3x0/vhdl/p0/iu/r.a.rsel2:010
/testbench/cpu/l3/u0/leon3x0/vhdl/p0/iu/r.a.awp:000
/testbench/cpu/l3/u0/leon3x0/vhdl/p0/iu/r.a.paw:0
/testbench/cpu/l3/u0/leon3x0/vhdl/p0/iu/r.x.data:{{00000000000000000000000000000100}}
/testbench/cpu/l3/u0/leon3x0/vhdl/p0/iu/r.m.mul:0
/testbench/cpu/l3/u0/leon3x0/vhdl/p0/iu/r.e.rd:UUUUU
/testbench/cpu/l3/u0/leon3x0/vhdl/p0/iu/r.e.invop2:0
/testbench/cpu/l3/u0/leon3x0/vhdl/p0/iu/r.m.wawp:0
/testbench/cpu/l3/u0/leon3x0/vhdl/p0/iu/r.d.cwpmax:111
/testbench/cpu/l3/u0/leon3x0/vhdl/p0/iu/r.f.branch:0
/testbench/cpu/l3/u0/leon3x0/vhdl/p0/iu/r.d.pcheld:1
/testbench/cpu/l3/u0/leon3x0/vhdl/p0/iu/r.m.dci:{0 1 1 0 0 0 {10} {00001011}}
/testbench/cpu/l3/u0/leon3x0/vhdl/p0/iu/r.e.paw:U
/testbench/cpu/l3/u0/leon3x0/vhdl/p0/iu/r.e.awp:UUU
/testbench/cpu/l3/u0/leon3x0/vhdl/p0/iu/r.e.shcnt:00100
/testbench/cpu/l3/u0/leon3x0/vhdl/p0/iu/r.w.result:01000000000011111111111010011111
/testbench/cpu/l3/u0/leon3x0/vhdl/p0/iu/r.m.mac:0
/testbench/cpu/l3/u0/leon3x0/vhdl/p0/iu/r.m.y:00000000000000000000000000000000
/testbench/cpu/l3/u0/leon3x0/vhdl/p0/iu/r.d.cwp:101
/testbench/cpu/l3/u0/leon3x0/vhdl/p0/iu/r.x.laddr:00
/testbench/cpu/l3/u0/leon3x0/vhdl/p0/iu/r.e.mulstep:0
/testbench/cpu/l3/u0/leon3x0/vhdl/p0/iu/r.e.ymsb:0
/testbench/cpu/l3/u0/leon3x0/vhdl/p0/iu/r.d.rexbuf:00000000000000000000000000000000
/testbench/cpu/l3/u0/leon3x0/vhdl/p0/iu/r.x.npc:100
/testbench/cpu/l3/u0/leon3x0/vhdl/p0/iu/r.f.pc:01000000000000000000001100101000
/testbench/cpu/l3/u0/leon3x0/vhdl/p0/iu/r.d.annul:0
/testbench/cpu/l3/u0/leon3x0/vhdl/p0/iu/r.x.rstate:run
/testbench/cpu/l3/u0/leon3x0/vhdl/p0/iu/r.x.set:0
/testbench/cpu/l3/u0/leon3x0/vhdl/p0/iu/r.m.result:01000000000011111111111010010100
/testbench/cpu/l3/u0/leon3x0/vhdl/p0/iu/r.e.icc:UUUU
/testbench/cpu/l3/u0/leon3x0/vhdl/p0/iu/r.a.getpc:0
/testbench/cpu/l3/u0/leon3x0/vhdl/p0/iu/r.a.ldchkex:1
/testbench/cpu/l3/u0/leon3x0/vhdl/p0/iu/r.x.mexc:0
/testbench/cpu/l3/u0/leon3x0/vhdl/p0/iu/r.a.mulstart:0
/testbench/cpu/l3/u0/leon3x0/vhdl/p0/iu/r.d.rexpos:10
/testbench/cpu/l3/u0/leon3x0/vhdl/p0/iu/r.x.annul_all:0
/testbench/cpu/l3/u0/leon3x0/vhdl/p0/iu/r.e.aluop:000
/testbench/cpu/l3/u0/leon3x0/vhdl/p0/iu/r.x.debug:0
/testbench/cpu/l3/u0/leon3x0/vhdl/p0/iu/r.a.rfe1:0
/testbench/cpu/l3/u0/leon3x0/vhdl/p0/iu/r.d.step:0
/testbench/cpu/l3/u0/leon3x0/vhdl/p0/iu/r.a.rfe2:0
/testbench/cpu/l3/u0/leon3x0/vhdl/p0/iu/r.e.alucin:0
/testbench/cpu/l3/u0/leon3x0/vhdl/p0/iu/r.a.wunf:0
======================================
progstatus: -2
execerr: 218
latent: 1
time limit!
>>>>>>>>>>>>>>> 5745715000
======================================
