Test signal = /testbench/cpu/l3/u0/leon3x0/vhdl/p0/iu/r.a.rfa1
oldval = 10000000
pos1: 0 pos0: 7 posU: -1
newval = 00000000
Signal value: 10000000
oldval = 10000000
pos1: 0 pos0: 7 posU: -1
newval = 00000000
force in 849939
586290000 >> iteration no: 0
1431715000 >> Requesting for the AHB bus...
1432340000 >> Requesting for the AHB bus...
1432740000 >> AHB granted, starting recovery...
1451940000 >> Recovery done, continuing...
1451990000 >> Requesting for the AHB bus...
1453040000 >> AHB granted, starting recovery...
1472240000 >> Recovery done, continuing...
1472290000 >> Requesting for the AHB bus...
1473515000 >> AHB granted, starting recovery...
1492715000 >> Recovery done, continuing...
1492765000 >> Requesting for the AHB bus...
1493815000 >> AHB granted, starting recovery...
1513015000 >> Recovery done, continuing...
1513065000 >> Requesting for the AHB bus...
1514115000 >> AHB granted, starting recovery...
1533315000 >> Recovery done, continuing...
1533365000 >> Requesting for the AHB bus...
1534415000 >> AHB granted, starting recovery...
1553615000 >> Recovery done, continuing...
1553665000 >> Requesting for the AHB bus...
1554715000 >> AHB granted, starting recovery...
1573915000 >> Recovery done, continuing...
1573965000 >> Requesting for the AHB bus...
1575015000 >> AHB granted, starting recovery...
1594215000 >> Recovery done, continuing...
1594265000 >> Requesting for the AHB bus...
1595315000 >> AHB granted, starting recovery...
1614515000 >> Recovery done, continuing...
1614565000 >> Requesting for the AHB bus...
1615615000 >> AHB granted, starting recovery...
1634815000 >> Recovery done, continuing...
1634865000 >> Requesting for the AHB bus...
1635915000 >> AHB granted, starting recovery...
1655115000 >> Recovery done, continuing...
1655165000 >> Requesting for the AHB bus...
1656215000 >> AHB granted, starting recovery...
1675415000 >> Recovery done, continuing...
1675465000 >> Requesting for the AHB bus...
1676515000 >> AHB granted, starting recovery...
1695715000 >> Recovery done, continuing...
1695765000 >> Requesting for the AHB bus...
1696815000 >> AHB granted, starting recovery...
1716015000 >> Recovery done, continuing...
1716065000 >> Requesting for the AHB bus...
1717115000 >> AHB granted, starting recovery...
1736315000 >> Recovery done, continuing...
1736365000 >> Requesting for the AHB bus...
1737415000 >> AHB granted, starting recovery...
1756615000 >> Recovery done, continuing...
1756665000 >> Requesting for the AHB bus...
1757715000 >> AHB granted, starting recovery...
1776915000 >> Recovery done, continuing...
1776965000 >> Requesting for the AHB bus...
1778015000 >> AHB granted, starting recovery...
1797215000 >> Recovery done, continuing...
1797265000 >> Requesting for the AHB bus...
1798315000 >> AHB granted, starting recovery...
1817515000 >> Recovery done, continuing...
1817565000 >> Requesting for the AHB bus...
1818615000 >> AHB granted, starting recovery...
1837815000 >> Recovery done, continuing...
1837865000 >> Requesting for the AHB bus...
1838915000 >> AHB granted, starting recovery...
1858115000 >> Recovery done, continuing...
1858165000 >> Requesting for the AHB bus...
1859215000 >> AHB granted, starting recovery...
1878415000 >> Recovery done, continuing...
1878465000 >> Requesting for the AHB bus...
1879515000 >> AHB granted, starting recovery...
1898715000 >> Recovery done, continuing...
1898765000 >> Requesting for the AHB bus...
1899815000 >> AHB granted, starting recovery...
1919015000 >> Recovery done, continuing...
1919065000 >> Requesting for the AHB bus...
1920115000 >> AHB granted, starting recovery...
1939315000 >> Recovery done, continuing...
1939365000 >> Requesting for the AHB bus...
1940590000 >> AHB granted, starting recovery...
1959790000 >> Recovery done, continuing...
1959840000 >> Requesting for the AHB bus...
1960890000 >> AHB granted, starting recovery...
1980090000 >> Recovery done, continuing...
1980140000 >> Requesting for the AHB bus...
1981190000 >> AHB granted, starting recovery...
2000390000 >> Recovery done, continuing...
2000440000 >> Requesting for the AHB bus...
2001490000 >> AHB granted, starting recovery...
2020690000 >> Recovery done, continuing...
2020740000 >> Requesting for the AHB bus...
2021790000 >> AHB granted, starting recovery...
2040990000 >> Recovery done, continuing...
2041040000 >> Requesting for the AHB bus...
2042090000 >> AHB granted, starting recovery...
2061290000 >> Recovery done, continuing...
2061340000 >> Requesting for the AHB bus...
2062390000 >> AHB granted, starting recovery...
2081590000 >> Recovery done, continuing...
2081640000 >> Requesting for the AHB bus...
2082690000 >> AHB granted, starting recovery...
2101890000 >> Recovery done, continuing...
2101940000 >> Requesting for the AHB bus...
2102990000 >> AHB granted, starting recovery...
2122190000 >> Recovery done, continuing...
2122240000 >> Requesting for the AHB bus...
2123290000 >> AHB granted, starting recovery...
2142490000 >> Recovery done, continuing...
2142540000 >> Requesting for the AHB bus...
2143590000 >> AHB granted, starting recovery...
2162790000 >> Recovery done, continuing...
2162840000 >> Requesting for the AHB bus...
2163890000 >> AHB granted, starting recovery...
2183090000 >> Recovery done, continuing...
2183140000 >> Requesting for the AHB bus...
2184190000 >> AHB granted, starting recovery...
2203390000 >> Recovery done, continuing...
2203440000 >> Requesting for the AHB bus...
2204490000 >> AHB granted, starting recovery...
2223690000 >> Recovery done, continuing...
2223740000 >> Requesting for the AHB bus...
2224790000 >> AHB granted, starting recovery...
2243990000 >> Recovery done, continuing...
2244040000 >> Requesting for the AHB bus...
2245090000 >> AHB granted, starting recovery...
2264290000 >> Recovery done, continuing...
2264340000 >> Requesting for the AHB bus...
2265390000 >> AHB granted, starting recovery...
2284590000 >> Recovery done, continuing...
2284640000 >> Requesting for the AHB bus...
2285690000 >> AHB granted, starting recovery...
2304890000 >> Recovery done, continuing...
2304940000 >> Requesting for the AHB bus...
2305990000 >> AHB granted, starting recovery...
2325190000 >> Recovery done, continuing...
2325240000 >> Requesting for the AHB bus...
2326290000 >> AHB granted, starting recovery...
2345490000 >> Recovery done, continuing...
2345540000 >> Requesting for the AHB bus...
2346590000 >> AHB granted, starting recovery...
2365790000 >> Recovery done, continuing...
2365840000 >> Requesting for the AHB bus...
2366890000 >> AHB granted, starting recovery...
2386090000 >> Recovery done, continuing...
2386140000 >> Requesting for the AHB bus...
2387190000 >> AHB granted, starting recovery...
2406390000 >> Recovery done, continuing...
2406440000 >> Requesting for the AHB bus...
2407665000 >> AHB granted, starting recovery...
2426865000 >> Recovery done, continuing...
2426915000 >> Requesting for the AHB bus...
2427965000 >> AHB granted, starting recovery...
2447165000 >> Recovery done, continuing...
2447215000 >> Requesting for the AHB bus...
2448265000 >> AHB granted, starting recovery...
2467465000 >> Recovery done, continuing...
2467515000 >> Requesting for the AHB bus...
2468565000 >> AHB granted, starting recovery...
2487765000 >> Recovery done, continuing...
2487815000 >> Requesting for the AHB bus...
2488865000 >> AHB granted, starting recovery...
2508065000 >> Recovery done, continuing...
2508115000 >> Requesting for the AHB bus...
2509165000 >> AHB granted, starting recovery...
2528365000 >> Recovery done, continuing...
2528415000 >> Requesting for the AHB bus...
2529540000 >> AHB granted, starting recovery...
2548740000 >> Recovery done, continuing...
2548790000 >> Requesting for the AHB bus...
2549840000 >> AHB granted, starting recovery...
2569040000 >> Recovery done, continuing...
2569090000 >> Requesting for the AHB bus...
2570140000 >> AHB granted, starting recovery...
2589340000 >> Recovery done, continuing...
2589390000 >> Requesting for the AHB bus...
2590440000 >> AHB granted, starting recovery...
2609640000 >> Recovery done, continuing...
2609690000 >> Requesting for the AHB bus...
2610740000 >> AHB granted, starting recovery...
2629940000 >> Recovery done, continuing...
2629990000 >> Requesting for the AHB bus...
2631040000 >> AHB granted, starting recovery...
2650240000 >> Recovery done, continuing...
2650290000 >> Requesting for the AHB bus...
2651340000 >> AHB granted, starting recovery...
2670540000 >> Recovery done, continuing...
2670590000 >> Requesting for the AHB bus...
2671640000 >> AHB granted, starting recovery...
2690840000 >> Recovery done, continuing...
2690890000 >> Requesting for the AHB bus...
2691940000 >> AHB granted, starting recovery...
2711140000 >> Recovery done, continuing...
2711190000 >> Requesting for the AHB bus...
2712240000 >> AHB granted, starting recovery...
2731440000 >> Recovery done, continuing...
2731490000 >> Requesting for the AHB bus...
2732540000 >> AHB granted, starting recovery...
2751740000 >> Recovery done, continuing...
2751790000 >> Requesting for the AHB bus...
2752840000 >> AHB granted, starting recovery...
2772040000 >> Recovery done, continuing...
2772090000 >> Requesting for the AHB bus...
2773140000 >> AHB granted, starting recovery...
2792340000 >> Recovery done, continuing...
2792390000 >> Requesting for the AHB bus...
2793440000 >> AHB granted, starting recovery...
2812640000 >> Recovery done, continuing...
2812690000 >> Requesting for the AHB bus...
2813740000 >> AHB granted, starting recovery...
2832940000 >> Recovery done, continuing...
2832990000 >> Requesting for the AHB bus...
2834040000 >> AHB granted, starting recovery...
2853240000 >> Recovery done, continuing...
2853290000 >> Requesting for the AHB bus...
2854340000 >> AHB granted, starting recovery...
2873540000 >> Recovery done, continuing...
2873590000 >> Requesting for the AHB bus...
2874815000 >> AHB granted, starting recovery...
2894015000 >> Recovery done, continuing...
2894065000 >> Requesting for the AHB bus...
2895115000 >> AHB granted, starting recovery...
2914315000 >> Recovery done, continuing...
2914365000 >> Requesting for the AHB bus...
2915415000 >> AHB granted, starting recovery...
2934615000 >> Recovery done, continuing...
2934665000 >> Requesting for the AHB bus...
2935715000 >> AHB granted, starting recovery...
2954915000 >> Recovery done, continuing...
2954965000 >> Requesting for the AHB bus...
2956015000 >> AHB granted, starting recovery...
2975215000 >> Recovery done, continuing...
2975265000 >> Requesting for the AHB bus...
2976315000 >> AHB granted, starting recovery...
2995515000 >> Recovery done, continuing...
2995565000 >> Requesting for the AHB bus...
2996740000 >> AHB granted, starting recovery...
3015940000 >> Recovery done, continuing...
3015990000 >> Requesting for the AHB bus...
3017040000 >> AHB granted, starting recovery...
3036240000 >> Recovery done, continuing...
3036290000 >> Requesting for the AHB bus...
3037340000 >> AHB granted, starting recovery...
3056540000 >> Recovery done, continuing...
3056590000 >> Requesting for the AHB bus...
3057640000 >> AHB granted, starting recovery...
3076840000 >> Recovery done, continuing...
3076890000 >> Requesting for the AHB bus...
3077940000 >> AHB granted, starting recovery...
3097140000 >> Recovery done, continuing...
3097190000 >> Requesting for the AHB bus...
3098240000 >> AHB granted, starting recovery...
3117440000 >> Recovery done, continuing...
3117490000 >> Requesting for the AHB bus...
3118540000 >> AHB granted, starting recovery...
3137740000 >> Recovery done, continuing...
3137790000 >> Requesting for the AHB bus...
3138840000 >> AHB granted, starting recovery...
3158040000 >> Recovery done, continuing...
3158090000 >> Requesting for the AHB bus...
3159140000 >> AHB granted, starting recovery...
3178340000 >> Recovery done, continuing...
3178390000 >> Requesting for the AHB bus...
3179440000 >> AHB granted, starting recovery...
3198640000 >> Recovery done, continuing...
3198690000 >> Requesting for the AHB bus...
3199740000 >> AHB granted, starting recovery...
3218940000 >> Recovery done, continuing...
3218990000 >> Requesting for the AHB bus...
3220040000 >> AHB granted, starting recovery...
3239240000 >> Recovery done, continuing...
3239290000 >> Requesting for the AHB bus...
3240340000 >> AHB granted, starting recovery...
3259540000 >> Recovery done, continuing...
3259590000 >> Requesting for the AHB bus...
3260640000 >> AHB granted, starting recovery...
3279840000 >> Recovery done, continuing...
3279890000 >> Requesting for the AHB bus...
3280940000 >> AHB granted, starting recovery...
3300140000 >> Recovery done, continuing...
3300190000 >> Requesting for the AHB bus...
3301240000 >> AHB granted, starting recovery...
3320440000 >> Recovery done, continuing...
3320490000 >> Requesting for the AHB bus...
3321540000 >> AHB granted, starting recovery...
3340740000 >> Recovery done, continuing...
3340790000 >> Requesting for the AHB bus...
3342015000 >> AHB granted, starting recovery...
3361215000 >> Recovery done, continuing...
3361265000 >> Requesting for the AHB bus...
3362315000 >> AHB granted, starting recovery...
3381515000 >> Recovery done, continuing...
3381565000 >> Requesting for the AHB bus...
3382615000 >> AHB granted, starting recovery...
3401815000 >> Recovery done, continuing...
3401865000 >> Requesting for the AHB bus...
3402915000 >> AHB granted, starting recovery...
3422115000 >> Recovery done, continuing...
3422165000 >> Requesting for the AHB bus...
3423215000 >> AHB granted, starting recovery...
3442415000 >> Recovery done, continuing...
3442465000 >> Requesting for the AHB bus...
3443515000 >> AHB granted, starting recovery...
3462715000 >> Recovery done, continuing...
3462765000 >> Requesting for the AHB bus...
3463940000 >> AHB granted, starting recovery...
3483140000 >> Recovery done, continuing...
3483190000 >> Requesting for the AHB bus...
3484240000 >> AHB granted, starting recovery...
3503440000 >> Recovery done, continuing...
3503490000 >> Requesting for the AHB bus...
3504540000 >> AHB granted, starting recovery...
3523740000 >> Recovery done, continuing...
3523790000 >> Requesting for the AHB bus...
3524840000 >> AHB granted, starting recovery...
3544040000 >> Recovery done, continuing...
3544090000 >> Requesting for the AHB bus...
3545140000 >> AHB granted, starting recovery...
3564340000 >> Recovery done, continuing...
3564390000 >> Requesting for the AHB bus...
3565440000 >> AHB granted, starting recovery...
3584640000 >> Recovery done, continuing...
3584690000 >> Requesting for the AHB bus...
3585740000 >> AHB granted, starting recovery...
3604940000 >> Recovery done, continuing...
3604990000 >> Requesting for the AHB bus...
3606040000 >> AHB granted, starting recovery...
3625240000 >> Recovery done, continuing...
3625290000 >> Requesting for the AHB bus...
3626340000 >> AHB granted, starting recovery...
3645540000 >> Recovery done, continuing...
3645590000 >> Requesting for the AHB bus...
3646640000 >> AHB granted, starting recovery...
3665840000 >> Recovery done, continuing...
3665890000 >> Requesting for the AHB bus...
3666940000 >> AHB granted, starting recovery...
3686140000 >> Recovery done, continuing...
3686190000 >> Requesting for the AHB bus...
3687240000 >> AHB granted, starting recovery...
3706440000 >> Recovery done, continuing...
3706490000 >> Requesting for the AHB bus...
3707540000 >> AHB granted, starting recovery...
3726740000 >> Recovery done, continuing...
3726790000 >> Requesting for the AHB bus...
3727840000 >> AHB granted, starting recovery...
3747040000 >> Recovery done, continuing...
3747090000 >> Requesting for the AHB bus...
3748140000 >> AHB granted, starting recovery...
3767340000 >> Recovery done, continuing...
3767390000 >> Requesting for the AHB bus...
3768440000 >> AHB granted, starting recovery...
3787640000 >> Recovery done, continuing...
3787690000 >> Requesting for the AHB bus...
3788740000 >> AHB granted, starting recovery...
3807940000 >> Recovery done, continuing...
3807990000 >> Requesting for the AHB bus...
3809215000 >> AHB granted, starting recovery...
3828415000 >> Recovery done, continuing...
3828465000 >> Requesting for the AHB bus...
3829515000 >> AHB granted, starting recovery...
3848715000 >> Recovery done, continuing...
3848765000 >> Requesting for the AHB bus...
3849815000 >> AHB granted, starting recovery...
3869015000 >> Recovery done, continuing...
3869065000 >> Requesting for the AHB bus...
3870115000 >> AHB granted, starting recovery...
3889315000 >> Recovery done, continuing...
3889365000 >> Requesting for the AHB bus...
3890415000 >> AHB granted, starting recovery...
3909615000 >> Recovery done, continuing...
3909665000 >> Requesting for the AHB bus...
3910715000 >> AHB granted, starting recovery...
3929915000 >> Recovery done, continuing...
3929965000 >> Requesting for the AHB bus...
3931140000 >> AHB granted, starting recovery...
3950340000 >> Recovery done, continuing...
3950390000 >> Requesting for the AHB bus...
3951440000 >> AHB granted, starting recovery...
3970640000 >> Recovery done, continuing...
3970690000 >> Requesting for the AHB bus...
3971740000 >> AHB granted, starting recovery...
3990940000 >> Recovery done, continuing...
3990990000 >> Requesting for the AHB bus...
3992040000 >> AHB granted, starting recovery...
4011240000 >> Recovery done, continuing...
4011290000 >> Requesting for the AHB bus...
4012340000 >> AHB granted, starting recovery...
4031540000 >> Recovery done, continuing...
4031590000 >> Requesting for the AHB bus...
4032640000 >> AHB granted, starting recovery...
4051840000 >> Recovery done, continuing...
4051890000 >> Requesting for the AHB bus...
4052940000 >> AHB granted, starting recovery...
4072140000 >> Recovery done, continuing...
4072190000 >> Requesting for the AHB bus...
4073240000 >> AHB granted, starting recovery...
4092440000 >> Recovery done, continuing...
4092490000 >> Requesting for the AHB bus...
4093540000 >> AHB granted, starting recovery...
4112740000 >> Recovery done, continuing...
4112790000 >> Requesting for the AHB bus...
4113840000 >> AHB granted, starting recovery...
4133040000 >> Recovery done, continuing...
4133090000 >> Requesting for the AHB bus...
4134140000 >> AHB granted, starting recovery...
4153340000 >> Recovery done, continuing...
4153390000 >> Requesting for the AHB bus...
4154440000 >> AHB granted, starting recovery...
4173640000 >> Recovery done, continuing...
4173690000 >> Requesting for the AHB bus...
4174740000 >> AHB granted, starting recovery...
4193940000 >> Recovery done, continuing...
4193990000 >> Requesting for the AHB bus...
4195040000 >> AHB granted, starting recovery...
4214240000 >> Recovery done, continuing...
4214290000 >> Requesting for the AHB bus...
4215340000 >> AHB granted, starting recovery...
4234540000 >> Recovery done, continuing...
4234590000 >> Requesting for the AHB bus...
4235640000 >> AHB granted, starting recovery...
4254840000 >> Recovery done, continuing...
4254890000 >> Requesting for the AHB bus...
4255940000 >> AHB granted, starting recovery...
4275140000 >> Recovery done, continuing...
4275190000 >> Requesting for the AHB bus...
4276415000 >> AHB granted, starting recovery...
4295615000 >> Recovery done, continuing...
4295665000 >> Requesting for the AHB bus...
4296715000 >> AHB granted, starting recovery...
4315915000 >> Recovery done, continuing...
4315965000 >> Requesting for the AHB bus...
4317015000 >> AHB granted, starting recovery...
4336215000 >> Recovery done, continuing...
4336265000 >> Requesting for the AHB bus...
4337315000 >> AHB granted, starting recovery...
4356515000 >> Recovery done, continuing...
4356565000 >> Requesting for the AHB bus...
4357615000 >> AHB granted, starting recovery...
4376815000 >> Recovery done, continuing...
4376865000 >> Requesting for the AHB bus...
4377915000 >> AHB granted, starting recovery...
4397115000 >> Recovery done, continuing...
4397165000 >> Requesting for the AHB bus...
4398340000 >> AHB granted, starting recovery...
4417540000 >> Recovery done, continuing...
4417590000 >> Requesting for the AHB bus...
4418640000 >> AHB granted, starting recovery...
4437840000 >> Recovery done, continuing...
4437890000 >> Requesting for the AHB bus...
4438940000 >> AHB granted, starting recovery...
4458140000 >> Recovery done, continuing...
4458190000 >> Requesting for the AHB bus...
4459240000 >> AHB granted, starting recovery...
4478440000 >> Recovery done, continuing...
4478490000 >> Requesting for the AHB bus...
4479540000 >> AHB granted, starting recovery...
4498740000 >> Recovery done, continuing...
4498790000 >> Requesting for the AHB bus...
4499840000 >> AHB granted, starting recovery...
4519040000 >> Recovery done, continuing...
4519090000 >> Requesting for the AHB bus...
4520140000 >> AHB granted, starting recovery...
4539340000 >> Recovery done, continuing...
4539390000 >> Requesting for the AHB bus...
4540440000 >> AHB granted, starting recovery...
4559640000 >> Recovery done, continuing...
4559690000 >> Requesting for the AHB bus...
4560740000 >> AHB granted, starting recovery...
4579940000 >> Recovery done, continuing...
4579990000 >> Requesting for the AHB bus...
4581040000 >> AHB granted, starting recovery...
4600240000 >> Recovery done, continuing...
4600290000 >> Requesting for the AHB bus...
4601340000 >> AHB granted, starting recovery...
4620540000 >> Recovery done, continuing...
4620590000 >> Requesting for the AHB bus...
4621640000 >> AHB granted, starting recovery...
4640840000 >> Recovery done, continuing...
4640890000 >> Requesting for the AHB bus...
4641940000 >> AHB granted, starting recovery...
4661140000 >> Recovery done, continuing...
4661190000 >> Requesting for the AHB bus...
4662240000 >> AHB granted, starting recovery...
4681440000 >> Recovery done, continuing...
4681490000 >> Requesting for the AHB bus...
4682540000 >> AHB granted, starting recovery...
4701740000 >> Recovery done, continuing...
4701790000 >> Requesting for the AHB bus...
4702840000 >> AHB granted, starting recovery...
4722040000 >> Recovery done, continuing...
4722090000 >> Requesting for the AHB bus...
4723140000 >> AHB granted, starting recovery...
4742340000 >> Recovery done, continuing...
4742390000 >> Requesting for the AHB bus...
4743615000 >> AHB granted, starting recovery...
4762815000 >> Recovery done, continuing...
4762865000 >> Requesting for the AHB bus...
4763915000 >> AHB granted, starting recovery...
4783115000 >> Recovery done, continuing...
4783165000 >> Requesting for the AHB bus...
4784215000 >> AHB granted, starting recovery...
4803415000 >> Recovery done, continuing...
4803465000 >> Requesting for the AHB bus...
4804515000 >> AHB granted, starting recovery...
4823715000 >> Recovery done, continuing...
4823765000 >> Requesting for the AHB bus...
4824815000 >> AHB granted, starting recovery...
4844015000 >> Recovery done, continuing...
4844065000 >> Requesting for the AHB bus...
4845115000 >> AHB granted, starting recovery...
4864315000 >> Recovery done, continuing...
4864365000 >> Requesting for the AHB bus...
4865540000 >> AHB granted, starting recovery...
4884740000 >> Recovery done, continuing...
4884790000 >> Requesting for the AHB bus...
4885840000 >> AHB granted, starting recovery...
4905040000 >> Recovery done, continuing...
4905090000 >> Requesting for the AHB bus...
4906140000 >> AHB granted, starting recovery...
4925340000 >> Recovery done, continuing...
4925390000 >> Requesting for the AHB bus...
4926440000 >> AHB granted, starting recovery...
4945640000 >> Recovery done, continuing...
4945690000 >> Requesting for the AHB bus...
4946740000 >> AHB granted, starting recovery...
4965940000 >> Recovery done, continuing...
4965990000 >> Requesting for the AHB bus...
4967040000 >> AHB granted, starting recovery...
4986240000 >> Recovery done, continuing...
4986290000 >> Requesting for the AHB bus...
4987340000 >> AHB granted, starting recovery...
5006540000 >> Recovery done, continuing...
5006590000 >> Requesting for the AHB bus...
5007640000 >> AHB granted, starting recovery...
5026840000 >> Recovery done, continuing...
5026890000 >> Requesting for the AHB bus...
5027940000 >> AHB granted, starting recovery...
5047140000 >> Recovery done, continuing...
5047190000 >> Requesting for the AHB bus...
5048240000 >> AHB granted, starting recovery...
5067440000 >> Recovery done, continuing...
5067490000 >> Requesting for the AHB bus...
5068540000 >> AHB granted, starting recovery...
5087740000 >> Recovery done, continuing...
5087790000 >> Requesting for the AHB bus...
5088840000 >> AHB granted, starting recovery...
5108040000 >> Recovery done, continuing...
5108090000 >> Requesting for the AHB bus...
5109140000 >> AHB granted, starting recovery...
5128340000 >> Recovery done, continuing...
5128390000 >> Requesting for the AHB bus...
5129440000 >> AHB granted, starting recovery...
5148640000 >> Recovery done, continuing...
5148690000 >> Requesting for the AHB bus...
5149740000 >> AHB granted, starting recovery...
5168940000 >> Recovery done, continuing...
5168990000 >> Requesting for the AHB bus...
5170040000 >> AHB granted, starting recovery...
5189240000 >> Recovery done, continuing...
5189290000 >> Requesting for the AHB bus...
5190340000 >> AHB granted, starting recovery...
5209540000 >> Recovery done, continuing...
5209590000 >> Requesting for the AHB bus...
5210815000 >> AHB granted, starting recovery...
5230015000 >> Recovery done, continuing...
5230065000 >> Requesting for the AHB bus...
5231115000 >> AHB granted, starting recovery...
5250315000 >> Recovery done, continuing...
5250365000 >> Requesting for the AHB bus...
5251415000 >> AHB granted, starting recovery...
5270615000 >> Recovery done, continuing...
5270665000 >> Requesting for the AHB bus...
5271715000 >> AHB granted, starting recovery...
5290915000 >> Recovery done, continuing...
5290965000 >> Requesting for the AHB bus...
5292015000 >> AHB granted, starting recovery...
5311215000 >> Recovery done, continuing...
5311265000 >> Requesting for the AHB bus...
5312315000 >> AHB granted, starting recovery...
5331515000 >> Recovery done, continuing...
5331565000 >> Requesting for the AHB bus...
5332740000 >> AHB granted, starting recovery...
5351940000 >> Recovery done, continuing...
5351990000 >> Requesting for the AHB bus...
5353040000 >> AHB granted, starting recovery...
5372240000 >> Recovery done, continuing...
5372290000 >> Requesting for the AHB bus...
5373340000 >> AHB granted, starting recovery...
5392540000 >> Recovery done, continuing...
5392590000 >> Requesting for the AHB bus...
5393640000 >> AHB granted, starting recovery...
5412840000 >> Recovery done, continuing...
5412890000 >> Requesting for the AHB bus...
5413940000 >> AHB granted, starting recovery...
5433140000 >> Recovery done, continuing...
5433190000 >> Requesting for the AHB bus...
5434240000 >> AHB granted, starting recovery...
5453440000 >> Recovery done, continuing...
5453490000 >> Requesting for the AHB bus...
5454540000 >> AHB granted, starting recovery...
5473740000 >> Recovery done, continuing...
5473790000 >> Requesting for the AHB bus...
5474840000 >> AHB granted, starting recovery...
5494040000 >> Recovery done, continuing...
5494090000 >> Requesting for the AHB bus...
5495140000 >> AHB granted, starting recovery...
5514340000 >> Recovery done, continuing...
5514390000 >> Requesting for the AHB bus...
5515440000 >> AHB granted, starting recovery...
5534640000 >> Recovery done, continuing...
5534690000 >> Requesting for the AHB bus...
5535740000 >> AHB granted, starting recovery...
5554940000 >> Recovery done, continuing...
5554990000 >> Requesting for the AHB bus...
5556040000 >> AHB granted, starting recovery...
5575240000 >> Recovery done, continuing...
5575290000 >> Requesting for the AHB bus...
5576340000 >> AHB granted, starting recovery...
5595540000 >> Recovery done, continuing...
5595590000 >> Requesting for the AHB bus...
5596640000 >> AHB granted, starting recovery...
5615840000 >> Recovery done, continuing...
5615890000 >> Requesting for the AHB bus...
5616940000 >> AHB granted, starting recovery...
5636140000 >> Recovery done, continuing...
5636190000 >> Requesting for the AHB bus...
5637240000 >> AHB granted, starting recovery...
5656440000 >> Recovery done, continuing...
5656490000 >> Requesting for the AHB bus...
5657540000 >> AHB granted, starting recovery...
5676740000 >> Recovery done, continuing...
5676790000 >> Requesting for the AHB bus...
5678015000 >> AHB granted, starting recovery...
5697215000 >> Recovery done, continuing...
5697265000 >> Requesting for the AHB bus...
5698315000 >> AHB granted, starting recovery...
5717515000 >> Recovery done, continuing...
5717565000 >> Requesting for the AHB bus...
5718615000 >> AHB granted, starting recovery...
5737815000 >> Recovery done, continuing...
5737865000 >> Requesting for the AHB bus...
5738915000 >> AHB granted, starting recovery...
5745715000 >> time limit reached...
/testbench/cpu/l3/u0/leon3x0/vhdl/p0/iu/r.w.wreg:1
/testbench/cpu/l3/u0/leon3x0/vhdl/p0/iu/r.m.irqen:1
/testbench/cpu/l3/u0/leon3x0/vhdl/p0/iu/r.m.icc:0000
/testbench/cpu/l3/u0/leon3x0/vhdl/p0/iu/r.a.ticc:0
/testbench/cpu/l3/u0/leon3x0/vhdl/p0/iu/r.a.step:0
/testbench/cpu/l3/u0/leon3x0/vhdl/p0/iu/r.m.irqen2:1
/testbench/cpu/l3/u0/leon3x0/vhdl/p0/iu/r.d.pc:01000000000000000000001011011100
/testbench/cpu/l3/u0/leon3x0/vhdl/p0/iu/r.d.rexpl:{{00000000000000000000000000000000} {00} {0} 0 0 {0000000000000000000} 0 0 0 0 0 0}
/testbench/cpu/l3/u0/leon3x0/vhdl/p0/iu/r.d.mexc:0
/testbench/cpu/l3/u0/leon3x0/vhdl/p0/iu/r.a.aw:0
/testbench/cpu/l3/u0/leon3x0/vhdl/p0/iu/r.e.ctrl:{{01000000000000000000001011010100} {11000010000001111011111111110100} {00} {10000001} {000000} 0 0 1 0 0 1 1 0 0}
/testbench/cpu/l3/u0/leon3x0/vhdl/p0/iu/r.a.divstart:0
/testbench/cpu/l3/u0/leon3x0/vhdl/p0/iu/r.e.shleft:0
/testbench/cpu/l3/u0/leon3x0/vhdl/p0/iu/r.a.bp:0
/testbench/cpu/l3/u0/leon3x0/vhdl/p0/iu/r.w.twcwp:000
/testbench/cpu/l3/u0/leon3x0/vhdl/p0/iu/r.a.jmpl:0
/testbench/cpu/l3/u0/leon3x0/vhdl/p0/iu/r.m.casa:0
/testbench/cpu/l3/u0/leon3x0/vhdl/p0/iu/r.m.werr:0
/testbench/cpu/l3/u0/leon3x0/vhdl/p0/iu/r.e.su:1
/testbench/cpu/l3/u0/leon3x0/vhdl/p0/iu/r.e.et:1
/testbench/cpu/l3/u0/leon3x0/vhdl/p0/iu/r.a.ldcheck1:1
/testbench/cpu/l3/u0/leon3x0/vhdl/p0/iu/r.d.stwin:000
/testbench/cpu/l3/u0/leon3x0/vhdl/p0/iu/r.a.ldcheck2:0
/testbench/cpu/l3/u0/leon3x0/vhdl/p0/iu/r.x.intack:0
/testbench/cpu/l3/u0/leon3x0/vhdl/p0/iu/r.m.ctrl:{{01000000000000000000001011010000} {11000010001001111011111111111000} {01} {10000001} {000000} 0 0 0 0 0 0 0 0 0}
/testbench/cpu/l3/u0/leon3x0/vhdl/p0/iu/r.a.cwp:101
/testbench/cpu/l3/u0/leon3x0/vhdl/p0/iu/r.e.sari:0
/testbench/cpu/l3/u0/leon3x0/vhdl/p0/iu/r.d.paw:0
/testbench/cpu/l3/u0/leon3x0/vhdl/p0/iu/r.d.aw:0
/testbench/cpu/l3/u0/leon3x0/vhdl/p0/iu/r.d.awp:000
/testbench/cpu/l3/u0/leon3x0/vhdl/p0/iu/r.x.ctrl:{{01000000000000000000001011010000} {11000010001001111011111111111000} {00} {10000001} {000000} 0 0 0 0 0 0 1 0 0}
/testbench/cpu/l3/u0/leon3x0/vhdl/p0/iu/r.m.rexnalign:0
/testbench/cpu/l3/u0/leon3x0/vhdl/p0/iu/r.m.su:1
/testbench/cpu/l3/u0/leon3x0/vhdl/p0/iu/r.m.wcwp:0
/testbench/cpu/l3/u0/leon3x0/vhdl/p0/iu/r.d.divrdy:0
/testbench/cpu/l3/u0/leon3x0/vhdl/p0/iu/r.e.cwp:101
/testbench/cpu/l3/u0/leon3x0/vhdl/p0/iu/r.w.except:0
/testbench/cpu/l3/u0/leon3x0/vhdl/p0/iu/r.x.nerror:0
/testbench/cpu/l3/u0/leon3x0/vhdl/p0/iu/r.a.bpimiss:0
/testbench/cpu/l3/u0/leon3x0/vhdl/p0/iu/r.a.nobp:0
/testbench/cpu/l3/u0/leon3x0/vhdl/p0/iu/r.d.rexcnt:0
/testbench/cpu/l3/u0/leon3x0/vhdl/p0/iu/r.w.s:{{101} {0000} {00000000} {01000000000000000000} {00000010} {0000} 0 0 1 1 1 {00000000000000000000000000000000} {UUUUUUUUUUUUUUUUUUUUUUUUUUUUUUUU} 1 0 0 1 1 1 0 0 {000} {000} {111}}
/testbench/cpu/l3/u0/leon3x0/vhdl/p0/iu/r.d.pv:1
/testbench/cpu/l3/u0/leon3x0/vhdl/p0/iu/r.a.ldchkra:1
/testbench/cpu/l3/u0/leon3x0/vhdl/p0/iu/r.a.rfa1:01101110
/testbench/cpu/l3/u0/leon3x0/vhdl/p0/iu/r.a.rfa2:10000100
/testbench/cpu/l3/u0/leon3x0/vhdl/p0/iu/r.a.imm:00000000000000000000000001000100
/testbench/cpu/l3/u0/leon3x0/vhdl/p0/iu/r.w.wa:10000001
/testbench/cpu/l3/u0/leon3x0/vhdl/p0/iu/r.m.casaz:0
/testbench/cpu/l3/u0/leon3x0/vhdl/p0/iu/r.x.dci:{0 1 0 0 0 0 {10} {00001011}}
/testbench/cpu/l3/u0/leon3x0/vhdl/p0/iu/r.x.mac:0
/testbench/cpu/l3/u0/leon3x0/vhdl/p0/iu/r.m.divz:0
/testbench/cpu/l3/u0/leon3x0/vhdl/p0/iu/r.d.inst:{{10000010000000001000000000000001}}
/testbench/cpu/l3/u0/leon3x0/vhdl/p0/iu/r.e.rfe1:1
/testbench/cpu/l3/u0/leon3x0/vhdl/p0/iu/r.a.wovf:0
/testbench/cpu/l3/u0/leon3x0/vhdl/p0/iu/r.e.rfe2:0
/testbench/cpu/l3/u0/leon3x0/vhdl/p0/iu/r.e.op1:01000000000011111111111010100000
/testbench/cpu/l3/u0/leon3x0/vhdl/p0/iu/r.m.nalign:1
/testbench/cpu/l3/u0/leon3x0/vhdl/p0/iu/r.e.op2:11111111111111111111111111110100
/testbench/cpu/l3/u0/leon3x0/vhdl/p0/iu/r.d.rexen:0
/testbench/cpu/l3/u0/leon3x0/vhdl/p0/iu/r.a.ctrl:{{01000000000000000000001011011000} {11000100000001111010000001000100} {00} {10000010} {000000} 0 0 1 0 0 1 1 0 0}
/testbench/cpu/l3/u0/leon3x0/vhdl/p0/iu/r.x.ipend:0
/testbench/cpu/l3/u0/leon3x0/vhdl/p0/iu/r.e.ldbp1:0
/testbench/cpu/l3/u0/leon3x0/vhdl/p0/iu/r.e.aluadd:1
/testbench/cpu/l3/u0/leon3x0/vhdl/p0/iu/r.d.set:0
/testbench/cpu/l3/u0/leon3x0/vhdl/p0/iu/r.d.inull:0
/testbench/cpu/l3/u0/leon3x0/vhdl/p0/iu/r.e.ldbp2:0
/testbench/cpu/l3/u0/leon3x0/vhdl/p0/iu/r.d.cnt:00
/testbench/cpu/l3/u0/leon3x0/vhdl/p0/iu/r.a.su:1
/testbench/cpu/l3/u0/leon3x0/vhdl/p0/iu/r.a.et:1
/testbench/cpu/l3/u0/leon3x0/vhdl/p0/iu/r.e.mul:0
/testbench/cpu/l3/u0/leon3x0/vhdl/p0/iu/r.e.alusel:00
/testbench/cpu/l3/u0/leon3x0/vhdl/p0/iu/r.e.aw:U
/testbench/cpu/l3/u0/leon3x0/vhdl/p0/iu/r.e.mac:0
/testbench/cpu/l3/u0/leon3x0/vhdl/p0/iu/r.a.decill:0
/testbench/cpu/l3/u0/leon3x0/vhdl/p0/iu/r.x.icc:0000
/testbench/cpu/l3/u0/leon3x0/vhdl/p0/iu/r.x.result:01000000000011111111111010011000
/testbench/cpu/l3/u0/leon3x0/vhdl/p0/iu/r.e.bp:0
/testbench/cpu/l3/u0/leon3x0/vhdl/p0/iu/r.a.rs1:11110
/testbench/cpu/l3/u0/leon3x0/vhdl/p0/iu/r.e.jmpl:0
/testbench/cpu/l3/u0/leon3x0/vhdl/p0/iu/r.a.rsel1:000
/testbench/cpu/l3/u0/leon3x0/vhdl/p0/iu/r.x.y:00000000000000000000000000000000
/testbench/cpu/l3/u0/leon3x0/vhdl/p0/iu/r.a.rsel2:100
/testbench/cpu/l3/u0/leon3x0/vhdl/p0/iu/r.a.awp:000
/testbench/cpu/l3/u0/leon3x0/vhdl/p0/iu/r.a.paw:0
/testbench/cpu/l3/u0/leon3x0/vhdl/p0/iu/r.x.data:{{00000000000000000000000000000010}}
/testbench/cpu/l3/u0/leon3x0/vhdl/p0/iu/r.m.mul:0
/testbench/cpu/l3/u0/leon3x0/vhdl/p0/iu/r.e.rd:UUUUU
/testbench/cpu/l3/u0/leon3x0/vhdl/p0/iu/r.e.invop2:0
/testbench/cpu/l3/u0/leon3x0/vhdl/p0/iu/r.m.wawp:0
/testbench/cpu/l3/u0/leon3x0/vhdl/p0/iu/r.d.cwpmax:111
/testbench/cpu/l3/u0/leon3x0/vhdl/p0/iu/r.f.branch:0
/testbench/cpu/l3/u0/leon3x0/vhdl/p0/iu/r.d.pcheld:0
/testbench/cpu/l3/u0/leon3x0/vhdl/p0/iu/r.m.dci:{0 0 0 1 0 0 {10} {00001011}}
/testbench/cpu/l3/u0/leon3x0/vhdl/p0/iu/r.e.paw:U
/testbench/cpu/l3/u0/leon3x0/vhdl/p0/iu/r.e.awp:UUU
/testbench/cpu/l3/u0/leon3x0/vhdl/p0/iu/r.e.shcnt:10100
/testbench/cpu/l3/u0/leon3x0/vhdl/p0/iu/r.w.result:00000000000000000000000000000011
/testbench/cpu/l3/u0/leon3x0/vhdl/p0/iu/r.m.mac:0
/testbench/cpu/l3/u0/leon3x0/vhdl/p0/iu/r.m.y:00000000000000000000000000000000
/testbench/cpu/l3/u0/leon3x0/vhdl/p0/iu/r.d.cwp:101
/testbench/cpu/l3/u0/leon3x0/vhdl/p0/iu/r.x.laddr:00
/testbench/cpu/l3/u0/leon3x0/vhdl/p0/iu/r.e.mulstep:0
/testbench/cpu/l3/u0/leon3x0/vhdl/p0/iu/r.e.ymsb:0
/testbench/cpu/l3/u0/leon3x0/vhdl/p0/iu/r.d.rexbuf:00000000000000000000000000000000
/testbench/cpu/l3/u0/leon3x0/vhdl/p0/iu/r.x.npc:100
/testbench/cpu/l3/u0/leon3x0/vhdl/p0/iu/r.f.pc:01000000000000000000001011100000
/testbench/cpu/l3/u0/leon3x0/vhdl/p0/iu/r.d.annul:0
/testbench/cpu/l3/u0/leon3x0/vhdl/p0/iu/r.x.rstate:run
/testbench/cpu/l3/u0/leon3x0/vhdl/p0/iu/r.x.set:0
/testbench/cpu/l3/u0/leon3x0/vhdl/p0/iu/r.m.result:00000000000000000000000000000011
/testbench/cpu/l3/u0/leon3x0/vhdl/p0/iu/r.e.icc:UUUU
/testbench/cpu/l3/u0/leon3x0/vhdl/p0/iu/r.a.getpc:0
/testbench/cpu/l3/u0/leon3x0/vhdl/p0/iu/r.a.ldchkex:1
/testbench/cpu/l3/u0/leon3x0/vhdl/p0/iu/r.x.mexc:0
/testbench/cpu/l3/u0/leon3x0/vhdl/p0/iu/r.a.mulstart:0
/testbench/cpu/l3/u0/leon3x0/vhdl/p0/iu/r.d.rexpos:10
/testbench/cpu/l3/u0/leon3x0/vhdl/p0/iu/r.x.annul_all:0
/testbench/cpu/l3/u0/leon3x0/vhdl/p0/iu/r.e.aluop:000
/testbench/cpu/l3/u0/leon3x0/vhdl/p0/iu/r.x.debug:0
/testbench/cpu/l3/u0/leon3x0/vhdl/p0/iu/r.a.rfe1:1
/testbench/cpu/l3/u0/leon3x0/vhdl/p0/iu/r.d.step:0
/testbench/cpu/l3/u0/leon3x0/vhdl/p0/iu/r.a.rfe2:0
/testbench/cpu/l3/u0/leon3x0/vhdl/p0/iu/r.e.alucin:0
/testbench/cpu/l3/u0/leon3x0/vhdl/p0/iu/r.a.wunf:0
======================================
progstatus: -2
execerr: 213
latent: 1
time limit!
>>>>>>>>>>>>>>> 5745715000
======================================
