Test signal = /testbench/cpu/l3/u0/leon3x0/vhdl/p0/iu/r.a.ticc
oldval = 0
pos1: -1 pos0: 0 posU: -1
newval = 1
Signal value: 0
oldval = 0
pos1: -1 pos0: 0 posU: -1
newval = 1
force in 664070
586290000 >> iteration no: 0
1246615000 >> Requesting for the AHB bus...
1247390000 >> AHB granted, starting recovery...
1266590000 >> Recovery done, continuing...
1267265000 >> Requesting for the AHB bus...
1268040000 >> AHB granted, starting recovery...
1287240000 >> Recovery done, continuing...
1287915000 >> Requesting for the AHB bus...
1288690000 >> AHB granted, starting recovery...
1307890000 >> Recovery done, continuing...
1308565000 >> Requesting for the AHB bus...
1309340000 >> AHB granted, starting recovery...
1328540000 >> Recovery done, continuing...
1329215000 >> Requesting for the AHB bus...
1329990000 >> AHB granted, starting recovery...
1349190000 >> Recovery done, continuing...
1349865000 >> Requesting for the AHB bus...
1350640000 >> AHB granted, starting recovery...
1369840000 >> Recovery done, continuing...
1370690000 >> Requesting for the AHB bus...
1371465000 >> AHB granted, starting recovery...
1390665000 >> Recovery done, continuing...
1391340000 >> Requesting for the AHB bus...
1392115000 >> AHB granted, starting recovery...
1411315000 >> Recovery done, continuing...
1411990000 >> Requesting for the AHB bus...
1412765000 >> AHB granted, starting recovery...
1431965000 >> Recovery done, continuing...
1432640000 >> Requesting for the AHB bus...
1433415000 >> AHB granted, starting recovery...
1452615000 >> Recovery done, continuing...
1453290000 >> Requesting for the AHB bus...
1454240000 >> AHB granted, starting recovery...
1473440000 >> Recovery done, continuing...
1474115000 >> Requesting for the AHB bus...
1474890000 >> AHB granted, starting recovery...
1494090000 >> Recovery done, continuing...
1494765000 >> Requesting for the AHB bus...
1495540000 >> AHB granted, starting recovery...
1514740000 >> Recovery done, continuing...
1515415000 >> Requesting for the AHB bus...
1516190000 >> AHB granted, starting recovery...
1535390000 >> Recovery done, continuing...
1536065000 >> Requesting for the AHB bus...
1536840000 >> AHB granted, starting recovery...
1556040000 >> Recovery done, continuing...
1556715000 >> Requesting for the AHB bus...
1557490000 >> AHB granted, starting recovery...
1576690000 >> Recovery done, continuing...
1577365000 >> Requesting for the AHB bus...
1578140000 >> AHB granted, starting recovery...
1597340000 >> Recovery done, continuing...
1598015000 >> Requesting for the AHB bus...
1598790000 >> AHB granted, starting recovery...
1617990000 >> Recovery done, continuing...
1618665000 >> Requesting for the AHB bus...
1619440000 >> AHB granted, starting recovery...
1638640000 >> Recovery done, continuing...
1639490000 >> Requesting for the AHB bus...
1640265000 >> AHB granted, starting recovery...
1659465000 >> Recovery done, continuing...
1660140000 >> Requesting for the AHB bus...
1660915000 >> AHB granted, starting recovery...
1680115000 >> Recovery done, continuing...
1680790000 >> Requesting for the AHB bus...
1681565000 >> AHB granted, starting recovery...
1700765000 >> Recovery done, continuing...
1701440000 >> Requesting for the AHB bus...
1702215000 >> AHB granted, starting recovery...
1721415000 >> Recovery done, continuing...
1722090000 >> Requesting for the AHB bus...
1723040000 >> AHB granted, starting recovery...
1742240000 >> Recovery done, continuing...
1742915000 >> Requesting for the AHB bus...
1743690000 >> AHB granted, starting recovery...
1762890000 >> Recovery done, continuing...
1763565000 >> Requesting for the AHB bus...
1764340000 >> AHB granted, starting recovery...
1783540000 >> Recovery done, continuing...
1784215000 >> Requesting for the AHB bus...
1784990000 >> AHB granted, starting recovery...
1804190000 >> Recovery done, continuing...
1804865000 >> Requesting for the AHB bus...
1805640000 >> AHB granted, starting recovery...
1824840000 >> Recovery done, continuing...
1825515000 >> Requesting for the AHB bus...
1826290000 >> AHB granted, starting recovery...
1845490000 >> Recovery done, continuing...
1846165000 >> Requesting for the AHB bus...
1846940000 >> AHB granted, starting recovery...
1866140000 >> Recovery done, continuing...
1866815000 >> Requesting for the AHB bus...
1867590000 >> AHB granted, starting recovery...
1886790000 >> Recovery done, continuing...
1887465000 >> Requesting for the AHB bus...
1888240000 >> AHB granted, starting recovery...
1907440000 >> Recovery done, continuing...
1908290000 >> Requesting for the AHB bus...
1909065000 >> AHB granted, starting recovery...
1928265000 >> Recovery done, continuing...
1928940000 >> Requesting for the AHB bus...
1929715000 >> AHB granted, starting recovery...
1948915000 >> Recovery done, continuing...
1949590000 >> Requesting for the AHB bus...
1950365000 >> AHB granted, starting recovery...
1969565000 >> Recovery done, continuing...
1970240000 >> Requesting for the AHB bus...
1971015000 >> AHB granted, starting recovery...
1990215000 >> Recovery done, continuing...
1990890000 >> Requesting for the AHB bus...
1991840000 >> AHB granted, starting recovery...
2011040000 >> Recovery done, continuing...
2011715000 >> Requesting for the AHB bus...
2012490000 >> AHB granted, starting recovery...
2031690000 >> Recovery done, continuing...
2032365000 >> Requesting for the AHB bus...
2033140000 >> AHB granted, starting recovery...
2052340000 >> Recovery done, continuing...
2053015000 >> Requesting for the AHB bus...
2053790000 >> AHB granted, starting recovery...
2072990000 >> Recovery done, continuing...
2073665000 >> Requesting for the AHB bus...
2074440000 >> AHB granted, starting recovery...
2093640000 >> Recovery done, continuing...
2094315000 >> Requesting for the AHB bus...
2095090000 >> AHB granted, starting recovery...
2114290000 >> Recovery done, continuing...
2114965000 >> Requesting for the AHB bus...
2115740000 >> AHB granted, starting recovery...
2134940000 >> Recovery done, continuing...
2135615000 >> Requesting for the AHB bus...
2136390000 >> AHB granted, starting recovery...
2155590000 >> Recovery done, continuing...
2156265000 >> Requesting for the AHB bus...
2157040000 >> AHB granted, starting recovery...
2176240000 >> Recovery done, continuing...
2177090000 >> Requesting for the AHB bus...
2177865000 >> AHB granted, starting recovery...
2197065000 >> Recovery done, continuing...
2197740000 >> Requesting for the AHB bus...
2198515000 >> AHB granted, starting recovery...
2217715000 >> Recovery done, continuing...
2218390000 >> Requesting for the AHB bus...
2219165000 >> AHB granted, starting recovery...
2238365000 >> Recovery done, continuing...
2239040000 >> Requesting for the AHB bus...
2239815000 >> AHB granted, starting recovery...
2259015000 >> Recovery done, continuing...
2259690000 >> Requesting for the AHB bus...
2260640000 >> AHB granted, starting recovery...
2279840000 >> Recovery done, continuing...
2280515000 >> Requesting for the AHB bus...
2281290000 >> AHB granted, starting recovery...
2300490000 >> Recovery done, continuing...
2301165000 >> Requesting for the AHB bus...
2301940000 >> AHB granted, starting recovery...
2321140000 >> Recovery done, continuing...
2321815000 >> Requesting for the AHB bus...
2322590000 >> AHB granted, starting recovery...
2341790000 >> Recovery done, continuing...
2342465000 >> Requesting for the AHB bus...
2343240000 >> AHB granted, starting recovery...
2362440000 >> Recovery done, continuing...
2363115000 >> Requesting for the AHB bus...
2363890000 >> AHB granted, starting recovery...
2383090000 >> Recovery done, continuing...
2383765000 >> Requesting for the AHB bus...
2384540000 >> AHB granted, starting recovery...
2403740000 >> Recovery done, continuing...
2404415000 >> Requesting for the AHB bus...
2405190000 >> AHB granted, starting recovery...
2424390000 >> Recovery done, continuing...
2425065000 >> Requesting for the AHB bus...
2425840000 >> AHB granted, starting recovery...
2445040000 >> Recovery done, continuing...
2445890000 >> Requesting for the AHB bus...
2446665000 >> AHB granted, starting recovery...
2465865000 >> Recovery done, continuing...
2466540000 >> Requesting for the AHB bus...
2467315000 >> AHB granted, starting recovery...
2486515000 >> Recovery done, continuing...
2487190000 >> Requesting for the AHB bus...
2487965000 >> AHB granted, starting recovery...
2507165000 >> Recovery done, continuing...
2507840000 >> Requesting for the AHB bus...
2508615000 >> AHB granted, starting recovery...
2527815000 >> Recovery done, continuing...
2528490000 >> Requesting for the AHB bus...
2529440000 >> AHB granted, starting recovery...
2548640000 >> Recovery done, continuing...
2549315000 >> Requesting for the AHB bus...
2550090000 >> AHB granted, starting recovery...
2569290000 >> Recovery done, continuing...
2569965000 >> Requesting for the AHB bus...
2570740000 >> AHB granted, starting recovery...
2589940000 >> Recovery done, continuing...
2590615000 >> Requesting for the AHB bus...
2591390000 >> AHB granted, starting recovery...
2610590000 >> Recovery done, continuing...
2611265000 >> Requesting for the AHB bus...
2612040000 >> AHB granted, starting recovery...
2631240000 >> Recovery done, continuing...
2631915000 >> Requesting for the AHB bus...
2632690000 >> AHB granted, starting recovery...
2651890000 >> Recovery done, continuing...
2652565000 >> Requesting for the AHB bus...
2653340000 >> AHB granted, starting recovery...
2672540000 >> Recovery done, continuing...
2673215000 >> Requesting for the AHB bus...
2673990000 >> AHB granted, starting recovery...
2693190000 >> Recovery done, continuing...
2693865000 >> Requesting for the AHB bus...
2694640000 >> AHB granted, starting recovery...
2713840000 >> Recovery done, continuing...
2714690000 >> Requesting for the AHB bus...
2715465000 >> AHB granted, starting recovery...
2734665000 >> Recovery done, continuing...
2735340000 >> Requesting for the AHB bus...
2736115000 >> AHB granted, starting recovery...
2755315000 >> Recovery done, continuing...
2755990000 >> Requesting for the AHB bus...
2756765000 >> AHB granted, starting recovery...
2775965000 >> Recovery done, continuing...
2776640000 >> Requesting for the AHB bus...
2777415000 >> AHB granted, starting recovery...
2796615000 >> Recovery done, continuing...
2797290000 >> Requesting for the AHB bus...
2798240000 >> AHB granted, starting recovery...
2817440000 >> Recovery done, continuing...
2818115000 >> Requesting for the AHB bus...
2818890000 >> AHB granted, starting recovery...
2838090000 >> Recovery done, continuing...
2838765000 >> Requesting for the AHB bus...
2839540000 >> AHB granted, starting recovery...
2858740000 >> Recovery done, continuing...
2859415000 >> Requesting for the AHB bus...
2860190000 >> AHB granted, starting recovery...
2879390000 >> Recovery done, continuing...
2880065000 >> Requesting for the AHB bus...
2880840000 >> AHB granted, starting recovery...
2900040000 >> Recovery done, continuing...
2900715000 >> Requesting for the AHB bus...
2901490000 >> AHB granted, starting recovery...
2920690000 >> Recovery done, continuing...
2921365000 >> Requesting for the AHB bus...
2922140000 >> AHB granted, starting recovery...
2941340000 >> Recovery done, continuing...
2942015000 >> Requesting for the AHB bus...
2942790000 >> AHB granted, starting recovery...
2961990000 >> Recovery done, continuing...
2962665000 >> Requesting for the AHB bus...
2963440000 >> AHB granted, starting recovery...
2982640000 >> Recovery done, continuing...
2983490000 >> Requesting for the AHB bus...
2984265000 >> AHB granted, starting recovery...
3003465000 >> Recovery done, continuing...
3004140000 >> Requesting for the AHB bus...
3004915000 >> AHB granted, starting recovery...
3024115000 >> Recovery done, continuing...
3024790000 >> Requesting for the AHB bus...
3025565000 >> AHB granted, starting recovery...
3044765000 >> Recovery done, continuing...
3045440000 >> Requesting for the AHB bus...
3046215000 >> AHB granted, starting recovery...
3065415000 >> Recovery done, continuing...
3066090000 >> Requesting for the AHB bus...
3067040000 >> AHB granted, starting recovery...
3086240000 >> Recovery done, continuing...
3086915000 >> Requesting for the AHB bus...
3087690000 >> AHB granted, starting recovery...
3106890000 >> Recovery done, continuing...
3107565000 >> Requesting for the AHB bus...
3108340000 >> AHB granted, starting recovery...
3127540000 >> Recovery done, continuing...
3128215000 >> Requesting for the AHB bus...
3128990000 >> AHB granted, starting recovery...
3148190000 >> Recovery done, continuing...
3148865000 >> Requesting for the AHB bus...
3149640000 >> AHB granted, starting recovery...
3168840000 >> Recovery done, continuing...
3169515000 >> Requesting for the AHB bus...
3170290000 >> AHB granted, starting recovery...
3189490000 >> Recovery done, continuing...
3190165000 >> Requesting for the AHB bus...
3190940000 >> AHB granted, starting recovery...
3210140000 >> Recovery done, continuing...
3210815000 >> Requesting for the AHB bus...
3211590000 >> AHB granted, starting recovery...
3230790000 >> Recovery done, continuing...
3231465000 >> Requesting for the AHB bus...
3232240000 >> AHB granted, starting recovery...
3251440000 >> Recovery done, continuing...
3252290000 >> Requesting for the AHB bus...
3253065000 >> AHB granted, starting recovery...
3272265000 >> Recovery done, continuing...
3272940000 >> Requesting for the AHB bus...
3273715000 >> AHB granted, starting recovery...
3292915000 >> Recovery done, continuing...
3293590000 >> Requesting for the AHB bus...
3294365000 >> AHB granted, starting recovery...
3313565000 >> Recovery done, continuing...
3314240000 >> Requesting for the AHB bus...
3315015000 >> AHB granted, starting recovery...
3334215000 >> Recovery done, continuing...
3334890000 >> Requesting for the AHB bus...
3335840000 >> AHB granted, starting recovery...
3355040000 >> Recovery done, continuing...
3355715000 >> Requesting for the AHB bus...
3356490000 >> AHB granted, starting recovery...
3375690000 >> Recovery done, continuing...
3376365000 >> Requesting for the AHB bus...
3377140000 >> AHB granted, starting recovery...
3396340000 >> Recovery done, continuing...
3397015000 >> Requesting for the AHB bus...
3397790000 >> AHB granted, starting recovery...
3416990000 >> Recovery done, continuing...
3417665000 >> Requesting for the AHB bus...
3418440000 >> AHB granted, starting recovery...
3437640000 >> Recovery done, continuing...
3438315000 >> Requesting for the AHB bus...
3439090000 >> AHB granted, starting recovery...
3458290000 >> Recovery done, continuing...
3458965000 >> Requesting for the AHB bus...
3459740000 >> AHB granted, starting recovery...
3478940000 >> Recovery done, continuing...
3479615000 >> Requesting for the AHB bus...
3480390000 >> AHB granted, starting recovery...
3499590000 >> Recovery done, continuing...
3500265000 >> Requesting for the AHB bus...
3501040000 >> AHB granted, starting recovery...
3520240000 >> Recovery done, continuing...
3521090000 >> Requesting for the AHB bus...
3521865000 >> AHB granted, starting recovery...
3541065000 >> Recovery done, continuing...
3541740000 >> Requesting for the AHB bus...
3542515000 >> AHB granted, starting recovery...
3561715000 >> Recovery done, continuing...
3562390000 >> Requesting for the AHB bus...
3563165000 >> AHB granted, starting recovery...
3582365000 >> Recovery done, continuing...
3583040000 >> Requesting for the AHB bus...
3583815000 >> AHB granted, starting recovery...
3603015000 >> Recovery done, continuing...
3603690000 >> Requesting for the AHB bus...
3604640000 >> AHB granted, starting recovery...
3623840000 >> Recovery done, continuing...
3624515000 >> Requesting for the AHB bus...
3625290000 >> AHB granted, starting recovery...
3644490000 >> Recovery done, continuing...
3645165000 >> Requesting for the AHB bus...
3645940000 >> AHB granted, starting recovery...
3665140000 >> Recovery done, continuing...
3665815000 >> Requesting for the AHB bus...
3666590000 >> AHB granted, starting recovery...
3685790000 >> Recovery done, continuing...
3686465000 >> Requesting for the AHB bus...
3687240000 >> AHB granted, starting recovery...
3706440000 >> Recovery done, continuing...
3707115000 >> Requesting for the AHB bus...
3707890000 >> AHB granted, starting recovery...
3727090000 >> Recovery done, continuing...
3727765000 >> Requesting for the AHB bus...
3728540000 >> AHB granted, starting recovery...
3747740000 >> Recovery done, continuing...
3748415000 >> Requesting for the AHB bus...
3749190000 >> AHB granted, starting recovery...
3768390000 >> Recovery done, continuing...
3769065000 >> Requesting for the AHB bus...
3769840000 >> AHB granted, starting recovery...
3789040000 >> Recovery done, continuing...
3789890000 >> Requesting for the AHB bus...
3790665000 >> AHB granted, starting recovery...
3809865000 >> Recovery done, continuing...
3810540000 >> Requesting for the AHB bus...
3811315000 >> AHB granted, starting recovery...
3830515000 >> Recovery done, continuing...
3831190000 >> Requesting for the AHB bus...
3831965000 >> AHB granted, starting recovery...
3851165000 >> Recovery done, continuing...
3851840000 >> Requesting for the AHB bus...
3852615000 >> AHB granted, starting recovery...
3871815000 >> Recovery done, continuing...
3872490000 >> Requesting for the AHB bus...
3873440000 >> AHB granted, starting recovery...
3892640000 >> Recovery done, continuing...
3893315000 >> Requesting for the AHB bus...
3894090000 >> AHB granted, starting recovery...
3913290000 >> Recovery done, continuing...
3913965000 >> Requesting for the AHB bus...
3914740000 >> AHB granted, starting recovery...
3933940000 >> Recovery done, continuing...
3934615000 >> Requesting for the AHB bus...
3935390000 >> AHB granted, starting recovery...
3954590000 >> Recovery done, continuing...
3955265000 >> Requesting for the AHB bus...
3956040000 >> AHB granted, starting recovery...
3975240000 >> Recovery done, continuing...
3975915000 >> Requesting for the AHB bus...
3976690000 >> AHB granted, starting recovery...
3995890000 >> Recovery done, continuing...
3996565000 >> Requesting for the AHB bus...
3997340000 >> AHB granted, starting recovery...
4016540000 >> Recovery done, continuing...
4017215000 >> Requesting for the AHB bus...
4017990000 >> AHB granted, starting recovery...
4037190000 >> Recovery done, continuing...
4037865000 >> Requesting for the AHB bus...
4038640000 >> AHB granted, starting recovery...
4057840000 >> Recovery done, continuing...
4058690000 >> Requesting for the AHB bus...
4059465000 >> AHB granted, starting recovery...
4078665000 >> Recovery done, continuing...
4079340000 >> Requesting for the AHB bus...
4080115000 >> AHB granted, starting recovery...
4099315000 >> Recovery done, continuing...
4099990000 >> Requesting for the AHB bus...
4100765000 >> AHB granted, starting recovery...
4119965000 >> Recovery done, continuing...
4120640000 >> Requesting for the AHB bus...
4121415000 >> AHB granted, starting recovery...
4140615000 >> Recovery done, continuing...
4141290000 >> Requesting for the AHB bus...
4142240000 >> AHB granted, starting recovery...
4161440000 >> Recovery done, continuing...
4162115000 >> Requesting for the AHB bus...
4162890000 >> AHB granted, starting recovery...
4182090000 >> Recovery done, continuing...
4182765000 >> Requesting for the AHB bus...
4183540000 >> AHB granted, starting recovery...
4202740000 >> Recovery done, continuing...
4203415000 >> Requesting for the AHB bus...
4204190000 >> AHB granted, starting recovery...
4223390000 >> Recovery done, continuing...
4224065000 >> Requesting for the AHB bus...
4224840000 >> AHB granted, starting recovery...
4244040000 >> Recovery done, continuing...
4244715000 >> Requesting for the AHB bus...
4245490000 >> AHB granted, starting recovery...
4264690000 >> Recovery done, continuing...
4265365000 >> Requesting for the AHB bus...
4266140000 >> AHB granted, starting recovery...
4285340000 >> Recovery done, continuing...
4286015000 >> Requesting for the AHB bus...
4286790000 >> AHB granted, starting recovery...
4305990000 >> Recovery done, continuing...
4306665000 >> Requesting for the AHB bus...
4307440000 >> AHB granted, starting recovery...
4326640000 >> Recovery done, continuing...
4327490000 >> Requesting for the AHB bus...
4328265000 >> AHB granted, starting recovery...
4347465000 >> Recovery done, continuing...
4348140000 >> Requesting for the AHB bus...
4348915000 >> AHB granted, starting recovery...
4368115000 >> Recovery done, continuing...
4368790000 >> Requesting for the AHB bus...
4369565000 >> AHB granted, starting recovery...
4388765000 >> Recovery done, continuing...
4389440000 >> Requesting for the AHB bus...
4390215000 >> AHB granted, starting recovery...
4409415000 >> Recovery done, continuing...
4410090000 >> Requesting for the AHB bus...
4411040000 >> AHB granted, starting recovery...
4430240000 >> Recovery done, continuing...
4430915000 >> Requesting for the AHB bus...
4431690000 >> AHB granted, starting recovery...
4450890000 >> Recovery done, continuing...
4451565000 >> Requesting for the AHB bus...
4452340000 >> AHB granted, starting recovery...
4471540000 >> Recovery done, continuing...
4472215000 >> Requesting for the AHB bus...
4472990000 >> AHB granted, starting recovery...
4492190000 >> Recovery done, continuing...
4492865000 >> Requesting for the AHB bus...
4493640000 >> AHB granted, starting recovery...
4512840000 >> Recovery done, continuing...
4513515000 >> Requesting for the AHB bus...
4514290000 >> AHB granted, starting recovery...
4533490000 >> Recovery done, continuing...
4534165000 >> Requesting for the AHB bus...
4534940000 >> AHB granted, starting recovery...
4554140000 >> Recovery done, continuing...
4554815000 >> Requesting for the AHB bus...
4555590000 >> AHB granted, starting recovery...
4574790000 >> Recovery done, continuing...
4575465000 >> Requesting for the AHB bus...
4576240000 >> AHB granted, starting recovery...
4595440000 >> Recovery done, continuing...
4596290000 >> Requesting for the AHB bus...
4597065000 >> AHB granted, starting recovery...
4616265000 >> Recovery done, continuing...
4616940000 >> Requesting for the AHB bus...
4617715000 >> AHB granted, starting recovery...
4636915000 >> Recovery done, continuing...
4637590000 >> Requesting for the AHB bus...
4638365000 >> AHB granted, starting recovery...
4657565000 >> Recovery done, continuing...
4658240000 >> Requesting for the AHB bus...
4659015000 >> AHB granted, starting recovery...
4678215000 >> Recovery done, continuing...
4678890000 >> Requesting for the AHB bus...
4679840000 >> AHB granted, starting recovery...
4699040000 >> Recovery done, continuing...
4699715000 >> Requesting for the AHB bus...
4700490000 >> AHB granted, starting recovery...
4719690000 >> Recovery done, continuing...
4720365000 >> Requesting for the AHB bus...
4721140000 >> AHB granted, starting recovery...
4740340000 >> Recovery done, continuing...
4741015000 >> Requesting for the AHB bus...
4741790000 >> AHB granted, starting recovery...
4760990000 >> Recovery done, continuing...
4761665000 >> Requesting for the AHB bus...
4762440000 >> AHB granted, starting recovery...
4781640000 >> Recovery done, continuing...
4782315000 >> Requesting for the AHB bus...
4783090000 >> AHB granted, starting recovery...
4802290000 >> Recovery done, continuing...
4802965000 >> Requesting for the AHB bus...
4803740000 >> AHB granted, starting recovery...
4822940000 >> Recovery done, continuing...
4823615000 >> Requesting for the AHB bus...
4824390000 >> AHB granted, starting recovery...
4843590000 >> Recovery done, continuing...
4844265000 >> Requesting for the AHB bus...
4845040000 >> AHB granted, starting recovery...
4864240000 >> Recovery done, continuing...
4865090000 >> Requesting for the AHB bus...
4865865000 >> AHB granted, starting recovery...
4885065000 >> Recovery done, continuing...
4885740000 >> Requesting for the AHB bus...
4886515000 >> AHB granted, starting recovery...
4905715000 >> Recovery done, continuing...
4906390000 >> Requesting for the AHB bus...
4907165000 >> AHB granted, starting recovery...
4926365000 >> Recovery done, continuing...
4927040000 >> Requesting for the AHB bus...
4927815000 >> AHB granted, starting recovery...
4947015000 >> Recovery done, continuing...
4947690000 >> Requesting for the AHB bus...
4948640000 >> AHB granted, starting recovery...
4967840000 >> Recovery done, continuing...
4968515000 >> Requesting for the AHB bus...
4969290000 >> AHB granted, starting recovery...
4988490000 >> Recovery done, continuing...
4989165000 >> Requesting for the AHB bus...
4989940000 >> AHB granted, starting recovery...
5009140000 >> Recovery done, continuing...
5009815000 >> Requesting for the AHB bus...
5010590000 >> AHB granted, starting recovery...
5029790000 >> Recovery done, continuing...
5030465000 >> Requesting for the AHB bus...
5031240000 >> AHB granted, starting recovery...
5050440000 >> Recovery done, continuing...
5051115000 >> Requesting for the AHB bus...
5051890000 >> AHB granted, starting recovery...
5071090000 >> Recovery done, continuing...
5071765000 >> Requesting for the AHB bus...
5072540000 >> AHB granted, starting recovery...
5091740000 >> Recovery done, continuing...
5092415000 >> Requesting for the AHB bus...
5093190000 >> AHB granted, starting recovery...
5112390000 >> Recovery done, continuing...
5113065000 >> Requesting for the AHB bus...
5113840000 >> AHB granted, starting recovery...
5133040000 >> Recovery done, continuing...
5133890000 >> Requesting for the AHB bus...
5134665000 >> AHB granted, starting recovery...
5153865000 >> Recovery done, continuing...
5154540000 >> Requesting for the AHB bus...
5155315000 >> AHB granted, starting recovery...
5174515000 >> Recovery done, continuing...
5175190000 >> Requesting for the AHB bus...
5175965000 >> AHB granted, starting recovery...
5195165000 >> Recovery done, continuing...
5195840000 >> Requesting for the AHB bus...
5196615000 >> AHB granted, starting recovery...
5215815000 >> Recovery done, continuing...
5216490000 >> Requesting for the AHB bus...
5217440000 >> AHB granted, starting recovery...
5236640000 >> Recovery done, continuing...
5237315000 >> Requesting for the AHB bus...
5238090000 >> AHB granted, starting recovery...
5257290000 >> Recovery done, continuing...
5257965000 >> Requesting for the AHB bus...
5258740000 >> AHB granted, starting recovery...
5277940000 >> Recovery done, continuing...
5278615000 >> Requesting for the AHB bus...
5279390000 >> AHB granted, starting recovery...
5298590000 >> Recovery done, continuing...
5299265000 >> Requesting for the AHB bus...
5300040000 >> AHB granted, starting recovery...
5319240000 >> Recovery done, continuing...
5319915000 >> Requesting for the AHB bus...
5320690000 >> AHB granted, starting recovery...
5339890000 >> Recovery done, continuing...
5340565000 >> Requesting for the AHB bus...
5341340000 >> AHB granted, starting recovery...
5360540000 >> Recovery done, continuing...
5361215000 >> Requesting for the AHB bus...
5361990000 >> AHB granted, starting recovery...
5381190000 >> Recovery done, continuing...
5381865000 >> Requesting for the AHB bus...
5382640000 >> AHB granted, starting recovery...
5401840000 >> Recovery done, continuing...
5402690000 >> Requesting for the AHB bus...
5403465000 >> AHB granted, starting recovery...
5422665000 >> Recovery done, continuing...
5423340000 >> Requesting for the AHB bus...
5424115000 >> AHB granted, starting recovery...
5443315000 >> Recovery done, continuing...
5443990000 >> Requesting for the AHB bus...
5444765000 >> AHB granted, starting recovery...
5463965000 >> Recovery done, continuing...
5464640000 >> Requesting for the AHB bus...
5465415000 >> AHB granted, starting recovery...
5484615000 >> Recovery done, continuing...
5485290000 >> Requesting for the AHB bus...
5486240000 >> AHB granted, starting recovery...
5505440000 >> Recovery done, continuing...
5506115000 >> Requesting for the AHB bus...
5506890000 >> AHB granted, starting recovery...
5526090000 >> Recovery done, continuing...
5526765000 >> Requesting for the AHB bus...
5527540000 >> AHB granted, starting recovery...
5546740000 >> Recovery done, continuing...
5547415000 >> Requesting for the AHB bus...
5548190000 >> AHB granted, starting recovery...
5567390000 >> Recovery done, continuing...
5568065000 >> Requesting for the AHB bus...
5568840000 >> AHB granted, starting recovery...
5588040000 >> Recovery done, continuing...
5588715000 >> Requesting for the AHB bus...
5589490000 >> AHB granted, starting recovery...
5608690000 >> Recovery done, continuing...
5609365000 >> Requesting for the AHB bus...
5610140000 >> AHB granted, starting recovery...
5629340000 >> Recovery done, continuing...
5630015000 >> Requesting for the AHB bus...
5630790000 >> AHB granted, starting recovery...
5649990000 >> Recovery done, continuing...
5650665000 >> Requesting for the AHB bus...
5651440000 >> AHB granted, starting recovery...
5670640000 >> Recovery done, continuing...
5671490000 >> Requesting for the AHB bus...
5672265000 >> AHB granted, starting recovery...
5691465000 >> Recovery done, continuing...
5692140000 >> Requesting for the AHB bus...
5692915000 >> AHB granted, starting recovery...
5712115000 >> Recovery done, continuing...
5712790000 >> Requesting for the AHB bus...
5713565000 >> AHB granted, starting recovery...
5732765000 >> Recovery done, continuing...
5733440000 >> Requesting for the AHB bus...
5734215000 >> AHB granted, starting recovery...
5745715000 >> time limit reached...
/testbench/cpu/l3/u0/leon3x0/vhdl/p0/iu/r.w.wreg:0
/testbench/cpu/l3/u0/leon3x0/vhdl/p0/iu/r.m.irqen:1
/testbench/cpu/l3/u0/leon3x0/vhdl/p0/iu/r.m.icc:0000
/testbench/cpu/l3/u0/leon3x0/vhdl/p0/iu/r.a.ticc:0
/testbench/cpu/l3/u0/leon3x0/vhdl/p0/iu/r.a.step:0
/testbench/cpu/l3/u0/leon3x0/vhdl/p0/iu/r.m.irqen2:1
/testbench/cpu/l3/u0/leon3x0/vhdl/p0/iu/r.d.pc:01000000000000000000001101000100
/testbench/cpu/l3/u0/leon3x0/vhdl/p0/iu/r.d.rexpl:{{00000000000000000000000000000000} {00} {0} 0 0 {0000000000000000000} 0 0 0 0 0 0}
/testbench/cpu/l3/u0/leon3x0/vhdl/p0/iu/r.d.mexc:0
/testbench/cpu/l3/u0/leon3x0/vhdl/p0/iu/r.a.aw:0
/testbench/cpu/l3/u0/leon3x0/vhdl/p0/iu/r.e.ctrl:{{01000000000000000000001101000000} {11000100000001111010000001000100} {00} {10000010} {111111} 1 0 1 0 0 1 1 0 0}
/testbench/cpu/l3/u0/leon3x0/vhdl/p0/iu/r.a.divstart:0
/testbench/cpu/l3/u0/leon3x0/vhdl/p0/iu/r.e.shleft:0
/testbench/cpu/l3/u0/leon3x0/vhdl/p0/iu/r.a.bp:0
/testbench/cpu/l3/u0/leon3x0/vhdl/p0/iu/r.w.twcwp:000
/testbench/cpu/l3/u0/leon3x0/vhdl/p0/iu/r.a.jmpl:0
/testbench/cpu/l3/u0/leon3x0/vhdl/p0/iu/r.m.casa:0
/testbench/cpu/l3/u0/leon3x0/vhdl/p0/iu/r.m.werr:0
/testbench/cpu/l3/u0/leon3x0/vhdl/p0/iu/r.e.su:1
/testbench/cpu/l3/u0/leon3x0/vhdl/p0/iu/r.e.et:1
/testbench/cpu/l3/u0/leon3x0/vhdl/p0/iu/r.a.ldcheck1:1
/testbench/cpu/l3/u0/leon3x0/vhdl/p0/iu/r.d.stwin:000
/testbench/cpu/l3/u0/leon3x0/vhdl/p0/iu/r.a.ldcheck2:1
/testbench/cpu/l3/u0/leon3x0/vhdl/p0/iu/r.x.intack:0
/testbench/cpu/l3/u0/leon3x0/vhdl/p0/iu/r.m.ctrl:{{01000000000000000000001100111100} {11000010000001111011111111111000} {00} {10000001} {000000} 0 0 1 0 0 1 1 0 0}
/testbench/cpu/l3/u0/leon3x0/vhdl/p0/iu/r.a.cwp:101
/testbench/cpu/l3/u0/leon3x0/vhdl/p0/iu/r.e.sari:0
/testbench/cpu/l3/u0/leon3x0/vhdl/p0/iu/r.d.paw:0
/testbench/cpu/l3/u0/leon3x0/vhdl/p0/iu/r.d.aw:0
/testbench/cpu/l3/u0/leon3x0/vhdl/p0/iu/r.d.awp:000
/testbench/cpu/l3/u0/leon3x0/vhdl/p0/iu/r.x.ctrl:{{01000000000000000000001100111000} {11000100001010000100000000000000} {01} {10000010} {000000} 0 0 0 0 0 0 0 0 0}
/testbench/cpu/l3/u0/leon3x0/vhdl/p0/iu/r.m.rexnalign:0
/testbench/cpu/l3/u0/leon3x0/vhdl/p0/iu/r.m.su:1
/testbench/cpu/l3/u0/leon3x0/vhdl/p0/iu/r.m.wcwp:0
/testbench/cpu/l3/u0/leon3x0/vhdl/p0/iu/r.d.divrdy:0
/testbench/cpu/l3/u0/leon3x0/vhdl/p0/iu/r.e.cwp:101
/testbench/cpu/l3/u0/leon3x0/vhdl/p0/iu/r.w.except:0
/testbench/cpu/l3/u0/leon3x0/vhdl/p0/iu/r.x.nerror:0
/testbench/cpu/l3/u0/leon3x0/vhdl/p0/iu/r.a.bpimiss:0
/testbench/cpu/l3/u0/leon3x0/vhdl/p0/iu/r.a.nobp:0
/testbench/cpu/l3/u0/leon3x0/vhdl/p0/iu/r.d.rexcnt:0
/testbench/cpu/l3/u0/leon3x0/vhdl/p0/iu/r.w.s:{{101} {0000} {00000000} {01000000000000000000} {00000010} {0000} 0 0 1 1 1 {00000000000000000000000000000000} {UUUUUUUUUUUUUUUUUUUUUUUUUUUUUUUU} 1 0 0 1 1 1 0 0 {000} {000} {111}}
/testbench/cpu/l3/u0/leon3x0/vhdl/p0/iu/r.d.pv:1
/testbench/cpu/l3/u0/leon3x0/vhdl/p0/iu/r.a.ldchkra:1
/testbench/cpu/l3/u0/leon3x0/vhdl/p0/iu/r.a.rfa1:10000010
/testbench/cpu/l3/u0/leon3x0/vhdl/p0/iu/r.a.rfa2:10000001
/testbench/cpu/l3/u0/leon3x0/vhdl/p0/iu/r.a.imm:00000000000000000000000000000001
/testbench/cpu/l3/u0/leon3x0/vhdl/p0/iu/r.w.wa:10000010
/testbench/cpu/l3/u0/leon3x0/vhdl/p0/iu/r.m.casaz:0
/testbench/cpu/l3/u0/leon3x0/vhdl/p0/iu/r.x.dci:{0 0 0 1 0 0 {00} {00001011}}
/testbench/cpu/l3/u0/leon3x0/vhdl/p0/iu/r.x.mac:0
/testbench/cpu/l3/u0/leon3x0/vhdl/p0/iu/r.m.divz:0
/testbench/cpu/l3/u0/leon3x0/vhdl/p0/iu/r.d.inst:{{10000010000000001000000000000001}}
/testbench/cpu/l3/u0/leon3x0/vhdl/p0/iu/r.e.rfe1:1
/testbench/cpu/l3/u0/leon3x0/vhdl/p0/iu/r.a.wovf:0
/testbench/cpu/l3/u0/leon3x0/vhdl/p0/iu/r.e.rfe2:0
/testbench/cpu/l3/u0/leon3x0/vhdl/p0/iu/r.e.op1:01000000000011111111111010100000
/testbench/cpu/l3/u0/leon3x0/vhdl/p0/iu/r.m.nalign:0
/testbench/cpu/l3/u0/leon3x0/vhdl/p0/iu/r.e.op2:00000000000000000000000001000100
/testbench/cpu/l3/u0/leon3x0/vhdl/p0/iu/r.d.rexen:0
/testbench/cpu/l3/u0/leon3x0/vhdl/p0/iu/r.a.ctrl:{{01000000000000000000001101000100} {10000010000000001000000000000001} {00} {10000001} {000000} 0 1 0 0 0 0 0 0 0}
/testbench/cpu/l3/u0/leon3x0/vhdl/p0/iu/r.x.ipend:0
/testbench/cpu/l3/u0/leon3x0/vhdl/p0/iu/r.e.ldbp1:0
/testbench/cpu/l3/u0/leon3x0/vhdl/p0/iu/r.e.aluadd:1
/testbench/cpu/l3/u0/leon3x0/vhdl/p0/iu/r.d.set:0
/testbench/cpu/l3/u0/leon3x0/vhdl/p0/iu/r.d.inull:0
/testbench/cpu/l3/u0/leon3x0/vhdl/p0/iu/r.e.ldbp2:0
/testbench/cpu/l3/u0/leon3x0/vhdl/p0/iu/r.d.cnt:00
/testbench/cpu/l3/u0/leon3x0/vhdl/p0/iu/r.a.su:1
/testbench/cpu/l3/u0/leon3x0/vhdl/p0/iu/r.a.et:1
/testbench/cpu/l3/u0/leon3x0/vhdl/p0/iu/r.e.mul:0
/testbench/cpu/l3/u0/leon3x0/vhdl/p0/iu/r.e.alusel:00
/testbench/cpu/l3/u0/leon3x0/vhdl/p0/iu/r.e.aw:U
/testbench/cpu/l3/u0/leon3x0/vhdl/p0/iu/r.e.mac:0
/testbench/cpu/l3/u0/leon3x0/vhdl/p0/iu/r.a.decill:0
/testbench/cpu/l3/u0/leon3x0/vhdl/p0/iu/r.x.icc:0000
/testbench/cpu/l3/u0/leon3x0/vhdl/p0/iu/r.x.result:00000011000000110000001100000011
/testbench/cpu/l3/u0/leon3x0/vhdl/p0/iu/r.e.bp:0
/testbench/cpu/l3/u0/leon3x0/vhdl/p0/iu/r.a.rs1:00010
/testbench/cpu/l3/u0/leon3x0/vhdl/p0/iu/r.e.jmpl:0
/testbench/cpu/l3/u0/leon3x0/vhdl/p0/iu/r.a.rsel1:001
/testbench/cpu/l3/u0/leon3x0/vhdl/p0/iu/r.x.y:00000000000000000000000000000000
/testbench/cpu/l3/u0/leon3x0/vhdl/p0/iu/r.a.rsel2:010
/testbench/cpu/l3/u0/leon3x0/vhdl/p0/iu/r.a.awp:000
/testbench/cpu/l3/u0/leon3x0/vhdl/p0/iu/r.a.paw:0
/testbench/cpu/l3/u0/leon3x0/vhdl/p0/iu/r.x.data:{{00000000000000000000000000000011}}
/testbench/cpu/l3/u0/leon3x0/vhdl/p0/iu/r.m.mul:0
/testbench/cpu/l3/u0/leon3x0/vhdl/p0/iu/r.e.rd:UUUUU
/testbench/cpu/l3/u0/leon3x0/vhdl/p0/iu/r.e.invop2:0
/testbench/cpu/l3/u0/leon3x0/vhdl/p0/iu/r.m.wawp:0
/testbench/cpu/l3/u0/leon3x0/vhdl/p0/iu/r.d.cwpmax:111
/testbench/cpu/l3/u0/leon3x0/vhdl/p0/iu/r.f.branch:0
/testbench/cpu/l3/u0/leon3x0/vhdl/p0/iu/r.d.pcheld:1
/testbench/cpu/l3/u0/leon3x0/vhdl/p0/iu/r.m.dci:{0 1 1 0 0 0 {10} {00001011}}
/testbench/cpu/l3/u0/leon3x0/vhdl/p0/iu/r.e.paw:U
/testbench/cpu/l3/u0/leon3x0/vhdl/p0/iu/r.e.awp:UUU
/testbench/cpu/l3/u0/leon3x0/vhdl/p0/iu/r.e.shcnt:00100
/testbench/cpu/l3/u0/leon3x0/vhdl/p0/iu/r.w.result:01000000000000000001111001001001
/testbench/cpu/l3/u0/leon3x0/vhdl/p0/iu/r.m.mac:0
/testbench/cpu/l3/u0/leon3x0/vhdl/p0/iu/r.m.y:00000000000000000000000000000000
/testbench/cpu/l3/u0/leon3x0/vhdl/p0/iu/r.d.cwp:101
/testbench/cpu/l3/u0/leon3x0/vhdl/p0/iu/r.x.laddr:11
/testbench/cpu/l3/u0/leon3x0/vhdl/p0/iu/r.e.mulstep:0
/testbench/cpu/l3/u0/leon3x0/vhdl/p0/iu/r.e.ymsb:0
/testbench/cpu/l3/u0/leon3x0/vhdl/p0/iu/r.d.rexbuf:00000000000000000000000000000000
/testbench/cpu/l3/u0/leon3x0/vhdl/p0/iu/r.x.npc:100
/testbench/cpu/l3/u0/leon3x0/vhdl/p0/iu/r.f.pc:01000000000000000000001101001000
/testbench/cpu/l3/u0/leon3x0/vhdl/p0/iu/r.d.annul:0
/testbench/cpu/l3/u0/leon3x0/vhdl/p0/iu/r.x.rstate:run
/testbench/cpu/l3/u0/leon3x0/vhdl/p0/iu/r.x.set:0
/testbench/cpu/l3/u0/leon3x0/vhdl/p0/iu/r.m.result:01000000000011111111111010011000
/testbench/cpu/l3/u0/leon3x0/vhdl/p0/iu/r.e.icc:UUUU
/testbench/cpu/l3/u0/leon3x0/vhdl/p0/iu/r.a.getpc:0
/testbench/cpu/l3/u0/leon3x0/vhdl/p0/iu/r.a.ldchkex:1
/testbench/cpu/l3/u0/leon3x0/vhdl/p0/iu/r.x.mexc:0
/testbench/cpu/l3/u0/leon3x0/vhdl/p0/iu/r.a.mulstart:0
/testbench/cpu/l3/u0/leon3x0/vhdl/p0/iu/r.d.rexpos:10
/testbench/cpu/l3/u0/leon3x0/vhdl/p0/iu/r.x.annul_all:0
/testbench/cpu/l3/u0/leon3x0/vhdl/p0/iu/r.e.aluop:000
/testbench/cpu/l3/u0/leon3x0/vhdl/p0/iu/r.x.debug:0
/testbench/cpu/l3/u0/leon3x0/vhdl/p0/iu/r.a.rfe1:0
/testbench/cpu/l3/u0/leon3x0/vhdl/p0/iu/r.d.step:0
/testbench/cpu/l3/u0/leon3x0/vhdl/p0/iu/r.a.rfe2:0
/testbench/cpu/l3/u0/leon3x0/vhdl/p0/iu/r.e.alucin:0
/testbench/cpu/l3/u0/leon3x0/vhdl/p0/iu/r.a.wunf:0
======================================
progstatus: -2
execerr: 218
latent: 1
time limit!
>>>>>>>>>>>>>>> 5745715000
======================================
