Test signal = /testbench/cpu/l3/u0/leon3x0/vhdl/p0/iu/r.d.mexc
oldval = 0
pos1: -1 pos0: 0 posU: -1
newval = 1
Signal value: 0
oldval = 0
pos1: -1 pos0: 0 posU: -1
newval = 1
force in 488279
586290000 >> iteration no: 0
1071140000 >> Requesting for the AHB bus...
1071915000 >> AHB granted, starting recovery...
1091115000 >> Recovery done, continuing...
1091790000 >> Requesting for the AHB bus...
1092565000 >> AHB granted, starting recovery...
1111765000 >> Recovery done, continuing...
1112440000 >> Requesting for the AHB bus...
1113215000 >> AHB granted, starting recovery...
1132415000 >> Recovery done, continuing...
1133090000 >> Requesting for the AHB bus...
1133865000 >> AHB granted, starting recovery...
1153065000 >> Recovery done, continuing...
1153740000 >> Requesting for the AHB bus...
1154515000 >> AHB granted, starting recovery...
1173715000 >> Recovery done, continuing...
1174390000 >> Requesting for the AHB bus...
1175165000 >> AHB granted, starting recovery...
1194365000 >> Recovery done, continuing...
1195040000 >> Requesting for the AHB bus...
1195815000 >> AHB granted, starting recovery...
1215015000 >> Recovery done, continuing...
1215690000 >> Requesting for the AHB bus...
1216465000 >> AHB granted, starting recovery...
1235665000 >> Recovery done, continuing...
1236340000 >> Requesting for the AHB bus...
1237115000 >> AHB granted, starting recovery...
1256315000 >> Recovery done, continuing...
1256990000 >> Requesting for the AHB bus...
1257765000 >> AHB granted, starting recovery...
1276965000 >> Recovery done, continuing...
1277640000 >> Requesting for the AHB bus...
1278415000 >> AHB granted, starting recovery...
1297615000 >> Recovery done, continuing...
1298290000 >> Requesting for the AHB bus...
1299065000 >> AHB granted, starting recovery...
1318265000 >> Recovery done, continuing...
1318940000 >> Requesting for the AHB bus...
1319890000 >> AHB granted, starting recovery...
1339090000 >> Recovery done, continuing...
1339765000 >> Requesting for the AHB bus...
1340540000 >> AHB granted, starting recovery...
1359740000 >> Recovery done, continuing...
1360415000 >> Requesting for the AHB bus...
1361190000 >> AHB granted, starting recovery...
1380390000 >> Recovery done, continuing...
1381065000 >> Requesting for the AHB bus...
1381840000 >> AHB granted, starting recovery...
1401040000 >> Recovery done, continuing...
1401715000 >> Requesting for the AHB bus...
1402490000 >> AHB granted, starting recovery...
1421690000 >> Recovery done, continuing...
1422365000 >> Requesting for the AHB bus...
1423140000 >> AHB granted, starting recovery...
1442340000 >> Recovery done, continuing...
1443015000 >> Requesting for the AHB bus...
1443790000 >> AHB granted, starting recovery...
1462990000 >> Recovery done, continuing...
1463665000 >> Requesting for the AHB bus...
1464440000 >> AHB granted, starting recovery...
1483640000 >> Recovery done, continuing...
1484315000 >> Requesting for the AHB bus...
1485090000 >> AHB granted, starting recovery...
1504290000 >> Recovery done, continuing...
1505115000 >> Requesting for the AHB bus...
1505890000 >> AHB granted, starting recovery...
1525090000 >> Recovery done, continuing...
1525765000 >> Requesting for the AHB bus...
1526540000 >> AHB granted, starting recovery...
1545740000 >> Recovery done, continuing...
1546415000 >> Requesting for the AHB bus...
1547190000 >> AHB granted, starting recovery...
1566390000 >> Recovery done, continuing...
1567065000 >> Requesting for the AHB bus...
1567840000 >> AHB granted, starting recovery...
1587040000 >> Recovery done, continuing...
1587715000 >> Requesting for the AHB bus...
1588665000 >> AHB granted, starting recovery...
1607865000 >> Recovery done, continuing...
1608540000 >> Requesting for the AHB bus...
1609315000 >> AHB granted, starting recovery...
1628515000 >> Recovery done, continuing...
1629190000 >> Requesting for the AHB bus...
1629965000 >> AHB granted, starting recovery...
1649165000 >> Recovery done, continuing...
1649840000 >> Requesting for the AHB bus...
1650615000 >> AHB granted, starting recovery...
1669815000 >> Recovery done, continuing...
1670490000 >> Requesting for the AHB bus...
1671265000 >> AHB granted, starting recovery...
1690465000 >> Recovery done, continuing...
1691140000 >> Requesting for the AHB bus...
1691915000 >> AHB granted, starting recovery...
1711115000 >> Recovery done, continuing...
1711790000 >> Requesting for the AHB bus...
1712565000 >> AHB granted, starting recovery...
1731765000 >> Recovery done, continuing...
1732440000 >> Requesting for the AHB bus...
1733215000 >> AHB granted, starting recovery...
1752415000 >> Recovery done, continuing...
1753090000 >> Requesting for the AHB bus...
1753865000 >> AHB granted, starting recovery...
1773065000 >> Recovery done, continuing...
1773915000 >> Requesting for the AHB bus...
1774690000 >> AHB granted, starting recovery...
1793890000 >> Recovery done, continuing...
1794565000 >> Requesting for the AHB bus...
1795340000 >> AHB granted, starting recovery...
1814540000 >> Recovery done, continuing...
1815215000 >> Requesting for the AHB bus...
1815990000 >> AHB granted, starting recovery...
1835190000 >> Recovery done, continuing...
1835865000 >> Requesting for the AHB bus...
1836640000 >> AHB granted, starting recovery...
1855840000 >> Recovery done, continuing...
1856515000 >> Requesting for the AHB bus...
1857465000 >> AHB granted, starting recovery...
1876665000 >> Recovery done, continuing...
1877340000 >> Requesting for the AHB bus...
1878115000 >> AHB granted, starting recovery...
1897315000 >> Recovery done, continuing...
1897990000 >> Requesting for the AHB bus...
1898765000 >> AHB granted, starting recovery...
1917965000 >> Recovery done, continuing...
1918640000 >> Requesting for the AHB bus...
1919415000 >> AHB granted, starting recovery...
1938615000 >> Recovery done, continuing...
1939290000 >> Requesting for the AHB bus...
1940065000 >> AHB granted, starting recovery...
1959265000 >> Recovery done, continuing...
1959940000 >> Requesting for the AHB bus...
1960715000 >> AHB granted, starting recovery...
1979915000 >> Recovery done, continuing...
1980590000 >> Requesting for the AHB bus...
1981365000 >> AHB granted, starting recovery...
2000565000 >> Recovery done, continuing...
2001240000 >> Requesting for the AHB bus...
2002015000 >> AHB granted, starting recovery...
2021215000 >> Recovery done, continuing...
2021890000 >> Requesting for the AHB bus...
2022665000 >> AHB granted, starting recovery...
2041865000 >> Recovery done, continuing...
2042715000 >> Requesting for the AHB bus...
2043490000 >> AHB granted, starting recovery...
2062690000 >> Recovery done, continuing...
2063365000 >> Requesting for the AHB bus...
2064140000 >> AHB granted, starting recovery...
2083340000 >> Recovery done, continuing...
2084015000 >> Requesting for the AHB bus...
2084790000 >> AHB granted, starting recovery...
2103990000 >> Recovery done, continuing...
2104665000 >> Requesting for the AHB bus...
2105440000 >> AHB granted, starting recovery...
2124640000 >> Recovery done, continuing...
2125315000 >> Requesting for the AHB bus...
2126265000 >> AHB granted, starting recovery...
2145465000 >> Recovery done, continuing...
2146140000 >> Requesting for the AHB bus...
2146915000 >> AHB granted, starting recovery...
2166115000 >> Recovery done, continuing...
2166790000 >> Requesting for the AHB bus...
2167565000 >> AHB granted, starting recovery...
2186765000 >> Recovery done, continuing...
2187440000 >> Requesting for the AHB bus...
2188215000 >> AHB granted, starting recovery...
2207415000 >> Recovery done, continuing...
2208090000 >> Requesting for the AHB bus...
2208865000 >> AHB granted, starting recovery...
2228065000 >> Recovery done, continuing...
2228740000 >> Requesting for the AHB bus...
2229515000 >> AHB granted, starting recovery...
2248715000 >> Recovery done, continuing...
2249390000 >> Requesting for the AHB bus...
2250165000 >> AHB granted, starting recovery...
2269365000 >> Recovery done, continuing...
2270040000 >> Requesting for the AHB bus...
2270815000 >> AHB granted, starting recovery...
2290015000 >> Recovery done, continuing...
2290690000 >> Requesting for the AHB bus...
2291465000 >> AHB granted, starting recovery...
2310665000 >> Recovery done, continuing...
2311515000 >> Requesting for the AHB bus...
2312290000 >> AHB granted, starting recovery...
2331490000 >> Recovery done, continuing...
2332165000 >> Requesting for the AHB bus...
2332940000 >> AHB granted, starting recovery...
2352140000 >> Recovery done, continuing...
2352815000 >> Requesting for the AHB bus...
2353590000 >> AHB granted, starting recovery...
2372790000 >> Recovery done, continuing...
2373465000 >> Requesting for the AHB bus...
2374240000 >> AHB granted, starting recovery...
2393440000 >> Recovery done, continuing...
2394115000 >> Requesting for the AHB bus...
2395065000 >> AHB granted, starting recovery...
2414265000 >> Recovery done, continuing...
2414940000 >> Requesting for the AHB bus...
2415715000 >> AHB granted, starting recovery...
2434915000 >> Recovery done, continuing...
2435590000 >> Requesting for the AHB bus...
2436365000 >> AHB granted, starting recovery...
2455565000 >> Recovery done, continuing...
2456240000 >> Requesting for the AHB bus...
2457015000 >> AHB granted, starting recovery...
2476215000 >> Recovery done, continuing...
2476890000 >> Requesting for the AHB bus...
2477665000 >> AHB granted, starting recovery...
2496865000 >> Recovery done, continuing...
2497540000 >> Requesting for the AHB bus...
2498315000 >> AHB granted, starting recovery...
2517515000 >> Recovery done, continuing...
2518190000 >> Requesting for the AHB bus...
2518965000 >> AHB granted, starting recovery...
2538165000 >> Recovery done, continuing...
2538840000 >> Requesting for the AHB bus...
2539615000 >> AHB granted, starting recovery...
2558815000 >> Recovery done, continuing...
2559490000 >> Requesting for the AHB bus...
2560265000 >> AHB granted, starting recovery...
2579465000 >> Recovery done, continuing...
2580315000 >> Requesting for the AHB bus...
2581090000 >> AHB granted, starting recovery...
2600290000 >> Recovery done, continuing...
2600965000 >> Requesting for the AHB bus...
2601740000 >> AHB granted, starting recovery...
2620940000 >> Recovery done, continuing...
2621615000 >> Requesting for the AHB bus...
2622390000 >> AHB granted, starting recovery...
2641590000 >> Recovery done, continuing...
2642265000 >> Requesting for the AHB bus...
2643040000 >> AHB granted, starting recovery...
2662240000 >> Recovery done, continuing...
2662915000 >> Requesting for the AHB bus...
2663865000 >> AHB granted, starting recovery...
2683065000 >> Recovery done, continuing...
2683740000 >> Requesting for the AHB bus...
2684515000 >> AHB granted, starting recovery...
2703715000 >> Recovery done, continuing...
2704390000 >> Requesting for the AHB bus...
2705165000 >> AHB granted, starting recovery...
2724365000 >> Recovery done, continuing...
2725040000 >> Requesting for the AHB bus...
2725815000 >> AHB granted, starting recovery...
2745015000 >> Recovery done, continuing...
2745690000 >> Requesting for the AHB bus...
2746465000 >> AHB granted, starting recovery...
2765665000 >> Recovery done, continuing...
2766340000 >> Requesting for the AHB bus...
2767115000 >> AHB granted, starting recovery...
2786315000 >> Recovery done, continuing...
2786990000 >> Requesting for the AHB bus...
2787765000 >> AHB granted, starting recovery...
2806965000 >> Recovery done, continuing...
2807640000 >> Requesting for the AHB bus...
2808415000 >> AHB granted, starting recovery...
2827615000 >> Recovery done, continuing...
2828290000 >> Requesting for the AHB bus...
2829065000 >> AHB granted, starting recovery...
2848265000 >> Recovery done, continuing...
2849115000 >> Requesting for the AHB bus...
2849890000 >> AHB granted, starting recovery...
2869090000 >> Recovery done, continuing...
2869765000 >> Requesting for the AHB bus...
2870540000 >> AHB granted, starting recovery...
2889740000 >> Recovery done, continuing...
2890415000 >> Requesting for the AHB bus...
2891190000 >> AHB granted, starting recovery...
2910390000 >> Recovery done, continuing...
2911065000 >> Requesting for the AHB bus...
2911840000 >> AHB granted, starting recovery...
2931040000 >> Recovery done, continuing...
2931715000 >> Requesting for the AHB bus...
2932665000 >> AHB granted, starting recovery...
2951865000 >> Recovery done, continuing...
2952540000 >> Requesting for the AHB bus...
2953315000 >> AHB granted, starting recovery...
2972515000 >> Recovery done, continuing...
2973190000 >> Requesting for the AHB bus...
2973965000 >> AHB granted, starting recovery...
2993165000 >> Recovery done, continuing...
2993840000 >> Requesting for the AHB bus...
2994615000 >> AHB granted, starting recovery...
3013815000 >> Recovery done, continuing...
3014490000 >> Requesting for the AHB bus...
3015265000 >> AHB granted, starting recovery...
3034465000 >> Recovery done, continuing...
3035140000 >> Requesting for the AHB bus...
3035915000 >> AHB granted, starting recovery...
3055115000 >> Recovery done, continuing...
3055790000 >> Requesting for the AHB bus...
3056565000 >> AHB granted, starting recovery...
3075765000 >> Recovery done, continuing...
3076440000 >> Requesting for the AHB bus...
3077215000 >> AHB granted, starting recovery...
3096415000 >> Recovery done, continuing...
3097090000 >> Requesting for the AHB bus...
3097865000 >> AHB granted, starting recovery...
3117065000 >> Recovery done, continuing...
3117915000 >> Requesting for the AHB bus...
3118690000 >> AHB granted, starting recovery...
3137890000 >> Recovery done, continuing...
3138565000 >> Requesting for the AHB bus...
3139340000 >> AHB granted, starting recovery...
3158540000 >> Recovery done, continuing...
3159215000 >> Requesting for the AHB bus...
3159990000 >> AHB granted, starting recovery...
3179190000 >> Recovery done, continuing...
3179865000 >> Requesting for the AHB bus...
3180640000 >> AHB granted, starting recovery...
3199840000 >> Recovery done, continuing...
3200515000 >> Requesting for the AHB bus...
3201465000 >> AHB granted, starting recovery...
3220665000 >> Recovery done, continuing...
3221340000 >> Requesting for the AHB bus...
3222115000 >> AHB granted, starting recovery...
3241315000 >> Recovery done, continuing...
3241990000 >> Requesting for the AHB bus...
3242765000 >> AHB granted, starting recovery...
3261965000 >> Recovery done, continuing...
3262640000 >> Requesting for the AHB bus...
3263415000 >> AHB granted, starting recovery...
3282615000 >> Recovery done, continuing...
3283290000 >> Requesting for the AHB bus...
3284065000 >> AHB granted, starting recovery...
3303265000 >> Recovery done, continuing...
3303940000 >> Requesting for the AHB bus...
3304715000 >> AHB granted, starting recovery...
3323915000 >> Recovery done, continuing...
3324590000 >> Requesting for the AHB bus...
3325365000 >> AHB granted, starting recovery...
3344565000 >> Recovery done, continuing...
3345240000 >> Requesting for the AHB bus...
3346015000 >> AHB granted, starting recovery...
3365215000 >> Recovery done, continuing...
3365890000 >> Requesting for the AHB bus...
3366665000 >> AHB granted, starting recovery...
3385865000 >> Recovery done, continuing...
3386715000 >> Requesting for the AHB bus...
3387490000 >> AHB granted, starting recovery...
3406690000 >> Recovery done, continuing...
3407365000 >> Requesting for the AHB bus...
3408140000 >> AHB granted, starting recovery...
3427340000 >> Recovery done, continuing...
3428015000 >> Requesting for the AHB bus...
3428790000 >> AHB granted, starting recovery...
3447990000 >> Recovery done, continuing...
3448665000 >> Requesting for the AHB bus...
3449440000 >> AHB granted, starting recovery...
3468640000 >> Recovery done, continuing...
3469315000 >> Requesting for the AHB bus...
3470265000 >> AHB granted, starting recovery...
3489465000 >> Recovery done, continuing...
3490140000 >> Requesting for the AHB bus...
3490915000 >> AHB granted, starting recovery...
3510115000 >> Recovery done, continuing...
3510790000 >> Requesting for the AHB bus...
3511565000 >> AHB granted, starting recovery...
3530765000 >> Recovery done, continuing...
3531440000 >> Requesting for the AHB bus...
3532215000 >> AHB granted, starting recovery...
3551415000 >> Recovery done, continuing...
3552090000 >> Requesting for the AHB bus...
3552865000 >> AHB granted, starting recovery...
3572065000 >> Recovery done, continuing...
3572740000 >> Requesting for the AHB bus...
3573515000 >> AHB granted, starting recovery...
3592715000 >> Recovery done, continuing...
3593390000 >> Requesting for the AHB bus...
3594165000 >> AHB granted, starting recovery...
3613365000 >> Recovery done, continuing...
3614040000 >> Requesting for the AHB bus...
3614815000 >> AHB granted, starting recovery...
3634015000 >> Recovery done, continuing...
3634690000 >> Requesting for the AHB bus...
3635465000 >> AHB granted, starting recovery...
3654665000 >> Recovery done, continuing...
3655515000 >> Requesting for the AHB bus...
3656290000 >> AHB granted, starting recovery...
3675490000 >> Recovery done, continuing...
3676165000 >> Requesting for the AHB bus...
3676940000 >> AHB granted, starting recovery...
3696140000 >> Recovery done, continuing...
3696815000 >> Requesting for the AHB bus...
3697590000 >> AHB granted, starting recovery...
3716790000 >> Recovery done, continuing...
3717465000 >> Requesting for the AHB bus...
3718240000 >> AHB granted, starting recovery...
3737440000 >> Recovery done, continuing...
3738115000 >> Requesting for the AHB bus...
3739065000 >> AHB granted, starting recovery...
3758265000 >> Recovery done, continuing...
3758940000 >> Requesting for the AHB bus...
3759715000 >> AHB granted, starting recovery...
3778915000 >> Recovery done, continuing...
3779590000 >> Requesting for the AHB bus...
3780365000 >> AHB granted, starting recovery...
3799565000 >> Recovery done, continuing...
3800240000 >> Requesting for the AHB bus...
3801015000 >> AHB granted, starting recovery...
3820215000 >> Recovery done, continuing...
3820890000 >> Requesting for the AHB bus...
3821665000 >> AHB granted, starting recovery...
3840865000 >> Recovery done, continuing...
3841540000 >> Requesting for the AHB bus...
3842315000 >> AHB granted, starting recovery...
3861515000 >> Recovery done, continuing...
3862190000 >> Requesting for the AHB bus...
3862965000 >> AHB granted, starting recovery...
3882165000 >> Recovery done, continuing...
3882840000 >> Requesting for the AHB bus...
3883615000 >> AHB granted, starting recovery...
3902815000 >> Recovery done, continuing...
3903490000 >> Requesting for the AHB bus...
3904265000 >> AHB granted, starting recovery...
3923465000 >> Recovery done, continuing...
3924315000 >> Requesting for the AHB bus...
3925090000 >> AHB granted, starting recovery...
3944290000 >> Recovery done, continuing...
3944965000 >> Requesting for the AHB bus...
3945740000 >> AHB granted, starting recovery...
3964940000 >> Recovery done, continuing...
3965615000 >> Requesting for the AHB bus...
3966390000 >> AHB granted, starting recovery...
3985590000 >> Recovery done, continuing...
3986265000 >> Requesting for the AHB bus...
3987040000 >> AHB granted, starting recovery...
4006240000 >> Recovery done, continuing...
4006915000 >> Requesting for the AHB bus...
4007865000 >> AHB granted, starting recovery...
4027065000 >> Recovery done, continuing...
4027740000 >> Requesting for the AHB bus...
4028515000 >> AHB granted, starting recovery...
4047715000 >> Recovery done, continuing...
4048390000 >> Requesting for the AHB bus...
4049165000 >> AHB granted, starting recovery...
4068365000 >> Recovery done, continuing...
4069040000 >> Requesting for the AHB bus...
4069815000 >> AHB granted, starting recovery...
4089015000 >> Recovery done, continuing...
4089690000 >> Requesting for the AHB bus...
4090465000 >> AHB granted, starting recovery...
4109665000 >> Recovery done, continuing...
4110340000 >> Requesting for the AHB bus...
4111115000 >> AHB granted, starting recovery...
4130315000 >> Recovery done, continuing...
4130990000 >> Requesting for the AHB bus...
4131765000 >> AHB granted, starting recovery...
4150965000 >> Recovery done, continuing...
4151640000 >> Requesting for the AHB bus...
4152415000 >> AHB granted, starting recovery...
4171615000 >> Recovery done, continuing...
4172290000 >> Requesting for the AHB bus...
4173065000 >> AHB granted, starting recovery...
4192265000 >> Recovery done, continuing...
4193115000 >> Requesting for the AHB bus...
4193890000 >> AHB granted, starting recovery...
4213090000 >> Recovery done, continuing...
4213765000 >> Requesting for the AHB bus...
4214540000 >> AHB granted, starting recovery...
4233740000 >> Recovery done, continuing...
4234415000 >> Requesting for the AHB bus...
4235190000 >> AHB granted, starting recovery...
4254390000 >> Recovery done, continuing...
4255065000 >> Requesting for the AHB bus...
4255840000 >> AHB granted, starting recovery...
4275040000 >> Recovery done, continuing...
4275715000 >> Requesting for the AHB bus...
4276665000 >> AHB granted, starting recovery...
4295865000 >> Recovery done, continuing...
4296540000 >> Requesting for the AHB bus...
4297315000 >> AHB granted, starting recovery...
4316515000 >> Recovery done, continuing...
4317190000 >> Requesting for the AHB bus...
4317965000 >> AHB granted, starting recovery...
4337165000 >> Recovery done, continuing...
4337840000 >> Requesting for the AHB bus...
4338615000 >> AHB granted, starting recovery...
4357815000 >> Recovery done, continuing...
4358490000 >> Requesting for the AHB bus...
4359265000 >> AHB granted, starting recovery...
4378465000 >> Recovery done, continuing...
4379140000 >> Requesting for the AHB bus...
4379915000 >> AHB granted, starting recovery...
4399115000 >> Recovery done, continuing...
4399790000 >> Requesting for the AHB bus...
4400565000 >> AHB granted, starting recovery...
4419765000 >> Recovery done, continuing...
4420440000 >> Requesting for the AHB bus...
4421215000 >> AHB granted, starting recovery...
4440415000 >> Recovery done, continuing...
4441090000 >> Requesting for the AHB bus...
4441865000 >> AHB granted, starting recovery...
4461065000 >> Recovery done, continuing...
4461915000 >> Requesting for the AHB bus...
4462690000 >> AHB granted, starting recovery...
4481890000 >> Recovery done, continuing...
4482565000 >> Requesting for the AHB bus...
4483340000 >> AHB granted, starting recovery...
4502540000 >> Recovery done, continuing...
4503215000 >> Requesting for the AHB bus...
4503990000 >> AHB granted, starting recovery...
4523190000 >> Recovery done, continuing...
4523865000 >> Requesting for the AHB bus...
4524640000 >> AHB granted, starting recovery...
4543840000 >> Recovery done, continuing...
4544515000 >> Requesting for the AHB bus...
4545465000 >> AHB granted, starting recovery...
4564665000 >> Recovery done, continuing...
4565340000 >> Requesting for the AHB bus...
4566115000 >> AHB granted, starting recovery...
4585315000 >> Recovery done, continuing...
4585990000 >> Requesting for the AHB bus...
4586765000 >> AHB granted, starting recovery...
4605965000 >> Recovery done, continuing...
4606640000 >> Requesting for the AHB bus...
4607415000 >> AHB granted, starting recovery...
4626615000 >> Recovery done, continuing...
4627290000 >> Requesting for the AHB bus...
4628065000 >> AHB granted, starting recovery...
4647265000 >> Recovery done, continuing...
4647940000 >> Requesting for the AHB bus...
4648715000 >> AHB granted, starting recovery...
4667915000 >> Recovery done, continuing...
4668590000 >> Requesting for the AHB bus...
4669365000 >> AHB granted, starting recovery...
4688565000 >> Recovery done, continuing...
4689240000 >> Requesting for the AHB bus...
4690015000 >> AHB granted, starting recovery...
4709215000 >> Recovery done, continuing...
4709890000 >> Requesting for the AHB bus...
4710665000 >> AHB granted, starting recovery...
4729865000 >> Recovery done, continuing...
4730715000 >> Requesting for the AHB bus...
4731490000 >> AHB granted, starting recovery...
4750690000 >> Recovery done, continuing...
4751365000 >> Requesting for the AHB bus...
4752140000 >> AHB granted, starting recovery...
4771340000 >> Recovery done, continuing...
4772015000 >> Requesting for the AHB bus...
4772790000 >> AHB granted, starting recovery...
4791990000 >> Recovery done, continuing...
4792665000 >> Requesting for the AHB bus...
4793440000 >> AHB granted, starting recovery...
4812640000 >> Recovery done, continuing...
4813315000 >> Requesting for the AHB bus...
4814265000 >> AHB granted, starting recovery...
4833465000 >> Recovery done, continuing...
4834140000 >> Requesting for the AHB bus...
4834915000 >> AHB granted, starting recovery...
4854115000 >> Recovery done, continuing...
4854790000 >> Requesting for the AHB bus...
4855565000 >> AHB granted, starting recovery...
4874765000 >> Recovery done, continuing...
4875440000 >> Requesting for the AHB bus...
4876215000 >> AHB granted, starting recovery...
4895415000 >> Recovery done, continuing...
4896090000 >> Requesting for the AHB bus...
4896865000 >> AHB granted, starting recovery...
4916065000 >> Recovery done, continuing...
4916740000 >> Requesting for the AHB bus...
4917515000 >> AHB granted, starting recovery...
4936715000 >> Recovery done, continuing...
4937390000 >> Requesting for the AHB bus...
4938165000 >> AHB granted, starting recovery...
4957365000 >> Recovery done, continuing...
4958040000 >> Requesting for the AHB bus...
4958815000 >> AHB granted, starting recovery...
4978015000 >> Recovery done, continuing...
4978690000 >> Requesting for the AHB bus...
4979465000 >> AHB granted, starting recovery...
4998665000 >> Recovery done, continuing...
4999515000 >> Requesting for the AHB bus...
5000290000 >> AHB granted, starting recovery...
5019490000 >> Recovery done, continuing...
5020165000 >> Requesting for the AHB bus...
5020940000 >> AHB granted, starting recovery...
5040140000 >> Recovery done, continuing...
5040815000 >> Requesting for the AHB bus...
5041590000 >> AHB granted, starting recovery...
5060790000 >> Recovery done, continuing...
5061465000 >> Requesting for the AHB bus...
5062240000 >> AHB granted, starting recovery...
5081440000 >> Recovery done, continuing...
5082115000 >> Requesting for the AHB bus...
5083065000 >> AHB granted, starting recovery...
5102265000 >> Recovery done, continuing...
5102940000 >> Requesting for the AHB bus...
5103715000 >> AHB granted, starting recovery...
5122915000 >> Recovery done, continuing...
5123590000 >> Requesting for the AHB bus...
5124365000 >> AHB granted, starting recovery...
5143565000 >> Recovery done, continuing...
5144240000 >> Requesting for the AHB bus...
5145015000 >> AHB granted, starting recovery...
5164215000 >> Recovery done, continuing...
5164890000 >> Requesting for the AHB bus...
5165665000 >> AHB granted, starting recovery...
5184865000 >> Recovery done, continuing...
5185540000 >> Requesting for the AHB bus...
5186315000 >> AHB granted, starting recovery...
5205515000 >> Recovery done, continuing...
5206190000 >> Requesting for the AHB bus...
5206965000 >> AHB granted, starting recovery...
5226165000 >> Recovery done, continuing...
5226840000 >> Requesting for the AHB bus...
5227615000 >> AHB granted, starting recovery...
5246815000 >> Recovery done, continuing...
5247490000 >> Requesting for the AHB bus...
5248265000 >> AHB granted, starting recovery...
5267465000 >> Recovery done, continuing...
5268315000 >> Requesting for the AHB bus...
5269090000 >> AHB granted, starting recovery...
5288290000 >> Recovery done, continuing...
5288965000 >> Requesting for the AHB bus...
5289740000 >> AHB granted, starting recovery...
5308940000 >> Recovery done, continuing...
5309615000 >> Requesting for the AHB bus...
5310390000 >> AHB granted, starting recovery...
5329590000 >> Recovery done, continuing...
5330265000 >> Requesting for the AHB bus...
5331040000 >> AHB granted, starting recovery...
5350240000 >> Recovery done, continuing...
5350915000 >> Requesting for the AHB bus...
5351865000 >> AHB granted, starting recovery...
5371065000 >> Recovery done, continuing...
5371740000 >> Requesting for the AHB bus...
5372515000 >> AHB granted, starting recovery...
5391715000 >> Recovery done, continuing...
5392390000 >> Requesting for the AHB bus...
5393165000 >> AHB granted, starting recovery...
5412365000 >> Recovery done, continuing...
5413040000 >> Requesting for the AHB bus...
5413815000 >> AHB granted, starting recovery...
5433015000 >> Recovery done, continuing...
5433690000 >> Requesting for the AHB bus...
5434465000 >> AHB granted, starting recovery...
5453665000 >> Recovery done, continuing...
5454340000 >> Requesting for the AHB bus...
5455115000 >> AHB granted, starting recovery...
5474315000 >> Recovery done, continuing...
5474990000 >> Requesting for the AHB bus...
5475765000 >> AHB granted, starting recovery...
5494965000 >> Recovery done, continuing...
5495640000 >> Requesting for the AHB bus...
5496415000 >> AHB granted, starting recovery...
5515615000 >> Recovery done, continuing...
5516290000 >> Requesting for the AHB bus...
5517065000 >> AHB granted, starting recovery...
5536265000 >> Recovery done, continuing...
5537115000 >> Requesting for the AHB bus...
5537890000 >> AHB granted, starting recovery...
5557090000 >> Recovery done, continuing...
5557765000 >> Requesting for the AHB bus...
5558540000 >> AHB granted, starting recovery...
5577740000 >> Recovery done, continuing...
5578415000 >> Requesting for the AHB bus...
5579190000 >> AHB granted, starting recovery...
5598390000 >> Recovery done, continuing...
5599065000 >> Requesting for the AHB bus...
5599840000 >> AHB granted, starting recovery...
5619040000 >> Recovery done, continuing...
5619715000 >> Requesting for the AHB bus...
5620665000 >> AHB granted, starting recovery...
5639865000 >> Recovery done, continuing...
5640540000 >> Requesting for the AHB bus...
5641315000 >> AHB granted, starting recovery...
5660515000 >> Recovery done, continuing...
5661190000 >> Requesting for the AHB bus...
5661965000 >> AHB granted, starting recovery...
5681165000 >> Recovery done, continuing...
5681840000 >> Requesting for the AHB bus...
5682615000 >> AHB granted, starting recovery...
5701815000 >> Recovery done, continuing...
5702490000 >> Requesting for the AHB bus...
5703265000 >> AHB granted, starting recovery...
5722465000 >> Recovery done, continuing...
5723140000 >> Requesting for the AHB bus...
5723915000 >> AHB granted, starting recovery...
5743115000 >> Recovery done, continuing...
5743790000 >> Requesting for the AHB bus...
5744565000 >> AHB granted, starting recovery...
5745715000 >> time limit reached...
/testbench/cpu/l3/u0/leon3x0/vhdl/p0/iu/r.w.wreg:0
/testbench/cpu/l3/u0/leon3x0/vhdl/p0/iu/r.m.irqen:1
/testbench/cpu/l3/u0/leon3x0/vhdl/p0/iu/r.m.icc:0000
/testbench/cpu/l3/u0/leon3x0/vhdl/p0/iu/r.a.ticc:0
/testbench/cpu/l3/u0/leon3x0/vhdl/p0/iu/r.a.step:0
/testbench/cpu/l3/u0/leon3x0/vhdl/p0/iu/r.m.irqen2:1
/testbench/cpu/l3/u0/leon3x0/vhdl/p0/iu/r.d.pc:01000000000000000000001101000100
/testbench/cpu/l3/u0/leon3x0/vhdl/p0/iu/r.d.rexpl:{{00000000000000000000000000000000} {00} {0} 0 0 {0000000000000000000} 0 0 0 0 0 0}
/testbench/cpu/l3/u0/leon3x0/vhdl/p0/iu/r.d.mexc:0
/testbench/cpu/l3/u0/leon3x0/vhdl/p0/iu/r.a.aw:0
/testbench/cpu/l3/u0/leon3x0/vhdl/p0/iu/r.e.ctrl:{{01000000000000000000001101000000} {11000100000001111010000001000100} {00} {10000010} {000001} 1 0 1 0 0 1 1 0 0}
/testbench/cpu/l3/u0/leon3x0/vhdl/p0/iu/r.a.divstart:0
/testbench/cpu/l3/u0/leon3x0/vhdl/p0/iu/r.e.shleft:0
/testbench/cpu/l3/u0/leon3x0/vhdl/p0/iu/r.a.bp:0
/testbench/cpu/l3/u0/leon3x0/vhdl/p0/iu/r.w.twcwp:000
/testbench/cpu/l3/u0/leon3x0/vhdl/p0/iu/r.a.jmpl:0
/testbench/cpu/l3/u0/leon3x0/vhdl/p0/iu/r.m.casa:0
/testbench/cpu/l3/u0/leon3x0/vhdl/p0/iu/r.m.werr:0
/testbench/cpu/l3/u0/leon3x0/vhdl/p0/iu/r.e.su:1
/testbench/cpu/l3/u0/leon3x0/vhdl/p0/iu/r.e.et:1
/testbench/cpu/l3/u0/leon3x0/vhdl/p0/iu/r.a.ldcheck1:1
/testbench/cpu/l3/u0/leon3x0/vhdl/p0/iu/r.d.stwin:000
/testbench/cpu/l3/u0/leon3x0/vhdl/p0/iu/r.a.ldcheck2:1
/testbench/cpu/l3/u0/leon3x0/vhdl/p0/iu/r.x.intack:0
/testbench/cpu/l3/u0/leon3x0/vhdl/p0/iu/r.m.ctrl:{{01000000000000000000001100111100} {11000010000001111011111111111000} {00} {10000001} {000000} 0 0 1 0 0 1 1 0 0}
/testbench/cpu/l3/u0/leon3x0/vhdl/p0/iu/r.a.cwp:101
/testbench/cpu/l3/u0/leon3x0/vhdl/p0/iu/r.e.sari:0
/testbench/cpu/l3/u0/leon3x0/vhdl/p0/iu/r.d.paw:0
/testbench/cpu/l3/u0/leon3x0/vhdl/p0/iu/r.d.aw:0
/testbench/cpu/l3/u0/leon3x0/vhdl/p0/iu/r.d.awp:000
/testbench/cpu/l3/u0/leon3x0/vhdl/p0/iu/r.x.ctrl:{{01000000000000000000001100111000} {11000100001010000100000000000000} {01} {10000010} {000000} 0 0 0 0 0 0 0 0 0}
/testbench/cpu/l3/u0/leon3x0/vhdl/p0/iu/r.m.rexnalign:0
/testbench/cpu/l3/u0/leon3x0/vhdl/p0/iu/r.m.su:1
/testbench/cpu/l3/u0/leon3x0/vhdl/p0/iu/r.m.wcwp:0
/testbench/cpu/l3/u0/leon3x0/vhdl/p0/iu/r.d.divrdy:0
/testbench/cpu/l3/u0/leon3x0/vhdl/p0/iu/r.e.cwp:101
/testbench/cpu/l3/u0/leon3x0/vhdl/p0/iu/r.w.except:0
/testbench/cpu/l3/u0/leon3x0/vhdl/p0/iu/r.x.nerror:0
/testbench/cpu/l3/u0/leon3x0/vhdl/p0/iu/r.a.bpimiss:0
/testbench/cpu/l3/u0/leon3x0/vhdl/p0/iu/r.a.nobp:0
/testbench/cpu/l3/u0/leon3x0/vhdl/p0/iu/r.d.rexcnt:0
/testbench/cpu/l3/u0/leon3x0/vhdl/p0/iu/r.w.s:{{101} {0000} {00000000} {01000000000000000000} {00000010} {0000} 0 0 1 1 1 {00000000000000000000000000000000} {UUUUUUUUUUUUUUUUUUUUUUUUUUUUUUUU} 1 0 0 1 1 1 0 0 {000} {000} {111}}
/testbench/cpu/l3/u0/leon3x0/vhdl/p0/iu/r.d.pv:1
/testbench/cpu/l3/u0/leon3x0/vhdl/p0/iu/r.a.ldchkra:1
/testbench/cpu/l3/u0/leon3x0/vhdl/p0/iu/r.a.rfa1:10000010
/testbench/cpu/l3/u0/leon3x0/vhdl/p0/iu/r.a.rfa2:10000001
/testbench/cpu/l3/u0/leon3x0/vhdl/p0/iu/r.a.imm:00000000000000000000000000000001
/testbench/cpu/l3/u0/leon3x0/vhdl/p0/iu/r.w.wa:10000010
/testbench/cpu/l3/u0/leon3x0/vhdl/p0/iu/r.m.casaz:0
/testbench/cpu/l3/u0/leon3x0/vhdl/p0/iu/r.x.dci:{0 0 0 1 0 0 {00} {00001011}}
/testbench/cpu/l3/u0/leon3x0/vhdl/p0/iu/r.x.mac:0
/testbench/cpu/l3/u0/leon3x0/vhdl/p0/iu/r.m.divz:0
/testbench/cpu/l3/u0/leon3x0/vhdl/p0/iu/r.d.inst:{{10000010000000001000000000000001}}
/testbench/cpu/l3/u0/leon3x0/vhdl/p0/iu/r.e.rfe1:1
/testbench/cpu/l3/u0/leon3x0/vhdl/p0/iu/r.a.wovf:0
/testbench/cpu/l3/u0/leon3x0/vhdl/p0/iu/r.e.rfe2:0
/testbench/cpu/l3/u0/leon3x0/vhdl/p0/iu/r.e.op1:01000000000011111111111010100000
/testbench/cpu/l3/u0/leon3x0/vhdl/p0/iu/r.m.nalign:0
/testbench/cpu/l3/u0/leon3x0/vhdl/p0/iu/r.e.op2:00000000000000000000000001000100
/testbench/cpu/l3/u0/leon3x0/vhdl/p0/iu/r.d.rexen:0
/testbench/cpu/l3/u0/leon3x0/vhdl/p0/iu/r.a.ctrl:{{01000000000000000000001101000100} {10000010000000001000000000000001} {00} {10000001} {000000} 0 1 0 0 0 0 0 0 0}
/testbench/cpu/l3/u0/leon3x0/vhdl/p0/iu/r.x.ipend:0
/testbench/cpu/l3/u0/leon3x0/vhdl/p0/iu/r.e.ldbp1:0
/testbench/cpu/l3/u0/leon3x0/vhdl/p0/iu/r.e.aluadd:1
/testbench/cpu/l3/u0/leon3x0/vhdl/p0/iu/r.d.set:0
/testbench/cpu/l3/u0/leon3x0/vhdl/p0/iu/r.d.inull:0
/testbench/cpu/l3/u0/leon3x0/vhdl/p0/iu/r.e.ldbp2:0
/testbench/cpu/l3/u0/leon3x0/vhdl/p0/iu/r.d.cnt:00
/testbench/cpu/l3/u0/leon3x0/vhdl/p0/iu/r.a.su:1
/testbench/cpu/l3/u0/leon3x0/vhdl/p0/iu/r.a.et:1
/testbench/cpu/l3/u0/leon3x0/vhdl/p0/iu/r.e.mul:0
/testbench/cpu/l3/u0/leon3x0/vhdl/p0/iu/r.e.alusel:00
/testbench/cpu/l3/u0/leon3x0/vhdl/p0/iu/r.e.aw:U
/testbench/cpu/l3/u0/leon3x0/vhdl/p0/iu/r.e.mac:0
/testbench/cpu/l3/u0/leon3x0/vhdl/p0/iu/r.a.decill:0
/testbench/cpu/l3/u0/leon3x0/vhdl/p0/iu/r.x.icc:0000
/testbench/cpu/l3/u0/leon3x0/vhdl/p0/iu/r.x.result:00000001000000010000000100000001
/testbench/cpu/l3/u0/leon3x0/vhdl/p0/iu/r.e.bp:0
/testbench/cpu/l3/u0/leon3x0/vhdl/p0/iu/r.a.rs1:00010
/testbench/cpu/l3/u0/leon3x0/vhdl/p0/iu/r.e.jmpl:0
/testbench/cpu/l3/u0/leon3x0/vhdl/p0/iu/r.a.rsel1:001
/testbench/cpu/l3/u0/leon3x0/vhdl/p0/iu/r.x.y:00000000000000000000000000000000
/testbench/cpu/l3/u0/leon3x0/vhdl/p0/iu/r.a.rsel2:010
/testbench/cpu/l3/u0/leon3x0/vhdl/p0/iu/r.a.awp:000
/testbench/cpu/l3/u0/leon3x0/vhdl/p0/iu/r.a.paw:0
/testbench/cpu/l3/u0/leon3x0/vhdl/p0/iu/r.x.data:{{00000000000000000000000000000001}}
/testbench/cpu/l3/u0/leon3x0/vhdl/p0/iu/r.m.mul:0
/testbench/cpu/l3/u0/leon3x0/vhdl/p0/iu/r.e.rd:UUUUU
/testbench/cpu/l3/u0/leon3x0/vhdl/p0/iu/r.e.invop2:0
/testbench/cpu/l3/u0/leon3x0/vhdl/p0/iu/r.m.wawp:0
/testbench/cpu/l3/u0/leon3x0/vhdl/p0/iu/r.d.cwpmax:111
/testbench/cpu/l3/u0/leon3x0/vhdl/p0/iu/r.f.branch:0
/testbench/cpu/l3/u0/leon3x0/vhdl/p0/iu/r.d.pcheld:1
/testbench/cpu/l3/u0/leon3x0/vhdl/p0/iu/r.m.dci:{0 1 1 0 0 0 {10} {00001011}}
/testbench/cpu/l3/u0/leon3x0/vhdl/p0/iu/r.e.paw:U
/testbench/cpu/l3/u0/leon3x0/vhdl/p0/iu/r.e.awp:UUU
/testbench/cpu/l3/u0/leon3x0/vhdl/p0/iu/r.e.shcnt:00100
/testbench/cpu/l3/u0/leon3x0/vhdl/p0/iu/r.w.result:01000000000000000001111001001101
/testbench/cpu/l3/u0/leon3x0/vhdl/p0/iu/r.m.mac:0
/testbench/cpu/l3/u0/leon3x0/vhdl/p0/iu/r.m.y:00000000000000000000000000000000
/testbench/cpu/l3/u0/leon3x0/vhdl/p0/iu/r.d.cwp:101
/testbench/cpu/l3/u0/leon3x0/vhdl/p0/iu/r.x.laddr:01
/testbench/cpu/l3/u0/leon3x0/vhdl/p0/iu/r.e.mulstep:0
/testbench/cpu/l3/u0/leon3x0/vhdl/p0/iu/r.e.ymsb:0
/testbench/cpu/l3/u0/leon3x0/vhdl/p0/iu/r.d.rexbuf:00000000000000000000000000000000
/testbench/cpu/l3/u0/leon3x0/vhdl/p0/iu/r.x.npc:100
/testbench/cpu/l3/u0/leon3x0/vhdl/p0/iu/r.f.pc:01000000000000000000001101001000
/testbench/cpu/l3/u0/leon3x0/vhdl/p0/iu/r.d.annul:0
/testbench/cpu/l3/u0/leon3x0/vhdl/p0/iu/r.x.rstate:run
/testbench/cpu/l3/u0/leon3x0/vhdl/p0/iu/r.x.set:0
/testbench/cpu/l3/u0/leon3x0/vhdl/p0/iu/r.m.result:01000000000011111111111010011000
/testbench/cpu/l3/u0/leon3x0/vhdl/p0/iu/r.e.icc:UUUU
/testbench/cpu/l3/u0/leon3x0/vhdl/p0/iu/r.a.getpc:0
/testbench/cpu/l3/u0/leon3x0/vhdl/p0/iu/r.a.ldchkex:1
/testbench/cpu/l3/u0/leon3x0/vhdl/p0/iu/r.x.mexc:0
/testbench/cpu/l3/u0/leon3x0/vhdl/p0/iu/r.a.mulstart:0
/testbench/cpu/l3/u0/leon3x0/vhdl/p0/iu/r.d.rexpos:10
/testbench/cpu/l3/u0/leon3x0/vhdl/p0/iu/r.x.annul_all:0
/testbench/cpu/l3/u0/leon3x0/vhdl/p0/iu/r.e.aluop:000
/testbench/cpu/l3/u0/leon3x0/vhdl/p0/iu/r.x.debug:0
/testbench/cpu/l3/u0/leon3x0/vhdl/p0/iu/r.a.rfe1:0
/testbench/cpu/l3/u0/leon3x0/vhdl/p0/iu/r.d.step:0
/testbench/cpu/l3/u0/leon3x0/vhdl/p0/iu/r.a.rfe2:0
/testbench/cpu/l3/u0/leon3x0/vhdl/p0/iu/r.e.alucin:0
/testbench/cpu/l3/u0/leon3x0/vhdl/p0/iu/r.a.wunf:0
======================================
progstatus: -2
execerr: 227
latent: 1
time limit!
>>>>>>>>>>>>>>> 5745715000
======================================
