Test signal = /testbench/cpu/l3/u0/leon3x0/vhdl/p0/iu/r.m.wcwp
oldval = 0
pos1: -1 pos0: 0 posU: -1
newval = 1
Signal value: 0
oldval = 0
pos1: -1 pos0: 0 posU: -1
newval = 1
force in 892949
586290000 >> iteration no: 0
1475665000 >> Requesting for the AHB bus...
1476240000 >> AHB granted, starting recovery...
1495440000 >> Recovery done, continuing...
1495490000 >> Requesting for the AHB bus...
1496540000 >> AHB granted, starting recovery...
1515740000 >> Recovery done, continuing...
1515790000 >> Requesting for the AHB bus...
1516840000 >> AHB granted, starting recovery...
1536040000 >> Recovery done, continuing...
1536090000 >> Requesting for the AHB bus...
1537315000 >> AHB granted, starting recovery...
1556515000 >> Recovery done, continuing...
1556565000 >> Requesting for the AHB bus...
1557615000 >> AHB granted, starting recovery...
1576815000 >> Recovery done, continuing...
1576865000 >> Requesting for the AHB bus...
1577915000 >> AHB granted, starting recovery...
1597115000 >> Recovery done, continuing...
1597165000 >> Requesting for the AHB bus...
1598215000 >> AHB granted, starting recovery...
1617415000 >> Recovery done, continuing...
1617465000 >> Requesting for the AHB bus...
1618515000 >> AHB granted, starting recovery...
1637715000 >> Recovery done, continuing...
1637765000 >> Requesting for the AHB bus...
1638815000 >> AHB granted, starting recovery...
1658015000 >> Recovery done, continuing...
1658065000 >> Requesting for the AHB bus...
1659140000 >> AHB granted, starting recovery...
1678340000 >> Recovery done, continuing...
1678390000 >> Requesting for the AHB bus...
1679440000 >> AHB granted, starting recovery...
1698640000 >> Recovery done, continuing...
1698690000 >> Requesting for the AHB bus...
1699740000 >> AHB granted, starting recovery...
1718940000 >> Recovery done, continuing...
1718990000 >> Requesting for the AHB bus...
1720040000 >> AHB granted, starting recovery...
1739240000 >> Recovery done, continuing...
1739290000 >> Requesting for the AHB bus...
1740340000 >> AHB granted, starting recovery...
1759540000 >> Recovery done, continuing...
1759590000 >> Requesting for the AHB bus...
1760640000 >> AHB granted, starting recovery...
1779840000 >> Recovery done, continuing...
1779890000 >> Requesting for the AHB bus...
1780940000 >> AHB granted, starting recovery...
1800140000 >> Recovery done, continuing...
1800190000 >> Requesting for the AHB bus...
1801240000 >> AHB granted, starting recovery...
1820440000 >> Recovery done, continuing...
1820490000 >> Requesting for the AHB bus...
1821540000 >> AHB granted, starting recovery...
1840740000 >> Recovery done, continuing...
1840790000 >> Requesting for the AHB bus...
1841840000 >> AHB granted, starting recovery...
1861040000 >> Recovery done, continuing...
1861090000 >> Requesting for the AHB bus...
1862140000 >> AHB granted, starting recovery...
1881340000 >> Recovery done, continuing...
1881390000 >> Requesting for the AHB bus...
1882440000 >> AHB granted, starting recovery...
1901640000 >> Recovery done, continuing...
1901690000 >> Requesting for the AHB bus...
1902740000 >> AHB granted, starting recovery...
1921940000 >> Recovery done, continuing...
1921990000 >> Requesting for the AHB bus...
1923040000 >> AHB granted, starting recovery...
1942240000 >> Recovery done, continuing...
1942290000 >> Requesting for the AHB bus...
1943340000 >> AHB granted, starting recovery...
1962540000 >> Recovery done, continuing...
1962590000 >> Requesting for the AHB bus...
1963640000 >> AHB granted, starting recovery...
1982840000 >> Recovery done, continuing...
1982890000 >> Requesting for the AHB bus...
1983940000 >> AHB granted, starting recovery...
2003140000 >> Recovery done, continuing...
2003190000 >> Requesting for the AHB bus...
2004415000 >> AHB granted, starting recovery...
2023615000 >> Recovery done, continuing...
2023665000 >> Requesting for the AHB bus...
2024715000 >> AHB granted, starting recovery...
2043915000 >> Recovery done, continuing...
2043965000 >> Requesting for the AHB bus...
2045015000 >> AHB granted, starting recovery...
2064215000 >> Recovery done, continuing...
2064265000 >> Requesting for the AHB bus...
2065315000 >> AHB granted, starting recovery...
2084515000 >> Recovery done, continuing...
2084565000 >> Requesting for the AHB bus...
2085615000 >> AHB granted, starting recovery...
2104815000 >> Recovery done, continuing...
2104865000 >> Requesting for the AHB bus...
2105915000 >> AHB granted, starting recovery...
2125115000 >> Recovery done, continuing...
2125165000 >> Requesting for the AHB bus...
2126340000 >> AHB granted, starting recovery...
2145540000 >> Recovery done, continuing...
2145590000 >> Requesting for the AHB bus...
2146640000 >> AHB granted, starting recovery...
2165840000 >> Recovery done, continuing...
2165890000 >> Requesting for the AHB bus...
2166940000 >> AHB granted, starting recovery...
2186140000 >> Recovery done, continuing...
2186190000 >> Requesting for the AHB bus...
2187240000 >> AHB granted, starting recovery...
2206440000 >> Recovery done, continuing...
2206490000 >> Requesting for the AHB bus...
2207540000 >> AHB granted, starting recovery...
2226740000 >> Recovery done, continuing...
2226790000 >> Requesting for the AHB bus...
2227840000 >> AHB granted, starting recovery...
2247040000 >> Recovery done, continuing...
2247090000 >> Requesting for the AHB bus...
2248140000 >> AHB granted, starting recovery...
2267340000 >> Recovery done, continuing...
2267390000 >> Requesting for the AHB bus...
2268440000 >> AHB granted, starting recovery...
2287640000 >> Recovery done, continuing...
2287690000 >> Requesting for the AHB bus...
2288740000 >> AHB granted, starting recovery...
2307940000 >> Recovery done, continuing...
2307990000 >> Requesting for the AHB bus...
2309040000 >> AHB granted, starting recovery...
2328240000 >> Recovery done, continuing...
2328290000 >> Requesting for the AHB bus...
2329340000 >> AHB granted, starting recovery...
2348540000 >> Recovery done, continuing...
2348590000 >> Requesting for the AHB bus...
2349640000 >> AHB granted, starting recovery...
2368840000 >> Recovery done, continuing...
2368890000 >> Requesting for the AHB bus...
2369940000 >> AHB granted, starting recovery...
2389140000 >> Recovery done, continuing...
2389190000 >> Requesting for the AHB bus...
2390240000 >> AHB granted, starting recovery...
2409440000 >> Recovery done, continuing...
2409490000 >> Requesting for the AHB bus...
2410540000 >> AHB granted, starting recovery...
2429740000 >> Recovery done, continuing...
2429790000 >> Requesting for the AHB bus...
2430840000 >> AHB granted, starting recovery...
2450040000 >> Recovery done, continuing...
2450090000 >> Requesting for the AHB bus...
2451140000 >> AHB granted, starting recovery...
2470340000 >> Recovery done, continuing...
2470390000 >> Requesting for the AHB bus...
2471615000 >> AHB granted, starting recovery...
2490815000 >> Recovery done, continuing...
2490865000 >> Requesting for the AHB bus...
2491915000 >> AHB granted, starting recovery...
2511115000 >> Recovery done, continuing...
2511165000 >> Requesting for the AHB bus...
2512215000 >> AHB granted, starting recovery...
2531415000 >> Recovery done, continuing...
2531465000 >> Requesting for the AHB bus...
2532515000 >> AHB granted, starting recovery...
2551715000 >> Recovery done, continuing...
2551765000 >> Requesting for the AHB bus...
2552815000 >> AHB granted, starting recovery...
2572015000 >> Recovery done, continuing...
2572065000 >> Requesting for the AHB bus...
2573115000 >> AHB granted, starting recovery...
2592315000 >> Recovery done, continuing...
2592365000 >> Requesting for the AHB bus...
2593540000 >> AHB granted, starting recovery...
2612740000 >> Recovery done, continuing...
2612790000 >> Requesting for the AHB bus...
2613840000 >> AHB granted, starting recovery...
2633040000 >> Recovery done, continuing...
2633090000 >> Requesting for the AHB bus...
2634140000 >> AHB granted, starting recovery...
2653340000 >> Recovery done, continuing...
2653390000 >> Requesting for the AHB bus...
2654440000 >> AHB granted, starting recovery...
2673640000 >> Recovery done, continuing...
2673690000 >> Requesting for the AHB bus...
2674740000 >> AHB granted, starting recovery...
2693940000 >> Recovery done, continuing...
2693990000 >> Requesting for the AHB bus...
2695040000 >> AHB granted, starting recovery...
2714240000 >> Recovery done, continuing...
2714290000 >> Requesting for the AHB bus...
2715340000 >> AHB granted, starting recovery...
2734540000 >> Recovery done, continuing...
2734590000 >> Requesting for the AHB bus...
2735640000 >> AHB granted, starting recovery...
2754840000 >> Recovery done, continuing...
2754890000 >> Requesting for the AHB bus...
2755940000 >> AHB granted, starting recovery...
2775140000 >> Recovery done, continuing...
2775190000 >> Requesting for the AHB bus...
2776240000 >> AHB granted, starting recovery...
2795440000 >> Recovery done, continuing...
2795490000 >> Requesting for the AHB bus...
2796540000 >> AHB granted, starting recovery...
2815740000 >> Recovery done, continuing...
2815790000 >> Requesting for the AHB bus...
2816840000 >> AHB granted, starting recovery...
2836040000 >> Recovery done, continuing...
2836090000 >> Requesting for the AHB bus...
2837140000 >> AHB granted, starting recovery...
2856340000 >> Recovery done, continuing...
2856390000 >> Requesting for the AHB bus...
2857440000 >> AHB granted, starting recovery...
2876640000 >> Recovery done, continuing...
2876690000 >> Requesting for the AHB bus...
2877740000 >> AHB granted, starting recovery...
2896940000 >> Recovery done, continuing...
2896990000 >> Requesting for the AHB bus...
2898040000 >> AHB granted, starting recovery...
2917240000 >> Recovery done, continuing...
2917290000 >> Requesting for the AHB bus...
2918340000 >> AHB granted, starting recovery...
2937540000 >> Recovery done, continuing...
2937590000 >> Requesting for the AHB bus...
2938815000 >> AHB granted, starting recovery...
2958015000 >> Recovery done, continuing...
2958065000 >> Requesting for the AHB bus...
2959115000 >> AHB granted, starting recovery...
2978315000 >> Recovery done, continuing...
2978365000 >> Requesting for the AHB bus...
2979415000 >> AHB granted, starting recovery...
2998615000 >> Recovery done, continuing...
2998665000 >> Requesting for the AHB bus...
2999715000 >> AHB granted, starting recovery...
3018915000 >> Recovery done, continuing...
3018965000 >> Requesting for the AHB bus...
3020015000 >> AHB granted, starting recovery...
3039215000 >> Recovery done, continuing...
3039265000 >> Requesting for the AHB bus...
3040315000 >> AHB granted, starting recovery...
3059515000 >> Recovery done, continuing...
3059565000 >> Requesting for the AHB bus...
3060740000 >> AHB granted, starting recovery...
3079940000 >> Recovery done, continuing...
3079990000 >> Requesting for the AHB bus...
3081040000 >> AHB granted, starting recovery...
3100240000 >> Recovery done, continuing...
3100290000 >> Requesting for the AHB bus...
3101340000 >> AHB granted, starting recovery...
3120540000 >> Recovery done, continuing...
3120590000 >> Requesting for the AHB bus...
3121640000 >> AHB granted, starting recovery...
3140840000 >> Recovery done, continuing...
3140890000 >> Requesting for the AHB bus...
3141940000 >> AHB granted, starting recovery...
3161140000 >> Recovery done, continuing...
3161190000 >> Requesting for the AHB bus...
3162240000 >> AHB granted, starting recovery...
3181440000 >> Recovery done, continuing...
3181490000 >> Requesting for the AHB bus...
3182540000 >> AHB granted, starting recovery...
3201740000 >> Recovery done, continuing...
3201790000 >> Requesting for the AHB bus...
3202840000 >> AHB granted, starting recovery...
3222040000 >> Recovery done, continuing...
3222090000 >> Requesting for the AHB bus...
3223140000 >> AHB granted, starting recovery...
3242340000 >> Recovery done, continuing...
3242390000 >> Requesting for the AHB bus...
3243440000 >> AHB granted, starting recovery...
3262640000 >> Recovery done, continuing...
3262690000 >> Requesting for the AHB bus...
3263740000 >> AHB granted, starting recovery...
3282940000 >> Recovery done, continuing...
3282990000 >> Requesting for the AHB bus...
3284040000 >> AHB granted, starting recovery...
3303240000 >> Recovery done, continuing...
3303290000 >> Requesting for the AHB bus...
3304340000 >> AHB granted, starting recovery...
3323540000 >> Recovery done, continuing...
3323590000 >> Requesting for the AHB bus...
3324640000 >> AHB granted, starting recovery...
3343840000 >> Recovery done, continuing...
3343890000 >> Requesting for the AHB bus...
3344940000 >> AHB granted, starting recovery...
3364140000 >> Recovery done, continuing...
3364190000 >> Requesting for the AHB bus...
3365240000 >> AHB granted, starting recovery...
3384440000 >> Recovery done, continuing...
3384490000 >> Requesting for the AHB bus...
3385540000 >> AHB granted, starting recovery...
3404740000 >> Recovery done, continuing...
3404790000 >> Requesting for the AHB bus...
3406015000 >> AHB granted, starting recovery...
3425215000 >> Recovery done, continuing...
3425265000 >> Requesting for the AHB bus...
3426315000 >> AHB granted, starting recovery...
3445515000 >> Recovery done, continuing...
3445565000 >> Requesting for the AHB bus...
3446615000 >> AHB granted, starting recovery...
3465815000 >> Recovery done, continuing...
3465865000 >> Requesting for the AHB bus...
3466915000 >> AHB granted, starting recovery...
3486115000 >> Recovery done, continuing...
3486165000 >> Requesting for the AHB bus...
3487215000 >> AHB granted, starting recovery...
3506415000 >> Recovery done, continuing...
3506465000 >> Requesting for the AHB bus...
3507515000 >> AHB granted, starting recovery...
3526715000 >> Recovery done, continuing...
3526765000 >> Requesting for the AHB bus...
3527940000 >> AHB granted, starting recovery...
3547140000 >> Recovery done, continuing...
3547190000 >> Requesting for the AHB bus...
3548240000 >> AHB granted, starting recovery...
3567440000 >> Recovery done, continuing...
3567490000 >> Requesting for the AHB bus...
3568540000 >> AHB granted, starting recovery...
3587740000 >> Recovery done, continuing...
3587790000 >> Requesting for the AHB bus...
3588840000 >> AHB granted, starting recovery...
3608040000 >> Recovery done, continuing...
3608090000 >> Requesting for the AHB bus...
3609140000 >> AHB granted, starting recovery...
3628340000 >> Recovery done, continuing...
3628390000 >> Requesting for the AHB bus...
3629440000 >> AHB granted, starting recovery...
3648640000 >> Recovery done, continuing...
3648690000 >> Requesting for the AHB bus...
3649740000 >> AHB granted, starting recovery...
3668940000 >> Recovery done, continuing...
3668990000 >> Requesting for the AHB bus...
3670040000 >> AHB granted, starting recovery...
3689240000 >> Recovery done, continuing...
3689290000 >> Requesting for the AHB bus...
3690340000 >> AHB granted, starting recovery...
3709540000 >> Recovery done, continuing...
3709590000 >> Requesting for the AHB bus...
3710640000 >> AHB granted, starting recovery...
3729840000 >> Recovery done, continuing...
3729890000 >> Requesting for the AHB bus...
3730940000 >> AHB granted, starting recovery...
3750140000 >> Recovery done, continuing...
3750190000 >> Requesting for the AHB bus...
3751240000 >> AHB granted, starting recovery...
3770440000 >> Recovery done, continuing...
3770490000 >> Requesting for the AHB bus...
3771540000 >> AHB granted, starting recovery...
3790740000 >> Recovery done, continuing...
3790790000 >> Requesting for the AHB bus...
3791840000 >> AHB granted, starting recovery...
3811040000 >> Recovery done, continuing...
3811090000 >> Requesting for the AHB bus...
3812140000 >> AHB granted, starting recovery...
3831340000 >> Recovery done, continuing...
3831390000 >> Requesting for the AHB bus...
3832440000 >> AHB granted, starting recovery...
3851640000 >> Recovery done, continuing...
3851690000 >> Requesting for the AHB bus...
3852740000 >> AHB granted, starting recovery...
3871940000 >> Recovery done, continuing...
3871990000 >> Requesting for the AHB bus...
3873215000 >> AHB granted, starting recovery...
3892415000 >> Recovery done, continuing...
3892465000 >> Requesting for the AHB bus...
3893515000 >> AHB granted, starting recovery...
3912715000 >> Recovery done, continuing...
3912765000 >> Requesting for the AHB bus...
3913815000 >> AHB granted, starting recovery...
3933015000 >> Recovery done, continuing...
3933065000 >> Requesting for the AHB bus...
3934115000 >> AHB granted, starting recovery...
3953315000 >> Recovery done, continuing...
3953365000 >> Requesting for the AHB bus...
3954415000 >> AHB granted, starting recovery...
3973615000 >> Recovery done, continuing...
3973665000 >> Requesting for the AHB bus...
3974715000 >> AHB granted, starting recovery...
3993915000 >> Recovery done, continuing...
3993965000 >> Requesting for the AHB bus...
3995140000 >> AHB granted, starting recovery...
4014340000 >> Recovery done, continuing...
4014390000 >> Requesting for the AHB bus...
4015440000 >> AHB granted, starting recovery...
4034640000 >> Recovery done, continuing...
4034690000 >> Requesting for the AHB bus...
4035740000 >> AHB granted, starting recovery...
4054940000 >> Recovery done, continuing...
4054990000 >> Requesting for the AHB bus...
4056040000 >> AHB granted, starting recovery...
4075240000 >> Recovery done, continuing...
4075290000 >> Requesting for the AHB bus...
4076340000 >> AHB granted, starting recovery...
4095540000 >> Recovery done, continuing...
4095590000 >> Requesting for the AHB bus...
4096640000 >> AHB granted, starting recovery...
4115840000 >> Recovery done, continuing...
4115890000 >> Requesting for the AHB bus...
4116940000 >> AHB granted, starting recovery...
4136140000 >> Recovery done, continuing...
4136190000 >> Requesting for the AHB bus...
4137240000 >> AHB granted, starting recovery...
4156440000 >> Recovery done, continuing...
4156490000 >> Requesting for the AHB bus...
4157540000 >> AHB granted, starting recovery...
4176740000 >> Recovery done, continuing...
4176790000 >> Requesting for the AHB bus...
4177840000 >> AHB granted, starting recovery...
4197040000 >> Recovery done, continuing...
4197090000 >> Requesting for the AHB bus...
4198140000 >> AHB granted, starting recovery...
4217340000 >> Recovery done, continuing...
4217390000 >> Requesting for the AHB bus...
4218440000 >> AHB granted, starting recovery...
4237640000 >> Recovery done, continuing...
4237690000 >> Requesting for the AHB bus...
4238740000 >> AHB granted, starting recovery...
4257940000 >> Recovery done, continuing...
4257990000 >> Requesting for the AHB bus...
4259040000 >> AHB granted, starting recovery...
4278240000 >> Recovery done, continuing...
4278290000 >> Requesting for the AHB bus...
4279340000 >> AHB granted, starting recovery...
4298540000 >> Recovery done, continuing...
4298590000 >> Requesting for the AHB bus...
4299640000 >> AHB granted, starting recovery...
4318840000 >> Recovery done, continuing...
4318890000 >> Requesting for the AHB bus...
4319940000 >> AHB granted, starting recovery...
4339140000 >> Recovery done, continuing...
4339190000 >> Requesting for the AHB bus...
4340415000 >> AHB granted, starting recovery...
4359615000 >> Recovery done, continuing...
4359665000 >> Requesting for the AHB bus...
4360715000 >> AHB granted, starting recovery...
4379915000 >> Recovery done, continuing...
4379965000 >> Requesting for the AHB bus...
4381015000 >> AHB granted, starting recovery...
4400215000 >> Recovery done, continuing...
4400265000 >> Requesting for the AHB bus...
4401315000 >> AHB granted, starting recovery...
4420515000 >> Recovery done, continuing...
4420565000 >> Requesting for the AHB bus...
4421615000 >> AHB granted, starting recovery...
4440815000 >> Recovery done, continuing...
4440865000 >> Requesting for the AHB bus...
4441915000 >> AHB granted, starting recovery...
4461115000 >> Recovery done, continuing...
4461165000 >> Requesting for the AHB bus...
4462340000 >> AHB granted, starting recovery...
4481540000 >> Recovery done, continuing...
4481590000 >> Requesting for the AHB bus...
4482640000 >> AHB granted, starting recovery...
4501840000 >> Recovery done, continuing...
4501890000 >> Requesting for the AHB bus...
4502940000 >> AHB granted, starting recovery...
4522140000 >> Recovery done, continuing...
4522190000 >> Requesting for the AHB bus...
4523240000 >> AHB granted, starting recovery...
4542440000 >> Recovery done, continuing...
4542490000 >> Requesting for the AHB bus...
4543540000 >> AHB granted, starting recovery...
4562740000 >> Recovery done, continuing...
4562790000 >> Requesting for the AHB bus...
4563840000 >> AHB granted, starting recovery...
4583040000 >> Recovery done, continuing...
4583090000 >> Requesting for the AHB bus...
4584140000 >> AHB granted, starting recovery...
4603340000 >> Recovery done, continuing...
4603390000 >> Requesting for the AHB bus...
4604440000 >> AHB granted, starting recovery...
4623640000 >> Recovery done, continuing...
4623690000 >> Requesting for the AHB bus...
4624740000 >> AHB granted, starting recovery...
4643940000 >> Recovery done, continuing...
4643990000 >> Requesting for the AHB bus...
4645040000 >> AHB granted, starting recovery...
4664240000 >> Recovery done, continuing...
4664290000 >> Requesting for the AHB bus...
4665340000 >> AHB granted, starting recovery...
4684540000 >> Recovery done, continuing...
4684590000 >> Requesting for the AHB bus...
4685640000 >> AHB granted, starting recovery...
4704840000 >> Recovery done, continuing...
4704890000 >> Requesting for the AHB bus...
4705940000 >> AHB granted, starting recovery...
4725140000 >> Recovery done, continuing...
4725190000 >> Requesting for the AHB bus...
4726240000 >> AHB granted, starting recovery...
4745440000 >> Recovery done, continuing...
4745490000 >> Requesting for the AHB bus...
4746540000 >> AHB granted, starting recovery...
4765740000 >> Recovery done, continuing...
4765790000 >> Requesting for the AHB bus...
4766840000 >> AHB granted, starting recovery...
4786040000 >> Recovery done, continuing...
4786090000 >> Requesting for the AHB bus...
4787140000 >> AHB granted, starting recovery...
4806340000 >> Recovery done, continuing...
4806390000 >> Requesting for the AHB bus...
4807615000 >> AHB granted, starting recovery...
4826815000 >> Recovery done, continuing...
4826865000 >> Requesting for the AHB bus...
4827915000 >> AHB granted, starting recovery...
4847115000 >> Recovery done, continuing...
4847165000 >> Requesting for the AHB bus...
4848215000 >> AHB granted, starting recovery...
4867415000 >> Recovery done, continuing...
4867465000 >> Requesting for the AHB bus...
4868515000 >> AHB granted, starting recovery...
4887715000 >> Recovery done, continuing...
4887765000 >> Requesting for the AHB bus...
4888815000 >> AHB granted, starting recovery...
4908015000 >> Recovery done, continuing...
4908065000 >> Requesting for the AHB bus...
4909115000 >> AHB granted, starting recovery...
4928315000 >> Recovery done, continuing...
4928365000 >> Requesting for the AHB bus...
4929540000 >> AHB granted, starting recovery...
4948740000 >> Recovery done, continuing...
4948790000 >> Requesting for the AHB bus...
4949840000 >> AHB granted, starting recovery...
4969040000 >> Recovery done, continuing...
4969090000 >> Requesting for the AHB bus...
4970140000 >> AHB granted, starting recovery...
4989340000 >> Recovery done, continuing...
4989390000 >> Requesting for the AHB bus...
4990440000 >> AHB granted, starting recovery...
5009640000 >> Recovery done, continuing...
5009690000 >> Requesting for the AHB bus...
5010740000 >> AHB granted, starting recovery...
5029940000 >> Recovery done, continuing...
5029990000 >> Requesting for the AHB bus...
5031040000 >> AHB granted, starting recovery...
5050240000 >> Recovery done, continuing...
5050290000 >> Requesting for the AHB bus...
5051340000 >> AHB granted, starting recovery...
5070540000 >> Recovery done, continuing...
5070590000 >> Requesting for the AHB bus...
5071640000 >> AHB granted, starting recovery...
5090840000 >> Recovery done, continuing...
5090890000 >> Requesting for the AHB bus...
5091940000 >> AHB granted, starting recovery...
5111140000 >> Recovery done, continuing...
5111190000 >> Requesting for the AHB bus...
5112240000 >> AHB granted, starting recovery...
5131440000 >> Recovery done, continuing...
5131490000 >> Requesting for the AHB bus...
5132540000 >> AHB granted, starting recovery...
5151740000 >> Recovery done, continuing...
5151790000 >> Requesting for the AHB bus...
5152840000 >> AHB granted, starting recovery...
5172040000 >> Recovery done, continuing...
5172090000 >> Requesting for the AHB bus...
5173140000 >> AHB granted, starting recovery...
5192340000 >> Recovery done, continuing...
5192390000 >> Requesting for the AHB bus...
5193440000 >> AHB granted, starting recovery...
5212640000 >> Recovery done, continuing...
5212690000 >> Requesting for the AHB bus...
5213740000 >> AHB granted, starting recovery...
5232940000 >> Recovery done, continuing...
5232990000 >> Requesting for the AHB bus...
5234040000 >> AHB granted, starting recovery...
5253240000 >> Recovery done, continuing...
5253290000 >> Requesting for the AHB bus...
5254340000 >> AHB granted, starting recovery...
5273540000 >> Recovery done, continuing...
5273590000 >> Requesting for the AHB bus...
5274815000 >> AHB granted, starting recovery...
5294015000 >> Recovery done, continuing...
5294065000 >> Requesting for the AHB bus...
5295115000 >> AHB granted, starting recovery...
5314315000 >> Recovery done, continuing...
5314365000 >> Requesting for the AHB bus...
5315415000 >> AHB granted, starting recovery...
5334615000 >> Recovery done, continuing...
5334665000 >> Requesting for the AHB bus...
5335715000 >> AHB granted, starting recovery...
5354915000 >> Recovery done, continuing...
5354965000 >> Requesting for the AHB bus...
5356015000 >> AHB granted, starting recovery...
5375215000 >> Recovery done, continuing...
5375265000 >> Requesting for the AHB bus...
5376315000 >> AHB granted, starting recovery...
5395515000 >> Recovery done, continuing...
5395565000 >> Requesting for the AHB bus...
5396740000 >> AHB granted, starting recovery...
5415940000 >> Recovery done, continuing...
5415990000 >> Requesting for the AHB bus...
5417040000 >> AHB granted, starting recovery...
5436240000 >> Recovery done, continuing...
5436290000 >> Requesting for the AHB bus...
5437340000 >> AHB granted, starting recovery...
5456540000 >> Recovery done, continuing...
5456590000 >> Requesting for the AHB bus...
5457640000 >> AHB granted, starting recovery...
5476840000 >> Recovery done, continuing...
5476890000 >> Requesting for the AHB bus...
5477940000 >> AHB granted, starting recovery...
5497140000 >> Recovery done, continuing...
5497190000 >> Requesting for the AHB bus...
5498240000 >> AHB granted, starting recovery...
5517440000 >> Recovery done, continuing...
5517490000 >> Requesting for the AHB bus...
5518540000 >> AHB granted, starting recovery...
5537740000 >> Recovery done, continuing...
5537790000 >> Requesting for the AHB bus...
5538840000 >> AHB granted, starting recovery...
5558040000 >> Recovery done, continuing...
5558090000 >> Requesting for the AHB bus...
5559140000 >> AHB granted, starting recovery...
5578340000 >> Recovery done, continuing...
5578390000 >> Requesting for the AHB bus...
5579440000 >> AHB granted, starting recovery...
5598640000 >> Recovery done, continuing...
5598690000 >> Requesting for the AHB bus...
5599740000 >> AHB granted, starting recovery...
5618940000 >> Recovery done, continuing...
5618990000 >> Requesting for the AHB bus...
5620040000 >> AHB granted, starting recovery...
5639240000 >> Recovery done, continuing...
5639290000 >> Requesting for the AHB bus...
5640340000 >> AHB granted, starting recovery...
5659540000 >> Recovery done, continuing...
5659590000 >> Requesting for the AHB bus...
5660640000 >> AHB granted, starting recovery...
5679840000 >> Recovery done, continuing...
5679890000 >> Requesting for the AHB bus...
5680940000 >> AHB granted, starting recovery...
5700140000 >> Recovery done, continuing...
5700190000 >> Requesting for the AHB bus...
5701240000 >> AHB granted, starting recovery...
5720440000 >> Recovery done, continuing...
5720490000 >> Requesting for the AHB bus...
5721540000 >> AHB granted, starting recovery...
5740740000 >> Recovery done, continuing...
5740790000 >> Requesting for the AHB bus...
5742015000 >> AHB granted, starting recovery...
5745715000 >> time limit reached...
/testbench/cpu/l3/u0/leon3x0/vhdl/p0/iu/r.w.wreg:1
/testbench/cpu/l3/u0/leon3x0/vhdl/p0/iu/r.m.irqen:1
/testbench/cpu/l3/u0/leon3x0/vhdl/p0/iu/r.m.icc:0000
/testbench/cpu/l3/u0/leon3x0/vhdl/p0/iu/r.a.ticc:0
/testbench/cpu/l3/u0/leon3x0/vhdl/p0/iu/r.a.step:0
/testbench/cpu/l3/u0/leon3x0/vhdl/p0/iu/r.m.irqen2:1
/testbench/cpu/l3/u0/leon3x0/vhdl/p0/iu/r.d.pc:01000000000000000000001011011100
/testbench/cpu/l3/u0/leon3x0/vhdl/p0/iu/r.d.rexpl:{{00000000000000000000000000000000} {00} {0} 0 0 {0000000000000000000} 0 0 0 0 0 0}
/testbench/cpu/l3/u0/leon3x0/vhdl/p0/iu/r.d.mexc:0
/testbench/cpu/l3/u0/leon3x0/vhdl/p0/iu/r.a.aw:0
/testbench/cpu/l3/u0/leon3x0/vhdl/p0/iu/r.e.ctrl:{{01000000000000000000001011010100} {11000010000001111011111111110100} {00} {10000001} {000000} 0 0 1 0 0 1 1 0 0}
/testbench/cpu/l3/u0/leon3x0/vhdl/p0/iu/r.a.divstart:0
/testbench/cpu/l3/u0/leon3x0/vhdl/p0/iu/r.e.shleft:0
/testbench/cpu/l3/u0/leon3x0/vhdl/p0/iu/r.a.bp:0
/testbench/cpu/l3/u0/leon3x0/vhdl/p0/iu/r.w.twcwp:000
/testbench/cpu/l3/u0/leon3x0/vhdl/p0/iu/r.a.jmpl:0
/testbench/cpu/l3/u0/leon3x0/vhdl/p0/iu/r.m.casa:0
/testbench/cpu/l3/u0/leon3x0/vhdl/p0/iu/r.m.werr:0
/testbench/cpu/l3/u0/leon3x0/vhdl/p0/iu/r.e.su:1
/testbench/cpu/l3/u0/leon3x0/vhdl/p0/iu/r.e.et:1
/testbench/cpu/l3/u0/leon3x0/vhdl/p0/iu/r.a.ldcheck1:1
/testbench/cpu/l3/u0/leon3x0/vhdl/p0/iu/r.d.stwin:000
/testbench/cpu/l3/u0/leon3x0/vhdl/p0/iu/r.a.ldcheck2:0
/testbench/cpu/l3/u0/leon3x0/vhdl/p0/iu/r.x.intack:0
/testbench/cpu/l3/u0/leon3x0/vhdl/p0/iu/r.m.ctrl:{{01000000000000000000001011010000} {11000010001001111011111111111000} {01} {10000001} {000000} 0 0 0 0 0 0 0 0 0}
/testbench/cpu/l3/u0/leon3x0/vhdl/p0/iu/r.a.cwp:101
/testbench/cpu/l3/u0/leon3x0/vhdl/p0/iu/r.e.sari:0
/testbench/cpu/l3/u0/leon3x0/vhdl/p0/iu/r.d.paw:0
/testbench/cpu/l3/u0/leon3x0/vhdl/p0/iu/r.d.aw:0
/testbench/cpu/l3/u0/leon3x0/vhdl/p0/iu/r.d.awp:000
/testbench/cpu/l3/u0/leon3x0/vhdl/p0/iu/r.x.ctrl:{{01000000000000000000001011010000} {11000010001001111011111111111000} {00} {10000001} {000000} 0 0 0 0 0 0 1 0 0}
/testbench/cpu/l3/u0/leon3x0/vhdl/p0/iu/r.m.rexnalign:0
/testbench/cpu/l3/u0/leon3x0/vhdl/p0/iu/r.m.su:1
/testbench/cpu/l3/u0/leon3x0/vhdl/p0/iu/r.m.wcwp:0
/testbench/cpu/l3/u0/leon3x0/vhdl/p0/iu/r.d.divrdy:0
/testbench/cpu/l3/u0/leon3x0/vhdl/p0/iu/r.e.cwp:101
/testbench/cpu/l3/u0/leon3x0/vhdl/p0/iu/r.w.except:0
/testbench/cpu/l3/u0/leon3x0/vhdl/p0/iu/r.x.nerror:0
/testbench/cpu/l3/u0/leon3x0/vhdl/p0/iu/r.a.bpimiss:0
/testbench/cpu/l3/u0/leon3x0/vhdl/p0/iu/r.a.nobp:0
/testbench/cpu/l3/u0/leon3x0/vhdl/p0/iu/r.d.rexcnt:0
/testbench/cpu/l3/u0/leon3x0/vhdl/p0/iu/r.w.s:{{101} {0000} {00000000} {01000000000000000000} {00000010} {0000} 0 0 1 1 1 {00000000000000000000000000000000} {UUUUUUUUUUUUUUUUUUUUUUUUUUUUUUUU} 1 0 0 1 1 1 0 0 {000} {000} {111}}
/testbench/cpu/l3/u0/leon3x0/vhdl/p0/iu/r.d.pv:1
/testbench/cpu/l3/u0/leon3x0/vhdl/p0/iu/r.a.ldchkra:1
/testbench/cpu/l3/u0/leon3x0/vhdl/p0/iu/r.a.rfa1:01101110
/testbench/cpu/l3/u0/leon3x0/vhdl/p0/iu/r.a.rfa2:10000100
/testbench/cpu/l3/u0/leon3x0/vhdl/p0/iu/r.a.imm:00000000000000000000000001000100
/testbench/cpu/l3/u0/leon3x0/vhdl/p0/iu/r.w.wa:10000001
/testbench/cpu/l3/u0/leon3x0/vhdl/p0/iu/r.m.casaz:0
/testbench/cpu/l3/u0/leon3x0/vhdl/p0/iu/r.x.dci:{0 1 0 0 0 0 {10} {00001011}}
/testbench/cpu/l3/u0/leon3x0/vhdl/p0/iu/r.x.mac:0
/testbench/cpu/l3/u0/leon3x0/vhdl/p0/iu/r.m.divz:0
/testbench/cpu/l3/u0/leon3x0/vhdl/p0/iu/r.d.inst:{{10000010000000001000000000000001}}
/testbench/cpu/l3/u0/leon3x0/vhdl/p0/iu/r.e.rfe1:1
/testbench/cpu/l3/u0/leon3x0/vhdl/p0/iu/r.a.wovf:0
/testbench/cpu/l3/u0/leon3x0/vhdl/p0/iu/r.e.rfe2:0
/testbench/cpu/l3/u0/leon3x0/vhdl/p0/iu/r.e.op1:01000000000011111111111010100000
/testbench/cpu/l3/u0/leon3x0/vhdl/p0/iu/r.m.nalign:1
/testbench/cpu/l3/u0/leon3x0/vhdl/p0/iu/r.e.op2:11111111111111111111111111110100
/testbench/cpu/l3/u0/leon3x0/vhdl/p0/iu/r.d.rexen:0
/testbench/cpu/l3/u0/leon3x0/vhdl/p0/iu/r.a.ctrl:{{01000000000000000000001011011000} {11000100000001111010000001000100} {00} {10000010} {000000} 0 0 1 0 0 1 1 0 0}
/testbench/cpu/l3/u0/leon3x0/vhdl/p0/iu/r.x.ipend:0
/testbench/cpu/l3/u0/leon3x0/vhdl/p0/iu/r.e.ldbp1:0
/testbench/cpu/l3/u0/leon3x0/vhdl/p0/iu/r.e.aluadd:1
/testbench/cpu/l3/u0/leon3x0/vhdl/p0/iu/r.d.set:0
/testbench/cpu/l3/u0/leon3x0/vhdl/p0/iu/r.d.inull:0
/testbench/cpu/l3/u0/leon3x0/vhdl/p0/iu/r.e.ldbp2:0
/testbench/cpu/l3/u0/leon3x0/vhdl/p0/iu/r.d.cnt:00
/testbench/cpu/l3/u0/leon3x0/vhdl/p0/iu/r.a.su:1
/testbench/cpu/l3/u0/leon3x0/vhdl/p0/iu/r.a.et:1
/testbench/cpu/l3/u0/leon3x0/vhdl/p0/iu/r.e.mul:0
/testbench/cpu/l3/u0/leon3x0/vhdl/p0/iu/r.e.alusel:00
/testbench/cpu/l3/u0/leon3x0/vhdl/p0/iu/r.e.aw:U
/testbench/cpu/l3/u0/leon3x0/vhdl/p0/iu/r.e.mac:0
/testbench/cpu/l3/u0/leon3x0/vhdl/p0/iu/r.a.decill:0
/testbench/cpu/l3/u0/leon3x0/vhdl/p0/iu/r.x.icc:0000
/testbench/cpu/l3/u0/leon3x0/vhdl/p0/iu/r.x.result:01000000000011111111111010011000
/testbench/cpu/l3/u0/leon3x0/vhdl/p0/iu/r.e.bp:0
/testbench/cpu/l3/u0/leon3x0/vhdl/p0/iu/r.a.rs1:11110
/testbench/cpu/l3/u0/leon3x0/vhdl/p0/iu/r.e.jmpl:0
/testbench/cpu/l3/u0/leon3x0/vhdl/p0/iu/r.a.rsel1:000
/testbench/cpu/l3/u0/leon3x0/vhdl/p0/iu/r.x.y:00000000000000000000000000000000
/testbench/cpu/l3/u0/leon3x0/vhdl/p0/iu/r.a.rsel2:100
/testbench/cpu/l3/u0/leon3x0/vhdl/p0/iu/r.a.awp:000
/testbench/cpu/l3/u0/leon3x0/vhdl/p0/iu/r.a.paw:0
/testbench/cpu/l3/u0/leon3x0/vhdl/p0/iu/r.x.data:{{00000000000000000000000000000001}}
/testbench/cpu/l3/u0/leon3x0/vhdl/p0/iu/r.m.mul:0
/testbench/cpu/l3/u0/leon3x0/vhdl/p0/iu/r.e.rd:UUUUU
/testbench/cpu/l3/u0/leon3x0/vhdl/p0/iu/r.e.invop2:0
/testbench/cpu/l3/u0/leon3x0/vhdl/p0/iu/r.m.wawp:0
/testbench/cpu/l3/u0/leon3x0/vhdl/p0/iu/r.d.cwpmax:111
/testbench/cpu/l3/u0/leon3x0/vhdl/p0/iu/r.f.branch:0
/testbench/cpu/l3/u0/leon3x0/vhdl/p0/iu/r.d.pcheld:0
/testbench/cpu/l3/u0/leon3x0/vhdl/p0/iu/r.m.dci:{0 0 0 1 0 0 {10} {00001011}}
/testbench/cpu/l3/u0/leon3x0/vhdl/p0/iu/r.e.paw:U
/testbench/cpu/l3/u0/leon3x0/vhdl/p0/iu/r.e.awp:UUU
/testbench/cpu/l3/u0/leon3x0/vhdl/p0/iu/r.e.shcnt:10100
/testbench/cpu/l3/u0/leon3x0/vhdl/p0/iu/r.w.result:00000000000000000000000000000010
/testbench/cpu/l3/u0/leon3x0/vhdl/p0/iu/r.m.mac:0
/testbench/cpu/l3/u0/leon3x0/vhdl/p0/iu/r.m.y:00000000000000000000000000000000
/testbench/cpu/l3/u0/leon3x0/vhdl/p0/iu/r.d.cwp:101
/testbench/cpu/l3/u0/leon3x0/vhdl/p0/iu/r.x.laddr:00
/testbench/cpu/l3/u0/leon3x0/vhdl/p0/iu/r.e.mulstep:0
/testbench/cpu/l3/u0/leon3x0/vhdl/p0/iu/r.e.ymsb:0
/testbench/cpu/l3/u0/leon3x0/vhdl/p0/iu/r.d.rexbuf:00000000000000000000000000000000
/testbench/cpu/l3/u0/leon3x0/vhdl/p0/iu/r.x.npc:100
/testbench/cpu/l3/u0/leon3x0/vhdl/p0/iu/r.f.pc:01000000000000000000001011100000
/testbench/cpu/l3/u0/leon3x0/vhdl/p0/iu/r.d.annul:0
/testbench/cpu/l3/u0/leon3x0/vhdl/p0/iu/r.x.rstate:run
/testbench/cpu/l3/u0/leon3x0/vhdl/p0/iu/r.x.set:0
/testbench/cpu/l3/u0/leon3x0/vhdl/p0/iu/r.m.result:00000000000000000000000000000010
/testbench/cpu/l3/u0/leon3x0/vhdl/p0/iu/r.e.icc:UUUU
/testbench/cpu/l3/u0/leon3x0/vhdl/p0/iu/r.a.getpc:0
/testbench/cpu/l3/u0/leon3x0/vhdl/p0/iu/r.a.ldchkex:1
/testbench/cpu/l3/u0/leon3x0/vhdl/p0/iu/r.x.mexc:0
/testbench/cpu/l3/u0/leon3x0/vhdl/p0/iu/r.a.mulstart:0
/testbench/cpu/l3/u0/leon3x0/vhdl/p0/iu/r.d.rexpos:10
/testbench/cpu/l3/u0/leon3x0/vhdl/p0/iu/r.x.annul_all:0
/testbench/cpu/l3/u0/leon3x0/vhdl/p0/iu/r.e.aluop:000
/testbench/cpu/l3/u0/leon3x0/vhdl/p0/iu/r.x.debug:0
/testbench/cpu/l3/u0/leon3x0/vhdl/p0/iu/r.a.rfe1:1
/testbench/cpu/l3/u0/leon3x0/vhdl/p0/iu/r.d.step:0
/testbench/cpu/l3/u0/leon3x0/vhdl/p0/iu/r.a.rfe2:0
/testbench/cpu/l3/u0/leon3x0/vhdl/p0/iu/r.e.alucin:0
/testbench/cpu/l3/u0/leon3x0/vhdl/p0/iu/r.a.wunf:0
======================================
progstatus: -2
execerr: 211
latent: 1
time limit!
>>>>>>>>>>>>>>> 5745715000
======================================
