Test signal = /testbench/cpu/l3/u0/leon3x0/vhdl/p0/iu/r.d.cwp
oldval = 111
pos1: 2 pos0: -1 posU: -1
newval = 110
Signal value: 111
oldval = 111
pos1: 2 pos0: -1 posU: -1
newval = 110
force in 3999342
586290000 >> iteration no: 0
1598340000 >> iteration no: 1
2610390000 >> iteration no: 2
3622265000 >> iteration no: 3
4581840000 >> Requesting for the AHB bus...
4582415000 >> AHB granted, starting recovery...
4601615000 >> Recovery done, continuing...
4602490000 >> Requesting for the AHB bus...
4603265000 >> AHB granted, starting recovery...
4622465000 >> Recovery done, continuing...
4623165000 >> Requesting for the AHB bus...
4623940000 >> AHB granted, starting recovery...
4643140000 >> Recovery done, continuing...
4643840000 >> Requesting for the AHB bus...
4644615000 >> AHB granted, starting recovery...
4663815000 >> Recovery done, continuing...
4664515000 >> Requesting for the AHB bus...
4665290000 >> AHB granted, starting recovery...
4684490000 >> Recovery done, continuing...
4685190000 >> Requesting for the AHB bus...
4686115000 >> AHB granted, starting recovery...
4705315000 >> Recovery done, continuing...
4706015000 >> Requesting for the AHB bus...
4706790000 >> AHB granted, starting recovery...
4725990000 >> Recovery done, continuing...
4726690000 >> Requesting for the AHB bus...
4727465000 >> AHB granted, starting recovery...
4746665000 >> Recovery done, continuing...
4747365000 >> Requesting for the AHB bus...
4748140000 >> AHB granted, starting recovery...
4767340000 >> Recovery done, continuing...
4768040000 >> Requesting for the AHB bus...
4768815000 >> AHB granted, starting recovery...
4788015000 >> Recovery done, continuing...
4788715000 >> Requesting for the AHB bus...
4789490000 >> AHB granted, starting recovery...
4808690000 >> Recovery done, continuing...
4809390000 >> Requesting for the AHB bus...
4810165000 >> AHB granted, starting recovery...
4829365000 >> Recovery done, continuing...
4830065000 >> Requesting for the AHB bus...
4830840000 >> AHB granted, starting recovery...
4850040000 >> Recovery done, continuing...
4850740000 >> Requesting for the AHB bus...
4851515000 >> AHB granted, starting recovery...
4870715000 >> Recovery done, continuing...
4871540000 >> Requesting for the AHB bus...
4872315000 >> AHB granted, starting recovery...
4891515000 >> Recovery done, continuing...
4892215000 >> Requesting for the AHB bus...
4892990000 >> AHB granted, starting recovery...
4912190000 >> Recovery done, continuing...
4912890000 >> Requesting for the AHB bus...
4913665000 >> AHB granted, starting recovery...
4932865000 >> Recovery done, continuing...
4933565000 >> Requesting for the AHB bus...
4934340000 >> AHB granted, starting recovery...
4953540000 >> Recovery done, continuing...
4954415000 >> Requesting for the AHB bus...
4955190000 >> AHB granted, starting recovery...
4974390000 >> Recovery done, continuing...
4975090000 >> Requesting for the AHB bus...
4975865000 >> AHB granted, starting recovery...
4995065000 >> Recovery done, continuing...
4995765000 >> Requesting for the AHB bus...
4996540000 >> AHB granted, starting recovery...
5015740000 >> Recovery done, continuing...
5016440000 >> Requesting for the AHB bus...
5017215000 >> AHB granted, starting recovery...
5036415000 >> Recovery done, continuing...
5037115000 >> Requesting for the AHB bus...
5037890000 >> AHB granted, starting recovery...
5057090000 >> Recovery done, continuing...
5057790000 >> Requesting for the AHB bus...
5058565000 >> AHB granted, starting recovery...
5077765000 >> Recovery done, continuing...
5078465000 >> Requesting for the AHB bus...
5079240000 >> AHB granted, starting recovery...
5098440000 >> Recovery done, continuing...
5099140000 >> Requesting for the AHB bus...
5099915000 >> AHB granted, starting recovery...
5119115000 >> Recovery done, continuing...
5119815000 >> Requesting for the AHB bus...
5120590000 >> AHB granted, starting recovery...
5139790000 >> Recovery done, continuing...
5140490000 >> Requesting for the AHB bus...
5141265000 >> AHB granted, starting recovery...
5160465000 >> Recovery done, continuing...
5161165000 >> Requesting for the AHB bus...
5161940000 >> AHB granted, starting recovery...
5181140000 >> Recovery done, continuing...
5181840000 >> Requesting for the AHB bus...
5182615000 >> AHB granted, starting recovery...
5201815000 >> Recovery done, continuing...
5202515000 >> Requesting for the AHB bus...
5203290000 >> AHB granted, starting recovery...
5222490000 >> Recovery done, continuing...
5223365000 >> Requesting for the AHB bus...
5224140000 >> AHB granted, starting recovery...
5243340000 >> Recovery done, continuing...
5244040000 >> Requesting for the AHB bus...
5244815000 >> AHB granted, starting recovery...
5264015000 >> Recovery done, continuing...
5264715000 >> Requesting for the AHB bus...
5265490000 >> AHB granted, starting recovery...
5284690000 >> Recovery done, continuing...
5285390000 >> Requesting for the AHB bus...
5286165000 >> AHB granted, starting recovery...
5305365000 >> Recovery done, continuing...
5306065000 >> Requesting for the AHB bus...
5306990000 >> AHB granted, starting recovery...
5326190000 >> Recovery done, continuing...
5326890000 >> Requesting for the AHB bus...
5327665000 >> AHB granted, starting recovery...
5346865000 >> Recovery done, continuing...
5347565000 >> Requesting for the AHB bus...
5348340000 >> AHB granted, starting recovery...
5367540000 >> Recovery done, continuing...
5368240000 >> Requesting for the AHB bus...
5369015000 >> AHB granted, starting recovery...
5388215000 >> Recovery done, continuing...
5388915000 >> Requesting for the AHB bus...
5389690000 >> AHB granted, starting recovery...
5408890000 >> Recovery done, continuing...
5409590000 >> Requesting for the AHB bus...
5410365000 >> AHB granted, starting recovery...
5429565000 >> Recovery done, continuing...
5430265000 >> Requesting for the AHB bus...
5431040000 >> AHB granted, starting recovery...
5450240000 >> Recovery done, continuing...
5450940000 >> Requesting for the AHB bus...
5451715000 >> AHB granted, starting recovery...
5470915000 >> Recovery done, continuing...
5471615000 >> Requesting for the AHB bus...
5472390000 >> AHB granted, starting recovery...
5491590000 >> Recovery done, continuing...
5492340000 >> Requesting for the AHB bus...
5493115000 >> AHB granted, starting recovery...
5512315000 >> Recovery done, continuing...
5513015000 >> Requesting for the AHB bus...
5513790000 >> AHB granted, starting recovery...
5532990000 >> Recovery done, continuing...
5533690000 >> Requesting for the AHB bus...
5534465000 >> AHB granted, starting recovery...
5553665000 >> Recovery done, continuing...
5554365000 >> Requesting for the AHB bus...
5555140000 >> AHB granted, starting recovery...
5574340000 >> Recovery done, continuing...
5575215000 >> Requesting for the AHB bus...
5575990000 >> AHB granted, starting recovery...
5595190000 >> Recovery done, continuing...
5595890000 >> Requesting for the AHB bus...
5596665000 >> AHB granted, starting recovery...
5615865000 >> Recovery done, continuing...
5616565000 >> Requesting for the AHB bus...
5617340000 >> AHB granted, starting recovery...
5636540000 >> Recovery done, continuing...
5637240000 >> Requesting for the AHB bus...
5638015000 >> AHB granted, starting recovery...
5657215000 >> Recovery done, continuing...
5657915000 >> Requesting for the AHB bus...
5658690000 >> AHB granted, starting recovery...
5677890000 >> Recovery done, continuing...
5678590000 >> Requesting for the AHB bus...
5679365000 >> AHB granted, starting recovery...
5698565000 >> Recovery done, continuing...
5699265000 >> Requesting for the AHB bus...
5700040000 >> AHB granted, starting recovery...
5719240000 >> Recovery done, continuing...
5719940000 >> Requesting for the AHB bus...
5720715000 >> AHB granted, starting recovery...
5739915000 >> Recovery done, continuing...
5740615000 >> Requesting for the AHB bus...
5741390000 >> AHB granted, starting recovery...
5745715000 >> time limit reached...
/testbench/cpu/l3/u0/leon3x0/vhdl/p0/iu/r.w.wreg:1
/testbench/cpu/l3/u0/leon3x0/vhdl/p0/iu/r.m.irqen:1
/testbench/cpu/l3/u0/leon3x0/vhdl/p0/iu/r.m.icc:1001
/testbench/cpu/l3/u0/leon3x0/vhdl/p0/iu/r.a.ticc:0
/testbench/cpu/l3/u0/leon3x0/vhdl/p0/iu/r.a.step:0
/testbench/cpu/l3/u0/leon3x0/vhdl/p0/iu/r.m.irqen2:1
/testbench/cpu/l3/u0/leon3x0/vhdl/p0/iu/r.d.pc:01000000000000000000001000100000
/testbench/cpu/l3/u0/leon3x0/vhdl/p0/iu/r.d.rexpl:{{00000000000000000000000000000000} {00} {0} 0 0 {0000000000000000000} 0 0 0 0 0 0}
/testbench/cpu/l3/u0/leon3x0/vhdl/p0/iu/r.d.mexc:0
/testbench/cpu/l3/u0/leon3x0/vhdl/p0/iu/r.a.aw:0
/testbench/cpu/l3/u0/leon3x0/vhdl/p0/iu/r.e.ctrl:{{01000000000000000000001000011100} {11000010000001111011111111111100} {00} {10000001} {000000} 0 0 1 0 0 1 1 0 0}
/testbench/cpu/l3/u0/leon3x0/vhdl/p0/iu/r.a.divstart:0
/testbench/cpu/l3/u0/leon3x0/vhdl/p0/iu/r.e.shleft:0
/testbench/cpu/l3/u0/leon3x0/vhdl/p0/iu/r.a.bp:0
/testbench/cpu/l3/u0/leon3x0/vhdl/p0/iu/r.w.twcwp:000
/testbench/cpu/l3/u0/leon3x0/vhdl/p0/iu/r.a.jmpl:0
/testbench/cpu/l3/u0/leon3x0/vhdl/p0/iu/r.m.casa:0
/testbench/cpu/l3/u0/leon3x0/vhdl/p0/iu/r.m.werr:0
/testbench/cpu/l3/u0/leon3x0/vhdl/p0/iu/r.e.su:1
/testbench/cpu/l3/u0/leon3x0/vhdl/p0/iu/r.e.et:1
/testbench/cpu/l3/u0/leon3x0/vhdl/p0/iu/r.a.ldcheck1:1
/testbench/cpu/l3/u0/leon3x0/vhdl/p0/iu/r.d.stwin:000
/testbench/cpu/l3/u0/leon3x0/vhdl/p0/iu/r.a.ldcheck2:0
/testbench/cpu/l3/u0/leon3x0/vhdl/p0/iu/r.x.intack:0
/testbench/cpu/l3/u0/leon3x0/vhdl/p0/iu/r.m.ctrl:{{01000000000000000000001000011000} {11000010001001111011111111111100} {01} {10000001} {000000} 0 0 0 0 0 0 0 0 0}
/testbench/cpu/l3/u0/leon3x0/vhdl/p0/iu/r.a.cwp:101
/testbench/cpu/l3/u0/leon3x0/vhdl/p0/iu/r.e.sari:0
/testbench/cpu/l3/u0/leon3x0/vhdl/p0/iu/r.d.paw:0
/testbench/cpu/l3/u0/leon3x0/vhdl/p0/iu/r.d.aw:0
/testbench/cpu/l3/u0/leon3x0/vhdl/p0/iu/r.d.awp:000
/testbench/cpu/l3/u0/leon3x0/vhdl/p0/iu/r.x.ctrl:{{01000000000000000000001000011000} {11000010001001111011111111111100} {00} {10000001} {000000} 0 0 0 0 0 0 1 0 0}
/testbench/cpu/l3/u0/leon3x0/vhdl/p0/iu/r.m.rexnalign:0
/testbench/cpu/l3/u0/leon3x0/vhdl/p0/iu/r.m.su:1
/testbench/cpu/l3/u0/leon3x0/vhdl/p0/iu/r.m.wcwp:0
/testbench/cpu/l3/u0/leon3x0/vhdl/p0/iu/r.d.divrdy:0
/testbench/cpu/l3/u0/leon3x0/vhdl/p0/iu/r.e.cwp:101
/testbench/cpu/l3/u0/leon3x0/vhdl/p0/iu/r.w.except:0
/testbench/cpu/l3/u0/leon3x0/vhdl/p0/iu/r.x.nerror:0
/testbench/cpu/l3/u0/leon3x0/vhdl/p0/iu/r.a.bpimiss:0
/testbench/cpu/l3/u0/leon3x0/vhdl/p0/iu/r.a.nobp:0
/testbench/cpu/l3/u0/leon3x0/vhdl/p0/iu/r.d.rexcnt:0
/testbench/cpu/l3/u0/leon3x0/vhdl/p0/iu/r.w.s:{{101} {1001} {00000000} {01000000000000000000} {00000010} {0000} 0 0 1 1 1 {00000000000000000000000000000000} {UUUUUUUUUUUUUUUUUUUUUUUUUUUUUUUU} 1 0 0 1 1 1 0 0 {000} {000} {111}}
/testbench/cpu/l3/u0/leon3x0/vhdl/p0/iu/r.d.pv:1
/testbench/cpu/l3/u0/leon3x0/vhdl/p0/iu/r.a.ldchkra:1
/testbench/cpu/l3/u0/leon3x0/vhdl/p0/iu/r.a.rfa1:10000001
/testbench/cpu/l3/u0/leon3x0/vhdl/p0/iu/r.a.rfa2:01011000
/testbench/cpu/l3/u0/leon3x0/vhdl/p0/iu/r.a.imm:00000000000000000000000000001000
/testbench/cpu/l3/u0/leon3x0/vhdl/p0/iu/r.w.wa:10000001
/testbench/cpu/l3/u0/leon3x0/vhdl/p0/iu/r.m.casaz:0
/testbench/cpu/l3/u0/leon3x0/vhdl/p0/iu/r.x.dci:{0 1 0 0 0 0 {10} {00001011}}
/testbench/cpu/l3/u0/leon3x0/vhdl/p0/iu/r.x.mac:0
/testbench/cpu/l3/u0/leon3x0/vhdl/p0/iu/r.m.divz:0
/testbench/cpu/l3/u0/leon3x0/vhdl/p0/iu/r.d.inst:{{10000000101000000110000000001000}}
/testbench/cpu/l3/u0/leon3x0/vhdl/p0/iu/r.e.rfe1:1
/testbench/cpu/l3/u0/leon3x0/vhdl/p0/iu/r.a.wovf:0
/testbench/cpu/l3/u0/leon3x0/vhdl/p0/iu/r.e.rfe2:0
/testbench/cpu/l3/u0/leon3x0/vhdl/p0/iu/r.e.op1:01000000000011111111111010100000
/testbench/cpu/l3/u0/leon3x0/vhdl/p0/iu/r.m.nalign:1
/testbench/cpu/l3/u0/leon3x0/vhdl/p0/iu/r.e.op2:11111111111111111111111111111100
/testbench/cpu/l3/u0/leon3x0/vhdl/p0/iu/r.d.rexen:0
/testbench/cpu/l3/u0/leon3x0/vhdl/p0/iu/r.a.ctrl:{{01000000000000000000001000100000} {10000000101000000110000000001000} {00} {10000000} {000000} 0 1 0 0 0 0 0 0 0}
/testbench/cpu/l3/u0/leon3x0/vhdl/p0/iu/r.x.ipend:0
/testbench/cpu/l3/u0/leon3x0/vhdl/p0/iu/r.e.ldbp1:0
/testbench/cpu/l3/u0/leon3x0/vhdl/p0/iu/r.e.aluadd:1
/testbench/cpu/l3/u0/leon3x0/vhdl/p0/iu/r.d.set:0
/testbench/cpu/l3/u0/leon3x0/vhdl/p0/iu/r.d.inull:0
/testbench/cpu/l3/u0/leon3x0/vhdl/p0/iu/r.e.ldbp2:0
/testbench/cpu/l3/u0/leon3x0/vhdl/p0/iu/r.d.cnt:00
/testbench/cpu/l3/u0/leon3x0/vhdl/p0/iu/r.a.su:1
/testbench/cpu/l3/u0/leon3x0/vhdl/p0/iu/r.a.et:1
/testbench/cpu/l3/u0/leon3x0/vhdl/p0/iu/r.e.mul:0
/testbench/cpu/l3/u0/leon3x0/vhdl/p0/iu/r.e.alusel:00
/testbench/cpu/l3/u0/leon3x0/vhdl/p0/iu/r.e.aw:U
/testbench/cpu/l3/u0/leon3x0/vhdl/p0/iu/r.e.mac:0
/testbench/cpu/l3/u0/leon3x0/vhdl/p0/iu/r.a.decill:0
/testbench/cpu/l3/u0/leon3x0/vhdl/p0/iu/r.x.icc:1001
/testbench/cpu/l3/u0/leon3x0/vhdl/p0/iu/r.x.result:01000000000011111111111010011100
/testbench/cpu/l3/u0/leon3x0/vhdl/p0/iu/r.e.bp:0
/testbench/cpu/l3/u0/leon3x0/vhdl/p0/iu/r.a.rs1:00001
/testbench/cpu/l3/u0/leon3x0/vhdl/p0/iu/r.e.jmpl:0
/testbench/cpu/l3/u0/leon3x0/vhdl/p0/iu/r.a.rsel1:001
/testbench/cpu/l3/u0/leon3x0/vhdl/p0/iu/r.x.y:00000000000000000000000000000000
/testbench/cpu/l3/u0/leon3x0/vhdl/p0/iu/r.a.rsel2:100
/testbench/cpu/l3/u0/leon3x0/vhdl/p0/iu/r.a.awp:000
/testbench/cpu/l3/u0/leon3x0/vhdl/p0/iu/r.a.paw:0
/testbench/cpu/l3/u0/leon3x0/vhdl/p0/iu/r.x.data:{{00000000000000000000000000000001}}
/testbench/cpu/l3/u0/leon3x0/vhdl/p0/iu/r.m.mul:0
/testbench/cpu/l3/u0/leon3x0/vhdl/p0/iu/r.e.rd:UUUUU
/testbench/cpu/l3/u0/leon3x0/vhdl/p0/iu/r.e.invop2:0
/testbench/cpu/l3/u0/leon3x0/vhdl/p0/iu/r.m.wawp:0
/testbench/cpu/l3/u0/leon3x0/vhdl/p0/iu/r.d.cwpmax:111
/testbench/cpu/l3/u0/leon3x0/vhdl/p0/iu/r.f.branch:0
/testbench/cpu/l3/u0/leon3x0/vhdl/p0/iu/r.d.pcheld:1
/testbench/cpu/l3/u0/leon3x0/vhdl/p0/iu/r.m.dci:{0 0 0 1 0 0 {10} {00001011}}
/testbench/cpu/l3/u0/leon3x0/vhdl/p0/iu/r.e.paw:U
/testbench/cpu/l3/u0/leon3x0/vhdl/p0/iu/r.e.awp:UUU
/testbench/cpu/l3/u0/leon3x0/vhdl/p0/iu/r.e.shcnt:11100
/testbench/cpu/l3/u0/leon3x0/vhdl/p0/iu/r.w.result:00000000000000000000000000000010
/testbench/cpu/l3/u0/leon3x0/vhdl/p0/iu/r.m.mac:0
/testbench/cpu/l3/u0/leon3x0/vhdl/p0/iu/r.m.y:00000000000000000000000000000000
/testbench/cpu/l3/u0/leon3x0/vhdl/p0/iu/r.d.cwp:101
/testbench/cpu/l3/u0/leon3x0/vhdl/p0/iu/r.x.laddr:00
/testbench/cpu/l3/u0/leon3x0/vhdl/p0/iu/r.e.mulstep:0
/testbench/cpu/l3/u0/leon3x0/vhdl/p0/iu/r.e.ymsb:0
/testbench/cpu/l3/u0/leon3x0/vhdl/p0/iu/r.d.rexbuf:00000000000000000000000000000000
/testbench/cpu/l3/u0/leon3x0/vhdl/p0/iu/r.x.npc:100
/testbench/cpu/l3/u0/leon3x0/vhdl/p0/iu/r.f.pc:01000000000000000000001000100100
/testbench/cpu/l3/u0/leon3x0/vhdl/p0/iu/r.d.annul:0
/testbench/cpu/l3/u0/leon3x0/vhdl/p0/iu/r.x.rstate:run
/testbench/cpu/l3/u0/leon3x0/vhdl/p0/iu/r.x.set:0
/testbench/cpu/l3/u0/leon3x0/vhdl/p0/iu/r.m.result:00000000000000000000000000000010
/testbench/cpu/l3/u0/leon3x0/vhdl/p0/iu/r.e.icc:UUUU
/testbench/cpu/l3/u0/leon3x0/vhdl/p0/iu/r.a.getpc:0
/testbench/cpu/l3/u0/leon3x0/vhdl/p0/iu/r.a.ldchkex:1
/testbench/cpu/l3/u0/leon3x0/vhdl/p0/iu/r.x.mexc:0
/testbench/cpu/l3/u0/leon3x0/vhdl/p0/iu/r.a.mulstart:0
/testbench/cpu/l3/u0/leon3x0/vhdl/p0/iu/r.d.rexpos:10
/testbench/cpu/l3/u0/leon3x0/vhdl/p0/iu/r.x.annul_all:0
/testbench/cpu/l3/u0/leon3x0/vhdl/p0/iu/r.e.aluop:000
/testbench/cpu/l3/u0/leon3x0/vhdl/p0/iu/r.x.debug:0
/testbench/cpu/l3/u0/leon3x0/vhdl/p0/iu/r.a.rfe1:0
/testbench/cpu/l3/u0/leon3x0/vhdl/p0/iu/r.d.step:0
/testbench/cpu/l3/u0/leon3x0/vhdl/p0/iu/r.a.rfe2:0
/testbench/cpu/l3/u0/leon3x0/vhdl/p0/iu/r.e.alucin:0
/testbench/cpu/l3/u0/leon3x0/vhdl/p0/iu/r.a.wunf:0
======================================
progstatus: -2
execerr: 57
latent: 1
time limit!
>>>>>>>>>>>>>>> 5745715000
======================================
