Test signal = /testbench/cpu/l3/u0/leon3x0/vhdl/p0/iu/r.x.mexc
oldval = 0
pos1: -1 pos0: 0 posU: -1
newval = 1
Signal value: 0
oldval = 0
pos1: -1 pos0: 0 posU: -1
newval = 1
force in 4195382
586290000 >> iteration no: 0
1598340000 >> iteration no: 1
2610390000 >> iteration no: 2
3622265000 >> iteration no: 3
4634040000 >> iteration no: 4
4777065000 >> Requesting for the AHB bus...
4778115000 >> AHB granted, starting recovery...
4797315000 >> Recovery done, continuing...
4797365000 >> Requesting for the AHB bus...
4798240000 >> AHB granted, starting recovery...
4817440000 >> Recovery done, continuing...
4817490000 >> Requesting for the AHB bus...
4818365000 >> AHB granted, starting recovery...
4837565000 >> Recovery done, continuing...
4837615000 >> Requesting for the AHB bus...
4838490000 >> AHB granted, starting recovery...
4857690000 >> Recovery done, continuing...
4857740000 >> Requesting for the AHB bus...
4858615000 >> AHB granted, starting recovery...
4877815000 >> Recovery done, continuing...
4877865000 >> Requesting for the AHB bus...
4878740000 >> AHB granted, starting recovery...
4897940000 >> Recovery done, continuing...
4897990000 >> Requesting for the AHB bus...
4898865000 >> AHB granted, starting recovery...
4918065000 >> Recovery done, continuing...
4918115000 >> Requesting for the AHB bus...
4918990000 >> AHB granted, starting recovery...
4938190000 >> Recovery done, continuing...
4938240000 >> Requesting for the AHB bus...
4939115000 >> AHB granted, starting recovery...
4958315000 >> Recovery done, continuing...
4958365000 >> Requesting for the AHB bus...
4959240000 >> AHB granted, starting recovery...
4978440000 >> Recovery done, continuing...
4978490000 >> Requesting for the AHB bus...
4979365000 >> AHB granted, starting recovery...
4998565000 >> Recovery done, continuing...
4998615000 >> Requesting for the AHB bus...
4999490000 >> AHB granted, starting recovery...
5018690000 >> Recovery done, continuing...
5018740000 >> Requesting for the AHB bus...
5019615000 >> AHB granted, starting recovery...
5038815000 >> Recovery done, continuing...
5038865000 >> Requesting for the AHB bus...
5039740000 >> AHB granted, starting recovery...
5058940000 >> Recovery done, continuing...
5058990000 >> Requesting for the AHB bus...
5059865000 >> AHB granted, starting recovery...
5079065000 >> Recovery done, continuing...
5079115000 >> Requesting for the AHB bus...
5079990000 >> AHB granted, starting recovery...
5099190000 >> Recovery done, continuing...
5099240000 >> Requesting for the AHB bus...
5100115000 >> AHB granted, starting recovery...
5119315000 >> Recovery done, continuing...
5119365000 >> Requesting for the AHB bus...
5120240000 >> AHB granted, starting recovery...
5139440000 >> Recovery done, continuing...
5139490000 >> Requesting for the AHB bus...
5140365000 >> AHB granted, starting recovery...
5159565000 >> Recovery done, continuing...
5159615000 >> Requesting for the AHB bus...
5160490000 >> AHB granted, starting recovery...
5179690000 >> Recovery done, continuing...
5179740000 >> Requesting for the AHB bus...
5180615000 >> AHB granted, starting recovery...
5199815000 >> Recovery done, continuing...
5199865000 >> Requesting for the AHB bus...
5200740000 >> AHB granted, starting recovery...
5219940000 >> Recovery done, continuing...
5219990000 >> Requesting for the AHB bus...
5220865000 >> AHB granted, starting recovery...
5240065000 >> Recovery done, continuing...
5240115000 >> Requesting for the AHB bus...
5240990000 >> AHB granted, starting recovery...
5260190000 >> Recovery done, continuing...
5260240000 >> Requesting for the AHB bus...
5261115000 >> AHB granted, starting recovery...
5280315000 >> Recovery done, continuing...
5280365000 >> Requesting for the AHB bus...
5281365000 >> AHB granted, starting recovery...
5300565000 >> Recovery done, continuing...
5300615000 >> Requesting for the AHB bus...
5301490000 >> AHB granted, starting recovery...
5320690000 >> Recovery done, continuing...
5320740000 >> Requesting for the AHB bus...
5321615000 >> AHB granted, starting recovery...
5340815000 >> Recovery done, continuing...
5340865000 >> Requesting for the AHB bus...
5341740000 >> AHB granted, starting recovery...
5360940000 >> Recovery done, continuing...
5360990000 >> Requesting for the AHB bus...
5361865000 >> AHB granted, starting recovery...
5381065000 >> Recovery done, continuing...
5381115000 >> Requesting for the AHB bus...
5381990000 >> AHB granted, starting recovery...
5401190000 >> Recovery done, continuing...
5401240000 >> Requesting for the AHB bus...
5402115000 >> AHB granted, starting recovery...
5421315000 >> Recovery done, continuing...
5421365000 >> Requesting for the AHB bus...
5422240000 >> AHB granted, starting recovery...
5441440000 >> Recovery done, continuing...
5441490000 >> Requesting for the AHB bus...
5442365000 >> AHB granted, starting recovery...
5461565000 >> Recovery done, continuing...
5461615000 >> Requesting for the AHB bus...
5462490000 >> AHB granted, starting recovery...
5481690000 >> Recovery done, continuing...
5481740000 >> Requesting for the AHB bus...
5482615000 >> AHB granted, starting recovery...
5501815000 >> Recovery done, continuing...
5501865000 >> Requesting for the AHB bus...
5502740000 >> AHB granted, starting recovery...
5521940000 >> Recovery done, continuing...
5521990000 >> Requesting for the AHB bus...
5522865000 >> AHB granted, starting recovery...
5542065000 >> Recovery done, continuing...
5542115000 >> Requesting for the AHB bus...
5542990000 >> AHB granted, starting recovery...
5562190000 >> Recovery done, continuing...
5562240000 >> Requesting for the AHB bus...
5563115000 >> AHB granted, starting recovery...
5582315000 >> Recovery done, continuing...
5582365000 >> Requesting for the AHB bus...
5583240000 >> AHB granted, starting recovery...
5602440000 >> Recovery done, continuing...
5602490000 >> Requesting for the AHB bus...
5603365000 >> AHB granted, starting recovery...
5622565000 >> Recovery done, continuing...
5622615000 >> Requesting for the AHB bus...
5623490000 >> AHB granted, starting recovery...
5642690000 >> Recovery done, continuing...
5642740000 >> Requesting for the AHB bus...
5643615000 >> AHB granted, starting recovery...
5662815000 >> Recovery done, continuing...
5662865000 >> Requesting for the AHB bus...
5663740000 >> AHB granted, starting recovery...
5682940000 >> Recovery done, continuing...
5682990000 >> Requesting for the AHB bus...
5683865000 >> AHB granted, starting recovery...
5703065000 >> Recovery done, continuing...
5703115000 >> Requesting for the AHB bus...
5703990000 >> AHB granted, starting recovery...
5723190000 >> Recovery done, continuing...
5723240000 >> Requesting for the AHB bus...
5724115000 >> AHB granted, starting recovery...
5743315000 >> Recovery done, continuing...
5743365000 >> Requesting for the AHB bus...
5744240000 >> AHB granted, starting recovery...
5745715000 >> time limit reached...
/testbench/cpu/l3/u0/leon3x0/vhdl/p0/iu/r.w.wreg:0
/testbench/cpu/l3/u0/leon3x0/vhdl/p0/iu/r.m.irqen:1
/testbench/cpu/l3/u0/leon3x0/vhdl/p0/iu/r.m.icc:0000
/testbench/cpu/l3/u0/leon3x0/vhdl/p0/iu/r.a.ticc:0
/testbench/cpu/l3/u0/leon3x0/vhdl/p0/iu/r.a.step:0
/testbench/cpu/l3/u0/leon3x0/vhdl/p0/iu/r.m.irqen2:1
/testbench/cpu/l3/u0/leon3x0/vhdl/p0/iu/r.d.pc:01000000000000000000001100100100
/testbench/cpu/l3/u0/leon3x0/vhdl/p0/iu/r.d.rexpl:{{00000000000000000000000000000000} {00} {0} 0 0 {0000000000000000000} 0 0 0 0 0 0}
/testbench/cpu/l3/u0/leon3x0/vhdl/p0/iu/r.d.mexc:0
/testbench/cpu/l3/u0/leon3x0/vhdl/p0/iu/r.a.aw:0
/testbench/cpu/l3/u0/leon3x0/vhdl/p0/iu/r.e.ctrl:{{01000000000000000000001100100000} {11000100000001111010000001000100} {00} {10000010} {000000} 0 0 1 0 0 1 1 0 0}
/testbench/cpu/l3/u0/leon3x0/vhdl/p0/iu/r.a.divstart:0
/testbench/cpu/l3/u0/leon3x0/vhdl/p0/iu/r.e.shleft:0
/testbench/cpu/l3/u0/leon3x0/vhdl/p0/iu/r.a.bp:0
/testbench/cpu/l3/u0/leon3x0/vhdl/p0/iu/r.w.twcwp:000
/testbench/cpu/l3/u0/leon3x0/vhdl/p0/iu/r.a.jmpl:0
/testbench/cpu/l3/u0/leon3x0/vhdl/p0/iu/r.m.casa:0
/testbench/cpu/l3/u0/leon3x0/vhdl/p0/iu/r.m.werr:0
/testbench/cpu/l3/u0/leon3x0/vhdl/p0/iu/r.e.su:1
/testbench/cpu/l3/u0/leon3x0/vhdl/p0/iu/r.e.et:1
/testbench/cpu/l3/u0/leon3x0/vhdl/p0/iu/r.a.ldcheck1:1
/testbench/cpu/l3/u0/leon3x0/vhdl/p0/iu/r.d.stwin:000
/testbench/cpu/l3/u0/leon3x0/vhdl/p0/iu/r.a.ldcheck2:1
/testbench/cpu/l3/u0/leon3x0/vhdl/p0/iu/r.x.intack:0
/testbench/cpu/l3/u0/leon3x0/vhdl/p0/iu/r.m.ctrl:{{01000000000000000000001100011100} {11000010000001111011111111110100} {00} {10000001} {000000} 0 0 1 0 0 1 1 0 0}
/testbench/cpu/l3/u0/leon3x0/vhdl/p0/iu/r.a.cwp:101
/testbench/cpu/l3/u0/leon3x0/vhdl/p0/iu/r.e.sari:0
/testbench/cpu/l3/u0/leon3x0/vhdl/p0/iu/r.d.paw:0
/testbench/cpu/l3/u0/leon3x0/vhdl/p0/iu/r.d.aw:0
/testbench/cpu/l3/u0/leon3x0/vhdl/p0/iu/r.d.awp:000
/testbench/cpu/l3/u0/leon3x0/vhdl/p0/iu/r.x.ctrl:{{01000000000000000000001100011000} {11000010001011111011111111111111} {01} {10000001} {000000} 0 0 0 0 0 0 0 0 0}
/testbench/cpu/l3/u0/leon3x0/vhdl/p0/iu/r.m.rexnalign:0
/testbench/cpu/l3/u0/leon3x0/vhdl/p0/iu/r.m.su:1
/testbench/cpu/l3/u0/leon3x0/vhdl/p0/iu/r.m.wcwp:0
/testbench/cpu/l3/u0/leon3x0/vhdl/p0/iu/r.d.divrdy:0
/testbench/cpu/l3/u0/leon3x0/vhdl/p0/iu/r.e.cwp:101
/testbench/cpu/l3/u0/leon3x0/vhdl/p0/iu/r.w.except:0
/testbench/cpu/l3/u0/leon3x0/vhdl/p0/iu/r.x.nerror:0
/testbench/cpu/l3/u0/leon3x0/vhdl/p0/iu/r.a.bpimiss:0
/testbench/cpu/l3/u0/leon3x0/vhdl/p0/iu/r.a.nobp:0
/testbench/cpu/l3/u0/leon3x0/vhdl/p0/iu/r.d.rexcnt:0
/testbench/cpu/l3/u0/leon3x0/vhdl/p0/iu/r.w.s:{{101} {0000} {00000000} {01000000000000000000} {00000010} {0000} 0 0 1 1 1 {00000000000000000000000000000000} {UUUUUUUUUUUUUUUUUUUUUUUUUUUUUUUU} 1 0 0 1 1 1 0 0 {000} {000} {111}}
/testbench/cpu/l3/u0/leon3x0/vhdl/p0/iu/r.d.pv:1
/testbench/cpu/l3/u0/leon3x0/vhdl/p0/iu/r.a.ldchkra:1
/testbench/cpu/l3/u0/leon3x0/vhdl/p0/iu/r.a.rfa1:10000010
/testbench/cpu/l3/u0/leon3x0/vhdl/p0/iu/r.a.rfa2:10000001
/testbench/cpu/l3/u0/leon3x0/vhdl/p0/iu/r.a.imm:00000000000000000000000000000001
/testbench/cpu/l3/u0/leon3x0/vhdl/p0/iu/r.w.wa:10000001
/testbench/cpu/l3/u0/leon3x0/vhdl/p0/iu/r.m.casaz:0
/testbench/cpu/l3/u0/leon3x0/vhdl/p0/iu/r.x.dci:{0 0 0 1 0 0 {00} {00001011}}
/testbench/cpu/l3/u0/leon3x0/vhdl/p0/iu/r.x.mac:0
/testbench/cpu/l3/u0/leon3x0/vhdl/p0/iu/r.m.divz:0
/testbench/cpu/l3/u0/leon3x0/vhdl/p0/iu/r.d.inst:{{10000010000000001000000000000001}}
/testbench/cpu/l3/u0/leon3x0/vhdl/p0/iu/r.e.rfe1:1
/testbench/cpu/l3/u0/leon3x0/vhdl/p0/iu/r.a.wovf:0
/testbench/cpu/l3/u0/leon3x0/vhdl/p0/iu/r.e.rfe2:0
/testbench/cpu/l3/u0/leon3x0/vhdl/p0/iu/r.e.op1:01000000000011111111111010100000
/testbench/cpu/l3/u0/leon3x0/vhdl/p0/iu/r.m.nalign:0
/testbench/cpu/l3/u0/leon3x0/vhdl/p0/iu/r.e.op2:00000000000000000000000001000100
/testbench/cpu/l3/u0/leon3x0/vhdl/p0/iu/r.d.rexen:0
/testbench/cpu/l3/u0/leon3x0/vhdl/p0/iu/r.a.ctrl:{{01000000000000000000001100100100} {10000010000000001000000000000001} {00} {10000001} {000000} 0 1 0 0 0 0 0 0 0}
/testbench/cpu/l3/u0/leon3x0/vhdl/p0/iu/r.x.ipend:0
/testbench/cpu/l3/u0/leon3x0/vhdl/p0/iu/r.e.ldbp1:0
/testbench/cpu/l3/u0/leon3x0/vhdl/p0/iu/r.e.aluadd:1
/testbench/cpu/l3/u0/leon3x0/vhdl/p0/iu/r.d.set:0
/testbench/cpu/l3/u0/leon3x0/vhdl/p0/iu/r.d.inull:0
/testbench/cpu/l3/u0/leon3x0/vhdl/p0/iu/r.e.ldbp2:0
/testbench/cpu/l3/u0/leon3x0/vhdl/p0/iu/r.d.cnt:00
/testbench/cpu/l3/u0/leon3x0/vhdl/p0/iu/r.a.su:1
/testbench/cpu/l3/u0/leon3x0/vhdl/p0/iu/r.a.et:1
/testbench/cpu/l3/u0/leon3x0/vhdl/p0/iu/r.e.mul:0
/testbench/cpu/l3/u0/leon3x0/vhdl/p0/iu/r.e.alusel:00
/testbench/cpu/l3/u0/leon3x0/vhdl/p0/iu/r.e.aw:U
/testbench/cpu/l3/u0/leon3x0/vhdl/p0/iu/r.e.mac:0
/testbench/cpu/l3/u0/leon3x0/vhdl/p0/iu/r.a.decill:0
/testbench/cpu/l3/u0/leon3x0/vhdl/p0/iu/r.x.icc:0000
/testbench/cpu/l3/u0/leon3x0/vhdl/p0/iu/r.x.result:00001001000010010000100100001001
/testbench/cpu/l3/u0/leon3x0/vhdl/p0/iu/r.e.bp:0
/testbench/cpu/l3/u0/leon3x0/vhdl/p0/iu/r.a.rs1:00010
/testbench/cpu/l3/u0/leon3x0/vhdl/p0/iu/r.e.jmpl:0
/testbench/cpu/l3/u0/leon3x0/vhdl/p0/iu/r.a.rsel1:001
/testbench/cpu/l3/u0/leon3x0/vhdl/p0/iu/r.x.y:00000000000000000000000000000000
/testbench/cpu/l3/u0/leon3x0/vhdl/p0/iu/r.a.rsel2:010
/testbench/cpu/l3/u0/leon3x0/vhdl/p0/iu/r.a.awp:000
/testbench/cpu/l3/u0/leon3x0/vhdl/p0/iu/r.a.paw:0
/testbench/cpu/l3/u0/leon3x0/vhdl/p0/iu/r.x.data:{{00000000000000000000000000001001}}
/testbench/cpu/l3/u0/leon3x0/vhdl/p0/iu/r.m.mul:0
/testbench/cpu/l3/u0/leon3x0/vhdl/p0/iu/r.e.rd:UUUUU
/testbench/cpu/l3/u0/leon3x0/vhdl/p0/iu/r.e.invop2:0
/testbench/cpu/l3/u0/leon3x0/vhdl/p0/iu/r.m.wawp:0
/testbench/cpu/l3/u0/leon3x0/vhdl/p0/iu/r.d.cwpmax:111
/testbench/cpu/l3/u0/leon3x0/vhdl/p0/iu/r.f.branch:0
/testbench/cpu/l3/u0/leon3x0/vhdl/p0/iu/r.d.pcheld:1
/testbench/cpu/l3/u0/leon3x0/vhdl/p0/iu/r.m.dci:{0 1 1 0 0 0 {10} {00001011}}
/testbench/cpu/l3/u0/leon3x0/vhdl/p0/iu/r.e.paw:U
/testbench/cpu/l3/u0/leon3x0/vhdl/p0/iu/r.e.awp:UUU
/testbench/cpu/l3/u0/leon3x0/vhdl/p0/iu/r.e.shcnt:00100
/testbench/cpu/l3/u0/leon3x0/vhdl/p0/iu/r.w.result:01000000000011111111111010011111
/testbench/cpu/l3/u0/leon3x0/vhdl/p0/iu/r.m.mac:0
/testbench/cpu/l3/u0/leon3x0/vhdl/p0/iu/r.m.y:00000000000000000000000000000000
/testbench/cpu/l3/u0/leon3x0/vhdl/p0/iu/r.d.cwp:101
/testbench/cpu/l3/u0/leon3x0/vhdl/p0/iu/r.x.laddr:01
/testbench/cpu/l3/u0/leon3x0/vhdl/p0/iu/r.e.mulstep:0
/testbench/cpu/l3/u0/leon3x0/vhdl/p0/iu/r.e.ymsb:0
/testbench/cpu/l3/u0/leon3x0/vhdl/p0/iu/r.d.rexbuf:00000000000000000000000000000000
/testbench/cpu/l3/u0/leon3x0/vhdl/p0/iu/r.x.npc:100
/testbench/cpu/l3/u0/leon3x0/vhdl/p0/iu/r.f.pc:01000000000000000000001100101000
/testbench/cpu/l3/u0/leon3x0/vhdl/p0/iu/r.d.annul:0
/testbench/cpu/l3/u0/leon3x0/vhdl/p0/iu/r.x.rstate:run
/testbench/cpu/l3/u0/leon3x0/vhdl/p0/iu/r.x.set:0
/testbench/cpu/l3/u0/leon3x0/vhdl/p0/iu/r.m.result:01000000000011111111111010010100
/testbench/cpu/l3/u0/leon3x0/vhdl/p0/iu/r.e.icc:UUUU
/testbench/cpu/l3/u0/leon3x0/vhdl/p0/iu/r.a.getpc:0
/testbench/cpu/l3/u0/leon3x0/vhdl/p0/iu/r.a.ldchkex:1
/testbench/cpu/l3/u0/leon3x0/vhdl/p0/iu/r.x.mexc:1
/testbench/cpu/l3/u0/leon3x0/vhdl/p0/iu/r.a.mulstart:0
/testbench/cpu/l3/u0/leon3x0/vhdl/p0/iu/r.d.rexpos:10
/testbench/cpu/l3/u0/leon3x0/vhdl/p0/iu/r.x.annul_all:0
/testbench/cpu/l3/u0/leon3x0/vhdl/p0/iu/r.e.aluop:000
/testbench/cpu/l3/u0/leon3x0/vhdl/p0/iu/r.x.debug:0
/testbench/cpu/l3/u0/leon3x0/vhdl/p0/iu/r.a.rfe1:0
/testbench/cpu/l3/u0/leon3x0/vhdl/p0/iu/r.d.step:0
/testbench/cpu/l3/u0/leon3x0/vhdl/p0/iu/r.a.rfe2:0
/testbench/cpu/l3/u0/leon3x0/vhdl/p0/iu/r.e.alucin:0
/testbench/cpu/l3/u0/leon3x0/vhdl/p0/iu/r.a.wunf:0
======================================
progstatus: -2
execerr: 49
latent: 1
time limit!
>>>>>>>>>>>>>>> 5745715000
======================================
