Test signal = /testbench/cpu/l3/u0/leon3x0/vhdl/p0/iu/r.a.wovf
oldval = 0
pos1: -1 pos0: 0 posU: -1
newval = 1
Signal value: 0
oldval = 0
pos1: -1 pos0: 0 posU: -1
newval = 1
force in 478056
584315000 >> iteration no: 0
994990000 >> iteration no: 1
1058065000 >> Requesting for the AHB bus...
1058915000 >> AHB granted, starting recovery...
1078115000 >> Recovery done, continuing...
1078240000 >> Requesting for the AHB bus...
1079115000 >> AHB granted, starting recovery...
1098315000 >> Recovery done, continuing...
1098440000 >> Requesting for the AHB bus...
1099315000 >> AHB granted, starting recovery...
1118515000 >> Recovery done, continuing...
1118640000 >> Requesting for the AHB bus...
1119515000 >> AHB granted, starting recovery...
1138715000 >> Recovery done, continuing...
1138840000 >> Requesting for the AHB bus...
1139715000 >> AHB granted, starting recovery...
1158915000 >> Recovery done, continuing...
1159040000 >> Requesting for the AHB bus...
1159915000 >> AHB granted, starting recovery...
1179115000 >> Recovery done, continuing...
1179240000 >> Requesting for the AHB bus...
1180115000 >> AHB granted, starting recovery...
1199315000 >> Recovery done, continuing...
1199440000 >> Requesting for the AHB bus...
1200315000 >> AHB granted, starting recovery...
1219515000 >> Recovery done, continuing...
1219640000 >> Requesting for the AHB bus...
1220515000 >> AHB granted, starting recovery...
1239715000 >> Recovery done, continuing...
1239840000 >> Requesting for the AHB bus...
1240715000 >> AHB granted, starting recovery...
1259915000 >> Recovery done, continuing...
1260040000 >> Requesting for the AHB bus...
1260915000 >> AHB granted, starting recovery...
1280115000 >> Recovery done, continuing...
1280240000 >> Requesting for the AHB bus...
1281115000 >> AHB granted, starting recovery...
1300315000 >> Recovery done, continuing...
1300440000 >> Requesting for the AHB bus...
1301315000 >> AHB granted, starting recovery...
1320515000 >> Recovery done, continuing...
1320640000 >> Requesting for the AHB bus...
1321515000 >> AHB granted, starting recovery...
1340715000 >> Recovery done, continuing...
1340840000 >> Requesting for the AHB bus...
1341715000 >> AHB granted, starting recovery...
1360915000 >> Recovery done, continuing...
1361040000 >> Requesting for the AHB bus...
1361915000 >> AHB granted, starting recovery...
1381115000 >> Recovery done, continuing...
1381240000 >> Requesting for the AHB bus...
1382115000 >> AHB granted, starting recovery...
1401315000 >> Recovery done, continuing...
1401440000 >> Requesting for the AHB bus...
1402315000 >> AHB granted, starting recovery...
1421515000 >> Recovery done, continuing...
1421640000 >> Requesting for the AHB bus...
1422515000 >> AHB granted, starting recovery...
1441715000 >> Recovery done, continuing...
1441840000 >> Requesting for the AHB bus...
1442715000 >> AHB granted, starting recovery...
1461915000 >> Recovery done, continuing...
1462040000 >> Requesting for the AHB bus...
1462915000 >> AHB granted, starting recovery...
1482115000 >> Recovery done, continuing...
1482240000 >> Requesting for the AHB bus...
1483115000 >> AHB granted, starting recovery...
1502315000 >> Recovery done, continuing...
1502440000 >> Requesting for the AHB bus...
1503315000 >> AHB granted, starting recovery...
1522515000 >> Recovery done, continuing...
1522640000 >> Requesting for the AHB bus...
1523515000 >> AHB granted, starting recovery...
1542715000 >> Recovery done, continuing...
1542840000 >> Requesting for the AHB bus...
1543765000 >> AHB granted, starting recovery...
1562965000 >> Recovery done, continuing...
1563090000 >> Requesting for the AHB bus...
1563965000 >> AHB granted, starting recovery...
1583165000 >> Recovery done, continuing...
1583290000 >> Requesting for the AHB bus...
1584165000 >> AHB granted, starting recovery...
1603365000 >> Recovery done, continuing...
1603490000 >> Requesting for the AHB bus...
1604365000 >> AHB granted, starting recovery...
1623565000 >> Recovery done, continuing...
1623690000 >> Requesting for the AHB bus...
1624565000 >> AHB granted, starting recovery...
1643765000 >> Recovery done, continuing...
1643890000 >> Requesting for the AHB bus...
1644765000 >> AHB granted, starting recovery...
1663965000 >> Recovery done, continuing...
1664090000 >> Requesting for the AHB bus...
1664965000 >> AHB granted, starting recovery...
1684165000 >> Recovery done, continuing...
1684290000 >> Requesting for the AHB bus...
1685165000 >> AHB granted, starting recovery...
1704365000 >> Recovery done, continuing...
1704490000 >> Requesting for the AHB bus...
1705365000 >> AHB granted, starting recovery...
1724565000 >> Recovery done, continuing...
1724690000 >> Requesting for the AHB bus...
1725565000 >> AHB granted, starting recovery...
1744765000 >> Recovery done, continuing...
1744890000 >> Requesting for the AHB bus...
1745765000 >> AHB granted, starting recovery...
1764965000 >> Recovery done, continuing...
1765090000 >> Requesting for the AHB bus...
1765965000 >> AHB granted, starting recovery...
1785165000 >> Recovery done, continuing...
1785290000 >> Requesting for the AHB bus...
1786165000 >> AHB granted, starting recovery...
1805365000 >> Recovery done, continuing...
1805490000 >> Requesting for the AHB bus...
1806365000 >> AHB granted, starting recovery...
1825565000 >> Recovery done, continuing...
1825690000 >> Requesting for the AHB bus...
1826565000 >> AHB granted, starting recovery...
1845765000 >> Recovery done, continuing...
1845890000 >> Requesting for the AHB bus...
1846765000 >> AHB granted, starting recovery...
1865965000 >> Recovery done, continuing...
1866090000 >> Requesting for the AHB bus...
1866965000 >> AHB granted, starting recovery...
1886165000 >> Recovery done, continuing...
1886290000 >> Requesting for the AHB bus...
1887165000 >> AHB granted, starting recovery...
1906365000 >> Recovery done, continuing...
1906490000 >> Requesting for the AHB bus...
1907365000 >> AHB granted, starting recovery...
1926565000 >> Recovery done, continuing...
1926690000 >> Requesting for the AHB bus...
1927565000 >> AHB granted, starting recovery...
1946765000 >> Recovery done, continuing...
1946890000 >> Requesting for the AHB bus...
1947765000 >> AHB granted, starting recovery...
1966965000 >> Recovery done, continuing...
1967090000 >> Requesting for the AHB bus...
1967965000 >> AHB granted, starting recovery...
1987165000 >> Recovery done, continuing...
1987290000 >> Requesting for the AHB bus...
1988165000 >> AHB granted, starting recovery...
2007365000 >> Recovery done, continuing...
2007490000 >> Requesting for the AHB bus...
2008365000 >> AHB granted, starting recovery...
2027565000 >> Recovery done, continuing...
2027690000 >> Requesting for the AHB bus...
2028565000 >> AHB granted, starting recovery...
2047765000 >> Recovery done, continuing...
2047890000 >> Requesting for the AHB bus...
2048765000 >> AHB granted, starting recovery...
2067965000 >> Recovery done, continuing...
2068090000 >> Requesting for the AHB bus...
2068965000 >> AHB granted, starting recovery...
2088165000 >> Recovery done, continuing...
2088290000 >> Requesting for the AHB bus...
2089165000 >> AHB granted, starting recovery...
2108365000 >> Recovery done, continuing...
2108490000 >> Requesting for the AHB bus...
2109365000 >> AHB granted, starting recovery...
2128565000 >> Recovery done, continuing...
2128690000 >> Requesting for the AHB bus...
2129565000 >> AHB granted, starting recovery...
2148765000 >> Recovery done, continuing...
2148890000 >> Requesting for the AHB bus...
2149765000 >> AHB granted, starting recovery...
2168965000 >> Recovery done, continuing...
2169090000 >> Requesting for the AHB bus...
2169965000 >> AHB granted, starting recovery...
2189165000 >> Recovery done, continuing...
2189290000 >> Requesting for the AHB bus...
2190165000 >> AHB granted, starting recovery...
2209365000 >> Recovery done, continuing...
2209490000 >> Requesting for the AHB bus...
2210365000 >> AHB granted, starting recovery...
2229565000 >> Recovery done, continuing...
2229690000 >> Requesting for the AHB bus...
2230565000 >> AHB granted, starting recovery...
2249765000 >> Recovery done, continuing...
2249890000 >> Requesting for the AHB bus...
2250765000 >> AHB granted, starting recovery...
2269965000 >> Recovery done, continuing...
2270090000 >> Requesting for the AHB bus...
2270965000 >> AHB granted, starting recovery...
2290165000 >> Recovery done, continuing...
2290290000 >> Requesting for the AHB bus...
2291165000 >> AHB granted, starting recovery...
2310365000 >> Recovery done, continuing...
2310490000 >> Requesting for the AHB bus...
2311365000 >> AHB granted, starting recovery...
2330565000 >> Recovery done, continuing...
2330690000 >> Requesting for the AHB bus...
2331565000 >> AHB granted, starting recovery...
2350765000 >> Recovery done, continuing...
2350890000 >> Requesting for the AHB bus...
2351765000 >> AHB granted, starting recovery...
2370965000 >> Recovery done, continuing...
2371090000 >> Requesting for the AHB bus...
2371965000 >> AHB granted, starting recovery...
2391165000 >> Recovery done, continuing...
2391290000 >> Requesting for the AHB bus...
2392165000 >> AHB granted, starting recovery...
2411365000 >> Recovery done, continuing...
2411490000 >> Requesting for the AHB bus...
2412365000 >> AHB granted, starting recovery...
2431565000 >> Recovery done, continuing...
2431690000 >> Requesting for the AHB bus...
2432565000 >> AHB granted, starting recovery...
2451765000 >> Recovery done, continuing...
2451890000 >> Requesting for the AHB bus...
2452765000 >> AHB granted, starting recovery...
2471965000 >> Recovery done, continuing...
2472090000 >> Requesting for the AHB bus...
2472965000 >> AHB granted, starting recovery...
2492165000 >> Recovery done, continuing...
2492290000 >> Requesting for the AHB bus...
2493165000 >> AHB granted, starting recovery...
2512365000 >> Recovery done, continuing...
2512490000 >> Requesting for the AHB bus...
2513365000 >> AHB granted, starting recovery...
2532565000 >> Recovery done, continuing...
2532690000 >> Requesting for the AHB bus...
2533565000 >> AHB granted, starting recovery...
2552765000 >> Recovery done, continuing...
2552890000 >> Requesting for the AHB bus...
2553765000 >> AHB granted, starting recovery...
2572965000 >> Recovery done, continuing...
2573090000 >> Requesting for the AHB bus...
2573965000 >> AHB granted, starting recovery...
2593165000 >> Recovery done, continuing...
2593290000 >> Requesting for the AHB bus...
2594165000 >> AHB granted, starting recovery...
2613365000 >> Recovery done, continuing...
2613490000 >> Requesting for the AHB bus...
2614365000 >> AHB granted, starting recovery...
2633565000 >> Recovery done, continuing...
2633690000 >> Requesting for the AHB bus...
2634565000 >> AHB granted, starting recovery...
2653765000 >> Recovery done, continuing...
2653890000 >> Requesting for the AHB bus...
2654765000 >> AHB granted, starting recovery...
2673965000 >> Recovery done, continuing...
2674090000 >> Requesting for the AHB bus...
2674965000 >> AHB granted, starting recovery...
2694165000 >> Recovery done, continuing...
2694290000 >> Requesting for the AHB bus...
2695165000 >> AHB granted, starting recovery...
2714365000 >> Recovery done, continuing...
2714490000 >> Requesting for the AHB bus...
2715365000 >> AHB granted, starting recovery...
2734565000 >> Recovery done, continuing...
2734690000 >> Requesting for the AHB bus...
2735565000 >> AHB granted, starting recovery...
2737215000 >> time limit reached...
/testbench/cpu/l3/u0/leon3x0/vhdl/p0/iu/r.w.wreg:1
/testbench/cpu/l3/u0/leon3x0/vhdl/p0/iu/r.m.irqen:1
/testbench/cpu/l3/u0/leon3x0/vhdl/p0/iu/r.m.icc:0000
/testbench/cpu/l3/u0/leon3x0/vhdl/p0/iu/r.a.ticc:0
/testbench/cpu/l3/u0/leon3x0/vhdl/p0/iu/r.a.step:0
/testbench/cpu/l3/u0/leon3x0/vhdl/p0/iu/r.m.irqen2:1
/testbench/cpu/l3/u0/leon3x0/vhdl/p0/iu/r.d.pc:01000000000000000000000111111000
/testbench/cpu/l3/u0/leon3x0/vhdl/p0/iu/r.d.rexpl:{{00000000000000000000000000000000} {00} {0} 0 0 {0000000000000000000} 0 0 0 0 0 0}
/testbench/cpu/l3/u0/leon3x0/vhdl/p0/iu/r.d.mexc:0
/testbench/cpu/l3/u0/leon3x0/vhdl/p0/iu/r.a.aw:0
/testbench/cpu/l3/u0/leon3x0/vhdl/p0/iu/r.e.ctrl:{{01000000000000000000000111110100} {11000010000001111010000001000100} {00} {10000001} {000000} 0 0 1 0 0 1 1 0 0}
/testbench/cpu/l3/u0/leon3x0/vhdl/p0/iu/r.a.divstart:0
/testbench/cpu/l3/u0/leon3x0/vhdl/p0/iu/r.e.shleft:0
/testbench/cpu/l3/u0/leon3x0/vhdl/p0/iu/r.a.bp:0
/testbench/cpu/l3/u0/leon3x0/vhdl/p0/iu/r.w.twcwp:000
/testbench/cpu/l3/u0/leon3x0/vhdl/p0/iu/r.a.jmpl:0
/testbench/cpu/l3/u0/leon3x0/vhdl/p0/iu/r.m.casa:0
/testbench/cpu/l3/u0/leon3x0/vhdl/p0/iu/r.m.werr:0
/testbench/cpu/l3/u0/leon3x0/vhdl/p0/iu/r.e.su:1
/testbench/cpu/l3/u0/leon3x0/vhdl/p0/iu/r.e.et:1
/testbench/cpu/l3/u0/leon3x0/vhdl/p0/iu/r.a.ldcheck1:1
/testbench/cpu/l3/u0/leon3x0/vhdl/p0/iu/r.d.stwin:000
/testbench/cpu/l3/u0/leon3x0/vhdl/p0/iu/r.a.ldcheck2:1
/testbench/cpu/l3/u0/leon3x0/vhdl/p0/iu/r.x.intack:0
/testbench/cpu/l3/u0/leon3x0/vhdl/p0/iu/r.m.ctrl:{{01000000000000000000000111110000} {11000010001001111010000001000100} {01} {10000001} {000101} 1 0 0 0 0 0 0 0 0}
/testbench/cpu/l3/u0/leon3x0/vhdl/p0/iu/r.a.cwp:101
/testbench/cpu/l3/u0/leon3x0/vhdl/p0/iu/r.e.sari:0
/testbench/cpu/l3/u0/leon3x0/vhdl/p0/iu/r.d.paw:0
/testbench/cpu/l3/u0/leon3x0/vhdl/p0/iu/r.d.aw:0
/testbench/cpu/l3/u0/leon3x0/vhdl/p0/iu/r.d.awp:000
/testbench/cpu/l3/u0/leon3x0/vhdl/p0/iu/r.x.ctrl:{{01000000000000000000000111110000} {11000010001001111010000001000100} {00} {10000001} {000000} 0 0 0 0 0 0 1 0 0}
/testbench/cpu/l3/u0/leon3x0/vhdl/p0/iu/r.m.rexnalign:0
/testbench/cpu/l3/u0/leon3x0/vhdl/p0/iu/r.m.su:1
/testbench/cpu/l3/u0/leon3x0/vhdl/p0/iu/r.m.wcwp:0
/testbench/cpu/l3/u0/leon3x0/vhdl/p0/iu/r.d.divrdy:0
/testbench/cpu/l3/u0/leon3x0/vhdl/p0/iu/r.e.cwp:101
/testbench/cpu/l3/u0/leon3x0/vhdl/p0/iu/r.w.except:0
/testbench/cpu/l3/u0/leon3x0/vhdl/p0/iu/r.x.nerror:0
/testbench/cpu/l3/u0/leon3x0/vhdl/p0/iu/r.a.bpimiss:0
/testbench/cpu/l3/u0/leon3x0/vhdl/p0/iu/r.a.nobp:0
/testbench/cpu/l3/u0/leon3x0/vhdl/p0/iu/r.d.rexcnt:0
/testbench/cpu/l3/u0/leon3x0/vhdl/p0/iu/r.w.s:{{101} {0000} {00000000} {01000000000000000000} {00000010} {0000} 0 0 1 1 1 {00000000000000000000000000000000} {UUUUUUUUUUUUUUUUUUUUUUUUUUUUUUUU} 1 0 0 1 1 1 0 0 {000} {000} {111}}
/testbench/cpu/l3/u0/leon3x0/vhdl/p0/iu/r.d.pv:1
/testbench/cpu/l3/u0/leon3x0/vhdl/p0/iu/r.a.ldchkra:1
/testbench/cpu/l3/u0/leon3x0/vhdl/p0/iu/r.a.rfa1:10000001
/testbench/cpu/l3/u0/leon3x0/vhdl/p0/iu/r.a.rfa2:10000000
/testbench/cpu/l3/u0/leon3x0/vhdl/p0/iu/r.a.imm:00000000000000000000000000000000
/testbench/cpu/l3/u0/leon3x0/vhdl/p0/iu/r.w.wa:10000001
/testbench/cpu/l3/u0/leon3x0/vhdl/p0/iu/r.m.casaz:0
/testbench/cpu/l3/u0/leon3x0/vhdl/p0/iu/r.x.dci:{0 1 0 0 0 0 {10} {00001011}}
/testbench/cpu/l3/u0/leon3x0/vhdl/p0/iu/r.x.mac:0
/testbench/cpu/l3/u0/leon3x0/vhdl/p0/iu/r.m.divz:0
/testbench/cpu/l3/u0/leon3x0/vhdl/p0/iu/r.d.inst:{{11000010000010000100000000000000}}
/testbench/cpu/l3/u0/leon3x0/vhdl/p0/iu/r.e.rfe1:1
/testbench/cpu/l3/u0/leon3x0/vhdl/p0/iu/r.a.wovf:0
/testbench/cpu/l3/u0/leon3x0/vhdl/p0/iu/r.e.rfe2:0
/testbench/cpu/l3/u0/leon3x0/vhdl/p0/iu/r.e.op1:01000000000011111111111010011000
/testbench/cpu/l3/u0/leon3x0/vhdl/p0/iu/r.m.nalign:1
/testbench/cpu/l3/u0/leon3x0/vhdl/p0/iu/r.e.op2:00000000000000000000000001000100
/testbench/cpu/l3/u0/leon3x0/vhdl/p0/iu/r.d.rexen:0
/testbench/cpu/l3/u0/leon3x0/vhdl/p0/iu/r.a.ctrl:{{01000000000000000000000111111000} {11000010000010000100000000000000} {00} {10000001} {000000} 0 1 0 0 0 1 0 0 0}
/testbench/cpu/l3/u0/leon3x0/vhdl/p0/iu/r.x.ipend:0
/testbench/cpu/l3/u0/leon3x0/vhdl/p0/iu/r.e.ldbp1:0
/testbench/cpu/l3/u0/leon3x0/vhdl/p0/iu/r.e.aluadd:1
/testbench/cpu/l3/u0/leon3x0/vhdl/p0/iu/r.d.set:0
/testbench/cpu/l3/u0/leon3x0/vhdl/p0/iu/r.d.inull:0
/testbench/cpu/l3/u0/leon3x0/vhdl/p0/iu/r.e.ldbp2:0
/testbench/cpu/l3/u0/leon3x0/vhdl/p0/iu/r.d.cnt:00
/testbench/cpu/l3/u0/leon3x0/vhdl/p0/iu/r.a.su:1
/testbench/cpu/l3/u0/leon3x0/vhdl/p0/iu/r.a.et:1
/testbench/cpu/l3/u0/leon3x0/vhdl/p0/iu/r.e.mul:0
/testbench/cpu/l3/u0/leon3x0/vhdl/p0/iu/r.e.alusel:00
/testbench/cpu/l3/u0/leon3x0/vhdl/p0/iu/r.e.aw:U
/testbench/cpu/l3/u0/leon3x0/vhdl/p0/iu/r.e.mac:0
/testbench/cpu/l3/u0/leon3x0/vhdl/p0/iu/r.a.decill:0
/testbench/cpu/l3/u0/leon3x0/vhdl/p0/iu/r.x.icc:0000
/testbench/cpu/l3/u0/leon3x0/vhdl/p0/iu/r.x.result:01000000000011111111111011011100
/testbench/cpu/l3/u0/leon3x0/vhdl/p0/iu/r.e.bp:0
/testbench/cpu/l3/u0/leon3x0/vhdl/p0/iu/r.a.rs1:00001
/testbench/cpu/l3/u0/leon3x0/vhdl/p0/iu/r.e.jmpl:0
/testbench/cpu/l3/u0/leon3x0/vhdl/p0/iu/r.a.rsel1:001
/testbench/cpu/l3/u0/leon3x0/vhdl/p0/iu/r.x.y:00000000000000000000000000000000
/testbench/cpu/l3/u0/leon3x0/vhdl/p0/iu/r.a.rsel2:101
/testbench/cpu/l3/u0/leon3x0/vhdl/p0/iu/r.a.awp:000
/testbench/cpu/l3/u0/leon3x0/vhdl/p0/iu/r.a.paw:0
/testbench/cpu/l3/u0/leon3x0/vhdl/p0/iu/r.x.data:{{01000000000000000001001000101001}}
/testbench/cpu/l3/u0/leon3x0/vhdl/p0/iu/r.m.mul:0
/testbench/cpu/l3/u0/leon3x0/vhdl/p0/iu/r.e.rd:UUUUU
/testbench/cpu/l3/u0/leon3x0/vhdl/p0/iu/r.e.invop2:0
/testbench/cpu/l3/u0/leon3x0/vhdl/p0/iu/r.m.wawp:0
/testbench/cpu/l3/u0/leon3x0/vhdl/p0/iu/r.d.cwpmax:111
/testbench/cpu/l3/u0/leon3x0/vhdl/p0/iu/r.f.branch:0
/testbench/cpu/l3/u0/leon3x0/vhdl/p0/iu/r.d.pcheld:1
/testbench/cpu/l3/u0/leon3x0/vhdl/p0/iu/r.m.dci:{0 0 0 0 0 0 {10} {00001011}}
/testbench/cpu/l3/u0/leon3x0/vhdl/p0/iu/r.e.paw:U
/testbench/cpu/l3/u0/leon3x0/vhdl/p0/iu/r.e.awp:UUU
/testbench/cpu/l3/u0/leon3x0/vhdl/p0/iu/r.e.shcnt:00100
/testbench/cpu/l3/u0/leon3x0/vhdl/p0/iu/r.w.result:01000000000000000001001000101010
/testbench/cpu/l3/u0/leon3x0/vhdl/p0/iu/r.m.mac:0
/testbench/cpu/l3/u0/leon3x0/vhdl/p0/iu/r.m.y:00000000000000000000000000000000
/testbench/cpu/l3/u0/leon3x0/vhdl/p0/iu/r.d.cwp:101
/testbench/cpu/l3/u0/leon3x0/vhdl/p0/iu/r.x.laddr:00
/testbench/cpu/l3/u0/leon3x0/vhdl/p0/iu/r.e.mulstep:0
/testbench/cpu/l3/u0/leon3x0/vhdl/p0/iu/r.e.ymsb:0
/testbench/cpu/l3/u0/leon3x0/vhdl/p0/iu/r.d.rexbuf:00000000000000000000000000000000
/testbench/cpu/l3/u0/leon3x0/vhdl/p0/iu/r.x.npc:100
/testbench/cpu/l3/u0/leon3x0/vhdl/p0/iu/r.f.pc:01000000000000000000000111111100
/testbench/cpu/l3/u0/leon3x0/vhdl/p0/iu/r.d.annul:0
/testbench/cpu/l3/u0/leon3x0/vhdl/p0/iu/r.x.rstate:run
/testbench/cpu/l3/u0/leon3x0/vhdl/p0/iu/r.x.set:0
/testbench/cpu/l3/u0/leon3x0/vhdl/p0/iu/r.m.result:01000000000000000001001000101010
/testbench/cpu/l3/u0/leon3x0/vhdl/p0/iu/r.e.icc:UUUU
/testbench/cpu/l3/u0/leon3x0/vhdl/p0/iu/r.a.getpc:0
/testbench/cpu/l3/u0/leon3x0/vhdl/p0/iu/r.a.ldchkex:1
/testbench/cpu/l3/u0/leon3x0/vhdl/p0/iu/r.x.mexc:0
/testbench/cpu/l3/u0/leon3x0/vhdl/p0/iu/r.a.mulstart:0
/testbench/cpu/l3/u0/leon3x0/vhdl/p0/iu/r.d.rexpos:10
/testbench/cpu/l3/u0/leon3x0/vhdl/p0/iu/r.x.annul_all:0
/testbench/cpu/l3/u0/leon3x0/vhdl/p0/iu/r.e.aluop:000
/testbench/cpu/l3/u0/leon3x0/vhdl/p0/iu/r.x.debug:0
/testbench/cpu/l3/u0/leon3x0/vhdl/p0/iu/r.a.rfe1:0
/testbench/cpu/l3/u0/leon3x0/vhdl/p0/iu/r.d.step:0
/testbench/cpu/l3/u0/leon3x0/vhdl/p0/iu/r.a.rfe2:0
/testbench/cpu/l3/u0/leon3x0/vhdl/p0/iu/r.e.alucin:0
/testbench/cpu/l3/u0/leon3x0/vhdl/p0/iu/r.a.wunf:0
======================================
progstatus: -2
execerr: 84
latent: 1
time limit!
>>>>>>>>>>>>>>> 2737215000
======================================
