Test signal = /testbench/cpu/l3/u0/leon3x0/vhdl/p0/iu/r.d.cwp
oldval = 111
pos1: 2 pos0: -1 posU: -1
newval = 110
Signal value: 111
oldval = 111
pos1: 2 pos0: -1 posU: -1
newval = 110
force in 965259
584315000 >> iteration no: 0
994990000 >> iteration no: 1
1405665000 >> iteration no: 2
1545190000 >> Requesting for the AHB bus...
1545640000 >> Requesting for the AHB bus...
1546090000 >> AHB granted, starting recovery...
1565290000 >> Recovery done, continuing...
1565340000 >> Requesting for the AHB bus...
1565990000 >> Requesting for the AHB bus...
1566390000 >> AHB granted, starting recovery...
1585590000 >> Recovery done, continuing...
1585640000 >> Requesting for the AHB bus...
1586290000 >> Requesting for the AHB bus...
1586690000 >> AHB granted, starting recovery...
1605890000 >> Recovery done, continuing...
1605940000 >> Requesting for the AHB bus...
1606590000 >> Requesting for the AHB bus...
1606990000 >> AHB granted, starting recovery...
1626190000 >> Recovery done, continuing...
1626240000 >> Requesting for the AHB bus...
1626890000 >> Requesting for the AHB bus...
1627290000 >> AHB granted, starting recovery...
1646490000 >> Recovery done, continuing...
1646540000 >> Requesting for the AHB bus...
1647190000 >> Requesting for the AHB bus...
1647590000 >> AHB granted, starting recovery...
1666790000 >> Recovery done, continuing...
1666840000 >> Requesting for the AHB bus...
1667490000 >> Requesting for the AHB bus...
1667890000 >> AHB granted, starting recovery...
1687090000 >> Recovery done, continuing...
1687140000 >> Requesting for the AHB bus...
1687790000 >> Requesting for the AHB bus...
1688190000 >> AHB granted, starting recovery...
1707390000 >> Recovery done, continuing...
1707440000 >> Requesting for the AHB bus...
1708090000 >> Requesting for the AHB bus...
1708490000 >> AHB granted, starting recovery...
1727690000 >> Recovery done, continuing...
1727740000 >> Requesting for the AHB bus...
1728390000 >> Requesting for the AHB bus...
1728790000 >> AHB granted, starting recovery...
1747990000 >> Recovery done, continuing...
1748040000 >> Requesting for the AHB bus...
1748690000 >> Requesting for the AHB bus...
1749090000 >> AHB granted, starting recovery...
1768290000 >> Recovery done, continuing...
1768340000 >> Requesting for the AHB bus...
1768990000 >> Requesting for the AHB bus...
1769390000 >> AHB granted, starting recovery...
1788590000 >> Recovery done, continuing...
1788640000 >> Requesting for the AHB bus...
1789290000 >> Requesting for the AHB bus...
1789690000 >> AHB granted, starting recovery...
1808890000 >> Recovery done, continuing...
1808940000 >> Requesting for the AHB bus...
1809590000 >> Requesting for the AHB bus...
1809990000 >> AHB granted, starting recovery...
1829190000 >> Recovery done, continuing...
1829240000 >> Requesting for the AHB bus...
1829890000 >> Requesting for the AHB bus...
1830290000 >> AHB granted, starting recovery...
1849490000 >> Recovery done, continuing...
1849540000 >> Requesting for the AHB bus...
1850190000 >> Requesting for the AHB bus...
1850590000 >> AHB granted, starting recovery...
1869790000 >> Recovery done, continuing...
1869840000 >> Requesting for the AHB bus...
1870490000 >> Requesting for the AHB bus...
1870890000 >> AHB granted, starting recovery...
1890090000 >> Recovery done, continuing...
1890140000 >> Requesting for the AHB bus...
1890790000 >> Requesting for the AHB bus...
1891190000 >> AHB granted, starting recovery...
1910390000 >> Recovery done, continuing...
1910440000 >> Requesting for the AHB bus...
1911090000 >> Requesting for the AHB bus...
1911490000 >> AHB granted, starting recovery...
1930690000 >> Recovery done, continuing...
1930740000 >> Requesting for the AHB bus...
1931390000 >> Requesting for the AHB bus...
1931790000 >> AHB granted, starting recovery...
1950990000 >> Recovery done, continuing...
1951040000 >> Requesting for the AHB bus...
1951690000 >> Requesting for the AHB bus...
1952090000 >> AHB granted, starting recovery...
1971290000 >> Recovery done, continuing...
1971340000 >> Requesting for the AHB bus...
1972165000 >> Requesting for the AHB bus...
1972565000 >> AHB granted, starting recovery...
1991765000 >> Recovery done, continuing...
1991815000 >> Requesting for the AHB bus...
1992465000 >> Requesting for the AHB bus...
1992865000 >> AHB granted, starting recovery...
2012065000 >> Recovery done, continuing...
2012115000 >> Requesting for the AHB bus...
2012765000 >> Requesting for the AHB bus...
2013165000 >> AHB granted, starting recovery...
2032365000 >> Recovery done, continuing...
2032415000 >> Requesting for the AHB bus...
2033065000 >> Requesting for the AHB bus...
2033465000 >> AHB granted, starting recovery...
2052665000 >> Recovery done, continuing...
2052715000 >> Requesting for the AHB bus...
2053365000 >> Requesting for the AHB bus...
2053765000 >> AHB granted, starting recovery...
2072965000 >> Recovery done, continuing...
2073015000 >> Requesting for the AHB bus...
2073665000 >> Requesting for the AHB bus...
2074065000 >> AHB granted, starting recovery...
2093265000 >> Recovery done, continuing...
2093315000 >> Requesting for the AHB bus...
2093965000 >> Requesting for the AHB bus...
2094365000 >> AHB granted, starting recovery...
2113565000 >> Recovery done, continuing...
2113615000 >> Requesting for the AHB bus...
2114265000 >> Requesting for the AHB bus...
2114665000 >> AHB granted, starting recovery...
2133865000 >> Recovery done, continuing...
2133915000 >> Requesting for the AHB bus...
2134565000 >> Requesting for the AHB bus...
2134965000 >> AHB granted, starting recovery...
2154165000 >> Recovery done, continuing...
2154215000 >> Requesting for the AHB bus...
2154865000 >> Requesting for the AHB bus...
2155265000 >> AHB granted, starting recovery...
2174465000 >> Recovery done, continuing...
2174515000 >> Requesting for the AHB bus...
2175165000 >> Requesting for the AHB bus...
2175565000 >> AHB granted, starting recovery...
2194765000 >> Recovery done, continuing...
2194815000 >> Requesting for the AHB bus...
2195465000 >> Requesting for the AHB bus...
2195865000 >> AHB granted, starting recovery...
2215065000 >> Recovery done, continuing...
2215115000 >> Requesting for the AHB bus...
2215765000 >> Requesting for the AHB bus...
2216165000 >> AHB granted, starting recovery...
2235365000 >> Recovery done, continuing...
2235415000 >> Requesting for the AHB bus...
2236065000 >> Requesting for the AHB bus...
2236465000 >> AHB granted, starting recovery...
2255665000 >> Recovery done, continuing...
2255715000 >> Requesting for the AHB bus...
2256365000 >> Requesting for the AHB bus...
2256765000 >> AHB granted, starting recovery...
2275965000 >> Recovery done, continuing...
2276015000 >> Requesting for the AHB bus...
2276665000 >> Requesting for the AHB bus...
2277065000 >> AHB granted, starting recovery...
2296265000 >> Recovery done, continuing...
2296315000 >> Requesting for the AHB bus...
2296965000 >> Requesting for the AHB bus...
2297365000 >> AHB granted, starting recovery...
2316565000 >> Recovery done, continuing...
2316615000 >> Requesting for the AHB bus...
2317265000 >> Requesting for the AHB bus...
2317665000 >> AHB granted, starting recovery...
2336865000 >> Recovery done, continuing...
2336915000 >> Requesting for the AHB bus...
2337565000 >> Requesting for the AHB bus...
2337965000 >> AHB granted, starting recovery...
2357165000 >> Recovery done, continuing...
2357215000 >> Requesting for the AHB bus...
2357865000 >> Requesting for the AHB bus...
2358265000 >> AHB granted, starting recovery...
2377465000 >> Recovery done, continuing...
2377515000 >> Requesting for the AHB bus...
2378165000 >> Requesting for the AHB bus...
2378565000 >> AHB granted, starting recovery...
2397765000 >> Recovery done, continuing...
2397815000 >> Requesting for the AHB bus...
2398465000 >> Requesting for the AHB bus...
2398865000 >> AHB granted, starting recovery...
2418065000 >> Recovery done, continuing...
2418115000 >> Requesting for the AHB bus...
2418765000 >> Requesting for the AHB bus...
2419165000 >> AHB granted, starting recovery...
2438365000 >> Recovery done, continuing...
2438415000 >> Requesting for the AHB bus...
2439240000 >> Requesting for the AHB bus...
2439640000 >> AHB granted, starting recovery...
2458840000 >> Recovery done, continuing...
2458890000 >> Requesting for the AHB bus...
2459540000 >> Requesting for the AHB bus...
2459940000 >> AHB granted, starting recovery...
2479140000 >> Recovery done, continuing...
2479190000 >> Requesting for the AHB bus...
2479840000 >> Requesting for the AHB bus...
2480240000 >> AHB granted, starting recovery...
2499440000 >> Recovery done, continuing...
2499490000 >> Requesting for the AHB bus...
2500140000 >> Requesting for the AHB bus...
2500540000 >> AHB granted, starting recovery...
2519740000 >> Recovery done, continuing...
2519790000 >> Requesting for the AHB bus...
2520440000 >> Requesting for the AHB bus...
2520840000 >> AHB granted, starting recovery...
2540040000 >> Recovery done, continuing...
2540090000 >> Requesting for the AHB bus...
2540740000 >> Requesting for the AHB bus...
2541140000 >> AHB granted, starting recovery...
2560340000 >> Recovery done, continuing...
2560390000 >> Requesting for the AHB bus...
2561140000 >> Requesting for the AHB bus...
2561540000 >> AHB granted, starting recovery...
2580740000 >> Recovery done, continuing...
2580790000 >> Requesting for the AHB bus...
2581440000 >> Requesting for the AHB bus...
2581840000 >> AHB granted, starting recovery...
2601040000 >> Recovery done, continuing...
2601090000 >> Requesting for the AHB bus...
2601740000 >> Requesting for the AHB bus...
2602140000 >> AHB granted, starting recovery...
2621340000 >> Recovery done, continuing...
2621390000 >> Requesting for the AHB bus...
2622040000 >> Requesting for the AHB bus...
2622440000 >> AHB granted, starting recovery...
2641640000 >> Recovery done, continuing...
2641690000 >> Requesting for the AHB bus...
2642340000 >> Requesting for the AHB bus...
2642740000 >> AHB granted, starting recovery...
2661940000 >> Recovery done, continuing...
2661990000 >> Requesting for the AHB bus...
2662640000 >> Requesting for the AHB bus...
2663040000 >> AHB granted, starting recovery...
2682240000 >> Recovery done, continuing...
2682290000 >> Requesting for the AHB bus...
2682940000 >> Requesting for the AHB bus...
2683340000 >> AHB granted, starting recovery...
2702540000 >> Recovery done, continuing...
2702590000 >> Requesting for the AHB bus...
2703240000 >> Requesting for the AHB bus...
2703640000 >> AHB granted, starting recovery...
2722840000 >> Recovery done, continuing...
2722890000 >> Requesting for the AHB bus...
2723540000 >> Requesting for the AHB bus...
2723940000 >> AHB granted, starting recovery...
2737215000 >> time limit reached...
/testbench/cpu/l3/u0/leon3x0/vhdl/p0/iu/r.w.wreg:1
/testbench/cpu/l3/u0/leon3x0/vhdl/p0/iu/r.m.irqen:1
/testbench/cpu/l3/u0/leon3x0/vhdl/p0/iu/r.m.icc:0000
/testbench/cpu/l3/u0/leon3x0/vhdl/p0/iu/r.a.ticc:0
/testbench/cpu/l3/u0/leon3x0/vhdl/p0/iu/r.a.step:0
/testbench/cpu/l3/u0/leon3x0/vhdl/p0/iu/r.m.irqen2:1
/testbench/cpu/l3/u0/leon3x0/vhdl/p0/iu/r.d.pc:01000000000000000000000111101100
/testbench/cpu/l3/u0/leon3x0/vhdl/p0/iu/r.d.rexpl:{{00000000000000000000000000000000} {00} {0} 0 0 {0000000000000000000} 0 0 0 0 0 0}
/testbench/cpu/l3/u0/leon3x0/vhdl/p0/iu/r.d.mexc:0
/testbench/cpu/l3/u0/leon3x0/vhdl/p0/iu/r.a.aw:0
/testbench/cpu/l3/u0/leon3x0/vhdl/p0/iu/r.e.ctrl:{{01000000000000000000000111101000} {11000010000001111010000001000100} {00} {10000001} {000000} 0 0 1 0 0 1 1 0 0}
/testbench/cpu/l3/u0/leon3x0/vhdl/p0/iu/r.a.divstart:0
/testbench/cpu/l3/u0/leon3x0/vhdl/p0/iu/r.e.shleft:0
/testbench/cpu/l3/u0/leon3x0/vhdl/p0/iu/r.a.bp:0
/testbench/cpu/l3/u0/leon3x0/vhdl/p0/iu/r.w.twcwp:000
/testbench/cpu/l3/u0/leon3x0/vhdl/p0/iu/r.a.jmpl:0
/testbench/cpu/l3/u0/leon3x0/vhdl/p0/iu/r.m.casa:0
/testbench/cpu/l3/u0/leon3x0/vhdl/p0/iu/r.m.werr:0
/testbench/cpu/l3/u0/leon3x0/vhdl/p0/iu/r.e.su:1
/testbench/cpu/l3/u0/leon3x0/vhdl/p0/iu/r.e.et:1
/testbench/cpu/l3/u0/leon3x0/vhdl/p0/iu/r.a.ldcheck1:1
/testbench/cpu/l3/u0/leon3x0/vhdl/p0/iu/r.d.stwin:000
/testbench/cpu/l3/u0/leon3x0/vhdl/p0/iu/r.a.ldcheck2:0
/testbench/cpu/l3/u0/leon3x0/vhdl/p0/iu/r.x.intack:0
/testbench/cpu/l3/u0/leon3x0/vhdl/p0/iu/r.m.ctrl:{{01000000000000000000000111100100} {11000010001001111011111111111100} {01} {10000001} {000000} 0 0 0 0 0 0 0 0 0}
/testbench/cpu/l3/u0/leon3x0/vhdl/p0/iu/r.a.cwp:110
/testbench/cpu/l3/u0/leon3x0/vhdl/p0/iu/r.e.sari:0
/testbench/cpu/l3/u0/leon3x0/vhdl/p0/iu/r.d.paw:0
/testbench/cpu/l3/u0/leon3x0/vhdl/p0/iu/r.d.aw:0
/testbench/cpu/l3/u0/leon3x0/vhdl/p0/iu/r.d.awp:000
/testbench/cpu/l3/u0/leon3x0/vhdl/p0/iu/r.x.ctrl:{{01000000000000000000000111100100} {11000010001001111011111111111100} {00} {10000001} {000000} 0 0 0 0 0 0 1 0 0}
/testbench/cpu/l3/u0/leon3x0/vhdl/p0/iu/r.m.rexnalign:0
/testbench/cpu/l3/u0/leon3x0/vhdl/p0/iu/r.m.su:1
/testbench/cpu/l3/u0/leon3x0/vhdl/p0/iu/r.m.wcwp:0
/testbench/cpu/l3/u0/leon3x0/vhdl/p0/iu/r.d.divrdy:0
/testbench/cpu/l3/u0/leon3x0/vhdl/p0/iu/r.e.cwp:110
/testbench/cpu/l3/u0/leon3x0/vhdl/p0/iu/r.w.except:0
/testbench/cpu/l3/u0/leon3x0/vhdl/p0/iu/r.x.nerror:0
/testbench/cpu/l3/u0/leon3x0/vhdl/p0/iu/r.a.bpimiss:0
/testbench/cpu/l3/u0/leon3x0/vhdl/p0/iu/r.a.nobp:0
/testbench/cpu/l3/u0/leon3x0/vhdl/p0/iu/r.d.rexcnt:0
/testbench/cpu/l3/u0/leon3x0/vhdl/p0/iu/r.w.s:{{101} {0000} {00000000} {01000000000000000000} {00000010} {0000} 0 0 1 1 1 {00000000000000000000000000000000} {UUUUUUUUUUUUUUUUUUUUUUUUUUUUUUUU} 1 0 0 1 1 1 0 0 {000} {000} {111}}
/testbench/cpu/l3/u0/leon3x0/vhdl/p0/iu/r.d.pv:1
/testbench/cpu/l3/u0/leon3x0/vhdl/p0/iu/r.a.ldchkra:1
/testbench/cpu/l3/u0/leon3x0/vhdl/p0/iu/r.a.rfa1:10000001
/testbench/cpu/l3/u0/leon3x0/vhdl/p0/iu/r.a.rfa2:10000001
/testbench/cpu/l3/u0/leon3x0/vhdl/p0/iu/r.a.imm:00000000000000000000000000000001
/testbench/cpu/l3/u0/leon3x0/vhdl/p0/iu/r.w.wa:10000001
/testbench/cpu/l3/u0/leon3x0/vhdl/p0/iu/r.m.casaz:0
/testbench/cpu/l3/u0/leon3x0/vhdl/p0/iu/r.x.dci:{0 1 0 0 0 0 {10} {00001011}}
/testbench/cpu/l3/u0/leon3x0/vhdl/p0/iu/r.x.mac:0
/testbench/cpu/l3/u0/leon3x0/vhdl/p0/iu/r.m.divz:0
/testbench/cpu/l3/u0/leon3x0/vhdl/p0/iu/r.d.inst:{{10000010000000000110000000000001}}
/testbench/cpu/l3/u0/leon3x0/vhdl/p0/iu/r.e.rfe1:1
/testbench/cpu/l3/u0/leon3x0/vhdl/p0/iu/r.a.wovf:0
/testbench/cpu/l3/u0/leon3x0/vhdl/p0/iu/r.e.rfe2:0
/testbench/cpu/l3/u0/leon3x0/vhdl/p0/iu/r.e.op1:01000000000011111111111100000000
/testbench/cpu/l3/u0/leon3x0/vhdl/p0/iu/r.m.nalign:0
/testbench/cpu/l3/u0/leon3x0/vhdl/p0/iu/r.e.op2:00000000000000000000000001000100
/testbench/cpu/l3/u0/leon3x0/vhdl/p0/iu/r.d.rexen:0
/testbench/cpu/l3/u0/leon3x0/vhdl/p0/iu/r.a.ctrl:{{01000000000000000000000111101100} {10000010000000000110000000000001} {00} {10000001} {000000} 0 1 0 0 0 0 0 0 0}
/testbench/cpu/l3/u0/leon3x0/vhdl/p0/iu/r.x.ipend:0
/testbench/cpu/l3/u0/leon3x0/vhdl/p0/iu/r.e.ldbp1:0
/testbench/cpu/l3/u0/leon3x0/vhdl/p0/iu/r.e.aluadd:1
/testbench/cpu/l3/u0/leon3x0/vhdl/p0/iu/r.d.set:0
/testbench/cpu/l3/u0/leon3x0/vhdl/p0/iu/r.d.inull:0
/testbench/cpu/l3/u0/leon3x0/vhdl/p0/iu/r.e.ldbp2:0
/testbench/cpu/l3/u0/leon3x0/vhdl/p0/iu/r.d.cnt:00
/testbench/cpu/l3/u0/leon3x0/vhdl/p0/iu/r.a.su:1
/testbench/cpu/l3/u0/leon3x0/vhdl/p0/iu/r.a.et:1
/testbench/cpu/l3/u0/leon3x0/vhdl/p0/iu/r.e.mul:0
/testbench/cpu/l3/u0/leon3x0/vhdl/p0/iu/r.e.alusel:00
/testbench/cpu/l3/u0/leon3x0/vhdl/p0/iu/r.e.aw:U
/testbench/cpu/l3/u0/leon3x0/vhdl/p0/iu/r.e.mac:0
/testbench/cpu/l3/u0/leon3x0/vhdl/p0/iu/r.a.decill:0
/testbench/cpu/l3/u0/leon3x0/vhdl/p0/iu/r.x.icc:0000
/testbench/cpu/l3/u0/leon3x0/vhdl/p0/iu/r.x.result:01000000000011111111111011111100
/testbench/cpu/l3/u0/leon3x0/vhdl/p0/iu/r.e.bp:0
/testbench/cpu/l3/u0/leon3x0/vhdl/p0/iu/r.a.rs1:00001
/testbench/cpu/l3/u0/leon3x0/vhdl/p0/iu/r.e.jmpl:0
/testbench/cpu/l3/u0/leon3x0/vhdl/p0/iu/r.a.rsel1:001
/testbench/cpu/l3/u0/leon3x0/vhdl/p0/iu/r.x.y:00000000000000000000000000000000
/testbench/cpu/l3/u0/leon3x0/vhdl/p0/iu/r.a.rsel2:100
/testbench/cpu/l3/u0/leon3x0/vhdl/p0/iu/r.a.awp:000
/testbench/cpu/l3/u0/leon3x0/vhdl/p0/iu/r.a.paw:0
/testbench/cpu/l3/u0/leon3x0/vhdl/p0/iu/r.x.data:{{00000000000000000000000001101010}}
/testbench/cpu/l3/u0/leon3x0/vhdl/p0/iu/r.m.mul:0
/testbench/cpu/l3/u0/leon3x0/vhdl/p0/iu/r.e.rd:UUUUU
/testbench/cpu/l3/u0/leon3x0/vhdl/p0/iu/r.e.invop2:0
/testbench/cpu/l3/u0/leon3x0/vhdl/p0/iu/r.m.wawp:0
/testbench/cpu/l3/u0/leon3x0/vhdl/p0/iu/r.d.cwpmax:111
/testbench/cpu/l3/u0/leon3x0/vhdl/p0/iu/r.f.branch:0
/testbench/cpu/l3/u0/leon3x0/vhdl/p0/iu/r.d.pcheld:1
/testbench/cpu/l3/u0/leon3x0/vhdl/p0/iu/r.m.dci:{0 0 0 1 0 0 {10} {00001011}}
/testbench/cpu/l3/u0/leon3x0/vhdl/p0/iu/r.e.paw:U
/testbench/cpu/l3/u0/leon3x0/vhdl/p0/iu/r.e.awp:UUU
/testbench/cpu/l3/u0/leon3x0/vhdl/p0/iu/r.e.shcnt:00100
/testbench/cpu/l3/u0/leon3x0/vhdl/p0/iu/r.w.result:00000000000000000000000001011100
/testbench/cpu/l3/u0/leon3x0/vhdl/p0/iu/r.m.mac:0
/testbench/cpu/l3/u0/leon3x0/vhdl/p0/iu/r.m.y:00000000000000000000000000000000
/testbench/cpu/l3/u0/leon3x0/vhdl/p0/iu/r.d.cwp:110
/testbench/cpu/l3/u0/leon3x0/vhdl/p0/iu/r.x.laddr:00
/testbench/cpu/l3/u0/leon3x0/vhdl/p0/iu/r.e.mulstep:0
/testbench/cpu/l3/u0/leon3x0/vhdl/p0/iu/r.e.ymsb:0
/testbench/cpu/l3/u0/leon3x0/vhdl/p0/iu/r.d.rexbuf:00000000000000000000000000000000
/testbench/cpu/l3/u0/leon3x0/vhdl/p0/iu/r.x.npc:100
/testbench/cpu/l3/u0/leon3x0/vhdl/p0/iu/r.f.pc:01000000000000000000000111110000
/testbench/cpu/l3/u0/leon3x0/vhdl/p0/iu/r.d.annul:0
/testbench/cpu/l3/u0/leon3x0/vhdl/p0/iu/r.x.rstate:run
/testbench/cpu/l3/u0/leon3x0/vhdl/p0/iu/r.x.set:0
/testbench/cpu/l3/u0/leon3x0/vhdl/p0/iu/r.m.result:00000000000000000000000001011100
/testbench/cpu/l3/u0/leon3x0/vhdl/p0/iu/r.e.icc:UUUU
/testbench/cpu/l3/u0/leon3x0/vhdl/p0/iu/r.a.getpc:0
/testbench/cpu/l3/u0/leon3x0/vhdl/p0/iu/r.a.ldchkex:1
/testbench/cpu/l3/u0/leon3x0/vhdl/p0/iu/r.x.mexc:0
/testbench/cpu/l3/u0/leon3x0/vhdl/p0/iu/r.a.mulstart:0
/testbench/cpu/l3/u0/leon3x0/vhdl/p0/iu/r.d.rexpos:10
/testbench/cpu/l3/u0/leon3x0/vhdl/p0/iu/r.x.annul_all:0
/testbench/cpu/l3/u0/leon3x0/vhdl/p0/iu/r.e.aluop:000
/testbench/cpu/l3/u0/leon3x0/vhdl/p0/iu/r.x.debug:0
/testbench/cpu/l3/u0/leon3x0/vhdl/p0/iu/r.a.rfe1:0
/testbench/cpu/l3/u0/leon3x0/vhdl/p0/iu/r.d.step:0
/testbench/cpu/l3/u0/leon3x0/vhdl/p0/iu/r.a.rfe2:0
/testbench/cpu/l3/u0/leon3x0/vhdl/p0/iu/r.e.alucin:0
/testbench/cpu/l3/u0/leon3x0/vhdl/p0/iu/r.a.wunf:0
======================================
progstatus: -2
execerr: 59
latent: 1
time limit!
>>>>>>>>>>>>>>> 2737215000
======================================
