Test signal = /testbench/cpu/l3/u0/leon3x0/vhdl/p0/iu/r.d.mexc
oldval = 0
pos1: -1 pos0: 0 posU: -1
newval = 1
Signal value: 0
oldval = 0
pos1: -1 pos0: 0 posU: -1
newval = 1
force in 821497
584315000 >> iteration no: 0
994990000 >> iteration no: 1
1401165000 >> Requesting for the AHB bus...
1401740000 >> AHB granted, starting recovery...
1420940000 >> Recovery done, continuing...
1422890000 >> Requesting for the AHB bus...
1423665000 >> AHB granted, starting recovery...
1442865000 >> Recovery done, continuing...
1442915000 >> Requesting for the AHB bus...
1443740000 >> AHB granted, starting recovery...
1462940000 >> Recovery done, continuing...
1462990000 >> Requesting for the AHB bus...
1463815000 >> AHB granted, starting recovery...
1483015000 >> Recovery done, continuing...
1483065000 >> Requesting for the AHB bus...
1483890000 >> AHB granted, starting recovery...
1503090000 >> Recovery done, continuing...
1503140000 >> Requesting for the AHB bus...
1503965000 >> AHB granted, starting recovery...
1523165000 >> Recovery done, continuing...
1523215000 >> Requesting for the AHB bus...
1524040000 >> AHB granted, starting recovery...
1543240000 >> Recovery done, continuing...
1543290000 >> Requesting for the AHB bus...
1544115000 >> AHB granted, starting recovery...
1563315000 >> Recovery done, continuing...
1563365000 >> Requesting for the AHB bus...
1564190000 >> AHB granted, starting recovery...
1583390000 >> Recovery done, continuing...
1583440000 >> Requesting for the AHB bus...
1584265000 >> AHB granted, starting recovery...
1603465000 >> Recovery done, continuing...
1603515000 >> Requesting for the AHB bus...
1604340000 >> AHB granted, starting recovery...
1623540000 >> Recovery done, continuing...
1623590000 >> Requesting for the AHB bus...
1624415000 >> AHB granted, starting recovery...
1643615000 >> Recovery done, continuing...
1643665000 >> Requesting for the AHB bus...
1644490000 >> AHB granted, starting recovery...
1663690000 >> Recovery done, continuing...
1663740000 >> Requesting for the AHB bus...
1664565000 >> AHB granted, starting recovery...
1683765000 >> Recovery done, continuing...
1683815000 >> Requesting for the AHB bus...
1684640000 >> AHB granted, starting recovery...
1703840000 >> Recovery done, continuing...
1703890000 >> Requesting for the AHB bus...
1704715000 >> AHB granted, starting recovery...
1723915000 >> Recovery done, continuing...
1723965000 >> Requesting for the AHB bus...
1724790000 >> AHB granted, starting recovery...
1743990000 >> Recovery done, continuing...
1744040000 >> Requesting for the AHB bus...
1744865000 >> AHB granted, starting recovery...
1764065000 >> Recovery done, continuing...
1764115000 >> Requesting for the AHB bus...
1764940000 >> AHB granted, starting recovery...
1784140000 >> Recovery done, continuing...
1784190000 >> Requesting for the AHB bus...
1785015000 >> AHB granted, starting recovery...
1804215000 >> Recovery done, continuing...
1804265000 >> Requesting for the AHB bus...
1805090000 >> AHB granted, starting recovery...
1824290000 >> Recovery done, continuing...
1824340000 >> Requesting for the AHB bus...
1825315000 >> AHB granted, starting recovery...
1844515000 >> Recovery done, continuing...
1844565000 >> Requesting for the AHB bus...
1845390000 >> AHB granted, starting recovery...
1864590000 >> Recovery done, continuing...
1864640000 >> Requesting for the AHB bus...
1865465000 >> AHB granted, starting recovery...
1884665000 >> Recovery done, continuing...
1884715000 >> Requesting for the AHB bus...
1885540000 >> AHB granted, starting recovery...
1904740000 >> Recovery done, continuing...
1904790000 >> Requesting for the AHB bus...
1905615000 >> AHB granted, starting recovery...
1924815000 >> Recovery done, continuing...
1924865000 >> Requesting for the AHB bus...
1925690000 >> AHB granted, starting recovery...
1944890000 >> Recovery done, continuing...
1944940000 >> Requesting for the AHB bus...
1945765000 >> AHB granted, starting recovery...
1964965000 >> Recovery done, continuing...
1965015000 >> Requesting for the AHB bus...
1965840000 >> AHB granted, starting recovery...
1985040000 >> Recovery done, continuing...
1985090000 >> Requesting for the AHB bus...
1985915000 >> AHB granted, starting recovery...
2005115000 >> Recovery done, continuing...
2005165000 >> Requesting for the AHB bus...
2005990000 >> AHB granted, starting recovery...
2025190000 >> Recovery done, continuing...
2025240000 >> Requesting for the AHB bus...
2026065000 >> AHB granted, starting recovery...
2045265000 >> Recovery done, continuing...
2045315000 >> Requesting for the AHB bus...
2046140000 >> AHB granted, starting recovery...
2065340000 >> Recovery done, continuing...
2065390000 >> Requesting for the AHB bus...
2066215000 >> AHB granted, starting recovery...
2085415000 >> Recovery done, continuing...
2085465000 >> Requesting for the AHB bus...
2086290000 >> AHB granted, starting recovery...
2105490000 >> Recovery done, continuing...
2105540000 >> Requesting for the AHB bus...
2106365000 >> AHB granted, starting recovery...
2125565000 >> Recovery done, continuing...
2125615000 >> Requesting for the AHB bus...
2126440000 >> AHB granted, starting recovery...
2145640000 >> Recovery done, continuing...
2145690000 >> Requesting for the AHB bus...
2146515000 >> AHB granted, starting recovery...
2165715000 >> Recovery done, continuing...
2165765000 >> Requesting for the AHB bus...
2166590000 >> AHB granted, starting recovery...
2185790000 >> Recovery done, continuing...
2185840000 >> Requesting for the AHB bus...
2186665000 >> AHB granted, starting recovery...
2205865000 >> Recovery done, continuing...
2205915000 >> Requesting for the AHB bus...
2206740000 >> AHB granted, starting recovery...
2225940000 >> Recovery done, continuing...
2225990000 >> Requesting for the AHB bus...
2226815000 >> AHB granted, starting recovery...
2246015000 >> Recovery done, continuing...
2246065000 >> Requesting for the AHB bus...
2246890000 >> AHB granted, starting recovery...
2266090000 >> Recovery done, continuing...
2266140000 >> Requesting for the AHB bus...
2266965000 >> AHB granted, starting recovery...
2286165000 >> Recovery done, continuing...
2286215000 >> Requesting for the AHB bus...
2287040000 >> AHB granted, starting recovery...
2306240000 >> Recovery done, continuing...
2306290000 >> Requesting for the AHB bus...
2307115000 >> AHB granted, starting recovery...
2326315000 >> Recovery done, continuing...
2326365000 >> Requesting for the AHB bus...
2327190000 >> AHB granted, starting recovery...
2346390000 >> Recovery done, continuing...
2346440000 >> Requesting for the AHB bus...
2347265000 >> AHB granted, starting recovery...
2366465000 >> Recovery done, continuing...
2366515000 >> Requesting for the AHB bus...
2367340000 >> AHB granted, starting recovery...
2386540000 >> Recovery done, continuing...
2386590000 >> Requesting for the AHB bus...
2387415000 >> AHB granted, starting recovery...
2406615000 >> Recovery done, continuing...
2406665000 >> Requesting for the AHB bus...
2407490000 >> AHB granted, starting recovery...
2426690000 >> Recovery done, continuing...
2426740000 >> Requesting for the AHB bus...
2427565000 >> AHB granted, starting recovery...
2446765000 >> Recovery done, continuing...
2446815000 >> Requesting for the AHB bus...
2447640000 >> AHB granted, starting recovery...
2466840000 >> Recovery done, continuing...
2466890000 >> Requesting for the AHB bus...
2467715000 >> AHB granted, starting recovery...
2486915000 >> Recovery done, continuing...
2486965000 >> Requesting for the AHB bus...
2487790000 >> AHB granted, starting recovery...
2506990000 >> Recovery done, continuing...
2507040000 >> Requesting for the AHB bus...
2507865000 >> AHB granted, starting recovery...
2527065000 >> Recovery done, continuing...
2527115000 >> Requesting for the AHB bus...
2527940000 >> AHB granted, starting recovery...
2547140000 >> Recovery done, continuing...
2547190000 >> Requesting for the AHB bus...
2548015000 >> AHB granted, starting recovery...
2567215000 >> Recovery done, continuing...
2567265000 >> Requesting for the AHB bus...
2568090000 >> AHB granted, starting recovery...
2587290000 >> Recovery done, continuing...
2587340000 >> Requesting for the AHB bus...
2588165000 >> AHB granted, starting recovery...
2607365000 >> Recovery done, continuing...
2607415000 >> Requesting for the AHB bus...
2608240000 >> AHB granted, starting recovery...
2627440000 >> Recovery done, continuing...
2627490000 >> Requesting for the AHB bus...
2628315000 >> AHB granted, starting recovery...
2647515000 >> Recovery done, continuing...
2647565000 >> Requesting for the AHB bus...
2648390000 >> AHB granted, starting recovery...
2667590000 >> Recovery done, continuing...
2667640000 >> Requesting for the AHB bus...
2668465000 >> AHB granted, starting recovery...
2687665000 >> Recovery done, continuing...
2687715000 >> Requesting for the AHB bus...
2688540000 >> AHB granted, starting recovery...
2707740000 >> Recovery done, continuing...
2707790000 >> Requesting for the AHB bus...
2708615000 >> AHB granted, starting recovery...
2727815000 >> Recovery done, continuing...
2727865000 >> Requesting for the AHB bus...
2728690000 >> AHB granted, starting recovery...
2737215000 >> time limit reached...
/testbench/cpu/l3/u0/leon3x0/vhdl/p0/iu/r.w.wreg:0
/testbench/cpu/l3/u0/leon3x0/vhdl/p0/iu/r.m.irqen:1
/testbench/cpu/l3/u0/leon3x0/vhdl/p0/iu/r.m.icc:0100
/testbench/cpu/l3/u0/leon3x0/vhdl/p0/iu/r.a.ticc:0
/testbench/cpu/l3/u0/leon3x0/vhdl/p0/iu/r.a.step:0
/testbench/cpu/l3/u0/leon3x0/vhdl/p0/iu/r.m.irqen2:1
/testbench/cpu/l3/u0/leon3x0/vhdl/p0/iu/r.d.pc:01000000000000000000001011001100
/testbench/cpu/l3/u0/leon3x0/vhdl/p0/iu/r.d.rexpl:{{00000000000000000000000000000000} {00} {0} 0 0 {0000000000000000000} 0 0 0 0 0 0}
/testbench/cpu/l3/u0/leon3x0/vhdl/p0/iu/r.d.mexc:0
/testbench/cpu/l3/u0/leon3x0/vhdl/p0/iu/r.a.aw:0
/testbench/cpu/l3/u0/leon3x0/vhdl/p0/iu/r.e.ctrl:{{01000000000000000000001011001000} {11000010000000000100000000000000} {00} {10000001} {000000} 0 0 1 0 0 1 1 0 0}
/testbench/cpu/l3/u0/leon3x0/vhdl/p0/iu/r.a.divstart:0
/testbench/cpu/l3/u0/leon3x0/vhdl/p0/iu/r.e.shleft:0
/testbench/cpu/l3/u0/leon3x0/vhdl/p0/iu/r.a.bp:0
/testbench/cpu/l3/u0/leon3x0/vhdl/p0/iu/r.w.twcwp:000
/testbench/cpu/l3/u0/leon3x0/vhdl/p0/iu/r.a.jmpl:0
/testbench/cpu/l3/u0/leon3x0/vhdl/p0/iu/r.m.casa:0
/testbench/cpu/l3/u0/leon3x0/vhdl/p0/iu/r.m.werr:0
/testbench/cpu/l3/u0/leon3x0/vhdl/p0/iu/r.e.su:1
/testbench/cpu/l3/u0/leon3x0/vhdl/p0/iu/r.e.et:1
/testbench/cpu/l3/u0/leon3x0/vhdl/p0/iu/r.a.ldcheck1:1
/testbench/cpu/l3/u0/leon3x0/vhdl/p0/iu/r.d.stwin:000
/testbench/cpu/l3/u0/leon3x0/vhdl/p0/iu/r.a.ldcheck2:0
/testbench/cpu/l3/u0/leon3x0/vhdl/p0/iu/r.x.intack:0
/testbench/cpu/l3/u0/leon3x0/vhdl/p0/iu/r.m.ctrl:{{01000000000000000000001011000100} {10000010000100000110000111100000} {00} {10000001} {000000} 0 0 1 0 0 0 1 0 0}
/testbench/cpu/l3/u0/leon3x0/vhdl/p0/iu/r.a.cwp:110
/testbench/cpu/l3/u0/leon3x0/vhdl/p0/iu/r.e.sari:0
/testbench/cpu/l3/u0/leon3x0/vhdl/p0/iu/r.d.paw:0
/testbench/cpu/l3/u0/leon3x0/vhdl/p0/iu/r.d.aw:0
/testbench/cpu/l3/u0/leon3x0/vhdl/p0/iu/r.d.awp:000
/testbench/cpu/l3/u0/leon3x0/vhdl/p0/iu/r.x.ctrl:{{01000000000000000000001011000000} {00000011000100000000000000000110} {00} {10000001} {000000} 0 0 1 0 0 0 1 0 0}
/testbench/cpu/l3/u0/leon3x0/vhdl/p0/iu/r.m.rexnalign:0
/testbench/cpu/l3/u0/leon3x0/vhdl/p0/iu/r.m.su:1
/testbench/cpu/l3/u0/leon3x0/vhdl/p0/iu/r.m.wcwp:0
/testbench/cpu/l3/u0/leon3x0/vhdl/p0/iu/r.d.divrdy:0
/testbench/cpu/l3/u0/leon3x0/vhdl/p0/iu/r.e.cwp:110
/testbench/cpu/l3/u0/leon3x0/vhdl/p0/iu/r.w.except:0
/testbench/cpu/l3/u0/leon3x0/vhdl/p0/iu/r.x.nerror:0
/testbench/cpu/l3/u0/leon3x0/vhdl/p0/iu/r.a.bpimiss:0
/testbench/cpu/l3/u0/leon3x0/vhdl/p0/iu/r.a.nobp:0
/testbench/cpu/l3/u0/leon3x0/vhdl/p0/iu/r.d.rexcnt:0
/testbench/cpu/l3/u0/leon3x0/vhdl/p0/iu/r.w.s:{{110} {0100} {00000000} {01000000000000000000} {00000010} {0000} 0 0 1 1 1 {00000000000000000000000000000000} {UUUUUUUUUUUUUUUUUUUUUUUUUUUUUUUU} 1 0 0 1 1 1 0 0 {000} {000} {111}}
/testbench/cpu/l3/u0/leon3x0/vhdl/p0/iu/r.d.pv:1
/testbench/cpu/l3/u0/leon3x0/vhdl/p0/iu/r.a.ldchkra:1
/testbench/cpu/l3/u0/leon3x0/vhdl/p0/iu/r.a.rfa1:10000001
/testbench/cpu/l3/u0/leon3x0/vhdl/p0/iu/r.a.rfa2:10000001
/testbench/cpu/l3/u0/leon3x0/vhdl/p0/iu/r.a.imm:00000000000000000000000000000001
/testbench/cpu/l3/u0/leon3x0/vhdl/p0/iu/r.w.wa:10000000
/testbench/cpu/l3/u0/leon3x0/vhdl/p0/iu/r.m.casaz:0
/testbench/cpu/l3/u0/leon3x0/vhdl/p0/iu/r.x.dci:{0 0 1 0 0 0 {10} {00001011}}
/testbench/cpu/l3/u0/leon3x0/vhdl/p0/iu/r.x.mac:0
/testbench/cpu/l3/u0/leon3x0/vhdl/p0/iu/r.m.divz:0
/testbench/cpu/l3/u0/leon3x0/vhdl/p0/iu/r.d.inst:{{10000100000000000110000000000001}}
/testbench/cpu/l3/u0/leon3x0/vhdl/p0/iu/r.e.rfe1:0
/testbench/cpu/l3/u0/leon3x0/vhdl/p0/iu/r.a.wovf:0
/testbench/cpu/l3/u0/leon3x0/vhdl/p0/iu/r.e.rfe2:0
/testbench/cpu/l3/u0/leon3x0/vhdl/p0/iu/r.e.op1:01000000000000000001100111100000
/testbench/cpu/l3/u0/leon3x0/vhdl/p0/iu/r.m.nalign:0
/testbench/cpu/l3/u0/leon3x0/vhdl/p0/iu/r.e.op2:00000000000000000000000000000000
/testbench/cpu/l3/u0/leon3x0/vhdl/p0/iu/r.d.rexen:0
/testbench/cpu/l3/u0/leon3x0/vhdl/p0/iu/r.a.ctrl:{{01000000000000000000001011001100} {10000100000000000110000000000001} {00} {10000010} {000000} 0 1 0 0 0 0 0 0 0}
/testbench/cpu/l3/u0/leon3x0/vhdl/p0/iu/r.x.ipend:0
/testbench/cpu/l3/u0/leon3x0/vhdl/p0/iu/r.e.ldbp1:0
/testbench/cpu/l3/u0/leon3x0/vhdl/p0/iu/r.e.aluadd:1
/testbench/cpu/l3/u0/leon3x0/vhdl/p0/iu/r.d.set:0
/testbench/cpu/l3/u0/leon3x0/vhdl/p0/iu/r.d.inull:0
/testbench/cpu/l3/u0/leon3x0/vhdl/p0/iu/r.e.ldbp2:0
/testbench/cpu/l3/u0/leon3x0/vhdl/p0/iu/r.d.cnt:00
/testbench/cpu/l3/u0/leon3x0/vhdl/p0/iu/r.a.su:1
/testbench/cpu/l3/u0/leon3x0/vhdl/p0/iu/r.a.et:1
/testbench/cpu/l3/u0/leon3x0/vhdl/p0/iu/r.e.mul:0
/testbench/cpu/l3/u0/leon3x0/vhdl/p0/iu/r.e.alusel:00
/testbench/cpu/l3/u0/leon3x0/vhdl/p0/iu/r.e.aw:U
/testbench/cpu/l3/u0/leon3x0/vhdl/p0/iu/r.e.mac:0
/testbench/cpu/l3/u0/leon3x0/vhdl/p0/iu/r.a.decill:0
/testbench/cpu/l3/u0/leon3x0/vhdl/p0/iu/r.x.icc:0100
/testbench/cpu/l3/u0/leon3x0/vhdl/p0/iu/r.x.result:01000000000000000001100000000000
/testbench/cpu/l3/u0/leon3x0/vhdl/p0/iu/r.e.bp:0
/testbench/cpu/l3/u0/leon3x0/vhdl/p0/iu/r.a.rs1:00001
/testbench/cpu/l3/u0/leon3x0/vhdl/p0/iu/r.e.jmpl:0
/testbench/cpu/l3/u0/leon3x0/vhdl/p0/iu/r.a.rsel1:001
/testbench/cpu/l3/u0/leon3x0/vhdl/p0/iu/r.x.y:00000000000000000000000000000000
/testbench/cpu/l3/u0/leon3x0/vhdl/p0/iu/r.a.rsel2:100
/testbench/cpu/l3/u0/leon3x0/vhdl/p0/iu/r.a.awp:000
/testbench/cpu/l3/u0/leon3x0/vhdl/p0/iu/r.a.paw:0
/testbench/cpu/l3/u0/leon3x0/vhdl/p0/iu/r.x.data:{{00000000000000000000000001110110}}
/testbench/cpu/l3/u0/leon3x0/vhdl/p0/iu/r.m.mul:0
/testbench/cpu/l3/u0/leon3x0/vhdl/p0/iu/r.e.rd:UUUUU
/testbench/cpu/l3/u0/leon3x0/vhdl/p0/iu/r.e.invop2:0
/testbench/cpu/l3/u0/leon3x0/vhdl/p0/iu/r.m.wawp:0
/testbench/cpu/l3/u0/leon3x0/vhdl/p0/iu/r.d.cwpmax:111
/testbench/cpu/l3/u0/leon3x0/vhdl/p0/iu/r.f.branch:0
/testbench/cpu/l3/u0/leon3x0/vhdl/p0/iu/r.d.pcheld:1
/testbench/cpu/l3/u0/leon3x0/vhdl/p0/iu/r.m.dci:{0 0 1 0 0 0 {10} {00001011}}
/testbench/cpu/l3/u0/leon3x0/vhdl/p0/iu/r.e.paw:U
/testbench/cpu/l3/u0/leon3x0/vhdl/p0/iu/r.e.awp:UUU
/testbench/cpu/l3/u0/leon3x0/vhdl/p0/iu/r.e.shcnt:00000
/testbench/cpu/l3/u0/leon3x0/vhdl/p0/iu/r.w.result:00000000000000000000000000000000
/testbench/cpu/l3/u0/leon3x0/vhdl/p0/iu/r.m.mac:0
/testbench/cpu/l3/u0/leon3x0/vhdl/p0/iu/r.m.y:00000000000000000000000000000000
/testbench/cpu/l3/u0/leon3x0/vhdl/p0/iu/r.d.cwp:110
/testbench/cpu/l3/u0/leon3x0/vhdl/p0/iu/r.x.laddr:00
/testbench/cpu/l3/u0/leon3x0/vhdl/p0/iu/r.e.mulstep:0
/testbench/cpu/l3/u0/leon3x0/vhdl/p0/iu/r.e.ymsb:0
/testbench/cpu/l3/u0/leon3x0/vhdl/p0/iu/r.d.rexbuf:00000000000000000000000000000000
/testbench/cpu/l3/u0/leon3x0/vhdl/p0/iu/r.x.npc:100
/testbench/cpu/l3/u0/leon3x0/vhdl/p0/iu/r.f.pc:01000000000000000000001011010000
/testbench/cpu/l3/u0/leon3x0/vhdl/p0/iu/r.d.annul:0
/testbench/cpu/l3/u0/leon3x0/vhdl/p0/iu/r.x.rstate:run
/testbench/cpu/l3/u0/leon3x0/vhdl/p0/iu/r.x.set:0
/testbench/cpu/l3/u0/leon3x0/vhdl/p0/iu/r.m.result:01000000000000000001100111100000
/testbench/cpu/l3/u0/leon3x0/vhdl/p0/iu/r.e.icc:UUUU
/testbench/cpu/l3/u0/leon3x0/vhdl/p0/iu/r.a.getpc:0
/testbench/cpu/l3/u0/leon3x0/vhdl/p0/iu/r.a.ldchkex:1
/testbench/cpu/l3/u0/leon3x0/vhdl/p0/iu/r.x.mexc:0
/testbench/cpu/l3/u0/leon3x0/vhdl/p0/iu/r.a.mulstart:0
/testbench/cpu/l3/u0/leon3x0/vhdl/p0/iu/r.d.rexpos:10
/testbench/cpu/l3/u0/leon3x0/vhdl/p0/iu/r.x.annul_all:0
/testbench/cpu/l3/u0/leon3x0/vhdl/p0/iu/r.e.aluop:000
/testbench/cpu/l3/u0/leon3x0/vhdl/p0/iu/r.x.debug:0
/testbench/cpu/l3/u0/leon3x0/vhdl/p0/iu/r.a.rfe1:0
/testbench/cpu/l3/u0/leon3x0/vhdl/p0/iu/r.d.step:0
/testbench/cpu/l3/u0/leon3x0/vhdl/p0/iu/r.a.rfe2:0
/testbench/cpu/l3/u0/leon3x0/vhdl/p0/iu/r.e.alucin:0
/testbench/cpu/l3/u0/leon3x0/vhdl/p0/iu/r.a.wunf:0
======================================
progstatus: -2
execerr: 67
latent: 1
time limit!
>>>>>>>>>>>>>>> 2737215000
======================================
