Test signal = /testbench/cpu/l3/u0/leon3x0/vhdl/p0/iu/r.m.wcwp
oldval = 0
pos1: -1 pos0: 0 posU: -1
newval = 1
Signal value: 0
oldval = 0
pos1: -1 pos0: 0 posU: -1
newval = 1
force in 1260661
584315000 >> iteration no: 0
994990000 >> iteration no: 1
1405665000 >> iteration no: 2
1816315000 >> iteration no: 3
1841115000 >> Requesting for the AHB bus...
1841565000 >> Requesting for the AHB bus...
1842015000 >> AHB granted, starting recovery...
1861215000 >> Recovery done, continuing...
1861265000 >> Requesting for the AHB bus...
1861915000 >> Requesting for the AHB bus...
1862315000 >> AHB granted, starting recovery...
1881515000 >> Recovery done, continuing...
1881565000 >> Requesting for the AHB bus...
1882215000 >> Requesting for the AHB bus...
1882615000 >> AHB granted, starting recovery...
1901815000 >> Recovery done, continuing...
1901865000 >> Requesting for the AHB bus...
1902515000 >> Requesting for the AHB bus...
1902915000 >> AHB granted, starting recovery...
1922115000 >> Recovery done, continuing...
1922165000 >> Requesting for the AHB bus...
1922815000 >> Requesting for the AHB bus...
1923215000 >> AHB granted, starting recovery...
1942415000 >> Recovery done, continuing...
1942465000 >> Requesting for the AHB bus...
1943115000 >> Requesting for the AHB bus...
1943515000 >> AHB granted, starting recovery...
1962715000 >> Recovery done, continuing...
1962765000 >> Requesting for the AHB bus...
1963415000 >> Requesting for the AHB bus...
1963815000 >> AHB granted, starting recovery...
1983015000 >> Recovery done, continuing...
1983065000 >> Requesting for the AHB bus...
1983715000 >> Requesting for the AHB bus...
1984115000 >> AHB granted, starting recovery...
2003315000 >> Recovery done, continuing...
2003365000 >> Requesting for the AHB bus...
2004190000 >> Requesting for the AHB bus...
2004590000 >> AHB granted, starting recovery...
2023790000 >> Recovery done, continuing...
2023840000 >> Requesting for the AHB bus...
2024490000 >> Requesting for the AHB bus...
2024890000 >> AHB granted, starting recovery...
2044090000 >> Recovery done, continuing...
2044140000 >> Requesting for the AHB bus...
2044790000 >> Requesting for the AHB bus...
2045190000 >> AHB granted, starting recovery...
2064390000 >> Recovery done, continuing...
2064440000 >> Requesting for the AHB bus...
2065090000 >> Requesting for the AHB bus...
2065490000 >> AHB granted, starting recovery...
2084690000 >> Recovery done, continuing...
2084740000 >> Requesting for the AHB bus...
2085390000 >> Requesting for the AHB bus...
2085790000 >> AHB granted, starting recovery...
2104990000 >> Recovery done, continuing...
2105040000 >> Requesting for the AHB bus...
2105690000 >> Requesting for the AHB bus...
2106090000 >> AHB granted, starting recovery...
2125290000 >> Recovery done, continuing...
2125340000 >> Requesting for the AHB bus...
2125990000 >> Requesting for the AHB bus...
2126390000 >> AHB granted, starting recovery...
2145590000 >> Recovery done, continuing...
2145640000 >> Requesting for the AHB bus...
2146290000 >> Requesting for the AHB bus...
2146690000 >> AHB granted, starting recovery...
2165890000 >> Recovery done, continuing...
2165940000 >> Requesting for the AHB bus...
2166590000 >> Requesting for the AHB bus...
2166990000 >> AHB granted, starting recovery...
2186190000 >> Recovery done, continuing...
2186240000 >> Requesting for the AHB bus...
2186890000 >> Requesting for the AHB bus...
2187290000 >> AHB granted, starting recovery...
2206490000 >> Recovery done, continuing...
2206540000 >> Requesting for the AHB bus...
2207190000 >> Requesting for the AHB bus...
2207590000 >> AHB granted, starting recovery...
2226790000 >> Recovery done, continuing...
2226840000 >> Requesting for the AHB bus...
2227490000 >> Requesting for the AHB bus...
2227890000 >> AHB granted, starting recovery...
2247090000 >> Recovery done, continuing...
2247140000 >> Requesting for the AHB bus...
2247790000 >> Requesting for the AHB bus...
2248190000 >> AHB granted, starting recovery...
2267390000 >> Recovery done, continuing...
2267440000 >> Requesting for the AHB bus...
2268090000 >> Requesting for the AHB bus...
2268490000 >> AHB granted, starting recovery...
2287690000 >> Recovery done, continuing...
2287740000 >> Requesting for the AHB bus...
2288390000 >> Requesting for the AHB bus...
2288790000 >> AHB granted, starting recovery...
2307990000 >> Recovery done, continuing...
2308040000 >> Requesting for the AHB bus...
2308690000 >> Requesting for the AHB bus...
2309090000 >> AHB granted, starting recovery...
2328290000 >> Recovery done, continuing...
2328340000 >> Requesting for the AHB bus...
2328990000 >> Requesting for the AHB bus...
2329390000 >> AHB granted, starting recovery...
2348590000 >> Recovery done, continuing...
2348640000 >> Requesting for the AHB bus...
2349290000 >> Requesting for the AHB bus...
2349690000 >> AHB granted, starting recovery...
2368890000 >> Recovery done, continuing...
2368940000 >> Requesting for the AHB bus...
2369590000 >> Requesting for the AHB bus...
2369990000 >> AHB granted, starting recovery...
2389190000 >> Recovery done, continuing...
2389240000 >> Requesting for the AHB bus...
2389890000 >> Requesting for the AHB bus...
2390290000 >> AHB granted, starting recovery...
2409490000 >> Recovery done, continuing...
2409540000 >> Requesting for the AHB bus...
2410190000 >> Requesting for the AHB bus...
2410590000 >> AHB granted, starting recovery...
2429790000 >> Recovery done, continuing...
2429840000 >> Requesting for the AHB bus...
2430490000 >> Requesting for the AHB bus...
2430890000 >> AHB granted, starting recovery...
2450090000 >> Recovery done, continuing...
2450140000 >> Requesting for the AHB bus...
2450790000 >> Requesting for the AHB bus...
2451190000 >> AHB granted, starting recovery...
2470390000 >> Recovery done, continuing...
2470440000 >> Requesting for the AHB bus...
2471265000 >> Requesting for the AHB bus...
2471665000 >> AHB granted, starting recovery...
2490865000 >> Recovery done, continuing...
2490915000 >> Requesting for the AHB bus...
2491565000 >> Requesting for the AHB bus...
2491965000 >> AHB granted, starting recovery...
2511165000 >> Recovery done, continuing...
2511215000 >> Requesting for the AHB bus...
2511865000 >> Requesting for the AHB bus...
2512265000 >> AHB granted, starting recovery...
2531465000 >> Recovery done, continuing...
2531515000 >> Requesting for the AHB bus...
2532165000 >> Requesting for the AHB bus...
2532565000 >> AHB granted, starting recovery...
2551765000 >> Recovery done, continuing...
2551815000 >> Requesting for the AHB bus...
2552465000 >> Requesting for the AHB bus...
2552865000 >> AHB granted, starting recovery...
2572065000 >> Recovery done, continuing...
2572115000 >> Requesting for the AHB bus...
2572765000 >> Requesting for the AHB bus...
2573165000 >> AHB granted, starting recovery...
2592365000 >> Recovery done, continuing...
2592415000 >> Requesting for the AHB bus...
2593140000 >> Requesting for the AHB bus...
2593540000 >> AHB granted, starting recovery...
2612740000 >> Recovery done, continuing...
2612790000 >> Requesting for the AHB bus...
2613440000 >> Requesting for the AHB bus...
2613840000 >> AHB granted, starting recovery...
2633040000 >> Recovery done, continuing...
2633090000 >> Requesting for the AHB bus...
2633740000 >> Requesting for the AHB bus...
2634140000 >> AHB granted, starting recovery...
2653340000 >> Recovery done, continuing...
2653390000 >> Requesting for the AHB bus...
2654040000 >> Requesting for the AHB bus...
2654440000 >> AHB granted, starting recovery...
2673640000 >> Recovery done, continuing...
2673690000 >> Requesting for the AHB bus...
2674340000 >> Requesting for the AHB bus...
2674740000 >> AHB granted, starting recovery...
2693940000 >> Recovery done, continuing...
2693990000 >> Requesting for the AHB bus...
2694640000 >> Requesting for the AHB bus...
2695040000 >> AHB granted, starting recovery...
2714240000 >> Recovery done, continuing...
2714290000 >> Requesting for the AHB bus...
2714940000 >> Requesting for the AHB bus...
2715340000 >> AHB granted, starting recovery...
2734540000 >> Recovery done, continuing...
2734590000 >> Requesting for the AHB bus...
2735240000 >> Requesting for the AHB bus...
2735640000 >> AHB granted, starting recovery...
2737215000 >> time limit reached...
/testbench/cpu/l3/u0/leon3x0/vhdl/p0/iu/r.w.wreg:1
/testbench/cpu/l3/u0/leon3x0/vhdl/p0/iu/r.m.irqen:1
/testbench/cpu/l3/u0/leon3x0/vhdl/p0/iu/r.m.icc:0000
/testbench/cpu/l3/u0/leon3x0/vhdl/p0/iu/r.a.ticc:0
/testbench/cpu/l3/u0/leon3x0/vhdl/p0/iu/r.a.step:0
/testbench/cpu/l3/u0/leon3x0/vhdl/p0/iu/r.m.irqen2:1
/testbench/cpu/l3/u0/leon3x0/vhdl/p0/iu/r.d.pc:01000000000000000000000111101100
/testbench/cpu/l3/u0/leon3x0/vhdl/p0/iu/r.d.rexpl:{{00000000000000000000000000000000} {00} {0} 0 0 {0000000000000000000} 0 0 0 0 0 0}
/testbench/cpu/l3/u0/leon3x0/vhdl/p0/iu/r.d.mexc:0
/testbench/cpu/l3/u0/leon3x0/vhdl/p0/iu/r.a.aw:0
/testbench/cpu/l3/u0/leon3x0/vhdl/p0/iu/r.e.ctrl:{{01000000000000000000000111101000} {11000010000001111010000001000100} {00} {10000001} {000000} 0 0 1 0 0 1 1 0 0}
/testbench/cpu/l3/u0/leon3x0/vhdl/p0/iu/r.a.divstart:0
/testbench/cpu/l3/u0/leon3x0/vhdl/p0/iu/r.e.shleft:0
/testbench/cpu/l3/u0/leon3x0/vhdl/p0/iu/r.a.bp:0
/testbench/cpu/l3/u0/leon3x0/vhdl/p0/iu/r.w.twcwp:000
/testbench/cpu/l3/u0/leon3x0/vhdl/p0/iu/r.a.jmpl:0
/testbench/cpu/l3/u0/leon3x0/vhdl/p0/iu/r.m.casa:0
/testbench/cpu/l3/u0/leon3x0/vhdl/p0/iu/r.m.werr:0
/testbench/cpu/l3/u0/leon3x0/vhdl/p0/iu/r.e.su:1
/testbench/cpu/l3/u0/leon3x0/vhdl/p0/iu/r.e.et:1
/testbench/cpu/l3/u0/leon3x0/vhdl/p0/iu/r.a.ldcheck1:1
/testbench/cpu/l3/u0/leon3x0/vhdl/p0/iu/r.d.stwin:000
/testbench/cpu/l3/u0/leon3x0/vhdl/p0/iu/r.a.ldcheck2:0
/testbench/cpu/l3/u0/leon3x0/vhdl/p0/iu/r.x.intack:0
/testbench/cpu/l3/u0/leon3x0/vhdl/p0/iu/r.m.ctrl:{{01000000000000000000000111100100} {11000010001001111011111111111100} {01} {10000001} {000000} 0 0 0 0 0 0 0 0 0}
/testbench/cpu/l3/u0/leon3x0/vhdl/p0/iu/r.a.cwp:000
/testbench/cpu/l3/u0/leon3x0/vhdl/p0/iu/r.e.sari:0
/testbench/cpu/l3/u0/leon3x0/vhdl/p0/iu/r.d.paw:0
/testbench/cpu/l3/u0/leon3x0/vhdl/p0/iu/r.d.aw:0
/testbench/cpu/l3/u0/leon3x0/vhdl/p0/iu/r.d.awp:000
/testbench/cpu/l3/u0/leon3x0/vhdl/p0/iu/r.x.ctrl:{{01000000000000000000000111100100} {11000010001001111011111111111100} {00} {10000001} {000000} 0 0 0 0 0 0 1 0 0}
/testbench/cpu/l3/u0/leon3x0/vhdl/p0/iu/r.m.rexnalign:0
/testbench/cpu/l3/u0/leon3x0/vhdl/p0/iu/r.m.su:1
/testbench/cpu/l3/u0/leon3x0/vhdl/p0/iu/r.m.wcwp:0
/testbench/cpu/l3/u0/leon3x0/vhdl/p0/iu/r.d.divrdy:0
/testbench/cpu/l3/u0/leon3x0/vhdl/p0/iu/r.e.cwp:000
/testbench/cpu/l3/u0/leon3x0/vhdl/p0/iu/r.w.except:0
/testbench/cpu/l3/u0/leon3x0/vhdl/p0/iu/r.x.nerror:0
/testbench/cpu/l3/u0/leon3x0/vhdl/p0/iu/r.a.bpimiss:0
/testbench/cpu/l3/u0/leon3x0/vhdl/p0/iu/r.a.nobp:0
/testbench/cpu/l3/u0/leon3x0/vhdl/p0/iu/r.d.rexcnt:0
/testbench/cpu/l3/u0/leon3x0/vhdl/p0/iu/r.w.s:{{101} {0000} {00000000} {01000000000000000000} {00000010} {0000} 0 0 1 1 1 {00000000000000000000000000000000} {UUUUUUUUUUUUUUUUUUUUUUUUUUUUUUUU} 1 0 0 1 1 1 0 0 {000} {000} {111}}
/testbench/cpu/l3/u0/leon3x0/vhdl/p0/iu/r.d.pv:1
/testbench/cpu/l3/u0/leon3x0/vhdl/p0/iu/r.a.ldchkra:1
/testbench/cpu/l3/u0/leon3x0/vhdl/p0/iu/r.a.rfa1:10000001
/testbench/cpu/l3/u0/leon3x0/vhdl/p0/iu/r.a.rfa2:10000001
/testbench/cpu/l3/u0/leon3x0/vhdl/p0/iu/r.a.imm:00000000000000000000000000000001
/testbench/cpu/l3/u0/leon3x0/vhdl/p0/iu/r.w.wa:10000001
/testbench/cpu/l3/u0/leon3x0/vhdl/p0/iu/r.m.casaz:0
/testbench/cpu/l3/u0/leon3x0/vhdl/p0/iu/r.x.dci:{0 1 0 0 0 0 {10} {00001011}}
/testbench/cpu/l3/u0/leon3x0/vhdl/p0/iu/r.x.mac:0
/testbench/cpu/l3/u0/leon3x0/vhdl/p0/iu/r.m.divz:0
/testbench/cpu/l3/u0/leon3x0/vhdl/p0/iu/r.d.inst:{{10000010000000000110000000000001}}
/testbench/cpu/l3/u0/leon3x0/vhdl/p0/iu/r.e.rfe1:1
/testbench/cpu/l3/u0/leon3x0/vhdl/p0/iu/r.a.wovf:0
/testbench/cpu/l3/u0/leon3x0/vhdl/p0/iu/r.e.rfe2:0
/testbench/cpu/l3/u0/leon3x0/vhdl/p0/iu/r.e.op1:01000000000011111111111111100000
/testbench/cpu/l3/u0/leon3x0/vhdl/p0/iu/r.m.nalign:1
/testbench/cpu/l3/u0/leon3x0/vhdl/p0/iu/r.e.op2:00000000000000000000000001000100
/testbench/cpu/l3/u0/leon3x0/vhdl/p0/iu/r.d.rexen:0
/testbench/cpu/l3/u0/leon3x0/vhdl/p0/iu/r.a.ctrl:{{01000000000000000000000111101100} {10000010000000000110000000000001} {00} {10000001} {000000} 0 1 0 0 0 0 0 0 0}
/testbench/cpu/l3/u0/leon3x0/vhdl/p0/iu/r.x.ipend:0
/testbench/cpu/l3/u0/leon3x0/vhdl/p0/iu/r.e.ldbp1:0
/testbench/cpu/l3/u0/leon3x0/vhdl/p0/iu/r.e.aluadd:1
/testbench/cpu/l3/u0/leon3x0/vhdl/p0/iu/r.d.set:0
/testbench/cpu/l3/u0/leon3x0/vhdl/p0/iu/r.d.inull:0
/testbench/cpu/l3/u0/leon3x0/vhdl/p0/iu/r.e.ldbp2:0
/testbench/cpu/l3/u0/leon3x0/vhdl/p0/iu/r.d.cnt:00
/testbench/cpu/l3/u0/leon3x0/vhdl/p0/iu/r.a.su:1
/testbench/cpu/l3/u0/leon3x0/vhdl/p0/iu/r.a.et:1
/testbench/cpu/l3/u0/leon3x0/vhdl/p0/iu/r.e.mul:0
/testbench/cpu/l3/u0/leon3x0/vhdl/p0/iu/r.e.alusel:00
/testbench/cpu/l3/u0/leon3x0/vhdl/p0/iu/r.e.aw:U
/testbench/cpu/l3/u0/leon3x0/vhdl/p0/iu/r.e.mac:0
/testbench/cpu/l3/u0/leon3x0/vhdl/p0/iu/r.a.decill:0
/testbench/cpu/l3/u0/leon3x0/vhdl/p0/iu/r.x.icc:0000
/testbench/cpu/l3/u0/leon3x0/vhdl/p0/iu/r.x.result:01000000000011111111111111011100
/testbench/cpu/l3/u0/leon3x0/vhdl/p0/iu/r.e.bp:0
/testbench/cpu/l3/u0/leon3x0/vhdl/p0/iu/r.a.rs1:00001
/testbench/cpu/l3/u0/leon3x0/vhdl/p0/iu/r.e.jmpl:0
/testbench/cpu/l3/u0/leon3x0/vhdl/p0/iu/r.a.rsel1:001
/testbench/cpu/l3/u0/leon3x0/vhdl/p0/iu/r.x.y:00000000000000000000000000000000
/testbench/cpu/l3/u0/leon3x0/vhdl/p0/iu/r.a.rsel2:100
/testbench/cpu/l3/u0/leon3x0/vhdl/p0/iu/r.a.awp:000
/testbench/cpu/l3/u0/leon3x0/vhdl/p0/iu/r.a.paw:0
/testbench/cpu/l3/u0/leon3x0/vhdl/p0/iu/r.x.data:{{00000000000000000000000001010000}}
/testbench/cpu/l3/u0/leon3x0/vhdl/p0/iu/r.m.mul:0
/testbench/cpu/l3/u0/leon3x0/vhdl/p0/iu/r.e.rd:UUUUU
/testbench/cpu/l3/u0/leon3x0/vhdl/p0/iu/r.e.invop2:0
/testbench/cpu/l3/u0/leon3x0/vhdl/p0/iu/r.m.wawp:0
/testbench/cpu/l3/u0/leon3x0/vhdl/p0/iu/r.d.cwpmax:111
/testbench/cpu/l3/u0/leon3x0/vhdl/p0/iu/r.f.branch:0
/testbench/cpu/l3/u0/leon3x0/vhdl/p0/iu/r.d.pcheld:1
/testbench/cpu/l3/u0/leon3x0/vhdl/p0/iu/r.m.dci:{0 0 0 1 0 0 {10} {00001011}}
/testbench/cpu/l3/u0/leon3x0/vhdl/p0/iu/r.e.paw:U
/testbench/cpu/l3/u0/leon3x0/vhdl/p0/iu/r.e.awp:UUU
/testbench/cpu/l3/u0/leon3x0/vhdl/p0/iu/r.e.shcnt:00100
/testbench/cpu/l3/u0/leon3x0/vhdl/p0/iu/r.w.result:00000000000000000000000000010111
/testbench/cpu/l3/u0/leon3x0/vhdl/p0/iu/r.m.mac:0
/testbench/cpu/l3/u0/leon3x0/vhdl/p0/iu/r.m.y:00000000000000000000000000000000
/testbench/cpu/l3/u0/leon3x0/vhdl/p0/iu/r.d.cwp:000
/testbench/cpu/l3/u0/leon3x0/vhdl/p0/iu/r.x.laddr:00
/testbench/cpu/l3/u0/leon3x0/vhdl/p0/iu/r.e.mulstep:0
/testbench/cpu/l3/u0/leon3x0/vhdl/p0/iu/r.e.ymsb:0
/testbench/cpu/l3/u0/leon3x0/vhdl/p0/iu/r.d.rexbuf:00000000000000000000000000000000
/testbench/cpu/l3/u0/leon3x0/vhdl/p0/iu/r.x.npc:100
/testbench/cpu/l3/u0/leon3x0/vhdl/p0/iu/r.f.pc:01000000000000000000000111110000
/testbench/cpu/l3/u0/leon3x0/vhdl/p0/iu/r.d.annul:0
/testbench/cpu/l3/u0/leon3x0/vhdl/p0/iu/r.x.rstate:run
/testbench/cpu/l3/u0/leon3x0/vhdl/p0/iu/r.x.set:0
/testbench/cpu/l3/u0/leon3x0/vhdl/p0/iu/r.m.result:00000000000000000000000000010111
/testbench/cpu/l3/u0/leon3x0/vhdl/p0/iu/r.e.icc:UUUU
/testbench/cpu/l3/u0/leon3x0/vhdl/p0/iu/r.a.getpc:0
/testbench/cpu/l3/u0/leon3x0/vhdl/p0/iu/r.a.ldchkex:1
/testbench/cpu/l3/u0/leon3x0/vhdl/p0/iu/r.x.mexc:0
/testbench/cpu/l3/u0/leon3x0/vhdl/p0/iu/r.a.mulstart:0
/testbench/cpu/l3/u0/leon3x0/vhdl/p0/iu/r.d.rexpos:10
/testbench/cpu/l3/u0/leon3x0/vhdl/p0/iu/r.x.annul_all:0
/testbench/cpu/l3/u0/leon3x0/vhdl/p0/iu/r.e.aluop:000
/testbench/cpu/l3/u0/leon3x0/vhdl/p0/iu/r.x.debug:0
/testbench/cpu/l3/u0/leon3x0/vhdl/p0/iu/r.a.rfe1:0
/testbench/cpu/l3/u0/leon3x0/vhdl/p0/iu/r.d.step:0
/testbench/cpu/l3/u0/leon3x0/vhdl/p0/iu/r.a.rfe2:0
/testbench/cpu/l3/u0/leon3x0/vhdl/p0/iu/r.e.alucin:0
/testbench/cpu/l3/u0/leon3x0/vhdl/p0/iu/r.a.wunf:0
======================================
progstatus: -2
execerr: 45
latent: 1
time limit!
>>>>>>>>>>>>>>> 2737215000
======================================
