Test signal = /testbench/cpu/l3/u0/leon3x0/vhdl/p0/iu/r.a.bpimiss
oldval = 0
pos1: -1 pos0: 0 posU: -1
newval = 1
Signal value: 0
oldval = 0
pos1: -1 pos0: 0 posU: -1
newval = 1
force in 1172553
584315000 >> iteration no: 0
994990000 >> iteration no: 1
1405665000 >> iteration no: 2
1752665000 >> Requesting for the AHB bus...
1753415000 >> AHB granted, starting recovery...
1772615000 >> Recovery done, continuing...
1772740000 >> Requesting for the AHB bus...
1773740000 >> AHB granted, starting recovery...
1792940000 >> Recovery done, continuing...
1793065000 >> Requesting for the AHB bus...
1794065000 >> AHB granted, starting recovery...
1813265000 >> Recovery done, continuing...
1813390000 >> Requesting for the AHB bus...
1814390000 >> AHB granted, starting recovery...
1833590000 >> Recovery done, continuing...
1833715000 >> Requesting for the AHB bus...
1834715000 >> AHB granted, starting recovery...
1853915000 >> Recovery done, continuing...
1854040000 >> Requesting for the AHB bus...
1855040000 >> AHB granted, starting recovery...
1874240000 >> Recovery done, continuing...
1874365000 >> Requesting for the AHB bus...
1875365000 >> AHB granted, starting recovery...
1894565000 >> Recovery done, continuing...
1894690000 >> Requesting for the AHB bus...
1895865000 >> AHB granted, starting recovery...
1915065000 >> Recovery done, continuing...
1915190000 >> Requesting for the AHB bus...
1916190000 >> AHB granted, starting recovery...
1935390000 >> Recovery done, continuing...
1935515000 >> Requesting for the AHB bus...
1936515000 >> AHB granted, starting recovery...
1955715000 >> Recovery done, continuing...
1955840000 >> Requesting for the AHB bus...
1956840000 >> AHB granted, starting recovery...
1976040000 >> Recovery done, continuing...
1976165000 >> Requesting for the AHB bus...
1977165000 >> AHB granted, starting recovery...
1996365000 >> Recovery done, continuing...
1996490000 >> Requesting for the AHB bus...
1997490000 >> AHB granted, starting recovery...
2016690000 >> Recovery done, continuing...
2016815000 >> Requesting for the AHB bus...
2017815000 >> AHB granted, starting recovery...
2037015000 >> Recovery done, continuing...
2037140000 >> Requesting for the AHB bus...
2038140000 >> AHB granted, starting recovery...
2057340000 >> Recovery done, continuing...
2057465000 >> Requesting for the AHB bus...
2058465000 >> AHB granted, starting recovery...
2077665000 >> Recovery done, continuing...
2077790000 >> Requesting for the AHB bus...
2078790000 >> AHB granted, starting recovery...
2097990000 >> Recovery done, continuing...
2098115000 >> Requesting for the AHB bus...
2099115000 >> AHB granted, starting recovery...
2118315000 >> Recovery done, continuing...
2118440000 >> Requesting for the AHB bus...
2119615000 >> AHB granted, starting recovery...
2138815000 >> Recovery done, continuing...
2138940000 >> Requesting for the AHB bus...
2139940000 >> AHB granted, starting recovery...
2159140000 >> Recovery done, continuing...
2159265000 >> Requesting for the AHB bus...
2160265000 >> AHB granted, starting recovery...
2179465000 >> Recovery done, continuing...
2179590000 >> Requesting for the AHB bus...
2180590000 >> AHB granted, starting recovery...
2199790000 >> Recovery done, continuing...
2199915000 >> Requesting for the AHB bus...
2200915000 >> AHB granted, starting recovery...
2220115000 >> Recovery done, continuing...
2220240000 >> Requesting for the AHB bus...
2221240000 >> AHB granted, starting recovery...
2240440000 >> Recovery done, continuing...
2240565000 >> Requesting for the AHB bus...
2241565000 >> AHB granted, starting recovery...
2260765000 >> Recovery done, continuing...
2260890000 >> Requesting for the AHB bus...
2261890000 >> AHB granted, starting recovery...
2281090000 >> Recovery done, continuing...
2281215000 >> Requesting for the AHB bus...
2282215000 >> AHB granted, starting recovery...
2301415000 >> Recovery done, continuing...
2301540000 >> Requesting for the AHB bus...
2302540000 >> AHB granted, starting recovery...
2321740000 >> Recovery done, continuing...
2321865000 >> Requesting for the AHB bus...
2322865000 >> AHB granted, starting recovery...
2342065000 >> Recovery done, continuing...
2342190000 >> Requesting for the AHB bus...
2343190000 >> AHB granted, starting recovery...
2362390000 >> Recovery done, continuing...
2362515000 >> Requesting for the AHB bus...
2363515000 >> AHB granted, starting recovery...
2382715000 >> Recovery done, continuing...
2382840000 >> Requesting for the AHB bus...
2383840000 >> AHB granted, starting recovery...
2403040000 >> Recovery done, continuing...
2403165000 >> Requesting for the AHB bus...
2404165000 >> AHB granted, starting recovery...
2423365000 >> Recovery done, continuing...
2423490000 >> Requesting for the AHB bus...
2424490000 >> AHB granted, starting recovery...
2443690000 >> Recovery done, continuing...
2443815000 >> Requesting for the AHB bus...
2444815000 >> AHB granted, starting recovery...
2464015000 >> Recovery done, continuing...
2464140000 >> Requesting for the AHB bus...
2465315000 >> AHB granted, starting recovery...
2484515000 >> Recovery done, continuing...
2484640000 >> Requesting for the AHB bus...
2485640000 >> AHB granted, starting recovery...
2504840000 >> Recovery done, continuing...
2504965000 >> Requesting for the AHB bus...
2505965000 >> AHB granted, starting recovery...
2525165000 >> Recovery done, continuing...
2525290000 >> Requesting for the AHB bus...
2526290000 >> AHB granted, starting recovery...
2545490000 >> Recovery done, continuing...
2545615000 >> Requesting for the AHB bus...
2546615000 >> AHB granted, starting recovery...
2565815000 >> Recovery done, continuing...
2565940000 >> Requesting for the AHB bus...
2566940000 >> AHB granted, starting recovery...
2586140000 >> Recovery done, continuing...
2586265000 >> Requesting for the AHB bus...
2587265000 >> AHB granted, starting recovery...
2606465000 >> Recovery done, continuing...
2606590000 >> Requesting for the AHB bus...
2607590000 >> AHB granted, starting recovery...
2626790000 >> Recovery done, continuing...
2626915000 >> Requesting for the AHB bus...
2627915000 >> AHB granted, starting recovery...
2647115000 >> Recovery done, continuing...
2647240000 >> Requesting for the AHB bus...
2648240000 >> AHB granted, starting recovery...
2667440000 >> Recovery done, continuing...
2667565000 >> Requesting for the AHB bus...
2668565000 >> AHB granted, starting recovery...
2687765000 >> Recovery done, continuing...
2687890000 >> Requesting for the AHB bus...
2688890000 >> AHB granted, starting recovery...
2708090000 >> Recovery done, continuing...
2708215000 >> Requesting for the AHB bus...
2709215000 >> AHB granted, starting recovery...
2728415000 >> Recovery done, continuing...
2728540000 >> Requesting for the AHB bus...
2729540000 >> AHB granted, starting recovery...
2737215000 >> time limit reached...
/testbench/cpu/l3/u0/leon3x0/vhdl/p0/iu/r.w.wreg:1
/testbench/cpu/l3/u0/leon3x0/vhdl/p0/iu/r.m.irqen:1
/testbench/cpu/l3/u0/leon3x0/vhdl/p0/iu/r.m.icc:0000
/testbench/cpu/l3/u0/leon3x0/vhdl/p0/iu/r.a.ticc:0
/testbench/cpu/l3/u0/leon3x0/vhdl/p0/iu/r.a.step:0
/testbench/cpu/l3/u0/leon3x0/vhdl/p0/iu/r.m.irqen2:1
/testbench/cpu/l3/u0/leon3x0/vhdl/p0/iu/r.d.pc:01000000000000000000000111111000
/testbench/cpu/l3/u0/leon3x0/vhdl/p0/iu/r.d.rexpl:{{00000000000000000000000000000000} {00} {0} 0 0 {0000000000000000000} 0 0 0 0 0 0}
/testbench/cpu/l3/u0/leon3x0/vhdl/p0/iu/r.d.mexc:0
/testbench/cpu/l3/u0/leon3x0/vhdl/p0/iu/r.a.aw:0
/testbench/cpu/l3/u0/leon3x0/vhdl/p0/iu/r.e.ctrl:{{01000000000000000000000111110100} {11000010000001111010000001000100} {00} {10000001} {000000} 0 0 1 0 0 1 1 0 0}
/testbench/cpu/l3/u0/leon3x0/vhdl/p0/iu/r.a.divstart:0
/testbench/cpu/l3/u0/leon3x0/vhdl/p0/iu/r.e.shleft:0
/testbench/cpu/l3/u0/leon3x0/vhdl/p0/iu/r.a.bp:0
/testbench/cpu/l3/u0/leon3x0/vhdl/p0/iu/r.w.twcwp:000
/testbench/cpu/l3/u0/leon3x0/vhdl/p0/iu/r.a.jmpl:0
/testbench/cpu/l3/u0/leon3x0/vhdl/p0/iu/r.m.casa:0
/testbench/cpu/l3/u0/leon3x0/vhdl/p0/iu/r.m.werr:0
/testbench/cpu/l3/u0/leon3x0/vhdl/p0/iu/r.e.su:1
/testbench/cpu/l3/u0/leon3x0/vhdl/p0/iu/r.e.et:1
/testbench/cpu/l3/u0/leon3x0/vhdl/p0/iu/r.a.ldcheck1:1
/testbench/cpu/l3/u0/leon3x0/vhdl/p0/iu/r.d.stwin:000
/testbench/cpu/l3/u0/leon3x0/vhdl/p0/iu/r.a.ldcheck2:1
/testbench/cpu/l3/u0/leon3x0/vhdl/p0/iu/r.x.intack:0
/testbench/cpu/l3/u0/leon3x0/vhdl/p0/iu/r.m.ctrl:{{01000000000000000000000111110000} {11000010001001111010000001000100} {01} {10000001} {000000} 0 0 0 0 0 0 0 0 0}
/testbench/cpu/l3/u0/leon3x0/vhdl/p0/iu/r.a.cwp:101
/testbench/cpu/l3/u0/leon3x0/vhdl/p0/iu/r.e.sari:0
/testbench/cpu/l3/u0/leon3x0/vhdl/p0/iu/r.d.paw:0
/testbench/cpu/l3/u0/leon3x0/vhdl/p0/iu/r.d.aw:0
/testbench/cpu/l3/u0/leon3x0/vhdl/p0/iu/r.d.awp:000
/testbench/cpu/l3/u0/leon3x0/vhdl/p0/iu/r.x.ctrl:{{01000000000000000000000111110000} {11000010001001111010000001000100} {00} {10000001} {000000} 0 0 0 0 0 0 1 0 0}
/testbench/cpu/l3/u0/leon3x0/vhdl/p0/iu/r.m.rexnalign:0
/testbench/cpu/l3/u0/leon3x0/vhdl/p0/iu/r.m.su:1
/testbench/cpu/l3/u0/leon3x0/vhdl/p0/iu/r.m.wcwp:0
/testbench/cpu/l3/u0/leon3x0/vhdl/p0/iu/r.d.divrdy:0
/testbench/cpu/l3/u0/leon3x0/vhdl/p0/iu/r.e.cwp:101
/testbench/cpu/l3/u0/leon3x0/vhdl/p0/iu/r.w.except:0
/testbench/cpu/l3/u0/leon3x0/vhdl/p0/iu/r.x.nerror:0
/testbench/cpu/l3/u0/leon3x0/vhdl/p0/iu/r.a.bpimiss:1
/testbench/cpu/l3/u0/leon3x0/vhdl/p0/iu/r.a.nobp:0
/testbench/cpu/l3/u0/leon3x0/vhdl/p0/iu/r.d.rexcnt:0
/testbench/cpu/l3/u0/leon3x0/vhdl/p0/iu/r.w.s:{{101} {0000} {00000000} {01000000000000000000} {00000010} {0000} 0 0 1 1 1 {00000000000000000000000000000000} {UUUUUUUUUUUUUUUUUUUUUUUUUUUUUUUU} 1 0 0 1 1 1 0 0 {000} {000} {111}}
/testbench/cpu/l3/u0/leon3x0/vhdl/p0/iu/r.d.pv:1
/testbench/cpu/l3/u0/leon3x0/vhdl/p0/iu/r.a.ldchkra:1
/testbench/cpu/l3/u0/leon3x0/vhdl/p0/iu/r.a.rfa1:10000001
/testbench/cpu/l3/u0/leon3x0/vhdl/p0/iu/r.a.rfa2:10000000
/testbench/cpu/l3/u0/leon3x0/vhdl/p0/iu/r.a.imm:00000000000000000000000000000000
/testbench/cpu/l3/u0/leon3x0/vhdl/p0/iu/r.w.wa:10000001
/testbench/cpu/l3/u0/leon3x0/vhdl/p0/iu/r.m.casaz:0
/testbench/cpu/l3/u0/leon3x0/vhdl/p0/iu/r.x.dci:{0 1 0 0 0 0 {10} {00001011}}
/testbench/cpu/l3/u0/leon3x0/vhdl/p0/iu/r.x.mac:0
/testbench/cpu/l3/u0/leon3x0/vhdl/p0/iu/r.m.divz:0
/testbench/cpu/l3/u0/leon3x0/vhdl/p0/iu/r.d.inst:{{11000010000010000100000000000000}}
/testbench/cpu/l3/u0/leon3x0/vhdl/p0/iu/r.e.rfe1:1
/testbench/cpu/l3/u0/leon3x0/vhdl/p0/iu/r.a.wovf:0
/testbench/cpu/l3/u0/leon3x0/vhdl/p0/iu/r.e.rfe2:0
/testbench/cpu/l3/u0/leon3x0/vhdl/p0/iu/r.e.op1:01000000000011111111111010011000
/testbench/cpu/l3/u0/leon3x0/vhdl/p0/iu/r.m.nalign:1
/testbench/cpu/l3/u0/leon3x0/vhdl/p0/iu/r.e.op2:00000000000000000000000001000100
/testbench/cpu/l3/u0/leon3x0/vhdl/p0/iu/r.d.rexen:0
/testbench/cpu/l3/u0/leon3x0/vhdl/p0/iu/r.a.ctrl:{{01000000000000000000000111111000} {11000010000010000100000000000000} {00} {10000001} {000000} 0 1 0 0 0 1 0 0 0}
/testbench/cpu/l3/u0/leon3x0/vhdl/p0/iu/r.x.ipend:0
/testbench/cpu/l3/u0/leon3x0/vhdl/p0/iu/r.e.ldbp1:0
/testbench/cpu/l3/u0/leon3x0/vhdl/p0/iu/r.e.aluadd:1
/testbench/cpu/l3/u0/leon3x0/vhdl/p0/iu/r.d.set:0
/testbench/cpu/l3/u0/leon3x0/vhdl/p0/iu/r.d.inull:0
/testbench/cpu/l3/u0/leon3x0/vhdl/p0/iu/r.e.ldbp2:0
/testbench/cpu/l3/u0/leon3x0/vhdl/p0/iu/r.d.cnt:00
/testbench/cpu/l3/u0/leon3x0/vhdl/p0/iu/r.a.su:1
/testbench/cpu/l3/u0/leon3x0/vhdl/p0/iu/r.a.et:1
/testbench/cpu/l3/u0/leon3x0/vhdl/p0/iu/r.e.mul:0
/testbench/cpu/l3/u0/leon3x0/vhdl/p0/iu/r.e.alusel:00
/testbench/cpu/l3/u0/leon3x0/vhdl/p0/iu/r.e.aw:U
/testbench/cpu/l3/u0/leon3x0/vhdl/p0/iu/r.e.mac:0
/testbench/cpu/l3/u0/leon3x0/vhdl/p0/iu/r.a.decill:0
/testbench/cpu/l3/u0/leon3x0/vhdl/p0/iu/r.x.icc:0000
/testbench/cpu/l3/u0/leon3x0/vhdl/p0/iu/r.x.result:01000000000011111111111011011100
/testbench/cpu/l3/u0/leon3x0/vhdl/p0/iu/r.e.bp:0
/testbench/cpu/l3/u0/leon3x0/vhdl/p0/iu/r.a.rs1:00001
/testbench/cpu/l3/u0/leon3x0/vhdl/p0/iu/r.e.jmpl:0
/testbench/cpu/l3/u0/leon3x0/vhdl/p0/iu/r.a.rsel1:001
/testbench/cpu/l3/u0/leon3x0/vhdl/p0/iu/r.x.y:00000000000000000000000000000000
/testbench/cpu/l3/u0/leon3x0/vhdl/p0/iu/r.a.rsel2:101
/testbench/cpu/l3/u0/leon3x0/vhdl/p0/iu/r.a.awp:000
/testbench/cpu/l3/u0/leon3x0/vhdl/p0/iu/r.a.paw:0
/testbench/cpu/l3/u0/leon3x0/vhdl/p0/iu/r.x.data:{{01000000000000000001001001011000}}
/testbench/cpu/l3/u0/leon3x0/vhdl/p0/iu/r.m.mul:0
/testbench/cpu/l3/u0/leon3x0/vhdl/p0/iu/r.e.rd:UUUUU
/testbench/cpu/l3/u0/leon3x0/vhdl/p0/iu/r.e.invop2:0
/testbench/cpu/l3/u0/leon3x0/vhdl/p0/iu/r.m.wawp:0
/testbench/cpu/l3/u0/leon3x0/vhdl/p0/iu/r.d.cwpmax:111
/testbench/cpu/l3/u0/leon3x0/vhdl/p0/iu/r.f.branch:0
/testbench/cpu/l3/u0/leon3x0/vhdl/p0/iu/r.d.pcheld:1
/testbench/cpu/l3/u0/leon3x0/vhdl/p0/iu/r.m.dci:{0 0 0 1 0 0 {10} {00001011}}
/testbench/cpu/l3/u0/leon3x0/vhdl/p0/iu/r.e.paw:U
/testbench/cpu/l3/u0/leon3x0/vhdl/p0/iu/r.e.awp:UUU
/testbench/cpu/l3/u0/leon3x0/vhdl/p0/iu/r.e.shcnt:00100
/testbench/cpu/l3/u0/leon3x0/vhdl/p0/iu/r.w.result:01000000000000000001001001011001
/testbench/cpu/l3/u0/leon3x0/vhdl/p0/iu/r.m.mac:0
/testbench/cpu/l3/u0/leon3x0/vhdl/p0/iu/r.m.y:00000000000000000000000000000000
/testbench/cpu/l3/u0/leon3x0/vhdl/p0/iu/r.d.cwp:101
/testbench/cpu/l3/u0/leon3x0/vhdl/p0/iu/r.x.laddr:00
/testbench/cpu/l3/u0/leon3x0/vhdl/p0/iu/r.e.mulstep:0
/testbench/cpu/l3/u0/leon3x0/vhdl/p0/iu/r.e.ymsb:0
/testbench/cpu/l3/u0/leon3x0/vhdl/p0/iu/r.d.rexbuf:00000000000000000000000000000000
/testbench/cpu/l3/u0/leon3x0/vhdl/p0/iu/r.x.npc:100
/testbench/cpu/l3/u0/leon3x0/vhdl/p0/iu/r.f.pc:01000000000000000000000111111100
/testbench/cpu/l3/u0/leon3x0/vhdl/p0/iu/r.d.annul:0
/testbench/cpu/l3/u0/leon3x0/vhdl/p0/iu/r.x.rstate:run
/testbench/cpu/l3/u0/leon3x0/vhdl/p0/iu/r.x.set:0
/testbench/cpu/l3/u0/leon3x0/vhdl/p0/iu/r.m.result:01000000000000000001001001011001
/testbench/cpu/l3/u0/leon3x0/vhdl/p0/iu/r.e.icc:UUUU
/testbench/cpu/l3/u0/leon3x0/vhdl/p0/iu/r.a.getpc:0
/testbench/cpu/l3/u0/leon3x0/vhdl/p0/iu/r.a.ldchkex:1
/testbench/cpu/l3/u0/leon3x0/vhdl/p0/iu/r.x.mexc:0
/testbench/cpu/l3/u0/leon3x0/vhdl/p0/iu/r.a.mulstart:0
/testbench/cpu/l3/u0/leon3x0/vhdl/p0/iu/r.d.rexpos:10
/testbench/cpu/l3/u0/leon3x0/vhdl/p0/iu/r.x.annul_all:0
/testbench/cpu/l3/u0/leon3x0/vhdl/p0/iu/r.e.aluop:000
/testbench/cpu/l3/u0/leon3x0/vhdl/p0/iu/r.x.debug:0
/testbench/cpu/l3/u0/leon3x0/vhdl/p0/iu/r.a.rfe1:0
/testbench/cpu/l3/u0/leon3x0/vhdl/p0/iu/r.d.step:0
/testbench/cpu/l3/u0/leon3x0/vhdl/p0/iu/r.a.rfe2:0
/testbench/cpu/l3/u0/leon3x0/vhdl/p0/iu/r.e.alucin:0
/testbench/cpu/l3/u0/leon3x0/vhdl/p0/iu/r.a.wunf:0
======================================
progstatus: -2
execerr: 49
latent: 1
time limit!
>>>>>>>>>>>>>>> 2737215000
======================================
