Test signal = /testbench/cpu/l3/u0/leon3x0/vhdl/p0/iu/r.d.cwp
oldval = 111
pos1: 2 pos0: -1 posU: -1
newval = 110
Signal value: 111
oldval = 111
pos1: 2 pos0: -1 posU: -1
newval = 110
force in 1109866
584315000 >> iteration no: 0
994990000 >> iteration no: 1
1405665000 >> iteration no: 2
1690015000 >> Requesting for the AHB bus...
1690640000 >> Requesting for the AHB bus...
1691090000 >> AHB granted, starting recovery...
1710290000 >> Recovery done, continuing...
1710340000 >> Requesting for the AHB bus...
1710990000 >> Requesting for the AHB bus...
1711390000 >> AHB granted, starting recovery...
1730590000 >> Recovery done, continuing...
1730640000 >> Requesting for the AHB bus...
1731290000 >> Requesting for the AHB bus...
1731690000 >> AHB granted, starting recovery...
1750890000 >> Recovery done, continuing...
1750940000 >> Requesting for the AHB bus...
1751590000 >> Requesting for the AHB bus...
1751990000 >> AHB granted, starting recovery...
1771190000 >> Recovery done, continuing...
1771240000 >> Requesting for the AHB bus...
1771890000 >> Requesting for the AHB bus...
1772290000 >> AHB granted, starting recovery...
1791490000 >> Recovery done, continuing...
1791540000 >> Requesting for the AHB bus...
1792190000 >> Requesting for the AHB bus...
1792590000 >> AHB granted, starting recovery...
1811790000 >> Recovery done, continuing...
1811840000 >> Requesting for the AHB bus...
1812490000 >> Requesting for the AHB bus...
1812890000 >> AHB granted, starting recovery...
1832090000 >> Recovery done, continuing...
1832140000 >> Requesting for the AHB bus...
1832790000 >> Requesting for the AHB bus...
1833190000 >> AHB granted, starting recovery...
1852390000 >> Recovery done, continuing...
1852440000 >> Requesting for the AHB bus...
1853090000 >> Requesting for the AHB bus...
1853490000 >> AHB granted, starting recovery...
1872690000 >> Recovery done, continuing...
1872740000 >> Requesting for the AHB bus...
1873390000 >> Requesting for the AHB bus...
1873790000 >> AHB granted, starting recovery...
1892990000 >> Recovery done, continuing...
1893040000 >> Requesting for the AHB bus...
1893690000 >> Requesting for the AHB bus...
1894090000 >> AHB granted, starting recovery...
1913290000 >> Recovery done, continuing...
1913340000 >> Requesting for the AHB bus...
1913990000 >> Requesting for the AHB bus...
1914390000 >> AHB granted, starting recovery...
1933590000 >> Recovery done, continuing...
1933640000 >> Requesting for the AHB bus...
1934290000 >> Requesting for the AHB bus...
1934690000 >> AHB granted, starting recovery...
1953890000 >> Recovery done, continuing...
1953940000 >> Requesting for the AHB bus...
1954590000 >> Requesting for the AHB bus...
1954990000 >> AHB granted, starting recovery...
1974190000 >> Recovery done, continuing...
1974240000 >> Requesting for the AHB bus...
1974890000 >> Requesting for the AHB bus...
1975290000 >> AHB granted, starting recovery...
1994490000 >> Recovery done, continuing...
1994540000 >> Requesting for the AHB bus...
1995190000 >> Requesting for the AHB bus...
1995590000 >> AHB granted, starting recovery...
2014790000 >> Recovery done, continuing...
2014840000 >> Requesting for the AHB bus...
2015490000 >> Requesting for the AHB bus...
2015890000 >> AHB granted, starting recovery...
2035090000 >> Recovery done, continuing...
2035140000 >> Requesting for the AHB bus...
2035790000 >> Requesting for the AHB bus...
2036190000 >> AHB granted, starting recovery...
2055390000 >> Recovery done, continuing...
2055440000 >> Requesting for the AHB bus...
2056090000 >> Requesting for the AHB bus...
2056490000 >> AHB granted, starting recovery...
2075690000 >> Recovery done, continuing...
2075740000 >> Requesting for the AHB bus...
2076390000 >> Requesting for the AHB bus...
2076790000 >> AHB granted, starting recovery...
2095990000 >> Recovery done, continuing...
2096040000 >> Requesting for the AHB bus...
2096690000 >> Requesting for the AHB bus...
2097090000 >> AHB granted, starting recovery...
2116290000 >> Recovery done, continuing...
2116340000 >> Requesting for the AHB bus...
2116990000 >> Requesting for the AHB bus...
2117390000 >> AHB granted, starting recovery...
2136590000 >> Recovery done, continuing...
2136640000 >> Requesting for the AHB bus...
2137290000 >> Requesting for the AHB bus...
2137690000 >> AHB granted, starting recovery...
2156890000 >> Recovery done, continuing...
2156940000 >> Requesting for the AHB bus...
2157765000 >> Requesting for the AHB bus...
2158165000 >> AHB granted, starting recovery...
2177365000 >> Recovery done, continuing...
2177415000 >> Requesting for the AHB bus...
2178065000 >> Requesting for the AHB bus...
2178465000 >> AHB granted, starting recovery...
2197665000 >> Recovery done, continuing...
2197715000 >> Requesting for the AHB bus...
2198365000 >> Requesting for the AHB bus...
2198765000 >> AHB granted, starting recovery...
2217965000 >> Recovery done, continuing...
2218015000 >> Requesting for the AHB bus...
2218665000 >> Requesting for the AHB bus...
2219065000 >> AHB granted, starting recovery...
2238265000 >> Recovery done, continuing...
2238315000 >> Requesting for the AHB bus...
2238965000 >> Requesting for the AHB bus...
2239365000 >> AHB granted, starting recovery...
2258565000 >> Recovery done, continuing...
2258615000 >> Requesting for the AHB bus...
2259265000 >> Requesting for the AHB bus...
2259665000 >> AHB granted, starting recovery...
2278865000 >> Recovery done, continuing...
2278915000 >> Requesting for the AHB bus...
2279565000 >> Requesting for the AHB bus...
2279965000 >> AHB granted, starting recovery...
2299165000 >> Recovery done, continuing...
2299215000 >> Requesting for the AHB bus...
2299865000 >> Requesting for the AHB bus...
2300265000 >> AHB granted, starting recovery...
2319465000 >> Recovery done, continuing...
2319515000 >> Requesting for the AHB bus...
2320165000 >> Requesting for the AHB bus...
2320565000 >> AHB granted, starting recovery...
2339765000 >> Recovery done, continuing...
2339815000 >> Requesting for the AHB bus...
2340465000 >> Requesting for the AHB bus...
2340865000 >> AHB granted, starting recovery...
2360065000 >> Recovery done, continuing...
2360115000 >> Requesting for the AHB bus...
2360765000 >> Requesting for the AHB bus...
2361165000 >> AHB granted, starting recovery...
2380365000 >> Recovery done, continuing...
2380415000 >> Requesting for the AHB bus...
2381065000 >> Requesting for the AHB bus...
2381465000 >> AHB granted, starting recovery...
2400665000 >> Recovery done, continuing...
2400715000 >> Requesting for the AHB bus...
2401365000 >> Requesting for the AHB bus...
2401765000 >> AHB granted, starting recovery...
2420965000 >> Recovery done, continuing...
2421015000 >> Requesting for the AHB bus...
2421665000 >> Requesting for the AHB bus...
2422065000 >> AHB granted, starting recovery...
2441265000 >> Recovery done, continuing...
2441315000 >> Requesting for the AHB bus...
2441965000 >> Requesting for the AHB bus...
2442365000 >> AHB granted, starting recovery...
2461565000 >> Recovery done, continuing...
2461615000 >> Requesting for the AHB bus...
2462265000 >> Requesting for the AHB bus...
2462665000 >> AHB granted, starting recovery...
2481865000 >> Recovery done, continuing...
2481915000 >> Requesting for the AHB bus...
2482565000 >> Requesting for the AHB bus...
2482965000 >> AHB granted, starting recovery...
2502165000 >> Recovery done, continuing...
2502215000 >> Requesting for the AHB bus...
2502865000 >> Requesting for the AHB bus...
2503265000 >> AHB granted, starting recovery...
2522465000 >> Recovery done, continuing...
2522515000 >> Requesting for the AHB bus...
2523165000 >> Requesting for the AHB bus...
2523565000 >> AHB granted, starting recovery...
2542765000 >> Recovery done, continuing...
2542815000 >> Requesting for the AHB bus...
2543465000 >> Requesting for the AHB bus...
2543865000 >> AHB granted, starting recovery...
2563065000 >> Recovery done, continuing...
2563115000 >> Requesting for the AHB bus...
2563765000 >> Requesting for the AHB bus...
2564165000 >> AHB granted, starting recovery...
2583365000 >> Recovery done, continuing...
2583415000 >> Requesting for the AHB bus...
2584065000 >> Requesting for the AHB bus...
2584465000 >> AHB granted, starting recovery...
2603665000 >> Recovery done, continuing...
2603715000 >> Requesting for the AHB bus...
2604365000 >> Requesting for the AHB bus...
2604765000 >> AHB granted, starting recovery...
2623965000 >> Recovery done, continuing...
2624015000 >> Requesting for the AHB bus...
2624840000 >> Requesting for the AHB bus...
2625240000 >> AHB granted, starting recovery...
2644440000 >> Recovery done, continuing...
2644490000 >> Requesting for the AHB bus...
2645140000 >> Requesting for the AHB bus...
2645540000 >> AHB granted, starting recovery...
2664740000 >> Recovery done, continuing...
2664790000 >> Requesting for the AHB bus...
2665440000 >> Requesting for the AHB bus...
2665840000 >> AHB granted, starting recovery...
2685040000 >> Recovery done, continuing...
2685090000 >> Requesting for the AHB bus...
2685740000 >> Requesting for the AHB bus...
2686140000 >> AHB granted, starting recovery...
2705340000 >> Recovery done, continuing...
2705390000 >> Requesting for the AHB bus...
2706040000 >> Requesting for the AHB bus...
2706440000 >> AHB granted, starting recovery...
2725640000 >> Recovery done, continuing...
2725690000 >> Requesting for the AHB bus...
2726340000 >> Requesting for the AHB bus...
2726740000 >> AHB granted, starting recovery...
2737215000 >> time limit reached...
/testbench/cpu/l3/u0/leon3x0/vhdl/p0/iu/r.w.wreg:1
/testbench/cpu/l3/u0/leon3x0/vhdl/p0/iu/r.m.irqen:1
/testbench/cpu/l3/u0/leon3x0/vhdl/p0/iu/r.m.icc:0000
/testbench/cpu/l3/u0/leon3x0/vhdl/p0/iu/r.a.ticc:0
/testbench/cpu/l3/u0/leon3x0/vhdl/p0/iu/r.a.step:0
/testbench/cpu/l3/u0/leon3x0/vhdl/p0/iu/r.m.irqen2:1
/testbench/cpu/l3/u0/leon3x0/vhdl/p0/iu/r.d.pc:01000000000000000000000111101100
/testbench/cpu/l3/u0/leon3x0/vhdl/p0/iu/r.d.rexpl:{{00000000000000000000000000000000} {00} {0} 0 0 {0000000000000000000} 0 0 0 0 0 0}
/testbench/cpu/l3/u0/leon3x0/vhdl/p0/iu/r.d.mexc:0
/testbench/cpu/l3/u0/leon3x0/vhdl/p0/iu/r.a.aw:0
/testbench/cpu/l3/u0/leon3x0/vhdl/p0/iu/r.e.ctrl:{{01000000000000000000000111101000} {11000010000001111010000001000100} {00} {10000001} {000000} 0 0 1 0 0 1 1 0 0}
/testbench/cpu/l3/u0/leon3x0/vhdl/p0/iu/r.a.divstart:0
/testbench/cpu/l3/u0/leon3x0/vhdl/p0/iu/r.e.shleft:0
/testbench/cpu/l3/u0/leon3x0/vhdl/p0/iu/r.a.bp:0
/testbench/cpu/l3/u0/leon3x0/vhdl/p0/iu/r.w.twcwp:000
/testbench/cpu/l3/u0/leon3x0/vhdl/p0/iu/r.a.jmpl:0
/testbench/cpu/l3/u0/leon3x0/vhdl/p0/iu/r.m.casa:0
/testbench/cpu/l3/u0/leon3x0/vhdl/p0/iu/r.m.werr:0
/testbench/cpu/l3/u0/leon3x0/vhdl/p0/iu/r.e.su:1
/testbench/cpu/l3/u0/leon3x0/vhdl/p0/iu/r.e.et:1
/testbench/cpu/l3/u0/leon3x0/vhdl/p0/iu/r.a.ldcheck1:1
/testbench/cpu/l3/u0/leon3x0/vhdl/p0/iu/r.d.stwin:000
/testbench/cpu/l3/u0/leon3x0/vhdl/p0/iu/r.a.ldcheck2:0
/testbench/cpu/l3/u0/leon3x0/vhdl/p0/iu/r.x.intack:0
/testbench/cpu/l3/u0/leon3x0/vhdl/p0/iu/r.m.ctrl:{{01000000000000000000000111100100} {11000010001001111011111111111100} {01} {10000001} {000000} 0 0 0 0 0 0 0 0 0}
/testbench/cpu/l3/u0/leon3x0/vhdl/p0/iu/r.a.cwp:110
/testbench/cpu/l3/u0/leon3x0/vhdl/p0/iu/r.e.sari:0
/testbench/cpu/l3/u0/leon3x0/vhdl/p0/iu/r.d.paw:0
/testbench/cpu/l3/u0/leon3x0/vhdl/p0/iu/r.d.aw:0
/testbench/cpu/l3/u0/leon3x0/vhdl/p0/iu/r.d.awp:000
/testbench/cpu/l3/u0/leon3x0/vhdl/p0/iu/r.x.ctrl:{{01000000000000000000000111100100} {11000010001001111011111111111100} {00} {10000001} {000000} 0 0 0 0 0 0 1 0 0}
/testbench/cpu/l3/u0/leon3x0/vhdl/p0/iu/r.m.rexnalign:0
/testbench/cpu/l3/u0/leon3x0/vhdl/p0/iu/r.m.su:1
/testbench/cpu/l3/u0/leon3x0/vhdl/p0/iu/r.m.wcwp:0
/testbench/cpu/l3/u0/leon3x0/vhdl/p0/iu/r.d.divrdy:0
/testbench/cpu/l3/u0/leon3x0/vhdl/p0/iu/r.e.cwp:110
/testbench/cpu/l3/u0/leon3x0/vhdl/p0/iu/r.w.except:0
/testbench/cpu/l3/u0/leon3x0/vhdl/p0/iu/r.x.nerror:0
/testbench/cpu/l3/u0/leon3x0/vhdl/p0/iu/r.a.bpimiss:0
/testbench/cpu/l3/u0/leon3x0/vhdl/p0/iu/r.a.nobp:0
/testbench/cpu/l3/u0/leon3x0/vhdl/p0/iu/r.d.rexcnt:0
/testbench/cpu/l3/u0/leon3x0/vhdl/p0/iu/r.w.s:{{101} {0000} {00000000} {01000000000000000000} {00000010} {0000} 0 0 1 1 1 {00000000000000000000000000000000} {UUUUUUUUUUUUUUUUUUUUUUUUUUUUUUUU} 1 0 0 1 1 1 0 0 {000} {000} {111}}
/testbench/cpu/l3/u0/leon3x0/vhdl/p0/iu/r.d.pv:1
/testbench/cpu/l3/u0/leon3x0/vhdl/p0/iu/r.a.ldchkra:1
/testbench/cpu/l3/u0/leon3x0/vhdl/p0/iu/r.a.rfa1:10000001
/testbench/cpu/l3/u0/leon3x0/vhdl/p0/iu/r.a.rfa2:10000001
/testbench/cpu/l3/u0/leon3x0/vhdl/p0/iu/r.a.imm:00000000000000000000000000000001
/testbench/cpu/l3/u0/leon3x0/vhdl/p0/iu/r.w.wa:10000001
/testbench/cpu/l3/u0/leon3x0/vhdl/p0/iu/r.m.casaz:0
/testbench/cpu/l3/u0/leon3x0/vhdl/p0/iu/r.x.dci:{0 1 0 0 0 0 {10} {00001011}}
/testbench/cpu/l3/u0/leon3x0/vhdl/p0/iu/r.x.mac:0
/testbench/cpu/l3/u0/leon3x0/vhdl/p0/iu/r.m.divz:0
/testbench/cpu/l3/u0/leon3x0/vhdl/p0/iu/r.d.inst:{{10000010000000000110000000000001}}
/testbench/cpu/l3/u0/leon3x0/vhdl/p0/iu/r.e.rfe1:1
/testbench/cpu/l3/u0/leon3x0/vhdl/p0/iu/r.a.wovf:0
/testbench/cpu/l3/u0/leon3x0/vhdl/p0/iu/r.e.rfe2:0
/testbench/cpu/l3/u0/leon3x0/vhdl/p0/iu/r.e.op1:01000000000011111111111100000000
/testbench/cpu/l3/u0/leon3x0/vhdl/p0/iu/r.m.nalign:1
/testbench/cpu/l3/u0/leon3x0/vhdl/p0/iu/r.e.op2:00000000000000000000000001000100
/testbench/cpu/l3/u0/leon3x0/vhdl/p0/iu/r.d.rexen:0
/testbench/cpu/l3/u0/leon3x0/vhdl/p0/iu/r.a.ctrl:{{01000000000000000000000111101100} {10000010000000000110000000000001} {00} {10000001} {000000} 0 1 0 0 0 0 0 0 0}
/testbench/cpu/l3/u0/leon3x0/vhdl/p0/iu/r.x.ipend:0
/testbench/cpu/l3/u0/leon3x0/vhdl/p0/iu/r.e.ldbp1:0
/testbench/cpu/l3/u0/leon3x0/vhdl/p0/iu/r.e.aluadd:1
/testbench/cpu/l3/u0/leon3x0/vhdl/p0/iu/r.d.set:0
/testbench/cpu/l3/u0/leon3x0/vhdl/p0/iu/r.d.inull:0
/testbench/cpu/l3/u0/leon3x0/vhdl/p0/iu/r.e.ldbp2:0
/testbench/cpu/l3/u0/leon3x0/vhdl/p0/iu/r.d.cnt:00
/testbench/cpu/l3/u0/leon3x0/vhdl/p0/iu/r.a.su:1
/testbench/cpu/l3/u0/leon3x0/vhdl/p0/iu/r.a.et:1
/testbench/cpu/l3/u0/leon3x0/vhdl/p0/iu/r.e.mul:0
/testbench/cpu/l3/u0/leon3x0/vhdl/p0/iu/r.e.alusel:00
/testbench/cpu/l3/u0/leon3x0/vhdl/p0/iu/r.e.aw:U
/testbench/cpu/l3/u0/leon3x0/vhdl/p0/iu/r.e.mac:0
/testbench/cpu/l3/u0/leon3x0/vhdl/p0/iu/r.a.decill:0
/testbench/cpu/l3/u0/leon3x0/vhdl/p0/iu/r.x.icc:0000
/testbench/cpu/l3/u0/leon3x0/vhdl/p0/iu/r.x.result:01000000000011111111111011111100
/testbench/cpu/l3/u0/leon3x0/vhdl/p0/iu/r.e.bp:0
/testbench/cpu/l3/u0/leon3x0/vhdl/p0/iu/r.a.rs1:00001
/testbench/cpu/l3/u0/leon3x0/vhdl/p0/iu/r.e.jmpl:0
/testbench/cpu/l3/u0/leon3x0/vhdl/p0/iu/r.a.rsel1:001
/testbench/cpu/l3/u0/leon3x0/vhdl/p0/iu/r.x.y:00000000000000000000000000000000
/testbench/cpu/l3/u0/leon3x0/vhdl/p0/iu/r.a.rsel2:100
/testbench/cpu/l3/u0/leon3x0/vhdl/p0/iu/r.a.awp:000
/testbench/cpu/l3/u0/leon3x0/vhdl/p0/iu/r.a.paw:0
/testbench/cpu/l3/u0/leon3x0/vhdl/p0/iu/r.x.data:{{00000000000000000000000001101000}}
/testbench/cpu/l3/u0/leon3x0/vhdl/p0/iu/r.m.mul:0
/testbench/cpu/l3/u0/leon3x0/vhdl/p0/iu/r.e.rd:UUUUU
/testbench/cpu/l3/u0/leon3x0/vhdl/p0/iu/r.e.invop2:0
/testbench/cpu/l3/u0/leon3x0/vhdl/p0/iu/r.m.wawp:0
/testbench/cpu/l3/u0/leon3x0/vhdl/p0/iu/r.d.cwpmax:111
/testbench/cpu/l3/u0/leon3x0/vhdl/p0/iu/r.f.branch:0
/testbench/cpu/l3/u0/leon3x0/vhdl/p0/iu/r.d.pcheld:1
/testbench/cpu/l3/u0/leon3x0/vhdl/p0/iu/r.m.dci:{0 0 0 1 0 0 {10} {00001011}}
/testbench/cpu/l3/u0/leon3x0/vhdl/p0/iu/r.e.paw:U
/testbench/cpu/l3/u0/leon3x0/vhdl/p0/iu/r.e.awp:UUU
/testbench/cpu/l3/u0/leon3x0/vhdl/p0/iu/r.e.shcnt:00100
/testbench/cpu/l3/u0/leon3x0/vhdl/p0/iu/r.w.result:00000000000000000000000001011001
/testbench/cpu/l3/u0/leon3x0/vhdl/p0/iu/r.m.mac:0
/testbench/cpu/l3/u0/leon3x0/vhdl/p0/iu/r.m.y:00000000000000000000000000000000
/testbench/cpu/l3/u0/leon3x0/vhdl/p0/iu/r.d.cwp:110
/testbench/cpu/l3/u0/leon3x0/vhdl/p0/iu/r.x.laddr:00
/testbench/cpu/l3/u0/leon3x0/vhdl/p0/iu/r.e.mulstep:0
/testbench/cpu/l3/u0/leon3x0/vhdl/p0/iu/r.e.ymsb:0
/testbench/cpu/l3/u0/leon3x0/vhdl/p0/iu/r.d.rexbuf:00000000000000000000000000000000
/testbench/cpu/l3/u0/leon3x0/vhdl/p0/iu/r.x.npc:100
/testbench/cpu/l3/u0/leon3x0/vhdl/p0/iu/r.f.pc:01000000000000000000000111110000
/testbench/cpu/l3/u0/leon3x0/vhdl/p0/iu/r.d.annul:0
/testbench/cpu/l3/u0/leon3x0/vhdl/p0/iu/r.x.rstate:run
/testbench/cpu/l3/u0/leon3x0/vhdl/p0/iu/r.x.set:0
/testbench/cpu/l3/u0/leon3x0/vhdl/p0/iu/r.m.result:00000000000000000000000001011001
/testbench/cpu/l3/u0/leon3x0/vhdl/p0/iu/r.e.icc:UUUU
/testbench/cpu/l3/u0/leon3x0/vhdl/p0/iu/r.a.getpc:0
/testbench/cpu/l3/u0/leon3x0/vhdl/p0/iu/r.a.ldchkex:1
/testbench/cpu/l3/u0/leon3x0/vhdl/p0/iu/r.x.mexc:0
/testbench/cpu/l3/u0/leon3x0/vhdl/p0/iu/r.a.mulstart:0
/testbench/cpu/l3/u0/leon3x0/vhdl/p0/iu/r.d.rexpos:10
/testbench/cpu/l3/u0/leon3x0/vhdl/p0/iu/r.x.annul_all:0
/testbench/cpu/l3/u0/leon3x0/vhdl/p0/iu/r.e.aluop:000
/testbench/cpu/l3/u0/leon3x0/vhdl/p0/iu/r.x.debug:0
/testbench/cpu/l3/u0/leon3x0/vhdl/p0/iu/r.a.rfe1:0
/testbench/cpu/l3/u0/leon3x0/vhdl/p0/iu/r.d.step:0
/testbench/cpu/l3/u0/leon3x0/vhdl/p0/iu/r.a.rfe2:0
/testbench/cpu/l3/u0/leon3x0/vhdl/p0/iu/r.e.alucin:0
/testbench/cpu/l3/u0/leon3x0/vhdl/p0/iu/r.a.wunf:0
======================================
progstatus: -2
execerr: 52
latent: 1
time limit!
>>>>>>>>>>>>>>> 2737215000
======================================
