Test signal = /testbench/cpu/l3/u0/leon3x0/vhdl/p0/iu/r.m.wcwp
oldval = 0
pos1: -1 pos0: 0 posU: -1
newval = 1
Signal value: 0
oldval = 0
pos1: -1 pos0: 0 posU: -1
newval = 1
force in 83378
584315000 >> iteration no: 0
663390000 >> Requesting for the AHB bus...
663840000 >> Requesting for the AHB bus...
664290000 >> AHB granted, starting recovery...
683490000 >> Recovery done, continuing...
683540000 >> Requesting for the AHB bus...
684190000 >> Requesting for the AHB bus...
684590000 >> AHB granted, starting recovery...
703790000 >> Recovery done, continuing...
703840000 >> Requesting for the AHB bus...
704490000 >> Requesting for the AHB bus...
704890000 >> AHB granted, starting recovery...
724090000 >> Recovery done, continuing...
724140000 >> Requesting for the AHB bus...
724790000 >> Requesting for the AHB bus...
725190000 >> AHB granted, starting recovery...
744390000 >> Recovery done, continuing...
744440000 >> Requesting for the AHB bus...
745090000 >> Requesting for the AHB bus...
745490000 >> AHB granted, starting recovery...
764690000 >> Recovery done, continuing...
764740000 >> Requesting for the AHB bus...
765390000 >> Requesting for the AHB bus...
765790000 >> AHB granted, starting recovery...
784990000 >> Recovery done, continuing...
785040000 >> Requesting for the AHB bus...
785690000 >> Requesting for the AHB bus...
786090000 >> AHB granted, starting recovery...
805290000 >> Recovery done, continuing...
805340000 >> Requesting for the AHB bus...
805990000 >> Requesting for the AHB bus...
806390000 >> AHB granted, starting recovery...
825590000 >> Recovery done, continuing...
825640000 >> Requesting for the AHB bus...
826465000 >> Requesting for the AHB bus...
826865000 >> AHB granted, starting recovery...
846065000 >> Recovery done, continuing...
846115000 >> Requesting for the AHB bus...
846765000 >> Requesting for the AHB bus...
847165000 >> AHB granted, starting recovery...
866365000 >> Recovery done, continuing...
866415000 >> Requesting for the AHB bus...
867065000 >> Requesting for the AHB bus...
867465000 >> AHB granted, starting recovery...
886665000 >> Recovery done, continuing...
886715000 >> Requesting for the AHB bus...
887365000 >> Requesting for the AHB bus...
887765000 >> AHB granted, starting recovery...
906965000 >> Recovery done, continuing...
907015000 >> Requesting for the AHB bus...
907665000 >> Requesting for the AHB bus...
908065000 >> AHB granted, starting recovery...
927265000 >> Recovery done, continuing...
927315000 >> Requesting for the AHB bus...
927965000 >> Requesting for the AHB bus...
928365000 >> AHB granted, starting recovery...
947565000 >> Recovery done, continuing...
947615000 >> Requesting for the AHB bus...
948340000 >> Requesting for the AHB bus...
948740000 >> AHB granted, starting recovery...
967940000 >> Recovery done, continuing...
967990000 >> Requesting for the AHB bus...
968640000 >> Requesting for the AHB bus...
969040000 >> AHB granted, starting recovery...
988240000 >> Recovery done, continuing...
988290000 >> Requesting for the AHB bus...
988940000 >> Requesting for the AHB bus...
989340000 >> AHB granted, starting recovery...
1008540000 >> Recovery done, continuing...
1008590000 >> Requesting for the AHB bus...
1009240000 >> Requesting for the AHB bus...
1009640000 >> AHB granted, starting recovery...
1028840000 >> Recovery done, continuing...
1028890000 >> Requesting for the AHB bus...
1029540000 >> Requesting for the AHB bus...
1029940000 >> AHB granted, starting recovery...
1049140000 >> Recovery done, continuing...
1049190000 >> Requesting for the AHB bus...
1049840000 >> Requesting for the AHB bus...
1050240000 >> AHB granted, starting recovery...
1069440000 >> Recovery done, continuing...
1069490000 >> Requesting for the AHB bus...
1070140000 >> Requesting for the AHB bus...
1070540000 >> AHB granted, starting recovery...
1089740000 >> Recovery done, continuing...
1089790000 >> Requesting for the AHB bus...
1090440000 >> Requesting for the AHB bus...
1090840000 >> AHB granted, starting recovery...
1110040000 >> Recovery done, continuing...
1110090000 >> Requesting for the AHB bus...
1110740000 >> Requesting for the AHB bus...
1111140000 >> AHB granted, starting recovery...
1130340000 >> Recovery done, continuing...
1130390000 >> Requesting for the AHB bus...
1131040000 >> Requesting for the AHB bus...
1131440000 >> AHB granted, starting recovery...
1150640000 >> Recovery done, continuing...
1150690000 >> Requesting for the AHB bus...
1151340000 >> Requesting for the AHB bus...
1151740000 >> AHB granted, starting recovery...
1170940000 >> Recovery done, continuing...
1170990000 >> Requesting for the AHB bus...
1171640000 >> Requesting for the AHB bus...
1172040000 >> AHB granted, starting recovery...
1191240000 >> Recovery done, continuing...
1191290000 >> Requesting for the AHB bus...
1191940000 >> Requesting for the AHB bus...
1192340000 >> AHB granted, starting recovery...
1211540000 >> Recovery done, continuing...
1211590000 >> Requesting for the AHB bus...
1212240000 >> Requesting for the AHB bus...
1212640000 >> AHB granted, starting recovery...
1231840000 >> Recovery done, continuing...
1231890000 >> Requesting for the AHB bus...
1232540000 >> Requesting for the AHB bus...
1232940000 >> AHB granted, starting recovery...
1252140000 >> Recovery done, continuing...
1252190000 >> Requesting for the AHB bus...
1252840000 >> Requesting for the AHB bus...
1253240000 >> AHB granted, starting recovery...
1272440000 >> Recovery done, continuing...
1272490000 >> Requesting for the AHB bus...
1273140000 >> Requesting for the AHB bus...
1273540000 >> AHB granted, starting recovery...
1292740000 >> Recovery done, continuing...
1292790000 >> Requesting for the AHB bus...
1293615000 >> Requesting for the AHB bus...
1294015000 >> AHB granted, starting recovery...
1313215000 >> Recovery done, continuing...
1313265000 >> Requesting for the AHB bus...
1313915000 >> Requesting for the AHB bus...
1314315000 >> AHB granted, starting recovery...
1333515000 >> Recovery done, continuing...
1333565000 >> Requesting for the AHB bus...
1334215000 >> Requesting for the AHB bus...
1334615000 >> AHB granted, starting recovery...
1353815000 >> Recovery done, continuing...
1353865000 >> Requesting for the AHB bus...
1354515000 >> Requesting for the AHB bus...
1354915000 >> AHB granted, starting recovery...
1374115000 >> Recovery done, continuing...
1374165000 >> Requesting for the AHB bus...
1374815000 >> Requesting for the AHB bus...
1375215000 >> AHB granted, starting recovery...
1394415000 >> Recovery done, continuing...
1394465000 >> Requesting for the AHB bus...
1395115000 >> Requesting for the AHB bus...
1395515000 >> AHB granted, starting recovery...
1414715000 >> Recovery done, continuing...
1414765000 >> Requesting for the AHB bus...
1415540000 >> Requesting for the AHB bus...
1415940000 >> AHB granted, starting recovery...
1435140000 >> Recovery done, continuing...
1435190000 >> Requesting for the AHB bus...
1435840000 >> Requesting for the AHB bus...
1436240000 >> AHB granted, starting recovery...
1455440000 >> Recovery done, continuing...
1455490000 >> Requesting for the AHB bus...
1456140000 >> Requesting for the AHB bus...
1456540000 >> AHB granted, starting recovery...
1475740000 >> Recovery done, continuing...
1475790000 >> Requesting for the AHB bus...
1476440000 >> Requesting for the AHB bus...
1476840000 >> AHB granted, starting recovery...
1496040000 >> Recovery done, continuing...
1496090000 >> Requesting for the AHB bus...
1496740000 >> Requesting for the AHB bus...
1497140000 >> AHB granted, starting recovery...
1516340000 >> Recovery done, continuing...
1516390000 >> Requesting for the AHB bus...
1517040000 >> Requesting for the AHB bus...
1517440000 >> AHB granted, starting recovery...
1536640000 >> Recovery done, continuing...
1536690000 >> Requesting for the AHB bus...
1537340000 >> Requesting for the AHB bus...
1537740000 >> AHB granted, starting recovery...
1556940000 >> Recovery done, continuing...
1556990000 >> Requesting for the AHB bus...
1557640000 >> Requesting for the AHB bus...
1558040000 >> AHB granted, starting recovery...
1577240000 >> Recovery done, continuing...
1577290000 >> Requesting for the AHB bus...
1577940000 >> Requesting for the AHB bus...
1578340000 >> AHB granted, starting recovery...
1597540000 >> Recovery done, continuing...
1597590000 >> Requesting for the AHB bus...
1598240000 >> Requesting for the AHB bus...
1598640000 >> AHB granted, starting recovery...
1617840000 >> Recovery done, continuing...
1617890000 >> Requesting for the AHB bus...
1618540000 >> Requesting for the AHB bus...
1618940000 >> AHB granted, starting recovery...
1638140000 >> Recovery done, continuing...
1638190000 >> Requesting for the AHB bus...
1638840000 >> Requesting for the AHB bus...
1639240000 >> AHB granted, starting recovery...
1658440000 >> Recovery done, continuing...
1658490000 >> Requesting for the AHB bus...
1659140000 >> Requesting for the AHB bus...
1659540000 >> AHB granted, starting recovery...
1678740000 >> Recovery done, continuing...
1678790000 >> Requesting for the AHB bus...
1679440000 >> Requesting for the AHB bus...
1679840000 >> AHB granted, starting recovery...
1699040000 >> Recovery done, continuing...
1699090000 >> Requesting for the AHB bus...
1699740000 >> Requesting for the AHB bus...
1700140000 >> AHB granted, starting recovery...
1719340000 >> Recovery done, continuing...
1719390000 >> Requesting for the AHB bus...
1720040000 >> Requesting for the AHB bus...
1720440000 >> AHB granted, starting recovery...
1739640000 >> Recovery done, continuing...
1739690000 >> Requesting for the AHB bus...
1740340000 >> Requesting for the AHB bus...
1740740000 >> AHB granted, starting recovery...
1759940000 >> Recovery done, continuing...
1759990000 >> Requesting for the AHB bus...
1760815000 >> Requesting for the AHB bus...
1761215000 >> AHB granted, starting recovery...
1780415000 >> Recovery done, continuing...
1780465000 >> Requesting for the AHB bus...
1781115000 >> Requesting for the AHB bus...
1781515000 >> AHB granted, starting recovery...
1800715000 >> Recovery done, continuing...
1800765000 >> Requesting for the AHB bus...
1801415000 >> Requesting for the AHB bus...
1801815000 >> AHB granted, starting recovery...
1821015000 >> Recovery done, continuing...
1821065000 >> Requesting for the AHB bus...
1821715000 >> Requesting for the AHB bus...
1822115000 >> AHB granted, starting recovery...
1841315000 >> Recovery done, continuing...
1841365000 >> Requesting for the AHB bus...
1842015000 >> Requesting for the AHB bus...
1842415000 >> AHB granted, starting recovery...
1861615000 >> Recovery done, continuing...
1861665000 >> Requesting for the AHB bus...
1862315000 >> Requesting for the AHB bus...
1862715000 >> AHB granted, starting recovery...
1881915000 >> Recovery done, continuing...
1881965000 >> Requesting for the AHB bus...
1882740000 >> Requesting for the AHB bus...
1883140000 >> AHB granted, starting recovery...
1902340000 >> Recovery done, continuing...
1902390000 >> Requesting for the AHB bus...
1903040000 >> Requesting for the AHB bus...
1903440000 >> AHB granted, starting recovery...
1922640000 >> Recovery done, continuing...
1922690000 >> Requesting for the AHB bus...
1923340000 >> Requesting for the AHB bus...
1923740000 >> AHB granted, starting recovery...
1942940000 >> Recovery done, continuing...
1942990000 >> Requesting for the AHB bus...
1943640000 >> Requesting for the AHB bus...
1944040000 >> AHB granted, starting recovery...
1963240000 >> Recovery done, continuing...
1963290000 >> Requesting for the AHB bus...
1963940000 >> Requesting for the AHB bus...
1964340000 >> AHB granted, starting recovery...
1983540000 >> Recovery done, continuing...
1983590000 >> Requesting for the AHB bus...
1984240000 >> Requesting for the AHB bus...
1984640000 >> AHB granted, starting recovery...
2003840000 >> Recovery done, continuing...
2003890000 >> Requesting for the AHB bus...
2004540000 >> Requesting for the AHB bus...
2004940000 >> AHB granted, starting recovery...
2024140000 >> Recovery done, continuing...
2024190000 >> Requesting for the AHB bus...
2024840000 >> Requesting for the AHB bus...
2025240000 >> AHB granted, starting recovery...
2044440000 >> Recovery done, continuing...
2044490000 >> Requesting for the AHB bus...
2045140000 >> Requesting for the AHB bus...
2045540000 >> AHB granted, starting recovery...
2064740000 >> Recovery done, continuing...
2064790000 >> Requesting for the AHB bus...
2065440000 >> Requesting for the AHB bus...
2065840000 >> AHB granted, starting recovery...
2085040000 >> Recovery done, continuing...
2085090000 >> Requesting for the AHB bus...
2085740000 >> Requesting for the AHB bus...
2086140000 >> AHB granted, starting recovery...
2105340000 >> Recovery done, continuing...
2105390000 >> Requesting for the AHB bus...
2106040000 >> Requesting for the AHB bus...
2106440000 >> AHB granted, starting recovery...
2125640000 >> Recovery done, continuing...
2125690000 >> Requesting for the AHB bus...
2126340000 >> Requesting for the AHB bus...
2126740000 >> AHB granted, starting recovery...
2145940000 >> Recovery done, continuing...
2145990000 >> Requesting for the AHB bus...
2146640000 >> Requesting for the AHB bus...
2147040000 >> AHB granted, starting recovery...
2166240000 >> Recovery done, continuing...
2166290000 >> Requesting for the AHB bus...
2166940000 >> Requesting for the AHB bus...
2167340000 >> AHB granted, starting recovery...
2186540000 >> Recovery done, continuing...
2186590000 >> Requesting for the AHB bus...
2187240000 >> Requesting for the AHB bus...
2187640000 >> AHB granted, starting recovery...
2206840000 >> Recovery done, continuing...
2206890000 >> Requesting for the AHB bus...
2207540000 >> Requesting for the AHB bus...
2207940000 >> AHB granted, starting recovery...
2227140000 >> Recovery done, continuing...
2227190000 >> Requesting for the AHB bus...
2228015000 >> Requesting for the AHB bus...
2228415000 >> AHB granted, starting recovery...
2247615000 >> Recovery done, continuing...
2247665000 >> Requesting for the AHB bus...
2248315000 >> Requesting for the AHB bus...
2248715000 >> AHB granted, starting recovery...
2267915000 >> Recovery done, continuing...
2267965000 >> Requesting for the AHB bus...
2268615000 >> Requesting for the AHB bus...
2269015000 >> AHB granted, starting recovery...
2288215000 >> Recovery done, continuing...
2288265000 >> Requesting for the AHB bus...
2288915000 >> Requesting for the AHB bus...
2289315000 >> AHB granted, starting recovery...
2308515000 >> Recovery done, continuing...
2308565000 >> Requesting for the AHB bus...
2309215000 >> Requesting for the AHB bus...
2309615000 >> AHB granted, starting recovery...
2328815000 >> Recovery done, continuing...
2328865000 >> Requesting for the AHB bus...
2329515000 >> Requesting for the AHB bus...
2329915000 >> AHB granted, starting recovery...
2349115000 >> Recovery done, continuing...
2349165000 >> Requesting for the AHB bus...
2349940000 >> Requesting for the AHB bus...
2350340000 >> AHB granted, starting recovery...
2369540000 >> Recovery done, continuing...
2369590000 >> Requesting for the AHB bus...
2370240000 >> Requesting for the AHB bus...
2370640000 >> AHB granted, starting recovery...
2389840000 >> Recovery done, continuing...
2389890000 >> Requesting for the AHB bus...
2390540000 >> Requesting for the AHB bus...
2390940000 >> AHB granted, starting recovery...
2410140000 >> Recovery done, continuing...
2410190000 >> Requesting for the AHB bus...
2410840000 >> Requesting for the AHB bus...
2411240000 >> AHB granted, starting recovery...
2430440000 >> Recovery done, continuing...
2430490000 >> Requesting for the AHB bus...
2431140000 >> Requesting for the AHB bus...
2431540000 >> AHB granted, starting recovery...
2450740000 >> Recovery done, continuing...
2450790000 >> Requesting for the AHB bus...
2451440000 >> Requesting for the AHB bus...
2451840000 >> AHB granted, starting recovery...
2471040000 >> Recovery done, continuing...
2471090000 >> Requesting for the AHB bus...
2471740000 >> Requesting for the AHB bus...
2472140000 >> AHB granted, starting recovery...
2491340000 >> Recovery done, continuing...
2491390000 >> Requesting for the AHB bus...
2492040000 >> Requesting for the AHB bus...
2492440000 >> AHB granted, starting recovery...
2511640000 >> Recovery done, continuing...
2511690000 >> Requesting for the AHB bus...
2512340000 >> Requesting for the AHB bus...
2512740000 >> AHB granted, starting recovery...
2531940000 >> Recovery done, continuing...
2531990000 >> Requesting for the AHB bus...
2532640000 >> Requesting for the AHB bus...
2533040000 >> AHB granted, starting recovery...
2552240000 >> Recovery done, continuing...
2552290000 >> Requesting for the AHB bus...
2552940000 >> Requesting for the AHB bus...
2553340000 >> AHB granted, starting recovery...
2572540000 >> Recovery done, continuing...
2572590000 >> Requesting for the AHB bus...
2573240000 >> Requesting for the AHB bus...
2573640000 >> AHB granted, starting recovery...
2592840000 >> Recovery done, continuing...
2592890000 >> Requesting for the AHB bus...
2593540000 >> Requesting for the AHB bus...
2593940000 >> AHB granted, starting recovery...
2613140000 >> Recovery done, continuing...
2613190000 >> Requesting for the AHB bus...
2613840000 >> Requesting for the AHB bus...
2614240000 >> AHB granted, starting recovery...
2633440000 >> Recovery done, continuing...
2633490000 >> Requesting for the AHB bus...
2634140000 >> Requesting for the AHB bus...
2634540000 >> AHB granted, starting recovery...
2653740000 >> Recovery done, continuing...
2653790000 >> Requesting for the AHB bus...
2654440000 >> Requesting for the AHB bus...
2654840000 >> AHB granted, starting recovery...
2674040000 >> Recovery done, continuing...
2674090000 >> Requesting for the AHB bus...
2674740000 >> Requesting for the AHB bus...
2675140000 >> AHB granted, starting recovery...
2694340000 >> Recovery done, continuing...
2694390000 >> Requesting for the AHB bus...
2695215000 >> Requesting for the AHB bus...
2695615000 >> AHB granted, starting recovery...
2714815000 >> Recovery done, continuing...
2714865000 >> Requesting for the AHB bus...
2715515000 >> Requesting for the AHB bus...
2715915000 >> AHB granted, starting recovery...
2735115000 >> Recovery done, continuing...
2735165000 >> Requesting for the AHB bus...
2735815000 >> Requesting for the AHB bus...
2736215000 >> AHB granted, starting recovery...
2737215000 >> time limit reached...
/testbench/cpu/l3/u0/leon3x0/vhdl/p0/iu/r.w.wreg:1
/testbench/cpu/l3/u0/leon3x0/vhdl/p0/iu/r.m.irqen:1
/testbench/cpu/l3/u0/leon3x0/vhdl/p0/iu/r.m.icc:0000
/testbench/cpu/l3/u0/leon3x0/vhdl/p0/iu/r.a.ticc:0
/testbench/cpu/l3/u0/leon3x0/vhdl/p0/iu/r.a.step:0
/testbench/cpu/l3/u0/leon3x0/vhdl/p0/iu/r.m.irqen2:1
/testbench/cpu/l3/u0/leon3x0/vhdl/p0/iu/r.d.pc:01000000000000000000000111101100
/testbench/cpu/l3/u0/leon3x0/vhdl/p0/iu/r.d.rexpl:{{00000000000000000000000000000000} {00} {0} 0 0 {0000000000000000000} 0 0 0 0 0 0}
/testbench/cpu/l3/u0/leon3x0/vhdl/p0/iu/r.d.mexc:0
/testbench/cpu/l3/u0/leon3x0/vhdl/p0/iu/r.a.aw:0
/testbench/cpu/l3/u0/leon3x0/vhdl/p0/iu/r.e.ctrl:{{01000000000000000000000111101000} {11000010000001111010000001000100} {00} {10000001} {000000} 0 0 1 0 0 1 1 0 0}
/testbench/cpu/l3/u0/leon3x0/vhdl/p0/iu/r.a.divstart:0
/testbench/cpu/l3/u0/leon3x0/vhdl/p0/iu/r.e.shleft:0
/testbench/cpu/l3/u0/leon3x0/vhdl/p0/iu/r.a.bp:0
/testbench/cpu/l3/u0/leon3x0/vhdl/p0/iu/r.w.twcwp:000
/testbench/cpu/l3/u0/leon3x0/vhdl/p0/iu/r.a.jmpl:0
/testbench/cpu/l3/u0/leon3x0/vhdl/p0/iu/r.m.casa:0
/testbench/cpu/l3/u0/leon3x0/vhdl/p0/iu/r.m.werr:0
/testbench/cpu/l3/u0/leon3x0/vhdl/p0/iu/r.e.su:1
/testbench/cpu/l3/u0/leon3x0/vhdl/p0/iu/r.e.et:1
/testbench/cpu/l3/u0/leon3x0/vhdl/p0/iu/r.a.ldcheck1:1
/testbench/cpu/l3/u0/leon3x0/vhdl/p0/iu/r.d.stwin:000
/testbench/cpu/l3/u0/leon3x0/vhdl/p0/iu/r.a.ldcheck2:0
/testbench/cpu/l3/u0/leon3x0/vhdl/p0/iu/r.x.intack:0
/testbench/cpu/l3/u0/leon3x0/vhdl/p0/iu/r.m.ctrl:{{01000000000000000000000111100100} {11000010001001111011111111111100} {01} {10000001} {000000} 0 0 0 0 0 0 0 0 0}
/testbench/cpu/l3/u0/leon3x0/vhdl/p0/iu/r.a.cwp:110
/testbench/cpu/l3/u0/leon3x0/vhdl/p0/iu/r.e.sari:0
/testbench/cpu/l3/u0/leon3x0/vhdl/p0/iu/r.d.paw:0
/testbench/cpu/l3/u0/leon3x0/vhdl/p0/iu/r.d.aw:0
/testbench/cpu/l3/u0/leon3x0/vhdl/p0/iu/r.d.awp:000
/testbench/cpu/l3/u0/leon3x0/vhdl/p0/iu/r.x.ctrl:{{01000000000000000000000111100100} {11000010001001111011111111111100} {00} {10000001} {000000} 0 0 0 0 0 0 1 0 0}
/testbench/cpu/l3/u0/leon3x0/vhdl/p0/iu/r.m.rexnalign:0
/testbench/cpu/l3/u0/leon3x0/vhdl/p0/iu/r.m.su:1
/testbench/cpu/l3/u0/leon3x0/vhdl/p0/iu/r.m.wcwp:0
/testbench/cpu/l3/u0/leon3x0/vhdl/p0/iu/r.d.divrdy:0
/testbench/cpu/l3/u0/leon3x0/vhdl/p0/iu/r.e.cwp:110
/testbench/cpu/l3/u0/leon3x0/vhdl/p0/iu/r.w.except:0
/testbench/cpu/l3/u0/leon3x0/vhdl/p0/iu/r.x.nerror:0
/testbench/cpu/l3/u0/leon3x0/vhdl/p0/iu/r.a.bpimiss:0
/testbench/cpu/l3/u0/leon3x0/vhdl/p0/iu/r.a.nobp:0
/testbench/cpu/l3/u0/leon3x0/vhdl/p0/iu/r.d.rexcnt:0
/testbench/cpu/l3/u0/leon3x0/vhdl/p0/iu/r.w.s:{{101} {0000} {00000000} {01000000000000000000} {00000010} {0000} 0 0 1 1 1 {00000000000000000000000000000000} {UUUUUUUUUUUUUUUUUUUUUUUUUUUUUUUU} 1 0 0 1 1 1 0 0 {000} {000} {111}}
/testbench/cpu/l3/u0/leon3x0/vhdl/p0/iu/r.d.pv:1
/testbench/cpu/l3/u0/leon3x0/vhdl/p0/iu/r.a.ldchkra:1
/testbench/cpu/l3/u0/leon3x0/vhdl/p0/iu/r.a.rfa1:10000001
/testbench/cpu/l3/u0/leon3x0/vhdl/p0/iu/r.a.rfa2:10000001
/testbench/cpu/l3/u0/leon3x0/vhdl/p0/iu/r.a.imm:00000000000000000000000000000001
/testbench/cpu/l3/u0/leon3x0/vhdl/p0/iu/r.w.wa:10000001
/testbench/cpu/l3/u0/leon3x0/vhdl/p0/iu/r.m.casaz:0
/testbench/cpu/l3/u0/leon3x0/vhdl/p0/iu/r.x.dci:{0 1 0 0 0 0 {10} {00001011}}
/testbench/cpu/l3/u0/leon3x0/vhdl/p0/iu/r.x.mac:0
/testbench/cpu/l3/u0/leon3x0/vhdl/p0/iu/r.m.divz:0
/testbench/cpu/l3/u0/leon3x0/vhdl/p0/iu/r.d.inst:{{10000010000000000110000000000001}}
/testbench/cpu/l3/u0/leon3x0/vhdl/p0/iu/r.e.rfe1:1
/testbench/cpu/l3/u0/leon3x0/vhdl/p0/iu/r.a.wovf:0
/testbench/cpu/l3/u0/leon3x0/vhdl/p0/iu/r.e.rfe2:0
/testbench/cpu/l3/u0/leon3x0/vhdl/p0/iu/r.e.op1:01000000000011111111111100000000
/testbench/cpu/l3/u0/leon3x0/vhdl/p0/iu/r.m.nalign:1
/testbench/cpu/l3/u0/leon3x0/vhdl/p0/iu/r.e.op2:00000000000000000000000001000100
/testbench/cpu/l3/u0/leon3x0/vhdl/p0/iu/r.d.rexen:0
/testbench/cpu/l3/u0/leon3x0/vhdl/p0/iu/r.a.ctrl:{{01000000000000000000000111101100} {10000010000000000110000000000001} {00} {10000001} {000000} 0 1 0 0 0 0 0 0 0}
/testbench/cpu/l3/u0/leon3x0/vhdl/p0/iu/r.x.ipend:0
/testbench/cpu/l3/u0/leon3x0/vhdl/p0/iu/r.e.ldbp1:0
/testbench/cpu/l3/u0/leon3x0/vhdl/p0/iu/r.e.aluadd:1
/testbench/cpu/l3/u0/leon3x0/vhdl/p0/iu/r.d.set:0
/testbench/cpu/l3/u0/leon3x0/vhdl/p0/iu/r.d.inull:0
/testbench/cpu/l3/u0/leon3x0/vhdl/p0/iu/r.e.ldbp2:0
/testbench/cpu/l3/u0/leon3x0/vhdl/p0/iu/r.d.cnt:00
/testbench/cpu/l3/u0/leon3x0/vhdl/p0/iu/r.a.su:1
/testbench/cpu/l3/u0/leon3x0/vhdl/p0/iu/r.a.et:1
/testbench/cpu/l3/u0/leon3x0/vhdl/p0/iu/r.e.mul:0
/testbench/cpu/l3/u0/leon3x0/vhdl/p0/iu/r.e.alusel:00
/testbench/cpu/l3/u0/leon3x0/vhdl/p0/iu/r.e.aw:U
/testbench/cpu/l3/u0/leon3x0/vhdl/p0/iu/r.e.mac:0
/testbench/cpu/l3/u0/leon3x0/vhdl/p0/iu/r.a.decill:0
/testbench/cpu/l3/u0/leon3x0/vhdl/p0/iu/r.x.icc:0000
/testbench/cpu/l3/u0/leon3x0/vhdl/p0/iu/r.x.result:01000000000011111111111011111100
/testbench/cpu/l3/u0/leon3x0/vhdl/p0/iu/r.e.bp:0
/testbench/cpu/l3/u0/leon3x0/vhdl/p0/iu/r.a.rs1:00001
/testbench/cpu/l3/u0/leon3x0/vhdl/p0/iu/r.e.jmpl:0
/testbench/cpu/l3/u0/leon3x0/vhdl/p0/iu/r.a.rsel1:001
/testbench/cpu/l3/u0/leon3x0/vhdl/p0/iu/r.x.y:00000000000000000000000000000000
/testbench/cpu/l3/u0/leon3x0/vhdl/p0/iu/r.a.rsel2:100
/testbench/cpu/l3/u0/leon3x0/vhdl/p0/iu/r.a.awp:000
/testbench/cpu/l3/u0/leon3x0/vhdl/p0/iu/r.a.paw:0
/testbench/cpu/l3/u0/leon3x0/vhdl/p0/iu/r.x.data:{{00000000000000000000000001110011}}
/testbench/cpu/l3/u0/leon3x0/vhdl/p0/iu/r.m.mul:0
/testbench/cpu/l3/u0/leon3x0/vhdl/p0/iu/r.e.rd:UUUUU
/testbench/cpu/l3/u0/leon3x0/vhdl/p0/iu/r.e.invop2:0
/testbench/cpu/l3/u0/leon3x0/vhdl/p0/iu/r.m.wawp:0
/testbench/cpu/l3/u0/leon3x0/vhdl/p0/iu/r.d.cwpmax:111
/testbench/cpu/l3/u0/leon3x0/vhdl/p0/iu/r.f.branch:0
/testbench/cpu/l3/u0/leon3x0/vhdl/p0/iu/r.d.pcheld:1
/testbench/cpu/l3/u0/leon3x0/vhdl/p0/iu/r.m.dci:{0 0 0 1 0 0 {10} {00001011}}
/testbench/cpu/l3/u0/leon3x0/vhdl/p0/iu/r.e.paw:U
/testbench/cpu/l3/u0/leon3x0/vhdl/p0/iu/r.e.awp:UUU
/testbench/cpu/l3/u0/leon3x0/vhdl/p0/iu/r.e.shcnt:00100
/testbench/cpu/l3/u0/leon3x0/vhdl/p0/iu/r.w.result:00000000000000000000000001011101
/testbench/cpu/l3/u0/leon3x0/vhdl/p0/iu/r.m.mac:0
/testbench/cpu/l3/u0/leon3x0/vhdl/p0/iu/r.m.y:00000000000000000000000000000000
/testbench/cpu/l3/u0/leon3x0/vhdl/p0/iu/r.d.cwp:110
/testbench/cpu/l3/u0/leon3x0/vhdl/p0/iu/r.x.laddr:00
/testbench/cpu/l3/u0/leon3x0/vhdl/p0/iu/r.e.mulstep:0
/testbench/cpu/l3/u0/leon3x0/vhdl/p0/iu/r.e.ymsb:0
/testbench/cpu/l3/u0/leon3x0/vhdl/p0/iu/r.d.rexbuf:00000000000000000000000000000000
/testbench/cpu/l3/u0/leon3x0/vhdl/p0/iu/r.x.npc:100
/testbench/cpu/l3/u0/leon3x0/vhdl/p0/iu/r.f.pc:01000000000000000000000111110000
/testbench/cpu/l3/u0/leon3x0/vhdl/p0/iu/r.d.annul:0
/testbench/cpu/l3/u0/leon3x0/vhdl/p0/iu/r.x.rstate:run
/testbench/cpu/l3/u0/leon3x0/vhdl/p0/iu/r.x.set:0
/testbench/cpu/l3/u0/leon3x0/vhdl/p0/iu/r.m.result:00000000000000000000000001011101
/testbench/cpu/l3/u0/leon3x0/vhdl/p0/iu/r.e.icc:UUUU
/testbench/cpu/l3/u0/leon3x0/vhdl/p0/iu/r.a.getpc:0
/testbench/cpu/l3/u0/leon3x0/vhdl/p0/iu/r.a.ldchkex:1
/testbench/cpu/l3/u0/leon3x0/vhdl/p0/iu/r.x.mexc:0
/testbench/cpu/l3/u0/leon3x0/vhdl/p0/iu/r.a.mulstart:0
/testbench/cpu/l3/u0/leon3x0/vhdl/p0/iu/r.d.rexpos:10
/testbench/cpu/l3/u0/leon3x0/vhdl/p0/iu/r.x.annul_all:0
/testbench/cpu/l3/u0/leon3x0/vhdl/p0/iu/r.e.aluop:000
/testbench/cpu/l3/u0/leon3x0/vhdl/p0/iu/r.x.debug:0
/testbench/cpu/l3/u0/leon3x0/vhdl/p0/iu/r.a.rfe1:0
/testbench/cpu/l3/u0/leon3x0/vhdl/p0/iu/r.d.step:0
/testbench/cpu/l3/u0/leon3x0/vhdl/p0/iu/r.a.rfe2:0
/testbench/cpu/l3/u0/leon3x0/vhdl/p0/iu/r.e.alucin:0
/testbench/cpu/l3/u0/leon3x0/vhdl/p0/iu/r.a.wunf:0
======================================
progstatus: -2
execerr: 103
latent: 1
time limit!
>>>>>>>>>>>>>>> 2737215000
======================================
