Test signal = /testbench/cpu/l3/u0/leon3x0/vhdl/p0/iu/r.d.cwp
oldval = 111
pos1: 2 pos0: -1 posU: -1
newval = 110
Signal value: 111
oldval = 111
pos1: 2 pos0: -1 posU: -1
newval = 110
force in 1178380
584315000 >> iteration no: 0
994990000 >> iteration no: 1
1405665000 >> iteration no: 2
1758090000 >> Requesting for the AHB bus...
1758915000 >> AHB granted, starting recovery...
1778115000 >> Recovery done, continuing...
1778165000 >> Requesting for the AHB bus...
1778765000 >> AHB granted, starting recovery...
1797965000 >> Recovery done, continuing...
1798015000 >> Requesting for the AHB bus...
1798615000 >> AHB granted, starting recovery...
1817815000 >> Recovery done, continuing...
1817865000 >> Requesting for the AHB bus...
1818465000 >> AHB granted, starting recovery...
1837665000 >> Recovery done, continuing...
1837715000 >> Requesting for the AHB bus...
1838315000 >> AHB granted, starting recovery...
1857515000 >> Recovery done, continuing...
1857565000 >> Requesting for the AHB bus...
1858165000 >> AHB granted, starting recovery...
1877365000 >> Recovery done, continuing...
1877415000 >> Requesting for the AHB bus...
1878015000 >> AHB granted, starting recovery...
1897215000 >> Recovery done, continuing...
1897265000 >> Requesting for the AHB bus...
1897865000 >> AHB granted, starting recovery...
1917065000 >> Recovery done, continuing...
1917115000 >> Requesting for the AHB bus...
1917715000 >> AHB granted, starting recovery...
1936915000 >> Recovery done, continuing...
1936965000 >> Requesting for the AHB bus...
1937565000 >> AHB granted, starting recovery...
1956765000 >> Recovery done, continuing...
1956815000 >> Requesting for the AHB bus...
1957415000 >> AHB granted, starting recovery...
1976615000 >> Recovery done, continuing...
1976665000 >> Requesting for the AHB bus...
1977265000 >> AHB granted, starting recovery...
1996465000 >> Recovery done, continuing...
1996515000 >> Requesting for the AHB bus...
1997115000 >> AHB granted, starting recovery...
2016315000 >> Recovery done, continuing...
2016365000 >> Requesting for the AHB bus...
2016965000 >> AHB granted, starting recovery...
2036165000 >> Recovery done, continuing...
2036215000 >> Requesting for the AHB bus...
2036815000 >> AHB granted, starting recovery...
2056015000 >> Recovery done, continuing...
2056065000 >> Requesting for the AHB bus...
2056665000 >> AHB granted, starting recovery...
2075865000 >> Recovery done, continuing...
2075915000 >> Requesting for the AHB bus...
2076515000 >> AHB granted, starting recovery...
2095715000 >> Recovery done, continuing...
2095765000 >> Requesting for the AHB bus...
2096365000 >> AHB granted, starting recovery...
2115565000 >> Recovery done, continuing...
2115615000 >> Requesting for the AHB bus...
2116215000 >> AHB granted, starting recovery...
2135415000 >> Recovery done, continuing...
2135465000 >> Requesting for the AHB bus...
2136065000 >> AHB granted, starting recovery...
2155265000 >> Recovery done, continuing...
2155315000 >> Requesting for the AHB bus...
2155915000 >> AHB granted, starting recovery...
2175115000 >> Recovery done, continuing...
2175165000 >> Requesting for the AHB bus...
2175765000 >> AHB granted, starting recovery...
2194965000 >> Recovery done, continuing...
2195015000 >> Requesting for the AHB bus...
2195615000 >> AHB granted, starting recovery...
2214815000 >> Recovery done, continuing...
2214865000 >> Requesting for the AHB bus...
2215465000 >> AHB granted, starting recovery...
2234665000 >> Recovery done, continuing...
2234715000 >> Requesting for the AHB bus...
2235315000 >> AHB granted, starting recovery...
2254515000 >> Recovery done, continuing...
2254565000 >> Requesting for the AHB bus...
2255165000 >> AHB granted, starting recovery...
2274365000 >> Recovery done, continuing...
2274415000 >> Requesting for the AHB bus...
2275015000 >> AHB granted, starting recovery...
2294215000 >> Recovery done, continuing...
2294265000 >> Requesting for the AHB bus...
2294865000 >> AHB granted, starting recovery...
2314065000 >> Recovery done, continuing...
2314115000 >> Requesting for the AHB bus...
2314715000 >> AHB granted, starting recovery...
2333915000 >> Recovery done, continuing...
2333965000 >> Requesting for the AHB bus...
2334565000 >> AHB granted, starting recovery...
2353765000 >> Recovery done, continuing...
2353815000 >> Requesting for the AHB bus...
2354415000 >> AHB granted, starting recovery...
2373615000 >> Recovery done, continuing...
2373665000 >> Requesting for the AHB bus...
2374265000 >> AHB granted, starting recovery...
2393465000 >> Recovery done, continuing...
2393515000 >> Requesting for the AHB bus...
2394115000 >> AHB granted, starting recovery...
2413315000 >> Recovery done, continuing...
2413365000 >> Requesting for the AHB bus...
2413965000 >> AHB granted, starting recovery...
2433165000 >> Recovery done, continuing...
2433215000 >> Requesting for the AHB bus...
2433815000 >> AHB granted, starting recovery...
2453015000 >> Recovery done, continuing...
2453065000 >> Requesting for the AHB bus...
2453665000 >> AHB granted, starting recovery...
2472865000 >> Recovery done, continuing...
2472915000 >> Requesting for the AHB bus...
2473515000 >> AHB granted, starting recovery...
2492715000 >> Recovery done, continuing...
2492765000 >> Requesting for the AHB bus...
2493365000 >> AHB granted, starting recovery...
2512565000 >> Recovery done, continuing...
2512615000 >> Requesting for the AHB bus...
2513215000 >> AHB granted, starting recovery...
2532415000 >> Recovery done, continuing...
2532465000 >> Requesting for the AHB bus...
2533065000 >> AHB granted, starting recovery...
2552265000 >> Recovery done, continuing...
2552315000 >> Requesting for the AHB bus...
2552915000 >> AHB granted, starting recovery...
2572115000 >> Recovery done, continuing...
2572165000 >> Requesting for the AHB bus...
2572765000 >> AHB granted, starting recovery...
2591965000 >> Recovery done, continuing...
2592015000 >> Requesting for the AHB bus...
2592615000 >> AHB granted, starting recovery...
2611815000 >> Recovery done, continuing...
2611865000 >> Requesting for the AHB bus...
2612465000 >> AHB granted, starting recovery...
2631665000 >> Recovery done, continuing...
2631715000 >> Requesting for the AHB bus...
2632315000 >> AHB granted, starting recovery...
2651515000 >> Recovery done, continuing...
2651565000 >> Requesting for the AHB bus...
2652165000 >> AHB granted, starting recovery...
2671365000 >> Recovery done, continuing...
2671415000 >> Requesting for the AHB bus...
2672015000 >> AHB granted, starting recovery...
2691215000 >> Recovery done, continuing...
2691265000 >> Requesting for the AHB bus...
2691865000 >> AHB granted, starting recovery...
2711065000 >> Recovery done, continuing...
2711115000 >> Requesting for the AHB bus...
2711715000 >> AHB granted, starting recovery...
2730915000 >> Recovery done, continuing...
2730965000 >> Requesting for the AHB bus...
2731565000 >> AHB granted, starting recovery...
2737215000 >> time limit reached...
/testbench/cpu/l3/u0/leon3x0/vhdl/p0/iu/r.w.wreg:1
/testbench/cpu/l3/u0/leon3x0/vhdl/p0/iu/r.m.irqen:1
/testbench/cpu/l3/u0/leon3x0/vhdl/p0/iu/r.m.icc:0000
/testbench/cpu/l3/u0/leon3x0/vhdl/p0/iu/r.a.ticc:0
/testbench/cpu/l3/u0/leon3x0/vhdl/p0/iu/r.a.step:0
/testbench/cpu/l3/u0/leon3x0/vhdl/p0/iu/r.m.irqen2:1
/testbench/cpu/l3/u0/leon3x0/vhdl/p0/iu/r.d.pc:01000000000000000000000111111000
/testbench/cpu/l3/u0/leon3x0/vhdl/p0/iu/r.d.rexpl:{{00000000000000000000000000000000} {00} {0} 0 0 {0000000000000000000} 0 0 0 0 0 0}
/testbench/cpu/l3/u0/leon3x0/vhdl/p0/iu/r.d.mexc:0
/testbench/cpu/l3/u0/leon3x0/vhdl/p0/iu/r.a.aw:0
/testbench/cpu/l3/u0/leon3x0/vhdl/p0/iu/r.e.ctrl:{{01000000000000000000000111110100} {11000010000001111010000001000100} {00} {10000001} {000000} 0 0 1 0 0 1 1 0 0}
/testbench/cpu/l3/u0/leon3x0/vhdl/p0/iu/r.a.divstart:0
/testbench/cpu/l3/u0/leon3x0/vhdl/p0/iu/r.e.shleft:0
/testbench/cpu/l3/u0/leon3x0/vhdl/p0/iu/r.a.bp:0
/testbench/cpu/l3/u0/leon3x0/vhdl/p0/iu/r.w.twcwp:000
/testbench/cpu/l3/u0/leon3x0/vhdl/p0/iu/r.a.jmpl:0
/testbench/cpu/l3/u0/leon3x0/vhdl/p0/iu/r.m.casa:0
/testbench/cpu/l3/u0/leon3x0/vhdl/p0/iu/r.m.werr:0
/testbench/cpu/l3/u0/leon3x0/vhdl/p0/iu/r.e.su:1
/testbench/cpu/l3/u0/leon3x0/vhdl/p0/iu/r.e.et:1
/testbench/cpu/l3/u0/leon3x0/vhdl/p0/iu/r.a.ldcheck1:1
/testbench/cpu/l3/u0/leon3x0/vhdl/p0/iu/r.d.stwin:000
/testbench/cpu/l3/u0/leon3x0/vhdl/p0/iu/r.a.ldcheck2:1
/testbench/cpu/l3/u0/leon3x0/vhdl/p0/iu/r.x.intack:0
/testbench/cpu/l3/u0/leon3x0/vhdl/p0/iu/r.m.ctrl:{{01000000000000000000000111110000} {11000010001001111010000001000100} {01} {10000001} {000000} 0 0 0 0 0 0 0 0 0}
/testbench/cpu/l3/u0/leon3x0/vhdl/p0/iu/r.a.cwp:110
/testbench/cpu/l3/u0/leon3x0/vhdl/p0/iu/r.e.sari:0
/testbench/cpu/l3/u0/leon3x0/vhdl/p0/iu/r.d.paw:0
/testbench/cpu/l3/u0/leon3x0/vhdl/p0/iu/r.d.aw:0
/testbench/cpu/l3/u0/leon3x0/vhdl/p0/iu/r.d.awp:000
/testbench/cpu/l3/u0/leon3x0/vhdl/p0/iu/r.x.ctrl:{{01000000000000000000000111110000} {11000010001001111010000001000100} {00} {10000001} {000000} 0 0 0 0 0 0 1 0 0}
/testbench/cpu/l3/u0/leon3x0/vhdl/p0/iu/r.m.rexnalign:0
/testbench/cpu/l3/u0/leon3x0/vhdl/p0/iu/r.m.su:1
/testbench/cpu/l3/u0/leon3x0/vhdl/p0/iu/r.m.wcwp:0
/testbench/cpu/l3/u0/leon3x0/vhdl/p0/iu/r.d.divrdy:0
/testbench/cpu/l3/u0/leon3x0/vhdl/p0/iu/r.e.cwp:110
/testbench/cpu/l3/u0/leon3x0/vhdl/p0/iu/r.w.except:0
/testbench/cpu/l3/u0/leon3x0/vhdl/p0/iu/r.x.nerror:0
/testbench/cpu/l3/u0/leon3x0/vhdl/p0/iu/r.a.bpimiss:0
/testbench/cpu/l3/u0/leon3x0/vhdl/p0/iu/r.a.nobp:0
/testbench/cpu/l3/u0/leon3x0/vhdl/p0/iu/r.d.rexcnt:0
/testbench/cpu/l3/u0/leon3x0/vhdl/p0/iu/r.w.s:{{101} {0000} {00000000} {01000000000000000000} {00000010} {0000} 0 0 1 1 1 {00000000000000000000000000000000} {UUUUUUUUUUUUUUUUUUUUUUUUUUUUUUUU} 1 0 0 1 1 1 0 0 {000} {000} {111}}
/testbench/cpu/l3/u0/leon3x0/vhdl/p0/iu/r.d.pv:1
/testbench/cpu/l3/u0/leon3x0/vhdl/p0/iu/r.a.ldchkra:1
/testbench/cpu/l3/u0/leon3x0/vhdl/p0/iu/r.a.rfa1:10000001
/testbench/cpu/l3/u0/leon3x0/vhdl/p0/iu/r.a.rfa2:10000000
/testbench/cpu/l3/u0/leon3x0/vhdl/p0/iu/r.a.imm:00000000000000000000000000000000
/testbench/cpu/l3/u0/leon3x0/vhdl/p0/iu/r.w.wa:10000001
/testbench/cpu/l3/u0/leon3x0/vhdl/p0/iu/r.m.casaz:0
/testbench/cpu/l3/u0/leon3x0/vhdl/p0/iu/r.x.dci:{0 1 0 0 0 0 {10} {00001011}}
/testbench/cpu/l3/u0/leon3x0/vhdl/p0/iu/r.x.mac:0
/testbench/cpu/l3/u0/leon3x0/vhdl/p0/iu/r.m.divz:0
/testbench/cpu/l3/u0/leon3x0/vhdl/p0/iu/r.d.inst:{{11000010000010000100000000000000}}
/testbench/cpu/l3/u0/leon3x0/vhdl/p0/iu/r.e.rfe1:1
/testbench/cpu/l3/u0/leon3x0/vhdl/p0/iu/r.a.wovf:0
/testbench/cpu/l3/u0/leon3x0/vhdl/p0/iu/r.e.rfe2:0
/testbench/cpu/l3/u0/leon3x0/vhdl/p0/iu/r.e.op1:01000000000011111111111100000000
/testbench/cpu/l3/u0/leon3x0/vhdl/p0/iu/r.m.nalign:1
/testbench/cpu/l3/u0/leon3x0/vhdl/p0/iu/r.e.op2:00000000000000000000000001000100
/testbench/cpu/l3/u0/leon3x0/vhdl/p0/iu/r.d.rexen:0
/testbench/cpu/l3/u0/leon3x0/vhdl/p0/iu/r.a.ctrl:{{01000000000000000000000111111000} {11000010000010000100000000000000} {00} {10000001} {000000} 0 1 0 0 0 1 0 0 0}
/testbench/cpu/l3/u0/leon3x0/vhdl/p0/iu/r.x.ipend:0
/testbench/cpu/l3/u0/leon3x0/vhdl/p0/iu/r.e.ldbp1:0
/testbench/cpu/l3/u0/leon3x0/vhdl/p0/iu/r.e.aluadd:1
/testbench/cpu/l3/u0/leon3x0/vhdl/p0/iu/r.d.set:0
/testbench/cpu/l3/u0/leon3x0/vhdl/p0/iu/r.d.inull:0
/testbench/cpu/l3/u0/leon3x0/vhdl/p0/iu/r.e.ldbp2:0
/testbench/cpu/l3/u0/leon3x0/vhdl/p0/iu/r.d.cnt:00
/testbench/cpu/l3/u0/leon3x0/vhdl/p0/iu/r.a.su:1
/testbench/cpu/l3/u0/leon3x0/vhdl/p0/iu/r.a.et:1
/testbench/cpu/l3/u0/leon3x0/vhdl/p0/iu/r.e.mul:0
/testbench/cpu/l3/u0/leon3x0/vhdl/p0/iu/r.e.alusel:00
/testbench/cpu/l3/u0/leon3x0/vhdl/p0/iu/r.e.aw:U
/testbench/cpu/l3/u0/leon3x0/vhdl/p0/iu/r.e.mac:0
/testbench/cpu/l3/u0/leon3x0/vhdl/p0/iu/r.a.decill:0
/testbench/cpu/l3/u0/leon3x0/vhdl/p0/iu/r.x.icc:0000
/testbench/cpu/l3/u0/leon3x0/vhdl/p0/iu/r.x.result:01000000000011111111111011011100
/testbench/cpu/l3/u0/leon3x0/vhdl/p0/iu/r.e.bp:0
/testbench/cpu/l3/u0/leon3x0/vhdl/p0/iu/r.a.rs1:00001
/testbench/cpu/l3/u0/leon3x0/vhdl/p0/iu/r.e.jmpl:0
/testbench/cpu/l3/u0/leon3x0/vhdl/p0/iu/r.a.rsel1:001
/testbench/cpu/l3/u0/leon3x0/vhdl/p0/iu/r.x.y:00000000000000000000000000000000
/testbench/cpu/l3/u0/leon3x0/vhdl/p0/iu/r.a.rsel2:101
/testbench/cpu/l3/u0/leon3x0/vhdl/p0/iu/r.a.awp:000
/testbench/cpu/l3/u0/leon3x0/vhdl/p0/iu/r.a.paw:0
/testbench/cpu/l3/u0/leon3x0/vhdl/p0/iu/r.x.data:{{01000000000000000001001001011001}}
/testbench/cpu/l3/u0/leon3x0/vhdl/p0/iu/r.m.mul:0
/testbench/cpu/l3/u0/leon3x0/vhdl/p0/iu/r.e.rd:UUUUU
/testbench/cpu/l3/u0/leon3x0/vhdl/p0/iu/r.e.invop2:0
/testbench/cpu/l3/u0/leon3x0/vhdl/p0/iu/r.m.wawp:0
/testbench/cpu/l3/u0/leon3x0/vhdl/p0/iu/r.d.cwpmax:111
/testbench/cpu/l3/u0/leon3x0/vhdl/p0/iu/r.f.branch:0
/testbench/cpu/l3/u0/leon3x0/vhdl/p0/iu/r.d.pcheld:1
/testbench/cpu/l3/u0/leon3x0/vhdl/p0/iu/r.m.dci:{0 0 0 1 0 0 {10} {00001011}}
/testbench/cpu/l3/u0/leon3x0/vhdl/p0/iu/r.e.paw:U
/testbench/cpu/l3/u0/leon3x0/vhdl/p0/iu/r.e.awp:UUU
/testbench/cpu/l3/u0/leon3x0/vhdl/p0/iu/r.e.shcnt:00100
/testbench/cpu/l3/u0/leon3x0/vhdl/p0/iu/r.w.result:01000000000000000001001001011010
/testbench/cpu/l3/u0/leon3x0/vhdl/p0/iu/r.m.mac:0
/testbench/cpu/l3/u0/leon3x0/vhdl/p0/iu/r.m.y:00000000000000000000000000000000
/testbench/cpu/l3/u0/leon3x0/vhdl/p0/iu/r.d.cwp:110
/testbench/cpu/l3/u0/leon3x0/vhdl/p0/iu/r.x.laddr:00
/testbench/cpu/l3/u0/leon3x0/vhdl/p0/iu/r.e.mulstep:0
/testbench/cpu/l3/u0/leon3x0/vhdl/p0/iu/r.e.ymsb:0
/testbench/cpu/l3/u0/leon3x0/vhdl/p0/iu/r.d.rexbuf:00000000000000000000000000000000
/testbench/cpu/l3/u0/leon3x0/vhdl/p0/iu/r.x.npc:100
/testbench/cpu/l3/u0/leon3x0/vhdl/p0/iu/r.f.pc:01000000000000000000000111111100
/testbench/cpu/l3/u0/leon3x0/vhdl/p0/iu/r.d.annul:0
/testbench/cpu/l3/u0/leon3x0/vhdl/p0/iu/r.x.rstate:run
/testbench/cpu/l3/u0/leon3x0/vhdl/p0/iu/r.x.set:0
/testbench/cpu/l3/u0/leon3x0/vhdl/p0/iu/r.m.result:01000000000000000001001001011010
/testbench/cpu/l3/u0/leon3x0/vhdl/p0/iu/r.e.icc:UUUU
/testbench/cpu/l3/u0/leon3x0/vhdl/p0/iu/r.a.getpc:0
/testbench/cpu/l3/u0/leon3x0/vhdl/p0/iu/r.a.ldchkex:1
/testbench/cpu/l3/u0/leon3x0/vhdl/p0/iu/r.x.mexc:0
/testbench/cpu/l3/u0/leon3x0/vhdl/p0/iu/r.a.mulstart:0
/testbench/cpu/l3/u0/leon3x0/vhdl/p0/iu/r.d.rexpos:10
/testbench/cpu/l3/u0/leon3x0/vhdl/p0/iu/r.x.annul_all:0
/testbench/cpu/l3/u0/leon3x0/vhdl/p0/iu/r.e.aluop:000
/testbench/cpu/l3/u0/leon3x0/vhdl/p0/iu/r.x.debug:0
/testbench/cpu/l3/u0/leon3x0/vhdl/p0/iu/r.a.rfe1:0
/testbench/cpu/l3/u0/leon3x0/vhdl/p0/iu/r.d.step:0
/testbench/cpu/l3/u0/leon3x0/vhdl/p0/iu/r.a.rfe2:0
/testbench/cpu/l3/u0/leon3x0/vhdl/p0/iu/r.e.alucin:0
/testbench/cpu/l3/u0/leon3x0/vhdl/p0/iu/r.a.wunf:0
======================================
progstatus: -2
execerr: 50
latent: 1
time limit!
>>>>>>>>>>>>>>> 2737215000
======================================
