Test signal = /testbench/cpu/l3/cpu(0)/u0/leon3x0/vhdl/p0/iu/r.f.pc
oldval = 01000000000000000000001011100100
pos1: 29 pos0: 31 posU: -1
newval = 01000000000000000000001011100000
force in 98317
651,940 ns >> iteration no: 0
Signal value: 01000000000000000000001001010100
oldval = 01000000000000000000001001010100
pos1: 29 pos0: 31 posU: -1
newval = 01000000000000000000001001010000
747,165 ns >> iteration no: 1
842,215 ns >> iteration no: 2
937,265 ns >> iteration no: 3
1,032,390 ns >> iteration no: 4
1,127,465 ns >> iteration no: 5
1,222,415 ns >> iteration no: 6
1,317,540 ns >> iteration no: 7
1,412,665 ns >> iteration no: 8
1,507,715 ns >> iteration no: 9
1,602,815 ns >> iteration no: 10
1,697,940 ns >> iteration no: 11
1,792,715 ns >> iteration no: 12
1,887,765 ns >> iteration no: 13
1,982,865 ns >> iteration no: 14
2,077,965 ns >> iteration no: 15
2,173,040 ns >> iteration no: 16
2,268,140 ns >> iteration no: 17
2,363,265 ns >> iteration no: 18
2,458,165 ns >> iteration no: 19
2,553,265 ns >> iteration no: 20
2,648,365 ns >> iteration no: 21
2,743,490 ns >> iteration no: 22
2,838,415 ns >> iteration no: 23
2,933,540 ns >> iteration no: 24
3,028,565 ns >> iteration no: 25
3,123,515 ns >> iteration no: 26
3,218,615 ns >> iteration no: 27
3,313,715 ns >> iteration no: 28
3,408,615 ns >> iteration no: 29
3,503,665 ns >> iteration no: 30
3,598,790 ns >> iteration no: 31
3,693,865 ns >> iteration no: 32
3,788,815 ns >> iteration no: 33
3,883,940 ns >> iteration no: 34
3,979,065 ns >> iteration no: 35
4,074,115 ns >> iteration no: 36
4,169,215 ns >> iteration no: 37
4,264,340 ns >> iteration no: 38
4,359,115 ns >> iteration no: 39
4,454,165 ns >> iteration no: 40
4,549,265 ns >> iteration no: 41
4,644,365 ns >> iteration no: 42
4,739,440 ns >> iteration no: 43
4,834,540 ns >> iteration no: 44
4,929,665 ns >> iteration no: 45
5,024,565 ns >> iteration no: 46
5,119,665 ns >> iteration no: 47
5,214,765 ns >> iteration no: 48
5,309,890 ns >> iteration no: 49
5,404,140 ns >> prog fin.
compare to golden: 1
======================================
progstatus: 1
execerr: 0
latent: 1
program execution success!
total iterations: 50
>>>>>>>>>>>>>>> 5404140000
======================================
