Test signal = /testbench/cpu/l3/cpu(0)/u0/leon3x0/vhdl/p0/iu/r.m.werr
oldval = 0
pos1: -1 pos0: 0 posU: -1
newval = 1
force in 881630
651,940 ns >> iteration no: 0
747,065 ns >> iteration no: 1
842,115 ns >> iteration no: 2
937,215 ns >> iteration no: 3
1,032,340 ns >> iteration no: 4
1,127,115 ns >> iteration no: 5
1,222,165 ns >> iteration no: 6
1,317,265 ns >> iteration no: 7
1,412,365 ns >> iteration no: 8
Signal value: 0
oldval = 0
pos1: -1 pos0: 0 posU: -1
newval = 1
compare to golden: 1
======================================
progstatus: 0
execerr: 0
latent: 1
progstatus default value, probably error!
>>>>>>>>>>>>>>> 1491165000
======================================
