Test signal = /testbench/cpu/l3/cpu(0)/u0/leon3x0/vhdl/p0/iu/r.a.rfa1
oldval = 10000000
pos1: 0 pos0: 7 posU: -1
newval = 00000000
force in 1999131
651,940 ns >> iteration no: 0
747,065 ns >> iteration no: 1
842,115 ns >> iteration no: 2
937,215 ns >> iteration no: 3
1,032,340 ns >> iteration no: 4
1,127,115 ns >> iteration no: 5
1,222,165 ns >> iteration no: 6
1,317,265 ns >> iteration no: 7
1,412,365 ns >> iteration no: 8
1,507,440 ns >> iteration no: 9
1,602,540 ns >> iteration no: 10
1,697,665 ns >> iteration no: 11
1,792,565 ns >> iteration no: 12
1,887,665 ns >> iteration no: 13
1,982,765 ns >> iteration no: 14
2,077,890 ns >> iteration no: 15
2,172,815 ns >> iteration no: 16
2,267,940 ns >> iteration no: 17
2,362,965 ns >> iteration no: 18
2,457,915 ns >> iteration no: 19
2,553,015 ns >> iteration no: 20
Signal value: 10000010
oldval = 10000010
pos1: 6 pos0: 7 posU: -1
newval = 10000000
Error detected -> Trying to recover
Successful recovery -> Returning to normal execution
2,670,540 ns >> iteration no: 21
2,765,365 ns >> iteration no: 22
2,860,465 ns >> iteration no: 23
2,955,565 ns >> iteration no: 24
3,050,690 ns >> iteration no: 25
3,145,615 ns >> iteration no: 26
3,240,740 ns >> iteration no: 27
3,335,765 ns >> iteration no: 28
3,430,715 ns >> iteration no: 29
3,525,815 ns >> iteration no: 30
3,620,915 ns >> iteration no: 31
3,715,815 ns >> iteration no: 32
3,810,865 ns >> iteration no: 33
3,905,990 ns >> iteration no: 34
4,001,065 ns >> iteration no: 35
4,096,015 ns >> iteration no: 36
4,191,140 ns >> iteration no: 37
4,286,265 ns >> iteration no: 38
4,381,315 ns >> iteration no: 39
4,476,415 ns >> iteration no: 40
4,571,540 ns >> iteration no: 41
4,666,315 ns >> iteration no: 42
4,761,365 ns >> iteration no: 43
4,856,465 ns >> iteration no: 44
4,951,565 ns >> iteration no: 45
5,046,640 ns >> iteration no: 46
5,141,740 ns >> iteration no: 47
5,236,865 ns >> iteration no: 48
5,331,765 ns >> iteration no: 49
5,426,015 ns >> prog fin.
compare to golden: 1
======================================
progstatus: 1
execerr: 1
latent: 1
program execution success!
total iterations: 50
>>>>>>>>>>>>>>> 5426015000
======================================
