Test signal = /testbench/cpu/l3/cpu(0)/u0/leon3x0/vhdl/p0/iu/r.e.ldbp1
oldval = 0
pos1: -1 pos0: 0 posU: -1
newval = 1
force in 1546129
651,940 ns >> iteration no: 0
747,065 ns >> iteration no: 1
842,115 ns >> iteration no: 2
937,215 ns >> iteration no: 3
1,032,340 ns >> iteration no: 4
1,127,115 ns >> iteration no: 5
1,222,165 ns >> iteration no: 6
1,317,265 ns >> iteration no: 7
1,412,365 ns >> iteration no: 8
1,507,440 ns >> iteration no: 9
1,602,540 ns >> iteration no: 10
1,697,665 ns >> iteration no: 11
1,792,565 ns >> iteration no: 12
1,887,665 ns >> iteration no: 13
1,982,765 ns >> iteration no: 14
2,077,890 ns >> iteration no: 15
Signal value: 1
oldval = 1
pos1: 0 pos0: -1 posU: -1
newval = 0
Error detected -> Trying to recover
Successful recovery -> Returning to normal execution
2,194,465 ns >> iteration no: 16
2,289,590 ns >> iteration no: 17
2,384,615 ns >> iteration no: 18
2,479,665 ns >> iteration no: 19
2,574,790 ns >> iteration no: 20
2,669,865 ns >> iteration no: 21
2,764,815 ns >> iteration no: 22
2,859,940 ns >> iteration no: 23
2,955,065 ns >> iteration no: 24
3,050,115 ns >> iteration no: 25
3,145,215 ns >> iteration no: 26
3,240,340 ns >> iteration no: 27
3,335,115 ns >> iteration no: 28
3,430,165 ns >> iteration no: 29
3,525,265 ns >> iteration no: 30
3,620,365 ns >> iteration no: 31
3,715,440 ns >> iteration no: 32
3,810,540 ns >> iteration no: 33
3,905,665 ns >> iteration no: 34
4,000,565 ns >> iteration no: 35
4,095,665 ns >> iteration no: 36
4,190,765 ns >> iteration no: 37
4,285,890 ns >> iteration no: 38
4,380,815 ns >> iteration no: 39
4,475,940 ns >> iteration no: 40
4,570,965 ns >> iteration no: 41
4,665,915 ns >> iteration no: 42
4,761,015 ns >> iteration no: 43
4,856,115 ns >> iteration no: 44
4,951,015 ns >> iteration no: 45
5,046,065 ns >> iteration no: 46
5,141,190 ns >> iteration no: 47
5,236,265 ns >> iteration no: 48
5,331,215 ns >> iteration no: 49
5,425,490 ns >> prog fin.
compare to golden: 1
======================================
progstatus: 1
execerr: 1
latent: 1
program execution success!
total iterations: 50
>>>>>>>>>>>>>>> 5425490000
======================================
